<?xml version="1.0" encoding="UTF-8"?>
<!-- Generated by org.testng.reporters.JUnitReportReporter -->
<testsuite hostname="PERU-METO" failures="0" tests="2" name="org.meto.appium.tests.TFCustomerGuarantor" time="4.744" errors="1" timestamp="2023-09-15T05:19:20 COT" skipped="1">
  <testcase classname="org.meto.appium.tests.TFCustomerGuarantor" name="setup" time="4.744">
    <error message="Could not start a new session. Unable to parse remote response: &lt;!DOCTYPE html&gt;
&lt;!--
You know you could be getting paid to poke around in our code?
We&#039;re hiring designers and developers to work in Amsterdam:
https://careers.booking.com/
--&gt;
&lt;!-- wdot-802 --&gt;
&lt;script type=&quot;text/javascript&quot; nonce=&quot;Y346mIyU7Ic0W43&quot;&gt;
document.addEventListener(&#039;DOMContentLoaded&#039;, function () {
/**
* provides the current user&#039;s cookie consent
* in order to use it:
* 1. inline privacy/cookieConsent.js in the page you need to use it.
* please note that this library relies on window.PCM.isCountryNeedCookieBanner to be initialised
* before using (calling getValue function) it
* 2. in your js file:
*
* var privacyCookieConsent = B.require(&#039;privacyCookieConsent&#039;);
* var consent = privacyCookieConsent.getValue();
*/
B.define(&#039;privacyCookieConsent&#039;, function () {
var consentGroupIsAllowed = {
analytical: &#039;C0002%3A1&#039;,
marketing: &#039;C0004%3A1&#039;
};
var optanonConsentCookieName = &#039;OptanonConsent&#039;;
var optanonBoxClosedCookieName = &#039;OptanonAlertBoxClosed&#039;;
var halfOfYearMillis = 180 * 24 * 60 * 60 * 1000;
function isDefined(value) {
return value &amp;&amp; value !== &quot;undefined&quot;;
}
function parseConsentToObject(consent) {
var result = {};
if (typeof consent === &#039;string&#039;) {
var parts = consent.split(&#039;&amp;&#039;);
parts.forEach(function (part) {
var keyAndValue = part.split(&#039;=&#039;);
result[keyAndValue[0]] = keyAndValue[1];
});
}
return result;
}
function isConsentValid(consent, alertBoxClosed) {
return isDefined(consent) &amp;&amp;
isDefined(alertBoxClosed) &amp;&amp;
new Date() - new Date(alertBoxClosed) &lt;= halfOfYearMillis;
}
function getCookie(name) {
name += &quot;=&quot;;
var cookies = document.cookie.split(&quot;;&quot;);
for (var i = 0; i &lt; cookies.length; i += 1) {
var cookie = cookies[i];
while (cookie.charAt(0) === &quot; &quot;) {
cookie = cookie.substring(1, cookie.length);
}
if (cookie.indexOf(name) === 0) {
return cookie.substring(name.length, cookie.length);
}
}
return null;
}
function doesGeolocationRequireBanner() {
// In case window.PCM is not defined, fallback to opt-out
return window.PCM ? window.PCM.isCountryNeedCookieBanner : true;
}
function getExplicitConsent() {
var consent = getCookie(optanonConsentCookieName);
var alertBoxClosed = getCookie(optanonBoxClosedCookieName);
if (isConsentValid(consent, alertBoxClosed)) {
var consentObject = parseConsentToObject(consent);
return Object
.keys(consentGroupIsAllowed)
.map(function (purpose) {
var result = {};
result[purpose] = consentObject.groups.indexOf(consentGroupIsAllowed[purpose]) &gt; -1;
return result;
})
.reduce(
function (result, currentValue) {
return Object.assign(result, currentValue);
}, {
functional: true
}
);
}
}
function getImplicitConsent() {
var consentValue = !doesGeolocationRequireBanner();
return {
functional: true,
analytical: consentValue,
marketing: consentValue
};
}
function getValue() {
var consent = getExplicitConsent();
if (!consent) {
consent = getImplicitConsent();
}
return consent;
}
return {
getValue: getValue
};
});
//c360 javascript tracker first iteration
//sends a track request to c360 http tracker
//in order to use it:
//1. inline the c360Tracker.js in the page you need to use it
//2. in your js file:
//
// var c360Tracker = B.require(&#039;c360Tracker&#039;);
// var event = {
// action_name:&quot;accommodation_checkout_confirmation_viewed&quot;,
// action_version :&quot;0.2.0&quot;,
// content : { &quot;transaction_id&quot; : 123434},
// user : { &quot;BKNG_user_id&quot;: 123434}
// };
// c360Tracker.track(event);
B.define(&#039;c360Tracker&#039;, function () {
var enrichedContext = {};
var EXPERIMENT_HASH_BATCHING = &#039;GfCDATBbLJbWRWEdTTcO&#039;;
var isExperimentBatching = B.et &amp;&amp; B.et.track &amp;&amp; B.et.track(EXPERIMENT_HASH_BATCHING) || 0;
var queue = [];
var queueTimeout = null;
var flushInterval = 1000;
var flushSize = 10;
var configuration = {
validateInput: false
};
var track = function (event) {
if (event == null) {
return &quot;event object is null or empty&quot;;
} else {
var validationResult = new ValidationResult(true);
if (configuration.validateInput) {
validationResult = validateInput(event);
}
if (!validationResult.success) {
return validationResult.message;
}
if (isExperimentBatching) {
enqueue(event);
} else {
send([event]);
}
}
};
function enqueue(event) {
if (queue.length == 0) {
queueTimeout = setTimeout(flush, flushInterval);
}
queue.push(event);
if (queue.length &gt;= flushSize) {
if (queueTimeout !== null) {
clearTimeout(queueTimeout);
}
flush();
return;
}
}
function flush() {
send(queue, true);
queue = [];
queueTimeout = null;
}
function withContextProvider(isFlush) {
var trackerVersion = &#039;0.1.0&#039;
if (isFlush) {
trackerVersion = &#039;0.1.1&#039;;
}
return function (item) {
return Object.assign({}, item, {
context: enrichedContext,
tracker: {
tracker_name: &#039;C360JSTracker&#039;,
tracker_type: &#039;Client&#039;,
tracker_version: trackerVersion
}
});
}
}
function send(events, isFlush) {
var payload = {
events: events.map(withContextProvider(isFlush))
};
return $.ajax({
url: &#039;/c360/v1/track&#039;,
type: &#039;POST&#039;,
dataType: &#039;json&#039;,
data: JSON.stringify(payload),
});
}
enrich();
var scheme =
{
&quot;type&quot;: &quot;object&quot;,
&quot;properties&quot;: {
&quot;action_name&quot;: {
&quot;type&quot;: &quot;string&quot;,
&quot;description&quot;: &quot;action name (ex. element viewed)&quot;,
},
&quot;action_version&quot;: {
&quot;type&quot;: &quot;string&quot;,
&quot;description&quot;: &quot;action version&quot;
},
&quot;content&quot;: {
&quot;type&quot;: &quot;object&quot;,
&quot;description&quot;: &quot;content defined by the registered producer scheme&quot;
}
}
};
function ValidationResult(success, message) {
this.success = success;
this.message = message;
}
function validateInput(event) {
var result = validateObject(event, scheme);
return result;
}
function validateObject(obj, scheme) {
if (scheme.properties != null) {
var propsArray = Object.getOwnPropertyNames(scheme.properties);
for (var i = 0; i &lt; propsArray.length; i++) {
var propertyName = propsArray[i];
if (obj[propertyName] == null) {
return new ValidationResult(false, &quot;property &quot; + propertyName + &quot; is not defined&quot;);
}
if (scheme.properties[propertyName].type == &quot;object&quot;) {
var validationResult = validateObject(obj[propertyName], scheme.properties[propertyName]);
if (validationResult.success === false) {
return validationResult;
}
}
}
}
return new ValidationResult(true);
}
function enrich() {
enrichedContext = {
page: {
page_referrer: document.referrer,
page_url: window.location.href,
page_title: document.title
},
local: {
currency: B.env.b_selected_currency
},
};
//if (B.env.b_user_genius_status != null &amp;&amp; B.env.b_user_genius_status.b_user_id != null)
// enrichedContext.userID = B.env.b_user_genius_status.b_user_id;
}
return {
track: track
};
});
})
&lt;/script&gt;
&lt;script type=&quot;text/javascript&quot; nonce=&quot;Y346mIyU7Ic0W43&quot;&gt;
window.PCM = {
isCountryNeedCookieBanner: 0,
isGpcSignalEnabled: 0,
loadStartedAt: 1694773210,
countryCode: &#039;us&#039;,
isUserLoggedIn: 0
}
&lt;/script&gt;
&lt;script type=&quot;text/javascript&quot; nonce=&quot;Y346mIyU7Ic0W43&quot; src=&quot;https://cf.bstatic.com/libs/privacy-consent/releases/2.1.43/customer/cookie-banner.min.js&quot; data-domain-script=&quot;3ea94870-d4b1-483a-b1d2-faf1d982bb31&quot;&gt;&lt;/script&gt;
&lt;link href=&quot;https://cf.bstatic.com&quot; rel=&quot;dns-prefetch&quot; crossorigin&gt;
&lt;link href=&quot;https://cf.bstatic.com&quot; rel=&quot;dns-prefetch&quot; crossorigin&gt;
&lt;link href=&quot;https://shelves.booking.com/&quot; rel=&quot;preconnect&quot; crossorigin&gt;
&lt;html lang=&quot;en-us&quot; prefix=&quot;og: http://ogp.me/ns# fb: http://ogp.me/ns/fb# booking_com: http://ogp.me/ns/fb/booking_com#&quot; class=&quot;noJS b_Unparsed b_Unparsed supports_fontface supports_hyphens &quot; &gt;
&lt;head profile=&quot;http://a9.com/-/spec/opensearch/1.1/&quot;&gt;
&lt;meta name=&quot;referrer&quot; content=&quot;origin&quot;&gt;
&lt;meta http-equiv=&quot;content-type&quot; content=&quot;text/html; charset=utf-8&quot; /&gt;
&lt;script nonce=&quot;Y346mIyU7Ic0W43&quot;&gt;
;(function(w){
var ts = +new Date();
w.PageLoadTimer = {};
w.PageLoadTimer.start = ts;
}(window));
&lt;/script&gt;
&lt;script nonce=&quot;Y346mIyU7Ic0W43&quot;&gt; function b_cors_check(supported) { var value = supported ? 1 : 0; if (!/(^|;)\s*cors_js=/.test(document.cookie)) { var d = new Date(); d.setTime(d.getTime() + 60 * 60 * 24 * 365 * 1000); var cookieDomain = &#039;.booking.com&#039; || &#039;.booking.com&#039;; document.cookie = &#039;cors_js=&#039; + value +&#039;; domain=&#039; + cookieDomain + &#039;; path=/; expires=&#039; + d.toGMTString(); } if (!value) { location.reload(); } } &lt;/script&gt;
&lt;script nonce=&quot;Y346mIyU7Ic0W43&quot;&gt;(function(d) { d.addEventListener(&#039;error&#039;, function(e) { if (e.target &amp;&amp; e.target.classList.contains(&#039;crossorigin-check-js&#039;)) { b_cors_check(false); } }, true); })(document); &lt;/script&gt;
&lt;script class=&quot;crossorigin-check-js&quot; src=&quot;https://cf.bstatic.com/static/js/crossorigin_check_cloudfront_sd/2454015045ef79168d452ff4e7f30bdadff0aa81.js&quot; async crossorigin nonce=&quot;Y346mIyU7Ic0W43&quot;&gt;&lt;/script&gt;
&lt;script nonce=&quot;Y346mIyU7Ic0W43&quot;&gt; 
;(function() {
window.b_early_errors = window.b_early_errors || [];
window.onerror = function() {
window.b_early_errors.push(arguments);
};
}());
 &lt;/script&gt;
&lt;link rel=&quot;stylesheet&quot; id=&quot;main-css-preload&quot; href=&quot;https://cf.bstatic.com/static/css/main_cloudfront_sd.iq_ltr/ee8c663159661f849c4a8188ebd4f756c0753603.css&quot;  data-main-css=&quot;1&quot; /&gt;
&lt;script nonce=&quot;Y346mIyU7Ic0W43&quot;&gt;
document.querySelector(&#039;#main-css-preload&#039;).addEventListener(&#039;load&#039;, function() {
window.mainCssWasLoaded = 1;
})
&lt;/script&gt;
&lt;link rel=&quot;stylesheet&quot; href=&quot;https://cf.bstatic.com/static/css/main_exps_cloudfront_sd.iq_ltr/a83f129db7c508d4e48fc31a986f57fb071af54e.css&quot;  /&gt;
&lt;link rel=&quot;stylesheet&quot; href=&quot;https://cf.bstatic.com/static/css/gprof_icons_cloudfront_sd.iq_ltr/4ba3a053b4980db63ac9203a90c619cd1a17110c.css&quot; /&gt; 
&lt;link rel=&quot;stylesheet&quot; type=&quot;text/css&quot; href=&quot;https://cf.bstatic.com/static/css/searchresults_cloudfront_sd.iq_ltr/2bc146eb7d22f706cddb2587a34b867494e16c54.css&quot;  media=&quot;screen&quot; /&gt;
&lt;link rel=&quot;_prefetch&quot; data-defer-prefetch href=&quot;https://cf.bstatic.com/static/css/hotel_base_cloudfront_sd.iq_ltr/e85771696ab9164437c987a9c76997182bd6c75d.css&quot;&gt;
&lt;link rel=&quot;_prefetch&quot; data-defer-prefetch href=&quot;https://cf.bstatic.com/static/css/hotel_experiments_cloudfront_sd.iq_ltr/b6ffad752cefb31b13b3abf783ee3b969110f1f6.css&quot;&gt;
&lt;link rel=&quot;_prefetch&quot; data-defer-prefetch href=&quot;https://cf.bstatic.com/static/css/index_cloudfront_sd.iq_ltr/080aabc4c71f5a728b03b0019565c3680d829180.css&quot;&gt;
&lt;link rel=&quot;_prefetch&quot; data-defer-prefetch href=&quot;https://cf.bstatic.com/static/css/xp-index-sb_cloudfront_sd.iq_ltr/7d56b924a6c248d579afe82a520d9a6abc96b9c7.css&quot;&gt;
&lt;link rel=&quot;stylesheet&quot; type=&quot;text/css&quot; href=&quot;https://cf.bstatic.com/static/css/incentives_cloudfront_sd.iq_ltr/f1558a6e9832a4eb8cfe1d3d14db176bd3564335.css&quot;  media=&quot;screen&quot; /&gt;
 &lt;link rel=&quot;stylesheet&quot; href=&quot;https://cf.bstatic.com/static/css/mlt_cloudfront_sd.iq_ltr.css&quot; /&gt;  
 &lt;style nonce=&quot;Y346mIyU7Ic0W43&quot;&gt; #basiclayout, .basiclayout { margin: 0; } #special_actions { margin: 3px 15px 3px 0; } .ticker_space { margin-top: 3px !important; } #logo_no_globe_new_logo { top: 14px; } .b_msie_6 #top, .b_msie_6 body.header_reshuffle #top {height:61px !important;} .b_msie_6 #special_actions { margin: 3px 15px 3px 0; overflow:visible; } body.header_reshuffle #top { min-height: 50px !important; height: auto !important; } .nobg { background: #fff url(&quot;https://cf.bstatic.com/static/img/nobg_all_blue_iq/b700d9e3067c1186a3364012df4fe1c48ae6da44.png&quot;) repeat-x; background-position: 0 -50px; } &lt;/style&gt; 
&lt;link rel=&quot;preload&quot; as=&quot;script&quot; href=&quot;https://cf.bstatic.com/static/js/core-deps-inlinedet_cloudfront_sd/6d177594fcf3d8acf87d6a208d7427779018df74.js&quot; crossorigin nonce=&quot;Y346mIyU7Ic0W43&quot;&gt;
&lt;link rel=&quot;preload&quot; as=&quot;script&quot; href=&quot;https://cf.bstatic.com/static/js/jquery_cloudfront_sd/e1e8c0e862309cb4caf3c0d5fbea48bfb8eaad42.js&quot; crossorigin nonce=&quot;Y346mIyU7Ic0W43&quot;&gt;
&lt;link rel=&quot;preload&quot; as=&quot;script&quot; href=&quot;https://cf.bstatic.com/static/js/main_cloudfront_sd/12c5fcd0dbebbaa05d253f10cf9b6b530eb49730.js&quot; crossorigin nonce=&quot;Y346mIyU7Ic0W43&quot;&gt;
&lt;link rel=&quot;preload&quot; as=&quot;script&quot; href=&quot;https://cf.bstatic.com/static/js/searchresults_cloudfront_sd/3503d1dd3d02c580090e9e9483b9c41246bf2c38.js&quot; crossorigin nonce=&quot;Y346mIyU7Ic0W43&quot;&gt;
&lt;link rel=&quot;preload&quot; as=&quot;script&quot; href=&quot;https://cf.bstatic.com/static/js/error_catcher_bec_cloudfront_sd/0acd2ada6c74d5dec978a04ea837952bdf050cd2.js&quot; crossorigin nonce=&quot;Y346mIyU7Ic0W43&quot;&gt;
&lt;script nonce=&quot;Y346mIyU7Ic0W43&quot;&gt; if( window.performance &amp;&amp; performance.measure &amp;&amp; &#039;b-stylesheets&#039;) { performance.measure(&#039;b-stylesheets&#039;); } &lt;/script&gt; 
&lt;title&gt;Booking.com:
Search results.
Book your hotel now!
&lt;/title&gt;
&lt;meta name=&quot;keywords&quot; content=&quot;Hotel,  Hotels, lodging, accommodation, special offers, packages, specials, weekend breaks, city breaks, deals, budget, cheap, discount, savings&quot; /&gt;
&lt;meta name=&quot;robots&quot; content=&quot;index,follow&quot; /&gt;
&lt;link rel=&quot;canonical&quot; href=&quot;https://www.booking.com/searchresults.html?dest_id=261060;dest_type=landmark;si=ai%252Cco%252Cci%252Cre%252Cla%252Cdi&quot; /&gt;
&lt;meta name=&quot;booking-verification&quot; content=&quot;UmFuZG9tSVb-G3gmGLnF2GmgwbxayFii_CnEahut_59FnGSQzYCUynn7_zZy8P4HnoYH7IyvCWZOqj-3cVe6LgCCZKwKvSVGFYqUIvCgoj1PqD5hXItoFy6P5OoniwgLrS-PJwjYOQRKp-KugsBOl5Hp3v4eb2zaumT4FCmgizK-3Eu2Qly_sBzH7FNkIckvH3dkiNgTKLx4CR1WJzJZJ0H3bKAL-subppQbnJ9-FVDrgMZoifXviSFMp0AxueNSWgFNWizm5IV321bWQqd1d4TO2bAFXeYyh0AqM7brm0CZ0bq4oOHCAHxcDmEsmtofvvJs6SUXXZFp-xmJgNUDe4AHCKD7uBv3r0KHh1gTRSo4i7aBYyx2WPhK9Uhh8oJt&quot; /&gt;
&lt;meta name=&quot;twitter:app:id:iphone&quot; content=&quot;367003839&quot; /&gt;
&lt;meta name=&quot;twitter:app:name:ipad&quot; content=&quot;Booking.com Hotel Reservations Worldwide &amp; Hotel Deals&quot; /&gt;
&lt;meta name=&quot;twitter:app:id:ipad&quot; content=&quot;367003839&quot; /&gt;
&lt;meta name=&quot;twitter:app:name:googleplay&quot; content=&quot;Booking.com Hotel Reservations&quot; /&gt;
&lt;meta name=&quot;twitter:app:id:googleplay&quot; content=&quot;com.booking&quot; /&gt;
&lt;meta property=&quot;al:ios:app_store_id&quot; content=&quot;367003839&quot;&gt;
&lt;meta property=&quot;al:ios:app_name&quot; content=&quot;Booking.com Hotel Reservations&quot;&gt;
&lt;meta property=&quot;al:android:app_name&quot; content=&quot;Booking.com Hotel Reservation&quot;&gt;
&lt;meta property=&quot;al:android:package&quot; content=&quot;com.booking&quot;&gt;
&lt;meta name=&quot;p:domain_verify&quot; content=&quot;ff7f0b90ebb93e5bf7c7cafe77640ec1&quot;/&gt;
&lt;meta http-equiv=&quot;content-language&quot; content=&quot;en-us&quot; /&gt;
&lt;meta http-equiv=&quot;content-script-type&quot; content=&quot;text/javascript&quot; /&gt;
&lt;meta http-equiv=&quot;content-style-type&quot; content=&quot;text/css&quot; /&gt;
&lt;meta http-equiv=&quot;window-target&quot; content=&quot;_top&quot; /&gt;
&lt;meta property=&quot;fb:pages&quot; content=&quot;131840030178250, 1425349334428496, 117615518393985, 1565844503706287, 517612321758712, 1668799180037291, 265097377176252, 1643712662515912, 303492549842824, 1638321783047271, 809709019119342, 959185470826086, 217466488652137, 641365839348517, 203741606405114&quot;&gt;
&lt;meta property=&quot;wb:webmaster&quot; content=&quot;48970bbca45d28c2&quot; /&gt;
&lt;meta name=&quot;twitter:card&quot; content=&quot;summary_large_image&quot;&gt;
&lt;meta name=&quot;twitter:site&quot; content=&quot;@bookingcom&quot;&gt;
&lt;meta name=&quot;twitter:creator&quot; content=&quot;@bookingcom&quot;&gt;
&lt;meta property=&quot;og:type&quot; content=&quot;website&quot; /&gt;
&lt;meta property=&quot;og:title&quot; content=&quot;Help! Which property is best?&quot; /&gt;
&lt;meta property=&quot;og:description&quot; content=&quot;I found these great hotels on Booking.com and love them all. Help me decide which one to book!&quot; /&gt;
&lt;meta property=&quot;og:locale&quot; content=&quot;en_US&quot; /&gt;
&lt;meta property=&quot;og:url&quot; content=&quot;https://www.booking.com/searchresults.html?dest_id=261060;dest_type=landmark;si=ai%252Cco%252Cci%252Cre%252Cla%252Cdi&quot; /&gt;
&lt;meta property=&quot;og:site_name&quot; content=&quot;Booking.com&quot; /&gt;
&lt;meta property=&quot;fb:app_id&quot; content=&quot;145362478954725&quot; /&gt;
&lt;link rel=&quot;alternate&quot; type=&quot;text/html&quot; hreflang=&quot;en-gb&quot; href=&quot;https://www.booking.com/searchresults.en-gb.html?dest_id=261060;dest_type=landmark;si=ai%2Cco%2Cci%2Cre%2Cla%2Cdi&quot; title=&quot;English (UK)&quot;/&gt;
&lt;link rel=&quot;alternate&quot; type=&quot;text/html&quot; hreflang=&quot;en-us&quot; href=&quot;https://www.booking.com/searchresults.html?dest_id=261060;dest_type=landmark;si=ai%2Cco%2Cci%2Cre%2Cla%2Cdi&quot; title=&quot;English (US)&quot;/&gt;
&lt;link rel=&quot;alternate&quot; type=&quot;text/html&quot; hreflang=&quot;de&quot; href=&quot;https://www.booking.com/searchresults.de.html?dest_id=261060;dest_type=landmark;si=ai%2Cco%2Cci%2Cre%2Cla%2Cdi&quot; title=&quot;Deutsch&quot;/&gt;
&lt;link rel=&quot;alternate&quot; type=&quot;text/html&quot; hreflang=&quot;nl&quot; href=&quot;https://www.booking.com/searchresults.nl.html?dest_id=261060;dest_type=landmark;si=ai%2Cco%2Cci%2Cre%2Cla%2Cdi&quot; title=&quot;Nederlands&quot;/&gt;
&lt;link rel=&quot;alternate&quot; type=&quot;text/html&quot; hreflang=&quot;fr&quot; href=&quot;https://www.booking.com/searchresults.fr.html?dest_id=261060;dest_type=landmark;si=ai%2Cco%2Cci%2Cre%2Cla%2Cdi&quot; title=&quot;Français&quot;/&gt;
&lt;link rel=&quot;alternate&quot; type=&quot;text/html&quot; hreflang=&quot;es&quot; href=&quot;https://www.booking.com/searchresults.es.html?dest_id=261060;dest_type=landmark;si=ai%2Cco%2Cci%2Cre%2Cla%2Cdi&quot; title=&quot;Español&quot;/&gt;
&lt;link rel=&quot;alternate&quot; type=&quot;text/html&quot; hreflang=&quot;es-ar&quot; href=&quot;https://www.booking.com/searchresults.es-ar.html?dest_id=261060;dest_type=landmark;si=ai%2Cco%2Cci%2Cre%2Cla%2Cdi&quot; title=&quot;Español (AR)&quot;/&gt;
&lt;link rel=&quot;alternate&quot; type=&quot;text/html&quot; hreflang=&quot;es-mx&quot; href=&quot;https://www.booking.com/searchresults.es-mx.html?dest_id=261060;dest_type=landmark;si=ai%2Cco%2Cci%2Cre%2Cla%2Cdi&quot; title=&quot;Español (MX)&quot;/&gt;
&lt;link rel=&quot;alternate&quot; type=&quot;text/html&quot; hreflang=&quot;ca&quot; href=&quot;https://www.booking.com/searchresults.ca.html?dest_id=261060;dest_type=landmark;si=ai%2Cco%2Cci%2Cre%2Cla%2Cdi&quot; title=&quot;Català&quot;/&gt;
&lt;link rel=&quot;alternate&quot; type=&quot;text/html&quot; hreflang=&quot;it&quot; href=&quot;https://www.booking.com/searchresults.it.html?dest_id=261060;dest_type=landmark;si=ai%2Cco%2Cci%2Cre%2Cla%2Cdi&quot; title=&quot;Italiano&quot;/&gt;
&lt;link rel=&quot;alternate&quot; type=&quot;text/html&quot; hreflang=&quot;pt-pt&quot; href=&quot;https://www.booking.com/searchresults.pt-pt.html?dest_id=261060;dest_type=landmark;si=ai%2Cco%2Cci%2Cre%2Cla%2Cdi&quot; title=&quot;Português (PT)&quot;/&gt;
&lt;link rel=&quot;alternate&quot; type=&quot;text/html&quot; hreflang=&quot;pt-br&quot; href=&quot;https://www.booking.com/searchresults.pt-br.html?dest_id=261060;dest_type=landmark;si=ai%2Cco%2Cci%2Cre%2Cla%2Cdi&quot; title=&quot;Português (BR)&quot;/&gt;
&lt;link rel=&quot;alternate&quot; type=&quot;text/html&quot; hreflang=&quot;no&quot; href=&quot;https://www.booking.com/searchresults.no.html?dest_id=261060;dest_type=landmark;si=ai%2Cco%2Cci%2Cre%2Cla%2Cdi&quot; title=&quot;Norsk&quot;/&gt;
&lt;link rel=&quot;alternate&quot; type=&quot;text/html&quot; hreflang=&quot;fi&quot; href=&quot;https://www.booking.com/searchresults.fi.html?dest_id=261060;dest_type=landmark;si=ai%2Cco%2Cci%2Cre%2Cla%2Cdi&quot; title=&quot;Suomi&quot;/&gt;
&lt;link rel=&quot;alternate&quot; type=&quot;text/html&quot; hreflang=&quot;sv&quot; href=&quot;https://www.booking.com/searchresults.sv.html?dest_id=261060;dest_type=landmark;si=ai%2Cco%2Cci%2Cre%2Cla%2Cdi&quot; title=&quot;Svenska&quot;/&gt;
&lt;link rel=&quot;alternate&quot; type=&quot;text/html&quot; hreflang=&quot;da&quot; href=&quot;https://www.booking.com/searchresults.da.html?dest_id=261060;dest_type=landmark;si=ai%2Cco%2Cci%2Cre%2Cla%2Cdi&quot; title=&quot;Dansk&quot;/&gt;
&lt;link rel=&quot;alternate&quot; type=&quot;text/html&quot; hreflang=&quot;cs&quot; href=&quot;https://www.booking.com/searchresults.cs.html?dest_id=261060;dest_type=landmark;si=ai%2Cco%2Cci%2Cre%2Cla%2Cdi&quot; title=&quot;?eština&quot;/&gt;
&lt;link rel=&quot;alternate&quot; type=&quot;text/html&quot; hreflang=&quot;hu&quot; href=&quot;https://www.booking.com/searchresults.hu.html?dest_id=261060;dest_type=landmark;si=ai%2Cco%2Cci%2Cre%2Cla%2Cdi&quot; title=&quot;Magyar&quot;/&gt;
&lt;link rel=&quot;alternate&quot; type=&quot;text/html&quot; hreflang=&quot;ro&quot; href=&quot;https://www.booking.com/searchresults.ro.html?dest_id=261060;dest_type=landmark;si=ai%2Cco%2Cci%2Cre%2Cla%2Cdi&quot; title=&quot;Român?&quot;/&gt;
&lt;link rel=&quot;alternate&quot; type=&quot;text/html&quot; hreflang=&quot;ja&quot; href=&quot;https://www.booking.com/searchresults.ja.html?dest_id=261060;dest_type=landmark;si=ai%2Cco%2Cci%2Cre%2Cla%2Cdi&quot; title=&quot;???&quot;/&gt;
&lt;link rel=&quot;alternate&quot; type=&quot;text/html&quot; hreflang=&quot;zh-cn&quot; href=&quot;https://www.booking.com/searchresults.zh-cn.html?dest_id=261060;dest_type=landmark;si=ai%2Cco%2Cci%2Cre%2Cla%2Cdi&quot; title=&quot;????&quot;/&gt;
&lt;link rel=&quot;alternate&quot; type=&quot;text/html&quot; hreflang=&quot;zh-tw&quot; href=&quot;https://www.booking.com/searchresults.zh-tw.html?dest_id=261060;dest_type=landmark;si=ai%2Cco%2Cci%2Cre%2Cla%2Cdi&quot; title=&quot;????&quot;/&gt;
&lt;link rel=&quot;alternate&quot; type=&quot;text/html&quot; hreflang=&quot;pl&quot; href=&quot;https://www.booking.com/searchresults.pl.html?dest_id=261060;dest_type=landmark;si=ai%2Cco%2Cci%2Cre%2Cla%2Cdi&quot; title=&quot;Polski&quot;/&gt;
&lt;link rel=&quot;alternate&quot; type=&quot;text/html&quot; hreflang=&quot;el&quot; href=&quot;https://www.booking.com/searchresults.el.html?dest_id=261060;dest_type=landmark;si=ai%2Cco%2Cci%2Cre%2Cla%2Cdi&quot; title=&quot;????????&quot;/&gt;
&lt;link rel=&quot;alternate&quot; type=&quot;text/html&quot; hreflang=&quot;ru&quot; href=&quot;https://www.booking.com/searchresults.ru.html?dest_id=261060;dest_type=landmark;si=ai%2Cco%2Cci%2Cre%2Cla%2Cdi&quot; title=&quot;???????&quot;/&gt;
&lt;link rel=&quot;alternate&quot; type=&quot;text/html&quot; hreflang=&quot;tr&quot; href=&quot;https://www.booking.com/searchresults.tr.html?dest_id=261060;dest_type=landmark;si=ai%2Cco%2Cci%2Cre%2Cla%2Cdi&quot; title=&quot;Türkçe&quot;/&gt;
&lt;link rel=&quot;alternate&quot; type=&quot;text/html&quot; hreflang=&quot;bg&quot; href=&quot;https://www.booking.com/searchresults.bg.html?dest_id=261060;dest_type=landmark;si=ai%2Cco%2Cci%2Cre%2Cla%2Cdi&quot; title=&quot;?????????&quot;/&gt;
&lt;link rel=&quot;alternate&quot; type=&quot;text/html&quot; hreflang=&quot;ar&quot; href=&quot;https://www.booking.com/searchresults.ar.html?dest_id=261060;dest_type=landmark;si=ai%2Cco%2Cci%2Cre%2Cla%2Cdi&quot; title=&quot;???????&quot;/&gt;
&lt;link rel=&quot;alternate&quot; type=&quot;text/html&quot; hreflang=&quot;ko&quot; href=&quot;https://www.booking.com/searchresults.ko.html?dest_id=261060;dest_type=landmark;si=ai%2Cco%2Cci%2Cre%2Cla%2Cdi&quot; title=&quot;???&quot;/&gt;
&lt;link rel=&quot;alternate&quot; type=&quot;text/html&quot; hreflang=&quot;he&quot; href=&quot;https://www.booking.com/searchresults.he.html?dest_id=261060;dest_type=landmark;si=ai%2Cco%2Cci%2Cre%2Cla%2Cdi&quot; title=&quot;?????&quot;/&gt;
&lt;link rel=&quot;alternate&quot; type=&quot;text/html&quot; hreflang=&quot;lv&quot; href=&quot;https://www.booking.com/searchresults.lv.html?dest_id=261060;dest_type=landmark;si=ai%2Cco%2Cci%2Cre%2Cla%2Cdi&quot; title=&quot;Latviski&quot;/&gt;
&lt;link rel=&quot;alternate&quot; type=&quot;text/html&quot; hreflang=&quot;uk&quot; href=&quot;https://www.booking.com/searchresults.uk.html?dest_id=261060;dest_type=landmark;si=ai%2Cco%2Cci%2Cre%2Cla%2Cdi&quot; title=&quot;??????????&quot;/&gt;
&lt;link rel=&quot;alternate&quot; type=&quot;text/html&quot; hreflang=&quot;id&quot; href=&quot;https://www.booking.com/searchresults.id.html?dest_id=261060;dest_type=landmark;si=ai%2Cco%2Cci%2Cre%2Cla%2Cdi&quot; title=&quot;Bahasa Indonesia&quot;/&gt;
&lt;link rel=&quot;alternate&quot; type=&quot;text/html&quot; hreflang=&quot;ms&quot; href=&quot;https://www.booking.com/searchresults.ms.html?dest_id=261060;dest_type=landmark;si=ai%2Cco%2Cci%2Cre%2Cla%2Cdi&quot; title=&quot;Bahasa Malaysia&quot;/&gt;
&lt;link rel=&quot;alternate&quot; type=&quot;text/html&quot; hreflang=&quot;th&quot; href=&quot;https://www.booking.com/searchresults.th.html?dest_id=261060;dest_type=landmark;si=ai%2Cco%2Cci%2Cre%2Cla%2Cdi&quot; title=&quot;???????&quot;/&gt;
&lt;link rel=&quot;alternate&quot; type=&quot;text/html&quot; hreflang=&quot;et&quot; href=&quot;https://www.booking.com/searchresults.et.html?dest_id=261060;dest_type=landmark;si=ai%2Cco%2Cci%2Cre%2Cla%2Cdi&quot; title=&quot;Eesti&quot;/&gt;
&lt;link rel=&quot;alternate&quot; type=&quot;text/html&quot; hreflang=&quot;hr&quot; href=&quot;https://www.booking.com/searchresults.hr.html?dest_id=261060;dest_type=landmark;si=ai%2Cco%2Cci%2Cre%2Cla%2Cdi&quot; title=&quot;Hrvatski&quot;/&gt;
&lt;link rel=&quot;alternate&quot; type=&quot;text/html&quot; hreflang=&quot;lt&quot; href=&quot;https://www.booking.com/searchresults.lt.html?dest_id=261060;dest_type=landmark;si=ai%2Cco%2Cci%2Cre%2Cla%2Cdi&quot; title=&quot;Lietuvi?&quot;/&gt;
&lt;link rel=&quot;alternate&quot; type=&quot;text/html&quot; hreflang=&quot;sk&quot; href=&quot;https://www.booking.com/searchresults.sk.html?dest_id=261060;dest_type=landmark;si=ai%2Cco%2Cci%2Cre%2Cla%2Cdi&quot; title=&quot;Sloven?ina&quot;/&gt;
&lt;link rel=&quot;alternate&quot; type=&quot;text/html&quot; hreflang=&quot;sr&quot; href=&quot;https://www.booking.com/searchresults.sr.html?dest_id=261060;dest_type=landmark;si=ai%2Cco%2Cci%2Cre%2Cla%2Cdi&quot; title=&quot;Srpski&quot;/&gt;
&lt;link rel=&quot;alternate&quot; type=&quot;text/html&quot; hreflang=&quot;sl&quot; href=&quot;https://www.booking.com/searchresults.sl.html?dest_id=261060;dest_type=landmark;si=ai%2Cco%2Cci%2Cre%2Cla%2Cdi&quot; title=&quot;Slovenš?ina&quot;/&gt;
&lt;link rel=&quot;alternate&quot; type=&quot;text/html&quot; hreflang=&quot;vi&quot; href=&quot;https://www.booking.com/searchresults.vi.html?dest_id=261060;dest_type=landmark;si=ai%2Cco%2Cci%2Cre%2Cla%2Cdi&quot; title=&quot;Ti?ng Vi?t&quot;/&gt;
&lt;link rel=&quot;alternate&quot; type=&quot;text/html&quot; hreflang=&quot;tl&quot; href=&quot;https://www.booking.com/searchresults.tl.html?dest_id=261060;dest_type=landmark;si=ai%2Cco%2Cci%2Cre%2Cla%2Cdi&quot; title=&quot;Filipino&quot;/&gt;
&lt;link rel=&quot;alternate&quot; type=&quot;text/html&quot; hreflang=&quot;is&quot; href=&quot;https://www.booking.com/searchresults.is.html?dest_id=261060;dest_type=landmark;si=ai%2Cco%2Cci%2Cre%2Cla%2Cdi&quot; title=&quot;Íslenska&quot;/&gt;
&lt;link rel=&quot;icon&quot; href=&quot;https://cf.bstatic.com/static/img/favicon/9ca83ba2a5a3293ff07452cb24949a5843af4592.svg&quot; type=&quot;image/svg+xml&quot;&gt;
&lt;link rel=&quot;icon&quot; href=&quot;https://cf.bstatic.com/static/img/favicon/4a3b40c4059be39cbf1ebaa5f97dbb7d150926b9.png&quot; type=&quot;image/png&quot; sizes=&quot;192x192&quot;&gt;
&lt;link rel=&quot;icon&quot; href=&quot;https://cf.bstatic.com/static/img/favicon/40749a316c45e239a7149b6711ea4c48d10f8d89.ico&quot; sizes=&quot;32x32&quot;&gt;
&lt;link rel=&quot;apple-touch-icon&quot; href=&quot;https://cf.bstatic.com/static/img/apple-touch-icon/5db9fd30d96b1796883ee94be7dddce50b73bb38.png&quot; /&gt;
&lt;link rel=&quot;help&quot; href=&quot;/faq.html&amp;amp;&quot; /&gt;
&lt;link rel=&quot;search&quot; type=&quot;application/opensearchdescription+xml&quot; href=&quot;https://cf.bstatic.com/static/opensearch/en-us/e19e3ca297c466eb18e0b783736192a638f6a66e.xml&quot; title=&quot;Booking.com Online Hotel Reservations&quot; /&gt;
&lt;link href=&quot;https://plus.google.com/105443419075154950489&quot; rel=&quot;publisher&quot; /&gt;
&lt;script nonce=&quot;Y346mIyU7Ic0W43&quot;&gt;
/*
*/
(function avoidingXSSviaLocationHash() {
var location = window.location,
hash = location.hash,
xss = /[&lt;&gt;&#039;&quot;]/;
if (
xss.test( decodeURIComponent( hash ) ) ||
xss.test( hash )
) {
location.hash = &#039;&#039;;
}
})();
document.documentElement.className = document.documentElement.className.replace(&#039;noJS&#039;, &#039;&#039;) + &#039; hasJS&#039;;
var b_experiments = {}, WIDTH, B = window.booking = {
_onfly: [], // &quot;on the fly&quot; functions, will be executed as soon as external js files were loaded
devTools: {
trackedExperiments: []
},
user: {
},
env : {
isRetina : window.devicePixelRatio &gt; 1,
&quot;b_gtt&quot;: &#039;dLYAeZFVJfNTBBFWZBMHMJBXVJfcfHCfBSSUdRKe&#039;,
&quot;b_action&quot; : &#039;searchresults&#039;,
&quot;b_secure_domain&quot; : &#039;https://secure.booking.com&#039;,
&quot;b_site_type&quot; : &#039;www&#039;,
&quot;b_site_type_id&quot;: &#039;1&#039;,
&quot;b_travel_comm_url_with_lang&quot;: &#039;https://community.booking.com/?profile.language=en&#039;,
&quot;b_calendar2&quot; : &#039;1&#039;,
&quot;BHDTJdReLGMeEcYPffcVDZBZMO&quot;: true,
&quot;b_max_los_data_for_prefilled_dest&quot; : {&quot;default_los&quot;:45,&quot;has_extended_los&quot;:1,&quot;max_allowed_los&quot;:90,&quot;extended_los&quot;:90,&quot;experiment&quot;:&quot;BHDTJdReQHUYYOLEaMYYXO&quot;,&quot;is_fullon&quot;:0},
/*
*/
&quot;b_partner_channel_id&quot;: &#039;3&#039;,
&quot;b_bookings_owned&quot;: &#039;1&#039;,
&quot;b_google_maps_key_params&quot; : &#039;true&amp;indexing=true&#039;,
&quot;b_lang&quot; : &#039;en&#039;,
&quot;b_has_valid_dates&quot;: 0,
&quot;b_countrycode&quot; : &#039;ph&#039;,
&quot;b_guest_country&quot; : &#039;us&#039;,
&quot;b_locale&quot; : &#039;en-us&#039;,
&quot;b_lang_for_url&quot; : &#039;en-us&#039;,
&quot;b_this_urchin&quot; : &#039;/searchresults.html?dest_id=261060&amp;amp;dest_type=landmark&amp;amp;si=ai%2Cco%2Cci%2Cre%2Cla%2Cdi&amp;&amp;&#039;,
&quot;b_flag_to_suggest&quot; : &#039;us&#039;,
&quot;b_companyname&quot; : &#039;Booking.com&#039;,
&quot;b_partner_vertical&quot; : &#039;channel_direct&#039;,
b_date_format: {&quot;short_month_only&quot;:&quot;{short_month_name}&quot;,&quot;short_weekday_only&quot;:&quot;{short_weekday}&quot;,&quot;numeric_date_range_both_years&quot;:&quot;{month}/{day_of_month}/{full_year} - {month_until}/{day_of_month_until}/{full_year_until}&quot;,&quot;numeric_date_range&quot;:&quot;{month}/{day_of_month} - {month_until}/{day_of_month_until}&quot;,&quot;short_date&quot;:&quot;{short_month_name} {day_of_month}, {full_year}&quot;,&quot;ux_day_month_on&quot;:&quot;on {month_2} {day_2}&quot;,&quot;numeric_date&quot;:&quot;{month}/{day_of_month}/{full_year}&quot;,&quot;day_month_other&quot;:&quot;{month_name} {day_other}&quot;,&quot;day_short_month_year_time&quot;:&quot;{short_month_name} {day_of_month}, {full_year}, {time}&quot;,&quot;numeric_day_month_year_from&quot;:&quot;from {month_name_0}/{day_name_0}/{full_year}&quot;,&quot;short_date_without_year_range&quot;:&quot;{short_month_name} {day_of_month} - {short_month_name_until} {day_of_month_until}&quot;,&quot;day_month&quot;:&quot;{month_name} {day_name}&quot;,&quot;range_from_long_date_time_until_long_date_time&quot;:&quot;from {month_name} {day_of_month}, {full_year} at {time} until {month_name_until} {day_of_month_until}, {full_year_until} at {time_until}&quot;,&quot;day_month_year_until&quot;:&quot;until {month_name} {day_name}, {full_year}&quot;,&quot;day_short_month_year_time_between&quot;:&quot;{short_month_name} {day_of_month}, {full_year}, {time} – {time_until}&quot;,&quot;day_short_month_year_from&quot;:&quot;from {short_month_name} {day_name}, {full_year}&quot;,&quot;day_month_year_on&quot;:&quot;on {month_name} {day_name}, {full_year}&quot;,&quot;day_month_year_from&quot;:&quot;from {month_name} {day_name}, {full_year}&quot;,&quot;short_month_with_year&quot;:&quot;{short_month_name} {full_year}&quot;,&quot;numeric_day_month_year_between&quot;:&quot;between {month_name_0}/{day_name_0}/{full_year} and {month_name_0_until}/{day_name_0_until}/{full_year_until}&quot;,&quot;date_with_weekday_from&quot;:&quot;{weekday_from}, {month_name_from} {day_of_month}, {full_year}&quot;,&quot;day_short_month_year_on&quot;:&quot;on {short_month_name} {day_name}, {full_year}&quot;,&quot;day_month_until&quot;:&quot;until {month_name} {day_name}&quot;,&quot;day_month_year_other&quot;:&quot;{month_name} {day_other}, {full_year}&quot;,&quot;date_with_short_weekday_with_year&quot;:&quot;{short_weekday}, {month_name} {day_of_month}, {full_year}&quot;,&quot;date_with_weekday_time_at&quot;:&quot;date_with_weekday_time_at&quot;,&quot;day_short_month_year_other&quot;:&quot;{short_month_name} {day_name_other}, {full_year}&quot;,&quot;short_date_with_weekday_without_year&quot;:&quot;{short_weekday}, {short_month_name} {day_of_month}&quot;,&quot;day_month_on&quot;:&quot;on {month_name} {day_name}&quot;,&quot;date_with_year&quot;:&quot;{month_name} {day_of_month}, {full_year}&quot;,&quot;date_with_weekday_with_markers&quot;:&quot;{weekday}, {begin_marker}{month_name} {day_of_month}{end_marker}, {full_year}&quot;,&quot;in_month_with_year&quot;:&quot;in {month_name_in} {full_year}&quot;,&quot;day_of_month_only&quot;:&quot;{day_of_month}&quot;,&quot;day_short_month_time_between&quot;:&quot;{short_month_name} {day_of_month}, {time} – {time_until}&quot;,&quot;date_with_weekday&quot;:&quot;{weekday}, {month_name} {day_of_month}, {full_year}&quot;,&quot;long_date_range_both_years&quot;:&quot;{month_name} {day_of_month}, {full_year} – {month_name_until} {day_of_month_until}, {full_year_until}&quot;,&quot;month_name_only&quot;:&quot;{month_name_nom}&quot;,&quot;day_short_month_year_between&quot;:&quot;{short_month_name} {day_of_month}, {full_year} – {short_month_name_until} {day_of_month_until}, {full_year_until}&quot;,&quot;day_month_between&quot;:&quot;between {month_name} {day_name} and {month_name_until} {day_name_until}&quot;,&quot;short_date_without_year&quot;:&quot;{short_month_name} {day_of_month}&quot;,&quot;day_month_year&quot;:&quot;{month_name} {day_name}, {full_year}&quot;,&quot;day_month_year_between&quot;:&quot;between {month_name} {day_name}, {full_year} and {month_name_until} {day_name_until}, {full_year_until}&quot;,&quot;date_range_with_short_weekday_short_month&quot;:&quot;{short_weekday}, {short_month_name} {day_of_month} – {short_weekday_until}, {short_month_name_until} {day_of_month_until} &quot;,&quot;date_with_weekday_time_until&quot;:&quot;{weekday}, {begin_marker}{month_name} {day_of_month}{end_marker}, {full_year} until {time}&quot;,&quot;date_with_weekday_time_from_until&quot;:&quot;{weekday}, {begin_marker}{month_name} {day_of_month}{end_marker}, {full_year} from {time} until {time_until}&quot;,&quot;date_with_weekday_to&quot;:&quot;{weekday_to} {day_of_month} {month_name_to} {full_year}&quot;,&quot;date_without_year&quot;:&quot;{month_name} {day_of_month}&quot;,&quot;numeric_day_month_year_time_before&quot;:&quot;before {time} on {month_name_0}/{day_name_0}/{full_year}&quot;,&quot;day_short_month_year_until&quot;:&quot;until {short_month_name} {day_name}, {full_year}&quot;,&quot;numeric_day_month_year_on&quot;:&quot;on {month_name_0}/{day_name_0}/{full_year}&quot;,&quot;day_month_year_time_before&quot;:&quot;before {time} on {month_name} {day_name}, {year}&quot;,&quot;numeric_day_month_year_until&quot;:&quot;until {month_name_0}/{day_name_0}/{full_year}&quot;,&quot;day_short_month_year&quot;:&quot;{short_month_name} {day_name}, {full_year}&quot;,&quot;day_short_month_between&quot;:&quot;{short_month_name} {day_of_month} – {short_month_name_until} \n{day_of_month_until} &quot;,&quot;day_month_from&quot;:&quot;from {month_name} {day_name}&quot;,&quot;short_date_with_weekday&quot;:&quot;{short_weekday}, {short_month_name} {day_of_month}, {full_year}&quot;,&quot;date_with_short_weekday_without_year&quot;:&quot;{short_weekday}, {month_name} {day_of_month} &quot;,&quot;from_month_with_year&quot;:&quot;since {month_name_from} {full_year}&quot;,&quot;month_with_year&quot;:&quot;{month_name_with_year_only} {full_year}&quot;,&quot;numeric_day_month_year&quot;:&quot;{month_name_0}/{day_name_0}/{full_year}&quot;,&quot;ux_day_month&quot;:&quot;{month_1} {day_1}&quot;,&quot;day_short_month_time&quot;:&quot;{short_month_name} {day_of_month}, {time}&quot;,&quot;date_with_weekday_time_from&quot;:&quot;{weekday}, {begin_marker}{month_name} {day_of_month}{end_marker}, {full_year} from {time}&quot;},
b_month_for_formatted_date: {&quot;1&quot;:{&quot;name_only&quot;:&quot;January&quot;,&quot;to_month_lc&quot;:&quot;to January&quot;,&quot;month_2&quot;:&quot;January&quot;,&quot;on_day_month&quot;:&quot;01&quot;,&quot;name_to&quot;:&quot;January&quot;,&quot;month_1&quot;:&quot;January&quot;,&quot;genitive_lc&quot;:&quot;January&quot;,&quot;name_with_year_only&quot;:&quot;January&quot;,&quot;name&quot;:&quot;January&quot;,&quot;short_name&quot;:&quot;Jan&quot;,&quot;short_name_only&quot;:&quot;Jan&quot;,&quot;in_month_lc&quot;:&quot;in January&quot;,&quot;genitive_uc&quot;:&quot;January&quot;,&quot;day_to&quot;:&quot;January&quot;,&quot;name_lc&quot;:&quot;January&quot;,&quot;name_def_article_lc&quot;:&quot;the January&quot;,&quot;name_from&quot;:&quot;January&quot;,&quot;name_uc&quot;:&quot;January&quot;,&quot;name_def_article_uc&quot;:&quot;The January&quot;,&quot;short_name_uc&quot;:&quot;January&quot;,&quot;name_in&quot;:&quot;January&quot;,&quot;name_other&quot;:&quot;January&quot;},&quot;10&quot;:{&quot;short_name_only&quot;:&quot;Oct&quot;,&quot;genitive_uc&quot;:&quot;October&quot;,&quot;to_month_lc&quot;:&quot;to October&quot;,&quot;name_only&quot;:&quot;October&quot;,&quot;in_month_lc&quot;:&quot;in October&quot;,&quot;name_def_article_lc&quot;:&quot;the October&quot;,&quot;name_lc&quot;:&quot;October&quot;,&quot;month_2&quot;:&quot;October&quot;,&quot;name_to&quot;:&quot;October&quot;,&quot;on_day_month&quot;:&quot;10&quot;,&quot;month_1&quot;:&quot;October&quot;,&quot;name_from&quot;:&quot;October&quot;,&quot;name_uc&quot;:&quot;October&quot;,&quot;genitive_lc&quot;:&quot;October&quot;,&quot;name_in&quot;:&quot;October&quot;,&quot;name_other&quot;:&quot;October&quot;,&quot;name_def_article_uc&quot;:&quot;The October&quot;,&quot;short_name_uc&quot;:&quot;October&quot;,&quot;short_name&quot;:&quot;Oct&quot;,&quot;name&quot;:&quot;October&quot;,&quot;name_with_year_only&quot;:&quot;October&quot;},&quot;11&quot;:{&quot;on_day_month&quot;:&quot;11&quot;,&quot;name_to&quot;:&quot;November&quot;,&quot;month_2&quot;:&quot;November&quot;,&quot;name_def_article_lc&quot;:&quot;the November&quot;,&quot;name_lc&quot;:&quot;November&quot;,&quot;name_only&quot;:&quot;November&quot;,&quot;in_month_lc&quot;:&quot;in November &quot;,&quot;genitive_uc&quot;:&quot;November &quot;,&quot;to_month_lc&quot;:&quot;to November &quot;,&quot;short_name_only&quot;:&quot;Nov&quot;,&quot;short_name&quot;:&quot;Nov&quot;,&quot;name&quot;:&quot;November&quot;,&quot;name_with_year_only&quot;:&quot;November&quot;,&quot;short_name_uc&quot;:&quot;November&quot;,&quot;name_def_article_uc&quot;:&quot;The November&quot;,&quot;name_other&quot;:&quot;November&quot;,&quot;name_in&quot;:&quot;November&quot;,&quot;genitive_lc&quot;:&quot;November &quot;,&quot;name_uc&quot;:&quot;November&quot;,&quot;name_from&quot;:&quot;November&quot;,&quot;month_1&quot;:&quot;November&quot;},&quot;12&quot;:{&quot;genitive_lc&quot;:&quot;December &quot;,&quot;name_uc&quot;:&quot;December&quot;,&quot;name_from&quot;:&quot;December&quot;,&quot;month_1&quot;:&quot;December&quot;,&quot;short_name&quot;:&quot;Dec&quot;,&quot;name&quot;:&quot;December&quot;,&quot;name_with_year_only&quot;:&quot;December&quot;,&quot;name_def_article_uc&quot;:&quot;The December&quot;,&quot;short_name_uc&quot;:&quot;December&quot;,&quot;name_in&quot;:&quot;December&quot;,&quot;name_other&quot;:&quot;December&quot;,&quot;in_month_lc&quot;:&quot;in December&quot;,&quot;name_only&quot;:&quot;December&quot;,&quot;genitive_uc&quot;:&quot;December&quot;,&quot;to_month_lc&quot;:&quot;to December&quot;,&quot;short_name_only&quot;:&quot;Dec&quot;,&quot;on_day_month&quot;:&quot;12&quot;,&quot;name_to&quot;:&quot;December&quot;,&quot;month_2&quot;:&quot;December&quot;,&quot;name_def_article_lc&quot;:&quot;the December&quot;,&quot;name_lc&quot;:&quot;December&quot;},&quot;2&quot;:{&quot;name_uc&quot;:&quot;February&quot;,&quot;name_from&quot;:&quot;February&quot;,&quot;short_name_uc&quot;:&quot;February&quot;,&quot;name_def_article_uc&quot;:&quot;The February&quot;,&quot;name_in&quot;:&quot;February&quot;,&quot;name_other&quot;:&quot;February&quot;,&quot;in_month_lc&quot;:&quot;in February &quot;,&quot;genitive_uc&quot;:&quot;February &quot;,&quot;day_to&quot;:&quot;February&quot;,&quot;short_name_only&quot;:&quot;Feb&quot;,&quot;name_lc&quot;:&quot;February&quot;,&quot;name_def_article_lc&quot;:&quot;the February&quot;,&quot;genitive_lc&quot;:&quot;February &quot;,&quot;month_1&quot;:&quot;February&quot;,&quot;name_with_year_only&quot;:&quot;February&quot;,&quot;name&quot;:&quot;February&quot;,&quot;short_name&quot;:&quot;Feb&quot;,&quot;name_only&quot;:&quot;February&quot;,&quot;to_month_lc&quot;:&quot;to February &quot;,&quot;on_day_month&quot;:&quot;02&quot;,&quot;name_to&quot;:&quot;February&quot;,&quot;month_2&quot;:&quot;February&quot;},&quot;3&quot;:{&quot;month_2&quot;:&quot;March&quot;,&quot;on_day_month&quot;:&quot;03&quot;,&quot;name_to&quot;:&quot;March&quot;,&quot;name_only&quot;:&quot;March&quot;,&quot;to_month_lc&quot;:&quot;to March&quot;,&quot;name_with_year_only&quot;:&quot;March&quot;,&quot;name&quot;:&quot;March&quot;,&quot;short_name&quot;:&quot;Mar&quot;,&quot;month_1&quot;:&quot;March&quot;,&quot;genitive_lc&quot;:&quot;March&quot;,&quot;name_lc&quot;:&quot;March&quot;,&quot;name_def_article_lc&quot;:&quot;the March&quot;,&quot;short_name_only&quot;:&quot;Mar&quot;,&quot;in_month_lc&quot;:&quot;in March&quot;,&quot;genitive_uc&quot;:&quot;March&quot;,&quot;day_to&quot;:&quot;March&quot;,&quot;name_def_article_uc&quot;:&quot;The March&quot;,&quot;short_name_uc&quot;:&quot;March&quot;,&quot;name_other&quot;:&quot;March&quot;,&quot;name_in&quot;:&quot;March&quot;,&quot;name_from&quot;:&quot;March&quot;,&quot;name_uc&quot;:&quot;March&quot;},&quot;4&quot;:{&quot;name_in&quot;:&quot;April&quot;,&quot;name_other&quot;:&quot;April&quot;,&quot;short_name_uc&quot;:&quot;April&quot;,&quot;name_def_article_uc&quot;:&quot;The April&quot;,&quot;name&quot;:&quot;April&quot;,&quot;name_with_year_only&quot;:&quot;April&quot;,&quot;short_name&quot;:&quot;Apr&quot;,&quot;month_1&quot;:&quot;April&quot;,&quot;name_from&quot;:&quot;April&quot;,&quot;name_uc&quot;:&quot;April&quot;,&quot;genitive_lc&quot;:&quot;April&quot;,&quot;name_lc&quot;:&quot;April&quot;,&quot;name_def_article_lc&quot;:&quot;the April&quot;,&quot;month_2&quot;:&quot;April&quot;,&quot;name_to&quot;:&quot;April&quot;,&quot;on_day_month&quot;:&quot;04&quot;,&quot;short_name_only&quot;:&quot;Apr&quot;,&quot;to_month_lc&quot;:&quot;to April&quot;,&quot;genitive_uc&quot;:&quot;April&quot;,&quot;in_month_lc&quot;:&quot;in April&quot;,&quot;name_only&quot;:&quot;April&quot;},&quot;5&quot;:{&quot;genitive_uc&quot;:&quot;May&quot;,&quot;to_month_lc&quot;:&quot;to May&quot;,&quot;in_month_lc&quot;:&quot;in May&quot;,&quot;name_only&quot;:&quot;May&quot;,&quot;short_name_only&quot;:&quot;May&quot;,&quot;name_to&quot;:&quot;May&quot;,&quot;on_day_month&quot;:&quot;05&quot;,&quot;name_def_article_lc&quot;:&quot;the May&quot;,&quot;name_lc&quot;:&quot;May&quot;,&quot;month_2&quot;:&quot;May&quot;,&quot;name_uc&quot;:&quot;May&quot;,&quot;genitive_lc&quot;:&quot;May&quot;,&quot;name_from&quot;:&quot;May&quot;,&quot;month_1&quot;:&quot;May&quot;,&quot;short_name&quot;:&quot;May&quot;,&quot;name_with_year_only&quot;:&quot;May&quot;,&quot;name&quot;:&quot;May&quot;,&quot;name_other&quot;:&quot;May&quot;,&quot;name_in&quot;:&quot;May&quot;,&quot;short_name_uc&quot;:&quot;May&quot;,&quot;name_def_article_uc&quot;:&quot;The May&quot;},&quot;6&quot;:{&quot;short_name_only&quot;:&quot;Jun&quot;,&quot;to_month_lc&quot;:&quot;to June&quot;,&quot;genitive_uc&quot;:&quot;June&quot;,&quot;in_month_lc&quot;:&quot;in June&quot;,&quot;name_only&quot;:&quot;June&quot;,&quot;name_lc&quot;:&quot;June&quot;,&quot;name_def_article_lc&quot;:&quot;the June&quot;,&quot;month_2&quot;:&quot;June&quot;,&quot;name_to&quot;:&quot;June&quot;,&quot;on_day_month&quot;:&quot;06&quot;,&quot;name_from&quot;:&quot;June&quot;,&quot;month_1&quot;:&quot;June&quot;,&quot;name_uc&quot;:&quot;June&quot;,&quot;genitive_lc&quot;:&quot;June&quot;,&quot;name_in&quot;:&quot;June&quot;,&quot;name_other&quot;:&quot;June&quot;,&quot;short_name_uc&quot;:&quot;June&quot;,&quot;name_def_article_uc&quot;:&quot;The June&quot;,&quot;name&quot;:&quot;June&quot;,&quot;name_with_year_only&quot;:&quot;June&quot;,&quot;short_name&quot;:&quot;Jun&quot;},&quot;7&quot;:{&quot;name_to&quot;:&quot;July&quot;,&quot;on_day_month&quot;:&quot;07&quot;,&quot;name_lc&quot;:&quot;July&quot;,&quot;name_def_article_lc&quot;:&quot;the July&quot;,&quot;month_2&quot;:&quot;July&quot;,&quot;to_month_lc&quot;:&quot;to July&quot;,&quot;genitive_uc&quot;:&quot;July&quot;,&quot;name_only&quot;:&quot;July&quot;,&quot;in_month_lc&quot;:&quot;in July&quot;,&quot;short_name_only&quot;:&quot;Jul&quot;,&quot;name_with_year_only&quot;:&quot;July&quot;,&quot;name&quot;:&quot;July&quot;,&quot;short_name&quot;:&quot;Jul&quot;,&quot;name_in&quot;:&quot;July&quot;,&quot;name_other&quot;:&quot;July&quot;,&quot;name_def_article_uc&quot;:&quot;The July&quot;,&quot;short_name_uc&quot;:&quot;July&quot;,&quot;name_uc&quot;:&quot;July&quot;,&quot;genitive_lc&quot;:&quot;July&quot;,&quot;month_1&quot;:&quot;July&quot;,&quot;name_from&quot;:&quot;July&quot;},&quot;8&quot;:{&quot;name_lc&quot;:&quot;August&quot;,&quot;name_def_article_lc&quot;:&quot;the August&quot;,&quot;month_2&quot;:&quot;August&quot;,&quot;name_to&quot;:&quot;August&quot;,&quot;on_day_month&quot;:&quot;08&quot;,&quot;short_name_only&quot;:&quot;Aug&quot;,&quot;to_month_lc&quot;:&quot;to August&quot;,&quot;genitive_uc&quot;:&quot;August&quot;,&quot;name_only&quot;:&quot;August&quot;,&quot;in_month_lc&quot;:&quot;in August&quot;,&quot;name_other&quot;:&quot;August&quot;,&quot;name_in&quot;:&quot;August&quot;,&quot;name_def_article_uc&quot;:&quot;The August&quot;,&quot;short_name_uc&quot;:&quot;August&quot;,&quot;name_with_year_only&quot;:&quot;August&quot;,&quot;name&quot;:&quot;August&quot;,&quot;short_name&quot;:&quot;Aug&quot;,&quot;name_from&quot;:&quot;August&quot;,&quot;month_1&quot;:&quot;August&quot;,&quot;name_uc&quot;:&quot;August&quot;,&quot;genitive_lc&quot;:&quot;August&quot;},&quot;9&quot;:{&quot;name_lc&quot;:&quot;September&quot;,&quot;name_def_article_lc&quot;:&quot;the September&quot;,&quot;month_2&quot;:&quot;September&quot;,&quot;name_to&quot;:&quot;September&quot;,&quot;on_day_month&quot;:&quot;09&quot;,&quot;short_name_only&quot;:&quot;Sep&quot;,&quot;to_month_lc&quot;:&quot;to September&quot;,&quot;genitive_uc&quot;:&quot;September&quot;,&quot;name_only&quot;:&quot;September&quot;,&quot;in_month_lc&quot;:&quot;in September&quot;,&quot;name_in&quot;:&quot;September&quot;,&quot;name_other&quot;:&quot;September&quot;,&quot;name_def_article_uc&quot;:&quot;The September&quot;,&quot;short_name_uc&quot;:&quot;September&quot;,&quot;name&quot;:&quot;September&quot;,&quot;name_with_year_only&quot;:&quot;September&quot;,&quot;short_name&quot;:&quot;Sep&quot;,&quot;name_from&quot;:&quot;September&quot;,&quot;month_1&quot;:&quot;September&quot;,&quot;name_uc&quot;:&quot;September&quot;,&quot;genitive_lc&quot;:&quot;September&quot;}},
b_weekday_formatted_date: {&quot;1&quot;:{&quot;name_on&quot;:&quot;Monday&quot;,&quot;name_from_preposition&quot;:&quot;From Monday&quot;,&quot;short&quot;:&quot;Mon&quot;,&quot;name_lc&quot;:&quot;Monday&quot;,&quot;name_to&quot;:&quot;Monday&quot;,&quot;name_from&quot;:&quot;Monday&quot;,&quot;shortest&quot;:&quot;Mo&quot;,&quot;name_uc&quot;:&quot;Monday&quot;,&quot;name_other&quot;:&quot;Monday&quot;,&quot;name&quot;:&quot;Monday&quot;,&quot;short_uc&quot;:&quot;Mon&quot;,&quot;name_other_uc&quot;:&quot;Monday&quot;},&quot;2&quot;:{&quot;name_on&quot;:&quot;Tuesday&quot;,&quot;name_to&quot;:&quot;Tuesday&quot;,&quot;short&quot;:&quot;Tue&quot;,&quot;name_lc&quot;:&quot;Tuesday&quot;,&quot;name_from_preposition&quot;:&quot;From Tuesday&quot;,&quot;name_uc&quot;:&quot;Tuesday&quot;,&quot;name_from&quot;:&quot;Tuesday&quot;,&quot;shortest&quot;:&quot;Tu&quot;,&quot;short_uc&quot;:&quot;Tue&quot;,&quot;name_other_uc&quot;:&quot;Tuesday&quot;,&quot;name&quot;:&quot;Tuesday&quot;,&quot;name_other&quot;:&quot;Tuesday&quot;},&quot;3&quot;:{&quot;name_from_preposition&quot;:&quot;From Wednesday&quot;,&quot;name_lc&quot;:&quot;Wednesday&quot;,&quot;short&quot;:&quot;Wed&quot;,&quot;name_to&quot;:&quot;Wednesday&quot;,&quot;name_on&quot;:&quot;Wednesday&quot;,&quot;name_other&quot;:&quot;Wednesday&quot;,&quot;name&quot;:&quot;Wednesday&quot;,&quot;name_other_uc&quot;:&quot;Wednesday&quot;,&quot;short_uc&quot;:&quot;Wed&quot;,&quot;shortest&quot;:&quot;We&quot;,&quot;name_from&quot;:&quot;Wednesday&quot;,&quot;name_uc&quot;:&quot;Wednesday&quot;},&quot;4&quot;:{&quot;name_from&quot;:&quot;Thursday&quot;,&quot;shortest&quot;:&quot;Th&quot;,&quot;name_uc&quot;:&quot;Thursday&quot;,&quot;name_other&quot;:&quot;Thursday&quot;,&quot;short_uc&quot;:&quot;Thu&quot;,&quot;name_other_uc&quot;:&quot;Thursday&quot;,&quot;name&quot;:&quot;Thursday&quot;,&quot;name_on&quot;:&quot;Thursday&quot;,&quot;name_lc&quot;:&quot;Thursday&quot;,&quot;short&quot;:&quot;Thu&quot;,&quot;name_from_preposition&quot;:&quot;From Thursday&quot;,&quot;name_to&quot;:&quot;Thursday&quot;},&quot;5&quot;:{&quot;short&quot;:&quot;Fri&quot;,&quot;name_lc&quot;:&quot;Friday&quot;,&quot;name_from_preposition&quot;:&quot;From Friday&quot;,&quot;name_to&quot;:&quot;Friday&quot;,&quot;name_on&quot;:&quot;Friday&quot;,&quot;name_other&quot;:&quot;Friday&quot;,&quot;name_other_uc&quot;:&quot;Friday&quot;,&quot;short_uc&quot;:&quot;Fri&quot;,&quot;name&quot;:&quot;Friday&quot;,&quot;shortest&quot;:&quot;Fr&quot;,&quot;name_from&quot;:&quot;Friday&quot;,&quot;name_uc&quot;:&quot;Friday&quot;},&quot;6&quot;:{&quot;name_to&quot;:&quot;Saturday&quot;,&quot;name_from_preposition&quot;:&quot;From Saturday&quot;,&quot;short&quot;:&quot;Sat&quot;,&quot;name_lc&quot;:&quot;Saturday&quot;,&quot;name_on&quot;:&quot;Saturday&quot;,&quot;name&quot;:&quot;Saturday&quot;,&quot;name_other_uc&quot;:&quot;Saturday&quot;,&quot;short_uc&quot;:&quot;Sat&quot;,&quot;name_other&quot;:&quot;Saturday&quot;,&quot;name_uc&quot;:&quot;Saturday&quot;,&quot;shortest&quot;:&quot;Sa&quot;,&quot;name_from&quot;:&quot;Saturday&quot;},&quot;7&quot;:{&quot;shortest&quot;:&quot;Su&quot;,&quot;name_from&quot;:&quot;Sunday&quot;,&quot;name_uc&quot;:&quot;Sunday&quot;,&quot;name_other&quot;:&quot;Sunday&quot;,&quot;name&quot;:&quot;Sunday&quot;,&quot;name_other_uc&quot;:&quot;Sunday&quot;,&quot;short_uc&quot;:&quot;Sun&quot;,&quot;name_on&quot;:&quot;Sunday&quot;,&quot;name_from_preposition&quot;:&quot;From Sunday&quot;,&quot;name_lc&quot;:&quot;Sunday&quot;,&quot;short&quot;:&quot;Sun&quot;,&quot;name_to&quot;:&quot;Sunday&quot;},&quot;8&quot;:{&quot;name&quot;:&quot;Every day&quot;,&quot;name_other_uc&quot;:&quot;name_other_uc&quot;,&quot;short_uc&quot;:&quot;short_uc&quot;,&quot;name_other&quot;:&quot;name_other&quot;,&quot;name_uc&quot;:&quot;name_uc&quot;,&quot;shortest&quot;:&quot;shortest&quot;,&quot;name_from&quot;:&quot;name_from&quot;,&quot;name_to&quot;:&quot;name_to&quot;,&quot;name_from_preposition&quot;:&quot;From any day&quot;,&quot;short&quot;:&quot;short&quot;,&quot;name_lc&quot;:&quot;every day&quot;,&quot;name_on&quot;:&quot;name_on&quot;}},
b_time_format: {&quot;AM_symbol&quot;:{&quot;name&quot;:&quot;AM&quot;},&quot;PM_symbol&quot;:{&quot;name&quot;:&quot;PM&quot;},&quot;time&quot;:{&quot;name&quot;:&quot;{hour_12h_no0}:{minutes} {AM_PM}&quot;},&quot;time_12&quot;:{&quot;name&quot;:&quot;{hour_12h_no0}:{minutes} {AM_PM}&quot;},&quot;time_24&quot;:{&quot;name&quot;:&quot;{hour_24h_no0}:{minutes}&quot;}},
&quot;b_protocol&quot;: &#039;https&#039;,
b01: 1,
auth_level : &quot;0&quot;,
b_user_auth_level_is_none : 1,
b_check_ot_consent : 1,
bui: {
color: {
bui_color_grayscale_dark: &quot;#333333&quot;,
bui_color_grayscale: &quot;#6B6B6B&quot;,
bui_color_grayscale_light: &quot;#BDBDBD&quot;,
bui_color_grayscale_lighter: &quot;#E6E6E6&quot;,
bui_color_grayscale_lightest: &quot;#F5F5F5&quot;,
bui_color_primary_dark: &quot;#00224F&quot;,
bui_color_primary: &quot;#003580&quot;,
bui_color_primary_light: &quot;#BAD4F7&quot;,
bui_color_primary_lighter: &quot;#EBF3FF&quot;,
bui_color_primary_lightest: &quot;#FAFCFF&quot;,
bui_color_complement_dark: &quot;#CD8900&quot;,
bui_color_complement: &quot;#FEBB02&quot;,
bui_color_complement_light: &quot;#FFE08A&quot;,
bui_color_complement_lighter: &quot;#FDF4D8&quot;,
bui_color_complement_lightest: &quot;#FEFBF0&quot;,
bui_color_callout_dark: &quot;#BC5B01&quot;,
bui_color_callout: &quot;#FF8000&quot;,
bui_color_callout_light: &quot;#FFC489&quot;,
bui_color_callout_lighter: &quot;#FFF0E0&quot;,
bui_color_callout_lightest: &quot;#FFF8F0&quot;,
bui_color_destructive_dark: &quot;#A30000&quot;,
bui_color_destructive: &quot;#CC0000&quot;,
bui_color_destructive_light: &quot;#FCB4B4&quot;,
bui_color_destructive_lighter: &quot;#FFEBEB&quot;,
bui_color_destructive_lightest: &quot;#FFF0F0&quot;,
bui_color_constructive_dark: &quot;#006607&quot;,
bui_color_constructive: &quot;#008009&quot;,
bui_color_constructive_light: &quot;#97E59C&quot;,
bui_color_constructive_lighter: &quot;#E7FDE9&quot;,
bui_color_constructive_lightest: &quot;#F1FEF2&quot;,
bui_color_action: &quot;#0071C2&quot;,
bui_color_white: &quot;#FFFFFF&quot;,
bui_color_black: &quot;#000000&quot;
}
},
bb: {
ibb: &quot;&quot;,
uibb: &quot;&quot;,
ibbta: &quot;&quot;,
itp: &quot;0&quot;,
iuibb: &quot;&quot;,
bme: &quot;&quot;,
euibb: &quot;&quot;,
tp: &quot;2&quot;
},
b_run_map_sr_ajax: !!(window.history &amp;&amp; window.history.pushState),
b_destination_fullname: &#039;Session Road&#039;,
b_growls_close_fast: 1,
fe_enable_login_with_phone_number: 1,
asyncLoader: {
async_assistant_entrypoint_css: &#039;https://cf.bstatic.com/static/css/assistant_entrypoint_cloudfront_sd.iq_ltr/611b70b00745fa4412a0101292fb0a1e4c97741e.css&#039;,
async_assistant_entrypoint_js: &#039;https://cf.bstatic.com/static/js/assistant_entrypoint_cloudfront_sd/598c75fa958f9dc500d198bd1a5c7d2555652cd3.js&#039;,
async_atlas_places_js: &#039;https://cf.bstatic.com/static/js/atlas_places_async_cloudfront_sd/9a9bcd998016ecc6409aa42c8605f7850a767a34.js&#039;,
async_atlas_v2_cn_js: &#039;https://cf.bstatic.com/static/js/async_atlas_v2_cn_cloudfront_sd/a358d388c8c90d9c0407d3da288742e93c38c2a6.js&#039;,
async_atlas_v2_non_cn_js: &#039;https://cf.bstatic.com/static/js/async_atlas_v2_non_cn_cloudfront_sd/db2ebeae76c7b51a7bc288822baac8ba5a2fba33.js&#039;,
image_gallery_js: &#039;https://cf.bstatic.com/static/js/ski_lp_overview_panel_cloudfront_sd/9d8e7cfd33a37ffb15285d98f6970024f06cf36d.js&#039;,
image_gallery_css: &#039;https://cf.bstatic.com/static/css/ski_lp_overview_panel_cloudfront_sd.iq_ltr/2b3350935410fe4e36d74efed93daf74f2b4ff70.css&#039;,
async_lists_js: &#039;https://cf.bstatic.com/static/js/async_lists_cloudfront_sd/0d8b91a663af04deaea0fec41b7cee7923d62eec.js&#039;,
async_atlas_css: &#039;https://cf.bstatic.com/static/css/async_atlas_sr_cloudfront_sd.iq_ltr/d0e9030b745cc667bc726c2a1321f0c36b8f6224.css&#039;,
async_sr_atlas_map_js: &#039;https://cf.bstatic.com/static/js/async_sr_atlas_map_cloudfront_sd/53f84967ac1c5fdfa686f7b08357761fe45313c4.js&#039;,
async_ski_interactive_map: &#039;https://cf.bstatic.com/static/js/async_ski_interactive_map_cloudfront_sd/c48ae21b2c3a2dd2f26616dc370daaa921b60330.js&#039;,
async_nouislider_css: &#039;https://cf.bstatic.com/mobile/css/async_nouislider_cloudfront_sd.iq_ltr/2a32b1f38119063da104b43614194fe70d377a05.css&#039;,
async_nouislider_js: &#039;https://cf.bstatic.com/mobile/js/async_nouislider_cloudfront_sd/65e580457b504e99b5475ed3093317626870204b.js&#039;,
async_wpm_overlay_css: &#039;https://cf.bstatic.com/static/css/async_wpm_overlay_assets_cloudfront_sd.iq_ltr/abb304bf3600a5cf5f7406a27f042cf1ce2429b1.css&#039;,
async_wpm_overlay_js: &#039;https://cf.bstatic.com/static/js/async_wpm_overlay_assets_cloudfront_sd/c6cb9b63eea61102d4e96fe72b7c8008652fe925.js&#039;,
async_slider_view_js: &#039;https://cf.bstatic.com/mobile/js/async_slider_view_cloudfront_sd/b99d37dd0f12a56f66e827b1f34dbf846a345b1f.js&#039;,
async_slider_view_css: &#039;https://cf.bstatic.com/mobile/css/async_slider_view_cloudfront_sd.iq_ltr/6139b93e39f06ca17bf572c4b68667c465df625d.css&#039;,
async_beach_team_pilot_js: &#039;https://cf.bstatic.com/mobile/js/async_beach_team_pilot_cloudfront_sd/4ad475e13980eaf3a159e590a2c3885e1c6a1723.js&#039;,
async_beach_team_pilot_css: &#039;https://cf.bstatic.com/mobile/css/async_beach_team_pilot_cloudfront_sd.iq_ltr/cc3fa26277c76552b616497f3a379cf7643633ac.css&#039;,
empty: &#039;&#039;
},
fe_enable_fps_goal_with_value: 1,
b_email_validation_regex : /^([\w-\.\+]+@([\w-]+\.)+[\w-]{2,14})?$/,
b_domain_end : &#039;.booking.com&#039;,
b_original_url : &#039;https:&amp;#47;&amp;#47;www.booking.com&amp;#47;searchresults.html?dest_id=261060;dest_type=landmark;si=ai%2Cco%2Cci%2Cre%2Cla%2Cdi&#039;,
b_this_url : &#039;/searchresults.html?dest_id=261060;dest_type=landmark;si=ai%2Cco%2Cci%2Cre%2Cla%2Cdi&amp;&#039;,
b_this_url_without_lang : &#039;/searchresults.html?dest_id=261060;dest_type=landmark;si=ai%2Cco%2Cci%2Cre%2Cla%2Cdi&amp;&#039;,
b_referrer : &#039;&#039;,
b_acc_type : &#039;&#039;,
b_req_login: &#039;&#039;,
jst : {&#039;loading&#039;: true},
keep_day_month: true,
b_timestamp : 1694773210,
scripts_tracking : {
atlas:{loaded:false,run:false},
atlas_cst:{loaded:false,run:false},
bhc:{loaded:false,run:false},
calendar2:{loaded:false,run:false},
jquery:{loaded:false,run:false},
main:{loaded:false,run:false},
searchresults:{loaded:false,run:false}
},
enable_scripts_tracking : 1,
b_ufi : &#039;&#039;,
&quot;setvar_affiliate_is_bookings2&quot; : 1,
transl_close_x : &#039;close&#039;,
transl_checkin_title: &#039;Check-in date&#039;,
transl_checkout_title: &#039;Check-out date&#039;,
browser_lang: &#039;&#039;,
b_hijri_calendar_available: false,
b_aid: &#039;304142&#039;,
b_label: &#039;gen000nr-10CAQoggJCD2xhbmRtYXJrXzI2MTA2MEgzWARo7AGIAQGYATO4AQXIAQXYAQPoAQH4AQGIAgGoAgG4AtrfkKgGwAIB0gIkOWIzM2E5MTMtNDMwZC00YzZmLTg5Y2ItZmU2OWJjYjc3MDc02AIB4AIB&#039;,
b_sid: &#039;90259e8437c6096c4ee27fece820d9ea&#039;,
b_dest_id: &#039;261060&#039;,
ip_country: &#039;us&#039;,
country_currency: &#039;USD&#039;,
b_selected_currency: &#039;USD&#039;,
b_selected_currency_is_hotel_currency: &quot;&quot;,
b_selected_language: &#039;en-us&#039;,
b_selected_language_country_flag: &#039;us&#039;,
b_dest_type: &#039;landmark&#039;,
b_filter_currency: &#039;&#039;,
b_has_filters: 0,
inline_sort_headers: {
&#039;star_track&#039;: {
sortHeader: &#039;Sort all properties by number of stars&#039;
},
&#039;big_review_score_detailed&#039;: {
sortHeader: &#039;Sort all properties by review score&#039;
},
&#039;address_text&#039;: {
sortHeader: &#039;Sort all properties by location&#039;
},
&#039;district_link&#039;: {
sortHeader: &#039;Sort all properties by location&#039;
},
&#039;smart_price_style&#039;: {
sortHeader: &#039;Sort all properties by price&#039;
}
},
b_search_config: {&quot;b_children_ages_total&quot;:[],&quot;b_is_group_search&quot;:0,&quot;traveller_segment&quot;:&quot;couple&quot;,&quot;b_adults_total&quot;:2,&quot;b_rooms&quot;:[{&quot;b_children_ages&quot;:[],&quot;b_children&quot;:0,&quot;b_room_order&quot;:1,&quot;b_adults&quot;:2.0}],&quot;b_children_total&quot;:0,&quot;b_nr_rooms_needed&quot;:1},
pageview_id: &#039;7c9c48ada4eb027a&#039;,
aid: &#039;304142&#039;,
b_csrf_token: &#039;GmgEZQAAAAA=KHQbciOBhwJlIvbUOMBz4O2VKYA_9C2yKYavXPCmx09fmBu0ywcZkKphUNWHsoVX3PCHY98INw1fNwVmBTaS0Zjmw0EO-jOoQNp1lggzk_LXz67m9FYnoRgZKLr9eK3SdpmZ-yeUbSUbjMkWECjjZVZN4vhr2EdT0K3OLz5g4OIve0IHxRGPb4AMqtDYMgmdU9bWtEBxIJ3oqQ_w&#039;,
b_show_user_accounts_features: 1,
b_browser: &#039;Unparsed&#039;,
et_debug_level: &#039;0&#039;,
icons: &#039;/static/img&#039;,
b_static_images: &#039;https://cf.bstatic.com/images/&#039;,
b_currency_url: &#039;/general.html&amp;amp;tmpl=currency_foldout&amp;amp;cur_currency=USD&amp;amp;cc1=ph&#039;,
b_currency_change_base_url: &#039;/searchresults.html?dest_id=261060&amp;dest_type=landmark&amp;si=ai%2Cco%2Cci%2Cre%2Cla%2Cdi&#039;,
b_languages_url: &#039;/general.html&amp;amp;tmpl=language_foldout&#039;,
b_weekdays: [
{&quot;b_is_weekend&quot;: parseInt( &#039;&#039; ),
&quot;b_number&quot;: parseInt(&#039;1&#039;),
&quot;name&quot;: &#039;Monday&#039;,
&quot;short&quot;: &#039;Mon&#039;,
&quot;shorter&quot;: &#039;Mon&#039;,
&quot;shortest&quot;: &#039;Mo&#039;},
{&quot;b_is_weekend&quot;: parseInt( &#039;&#039; ),
&quot;b_number&quot;: parseInt(&#039;2&#039;),
&quot;name&quot;: &#039;Tuesday&#039;,
&quot;short&quot;: &#039;Tue&#039;,
&quot;shorter&quot;: &#039;Tue&#039;,
&quot;shortest&quot;: &#039;Tu&#039;},
{&quot;b_is_weekend&quot;: parseInt( &#039;&#039; ),
&quot;b_number&quot;: parseInt(&#039;3&#039;),
&quot;name&quot;: &#039;Wednesday&#039;,
&quot;short&quot;: &#039;Wed&#039;,
&quot;shorter&quot;: &#039;Wed&#039;,
&quot;shortest&quot;: &#039;We&#039;},
{&quot;b_is_weekend&quot;: parseInt( &#039;&#039; ),
&quot;b_number&quot;: parseInt(&#039;4&#039;),
&quot;name&quot;: &#039;Thursday&#039;,
&quot;short&quot;: &#039;Thu&#039;,
&quot;shorter&quot;: &#039;Thu&#039;,
&quot;shortest&quot;: &#039;Th&#039;},
{&quot;b_is_weekend&quot;: parseInt( &#039;&#039; ),
&quot;b_number&quot;: parseInt(&#039;5&#039;),
&quot;name&quot;: &#039;Friday&#039;,
&quot;short&quot;: &#039;Fri&#039;,
&quot;shorter&quot;: &#039;Fri&#039;,
&quot;shortest&quot;: &#039;Fr&#039;},
{&quot;b_is_weekend&quot;: parseInt( &#039;1&#039; ),
&quot;b_number&quot;: parseInt(&#039;6&#039;),
&quot;name&quot;: &#039;Saturday&#039;,
&quot;short&quot;: &#039;Sat&#039;,
&quot;shorter&quot;: &#039;Sat&#039;,
&quot;shortest&quot;: &#039;Sa&#039;},
{&quot;b_is_weekend&quot;: parseInt( &#039;1&#039; ),
&quot;b_number&quot;: parseInt(&#039;7&#039;),
&quot;name&quot;: &#039;Sunday&#039;,
&quot;short&quot;: &#039;Sun&#039;,
&quot;shorter&quot;: &#039;Sun&#039;,
&quot;shortest&quot;: &#039;Su&#039;},
{}],
b_group: [],
b_simple_weekdays: [&#039;Mo&#039;,&#039;Tu&#039;,&#039;We&#039;,&#039;Th&#039;,&#039;Fr&#039;,&#039;Sa&#039;,&#039;Su&#039;],
b_simple_weekdays_for_js: [&#039;Mon&#039;,&#039;Tue&#039;,&#039;Wed&#039;,&#039;Thu&#039;,&#039;Fri&#039;,&#039;Sat&#039;,&#039;Sun&#039;],
b_long_weekdays: [&#039;Monday&#039;,&#039;Tuesday&#039;,&#039;Wednesday&#039;,&#039;Thursday&#039;,&#039;Friday&#039;,&#039;Saturday&#039;,&#039;Sunday&#039;],
b_short_months: [&#039;January&#039;,&#039;February&#039;,&#039;March&#039;,&#039;April&#039;,&#039;May&#039;,&#039;June&#039;,&#039;July&#039;,&#039;August&#039;,&#039;September&#039;,&#039;October&#039;,&#039;November&#039;,&#039;December&#039;],
b_short_months_abbr: [&#039;Jan&#039;,&#039;Feb&#039;,&#039;Mar&#039;,&#039;Apr&#039;,&#039;May&#039;,&#039;Jun&#039;,&#039;Jul&#039;,&#039;Aug&#039;,&#039;Sep&#039;,&#039;Oct&#039;,&#039;Nov&#039;,&#039;Dec&#039;],
b_year_months: {
&#039;2023-9&#039;: {&#039;name&#039;: &#039;September 2023&#039; },
&#039;2023-10&#039;: {&#039;name&#039;: &#039;October 2023&#039; },
&#039;2023-11&#039;: {&#039;name&#039;: &#039;November 2023&#039; },
&#039;2023-12&#039;: {&#039;name&#039;: &#039;December 2023&#039; },
&#039;2024-1&#039;: {&#039;name&#039;: &#039;January 2024&#039; },
&#039;2024-2&#039;: {&#039;name&#039;: &#039;February 2024&#039; },
&#039;2024-3&#039;: {&#039;name&#039;: &#039;March 2024&#039; },
&#039;2024-4&#039;: {&#039;name&#039;: &#039;April 2024&#039; },
&#039;2024-5&#039;: {&#039;name&#039;: &#039;May 2024&#039; },
&#039;2024-6&#039;: {&#039;name&#039;: &#039;June 2024&#039; },
&#039;2024-7&#039;: {&#039;name&#039;: &#039;July 2024&#039; },
&#039;2024-8&#039;: {&#039;name&#039;: &#039;August 2024&#039; },
&#039;2024-9&#039;: {&#039;name&#039;: &#039;September 2024&#039; },
&#039;2024-10&#039;: {&#039;name&#039;: &#039;October 2024&#039; },
&#039;2024-11&#039;: {&#039;name&#039;: &#039;November 2024&#039; },
&#039;2024-12&#039;: {&#039;name&#039;: &#039;December 2024&#039; }
},
b_user_is_new: 1,
b_is_landing : 1,
b_user_auth_level_is_none: 1,
b_is_fb_safe: 1,
b_is_app: 1,
first_page_of_results: true,
b_partner_id: &#039;1&#039;,
b_is_destination_finder_supported: 0,
b_is_dsf: 0,
b_pr_param: &#039;&#039;,
/*
*/
feature_profile_split_sb_checkbox: 1,
usp_overlay: [{
title: &quot;Book now, pay when you stay!&quot;,
body: &quot;With FREE cancellation on most rooms&quot;
},{
title: &quot;Booking is safe&quot;,
body: &quot;When you book with us your details are protected by a secure connection.&quot;
},{
title: &quot;Unbiased reviews&quot;,
body: &quot;293,930,000 verified reviews&quot;
},
],
usp_sr_load_budget_title: &quot;Access lower prices&quot;,
usp_sr_load_budget_body: &quot;Sign in and look out for Secret Deals&quot;,
inandaround_more: &quot;More&quot;,
b_signup_iframe_url: &#039;https://secure.booking.com&#039; + &#039;/login.html?tmpl=profile/signup_after_subscribe&#039; + &#039;&amp;lang=en-us&#039; ,
b_exclude_lang_firstname: 0,
enter_dates_to_see_prices: &#039;enter your check-in and check-out dates in the search box on the left to see the exact room prices for your stay and to be able to sort by price.&#039;,
b_available_hotels: 0,
view_prices_enter_dates: &#039;To view prices and availability, please enter your dates.&#039;,
b_total_selected_filters: &quot;&quot;,
b_current_page_nr: 1,
b_order : &quot;&quot;,
autocomplete_categories: {
city: &#039;Cities&#039;,
region: &#039;Regions&#039;,
airport: &#039;Airports&#039;,
hotel: &#039;Hotels&#039;,
landmark: &#039;Landmarks&#039;,
country: &#039;Countries&#039;,
district: &#039;Districts&#039;,
theme: &#039;Themes&#039;
},
autocomplete_skip_suggestions: &#039;Search for more options&#039;,
autocomplete_counter_label: &#039;Properties nearby&#039;,
autocomplete : {
property_nearby: &#039;1 property nearby&#039;,
properties_nearby: &#039; properties nearby&#039;,
hotel: &#039;property&#039;,
hotels: &#039;properties&#039;,
hotels_nearby: &#039;Properties nearby&#039;
},
lists: {
collection: [
{
id: &quot;0&quot;,
name: &quot;My next trip&quot;,
hotels_count: &quot;0&quot;
}
]
},
touch_os: false,
calendar_days_allowed_number: 351,
b_search_max_months: 16,
b_run_ge_new_newsletter_login: 1,
b_password_strength_msg: [&#039;Not long enough&#039;,&#039;Weak&#039;,&#039;Fair&#039;,&#039;Good&#039;,&#039;Strong&#039;,&#039;Very Strong&#039;],
b_passwd_min_length_error: &#039;Password needs to be at least 8 characters long&#039;,
b_password_must_be_numeric: &#039;Your booking\&#039;s PIN code should contain 4 digits. Please try again.&#039;,
b_bkng_nr_must_be_numeric: &#039;Your booking number should contain 9 digits. Please try again.&#039;,
b_blank_numeric_pin: &#039;Please enter your booking\&#039;s PIN code.&#039;,
b_blank_bkng_nr: &#039;Please enter your booking number.&#039;,
password_cant_be_username: &#039;Your password can\&#039;t be the same as your email address&#039;,
b_show_passwd: &#039;View password&#039;,
b_passwd_tooltip: &#039;Include capital letters, special characters, and numbers to increase your password strength&#039;,
account_error_add_password: &#039;Please add a password&#039;,
password_needs_8: &#039;Password needs to be at least 8 characters long&#039;,
error_sign_up_password_email_combo_01: &#039;Please check your email address or password and try again.&#039;,
social_plugins_footer: 1,
b_lazy_load_print_css: 1,
print_css_href: &#039;https://cf.bstatic.com/static/css/print/0cc4ce4b7108d42a9f293fc9b654f749d84ba4eb.css&#039;,
&#039;component/dropdown-onload-shower/header_signin_prompt&#039; : {
b_action: &quot;searchresults&quot;
},
b_hostname_signup: &quot;www.booking.com&quot;,
b_nonsecure_hostname: &quot;https://www.booking.com&quot;,
b_nonsecure_hostname_signup: &quot;https://www.booking.com&quot;,
b_fd_searchresults_url_signup: &quot;&quot;,
translation_customer_service_which_booking_no_specific: &#039;No specific reservation&#039;,
stored_past_and_upcoming_bookings: [
],
global_translation_tags: {&quot;zwsp&quot;:&quot;\u200b&quot;,&quot;rlm&quot;:&quot;\u200f&quot;,&quot;lrm&quot;:&quot;\u200e&quot;,&quot;line_break&quot;:&quot;\u003cbr\u003e&quot;,&quot;one_dot_leader&quot;:&quot;\u2024&quot;,&quot;nbsp&quot;:&quot;&amp;nbsp;&quot;},
b_rackrates_monitoring_running: true,
b_wishlist_referrer : &#039;&#039;,
b_reg_user_last_used_wishlist: &quot;&quot;,
b_reg_user_wishlist_remaining: 1,
is_user_center_bar: 1,
b_site_experiment_user_center_bar: 1,
b_reg_user_is_genius : &quot;&quot;,
profile_menu: {
b_user_auth_level: 0,
b_domain_for_app: &quot;https://www.booking.com&quot;,
b_query_params_with_lang_no_ext: &quot;&quot;,
b_travel_comm_url_with_lang: &quot;https://community.booking.com/?profile.language=en&quot;,
b_action: &quot;searchresults&quot;,
b_site_info: {&quot;is_bookings_owned&quot;:1,&quot;is_iam_auth_allowed&quot;:1},
b_site_type: &quot;www&quot;,
b_companyname: &quot;Booking.com&quot;,
b_reg_user_full_name: &quot;&quot;,
b_is_genius_branded: &quot;0&quot;,
b_reg_user_is_genius: &quot;&quot;,
b_genius_dashboard_expiry_destfinder_url: &quot;https://www.booking.com/destinationfinderdeals.html;genius_deals_mode=1&amp;genius_next_weekend=1&quot;,
b_reg_user_last_used_wishlist: &quot;&quot;,
b_genius_product_page_url: &quot;https://www.booking.com/genius.html&quot;,
b_reg_user_five_bookings_challenge: &quot;&quot;,
b_reg_user_detail_name_email_hash: &quot;&quot;,
b_user_is_grap_eligible: &quot;&quot;,
b_grap_remove_raf_checks: 1,
b_is_bbtool_admin: &quot;&quot;,
b_is_bbtool_user: &quot;&quot;,
fe_bbtool_permission_is_connected_to_bbtool: &quot;&quot;,
fe_this_url_travel_purpose_business: &quot;https://secure.booking.com/company/search.html&quot;,
fe_this_url_travel_purpose_leisure: &quot;https://www.booking.com/index.html&quot;,
fe_reservations_url_travel_purpose_business: &quot;https://secure.booking.com/company/reservations.html&quot;,
fe_reservations_url_travel_purpose_leisure: &quot;https://secure.booking.com/myreservations.html&quot;,
fe_my_settings_url: &quot;https://account.booking.com/oauth2/authorize?aid=304142;client_id=d1cDdLj40ACItEtxJLTo;redirect_uri=https%3A%2F%2Faccount.booking.com%2Fsettings%2Foauth_callback;response_type=code;state=UoICIu1Wawh6IYmrdWEynauLV4oLZBlohNiTvUV7SxZP7rHvIePriZ39InuJGgHWjpV5qctT3dlr5qGMKpiIADhN0Hm5X0vWdgT4T-lMniJl054AECVizfW-DUwZWwSuDfNEwy1zQJ55_9IwnwtikMyoYZ8qRujzOiULbdQL3np8EtRJv56oRXVXNwxHwey3wFZ5sfTZGGoUkR4jkx2s0xS7Fq8mG-RlZZHbAinN4gOI3ON4DW4Rx9BMzxLHh5oR9-8t5KO31AvQHJTW-6tjybruMfcMdKupAT-IfO9vitAluR6UMmfhjO418bPK2pRLFxO0aTET1XIAwzk443adyqwMIVLu&quot;,
fe_my_settings_url_travel_purpose_business: &quot;https://secure.booking.com/mysettings.html&quot;,
fe_my_settings_url_travel_purpose_leisure: &quot;https://secure.booking.com/mysettings.html&quot;,
fe_bbtool_can_see_tool_promos: &quot;1&quot;,
fe_bbtool_can_see_tool_promos: &quot;1&quot;,
fe_bbtool_blackout_user_company: &quot;&quot;,
fe_bbtool_redirect_personal_to_index: 1,
b_reg_user_company_name: &quot;&quot;,
b_reg_user_company_name_escaped: &quot;&quot;,
b_reg_user_companyjoin_url: &quot;&quot;,
b_bbtool_product_page_url: &quot;https://www.booking.com/business.html&quot;,
b_is_ie7: &quot;&quot;,
b_this_url: &quot;/searchresults.html?dest_id=261060;dest_type=landmark;si=ai%2Cco%2Cci%2Cre%2Cla%2Cdi&amp;&quot;,
b_lang_for_url: &quot;en-us&quot;,
b_secure_hostname: &quot;https://secure.booking.com&quot;,
b_nonsecure_hostname: &quot;https://www.booking.com&quot;,
b_query_params_with_lang: &quot;.html&quot;,
b_query_params_with_lang_no_ext: &quot;&quot;,
b_travel_comm_url_with_lang: &quot;https://community.booking.com/?profile.language=en&quot;,
b_query_params_delimiter: &quot;&amp;&quot;,
b_reg_user_detail_dashboard_url: &quot;&quot;,
b_is_reg_user_city_guide_in_lang_available: &quot;0&quot;,
b_aspiring_user_fifth_booking_ufi : &quot;&quot;,
b_reg_user_aspiring_data: &quot;&quot;,
b_dummy_var_for_trailing_comma: false,
b_ip_country: &quot;&quot;,
b_guest_country: &quot;us&quot;,
b_agent_is_no_robot: &quot;&quot;,
b_page_name : &quot;searchresults&quot;,
b_landingpage_theme_type: &quot;&quot;,
b_brewards_account_details: &quot;&quot;,
b_upcoming_rewards: &quot;&quot;,
b_rewards_reminder_is_on: 1,
fe_rewards__game_over: &quot;1&quot;,
loyalty_program_rules: &quot;&quot;,
loyalty_program_status: &quot;&quot;,
loyalty_program_bonus_url: &quot;&quot;,
b_brewards_loyalty_program_account_type: &quot;&quot;,
b_user_has_mobile_app: &quot;&quot;,
b_aid: 304142,
b_label: &quot;gen000nr-10CAQoggJCD2xhbmRtYXJrXzI2MTA2MEgzWARo7AGIAQGYATO4AQXIAQXYAQPoAQH4AQGIAgGoAgG4AtrfkKgGwAIB0gIkOWIzM2E5MTMtNDMwZC00YzZmLTg5Y2ItZmU2OWJjYjc3MDc02AIB4AIB&quot;,
fe_show_travel_communities_menu_item: 1,
fe_user_can_see_company_reservations: null,
b_oauth_client_id: &quot;vO1Kblk7xX9tUn2cpZLS&quot;,
b_sso_logout_url: &quot;&quot;,
b_sso_logout_callback_url: &quot;&quot;,
fe_sso_logout_state: &quot;&quot;,
fe_blackout_mydashboard: &quot;&quot;,
fe_user_menu_aspiring_genius_link: false
},
accounting_config: {&quot;symbol_position&quot;:{&quot;RON&quot;:&quot;after&quot;,&quot;CZK&quot;:&quot;after&quot;,&quot;default&quot;:&quot;before&quot;,&quot;PLN&quot;:&quot;after&quot;},&quot;html_symbol&quot;:{&quot;XPF&quot;:&quot;CFP&quot;,&quot;IDR&quot;:&quot;Rp&quot;,&quot;INR&quot;:&quot;Rs.&quot;,&quot;CZK&quot;:&quot;K&amp;#269;&quot;,&quot;EUR&quot;:&quot;&amp;#x20AC;&quot;,&quot;SGD&quot;:&quot;S$&quot;,&quot;PHP&quot;:&quot;&amp;#8369;&quot;,&quot;PLN&quot;:&quot;z&amp;#x0142;&quot;,&quot;BRL&quot;:&quot;R$&quot;,&quot;ARS&quot;:&quot;AR$&quot;,&quot;USD&quot;:&quot;$&quot;,&quot;CLP&quot;:&quot;CL$&quot;,&quot;ILS&quot;:&quot;&amp;#x20AA;&quot;,&quot;RON&quot;:&quot;lei&quot;,&quot;TRY&quot;:&quot;TL&quot;,&quot;JPY&quot;:&quot;&amp;#165;&quot;,&quot;HKD&quot;:&quot;HK$&quot;,&quot;GBP&quot;:&quot;&amp;#163;&quot;},&quot;decimal_separator&quot;:{&quot;default&quot;:&quot;.&quot;},&quot;currency_separator&quot;:{&quot;USD&quot;:&quot;&quot;,&quot;default&quot;:&quot;&amp;nbsp;&quot;,&quot;JPY&quot;:&quot;&quot;,&quot;GBP&quot;:&quot;&quot;},&quot;num_decimals&quot;:{&quot;PYG&quot;:0,&quot;COP&quot;:0,&quot;ISK&quot;:0,&quot;OMR&quot;:3,&quot;IQD&quot;:3,&quot;KWD&quot;:3,&quot;RWF&quot;:0,&quot;CLP&quot;:0,&quot;KRW&quot;:0,&quot;HUF&quot;:0,&quot;JOD&quot;:3,&quot;XOF&quot;:0,&quot;MZM&quot;:0,&quot;DJF&quot;:0,&quot;BHD&quot;:3,&quot;BYR&quot;:0,&quot;UGX&quot;:0,&quot;JPY&quot;:0,&quot;VND&quot;:0,&quot;ECS&quot;:0,&quot;RUB&quot;:0,&quot;TWD&quot;:0,&quot;GNF&quot;:0,&quot;MGA&quot;:0,&quot;VUV&quot;:0,&quot;KMF&quot;:0,&quot;AFA&quot;:0,&quot;XPF&quot;:0,&quot;IDR&quot;:0,&quot;TMM&quot;:0,&quot;TND&quot;:3,&quot;LYD&quot;:3,&quot;XAF&quot;:0,&quot;TJR&quot;:0,&quot;BIF&quot;:0,&quot;default&quot;:2,&quot;LAK&quot;:0},&quot;group_separator&quot;:{&quot;default&quot;:&quot;,&quot;}},
distance_config: &quot;imperial_us&quot;,
is_user_from_us: 1,
is_listview_page: true,
b_this_weekend_checkin: &quot;&quot;,
b_this_weekend_checkout: &quot;&quot;,
b_next_weekend_checkin: &quot;&quot;,
b_next_weekend_checkout: &quot;&quot;,
b_official_continent: &quot;&quot;,
b_deals_continents : &quot;&quot;,
tpi_sr_squeaks: {
price_display_us: [
[
&#039;cCcCcCFBaILQLbcZTTEZYUbBaPPYEIUVNKe&#039;,
&#039;cCcCcCFBaILQLbcZTTEZYUbBbMeeBXO&#039;,
&#039;cCcCcCFBaILQLbcZTTEZYUbBaHAYfcC&#039;
],
[
&#039;cCcCcCFBaILQLbcZTTEZYUbfaPPYEIUVNKe&#039;,
&#039;cCcCcCFBaILQLbcZTTEZYUbfbMeeBXO&#039;,
&#039;cCcCcCFBaILQLbcZTTEZYUbfaHAYfcC&#039;
]
]
},
fe_feature_running_TPI_TEST_SR_PP_GLOBAL_SWITCH: 1,
b_messenger_url: &#039;&#039;,
b_open_messenger: false,
b_is_asian_user: &#039;&#039;,
b_days_to_checkin: &#039;&#039;,
b_extra_ajax_headers: {},
et_debug_level: &#039;0&#039;,
notification_squeaks: {
},
fe_is_cname_cobrand_header_available: &#039;&#039;,
wl_squeak: {
open_wishlist_from_sr: &#039;ZQafLebbMTSWYO&#039;,
create_wishlist_from_sr: &#039;bYDXYFdKMDNdEPUUORe&#039;,
},
genius_vip_squeaks: {
gnsSpun_bannerView_sr: &#039;TDXRPCTOYESVCMIWIOQHFRYTKe&#039;,
gnsSpun_bannerCtaClick_sr: &#039;TDXRPCTOYESVCMIWIAHIcaWGNPZSCHT&#039;,
gnsSpun_bannerDismiss_sr: &#039;TDXRPCTOYESVCMIJeBObVIScORe&#039;,
gnsSpun_modalView_sr: &#039;TDXRPCTOYESEIEYXWCcYbaBORe&#039;,
gnsSpun_modalCtaClick_sr: &#039;TDXRPCTOYESEIEYXWIYKdVaQBYNZWYO&#039;,
gnsInsCrd_bannerView_sr: &#039;TDXRPVRBKKJVbFPbVCMIWIOQHFRYTKe&#039;,
gnsInsCrd_bannerCtaClick_sr: &#039;TDXRPVRBKKJVbFPbVCMIWIAHIcaWGNPZSCHT&#039;,
gnsInsCrd_bannerDismiss_sr: &#039;TDXRPVRBKKJVbFPbVCMIJeBObVIScORe&#039;,
gnsInsCrd_modalView_sr: &#039;TDXRPVRBKKJVbFPbEIEYXWCcYbaBORe&#039;,
gnsInsCrd_modalCtaClick_sr: &#039;TDXRPVRBKKJVbFPbEIEYXWIYKdVaQBYNZWYO&#039;,
gnsBkun_bannerView_sr: &#039;TDXRPVReBZAPXPRLaWNBALOCHT&#039;,
gnsBkun_bannerCtaClick_sr: &#039;TDXRPVReBZAPXPRLaWBXFJVGSBBNHUC&#039;,
gnsBkun_bannerDismiss_sr: &#039;TDXRPVReBZAPXPRLSZWcPXQUWYO&#039;,
gnsBkun_modalView_sr: &#039;TDXRPVReBZAZXDOXVaUSIcCWYO&#039;,
gnsBkun_modalCtaClick_sr: &#039;TDXRPVReBZAZXDOXVaSXbfIAbSOBYTKe&#039;,
gnsInsDisc_bannerView_sr: &#039;TDXRPVRBKKQUYBFLLREHGVaUSIcCWYO&#039;,
gnsInsDisc_bannerCtaClick_sr: &#039;TDXRPVRBKKQUYBFLLREHGVaSXbfIAbSOBYTKe&#039;,
gnsInsDisc_bannerDismiss_sr: &#039;TDXRPVRBKKQUYBFLLREHGbNHNERGeaUC&#039;,
gnsc_banner_view_from_sr: &#039;TDXRcJJKDKGbADNYTKe&#039;,
gnsc_banner_cta_click_from_sr: &#039;TDXRcJJKDKGdBfdJTSWYO&#039;,
gnsc_banner_dismiss_from_sr: &#039;TDXRcJJKDKGAYRGefUUORe&#039;,
gnsi_banner_view_from_sr: &#039;TDXReAJKDKGbADNYTKe&#039;,
gnsi_banner_cta_click_from_sr: &#039;TDXReAJKDKGdBfdJTSWYO&#039;,
gnsi_banner_dismiss_from_sr: &#039;TDXReAJKDKGAYRGefUUORe&#039;,
gnsOnbe_modalView_sr: &#039;TDXRPCTDfELZXDOXVaUSIcCWYO&#039;,
gnsOnbe_modalCtaClick_sr: &#039;TDXRPCTDfELZXDOXVaSXbfIAbSOBYTKe&#039;,
},
map_open_sr_hp_squeaks: {
mapOpenInSearchResultsOrHotelPage: &#039;YdXfTQdcLDWNXFBYT&#039;,
},
trip_types_squeaks : {
ski_sr_d_map_no_lift_markers:&#039;cJaUWbTQCMVCDODXPdRe&#039;,
beach_sr_d_map_no_beach_markers:&#039;YWYHaUWbTQCMYWYHfREFHT&#039;,
beach_sr_d_map_no_beaches_nearby:&#039;YWYHaUWbTQCMYWYHAbASKFWe&#039;,
beach_sr_d_panel_response_error:&#039;YWYHaUWbIXcYQFNSebRaTMDLfOFHe&#039;,
beach_sr_d_async_scripts_failed:&#039;YWYHaUWbCFeZIJDeJYQTfPIEaFXPGO&#039;,
ski_sr_d_panel_response_error:&#039;cJaUWbIXcYQFNSebRaTMDLfOFHe&#039;,
dummyvar:false
},
insurance_squeaks : {
mfe_ready: &#039;fFaMLVBGVPLXNWSLT&#039;,
quote_reference_received: &#039;fFaMLAeUVKZMRKIOfFRJXZMHbAae&#039;,
insurance_received: &#039;fFaMLVDERdafXdDEAJLT&#039;
},
trackExperiment : function () {},
&quot;error&quot; : {}
},
ensureNamespaceExists: function (namespaceString) {
if (!booking[namespaceString]) {
booking[namespaceString] = {};
}
}, hotel: {}, experiments: {}, startup: {}, experiments_load: {}, startup_load: {}, promotions: {}, timestamp: new Date()};
function Tip() {};
(function (scope) {
booking.env.b_sb_autocomplete_predictions_url = &#039;/autocomplete_csrf&#039;;
booking.env.b_sb_autocomplete_predictions_method = &#039;GET&#039;;
booking.env.b_sb_googleplaces_carrier_url = &#039;https://carrier.booking.com/google/places/webautocompletesimple&#039;;
booking.env.b_sb_googleplaces_carrier_method = &#039;POST&#039;;
var params = scope.search_autocomplete_params = {};
params.v = &#039;1&#039;;
params.lang = &#039;en-us&#039;;
params.sid = &#039;90259e8437c6096c4ee27fece820d9ea&#039;;
params.aid = &#039;304142&#039;;
params.pid = &#039;7c9c48ada4eb027a&#039;;
params.stype = &#039;1&#039;;
params.src = &#039;searchresults&#039;;
params.eb = &#039;0&#039;;
params.e_obj_labels = &#039;1&#039;;
params.context_dest_type = &#039;city&#039;;
params.context_dest_id = &#039;&#039;;
params.e_tclm = 1;
params.add_themes = &#039;1&#039;;
params.themes_match_start = &#039;1&#039;;
params.include_synonyms = &#039;1&#039;;
}(window.autocomplete_vars || booking.env));
&lt;/script&gt;
&lt;script nonce=&quot;Y346mIyU7Ic0W43&quot;&gt;var _gaq = _gaq || [];&lt;/script&gt;
&lt;!--[if IE]&gt; &lt;script nonce=&quot;Y346mIyU7Ic0W43&quot;&gt; document.createElement(&#039;time&#039;); &lt;/script&gt; &lt;![endif]--&gt;
&lt;script nonce=&quot;Y346mIyU7Ic0W43&quot;&gt;
booking.jset = {&quot;f&quot;:{&quot;TDXDPZDcVDFXBeVYHeaABTVZMYCdKNKNKWe&quot;:1,&quot;AdZZdRdJceOAbWTEQAOFUIEFGWe&quot;:2,&quot;TeCOeJPLccGSOROQSaWeVPBQeLT&quot;:1,&quot;aaOCZFIMNRXQEFGQUSMOTaWYdcAKWLQLANUYKe&quot;:2,&quot;YQKSXPTLKGBfSOEYfDeZNMLTKe&quot;:1,&quot;BCVPeUIeLLWbTUTZCWTYKe&quot;:1,&quot;HWAFYNFIYJKOFKe&quot;:1,&quot;HMbdfOYFfdXUDPBSBOFO&quot;:1,&quot;eWHMcCcCcCDSDVLHANDedLNNQecOfVQUcCAFC&quot;:1,&quot;aaOCZDSSYZTNReKaKHeFUHDJbZJae&quot;:3,&quot;TeCOeJPQWMMBTTBWWSccYAHYcGfHAFGSPRLRMLFSWe&quot;:1,&quot;BHDTJdReQHUYPUAdQMWXZSPDECBKe&quot;:1,&quot;HWAFYYNcJC&quot;:1,&quot;eDTANZCLVXcfSJbQFdMdbDcHDQITFSYYBae&quot;:1,&quot;HWAFYTbVDPBSEKXO&quot;:1,&quot;PcVJZTOeTFVHPPYQKZabbUSUTIZQXbLVWCOOFPdaDHWFZDNLOLOLMO&quot;:1,&quot;HMbBXafdZeNTTSbWNWe&quot;:1,&quot;OaaKQZZMcTcaWQOcZbFHZRTYC&quot;:1,&quot;YWYHfUDeATPRXUBO&quot;:2,&quot;eWHMHMbMFJQPYVQOCaGGTUSGbHXe&quot;:1,&quot;OaaKLXcCHHRHaNALMHWadMbHAcLRaO&quot;:1,&quot;NVNZYeJeVYZXDMUBdAURAfPVT&quot;:1,&quot;NAFQVUNOdOKBBIUJLMJLBWHcPTceMbVZEHe&quot;:1,&quot;INLGPZPfECIAEKKUHAbECHTeYT&quot;:1,&quot;AEJPECVVDWCPBfIHSHFTAcET&quot;:1,&quot;cCHObdRdJJXRDVMDTEHAFPRJdUDEYIbaTaTaET&quot;:1,&quot;OaaKQZZMcTcYNaXTbEdHOUfBOVXXe&quot;:1,&quot;HWAFYBfPDBdRWMPNSICDdDSdVLT&quot;:1,&quot;NAFQVUNOdOKBBIUJLMJGOGHaZFTeeLFXGDNYcKYO&quot;:1,&quot;PUTVdBaUEIQWCHeLIZQTZOUdTWPHDDWe&quot;:1,&quot;HCLeAeMUbZFVIQHNVCOBYPQBTbedcbOWSUISRe&quot;:1,&quot;NVFVcfTbdNNSYHXTOJDNFIaUJdDBKFRURURHe&quot;:1,&quot;YTBTRYPOHBdEPUUTDUAAdLOSbZHaO&quot;:2,&quot;YTBUIHOdEaJPGAAQecGKSGOAIEHT&quot;:1,&quot;eWfbWNZFXFBcEeYTBNZfAC&quot;:1,&quot;dLcXJeITPMOfIWe&quot;:1,&quot;OMZCBKeJfFdHMAZTfTLKGBfC&quot;:1,&quot;bQbYWXFZEVWKMTUBVXaCNFOOIBTBFO&quot;:2,&quot;NAREFcCcCcCFcFFWECHTeUVIZdRRT&quot;:1,&quot;NVNZWUHVSeAcfeJWGaRBQBXRAXZZXIVXSKTNC&quot;:1,&quot;HWAFYecGbRbVSWbIeZYO&quot;:1,&quot;INQHUNRAZUffECIAEKKUHAbINOffNcUUZabSXT&quot;:1,&quot;NAREDMDRSLQKQYENJePBdEeZONZXPKbSJUAFET&quot;:1,&quot;aXTfHAEDCDWOOWbWOOFIEaFdOUZMBOHRXUbZFLMZGHCTRdIGZHT&quot;:1,&quot;HMbAURAfPMEPSUNCMJbcHCGWVUNZdeLEcaDfecYTET&quot;:1,&quot;OMEIZEHbaTaTaBdJdHPHFAUADHSdVXSAC&quot;:1,&quot;OTfdASFXOVAUVSZYdFfGEXGO&quot;:1,&quot;cLdOKVFJFJcGaNVKMNCSJTeCOMKGWe&quot;:1,&quot;aaMLFHSWedNTUQODPMPSXWe&quot;:1,&quot;bLdLOLOLOINUKVacWXT&quot;:1,&quot;eWfbUTPIFbNXGDJEHJfNYTFIYREHGWXdIZDFC&quot;:1,&quot;HWAFYbIeIPNQBDUMAPNZfAC&quot;:1,&quot;eEBZFJZeOQZGfeAQJTZdbfZFXAWDOCTKe&quot;:1,&quot;eDTANZIICNAAREaQRVOZXQEBJGdYO&quot;:1,&quot;NNZVPXPLKNdQZfFZHDUFYQFMTfcQQCNBaFO&quot;:1,&quot;adUAVYCdFNLBdLEccZHEHFDcHOReeYaAFZKXe&quot;:1,&quot;BCIKSTPFeZKUIRSNWXFZEVC&quot;:1,&quot;INLYMdbPDGYUJIVO&quot;:1,&quot;BCEQAeMZeEOHGZGbDYBZeEGGNPbaae&quot;:1,&quot;ODRdHUNZWODDRYGPCJKDKGNET&quot;:1,&quot;HUJSESQUPMcPXPRQAURAfPMcCcCcCC&quot;:1,&quot;IZVBETWRGEAJbVZTUPUOeMO&quot;:1,&quot;eEBZFJZeOQPCbaTCMDedeFfeYDdLKFTEaXCfAMO&quot;:1,&quot;IZVGPRFfEFKYOeeOZbNFbKHDHT&quot;:1,&quot;ZHCDCaGbXDWPPYcGCHOfTDOCROMYWe&quot;:1,&quot;BCdGNQbHVEZYeNbNEIIYIEbC&quot;:1,&quot;IZVGHeCXLHbVFfFeNDYTUET&quot;:1,&quot;NNSCZWXFGdVacDdMUNPYSbSCZC&quot;:1,&quot;YRdUWRSAGWVCMIQZZFfJKDKe&quot;:1,&quot;TfNZeFOBcQYIMdUKfbJWUIFebdaROKe&quot;:1,&quot;AdPcRXUWLdTWeDfBAKTRe&quot;:1,&quot;NAREFEJKaEcZGccARTKeeHRbdFIKe&quot;:1,&quot;cCHObVZMYCECVVDJIGdYeNCFWXFZEVC&quot;:1,&quot;cJaUFIMNSeCXYHMNfUUcJaXJVT&quot;:1,&quot;ZHCDCaGbXDWPPNeJfebBGSEbdETfHFBOLO&quot;:1,&quot;YTBYNJXCcTFDERXC&quot;:1,&quot;dLYHMRFeRQePeEBARCLFNZfKXe&quot;:1,&quot;OJVZABYfQPNTDEDRcQFRURURHe&quot;:1,&quot;OOIBTBBLXOLDEZRdZbVeUPXKECHTeYT&quot;:1,&quot;HWAFYEETfYPadRWSEUNPLHJdFO&quot;:1,&quot;AdRYZDEfVCfLPJCQfC&quot;:1,&quot;aXTbSFHMHHVbReIYaaTLbFFceHEVJZdLHNLLWXFZEVC&quot;:1,&quot;BKeWIEcYTBHaZFbQaSINbEYULaIORe&quot;:1,&quot;IZVBEJTVFbXUCeeDNQUZARYfYO&quot;:1,&quot;NVNZWUaMZXRURNeJMBYGaePTWEUVVOHT&quot;:1,&quot;ZOOKTfGCbLFcDUMAPYTcHVPHVFCcVTcVAWaWe&quot;:1,&quot;NAZSNMKQKDJIHRXMJGBcNBRUDKe&quot;:1,&quot;NVNZYeJOHSFAFfffPHZeKGNVFKaOLYANAadcHe&quot;:1,&quot;HWAFYEETfYPadLCcAWTWMRPBMO&quot;:1,&quot;aWQOcYTBYRYNZQdOFfQdIKGPAMXT&quot;:1,&quot;AEUaYPZPXdMOfHYKPJUcdWCZAKfKdCHT&quot;:1,&quot;eDUdGVHMLMBafJDIKdFHaO&quot;:1,&quot;PPXGFRURURYTfeMcHBcGcIJKae&quot;:1,&quot;TDUCDBOSEbWcXAcDTdUEcZIeZMC&quot;:1,&quot;cCHObIVIADIBNGSdONbCNLOLOLOBFO&quot;:1,&quot;aWQOcYTBbJfEDVacDdQeRHfAOZEVaNdCYO&quot;:1,&quot;aXTfHAEDISIBTVZMYCEbWccPcNPMAOebQAC&quot;:2,&quot;ZcSIcceNSeONWHJNbPMYRedfPIO&quot;:1,&quot;eRYPHEDNPbVUXRBcXAUAQYT&quot;:1,&quot;bQGBVIZdRJEUXPNMPdGIHYKAaaXe&quot;:1,&quot;cJUJSBbSfURSSZRO&quot;:1,&quot;IZVGPRFfEDdeZOHeYHe&quot;:1,&quot;ODRdHUNZWODDRYGPCJKDKaT&quot;:1,&quot;YTBHMGLLZBbKeHAcCOSPJTRHe&quot;:1,&quot;YdXfTQNdeAWNTUMKHSYeGIGWRBQZXRT&quot;:1,&quot;IZVTWRGEAFcFPIWDDJeVGTZVNWe&quot;:1,&quot;OMeRQDSFXZNdMeOXbbFJFUWcaHEdQbUC&quot;:1,&quot;aDMWRfDSdWUUHfLebbMPAFFLKZLXJOfAdIUFZZcO&quot;:1,&quot;YdXfdKNKNKHUFVTELZWDTPMKSGTFBRe&quot;:1,&quot;aWQOcYTBfFdHMePCefAEREHGSXVVQaWe&quot;:1,&quot;ELSXPeJIPQJQVVdNZCALPFZHJKDKGZMO&quot;:1,&quot;OMePCefAERXWeDfBAKae&quot;:2,&quot;BIUJLMFQTXWDTRKecNfdRTKeeZSAGbSBOAIEHT&quot;:1,&quot;cJUJDRSLQKLccGSOFSKe&quot;:1,&quot;cQSXZaTaTaBfFdHMcQYIMdUaMEAbSAccTXYaC&quot;:1,&quot;HMbBbOUOOJVfJFYNSOHXdRT&quot;:1,&quot;ODRdHUYUBBCWbVBaMEAKe&quot;:1,&quot;YdXfdKNKNKZNTbJRXFNMKdSQbFfdOKVSBbQbC&quot;:1,&quot;HMbECYBZSBVKbXJbebZGRGEMEaXGbRbBOFO&quot;:1,&quot;NAFLeOeJYTBeDUfWZJEbOMFcUNbLWZHOaO&quot;:1,&quot;HWAFNeCTZGWJSJPaXfIbOYRLCFC&quot;:1,&quot;aWQOcTEYDMYEPHeOZTZdDC&quot;:1,&quot;BKATYFRURURYVcTQQDAdELHaO&quot;:1,&quot;HMbCXJLbBBcPfSGXAFUTUeedHUHe&quot;:1,&quot;ZdLNKZadWIRcNHTIHRXMJGET&quot;:1,&quot;cCHObIPPQFFTaNFbNXGDJEBBVYYT&quot;:1,&quot;OMTVBENYScXQOVZDOLbFZVGAZKe&quot;:1,&quot;NAFLSRfdQBTFNRaJNVTUNfFHe&quot;:1,&quot;UETTJbZWMZfPAJOBGDIcEbCGHfUNLJWe&quot;:1,&quot;cCcCcCFRZIAKLRQaDHOeWWbedQDIVXO&quot;:1,&quot;HMbMdIXdfdTRVKaMUPTLKGBfSCZC&quot;:1,&quot;INFddKNKNKPfECIAEZKebJARGWe&quot;:2,&quot;bQGBAWQNAcQaPUPcDORMTfLT&quot;:1,&quot;eDSdUaSdFaLbFSMWdTXJbFbRILT&quot;:2,&quot;NAFLfOdASUTbJFSEOUWDKe&quot;:1,&quot;AdZZBOSdQPIMLHFAUADWe&quot;:1,&quot;HWAFNRTKeeWe&quot;:1,&quot;HWAFYTacWCcAeCQeJPVNLIGBSQHe&quot;:1,&quot;AdREFHZUfFfFcYRQKe&quot;:1,&quot;TUSGGWMPAZSEQPDcYWEDPeaHRbdFIbUdYSSae&quot;:1,&quot;HCZANHDdLYBNPLbbHVJNSZWbECVVDC&quot;:1,&quot;YdXfBYbWDbQMdEWGPOAcET&quot;:1,&quot;fXGWECYJeVYSWeUKXYPMC&quot;:1,&quot;HWAFYDEZRdJfdHdFeNfRDHT&quot;:1,&quot;dDfPJNCFGfGfZbCEWZeEHJddEPXeC&quot;:1,&quot;ELSXPeJIPLJPMZWLBebbAPLZDdDC&quot;:1,&quot;HWAFYEEJWcRXZXe&quot;:1,&quot;HMbTYWeLJFBBaMEATfedGbUZWNWe&quot;:1,&quot;IZVTWRGddAbDZdbEWaPPPTJAONJBHe&quot;:1,&quot;GfHOUbeKKZaaNRfBaFKbdKCFKVAFUJC&quot;:1,&quot;cCHObOOYKYYaDcOdJeaILYDCDWOOC&quot;:1,&quot;OAZOXPKSXZAGaaeUbDDJRWLXT&quot;:1,&quot;HWAFYDEZREXOeFaQae&quot;:1,&quot;KHYbYKCUUDNYSKDZSdSUWDaWeVZWNeHO&quot;:2,&quot;aWQOcYTBXXQDZBMLaUC&quot;:1,&quot;ZcSIcceNDSJVGGZYfPXPRLO&quot;:1,&quot;GCSXHHVQIZDFJNLcOdHFOUJPNSIJNGEfZXXddOERe&quot;:1,&quot;aWQOcabcRFYTBAZNdAYfIMOHDDZVSGHNAFSUCKXe&quot;:1,&quot;HVPZdZGIGPefQPTdLBHJPCePWdJNQBUC&quot;:1,&quot;aWQOcYTBbJfEDEIEYIcSTKe&quot;:1,&quot;eEBZFJZeOQPPHFBddQSMaRKXBYCXbBHYBUcRe&quot;:1,&quot;OMIZdFSUCKVBVYYdJTAcHe&quot;:1,&quot;UaDEQSTWeIRdTSEOUWDbXLLXNWSLT&quot;:1,&quot;NAREFcCcCcCDSJRNfbXUCeeWXFZEVC&quot;:1,&quot;AEUaYPZZGbBXafdcaNYCLUWCPFDUC&quot;:1,&quot;AEUaYPZZGbdUJFFSfLXT&quot;:1,&quot;cJUJDRSLQKQScVIQHNMbZfFSfDGYUC&quot;:1,&quot;HWAFNeOYJXAadKfXdfdTSfCSRBRT&quot;:1,&quot;YdXfMTXEUDdHcXJEBSRVfBJZVcRO&quot;:1,&quot;YdXfdKNKNKHUFKYOeeTQIPPSfDcdEWe&quot;:1,&quot;HWAFNeOYDadJJYJO&quot;:1,&quot;fefSCOJZfIZZRAbOOLVBHVaMEAKe&quot;:1,&quot;IZENYPERAMDBcPOeFYeMOKe&quot;:1,&quot;HWLMYCBYabdSOBNSJScFHRe&quot;:1,&quot;HBOAIEcADDbdEPQBTKe&quot;:1,&quot;fefSKeEFVFKOUYLQWXXdVLYLDcDaHYYfPHe&quot;:1,&quot;aWQOcYTBfBZVNLbMBYGUXe&quot;:1,&quot;OMHMbMPMZbFDSFSefWcHSWedNTUQODZSXT&quot;:1,&quot;EGTUSGbIXRRBeaLdFMO&quot;:1,&quot;YTcEJKaEcGdNOOEPFWJVcTC&quot;:1,&quot;AZTaHZeDUHYaXFZPeZYUbQWe&quot;:1,&quot;cCHObVZMYCAFFQZcNKNMC&quot;:2,&quot;YCObQGWUJXDBWZPOeVSTEYT&quot;:1,&quot;aaAJYBARWSECRAOAcEUC&quot;:1,&quot;OOIBTCeMJYGIHRbdFIKe&quot;:1,&quot;HWAFNeOYJIJUcO&quot;:1,&quot;GCNJFZdOaBZCSZYXMPXMRUMVMXT&quot;:1,&quot;AdZZBOSdQZEdHOUbIVFGWfdTUC&quot;:1,&quot;cCEaLMWCJCCLOHVZBYWbMC&quot;:1,&quot;BIUJLMWSUIQHeSAdCMdIXdfdTJTRNRfTUKe&quot;:1,&quot;aXbSbcYWYHfAJYWYHacCbcMLaC&quot;:1,&quot;IZTYBKFeaSLAZWAcJXZMbSFBO&quot;:1,&quot;HMbVAbHT&quot;:1,&quot;aXbISHcAaZEYbJeDIBLGafAPeHT&quot;:1,&quot;OOGbIFBUMEfTQJNDYBFKYOeeIKdFHaO&quot;:1,&quot;aXTbSFYTBHMHHVbReIYGYfPNPcRXJdDBKSaTfRe&quot;:1,&quot;HWAFYDEZREPVIRPQJbSYT&quot;:1,&quot;NAREFBCdEcXUFcNQFBNLJHYYfPHe&quot;:1,&quot;eEBZFJZeOQPTJAAVceVbYANZTRbAOdZWfCUUC&quot;:2,&quot;aWQOcYRYNPNDJdQJEcTeKHMeTC&quot;:1,&quot;ODREGZUTPOOOCaJebTZWKNUMEfTRe&quot;:1,&quot;ZOOYDLXAdcCcdOOdDC&quot;:1,&quot;eWfaQFNYKdadNOODCLaAFZKXe&quot;:2,&quot;bQGBbQGWFBaaeHGZOTPceYWDFRSGQCBYKe&quot;:1,&quot;AdPcRXUSdEDeZVZMYCVXXe&quot;:2,&quot;YNaXTbIVFGWfdTDPdJaEHOaT&quot;:1,&quot;PPXGFRURURNFZFSOHeHQITC&quot;:1,&quot;aXbSGNVXNRbDdJTLaKdLOLOLMO&quot;:1,&quot;OTfdASFYTSUaRQMeBYaebCNZeOBO&quot;:1,&quot;ZOOCfXVQEEMMcQeaREPYFMZZCLVXHT&quot;:1,&quot;bQGBNPBFDHOIVBAQbHGAXJNbMSXe&quot;:1,&quot;dDfPSBAcfLHNVaIDfRJLYfZYaO&quot;:1,&quot;IZVSFVBPScWUWDdeEaQDKWe&quot;:1,&quot;HMbICWVZEdOeecbXAbWNWe&quot;:1,&quot;HMbKbHGeaQFNHfBQEQJBbeNBOFO&quot;:2,&quot;AfPcCWbCNETAEVcTQQDXKFKe&quot;:1,&quot;HVUBYBBVYUADDbdEcLcDNOLVYZET&quot;:2,&quot;YNaXTbXdUFDVXVRIYLT&quot;:1,&quot;HMbdcLFCeRbLMTMZUJBaKFBVKQPGO&quot;:1,&quot;ZOBJZGDYeUaHBXLMSPRSQcfOEbMUO&quot;:1,&quot;cCcCcCFZdOaBdSTNJKSCYSeHT&quot;:1,&quot;NVNZYeJBIUJLMSCZFXLBKYO&quot;:1,&quot;HWAFYJPASVZKHSYeGXT&quot;:1,&quot;cCcCcCDPCDEOIWWTNUSIZIBLGTVYXO&quot;:2,&quot;TDOOMUcCaaVRRbTXO&quot;:1,&quot;IZVBEJTVFfFeNDYTUET&quot;:1,&quot;IZbREZVPTLKGBfROQFJDDZCbMOVT&quot;:1,&quot;BHDTJdReQHUYYOLEaMNSUC&quot;:1,&quot;HMbKAcQJFYDTeCFEDYcaMEAbWNWe&quot;:2,&quot;dLcXJeITPMObdTYMIfJaAKDKe&quot;:1,&quot;TfNZeFcCDcTBeNJaSGadHNOLUNeZOSBZTNCMC&quot;:1,&quot;ODREZfefTLKGBfFKJBKWUOfAYULMZZCGVKe&quot;:1,&quot;HWAFNeOYJMDIfXILMSBSRe&quot;:1,&quot;NVNZWUBIUJLMWGaRBQBXRAXZZOAGROXSZFNYDRUWJCVXGUaXEHT&quot;:1,&quot;BKATYFRURURYVcTQQDAdBGXIZRe&quot;:1,&quot;adUAVYCdFNLGfFWFKYOeeIKdFHaO&quot;:1,&quot;NAFLeOeJOMOLJKFQVWFQUEJDXO&quot;:1,&quot;bLEZfZLFZbZQXSFPbODAKC&quot;:2,&quot;ZdZaYPZZGbMQfIOeZFNZRO&quot;:1,&quot;aaMLFYEcNfDbAHLSGJO&quot;:1,&quot;HWAFNeOYFWUJNVPNSXKFKe&quot;:1,&quot;AEUaYPZZTLbeTQHFHDQISPJXcEBC&quot;:1,&quot;NAFLfOdASUTbWTHNODZUBGScSUHHVPZC&quot;:1,&quot;BPHAUbOJNOBYBdYQaWe&quot;:1,&quot;HMbVXSAWXaUJIQNBOFO&quot;:1,&quot;BIUJLMWSUIQHeSAdCMdIXdfdTJTRHe&quot;:2,&quot;INLGPZPFBWDECQdHZVaAbHJGOGVTCGVTKe&quot;:1,&quot;GfCDATBbLJbWRWEdTTcO&quot;:1,&quot;IZVTWRGVXVNVYYSPIDUPOET&quot;:1,&quot;bdZSAccTXYaWHFXedFIaQYaC&quot;:1,&quot;TeCOeJPLKXGKSFZbGXPabSWUHbC&quot;:1,&quot;bdPBQGObQPZPUOOIBBO&quot;:1,&quot;HMbVacDNVAbcYTET&quot;:1,&quot;dLYHMRFeRLLCBLTYSDSAVLQWFKe&quot;:1,&quot;ZdZaYPZPBQJbLbOMFcZLWZHOfAURAfPVT&quot;:1,&quot;AEAFSXZCTPVVGcHCbXfXe&quot;:1,&quot;HMbBONPbaNYVXbdYeNeUZWNWe&quot;:1,&quot;NDAFUTUeVPeUIeLREHGJBYLXASKe&quot;:1,&quot;HWAFYDHIWDfSMBBMPIOWEbYfLVT&quot;:1,&quot;YdXfMPXYHYYfPYPNLINBddeAWNIPPQFFECAFC&quot;:1,&quot;HVPZELWbMVZALOCXSWOGdWYRJJNAPLRRJLT&quot;:1,&quot;YTTHbXeeAeJINUFJUAcWMHTcfaNKe&quot;:1,&quot;NAFLfOdASUTbFIMNFedZUDcJPae&quot;:1,&quot;OAZOXHHHXFZPeZeNSVMPYWbHRTcOOIBBO&quot;:1,&quot;HWAFYWEbCbcEJKaEcfaNKe&quot;:1,&quot;OAZOXHHHXFZPeZeNSVMPYWbHRTHT&quot;:1,&quot;aXbSbcBOXBYWYHbIODIVVO&quot;:1,&quot;IZbREZVPTLKGBfWJSJcYaQWEYcZGO&quot;:1,&quot;bQbYWXFZEVWKMTUBVXaCNFNADZWNWe&quot;:2,&quot;dLcXJeITPVNeJMBYNaaSRe&quot;:1,&quot;cCHObOTdRdJceHVREHGUWXFZEVFRURURHe&quot;:1,&quot;bdHFBddQWRHZGSNdDSCZC&quot;:1,&quot;UETTJbZWMZfPMPSXPSePAVaRKZVVLT&quot;:1,&quot;eWfIFVNRXMFDFaT&quot;:1,&quot;febdSAYYBXYFPEOcNSZBeLPZaTaTaET&quot;:1,&quot;eWHMYTBbdbDNWeIALeUINCIHRJDDXIHERdaKe&quot;:1,&quot;HBOAIEcGcEJDXO&quot;:1,&quot;IZbREZVPTLKGBfWPBZOC&quot;:1,&quot;NAFQQAFJZeOQZREKdZCFXSTHO&quot;:1,&quot;aXTfHAEDBOSBGPfBKWOVZMYIO&quot;:1,&quot;fefSKeESfBKQKAVULcMePKXGGFcCcCcCC&quot;:1,&quot;PUTKdFfUYQNUTEYDVZVCGIcCcCcCC&quot;:1,&quot;PUTKdFfUYQNUTEYDVZVCGIOOIBBO&quot;:1,&quot;eDSdUfZPUMVBFUZCHQfBSdJRe&quot;:1,&quot;fEOMbQbeHBcNADZWeAXBQTdPIZSUbEWOTYVOBOFO&quot;:1,&quot;eEBZFJZeOQPbbFCeaPLLedRJcaT&quot;:1,&quot;eDSdUbKHRJRSMDIWLdTNPBNOcXRBZUPGCFJVHWENRe&quot;:1,&quot;cCHObVZMYCECVVDJYMNHFRURURHe&quot;:1,&quot;TeCOeJPQRWSEXcBdHSPFRJeZMdQdFJO&quot;:1,&quot;OQHUYGNdMGDZHXJbNXGDJae&quot;:1,&quot;NAREFBCCUFFWeARfDRaRTCKWae&quot;:1,&quot;OMHMbEdeAFSVAaT&quot;:1,&quot;HCZANHDdLYBYeUINCdWbYdJBTaJBeTC&quot;:1,&quot;NVNZYeJMeHGWORTeCISUZXDMUBdBJbXLIBVNLT&quot;:1,&quot;cQZJALOdeEEBFfZLMYWbMRAOAcEUFRURURHe&quot;:1,&quot;HWAFNJfJCQfUJeaILYJO&quot;:1,&quot;eWHMHMbMFJQPYdNHWKAfPIdOHcIJDeQcJUXO&quot;:1,&quot;fTHYPMPSXHSdNBJIREVC&quot;:2,&quot;OMeRQWNAdBRUDaXdRT&quot;:1,&quot;eRYZBQEKBeWecNfEDYOTDEIbeRT&quot;:1,&quot;NVFVcfTbdNNJTOFaQEZYVNFJIeaUFRURURHe&quot;:1,&quot;bQKPWLVRbYTVMeOJaVPbJNWWeHT&quot;:1,&quot;UETTJbZWMZfPAJbWdALLbJeJHINeCeQcJWe&quot;:1,&quot;HWAFNFCSDWQcaNYCLJBTcZJQcSBLfPDHCOLcO&quot;:1,&quot;aXbSbcOQPCPRWXdBGZXeNLOLOLMO&quot;:2,&quot;ZdZbaBBUcJPQGaWeUNSBYKe&quot;:1,&quot;HWAFNeOYDeffBKdFDPBIFMZcO&quot;:1,&quot;cCHObVXAZQNBdIcUKVQZSHVWTHYGZaTaTaET&quot;:1,&quot;NAFQCJWZUaeZeZFZVBXBHYQeYWe&quot;:1,&quot;eRYPHEPEKZINUFIdJGDC&quot;:1,&quot;PPXGFRURURYNNZWdZBSeLT&quot;:1,&quot;TZUfIICNXKeNJbeFNHC&quot;:1,&quot;aWQOcYTBAZWEHGIfUYQZACYO&quot;:1,&quot;INFdBOSEOCMHMZOXeHO&quot;:1,&quot;ODREGZUTPOOOCaJebTZWKNUMEJXO&quot;:1,&quot;HWAFNWTCUZceNGTOFceHEVDVRGCMC&quot;:2,&quot;HMbEbWcBBeIaZZWIOIeMEfdWVMcOcYTET&quot;:1,&quot;OOIBTBBLXOLDEZRdZbVeUPXKXKFKe&quot;:1,&quot;aXTbSFHMHHVbReINWXXdVLNUUJYO&quot;:1,&quot;INQHUNPIFddfLLFKWIFdCVaSPXe&quot;:1,&quot;OMIZEPQBaFBddQJXDbYXaRIYAC&quot;:1,&quot;aXbSGcSZJODXQEaKdLOLOLMO&quot;:1,&quot;cCHObdRdJSYeJeDfbXJBZbcMaMEAKe&quot;:1,&quot;TDXDPZWORTeCISUPYJObaTaTaET&quot;:1,&quot;bQGBZabQEPFQFcdFBOOIBBO&quot;:1,&quot;cCHObBYQfBNSWTDIPPQFFcSaXYRGMcCcCcCC&quot;:1,&quot;BHDTJdReLGPRbdDXBWBKIeZYUVLcbdYICC&quot;:1,&quot;aXbSbcOQQVWXdBGZXeNLOLOLMO&quot;:2,&quot;HWAFNeOYFLDUaeVbaO&quot;:1,&quot;aWQOcYTBOTfdASFbLYUbQHYYfPHe&quot;:1,&quot;TfNZeFOBbNXGDJECUWOdMWe&quot;:1,&quot;HWAFYBfPDBdLEDHIWDbAGaaeRfYO&quot;:2,&quot;TeCOeJTJXUFNIYVSGeZKAAXDWRe&quot;:1,&quot;INQHUYZIEPfLEZXZEcSaERMJDWXVXeRe&quot;:1,&quot;aXbSbcBUYWYHaRMSAdRTUOOIBBO&quot;:1,&quot;IZBTdFPfBKSAELSXZMdLdRMNURe&quot;:1,&quot;HWAFYbIeIPNQBDVRGCMWebQGNQREdXJO&quot;:2,&quot;HWAFYLJVWKGdUVYDGDZHbWHccHe&quot;:1,&quot;eEBZFJZeOQPTJAAdbGIeFfMcCIXVKZYZAZSGaDfeHT&quot;:1,&quot;HMbVZNOSPDTLLFSHAMCMVXAAHASCZC&quot;:1,&quot;aWQOcYTBbJfEDVacDdQeRHfINFPIWBHT&quot;:1,&quot;YdXfTQNdeAWNTUMKPRbdJNabIKdFHaO&quot;:1,&quot;ZdZbaBBUcJZKCBHXGFbAGebDCSLSEQFZfC&quot;:2,&quot;cQDJGPHAZaSdVXSADcTBZLO&quot;:1,&quot;NVSGZadWIRcYbEfcWbQTZOUdTC&quot;:1,&quot;TeCOeJcIXEQRbCACaWNLMBUIPbVaKbNVCMIQZfAC&quot;:1,&quot;NVNZWUHVNdQeRHfILWXNGYPFQFcEYYUNZdeLEHT&quot;:2,&quot;NAZZAMUWVcJNZGCOeFKefZdJZZHCdEREHGUC&quot;:1,&quot;IZEZVPKBZTJVPfOXSdXMDDBARGRT&quot;:1,&quot;VKGcCcCcCFEeNdDYBRXZXe&quot;:1,&quot;NAFYYANAadTXaQAeEEMVbEICC&quot;:1,&quot;aCTPCDCcVIPfLSHeQRfWPbISXWae&quot;:1,&quot;OOGbIFBUdWKZGddfdLYVRT&quot;:1,&quot;HOdIICNBUPFDUWBZcZbeKRJbJfEJO&quot;:1,&quot;febdSAYYBXYFPEOcNSZBeLPHYYfPHe&quot;:1,&quot;ZdZbaBBUVOIPBdGdfUFbWHC&quot;:1,&quot;bQGBTFJNGLTLBGVPLDFCWPaDMC&quot;:1,&quot;HMGLLYANAadMKZLIOGdCXOEKe&quot;:1,&quot;aXbSGcSZJODXQEaKEBBVYYT&quot;:1,&quot;eDSdUfbbdTYMIaDFcIAC&quot;:1,&quot;YTBaXEbQFPIEEBBcFPIWRQYAPHe&quot;:1,&quot;dDfPDBEYdOeRSaQfaHMVHSGFO&quot;:1,&quot;ODRESHIfDWQIOLTLAPYcFZfHbJGbEHe&quot;:1,&quot;IZbREZVPTLKGBfWKcBcaMEAaYWe&quot;:1,&quot;OMNQEDOeAFaITUZTZCCQJET&quot;:1,&quot;AdHUNFSUCKAQBFMeRT&quot;:1,&quot;OMTVBENNQASXVVFNVBUKcTaWYZfefYSbC&quot;:1,&quot;dLcXJeITPMObDQKIUDVRGCMC&quot;:1,&quot;HBAERdOPRaffXJHSWedNDeQfFRWe&quot;:1,&quot;PPXGSCZDDJLHFDIHcFITC&quot;:1,&quot;aWQOcdLYHMRFeRQLOLOLOdQeRHfOPRALT&quot;:1,&quot;cCEaLMDdMHfOJZVRPRBLfPdRT&quot;:1,&quot;fefPGLKHAUNSTALYVJOUeUNfdUVZBbLBZC&quot;:1,&quot;BIUJLMJVfNabBUUCIJDWHWOEXKQLNJC&quot;:1,&quot;HWAFYAOEIEYXT&quot;:1,&quot;TeCOeJYWbMDbfGYUHCcGHDALWbSaeFIJXcJceCTAWDKe&quot;:2,&quot;VVOcNNDdONBBLXOQFMYCeVSCJXXT&quot;:1,&quot;ZcSIcceNJMFcOeQNUPGUfJKDKaT&quot;:1,&quot;PWBJMeHGSMeSNafXPRQVGNfMRCaVeKe&quot;:1,&quot;HVUBYHDWNZGSRaPSZeDUHYbVSKHRbdFIKe&quot;:1,&quot;AdZZBOSMPMaWQMAWTWEYT&quot;:1,&quot;eDEMfSJbQJQRXZVUbQPBHHUHaO&quot;:1,&quot;adUAVYCdIcPWWWeTabZNHC&quot;:2,&quot;OOIBTBBLXOLWCGEfJcfNWOCeMJYGIWe&quot;:1,&quot;PcVDPAAOCROKbCQBdSeSdUOeHAPXMBEALOLOLOOcMXT&quot;:1,&quot;BHDTJdReQHUYYOLEaMYYXO&quot;:1,&quot;HVUBYHDWNPMPSXPJJASECdUWBZEWaSEO&quot;:1,&quot;febdSAYYBXYFPEOcYRISUaPZdMcCcCcCC&quot;:1,&quot;OMHMbEdeVZVPKGC&quot;:1,&quot;cCHObTYWeLJFaMEAaYLfDbaTaTaET&quot;:1,&quot;IZVGHeCXLJTVFfFeNDYTUET&quot;:1,&quot;VVOcTWYWZSVbaBZUHZJFaNcCXKFKe&quot;:1,&quot;cQYIMdUYWEIFPBNQKAEYTKe&quot;:1,&quot;OMeRQFCFeaRXUbZFLMZGHCTRdIeMeOXbbFJFC&quot;:1,&quot;OLQQRTWfBNQKSQPCcCbPdBVGWe&quot;:1,&quot;HWAFYTbVYOXKFKe&quot;:1,&quot;bQGBHaZFTUbERVedSPDLfOFYBBVYYT&quot;:1,&quot;cCHObVXAZQNBdIcUKVQZSHVWTHYGHYYfPHe&quot;:1,&quot;IZVWCGTLDEZREATZdSGWUC&quot;:1,&quot;NAFLfOdASUTbWXGdAecLUTdWNAIKGPAMIGDZHXRT&quot;:1,&quot;HMeCJHAIDZVBNZfAAEZWSQZTcO&quot;:1,&quot;HWAFNeOYFNbUPANNBUDLC&quot;:1,&quot;ZCOBeITPBRWe&quot;:1,&quot;eDTANZVVMMeHGDWLfEZfJfQfPIdOWe&quot;:1,&quot;OTfdASFAdJYcDHBdJUKeYEGWe&quot;:1,&quot;HBOMHJSORBYedLTebfcUO&quot;:2,&quot;adUTWALdFSUCKVbceVPWXdAOVAZdYINGaVC&quot;:1,&quot;TZUfdKNKNKHbCZIVScZOECQdHZVBEGNcXaO&quot;:1,&quot;ABVYUYQJJYCBTWPHVNDZEdHOUfJJO&quot;:1,&quot;febdSAYUPHBAAKdLOLOLMO&quot;:1,&quot;bQKPRCBQAUaSJQRCMPaFTPTYUAJaASPYKe&quot;:1,&quot;NAFLSRaRRefdQBTFNRaJNVTUNfFHe&quot;:1,&quot;IZESaZEYZDEbeNBZXTQeFXUFcNQSYSBNaKe&quot;:1,&quot;BIUJLMJXdDXFJZbUBVfJDFQWIXADOFRbQPRe&quot;:1,&quot;HWAFYYNQBWFKe&quot;:1,&quot;OOIBTVXOCZBKeJaDCCDFQFaLdPeGYO&quot;:1,&quot;aWQOcYTBcJTPEIFDaHRGFffRC&quot;:1,&quot;NQEDMVZALOdEfcFbC&quot;:2,&quot;PcJJSJIRADMPIGUO&quot;:1,&quot;aXTbSFYTBHMHHVbReIYBBVYUbFDaZDYaAFZKXe&quot;:1,&quot;NAFQCJWZUbGSRaPSZXeCFNZWOEXKQLNJC&quot;:1,&quot;cCHObECVVDWPHDDPRbdDKVZNMPHVC&quot;:1,&quot;BCVRAAOHBdQAUFZbSae&quot;:1,&quot;HWAFYTbYCJRLLeNcEVC&quot;:1,&quot;dLYHMRFeRLPYKDcdDdONOefFNeJMBHOeFZOFHe&quot;:1,&quot;cCHObMKdFEVcYSCKVZNMPHVC&quot;:1,&quot;dLcXJeITPMObdTYMIKe&quot;:1,&quot;HMbICWVZEdMODSOeecbXAbWNWe&quot;:1,&quot;YZPTVOBDREeZKRVDMbTFAecbLZBdLHe&quot;:1,&quot;IZVaCQLOLOLOECVVDJYMTSJYMTBNFecMEO&quot;:1,&quot;aXbSFYTBHMHHVbReINLOLOLOINLSdMWSOPdFcEBcGKe&quot;:1,&quot;eWHMZNONdPbIPHeAcaNYCLFRURURHe&quot;:1,&quot;HWAFYAFPIEAZSAZBdWTNC&quot;:1,&quot;IZVGHHPAJdSeEeCeDC&quot;:1,&quot;HWAFYTfQfQAYaFAUADZGYO&quot;:1,&quot;ZdZbaBOQFCESXGBUacWCHT&quot;:1,&quot;NAFQCJWZUbXeCFNZSEOJcRAdJKe&quot;:1,&quot;aXTfHAEDdUFFBSBbWUeMJeNBLFZbFKMBKISIBBO&quot;:1,&quot;PWBJcQEHYbQGNDUQWUVCfLHGabaC&quot;:1,&quot;cCHObTYWeLJFaMEAbKCBZYfNOQIXWYO&quot;:1,&quot;HWAFYBfPDBEDHIWDbKIdDZBdSNOYRLCFWAUC&quot;:1,&quot;dJLGHFBddQFQcEDeNPYZIecO&quot;:1,&quot;NAREFcMEbJObYZffQLQBBO&quot;:1,&quot;dLcXJeITPMOfIPJaAKDKe&quot;:1,&quot;IZdHUNFSUCKVBAWeIALeUINCIHRJDJO&quot;:1,&quot;HWAFYDEZREJWcRXZXe&quot;:1,&quot;cCEaLMJeVPDdCAaGGbMWHT&quot;:1,&quot;TeIdJEYNZeYO&quot;:1,&quot;eWfaYHIeJYKabWTfTLKGBfC&quot;:1,&quot;feaSLAZWAcFCNBTLEKXJYXT&quot;:1,&quot;BIUJLMFPAAMbTBYbBHUSTDLO&quot;:1,&quot;BHDTJdReLGMeEcYPffcVDZBZMO&quot;:1,&quot;HWAFYDEZRdZbVeUZDYeJIRBcVSHT&quot;:1,&quot;YTTHbXeeVeCFZAcbRbROfLMVNZTMPIMbIZDFWPHDDWe&quot;:1,&quot;OOIBTVXMAcZEJWcWKVSSZRe&quot;:1,&quot;cCHObVZMYCAFFQZcbNXGDJEbOMNMTbYIPfZET&quot;:1,&quot;eDSdUfAJAZdJAINQWBOfWVWNYO&quot;:1,&quot;TeCOeJNHRSLTFIQNNDZVVLLXT&quot;:1,&quot;eDSdUfIZaPXKMdbDHT&quot;:1,&quot;NAFQCJWZUbXeCFNZFQTXWDTSCUbbC&quot;:1,&quot;HMGLLFCeRbLMTBLLFGO&quot;:2,&quot;HWAFYBfPDBEDHIWDfQPdDSdVLT&quot;:2,&quot;BKATYFRURURYVcTQQDAURAfPMfXC&quot;:1,&quot;OMNNSCZFcYWCGEbIeIPHe&quot;:1,&quot;HWAFYWMdXIeIPLSKJNGeEO&quot;:1,&quot;HWAFYTaYbZNcTAcHe&quot;:1,&quot;PcVFHMPaSdIeZNNAFLWEZfeKe&quot;:2,&quot;YdXfdKNKNKZTLVcTQQJO&quot;:1,&quot;NAFLeOeJdLeQeOYDESKfXdfdTSBGcfKLAEdNJLTBPTLKGBfC&quot;:1,&quot;HMbARYfTeBZEWeZMRfYSbSCZC&quot;:1,&quot;bZWMSGENIbfdeDcNeJXVWMDYLAVMeORTHT&quot;:1,&quot;HWAFYTbSIAWTWEUcSbWRWCHJWe&quot;:1,&quot;BCTHeUAFffbdfKQZGMKAaFYNLeRYVT&quot;:1,&quot;bQGBVIZdRJVVPePPSPDHCOLcO&quot;:1,&quot;ABVYUYNaXTaXHBYeNTDVXORe&quot;:1,&quot;HWAFYDEZREFYMZTULHfNOKNIUXe&quot;:1,&quot;AEAFSXZCTPKbHGSaEUcYO&quot;:1,&quot;cQZQfDafDQNeSbSPSfdeBVOSeKe&quot;:1,&quot;INLAFPKGUSVGPLLFKWILXcEQSQQHT&quot;:1,&quot;HWAFYdbFJBGfIKe&quot;:1,&quot;PcVFHMPbJARGPXAPEPYKDcdJLOdPOHT&quot;:1,&quot;NAFQCJWZUbGQDaDFXXccBPKe&quot;:1,&quot;GbJAHHEdQbTdFVNaDNLFNZfC&quot;:1,&quot;bQGBbNXGDJEENLAcQaHNfLTRe&quot;:1,&quot;OAZOXHHHXFZPeZeNWSCCCHRTHT&quot;:1,&quot;PcVFHMPaQHDDZJARGPXAPEbPXQUJKDKaT&quot;:1,&quot;HWAFNHUeRFKZbTZWKNecfZIVFZWPaDMC&quot;:1,&quot;YTBUIHOdVLBQRMebfTINfTKe&quot;:1,&quot;YTcEAJDTfeTHAUNSTAUOTKe&quot;:1,&quot;aaVBBVYUPBOIHaZFTeCYbeLT&quot;:1,&quot;ABVYUYNaXTfMPSXZFFfeNJXIHOReeHe&quot;:1,&quot;IZbREZVPTLKGBfFcINGLae&quot;:1,&quot;OOIBTKMDNdEPQDCWXIVXSKTNC&quot;:1,&quot;NAFLeOeJdLeLTabcNVDWQIVBbFC&quot;:1,&quot;NAFQCJWZUfNBVCBZSHeWaMSZXeCFNZC&quot;:1,&quot;TeCOeJPQcLPLQOPfAFHYcYC&quot;:1,&quot;YdXfdKNKNKPZPQPIUFZZZBYKe&quot;:1,&quot;ABVYUYNaXTbQGNQJSFVfEQIJceVSRe&quot;:1,&quot;TfNZeFcCWUNJZPAEGMObFQTXWDTWEYcZGO&quot;:1,&quot;TZUfdKNKNKZVYOIWFcMXLFeERT&quot;:1,&quot;eWffHEKfPBDOLSEefWMPdKZNJdQJFC&quot;:1,&quot;HDDZOWNdOZBYTZcYWHXGWe&quot;:1,&quot;BCdGNQbHVEZYeNbNEIIYIEbDbRT&quot;:1,&quot;cCcCcCWPJeVYSLLeLHYO&quot;:1,&quot;NAFQCJWZUfLeHGZLDeVO&quot;:1,&quot;BCdGNePeEBAPIFddeOIKe&quot;:1,&quot;IZALOLOLOICWRdGOHHABNaSdFaLbFC&quot;:1,&quot;aXbSGNVXNRbDdJTLaKEBBVYYT&quot;:1,&quot;BPHMAZTaHZXbSYbcLFcXAFUTUUO&quot;:1,&quot;fEOMTDOOMNVLWPGGHWLUTMfXLMESGZXNRe&quot;:1,&quot;HWAFNeOYJeaILYDMFFUKGZIUONSFTUQODWe&quot;:1,&quot;eDSdUfHVbdWPHDDPACQXYSQOLWCGae&quot;:1,&quot;PPXGSCZWPHDDZaaNRfXaIRdNRQedFNGVT&quot;:1,&quot;HBMNbcSXcQSZBeLQOSRKXe&quot;:1,&quot;BHDTJdReLBBVYUeYeFOCccNEIEYIVTIbYO&quot;:1,&quot;HWAFNeOYDORMTfFTWWCQSFHVPHVATZdSGWUC&quot;:1,&quot;HWAFYTfDHCOLZEJaKFEIHT&quot;:1,&quot;aXTbSFYTBHMHHVbReIYDEZREAYVaNEbDHFAUADHRbdFIKe&quot;:1,&quot;ZdZbaBOQJYcSaERMJDDaVHNPVT&quot;:1,&quot;OOIBTBUPFfFFTMAOebQAC&quot;:1,&quot;PPXGFRURURNRNPUOUAaDNRTKeeHRbdFIKe&quot;:1,&quot;OMNNSCZDEDVacDIHSHFBO&quot;:1,&quot;aWQOcYTBfFdHMePCefAEREHGFIdJGDC&quot;:1,&quot;dLYHMRFeRQcDaIPaMNfQCcbNXGDJae&quot;:1,&quot;IZVBETWRGfOJbVZTUPUOeMO&quot;:1,&quot;HWAFNUVSZNZZJRZaTKe&quot;:1,&quot;OOIBTBBLXOLRIYFTUZSTFZTHReIET&quot;:1,&quot;aWOQKVUKeFbAdcDcdAXRCBQBBHFBddQC&quot;:1,&quot;NAFLfOdASUTbJFJYBaQcWTNUC&quot;:1,&quot;HWAFYTfNOSTUZXDCJFfaNbfFTUZSTHT&quot;:1,&quot;OTfdASFGcEJDKBRUDbYHRYKe&quot;:1,&quot;bQGBBOXBbQGWFBaaeHGGINYTFIHe&quot;:1,&quot;ABVYUYNaXTfMPSXZFFfeNJXIXCEC&quot;:1,&quot;fEOMfdbQdRIYdXFNPIITaYYfPHe&quot;:1,&quot;OaaKQPcRXUSUdcPQUEZKHePLSIRLT&quot;:1,&quot;HWAFYeNMZSPDeHbLae&quot;:1,&quot;OMNNSCZJVdfUFcNFMYCeXe&quot;:1,&quot;YdXfdKNKNKPZPdbYNaLScXQOVWe&quot;:1,&quot;TAeObJNGLTLRENZDMQPNdcCJJaaSRe&quot;:1,&quot;NAREFYTBacTTNAIOFWC&quot;:1,&quot;fefSKeEDWHCJZARebFedZUDOdKNKNKWe&quot;:1,&quot;fXSMLfdJHBOXT&quot;:1,&quot;fXGWBHIBPLRCEHARe&quot;:1,&quot;BIUJLMFPAAIISINfKBKBUHAABGOHaT&quot;:2,&quot;ABVYUNNDEDdEUEGTUSGGO&quot;:1,&quot;AEZVPTLKGBfWPBZOC&quot;:1,&quot;HWAFYHNTQTNWRfDFO&quot;:1,&quot;OMIZdFSdWPDGYUC&quot;:2,&quot;aWQOcPOKHRFIFaTJWe&quot;:1,&quot;aWQOcGfNGcQYIMdUfFaMLXe&quot;:1,&quot;bZWMZfHbGdHSeONWHWPaDMWXFZEVC&quot;:1,&quot;eUFJZVacKdZJVVUWPHDDWe&quot;:1,&quot;HWAFYbIeIPYbeTQcaNYCLC&quot;:1,&quot;INLYANAadONebEJJHMVGZUdSUHTRLdYFMdcHe&quot;:1,&quot;IZdFSXIHERdaaXWXAHGO&quot;:1,&quot;PPXGWPHDDZKZdKNJMNbcSXcRe&quot;:1,&quot;OMTVBENNRYXcCHHRHbbLXMHO&quot;:1,&quot;febdSANQWFaYUNZdeLEcPJZQMIKe&quot;:1,&quot;eWHMHMbCTYATbJKYIYZEVWLAAOebQAYXT&quot;:1,&quot;eWffQLQBTAURAfPMZaeWWUBBEcSCHRAOAcEUC&quot;:1,&quot;PPXGSCZWPHDDZKPSCMBOHIcHOReeYaAFZKXe&quot;:2,&quot;cCHObVZMYCVKKMadMUPORIPBLAUFRURURHe&quot;:1,&quot;NAREFEJKaEcBUGCQAECHTeUVIZdRRT&quot;:1,&quot;HWAFYNFIYJKOFbSdeUUNWe&quot;:1,&quot;fefSCOJZfIZZRAbBaFKbLVBHVNVBUKcbWDTcZJQZIZfDHCOLcO&quot;:1,&quot;BCEQVScXQOVPFOJKDKaT&quot;:1,&quot;HWAFNeOYFWUFOWGSQZdWOGVO&quot;:1,&quot;HWAJLGbbeLNJVSYeJfTaLSGDVdMVSDFVKZcdBKe&quot;:1,&quot;GCSXHHVQIZDFJNLcOdHeHbBGbbeLBXe&quot;:1,&quot;bQGBTFJNGLTLBGVPLDJZbDYBGVPRe&quot;:1,&quot;HMbVAGfFaMLOQHUHe&quot;:1,&quot;aWQOcYTBbJfEDdGUKCMeIKdFHaO&quot;:1,&quot;BHDTJdReQHUYYOLEaMNcHe&quot;:1,&quot;HWAFYWMdVZMYCEKKEQfKCUKORe&quot;:1,&quot;bdPBQRSINfAONWeDeRTLcffWe&quot;:1,&quot;AERXWeDfBAKTRe&quot;:1,&quot;fefSCOJZfIZZRAbTXTMNZeUNFPCaNCDWOOC&quot;:1,&quot;IZVGHeCXLEEJPMZeFTWePWe&quot;:1,&quot;HHYPeNfEfFOWOVVLRZYLOVae&quot;:1,&quot;AdeKbCcBUBBAeScYbEfcWfYSbC&quot;:2,&quot;TfNZeFOBOZFbTVQWaHNBcQYIMdUADDbdae&quot;:1,&quot;BCEQAeMZeEOHGZGbDNZEFfWSCCCHJDTKe&quot;:1,&quot;YdXfCDWOOFeJHUWEYcZbIKdFHfCTAWDbfKe&quot;:1,&quot;BIUJLMFPAABHeUNfGYKaPNZFZeaPLaAFZKXe&quot;:1,&quot;HMbVacDNVZNMPHVC&quot;:1,&quot;TeCOeJPLSPMKPEcBBMWQUeZOPXTbBWBIbQTNC&quot;:1,&quot;bLdLOLOLOOTINUFDINFPIWBHT&quot;:1,&quot;ZdZaYPZZGbEVdZXKGPEQbNBEBUSMTKe&quot;:2,&quot;cCHObVKKMadMUPXPRQVOPdUXFRURURHe&quot;:1,&quot;GbQUJWPHDDPWVaTOAdLXe&quot;:1,&quot;eDSdUfOSWEYBZJJfeebZHGSIUC&quot;:1,&quot;PeYJYJbVHRVVCScKFCJBYEXe&quot;:1,&quot;NQEDIKELcNQKAENUEcDCacUO&quot;:1,&quot;aWHMVKbTBPAAXTbdBcANKBYfBQWXXdVLYGGIZaTaTaET&quot;:1,&quot;fefSKeEFcIADWHCDUFYQXUZC&quot;:1,&quot;TZYBETfTWefPZXDCJFABKIWe&quot;:1,&quot;HMeCJHAVXSASeONDTeJNHC&quot;:1,&quot;TZYBETfTWeaQHVbOSKGO&quot;:1,&quot;HWAFYeNcEVC&quot;:1,&quot;dJLYMNVePbTQRTWZBNZGEaaWPROUIHeBAVZKWe&quot;:1,&quot;AdREFZbFAYTZTbeQfYUXCEC&quot;:2,&quot;YTTHbXeeVbSccbHSGVZKefACLO&quot;:1,&quot;NAFQVUNOdOKBBIUJLMFIMNJLbFCeaPRe&quot;:1,&quot;YdXfCDWOODSSCaIfWcHOReeHe&quot;:1,&quot;NVNZWUBIUJLMWGaRBQBAWKAOARGBGQXBKTSdZPOKNCBJZGaDHT&quot;:1,&quot;ABVYUYNaXTfIMLHDALDZIBOUdAHLAC&quot;:1,&quot;TPOaXGPAJcPJYXQWVeADPTHO&quot;:1,&quot;AdREFHZUfFfFcYRQaXdRT&quot;:1,&quot;OMIZdFSAPVFfFAYTZTEeNGTOFMeRT&quot;:1,&quot;HWAFNUVSZYIDKDIXIJYIWe&quot;:1,&quot;UaDELaBWPVCBTMBaaO&quot;:1,&quot;NAFLSRbWNPdQBTDeXNOAVdNHWTRTfIZKe&quot;:1,&quot;OOGbIWSGAQdOBPBOIVNJJSVZGGO&quot;:1,&quot;bQGBPZdOWcaTJZSAccTXYaWHC&quot;:1,&quot;YdXfMOfZPDHCOLZIDeRRITfTLKGBfC&quot;:1,&quot;eWfCDBOSVIHQcaMEAaRZEGcCSRPLSEdLRSUWe&quot;:1,&quot;aXTbSFYTBHMHHVbReINLOLOLOAZfLdPUVIZdRRT&quot;:1,&quot;OOIBTVXINLcMNQKAENJHe&quot;:1,&quot;abPPWaZUAAVfDfNZFZeaPQeFedFKUddVCUC&quot;:2,&quot;dLcXJeITPMObVcKNMfXLMEO&quot;:1,&quot;BCEXFaGMXFSdCXJQLYXQdJGGVPHWPaDMWXFZEVC&quot;:1,&quot;aXTfHAEDISIBTEVHWEcTNFEYTWXKYSSdadFQRMeXcVQSRe&quot;:1,&quot;BCEQAeMZeEOHGZGbDYadFAPYRCEYedMcET&quot;:1,&quot;cCHObOOYKYYaDcOdJeaILYDdKNKNKWe&quot;:1,&quot;fefSKeEFKMBKEOcNSZBeLPHYYfPHe&quot;:1,&quot;HWAFYEEBVbIeIPNQBSdVLT&quot;:1,&quot;ABVYUaXAZfLdPcRXUJeaILYDCTBVKe&quot;:1,&quot;YdXfCDOTTQVaJNEKSTQIcKe&quot;:1,&quot;TeCOeJIUWUHcKKSTLGPAcADDbddRBQSCEDXFZSCZC&quot;:1,&quot;OOIBTVXMAcZESHBZEVDZIET&quot;:1,&quot;NAFLfOdASUTbJGOGcYO&quot;:1,&quot;OMIZbRdWSYRQYAbLMTdBC&quot;:1,&quot;ODREGZNbJAEceEDdEdaWYO&quot;:1,&quot;aWQOcYTBbFFQLAZZCeOSbZHe&quot;:2,&quot;YdXfdKNKNKZNTbLSKHRbdFIKe&quot;:1,&quot;BCdGYBERBdSIFeDaHXFCVCGIZMO&quot;:1,&quot;bQGBVIZdRJGINYTFIYaXROZEBBVYYT&quot;:2,&quot;fefSKeEFKMBKEOcNSZBeLPZaTaTaET&quot;:1,&quot;AdZZBOSVacDNdQZEdHOUKe&quot;:1,&quot;HVUBYPYKDcdJdDBKDcIBaMEAbCTHO&quot;:1,&quot;BPHAfaRJRSMSHPCYEIDESOZZbCEWWe&quot;:1,&quot;aWQOcYTBbPMfBZVNLLAeEFSWe&quot;:1,&quot;AEAFPIPDGYWHJXdDRALXMHO&quot;:1,&quot;fXGWdUFEZaZLJHPLcSaERMJDDdWe&quot;:1,&quot;aXbSFYTBHMHHVbReIYBBVYUAZfBcdCBTJZdLHNLLC&quot;:1,&quot;cCHObMKdFEAQdOBfScdDRfBSCDWOOC&quot;:1,&quot;VVOcTWYWZSVbaBZUHZJFaNcCBaQDabHaDHT&quot;:1,&quot;cQSXZaTaTaBfFdHMcQYIMdUAZNdAYfNKOVCMIRe&quot;:2,&quot;cCGaYSdEfEITNPfaSdFaLbFJNTeNSfCFADeKe&quot;:3,&quot;HWAFYWMdEDRYFJYbTSZQMASWe&quot;:1,&quot;HWAFNeOYDYEaNdNDYTUBXCEWOMTXEUDae&quot;:1,&quot;HMeCJHAVXSAWPHDDPNSRDAJLT&quot;:1,&quot;ObUDZMULAFEJKaEcaMEAfdSRfAAXe&quot;:1,&quot;HWAFYDHIWDbKIdDZBdPUDZSMDIaUDdWe&quot;:1,&quot;TWPABOSEIDSeWZMfUdOeVKGcEXGJC&quot;:1,&quot;fERFYeVQIVOMbEC&quot;:1,&quot;HWAFNRWMPNSMYZXUCeeC&quot;:1,&quot;OMTVBETaLEPYKDcdJFRLRGO&quot;:1,&quot;AEHAFPRFRURURNFSBMBAWTWEUAZfXAPae&quot;:1,&quot;PWBJBMWASUJNVJKMFJQPYXcBdHC&quot;:1,&quot;HMbEHRKOEIaHVQdOXAaXFZPeZeNSCZC&quot;:1,&quot;NAFQOEfSPMHBcCcCcCDRUWFLcVCBeMBXZeKe&quot;:1,&quot;eDSdUfDXVWJVEFASOEO&quot;:1,&quot;HVPZEYdIbNEIEBFKCTXJMbfIZTfbJARGNKCFKXe&quot;:1,&quot;eWfbWNZOdLUObUANTVacDYO&quot;:1,&quot;HMbdDJXcMKAaFYNLWLdNHWTRTfIZfQHO&quot;:1,&quot;OQWBObadWIRcOfAcQaZJCNQOVTLdaRO&quot;:1,&quot;YdXfMTXEUDdSYFOLbOMFcHRbdFIaZPEEccaT&quot;:1,&quot;OJVZAIWDdMSBSWCGVTfUUYLXASaYYfPHe&quot;:1,&quot;NVNZYeJBBYZUeQKBBTZVGO&quot;:2,&quot;OOIBTVXOCZBKeJHVPRbQfXJHMPHeXe&quot;:1,&quot;bdPeBHMaGNYYcdHZcNSNWeDeRTLcffWe&quot;:1,&quot;BIUJLMJVfNabMdLERENZDMQPNKTZIKdFHaO&quot;:1,&quot;HCZANHDdLYBNWTCUZZOeGDPNeFGIYIYeFMeAFJBEJKaEcfEC&quot;:1,&quot;BCBaQDbAMUVbCefAfdRe&quot;:1,&quot;IZEeDdEOdUNdKAZeYO&quot;:1,&quot;PPXGSCZFcAPUfSJbQFddDC&quot;:1,&quot;INFddKNKNKHbdJMWBDLLXcBaOHe&quot;:2,&quot;HMeMbNfHNTdNKaSeONFPWe&quot;:1,&quot;HWAFYHHBcKZBEC&quot;:1,&quot;YdXfCDWOOScWJcEWNEJYBMFFO&quot;:1,&quot;GCNJFZdOaBZCSZYXMHO&quot;:1,&quot;ZdZaYPZZGbdEHWXfVTNRJJRKe&quot;:1,&quot;PWBJbeBaSPTaFIfMSJQFBBBcQYAIRKe&quot;:1,&quot;bQKPWLVRbYTVMeOSMeSNaKe&quot;:1,&quot;ELSXPeJIPLeQSAESPMEZaPXPRQdDWYO&quot;:1,&quot;NVNZYeJeVYPXPZSMdbDcMWQYT&quot;:1,&quot;aXbXDDZYfEYdMUcMOOIBBO&quot;:1,&quot;IZBTdFPfBKSAELSXZDYPQBTaRXUbZFLMZGHCTRdIeDdeFCYVO&quot;:1,&quot;PPXGSCZFRURURNWBOabFIRZZERT&quot;:2,&quot;HMbBbOUOOJVfJFYNSOPLXT&quot;:2,&quot;AdHUYWCGTLSdMWSOZEdHOUKe&quot;:1,&quot;HWAFYDEZRdJbENeDBFdMOPXYJUCeae&quot;:1,&quot;aWMeaHfYFHNLVBHVDBEXaWJPGO&quot;:1,&quot;PPXGSCZFCROQFSdVbCLJNGO&quot;:1,&quot;YTBOQcLPQLMHWadBJOTXNAUEJWcC&quot;:1,&quot;PPXGSCZWPHDDZIYBRSEAKSFPXe&quot;:2,&quot;OMIZbRdWSYJIAdEKQRVRT&quot;:1,&quot;cCHObMKdFEKXFZEVWEYcZbBNTaSdFaLbFFRURURHe&quot;:1,&quot;HWAFYbcZTTdWABTXNPUcCHPLecO&quot;:1,&quot;PcJJdIVcDPePdJXDC&quot;:1,&quot;NAFQVUNOdOKBBIUJLMDPVSfXPRQOCfPXO&quot;:1,&quot;HWAFYScXQOVPOZJSSZdTYMIKe&quot;:1,&quot;HWAFYTbeYSSEdaWYO&quot;:2,&quot;NAFLeNQQANABaORbDdRJZGbGYJO&quot;:1,&quot;HMbCTYAaZZWIeXUJAFC&quot;:1,&quot;fefSKeEWKMTUBbQGWFRURURHe&quot;:1,&quot;aXbXDDZYfEYdMUcMABVYYT&quot;:1,&quot;NAZSNdKLfOKFXbaCEUMKAaFYNQcfEIRbDXe&quot;:1,&quot;ABVYUaXAZfLdPcRXUFMNJQOOXeHO&quot;:1,&quot;BPHAfaRIMJRBZdUWPaeKfNZFZeaPLDTLZOXRT&quot;:1,&quot;ZHCDCaGbXDWPPNScTcZJFYWDHT&quot;:1,&quot;cCcCcCDPCDCcACOJOMXdKYEaEASNHRUUO&quot;:1,&quot;cCHObVKKMadMUPXPRQAVWPJSSAZfAC&quot;:1,&quot;HVPZdZGIGPeaXYRJFDdHWYRIGFZMO&quot;:1,&quot;OAZOXHHZJCEUaQYaONXKFKe&quot;:1,&quot;dLYHMRFeRQLOLOLOdQUVRJHVPHVdNHRO&quot;:1,&quot;TfNZeFcCFLUYYeFeHC&quot;:1,&quot;YdXfCDWOOSYeJYdXfMOaLERJDTOeaNRe&quot;:1,&quot;NAREFBUONOHHWcZZESCGVKe&quot;:1,&quot;BPHAUfXAPEJPECHTeUZUYaTTUC&quot;:1,&quot;cCHObTPeARAZUOebQAFQTXWDTRJJRKe&quot;:1,&quot;NAREFBCAURAfPMcQYABKdBSYOVT&quot;:1,&quot;HZUacMUIAZdJAINQZQNBJfBMIZebWNWe&quot;:1,&quot;OOIBTVXINLcMYNaXTbXMOXQXVcKYO&quot;:1,&quot;aWQOcdLYHMRFeRLBBVYUZbeKRJTDXbae&quot;:1,&quot;NVFAHPEAZFOQRCSPbceXPIRcADUCWCDWOOC&quot;:1,&quot;HCZEKQaRRYddBbNXGDJEcQMdBcAEHYO&quot;:1,&quot;HWAFYTfVEdFYRZOFHBUBMDOHQC&quot;:1,&quot;ABVYUOUdAHLAWXFZEVC&quot;:1,&quot;NVNZWUBIUJLMWGaRBQBXRAXZZOAGROXSZFNYDRUWC&quot;:1,&quot;HWAFYDHIWDfSMBBMPIOWEbYfLMbQGUIO&quot;:1,&quot;OVYHSddeOIaONEVdZXbBPBRe&quot;:1,&quot;eRQDdOCcaIXMTBEJISDaPdMIbQbAEDJeeKe&quot;:1,&quot;cCcCcCRDfUFFEPQBaYaOdbLXaRIYAeLT&quot;:1,&quot;PeYGIHRIZWNPKSXPIAABJbXLXT&quot;:2,&quot;bZWOdASUTbDbeAPCbAeTSKe&quot;:1,&quot;TeCOeJBIUJLMSKBZXaTFKGWe&quot;:1,&quot;NVNZYeJKTYSfOUGfNQELEUZSHeWaMSeKe&quot;:1,&quot;febdSANFRWdNHIQFRURURHe&quot;:2,&quot;GdNIXCPTBcRZdbXdUKLaDWVcJNZGCOeFKebAZOHYO&quot;:1,&quot;HMbVAGAZTbWNWe&quot;:1,&quot;HMbVacDNVZNMPHVDZTaWe&quot;:1,&quot;eDSdUbAPRYDaKFBfTIcKe&quot;:1,&quot;bQGBPZdOWcaTJPabSWUHbDORMTfLT&quot;:2,&quot;aXBNTfUWRFMeJAETfACQTPRXUTVTaRbdFIKe&quot;:1,&quot;ZOCDWOOSfdQaUSHMEHTNHT&quot;:1,&quot;HHYZeEfEYdMVZALOKTKIObIYUXRAXZcO&quot;:1,&quot;NAFQCJWZUbGSRaPSZWeAQPXPRQXKFbGQDaYKe&quot;:1,&quot;eWfCDBOSMVZALOeERbISfXPRQTDCOOJMFVTXSLfPIFXKeKe&quot;:1,&quot;HWAFYWEQCLBMC&quot;:1,&quot;aXbXDDZNPcRXFMMCKBaaSLGYfPHe&quot;:1,&quot;fefSKeEFcIAWJSFOAGWdKNKNKWe&quot;:1,&quot;VOTcHKcMKWMAcQPePAZZODEcBEccGSOC&quot;:1,&quot;eEBZFJZeOQPPHFBddQSMfDYGHbOUC&quot;:1,&quot;MeHGWcWZTDUZXbSYTUSGbVeKWe&quot;:1,&quot;TfNZeFcCFQTXWDTRGGYLTRQScZGVKHT&quot;:1,&quot;cCcCcCFRZIAKQUPMcZSATQdEHWXKe&quot;:1,&quot;BOefWZJEdcAKWQQadeOJATXT&quot;:1,&quot;OMHMbMPMZbDUXAYHNEbHeFUSeGDPNZRO&quot;:1,&quot;NAFLSRaRRefdQBTDeXNOAVdNHWTRTfIZKe&quot;:1,&quot;NADPFBbSFcFXeUNZNDbDAATSZIJIRASaYSJeRT&quot;:1,&quot;MCIAFKKZaTaTaBBUUaXKe&quot;:1,&quot;OOIBTBJcQEcNNPadLXe&quot;:1,&quot;ODREGZUTPOCaJefFDEVDWSRe&quot;:2,&quot;HMbOHNJObDGVRQYIUYTET&quot;:1,&quot;HWAFNRYXMHO&quot;:1,&quot;HMbAURAfPMPfSWBJOTXNAHUHe&quot;:1,&quot;BHDTJdReQLOLOLOVZMYCVCMILRVVPKLZcO&quot;:3,&quot;HWAFNQTJPAcSfCSRBRT&quot;:1,&quot;HWAFYTfDHCOLZIHSHFTdbLcYFPWe&quot;:2,&quot;BHDTJdReQLOLOLOOTdZBSeFdBfUPcC&quot;:1,&quot;eDSdUbaaNRfXaIRdNDDC&quot;:1,&quot;OTfdASFZQfBJATNWXdBGHDDESWOGVO&quot;:1,&quot;eEBZFJZeOQHbUMIffSQJNZQVfLeYO&quot;:1,&quot;eRYPHEDNPbVUbdaRbdFIKe&quot;:1,&quot;dLYHMRFeRQPcRWTfQORNScTUDdWe&quot;:1,&quot;BIUJLMJVfNafMUfBFGFVIZdRRT&quot;:1,&quot;HMbOOTWVdNHWTRTfIZKe&quot;:1,&quot;GCSXHHVQIZDFJNLcOdPDXSHAFfIVNRXMFDFaT&quot;:1,&quot;aWQOcOLQQPFYcAQFJO&quot;:1,&quot;AdREFdJdWTCUZceNGTORXZXe&quot;:2,&quot;PcJJZGHMDALKe&quot;:1,&quot;YdXfMOaKZIcFDSCdRKZXRT&quot;:1,&quot;aXTfHAEDCDWOOJdDBKSOGXCcZYEIKaJTXRHe&quot;:1,&quot;BKATYSCZWNOHeNCFJeHfLebbOceZXHe&quot;:1,&quot;dLYHMRFeRLPYKDcdDdONVFbKCBPQCHT&quot;:1,&quot;ZFNTefbBTJNGLERMPJNNDPSVT&quot;:1,&quot;HMbTWVdNHWNOOdeBVOSZWNWe&quot;:1,&quot;PcVFHMPaNKXMWBcAeSZcbdfIPFDUDTC&quot;:1,&quot;HCZANHDdLYBNZfAAEAQMYaNVSDcRZTEUPHdGWe&quot;:1,&quot;HVPZdZWMYXSUPWMPTeKbTDOCaJeKe&quot;:1,&quot;AEAFPIPBcdCCWMTdKfXJZKNFbfBAC&quot;:1,&quot;YdXfCDWOOScUSfBCWXFZEVC&quot;:1,&quot;TeCOeJPLKXGKSFZbGXHRDOeMO&quot;:1,&quot;INLYMNPPWGTSJRNYSbFXRC&quot;:1,&quot;IZVTWRGbHbFaJBBbYWfeEDFO&quot;:1,&quot;aWQOcTEYDBOSdUWXQBOabcNVDSfAUHcVT&quot;:1,&quot;BHDTJdReLBBVYUfFdHMaMEAfXafJCfSLT&quot;:1,&quot;NAREFHSCLeNIJWHSGQZacIJSBSRe&quot;:1,&quot;NVPOFJcfFXPGWATUZSdcFHbcRe&quot;:1,&quot;HWAFNeOYJEIeKBAWTWEYT&quot;:1,&quot;BCEQAeMZeEOHGZGbDYZICFLcbAUC&quot;:1,&quot;IZVTWRGXVWUDDJeVGTZVNWe&quot;:1,&quot;HWAFYTbDOLbeTSLdaRO&quot;:1,&quot;HWAFNLEJUALJTXGXfYO&quot;:1,&quot;YdXfMOfDHCOLZBaQDfIOafVHLeNBLLT&quot;:1,&quot;NAFQOVLScXQOVZadBeDVeUWe&quot;:1,&quot;HBOAIEcHKCXTJGPebBGZXALKFTRFO&quot;:1,&quot;aWHMVKbTBPAAXTbdBcANKBYfBQWXXdVLYGGIHYYfPHe&quot;:1,&quot;AdZZBOSBBLXOQFMYCeVSCJXXT&quot;:1,&quot;AEAFPIPBcdCCWMTdKfXJdPFAYTZTEFJYGO&quot;:1,&quot;bQGBbQaSINacMSZRObOC&quot;:1,&quot;INFddKNKNKPZZGbMPcNVBUKcbSXT&quot;:1,&quot;aXTfHAEDBOSMeEfEITNPfaSdBULQEWHQHDDHYYfPHe&quot;:1,&quot;NAFQCJWZUbRSdFQbMDefEWHZPEEZfKe&quot;:1,&quot;HMbBQbFFDfaVcPFXbOdUMJaCNHUHe&quot;:1,&quot;NVNZYeJBBMeHGUFQbMDOHQSGaT&quot;:1,&quot;TDXbdeRRYJWcFVbCDVCBOPFHe&quot;:1,&quot;HWAFNJbaOLPYKDcdJaHIHT&quot;:1,&quot;aCTPTPeVATbSMcEbOMFcHZLGCCBUbXDCJFOOIBBO&quot;:1,&quot;cCHObVKKMadMUPXPRQVOPdUXWPHDDWe&quot;:1,&quot;aaAJYBVaAJDbAPQfQOHT&quot;:1,&quot;BHDTJdReLBEHAFPROaSXWTNUTIGdAFUKKWe&quot;:1,&quot;cJUJDRSLQKLccGSOFSfUWRC&quot;:1,&quot;HMbKdFTHXSWEYcZbMSVXMPBOFO&quot;:1,&quot;fefSKeEDWHCJZARebFedZUDOCDWOOC&quot;:1,&quot;OOIBTVXAWbYSVGPLQSLfZDQXKNCRO&quot;:1,&quot;HMbVXSAWXaUSCZC&quot;:1,&quot;aXTfHAEDdQZXDOXFAHNBGPfBKWbWOOC&quot;:1,&quot;cCcCcCDPCDCcBUHBZNXMRUMVMITAFfKDXNKe&quot;:1,&quot;OAZOXHHHXFZPeZeNFfAXSPIaO&quot;:1,&quot;HMbIXQRfAeQNQaAMCMVXAAHASCZC&quot;:1,&quot;BCOHNFPBJYIYKcdKRSNcDHRbdFIKe&quot;:1,&quot;IZVBdeHHOVFfFeNDYTUET&quot;:1,&quot;cCHObCBWaEdIPPSfDcAZdJAINQLOLOLMWHT&quot;:1,&quot;YdXfBOSTQTHBfPWLIZSVafVAPBWHAcLRfMHSUZGcBHe&quot;:1,&quot;OMNNSCZFcNFMYCeAWIbAaLFSeKe&quot;:1,&quot;cCHObVKKMadMUPXPRQINFPIWBccCcCcCC&quot;:1,&quot;eWfaQDSWSGUQHMQOFfOBfC&quot;:1,&quot;HBbMWcNHDKdeJMET&quot;:1,&quot;NAFLSDBJWbOEfSPMHBaVTbYHbUTKe&quot;:1,&quot;HWAFNeJOUJGPTLKGBfC&quot;:1,&quot;YdXfMPXYZaTaTaBEUcKBSMFeJHUWEYcZbMKJZKe&quot;:1,&quot;febdSANFRWEYBXYFPCDWOOC&quot;:1,&quot;IZbREZVPTLKGBfSUaecfbVCMIRe&quot;:1,&quot;HWAFYNFIYJKOFaYDJO&quot;:1,&quot;PWBJZSHeWaMTOCaJPIHJWe&quot;:1,&quot;TPOaXGPTGTbUEXODPFDC&quot;:1,&quot;bOcGcCEaLMJeVPDdCATWbWOOC&quot;:1,&quot;bQKPWLVRbYTVMeOJLBWHHT&quot;:1,&quot;AESVJPMYKXNUJMFcNRfDRKe&quot;:1,&quot;EGTUSGbEJHIXT&quot;:1,&quot;cCGaYSdMbYSfcdReLbFZVGAZbaTaTaET&quot;:1,&quot;HWAFNeOYRQWcDAVbBHMZYO&quot;:1,&quot;feaXWXAHbAcQaefNDHT&quot;:1,&quot;GCQKEaAJDbJANafabSWUHbWPHDDWe&quot;:2,&quot;TZUfCDWOORFOFVfEeSHYSJeRT&quot;:1,&quot;eWHJbQEJNCYWEYcZbBOFO&quot;:1,&quot;NLJZCEQMULaDAEKKSLcSEO&quot;:1,&quot;AdZZBOSINSQFSBUNJEREcbJfEJO&quot;:1,&quot;HWAFNeOYFWURFCUBQae&quot;:1,&quot;bQGBXVUcESGQCdEdJMO&quot;:1,&quot;IULDEZREFcUcSTaWYEPBCYO&quot;:2,&quot;aXTfHAEDdUFFBSBfWfecNfEDEZRdPcRXUWPHDDWe&quot;:1,&quot;PPXGSCZDSSYZTNReKfdSDeSHRbdFIKe&quot;:1,&quot;fefSKeESCOONdPGKNSCMHVPHVBBVYYT&quot;:1,&quot;fEOMeRYLfIKdFHfBOFO&quot;:1,&quot;YdXfdKNKNKZNTfVfdLaAFZKXe&quot;:1,&quot;BKbVZWNZJFGbREfHYYfPNFFO&quot;:1,&quot;fefSKeEFKMBKXIeIPQeJOPRaZOHbDNQLOLOLMO&quot;:1,&quot;NVSGZadWIRcHINeCeQcJZedWIbAaLFSeKe&quot;:1,&quot;bdPBQRSINfabSWUHbSGeFTYceMTXEUDae&quot;:1,&quot;aWQOcYTBNVSZCaZDdPLbbdVT&quot;:1,&quot;YdXfTQdeAWNdfXe&quot;:1,&quot;OOIBTBUNJEREcZbeKRJOIZCBKeJVIZdRRT&quot;:1,&quot;NAFQQAFJZeOQZXbSYJNeDHFMMWe&quot;:1,&quot;eDSdUfIMLHLSGDBJbNWLEWXAdZRO&quot;:1,&quot;bQbYWXFZEVWKMTUBVXaCNFNADPFDUC&quot;:2,&quot;HCZANHDdLYBEfQYOUZJKYIYZEVSTHe&quot;:1,&quot;eEBZDEQdASUTbWeDZQNUaNSVRaUC&quot;:1,&quot;eWHMOOIBTBINFKPXfQeceHdZESNEeCRe&quot;:1,&quot;NAFLeNLSSIBcbTYUSEKBeJcJUJSVCHAPFHaO&quot;:1,&quot;OOIBTBGPfBKSOZdBZCBKeJELWe&quot;:1,&quot;BbFDRdJcAQDIWSBaMYDNNLTSHaT&quot;:1,&quot;HWAFNQTbVSGNVBUKcaZdPLeNLae&quot;:1,&quot;NAFLeOeJOMOLJKFQMbZfWQIXe&quot;:1,&quot;cCOTKBcIXEQWFPQLQBBO&quot;:1,&quot;OTfdASFGWcOCbABHTcTHPGMYKe&quot;:1,&quot;BIUJLMFPAABdeTcRJUCHVREHGC&quot;:1,&quot;BPHMAZTaHPVAecNfEYYRQfSeHO&quot;:1,&quot;bQbYWXFZEVWKMTUBNADPFEfbMTXEUDae&quot;:2,&quot;OLTWRGNVBUKcTaRbdFIKe&quot;:1,&quot;OTfdASFBPIabKeKeZQObdSVQZRO&quot;:1,&quot;OMNQEDMdbDceMHVPHXe&quot;:1,&quot;HWAFYBfPDBdRWMPNSIHSHFTMSAFET&quot;:1,&quot;NVNZWUaMZXRURNeJMBYGaePTWEUdPC&quot;:1,&quot;HWAFYDEZREbUObQGNLXTFWOVVWaIfXT&quot;:1,&quot;PWBJMeHGSMeSNafXPRQMdBcAdQdOET&quot;:1,&quot;bQGBOEIKZdJWXFZEVC&quot;:1,&quot;NVNZWUaMZXRURNeJMBYGaePTWEUYTET&quot;:1,&quot;fEOMeOSTIZJCNQOVTLUBYTPaCQbZBbEWOTYVOBOFO&quot;:1,&quot;NVNZWUHVSeAcfeJWGGZTLGePTWHT&quot;:1,&quot;bQGBbQGWFBaaeHGZOAcFMBRNHUHe&quot;:1,&quot;PPXGSCZFCFcCZAScYKcPHe&quot;:1,&quot;febdSANFRWdNHIQWPHDDWe&quot;:1,&quot;aWQOcYTBBKbVHYYfPNQBUDbVT&quot;:1,&quot;febdSANFRWEYBXYFPdKNKNKWe&quot;:1,&quot;YdXfdKNKNKPWZJdUQWTCUZZAUGO&quot;:1,&quot;ABVYUaXBOFYCeVScXQOVPACLO&quot;:1,&quot;BCEQAeMZeEOHGZGbDYeNcEVDAMeMaDMC&quot;:1,&quot;HVUBNNeRBNePeEBVUWVYREHGC&quot;:1,&quot;OOIBTVXINLcMYNaXTbCBPGDDRTYC&quot;:1,&quot;HMbdMJRTaXFZPeZeNRGEMEaXGbRbBOFO&quot;:1,&quot;BCVVWaIIabUNfYaAFZKVcbRZSAcQWe&quot;:1,&quot;AdPcRXUDEDOeWFeTKEcLOIWe&quot;:1,&quot;aXbSbcBUcJaRMSAdRTUOOIBBO&quot;:1,&quot;cCHObONdPbIZFbYSfDcfFdHMbNXGDJEBBVYYT&quot;:1,&quot;NAFQCJWZUbaaNRfAKfKSceNECYBZSBVNRXMFDFaT&quot;:1,&quot;PeYGIZWNPKSXZdCUMOZLOLcNbUPeDbHe&quot;:1,&quot;aWQOcYRYNPDHCOLZOFBfWaPNSLERXSBRe&quot;:1,&quot;IZVPVIRPLeUMZNYRBaGRe&quot;:1,&quot;HWAFNJbaOLJDUWe&quot;:1,&quot;TWfbaTaTaBOMNVRdJbVaAFZKXe&quot;:1,&quot;XdKYEaEALMHWadVCMILScXQOVWe&quot;:1,&quot;bdPTLKGBfFRRCAEXaWJPbCQMWC&quot;:1,&quot;YdAeJXVNYHJfQAMOfNZDbAefQHO&quot;:1,&quot;ZcSIcceNWNVaLQSHDJKDKaT&quot;:1,&quot;BUHBNHDbUTPOfFRC&quot;:1,&quot;BCEQAeMZeEOHGZGbDYJOUWe&quot;:1,&quot;fefSKeEDWHCJZARebJXGePCOdLHYYfPHe&quot;:1,&quot;NADPFBbSFcFXeUNZWPPLRENZFfBULQEWWe&quot;:1,&quot;aXbSGYWYHbeNPIARTYT&quot;:1,&quot;PWBJZSMFdWOGVedCFeZIJC&quot;:1,&quot;eDSdUbSIPBEOOCROEFO&quot;:1,&quot;adUAVYCdFNLGZaPQQSRPWdOQRTKeeHRbdFIKe&quot;:1,&quot;VObdZZaBfCCdDeQfYYT&quot;:1,&quot;HMbVacDNIXQRfAeQNQbWNWe&quot;:1,&quot;febdSAYYBXYFPEOcYRISUaPZdMOOIBBO&quot;:1,&quot;cPDQDPKSPUVDRHPacMGUbAXKXe&quot;:1,&quot;UETTJcbTYUSCSXIeIPLFbAadJRe&quot;:1,&quot;fefSCODGPIZZRAbOORAZDTRODBNLaPEbBBHT&quot;:1,&quot;GCQKEaAJDbPXKDfabSWUHbDORMTfLT&quot;:1,&quot;YTBaXAZfLdPcRXUFIMNWLdTC&quot;:1,&quot;INFdCDOTEKBeJGbXHWbXaTFKGZSXT&quot;:1,&quot;eWfaQRAOAcEUFQLNHRbdFIKe&quot;:2,&quot;HWAFNeOYWbSaKVFVYBXYZICFLcaIdTC&quot;:1,&quot;UETTJbZWMZfPAJNLJPGEbfWEBOWe&quot;:1,&quot;aWQOcYTBTEYDcYdYFMdcHe&quot;:1,&quot;NAREFcCcCcCDSRKBNHNdBaaafECHTeUVIZdRRT&quot;:1,&quot;eRYYUBIUJLMSKBcUVDYMO&quot;:1,&quot;YdXfdKNKNKPZZWLKVHNEQfKCUKXe&quot;:1,&quot;HWAFNFHQVLHT&quot;:1,&quot;NAFLeOeJdLeLTfVCdGESFDCGVKe&quot;:1,&quot;TeCOeJOUeUNfEANCNIQNNFHeBQUdQadeORSLTFMeHGC&quot;:1,&quot;HWAFYTaYbZNcTVWHT&quot;:1,&quot;eWfbadWIRcZUYaTTFPZFJbBOFO&quot;:1,&quot;HMbCTYAaZZWIeXUJAFSCZC&quot;:1,&quot;PWBJEcNLGZGcBNPKFTdRNYYdAURAfPVT&quot;:1,&quot;PPXGSCZWNOTEbWcKZIXXcffWe&quot;:2,&quot;eDEMfSJbQJQRXZVUbQHbUMIKe&quot;:1,&quot;AEAFSXZCTPVLWLdTC&quot;:1,&quot;OaaKLRXFeSICZeQcJJIaLKKVWLKTRFO&quot;:1,&quot;HWAFYEdPKFTdRNYYdVKMSPBMO&quot;:1,&quot;NVNZYeJbFMOFIfGOaYdKTHHfIXbBHTNCMC&quot;:1,&quot;IZBTdFPfBKSAELSXHXSHFdVfWIHCAdPeHT&quot;:1,&quot;YWYHbLSUMUHeBMNZDJefDcfCeEUbQWe&quot;:1,&quot;INFdBOSOTBMBPfRDcTLEXe&quot;:1,&quot;YdXfMOfZHYYfPYGTUIXfNAURAfPVT&quot;:1,&quot;HWAFYBfPDBEDHIWDbKIdDZBTfNZeLT&quot;:1,&quot;PcVFHMPaRReaSdIeZNNAFLWEZfefSWe&quot;:1,&quot;HWAFYYKSCRAUETKe&quot;:1,&quot;aXbSbcOQPCPRWXdBGZXeYBBVYYT&quot;:1,&quot;BCdGNQbHVEZYeNbNEIIYIEbFRFeQEHT&quot;:1,&quot;cJNSCDOTMOBfSfVSdQfLCcVNJJYDdfae&quot;:1,&quot;IaaVGGeaYPZZXeMFJKeKe&quot;:1,&quot;HWAFYEdJbaOLUELMbBNLHZEWYO&quot;:1,&quot;NNSCZWXFGdEaJPGAAQeccdNZDPBSBOFO&quot;:1,&quot;OMYNaXTacMSHePLSIRSHT&quot;:1,&quot;dLcXJcCcCcCJAJOTHGZDDUZXdUFDcHe&quot;:1,&quot;NAFQVUNOdOKBBIUJLMJGOGZNCTYAbbLfPJaAKDKe&quot;:1,&quot;OMaFbFDaHYfDZaGaVFHTdJcbWae&quot;:1,&quot;OOIBTBBLXOQRTKeeWe&quot;:1,&quot;BCdGNQGPLaAFZKAUdRXMFDFaT&quot;:1,&quot;dLcXJeITPMObVcKYO&quot;:1,&quot;HWAFYDEZRdZbVeUHFAUVcIO&quot;:1,&quot;OLSHIfDWBZEWaSdVLC&quot;:1,&quot;VMITcZJLCZBfaNKe&quot;:1,&quot;YTBTRYZLWZDcJPEEIbLeYRAbfRVCFDOJFC&quot;:1,&quot;TDXDPZWORTeCISUPYJOaYYfPHe&quot;:1,&quot;GfCDATBfPbDACAJSWdfYeNGJC&quot;:1,&quot;NAFYYANAadTXaQAeEEFDCKWIZXRHe&quot;:1,&quot;fefSKeEWKMTUBbQGWWPHDDWe&quot;:1,&quot;HMbMdIXdfdTFeSICZeQPXUXZePBOFO&quot;:1,&quot;HWAFYEdJbRYWLbQVAHAbWTKe&quot;:1,&quot;HMbVacDNOdRSCXJNBOFO&quot;:1,&quot;HWAFYDEZRae&quot;:2,&quot;HCZANHDdLYDEZREUNTWaRJTAcHe&quot;:1,&quot;INLGHUDSJNQQdKBUPfECIAEcOHT&quot;:1,&quot;OMYNaXTfPZXEZJQaEfWe&quot;:1,&quot;HCZANHDdLYBYXBafISWESVIAFET&quot;:1,&quot;eWHMOOIBTAURAfPMcBUceNVQUcCAFJXDbNJYBXe&quot;:1,&quot;bQGBOEIKZdJWXFZEVJZbDHe&quot;:1,&quot;BCEQAeMZeEOHGZGbDNZJFRHLLAC&quot;:1,&quot;HWAFNRYTQWYQWeDZQNUZUYaTTC&quot;:1,&quot;HWAFNRYdNHWBOCbbC&quot;:1,&quot;ODREGZUTPTUaDSKBZVKFPaDWADWRe&quot;:1,&quot;eDTANZCLVXcGbXHWbXaTFKGHNVLZHT&quot;:1,&quot;THHSOJZTOeTFKMOaVRVKaMUHYbTLZBeMGKSaT&quot;:1,&quot;HMbCaASBaRJZMFWBOFO&quot;:1,&quot;HCZANHDdLYBYScXQOVZUdSUHTRLBJASObEWWe&quot;:1,&quot;OMTVBENNFZFWfBQMAZEUcHCbXfVQLAVIWe&quot;:1,&quot;OOGbIFBUXOVAZQXaTFKGHWNZKTQIZKe&quot;:1,&quot;HMbXKFbWNWe&quot;:1,&quot;aXbSbcOQecDKAJDKVHbVDZaTaTaET&quot;:1,&quot;ZcSIcceNJNbdKCFKVWXATRe&quot;:1,&quot;OTfdASFZFZGKZGfeCdWe&quot;:1,&quot;eEBZFJZeOQZGbcGGTFHfOJcaT&quot;:1,&quot;NAREDMJaAQLOebQAESPBDOLWBOfKYIIBcOUTUKUDZHe&quot;:1,&quot;INLGHUDENVLeFOfMQcCVKLLHe&quot;:1,&quot;fefSKeEFVFKOUYLLLDcDaZeVVKfGZaTaTaET&quot;:1,&quot;HWAFYXMHO&quot;:1,&quot;eDdHFENHQYffSQRTWZBNZMdLEBXe&quot;:1,&quot;AdRNRWSdUPMcHZZWIeXFGBZFKMBXO&quot;:1,&quot;HBbfBAJPNPTDCHT&quot;:1,&quot;eDUdGVdNKEBXJNSVVWaIIKe&quot;:1,&quot;GfBQDAMeUCXJYSGHAEUZSTTAIaO&quot;:1,&quot;aaMRYBENYceJJVaCPfYHNPVT&quot;:1,&quot;OOGbIFBUYRCOMIMEfTQUETQWYQSYHWVNMJO&quot;:1,&quot;aXTfHAEDISIBTBXafdZeYO&quot;:1,&quot;eEBZFJZeOQHFNKJKVfIdOUIFObWEYcZbMfRe&quot;:1,&quot;PcVFHMPbJARGPXAPEPYKDcdJKDKGbPCfUaKBGO&quot;:1,&quot;HWAFNeOYSBHATYJXAadIJNGae&quot;:1,&quot;PPXGFRURURYNYUNZTeZFYRCENFeaYLTRRe&quot;:1,&quot;OMIZbRdRMQIfNZFZeaPQWSYC&quot;:1,&quot;BHDTJdReLBBVYUeYeFOCccNEIEYXT&quot;:1,&quot;HWAFNeOYDDFFcNRe&quot;:1,&quot;cCHObXKeNJAbIeWHQFRURURHe&quot;:1,&quot;OaaKLRXFeSICZeQcJJIaLKKXe&quot;:1,&quot;NAFQZMISRSOJaTfMDcGEfdbfZDVRGCMC&quot;:1,&quot;fTHSQFUUZAfRIZTJYSGFZWVRSebQAC&quot;:4,&quot;NAFQCJWZUaZeKGEOIBfaNKe&quot;:1,&quot;IZBTdFPfBKSAELSXPHTaSWVacDTRTfIZKe&quot;:1,&quot;OMYNaXTfFfDeHZTSRFdGCWae&quot;:1,&quot;THHSODILJbbfYFZIJePICaeFYTET&quot;:1,&quot;IZVBEHbVFbXUCeeDNQUZARYfYO&quot;:1,&quot;BKOAZbbMVaIBWVUZWHSUHePLSISWIPPSfDHT&quot;:1,&quot;cQDJGZaTaTaBYNYeVacDYO&quot;:2,&quot;OMNQEDXYeQMMaXdRT&quot;:1,&quot;IERBfaNbIUONSFOOIBBO&quot;:1,&quot;HWAFNRNeXQCaZXALKFTRFO&quot;:1,&quot;OOIBTCATAJRXJOeBLBbPTPAOZEVC&quot;:1,&quot;ABVYUaXEbQFPIEEBBcFPIWWeDfBAKae&quot;:1,&quot;BCEQAeMZeEOHGZGbDYWCHPJDIFAfPBHT&quot;:1,&quot;YTBYNJXCcfTJXNALYPfdTSPWPHDDWe&quot;:1,&quot;NAFQCJWZUbDOQRTWZBNHDFXXccBPKe&quot;:1,&quot;fefSKeEFVFKOUYLLLDcDaZeVVKfGHYYfPHe&quot;:1,&quot;NAFQVUNOdOKBBIUJLMJGOGNGEcADDbddeMWC&quot;:1,&quot;eDSdUfRFEOVYbFZVGAZKe&quot;:1,&quot;bQbYWXFZEVWKMTUBVXaCNFEUXPNMZQWe&quot;:2,&quot;OMEIZEHbaTaTaBZbSCOIHSHFTINLRIYLT&quot;:1,&quot;YdXfCDWOODCSVZNbIUONSFbYLT&quot;:1,&quot;HMbVAGBOXBaXfMPXcRUSCZC&quot;:1,&quot;YTBHMbAaBcHOGZWFfRbdPNZFZeaPQQDIVXO&quot;:1,&quot;aXTfHAEDBOSdQZXDOXWXKYSSdadFQRMeXcIFUWbWOOC&quot;:1,&quot;fefSCOJZfIZZRAbTYRQHAYWOAVXfZbGSFcNQSZBeRe&quot;:1,&quot;NAFQCJWZUbGSRaPSPZBSMGaFNRdScYAZTRe&quot;:1,&quot;INLGPZHLEZObTHT&quot;:1,&quot;OOIBTKMDNdEPDGYWHRBcSbAGaaHFEIKe&quot;:1,&quot;HWAFNRYQLaXTANZPSVWe&quot;:1,&quot;PPXGSCZFcYUBXVfSTdaT&quot;:1,&quot;aXbXDDZNPcRXJdGTTKdWZEYBBVYYT&quot;:1,&quot;OOGbAZAdFcEDJIAdEKQRVJEBYJO&quot;:1,&quot;HVPZdZGIGPefbfDGYUC&quot;:1,&quot;YTceTUDVRGCMJPae&quot;:1,&quot;YdXfdKNKNKZNTfQDXIeIceIKdFHaO&quot;:1,&quot;NAREDMDRPGOaYdEKeBOZWDJDTKe&quot;:1,&quot;ZdZfDHCOLZOTdfdRWSEXAbAJQTQPWZcYPYO&quot;:2,&quot;cCHObVZMYCVKKMadMUPKAMUTUWZaRbdFIKe&quot;:1,&quot;NAFQQAFJZeOQHNDTRYWMDHe&quot;:1,&quot;NAREFBCdEcXUFcNQFBNLJWe&quot;:1,&quot;HWAFYDEZREEdRWSdeJOUJGPXPRLO&quot;:1,&quot;HWAFYBfPDBEDHIWDbKIdDZBAWTWMRHcWIMZIbYO&quot;:1,&quot;BIUJLMJVfNabFXFBcEbJVKfLWe&quot;:1,&quot;fefSKeEFVFKOUYLQWXXdVLYLDcDaZaTaTaET&quot;:1,&quot;NAFLSDdcfeJRSYEVJDfdFcae&quot;:1,&quot;HWAFYPONVDPQLTRe&quot;:1,&quot;BPHAfaSdNTDIXacGKZCCVRSebQAC&quot;:1,&quot;ccCGCFWRfGASOdMYAMTDTEZVXVdNHWTRTfIZKe&quot;:2,&quot;eWfbWNZDTZULVATZdSGWUC&quot;:1,&quot;HZUbWNZAABfWcDaebJRXFYO&quot;:1,&quot;BCVLBLKNYVeeefEXLO&quot;:1,&quot;HINZJLeUXSaZbCDWOODVcNVBUKcTKe&quot;:1,&quot;HWAFYDGGBbdFO&quot;:1,&quot;BPHOMJURJbcIUeBXe&quot;:1,&quot;YTcNPbNffSLBGVPRe&quot;:1,&quot;cCHObKdJfFdHMXCEFRURURHe&quot;:1,&quot;HWAFNZJNSdCYO&quot;:1,&quot;HMbKbHAYIFTdZfLLCcYTET&quot;:1,&quot;IZbREZVPTLKGBfFQTXWDTSVbXQSdafbOCJO&quot;:1,&quot;YdXfCDWOOScUDbMXAUAQUVIZdRRT&quot;:1,&quot;OOGbIFBUNHDeHeIeNRSSIBVXLT&quot;:1,&quot;febdSAYFcaFUYKGZeVABKTVfPfXIBccQNFSddUZSNdKNKNKHYYfPHe&quot;:1,&quot;dDfPJcbWESSIdFDSPWLBeTfecNfTXC&quot;:2,&quot;AEUaYZKZYYKdBcGcNHC&quot;:1,&quot;AdZZBOSMPMZCBKeJHWAJLGbbeRe&quot;:1,&quot;IZVTWRGTeDBWSFBBbYWfeEDSBSSMJEQbBBORT&quot;:1,&quot;AZfHAEDBOSAKYBJYeEIBPNZWdDJcXe&quot;:1,&quot;aWQOcfEWaZJAJTONIO&quot;:1,&quot;bQbYFcIKSCYbcINHJNbOVVTYABOFO&quot;:1,&quot;fefSKeEFKMBKEOcYRISUaPZdMOOIBBO&quot;:1,&quot;HWAFYBfPDBEDHIWDbKIdDZBGcANdSSLT&quot;:1,&quot;OLBEXfQYLSHFdAUOYO&quot;:1,&quot;eWfaQDSFcFPIWWXVXeLaBVAVKCYO&quot;:1,&quot;OMNNFHMPdTDJQHSFGJDZTKMbAae&quot;:2,&quot;NAQGPLeMBBdUfPWRPJVSYZPTBWe&quot;:1,&quot;HWAFNRWMPNSMYPPHZVaUAWTWMRWe&quot;:1,&quot;NADPFBbSFcFXeUNZSOIOFSbLJbWRC&quot;:1,&quot;IZbREZVPTLKGBfJebYFHMPHeVBae&quot;:1,&quot;bQGBPZdOWcaTJHRDOeOMTXEUDae&quot;:1,&quot;OOGbIFBUACBYQLJCaGHGabaUJBEfdfTRe&quot;:1,&quot;UYIVaVbMVYNFPdNYKFFaMEAaUC&quot;:1,&quot;bQKPWXVHVbedPMYGfVIeCPKSPHe&quot;:1,&quot;AdREFdJEeRKTMObIUONSQecLUTBYKe&quot;:1,&quot;cQDJGZaTaTaBIFIZbXDOXDPBFO&quot;:1,&quot;bQKPRCBQAUaSJQRCMPaFTPTYUAJaASPYfBHHUHaO&quot;:1,&quot;TeCOeJBIUJLMFQcGDZHXJNVBUKcKe&quot;:1,&quot;TAeObJNGLTLRENZDMQPNdcCJJaaSLcPDYVWZFKbPLT&quot;:1,&quot;INLGPMPSXPBccFRSTELFKWIFdCYO&quot;:1,&quot;YdXfMTXEUDdULEFDVTbVSCWQQWe&quot;:1,&quot;HMbECHTeUbLBZC&quot;:1,&quot;ODRdZWdZRVKaMUHcWXT&quot;:1,&quot;UETTJcJTPCXJLbBBcbFDaNSdfBPKe&quot;:1,&quot;NAFQZMISRSOJaTfMDcGEfdbfZC&quot;:1,&quot;aXbISHcAaZQAVLBQPeHT&quot;:1,&quot;NAFQQAFJZeOQZdUWBLdFHOReeHe&quot;:1,&quot;dLYHMRFeRQLOLOLOMLTbYIPfZBVXVLCOJdFMC&quot;:1,&quot;HMbdDRJNGPbBfDUIEbfWCUfWLEXPBOFO&quot;:1,&quot;ZcSIcceNWSUIQeYBPJTDfSMTVYXO&quot;:1,&quot;GfHOUbeKKZafVfLeCaceYO&quot;:1,&quot;AZNdAYbeDUPIVPZVIDRbLWZHOfXIZTOeTeLT&quot;:1,&quot;NAREFeDUfMWCLXAdHcXJEbC&quot;:1,&quot;bQGBfFaMLVSGDOaBANKBYfBQHUHe&quot;:1,&quot;HWAFYYYeHQAXaIRdNC&quot;:1,&quot;NVNZYeJKTYFGFfPfIVXBPKAC&quot;:1,&quot;dLcXJeITPMObOVKGaLT&quot;:1,&quot;AEAFZMdLEccGSODKPWcVIZdRRT&quot;:1,&quot;YdXfCZNTaYPeYdFHWPbTPFeZKUIRCfPXeC&quot;:1,&quot;OTfdASFNKNMUJBYdFZC&quot;:1,&quot;eDUdGVdNEKDBGQKWOOZIZKe&quot;:1,&quot;fefSKeEFNGBGQXBKTSdZPMGEJYO&quot;:1,&quot;aXbXDDZNPcRXWcDaHFBddQWPHDDWe&quot;:1,&quot;HWAFNUPAWUNVXGRcIJXcJcUO&quot;:1,&quot;fEOMdLHOAcFNADHcKdZJVVUSCZC&quot;:1,&quot;NReaHbdKfAHAHUYWbQOSbYGVVC&quot;:1,&quot;BHDTJdReQHUYYOLEaMYWHT&quot;:1,&quot;aXTbSFYTBHMHHVbReIYBBVYUfFdHMNQJTeERXWXFZEVC&quot;:1,&quot;cCHObEfEITNPfbeQMITaSdFaLbFDXFZMIOOIBBO&quot;:1,&quot;aXTfHAEDISIBTBaFKbdKCFKVeSNdJeCRe&quot;:1,&quot;HWAFNRYWLQOSRSCReeQZRO&quot;:1,&quot;NAFQCJWZUbXeCFNZJRbYWVWHWOEXKQLNJC&quot;:1,&quot;OaaKQZZMcTcZdIAAVVWaIIacMSebdaNCFeLT&quot;:1,&quot;BPHAUfXAPEJPECHTeUdeUbTZWKNYT&quot;:1,&quot;YdXfdKNKNKPAJeGHSWedNDeQfYUedJYVT&quot;:1,&quot;BPHAUaLEbOMFcZScTSDGISGaXe&quot;:1,&quot;MCIAFKKZaTaTaBcJPQORYPOHMQMSeRe&quot;:1,&quot;HWAFNeOYSUaecfbVCMILScXQOVWe&quot;:1,&quot;adUAAIFBUTWWCQSFMNIRHcONNMOBfC&quot;:2,&quot;BHDTJdReLSEETEVJLBWHcbFMOFIaRIZFCeaPRe&quot;:1,&quot;BOeaGSSFBKROQSfPAdGUIRfVNPaXbBWPHDDWe&quot;:1,&quot;NAFLeOeJOMOQeOYFCRFZMbYWMPSYaET&quot;:1,&quot;UYIBGQXBKTSdZPCQCFeONFPZAGaaeRaO&quot;:1,&quot;aXTbSFHMHHVbReINWXXdVLNUUJNMcTHT&quot;:1,&quot;OAZOXHHHXFZPeZeNJILO&quot;:1,&quot;feaSLAZWAcFCaNOcMXRfBXO&quot;:1,&quot;HMbMYOdBXRBefPGLKcZAHUHe&quot;:1,&quot;HWAFNFCSDWQcaNYCLJBTcZJQcSBLfPJaAKDKe&quot;:1,&quot;PWBJBIUJLMFQbMOIXCEC&quot;:1,&quot;PPXGWPHDDHUDUdQRNLQLAVIWe&quot;:1,&quot;GCSXHHVQIZDFJNLcOdHFOUJPNSIHHZIBHXCbfZVO&quot;:1,&quot;ZdZaYPZPTLKGBfSKBZVKFPbXZEBLcVT&quot;:1,&quot;eRYPCfPZNJdQSBGeGddAbDPOHET&quot;:1,&quot;HWAFNFRWEZffTLKGBfC&quot;:1,&quot;eWHJdAQTTWYVYIPVZfWe&quot;:1,&quot;BCTPFeZKUIFcJYeMHRNQMWSCCCHJDTbNeHT&quot;:1,&quot;HWAFNeOYDPPHYKHGHNKe&quot;:1,&quot;VVOcNNDdONVacDNdQZEdHOUKe&quot;:1,&quot;OMaFbFDaHYbAHcMSPWZJae&quot;:1,&quot;AdSRZBMBTVdVPaESLae&quot;:1,&quot;cQZOdAfbXXddOERe&quot;:1,&quot;BIUJLMSYTUFXReEIQWHJNGLTLdFYeVAZdYINGaVC&quot;:1,&quot;eWfCDBOSVacDNOFBfDEHJFdLeAWTabSIbLO&quot;:1,&quot;GCQKEaAJDbJANafabSWUHbDORMTfLT&quot;:1,&quot;HWAFYDHIWDfSMHOReeHe&quot;:1,&quot;cQHYYfPYJWcRXQFVYUYWTMcBTTEVC&quot;:1,&quot;cCGaYSdMbYSfcdReLbFZVGAZaYYfPHe&quot;:1,&quot;NVPOFJaNLDEINHSIVRBWe&quot;:1,&quot;ZdZbaTaTaBBUcJPQfQAYfeDIVaKEcNTBPWZJae&quot;:1,&quot;aXBNTfZHYHQDVCXdUFDeTQQVDaVYEO&quot;:1,&quot;HWAFYYNQBWFfYSbC&quot;:1,&quot;NAFQdGFEYKcbJVaYHbJcdYWTJUWEVWNCGVKe&quot;:1,&quot;dLYHMRFeRQFSUCKAeOESSZXDOXWKHC&quot;:1,&quot;eDSdUfbfKBZTSJeOXbbFFbJFSMZDaFFcae&quot;:1,&quot;cCGaYSddOEGcHNAdUDUCRPQFAeJQFRURURNcHe&quot;:1,&quot;cCEaLMWHFFEaRXe&quot;:1,&quot;cCHObIPPQFFNcUWBZEWaSddKNKNKWe&quot;:1,&quot;NVFVcfTbdNNDYAHZNQWMUPODZVGFdUOLBBVYYT&quot;:1,&quot;fEOMNVLWPGGMRbBYWKOLBBVYYT&quot;:1,&quot;HWAFYWMVbXEQFBYCMYWe&quot;:1,&quot;TeCOeJIUWUHcKKSTLGPAcTPSUGADDbddRBQSCEDXFZSCZC&quot;:1,&quot;NAFLfOdASUTbJNNFQHWVDdZRO&quot;:1,&quot;ZOdKNKNKHbFPQRNQASRODOCYJWcC&quot;:2,&quot;UETTJcbTYUSCUUWKWTJOfIYSYDCPZSTfcKe&quot;:1,&quot;AdPcRXUJdDBKSdEDFDedPUcSKe&quot;:2,&quot;HMbVAGaGbZEeeTYSCZC&quot;:1,&quot;bQGBVIZdRJVVPePPSHNKXMC&quot;:1,&quot;TeCOeJGDYLJZGNBeWe&quot;:1,&quot;HMeVKJeGMXNZQMeYJNNQeHT&quot;:1,&quot;AEUaYPZZGbBQMdBaFRYBJeEdUdZAXDKfKdXT&quot;:1,&quot;aXbXDDZNPcRXFMMCKBaaSLBBVYYT&quot;:1,&quot;cCHObOTdRdJceHVREHGUWXFZEVWPHDDWe&quot;:1,&quot;YTBeWfCDBHeJOUTBSSPNLcSdeae&quot;:1,&quot;ePCefAEaMCVKGPQLQBTdCYO&quot;:1,&quot;IZVBETWRGfOJbARTKeePUcedJHBVUC&quot;:1,&quot;UETTJbZWOIXYBYATKBTEIbeRT&quot;:1,&quot;eRQWcIXdCcaIXMTBEJcCYeFVIQJGEVaUcJWe&quot;:1,&quot;BbFDRdJadUECQeWUcVNcbSTHT&quot;:1,&quot;NVNZWUATYDKPHHT&quot;:1,&quot;dLYHMRFeRQLOLOLOBBPKIWSSIAZfAC&quot;:1,&quot;PWBJfbHXSceIfeYINVXTUSGbEXKQLNJC&quot;:1,&quot;cQZNDbDAATPFeZKUISYZPTBZbaTUSGGPTSJOeXKe&quot;:1,&quot;AEAFSXZXdGVDZSdSUWDbCTHO&quot;:1,&quot;eWHMHOWDDXBYHNeEfHcIJDeQcJUXO&quot;:1,&quot;HHYPWMPdKPOMHBHVPRbQfXRT&quot;:2,&quot;aWQOcTMGCBMBAADTeRT&quot;:1,&quot;HMbBXafERWbSAPPaebWNWe&quot;:1,&quot;bQGBbQGWDUNRERQZPPLafDeDC&quot;:1,&quot;NAREFZGccVYMbNXGDJEXMbPXJOYO&quot;:1,&quot;dLYHMRFeRLPYKDcdSOZdTYMIbXDOXDeLZBIQNNC&quot;:1,&quot;HMbKdFTHXSWEYcZbMSVXMPBOSVfFfZdOUcO&quot;:1,&quot;cCcCcCDPCDCcACOJOMGcZUYaTTC&quot;:1,&quot;NAFQCJWZUfRFGdNECYBZSBVNRXMFDFaT&quot;:1,&quot;IZVGZeWRBfEDdeZOHeYHe&quot;:1,&quot;NVFVcfTbdNNRSCWffPNfAVeKBMOLDEZREBBVYYT&quot;:1,&quot;NAFLeNLSSIBcbTYUSdfTfaRKXBeMPJCBXSTSEQbBaORbDdRRT&quot;:1,&quot;IZBTdFPfBKSAELSXPBQGMEcSOLWEBJbQae&quot;:1,&quot;IZVTWRGVZZQLPPPTJAONJBHe&quot;:1,&quot;HWAFYDEZREFYMZTULHfYO&quot;:1,&quot;OaaKQZZMcBfFdHMZQbDNFMYCeVDbPaT&quot;:1,&quot;OOIBTBaKDDKAQbMeJeMTDUAVO&quot;:1,&quot;NVNZYeJYQGARWSdZcIYUdSYO&quot;:1,&quot;dLYHMRFeRLPYKDcdFceHEVFIMNSePTBPeGEEC&quot;:1,&quot;BPHMaKBbTYWeLJFaMEAbFJGO&quot;:1,&quot;HWAFYfEeNSBZQXKFKe&quot;:1,&quot;BKeWIEcfDeOeXefNUGcNHDORMTfLT&quot;:1,&quot;HVNKdFZbDdUYKe&quot;:1,&quot;aXTbSFHMHHVbReIYBRRCaSddQeRHfAFZfWZffIKdFHaO&quot;:1,&quot;cQZJALOdeEEBFfZLMBUXCEFRURURHe&quot;:1,&quot;NAFLeNIJSeZRBUfFAeFHOReeYbOMFcHYKe&quot;:2,&quot;ZVLLBGVPLWCHBRfOHfKXNWXFZEVC&quot;:1,&quot;febIUONSFHBOAIEcVIZdRRT&quot;:1,&quot;IZVGHeCXLHbVFbXUCeeDNQUZARYfYO&quot;:1,&quot;YWYHaRMSAEWQLTLbRWKPC&quot;:1,&quot;NVSGZdFDLOEaXCfAOCeTeBZEWWe&quot;:1,&quot;YQKSXPTLKGBfSOaKecNfTRe&quot;:1,&quot;HWAFYWMdAHdJQVVTHVC&quot;:1,&quot;bOcGYAZERMZVBdWBObdKBQGMZMO&quot;:1,&quot;INQHUYZIEPfLaMbAMHMZMQcCVKLLYaKXOYO&quot;:1,&quot;YdXfTHBfPSYNJcHIfXIVXSKTNC&quot;:1,&quot;BCEQAeMZeEOHGZGbDNFKFbbYPQBTKe&quot;:1,&quot;HWAFYEdHeSaeZIHSHDaERVceAHHe&quot;:1,&quot;cCcCcCSYeJfaNfPESHbfNFNVBUKcTKe&quot;:1,&quot;aWQOcYTBOOIBTOeRYCBINQYfMZCTKe&quot;:1,&quot;cCHObMPWAEeIcFARSYWPHDDWe&quot;:1,&quot;IZVGPVUfEFKYOeeOZbNFbKHDHT&quot;:1,&quot;PPXGSCZFRURURNRYZWDOCYKdECHTeUVIZdRRT&quot;:2,&quot;aWQOcYTBbJfEDdDFQTXWDTDcCHfWe&quot;:1,&quot;IZVTWRGMPOOAUaLeFfZC&quot;:1,&quot;BCVPeUIeLLWbAZCdVAeFEcNLGZGcBNeRO&quot;:1,&quot;aXTfHAEDCDWOOFcYBVaXTANZGCdQEKSHMRQSRe&quot;:1,&quot;TWULHJEfHUNQbHVEZNcaNYCLWOTLO&quot;:1,&quot;NVNZWUVVOcZFKIbLWeZQMZC&quot;:1,&quot;BCOOOYOKZeSdVXZMKddbQJFYJO&quot;:1,&quot;NAFQQADZQUAIIfOdASUTbC&quot;:1,&quot;NAFQCJWZUbGQDaYfXPRQNCFeZIJDNSNC&quot;:1,&quot;HWAFNSGWWWHFQZcVYYNcJC&quot;:1,&quot;THHSODPNGZfSeUHMDMKdFbQKae&quot;:1,&quot;HWAFNZWAdOZHbZC&quot;:1,&quot;bQGWZUYaTTDcTBeNDZSdSUWDbWNWe&quot;:1,&quot;aWQOcYTBYROdMfNLHSdDWe&quot;:1,&quot;fXGWMQcCVKLLNeMZeEOHGGdOAGROXSZFNYC&quot;:1,&quot;OMIZERWfbYXMHO&quot;:1,&quot;XdKYEGFAZeVNLDJFFKMEcEQPDHCOLZCDWOOC&quot;:1,&quot;ODRdHUYScXQOVZXPOXHeCLJUTGCdNWQIXe&quot;:1,&quot;aWQOcTEWcfBQDPBFO&quot;:1,&quot;IZBTdFPfBKSUaXSTBGCdKAPcaKBbBOSYLYT&quot;:1,&quot;HMbECHTeUVIZdRRT&quot;:1,&quot;YQecaXYRJLBWHcdXUC&quot;:1,&quot;NAFQVUNOdOKBBIUJLMFfOYEQCBVScae&quot;:1,&quot;aWHMVKbTBPAAdKLREcNBdEdFaGCfSCZC&quot;:2,&quot;AEaBVcYSYeRT&quot;:1,&quot;TWPAOPeIJDbXHVUdMAOEITKe&quot;:1,&quot;ZcSIcceNJVGGZYfPXPRQdQeRHfCRO&quot;:1,&quot;BCdGUKCMeBBJFEWAQHFBAXe&quot;:1,&quot;IZbREZVPTLKGBfROQFJDDZCbVT&quot;:1,&quot;cQZUdSUHTRLYANAadIeZNMKdSQbZET&quot;:2,&quot;aaAJYBVaAJDbAHIDJNMTKe&quot;:1,&quot;MCIAFKKZaTaTaBcJPGEbfFeTKe&quot;:2,&quot;NaMPOFZYHUSUHYYfPYafDeDC&quot;:1,&quot;cCcCcCSYAETfZPHcGRNSVZLWZHOfTDCeIXIRUXEHbC&quot;:1,&quot;HHYPWMPdKZXDMKBQVIaDDZIBPbWe&quot;:1,&quot;bZWMSGENIbfdeDcNeJXVWMDYCURQTTae&quot;:1,&quot;UETTJcbTYUSMfefVUdBAFQJTeCYbeLT&quot;:1,&quot;BCTPeMQIbNXGDJEEFHeMaJPSffUUGXKe&quot;:1,&quot;BCEQAeMZeEOHGZGbDNZJFRHJPNOGFO&quot;:1,&quot;OMTVBENNFZFWaHRHeeMZJeVPDdCNVKLHYO&quot;:1,&quot;cCHObTULHfAFFQZcVIZdRJcCcCcCC&quot;:1,&quot;ODREGZSIebcGZcVTPMVScfZWRC&quot;:1,&quot;ZdLNKZJAEcbFDaPTJEPFWFQHT&quot;:1,&quot;YTBeWfCDIXLSGbDaFSRfABNIPRaO&quot;:1,&quot;VVOcNNDdOVZMYCdcQPUZCBKeJfQYLO&quot;:1,&quot;TVBdHUNLOLOLOOTMfefVUdBJOTXNORe&quot;:1,&quot;bQGBPGJIMADXDcVVPePHYYfPHe&quot;:1,&quot;IZdFSAPVFfSOVHJaMEATKe&quot;:1,&quot;ZOMTXEUDdQbHVEZYUaNZAZOHNBJOTXNAFBOUTUKUDfAMO&quot;:1,&quot;XdKYEaEVTNeNcJPEcObECELHNBOSOJNET&quot;:3,&quot;NAFQdGFEYKcbJVaYHSKUAZJAUbcARJcQAGO&quot;:1,&quot;PcJJZGafIRVVSCZC&quot;:1,&quot;NAFQCJWZUbXeCFNZFEZaHRdMDMSAFET&quot;:1,&quot;ZcSIcceNSEYKDYWEIFPGUfSVGPQQCXHe&quot;:1,&quot;HWAFYTbVYOIOWAUC&quot;:1,&quot;ZdfbDBXSCFPCWOXaZPfYeHUHOBNHC&quot;:1,&quot;OOIBTVXMAcZEWMMOOdbEWaHePLSIRLT&quot;:1,&quot;IZbREZVPTLKGBfWKcBcaMEAbaTaTaET&quot;:1,&quot;HWAFYSGPcVDZBTUbERVNUESGQCdeBVOSWe&quot;:1,&quot;bLTQHUNWARfeSAAECNdHJeaILYJO&quot;:1,&quot;OMHMbBLKBRJVBGVPLRQKe&quot;:1,&quot;cCEaLMJXbJZbQLOLOLMO&quot;:1,&quot;aXTfHAEDdUJFUFcUKMBKVZMYCISIBBO&quot;:1,&quot;HWAFNPIFddWPPKFLFLNKe&quot;:1,&quot;OOIBTVXMAcZEAHYcTEfWe&quot;:1,&quot;NAFLeOeJOMeXPQeNCGVfSCMeDDae&quot;:1,&quot;AEAFPQXRaeZCLDbUTPOfFRWXFZEVC&quot;:1,&quot;BIUJLMJVfNafMUfBFGFOAIEcVIZdRRT&quot;:1,&quot;eDXJNSacQSSPXPRQMbHAcLRfdAMTXEUDae&quot;:1,&quot;UaDaBAdLeVRfXPRQIbNAURAfPVT&quot;:1,&quot;cCcCcCFZdOaBMWQUIZDHTIcPWIXC&quot;:1,&quot;fXGWdUDGNKJXcGBeDdeFCYAOIBZMZC&quot;:1,&quot;VVOcdLeLWCGTLSdMWSOZEdHOUKe&quot;:1,&quot;HMeCJHAVXSADORMTfFTdYVPEQDENDdNC&quot;:1,&quot;fTZaTaTaBYNZSBJIREVSGDMSdC&quot;:1,&quot;PPXGSCZFRURURNHPZAWe&quot;:2,&quot;HWAFYBfPDBEDHIWDbKIdDZBHRXMJGET&quot;:1,&quot;aXTfHAEDISIBTVZMYCBBLXOLATZdSfbCaceeRAcMcWe&quot;:1,&quot;PPXGWPHDDZdSdBTWeWGVUO&quot;:1,&quot;OaaKLZfefIMLefBcdCBTFHZRTYC&quot;:1,&quot;aXfGEbfFRURURYAFHSdIeZNYO&quot;:4,&quot;GCSXHHVQIZDFJNLcOdHKLYZWdKYaFPeNWOEXKQLNJC&quot;:1,&quot;bLEBBVYUBUAZNdMAZdJAINRe&quot;:1,&quot;INLcSaERMJDJFFKFZEHe&quot;:1,&quot;OOGbOTdKNKNKPeYTWTUHDFbWHDCSVWe&quot;:1,&quot;ZdLNKPQFAeDHRQRFHT&quot;:1,&quot;OMIZdJNQcBBMHO&quot;:1,&quot;NAFQVUNOdOKBBIUJLMFefPZEfKFWWfaGO&quot;:1,&quot;HBOAIEcOGdCMOKe&quot;:1,&quot;eEBZSYTAeALFePNBacHOdNTWZHT&quot;:1,&quot;HWAFYEPMWIdfYeCIObTae&quot;:1,&quot;HWAFNRYWLQOSRSCReeRe&quot;:1,&quot;NQEDBcRJFBESWMXCEC&quot;:2,&quot;ZcSIcceNRXSTQLeZdSPINUdNPIHe&quot;:1,&quot;BIUJLMFPAACJWMdIKdFHaO&quot;:1,&quot;YTTHbXeeVeCFZAcbRbROfLMVNZTMPIMbIZDFDORMTfLT&quot;:1,&quot;febdSANFRWdNHIQJbYROKe&quot;:1,&quot;ABVYUNNZVPXPLSdMWGMOIaMEAbKMPAfWe&quot;:1,&quot;HCZVFaNZXCbYPTBVYScXQOVWe&quot;:1,&quot;IZALOLOLOCDOHJPVCMILEEBXe&quot;:1,&quot;HWAFYWMdICXBNSYSBNaKe&quot;:1,&quot;HINZJLeUXSaZbdKNKNKPJdBJOTXNORe&quot;:1,&quot;HWAFYBEYFbYOdPACLO&quot;:1,&quot;eDSdUfYPQBcYZNMdbDcbOLRe&quot;:1,&quot;OLGZUTPOOOCaJebTZWKNYT&quot;:1,&quot;YTBeWfCDVAUVKfBLWeDZQNUTEYMO&quot;:1,&quot;bLERMTGDCDHDbfGYUXdOMYaNfLTRe&quot;:1,&quot;HWAFYWMdCCTQOZaDJPae&quot;:1,&quot;cQZJALOdeEEBFfZLMYWbMRAOAcEUWPHDDWe&quot;:1,&quot;cCHObBYQfBNSWTDIPPQFFcSaXYRGMOOIBBO&quot;:1,&quot;HWAFYTfeZLHaO&quot;:1,&quot;TfNZeFcCJeaILYDXeLfZfLT&quot;:1,&quot;OaaKLRXFKOOSZDQXKCQMWWEYcZGO&quot;:1,&quot;AEUaYPZHSQFUUHSUebQTZOUdTC&quot;:1,&quot;dLcXJeITPVNeJMBZbeKRRT&quot;:1,&quot;YTcEAJDTbAMITKe&quot;:1,&quot;NAFLeOeJHVNTPeVZAHGaCGbbNZJFJadKbCTEQCZFbNXGDJae&quot;:1,&quot;TeCOeJcCOTKBMEWLWXAEPfeZDaGaCGbbHe&quot;:1,&quot;PWBJfbHXSceIabPOZRTeCIFHXCbfZVO&quot;:1,&quot;HWAFYTfbacWXT&quot;:1,&quot;HWAFNJbaOLPYKDcdSJXOTEdaWYO&quot;:1,&quot;HWAFYDEZREeJIRBcVScbBNLPIHfSbfZALMO&quot;:1,&quot;ABVYUaXEbQFHePLSIRFaRDPHe&quot;:1,&quot;HMbVZMYCOeVKGcERQTfWcYTET&quot;:1,&quot;HMbOCaJeaJERObWNWe&quot;:1,&quot;NAREDMJaAQLOebQAESPBDOLWBOfKYIIBcVKDSET&quot;:1,&quot;IZVBETWRGEAJbARTKeePUcedJHBVUC&quot;:1,&quot;ELSXHWXWEHDDDSeONOXT&quot;:1,&quot;YdXfdKNKNKZUTPTQTUMKPREFcEBYJO&quot;:1,&quot;NVNZWUaMZXRURNeJMBYGaePTWEUOaaKRe&quot;:1,&quot;aXbSbcOQQVWXdBGZXeYBBVYYT&quot;:1,&quot;ELSXPeJIPQJQVVdNZTeCFEDYcHVPHAHUHe&quot;:1,&quot;eDSdUbZRNWBOfWVWNYO&quot;:1,&quot;IZALOLOLOCDOHJPBJXBHAPFPMdFO&quot;:1,&quot;eEBZDEQdASUTbWeDZQNUaNSVRaUFIMNFcKfbHJLHFJO&quot;:1,&quot;AdZZMQMLSWdRdJceBeWe&quot;:1,&quot;IZdHUYWESdMWWHDCSVZXdGVDZSdSUWDbIUOYSIUC&quot;:1,&quot;bQGBVIZdRJGINYTFIYaXROZdHUNcHe&quot;:1,&quot;IZVBEHbVFfFeNDYTUET&quot;:1,&quot;TZUfIFOcIYUIKPSCPEQeLVZQLNJcCWcYUcO&quot;:1,&quot;NAFQOCUcLYANAadVeKZDYBLcOcOIIeSGTIKdFHaO&quot;:1,&quot;fefSKeESCOONdPGKNSCMHVPHALOLOLMO&quot;:1,&quot;HMbdJOPFNLcGKXCKZWNWe&quot;:1,&quot;AEAFPDGYWEYcZbdBRXZXe&quot;:1,&quot;YTBUIHOdVLBLBGVPQWIbdPXILMUC&quot;:1,&quot;fXGWdJHBHVPHAYRKZZAXZLO&quot;:1,&quot;HCZVFaNPBePYXeeBGXGOcbNXGDJae&quot;:1,&quot;NAFQCJWZUfKIUSBGcCCWAOZEVC&quot;:1,&quot;bOcGcCEaLMJeVPDdCATWPHDDWe&quot;:1,&quot;cCcCcCDPCDCcACOJOMYPNdeBVOSWe&quot;:1,&quot;HMbVVGBadQAQIZbWNWe&quot;:1,&quot;aWQOcYTBTLEVDERdafNZFeeSdPXMPPWfZXRT&quot;:1,&quot;HMbVAbcKfRPWXKfBKdHUHe&quot;:1,&quot;cCEaLMRSLTSJEHbCGVKe&quot;:1,&quot;eDUEcBIUJLMDPdWZIXXcffHHAcZMC&quot;:1,&quot;NAFLeOeJOMOLZWDTPPFMLaDORTNJPBDdPIdJBZfUNLT&quot;:1,&quot;HOdCLVXcNNDdONTYVOdQeRHfEIEYIbJfEJO&quot;:1,&quot;OMaXaePLSIRSHT&quot;:1,&quot;aWQOcYTBbJfEDVacDdQeRHfMFEFGO&quot;:1,&quot;bQGBVIZdRJGINYTFIYaXROZEPYKDcdC&quot;:1,&quot;HWAFYbIeIPNQBDVRGCMRXZXe&quot;:3,&quot;OMHMbdQPeXIUEBFXBeVYZIUONSQecLUTBYKe&quot;:1,&quot;NQEDAURAfPMVMIHVHYQSUPVTNSHNYO&quot;:1,&quot;HCZVFaNPKGUJeaILYJO&quot;:1,&quot;AZNdAYbeDUPDIUNZcNRbDbeQMITfdAHLT&quot;:1,&quot;NAFLfOdASUTbRSYEVJDTKe&quot;:1,&quot;OMTVBENNRYXcCHHRHbENHKKAGVT&quot;:1,&quot;NAREFacTTNAIBaFOXT&quot;:1,&quot;AEUaYPZZGbdEKQRVJcQYIMdUTSDPCJWXe&quot;:2,&quot;cCPeYGIZSIeDUbRJCZaePXe&quot;:1,&quot;eWHJdAQTEfEITNPffYSYNBYTET&quot;:1,&quot;ODREBdZWTQCGVTaWeVHJefOBMXT&quot;:1,&quot;NADPFBbSFcFXeUNZWPPLbSIPRLXe&quot;:1,&quot;aWHMVKbTBPAAMFMZVAKLZWNWe&quot;:2,&quot;fdJcVSdMWZBNaINKVTKe&quot;:1,&quot;OMYdVNNRbGADDBDOLEPBPUJcXe&quot;:1,&quot;HWAFYNFIYJKVSSVWe&quot;:2,&quot;dOXKfQFAeJQFbJIVO&quot;:1,&quot;PPXGSCZFRURURNLVBHVRVKaMUHGeFZBQIO&quot;:1,&quot;YdXfMTXEUDdeOYSCaIfWcACVVLZPecOEO&quot;:1,&quot;HWAFYBfPDBEDHIWDbKIdDZBAeScNVBUKcKe&quot;:1,&quot;GCSXHHVQIZDFJNLcOdZSAcJHDFXXccBPKe&quot;:1,&quot;YdXfdKNKNKHUSBAPBRYcFITC&quot;:1,&quot;AEAFZdTYMIaYfPHZVUfCRe&quot;:1,&quot;dLcXJeITPMObOVKGaFEJKaEHT&quot;:1,&quot;BCVLBQFeaSGMWZNAOOMNXC&quot;:1,&quot;bQGBIUeBAHUZeWNZJKbIYUNfSeVSTdTUC&quot;:1,&quot;HMbOKNIUALcGKMFdHUHe&quot;:1,&quot;eDSdUfNDJEFVWITRfSCMeRT&quot;:1,&quot;NVNZYeJBBYZUeQKBBTZMcET&quot;:2,&quot;HMGLLBLcMMeHGFceEDJIaYbIUONSQecLUBO&quot;:1,&quot;NADPFBbSFcFXeUNZWPPLRENZFfBJfBMXT&quot;:1,&quot;HMbdGFdKAcQJFfHPSOeKe&quot;:1,&quot;AdZZBJOTXNOQZJFJadMXbIPRaO&quot;:2,&quot;PcVFHMPaSdIeZNNAFLWEPYKDcdDDSTSEQGO&quot;:1,&quot;HMbVZVCGCcYTET&quot;:1,&quot;aXTfHAEDBOSOPRSAeUDUKVZFWbWOODPBFO&quot;:1,&quot;HWAFNcLPLWITMSYNJUeAUCFcNcNKe&quot;:1,&quot;eDSdUfMPSXZIUONSFTUQODPWAecDKORe&quot;:1,&quot;YWYHaGfZOIZUEXODZJODKdCYO&quot;:1,&quot;NAFQdGFEYKcbJVaQWBCYbSVbYSLbKAQGGLT&quot;:1,&quot;cJZSIAGCbcLSbDaLSGDBXNEYT&quot;:1,&quot;HWAFNeOYSGDMSCaIfXfQYT&quot;:1,&quot;cCHObMKdFEVbFZVGAZaePLSISWTPWIfcdVT&quot;:1,&quot;BbePdKNKNKZUTPOHHWcZZBLZWVBGCccQRCMZC&quot;:1,&quot;HZUaQRSeBcKHSYeGXT&quot;:1,&quot;HWAFYDEZRdJfeVAXNLaUNQJTedPUcYO&quot;:1,&quot;TZUfIICNCNKBTKXYPaGKTIbYO&quot;:1,&quot;bLEBBVYUIZdDMcMdPFKFBOPdQVMSdaHMVHSGFO&quot;:1,&quot;OMYTBaWQOcbFDaZDNFMYCeXe&quot;:1,&quot;cCHObECVVDDORMTfFbRZFJGO&quot;:1,&quot;HWAFYYNQTbVSGAWTWMRPQJO&quot;:1,&quot;febdSANWBOfYSYNBMbfRKIMbABOfPGLKcZXe&quot;:1,&quot;OVYPUQWIbAaLFSebUMeFLO&quot;:1,&quot;AdPcRXUDDFXPSAGRHDC&quot;:1,&quot;bdPBQRSINfAONWeDeRTLcffPFDUC&quot;:1,&quot;NVNZWUATYZBaccNFZVSKBMWeJdFGNGae&quot;:1,&quot;ABVYUIYBdOFVNZOXEHe&quot;:1,&quot;BPHMAbFWPJfYYNJBCC&quot;:1,&quot;eWfbadWIRcTAFfKDXNfIOXHbZNHC&quot;:1,&quot;NAFLeOeJNAFLJPECVVDJYMBMJIeFHe&quot;:1,&quot;NAZZIfQAZFLMTeECUJCaTTKIKdFHaO&quot;:1,&quot;EUXPNMPXKWBFZVLBLafANUYO&quot;:1,&quot;HMbVAbcdJXIIHTPMObWNWe&quot;:1,&quot;IZBTdFPfBKSAELSXZWQFOLQDRCAGZGXWUJNQQdKBUPIMLZYIPfZET&quot;:1,&quot;NAZZIfQAZFLMTeECUSDPAABGXIZLTKe&quot;:1,&quot;BOebGRZUTVGUVHNPMEUXPNMZKWe&quot;:1,&quot;cCHObMKdFEAQdOBfScdDRfBSdKNKNKWe&quot;:1,&quot;BIUJLMDSWPaDMWXFZEVC&quot;:1,&quot;fefSKeEFcIADWHCDUFYQXUZWPHDDWe&quot;:1,&quot;YTBYNJXCceEDdEAXNJCVXVVUC&quot;:1,&quot;eRYPHbcGRcHWVdCdfaefcVDZBNPbNKe&quot;:1,&quot;YTTHbXeeVeCFZAcbRbROfLMVYAFWe&quot;:2,&quot;NAFQVUNOdOKBBIUJLMFfVUUADDRHYTKe&quot;:1,&quot;eEBZFJZeOQPPHFBddQSMaXdRT&quot;:1,&quot;cCHObECVVDDORMTfFEIZEHaZVUbCBMNLVT&quot;:1,&quot;eWfbWNPPPTJEPFWFQcdXUC&quot;:1,&quot;HWAFYEEBVcPDIaSGabRbSFMLaUC&quot;:1,&quot;NAFQCJWZUbGSRaPSZWeAQPHbQRfAZbaeKe&quot;:1,&quot;HVUBYBBVYUfFdHMTafPXPRQEdeXe&quot;:1,&quot;aWQOcEFeLHNVVJPALCHT&quot;:1,&quot;HWAFNeOYSUaecfbEIEYXT&quot;:1,&quot;ISSfYWZWREfWBQBTUfBUPHe&quot;:2,&quot;eWfaQRAOAcEUFKYOeeIKdFHaO&quot;:1,&quot;fXGWOIbLJHPLcSaERMJDC&quot;:1,&quot;HWAJLGbbeLbIeIPYBAFBVFTUZSdcDZVAMO&quot;:1,&quot;BOeaGSSFBKROQSfPAdGUIRfVNPaXbBDORMTfLT&quot;:1,&quot;HWAFNeOYSfXOEIYZEDNMfXLMEO&quot;:1,&quot;aWQOcYTBVMXNPXPRLO&quot;:1,&quot;ODREGHXFZPeZYSHIfDWQIORe&quot;:1,&quot;TZUfdbYfTQULATZdSGWUFRURURHe&quot;:1,&quot;aXTfHAEDBOSMbYdOBZHFHMPdTUC&quot;:1,&quot;OAZOXHHZSOBQeEePQYT&quot;:1,&quot;IZVBETWRGMMfEDdeZOHeYHe&quot;:1,&quot;YWYHaUWPHDDPCbJODKPIPODWe&quot;:1,&quot;PUTCDCcBUacEfBaUEIQJBeaT&quot;:1,&quot;HMeCJHAdKeWUEEOdXNWfNJOET&quot;:1,&quot;HMbMYOdAURAfBfSXIOCARSTRTfIZbWNWe&quot;:1,&quot;HMbdDJXcMKAaFYNLWLdNHWTRTfIZfQPBOFO&quot;:1,&quot;aXbSbcBUcJaRMSAdRTUcCcCcCC&quot;:1,&quot;eDUdGVdNMKQKDJIOAIEcVIZdRRT&quot;:1,&quot;dLcXJeITPMObDSDYPVIRPRe&quot;:1,&quot;eWfCDBOSVIHQcaMEAbXcTCaIbSXT&quot;:2,&quot;ZOBJZGTUWfaYYfPYTbGNEVdZOMO&quot;:1,&quot;HMbBPMINPPKGUSCZC&quot;:1,&quot;NAFQVUNOdOKBBIUJLMSKBZNdUDDFHJCdCIJRFHVFYTC&quot;:1,&quot;dJQcIaOLBXe&quot;:1,&quot;bLdLOLOLOdQeRHfCeYQCFeBAEXcBdHDMQPYO&quot;:1,&quot;BCEQAeMZeEOHGZGbDYdaWeae&quot;:1,&quot;HWAFYWLJWcWOTPeXe&quot;:1,&quot;cCHObIVIADIBNGSdONbCNLOLOLMO&quot;:1,&quot;aWQOcPcLHFDdKNKNKZGSRaPSZECEFSWe&quot;:2,&quot;HMbBLKBRJVBGVPLRQKe&quot;:1,&quot;GCQKEaAJDbPXKDfabSWUHbWPHDDWe&quot;:2,&quot;OMNNSCZDEDdWSXePEaJPGAAQeHT&quot;:1,&quot;febdSANSGDJQaCRbNZBUfJDVSKe&quot;:1,&quot;aXbXDDZNPcRXWcDaHFBddQWbWOOC&quot;:1,&quot;HWAFNeOYJXAadNONMOKe&quot;:1,&quot;bLdLOLOLOTYVOVfLeVUcTAKVTQWUZbeKRJdPC&quot;:1,&quot;fTPIMLPbTfBfAJEAHYGGET&quot;:1,&quot;dLYHMRFeRLBBVYUTDXbEATZFPCSOONC&quot;:1,&quot;NVNZYeJMEZCPXPRQdDSdAae&quot;:1,&quot;OMeRQDSFLFZNAdBAFVNaLaETeDdWe&quot;:1,&quot;BCdGNPcGZfdeQcUYSYHKJEWAQHFBAVPfC&quot;:1,&quot;BCMdeLAbIBHXCbfZVO&quot;:1,&quot;OOIBTBBLXOLXEOBTUSPJXCHT&quot;:1,&quot;NAFQdGFEYKcbJVaQRSALZPIeANIHfCcMLaC&quot;:1,&quot;ODREGZdaAYWXDHIcNQJBCC&quot;:2,&quot;HMbIZJBANFMPQSTEDFaTbYBXe&quot;:1,&quot;BIUJLMJVfNabXDCJSESbcGOIVNRXMFDFaT&quot;:1,&quot;HMbVAANFTeSUbENHUHe&quot;:1,&quot;HWAFYBfPDBdLEaBXe&quot;:1,&quot;TeCOeJPQQBJLUUXVSfCSRBJNNfGPCDGHfYT&quot;:2,&quot;GCLaYCKdFYFcCbNBOPVKFESTEYT&quot;:1,&quot;INFdCDVZMYCAZbGcINNDaeKe&quot;:1,&quot;HWAFNeOYFWUJNVPNFO&quot;:1,&quot;cCHObVdBEUSPWRfQbDbEfXZQbC&quot;:1,&quot;ODREWQcbdbfMHVTWRGNVBUKcTKe&quot;:1,&quot;OMaFEcSOLBVYYdRT&quot;:1,&quot;HWAFNeOYSBbQAJbcXCEC&quot;:1,&quot;HWAJLGbbeLNJVJPZXAJIWRAQZfXILMUJINFeTXe&quot;:1,&quot;HMbTYWeLJFBBaMEATbWNWe&quot;:1,&quot;NAFLeOeJAdUKDbecMLaDBMdeOMWe&quot;:1,&quot;NAFQCJWZUfJaAKDffSQRTWZBNHDFXXccBPKe&quot;:1,&quot;aDMRDfUFFEPQBaYbTQFLGHOCUC&quot;:2,&quot;HWAFNeOYSBVJSEFKXNJdUcOHT&quot;:1,&quot;NAFLSDdcfeJJNWWNRJGdAFZfC&quot;:1,&quot;BPHAfaRIMJRBHLdRTKeePeCdRbPYFJC&quot;:1,&quot;OMNNSfCSRBDcNPbfVMDXAWEHVC&quot;:2,&quot;NAREFacBLfPIHYKe&quot;:1,&quot;HWAFNeOYSCaIbNfHZHT&quot;:1,&quot;fEOMTDOOMNVLWPGGHWLUTMfXLMESGZeKKWe&quot;:1,&quot;aWQOcHKdXdDPNDJdQJEcTeKHMeTC&quot;:1,&quot;NAFLfOdASUTbDIdJcCJYOccCVDeKaNeWbXMbdRRT&quot;:1,&quot;YNaXTaSdNBUYLMcXT&quot;:1,&quot;HMbVacDNOdRSCXJNBOSMFMZNdCLYNZNZAGWe&quot;:1,&quot;bLdHUNcbdQNcRbZEQDPJRWe&quot;:2,&quot;aWQOcYTBbJfEDVacDdQeRHfVCMILaAFZKXe&quot;:1,&quot;HOdCLVXcNNDdONINSQFSUCKVSVJPVT&quot;:1,&quot;HWAFYRQfUUeDUfeSXfZdfVCMFDSFSWe&quot;:1,&quot;HWAFYHVRFeRLeNGTOJERXLMLFSWe&quot;:1,&quot;ODREBdFCSDWLKTPBXLAHSLdaRO&quot;:1,&quot;aWQOcYTBNLJPSePVCMIRe&quot;:1,&quot;BCdGNePeEBAcUYNTQWe&quot;:1,&quot;PPXGSCZWaZXbSYbQMUPNZFZeaPRe&quot;:1,&quot;adUAAdCYcPSBVHSCGVbaORe&quot;:1,&quot;HWAFNWTCUZZOeGDdKFBKIBFBEEEJHO&quot;:1,&quot;AdeKbOTdfdRMebfSPHIcNLRIGLT&quot;:1,&quot;cCHObdGUKCMedEKRbdPfIVXBPKASYeJcCcCcCC&quot;:1,&quot;fEOMfdbQdRIYdXFNPIITfDHCOLcO&quot;:1,&quot;NVNZYeJGdAFZfWHSVCHCTeVUbQWe&quot;:1,&quot;ODRETYeYCNOSHeCXQcaNYCLUSUZLFcFJdRKe&quot;:1,&quot;TeCOeJPQPIFdCACfXPRLO&quot;:1,&quot;bQGBVIZdRJBCJLWRHZGSNCDWOOC&quot;:1,&quot;VVOcTRYZLWZWORTeCISUZEYYEO&quot;:1,&quot;bQGBVIZdRJBCJLWRHZGSNMTXEUDae&quot;:1,&quot;GCLaYCKdFYFcCbNBOPVKFESTEUOOIBBO&quot;:1,&quot;HWAFYDEZRdJaWYfTRe&quot;:1,&quot;TAeObWXFZEVDAQOAdZJScUC&quot;:1,&quot;HWAFNRYWMVbXEQJaVWMDHe&quot;:1,&quot;dLcXJeITPMObDQKIUC&quot;:1,&quot;INLGPZPFBFKcFYdJVIQYfACLO&quot;:2,&quot;BHDTJdReLLCBLZBeMbFMOFIbeDUHYKe&quot;:1,&quot;cCHObMKdFEVRVVPKLZZVCMISLDTLZOXJOOIBBO&quot;:1,&quot;cCHObTPeAREDRETWcfTOQKFUPTLKGBfC&quot;:1,&quot;IZVTWRGaDKTSAaaVYYSPIDUPOBNTBdVPGFYEQKe&quot;:1,&quot;VVOcMKMBYNFPdNYKFFTNOUbYfIYOHSedFLKIO&quot;:1,&quot;bQbYWXFZEVWKMTUBNADPFEfbCDWOOC&quot;:2,&quot;NaMPOUbAKeWJafdOLYdTWObYNYUO&quot;:1,&quot;YTBbdHbdDEDBcfdFOKTBNHC&quot;:1,&quot;bPFYTBMWOOVZMYCIXQeMEbaO&quot;:2,&quot;eEBPBJFJZeOQPBOBTUWTNUC&quot;:1,&quot;YTBYNJXCcNGEcHZFGLNZZTDCeMJYGIeKe&quot;:1,&quot;YNaXTbXALKFTCWTUTZALSIWe&quot;:1,&quot;ABVYUNAQGPQZZJRZaKe&quot;:1,&quot;ZCaDMSGOHBTDOOMYTBaDMC&quot;:1,&quot;bQGBANdSSFHPLPBQGMcNBOFO&quot;:1,&quot;cCHObXKeNJAbIeWHQWPHDDWe&quot;:1,&quot;OOIBTVXINLcMYNaXTfMZKPHOUKe&quot;:1,&quot;bQGBPZdOWcaTJPabSWUHbWPHDDWe&quot;:2,&quot;HWAFYRKGCfeZBNUcO&quot;:1,&quot;HMbMdIXdfdTRKdSDeSeZBOFO&quot;:1,&quot;HBAdWABTXNPUZaeUFDQYT&quot;:1,&quot;UYIVaVbMVYNFPdNYKFFaMEAKe&quot;:1,&quot;fefdLWEYQGXYIeBZSJOEIKZBACHBRaeKVVCLT&quot;:1,&quot;NVNZWUBIUJLMJIAMdbDcbSTUXSaZbMOKe&quot;:2,&quot;NAFQCJWZUaYJKSECYBZSBVNRXMFDFaT&quot;:1,&quot;aWQOcYTBOOIBTBRfefWcYRfLVT&quot;:1,&quot;eWITPOKSKBZNVVbcOAIEcNVFCHC&quot;:1,&quot;dDfPJcbWEYANAadTDCaNUUDeQcJUXO&quot;:1,&quot;YdXfdKNKNKPZZWLKVHNTXaJNAFfQXT&quot;:1,&quot;BCTHeUAFfffXMPLVJGKTJVJBBPbBfC&quot;:1,&quot;aWQOcTEYDCMYWfDdMaRIScdeUKe&quot;:1,&quot;YdXfdKNKNKPZPVAecNfEHLeNBLFfZWLKVHYO&quot;:1,&quot;fefdLWEBHVCFYGORNXWUIaaOae&quot;:1,&quot;OMNNSCZWBZcZbSTBPMaMdAPVFfC&quot;:1,&quot;UBKeJOMfFdHMbLYBUJcbTdDIXAeMdMSBFOEIEYXT&quot;:1,&quot;NAFQQAFJZeOQZREKdZCJVcTC&quot;:1,&quot;INLGPfECIAaKLHPPYHDESeRQFKYOeUO&quot;:1,&quot;OOGbCDOTAZAdFcEEHJebAHYfWZJae&quot;:1,&quot;YTBIZERWfbYXMPBUDLC&quot;:1,&quot;YTTHbXeeVeCFZAcbRbROfLMVNRHe&quot;:1,&quot;HKBAEBBZRFZBBTcO&quot;:1,&quot;cQPHbcGRccQYIMdUfEJMFbFUIVTESMCC&quot;:1,&quot;eDSdUbUOADfSUdfZeeELSEO&quot;:1,&quot;cCHObMKdFEVRVVPKLZZVCMISLUDZSedLOLOLMO&quot;:1,&quot;eUFJZVacKdZJVVUDORMTfLT&quot;:1,&quot;MRLLLZcVXGXBONSLT&quot;:1,&quot;ABVYUYNaXTfXAPEeNSBedFeWKUVHe&quot;:1,&quot;IZVTWRGdJMTRILYYSPIDUPOET&quot;:1,&quot;aWQOcYTBACKbCQMQRe&quot;:1,&quot;eEBZFJZeOQPTJAAdbGIeFfMcCTPFeZKUIWcaICNRGLT&quot;:1,&quot;UETTJbZWMZfPGOaYdBGQIZMO&quot;:2,&quot;cCcCcCFLFHaZFdGdfTIEBFUINHC&quot;:1,&quot;eWffHbcGRcTeCYbeFbINfHIDJNMTKe&quot;:1,&quot;HWAFYYYRKGCaRXLMLRSUPRe&quot;:1,&quot;UaDELaBWPVCBGWcOCfWPcC&quot;:1,&quot;bLTLSHIfDSfdFSSBHHGGZWNWe&quot;:1,&quot;YTBaXEbQFPIEEBBcFPIWJbHFRT&quot;:1,&quot;HBISNFZFEUXPNMPKUGO&quot;:1,&quot;YWYHaGfZOIZIVSEQUEQERZYGGeTC&quot;:2,&quot;eRYPHdZcSBdLHXSGdNJeaILYJO&quot;:1,&quot;YTTHbXeeVJWcWPaDMWOMHTcNSDEWCAWdPZKe&quot;:1,&quot;eDSdUbJARGZaaNRaO&quot;:1,&quot;fTJXNCSLFJZZVCBOPQORHe&quot;:1,&quot;aXTfHAEDISIBTBBLXOQWBObbObSVHLeNBLLT&quot;:2,&quot;aWQOcYTBHBTLEVDERdafNZFeeSdPXMPPWfZXRT&quot;:1,&quot;BCEQAeMZeEOHGZGbDYDaKLITRe&quot;:1,&quot;fefSKeEDWHCJZARebJXGePCOdLZaTaTaET&quot;:1,&quot;YLXASfBPbdFDBPVOaDUC&quot;:1,&quot;HMbVVGeDaZXOTJBETLISOSCZC&quot;:1,&quot;HHYPFOWPHDDZFUdJVEFASOdICFHUeUae&quot;:1,&quot;OOIBTVXINLcMZNEdZAGBfTKe&quot;:1,&quot;BCdGNRAZYGccEbeTLaAFZKAUdRXMFDFaT&quot;:1,&quot;AEAFPKIJSHXdRT&quot;:1,&quot;eWHMcCcCcCSKBZXYRVceNMGBDNJeQDYBC&quot;:1,&quot;PPXGSCZFCFcCZVdcSQBKQKe&quot;:1,&quot;fTZaTaTaBfFdHMAZfeGEEC&quot;:1,&quot;PcJDDJZGOXT&quot;:1,&quot;PPXGSCZFGGYDVZNMPHVC&quot;:2,&quot;dLYHMRFeRLeMXFZdTYMIbYTTNZObbC&quot;:1,&quot;fTZaTaTaBAZTbYCTWZHT&quot;:1,&quot;INFdBOSTPeVcDHBYAZERMC&quot;:1,&quot;aaOCZFRYNYaKEeUOHSeEHNPVT&quot;:1,&quot;ODRESfPeSEYHbAeaWNZCTALVT&quot;:1,&quot;HWAFNRNHWMSXe&quot;:1,&quot;fefSKeEFKMBKEOcYRISUaPZdMcCcCcCC&quot;:1,&quot;BCOEfSPMHTcYTBGdAFUKKPdAHFOUTBSSWe&quot;:1,&quot;TWBBeJYTBGaWXCFafEJPAXZQIKdFHaO&quot;:1,&quot;PPXGSCZWPHDDZWDFbC&quot;:2,&quot;NAFLeOeJOQeOYFCRFZMbYWMPSYaET&quot;:1,&quot;IZVGHeCXLJTVFbXUCeeDNQUZARYfYO&quot;:1,&quot;BHDTJdRNcfeJFQbMWeDZQNUaMEAKe&quot;:1,&quot;HMbTYWeLJFaMEAfabSWEWZWNWe&quot;:1,&quot;OLBEJVIcVOXT&quot;:1,&quot;cCHObMKdFEVRVVPKLZZVCMISLUDZSeEBBVYYT&quot;:1,&quot;YdXfCDWOOWNEaUPfSCMeJECBLeENKe&quot;:2,&quot;NVFVcfTbdNNSYHXTOJDNFIaUJdDBKWPHDDWe&quot;:1,&quot;YdXfCDWOOSCaIfWcUXWAcbEDGXe&quot;:1,&quot;dLcXJeITPMObDSDHe&quot;:1,&quot;eDSdUbKHfGBeTC&quot;:1,&quot;HCZOKTfGCaNPHcXdKYEGHNfLae&quot;:1,&quot;cQPHbcGRcEfFbaBYWEIFYbdbVfHPdMcQYIMdUPTHT&quot;:1,&quot;OOIBTBGPfBKSOHYYIBPNFMYCeVPfC&quot;:1,&quot;aWQOcOOIBTdQeRHfEXNUGUSHMaLMJYJbVWe&quot;:1,&quot;OLZfebIYBFRZIAKLBJbQGWSVOZGBaeacWXT&quot;:1,&quot;ODREBBVYUOLYeRODWITaNFEBYJO&quot;:1,&quot;HWAFYWQJJSVHFAUVcIO&quot;:1,&quot;HMbXLQAFRGEMEaXGbRbBOFO&quot;:1,&quot;OMTVBENNFZFJFRLRGO&quot;:1,&quot;YdXfMTXEUDdHcXJEBSRVfBJZVcWCTZQWe&quot;:1,&quot;EUXPNMHfLebbMHSWedNDeQfYUXVaKBIecO&quot;:1,&quot;cCHObdRdJJXCcaWQOcNNOaUALOLOLMO&quot;:1,&quot;IZBTdFPfBKSAELSXPCbXbSYbcQcDKZVFRTKe&quot;:1,&quot;HVUBYBBVYUMMfEFQTXWDTJKDKaT&quot;:1,&quot;VOffSLYANAadKBFPTcAATIMZMTWGO&quot;:1,&quot;OMGfHOUbeKKPXKNdKVWMDNPIHAdLVC&quot;:1,&quot;cCHObONdPbIZFbYSfDcfFdHMbNXGDJdLOLOLMO&quot;:1,&quot;aaMLFXLYSfDcHaZFYWEIFNVBUKcKe&quot;:1,&quot;HWAFYTaYbZNHT&quot;:1,&quot;HWAFYRKGCbGNMQMLPSCTaMO&quot;:2,&quot;NAFLeOeJOLcLcDMbZfFccRVT&quot;:1,&quot;aXTfOFJZMYeKTcABVYUHTQZTQUERBdSMHBaWQOHT&quot;:2,&quot;cCHObTULHfAFFQZcVIZdRJOOIBBO&quot;:1,&quot;IZbREZVPTLKGBfDeHeIeNJVEVC&quot;:1,&quot;aXBNTfUWRFMeJAETfACQCALZUEXODPCcVIZdRRT&quot;:1,&quot;YdXfMOaYYfPNFfQIYWYHKe&quot;:1,&quot;OATBaYHHHUSFKCTPROET&quot;:1,&quot;BPHAUbWNZXGOXUSHXT&quot;:1,&quot;OTfdASFMNbQMdCNETWeZLO&quot;:1,&quot;YdAeYdHWNOTMeAZcGcZUbSBLXe&quot;:1,&quot;HWAFNeOYDUMAPYXMHO&quot;:1,&quot;aWQOcYTBbJfEDELHfNEIEYXT&quot;:1,&quot;HWAFYSGZXbTYC&quot;:1,&quot;cCHObEfEITNPfbeQMITaSdFaLbFDXFZMIcCcCcCC&quot;:1,&quot;NVNZWUATYZBZNVQZVTDdPfPPFPWe&quot;:1,&quot;NAFLeOeJOMOLZWDTPPFMLaDORTNJPBDdWe&quot;:2,&quot;TVLLUbELBbFDNCKBUYLAIO&quot;:1,&quot;fXGWCafXJKDKaT&quot;:1,&quot;HMbOOTWVdNHWTRTfIZbedSHfeRbEfKFWUC&quot;:1,&quot;NReaHfUEYYPOCXDOET&quot;:1,&quot;TWULDEZREHDWNZTLZBeMcQYIMdUAZdJAINRe&quot;:1,&quot;IZVBEEEJPMZeFTWePWe&quot;:1,&quot;fefSKeEFcIADWHCDUFYQXUZFRURURHe&quot;:1,&quot;aXTbSFYTBHMHHVbReIYBBVYUYNaXfLSKDBMdeVaAFZKXe&quot;:1,&quot;TfNZeFOBcDZDDUZeXT&quot;:1,&quot;XdKYEaEVTNeNcJZWNHRbAMSEJCLfZYPXPRQEDaORe&quot;:1,&quot;NAFQCJWZUbEXROEccQYIMdUTWfbGQDaYKe&quot;:1,&quot;HMbVZVCGCcOOIBBO&quot;:1,&quot;TWUQQbHVEZNePeEBVHDWNZGSRaPSZbXEIZBGaWXCFafae&quot;:1,&quot;AEHAFPRFRURURYZVZWDWEbYbOWBcaKBGO&quot;:1,&quot;MCIAFKKHYYfPNQAJLHFDdUUC&quot;:2,&quot;aXbISHcAaPdAHFeMbFDaPKIC&quot;:1,&quot;MRLQeIJDORMTfFOOIBTdLXbWe&quot;:1,&quot;HWAFYWdPKeEeWXe&quot;:1,&quot;aWQOcYTBOTfdASFbLYUbQHQHDDWe&quot;:1,&quot;HWAFYDEZRdZbVeUZDYbIeIdKWFHcKdZJVVWAUC&quot;:1,&quot;NVSGHKLOWWbBYOWEaXCfAMO&quot;:1,&quot;HOdIICNBUPFDUSUICFceHEVFKMBKAPVFfC&quot;:1,&quot;eRYZDYDYOIKdFHfVfFfZdOUcO&quot;:1,&quot;GfHOUbeKKPXKNdKVWMDNPIHAdLVC&quot;:1,&quot;OMHBABKHUcKPebBGZUdcCGZMWcbTFNeKe&quot;:1,&quot;YdXfdKNKNKHUScWaPCUHMHeIWC&quot;:1,&quot;TeCOeJePEJBMCCdGNROZdRJOcIYUNALOdPTDBSMDRXQHUHe&quot;:2,&quot;GCSXHHVQIZDFJNLcOdZeYSSETYcbWEfZXXddOERe&quot;:1,&quot;NAREDMFXeSCNZWMVC&quot;:1,&quot;INQQMJJHMVGRCfWSFULXcLfIMbIZDFDNCXO&quot;:1,&quot;fTZdEYaSdNELZHDeFNZNFTUQODWe&quot;:2,&quot;HWAFYdeRQdCYO&quot;:1,&quot;fXGWdUSYZTNReKfaKAOOVT&quot;:1,&quot;IZVTWRGTZECUDDJeVGTZVNWe&quot;:1,&quot;BIUJLMFQTXWDTSVbXQSIZGPECHTeUNPGJNZWPaDMC&quot;:1,&quot;TAeObJNGLTLRENZDMQPNdcCJJaaSLPQBTfUIaNZXQYcO&quot;:1,&quot;HWAFYBfPDBEDHIWDbKIdDZBXCEC&quot;:1,&quot;cJUJDbfGYUXAUADbSMO&quot;:1,&quot;HWACcMLaUJMFRTaWNcDfaNKe&quot;:1,&quot;IZVGPVUfEDdeZOHeYHe&quot;:1,&quot;BPHMAZTaHPeZBNUZMYXDcYEVfdZRO&quot;:1,&quot;PWBJfbHXSceIbZRAbVcXdXDNEXKQLNJC&quot;:1,&quot;cCcCcCDPCDCcfNYbOEYRAbYPbbTZWKNYT&quot;:1,&quot;HWAFYTfbacWCcKbOFHe&quot;:1,&quot;fTZaTaTaBYNZSINSQcaGKRRT&quot;:1,&quot;HWAFNRYLJVDIDFKORe&quot;:1,&quot;HCZANHDdLYJPCSIdTKeFHKZYDDOLBZTSWe&quot;:1,&quot;HWAFNRNFSUCDBae&quot;:1,&quot;IZBTdFPfBKSAELSXPYUFfDfeYAcOINGUZDMQPYO&quot;:1,&quot;IZVBBVYUBUGKSGdSYO&quot;:1,&quot;aWQOcYTBIZEVRNQcedPXPRLO&quot;:1,&quot;AEAFSXZCTPMPMADDbddQHT&quot;:1,&quot;cCHObTULHfAFFQZccWRBcCcCcCC&quot;:1,&quot;eDSdUbKHQadTGJNBdIYBZJVcTC&quot;:1,&quot;aXbSbcBUYWYHaRMSAdRTUcCcCcCC&quot;:1,&quot;aWQOcYTBBKbVPFCWeDfBAKae&quot;:1,&quot;eWfaIDJNMTabUHRbdFIKe&quot;:1,&quot;OMNQEDIKELcNQKAENUEcDCacUO&quot;:1,&quot;TDXbdLOLOLOCcTaJBHKZYQNTREWaEO&quot;:1,&quot;OOIBTKMDNdEPDGYWHFfdQQXEScXQOVWe&quot;:1,&quot;HWAFYRQTaNVbIeIPNJKe&quot;:2,&quot;OOIBTBBLXOQcQBcPbZIVFGWfdTJbHT&quot;:1,&quot;cQZJALOdeEEBFfZLMBUXCEWPHDDWe&quot;:1,&quot;NAREFBCCUFFWeARfDRfEOLKe&quot;:1,&quot;OMNNSCZSOGXCcZCBKeJbWPXXO&quot;:1,&quot;eDSdUfPPART&quot;:1,&quot;eDUdGVHMLMJdXMRfUWXFZEVC&quot;:1,&quot;ABVYUaXAZfLdZGIGPZAWe&quot;:1,&quot;OMNNSCZWDBTJXIIUIVBFAPYbIeIPHe&quot;:1,&quot;HWAFNRTKeeZaWe&quot;:1,&quot;eWHJdAQTEfEITNPffYSYNBdLHe&quot;:1,&quot;bQGBVIZdRJVVPePPSHRReKe&quot;:1,&quot;cCPeYGIZeVTNVQcfFKVbONebEWcDaWe&quot;:1,&quot;AfPcCWbKMDNdEHXdRT&quot;:1,&quot;bLTLSHIfDSfdFSSBHHGGPFDC&quot;:1,&quot;HWAFNLOLOLOOAJeKZBfaNKe&quot;:1,&quot;cCHObMKdFEVYQGXUGScOTVaAFZKXe&quot;:1,&quot;bQEAHSGVTdWPBQGMZbeKRJdPWKPNET&quot;:1,&quot;ZdZaYPZZGbAKXVGDPfQeFTcZJLCZBNcC&quot;:1,&quot;aXTfHAEDBOSVZMYCBaFKbECHZfYCNHQJYNBaFKbdOSabcTBHYYfPHe&quot;:1,&quot;bQGBVXGHVPHXe&quot;:1,&quot;PcVFHMPaQHDDZECEQcLPLBGVPLeaHIKAHXe&quot;:1,&quot;PPXGSCZWNTPFeZKUIJZTOeTWXFZEVC&quot;:1,&quot;aXTaYYfPYLXSOeKe&quot;:1,&quot;OMbMWcMdFRGbQfJNGLdDJIOUIC&quot;:2,&quot;cCHObdRdJSfdQaRNFOSeDCJWMddKNKNKWe&quot;:1,&quot;OaaKLecTYSHJAHTWTUZdaIOHT&quot;:1,&quot;aXBNTaUWPWbdfAUdWVADaVYEO&quot;:1,&quot;HMbBYYDdWQZQBOFO&quot;:1,&quot;HWAFYPNLINBdICOXHe&quot;:1,&quot;NVNZYeJGdAFZfFGEVSdVLT&quot;:1,&quot;fefSCOJZfIZZRAbOORAZDTRODBNLaPEbBBcOOIBBO&quot;:1,&quot;bLEBBVYUAZYIaWQIXe&quot;:1,&quot;aWQOcYTBbdbDNDQVO&quot;:1,&quot;HWAFYEEBAQTJPAcSfCSRBRT&quot;:1,&quot;aXTfHAEDISIBTINLbeTLQSQZRO&quot;:1,&quot;INLBdRAZUffECIAEKKUHAbINOffNcUUZabSXT&quot;:2,&quot;YTBUIHOdAHFJcGEUcIJKXe&quot;:1,&quot;cCHObdRdJSfdQaRNFOSeDCJWMdCDWOOC&quot;:1,&quot;AdRYGMHOHNSBYQOSRKVfPENWCZVO&quot;:1,&quot;bQGBVIZdRJVVPePPSHYYfPHe&quot;:1,&quot;HMbCALZBYeRKTTWZcYTET&quot;:1,&quot;HMbKAcQJFYDTeCFEDYcaMEAKe&quot;:2,&quot;ZcSIcceNSEYKDYWEIFPGUfJIJUcO&quot;:1,&quot;OMIZdFSXIHERdabCTHO&quot;:1,&quot;ODREGZUTPAaNCWLUSIKFO&quot;:1,&quot;YTBeWfCDEaJPGAAQecVKfBLWeDZQNUTEYMO&quot;:1,&quot;YTBHMbEKBeWecNfEVSGFGZJESeHT&quot;:1,&quot;HCZEIBSYPGTPdUFSbeCJEXcCHHQJbHFRT&quot;:1,&quot;ABVYUaXAZfLdPcRXUJdFCDRTYC&quot;:1,&quot;bQEWMdCPYLaALSGQCdBC&quot;:1,&quot;AdZZBOSBaQDbXDOXC&quot;:1,&quot;NAFQQAFJZeOQPeYTWTUPSCMeRT&quot;:1,&quot;BOeaYYfPYNYHNPMMNIRHcEFeLHYO&quot;:1,&quot;HWAFYRQYcNVDHZTdLTRe&quot;:1,&quot;BHDTJdReLYOLEaMNcfAHHbfKe&quot;:1,&quot;YLXASfBPbdFDOeecbXAKe&quot;:1,&quot;VObdZZaBTYFGCeCVRJcTfMSPIeKTBHRAEIATXT&quot;:1,&quot;HCZANHDdLYBEZOXGFDVCMILfPJaAKDKe&quot;:1,&quot;cCHObVKKMadMUPXPRQBQMdBfDeLdEBJWPHDDWe&quot;:1,&quot;OMTVBENNQASXVVFXdKYEaEVaETeDdHWNRHe&quot;:1,&quot;fefSCOJZfIZZRAbTXTMNZeUNFPCNBEUXPNMWe&quot;:2,&quot;aWQOcYTBbJfEDVacDdQeRHfAOZEVNET&quot;:1,&quot;eDXJNSacQSSPXPRQMbHAcLRfdACDWOOC&quot;:1,&quot;HWAFNQBJFJUEeRT&quot;:1,&quot;NAREFcCcCcCDSJRNfaQOAZbfHfXe&quot;:1,&quot;cCHObVKKMadMUPXPRQVLBQLOLOLMO&quot;:1,&quot;GfHOUbeKKPHcVScZbeKRJdPC&quot;:1,&quot;HWAFNLTLAYDNHOeWWGO&quot;:1},&quot;r&quot;:{&quot;fEOMeOSTIZJCNQOVTQFBNLJeKe&quot;:0,&quot;aWQOcYTBeIfSeHO&quot;:0,&quot;NAREFOLDaWcXIFYdXfMAWe&quot;:0,&quot;HWAFNeOYSGDMDZdZeTDVLBRe&quot;:0,&quot;NAREFOQeLPTVBNLTLJVFHT&quot;:0,&quot;NAFLeOeJOOIBTEKZSVbYSLbKVDEZRdePeEBVJWcC&quot;:0,&quot;cCHObTPeAeMJJfNQbHVEZYREHGWPHDDWe&quot;:0,&quot;HWAFYHIEUXPNMWe&quot;:0,&quot;ZOBOSKBZMJdDBKFaKdVceVbYANcGLAZdUUKe&quot;:0,&quot;ZOBOSKBZMREYbdbEJeNYQbVceVbYANcGLAZdUUKe&quot;:0,&quot;cQYIMdUTNOUbWNHYLFfAJYYeFEXO&quot;:0,&quot;PPXGWPHDDZKCBPQCcTEYMO&quot;:0,&quot;HWAJLGbbeLRcVWNIKLcEJWcJERXLMLFSUKTRdLCHT&quot;:0,&quot;HWAFNeOYWKYVVMdddYMdMeeXe&quot;:0,&quot;bPFTMGCVFPPKNAPcHMaXDORMTfLT&quot;:0,&quot;NAREFOQeLPTVBNLTLdaWYO&quot;:0,&quot;HWAFYFGeNBLScEXO&quot;:0,&quot;fefSKeEFIMNJPdRfDRbaTaTaET&quot;:0,&quot;HINZJLeUXSaZbdKNKNKZLWZHOfBRUDKe&quot;:0,&quot;OLdaWELZQCDWOOC&quot;:0,&quot;cCHObCaZHaSdFaLbFRKPXLEBBVYYT&quot;:0,&quot;OMBKbVZAGDJZVePdJESDWe&quot;:0,&quot;ABVYUNQJTeERXUFQcXCEC&quot;:0,&quot;HWAFNeOYSVbXQFRWZXJNNVCLVUC&quot;:0,&quot;HWAFNeOYDYEaNdNJKDKaT&quot;:0,&quot;ZdZaYPZZGbESMQMLefNOSTUPICSSSXdHFEO&quot;:0,&quot;aWQOcYTBABVYUEKCWNBOcaGPaXe&quot;:0,&quot;YTTHbXeeVLDKZeVAZNdAYbQIdReLJWcC&quot;:0,&quot;OLdaWELZQdKNKNKWe&quot;:0,&quot;HINZJLeUXSaZbdKNKNKPZHSdINFPIWBHT&quot;:0,&quot;cCHObCccQYIMdUTaJBBBMHO&quot;:0,&quot;NAFLeOeJcCcCcCWNTRbAOdZWfBJfBZGPTcNHC&quot;:0,&quot;eWHMbNXGDJdcSNDeMSPQQDVCUBPSdFDBCJRRIAfUUZaTaTaET&quot;:0,&quot;HXedfUMRZWNHQHDDPIMLPDGYUFKMBKTVXBUPaMNKe&quot;:0,&quot;eWHMbNXGDJdPIHAdLVBHVDEOONebEJKDKGcCcCcCC&quot;:0,&quot;aXTfOFJZMYeKTcABVYUfFdHMPVWCGTQJQJET&quot;:0,&quot;ZNTDVCDdPFCDJQaCRbNZBUbSQAbVET&quot;:0,&quot;cCcCcCDPCDEOBXafEDNPbZYbeTSLQMALHGaAC&quot;:0,&quot;cCHObdRdJWNBJZGWKZETTeMXCEWPHDDWe&quot;:0,&quot;HWAFNLTLSPIDUPOET&quot;:0,&quot;PZeQJTBJVedZTUSXRUdBaKDDKCDWOOC&quot;:0,&quot;OAZOXHSdNECVVDJGOGbRWe&quot;:0,&quot;eWfCDMeICKFNcfEEHFRT&quot;:0,&quot;BPHOaBAZTabUBWSMTKe&quot;:0,&quot;OAZOXPIMLebQfDbLITbTNTMJVdfUFVNaRe&quot;:0,&quot;HMbICWCaePMZABQVT&quot;:0,&quot;HWAFYTaFAUADZGNOHHWcZZMfXLMEO&quot;:0,&quot;eWHMbNXGDJEdeRQTeCFEDeZVXZfAcbaTaTaET&quot;:0,&quot;YNaXTbWNZeMNEceMdRYTYcbWaGO&quot;:0,&quot;HWAJLGbbeLRcVJdDBKSGdACQdOTdTC&quot;:0,&quot;HWAFNLdZCGRYbRSYO&quot;:0,&quot;NAREFeDUfNeLLaAFZKXe&quot;:0,&quot;BPHOaBaWQOcMMeMEADXKe&quot;:0,&quot;aWQOcYTBTEYDMSAZDC&quot;:0,&quot;HINZJLeUXSaZbdKNKNKPQfQOHT&quot;:0,&quot;TWULFcSOZaTaTaBcQYIMdUELWdZXZTQQBC&quot;:0,&quot;OOIBBQMALHYYfPNeOYRAOAcEUFLFTUbERVHe&quot;:0,&quot;OOIBBQMALHYYfPNSYYfTULHfYO&quot;:0,&quot;OOIBBQMALHYYfPYEMVbEICWBZEWaSEO&quot;:0,&quot;HWAFYHIEJKaEHT&quot;:0,&quot;aaMRYBENNQAJGOGYTLRQJRfRXe&quot;:0,&quot;cCHObIPPQFFNcUWCZLIPALOLOLOBdIcUKVSESXAae&quot;:0,&quot;INFddKNKNKHYPYYdbFDaeKe&quot;:0,&quot;aXTfHAEDISIBTEIEYITeNJPRJdJKQXO&quot;:0,&quot;aWQOcYTBGcYZBdIcZfDRXe&quot;:0,&quot;aXTfOFJZMYeKTcABVYUaWQMdWKZGdTKEIVFcNRfDRKe&quot;:0,&quot;aWQOcYTBABVYUaKFBfCeae&quot;:0,&quot;aWQOcYTBOOIBTdMPBQGVT&quot;:0,&quot;cCHObMPWAdFbXeZfWBZEWaSdCDWOOC&quot;:0,&quot;YdXfCDWOOScUSAXKdcEIZTGSEJcBIfBYSGFO&quot;:0,&quot;OAZOXPKSXPbNSNHRUeIBHAVO&quot;:0,&quot;OAZOXHeCXLEdcSNDeMSWe&quot;:0,&quot;cCGaYSddOEGcHNAEQfKCePBeZTPSeUFRURURHe&quot;:0,&quot;TWULHJEfHUYbFDAVbBHMcO&quot;:0,&quot;AEAFZGSRLGKVCMIQWSYC&quot;:0,&quot;HWAFNeOYFFVNfeCIYYT&quot;:0,&quot;aWQOcbJfEDBOSMKdFEAeRRYDEZREBBVYYT&quot;:0,&quot;eDUaYDDOefRfMVMIAbFSBALOLOLMO&quot;:0,&quot;aWQOcYTBOOIBTMXWHUSCNVAELXT&quot;:0,&quot;eWfaYPXfQUESRbQfXRT&quot;:0,&quot;bPFTMGCVFPPKNAPcHMaXWPHDDWe&quot;:0,&quot;OOIBBQMALZJARGZaaNRfBYHe&quot;:0,&quot;HMbCDWOOJGOGeMVOXT&quot;:0,&quot;YdXfCDWOOWNECHTeUeaT&quot;:0,&quot;HWAJLGbbeLRcVWNCCCGVaGeFZBQCBMRVC&quot;:0,&quot;aWQOcYTBOOIBTCcMLaURARe&quot;:0,&quot;NAFLeOeJAEHIOQLeKfWe&quot;:0,&quot;TZUfCDWOODXaJPeTJLBWHZHT&quot;:0,&quot;HWAFNRYLJVDXKe&quot;:0,&quot;aWQOcbJfEDBOSMeeAFSUCKVeENKe&quot;:0,&quot;YTBUIHOdTPeADYeNWSFDUVNaLBBVYYT&quot;:0,&quot;HWAFYSGPRXe&quot;:0,&quot;HINZJLeUXSaZbdKNKNKHUFXSBYQOWcfINKe&quot;:0,&quot;OOIBBQMALPbfVbQXLQPaeKKe&quot;:0,&quot;TZUfdKNKNKPeTcZVfTLScXQOVWe&quot;:0,&quot;HWAFYYNQTbVSGAWTWMRPQDOJNET&quot;:0,&quot;IZBTdFPfcCSAELSXZEfKFWSTGGFaNcZRVSOfCDEXT&quot;:0,&quot;TDXbETfZHfLebbMIGDC&quot;:0,&quot;cJHYPWZJEEZEBaRISHT&quot;:0,&quot;YdXfdKNKNKZNTbJRXFNMKdSQbRBcSbSAcQWe&quot;:0,&quot;cCHObdRdJSYeJaKBbVCMILaAFZKXe&quot;:0,&quot;PcVFHMPbJARGPXAPEPYKDcdWPBcELWdZXZdNUNEIEBGPYSbC&quot;:0,&quot;HMbVacDNOdRSCXJNBOSMUO&quot;:0,&quot;NAREFBUONOHHWcZZVddOQbDZAPbKe&quot;:0,&quot;cCHObdRdJDXaDJPdPPedLOLOLMO&quot;:0,&quot;ZOCDKBZMREYbdbEJeNYQbVceVbYANcGLAZdUUKe&quot;:0,&quot;cCHObdRdJJXRDVMDTEREHGURXZVBBVYYT&quot;:0,&quot;HMbICWTFfFFNPbNKe&quot;:0,&quot;IZVSFVTWRGfOSfAWDIcKe&quot;:0,&quot;HWAFYHIYTdELT&quot;:0,&quot;HINZJLeUXSaZbCDWOOJMSYZEINBKYO&quot;:0,&quot;HZUaYZUTPEDRYYdIbYO&quot;:0,&quot;cCHObdRdJDXaDJPdPPeEBBVYYT&quot;:0,&quot;aWHMVKbTBPAAXTbdBcANKBYfBQJeLBBVYYT&quot;:0,&quot;HWAFNeOYDXKe&quot;:0,&quot;ABVYUYNaXTbXUCeeC&quot;:0,&quot;aWHMVKbTBPAAdKLREcaNMFMZVAKLZWNWe&quot;:0,&quot;NAREFOQFLFQPVT&quot;:0,&quot;aaMRYBENNQADUMAPNHefKbAXDXKe&quot;:0,&quot;OOIBBQMALHYYfPYeQSAdeMNKQdDfTLKGBfC&quot;:0,&quot;TWUQPUAWQNMVYTBXOVVURDFKMBKIODdWe&quot;:0,&quot;dLYHMRFeRQPcRWbdTYMIbXDOXC&quot;:0,&quot;aaMRYBENNLZOedZSNMOBfC&quot;:0,&quot;HWAFYTfJaAKDaFAUADZGNCURKIVUELae&quot;:0,&quot;TfNZeFcCSHUKYaReKbQNPccObBdeQPXBcaRO&quot;:0,&quot;fefSKeEFIMNJPdRfDRaYYfPHe&quot;:0,&quot;OMIZdQbHGAXJKDKGHZUKe&quot;:0,&quot;aWQOcYTBNbbLJeEdCVAZdUUKe&quot;:0,&quot;VCTOFRURURYTfbacWCcYZMHBeZOEfSPMHTHT&quot;:0,&quot;bPJAZNdAYbeDUZSQZXSMSeGEVUSZMSMGGTHHSOC&quot;:0,&quot;OOIBBQMALHYYfPNeOYJLHFDIHcFITC&quot;:0,&quot;OMBUVXFMNbQMdIbOCKe&quot;:0,&quot;HZUaQSYeJPOKZeKSdJeQDYBC&quot;:0,&quot;aXTfHAEDISIBTMMbYHFBddQC&quot;:0,&quot;aXTfHAEDBOSISIBTIXIRcJIePYbECELbcZTTae&quot;:0,&quot;NAREFOLTcAZdJAINRe&quot;:0,&quot;PPXGWPHDDZKZKCBZdBdPWcDaWe&quot;:0,&quot;YTBYNJXCcaWMGZCeNUSPFVWe&quot;:0,&quot;HWAFNeOYDVJTWWCQSFafXe&quot;:0,&quot;febdSAYUPHBAAKEBBVYYT&quot;:0,&quot;BPHOaBaWQOcHMafOVLBQHKKAGVT&quot;:0,&quot;HWAFYTabFIRZZBaSPTaFIacWXT&quot;:0,&quot;NAFLeOeJOMEKCccTRLHe&quot;:0,&quot;PcVFHMPbJARGPXAPEAEBLRSdSZHO&quot;:0,&quot;YPNTUTZCWMMCFRBZIVFGWfdTUWBZcaMEATKe&quot;:0,&quot;aWQOcYTBTEYDXGDSMSAZDC&quot;:0,&quot;HWAFYTbGfeVTJALWQIXe&quot;:0,&quot;aWQOcbJfEDBOSMKdFEAeRRYDEZRdLOLOLMO&quot;:0,&quot;VCTOWPHDDHUJFWQIOQPFdRNeFBHDTJdReRe&quot;:0,&quot;cQYIMdUTNOUbWNHYLFaUSfIFTWAJYYeFEXO&quot;:0,&quot;HMbIKELcHOGZWFaYZGNTDICRO&quot;:0,&quot;PeYGIHRIZWNPKSXHPeDUfIAAMRaYSUFUXe&quot;:0,&quot;HWAFYTfCaSYeGIeMOeBRe&quot;:0,&quot;HWAFYEEBVFJYbTDCHT&quot;:0,&quot;HMbIKELcMRbBYWKAUVWSSIVeYRAbfSPWSSIAUKNVbdEKKBOFO&quot;:0,&quot;BHDTJdReLAUeASHLUXe&quot;:0,&quot;dLYHMRFeRLBBVYUHSCLREHGUSUZYEWBebfFVbIFZaaLT&quot;:0,&quot;OOIBBQMALZWdQESEJCLfPYSbC&quot;:0,&quot;cCHObCaZHaSdFaLbFRKPXLdLOLOLMO&quot;:0,&quot;aXTfOFJZMYeKTcABVYUaWQMGcVNRebC&quot;:0,&quot;cCGaYSddGFdMFFERTPZMNDDDeCRIPAUFRURURHe&quot;:0,&quot;cCcCcCJXCSbcfFdHMTcZJFOHHAVKSYJdUDEYIKe&quot;:0,&quot;HWAFYTbVFGLRWSSEJPVWSCZC&quot;:0,&quot;cCGaYSddOEGcHNAEQfKCePBeZTPSeUWPHDDWe&quot;:0,&quot;eWHMbNXGDJdcSbSFSZNaSLAZWAcC&quot;:0,&quot;cCHObdKDLBDbMAZdJAINLTaYYfPHe&quot;:0,&quot;cCHObdKDLBDbMAZdJAINLTbaTaTaET&quot;:0,&quot;HWAFYAFPXILMWHJKPFYRKGCTaXdRT&quot;:0,&quot;INFddKNKNKPCbeVZdXdDPTJBbcGcNEMO&quot;:0,&quot;YTTHbXeeVJWcWPaDMWOMHTccTBLWCAWdPZKe&quot;:0,&quot;cQYIMdUTNOUbWNHYLFfMPSXZDDUPRXe&quot;:0,&quot;fefSCOJZfIZZRAbOOWTCUZceNGTODORMTfLT&quot;:0,&quot;cCcCcCWPDYGGcQYIMdUTNOUfAJEXO&quot;:0,&quot;aWQOcYTBNVSZCaZDdPLbbdMeAKaXYBBVYYT&quot;:0,&quot;BKbVZWNZJFGbRdeFIbQbAdPMTAcHe&quot;:0,&quot;aXTfHAEDEVHWEcTNSVbXQFRWZXJTZUFPTWHT&quot;:0,&quot;NAFLeOeJYTBNAFQBcJMaMEAKe&quot;:0,&quot;BecHXVIBOcNBMDSBGRNQHUHe&quot;:0,&quot;TeCOeJePEJBMCCdGNROZdRJOcIYUNALOMDRXLEFDXGDSBOFO&quot;:0,&quot;cQYIMdUTNOUbWNHYLFfAJUXWAcaYbDDUPRXe&quot;:0,&quot;HWAFYAFPXILMWHFGEVUC&quot;:0,&quot;eWfaQJVfYceDFbZNRTKeeHRbdFIKe&quot;:0,&quot;cCHObCccQYIMdUTaJBBBMPdKNKNKWe&quot;:0,&quot;BPHOaBAZTbXPKVYJWcSXVVQaWe&quot;:0,&quot;HWAFYecGbRbEQMRYeWWBBO&quot;:0,&quot;HINZJLeUXSaZbdKNKNKHFBddQDVcMLaC&quot;:0,&quot;cCHObdRdJWNBJZGWKZETTeMXCEFRURURHe&quot;:0,&quot;OAZOXHHHOdCYO&quot;:0,&quot;ZOMPGfFdHMaMEAfGTJJbMFJQPYUbUKe&quot;:0,&quot;cJPWZJEEZEBaRISHT&quot;:0,&quot;HWAFYTaFAUADZGNOHHWcZZMTXEUDae&quot;:0,&quot;OOIBTKBOMDZIBNDRMET&quot;:0,&quot;HWAFNRYHXT&quot;:0,&quot;HZUaYPMPSXZVYMO&quot;:0,&quot;cCHObMPWAdFbXeZfWBZEWaSddKNKNKWe&quot;:0,&quot;TZUfdKNKNKPRVfEeSPGOaYdYO&quot;:0,&quot;aaOCZFVNaLJMEBUWCHcCbZXSZFNYDbEbeAGO&quot;:0,&quot;IZVSFAeHHOBJbCMALC&quot;:0,&quot;aWQOcabcRFYTBAZNdAYfIMOeaDFfdXUC&quot;:0,&quot;ABVYUIYBdOFVYGUPTAeEJUC&quot;:0,&quot;PcVJZTOeTFcSBebJTGWDAAQUYdOBeQPQIaGeFZBQCdKNKNKWe&quot;:0},&quot;m&quot;:&quot;UmFuZG9tSVYkc2RlIyh9YSYxVzxjGa3Dzs3mWAGVKbsZUaI7Id6ICkV5DmToI-idwodtP9XchWMuOoXfQck9MlwoS7VYmFntY0ezEHh57ZznrWA-W5UC_8gkR0XdVFV3SGrwuIw7nsoNRvJ3-NHO3Tt_qFcyX0ujGmWeL-EVLN1AvadQEdvY3NXtvzbxIbIQ7QNg0e2r0uQxQhUA9e7V4iMTJyMPsuu8Y9ZcNQYej-YQX-Vqn1qCz8TNIX2eE80lMYk9oWeDo1P8tzanKW0TOg&quot;,&quot;t&quot;:{&quot;XdKYEaEVTNeNcJZWNHRbAMSEJCLfZYPXPRQEDaORe&quot;:1,&quot;YdXfdKNKNKZNTbLSKHRbdFIKe&quot;:1,&quot;eDSdUaSdFaLbFSMWdTXJbFbRILT&quot;:1,&quot;YdXfdKNKNKZNTbJRXFNMKdSQbFfdOKVSBbQbC&quot;:1,&quot;dLcXJeITPMObVcKYO&quot;:1,&quot;TDXbETfZHfLebbMIGDC&quot;:1,&quot;ZOOYDLXAdcCcdOOdDC&quot;:1,&quot;HMeVKJeGMXNZQMeYJNNQeHT&quot;:1,&quot;BHDTJdReLLCBLZBeMbFMOFIbeDUHYKe&quot;:5,&quot;BPHAUbWNZXGOXUSHXT&quot;:1,&quot;dLYHMRFeRQcDaIPaMNfQCcbNXGDJae&quot;:1,&quot;YdXfdKNKNKZNTbJRXFNMKdSQbRBcSbSAcQWe&quot;:1,&quot;BHDTJdReLGMeEcYPffcVDZBZMO&quot;:1,&quot;EUXPNMHfLebbMHSWedNDeQfYUXVaKBIecO&quot;:13,&quot;NLJZCEQMULaDAEKKSLcSEO&quot;:5,&quot;VMITcZJLCZBfaNKe&quot;:11,&quot;YdXfdKNKNKZNTfQDXIeIceIKdFHaO&quot;:1,&quot;INLGHUDSJNQQdKBUPfECIAEcOHT&quot;:2,&quot;TDXbdLOLOLOCcTaJBHKZYQNTREWaEO&quot;:139,&quot;NVNZYeJBBYZUeQKBBTZMcET&quot;:1,&quot;ISSfYWZWREfWBQBTUfBUPHe&quot;:1,&quot;BHDTJdReQHUYYOLEaMYYXO&quot;:1,&quot;BHDTJdReQHUYYOLEaMNSUC&quot;:1,&quot;ZOBJZGDYeUaHBXLMSPRSQcfOEbMUO&quot;:1,&quot;OAZOXPKSXZAGaaeUbDDJRWLXT&quot;:1,&quot;HWAFYDEZRae&quot;:3,&quot;YdXfdKNKNKZNTfVfdLaAFZKXe&quot;:1}};
var jst = {&quot;YdXfdKNKNKZNTbLSKHRbdFIKe&quot;:1,&quot;YdXfdKNKNKZNTbJRXFNMKdSQbRBcSbSAcQWe&quot;:0,&quot;GfCDATBbLJbWRWEdTTcO&quot;:1,&quot;YdXfdKNKNKZNTfQDXIeIceIKdFHaO&quot;:1,&quot;THHSOJZTOeTFKMOaVRVKaMUHYbTLZBeMGKSaT&quot;:1,&quot;BHDTJdReLGMeEcYPffcVDZBZMO&quot;:1,&quot;YdXfdKNKNKZNTbJRXFNMKdSQbFfdOKVSBbQbC&quot;:1,&quot;dLYHMRFeRQcDaIPaMNfQCcbNXGDJae&quot;:1,&quot;BHDTJdReLLCBLZBeMbFMOFIbeDUHYKe&quot;:1,&quot;YdXfdKNKNKZNTfVfdLaAFZKXe&quot;:1,&quot;aDMWRfDSdWUUHfLebbMPAFFLKZLXJOfAdIUFZZcO&quot;:1,&quot;aXbSbcBUYWYHaRMSAdRTUcCcCcCC&quot;:1};
var jsdt = {&quot;dLYHMRFeRQcDaIPaMNfQCcbNXGDJae&quot;:1,&quot;aDMWRfDSdWUUHfLebbMPAFFLKZLXJOfAdIUFZZcO&quot;:1,&quot;BHDTJdReLLCBLZBeMbFMOFIbeDUHYKe&quot;:1,&quot;YdXfdKNKNKZNTfVfdLaAFZKXe&quot;:1,&quot;aXbSbcBUYWYHaRMSAdRTUcCcCcCC&quot;:1,&quot;YdXfdKNKNKZNTbJRXFNMKdSQbFfdOKVSBbQbC&quot;:1,&quot;YdXfdKNKNKZNTfQDXIeIceIKdFHaO&quot;:1,&quot;THHSOJZTOeTFKMOaVRVKaMUHYbTLZBeMGKSaT&quot;:1,&quot;BHDTJdReLGMeEcYPffcVDZBZMO&quot;:1,&quot;YdXfdKNKNKZNTbLSKHRbdFIKe&quot;:1,&quot;GfCDATBbLJbWRWEdTTcO&quot;:1};
booking.jst = jst;
booking.jsdt = jsdt;
booking.env.b_fragment_url_html = &quot;/fragment.html&quot;;
booking.env.b_fragment_url_json = &quot;/fragment.json&quot;;
booking.ensureNamespaceExists(&#039;affiliate&#039;);
booking.affiliate.platform = {
isHybrid: 0,
isCobrand: 0
};
booking.affiliate.settings = {
showSignUpPrompt: 0
};
booking.affiliate.variables = {
userLoggedIn: 0
};
booking.affiliate.params = {
destinationFinderSignUpPrompt: 0
};
&lt;/script&gt;
&lt;script nonce=&quot;Y346mIyU7Ic0W43&quot;&gt;
(function(){
document.addEventListener(&#039;DOMContentLoaded&#039;, function(e) {
window._pxAppId = &#039;PXikKuL2RM&#039;;
setTimeout(function() {
var pxs = document.createElement(&#039;script&#039;);
pxs.crossOrigin = &#039;anonymous&#039;;
pxs.nonce = &#039;Y346mIyU7Ic0W43&#039;;
pxs.src = &#039;https://cf.bstatic.com/libs/perimeterx/px.v7.6.9.min.js&#039;;
document.head.appendChild(pxs);
}, 750);
});
}());
&lt;/script&gt;
&lt;script nonce=&quot;Y346mIyU7Ic0W43&quot;&gt;
(function(){
var delayMs = 0;
document.addEventListener(&#039;DOMContentLoaded&#039;, function(e) {
setTimeout(function() {
var script = document.createElement(&#039;script&#039;);
script.nonce = &#039;Y346mIyU7Ic0W43&#039;;
script.src = &#039;/87sduif98q3rijax&#039;;
script.async = true;
document.head.appendChild(script);
}, delayMs);
});
}());
&lt;/script&gt;
&lt;script type=&quot;text/javascript&quot; nonce=&quot;Y346mIyU7Ic0W43&quot;&gt;
window.cspViolationsCount = 0;
if (&#039;SecurityPolicyViolationEvent&#039; in window) {
document.addEventListener(&quot;securitypolicyviolation&quot;, (e) =&gt; {
if (navigator.userAgent.indexOf(&#039;Safari&#039;) != -1 &amp;&amp; navigator.userAgent.indexOf(&#039;Chrome&#039;) == -1) {
window.cspViolationsCount++;
} else if (e.disposition === &#039;enforce&#039;) {
window.cspViolationsCount++;
}
});
}
&lt;/script&gt;
&lt;link nonce=&quot;Y346mIyU7Ic0W43&quot; data-chunk=&quot;client&quot; rel=&quot;stylesheet&quot; href=&quot;https://cf.bstatic.com/psb/capla/static/css/client.21208861.css&quot;&gt;&lt;link nonce=&quot;Y346mIyU7Ic0W43&quot; data-chunk=&quot;src-components-SearchBoxDesktopHorizontal-SearchBoxDesktopHorizontal&quot; rel=&quot;stylesheet&quot; href=&quot;https://cf.bstatic.com/psb/capla/static/css/3adb9e25.77e685cc.chunk.css&quot;&gt;&lt;link nonce=&quot;Y346mIyU7Ic0W43&quot; data-chunk=&quot;src-components-BreadCrumbsDesktop-BreadCrumbsDesktop&quot; rel=&quot;stylesheet&quot; href=&quot;https://cf.bstatic.com/psb/capla/static/css/34f2af62.307cb874.chunk.css&quot;&gt;&lt;link nonce=&quot;Y346mIyU7Ic0W43&quot; data-chunk=&quot;src-components-HeaderDesktop-HeaderDesktop&quot; rel=&quot;stylesheet&quot; href=&quot;https://cf.bstatic.com/psb/capla/static/css/fd1a5492.fa0b8bc7.chunk.css&quot;&gt;&lt;link nonce=&quot;Y346mIyU7Ic0W43&quot; data-chunk=&quot;src-components-LeftColumnDesktop-LeftColumnDesktop&quot; rel=&quot;stylesheet&quot; href=&quot;https://cf.bstatic.com/psb/capla/static/css/b71e2dc8.ee8555aa.chunk.css&quot;&gt;&lt;link nonce=&quot;Y346mIyU7Ic0W43&quot; data-chunk=&quot;src-components-PropertiesListDesktop-PropertiesListDesktop&quot; rel=&quot;stylesheet&quot; href=&quot;https://cf.bstatic.com/psb/capla/static/css/5ab48c7f.8714a7a6.chunk.css&quot;&gt;&lt;link nonce=&quot;Y346mIyU7Ic0W43&quot; data-chunk=&quot;src-components-TripTypeRecommendations-TripTypeRecommendations&quot; rel=&quot;stylesheet&quot; href=&quot;https://cf.bstatic.com/psb/capla/static/css/64feba51.0f5c3aee.chunk.css&quot;&gt;&lt;link nonce=&quot;Y346mIyU7Ic0W43&quot; data-chunk=&quot;src-components-SortersDropdown-SortersDropdown&quot; rel=&quot;stylesheet&quot; href=&quot;https://cf.bstatic.com/psb/capla/static/css/66212866.b234b82d.chunk.css&quot;&gt;&lt;link nonce=&quot;Y346mIyU7Ic0W43&quot; data-chunk=&quot;bookingcom-web-shell-header-mfe-components-AccommodationHeader-SearchResultHeader&quot; rel=&quot;stylesheet&quot; href=&quot;https://cf.bstatic.com/psb/capla/static/css/d01efdaf.92aa361a.chunk.css&quot;&gt;&lt;link nonce=&quot;Y346mIyU7Ic0W43&quot; data-chunk=&quot;src-components-GlobalAlerts-GlobalAlerts&quot; rel=&quot;stylesheet&quot; href=&quot;https://cf.bstatic.com/psb/capla/static/css/51308afc.967d267e.chunk.css&quot;&gt;&lt;link nonce=&quot;Y346mIyU7Ic0W43&quot; data-chunk=&quot;src-components-PropertiesListMap-PropertiesListMap&quot; rel=&quot;stylesheet&quot; href=&quot;https://cf.bstatic.com/psb/capla/static/css/3c0c92a2.11919aed.chunk.css&quot;&gt;&lt;link nonce=&quot;Y346mIyU7Ic0W43&quot; data-chunk=&quot;bookingcom-marketing-rewards-ui-web-components-RewardsBanner&quot; rel=&quot;stylesheet&quot; href=&quot;https://cf.bstatic.com/psb/capla/static/css/861a93b6.a07f4bce.chunk.css&quot;&gt;&lt;link nonce=&quot;Y346mIyU7Ic0W43&quot; data-chunk=&quot;bookingcom-index-lp-web-mfe-components-WanderlistCarousel&quot; rel=&quot;stylesheet&quot; href=&quot;https://cf.bstatic.com/psb/capla/static/css/9b319ccc.74034a16.chunk.css&quot;&gt;&lt;link nonce=&quot;Y346mIyU7Ic0W43&quot; data-chunk=&quot;bookingcom-survey-tracker-mfe-banner&quot; rel=&quot;stylesheet&quot; href=&quot;https://cf.bstatic.com/psb/capla/static/css/976086da.e5d316e4.chunk.css&quot;&gt;&lt;link nonce=&quot;Y346mIyU7Ic0W43&quot; data-chunk=&quot;common-genius-patterns-GeniusOnboardingSheet-GeniusOnboardingSheet&quot; rel=&quot;stylesheet&quot; href=&quot;https://cf.bstatic.com/psb/capla/static/css/7eb49103.2ba13104.chunk.css&quot;&gt;&lt;link nonce=&quot;Y346mIyU7Ic0W43&quot; data-chunk=&quot;bookingcom-index-lp-web-mfe-components-GeniusSignInSheet&quot; rel=&quot;stylesheet&quot; href=&quot;https://cf.bstatic.com/psb/capla/static/css/7e33f430.2ba13104.chunk.css&quot;&gt;
&lt;/head&gt;
&lt;body
data-bui-theme=&quot;traveller-light&quot;
id=&quot;b2searchresultsPage&quot;
class=&quot;bookings2 b2 searchresults en lang_is_ltr header_reshuffle no_bg_img nobg user_center app_user_center sb_gradient_border b-sprite-3 ds-traveller-header lx_cwv_font_swap bigblue_std_sm bigblue_std_lg iconfont_is_loading  system-font iq-x-bar iq-x-bar-new &quot;&gt;
&lt;div style=&quot;display:none;&quot;&gt;Gog_sr_cc_less&lt;/div&gt;
&lt;div class=&quot;bypass_menu&quot; tabindex=&quot;0&quot;&gt;
&lt;a href=&quot;#basiclayout&quot; class=&quot;bui-list-item&quot; tabindex=&quot;0&quot;&gt;
&lt;div class=&quot;bui-inline-container bui-inline-container--align bui-inline-container--size-small&quot;&gt;
&lt;div class=&quot;bui-inline-container__main&quot;&gt;Skip to main content&lt;/div&gt;
&lt;/div&gt;
&lt;/a&gt;
&lt;/div&gt;
&lt;script type=&quot;text/javascript&quot; nonce=&quot;Y346mIyU7Ic0W43&quot;&gt;
window.utag_data = {
site: &#039;bookings2&#039;,
stypeid: &#039;1&#039;,
action: &#039;searchresults&#039;,
crt: &#039;1&#039;,
fbp: &#039;1&#039;,
exp1: &#039;&#039;,
exp2: &#039;0&#039;,
bem: &#039;0&#039;,
bip: &#039;0&#039;,
exp_rmkt_test: &#039;global_on&#039;,
exp_google_tag_manager: &#039;1&#039;,
ns: &#039;1&#039;,
nsc: &#039;0&#039;,
famem: &#039;-1&#039;,
famfn: &#039;-1&#039;,
fampn: &#039;-1&#039;,
gcem: &#039;-1&#039;,
gcpn: &#039;-1&#039;,
gwcur: &#039;-1&#039;,
gwcuc: &#039;-1&#039;,
rb: &#039;1&#039;,
gst: &#039;1&#039;,
fbqs: &#039;&#039;,
sage: &#039;0&#039;,
alev: &#039;0&#039;,
atid: &#039;&#039;,
atnm: &#039;&#039;,
atnm_en: &#039;&#039;,
pt_en: &#039;&#039;,
biz_s: &#039;2&#039;,
biz_p: &#039;&#039;,
bo: &#039;1&#039;,
browser: &#039;Unparsed&#039;,
browser_ver: &#039;0&#039;,
bstage: &#039;&#039;,
emksho: &#039;1&#039;,
is_subscribed_to_newsletter: &#039;&#039;,
genis: &#039;&#039;,
glev: &#039;&#039;,
n_b: &#039;&#039;,
sid: &#039;90259e8437c6096c4ee27fece820d9ea&#039;,
ui: &#039;&#039;,
is_aid_mcc_level_tracked: &#039;&#039;,
partner_channel_id: &#039;3&#039;,
ttv: &#039;&#039;,
ttv_uc: &#039;&#039;,
p1: &#039;0&#039;,
preferred_neighborhoods: [],
hotel_name: &#039;&#039;,
channel_id: &#039;3&#039;,
partner_id: &#039;1&#039;,
ai: &#039;304142&#039;,
tsmp: &#039;1694773210&#039;,
adults: &#039;2&#039;,
book_window: &#039;&#039;,
children: &#039;0&#039;,
district_name: &#039;-1&#039;,
city_name: &#039;-1&#039;,
region_name: &#039;-1&#039;,
country_name: &#039;Philippines&#039;,
currency: &#039;USD&#039;,
date_in: &#039;-1&#039;,
cul: &#039;0&#039;,
mnns: &#039;0&#039;,
date_out: &#039;-1&#039;,
dayofwk: &#039;-1&#039;,
depth: &#039;1&#039;,
dest_type: &#039;-1&#039;,
dest_id: &#039;-1&#039;,
dest_cc: &#039;ph&#039;,
dest_ufi: &#039;-1&#039;,
dest_name: &#039;Session Road&#039;,
hotel_count: &#039;0&#039;,
hotel_id: &#039;0&#039;,
hotel_id_list: &#039;&#039;,
hr: &#039;-1&#039;,
i1: &#039;&#039;,
i2: &#039;&#039;,
i3: &#039;&#039;,
isfd: &#039;&#039;,
isnl: &#039;&#039;,
label: &#039;gen000nr-10CAQoggJCD2xhbmRtYXJrXzI2MTA2MEgzWARo7AGIAQGYATO4AQXIAQXYAQPoAQH4AQGIAgGoAgG4AtrfkKgGwAIB0gIkOWIzM2E5MTMtNDMwZC00YzZmLTg5Y2ItZmU2OWJjYjc3MDc02AIB4AIB&#039;,
language: &#039;en-us&#039;,
logged_in: &#039;0&#039;,
nights: &#039;-1&#039;,
cv: &#039;-1&#039;,
ordv: &#039;-1&#039;,
rooms: &#039;1&#039;,
seed: &#039;a2kn21z2EYkhtdATET1Chg&#039;,
sid_dyna: &#039;0065042fda04d9ee713a3731da7171c4f2_1694772000&#039;,
srord: &#039;-1&#039;,
sub: &#039;0&#039;,
ui_a: &#039;1&#039;,
user_location: &#039;us&#039;,
cip: &#039;181.66.151.1&#039;,
cua: &#039;appium/8.3.0 (selenium/4.12.1 (java windows))&#039;,
pid: &#039;&#039;,
stid: &#039;304142&#039;,
gaclientid: &#039;&#039;,
bkng_cookie_identifier: &#039;UmFuZG9tSVYkc2RlIyh9YeXKWxo4vn0nm4EZBunhNeLPGT6mlJumLq_iLKZ7OkNP&#039;,
tag_cdn: &#039;tags.tiqcdn.com&#039;,
cspn: &#039;Y346mIyU7Ic0W43&#039;,
rmk_var: &#039;-1&#039;,
rbda: &#039;-1&#039;,
isnv: &#039;1&#039;,
isrtv: &#039;0&#039;,
israv: &#039;0&#039;,
commaud: &#039;-1&#039;
};
window.dataLayer = [{
site: &#039;bookings2&#039;,
stypeid: &#039;1&#039;,
action: &#039;searchresults&#039;,
crt: &#039;1&#039;,
fbp: &#039;1&#039;,
exp1: &#039;&#039;,
exp2: &#039;0&#039;,
bem: &#039;0&#039;,
bip: &#039;0&#039;,
exp_rmkt_test: &#039;global_on&#039;,
exp_google_tag_manager: &#039;1&#039;,
ns: &#039;1&#039;,
nsc: &#039;0&#039;,
famem: &#039;-1&#039;,
famfn: &#039;-1&#039;,
fampn: &#039;-1&#039;,
gcem: &#039;-1&#039;,
gcpn: &#039;-1&#039;,
gwcur: &#039;-1&#039;,
gwcuc: &#039;-1&#039;,
rb: &#039;1&#039;,
gst: &#039;1&#039;,
fbqs: &#039;&#039;,
sage: &#039;0&#039;,
alev: &#039;0&#039;,
atid: &#039;&#039;,
atnm: &#039;&#039;,
atnm_en: &#039;&#039;,
pt_en: &#039;&#039;,
biz_s: &#039;2&#039;,
biz_p: &#039;&#039;,
bo: &#039;1&#039;,
browser: &#039;Unparsed&#039;,
browser_ver: &#039;0&#039;,
bstage: &#039;&#039;,
emksho: &#039;1&#039;,
is_subscribed_to_newsletter: &#039;&#039;,
genis: &#039;&#039;,
glev: &#039;&#039;,
n_b: &#039;&#039;,
sid: &#039;90259e8437c6096c4ee27fece820d9ea&#039;,
ui: &#039;&#039;,
is_aid_mcc_level_tracked: &#039;&#039;,
partner_channel_id: &#039;3&#039;,
ttv: &#039;&#039;,
ttv_uc: &#039;&#039;,
p1: &#039;0&#039;,
preferred_neighborhoods: [],
hotel_name: &#039;&#039;,
channel_id: &#039;3&#039;,
partner_id: &#039;1&#039;,
ai: &#039;304142&#039;,
tsmp: &#039;1694773210&#039;,
adults: &#039;2&#039;,
book_window: &#039;&#039;,
children: &#039;0&#039;,
district_name: &#039;-1&#039;,
city_name: &#039;-1&#039;,
region_name: &#039;-1&#039;,
country_name: &#039;Philippines&#039;,
currency: &#039;USD&#039;,
date_in: &#039;-1&#039;,
cul: &#039;0&#039;,
mnns: &#039;0&#039;,
date_out: &#039;-1&#039;,
dayofwk: &#039;-1&#039;,
depth: &#039;1&#039;,
dest_type: &#039;-1&#039;,
dest_id: &#039;-1&#039;,
dest_cc: &#039;ph&#039;,
dest_ufi: &#039;-1&#039;,
dest_name: &#039;Session Road&#039;,
hotel_count: &#039;0&#039;,
hotel_id: &#039;0&#039;,
hotel_id_list: &#039;&#039;,
hr: &#039;-1&#039;,
i1: &#039;&#039;,
i2: &#039;&#039;,
i3: &#039;&#039;,
isfd: &#039;&#039;,
isnl: &#039;&#039;,
label: &#039;gen000nr-10CAQoggJCD2xhbmRtYXJrXzI2MTA2MEgzWARo7AGIAQGYATO4AQXIAQXYAQPoAQH4AQGIAgGoAgG4AtrfkKgGwAIB0gIkOWIzM2E5MTMtNDMwZC00YzZmLTg5Y2ItZmU2OWJjYjc3MDc02AIB4AIB&#039;,
language: &#039;en-us&#039;,
logged_in: &#039;0&#039;,
nights: &#039;-1&#039;,
cv: &#039;-1&#039;,
ordv: &#039;-1&#039;,
rooms: &#039;1&#039;,
seed: &#039;a2kn21z2EYkhtdATET1Chg&#039;,
sid_dyna: &#039;0065042fda04d9ee713a3731da7171c4f2_1694772000&#039;,
srord: &#039;-1&#039;,
sub: &#039;0&#039;,
ui_a: &#039;1&#039;,
user_location: &#039;us&#039;,
cip: &#039;181.66.151.1&#039;,
cua: &#039;appium/8.3.0 (selenium/4.12.1 (java windows))&#039;,
pid: &#039;&#039;,
stid: &#039;304142&#039;,
gaclientid: &#039;&#039;,
bkng_cookie_identifier: &#039;UmFuZG9tSVYkc2RlIyh9YeXKWxo4vn0nm4EZBunhNeLPGT6mlJumLq_iLKZ7OkNP&#039;,
tag_cdn: &#039;tags.tiqcdn.com&#039;,
cspn: &#039;Y346mIyU7Ic0W43&#039;,
rmk_var: &#039;-1&#039;,
rbda: &#039;-1&#039;,
isnv: &#039;1&#039;,
isrtv: &#039;0&#039;,
israv: &#039;0&#039;,
commaud: &#039;-1&#039;
}] || window.dataLayer;
(function(a,b,c,d){
if (window.location.search.indexOf(&#039;gitlab_runner&#039;) &gt; -1 || document.cookie.indexOf(&#039;gitlab_runner&#039;) &gt; -1) return;
var w = window || {};
function loadTagContainer(){
if(B &amp;&amp; B.et &amp;&amp; B.et.stage) {
B.et.stage(&#039;aaTBNZZJRLESPIDNJC&#039;, 1);
B.et.stage(&#039;aaTBNZZJRLdQANAFQFaLESPIDNJC&#039;, 1);
B.et.stage(&#039;aaTBNZZJRLESPIDNJDPVBC&#039;, 1);
B.et.stage(&#039;aaTBNZZJRLESPIDNJDPVBC&#039;, 3);
}
(function(w,d,s,l,i){w[l]=w[l]||[];w[l].push({&#039;gtm.start&#039;:
new Date().getTime(),event:&#039;gtm.js&#039;});var f=d.getElementsByTagName(s)[0],
j=d.createElement(s),dl=l!=&#039;dataLayer&#039;?&#039;&amp;l=&#039;+l:&#039;&#039;;j.nonce=&#039;Y346mIyU7Ic0W43&#039;;j.async=true;j.src=
&#039;https://www.googletagmanager.com/gtm.js?id=GTM-5Q664QZ&#039;;f.parentNode.insertBefore(j,f);
})(window,document,&#039;script&#039;,&#039;dataLayer&#039;, &#039;GTM-5Q664QZ&#039;);
};
if(w.addEventListener){
w.addEventListener(&#039;load&#039;, loadTagContainer, false);
} else if(w.attachEvent){
w.attachEvent(&#039;onload&#039;, loadTagContainer);
}
})();
&lt;/script&gt;
&lt;noscript&gt;&lt;iframe src=&quot;https://www.googletagmanager.com/ns.html?id=GTM-5Q664QZ&quot; height=&quot;0&quot; width=&quot;0&quot; style=&quot;display:none;visibility:hidden&quot;&gt;&lt;/iframe&gt;&lt;/noscript&gt;
&lt;div data-capla-component-boundary=&quot;b-search-web-searchresults/TravellerHeader&quot;&gt;&lt;div class=&quot;web-shell-header-mfe&quot; data-testid=&quot;web-shell-header-mfe&quot;&gt;&lt;header class=&quot; b4ea8459d6&quot;&gt;&lt;nav class=&quot;c20fd9b542&quot;&gt;&lt;div class=&quot;f9966e6860&quot;&gt;&lt;div class=&quot;a945757098&quot;&gt;&lt;span data-testid=&quot;header-logo&quot;&gt;&lt;a data-testid=&quot;header-booking-logo&quot; aria-label=&quot;Booking.com&quot; href=&quot;https://www.booking.com/index.html&quot; class=&quot;a83ed08757&quot;&gt;&lt;svg xmlns=&quot;http://www.w3.org/2000/svg&quot; fill=&quot;none&quot; viewBox=&quot;0 0 180 30&quot;&gt;&lt;path fill=&quot;#fff&quot; d=&quot;M70.6 2.73999C70.602 2.19808 70.7646 1.66892 71.0673 1.21943C71.3701 0.769947 71.7993 0.420321 72.3007 0.214768C72.8021 0.00921437 73.3532 -0.0430342 73.8843 0.064629C74.4155 0.172292 74.9027 0.435032 75.2845 0.819622C75.6663 1.20421 75.9255 1.69338 76.0293 2.22527C76.133 2.75716 76.0768 3.30788 75.8676 3.80779C75.6584 4.3077 75.3056 4.73434 74.8539 5.03377C74.4022 5.3332 73.8719 5.49197 73.33 5.48999C72.9702 5.48868 72.6141 5.41651 72.2822 5.2776C71.9503 5.13869 71.649 4.93576 71.3955 4.6804C71.1419 4.42504 70.9412 4.12225 70.8047 3.78931C70.6683 3.45637 70.5987 3.09982 70.6 2.73999V2.73999ZM116.5 23.77C117.044 23.772 117.577 23.6124 118.031 23.3114C118.484 23.0104 118.838 22.5816 119.048 22.0793C119.257 21.577 119.313 21.0238 119.208 20.4897C119.103 19.9555 118.842 19.4646 118.458 19.079C118.074 18.6934 117.584 18.4305 117.05 18.3236C116.516 18.2167 115.963 18.2705 115.46 18.4784C114.957 18.6862 114.527 19.0387 114.224 19.4911C113.922 19.9436 113.76 20.4757 113.76 21.02C113.76 21.7476 114.048 22.4456 114.562 22.961C115.075 23.4764 115.772 23.7673 116.5 23.77V23.77ZM25.7 6.72999C24.0129 6.74775 22.3688 7.26426 20.9746 8.21447C19.5805 9.16469 18.4986 10.5061 17.8653 12.0699C17.2319 13.6337 17.0754 15.3499 17.4154 17.0025C17.7554 18.6551 18.5767 20.1701 19.776 21.3569C20.9752 22.5436 22.4988 23.349 24.1548 23.6717C25.8108 23.9944 27.5253 23.8199 29.0824 23.1702C30.6395 22.5205 31.9695 21.4247 32.9051 20.0206C33.8406 18.6166 34.3399 16.9672 34.34 15.28C34.3768 14.1396 34.1778 13.0038 33.7555 11.9438C33.3331 10.8839 32.6965 9.92248 31.8855 9.11989C31.0744 8.3173 30.1064 7.69078 29.0421 7.27955C27.9778 6.86831 26.84 6.68122 25.7 6.72999V6.72999ZM25.7 19.83C23.35 19.83 21.7 17.96 21.7 15.28C21.7 12.6 23.34 10.73 25.7 10.73C28.06 10.73 29.7 12.6 29.7 15.28C29.7 17.96 28.11 19.83 25.7 19.83ZM65.3 15.71C65.1321 15.3716 64.9128 15.0613 64.65 14.79L64.5 14.63L64.66 14.48C64.9116 14.2078 65.1423 13.917 65.35 13.61L69.74 7.05999H64.41L61.1 12.19C60.9586 12.3442 60.782 12.4621 60.5852 12.5334C60.3885 12.6048 60.1774 12.6277 59.97 12.6H59.22V2.90999C59.22 0.979993 58.01 0.709993 56.71 0.709993H54.48V23.58H59.21V16.72H59.65C60.19 16.72 60.56 16.78 60.73 17.08L63.35 21.97C63.5773 22.5089 63.9785 22.9563 64.4895 23.2408C65.0006 23.5253 65.5922 23.6306 66.17 23.54H69.8L67.09 19.07L65.3 15.71ZM88.27 6.68999C87.3747 6.67014 86.4851 6.83782 85.6584 7.18226C84.8318 7.5267 84.0863 8.04028 83.47 8.68999L83.18 8.97999L83.08 8.57999C82.9261 8.08803 82.6021 7.66692 82.166 7.39207C81.7299 7.11723 81.2102 7.0066 80.7 7.07999H78.57V23.57H83.29V15.97C83.275 15.2919 83.373 14.6159 83.58 13.97C83.7979 13.1302 84.2923 12.3883 84.9836 11.8639C85.6748 11.3396 86.5225 11.0634 87.39 11.08C88.85 11.08 89.39 11.85 89.39 13.86V21.05C89.335 21.3921 89.3619 21.7424 89.4686 22.072C89.5753 22.4017 89.7586 22.7013 90.0036 22.9463C90.2487 23.1914 90.5483 23.3747 90.878 23.4814C91.2076 23.5881 91.5579 23.615 91.9 23.56H94.12V13.07C94.15 8.89999 92.12 6.68999 88.27 6.68999V6.68999ZM73.39 7.05999H71.17V23.58H75.87V9.57999C75.9234 9.24041 75.8964 8.89304 75.7913 8.56576C75.6862 8.23848 75.5058 7.94038 75.2647 7.69537C75.0236 7.45037 74.7284 7.26527 74.4028 7.15493C74.0773 7.04459 73.7304 7.01208 73.39 7.05999V7.05999ZM44.16 6.72999C42.4729 6.74775 40.8288 7.26426 39.4346 8.21447C38.0405 9.16469 36.9586 10.5061 36.3253 12.0699C35.6919 13.6337 35.5354 15.3499 35.8754 17.0025C36.2154 18.6551 37.0367 20.1701 38.236 21.3569C39.4352 22.5436 40.9588 23.349 42.6148 23.6717C44.2708 23.9944 45.9853 23.8199 47.5424 23.1702C49.0995 22.5205 50.4295 21.4247 51.3651 20.0206C52.3006 18.6166 52.7999 16.9672 52.8 15.28C52.8368 14.1396 52.6378 13.0038 52.2155 11.9438C51.7931 10.8839 51.1565 9.92248 50.3455 9.11989C49.5344 8.3173 48.5664 7.69078 47.5021 7.27955C46.4378 6.86831 45.3 6.68122 44.16 6.72999V6.72999ZM44.16 19.83C41.81 19.83 40.16 17.96 40.16 15.28C40.16 12.6 41.8 10.73 44.16 10.73C46.52 10.73 48.16 12.6 48.16 15.28C48.16 17.96 46.57 19.83 44.16 19.83ZM144.89 6.72999C143.203 6.74775 141.559 7.26426 140.165 8.21447C138.77 9.16469 137.689 10.5061 137.055 12.0699C136.422 13.6337 136.265 15.3499 136.605 17.0025C136.945 18.6551 137.767 20.1701 138.966 21.3569C140.165 22.5436 141.689 23.349 143.345 23.6717C145.001 23.9944 146.715 23.8199 148.272 23.1702C149.829 22.5205 151.16 21.4247 152.095 20.0206C153.031 18.6166 153.53 16.9672 153.53 15.28C153.567 14.1396 153.368 13.0038 152.945 11.9438C152.523 10.8839 151.887 9.92248 151.075 9.11989C150.264 8.3173 149.296 7.69078 148.232 7.27955C147.168 6.86831 146.03 6.68122 144.89 6.72999V6.72999ZM144.89 19.83C142.54 19.83 140.89 17.96 140.89 15.28C140.89 12.6 142.53 10.73 144.89 10.73C147.25 10.73 148.89 12.6 148.89 15.28C148.89 17.96 147.3 19.83 144.89 19.83ZM109.74 7.01999C109.356 6.98285 108.97 7.05749 108.627 7.23491C108.285 7.41233 108.001 7.68497 107.81 8.01999L107.69 8.26999L107.47 8.07999C106.253 7.08344 104.711 6.57072 103.14 6.63999C98.75 6.63999 95.78 9.94999 95.78 14.87C95.78 19.79 98.85 23.22 103.23 23.22C104.521 23.2791 105.795 22.9061 106.85 22.16L107.21 21.88V22.34C107.21 24.55 105.78 25.77 103.21 25.77C102.131 25.755 101.062 25.5555 100.05 25.18C99.8562 25.0813 99.6419 25.0295 99.4244 25.0287C99.2069 25.0279 98.9923 25.0782 98.7977 25.1754C98.6032 25.2727 98.4342 25.4143 98.3043 25.5887C98.1745 25.7632 98.0874 25.9657 98.05 26.18L97.14 28.46L97.47 28.63C99.2593 29.5195 101.232 29.9783 103.23 29.97C107.23 29.97 111.9 27.91 111.9 22.14V7.01999H109.74ZM104.06 19.11C101.5 19.11 100.58 16.86 100.58 14.76C100.58 13.83 100.81 10.76 103.81 10.76C105.3 10.76 107.3 11.18 107.3 14.86C107.3 18.38 105.54 19.11 104.06 19.11ZM13.09 11.85L12.4 11.47L13 10.97C13.6103 10.4334 14.0951 9.76919 14.42 9.02435C14.7449 8.27951 14.9019 7.47231 14.88 6.65999C14.88 3.05999 12.09 0.739993 7.79 0.739993H2.31C1.69606 0.762953 1.11431 1.02048 0.684566 1.45953C0.254821 1.89857 0.00981021 2.48571 0 3.09999L0 23.5H7.88C12.67 23.5 15.77 20.89 15.77 16.84C15.8104 15.8446 15.583 14.8566 15.1116 13.9789C14.6403 13.1012 13.9421 12.3661 13.09 11.85V11.85ZM4.37 6.07999C4.37 5.01999 4.82 4.51999 5.8 4.45999H7.8C8.16093 4.42761 8.52456 4.47504 8.8651 4.59892C9.20565 4.7228 9.51476 4.9201 9.77052 5.17681C10.0263 5.43353 10.2224 5.74338 10.345 6.08438C10.4676 6.42538 10.5137 6.78919 10.48 7.14999C10.5194 7.51629 10.4791 7.88679 10.3616 8.23598C10.2442 8.58517 10.0524 8.90477 9.79964 9.17277C9.54684 9.44077 9.23898 9.65082 8.89723 9.78844C8.55549 9.92606 8.18798 9.988 7.82 9.96999H4.37V6.07999ZM8.2 19.64H4.37V15.06C4.37 14.06 4.76 13.57 5.59 13.45H8.2C8.99043 13.4949 9.7337 13.8406 10.2774 14.4161C10.8211 14.9916 11.124 15.7533 11.124 16.545C11.124 17.3367 10.8211 18.0984 10.2774 18.6739C9.7337 19.2494 8.99043 19.595 8.2 19.64ZM174.53 6.73999C173.558 6.74366 172.6 6.96575 171.726 7.38984C170.852 7.81393 170.084 8.42915 169.48 9.18999L169.14 9.62999L168.87 9.13999C168.437 8.355 167.787 7.71128 166.998 7.2857C166.209 6.86012 165.314 6.67067 164.42 6.73999C163.604 6.75328 162.798 6.93308 162.054 7.26838C161.309 7.60368 160.641 8.08742 160.09 8.68999L159.65 9.16999L159.48 8.53999C159.323 8.07152 159.008 7.67282 158.587 7.41334C158.167 7.15386 157.669 7.05005 157.18 7.11999H155.18V23.57H159.64V16.31C159.646 15.6629 159.727 15.0187 159.88 14.39C160.31 12.63 161.49 10.74 163.47 10.93C164.69 11.05 165.29 11.99 165.29 13.82V23.57H169.81V16.31C169.791 15.6345 169.875 14.9601 170.06 14.31C170.42 12.64 171.65 10.92 173.56 10.92C174.94 10.92 175.45 11.7 175.45 13.81V21.17C175.45 22.83 176.19 23.57 177.85 23.57H180V13.07C180 8.86999 178.15 6.73999 174.53 6.73999ZM133.69 17.86C132.51 19.095 130.913 19.8471 129.21 19.97C128.593 20.0073 127.974 19.914 127.395 19.6962C126.816 19.4784 126.29 19.141 125.85 18.706C125.41 18.271 125.067 17.7482 124.843 17.1716C124.619 16.5951 124.519 15.9778 124.55 15.36C124.498 14.7504 124.575 14.1365 124.776 13.5588C124.978 12.981 125.299 12.4524 125.719 12.0076C126.14 11.5629 126.649 11.212 127.215 10.978C127.78 10.744 128.388 10.6322 129 10.65C129.84 10.65 130.8 10.95 130.95 11.46V11.55C131.048 11.8986 131.258 12.2056 131.547 12.424C131.835 12.6425 132.188 12.7605 132.55 12.76H135V10.61C135 7.76999 131.39 6.73999 129 6.73999C123.81 6.73999 120 10.37 120 15.35C120 20.33 123.73 23.97 128.86 23.97C130.178 23.9562 131.479 23.6722 132.683 23.1355C133.887 22.5989 134.969 21.821 135.86 20.85L134 17.58L133.69 17.86Z&quot;&gt;&lt;/path&gt;&lt;/svg&gt;&lt;/a&gt;&lt;/span&gt;&lt;/div&gt;&lt;/div&gt;&lt;div class=&quot;aca0ade214 aaf30230d9 c2931f4182 e7d9f93f4d faf8b5d9a5&quot;&gt;&lt;span class=&quot;f419a93f12&quot;&gt;&lt;button aria-expanded=&quot;false&quot; data-testid=&quot;header-currency-picker-trigger&quot; aria-label=&quot;Prices in U.S. Dollar&quot; type=&quot;button&quot; class=&quot;a83ed08757 c21c56c305 f38b6daa18 f671049264 deab83296e fd3248769f&quot;&gt;&lt;span class=&quot;e4adce92df&quot;&gt;USD&lt;/span&gt;&lt;/button&gt;&lt;/span&gt;&lt;span class=&quot;f419a93f12&quot;&gt;&lt;button aria-expanded=&quot;false&quot; data-testid=&quot;header-language-picker-trigger&quot; aria-label=&quot;Language: English (US)&quot; type=&quot;button&quot; class=&quot;a83ed08757 c21c56c305 f38b6daa18 f671049264 deab83296e fd3248769f&quot;&gt;&lt;span class=&quot;e4adce92df&quot;&gt;&lt;div class=&quot;c82435a4b8 b7e47c7391 f53e278e95 f89f0b5683 bf1d1f48fe&quot; style=&quot;--bui_box_padding--s:0&quot;&gt;&lt;picture class=&quot;e5a3812a75 b3f31bb1be&quot;&gt;&lt;img class=&quot;e3fa9175ee d354f8f44f ed3971de08&quot; src=&quot;https://t-cf.bstatic.com/design-assets/assets/v3.85.0/images-flags/Us@3x.png&quot; alt=&quot;&quot; role=&quot;presentation&quot; loading=&quot;lazy&quot;/&gt;&lt;/picture&gt;&lt;/div&gt;&lt;/span&gt;&lt;/button&gt;&lt;/span&gt;&lt;span class=&quot;f419a93f12&quot;&gt;&lt;a aria-expanded=&quot;false&quot; aria-label=&quot;Customer support&quot; data-testid=&quot;header-help-center&quot; href=&quot;https://secure.booking.com/content/cs.html?src=header_question_mark&quot; class=&quot;a83ed08757 c21c56c305 f38b6daa18 d691166b09 f671049264 deab83296e fd3248769f&quot;&gt;&lt;span class=&quot;eedba9e88a&quot;&gt;&lt;span class=&quot;fcd9eec8fb c2cc050fb8&quot; aria-hidden=&quot;true&quot;&gt;&lt;svg xmlns=&quot;http://www.w3.org/2000/svg&quot; viewBox=&quot;0 0 24 24&quot;&gt;&lt;path d=&quot;M9.75 9a2.25 2.25 0 1 1 3 2.122 2.25 2.25 0 0 0-1.5 2.122v1.006a.75.75 0 0 0 1.5 0v-1.006c0-.318.2-.602.5-.708A3.75 3.75 0 1 0 8.25 9a.75.75 0 1 0 1.5 0zM12 16.5a1.125 1.125 0 1 0 0 2.25 1.125 1.125 0 0 0 0-2.25.75.75 0 0 0 0 1.5.375.375 0 1 1 0-.75.375.375 0 0 1 0 .75.75.75 0 0 0 0-1.5zM22.5 12c0 5.799-4.701 10.5-10.5 10.5S1.5 17.799 1.5 12 6.201 1.5 12 1.5 22.5 6.201 22.5 12zm1.5 0c0-6.627-5.373-12-12-12S0 5.373 0 12s5.373 12 12 12 12-5.373 12-12z&quot;&gt;&lt;/path&gt;&lt;/svg&gt;&lt;/span&gt;&lt;/span&gt;&lt;/a&gt;&lt;/span&gt;&lt;a data-testid=&quot;header-custom-action-button&quot; href=&quot;https://join.booking.com/?utm_source=topbar&quot; class=&quot;a83ed08757 c21c56c305 f38b6daa18 f671049264 deab83296e fd3248769f&quot;&gt;&lt;span class=&quot;e4adce92df&quot;&gt;List your property&lt;/span&gt;&lt;/a&gt;&lt;a data-testid=&quot;header-sign-up-button&quot; aria-label=&quot;Create an account&quot; href=&quot;https://account.booking.com/auth/oauth2?client_id=vO1Kblk7xX9tUn2cpZLS&amp;amp;redirect_uri=https%3A%2F%2Fsecure.booking.com%2Flogin.html%3Fop%3Doauth_return&amp;amp;response_type=code&amp;amp;lang=en-us&amp;amp;aid=304142&amp;amp;bkng_action=searchresults_irene&amp;amp;prompt=signin&amp;amp;state=UpQCnPCIIMj4ET9lcETuIb6LxmwAG9JPUemHeLaj4ZHsN-DTKfLaBjwFmvz4lEoxtMpFb4NB2qeDJxOOYoOhGf2DqGVKGMME_lGgj6IMwAV2boHZVP9KD0t6eyzzAUP9g2mOLef2CuSsEeGk6IgO9PL77tUyP3piD5lF-zxkWol9qRuTu6xaTOESA-GsBRD0BvZi9e2WmKMToDdEmqouNISvJekuDigGMLRsnMlW7j4JzgDIPJY8eSN9kWsoJJJnXAc2VetTXtYEW6nrRNm_qsmRbpT0nctSEEcsBeb29ASJ8_v9R9_SOHkuzyQhJV8M1WQ_1cTN74bLTspi2jUqKbt_yAM6FMoiw4UPS2paQ60wg4L421tZ*eyJpZCI6InRyYXZlbGxlcl9oZWFkZXIifQ%3D%3D&quot; class=&quot;a83ed08757 c21c56c305 bf0537ecb5 ab98298258 deab83296e af7297d90d js-header-login-link&quot;&gt;&lt;span class=&quot;e4adce92df&quot;&gt;Register&lt;/span&gt;&lt;/a&gt;&lt;div class=&quot;abcc616ec7 c180176d40&quot;&gt;&lt;a data-testid=&quot;header-sign-in-button&quot; aria-label=&quot;Sign in&quot; href=&quot;https://account.booking.com/auth/oauth2?client_id=vO1Kblk7xX9tUn2cpZLS&amp;amp;redirect_uri=https%3A%2F%2Fsecure.booking.com%2Flogin.html%3Fop%3Doauth_return&amp;amp;response_type=code&amp;amp;lang=en-us&amp;amp;aid=304142&amp;amp;bkng_action=searchresults_irene&amp;amp;prompt=signin&amp;amp;state=UpQCnPCIIMj4ET9lcETuIb6LxmwAG9JPUemHeLaj4ZHsN-DTKfLaBjwFmvz4lEoxtMpFb4NB2qeDJxOOYoOhGf2DqGVKGMME_lGgj6IMwAV2boHZVP9KD0t6eyzzAUP9g2mOLef2CuSsEeGk6IgO9PL77tUyP3piD5lF-zxkWol9qRuTu6xaTOESA-GsBRD0BvZi9e2WmKMToDdEmqouNISvJekuDigGMLRsnMlW7j4JzgDIPJY8eSN9kWsoJJJnXAc2VetTXtYEW6nrRNm_qsmRbpT0nctSEEcsBeb29ASJ8_v9R9_SOHkuzyQhJV8M1WQ_1cTN74bLTspi2jUqKbt_yAM6FMoiw4UPS2paQ60wg4L421tZ*eyJpZCI6InRyYXZlbGxlcl9oZWFkZXIifQ%3D%3D&quot; class=&quot;a83ed08757 c21c56c305 bf0537ecb5 ab98298258 deab83296e af7297d90d js-header-login-link&quot;&gt;&lt;span class=&quot;e4adce92df&quot;&gt;Sign in&lt;/span&gt;&lt;/a&gt;&lt;/div&gt;&lt;/div&gt;&lt;/nav&gt;&lt;nav data-testid=&quot;header-xpb&quot; aria-label=&quot;What are you looking for?&quot; aria-owns=&quot;accommodations flights packages cars attractions airport_taxis&quot; class=&quot;d48f1af7a3 f61b048379 d1b8520945&quot;&gt;&lt;div class=&quot;b4db3523c5 f6dc3df772&quot;&gt;&lt;ul class=&quot;c6e9d1599e&quot;&gt;&lt;li class=&quot;d37611a2e0 d0607887c7&quot;&gt;&lt;a id=&quot;accommodations&quot; aria-current=&quot;page&quot; aria-controls=&quot;accommodations&quot; tabindex=&quot;0&quot; href=&quot;https://www.booking.com/index.html&quot; class=&quot;a83ed08757 f3441ccb97 a9c42d2cff ec66406250&quot;&gt;&lt;span class=&quot;fcd9eec8fb bfe53e640d c2cc050fb8&quot; aria-hidden=&quot;true&quot;&gt;&lt;svg xmlns=&quot;http://www.w3.org/2000/svg&quot; viewBox=&quot;0 0 24 24&quot;&gt;&lt;path d=&quot;M2.75 12h18.5c.69 0 1.25.56 1.25 1.25V18l.75-.75H.75l.75.75v-4.75c0-.69.56-1.25 1.25-1.25zm0-1.5A2.75 2.75 0 0 0 0 13.25V18c0 .414.336.75.75.75h22.5A.75.75 0 0 0 24 18v-4.75a2.75 2.75 0 0 0-2.75-2.75H2.75zM0 18v3a.75.75 0 0 0 1.5 0v-3A.75.75 0 0 0 0 18zm22.5 0v3a.75.75 0 0 0 1.5 0v-3a.75.75 0 0 0-1.5 0zm-.75-6.75V4.5a2.25 2.25 0 0 0-2.25-2.25h-15A2.25 2.25 0 0 0 2.25 4.5v6.75a.75.75 0 0 0 1.5 0V4.5a.75.75 0 0 1 .75-.75h15a.75.75 0 0 1 .75.75v6.75a.75.75 0 0 0 1.5 0zm-13.25-3h7a.25.25 0 0 1 .25.25v2.75l.75-.75h-9l.75.75V8.5a.25.25 0 0 1 .25-.25zm0-1.5A1.75 1.75 0 0 0 6.75 8.5v2.75c0 .414.336.75.75.75h9a.75.75 0 0 0 .75-.75V8.5a1.75 1.75 0 0 0-1.75-1.75h-7z&quot;&gt;&lt;/path&gt;&lt;/svg&gt;&lt;/span&gt;&lt;div class=&quot;aca0ade214 aaf30230d9 c2931f4182 e7d9f93f4d&quot;&gt;&lt;span class=&quot;a53cbfa6de&quot;&gt;Stays&lt;/span&gt;&lt;/div&gt;&lt;/a&gt;&lt;/li&gt;&lt;li class=&quot;d37611a2e0&quot;&gt;&lt;a id=&quot;flights&quot; aria-controls=&quot;flights&quot; tabindex=&quot;0&quot; href=&quot;https://booking.com/flights/index.html&quot; class=&quot;a83ed08757 f3441ccb97 ec66406250&quot;&gt;&lt;span class=&quot;fcd9eec8fb bfe53e640d c2cc050fb8&quot; aria-hidden=&quot;true&quot;&gt;&lt;svg xmlns=&quot;http://www.w3.org/2000/svg&quot; viewBox=&quot;0 0 24 24&quot;&gt;&lt;path d=&quot;M20.505 7.5l-15.266.022.672.415-1.1-2.2a.75.75 0 0 0-.638-.414l-2.293-.1C.82 5.228-.003 6.06.003 7.083c.002.243.051.484.146.709l2.072 4.68a2.947 2.947 0 0 0 2.701 1.778h4.043l-.676-1.075-2.484 5.168A1.831 1.831 0 0 0 7.449 21h2.099a1.85 1.85 0 0 0 1.419-.664l5.165-6.363-.582.277h4.956c1.82.09 3.399-1.341 3.49-3.198l.004-.134a3.426 3.426 0 0 0-3.44-3.419l-.074.001zm.02 1.5h.042a1.924 1.924 0 0 1 1.933 1.914l-.002.065a1.866 1.866 0 0 1-1.955 1.772l-4.993-.001a.75.75 0 0 0-.582.277l-5.16 6.355a.346.346 0 0 1-.26.118h-2.1a.336.336 0 0 1-.3-.49l2.493-5.185a.75.75 0 0 0-.676-1.075H4.924a1.45 1.45 0 0 1-1.328-.878l-2.07-4.676a.35.35 0 0 1 .326-.474l2.255.1-.638-.415 1.1 2.2a.75.75 0 0 0 .672.415L20.507 9zM16.323 7.76l-2.992-4.02A1.851 1.851 0 0 0 11.85 3H9.783a1.85 1.85 0 0 0-1.654 2.672l1.439 2.91a.75.75 0 0 0 1.344-.664L9.472 5.007a.351.351 0 0 1 .312-.507h2.066a.35.35 0 0 1 .279.14l2.99 4.017a.75.75 0 1 0 1.203-.896z&quot;&gt;&lt;/path&gt;&lt;/svg&gt;&lt;/span&gt;&lt;div class=&quot;aca0ade214 aaf30230d9 c2931f4182 e7d9f93f4d&quot;&gt;&lt;span class=&quot;a53cbfa6de&quot;&gt;Flights&lt;/span&gt;&lt;/div&gt;&lt;/a&gt;&lt;/li&gt;&lt;li class=&quot;d37611a2e0&quot;&gt;&lt;a id=&quot;packages&quot; aria-controls=&quot;packages&quot; tabindex=&quot;0&quot; href=&quot;https://www.booking.com/packages.html&quot; class=&quot;a83ed08757 f3441ccb97 ec66406250&quot;&gt;&lt;span class=&quot;fcd9eec8fb bfe53e640d c2cc050fb8&quot; aria-hidden=&quot;true&quot;&gt;&lt;svg xmlns=&quot;http://www.w3.org/2000/svg&quot; viewBox=&quot;0 0 24 24&quot; data-rtl-flip=&quot;true&quot;&gt;&lt;path d=&quot;M6.306 17.25a8.25 8.25 0 1 1 11.69-7.502.75.75 0 1 0 1.5 0A9.75 9.75 0 0 0 13.812.889C8.917-1.356 3.13.791.884 5.685-1.36 10.58.786 16.367 5.68 18.613a.75.75 0 0 0 .626-1.364zM3.756 3.5l5.28 2a.75.75 0 0 1 .475.851l-.313 1.57a.75.75 0 0 1-.554.58l-2.08.518a.75.75 0 0 0-.514.45l-1.154 2.884a2.242 2.242 0 0 1-.84 1.037l-1.84 1.263a.75.75 0 1 0 .85 1.236l1.83-1.257a3.731 3.731 0 0 0 1.393-1.722l1.153-2.884-.514.449 2.079-.52a2.25 2.25 0 0 0 1.661-1.74l.314-1.57a2.25 2.25 0 0 0-1.417-2.548l-5.277-2a.75.75 0 1 0-.532 1.403zm11.565-.57l-1.467 2.926a2.25 2.25 0 0 0-.122 1.718l.557 1.663a.75.75 0 1 0 1.422-.476L15.154 7.1a.75.75 0 0 1 .041-.572l1.466-2.924a.75.75 0 1 0-1.34-.672zm7.175 16.192v2.625a.75.75 0 0 1-.75.75h-10.5a.75.75 0 0 1-.75-.75v-5.25a.75.75 0 0 1 .75-.75h10.5a.75.75 0 0 1 .75.75v2.625zm1.5 0v-2.625a2.25 2.25 0 0 0-2.25-2.25h-10.5a2.25 2.25 0 0 0-2.25 2.25v5.25a2.25 2.25 0 0 0 2.25 2.25h10.5a2.25 2.25 0 0 0 2.25-2.25v-2.625zm-12-4.125v8.25a.75.75 0 0 0 1.5 0v-8.25a.75.75 0 0 0-1.5 0zm7.5 0v8.25a.75.75 0 0 0 1.5 0v-8.25a.75.75 0 0 0-1.5 0zm-4.5.002v-.75a1.5 1.5 0 0 1 3 0V15a.75.75 0 0 0 1.5 0v-.75a3 3 0 1 0-6 0V15a.75.75 0 0 0 1.5 0z&quot;&gt;&lt;/path&gt;&lt;/svg&gt;&lt;/span&gt;&lt;div class=&quot;aca0ade214 aaf30230d9 c2931f4182 e7d9f93f4d&quot;&gt;&lt;span class=&quot;a53cbfa6de&quot;&gt;Flight + Hotel&lt;/span&gt;&lt;/div&gt;&lt;/a&gt;&lt;/li&gt;&lt;li class=&quot;d37611a2e0&quot;&gt;&lt;a id=&quot;cars&quot; aria-controls=&quot;cars&quot; tabindex=&quot;0&quot; href=&quot;https://www.booking.com/cars/index.html&quot; class=&quot;a83ed08757 f3441ccb97 ec66406250&quot;&gt;&lt;span class=&quot;fcd9eec8fb bfe53e640d c2cc050fb8&quot; aria-hidden=&quot;true&quot;&gt;&lt;svg xmlns=&quot;http://www.w3.org/2000/svg&quot; viewBox=&quot;0 0 24 24&quot;&gt;&lt;path d=&quot;M21.684 9.443l-1.7-3.79c-.42-1.128-1.542-1.905-2.794-1.903H6.809a2.999 2.999 0 0 0-2.811 1.947L2.316 9.443a.75.75 0 1 0 1.368.614l1.7-3.79c.238-.63.798-1.018 1.424-1.017h10.383a1.5 1.5 0 0 1 1.407.973l1.718 3.834a.75.75 0 1 0 1.368-.614zM.75 16.468V18a2.25 2.25 0 0 0 4.5 0v-1.5a.75.75 0 0 0-1.5 0V18a.75.75 0 0 1-1.5 0v-1.532a.75.75 0 0 0-1.5 0zm21 0V18a.75.75 0 0 1-1.5 0v-1.5a.75.75 0 0 0-1.5 0V18a2.25 2.25 0 0 0 4.5 0v-1.532a.75.75 0 0 0-1.5 0zM19.875 13.5a.375.375 0 0 1-.375-.375.75.75 0 0 0 1.5 0c0-.621-.504-1.125-1.125-1.125a.75.75 0 0 0 0 1.5zm.375-.375a.375.375 0 0 1-.375.375.75.75 0 0 0 0-1.5c-.621 0-1.125.504-1.125 1.125a.75.75 0 0 0 1.5 0zm-.375-.375c.207 0 .375.168.375.375a.75.75 0 0 0-1.5 0c0 .621.504 1.125 1.125 1.125a.75.75 0 0 0 0-1.5zm-.375.375c0-.207.168-.375.375-.375a.75.75 0 0 0 0 1.5c.621 0 1.125-.504 1.125-1.125a.75.75 0 0 0-1.5 0zM4.125 12C3.504 12 3 12.504 3 13.125a.75.75 0 0 0 1.5 0 .375.375 0 0 1-.375.375.75.75 0 0 0 0-1.5zm1.125 1.125c0-.621-.504-1.125-1.125-1.125a.75.75 0 0 0 0 1.5.375.375 0 0 1-.375-.375.75.75 0 0 0 1.5 0zM4.125 14.25c.621 0 1.125-.504 1.125-1.125a.75.75 0 0 0-1.5 0c0-.207.168-.375.375-.375a.75.75 0 0 0 0 1.5zM3 13.125c0 .621.504 1.125 1.125 1.125a.75.75 0 0 0 0-1.5c.207 0 .375.168.375.375a.75.75 0 0 0-1.5 0zM2.75 10.5h18.5c.69 0 1.25.56 1.25 1.25v3.75a.25.25 0 0 1-.25.25H1.75a.25.25 0 0 1-.25-.25v-3.75c0-.69.56-1.25 1.25-1.25zm0-1.5A2.75 2.75 0 0 0 0 11.75v3.75c0 .966.784 1.75 1.75 1.75h20.5A1.75 1.75 0 0 0 24 15.5v-3.75A2.75 2.75 0 0 0 21.25 9H2.75z&quot;&gt;&lt;/path&gt;&lt;/svg&gt;&lt;/span&gt;&lt;div class=&quot;aca0ade214 aaf30230d9 c2931f4182 e7d9f93f4d&quot;&gt;&lt;span class=&quot;a53cbfa6de&quot;&gt;Car rentals&lt;/span&gt;&lt;/div&gt;&lt;/a&gt;&lt;/li&gt;&lt;li class=&quot;d37611a2e0&quot;&gt;&lt;a id=&quot;attractions&quot; aria-controls=&quot;attractions&quot; tabindex=&quot;0&quot; href=&quot;https://www.booking.com/attractions/index.html&quot; class=&quot;a83ed08757 f3441ccb97 ec66406250&quot;&gt;&lt;span class=&quot;fcd9eec8fb bfe53e640d c2cc050fb8&quot; aria-hidden=&quot;true&quot;&gt;&lt;svg xmlns=&quot;http://www.w3.org/2000/svg&quot; viewBox=&quot;0 0 24 24&quot;&gt;&lt;path d=&quot;M13.5 3a1.5 1.5 0 1 1-3 0 1.5 1.5 0 0 1 3 0zM15 3a3 3 0 1 0-6 0 3 3 0 0 0 6 0zm6 4.5a1.5 1.5 0 1 1-3 0 1.5 1.5 0 0 1 3 0zm1.5 0a3 3 0 1 0-6 0 3 3 0 0 0 6 0zM6 7.5a1.5 1.5 0 1 1-3 0 1.5 1.5 0 0 1 3 0zm1.5 0a3 3 0 1 0-6 0 3 3 0 0 0 6 0zM21 15a1.5 1.5 0 1 1-3 0 1.5 1.5 0 0 1 3 0zm1.5 0a3 3 0 1 0-6 0 3 3 0 0 0 6 0zm-9-3.75a1.5 1.5 0 1 1-3 0 1.5 1.5 0 0 1 3 0zm1.5 0a3 3 0 1 0-6 0 3 3 0 0 0 6 0zM6 15a1.5 1.5 0 1 1-3 0 1.5 1.5 0 0 1 3 0zm1.5 0a3 3 0 1 0-6 0 3 3 0 0 0 6 0zm10.066 1.277a7.5 7.5 0 0 1-3.077 2.05.75.75 0 0 0 .498 1.415 9 9 0 0 0 3.693-2.46.75.75 0 1 0-1.114-1.005zm1.798-6.466c.177.922.183 1.869.015 2.792a.75.75 0 1 0 1.476.268c.2-1.106.194-2.24-.019-3.344a.75.75 0 1 0-1.472.284zm-5.337-5.784a7.5 7.5 0 0 1 3.54 2.196.75.75 0 0 0 1.113-1.004 9.002 9.002 0 0 0-4.247-2.636.75.75 0 1 0-.406 1.444zM6.434 6.223a7.5 7.5 0 0 1 3.539-2.196.75.75 0 1 0-.406-1.444A9.001 9.001 0 0 0 5.32 5.219a.75.75 0 0 0 1.114 1.004zM4.636 12.69a7.602 7.602 0 0 1 0-2.878.75.75 0 1 0-1.472-.284 9.102 9.102 0 0 0 0 3.446.75.75 0 0 0 1.472-.284zm4.876 5.639a7.517 7.517 0 0 1-3.035-2.005.75.75 0 0 0-1.106 1.014 9.017 9.017 0 0 0 3.641 2.405.75.75 0 1 0 .5-1.414zM7.31 21.872A1.5 1.5 0 0 0 8.672 24h6.656a1.5 1.5 0 0 0 1.362-2.128l-3.314-8.217c-.361-.785-1.252-1.114-2.005-.767a1.5 1.5 0 0 0-.733.734l-3.343 8.283zm1.377.595l3.328-8.25-.015.033 3.313 8.217.015.033H8.672z&quot;&gt;&lt;/path&gt;&lt;/svg&gt;&lt;/span&gt;&lt;div class=&quot;aca0ade214 aaf30230d9 c2931f4182 e7d9f93f4d&quot;&gt;&lt;span class=&quot;a53cbfa6de&quot;&gt;Attractions&lt;/span&gt;&lt;/div&gt;&lt;/a&gt;&lt;/li&gt;&lt;li class=&quot;d37611a2e0&quot;&gt;&lt;a id=&quot;airport_taxis&quot; aria-controls=&quot;airport_taxis&quot; tabindex=&quot;0&quot; href=&quot;https://www.booking.com/taxi/index.html&quot; class=&quot;a83ed08757 f3441ccb97 ec66406250&quot;&gt;&lt;span class=&quot;fcd9eec8fb bfe53e640d c2cc050fb8&quot; aria-hidden=&quot;true&quot;&gt;&lt;svg xmlns=&quot;http://www.w3.org/2000/svg&quot; viewBox=&quot;0 0 24 24&quot;&gt;&lt;path d=&quot;M21.75 15.5V8a.75.75 0 0 0-1.5 0v7.5a.75.75 0 0 0 1.5 0zm-16.5 0V8a.75.75 0 0 0-1.5 0v7.5a.75.75 0 0 0 1.5 0zM3 8.75h3a.75.75 0 0 0 0-1.5H3a.75.75 0 0 0 0 1.5zm6.75 6.75v-6a.75.75 0 0 1 1.5 0v6a.75.75 0 0 0 1.5 0v-6a2.25 2.25 0 0 0-4.5 0v6a.75.75 0 0 0 1.5 0zM9 13.25h3a.75.75 0 0 0 0-1.5H9a.75.75 0 0 0 0 1.5zm5.304-4.971l3 7.5a.75.75 0 0 0 1.392-.557l-3-7.5a.75.75 0 0 0-1.392.557zm3-.558l-3 7.5a.75.75 0 0 0 1.392.557l3-7.5a.75.75 0 0 0-1.392-.557zM.75 5h22.5a.75.75 0 0 0 0-1.5H.75a.75.75 0 0 0 0 1.5zm0 15h22.5a.75.75 0 0 0 0-1.5H.75a.75.75 0 0 0 0 1.5z&quot;&gt;&lt;/path&gt;&lt;/svg&gt;&lt;/span&gt;&lt;div class=&quot;aca0ade214 aaf30230d9 c2931f4182 e7d9f93f4d&quot;&gt;&lt;span class=&quot;a53cbfa6de&quot;&gt;Airport taxis&lt;/span&gt;&lt;/div&gt;&lt;/a&gt;&lt;/li&gt;&lt;li class=&quot;d37611a2e0 b4dfbcc93e&quot; role=&quot;presentation&quot;&gt;&lt;span class=&quot;f419a93f12 dae4be712d&quot;&gt;&lt;button aria-expanded=&quot;false&quot; class=&quot;f3441ccb97&quot; type=&quot;button&quot; role=&quot;tab&quot;&gt;More&lt;span class=&quot;fcd9eec8fb eed881e674 bf9a32efa5&quot; aria-hidden=&quot;true&quot;&gt;&lt;svg xmlns=&quot;http://www.w3.org/2000/svg&quot; viewBox=&quot;0 0 24 24&quot;&gt;&lt;path d=&quot;M12 20.09a1.24 1.24 0 0 1-.88-.36L6 14.61a.75.75 0 1 1 1.06-1.06L12 18.49l4.94-4.94A.75.75 0 0 1 18 14.61l-5.12 5.12a1.24 1.24 0 0 1-.88.36zm6-9.46a.75.75 0 0 0 0-1.06l-5.12-5.11a1.24 1.24 0 0 0-1.754-.006l-.006.006L6 9.57a.75.75 0 0 0 0 1.06.74.74 0 0 0 1.06 0L12 5.7l4.94 4.93a.73.73 0 0 0 .53.22c.2 0 .39-.078.53-.22z&quot;&gt;&lt;/path&gt;&lt;/svg&gt;&lt;/span&gt;&lt;/button&gt;&lt;/span&gt;&lt;/li&gt;&lt;/ul&gt;&lt;/div&gt;&lt;/nav&gt;&lt;/header&gt;&lt;/div&gt;&lt;/div&gt;
&lt;div&gt;
&lt;div data-capla-component-boundary=&quot;b-search-web-searchresults/SearchBoxDesktopHorizontal&quot;&gt;&lt;div class=&quot;a6e267116d&quot;&gt;&lt;div class=&quot;f29a6defed&quot;&gt;&lt;form class=&quot;&quot; action=&quot;https://www.booking.com/searchresults.html&quot; method=&quot;GET&quot;&gt;&lt;div class=&quot;ffb9c3d6a3 db27349d3a cc9bf48a25&quot;&gt;&lt;div class=&quot;f9cf783bde&quot;&gt;&lt;div class=&quot;a5761ae4af&quot;&gt;&lt;div class=&quot;ab090fee6e d6e01b74ce&quot; data-testid=&quot;destination-container&quot;&gt;&lt;div class=&quot;a53cbfa6de ac9267e216 a20293ec70&quot;&gt;&lt;div class=&quot;b9b84f4305&quot;&gt;&lt;div class=&quot;e000754250&quot;&gt;&lt;div class=&quot;eac0b6e5ba&quot;&gt;&lt;span class=&quot;fcd9eec8fb d24fc26e73 c696a7d242&quot; aria-hidden=&quot;true&quot;&gt;&lt;svg xmlns=&quot;http://www.w3.org/2000/svg&quot; viewBox=&quot;0 0 24 24&quot;&gt;&lt;path d=&quot;M2.75 12h18.5c.69 0 1.25.56 1.25 1.25V18l.75-.75H.75l.75.75v-4.75c0-.69.56-1.25 1.25-1.25zm0-1.5A2.75 2.75 0 0 0 0 13.25V18c0 .414.336.75.75.75h22.5A.75.75 0 0 0 24 18v-4.75a2.75 2.75 0 0 0-2.75-2.75H2.75zM0 18v3a.75.75 0 0 0 1.5 0v-3A.75.75 0 0 0 0 18zm22.5 0v3a.75.75 0 0 0 1.5 0v-3a.75.75 0 0 0-1.5 0zm-.75-6.75V4.5a2.25 2.25 0 0 0-2.25-2.25h-15A2.25 2.25 0 0 0 2.25 4.5v6.75a.75.75 0 0 0 1.5 0V4.5a.75.75 0 0 1 .75-.75h15a.75.75 0 0 1 .75.75v6.75a.75.75 0 0 0 1.5 0zm-13.25-3h7a.25.25 0 0 1 .25.25v2.75l.75-.75h-9l.75.75V8.5a.25.25 0 0 1 .25-.25zm0-1.5A1.75 1.75 0 0 0 6.75 8.5v2.75c0 .414.336.75.75.75h9a.75.75 0 0 0 .75-.75V8.5a1.75 1.75 0 0 0-1.75-1.75h-7z&quot;&gt;&lt;/path&gt;&lt;/svg&gt;&lt;/span&gt;&lt;/div&gt;&lt;input name=&quot;ss&quot; class=&quot;eb46370fe1&quot; placeholder=&quot;Where are you going?&quot; data-destination=&quot;1&quot; autoComplete=&quot;off&quot; id=&quot;:Rkj1:&quot; value=&quot;Session Road&quot;/&gt;&lt;div class=&quot;e7e5251f68 b8c4387f70&quot;&gt;&lt;/div&gt;&lt;div class=&quot;eac0b6e5ba&quot;&gt;&lt;span data-testid=&quot;input-clear&quot; class=&quot;fcd9eec8fb bf9a32efa5&quot; aria-hidden=&quot;true&quot;&gt;&lt;svg viewBox=&quot;0 0 128 128&quot; width=&quot;1em&quot; height=&quot;1em&quot;&gt;&lt;path d=&quot;M69.7 64l33.1-33.2a4 4 0 0 0-5.6-5.6L64 58.3 30.8 25.2a4 4 0 1 0-5.6 5.6L58.3 64 25.2 97.2a4 4 0 1 0 5.6 5.6L64 69.7l33.2 33.1a4 4 0 0 0 5.6-5.6z&quot;&gt;&lt;/path&gt;&lt;/svg&gt;&lt;/span&gt;&lt;/div&gt;&lt;/div&gt;&lt;/div&gt;&lt;/div&gt;&lt;div class=&quot;a7631de79e&quot;&gt;&lt;/div&gt;&lt;/div&gt;&lt;/div&gt;&lt;/div&gt;&lt;div class=&quot;f9cf783bde&quot;&gt;&lt;div tabindex=&quot;-1&quot; class=&quot;d606c76c5a&quot;&gt;&lt;div class=&quot;b91c144835&quot; role=&quot;none&quot; data-testid=&quot;searchbox-dates-container&quot;&gt;&lt;span class=&quot;fcd9eec8fb a804864eef c2cc050fb8 c696a7d242&quot; aria-hidden=&quot;true&quot;&gt;&lt;svg xmlns=&quot;http://www.w3.org/2000/svg&quot; viewBox=&quot;0 0 24 24&quot;&gt;&lt;path d=&quot;M22.5 13.5v8.25a.75.75 0 0 1-.75.75H2.25a.75.75 0 0 1-.75-.75V5.25a.75.75 0 0 1 .75-.75h19.5a.75.75 0 0 1 .75.75v8.25zm1.5 0V5.25A2.25 2.25 0 0 0 21.75 3H2.25A2.25 2.25 0 0 0 0 5.25v16.5A2.25 2.25 0 0 0 2.25 24h19.5A2.25 2.25 0 0 0 24 21.75V13.5zm-23.25-3h22.5a.75.75 0 0 0 0-1.5H.75a.75.75 0 0 0 0 1.5zM7.5 6V.75a.75.75 0 0 0-1.5 0V6a.75.75 0 0 0 1.5 0zM18 6V.75a.75.75 0 0 0-1.5 0V6A.75.75 0 0 0 18 6zM5.095 14.03a.75.75 0 1 0 1.06-1.06.75.75 0 0 0-1.06 1.06zm.53-1.28a1.125 1.125 0 1 0 0 2.25 1.125 1.125 0 0 0 0-2.25.75.75 0 0 0 0 1.5.375.375 0 1 1 0-.75.375.375 0 0 1 0 .75.75.75 0 0 0 0-1.5zm-.53 6.53a.75.75 0 1 0 1.06-1.06.75.75 0 0 0-1.06 1.06zm.53-1.28a1.125 1.125 0 1 0 0 2.25 1.125 1.125 0 0 0 0-2.25.75.75 0 0 0 0 1.5.375.375 0 1 1 0-.75.375.375 0 0 1 0 .75.75.75 0 0 0 0-1.5zm5.845-3.97a.75.75 0 1 0 1.06-1.06.75.75 0 0 0-1.06 1.06zm.53-1.28A1.125 1.125 0 1 0 12 15a1.125 1.125 0 0 0 0-2.25.75.75 0 0 0 0 1.5.375.375 0 1 1 0-.75.375.375 0 0 1 0 .75.75.75 0 0 0 0-1.5zm-.53 6.53a.75.75 0 1 0 1.06-1.06.75.75 0 0 0-1.06 1.06zM12 18a1.125 1.125 0 1 0 0 2.25A1.125 1.125 0 0 0 12 18a.75.75 0 0 0 0 1.5.375.375 0 1 1 0-.75.375.375 0 0 1 0 .75.75.75 0 0 0 0-1.5zm5.845-3.97a.75.75 0 1 0 1.06-1.06.75.75 0 0 0-1.06 1.06zm.53-1.28a1.125 1.125 0 1 0 0 2.25 1.125 1.125 0 0 0 0-2.25.75.75 0 0 0 0 1.5.375.375 0 1 1 0-.75.375.375 0 0 1 0 .75.75.75 0 0 0 0-1.5zm-.53 6.53a.75.75 0 1 0 1.06-1.06.75.75 0 0 0-1.06 1.06zm.53-1.28a1.125 1.125 0 1 0 0 2.25 1.125 1.125 0 0 0 0-2.25.75.75 0 0 0 0 1.5.375.375 0 1 1 0-.75.375.375 0 0 1 0 .75.75.75 0 0 0 0-1.5z&quot;&gt;&lt;/path&gt;&lt;/svg&gt;&lt;/span&gt;&lt;button type=&quot;button&quot; data-testid=&quot;date-display-field-start&quot; class=&quot;d47738b911 e246f833f7 fe211c0731&quot;&gt;Check-in Date&lt;/button&gt;&lt;span class=&quot;a77cb49759&quot;&gt; — &lt;/span&gt;&lt;button type=&quot;button&quot; data-testid=&quot;date-display-field-end&quot; class=&quot;d47738b911 e246f833f7 fe211c0731&quot;&gt;Check-out Date&lt;/button&gt;&lt;/div&gt;&lt;div class=&quot;dec3155a06&quot; data-testid=&quot;searchbox-datepicker&quot;&gt;&lt;div class=&quot;a97110d8d3 b603b9c864 a031c463c5 d6a5f7a388&quot;&gt;&lt;nav data-testid=&quot;datepicker-tabs&quot; class=&quot;d48f1af7a3 f214e2d2f6 d3ce2af2cd&quot;&gt;&lt;div class=&quot;b4db3523c5 a861df9be1&quot;&gt;&lt;ul class=&quot;c6e9d1599e&quot; role=&quot;tablist&quot;&gt;&lt;li class=&quot;d37611a2e0 d0607887c7&quot; role=&quot;presentation&quot; style=&quot;width:50%&quot;&gt;&lt;button role=&quot;tab&quot; aria-selected=&quot;true&quot; aria-controls=&quot;calendar-searchboxdatepicker&quot; tabindex=&quot;0&quot; type=&quot;button&quot; class=&quot;a83ed08757 f3441ccb97 a9c42d2cff ec66406250&quot;&gt;&lt;div class=&quot;aca0ade214 aaf30230d9 c2931f4182 e7d9f93f4d&quot;&gt;&lt;span class=&quot;a53cbfa6de&quot;&gt;Calendar&lt;/span&gt;&lt;/div&gt;&lt;/button&gt;&lt;/li&gt;&lt;li class=&quot;d37611a2e0&quot; role=&quot;presentation&quot; style=&quot;width:50%&quot;&gt;&lt;button role=&quot;tab&quot; aria-selected=&quot;false&quot; aria-controls=&quot;flexible-searchboxdatepicker&quot; tabindex=&quot;-1&quot; type=&quot;button&quot; class=&quot;a83ed08757 f3441ccb97 ec66406250&quot;&gt;&lt;div class=&quot;aca0ade214 aaf30230d9 c2931f4182 e7d9f93f4d&quot;&gt;&lt;span class=&quot;a53cbfa6de&quot;&gt;I&amp;#x27;m flexible&lt;/span&gt;&lt;/div&gt;&lt;/button&gt;&lt;/li&gt;&lt;li class=&quot;d37611a2e0 b4dfbcc93e&quot; role=&quot;presentation&quot; style=&quot;width:50%&quot;&gt;&lt;span class=&quot;f419a93f12 dae4be712d&quot;&gt;&lt;button aria-expanded=&quot;false&quot; class=&quot;f3441ccb97&quot; type=&quot;button&quot; role=&quot;tab&quot;&gt;&lt;span class=&quot;fcd9eec8fb eed881e674 bf9a32efa5&quot; aria-hidden=&quot;true&quot;&gt;&lt;svg xmlns=&quot;http://www.w3.org/2000/svg&quot; viewBox=&quot;0 0 24 24&quot;&gt;&lt;path d=&quot;M12 20.09a1.24 1.24 0 0 1-.88-.36L6 14.61a.75.75 0 1 1 1.06-1.06L12 18.49l4.94-4.94A.75.75 0 0 1 18 14.61l-5.12 5.12a1.24 1.24 0 0 1-.88.36zm6-9.46a.75.75 0 0 0 0-1.06l-5.12-5.11a1.24 1.24 0 0 0-1.754-.006l-.006.006L6 9.57a.75.75 0 0 0 0 1.06.74.74 0 0 0 1.06 0L12 5.7l4.94 4.93a.73.73 0 0 0 .53.22c.2 0 .39-.078.53-.22z&quot;&gt;&lt;/path&gt;&lt;/svg&gt;&lt;/span&gt;&lt;/button&gt;&lt;/span&gt;&lt;/li&gt;&lt;/ul&gt;&lt;/div&gt;&lt;div role=&quot;tabpanel&quot; id=&quot;calendar-searchboxdatepicker&quot; class=&quot;c187c54338 b920e43bfe&quot;&gt;&lt;div class=&quot;f92dfc7e1a&quot;&gt;&lt;div tabindex=&quot;-1&quot; data-testid=&quot;searchbox-datepicker-calendar&quot; class=&quot;a10b0e2d13 efea941f13&quot;&gt;&lt;button type=&quot;button&quot; class=&quot;a83ed08757 c21c56c305 f38b6daa18 d691166b09 f671049264 deab83296e f4552b6561 dc72a8413c f073249358&quot;&gt;&lt;span class=&quot;eedba9e88a&quot;&gt;&lt;span class=&quot;fcd9eec8fb c2cc050fb8&quot; aria-hidden=&quot;true&quot;&gt;&lt;svg xmlns=&quot;http://www.w3.org/2000/svg&quot; viewBox=&quot;0 0 24 24&quot; data-rtl-flip=&quot;true&quot;&gt;&lt;path d=&quot;M8.91289 19.2361C9.03226 19.2367 9.15054 19.2134 9.2608 19.1676C9.37105 19.1219 9.47105 19.0546 9.55493 18.9696L15.612 12.9125C15.7367 12.7891 15.8353 12.6418 15.9018 12.4795C15.9684 12.3172 16.0017 12.1431 15.9997 11.9676C16.0075 11.6171 15.877 11.2776 15.6362 11.0227L9.57916 4.96566C9.40881 4.79552 9.17788 4.69995 8.93711 4.69995C8.69634 4.69995 8.46542 4.79552 8.29506 4.96566C8.20935 5.04918 8.14122 5.14902 8.09471 5.25929C8.04819 5.36957 8.02423 5.48803 8.02423 5.60771C8.02423 5.72739 8.04819 5.84586 8.09471 5.95613C8.14122 6.0664 8.20935 6.16624 8.29506 6.24976L13.9887 11.9676L8.27084 17.6855C8.18512 17.769 8.117 17.8689 8.07048 17.9792C8.02396 18.0894 8 18.2079 8 18.3276C8 18.4473 8.02396 18.5657 8.07048 18.676C8.117 18.7863 8.18512 18.8861 8.27084 18.9696C8.3543 19.0551 8.45423 19.1228 8.56458 19.1686C8.67493 19.2144 8.79341 19.2374 8.91289 19.2361Z&quot;&gt;&lt;/path&gt;&lt;/svg&gt;&lt;/span&gt;&lt;/span&gt;&lt;/button&gt;&lt;div class=&quot;d4babb55ef&quot;&gt;&lt;div class=&quot;d358556c65&quot;&gt;&lt;h3 aria-live=&quot;polite&quot; class=&quot;e1eebb6a1e ee7ec6b631&quot;&gt;September&lt;!-- --&gt; &lt;!-- --&gt;2023&lt;/h3&gt;&lt;table class=&quot;eb03f3f27f&quot; role=&quot;grid&quot;&gt;&lt;thead aria-hidden=&quot;true&quot;&gt;&lt;tr&gt;&lt;th scope=&quot;col&quot; class=&quot;b766923492&quot;&gt;&lt;div class=&quot;a53cbfa6de f45d8e4c32&quot;&gt;Su&lt;/div&gt;&lt;/th&gt;&lt;th scope=&quot;col&quot; class=&quot;b766923492&quot;&gt;&lt;div class=&quot;a53cbfa6de f45d8e4c32&quot;&gt;Mo&lt;/div&gt;&lt;/th&gt;&lt;th scope=&quot;col&quot; class=&quot;b766923492&quot;&gt;&lt;div class=&quot;a53cbfa6de f45d8e4c32&quot;&gt;Tu&lt;/div&gt;&lt;/th&gt;&lt;th scope=&quot;col&quot; class=&quot;b766923492&quot;&gt;&lt;div class=&quot;a53cbfa6de f45d8e4c32&quot;&gt;We&lt;/div&gt;&lt;/th&gt;&lt;th scope=&quot;col&quot; class=&quot;b766923492&quot;&gt;&lt;div class=&quot;a53cbfa6de f45d8e4c32&quot;&gt;Th&lt;/div&gt;&lt;/th&gt;&lt;th scope=&quot;col&quot; class=&quot;b766923492&quot;&gt;&lt;div class=&quot;a53cbfa6de f45d8e4c32&quot;&gt;Fr&lt;/div&gt;&lt;/th&gt;&lt;th scope=&quot;col&quot; class=&quot;b766923492&quot;&gt;&lt;div class=&quot;a53cbfa6de f45d8e4c32&quot;&gt;Sa&lt;/div&gt;&lt;/th&gt;&lt;/tr&gt;&lt;/thead&gt;&lt;tbody&gt;&lt;tr&gt;&lt;td class=&quot;b80d5adb18&quot; aria-hidden=&quot;true&quot;&gt;&lt;/td&gt;&lt;td class=&quot;b80d5adb18&quot; aria-hidden=&quot;true&quot;&gt;&lt;/td&gt;&lt;td class=&quot;b80d5adb18&quot; aria-hidden=&quot;true&quot;&gt;&lt;/td&gt;&lt;td class=&quot;b80d5adb18&quot; aria-hidden=&quot;true&quot;&gt;&lt;/td&gt;&lt;td class=&quot;b80d5adb18&quot; aria-hidden=&quot;true&quot;&gt;&lt;/td&gt;&lt;td role=&quot;gridcell&quot; class=&quot;b80d5adb18&quot;&gt;&lt;span tabindex=&quot;-1&quot; class=&quot;cf06f772fa fa1e2a2fae&quot; data-date=&quot;2023-09-01&quot; aria-checked=&quot;false&quot; role=&quot;checkbox&quot; aria-label=&quot;1 September 2023&quot;&gt;&lt;span&gt;1&lt;/span&gt;&lt;/span&gt;&lt;/td&gt;&lt;td role=&quot;gridcell&quot; class=&quot;b80d5adb18&quot;&gt;&lt;span tabindex=&quot;-1&quot; class=&quot;cf06f772fa fa1e2a2fae&quot; data-date=&quot;2023-09-02&quot; aria-checked=&quot;false&quot; role=&quot;checkbox&quot; aria-label=&quot;2 September 2023&quot;&gt;&lt;span&gt;2&lt;/span&gt;&lt;/span&gt;&lt;/td&gt;&lt;/tr&gt;&lt;tr&gt;&lt;td role=&quot;gridcell&quot; class=&quot;b80d5adb18&quot;&gt;&lt;span tabindex=&quot;-1&quot; class=&quot;cf06f772fa fa1e2a2fae&quot; data-date=&quot;2023-09-03&quot; aria-checked=&quot;false&quot; role=&quot;checkbox&quot; aria-label=&quot;3 September 2023&quot;&gt;&lt;span&gt;3&lt;/span&gt;&lt;/span&gt;&lt;/td&gt;&lt;td role=&quot;gridcell&quot; class=&quot;b80d5adb18&quot;&gt;&lt;span tabindex=&quot;-1&quot; class=&quot;cf06f772fa fa1e2a2fae&quot; data-date=&quot;2023-09-04&quot; aria-checked=&quot;false&quot; role=&quot;checkbox&quot; aria-label=&quot;4 September 2023&quot;&gt;&lt;span&gt;4&lt;/span&gt;&lt;/span&gt;&lt;/td&gt;&lt;td role=&quot;gridcell&quot; class=&quot;b80d5adb18&quot;&gt;&lt;span tabindex=&quot;-1&quot; class=&quot;cf06f772fa fa1e2a2fae&quot; data-date=&quot;2023-09-05&quot; aria-checked=&quot;false&quot; role=&quot;checkbox&quot; aria-label=&quot;5 September 2023&quot;&gt;&lt;span&gt;5&lt;/span&gt;&lt;/span&gt;&lt;/td&gt;&lt;td role=&quot;gridcell&quot; class=&quot;b80d5adb18&quot;&gt;&lt;span tabindex=&quot;-1&quot; class=&quot;cf06f772fa fa1e2a2fae&quot; data-date=&quot;2023-09-06&quot; aria-checked=&quot;false&quot; role=&quot;checkbox&quot; aria-label=&quot;6 September 2023&quot;&gt;&lt;span&gt;6&lt;/span&gt;&lt;/span&gt;&lt;/td&gt;&lt;td role=&quot;gridcell&quot; class=&quot;b80d5adb18&quot;&gt;&lt;span tabindex=&quot;-1&quot; class=&quot;cf06f772fa fa1e2a2fae&quot; data-date=&quot;2023-09-07&quot; aria-checked=&quot;false&quot; role=&quot;checkbox&quot; aria-label=&quot;7 September 2023&quot;&gt;&lt;span&gt;7&lt;/span&gt;&lt;/span&gt;&lt;/td&gt;&lt;td role=&quot;gridcell&quot; class=&quot;b80d5adb18&quot;&gt;&lt;span tabindex=&quot;-1&quot; class=&quot;cf06f772fa fa1e2a2fae&quot; data-date=&quot;2023-09-08&quot; aria-checked=&quot;false&quot; role=&quot;checkbox&quot; aria-label=&quot;8 September 2023&quot;&gt;&lt;span&gt;8&lt;/span&gt;&lt;/span&gt;&lt;/td&gt;&lt;td role=&quot;gridcell&quot; class=&quot;b80d5adb18&quot;&gt;&lt;span tabindex=&quot;-1&quot; class=&quot;cf06f772fa fa1e2a2fae&quot; data-date=&quot;2023-09-09&quot; aria-checked=&quot;false&quot; role=&quot;checkbox&quot; aria-label=&quot;9 September 2023&quot;&gt;&lt;span&gt;9&lt;/span&gt;&lt;/span&gt;&lt;/td&gt;&lt;/tr&gt;&lt;tr&gt;&lt;td role=&quot;gridcell&quot; class=&quot;b80d5adb18&quot;&gt;&lt;span tabindex=&quot;-1&quot; class=&quot;cf06f772fa fa1e2a2fae&quot; data-date=&quot;2023-09-10&quot; aria-checked=&quot;false&quot; role=&quot;checkbox&quot; aria-label=&quot;10 September 2023&quot;&gt;&lt;span&gt;10&lt;/span&gt;&lt;/span&gt;&lt;/td&gt;&lt;td role=&quot;gridcell&quot; class=&quot;b80d5adb18&quot;&gt;&lt;span tabindex=&quot;-1&quot; class=&quot;cf06f772fa fa1e2a2fae&quot; data-date=&quot;2023-09-11&quot; aria-checked=&quot;false&quot; role=&quot;checkbox&quot; aria-label=&quot;11 September 2023&quot;&gt;&lt;span&gt;11&lt;/span&gt;&lt;/span&gt;&lt;/td&gt;&lt;td role=&quot;gridcell&quot; class=&quot;b80d5adb18&quot;&gt;&lt;span tabindex=&quot;-1&quot; class=&quot;cf06f772fa fa1e2a2fae&quot; data-date=&quot;2023-09-12&quot; aria-checked=&quot;false&quot; role=&quot;checkbox&quot; aria-label=&quot;12 September 2023&quot;&gt;&lt;span&gt;12&lt;/span&gt;&lt;/span&gt;&lt;/td&gt;&lt;td role=&quot;gridcell&quot; class=&quot;b80d5adb18&quot;&gt;&lt;span tabindex=&quot;-1&quot; class=&quot;cf06f772fa fa1e2a2fae&quot; data-date=&quot;2023-09-13&quot; aria-checked=&quot;false&quot; role=&quot;checkbox&quot; aria-label=&quot;13 September 2023&quot;&gt;&lt;span&gt;13&lt;/span&gt;&lt;/span&gt;&lt;/td&gt;&lt;td role=&quot;gridcell&quot; class=&quot;b80d5adb18&quot;&gt;&lt;span tabindex=&quot;-1&quot; class=&quot;cf06f772fa&quot; data-date=&quot;2023-09-14&quot; aria-checked=&quot;false&quot; role=&quot;checkbox&quot; aria-label=&quot;14 September 2023&quot;&gt;&lt;span&gt;14&lt;/span&gt;&lt;/span&gt;&lt;/td&gt;&lt;td role=&quot;gridcell&quot; class=&quot;b80d5adb18&quot;&gt;&lt;span tabindex=&quot;-1&quot; class=&quot;cf06f772fa&quot; data-date=&quot;2023-09-15&quot; aria-checked=&quot;false&quot; role=&quot;checkbox&quot; aria-label=&quot;15 September 2023&quot;&gt;&lt;span&gt;15&lt;/span&gt;&lt;/span&gt;&lt;/td&gt;&lt;td role=&quot;gridcell&quot; class=&quot;b80d5adb18&quot;&gt;&lt;span tabindex=&quot;-1&quot; class=&quot;cf06f772fa&quot; data-date=&quot;2023-09-16&quot; aria-checked=&quot;false&quot; role=&quot;checkbox&quot; aria-label=&quot;16 September 2023&quot;&gt;&lt;span&gt;16&lt;/span&gt;&lt;/span&gt;&lt;/td&gt;&lt;/tr&gt;&lt;tr&gt;&lt;td role=&quot;gridcell&quot; class=&quot;b80d5adb18&quot;&gt;&lt;span tabindex=&quot;-1&quot; class=&quot;cf06f772fa&quot; data-date=&quot;2023-09-17&quot; aria-checked=&quot;false&quot; role=&quot;checkbox&quot; aria-label=&quot;17 September 2023&quot;&gt;&lt;span&gt;17&lt;/span&gt;&lt;/span&gt;&lt;/td&gt;&lt;td role=&quot;gridcell&quot; class=&quot;b80d5adb18&quot;&gt;&lt;span tabindex=&quot;-1&quot; class=&quot;cf06f772fa&quot; data-date=&quot;2023-09-18&quot; aria-checked=&quot;false&quot; role=&quot;checkbox&quot; aria-label=&quot;18 September 2023&quot;&gt;&lt;span&gt;18&lt;/span&gt;&lt;/span&gt;&lt;/td&gt;&lt;td role=&quot;gridcell&quot; class=&quot;b80d5adb18&quot;&gt;&lt;span tabindex=&quot;-1&quot; class=&quot;cf06f772fa&quot; data-date=&quot;2023-09-19&quot; aria-checked=&quot;false&quot; role=&quot;checkbox&quot; aria-label=&quot;19 September 2023&quot;&gt;&lt;span&gt;19&lt;/span&gt;&lt;/span&gt;&lt;/td&gt;&lt;td role=&quot;gridcell&quot; class=&quot;b80d5adb18&quot;&gt;&lt;span tabindex=&quot;-1&quot; class=&quot;cf06f772fa&quot; data-date=&quot;2023-09-20&quot; aria-checked=&quot;false&quot; role=&quot;checkbox&quot; aria-label=&quot;20 September 2023&quot;&gt;&lt;span&gt;20&lt;/span&gt;&lt;/span&gt;&lt;/td&gt;&lt;td role=&quot;gridcell&quot; class=&quot;b80d5adb18&quot;&gt;&lt;span tabindex=&quot;-1&quot; class=&quot;cf06f772fa&quot; data-date=&quot;2023-09-21&quot; aria-checked=&quot;false&quot; role=&quot;checkbox&quot; aria-label=&quot;21 September 2023&quot;&gt;&lt;span&gt;21&lt;/span&gt;&lt;/span&gt;&lt;/td&gt;&lt;td role=&quot;gridcell&quot; class=&quot;b80d5adb18&quot;&gt;&lt;span tabindex=&quot;-1&quot; class=&quot;cf06f772fa&quot; data-date=&quot;2023-09-22&quot; aria-checked=&quot;false&quot; role=&quot;checkbox&quot; aria-label=&quot;22 September 2023&quot;&gt;&lt;span&gt;22&lt;/span&gt;&lt;/span&gt;&lt;/td&gt;&lt;td role=&quot;gridcell&quot; class=&quot;b80d5adb18&quot;&gt;&lt;span tabindex=&quot;-1&quot; class=&quot;cf06f772fa&quot; data-date=&quot;2023-09-23&quot; aria-checked=&quot;false&quot; role=&quot;checkbox&quot; aria-label=&quot;23 September 2023&quot;&gt;&lt;span&gt;23&lt;/span&gt;&lt;/span&gt;&lt;/td&gt;&lt;/tr&gt;&lt;tr&gt;&lt;td role=&quot;gridcell&quot; class=&quot;b80d5adb18&quot;&gt;&lt;span tabindex=&quot;-1&quot; class=&quot;cf06f772fa&quot; data-date=&quot;2023-09-24&quot; aria-checked=&quot;false&quot; role=&quot;checkbox&quot; aria-label=&quot;24 September 2023&quot;&gt;&lt;span&gt;24&lt;/span&gt;&lt;/span&gt;&lt;/td&gt;&lt;td role=&quot;gridcell&quot; class=&quot;b80d5adb18&quot;&gt;&lt;span tabindex=&quot;-1&quot; class=&quot;cf06f772fa&quot; data-date=&quot;2023-09-25&quot; aria-checked=&quot;false&quot; role=&quot;checkbox&quot; aria-label=&quot;25 September 2023&quot;&gt;&lt;span&gt;25&lt;/span&gt;&lt;/span&gt;&lt;/td&gt;&lt;td role=&quot;gridcell&quot; class=&quot;b80d5adb18&quot;&gt;&lt;span tabindex=&quot;-1&quot; class=&quot;cf06f772fa&quot; data-date=&quot;2023-09-26&quot; aria-checked=&quot;false&quot; role=&quot;checkbox&quot; aria-label=&quot;26 September 2023&quot;&gt;&lt;span&gt;26&lt;/span&gt;&lt;/span&gt;&lt;/td&gt;&lt;td role=&quot;gridcell&quot; class=&quot;b80d5adb18&quot;&gt;&lt;span tabindex=&quot;-1&quot; class=&quot;cf06f772fa&quot; data-date=&quot;2023-09-27&quot; aria-checked=&quot;false&quot; role=&quot;checkbox&quot; aria-label=&quot;27 September 2023&quot;&gt;&lt;span&gt;27&lt;/span&gt;&lt;/span&gt;&lt;/td&gt;&lt;td role=&quot;gridcell&quot; class=&quot;b80d5adb18&quot;&gt;&lt;span tabindex=&quot;-1&quot; class=&quot;cf06f772fa&quot; data-date=&quot;2023-09-28&quot; aria-checked=&quot;false&quot; role=&quot;checkbox&quot; aria-label=&quot;28 September 2023&quot;&gt;&lt;span&gt;28&lt;/span&gt;&lt;/span&gt;&lt;/td&gt;&lt;td role=&quot;gridcell&quot; class=&quot;b80d5adb18&quot;&gt;&lt;span tabindex=&quot;-1&quot; class=&quot;cf06f772fa&quot; data-date=&quot;2023-09-29&quot; aria-checked=&quot;false&quot; role=&quot;checkbox&quot; aria-label=&quot;29 September 2023&quot;&gt;&lt;span&gt;29&lt;/span&gt;&lt;/span&gt;&lt;/td&gt;&lt;td role=&quot;gridcell&quot; class=&quot;b80d5adb18&quot;&gt;&lt;span tabindex=&quot;-1&quot; class=&quot;cf06f772fa&quot; data-date=&quot;2023-09-30&quot; aria-checked=&quot;false&quot; role=&quot;checkbox&quot; aria-label=&quot;30 September 2023&quot;&gt;&lt;span&gt;30&lt;/span&gt;&lt;/span&gt;&lt;/td&gt;&lt;/tr&gt;&lt;/tbody&gt;&lt;/table&gt;&lt;/div&gt;&lt;div class=&quot;d358556c65&quot;&gt;&lt;h3 aria-live=&quot;polite&quot; class=&quot;e1eebb6a1e ee7ec6b631&quot;&gt;October&lt;!-- --&gt; &lt;!-- --&gt;2023&lt;/h3&gt;&lt;table class=&quot;eb03f3f27f&quot; role=&quot;grid&quot;&gt;&lt;thead aria-hidden=&quot;true&quot;&gt;&lt;tr&gt;&lt;th scope=&quot;col&quot; class=&quot;b766923492&quot;&gt;&lt;div class=&quot;a53cbfa6de f45d8e4c32&quot;&gt;Su&lt;/div&gt;&lt;/th&gt;&lt;th scope=&quot;col&quot; class=&quot;b766923492&quot;&gt;&lt;div class=&quot;a53cbfa6de f45d8e4c32&quot;&gt;Mo&lt;/div&gt;&lt;/th&gt;&lt;th scope=&quot;col&quot; class=&quot;b766923492&quot;&gt;&lt;div class=&quot;a53cbfa6de f45d8e4c32&quot;&gt;Tu&lt;/div&gt;&lt;/th&gt;&lt;th scope=&quot;col&quot; class=&quot;b766923492&quot;&gt;&lt;div class=&quot;a53cbfa6de f45d8e4c32&quot;&gt;We&lt;/div&gt;&lt;/th&gt;&lt;th scope=&quot;col&quot; class=&quot;b766923492&quot;&gt;&lt;div class=&quot;a53cbfa6de f45d8e4c32&quot;&gt;Th&lt;/div&gt;&lt;/th&gt;&lt;th scope=&quot;col&quot; class=&quot;b766923492&quot;&gt;&lt;div class=&quot;a53cbfa6de f45d8e4c32&quot;&gt;Fr&lt;/div&gt;&lt;/th&gt;&lt;th scope=&quot;col&quot; class=&quot;b766923492&quot;&gt;&lt;div class=&quot;a53cbfa6de f45d8e4c32&quot;&gt;Sa&lt;/div&gt;&lt;/th&gt;&lt;/tr&gt;&lt;/thead&gt;&lt;tbody&gt;&lt;tr&gt;&lt;td role=&quot;gridcell&quot; class=&quot;b80d5adb18&quot;&gt;&lt;span tabindex=&quot;-1&quot; class=&quot;cf06f772fa&quot; data-date=&quot;2023-10-01&quot; aria-checked=&quot;false&quot; role=&quot;checkbox&quot; aria-label=&quot;1 October 2023&quot;&gt;&lt;span&gt;1&lt;/span&gt;&lt;/span&gt;&lt;/td&gt;&lt;td role=&quot;gridcell&quot; class=&quot;b80d5adb18&quot;&gt;&lt;span tabindex=&quot;-1&quot; class=&quot;cf06f772fa&quot; data-date=&quot;2023-10-02&quot; aria-checked=&quot;false&quot; role=&quot;checkbox&quot; aria-label=&quot;2 October 2023&quot;&gt;&lt;span&gt;2&lt;/span&gt;&lt;/span&gt;&lt;/td&gt;&lt;td role=&quot;gridcell&quot; class=&quot;b80d5adb18&quot;&gt;&lt;span tabindex=&quot;-1&quot; class=&quot;cf06f772fa&quot; data-date=&quot;2023-10-03&quot; aria-checked=&quot;false&quot; role=&quot;checkbox&quot; aria-label=&quot;3 October 2023&quot;&gt;&lt;span&gt;3&lt;/span&gt;&lt;/span&gt;&lt;/td&gt;&lt;td role=&quot;gridcell&quot; class=&quot;b80d5adb18&quot;&gt;&lt;span tabindex=&quot;-1&quot; class=&quot;cf06f772fa&quot; data-date=&quot;2023-10-04&quot; aria-checked=&quot;false&quot; role=&quot;checkbox&quot; aria-label=&quot;4 October 2023&quot;&gt;&lt;span&gt;4&lt;/span&gt;&lt;/span&gt;&lt;/td&gt;&lt;td role=&quot;gridcell&quot; class=&quot;b80d5adb18&quot;&gt;&lt;span tabindex=&quot;-1&quot; class=&quot;cf06f772fa&quot; data-date=&quot;2023-10-05&quot; aria-checked=&quot;false&quot; role=&quot;checkbox&quot; aria-label=&quot;5 October 2023&quot;&gt;&lt;span&gt;5&lt;/span&gt;&lt;/span&gt;&lt;/td&gt;&lt;td role=&quot;gridcell&quot; class=&quot;b80d5adb18&quot;&gt;&lt;span tabindex=&quot;-1&quot; class=&quot;cf06f772fa&quot; data-date=&quot;2023-10-06&quot; aria-checked=&quot;false&quot; role=&quot;checkbox&quot; aria-label=&quot;6 October 2023&quot;&gt;&lt;span&gt;6&lt;/span&gt;&lt;/span&gt;&lt;/td&gt;&lt;td role=&quot;gridcell&quot; class=&quot;b80d5adb18&quot;&gt;&lt;span tabindex=&quot;-1&quot; class=&quot;cf06f772fa&quot; data-date=&quot;2023-10-07&quot; aria-checked=&quot;false&quot; role=&quot;checkbox&quot; aria-label=&quot;7 October 2023&quot;&gt;&lt;span&gt;7&lt;/span&gt;&lt;/span&gt;&lt;/td&gt;&lt;/tr&gt;&lt;tr&gt;&lt;td role=&quot;gridcell&quot; class=&quot;b80d5adb18&quot;&gt;&lt;span tabindex=&quot;-1&quot; class=&quot;cf06f772fa&quot; data-date=&quot;2023-10-08&quot; aria-checked=&quot;false&quot; role=&quot;checkbox&quot; aria-label=&quot;8 October 2023&quot;&gt;&lt;span&gt;8&lt;/span&gt;&lt;/span&gt;&lt;/td&gt;&lt;td role=&quot;gridcell&quot; class=&quot;b80d5adb18&quot;&gt;&lt;span tabindex=&quot;-1&quot; class=&quot;cf06f772fa&quot; data-date=&quot;2023-10-09&quot; aria-checked=&quot;false&quot; role=&quot;checkbox&quot; aria-label=&quot;9 October 2023&quot;&gt;&lt;span&gt;9&lt;/span&gt;&lt;/span&gt;&lt;/td&gt;&lt;td role=&quot;gridcell&quot; class=&quot;b80d5adb18&quot;&gt;&lt;span tabindex=&quot;-1&quot; class=&quot;cf06f772fa&quot; data-date=&quot;2023-10-10&quot; aria-checked=&quot;false&quot; role=&quot;checkbox&quot; aria-label=&quot;10 October 2023&quot;&gt;&lt;span&gt;10&lt;/span&gt;&lt;/span&gt;&lt;/td&gt;&lt;td role=&quot;gridcell&quot; class=&quot;b80d5adb18&quot;&gt;&lt;span tabindex=&quot;-1&quot; class=&quot;cf06f772fa&quot; data-date=&quot;2023-10-11&quot; aria-checked=&quot;false&quot; role=&quot;checkbox&quot; aria-label=&quot;11 October 2023&quot;&gt;&lt;span&gt;11&lt;/span&gt;&lt;/span&gt;&lt;/td&gt;&lt;td role=&quot;gridcell&quot; class=&quot;b80d5adb18&quot;&gt;&lt;span tabindex=&quot;-1&quot; class=&quot;cf06f772fa&quot; data-date=&quot;2023-10-12&quot; aria-checked=&quot;false&quot; role=&quot;checkbox&quot; aria-label=&quot;12 October 2023&quot;&gt;&lt;span&gt;12&lt;/span&gt;&lt;/span&gt;&lt;/td&gt;&lt;td role=&quot;gridcell&quot; class=&quot;b80d5adb18&quot;&gt;&lt;span tabindex=&quot;-1&quot; class=&quot;cf06f772fa&quot; data-date=&quot;2023-10-13&quot; aria-checked=&quot;false&quot; role=&quot;checkbox&quot; aria-label=&quot;13 October 2023&quot;&gt;&lt;span&gt;13&lt;/span&gt;&lt;/span&gt;&lt;/td&gt;&lt;td role=&quot;gridcell&quot; class=&quot;b80d5adb18&quot;&gt;&lt;span tabindex=&quot;-1&quot; class=&quot;cf06f772fa&quot; data-date=&quot;2023-10-14&quot; aria-checked=&quot;false&quot; role=&quot;checkbox&quot; aria-label=&quot;14 October 2023&quot;&gt;&lt;span&gt;14&lt;/span&gt;&lt;/span&gt;&lt;/td&gt;&lt;/tr&gt;&lt;tr&gt;&lt;td role=&quot;gridcell&quot; class=&quot;b80d5adb18&quot;&gt;&lt;span tabindex=&quot;-1&quot; class=&quot;cf06f772fa&quot; data-date=&quot;2023-10-15&quot; aria-checked=&quot;false&quot; role=&quot;checkbox&quot; aria-label=&quot;15 October 2023&quot;&gt;&lt;span&gt;15&lt;/span&gt;&lt;/span&gt;&lt;/td&gt;&lt;td role=&quot;gridcell&quot; class=&quot;b80d5adb18&quot;&gt;&lt;span tabindex=&quot;-1&quot; class=&quot;cf06f772fa&quot; data-date=&quot;2023-10-16&quot; aria-checked=&quot;false&quot; role=&quot;checkbox&quot; aria-label=&quot;16 October 2023&quot;&gt;&lt;span&gt;16&lt;/span&gt;&lt;/span&gt;&lt;/td&gt;&lt;td role=&quot;gridcell&quot; class=&quot;b80d5adb18&quot;&gt;&lt;span tabindex=&quot;-1&quot; class=&quot;cf06f772fa&quot; data-date=&quot;2023-10-17&quot; aria-checked=&quot;false&quot; role=&quot;checkbox&quot; aria-label=&quot;17 October 2023&quot;&gt;&lt;span&gt;17&lt;/span&gt;&lt;/span&gt;&lt;/td&gt;&lt;td role=&quot;gridcell&quot; class=&quot;b80d5adb18&quot;&gt;&lt;span tabindex=&quot;-1&quot; class=&quot;cf06f772fa&quot; data-date=&quot;2023-10-18&quot; aria-checked=&quot;false&quot; role=&quot;checkbox&quot; aria-label=&quot;18 October 2023&quot;&gt;&lt;span&gt;18&lt;/span&gt;&lt;/span&gt;&lt;/td&gt;&lt;td role=&quot;gridcell&quot; class=&quot;b80d5adb18&quot;&gt;&lt;span tabindex=&quot;-1&quot; class=&quot;cf06f772fa&quot; data-date=&quot;2023-10-19&quot; aria-checked=&quot;false&quot; role=&quot;checkbox&quot; aria-label=&quot;19 October 2023&quot;&gt;&lt;span&gt;19&lt;/span&gt;&lt;/span&gt;&lt;/td&gt;&lt;td role=&quot;gridcell&quot; class=&quot;b80d5adb18&quot;&gt;&lt;span tabindex=&quot;-1&quot; class=&quot;cf06f772fa&quot; data-date=&quot;2023-10-20&quot; aria-checked=&quot;false&quot; role=&quot;checkbox&quot; aria-label=&quot;20 October 2023&quot;&gt;&lt;span&gt;20&lt;/span&gt;&lt;/span&gt;&lt;/td&gt;&lt;td role=&quot;gridcell&quot; class=&quot;b80d5adb18&quot;&gt;&lt;span tabindex=&quot;-1&quot; class=&quot;cf06f772fa&quot; data-date=&quot;2023-10-21&quot; aria-checked=&quot;false&quot; role=&quot;checkbox&quot; aria-label=&quot;21 October 2023&quot;&gt;&lt;span&gt;21&lt;/span&gt;&lt;/span&gt;&lt;/td&gt;&lt;/tr&gt;&lt;tr&gt;&lt;td role=&quot;gridcell&quot; class=&quot;b80d5adb18&quot;&gt;&lt;span tabindex=&quot;-1&quot; class=&quot;cf06f772fa&quot; data-date=&quot;2023-10-22&quot; aria-checked=&quot;false&quot; role=&quot;checkbox&quot; aria-label=&quot;22 October 2023&quot;&gt;&lt;span&gt;22&lt;/span&gt;&lt;/span&gt;&lt;/td&gt;&lt;td role=&quot;gridcell&quot; class=&quot;b80d5adb18&quot;&gt;&lt;span tabindex=&quot;-1&quot; class=&quot;cf06f772fa&quot; data-date=&quot;2023-10-23&quot; aria-checked=&quot;false&quot; role=&quot;checkbox&quot; aria-label=&quot;23 October 2023&quot;&gt;&lt;span&gt;23&lt;/span&gt;&lt;/span&gt;&lt;/td&gt;&lt;td role=&quot;gridcell&quot; class=&quot;b80d5adb18&quot;&gt;&lt;span tabindex=&quot;-1&quot; class=&quot;cf06f772fa&quot; data-date=&quot;2023-10-24&quot; aria-checked=&quot;false&quot; role=&quot;checkbox&quot; aria-label=&quot;24 October 2023&quot;&gt;&lt;span&gt;24&lt;/span&gt;&lt;/span&gt;&lt;/td&gt;&lt;td role=&quot;gridcell&quot; class=&quot;b80d5adb18&quot;&gt;&lt;span tabindex=&quot;-1&quot; class=&quot;cf06f772fa&quot; data-date=&quot;2023-10-25&quot; aria-checked=&quot;false&quot; role=&quot;checkbox&quot; aria-label=&quot;25 October 2023&quot;&gt;&lt;span&gt;25&lt;/span&gt;&lt;/span&gt;&lt;/td&gt;&lt;td role=&quot;gridcell&quot; class=&quot;b80d5adb18&quot;&gt;&lt;span tabindex=&quot;-1&quot; class=&quot;cf06f772fa&quot; data-date=&quot;2023-10-26&quot; aria-checked=&quot;false&quot; role=&quot;checkbox&quot; aria-label=&quot;26 October 2023&quot;&gt;&lt;span&gt;26&lt;/span&gt;&lt;/span&gt;&lt;/td&gt;&lt;td role=&quot;gridcell&quot; class=&quot;b80d5adb18&quot;&gt;&lt;span tabindex=&quot;-1&quot; class=&quot;cf06f772fa&quot; data-date=&quot;2023-10-27&quot; aria-checked=&quot;false&quot; role=&quot;checkbox&quot; aria-label=&quot;27 October 2023&quot;&gt;&lt;span&gt;27&lt;/span&gt;&lt;/span&gt;&lt;/td&gt;&lt;td role=&quot;gridcell&quot; class=&quot;b80d5adb18&quot;&gt;&lt;span tabindex=&quot;-1&quot; class=&quot;cf06f772fa&quot; data-date=&quot;2023-10-28&quot; aria-checked=&quot;false&quot; role=&quot;checkbox&quot; aria-label=&quot;28 October 2023&quot;&gt;&lt;span&gt;28&lt;/span&gt;&lt;/span&gt;&lt;/td&gt;&lt;/tr&gt;&lt;tr&gt;&lt;td role=&quot;gridcell&quot; class=&quot;b80d5adb18&quot;&gt;&lt;span tabindex=&quot;-1&quot; class=&quot;cf06f772fa&quot; data-date=&quot;2023-10-29&quot; aria-checked=&quot;false&quot; role=&quot;checkbox&quot; aria-label=&quot;29 October 2023&quot;&gt;&lt;span&gt;29&lt;/span&gt;&lt;/span&gt;&lt;/td&gt;&lt;td role=&quot;gridcell&quot; class=&quot;b80d5adb18&quot;&gt;&lt;span tabindex=&quot;-1&quot; class=&quot;cf06f772fa&quot; data-date=&quot;2023-10-30&quot; aria-checked=&quot;false&quot; role=&quot;checkbox&quot; aria-label=&quot;30 October 2023&quot;&gt;&lt;span&gt;30&lt;/span&gt;&lt;/span&gt;&lt;/td&gt;&lt;td role=&quot;gridcell&quot; class=&quot;b80d5adb18&quot;&gt;&lt;span tabindex=&quot;-1&quot; class=&quot;cf06f772fa&quot; data-date=&quot;2023-10-31&quot; aria-checked=&quot;false&quot; role=&quot;checkbox&quot; aria-label=&quot;31 October 2023&quot;&gt;&lt;span&gt;31&lt;/span&gt;&lt;/span&gt;&lt;/td&gt;&lt;/tr&gt;&lt;/tbody&gt;&lt;/table&gt;&lt;/div&gt;&lt;/div&gt;&lt;/div&gt;&lt;div&gt;&lt;div class=&quot;e8831c9192&quot; data-testid=&quot;datepicker-footer&quot;&gt;&lt;div data-testid=&quot;flexible-dates-container&quot; role=&quot;region&quot; class=&quot;e567fd4fff dbf27a7228&quot;&gt;&lt;ul class=&quot;fc49408fea ba4306d436&quot; id=&quot;:R2kpl31:&quot; tabindex=&quot;0&quot; aria-atomic=&quot;false&quot;&gt;&lt;li class=&quot;b0932df2e7 e375bc2404&quot;&gt;&lt;label class=&quot;faefc93c6f c737ebb2b7&quot;&gt;&lt;input class=&quot;ac4a7896c7 bdfe71a871&quot; name=&quot;&quot; type=&quot;checkbox&quot; checked=&quot;&quot; value=&quot;exact&quot;/&gt;&lt;span class=&quot;dfb0833038&quot;&gt;&lt;span class=&quot;ccb65902b2&quot;&gt;Exact dates&lt;/span&gt;&lt;/span&gt;&lt;/label&gt;&lt;/li&gt;&lt;li class=&quot;b0932df2e7 e375bc2404&quot;&gt;&lt;label class=&quot;faefc93c6f&quot;&gt;&lt;input class=&quot;ac4a7896c7 bdfe71a871&quot; name=&quot;&quot; type=&quot;checkbox&quot; value=&quot;1&quot;/&gt;&lt;span class=&quot;dfb0833038&quot;&gt;&lt;span class=&quot;fcd9eec8fb a07dcf7ef3 bf9a32efa5&quot; aria-hidden=&quot;true&quot;&gt;&lt;span class=&quot;fcd9eec8fb bf9a32efa5&quot; aria-hidden=&quot;true&quot;&gt;&lt;svg xmlns=&quot;http://www.w3.org/2000/svg&quot; viewBox=&quot;0 0 24 24&quot;&gt;&lt;path d=&quot;M21.14 22.94a1 1 0 0 1-1 1H3.86a1 1 0 1 1 0-2h16.28a1 1 0 0 1 1 1ZM4 10h7v7a1 1 0 0 0 2 0v-7h7a1 1 0 0 0 0-2h-7V1a1 1 0 0 0-2 0v7H4a1 1 0 0 0 0 2Z&quot;&gt;&lt;/path&gt;&lt;/svg&gt;&lt;/span&gt;&lt;/span&gt;&lt;span class=&quot;ccb65902b2&quot;&gt;1 day&lt;/span&gt;&lt;/span&gt;&lt;/label&gt;&lt;/li&gt;&lt;li class=&quot;b0932df2e7 e375bc2404&quot;&gt;&lt;label class=&quot;faefc93c6f&quot;&gt;&lt;input class=&quot;ac4a7896c7 bdfe71a871&quot; name=&quot;&quot; type=&quot;checkbox&quot; value=&quot;2&quot;/&gt;&lt;span class=&quot;dfb0833038&quot;&gt;&lt;span class=&quot;fcd9eec8fb a07dcf7ef3 bf9a32efa5&quot; aria-hidden=&quot;true&quot;&gt;&lt;span class=&quot;fcd9eec8fb bf9a32efa5&quot; aria-hidden=&quot;true&quot;&gt;&lt;svg xmlns=&quot;http://www.w3.org/2000/svg&quot; viewBox=&quot;0 0 24 24&quot;&gt;&lt;path d=&quot;M21.14 22.94a1 1 0 0 1-1 1H3.86a1 1 0 1 1 0-2h16.28a1 1 0 0 1 1 1ZM4 10h7v7a1 1 0 0 0 2 0v-7h7a1 1 0 0 0 0-2h-7V1a1 1 0 0 0-2 0v7H4a1 1 0 0 0 0 2Z&quot;&gt;&lt;/path&gt;&lt;/svg&gt;&lt;/span&gt;&lt;/span&gt;&lt;span class=&quot;ccb65902b2&quot;&gt;2 days&lt;/span&gt;&lt;/span&gt;&lt;/label&gt;&lt;/li&gt;&lt;li class=&quot;b0932df2e7 e375bc2404&quot;&gt;&lt;label class=&quot;faefc93c6f&quot;&gt;&lt;input class=&quot;ac4a7896c7 bdfe71a871&quot; name=&quot;&quot; type=&quot;checkbox&quot; value=&quot;3&quot;/&gt;&lt;span class=&quot;dfb0833038&quot;&gt;&lt;span class=&quot;fcd9eec8fb a07dcf7ef3 bf9a32efa5&quot; aria-hidden=&quot;true&quot;&gt;&lt;span class=&quot;fcd9eec8fb bf9a32efa5&quot; aria-hidden=&quot;true&quot;&gt;&lt;svg xmlns=&quot;http://www.w3.org/2000/svg&quot; viewBox=&quot;0 0 24 24&quot;&gt;&lt;path d=&quot;M21.14 22.94a1 1 0 0 1-1 1H3.86a1 1 0 1 1 0-2h16.28a1 1 0 0 1 1 1ZM4 10h7v7a1 1 0 0 0 2 0v-7h7a1 1 0 0 0 0-2h-7V1a1 1 0 0 0-2 0v7H4a1 1 0 0 0 0 2Z&quot;&gt;&lt;/path&gt;&lt;/svg&gt;&lt;/span&gt;&lt;/span&gt;&lt;span class=&quot;ccb65902b2&quot;&gt;3 days&lt;/span&gt;&lt;/span&gt;&lt;/label&gt;&lt;/li&gt;&lt;li class=&quot;b0932df2e7 e375bc2404&quot;&gt;&lt;label class=&quot;faefc93c6f&quot;&gt;&lt;input class=&quot;ac4a7896c7 bdfe71a871&quot; name=&quot;&quot; type=&quot;checkbox&quot; value=&quot;7&quot;/&gt;&lt;span class=&quot;dfb0833038&quot;&gt;&lt;span class=&quot;fcd9eec8fb a07dcf7ef3 bf9a32efa5&quot; aria-hidden=&quot;true&quot;&gt;&lt;span class=&quot;fcd9eec8fb bf9a32efa5&quot; aria-hidden=&quot;true&quot;&gt;&lt;svg xmlns=&quot;http://www.w3.org/2000/svg&quot; viewBox=&quot;0 0 24 24&quot;&gt;&lt;path d=&quot;M21.14 22.94a1 1 0 0 1-1 1H3.86a1 1 0 1 1 0-2h16.28a1 1 0 0 1 1 1ZM4 10h7v7a1 1 0 0 0 2 0v-7h7a1 1 0 0 0 0-2h-7V1a1 1 0 0 0-2 0v7H4a1 1 0 0 0 0 2Z&quot;&gt;&lt;/path&gt;&lt;/svg&gt;&lt;/span&gt;&lt;/span&gt;&lt;span class=&quot;ccb65902b2&quot;&gt;7 days&lt;/span&gt;&lt;/span&gt;&lt;/label&gt;&lt;/li&gt;&lt;/ul&gt;&lt;div class=&quot;c7a2b2cb75&quot;&gt;&lt;button aria-label=&quot;&quot; aria-controls=&quot;:R2kpl31:&quot; type=&quot;button&quot; class=&quot;a83ed08757 c21c56c305 bd3a1c7108 d691166b09 ab98298258 deab83296e fe94449254 f7e840d934 a27b97ef1e&quot;&gt;&lt;span class=&quot;eedba9e88a&quot;&gt;&lt;span class=&quot;fcd9eec8fb bf9a32efa5&quot; aria-hidden=&quot;true&quot;&gt;&lt;svg xmlns=&quot;http://www.w3.org/2000/svg&quot; viewBox=&quot;0 0 24 24&quot; data-rtl-flip=&quot;true&quot;&gt;&lt;path d=&quot;M15.0871 19.2361C14.9677 19.2367 14.8495 19.2134 14.7392 19.1676C14.629 19.1219 14.5289 19.0546 14.4451 18.9696L8.38799 12.9125C8.26332 12.7891 8.16475 12.6418 8.09815 12.4795C8.03156 12.3172 7.99829 12.1431 8.00034 11.9676C7.99246 11.6171 8.12303 11.2776 8.36376 11.0227L14.4208 4.96566C14.5912 4.79552 14.8221 4.69995 15.0629 4.69995C15.3037 4.69995 15.5346 4.79552 15.7049 4.96566C15.7907 5.04918 15.8588 5.14902 15.9053 5.25929C15.9518 5.36957 15.9758 5.48803 15.9758 5.60771C15.9758 5.72739 15.9518 5.84586 15.9053 5.95613C15.8588 6.0664 15.7907 6.16624 15.7049 6.24976L10.0113 11.9676L15.7292 17.6855C15.8149 17.769 15.883 17.8689 15.9295 17.9792C15.976 18.0894 16 18.2079 16 18.3276C16 18.4473 15.976 18.5657 15.9295 18.676C15.883 18.7863 15.8149 18.8861 15.7292 18.9696C15.6457 19.0551 15.5458 19.1228 15.4354 19.1686C15.3251 19.2144 15.2066 19.2374 15.0871 19.2361Z&quot;&gt;&lt;/path&gt;&lt;/svg&gt;&lt;/span&gt;&lt;/span&gt;&lt;/button&gt;&lt;button aria-label=&quot;&quot; aria-controls=&quot;:R2kpl31:&quot; type=&quot;button&quot; class=&quot;a83ed08757 c21c56c305 bd3a1c7108 d691166b09 ab98298258 deab83296e fe94449254 f7e840d934 a27b97ef1e&quot;&gt;&lt;span class=&quot;eedba9e88a&quot;&gt;&lt;span class=&quot;fcd9eec8fb bf9a32efa5&quot; aria-hidden=&quot;true&quot;&gt;&lt;svg xmlns=&quot;http://www.w3.org/2000/svg&quot; viewBox=&quot;0 0 24 24&quot; data-rtl-flip=&quot;true&quot;&gt;&lt;path d=&quot;M8.91289 19.2361C9.03226 19.2367 9.15054 19.2134 9.2608 19.1676C9.37105 19.1219 9.47105 19.0546 9.55493 18.9696L15.612 12.9125C15.7367 12.7891 15.8353 12.6418 15.9018 12.4795C15.9684 12.3172 16.0017 12.1431 15.9997 11.9676C16.0075 11.6171 15.877 11.2776 15.6362 11.0227L9.57916 4.96566C9.40881 4.79552 9.17788 4.69995 8.93711 4.69995C8.69634 4.69995 8.46542 4.79552 8.29506 4.96566C8.20935 5.04918 8.14122 5.14902 8.09471 5.25929C8.04819 5.36957 8.02423 5.48803 8.02423 5.60771C8.02423 5.72739 8.04819 5.84586 8.09471 5.95613C8.14122 6.0664 8.20935 6.16624 8.29506 6.24976L13.9887 11.9676L8.27084 17.6855C8.18512 17.769 8.117 17.8689 8.07048 17.9792C8.02396 18.0894 8 18.2079 8 18.3276C8 18.4473 8.02396 18.5657 8.07048 18.676C8.117 18.7863 8.18512 18.8861 8.27084 18.9696C8.3543 19.0551 8.45423 19.1228 8.56458 19.1686C8.67493 19.2144 8.79341 19.2374 8.91289 19.2361Z&quot;&gt;&lt;/path&gt;&lt;/svg&gt;&lt;/span&gt;&lt;/span&gt;&lt;/button&gt;&lt;/div&gt;&lt;/div&gt;&lt;/div&gt;&lt;/div&gt;&lt;/div&gt;&lt;/div&gt;&lt;/nav&gt;&lt;/div&gt;&lt;/div&gt;&lt;/div&gt;&lt;/div&gt;&lt;div class=&quot;f9cf783bde&quot;&gt;&lt;div class=&quot;d67edddcf0&quot; tabindex=&quot;-1&quot;&gt;&lt;button type=&quot;button&quot; data-testid=&quot;occupancy-config&quot; class=&quot;d47738b911 b7d08821c3&quot;&gt;&lt;span data-testid=&quot;occupancy-config-icon&quot; class=&quot;fcd9eec8fb ca4f2a5850 c2cc050fb8 c696a7d242&quot; aria-hidden=&quot;true&quot;&gt;&lt;svg xmlns=&quot;http://www.w3.org/2000/svg&quot; viewBox=&quot;0 0 24 24&quot;&gt;&lt;path d=&quot;M16.5 6a4.5 4.5 0 1 1-9 0 4.5 4.5 0 0 1 9 0zM18 6A6 6 0 1 0 6 6a6 6 0 0 0 12 0zM3 23.25a9 9 0 1 1 18 0 .75.75 0 0 0 1.5 0c0-5.799-4.701-10.5-10.5-10.5S1.5 17.451 1.5 23.25a.75.75 0 0 0 1.5 0z&quot;&gt;&lt;/path&gt;&lt;/svg&gt;&lt;/span&gt;2 adults · 0 children · 1 room&lt;span data-testid=&quot;searchbox-form-button-icon&quot; class=&quot;fcd9eec8fb f8931b3e81 bf9a32efa5&quot; aria-hidden=&quot;true&quot;&gt;&lt;svg xmlns=&quot;http://www.w3.org/2000/svg&quot; viewBox=&quot;0 0 24 24&quot;&gt;&lt;path d=&quot;M19.2681 8.91288C19.2687 9.03226 19.2454 9.15054 19.1996 9.26079C19.1539 9.37105 19.0865 9.47105 19.0016 9.55493L12.9445 15.612C12.8211 15.7367 12.6738 15.8353 12.5115 15.9018C12.3491 15.9684 12.1751 16.0017 11.9996 15.9997C11.6491 16.0075 11.3096 15.877 11.0547 15.6362L4.99764 9.57916C4.8275 9.40881 4.73193 9.17788 4.73193 8.93711C4.73193 8.69634 4.8275 8.46542 4.99764 8.29506C5.08117 8.20935 5.18101 8.14122 5.29128 8.09471C5.40155 8.04819 5.52002 8.02423 5.6397 8.02423C5.75937 8.02423 5.87784 8.04819 5.98811 8.09471C6.09838 8.14122 6.19822 8.20935 6.28175 8.29506L11.9996 13.9887L17.7175 8.27084C17.801 8.18512 17.9009 8.11699 18.0111 8.07048C18.1214 8.02396 18.2399 8 18.3596 8C18.4792 8 18.5977 8.02396 18.708 8.07048C18.8182 8.11699 18.9181 8.18512 19.0016 8.27084C19.0871 8.3543 19.1548 8.45422 19.2006 8.56457C19.2464 8.67492 19.2694 8.79341 19.2681 8.91288Z&quot;&gt;&lt;/path&gt;&lt;/svg&gt;&lt;/span&gt;&lt;/button&gt;&lt;/div&gt;&lt;/div&gt;&lt;div class=&quot;f9cf783bde&quot;&gt;&lt;button type=&quot;submit&quot; class=&quot;a83ed08757 c21c56c305 a4c1805887 f671049264 d2529514af c082d89982 aa11d0d5cd&quot;&gt;&lt;span class=&quot;e4adce92df&quot;&gt;Search&lt;/span&gt;&lt;/button&gt;&lt;/div&gt;&lt;/div&gt;&lt;div class=&quot;dfdd8e04de&quot;&gt;&lt;/div&gt;&lt;input type=&quot;hidden&quot; name=&quot;ssne&quot; value=&quot;Session Road&quot;/&gt;&lt;input type=&quot;hidden&quot; name=&quot;ssne_untouched&quot; value=&quot;Session Road&quot;/&gt;&lt;/form&gt;&lt;/div&gt;&lt;/div&gt;&lt;/div&gt;
&lt;/div&gt;
&lt;div id=&quot;bodyconstraint&quot; class=&quot;   &quot;&gt;
&lt;div id=&quot;bodyconstraint-inner&quot;&gt;
&lt;div&gt;
&lt;div data-capla-component-boundary=&quot;b-search-web-searchresults/BreadCrumbsDesktop&quot;&gt;&lt;div class=&quot;cde81c6f0c cef07b55fc&quot; data-testid=&quot;breadcrumbs&quot;&gt;&lt;nav aria-label=&quot;Navigation history menu (breadcrumbs)&quot; class=&quot;abf093bdfe&quot;&gt;&lt;ol class=&quot;aca0ade214 a5f1aae5b2 c2931f4182 a857d92783&quot;&gt;&lt;li class=&quot;&quot;&gt;&lt;span class=&quot;c3ccde2c36&quot;&gt;&lt;a href=&quot;https://www.booking.com/index.en-us.html&quot; class=&quot;a83ed08757 f88a5204c2 b98133fb50&quot;&gt;&lt;span&gt;Home&lt;/span&gt;&lt;/a&gt;&lt;/span&gt;&lt;/li&gt;&lt;li class=&quot;&quot;&gt;&lt;span class=&quot;c3ccde2c36&quot;&gt;&lt;span class=&quot;fcd9eec8fb fea50ae303 bf9a32efa5&quot; aria-hidden=&quot;true&quot;&gt;&lt;svg xmlns=&quot;http://www.w3.org/2000/svg&quot; viewBox=&quot;0 0 24 24&quot; data-rtl-flip=&quot;true&quot;&gt;&lt;path d=&quot;M8.91289 19.2361C9.03226 19.2367 9.15054 19.2134 9.2608 19.1676C9.37105 19.1219 9.47105 19.0546 9.55493 18.9696L15.612 12.9125C15.7367 12.7891 15.8353 12.6418 15.9018 12.4795C15.9684 12.3172 16.0017 12.1431 15.9997 11.9676C16.0075 11.6171 15.877 11.2776 15.6362 11.0227L9.57916 4.96566C9.40881 4.79552 9.17788 4.69995 8.93711 4.69995C8.69634 4.69995 8.46542 4.79552 8.29506 4.96566C8.20935 5.04918 8.14122 5.14902 8.09471 5.25929C8.04819 5.36957 8.02423 5.48803 8.02423 5.60771C8.02423 5.72739 8.04819 5.84586 8.09471 5.95613C8.14122 6.0664 8.20935 6.16624 8.29506 6.24976L13.9887 11.9676L8.27084 17.6855C8.18512 17.769 8.117 17.8689 8.07048 17.9792C8.02396 18.0894 8 18.2079 8 18.3276C8 18.4473 8.02396 18.5657 8.07048 18.676C8.117 18.7863 8.18512 18.8861 8.27084 18.9696C8.3543 19.0551 8.45423 19.1228 8.56458 19.1686C8.67493 19.2144 8.79341 19.2374 8.91289 19.2361Z&quot;&gt;&lt;/path&gt;&lt;/svg&gt;&lt;/span&gt;&lt;a href=&quot;https://www.booking.com/country/ph.en-us.html&quot; class=&quot;a83ed08757 f88a5204c2 b98133fb50&quot;&gt;&lt;span&gt;Philippines&lt;/span&gt;&lt;/a&gt;&lt;/span&gt;&lt;/li&gt;&lt;li class=&quot;&quot;&gt;&lt;span class=&quot;c3ccde2c36&quot;&gt;&lt;span class=&quot;fcd9eec8fb fea50ae303 bf9a32efa5&quot; aria-hidden=&quot;true&quot;&gt;&lt;svg xmlns=&quot;http://www.w3.org/2000/svg&quot; viewBox=&quot;0 0 24 24&quot; data-rtl-flip=&quot;true&quot;&gt;&lt;path d=&quot;M8.91289 19.2361C9.03226 19.2367 9.15054 19.2134 9.2608 19.1676C9.37105 19.1219 9.47105 19.0546 9.55493 18.9696L15.612 12.9125C15.7367 12.7891 15.8353 12.6418 15.9018 12.4795C15.9684 12.3172 16.0017 12.1431 15.9997 11.9676C16.0075 11.6171 15.877 11.2776 15.6362 11.0227L9.57916 4.96566C9.40881 4.79552 9.17788 4.69995 8.93711 4.69995C8.69634 4.69995 8.46542 4.79552 8.29506 4.96566C8.20935 5.04918 8.14122 5.14902 8.09471 5.25929C8.04819 5.36957 8.02423 5.48803 8.02423 5.60771C8.02423 5.72739 8.04819 5.84586 8.09471 5.95613C8.14122 6.0664 8.20935 6.16624 8.29506 6.24976L13.9887 11.9676L8.27084 17.6855C8.18512 17.769 8.117 17.8689 8.07048 17.9792C8.02396 18.0894 8 18.2079 8 18.3276C8 18.4473 8.02396 18.5657 8.07048 18.676C8.117 18.7863 8.18512 18.8861 8.27084 18.9696C8.3543 19.0551 8.45423 19.1228 8.56458 19.1686C8.67493 19.2144 8.79341 19.2374 8.91289 19.2361Z&quot;&gt;&lt;/path&gt;&lt;/svg&gt;&lt;/span&gt;&lt;a href=&quot;https://www.booking.com/region/ph/luzon.en-us.html&quot; class=&quot;a83ed08757 f88a5204c2 b98133fb50&quot;&gt;&lt;span&gt;Luzon&lt;/span&gt;&lt;/a&gt;&lt;/span&gt;&lt;/li&gt;&lt;li class=&quot;&quot;&gt;&lt;span class=&quot;c3ccde2c36&quot;&gt;&lt;span class=&quot;fcd9eec8fb fea50ae303 bf9a32efa5&quot; aria-hidden=&quot;true&quot;&gt;&lt;svg xmlns=&quot;http://www.w3.org/2000/svg&quot; viewBox=&quot;0 0 24 24&quot; data-rtl-flip=&quot;true&quot;&gt;&lt;path d=&quot;M8.91289 19.2361C9.03226 19.2367 9.15054 19.2134 9.2608 19.1676C9.37105 19.1219 9.47105 19.0546 9.55493 18.9696L15.612 12.9125C15.7367 12.7891 15.8353 12.6418 15.9018 12.4795C15.9684 12.3172 16.0017 12.1431 15.9997 11.9676C16.0075 11.6171 15.877 11.2776 15.6362 11.0227L9.57916 4.96566C9.40881 4.79552 9.17788 4.69995 8.93711 4.69995C8.69634 4.69995 8.46542 4.79552 8.29506 4.96566C8.20935 5.04918 8.14122 5.14902 8.09471 5.25929C8.04819 5.36957 8.02423 5.48803 8.02423 5.60771C8.02423 5.72739 8.04819 5.84586 8.09471 5.95613C8.14122 6.0664 8.20935 6.16624 8.29506 6.24976L13.9887 11.9676L8.27084 17.6855C8.18512 17.769 8.117 17.8689 8.07048 17.9792C8.02396 18.0894 8 18.2079 8 18.3276C8 18.4473 8.02396 18.5657 8.07048 18.676C8.117 18.7863 8.18512 18.8861 8.27084 18.9696C8.3543 19.0551 8.45423 19.1228 8.56458 19.1686C8.67493 19.2144 8.79341 19.2374 8.91289 19.2361Z&quot;&gt;&lt;/path&gt;&lt;/svg&gt;&lt;/span&gt;&lt;a href=&quot;https://www.booking.com/city/ph/baguio.en-us.html&quot; class=&quot;a83ed08757 f88a5204c2 b98133fb50&quot;&gt;&lt;span&gt;Baguio&lt;/span&gt;&lt;/a&gt;&lt;/span&gt;&lt;/li&gt;&lt;li class=&quot;&quot;&gt;&lt;span class=&quot;c3ccde2c36&quot;&gt;&lt;span class=&quot;fcd9eec8fb fea50ae303 bf9a32efa5&quot; aria-hidden=&quot;true&quot;&gt;&lt;svg xmlns=&quot;http://www.w3.org/2000/svg&quot; viewBox=&quot;0 0 24 24&quot; data-rtl-flip=&quot;true&quot;&gt;&lt;path d=&quot;M8.91289 19.2361C9.03226 19.2367 9.15054 19.2134 9.2608 19.1676C9.37105 19.1219 9.47105 19.0546 9.55493 18.9696L15.612 12.9125C15.7367 12.7891 15.8353 12.6418 15.9018 12.4795C15.9684 12.3172 16.0017 12.1431 15.9997 11.9676C16.0075 11.6171 15.877 11.2776 15.6362 11.0227L9.57916 4.96566C9.40881 4.79552 9.17788 4.69995 8.93711 4.69995C8.69634 4.69995 8.46542 4.79552 8.29506 4.96566C8.20935 5.04918 8.14122 5.14902 8.09471 5.25929C8.04819 5.36957 8.02423 5.48803 8.02423 5.60771C8.02423 5.72739 8.04819 5.84586 8.09471 5.95613C8.14122 6.0664 8.20935 6.16624 8.29506 6.24976L13.9887 11.9676L8.27084 17.6855C8.18512 17.769 8.117 17.8689 8.07048 17.9792C8.02396 18.0894 8 18.2079 8 18.3276C8 18.4473 8.02396 18.5657 8.07048 18.676C8.117 18.7863 8.18512 18.8861 8.27084 18.9696C8.3543 19.0551 8.45423 19.1228 8.56458 19.1686C8.67493 19.2144 8.79341 19.2374 8.91289 19.2361Z&quot;&gt;&lt;/path&gt;&lt;/svg&gt;&lt;/span&gt;&lt;a href=&quot;https://www.booking.com/landmark/ph/session-road.en-us.html&quot; class=&quot;a83ed08757 f88a5204c2 b98133fb50&quot;&gt;&lt;span&gt;Session Road&lt;/span&gt;&lt;/a&gt;&lt;/span&gt;&lt;/li&gt;&lt;li class=&quot;&quot;&gt;&lt;span class=&quot;c3ccde2c36&quot;&gt;&lt;span class=&quot;fcd9eec8fb fea50ae303 bf9a32efa5&quot; aria-hidden=&quot;true&quot;&gt;&lt;svg xmlns=&quot;http://www.w3.org/2000/svg&quot; viewBox=&quot;0 0 24 24&quot; data-rtl-flip=&quot;true&quot;&gt;&lt;path d=&quot;M8.91289 19.2361C9.03226 19.2367 9.15054 19.2134 9.2608 19.1676C9.37105 19.1219 9.47105 19.0546 9.55493 18.9696L15.612 12.9125C15.7367 12.7891 15.8353 12.6418 15.9018 12.4795C15.9684 12.3172 16.0017 12.1431 15.9997 11.9676C16.0075 11.6171 15.877 11.2776 15.6362 11.0227L9.57916 4.96566C9.40881 4.79552 9.17788 4.69995 8.93711 4.69995C8.69634 4.69995 8.46542 4.79552 8.29506 4.96566C8.20935 5.04918 8.14122 5.14902 8.09471 5.25929C8.04819 5.36957 8.02423 5.48803 8.02423 5.60771C8.02423 5.72739 8.04819 5.84586 8.09471 5.95613C8.14122 6.0664 8.20935 6.16624 8.29506 6.24976L13.9887 11.9676L8.27084 17.6855C8.18512 17.769 8.117 17.8689 8.07048 17.9792C8.02396 18.0894 8 18.2079 8 18.3276C8 18.4473 8.02396 18.5657 8.07048 18.676C8.117 18.7863 8.18512 18.8861 8.27084 18.9696C8.3543 19.0551 8.45423 19.1228 8.56458 19.1686C8.67493 19.2144 8.79341 19.2374 8.91289 19.2361Z&quot;&gt;&lt;/path&gt;&lt;/svg&gt;&lt;/span&gt;&lt;div class=&quot;abf093bdfe&quot;&gt;Search results&lt;/div&gt;&lt;/span&gt;&lt;/li&gt;&lt;/ol&gt;&lt;/nav&gt;&lt;/div&gt;&lt;/div&gt;
&lt;/div&gt;
&lt;div data-block-id=&quot;header_survey&quot;&gt;
&lt;/div&gt;
&lt;div data-capla-component-boundary=&quot;b-search-web-searchresults/GlobalAlerts&quot;&gt;&lt;/div&gt;
&lt;svg class=&quot;bk-icon -genius-new_identity-genius_badge&quot; height=&quot;174&quot; style=&quot;display:none;&quot; width=&quot;434&quot; viewBox=&quot;0 0 434 174&quot; role=&quot;presentation&quot; aria-hidden=&quot;true&quot; focusable=&quot;false&quot;&gt;
&lt;g&gt;
&lt;path d=&quot;M418.964 0H14.6335C6.65829 0 0.193115 6.46518 0.193115 14.4404V158.844C0.193115 166.819 6.65829 173.285 14.6335 173.285H418.964C426.939 173.285 433.404 166.819 433.404 158.844V14.4404C433.404 6.46518 426.939 0 418.964 0Z&quot; fill=&quot;#004CB8&quot;/&gt;
&lt;path d=&quot;M375.643 112.057C375.651 112.911 375.418 113.75 374.971 114.478C374.524 115.206 373.881 115.793 373.116 116.173C371.061 117.213 368.774 117.71 366.473 117.617C363.367 117.862 360.262 117.13 357.592 115.523C355.323 114.154 353.571 112.072 352.611 109.602C352.551 109.35 352.431 109.116 352.26 108.921C352.09 108.726 351.874 108.575 351.632 108.483C351.39 108.39 351.129 108.358 350.871 108.39C350.614 108.421 350.368 108.515 350.156 108.664L341.13 112.635C340.869 112.706 340.627 112.837 340.425 113.019C340.223 113.2 340.067 113.426 339.969 113.679C339.87 113.932 339.833 114.205 339.859 114.475C339.885 114.745 339.975 115.005 340.12 115.234C342.038 119.7 345.325 123.441 349.506 125.92C354.638 128.933 360.527 130.412 366.473 130.18C372.448 130.368 378.324 128.621 383.224 125.198C385.473 123.727 387.315 121.711 388.577 119.338C389.839 116.965 390.481 114.312 390.444 111.624C390.444 101.997 383.657 96.1488 370.083 94.079C366.842 93.6288 363.696 92.6533 360.769 91.1909C358.603 90.1801 356.148 88.8082 356.148 87.2198C356.194 86.4783 356.458 85.7669 356.908 85.1757C357.358 84.5845 357.973 84.14 358.676 83.8985C360.848 83.0046 363.187 82.5861 365.535 82.6711C367.779 82.6622 370.001 83.1271 372.054 84.0353C374.107 84.9435 375.945 86.2747 377.448 87.9418C377.63 88.1318 377.849 88.283 378.09 88.3863C378.332 88.4896 378.593 88.5429 378.856 88.5429C379.119 88.5429 379.379 88.4896 379.621 88.3863C379.863 88.283 380.082 88.1318 380.264 87.9418L386.69 82.1657C386.936 82.0362 387.148 81.8492 387.307 81.6204C387.466 81.3917 387.568 81.128 387.603 80.8517C387.639 80.5754 387.607 80.2946 387.511 80.0331C387.415 79.7717 387.257 79.5373 387.051 79.3498C382.053 74.4653 375.569 71.3872 368.625 70.6026C361.681 69.8179 354.673 71.3716 348.712 75.0177C346.74 76.4007 345.146 78.2548 344.074 80.4112C343.002 82.5675 342.487 84.9577 342.574 87.3642C342.567 89.4267 343.001 91.4669 343.848 93.3475C344.695 95.2281 345.935 96.9054 347.484 98.2667C351.292 101.398 355.888 103.422 360.769 104.115C364.771 104.676 368.681 105.769 372.394 107.364C373.334 107.744 374.143 108.391 374.72 109.225C375.297 110.059 375.618 111.043 375.643 112.057Z&quot; fill=&quot;white&quot;/&gt;
&lt;path d=&quot;M282.575 107.509C282.412 110.486 282.839 113.467 283.83 116.279C284.821 119.092 286.358 121.681 288.351 123.899C290.419 125.929 292.885 127.51 295.594 128.541C298.303 129.573 301.196 130.032 304.091 129.891C306.536 129.936 308.973 129.595 311.311 128.881C313.006 128.39 314.631 127.686 316.149 126.787C317.577 125.778 318.951 124.693 320.264 123.538L321.636 126.859C321.861 127.389 322.248 127.834 322.74 128.132C323.232 128.43 323.806 128.566 324.38 128.52H333.766C334.021 128.556 334.281 128.532 334.525 128.451C334.769 128.369 334.991 128.232 335.173 128.05C335.355 127.868 335.493 127.646 335.574 127.401C335.656 127.157 335.679 126.897 335.643 126.642V73.7906C335.635 73.5591 335.579 73.3319 335.478 73.1236C335.377 72.9152 335.233 72.7303 335.056 72.5807C334.879 72.4312 334.673 72.3202 334.451 72.255C334.229 72.1898 333.996 72.1718 333.766 72.2021H321.853C321.598 72.166 321.338 72.1897 321.094 72.2712C320.849 72.3528 320.627 72.49 320.445 72.6721C320.263 72.8542 320.126 73.0761 320.044 73.3203C319.963 73.5646 319.939 73.8244 319.975 74.0794V110.18C318.697 112.152 316.942 113.768 314.871 114.879C312.801 115.99 310.484 116.559 308.134 116.534C306.791 116.632 305.442 116.423 304.191 115.922C302.94 115.422 301.82 114.644 300.914 113.646C299.138 111.504 298.235 108.771 298.387 105.993V73.7906C298.387 72.5631 297.665 71.9133 296.365 71.9133H284.596C283.297 71.9133 282.575 72.5631 282.575 73.7906V107.509Z&quot; fill=&quot;white&quot;/&gt;
&lt;path d=&quot;M253.983 54.1515C253.968 55.5821 254.25 57.0002 254.809 58.3172C255.368 59.6341 256.193 60.8214 257.232 61.8049C259.299 63.8464 262.088 64.9912 264.993 64.9912C267.899 64.9912 270.688 63.8464 272.755 61.8049C273.786 60.8145 274.606 59.6261 275.166 58.3109C275.726 56.9958 276.015 55.581 276.015 54.1515C276.015 52.722 275.726 51.3073 275.166 49.9921C274.606 48.677 273.786 47.4885 272.755 46.4981C270.688 44.4566 267.899 43.3119 264.993 43.3119C262.088 43.3119 259.299 44.4566 257.232 46.4981C256.193 47.4816 255.368 48.669 254.809 49.9859C254.25 51.3028 253.968 52.7209 253.983 54.1515Z&quot; fill=&quot;#FEBB02&quot;/&gt;
&lt;path d=&quot;M247.413 90.7576C247.576 88.0348 247.187 85.307 246.269 82.7384C245.351 80.1699 243.922 77.8137 242.07 75.8118C239.996 73.9613 237.574 72.5422 234.946 71.6373C232.318 70.7324 229.536 70.3597 226.763 70.5411C220.636 70.5809 214.743 72.897 210.229 77.0393L208.64 73.7902C208.475 73.2445 208.126 72.7731 207.652 72.4569C207.177 72.1408 206.608 71.9995 206.041 72.0573H196.366C195.066 72.0573 194.344 72.6349 194.344 73.8624V126.714C194.344 127.942 195.066 128.591 196.366 128.591H208.207C209.507 128.591 210.229 127.942 210.229 126.714V90.6132C211.612 88.8509 213.33 87.3788 215.283 86.2811C217.277 85.0359 219.574 84.3617 221.925 84.3316C228.423 84.3316 231.745 87.7973 231.745 94.8009V126.714C231.745 127.212 231.942 127.69 232.295 128.042C232.647 128.394 233.124 128.591 233.622 128.591H245.68C246.178 128.591 246.655 128.394 247.007 128.042C247.359 127.69 247.557 127.212 247.557 126.714L247.413 90.7576Z&quot; fill=&quot;white&quot;/&gt;
&lt;path d=&quot;M187.268 102.527C187.268 103.826 186.691 104.404 185.391 104.404H144.597C145.345 107.742 147.142 110.752 149.723 112.996C152.483 115.254 155.981 116.412 159.543 116.245C161.98 116.337 164.397 115.785 166.552 114.644C168.707 113.503 170.523 111.814 171.817 109.747C172.25 109.025 173.045 108.953 174.055 109.747L184.236 113.935C185.391 114.368 185.68 115.018 185.03 116.029C182.534 120.559 178.83 124.307 174.33 126.857C169.831 129.406 164.711 130.657 159.543 130.469C151.507 130.607 143.735 127.602 137.882 122.094C134.918 119.341 132.584 115.98 131.038 112.242C129.493 108.503 128.774 104.475 128.929 100.433C128.765 96.3962 129.473 92.3715 131.005 88.6333C132.538 84.8952 134.859 81.5317 137.81 78.7724C140.626 76.0576 143.952 73.9264 147.595 72.5015C151.238 71.0765 155.127 70.3858 159.037 70.4692C162.9 70.2694 166.761 70.8864 170.369 72.2798C173.977 73.6732 177.25 75.8117 179.976 78.5558C184.948 84.1113 187.541 91.3968 187.196 98.8446L187.268 102.527ZM167.702 86.6424C165.206 84.7434 162.173 83.682 159.037 83.61C155.941 83.4943 152.894 84.4084 150.373 86.2092C148.049 87.9161 146.288 90.2799 145.319 92.9962H172.539C171.782 90.3459 170.055 88.0777 167.702 86.6424Z&quot; fill=&quot;white&quot;/&gt;
&lt;path d=&quot;M122.936 116.823C122.929 117.364 122.802 117.897 122.565 118.384C122.328 118.87 121.986 119.299 121.565 119.638C112.67 126.472 101.733 130.109 90.5177 129.963C78.5996 130.454 66.9709 126.213 58.1662 118.166C49.3615 110.119 44.0949 98.9172 43.5143 87.0032C44.1137 75.0649 49.3736 63.8383 58.1632 55.7373C66.9528 47.6363 78.5702 43.3077 90.5177 43.6821C101.588 43.6164 112.362 47.2503 121.131 54.0069C121.497 54.318 121.729 54.7572 121.781 55.2344C121.822 55.481 121.804 55.7338 121.729 55.9722C121.653 56.2105 121.523 56.4278 121.348 56.6062L112.756 66.4979C112.394 66.838 111.917 67.0274 111.42 67.0274C110.924 67.0274 110.446 66.838 110.084 66.4979C104.621 61.8534 97.6885 59.2953 90.5177 59.2777C83.1063 59.1579 75.9408 61.9357 70.5467 67.0197C65.1526 72.1037 61.9558 79.0923 61.637 86.4978C61.9931 93.8334 65.223 100.734 70.6278 105.706C76.0327 110.679 83.1779 113.323 90.5177 113.068C96.4716 113.09 102.308 111.412 107.341 108.231V96.8227H93.5502C93.3104 96.833 93.071 96.7935 92.8473 96.7065C92.6236 96.6195 92.4204 96.4869 92.2506 96.3173C92.0713 96.151 91.9277 95.9501 91.8284 95.7267C91.7291 95.5033 91.6762 95.2621 91.6729 95.0176V83.4653C91.6949 82.9748 91.9012 82.5107 92.2506 82.1657C92.6133 81.8537 93.072 81.6753 93.5502 81.6603H120.698C121.184 81.6599 121.651 81.8478 122.001 82.1843C122.351 82.5209 122.557 82.9801 122.575 83.4653L122.936 116.823Z&quot; fill=&quot;white&quot;/&gt;
&lt;path d=&quot;M264.597 72.2018H258.604C258.106 72.2018 257.629 72.3995 257.276 72.7516C256.924 73.1037 256.727 73.5811 256.727 74.079V127.075C256.727 127.573 256.924 128.051 257.276 128.403C257.629 128.755 258.106 128.952 258.604 128.952H271.384C271.882 128.952 272.359 128.755 272.711 128.403C273.063 128.051 273.261 127.573 273.261 127.075V80.866C273.446 79.686 273.35 78.4789 272.98 77.3432C272.61 76.2075 271.977 75.1753 271.132 74.3307C270.287 73.4861 269.255 72.853 268.119 72.4831C266.984 72.1131 265.777 72.0167 264.597 72.2018Z&quot; fill=&quot;white&quot;/&gt;
&lt;/g&gt;
&lt;/svg&gt;
&lt;svg class=&quot;bk-icon -streamline-square_rating&quot; height=&quot;128&quot; style=&quot;display:none;&quot; width=&quot;112&quot; viewBox=&quot;0 0 112 128&quot; role=&quot;presentation&quot; aria-hidden=&quot;true&quot; focusable=&quot;false&quot;&gt;&lt;path d=&quot;M96 8H16A16 16 0 0 0 0 24v96h96a16 16 0 0 0 16-16V24A16 16 0 0 0 96 8zM56 88a24 24 0 1 1 24-24 24 24 0 0 1-24 24z&quot;/&gt;&lt;/svg&gt;
&lt;svg class=&quot;bk-icon -streamline-circle&quot; height=&quot;24&quot; style=&quot;display:none;&quot; width=&quot;24&quot; viewBox=&quot;0 0 24 24&quot; role=&quot;presentation&quot; aria-hidden=&quot;true&quot; focusable=&quot;false&quot;&gt;&lt;path d=&quot;M24 12c0 6.627-5.373 12-12 12S0 18.627 0 12 5.373 0 12 0s12 5.373 12 12z&quot;/&gt;&lt;/svg&gt;
&lt;svg class=&quot;bk-icon -streamline-circle_half&quot; height=&quot;128&quot; style=&quot;display:none;&quot; width=&quot;128&quot; viewBox=&quot;0 0 128 128&quot; role=&quot;presentation&quot; aria-hidden=&quot;true&quot; focusable=&quot;false&quot;&gt;&lt;path d=&quot;M64 0C28.654 0 0 28.654 0 64c0 35.346 28.654 64 64 64 35.346 0 64-28.654 64-64 0-35.346-28.654-64-64-64zm0 120V8c30.928 0 56 25.072 56 56s-25.072 56-56 56z&quot;/&gt;&lt;/svg&gt;
&lt;svg class=&quot;bk-icon -streamline-star&quot; height=&quot;24&quot; style=&quot;display:none;&quot; width=&quot;24&quot; viewBox=&quot;0 0 24 24&quot; role=&quot;presentation&quot; aria-hidden=&quot;true&quot; focusable=&quot;false&quot;&gt;&lt;path d=&quot;M23.555 8.729a1.505 1.505 0 0 0-1.406-.98h-6.087a.5.5 0 0 1-.472-.334l-2.185-6.193a1.5 1.5 0 0 0-2.81 0l-.005.016-2.18 6.177a.5.5 0 0 1-.471.334H1.85A1.5 1.5 0 0 0 .887 10.4l5.184 4.3a.5.5 0 0 1 .155.543l-2.178 6.531a1.5 1.5 0 0 0 2.31 1.684l5.346-3.92a.5.5 0 0 1 .591 0l5.344 3.919a1.5 1.5 0 0 0 2.312-1.683l-2.178-6.535a.5.5 0 0 1 .155-.543l5.194-4.306a1.5 1.5 0 0 0 .433-1.661z&quot;/&gt;&lt;/svg&gt;
&lt;svg class=&quot;bk-icon -streamline-star_half&quot; height=&quot;128&quot; style=&quot;display:none;&quot; width=&quot;128&quot; viewBox=&quot;0 0 128 128&quot; role=&quot;presentation&quot; aria-hidden=&quot;true&quot; focusable=&quot;false&quot;&gt;&lt;path d=&quot;M126.76 45.92a11.75 11.75 0 0 0-10.93-7.6H85.77L74.93 7.58A11.67 11.67 0 0 0 64 0h-.82c-.23 0-.45 0-.68.07-.23.07-.28 0-.42.06l-.72.15L61 .4c-.36.1-.71.21-1.07.34a11.65 11.65 0 0 0-6.83 6.84L42.25 38.31H12.18a11.67 11.67 0 0 0-11.13 8.18A11.39 11.39 0 0 0 .52 50a11.65 11.65 0 0 0 4.19 9l25.71 21.24-10.81 32.41c-2.024 6.113 1.282 12.711 7.39 14.75.4.13.81.23 1.21.32l.31.06c.39.082.783.139 1.18.17h1.59c.388-.017.776-.054 1.16-.11h.06a9.704 9.704 0 0 0 1.18-.26l.31-.08c.383-.114.76-.247 1.13-.4q.55-.24 1.11-.54l.26-.15c.365-.208.719-.435 1.06-.68L64 106.35l26.43 19.38a11.563 11.563 0 0 0 6.88 2.27c.596.001 1.19-.042 1.78-.13 6.367-.967 10.744-6.911 9.778-13.278-.1-.659-.257-1.309-.468-1.942L97.59 80.22l25.8-21.39a11.7 11.7 0 0 0 3.37-12.91zm-8.52 6.79l-26.52 22a6.59 6.59 0 0 0-2 7.11l11.12 33.37a3.66 3.66 0 0 1-2.95 4.81 3.578 3.578 0 0 1-2.72-.68l-27.29-20-.14-.08a6.781 6.781 0 0 0-.76-.47c-.16-.08-.33-.14-.49-.21-.16-.07-.3-.13-.46-.18-.16-.05-.39-.1-.58-.15L64.06 8a3.61 3.61 0 0 1 3.35 2.3l11.15 31.63a6.58 6.58 0 0 0 6.19 4.38h31.07a3.7 3.7 0 0 1 3.44 2.39 3.66 3.66 0 0 1-1.02 4.01z&quot;/&gt;&lt;/svg&gt;
&lt;div
data-trans-from=&quot;from&quot;
id=&quot;searchresultsTmpl&quot;
class=&quot;
sr_align_title_icons
&quot;
&gt;
&lt;div id=&quot;basiclayout&quot;  style=&quot;position: relative;&quot;  class=&quot;&quot;
&gt;
&lt;div id=&quot;right&quot; class=&quot;rlt-right maps-overlay-sr-container&quot; role=&quot;main&quot;&gt;
&lt;div data-component=&quot;arp-header&quot;&gt;
&lt;div data-capla-component-boundary=&quot;b-search-web-searchresults/HeaderDesktop&quot;&gt;&lt;div class=&quot;efdb2b543b e4b7a69a57&quot;&gt;&lt;h1 aria-live=&quot;assertive&quot; aria-label=&quot;Search results updated. Session Road: 571 properties found.&quot; class=&quot;f6431b446c d5f78961c3&quot;&gt;Session Road: 571 properties found&lt;/h1&gt;&lt;/div&gt;&lt;/div&gt;
&lt;/div&gt;
&lt;div data-capla-component-boundary=&quot;b-search-web-searchresults/TripTypeRecommendations&quot;&gt;&lt;/div&gt;
&lt;div data-block-id=&quot;sr_messages&quot;&gt;
&lt;/div&gt;
&lt;div id=&quot;ajaxsrwrap&quot;&gt;
&lt;div data-block-id=&quot;sr_warnings&quot; class=&quot;sr_top_warnings_bui_colors&quot;&gt;
&lt;/div&gt;
&lt;div class=&quot;hotellist_wrap tracked shorten_property_block&quot; id=&quot;search_results_table&quot; data-block-id=&quot;hotel_list&quot;
&gt;
&lt;div data-component=&quot;genius-vip/tracking&quot; data-capla-project-name=&quot;search-web&quot; data-service-name=&quot;searchresults&quot; data-tracking-enabled=&quot;1&quot;&gt;&lt;/div&gt;
&lt;div data-arp-properties-list=&quot;1&quot;&gt;
&lt;div data-capla-component-boundary=&quot;b-search-web-searchresults/PropertiesListDesktop&quot;&gt;&lt;div class=&quot;dcf496a7b9 bb2746aad9&quot;&gt;&lt;div&gt;&lt;span class=&quot;f419a93f12&quot;&gt;&lt;button aria-expanded=&quot;false&quot; data-testid=&quot;sorters-dropdown-trigger&quot; data-selected-sorter=&quot;popularity&quot; type=&quot;button&quot; class=&quot;a83ed08757 faefc93c6f b94d37c0c4&quot;&gt;&lt;span class=&quot;fcd9eec8fb a07dcf7ef3 bf9a32efa5&quot; aria-hidden=&quot;true&quot;&gt;&lt;svg xmlns=&quot;http://www.w3.org/2000/svg&quot; viewBox=&quot;0 0 24 24&quot;&gt;&lt;path d=&quot;M10.28 15.22a.75.75 0 0 1 0 1.06l-4.5 4.5a.78.78 0 0 1-.24.16.73.73 0 0 1-.58 0 .78.78 0 0 1-.24-.16l-4.5-4.5a.75.75 0 1 1 1.06-1.06l3.22 3.22V3.75a.75.75 0 0 1 1.5 0v14.69l3.22-3.22a.75.75 0 0 1 1.06 0zm13.5-7.5l-4.5-4.5a.78.78 0 0 0-.28-.16.73.73 0 0 0-.58 0 .78.78 0 0 0-.24.16l-4.5 4.5a.75.75 0 1 0 1.06 1.06L18 5.56v14.69a.75.75 0 0 0 1.5 0V5.56l3.22 3.22a.75.75 0 0 0 1.06 0 .75.75 0 0 0 0-1.06z&quot;&gt;&lt;/path&gt;&lt;/svg&gt;&lt;/span&gt;&lt;span class=&quot;ccb65902b2&quot;&gt;Sort by:&lt;!-- --&gt; &lt;!-- --&gt;Our Top Picks&lt;/span&gt;&lt;span class=&quot;fcd9eec8fb d9229705b4 bf9a32efa5&quot; aria-hidden=&quot;true&quot;&gt;&lt;svg xmlns=&quot;http://www.w3.org/2000/svg&quot; viewBox=&quot;0 0 24 24&quot;&gt;&lt;path d=&quot;M12 20.09a1.24 1.24 0 0 1-.88-.36L6 14.61a.75.75 0 1 1 1.06-1.06L12 18.49l4.94-4.94A.75.75 0 0 1 18 14.61l-5.12 5.12a1.24 1.24 0 0 1-.88.36zm6-9.46a.75.75 0 0 0 0-1.06l-5.12-5.11a1.24 1.24 0 0 0-1.754-.006l-.006.006L6 9.57a.75.75 0 0 0 0 1.06.74.74 0 0 0 1.06 0L12 5.7l4.94 4.93a.73.73 0 0 0 .53.22c.2 0 .39-.078.53-.22z&quot;&gt;&lt;/path&gt;&lt;/svg&gt;&lt;/span&gt;&lt;/button&gt;&lt;/span&gt;&lt;/div&gt;&lt;div class=&quot;c733693b78&quot;&gt;&lt;div&gt;&lt;/div&gt;&lt;/div&gt;&lt;div class=&quot;d4924c9e74&quot;&gt;&lt;h2 class=&quot;ac4a7896c7&quot;&gt;Browse the results for Session Road&lt;/h2&gt;&lt;div class=&quot;bea018f16c&quot;&gt;&lt;div&gt;&lt;/div&gt;&lt;/div&gt;&lt;div data-testid=&quot;property-card&quot; class=&quot;c82435a4b8 a178069f51 a6ae3c2b40 a18aeea94d d794b7a0f7 f53e278e95 da89aeb942&quot; style=&quot;--bui_box_padding--s:4&quot;&gt;&lt;div class=&quot;d20f4628d0&quot;&gt;&lt;div class=&quot;f9d4f2568d&quot;&gt;&lt;div class=&quot;c90a25d457&quot;&gt;&lt;a href=&quot;https://www.booking.com/hotel/ph/metro-pines-inn.html?ucfs=1&amp;amp;arphpl=1&amp;amp;dest_id=261060&amp;amp;dest_type=landmark&amp;amp;group_adults=2&amp;amp;req_adults=2&amp;amp;no_rooms=1&amp;amp;group_children=0&amp;amp;req_children=0&amp;amp;hpos=1&amp;amp;hapos=1&amp;amp;sr_order=popularity&amp;amp;srpvid=7c9c48ada4eb027a&amp;amp;srepoch=1694773211&amp;amp;from=searchresults#hotelTmpl&quot; target=&quot;_blank&quot; rel=&quot;noopener noreferrer&quot; tabindex=&quot;-1&quot; aria-hidden=&quot;true&quot; data-testid=&quot;property-card-desktop-single-image&quot;&gt;&lt;img src=&quot;https://cf.bstatic.com/xdata/images/hotel/square200/458350208.jpg?k=39260f9f2cfd28f10a99936ba49068ccd931f610e8424be53cc04a5067b1d404&amp;amp;o=&quot; alt=&quot;Metro Pines Inn&quot; width=&quot;200&quot; height=&quot;200&quot; class=&quot;b8b0793b0e&quot; data-testid=&quot;image&quot;/&gt;&lt;/a&gt;&lt;div class=&quot;d226e2f1b9&quot;&gt;&lt;span class=&quot;f419a93f12&quot;&gt;&lt;button class=&quot;f41101cd39&quot; aria-expanded=&quot;false&quot; data-testid=&quot;wishlist-button&quot;&gt;&lt;span data-testid=&quot;wishlist-icon&quot; class=&quot;fcd9eec8fb c422d77911 d24fc26e73&quot; aria-hidden=&quot;true&quot;&gt;&lt;svg viewBox=&quot;0 0 128 128&quot; width=&quot;1em&quot; height=&quot;1em&quot;&gt;&lt;path d=&quot;M64 112a3.6 3.6 0 0 1-2-.5 138.8 138.8 0 0 1-44.2-38c-10-14.4-10.6-26-9.4-33.2a29 29 0 0 1 22.9-23.7c11.9-2.4 24 2.5 32.7 13a33.7 33.7 0 0 1 32.7-13 29 29 0 0 1 22.8 23.7c1.3 7.2.6 18.8-9.3 33.3-9.1 13.1-24 25.9-44.2 37.9a3.6 3.6 0 0 1-2 .5z&quot;&gt;&lt;/path&gt;&lt;/svg&gt;&lt;/span&gt;&lt;/button&gt;&lt;/span&gt;&lt;/div&gt;&lt;/div&gt;&lt;/div&gt;&lt;div class=&quot;b978843432&quot;&gt;&lt;div class=&quot;aca0ade214 aaf30230d9 cd2e7d62b0 f996d8c258&quot;&gt;&lt;div class=&quot;&quot;&gt;&lt;div class=&quot;aca0ade214 c9835feea9 c2931f4182 d79e71457a d14b211b4f&quot;&gt;&lt;div class=&quot;aaee4e7cd3 e7a57abb1e&quot;&gt;&lt;div class=&quot;aca0ade214 a5f1aae5b2 cd2e7d62b0&quot;&gt;&lt;div&gt;&lt;div class=&quot;dd023375f5&quot;&gt;&lt;h3 class=&quot;a4225678b2&quot;&gt;&lt;a href=&quot;https://www.booking.com/hotel/ph/metro-pines-inn.html?ucfs=1&amp;amp;arphpl=1&amp;amp;dest_id=261060&amp;amp;dest_type=landmark&amp;amp;group_adults=2&amp;amp;req_adults=2&amp;amp;no_rooms=1&amp;amp;group_children=0&amp;amp;req_children=0&amp;amp;hpos=1&amp;amp;hapos=1&amp;amp;sr_order=popularity&amp;amp;srpvid=7c9c48ada4eb027a&amp;amp;srepoch=1694773211&amp;amp;from=searchresults#hotelTmpl&quot; class=&quot;e13098a59f&quot; target=&quot;_blank&quot; rel=&quot;noopener noreferrer&quot; data-testid=&quot;title-link&quot;&gt;&lt;div data-testid=&quot;title&quot; class=&quot;f6431b446c a23c043802&quot;&gt;Metro Pines Inn&lt;/div&gt;&lt;div class=&quot;ac4a7896c7&quot;&gt;Opens in new window&lt;/div&gt;&lt;/a&gt;&lt;/h3&gt;&lt;span class=&quot;f419a93f12&quot;&gt;&lt;span aria-expanded=&quot;false&quot; tabindex=&quot;0&quot; role=&quot;button&quot; data-testid=&quot;preferred-badge&quot;&gt;&lt;span role=&quot;img&quot; class=&quot;fcd9eec8fb c79b3cbed2 c2cc050fb8 e410954d4b&quot; aria-label=&quot;This property is part of our Preferred Partner Program. It&amp;#x27;s committed to providing excellent service and good value. It’ll pay us a higher commission if you make a booking.&quot;&gt;&lt;svg viewBox=&quot;0 0 128 128&quot; width=&quot;1em&quot; height=&quot;1em&quot;&gt;&lt;path d=&quot;M112 8H16a8 8 0 0 0-8 8v96a8 8 0 0 0 8 8h96a8 8 0 0 0 8-8V16a8 8 0 0 0-8-8zM48 96H24V58h24zm56-25a8.7 8.7 0 0 1-2 6 8.9 8.9 0 0 1 1 4 6.9 6.9 0 0 1-5 7c-.5 4-4.8 8-9 8H56V58l10.3-23.3a5.4 5.4 0 0 1 10.1 2.7 10.3 10.3 0 0 1-.6 2.7L72 52h23c4.5 0 9 3.5 9 8a9.2 9.2 0 0 1-2 5.3 7.5 7.5 0 0 1 2 5.7z&quot;&gt;&lt;/path&gt;&lt;/svg&gt;&lt;/span&gt;&lt;/span&gt;&lt;/span&gt;&lt;/div&gt;&lt;/div&gt;&lt;div&gt;&lt;div class=&quot;abf093bdfe a1fbd102d9&quot;&gt;&lt;a target=&quot;_blank&quot; rel=&quot;noopener noreferrer&quot; href=&quot;https://www.booking.com/hotel/ph/metro-pines-inn.html?ucfs=1&amp;amp;arphpl=1&amp;amp;dest_id=261060&amp;amp;dest_type=landmark&amp;amp;group_adults=2&amp;amp;req_adults=2&amp;amp;no_rooms=1&amp;amp;group_children=0&amp;amp;req_children=0&amp;amp;hpos=1&amp;amp;hapos=1&amp;amp;sr_order=popularity&amp;amp;srpvid=7c9c48ada4eb027a&amp;amp;srepoch=1694773211&amp;amp;from=searchresults&amp;amp;map=1&quot; class=&quot;a83ed08757 f88a5204c2 e0e11a8307 b98133fb50&quot;&gt;&lt;span&gt;&lt;span class=&quot;f4bd0794db b4273d69aa&quot; data-testid=&quot;address&quot;&gt;Baguio&lt;/span&gt;&lt;span class=&quot;f4bd0794db b4273d69aa&quot;&gt;Show on map&lt;/span&gt;&lt;/span&gt;&lt;/a&gt;&lt;span class=&quot;f4bd0794db&quot;&gt;&lt;span class=&quot;f419a93f12&quot;&gt;&lt;span aria-expanded=&quot;false&quot; data-testid=&quot;distance&quot;&gt;0.4 miles from Session Road&lt;/span&gt;&lt;/span&gt;&lt;/span&gt;&lt;/div&gt;&lt;/div&gt;&lt;div class=&quot;abf093bdfe&quot;&gt;Located in Baguio, within a 4-minute walk of Burnham Park and 0.8 miles of SM City Baguio, Metro Pines Inn has accommodations with a terrace and free WiFi throughout the property as well as free...&lt;/div&gt;&lt;/div&gt;&lt;/div&gt;&lt;div class=&quot;&quot;&gt;&lt;div class=&quot;aca0ade214 ebac6e22e9 cd2e7d62b0 f920833fe5&quot;&gt;&lt;div class=&quot;&quot;&gt;&lt;div class=&quot;aca0ade214 a5f1aae5b2 cd2e7d62b0&quot;&gt;&lt;a target=&quot;_blank&quot; rel=&quot;noopener noreferrer&quot; data-testid=&quot;review-score-link&quot; href=&quot;https://www.booking.com/hotel/ph/metro-pines-inn.html?ucfs=1&amp;amp;arphpl=1&amp;amp;dest_id=261060&amp;amp;dest_type=landmark&amp;amp;group_adults=2&amp;amp;req_adults=2&amp;amp;no_rooms=1&amp;amp;group_children=0&amp;amp;req_children=0&amp;amp;hpos=1&amp;amp;hapos=1&amp;amp;sr_order=popularity&amp;amp;srpvid=7c9c48ada4eb027a&amp;amp;srepoch=1694773211&amp;amp;from=searchresults#hotelTmpl&quot; class=&quot;a83ed08757 f88a5204c2 aeccf0d865 b98133fb50&quot;&gt;&lt;span&gt;&lt;div data-testid=&quot;review-score&quot; class=&quot;aca0ade214 aaf30230d9 e1ffac4e41 e7d9f93f4d d79e71457a d5fd510f01 dc7f26e57f&quot;&gt;&lt;div aria-label=&quot;Scored 7.5 &quot; class=&quot;a3b8729ab1 d86cee9b25&quot;&gt;7.5&lt;/div&gt;&lt;div class=&quot;aaee4e7cd3 e7a57abb1e a29749fd9f&quot;&gt;&lt;div aria-label=&quot;Good&quot; class=&quot;a3b8729ab1 e6208ee469 cb2cbb3ccb&quot;&gt;Good&lt;!-- --&gt; &lt;/div&gt;&lt;div class=&quot;abf093bdfe f45d8e4c32 d935416c47&quot;&gt;903 reviews&lt;/div&gt;&lt;/div&gt;&lt;/div&gt;&lt;/span&gt;&lt;/a&gt;&lt;/div&gt;&lt;/div&gt;&lt;div&gt;&lt;span class=&quot;f419a93f12&quot;&gt;&lt;button aria-expanded=&quot;false&quot; type=&quot;button&quot; class=&quot;a83ed08757 c21c56c305 a4c1805887 ab98298258 deab83296e c082d89982&quot;&gt;&lt;span class=&quot;e4adce92df&quot;&gt;Show prices&lt;/span&gt;&lt;/button&gt;&lt;/span&gt;&lt;/div&gt;&lt;/div&gt;&lt;/div&gt;&lt;/div&gt;&lt;/div&gt;&lt;/div&gt;&lt;/div&gt;&lt;/div&gt;&lt;div class=&quot;ea6e492f88&quot;&gt;&lt;/div&gt;&lt;/div&gt;&lt;div class=&quot;bea018f16c&quot;&gt;&lt;div&gt;&lt;/div&gt;&lt;/div&gt;&lt;div data-testid=&quot;property-card&quot; class=&quot;c82435a4b8 a178069f51 a6ae3c2b40 a18aeea94d d794b7a0f7 f53e278e95 da89aeb942&quot; style=&quot;--bui_box_padding--s:4&quot;&gt;&lt;div class=&quot;d20f4628d0&quot;&gt;&lt;div class=&quot;f9d4f2568d&quot;&gt;&lt;div class=&quot;c90a25d457&quot;&gt;&lt;a href=&quot;https://www.booking.com/hotel/ph/g1lodge.html?ucfs=1&amp;amp;arphpl=1&amp;amp;dest_id=261060&amp;amp;dest_type=landmark&amp;amp;group_adults=2&amp;amp;req_adults=2&amp;amp;no_rooms=1&amp;amp;group_children=0&amp;amp;req_children=0&amp;amp;hpos=2&amp;amp;hapos=2&amp;amp;sr_order=popularity&amp;amp;srpvid=7c9c48ada4eb027a&amp;amp;srepoch=1694773211&amp;amp;from=searchresults#hotelTmpl&quot; target=&quot;_blank&quot; rel=&quot;noopener noreferrer&quot; tabindex=&quot;-1&quot; aria-hidden=&quot;true&quot; data-testid=&quot;property-card-desktop-single-image&quot;&gt;&lt;img src=&quot;https://cf.bstatic.com/xdata/images/hotel/square200/144260728.jpg?k=0b637d88f0c5c77cf238acf0f9bb7c91d6cc7157f581097cf778869ceebf1484&amp;amp;o=&quot; alt=&quot;G1 Lodge&quot; width=&quot;200&quot; height=&quot;200&quot; class=&quot;b8b0793b0e&quot; data-testid=&quot;image&quot;/&gt;&lt;/a&gt;&lt;div class=&quot;d226e2f1b9&quot;&gt;&lt;span class=&quot;f419a93f12&quot;&gt;&lt;button class=&quot;f41101cd39&quot; aria-expanded=&quot;false&quot; data-testid=&quot;wishlist-button&quot;&gt;&lt;span data-testid=&quot;wishlist-icon&quot; class=&quot;fcd9eec8fb c422d77911 d24fc26e73&quot; aria-hidden=&quot;true&quot;&gt;&lt;svg viewBox=&quot;0 0 128 128&quot; width=&quot;1em&quot; height=&quot;1em&quot;&gt;&lt;path d=&quot;M64 112a3.6 3.6 0 0 1-2-.5 138.8 138.8 0 0 1-44.2-38c-10-14.4-10.6-26-9.4-33.2a29 29 0 0 1 22.9-23.7c11.9-2.4 24 2.5 32.7 13a33.7 33.7 0 0 1 32.7-13 29 29 0 0 1 22.8 23.7c1.3 7.2.6 18.8-9.3 33.3-9.1 13.1-24 25.9-44.2 37.9a3.6 3.6 0 0 1-2 .5z&quot;&gt;&lt;/path&gt;&lt;/svg&gt;&lt;/span&gt;&lt;/button&gt;&lt;/span&gt;&lt;/div&gt;&lt;/div&gt;&lt;/div&gt;&lt;div class=&quot;b978843432&quot;&gt;&lt;div class=&quot;aca0ade214 aaf30230d9 cd2e7d62b0 f996d8c258&quot;&gt;&lt;div class=&quot;&quot;&gt;&lt;div class=&quot;aca0ade214 c9835feea9 c2931f4182 d79e71457a d14b211b4f&quot;&gt;&lt;div class=&quot;aaee4e7cd3 e7a57abb1e&quot;&gt;&lt;div class=&quot;aca0ade214 a5f1aae5b2 cd2e7d62b0&quot;&gt;&lt;div&gt;&lt;div class=&quot;dd023375f5&quot;&gt;&lt;h3 class=&quot;a4225678b2&quot;&gt;&lt;a href=&quot;https://www.booking.com/hotel/ph/g1lodge.html?ucfs=1&amp;amp;arphpl=1&amp;amp;dest_id=261060&amp;amp;dest_type=landmark&amp;amp;group_adults=2&amp;amp;req_adults=2&amp;amp;no_rooms=1&amp;amp;group_children=0&amp;amp;req_children=0&amp;amp;hpos=2&amp;amp;hapos=2&amp;amp;sr_order=popularity&amp;amp;srpvid=7c9c48ada4eb027a&amp;amp;srepoch=1694773211&amp;amp;from=searchresults#hotelTmpl&quot; class=&quot;e13098a59f&quot; target=&quot;_blank&quot; rel=&quot;noopener noreferrer&quot; data-testid=&quot;title-link&quot;&gt;&lt;div data-testid=&quot;title&quot; class=&quot;f6431b446c a23c043802&quot;&gt;G1 Lodge&lt;/div&gt;&lt;div class=&quot;ac4a7896c7&quot;&gt;Opens in new window&lt;/div&gt;&lt;/a&gt;&lt;/h3&gt;&lt;span class=&quot;f419a93f12&quot;&gt;&lt;span aria-expanded=&quot;false&quot; tabindex=&quot;0&quot; role=&quot;button&quot; data-testid=&quot;preferred-badge&quot;&gt;&lt;span role=&quot;img&quot; class=&quot;fcd9eec8fb c79b3cbed2 c2cc050fb8 e410954d4b&quot; aria-label=&quot;This property is part of our Preferred Partner Program. It&amp;#x27;s committed to providing excellent service and good value. It’ll pay us a higher commission if you make a booking.&quot;&gt;&lt;svg viewBox=&quot;0 0 128 128&quot; width=&quot;1em&quot; height=&quot;1em&quot;&gt;&lt;path d=&quot;M112 8H16a8 8 0 0 0-8 8v96a8 8 0 0 0 8 8h96a8 8 0 0 0 8-8V16a8 8 0 0 0-8-8zM48 96H24V58h24zm56-25a8.7 8.7 0 0 1-2 6 8.9 8.9 0 0 1 1 4 6.9 6.9 0 0 1-5 7c-.5 4-4.8 8-9 8H56V58l10.3-23.3a5.4 5.4 0 0 1 10.1 2.7 10.3 10.3 0 0 1-.6 2.7L72 52h23c4.5 0 9 3.5 9 8a9.2 9.2 0 0 1-2 5.3 7.5 7.5 0 0 1 2 5.7z&quot;&gt;&lt;/path&gt;&lt;/svg&gt;&lt;/span&gt;&lt;/span&gt;&lt;/span&gt;&lt;/div&gt;&lt;/div&gt;&lt;div&gt;&lt;div class=&quot;abf093bdfe a1fbd102d9&quot;&gt;&lt;a target=&quot;_blank&quot; rel=&quot;noopener noreferrer&quot; href=&quot;https://www.booking.com/hotel/ph/g1lodge.html?ucfs=1&amp;amp;arphpl=1&amp;amp;dest_id=261060&amp;amp;dest_type=landmark&amp;amp;group_adults=2&amp;amp;req_adults=2&amp;amp;no_rooms=1&amp;amp;group_children=0&amp;amp;req_children=0&amp;amp;hpos=2&amp;amp;hapos=2&amp;amp;sr_order=popularity&amp;amp;srpvid=7c9c48ada4eb027a&amp;amp;srepoch=1694773211&amp;amp;from=searchresults&amp;amp;map=1&quot; class=&quot;a83ed08757 f88a5204c2 e0e11a8307 b98133fb50&quot;&gt;&lt;span&gt;&lt;span class=&quot;f4bd0794db b4273d69aa&quot; data-testid=&quot;address&quot;&gt;Baguio&lt;/span&gt;&lt;span class=&quot;f4bd0794db b4273d69aa&quot;&gt;Show on map&lt;/span&gt;&lt;/span&gt;&lt;/a&gt;&lt;span class=&quot;f4bd0794db&quot;&gt;&lt;span class=&quot;f419a93f12&quot;&gt;&lt;span aria-expanded=&quot;false&quot; data-testid=&quot;distance&quot;&gt;0.2 miles from Session Road&lt;/span&gt;&lt;/span&gt;&lt;/span&gt;&lt;/div&gt;&lt;/div&gt;&lt;div class=&quot;abf093bdfe&quot;&gt;Featuring a garden, G1 Lodge is located in Baguio in the Luzon region, a 3-minute walk from SM City Baguio and 0.7 miles from Mines View Park. &lt;/div&gt;&lt;/div&gt;&lt;/div&gt;&lt;div class=&quot;&quot;&gt;&lt;div class=&quot;aca0ade214 ebac6e22e9 cd2e7d62b0 f920833fe5&quot;&gt;&lt;div class=&quot;&quot;&gt;&lt;div class=&quot;aca0ade214 a5f1aae5b2 cd2e7d62b0&quot;&gt;&lt;a target=&quot;_blank&quot; rel=&quot;noopener noreferrer&quot; data-testid=&quot;review-score-link&quot; href=&quot;https://www.booking.com/hotel/ph/g1lodge.html?ucfs=1&amp;amp;arphpl=1&amp;amp;dest_id=261060&amp;amp;dest_type=landmark&amp;amp;group_adults=2&amp;amp;req_adults=2&amp;amp;no_rooms=1&amp;amp;group_children=0&amp;amp;req_children=0&amp;amp;hpos=2&amp;amp;hapos=2&amp;amp;sr_order=popularity&amp;amp;srpvid=7c9c48ada4eb027a&amp;amp;srepoch=1694773211&amp;amp;from=searchresults#hotelTmpl&quot; class=&quot;a83ed08757 f88a5204c2 aeccf0d865 b98133fb50&quot;&gt;&lt;span&gt;&lt;div data-testid=&quot;review-score&quot; class=&quot;aca0ade214 aaf30230d9 e1ffac4e41 e7d9f93f4d d79e71457a d5fd510f01 dc7f26e57f&quot;&gt;&lt;div aria-label=&quot;Scored 8.3 &quot; class=&quot;a3b8729ab1 d86cee9b25&quot;&gt;8.3&lt;/div&gt;&lt;div class=&quot;aaee4e7cd3 e7a57abb1e a29749fd9f&quot;&gt;&lt;div aria-label=&quot;Very Good&quot; class=&quot;a3b8729ab1 e6208ee469 cb2cbb3ccb&quot;&gt;Very Good&lt;!-- --&gt; &lt;/div&gt;&lt;div class=&quot;abf093bdfe f45d8e4c32 d935416c47&quot;&gt;529 reviews&lt;/div&gt;&lt;/div&gt;&lt;/div&gt;&lt;/span&gt;&lt;/a&gt;&lt;div&gt;&lt;a target=&quot;_blank&quot; rel=&quot;noopener noreferrer&quot; data-testid=&quot;secondary-review-score-link&quot; aria-label=&quot;Location: Scored 9.5 &quot; href=&quot;https://www.booking.com/hotel/ph/g1lodge.html?ucfs=1&amp;amp;arphpl=1&amp;amp;dest_id=261060&amp;amp;dest_type=landmark&amp;amp;group_adults=2&amp;amp;req_adults=2&amp;amp;no_rooms=1&amp;amp;group_children=0&amp;amp;req_children=0&amp;amp;hpos=2&amp;amp;hapos=2&amp;amp;sr_order=popularity&amp;amp;srpvid=7c9c48ada4eb027a&amp;amp;srepoch=1694773211&amp;amp;from=searchresults#hotelTmpl&quot; class=&quot;a83ed08757 f88a5204c2 b98133fb50&quot;&gt;&lt;span&gt;&lt;span class=&quot;a3332d346a&quot;&gt;Location&lt;!-- --&gt; &lt;!-- --&gt;9.5&lt;/span&gt;&lt;/span&gt;&lt;/a&gt;&lt;/div&gt;&lt;/div&gt;&lt;/div&gt;&lt;div&gt;&lt;span class=&quot;f419a93f12&quot;&gt;&lt;button aria-expanded=&quot;false&quot; type=&quot;button&quot; class=&quot;a83ed08757 c21c56c305 a4c1805887 ab98298258 deab83296e c082d89982&quot;&gt;&lt;span class=&quot;e4adce92df&quot;&gt;Show prices&lt;/span&gt;&lt;/button&gt;&lt;/span&gt;&lt;/div&gt;&lt;/div&gt;&lt;/div&gt;&lt;/div&gt;&lt;/div&gt;&lt;/div&gt;&lt;/div&gt;&lt;/div&gt;&lt;div class=&quot;ea6e492f88&quot;&gt;&lt;/div&gt;&lt;/div&gt;&lt;div class=&quot;bea018f16c&quot;&gt;&lt;div&gt;&lt;/div&gt;&lt;/div&gt;&lt;div data-testid=&quot;property-card&quot; class=&quot;c82435a4b8 a178069f51 a6ae3c2b40 a18aeea94d d794b7a0f7 f53e278e95 da89aeb942&quot; style=&quot;--bui_box_padding--s:4&quot;&gt;&lt;div class=&quot;d20f4628d0&quot;&gt;&lt;div class=&quot;f9d4f2568d&quot;&gt;&lt;div class=&quot;c90a25d457&quot;&gt;&lt;a href=&quot;https://www.booking.com/hotel/ph/a-baguio.html?ucfs=1&amp;amp;arphpl=1&amp;amp;dest_id=261060&amp;amp;dest_type=landmark&amp;amp;group_adults=2&amp;amp;req_adults=2&amp;amp;no_rooms=1&amp;amp;group_children=0&amp;amp;req_children=0&amp;amp;hpos=3&amp;amp;hapos=3&amp;amp;sr_order=popularity&amp;amp;srpvid=7c9c48ada4eb027a&amp;amp;srepoch=1694773211&amp;amp;from=searchresults#hotelTmpl&quot; target=&quot;_blank&quot; rel=&quot;noopener noreferrer&quot; tabindex=&quot;-1&quot; aria-hidden=&quot;true&quot; data-testid=&quot;property-card-desktop-single-image&quot;&gt;&lt;img src=&quot;https://cf.bstatic.com/xdata/images/hotel/square200/66408751.jpg?k=f3b37a1f3cc7267e0db49f62be96873a6e3c1395d74b793abc525712d76f466f&amp;amp;o=&quot; alt=&quot;A Hotel Baguio&quot; width=&quot;200&quot; height=&quot;200&quot; class=&quot;b8b0793b0e&quot; data-testid=&quot;image&quot;/&gt;&lt;/a&gt;&lt;div class=&quot;d226e2f1b9&quot;&gt;&lt;span class=&quot;f419a93f12&quot;&gt;&lt;button class=&quot;f41101cd39&quot; aria-expanded=&quot;false&quot; data-testid=&quot;wishlist-button&quot;&gt;&lt;span data-testid=&quot;wishlist-icon&quot; class=&quot;fcd9eec8fb c422d77911 d24fc26e73&quot; aria-hidden=&quot;true&quot;&gt;&lt;svg viewBox=&quot;0 0 128 128&quot; width=&quot;1em&quot; height=&quot;1em&quot;&gt;&lt;path d=&quot;M64 112a3.6 3.6 0 0 1-2-.5 138.8 138.8 0 0 1-44.2-38c-10-14.4-10.6-26-9.4-33.2a29 29 0 0 1 22.9-23.7c11.9-2.4 24 2.5 32.7 13a33.7 33.7 0 0 1 32.7-13 29 29 0 0 1 22.8 23.7c1.3 7.2.6 18.8-9.3 33.3-9.1 13.1-24 25.9-44.2 37.9a3.6 3.6 0 0 1-2 .5z&quot;&gt;&lt;/path&gt;&lt;/svg&gt;&lt;/span&gt;&lt;/button&gt;&lt;/span&gt;&lt;/div&gt;&lt;/div&gt;&lt;/div&gt;&lt;div class=&quot;b978843432&quot;&gt;&lt;div class=&quot;aca0ade214 aaf30230d9 cd2e7d62b0 f996d8c258&quot;&gt;&lt;div class=&quot;&quot;&gt;&lt;div class=&quot;aca0ade214 c9835feea9 c2931f4182 d79e71457a d14b211b4f&quot;&gt;&lt;div class=&quot;aaee4e7cd3 e7a57abb1e&quot;&gt;&lt;div class=&quot;aca0ade214 a5f1aae5b2 cd2e7d62b0&quot;&gt;&lt;div&gt;&lt;div class=&quot;dd023375f5&quot;&gt;&lt;h3 class=&quot;a4225678b2&quot;&gt;&lt;a href=&quot;https://www.booking.com/hotel/ph/a-baguio.html?ucfs=1&amp;amp;arphpl=1&amp;amp;dest_id=261060&amp;amp;dest_type=landmark&amp;amp;group_adults=2&amp;amp;req_adults=2&amp;amp;no_rooms=1&amp;amp;group_children=0&amp;amp;req_children=0&amp;amp;hpos=3&amp;amp;hapos=3&amp;amp;sr_order=popularity&amp;amp;srpvid=7c9c48ada4eb027a&amp;amp;srepoch=1694773211&amp;amp;from=searchresults#hotelTmpl&quot; class=&quot;e13098a59f&quot; target=&quot;_blank&quot; rel=&quot;noopener noreferrer&quot; data-testid=&quot;title-link&quot;&gt;&lt;div data-testid=&quot;title&quot; class=&quot;f6431b446c a23c043802&quot;&gt;A Hotel Baguio&lt;/div&gt;&lt;div class=&quot;ac4a7896c7&quot;&gt;Opens in new window&lt;/div&gt;&lt;/a&gt;&lt;/h3&gt;&lt;span class=&quot;f419a93f12&quot;&gt;&lt;span aria-expanded=&quot;false&quot; tabindex=&quot;0&quot; role=&quot;button&quot; data-testid=&quot;preferred-badge&quot;&gt;&lt;span role=&quot;img&quot; class=&quot;fcd9eec8fb c79b3cbed2 c2cc050fb8 e410954d4b&quot; aria-label=&quot;This property is part of our Preferred Partner Program. It&amp;#x27;s committed to providing excellent service and good value. It’ll pay us a higher commission if you make a booking.&quot;&gt;&lt;svg viewBox=&quot;0 0 128 128&quot; width=&quot;1em&quot; height=&quot;1em&quot;&gt;&lt;path d=&quot;M112 8H16a8 8 0 0 0-8 8v96a8 8 0 0 0 8 8h96a8 8 0 0 0 8-8V16a8 8 0 0 0-8-8zM48 96H24V58h24zm56-25a8.7 8.7 0 0 1-2 6 8.9 8.9 0 0 1 1 4 6.9 6.9 0 0 1-5 7c-.5 4-4.8 8-9 8H56V58l10.3-23.3a5.4 5.4 0 0 1 10.1 2.7 10.3 10.3 0 0 1-.6 2.7L72 52h23c4.5 0 9 3.5 9 8a9.2 9.2 0 0 1-2 5.3 7.5 7.5 0 0 1 2 5.7z&quot;&gt;&lt;/path&gt;&lt;/svg&gt;&lt;/span&gt;&lt;/span&gt;&lt;/span&gt;&lt;/div&gt;&lt;/div&gt;&lt;div&gt;&lt;div class=&quot;abf093bdfe a1fbd102d9&quot;&gt;&lt;a target=&quot;_blank&quot; rel=&quot;noopener noreferrer&quot; href=&quot;https://www.booking.com/hotel/ph/a-baguio.html?ucfs=1&amp;amp;arphpl=1&amp;amp;dest_id=261060&amp;amp;dest_type=landmark&amp;amp;group_adults=2&amp;amp;req_adults=2&amp;amp;no_rooms=1&amp;amp;group_children=0&amp;amp;req_children=0&amp;amp;hpos=3&amp;amp;hapos=3&amp;amp;sr_order=popularity&amp;amp;srpvid=7c9c48ada4eb027a&amp;amp;srepoch=1694773211&amp;amp;from=searchresults&amp;amp;map=1&quot; class=&quot;a83ed08757 f88a5204c2 e0e11a8307 b98133fb50&quot;&gt;&lt;span&gt;&lt;span class=&quot;f4bd0794db b4273d69aa&quot; data-testid=&quot;address&quot;&gt;Baguio&lt;/span&gt;&lt;span class=&quot;f4bd0794db b4273d69aa&quot;&gt;Show on map&lt;/span&gt;&lt;/span&gt;&lt;/a&gt;&lt;span class=&quot;f4bd0794db&quot;&gt;&lt;span class=&quot;f419a93f12&quot;&gt;&lt;span aria-expanded=&quot;false&quot; data-testid=&quot;distance&quot;&gt;0.3 miles from Session Road&lt;/span&gt;&lt;/span&gt;&lt;/span&gt;&lt;/div&gt;&lt;/div&gt;&lt;div class=&quot;abf093bdfe&quot;&gt;Located in the Baguio, 8-minute walk to Burnham Park and 2625 feet from Mines View Park, featuring a restaurant on site, free parking, and a 24-hour front desk. &lt;/div&gt;&lt;/div&gt;&lt;/div&gt;&lt;div class=&quot;&quot;&gt;&lt;div class=&quot;aca0ade214 ebac6e22e9 cd2e7d62b0 f920833fe5&quot;&gt;&lt;div class=&quot;&quot;&gt;&lt;div class=&quot;aca0ade214 a5f1aae5b2 cd2e7d62b0&quot;&gt;&lt;a target=&quot;_blank&quot; rel=&quot;noopener noreferrer&quot; data-testid=&quot;review-score-link&quot; href=&quot;https://www.booking.com/hotel/ph/a-baguio.html?ucfs=1&amp;amp;arphpl=1&amp;amp;dest_id=261060&amp;amp;dest_type=landmark&amp;amp;group_adults=2&amp;amp;req_adults=2&amp;amp;no_rooms=1&amp;amp;group_children=0&amp;amp;req_children=0&amp;amp;hpos=3&amp;amp;hapos=3&amp;amp;sr_order=popularity&amp;amp;srpvid=7c9c48ada4eb027a&amp;amp;srepoch=1694773211&amp;amp;from=searchresults#hotelTmpl&quot; class=&quot;a83ed08757 f88a5204c2 aeccf0d865 b98133fb50&quot;&gt;&lt;span&gt;&lt;div data-testid=&quot;review-score&quot; class=&quot;aca0ade214 aaf30230d9 e1ffac4e41 e7d9f93f4d d79e71457a d5fd510f01 dc7f26e57f&quot;&gt;&lt;div aria-label=&quot;Scored 7.7 &quot; class=&quot;a3b8729ab1 d86cee9b25&quot;&gt;7.7&lt;/div&gt;&lt;div class=&quot;aaee4e7cd3 e7a57abb1e a29749fd9f&quot;&gt;&lt;div aria-label=&quot;Good&quot; class=&quot;a3b8729ab1 e6208ee469 cb2cbb3ccb&quot;&gt;Good&lt;!-- --&gt; &lt;/div&gt;&lt;div class=&quot;abf093bdfe f45d8e4c32 d935416c47&quot;&gt;298 reviews&lt;/div&gt;&lt;/div&gt;&lt;/div&gt;&lt;/span&gt;&lt;/a&gt;&lt;/div&gt;&lt;/div&gt;&lt;div&gt;&lt;span class=&quot;f419a93f12&quot;&gt;&lt;button aria-expanded=&quot;false&quot; type=&quot;button&quot; class=&quot;a83ed08757 c21c56c305 a4c1805887 ab98298258 deab83296e c082d89982&quot;&gt;&lt;span class=&quot;e4adce92df&quot;&gt;Show prices&lt;/span&gt;&lt;/button&gt;&lt;/span&gt;&lt;/div&gt;&lt;/div&gt;&lt;/div&gt;&lt;/div&gt;&lt;/div&gt;&lt;/div&gt;&lt;/div&gt;&lt;/div&gt;&lt;div class=&quot;ea6e492f88&quot;&gt;&lt;/div&gt;&lt;/div&gt;&lt;div&gt;&lt;/div&gt;&lt;div class=&quot;bea018f16c&quot;&gt;&lt;div&gt;&lt;/div&gt;&lt;/div&gt;&lt;div data-testid=&quot;property-card&quot; class=&quot;c82435a4b8 a178069f51 a6ae3c2b40 a18aeea94d d794b7a0f7 f53e278e95 da89aeb942&quot; style=&quot;--bui_box_padding--s:4&quot;&gt;&lt;div class=&quot;d20f4628d0&quot;&gt;&lt;div class=&quot;f9d4f2568d&quot;&gt;&lt;div class=&quot;c90a25d457&quot;&gt;&lt;a href=&quot;https://www.booking.com/hotel/ph/cedar-peak-condominium-by-tripsters-hub.html?ucfs=1&amp;amp;arphpl=1&amp;amp;dest_id=261060&amp;amp;dest_type=landmark&amp;amp;group_adults=2&amp;amp;req_adults=2&amp;amp;no_rooms=1&amp;amp;group_children=0&amp;amp;req_children=0&amp;amp;hpos=4&amp;amp;hapos=4&amp;amp;sr_order=popularity&amp;amp;srpvid=7c9c48ada4eb027a&amp;amp;srepoch=1694773211&amp;amp;from=searchresults#hotelTmpl&quot; target=&quot;_blank&quot; rel=&quot;noopener noreferrer&quot; tabindex=&quot;-1&quot; aria-hidden=&quot;true&quot; data-testid=&quot;property-card-desktop-single-image&quot;&gt;&lt;img src=&quot;https://cf.bstatic.com/xdata/images/hotel/square200/149647987.jpg?k=4629ea876742996f55c6f74d78422d44ff317203b7be74fb20a080f2ef2a6df1&amp;amp;o=&quot; alt=&quot;Cedar Peak Condominium by Tripsters Hub&quot; width=&quot;200&quot; height=&quot;200&quot; class=&quot;b8b0793b0e&quot; data-testid=&quot;image&quot;/&gt;&lt;/a&gt;&lt;div class=&quot;d226e2f1b9&quot;&gt;&lt;span class=&quot;f419a93f12&quot;&gt;&lt;button class=&quot;f41101cd39&quot; aria-expanded=&quot;false&quot; data-testid=&quot;wishlist-button&quot;&gt;&lt;span data-testid=&quot;wishlist-icon&quot; class=&quot;fcd9eec8fb c422d77911 d24fc26e73&quot; aria-hidden=&quot;true&quot;&gt;&lt;svg viewBox=&quot;0 0 128 128&quot; width=&quot;1em&quot; height=&quot;1em&quot;&gt;&lt;path d=&quot;M64 112a3.6 3.6 0 0 1-2-.5 138.8 138.8 0 0 1-44.2-38c-10-14.4-10.6-26-9.4-33.2a29 29 0 0 1 22.9-23.7c11.9-2.4 24 2.5 32.7 13a33.7 33.7 0 0 1 32.7-13 29 29 0 0 1 22.8 23.7c1.3 7.2.6 18.8-9.3 33.3-9.1 13.1-24 25.9-44.2 37.9a3.6 3.6 0 0 1-2 .5z&quot;&gt;&lt;/path&gt;&lt;/svg&gt;&lt;/span&gt;&lt;/button&gt;&lt;/span&gt;&lt;/div&gt;&lt;/div&gt;&lt;/div&gt;&lt;div class=&quot;b978843432&quot;&gt;&lt;div class=&quot;aca0ade214 aaf30230d9 cd2e7d62b0 f996d8c258&quot;&gt;&lt;div class=&quot;&quot;&gt;&lt;div class=&quot;aca0ade214 c9835feea9 c2931f4182 d79e71457a d14b211b4f&quot;&gt;&lt;div class=&quot;aaee4e7cd3 e7a57abb1e&quot;&gt;&lt;div class=&quot;aca0ade214 a5f1aae5b2 cd2e7d62b0&quot;&gt;&lt;div&gt;&lt;div class=&quot;dd023375f5&quot;&gt;&lt;h3 class=&quot;a4225678b2&quot;&gt;&lt;a href=&quot;https://www.booking.com/hotel/ph/cedar-peak-condominium-by-tripsters-hub.html?ucfs=1&amp;amp;arphpl=1&amp;amp;dest_id=261060&amp;amp;dest_type=landmark&amp;amp;group_adults=2&amp;amp;req_adults=2&amp;amp;no_rooms=1&amp;amp;group_children=0&amp;amp;req_children=0&amp;amp;hpos=4&amp;amp;hapos=4&amp;amp;sr_order=popularity&amp;amp;srpvid=7c9c48ada4eb027a&amp;amp;srepoch=1694773211&amp;amp;from=searchresults#hotelTmpl&quot; class=&quot;e13098a59f&quot; target=&quot;_blank&quot; rel=&quot;noopener noreferrer&quot; data-testid=&quot;title-link&quot;&gt;&lt;div data-testid=&quot;title&quot; class=&quot;f6431b446c a23c043802&quot;&gt;Cedar Peak Condominium by Tripsters Hub&lt;/div&gt;&lt;div class=&quot;ac4a7896c7&quot;&gt;Opens in new window&lt;/div&gt;&lt;/a&gt;&lt;/h3&gt;&lt;span class=&quot;f419a93f12&quot;&gt;&lt;span aria-expanded=&quot;false&quot; tabindex=&quot;0&quot; role=&quot;button&quot; data-testid=&quot;preferred-badge&quot;&gt;&lt;span role=&quot;img&quot; class=&quot;fcd9eec8fb c79b3cbed2 c2cc050fb8 e410954d4b&quot; aria-label=&quot;This property is part of our Preferred Partner Program. It&amp;#x27;s committed to providing excellent service and good value. It’ll pay us a higher commission if you make a booking.&quot;&gt;&lt;svg viewBox=&quot;0 0 128 128&quot; width=&quot;1em&quot; height=&quot;1em&quot;&gt;&lt;path d=&quot;M112 8H16a8 8 0 0 0-8 8v96a8 8 0 0 0 8 8h96a8 8 0 0 0 8-8V16a8 8 0 0 0-8-8zM48 96H24V58h24zm56-25a8.7 8.7 0 0 1-2 6 8.9 8.9 0 0 1 1 4 6.9 6.9 0 0 1-5 7c-.5 4-4.8 8-9 8H56V58l10.3-23.3a5.4 5.4 0 0 1 10.1 2.7 10.3 10.3 0 0 1-.6 2.7L72 52h23c4.5 0 9 3.5 9 8a9.2 9.2 0 0 1-2 5.3 7.5 7.5 0 0 1 2 5.7z&quot;&gt;&lt;/path&gt;&lt;/svg&gt;&lt;/span&gt;&lt;/span&gt;&lt;/span&gt;&lt;/div&gt;&lt;/div&gt;&lt;div&gt;&lt;div class=&quot;abf093bdfe a1fbd102d9&quot;&gt;&lt;a target=&quot;_blank&quot; rel=&quot;noopener noreferrer&quot; href=&quot;https://www.booking.com/hotel/ph/cedar-peak-condominium-by-tripsters-hub.html?ucfs=1&amp;amp;arphpl=1&amp;amp;dest_id=261060&amp;amp;dest_type=landmark&amp;amp;group_adults=2&amp;amp;req_adults=2&amp;amp;no_rooms=1&amp;amp;group_children=0&amp;amp;req_children=0&amp;amp;hpos=4&amp;amp;hapos=4&amp;amp;sr_order=popularity&amp;amp;srpvid=7c9c48ada4eb027a&amp;amp;srepoch=1694773211&amp;amp;from=searchresults&amp;amp;map=1&quot; class=&quot;a83ed08757 f88a5204c2 e0e11a8307 b98133fb50&quot;&gt;&lt;span&gt;&lt;span class=&quot;f4bd0794db b4273d69aa&quot; data-testid=&quot;address&quot;&gt;Baguio&lt;/span&gt;&lt;span class=&quot;f4bd0794db b4273d69aa&quot;&gt;Show on map&lt;/span&gt;&lt;/span&gt;&lt;/a&gt;&lt;span class=&quot;f4bd0794db&quot;&gt;&lt;span class=&quot;f419a93f12&quot;&gt;&lt;span aria-expanded=&quot;false&quot; data-testid=&quot;distance&quot;&gt;0.2 miles from Session Road&lt;/span&gt;&lt;/span&gt;&lt;/span&gt;&lt;/div&gt;&lt;/div&gt;&lt;div class=&quot;abf093bdfe&quot;&gt;Located in Baguio, a 7-minute walk from Burnham Park and half a mile from SM City Baguio, Cedar Peak Condominium by Tripsters Hub provides a restaurant, city views and free Wifi. &lt;/div&gt;&lt;/div&gt;&lt;/div&gt;&lt;div class=&quot;&quot;&gt;&lt;div class=&quot;aca0ade214 ebac6e22e9 cd2e7d62b0 f920833fe5&quot;&gt;&lt;div class=&quot;&quot;&gt;&lt;div class=&quot;aca0ade214 a5f1aae5b2 cd2e7d62b0&quot;&gt;&lt;a target=&quot;_blank&quot; rel=&quot;noopener noreferrer&quot; data-testid=&quot;review-score-link&quot; href=&quot;https://www.booking.com/hotel/ph/cedar-peak-condominium-by-tripsters-hub.html?ucfs=1&amp;amp;arphpl=1&amp;amp;dest_id=261060&amp;amp;dest_type=landmark&amp;amp;group_adults=2&amp;amp;req_adults=2&amp;amp;no_rooms=1&amp;amp;group_children=0&amp;amp;req_children=0&amp;amp;hpos=4&amp;amp;hapos=4&amp;amp;sr_order=popularity&amp;amp;srpvid=7c9c48ada4eb027a&amp;amp;srepoch=1694773211&amp;amp;from=searchresults#hotelTmpl&quot; class=&quot;a83ed08757 f88a5204c2 aeccf0d865 b98133fb50&quot;&gt;&lt;span&gt;&lt;div data-testid=&quot;review-score&quot; class=&quot;aca0ade214 aaf30230d9 e1ffac4e41 e7d9f93f4d d79e71457a d5fd510f01 dc7f26e57f&quot;&gt;&lt;div aria-label=&quot;Scored 7.7 &quot; class=&quot;a3b8729ab1 d86cee9b25&quot;&gt;7.7&lt;/div&gt;&lt;div class=&quot;aaee4e7cd3 e7a57abb1e a29749fd9f&quot;&gt;&lt;div aria-label=&quot;Good&quot; class=&quot;a3b8729ab1 e6208ee469 cb2cbb3ccb&quot;&gt;Good&lt;!-- --&gt; &lt;/div&gt;&lt;div class=&quot;abf093bdfe f45d8e4c32 d935416c47&quot;&gt;269 reviews&lt;/div&gt;&lt;/div&gt;&lt;/div&gt;&lt;/span&gt;&lt;/a&gt;&lt;/div&gt;&lt;/div&gt;&lt;div&gt;&lt;span class=&quot;f419a93f12&quot;&gt;&lt;button aria-expanded=&quot;false&quot; type=&quot;button&quot; class=&quot;a83ed08757 c21c56c305 a4c1805887 ab98298258 deab83296e c082d89982&quot;&gt;&lt;span class=&quot;e4adce92df&quot;&gt;Show prices&lt;/span&gt;&lt;/button&gt;&lt;/span&gt;&lt;/div&gt;&lt;/div&gt;&lt;/div&gt;&lt;/div&gt;&lt;/div&gt;&lt;/div&gt;&lt;/div&gt;&lt;/div&gt;&lt;div class=&quot;ea6e492f88&quot;&gt;&lt;/div&gt;&lt;/div&gt;&lt;div class=&quot;bea018f16c&quot;&gt;&lt;div&gt;&lt;/div&gt;&lt;/div&gt;&lt;div data-testid=&quot;property-card&quot; class=&quot;c82435a4b8 a178069f51 a6ae3c2b40 a18aeea94d d794b7a0f7 f53e278e95 da89aeb942&quot; style=&quot;--bui_box_padding--s:4&quot;&gt;&lt;div class=&quot;d20f4628d0&quot;&gt;&lt;div class=&quot;f9d4f2568d&quot;&gt;&lt;div class=&quot;c90a25d457&quot;&gt;&lt;a href=&quot;https://www.booking.com/hotel/ph/microtel-baguio.html?ucfs=1&amp;amp;arphpl=1&amp;amp;dest_id=261060&amp;amp;dest_type=landmark&amp;amp;group_adults=2&amp;amp;req_adults=2&amp;amp;no_rooms=1&amp;amp;group_children=0&amp;amp;req_children=0&amp;amp;hpos=5&amp;amp;hapos=5&amp;amp;sr_order=popularity&amp;amp;srpvid=7c9c48ada4eb027a&amp;amp;srepoch=1694773211&amp;amp;from_sustainable_property_sr=1&amp;amp;from=searchresults#hotelTmpl&quot; target=&quot;_blank&quot; rel=&quot;noopener noreferrer&quot; tabindex=&quot;-1&quot; aria-hidden=&quot;true&quot; data-testid=&quot;property-card-desktop-single-image&quot;&gt;&lt;img src=&quot;https://cf.bstatic.com/xdata/images/hotel/square200/435833372.jpg?k=f5427a01bac15ccd27be003de561e2535e28e0775a735e043ec6cb04a00b7963&amp;amp;o=&quot; alt=&quot;Microtel by Wyndham Baguio&quot; width=&quot;200&quot; height=&quot;200&quot; class=&quot;b8b0793b0e&quot; data-testid=&quot;image&quot;/&gt;&lt;/a&gt;&lt;div class=&quot;d226e2f1b9&quot;&gt;&lt;span class=&quot;f419a93f12&quot;&gt;&lt;button class=&quot;f41101cd39&quot; aria-expanded=&quot;false&quot; data-testid=&quot;wishlist-button&quot;&gt;&lt;span data-testid=&quot;wishlist-icon&quot; class=&quot;fcd9eec8fb c422d77911 d24fc26e73&quot; aria-hidden=&quot;true&quot;&gt;&lt;svg viewBox=&quot;0 0 128 128&quot; width=&quot;1em&quot; height=&quot;1em&quot;&gt;&lt;path d=&quot;M64 112a3.6 3.6 0 0 1-2-.5 138.8 138.8 0 0 1-44.2-38c-10-14.4-10.6-26-9.4-33.2a29 29 0 0 1 22.9-23.7c11.9-2.4 24 2.5 32.7 13a33.7 33.7 0 0 1 32.7-13 29 29 0 0 1 22.8 23.7c1.3 7.2.6 18.8-9.3 33.3-9.1 13.1-24 25.9-44.2 37.9a3.6 3.6 0 0 1-2 .5z&quot;&gt;&lt;/path&gt;&lt;/svg&gt;&lt;/span&gt;&lt;/button&gt;&lt;/span&gt;&lt;/div&gt;&lt;/div&gt;&lt;/div&gt;&lt;div class=&quot;b978843432&quot;&gt;&lt;div class=&quot;aca0ade214 aaf30230d9 cd2e7d62b0 f996d8c258&quot;&gt;&lt;div class=&quot;&quot;&gt;&lt;div class=&quot;aca0ade214 c9835feea9 c2931f4182 d79e71457a d14b211b4f&quot;&gt;&lt;div class=&quot;aaee4e7cd3 e7a57abb1e&quot;&gt;&lt;div class=&quot;aca0ade214 a5f1aae5b2 cd2e7d62b0&quot;&gt;&lt;div&gt;&lt;div class=&quot;dd023375f5&quot;&gt;&lt;h3 class=&quot;a4225678b2&quot;&gt;&lt;a href=&quot;https://www.booking.com/hotel/ph/microtel-baguio.html?ucfs=1&amp;amp;arphpl=1&amp;amp;dest_id=261060&amp;amp;dest_type=landmark&amp;amp;group_adults=2&amp;amp;req_adults=2&amp;amp;no_rooms=1&amp;amp;group_children=0&amp;amp;req_children=0&amp;amp;hpos=5&amp;amp;hapos=5&amp;amp;sr_order=popularity&amp;amp;srpvid=7c9c48ada4eb027a&amp;amp;srepoch=1694773211&amp;amp;from_sustainable_property_sr=1&amp;amp;from=searchresults#hotelTmpl&quot; class=&quot;e13098a59f&quot; target=&quot;_blank&quot; rel=&quot;noopener noreferrer&quot; data-testid=&quot;title-link&quot;&gt;&lt;div data-testid=&quot;title&quot; class=&quot;f6431b446c a23c043802&quot;&gt;Microtel by Wyndham Baguio&lt;/div&gt;&lt;div class=&quot;ac4a7896c7&quot;&gt;Opens in new window&lt;/div&gt;&lt;/a&gt;&lt;/h3&gt;&lt;span class=&quot;f419a93f12&quot;&gt;&lt;span aria-expanded=&quot;false&quot; tabindex=&quot;0&quot; role=&quot;button&quot; data-testid=&quot;preferred-badge&quot;&gt;&lt;span role=&quot;img&quot; class=&quot;fcd9eec8fb c79b3cbed2 c2cc050fb8 e410954d4b&quot; aria-label=&quot;This property is part of our Preferred Partner Program. It&amp;#x27;s committed to providing excellent service and good value. It’ll pay us a higher commission if you make a booking.&quot;&gt;&lt;svg viewBox=&quot;0 0 128 128&quot; width=&quot;1em&quot; height=&quot;1em&quot;&gt;&lt;path d=&quot;M112 8H16a8 8 0 0 0-8 8v96a8 8 0 0 0 8 8h96a8 8 0 0 0 8-8V16a8 8 0 0 0-8-8zM48 96H24V58h24zm56-25a8.7 8.7 0 0 1-2 6 8.9 8.9 0 0 1 1 4 6.9 6.9 0 0 1-5 7c-.5 4-4.8 8-9 8H56V58l10.3-23.3a5.4 5.4 0 0 1 10.1 2.7 10.3 10.3 0 0 1-.6 2.7L72 52h23c4.5 0 9 3.5 9 8a9.2 9.2 0 0 1-2 5.3 7.5 7.5 0 0 1 2 5.7z&quot;&gt;&lt;/path&gt;&lt;/svg&gt;&lt;/span&gt;&lt;/span&gt;&lt;/span&gt;&lt;/div&gt;&lt;/div&gt;&lt;div&gt;&lt;div class=&quot;abf093bdfe a1fbd102d9&quot;&gt;&lt;a target=&quot;_blank&quot; rel=&quot;noopener noreferrer&quot; href=&quot;https://www.booking.com/hotel/ph/microtel-baguio.html?ucfs=1&amp;amp;arphpl=1&amp;amp;dest_id=261060&amp;amp;dest_type=landmark&amp;amp;group_adults=2&amp;amp;req_adults=2&amp;amp;no_rooms=1&amp;amp;group_children=0&amp;amp;req_children=0&amp;amp;hpos=5&amp;amp;hapos=5&amp;amp;sr_order=popularity&amp;amp;srpvid=7c9c48ada4eb027a&amp;amp;srepoch=1694773211&amp;amp;from_sustainable_property_sr=1&amp;amp;from=searchresults&amp;amp;map=1&quot; class=&quot;a83ed08757 f88a5204c2 e0e11a8307 b98133fb50&quot;&gt;&lt;span&gt;&lt;span class=&quot;f4bd0794db b4273d69aa&quot; data-testid=&quot;address&quot;&gt;Baguio&lt;/span&gt;&lt;span class=&quot;f4bd0794db b4273d69aa&quot;&gt;Show on map&lt;/span&gt;&lt;/span&gt;&lt;/a&gt;&lt;span class=&quot;f4bd0794db&quot;&gt;&lt;span class=&quot;f419a93f12&quot;&gt;&lt;span aria-expanded=&quot;false&quot; data-testid=&quot;distance&quot;&gt;0.5 miles from Session Road&lt;/span&gt;&lt;/span&gt;&lt;/span&gt;&lt;/div&gt;&lt;/div&gt;&lt;div&gt;&lt;span data-testid=&quot;badge-sustainability&quot; class=&quot;abf093bdfe c147fc6dd1 b81491d8c4 d18b4a6026&quot;&gt;&lt;span class=&quot;b30f8eb2d6&quot;&gt;&lt;div class=&quot;fba3ab9fd6&quot;&gt;&lt;span class=&quot;fcd9eec8fb f8ecfc5adb bf9a32efa5 a229b4a525&quot; aria-hidden=&quot;true&quot;&gt;&lt;svg xmlns=&quot;http://www.w3.org/2000/svg&quot; viewBox=&quot;0 0 72 24&quot;&gt;&lt;path d=&quot;M16.29 19.72c4.22-4.22 8.4-17.56 6.7-19.26S7.95 2.93 3.73 7.16C.67 10.22.62 15.58 3.5 18.98L15.62 6.86c.29-.29.77-.29 1.06 0s.29.77 0 1.06L4.57 20.03l-2.14 2.14c-.29.29-.29.77 0 1.06s.77.29 1.06 0l2.34-2.34c3.34 1.88 7.78 1.51 10.46-1.17ZM70.99.46c-1.15-1.16-6.85.55-8.56 1.11-2.26.73-7.83 2.73-10.7 5.6-1.5 1.5-2.36 3.69-2.35 6.01 0 2.18.76 4.21 2.12 5.81l-3.18 3.18c-.29.29-.29.77 0 1.06.15.15.34.22.53.22s.38-.07.53-.22l3.18-3.18c1.64 1.35 3.72 2.04 5.78 2.04 2.2 0 4.37-.78 5.94-2.35 2.87-2.87 4.87-8.44 5.6-10.7.55-1.72 2.27-7.41 1.1-8.57Zm-7.76 18.21c-2.21 2.21-6.54 2.77-9.6.31L64.68 7.93c.29-.29.29-.77 0-1.06s-.77-.29-1.06 0L52.56 17.93c-1.08-1.31-1.67-2.97-1.68-4.75 0-1.93.69-3.73 1.91-4.95 3.87-3.87 14.19-6.68 16.78-6.68.13 0 .24 0 .33.02.31 1.85-2.59 13.03-6.67 17.11ZM40.29 19.72c4.23-4.23 8.41-17.56 6.7-19.26s-15.04 2.48-19.26 6.7c-3.06 3.06-3.11 8.42-.23 11.82L39.62 6.86c.29-.29.77-.29 1.06 0s.29.77 0 1.06L28.57 20.03l-2.14 2.14c-.29.29-.29.77 0 1.06s.77.29 1.06 0l2.34-2.34c3.34 1.88 7.78 1.51 10.46-1.17Z&quot;&gt;&lt;/path&gt;&lt;/svg&gt;&lt;/span&gt;&lt;span class=&quot;abf093bdfe d068504c75 be09c104ad&quot;&gt;Travel Sustainable Level 2&lt;/span&gt;&lt;/div&gt;&lt;/span&gt;&lt;/span&gt;&lt;/div&gt;&lt;div class=&quot;abf093bdfe&quot;&gt;Centrally located in Baguio City, 1.2 mi from Camp John Hay and 1.7 mi from Wright Park, Microtel by Wyndham Baguio features an on site restaurant and free WiFi throughout the property. &lt;/div&gt;&lt;/div&gt;&lt;/div&gt;&lt;div class=&quot;&quot;&gt;&lt;div class=&quot;aca0ade214 ebac6e22e9 cd2e7d62b0 f920833fe5&quot;&gt;&lt;div class=&quot;&quot;&gt;&lt;div class=&quot;aca0ade214 a5f1aae5b2 cd2e7d62b0&quot;&gt;&lt;a target=&quot;_blank&quot; rel=&quot;noopener noreferrer&quot; data-testid=&quot;review-score-link&quot; href=&quot;https://www.booking.com/hotel/ph/microtel-baguio.html?ucfs=1&amp;amp;arphpl=1&amp;amp;dest_id=261060&amp;amp;dest_type=landmark&amp;amp;group_adults=2&amp;amp;req_adults=2&amp;amp;no_rooms=1&amp;amp;group_children=0&amp;amp;req_children=0&amp;amp;hpos=5&amp;amp;hapos=5&amp;amp;sr_order=popularity&amp;amp;srpvid=7c9c48ada4eb027a&amp;amp;srepoch=1694773211&amp;amp;from_sustainable_property_sr=1&amp;amp;from=searchresults#hotelTmpl&quot; class=&quot;a83ed08757 f88a5204c2 aeccf0d865 b98133fb50&quot;&gt;&lt;span&gt;&lt;div data-testid=&quot;review-score&quot; class=&quot;aca0ade214 aaf30230d9 e1ffac4e41 e7d9f93f4d d79e71457a d5fd510f01 dc7f26e57f&quot;&gt;&lt;div aria-label=&quot;Scored 8.0 &quot; class=&quot;a3b8729ab1 d86cee9b25&quot;&gt;8.0&lt;/div&gt;&lt;div class=&quot;aaee4e7cd3 e7a57abb1e a29749fd9f&quot;&gt;&lt;div aria-label=&quot;Very Good&quot; class=&quot;a3b8729ab1 e6208ee469 cb2cbb3ccb&quot;&gt;Very Good&lt;!-- --&gt; &lt;/div&gt;&lt;div class=&quot;abf093bdfe f45d8e4c32 d935416c47&quot;&gt;553 reviews&lt;/div&gt;&lt;/div&gt;&lt;/div&gt;&lt;/span&gt;&lt;/a&gt;&lt;/div&gt;&lt;/div&gt;&lt;div&gt;&lt;span class=&quot;f419a93f12&quot;&gt;&lt;button aria-expanded=&quot;false&quot; type=&quot;button&quot; class=&quot;a83ed08757 c21c56c305 a4c1805887 ab98298258 deab83296e c082d89982&quot;&gt;&lt;span class=&quot;e4adce92df&quot;&gt;Show prices&lt;/span&gt;&lt;/button&gt;&lt;/span&gt;&lt;/div&gt;&lt;/div&gt;&lt;/div&gt;&lt;/div&gt;&lt;/div&gt;&lt;/div&gt;&lt;/div&gt;&lt;/div&gt;&lt;div class=&quot;ea6e492f88&quot;&gt;&lt;/div&gt;&lt;/div&gt;&lt;div class=&quot;bea018f16c&quot;&gt;&lt;div&gt;&lt;/div&gt;&lt;/div&gt;&lt;div data-testid=&quot;property-card&quot; class=&quot;c82435a4b8 a178069f51 a6ae3c2b40 a18aeea94d d794b7a0f7 f53e278e95 da89aeb942&quot; style=&quot;--bui_box_padding--s:4&quot;&gt;&lt;div class=&quot;d20f4628d0&quot;&gt;&lt;div class=&quot;f9d4f2568d&quot;&gt;&lt;div class=&quot;c90a25d457&quot;&gt;&lt;a href=&quot;https://www.booking.com/hotel/ph/456.html?ucfs=1&amp;amp;arphpl=1&amp;amp;dest_id=261060&amp;amp;dest_type=landmark&amp;amp;group_adults=2&amp;amp;req_adults=2&amp;amp;no_rooms=1&amp;amp;group_children=0&amp;amp;req_children=0&amp;amp;hpos=6&amp;amp;hapos=6&amp;amp;sr_order=popularity&amp;amp;srpvid=7c9c48ada4eb027a&amp;amp;srepoch=1694773211&amp;amp;from_sustainable_property_sr=1&amp;amp;from=searchresults#hotelTmpl&quot; target=&quot;_blank&quot; rel=&quot;noopener noreferrer&quot; tabindex=&quot;-1&quot; aria-hidden=&quot;true&quot; data-testid=&quot;property-card-desktop-single-image&quot;&gt;&lt;img src=&quot;https://cf.bstatic.com/xdata/images/hotel/square200/244064110.jpg?k=a5ec2d55a2dc8bff4da5dac2a10be23df0896ee0dc1e73217d0df7b4f029bf5f&amp;amp;o=&quot; alt=&quot;456 Hotel&quot; width=&quot;200&quot; height=&quot;200&quot; class=&quot;b8b0793b0e&quot; data-testid=&quot;image&quot;/&gt;&lt;/a&gt;&lt;div class=&quot;d226e2f1b9&quot;&gt;&lt;span class=&quot;f419a93f12&quot;&gt;&lt;button class=&quot;f41101cd39&quot; aria-expanded=&quot;false&quot; data-testid=&quot;wishlist-button&quot;&gt;&lt;span data-testid=&quot;wishlist-icon&quot; class=&quot;fcd9eec8fb c422d77911 d24fc26e73&quot; aria-hidden=&quot;true&quot;&gt;&lt;svg viewBox=&quot;0 0 128 128&quot; width=&quot;1em&quot; height=&quot;1em&quot;&gt;&lt;path d=&quot;M64 112a3.6 3.6 0 0 1-2-.5 138.8 138.8 0 0 1-44.2-38c-10-14.4-10.6-26-9.4-33.2a29 29 0 0 1 22.9-23.7c11.9-2.4 24 2.5 32.7 13a33.7 33.7 0 0 1 32.7-13 29 29 0 0 1 22.8 23.7c1.3 7.2.6 18.8-9.3 33.3-9.1 13.1-24 25.9-44.2 37.9a3.6 3.6 0 0 1-2 .5z&quot;&gt;&lt;/path&gt;&lt;/svg&gt;&lt;/span&gt;&lt;/button&gt;&lt;/span&gt;&lt;/div&gt;&lt;/div&gt;&lt;/div&gt;&lt;div class=&quot;b978843432&quot;&gt;&lt;div class=&quot;aca0ade214 aaf30230d9 cd2e7d62b0 f996d8c258&quot;&gt;&lt;div class=&quot;&quot;&gt;&lt;div class=&quot;aca0ade214 c9835feea9 c2931f4182 d79e71457a d14b211b4f&quot;&gt;&lt;div class=&quot;aaee4e7cd3 e7a57abb1e&quot;&gt;&lt;div class=&quot;aca0ade214 a5f1aae5b2 cd2e7d62b0&quot;&gt;&lt;div&gt;&lt;div class=&quot;dd023375f5&quot;&gt;&lt;h3 class=&quot;a4225678b2&quot;&gt;&lt;a href=&quot;https://www.booking.com/hotel/ph/456.html?ucfs=1&amp;amp;arphpl=1&amp;amp;dest_id=261060&amp;amp;dest_type=landmark&amp;amp;group_adults=2&amp;amp;req_adults=2&amp;amp;no_rooms=1&amp;amp;group_children=0&amp;amp;req_children=0&amp;amp;hpos=6&amp;amp;hapos=6&amp;amp;sr_order=popularity&amp;amp;srpvid=7c9c48ada4eb027a&amp;amp;srepoch=1694773211&amp;amp;from_sustainable_property_sr=1&amp;amp;from=searchresults#hotelTmpl&quot; class=&quot;e13098a59f&quot; target=&quot;_blank&quot; rel=&quot;noopener noreferrer&quot; data-testid=&quot;title-link&quot;&gt;&lt;div data-testid=&quot;title&quot; class=&quot;f6431b446c a23c043802&quot;&gt;456 Hotel&lt;/div&gt;&lt;div class=&quot;ac4a7896c7&quot;&gt;Opens in new window&lt;/div&gt;&lt;/a&gt;&lt;/h3&gt;&lt;span class=&quot;f419a93f12&quot;&gt;&lt;span aria-expanded=&quot;false&quot; tabindex=&quot;0&quot; role=&quot;button&quot; data-testid=&quot;preferred-badge&quot;&gt;&lt;span role=&quot;img&quot; class=&quot;fcd9eec8fb c79b3cbed2 c2cc050fb8 e410954d4b&quot; aria-label=&quot;This property is part of our Preferred Partner Program. It&amp;#x27;s committed to providing excellent service and good value. It’ll pay us a higher commission if you make a booking.&quot;&gt;&lt;svg viewBox=&quot;0 0 128 128&quot; width=&quot;1em&quot; height=&quot;1em&quot;&gt;&lt;path d=&quot;M112 8H16a8 8 0 0 0-8 8v96a8 8 0 0 0 8 8h96a8 8 0 0 0 8-8V16a8 8 0 0 0-8-8zM48 96H24V58h24zm56-25a8.7 8.7 0 0 1-2 6 8.9 8.9 0 0 1 1 4 6.9 6.9 0 0 1-5 7c-.5 4-4.8 8-9 8H56V58l10.3-23.3a5.4 5.4 0 0 1 10.1 2.7 10.3 10.3 0 0 1-.6 2.7L72 52h23c4.5 0 9 3.5 9 8a9.2 9.2 0 0 1-2 5.3 7.5 7.5 0 0 1 2 5.7z&quot;&gt;&lt;/path&gt;&lt;/svg&gt;&lt;/span&gt;&lt;/span&gt;&lt;/span&gt;&lt;/div&gt;&lt;/div&gt;&lt;div&gt;&lt;div class=&quot;abf093bdfe a1fbd102d9&quot;&gt;&lt;a target=&quot;_blank&quot; rel=&quot;noopener noreferrer&quot; href=&quot;https://www.booking.com/hotel/ph/456.html?ucfs=1&amp;amp;arphpl=1&amp;amp;dest_id=261060&amp;amp;dest_type=landmark&amp;amp;group_adults=2&amp;amp;req_adults=2&amp;amp;no_rooms=1&amp;amp;group_children=0&amp;amp;req_children=0&amp;amp;hpos=6&amp;amp;hapos=6&amp;amp;sr_order=popularity&amp;amp;srpvid=7c9c48ada4eb027a&amp;amp;srepoch=1694773211&amp;amp;from_sustainable_property_sr=1&amp;amp;from=searchresults&amp;amp;map=1&quot; class=&quot;a83ed08757 f88a5204c2 e0e11a8307 b98133fb50&quot;&gt;&lt;span&gt;&lt;span class=&quot;f4bd0794db b4273d69aa&quot; data-testid=&quot;address&quot;&gt;Baguio&lt;/span&gt;&lt;span class=&quot;f4bd0794db b4273d69aa&quot;&gt;Show on map&lt;/span&gt;&lt;/span&gt;&lt;/a&gt;&lt;span class=&quot;f4bd0794db&quot;&gt;&lt;span class=&quot;f419a93f12&quot;&gt;&lt;span aria-expanded=&quot;false&quot; data-testid=&quot;distance&quot;&gt;0.5 miles from Session Road&lt;/span&gt;&lt;/span&gt;&lt;/span&gt;&lt;/div&gt;&lt;/div&gt;&lt;div&gt;&lt;span data-testid=&quot;badge-sustainability&quot; class=&quot;abf093bdfe c147fc6dd1 b81491d8c4 d18b4a6026&quot;&gt;&lt;span class=&quot;b30f8eb2d6&quot;&gt;&lt;div class=&quot;fba3ab9fd6&quot;&gt;&lt;span class=&quot;fcd9eec8fb f8ecfc5adb bf9a32efa5 a229b4a525&quot; aria-hidden=&quot;true&quot;&gt;&lt;svg xmlns=&quot;http://www.w3.org/2000/svg&quot; viewBox=&quot;0 0 72 24&quot;&gt;&lt;path d=&quot;M16.29 19.72c4.22-4.22 8.4-17.56 6.7-19.26S7.95 2.93 3.73 7.16C.67 10.22.62 15.58 3.5 18.98L15.62 6.86c.29-.29.77-.29 1.06 0s.29.77 0 1.06L4.57 20.03l-2.14 2.14c-.29.29-.29.77 0 1.06s.77.29 1.06 0l2.34-2.34c3.34 1.88 7.78 1.51 10.46-1.17ZM46.99.46c-1.15-1.16-6.85.55-8.56 1.11-2.26.73-7.83 2.73-10.7 5.6-1.5 1.5-2.36 3.69-2.35 6.01 0 2.18.76 4.21 2.12 5.81l-3.18 3.18c-.29.29-.29.77 0 1.06.15.15.34.22.53.22s.38-.07.53-.22l3.18-3.18c1.64 1.35 3.72 2.04 5.78 2.04 2.2 0 4.37-.78 5.94-2.35 2.87-2.87 4.87-8.44 5.6-10.7.55-1.72 2.27-7.41 1.1-8.57Zm-7.76 18.21c-2.21 2.21-6.54 2.77-9.6.31L40.68 7.93c.29-.29.29-.77 0-1.06s-.77-.29-1.06 0L28.56 17.93c-1.08-1.31-1.67-2.97-1.68-4.75 0-1.93.69-3.73 1.91-4.95 3.87-3.87 14.19-6.68 16.78-6.68.13 0 .24 0 .33.02.31 1.85-2.59 13.03-6.67 17.11ZM70.99.46c-1.15-1.16-6.85.55-8.56 1.11-2.26.73-7.83 2.73-10.7 5.6-1.5 1.5-2.36 3.69-2.35 6.01 0 2.18.76 4.21 2.12 5.81l-3.18 3.18c-.29.29-.29.77 0 1.06.15.15.34.22.53.22s.38-.07.53-.22l3.18-3.18c1.64 1.35 3.72 2.04 5.78 2.04 2.2 0 4.37-.78 5.94-2.35 2.87-2.87 4.87-8.44 5.6-10.7.55-1.72 2.27-7.41 1.1-8.57Zm-7.76 18.21c-2.21 2.21-6.54 2.77-9.6.31L64.68 7.93c.29-.29.29-.77 0-1.06s-.77-.29-1.06 0L52.56 17.93c-1.08-1.31-1.67-2.97-1.68-4.75 0-1.93.69-3.73 1.91-4.95 3.87-3.87 14.19-6.68 16.78-6.68.13 0 .24 0 .33.02.31 1.85-2.59 13.03-6.67 17.11Z&quot;&gt;&lt;/path&gt;&lt;/svg&gt;&lt;/span&gt;&lt;span class=&quot;abf093bdfe d068504c75 be09c104ad&quot;&gt;Travel Sustainable Level 1&lt;/span&gt;&lt;/div&gt;&lt;/span&gt;&lt;/span&gt;&lt;/div&gt;&lt;div class=&quot;abf093bdfe&quot;&gt;Located in Baguio, a 9-minute walk from Burnham Park, 456 Hotel has accommodations with a garden, free private parking, a terrace and a bar. &lt;/div&gt;&lt;/div&gt;&lt;/div&gt;&lt;div class=&quot;&quot;&gt;&lt;div class=&quot;aca0ade214 ebac6e22e9 cd2e7d62b0 f920833fe5&quot;&gt;&lt;div class=&quot;&quot;&gt;&lt;div class=&quot;aca0ade214 a5f1aae5b2 cd2e7d62b0&quot;&gt;&lt;a target=&quot;_blank&quot; rel=&quot;noopener noreferrer&quot; data-testid=&quot;review-score-link&quot; href=&quot;https://www.booking.com/hotel/ph/456.html?ucfs=1&amp;amp;arphpl=1&amp;amp;dest_id=261060&amp;amp;dest_type=landmark&amp;amp;group_adults=2&amp;amp;req_adults=2&amp;amp;no_rooms=1&amp;amp;group_children=0&amp;amp;req_children=0&amp;amp;hpos=6&amp;amp;hapos=6&amp;amp;sr_order=popularity&amp;amp;srpvid=7c9c48ada4eb027a&amp;amp;srepoch=1694773211&amp;amp;from_sustainable_property_sr=1&amp;amp;from=searchresults#hotelTmpl&quot; class=&quot;a83ed08757 f88a5204c2 aeccf0d865 b98133fb50&quot;&gt;&lt;span&gt;&lt;div data-testid=&quot;review-score&quot; class=&quot;aca0ade214 aaf30230d9 e1ffac4e41 e7d9f93f4d d79e71457a d5fd510f01 dc7f26e57f&quot;&gt;&lt;div aria-label=&quot;Scored 7.2 &quot; class=&quot;a3b8729ab1 d86cee9b25&quot;&gt;7.2&lt;/div&gt;&lt;div class=&quot;aaee4e7cd3 e7a57abb1e a29749fd9f&quot;&gt;&lt;div aria-label=&quot;Good&quot; class=&quot;a3b8729ab1 e6208ee469 cb2cbb3ccb&quot;&gt;Good&lt;!-- --&gt; &lt;/div&gt;&lt;div class=&quot;abf093bdfe f45d8e4c32 d935416c47&quot;&gt;710 reviews&lt;/div&gt;&lt;/div&gt;&lt;/div&gt;&lt;/span&gt;&lt;/a&gt;&lt;/div&gt;&lt;/div&gt;&lt;div&gt;&lt;span class=&quot;f419a93f12&quot;&gt;&lt;button aria-expanded=&quot;false&quot; type=&quot;button&quot; class=&quot;a83ed08757 c21c56c305 a4c1805887 ab98298258 deab83296e c082d89982&quot;&gt;&lt;span class=&quot;e4adce92df&quot;&gt;Show prices&lt;/span&gt;&lt;/button&gt;&lt;/span&gt;&lt;/div&gt;&lt;/div&gt;&lt;/div&gt;&lt;/div&gt;&lt;/div&gt;&lt;/div&gt;&lt;/div&gt;&lt;/div&gt;&lt;div class=&quot;ea6e492f88&quot;&gt;&lt;/div&gt;&lt;/div&gt;&lt;div class=&quot;bea018f16c&quot;&gt;&lt;div&gt;&lt;/div&gt;&lt;/div&gt;&lt;div data-testid=&quot;property-card&quot; class=&quot;c82435a4b8 a178069f51 a6ae3c2b40 a18aeea94d d794b7a0f7 f53e278e95 da89aeb942&quot; style=&quot;--bui_box_padding--s:4&quot;&gt;&lt;div class=&quot;d20f4628d0&quot;&gt;&lt;div class=&quot;f9d4f2568d&quot;&gt;&lt;div class=&quot;c90a25d457&quot;&gt;&lt;a href=&quot;https://www.booking.com/hotel/ph/venus-parkview.html?ucfs=1&amp;amp;arphpl=1&amp;amp;dest_id=261060&amp;amp;dest_type=landmark&amp;amp;group_adults=2&amp;amp;req_adults=2&amp;amp;no_rooms=1&amp;amp;group_children=0&amp;amp;req_children=0&amp;amp;hpos=7&amp;amp;hapos=7&amp;amp;sr_order=popularity&amp;amp;srpvid=7c9c48ada4eb027a&amp;amp;srepoch=1694773211&amp;amp;from_sustainable_property_sr=1&amp;amp;from=searchresults#hotelTmpl&quot; target=&quot;_blank&quot; rel=&quot;noopener noreferrer&quot; tabindex=&quot;-1&quot; aria-hidden=&quot;true&quot; data-testid=&quot;property-card-desktop-single-image&quot;&gt;&lt;img src=&quot;https://cf.bstatic.com/xdata/images/hotel/square200/218909813.jpg?k=a973fd3c2313458d3377dc4f9f9567340aca2d26e3b4cf5190ab13dd93393aad&amp;amp;o=&quot; alt=&quot;Venus Parkview Hotel&quot; width=&quot;200&quot; height=&quot;200&quot; class=&quot;b8b0793b0e&quot; data-testid=&quot;image&quot;/&gt;&lt;/a&gt;&lt;div class=&quot;d226e2f1b9&quot;&gt;&lt;span class=&quot;f419a93f12&quot;&gt;&lt;button class=&quot;f41101cd39&quot; aria-expanded=&quot;false&quot; data-testid=&quot;wishlist-button&quot;&gt;&lt;span data-testid=&quot;wishlist-icon&quot; class=&quot;fcd9eec8fb c422d77911 d24fc26e73&quot; aria-hidden=&quot;true&quot;&gt;&lt;svg viewBox=&quot;0 0 128 128&quot; width=&quot;1em&quot; height=&quot;1em&quot;&gt;&lt;path d=&quot;M64 112a3.6 3.6 0 0 1-2-.5 138.8 138.8 0 0 1-44.2-38c-10-14.4-10.6-26-9.4-33.2a29 29 0 0 1 22.9-23.7c11.9-2.4 24 2.5 32.7 13a33.7 33.7 0 0 1 32.7-13 29 29 0 0 1 22.8 23.7c1.3 7.2.6 18.8-9.3 33.3-9.1 13.1-24 25.9-44.2 37.9a3.6 3.6 0 0 1-2 .5z&quot;&gt;&lt;/path&gt;&lt;/svg&gt;&lt;/span&gt;&lt;/button&gt;&lt;/span&gt;&lt;/div&gt;&lt;/div&gt;&lt;/div&gt;&lt;div class=&quot;b978843432&quot;&gt;&lt;div class=&quot;aca0ade214 aaf30230d9 cd2e7d62b0 f996d8c258&quot;&gt;&lt;div class=&quot;&quot;&gt;&lt;div class=&quot;aca0ade214 c9835feea9 c2931f4182 d79e71457a d14b211b4f&quot;&gt;&lt;div class=&quot;aaee4e7cd3 e7a57abb1e&quot;&gt;&lt;div class=&quot;aca0ade214 a5f1aae5b2 cd2e7d62b0&quot;&gt;&lt;div&gt;&lt;div class=&quot;dd023375f5&quot;&gt;&lt;h3 class=&quot;a4225678b2&quot;&gt;&lt;a href=&quot;https://www.booking.com/hotel/ph/venus-parkview.html?ucfs=1&amp;amp;arphpl=1&amp;amp;dest_id=261060&amp;amp;dest_type=landmark&amp;amp;group_adults=2&amp;amp;req_adults=2&amp;amp;no_rooms=1&amp;amp;group_children=0&amp;amp;req_children=0&amp;amp;hpos=7&amp;amp;hapos=7&amp;amp;sr_order=popularity&amp;amp;srpvid=7c9c48ada4eb027a&amp;amp;srepoch=1694773211&amp;amp;from_sustainable_property_sr=1&amp;amp;from=searchresults#hotelTmpl&quot; class=&quot;e13098a59f&quot; target=&quot;_blank&quot; rel=&quot;noopener noreferrer&quot; data-testid=&quot;title-link&quot;&gt;&lt;div data-testid=&quot;title&quot; class=&quot;f6431b446c a23c043802&quot;&gt;Venus Parkview Hotel&lt;/div&gt;&lt;div class=&quot;ac4a7896c7&quot;&gt;Opens in new window&lt;/div&gt;&lt;/a&gt;&lt;/h3&gt;&lt;span class=&quot;f419a93f12&quot;&gt;&lt;span aria-expanded=&quot;false&quot; tabindex=&quot;0&quot; role=&quot;button&quot; data-testid=&quot;preferred-badge&quot;&gt;&lt;span role=&quot;img&quot; class=&quot;fcd9eec8fb c79b3cbed2 c2cc050fb8 e410954d4b&quot; aria-label=&quot;This property is part of our Preferred Partner Program. It&amp;#x27;s committed to providing excellent service and good value. It’ll pay us a higher commission if you make a booking.&quot;&gt;&lt;svg viewBox=&quot;0 0 128 128&quot; width=&quot;1em&quot; height=&quot;1em&quot;&gt;&lt;path d=&quot;M112 8H16a8 8 0 0 0-8 8v96a8 8 0 0 0 8 8h96a8 8 0 0 0 8-8V16a8 8 0 0 0-8-8zM48 96H24V58h24zm56-25a8.7 8.7 0 0 1-2 6 8.9 8.9 0 0 1 1 4 6.9 6.9 0 0 1-5 7c-.5 4-4.8 8-9 8H56V58l10.3-23.3a5.4 5.4 0 0 1 10.1 2.7 10.3 10.3 0 0 1-.6 2.7L72 52h23c4.5 0 9 3.5 9 8a9.2 9.2 0 0 1-2 5.3 7.5 7.5 0 0 1 2 5.7z&quot;&gt;&lt;/path&gt;&lt;/svg&gt;&lt;/span&gt;&lt;/span&gt;&lt;/span&gt;&lt;/div&gt;&lt;/div&gt;&lt;div&gt;&lt;div class=&quot;abf093bdfe a1fbd102d9&quot;&gt;&lt;a target=&quot;_blank&quot; rel=&quot;noopener noreferrer&quot; href=&quot;https://www.booking.com/hotel/ph/venus-parkview.html?ucfs=1&amp;amp;arphpl=1&amp;amp;dest_id=261060&amp;amp;dest_type=landmark&amp;amp;group_adults=2&amp;amp;req_adults=2&amp;amp;no_rooms=1&amp;amp;group_children=0&amp;amp;req_children=0&amp;amp;hpos=7&amp;amp;hapos=7&amp;amp;sr_order=popularity&amp;amp;srpvid=7c9c48ada4eb027a&amp;amp;srepoch=1694773211&amp;amp;from_sustainable_property_sr=1&amp;amp;from=searchresults&amp;amp;map=1&quot; class=&quot;a83ed08757 f88a5204c2 e0e11a8307 b98133fb50&quot;&gt;&lt;span&gt;&lt;span class=&quot;f4bd0794db b4273d69aa&quot; data-testid=&quot;address&quot;&gt;Baguio&lt;/span&gt;&lt;span class=&quot;f4bd0794db b4273d69aa&quot;&gt;Show on map&lt;/span&gt;&lt;/span&gt;&lt;/a&gt;&lt;span class=&quot;f4bd0794db&quot;&gt;&lt;span class=&quot;f419a93f12&quot;&gt;&lt;span aria-expanded=&quot;false&quot; data-testid=&quot;distance&quot;&gt;0.4 miles from Session Road&lt;/span&gt;&lt;/span&gt;&lt;/span&gt;&lt;/div&gt;&lt;/div&gt;&lt;div&gt;&lt;span data-testid=&quot;badge-sustainability&quot; class=&quot;abf093bdfe c147fc6dd1 b81491d8c4 d18b4a6026&quot;&gt;&lt;span class=&quot;b30f8eb2d6&quot;&gt;&lt;div class=&quot;fba3ab9fd6&quot;&gt;&lt;span class=&quot;fcd9eec8fb f8ecfc5adb bf9a32efa5 a229b4a525&quot; aria-hidden=&quot;true&quot;&gt;&lt;svg xmlns=&quot;http://www.w3.org/2000/svg&quot; viewBox=&quot;0 0 72 24&quot;&gt;&lt;path d=&quot;M16.29 19.72c4.22-4.22 8.4-17.56 6.7-19.26S7.95 2.93 3.73 7.16C.67 10.22.62 15.58 3.5 18.98L15.62 6.86c.29-.29.77-.29 1.06 0s.29.77 0 1.06L4.57 20.03l-2.14 2.14c-.29.29-.29.77 0 1.06s.77.29 1.06 0l2.34-2.34c3.34 1.88 7.78 1.51 10.46-1.17ZM46.99.46c-1.15-1.16-6.85.55-8.56 1.11-2.26.73-7.83 2.73-10.7 5.6-1.5 1.5-2.36 3.69-2.35 6.01 0 2.18.76 4.21 2.12 5.81l-3.18 3.18c-.29.29-.29.77 0 1.06.15.15.34.22.53.22s.38-.07.53-.22l3.18-3.18c1.64 1.35 3.72 2.04 5.78 2.04 2.2 0 4.37-.78 5.94-2.35 2.87-2.87 4.87-8.44 5.6-10.7.55-1.72 2.27-7.41 1.1-8.57Zm-7.76 18.21c-2.21 2.21-6.54 2.77-9.6.31L40.68 7.93c.29-.29.29-.77 0-1.06s-.77-.29-1.06 0L28.56 17.93c-1.08-1.31-1.67-2.97-1.68-4.75 0-1.93.69-3.73 1.91-4.95 3.87-3.87 14.19-6.68 16.78-6.68.13 0 .24 0 .33.02.31 1.85-2.59 13.03-6.67 17.11ZM70.99.46c-1.15-1.16-6.85.55-8.56 1.11-2.26.73-7.83 2.73-10.7 5.6-1.5 1.5-2.36 3.69-2.35 6.01 0 2.18.76 4.21 2.12 5.81l-3.18 3.18c-.29.29-.29.77 0 1.06.15.15.34.22.53.22s.38-.07.53-.22l3.18-3.18c1.64 1.35 3.72 2.04 5.78 2.04 2.2 0 4.37-.78 5.94-2.35 2.87-2.87 4.87-8.44 5.6-10.7.55-1.72 2.27-7.41 1.1-8.57Zm-7.76 18.21c-2.21 2.21-6.54 2.77-9.6.31L64.68 7.93c.29-.29.29-.77 0-1.06s-.77-.29-1.06 0L52.56 17.93c-1.08-1.31-1.67-2.97-1.68-4.75 0-1.93.69-3.73 1.91-4.95 3.87-3.87 14.19-6.68 16.78-6.68.13 0 .24 0 .33.02.31 1.85-2.59 13.03-6.67 17.11Z&quot;&gt;&lt;/path&gt;&lt;/svg&gt;&lt;/span&gt;&lt;span class=&quot;abf093bdfe d068504c75 be09c104ad&quot;&gt;Travel Sustainable Level 1&lt;/span&gt;&lt;/div&gt;&lt;/span&gt;&lt;/span&gt;&lt;/div&gt;&lt;div class=&quot;abf093bdfe&quot;&gt;Featuring free WiFi throughout the property, Venus Parkview Hotel is located in Baguio, 656 feet from Burnham Park. An in-house restaurant is available, while free parking is provided on site. &lt;/div&gt;&lt;/div&gt;&lt;/div&gt;&lt;div class=&quot;&quot;&gt;&lt;div class=&quot;aca0ade214 ebac6e22e9 cd2e7d62b0 f920833fe5&quot;&gt;&lt;div class=&quot;&quot;&gt;&lt;div class=&quot;aca0ade214 a5f1aae5b2 cd2e7d62b0&quot;&gt;&lt;a target=&quot;_blank&quot; rel=&quot;noopener noreferrer&quot; data-testid=&quot;review-score-link&quot; href=&quot;https://www.booking.com/hotel/ph/venus-parkview.html?ucfs=1&amp;amp;arphpl=1&amp;amp;dest_id=261060&amp;amp;dest_type=landmark&amp;amp;group_adults=2&amp;amp;req_adults=2&amp;amp;no_rooms=1&amp;amp;group_children=0&amp;amp;req_children=0&amp;amp;hpos=7&amp;amp;hapos=7&amp;amp;sr_order=popularity&amp;amp;srpvid=7c9c48ada4eb027a&amp;amp;srepoch=1694773211&amp;amp;from_sustainable_property_sr=1&amp;amp;from=searchresults#hotelTmpl&quot; class=&quot;a83ed08757 f88a5204c2 aeccf0d865 b98133fb50&quot;&gt;&lt;span&gt;&lt;div data-testid=&quot;review-score&quot; class=&quot;aca0ade214 aaf30230d9 e1ffac4e41 e7d9f93f4d d79e71457a d5fd510f01 dc7f26e57f&quot;&gt;&lt;div aria-label=&quot;Scored 8.2 &quot; class=&quot;a3b8729ab1 d86cee9b25&quot;&gt;8.2&lt;/div&gt;&lt;div class=&quot;aaee4e7cd3 e7a57abb1e a29749fd9f&quot;&gt;&lt;div aria-label=&quot;Very Good&quot; class=&quot;a3b8729ab1 e6208ee469 cb2cbb3ccb&quot;&gt;Very Good&lt;!-- --&gt; &lt;/div&gt;&lt;div class=&quot;abf093bdfe f45d8e4c32 d935416c47&quot;&gt;170 reviews&lt;/div&gt;&lt;/div&gt;&lt;/div&gt;&lt;/span&gt;&lt;/a&gt;&lt;/div&gt;&lt;/div&gt;&lt;div&gt;&lt;span class=&quot;f419a93f12&quot;&gt;&lt;button aria-expanded=&quot;false&quot; type=&quot;button&quot; class=&quot;a83ed08757 c21c56c305 a4c1805887 ab98298258 deab83296e c082d89982&quot;&gt;&lt;span class=&quot;e4adce92df&quot;&gt;Show prices&lt;/span&gt;&lt;/button&gt;&lt;/span&gt;&lt;/div&gt;&lt;/div&gt;&lt;/div&gt;&lt;/div&gt;&lt;/div&gt;&lt;/div&gt;&lt;/div&gt;&lt;/div&gt;&lt;div class=&quot;ea6e492f88&quot;&gt;&lt;/div&gt;&lt;/div&gt;&lt;div class=&quot;bea018f16c&quot;&gt;&lt;div&gt;&lt;/div&gt;&lt;/div&gt;&lt;div data-testid=&quot;property-card&quot; class=&quot;c82435a4b8 a178069f51 a6ae3c2b40 a18aeea94d d794b7a0f7 f53e278e95 da89aeb942&quot; style=&quot;--bui_box_padding--s:4&quot;&gt;&lt;div class=&quot;d20f4628d0&quot;&gt;&lt;div class=&quot;f9d4f2568d&quot;&gt;&lt;div class=&quot;c90a25d457&quot;&gt;&lt;a href=&quot;https://www.booking.com/hotel/ph/the-golden-pine.html?ucfs=1&amp;amp;arphpl=1&amp;amp;dest_id=261060&amp;amp;dest_type=landmark&amp;amp;group_adults=2&amp;amp;req_adults=2&amp;amp;no_rooms=1&amp;amp;group_children=0&amp;amp;req_children=0&amp;amp;hpos=8&amp;amp;hapos=8&amp;amp;sr_order=popularity&amp;amp;srpvid=7c9c48ada4eb027a&amp;amp;srepoch=1694773211&amp;amp;from=searchresults#hotelTmpl&quot; target=&quot;_blank&quot; rel=&quot;noopener noreferrer&quot; tabindex=&quot;-1&quot; aria-hidden=&quot;true&quot; data-testid=&quot;property-card-desktop-single-image&quot;&gt;&lt;img src=&quot;https://cf.bstatic.com/xdata/images/hotel/square200/5075687.jpg?k=c6038582a41e4f7b37ca1c2cc21893d2cd66b7b0c72ae8f4764fb9aab31857c5&amp;amp;o=&quot; alt=&quot;The Golden Pine Hotel&quot; width=&quot;200&quot; height=&quot;200&quot; class=&quot;b8b0793b0e&quot; data-testid=&quot;image&quot;/&gt;&lt;/a&gt;&lt;div class=&quot;d226e2f1b9&quot;&gt;&lt;span class=&quot;f419a93f12&quot;&gt;&lt;button class=&quot;f41101cd39&quot; aria-expanded=&quot;false&quot; data-testid=&quot;wishlist-button&quot;&gt;&lt;span data-testid=&quot;wishlist-icon&quot; class=&quot;fcd9eec8fb c422d77911 d24fc26e73&quot; aria-hidden=&quot;true&quot;&gt;&lt;svg viewBox=&quot;0 0 128 128&quot; width=&quot;1em&quot; height=&quot;1em&quot;&gt;&lt;path d=&quot;M64 112a3.6 3.6 0 0 1-2-.5 138.8 138.8 0 0 1-44.2-38c-10-14.4-10.6-26-9.4-33.2a29 29 0 0 1 22.9-23.7c11.9-2.4 24 2.5 32.7 13a33.7 33.7 0 0 1 32.7-13 29 29 0 0 1 22.8 23.7c1.3 7.2.6 18.8-9.3 33.3-9.1 13.1-24 25.9-44.2 37.9a3.6 3.6 0 0 1-2 .5z&quot;&gt;&lt;/path&gt;&lt;/svg&gt;&lt;/span&gt;&lt;/button&gt;&lt;/span&gt;&lt;/div&gt;&lt;/div&gt;&lt;/div&gt;&lt;div class=&quot;b978843432&quot;&gt;&lt;div class=&quot;aca0ade214 aaf30230d9 cd2e7d62b0 f996d8c258&quot;&gt;&lt;div class=&quot;&quot;&gt;&lt;div class=&quot;aca0ade214 c9835feea9 c2931f4182 d79e71457a d14b211b4f&quot;&gt;&lt;div class=&quot;aaee4e7cd3 e7a57abb1e&quot;&gt;&lt;div class=&quot;aca0ade214 a5f1aae5b2 cd2e7d62b0&quot;&gt;&lt;div&gt;&lt;div class=&quot;dd023375f5&quot;&gt;&lt;h3 class=&quot;a4225678b2&quot;&gt;&lt;a href=&quot;https://www.booking.com/hotel/ph/the-golden-pine.html?ucfs=1&amp;amp;arphpl=1&amp;amp;dest_id=261060&amp;amp;dest_type=landmark&amp;amp;group_adults=2&amp;amp;req_adults=2&amp;amp;no_rooms=1&amp;amp;group_children=0&amp;amp;req_children=0&amp;amp;hpos=8&amp;amp;hapos=8&amp;amp;sr_order=popularity&amp;amp;srpvid=7c9c48ada4eb027a&amp;amp;srepoch=1694773211&amp;amp;from=searchresults#hotelTmpl&quot; class=&quot;e13098a59f&quot; target=&quot;_blank&quot; rel=&quot;noopener noreferrer&quot; data-testid=&quot;title-link&quot;&gt;&lt;div data-testid=&quot;title&quot; class=&quot;f6431b446c a23c043802&quot;&gt;The Golden Pine Hotel&lt;/div&gt;&lt;div class=&quot;ac4a7896c7&quot;&gt;Opens in new window&lt;/div&gt;&lt;/a&gt;&lt;/h3&gt;&lt;span class=&quot;f419a93f12&quot;&gt;&lt;span aria-expanded=&quot;false&quot; tabindex=&quot;0&quot; role=&quot;button&quot; data-testid=&quot;preferred-badge&quot;&gt;&lt;span role=&quot;img&quot; class=&quot;fcd9eec8fb c79b3cbed2 c2cc050fb8 e410954d4b&quot; aria-label=&quot;This property is part of our Preferred Partner Program. It&amp;#x27;s committed to providing excellent service and good value. It’ll pay us a higher commission if you make a booking.&quot;&gt;&lt;svg viewBox=&quot;0 0 128 128&quot; width=&quot;1em&quot; height=&quot;1em&quot;&gt;&lt;path d=&quot;M112 8H16a8 8 0 0 0-8 8v96a8 8 0 0 0 8 8h96a8 8 0 0 0 8-8V16a8 8 0 0 0-8-8zM48 96H24V58h24zm56-25a8.7 8.7 0 0 1-2 6 8.9 8.9 0 0 1 1 4 6.9 6.9 0 0 1-5 7c-.5 4-4.8 8-9 8H56V58l10.3-23.3a5.4 5.4 0 0 1 10.1 2.7 10.3 10.3 0 0 1-.6 2.7L72 52h23c4.5 0 9 3.5 9 8a9.2 9.2 0 0 1-2 5.3 7.5 7.5 0 0 1 2 5.7z&quot;&gt;&lt;/path&gt;&lt;/svg&gt;&lt;/span&gt;&lt;/span&gt;&lt;/span&gt;&lt;/div&gt;&lt;/div&gt;&lt;div&gt;&lt;div class=&quot;abf093bdfe a1fbd102d9&quot;&gt;&lt;a target=&quot;_blank&quot; rel=&quot;noopener noreferrer&quot; href=&quot;https://www.booking.com/hotel/ph/the-golden-pine.html?ucfs=1&amp;amp;arphpl=1&amp;amp;dest_id=261060&amp;amp;dest_type=landmark&amp;amp;group_adults=2&amp;amp;req_adults=2&amp;amp;no_rooms=1&amp;amp;group_children=0&amp;amp;req_children=0&amp;amp;hpos=8&amp;amp;hapos=8&amp;amp;sr_order=popularity&amp;amp;srpvid=7c9c48ada4eb027a&amp;amp;srepoch=1694773211&amp;amp;from=searchresults&amp;amp;map=1&quot; class=&quot;a83ed08757 f88a5204c2 e0e11a8307 b98133fb50&quot;&gt;&lt;span&gt;&lt;span class=&quot;f4bd0794db b4273d69aa&quot; data-testid=&quot;address&quot;&gt;Baguio&lt;/span&gt;&lt;span class=&quot;f4bd0794db b4273d69aa&quot;&gt;Show on map&lt;/span&gt;&lt;/span&gt;&lt;/a&gt;&lt;span class=&quot;f4bd0794db&quot;&gt;&lt;span class=&quot;f419a93f12&quot;&gt;&lt;span aria-expanded=&quot;false&quot; data-testid=&quot;distance&quot;&gt;0.5 miles from Session Road&lt;/span&gt;&lt;/span&gt;&lt;/span&gt;&lt;/div&gt;&lt;/div&gt;&lt;div class=&quot;abf093bdfe&quot;&gt;Offering rooms in the cool mountain city of Baguio, The Golden Pine Hotel is just a 5 minute walk from popular Burnham Park. It offers free Wi-Fi and free parking. &lt;/div&gt;&lt;/div&gt;&lt;/div&gt;&lt;div class=&quot;&quot;&gt;&lt;div class=&quot;aca0ade214 ebac6e22e9 cd2e7d62b0 f920833fe5&quot;&gt;&lt;div class=&quot;&quot;&gt;&lt;div class=&quot;aca0ade214 a5f1aae5b2 cd2e7d62b0&quot;&gt;&lt;a target=&quot;_blank&quot; rel=&quot;noopener noreferrer&quot; data-testid=&quot;review-score-link&quot; href=&quot;https://www.booking.com/hotel/ph/the-golden-pine.html?ucfs=1&amp;amp;arphpl=1&amp;amp;dest_id=261060&amp;amp;dest_type=landmark&amp;amp;group_adults=2&amp;amp;req_adults=2&amp;amp;no_rooms=1&amp;amp;group_children=0&amp;amp;req_children=0&amp;amp;hpos=8&amp;amp;hapos=8&amp;amp;sr_order=popularity&amp;amp;srpvid=7c9c48ada4eb027a&amp;amp;srepoch=1694773211&amp;amp;from=searchresults#hotelTmpl&quot; class=&quot;a83ed08757 f88a5204c2 aeccf0d865 b98133fb50&quot;&gt;&lt;span&gt;&lt;div data-testid=&quot;review-score&quot; class=&quot;aca0ade214 aaf30230d9 e1ffac4e41 e7d9f93f4d d79e71457a d5fd510f01 dc7f26e57f&quot;&gt;&lt;div aria-label=&quot;Scored 7.7 &quot; class=&quot;a3b8729ab1 d86cee9b25&quot;&gt;7.7&lt;/div&gt;&lt;div class=&quot;aaee4e7cd3 e7a57abb1e a29749fd9f&quot;&gt;&lt;div aria-label=&quot;Good&quot; class=&quot;a3b8729ab1 e6208ee469 cb2cbb3ccb&quot;&gt;Good&lt;!-- --&gt; &lt;/div&gt;&lt;div class=&quot;abf093bdfe f45d8e4c32 d935416c47&quot;&gt;76 reviews&lt;/div&gt;&lt;/div&gt;&lt;/div&gt;&lt;/span&gt;&lt;/a&gt;&lt;/div&gt;&lt;/div&gt;&lt;div&gt;&lt;span class=&quot;f419a93f12&quot;&gt;&lt;button aria-expanded=&quot;false&quot; type=&quot;button&quot; class=&quot;a83ed08757 c21c56c305 a4c1805887 ab98298258 deab83296e c082d89982&quot;&gt;&lt;span class=&quot;e4adce92df&quot;&gt;Show prices&lt;/span&gt;&lt;/button&gt;&lt;/span&gt;&lt;/div&gt;&lt;/div&gt;&lt;/div&gt;&lt;/div&gt;&lt;/div&gt;&lt;/div&gt;&lt;/div&gt;&lt;/div&gt;&lt;div class=&quot;ea6e492f88&quot;&gt;&lt;/div&gt;&lt;/div&gt;&lt;div class=&quot;bea018f16c&quot;&gt;&lt;div&gt;&lt;/div&gt;&lt;/div&gt;&lt;div data-testid=&quot;property-card&quot; class=&quot;c82435a4b8 a178069f51 a6ae3c2b40 a18aeea94d d794b7a0f7 f53e278e95 da89aeb942&quot; style=&quot;--bui_box_padding--s:4&quot;&gt;&lt;div class=&quot;d20f4628d0&quot;&gt;&lt;div class=&quot;f9d4f2568d&quot;&gt;&lt;div class=&quot;c90a25d457&quot;&gt;&lt;a href=&quot;https://www.booking.com/hotel/ph/rl-veranda-suite.html?ucfs=1&amp;amp;arphpl=1&amp;amp;dest_id=261060&amp;amp;dest_type=landmark&amp;amp;group_adults=2&amp;amp;req_adults=2&amp;amp;no_rooms=1&amp;amp;group_children=0&amp;amp;req_children=0&amp;amp;hpos=9&amp;amp;hapos=9&amp;amp;sr_order=popularity&amp;amp;srpvid=7c9c48ada4eb027a&amp;amp;srepoch=1694773211&amp;amp;from=searchresults#hotelTmpl&quot; target=&quot;_blank&quot; rel=&quot;noopener noreferrer&quot; tabindex=&quot;-1&quot; aria-hidden=&quot;true&quot; data-testid=&quot;property-card-desktop-single-image&quot;&gt;&lt;img src=&quot;https://cf.bstatic.com/xdata/images/hotel/square200/338016275.jpg?k=d86cff8b726026afeb3e9860912f2b49e156ab3060ad5767462ae553bdf0336a&amp;amp;o=&quot; alt=&quot;RL Veranda Suite&quot; width=&quot;200&quot; height=&quot;200&quot; class=&quot;b8b0793b0e&quot; data-testid=&quot;image&quot;/&gt;&lt;/a&gt;&lt;div class=&quot;d226e2f1b9&quot;&gt;&lt;span class=&quot;f419a93f12&quot;&gt;&lt;button class=&quot;f41101cd39&quot; aria-expanded=&quot;false&quot; data-testid=&quot;wishlist-button&quot;&gt;&lt;span data-testid=&quot;wishlist-icon&quot; class=&quot;fcd9eec8fb c422d77911 d24fc26e73&quot; aria-hidden=&quot;true&quot;&gt;&lt;svg viewBox=&quot;0 0 128 128&quot; width=&quot;1em&quot; height=&quot;1em&quot;&gt;&lt;path d=&quot;M64 112a3.6 3.6 0 0 1-2-.5 138.8 138.8 0 0 1-44.2-38c-10-14.4-10.6-26-9.4-33.2a29 29 0 0 1 22.9-23.7c11.9-2.4 24 2.5 32.7 13a33.7 33.7 0 0 1 32.7-13 29 29 0 0 1 22.8 23.7c1.3 7.2.6 18.8-9.3 33.3-9.1 13.1-24 25.9-44.2 37.9a3.6 3.6 0 0 1-2 .5z&quot;&gt;&lt;/path&gt;&lt;/svg&gt;&lt;/span&gt;&lt;/button&gt;&lt;/span&gt;&lt;/div&gt;&lt;/div&gt;&lt;/div&gt;&lt;div class=&quot;b978843432&quot;&gt;&lt;div class=&quot;aca0ade214 aaf30230d9 cd2e7d62b0 f996d8c258&quot;&gt;&lt;div class=&quot;&quot;&gt;&lt;div class=&quot;aca0ade214 c9835feea9 c2931f4182 d79e71457a d14b211b4f&quot;&gt;&lt;div class=&quot;aaee4e7cd3 e7a57abb1e&quot;&gt;&lt;div class=&quot;aca0ade214 a5f1aae5b2 cd2e7d62b0&quot;&gt;&lt;div&gt;&lt;div class=&quot;dd023375f5&quot;&gt;&lt;h3 class=&quot;a4225678b2&quot;&gt;&lt;a href=&quot;https://www.booking.com/hotel/ph/rl-veranda-suite.html?ucfs=1&amp;amp;arphpl=1&amp;amp;dest_id=261060&amp;amp;dest_type=landmark&amp;amp;group_adults=2&amp;amp;req_adults=2&amp;amp;no_rooms=1&amp;amp;group_children=0&amp;amp;req_children=0&amp;amp;hpos=9&amp;amp;hapos=9&amp;amp;sr_order=popularity&amp;amp;srpvid=7c9c48ada4eb027a&amp;amp;srepoch=1694773211&amp;amp;from=searchresults#hotelTmpl&quot; class=&quot;e13098a59f&quot; target=&quot;_blank&quot; rel=&quot;noopener noreferrer&quot; data-testid=&quot;title-link&quot;&gt;&lt;div data-testid=&quot;title&quot; class=&quot;f6431b446c a23c043802&quot;&gt;RL Veranda Suite&lt;/div&gt;&lt;div class=&quot;ac4a7896c7&quot;&gt;Opens in new window&lt;/div&gt;&lt;/a&gt;&lt;/h3&gt;&lt;span class=&quot;f419a93f12&quot;&gt;&lt;span aria-expanded=&quot;false&quot; tabindex=&quot;0&quot; role=&quot;button&quot; data-testid=&quot;preferred-badge&quot;&gt;&lt;span role=&quot;img&quot; class=&quot;fcd9eec8fb c79b3cbed2 c2cc050fb8 e410954d4b&quot; aria-label=&quot;This property is part of our Preferred Partner Program. It&amp;#x27;s committed to providing excellent service and good value. It’ll pay us a higher commission if you make a booking.&quot;&gt;&lt;svg viewBox=&quot;0 0 128 128&quot; width=&quot;1em&quot; height=&quot;1em&quot;&gt;&lt;path d=&quot;M112 8H16a8 8 0 0 0-8 8v96a8 8 0 0 0 8 8h96a8 8 0 0 0 8-8V16a8 8 0 0 0-8-8zM48 96H24V58h24zm56-25a8.7 8.7 0 0 1-2 6 8.9 8.9 0 0 1 1 4 6.9 6.9 0 0 1-5 7c-.5 4-4.8 8-9 8H56V58l10.3-23.3a5.4 5.4 0 0 1 10.1 2.7 10.3 10.3 0 0 1-.6 2.7L72 52h23c4.5 0 9 3.5 9 8a9.2 9.2 0 0 1-2 5.3 7.5 7.5 0 0 1 2 5.7z&quot;&gt;&lt;/path&gt;&lt;/svg&gt;&lt;/span&gt;&lt;/span&gt;&lt;/span&gt;&lt;/div&gt;&lt;/div&gt;&lt;div&gt;&lt;div class=&quot;abf093bdfe a1fbd102d9&quot;&gt;&lt;a target=&quot;_blank&quot; rel=&quot;noopener noreferrer&quot; href=&quot;https://www.booking.com/hotel/ph/rl-veranda-suite.html?ucfs=1&amp;amp;arphpl=1&amp;amp;dest_id=261060&amp;amp;dest_type=landmark&amp;amp;group_adults=2&amp;amp;req_adults=2&amp;amp;no_rooms=1&amp;amp;group_children=0&amp;amp;req_children=0&amp;amp;hpos=9&amp;amp;hapos=9&amp;amp;sr_order=popularity&amp;amp;srpvid=7c9c48ada4eb027a&amp;amp;srepoch=1694773211&amp;amp;from=searchresults&amp;amp;map=1&quot; class=&quot;a83ed08757 f88a5204c2 e0e11a8307 b98133fb50&quot;&gt;&lt;span&gt;&lt;span class=&quot;f4bd0794db b4273d69aa&quot; data-testid=&quot;address&quot;&gt;Baguio&lt;/span&gt;&lt;span class=&quot;f4bd0794db b4273d69aa&quot;&gt;Show on map&lt;/span&gt;&lt;/span&gt;&lt;/a&gt;&lt;span class=&quot;f4bd0794db&quot;&gt;&lt;span class=&quot;f419a93f12&quot;&gt;&lt;span aria-expanded=&quot;false&quot; data-testid=&quot;distance&quot;&gt;0.6 miles from Session Road&lt;/span&gt;&lt;/span&gt;&lt;/span&gt;&lt;/div&gt;&lt;/div&gt;&lt;div class=&quot;abf093bdfe&quot;&gt;Located in Baguio, a 9-minute walk from Burnham Park, RL Veranda Suite has accommodations with a garden, free private parking, a shared lounge and a terrace. &lt;/div&gt;&lt;/div&gt;&lt;/div&gt;&lt;div class=&quot;&quot;&gt;&lt;div class=&quot;aca0ade214 ebac6e22e9 cd2e7d62b0 f920833fe5&quot;&gt;&lt;div class=&quot;&quot;&gt;&lt;div class=&quot;aca0ade214 a5f1aae5b2 cd2e7d62b0&quot;&gt;&lt;a target=&quot;_blank&quot; rel=&quot;noopener noreferrer&quot; data-testid=&quot;review-score-link&quot; href=&quot;https://www.booking.com/hotel/ph/rl-veranda-suite.html?ucfs=1&amp;amp;arphpl=1&amp;amp;dest_id=261060&amp;amp;dest_type=landmark&amp;amp;group_adults=2&amp;amp;req_adults=2&amp;amp;no_rooms=1&amp;amp;group_children=0&amp;amp;req_children=0&amp;amp;hpos=9&amp;amp;hapos=9&amp;amp;sr_order=popularity&amp;amp;srpvid=7c9c48ada4eb027a&amp;amp;srepoch=1694773211&amp;amp;from=searchresults#hotelTmpl&quot; class=&quot;a83ed08757 f88a5204c2 aeccf0d865 b98133fb50&quot;&gt;&lt;span&gt;&lt;div data-testid=&quot;review-score&quot; class=&quot;aca0ade214 aaf30230d9 e1ffac4e41 e7d9f93f4d d79e71457a d5fd510f01 dc7f26e57f&quot;&gt;&lt;div aria-label=&quot;Scored 8.7 &quot; class=&quot;a3b8729ab1 d86cee9b25&quot;&gt;8.7&lt;/div&gt;&lt;div class=&quot;aaee4e7cd3 e7a57abb1e a29749fd9f&quot;&gt;&lt;div aria-label=&quot;Excellent&quot; class=&quot;a3b8729ab1 e6208ee469 cb2cbb3ccb&quot;&gt;Excellent&lt;!-- --&gt; &lt;/div&gt;&lt;div class=&quot;abf093bdfe f45d8e4c32 d935416c47&quot;&gt;277 reviews&lt;/div&gt;&lt;/div&gt;&lt;/div&gt;&lt;/span&gt;&lt;/a&gt;&lt;/div&gt;&lt;/div&gt;&lt;div&gt;&lt;span class=&quot;f419a93f12&quot;&gt;&lt;button aria-expanded=&quot;false&quot; type=&quot;button&quot; class=&quot;a83ed08757 c21c56c305 a4c1805887 ab98298258 deab83296e c082d89982&quot;&gt;&lt;span class=&quot;e4adce92df&quot;&gt;Show prices&lt;/span&gt;&lt;/button&gt;&lt;/span&gt;&lt;/div&gt;&lt;/div&gt;&lt;/div&gt;&lt;/div&gt;&lt;/div&gt;&lt;/div&gt;&lt;/div&gt;&lt;/div&gt;&lt;div class=&quot;ea6e492f88&quot;&gt;&lt;/div&gt;&lt;/div&gt;&lt;div class=&quot;bea018f16c&quot;&gt;&lt;div&gt;&lt;/div&gt;&lt;/div&gt;&lt;div data-testid=&quot;property-card&quot; class=&quot;c82435a4b8 a178069f51 a6ae3c2b40 a18aeea94d d794b7a0f7 f53e278e95 da89aeb942&quot; style=&quot;--bui_box_padding--s:4&quot;&gt;&lt;div class=&quot;d20f4628d0&quot;&gt;&lt;div class=&quot;f9d4f2568d&quot;&gt;&lt;div class=&quot;c90a25d457&quot;&gt;&lt;a href=&quot;https://www.booking.com/hotel/ph/45.html?ucfs=1&amp;amp;arphpl=1&amp;amp;dest_id=261060&amp;amp;dest_type=landmark&amp;amp;group_adults=2&amp;amp;req_adults=2&amp;amp;no_rooms=1&amp;amp;group_children=0&amp;amp;req_children=0&amp;amp;hpos=10&amp;amp;hapos=10&amp;amp;sr_order=popularity&amp;amp;srpvid=7c9c48ada4eb027a&amp;amp;srepoch=1694773211&amp;amp;from=searchresults#hotelTmpl&quot; target=&quot;_blank&quot; rel=&quot;noopener noreferrer&quot; tabindex=&quot;-1&quot; aria-hidden=&quot;true&quot; data-testid=&quot;property-card-desktop-single-image&quot;&gt;&lt;img src=&quot;https://cf.bstatic.com/xdata/images/hotel/square200/145244312.jpg?k=3e7ebfc1b5f85e1e3bb009105aec40fcf40a69a323e73b206d1f626c9664e317&amp;amp;o=&quot; alt=&quot;Hotel 45&quot; width=&quot;200&quot; height=&quot;200&quot; class=&quot;b8b0793b0e&quot; data-testid=&quot;image&quot;/&gt;&lt;/a&gt;&lt;div class=&quot;d226e2f1b9&quot;&gt;&lt;span class=&quot;f419a93f12&quot;&gt;&lt;button class=&quot;f41101cd39&quot; aria-expanded=&quot;false&quot; data-testid=&quot;wishlist-button&quot;&gt;&lt;span data-testid=&quot;wishlist-icon&quot; class=&quot;fcd9eec8fb c422d77911 d24fc26e73&quot; aria-hidden=&quot;true&quot;&gt;&lt;svg viewBox=&quot;0 0 128 128&quot; width=&quot;1em&quot; height=&quot;1em&quot;&gt;&lt;path d=&quot;M64 112a3.6 3.6 0 0 1-2-.5 138.8 138.8 0 0 1-44.2-38c-10-14.4-10.6-26-9.4-33.2a29 29 0 0 1 22.9-23.7c11.9-2.4 24 2.5 32.7 13a33.7 33.7 0 0 1 32.7-13 29 29 0 0 1 22.8 23.7c1.3 7.2.6 18.8-9.3 33.3-9.1 13.1-24 25.9-44.2 37.9a3.6 3.6 0 0 1-2 .5z&quot;&gt;&lt;/path&gt;&lt;/svg&gt;&lt;/span&gt;&lt;/button&gt;&lt;/span&gt;&lt;/div&gt;&lt;/div&gt;&lt;/div&gt;&lt;div class=&quot;b978843432&quot;&gt;&lt;div class=&quot;aca0ade214 aaf30230d9 cd2e7d62b0 f996d8c258&quot;&gt;&lt;div class=&quot;&quot;&gt;&lt;div class=&quot;aca0ade214 c9835feea9 c2931f4182 d79e71457a d14b211b4f&quot;&gt;&lt;div class=&quot;aaee4e7cd3 e7a57abb1e&quot;&gt;&lt;div class=&quot;aca0ade214 a5f1aae5b2 cd2e7d62b0&quot;&gt;&lt;div&gt;&lt;div class=&quot;dd023375f5&quot;&gt;&lt;h3 class=&quot;a4225678b2&quot;&gt;&lt;a href=&quot;https://www.booking.com/hotel/ph/45.html?ucfs=1&amp;amp;arphpl=1&amp;amp;dest_id=261060&amp;amp;dest_type=landmark&amp;amp;group_adults=2&amp;amp;req_adults=2&amp;amp;no_rooms=1&amp;amp;group_children=0&amp;amp;req_children=0&amp;amp;hpos=10&amp;amp;hapos=10&amp;amp;sr_order=popularity&amp;amp;srpvid=7c9c48ada4eb027a&amp;amp;srepoch=1694773211&amp;amp;from=searchresults#hotelTmpl&quot; class=&quot;e13098a59f&quot; target=&quot;_blank&quot; rel=&quot;noopener noreferrer&quot; data-testid=&quot;title-link&quot;&gt;&lt;div data-testid=&quot;title&quot; class=&quot;f6431b446c a23c043802&quot;&gt;Hotel 45&lt;/div&gt;&lt;div class=&quot;ac4a7896c7&quot;&gt;Opens in new window&lt;/div&gt;&lt;/a&gt;&lt;/h3&gt;&lt;/div&gt;&lt;/div&gt;&lt;div&gt;&lt;div class=&quot;abf093bdfe a1fbd102d9&quot;&gt;&lt;a target=&quot;_blank&quot; rel=&quot;noopener noreferrer&quot; href=&quot;https://www.booking.com/hotel/ph/45.html?ucfs=1&amp;amp;arphpl=1&amp;amp;dest_id=261060&amp;amp;dest_type=landmark&amp;amp;group_adults=2&amp;amp;req_adults=2&amp;amp;no_rooms=1&amp;amp;group_children=0&amp;amp;req_children=0&amp;amp;hpos=10&amp;amp;hapos=10&amp;amp;sr_order=popularity&amp;amp;srpvid=7c9c48ada4eb027a&amp;amp;srepoch=1694773211&amp;amp;from=searchresults&amp;amp;map=1&quot; class=&quot;a83ed08757 f88a5204c2 e0e11a8307 b98133fb50&quot;&gt;&lt;span&gt;&lt;span class=&quot;f4bd0794db b4273d69aa&quot; data-testid=&quot;address&quot;&gt;Baguio&lt;/span&gt;&lt;span class=&quot;f4bd0794db b4273d69aa&quot;&gt;Show on map&lt;/span&gt;&lt;/span&gt;&lt;/a&gt;&lt;span class=&quot;f4bd0794db&quot;&gt;&lt;span class=&quot;f419a93f12&quot;&gt;&lt;span aria-expanded=&quot;false&quot; data-testid=&quot;distance&quot;&gt;0.2 miles from Session Road&lt;/span&gt;&lt;/span&gt;&lt;/span&gt;&lt;/div&gt;&lt;/div&gt;&lt;div class=&quot;abf093bdfe&quot;&gt;Featuring a bar, Hotel 45 is located in Baguio in the Luzon region, a 5-minute walk from SM City Baguio and 0.6 miles from Mines View Park. &lt;/div&gt;&lt;/div&gt;&lt;/div&gt;&lt;div class=&quot;&quot;&gt;&lt;div class=&quot;aca0ade214 ebac6e22e9 cd2e7d62b0 f920833fe5&quot;&gt;&lt;div class=&quot;&quot;&gt;&lt;div class=&quot;aca0ade214 a5f1aae5b2 cd2e7d62b0&quot;&gt;&lt;a target=&quot;_blank&quot; rel=&quot;noopener noreferrer&quot; data-testid=&quot;review-score-link&quot; href=&quot;https://www.booking.com/hotel/ph/45.html?ucfs=1&amp;amp;arphpl=1&amp;amp;dest_id=261060&amp;amp;dest_type=landmark&amp;amp;group_adults=2&amp;amp;req_adults=2&amp;amp;no_rooms=1&amp;amp;group_children=0&amp;amp;req_children=0&amp;amp;hpos=10&amp;amp;hapos=10&amp;amp;sr_order=popularity&amp;amp;srpvid=7c9c48ada4eb027a&amp;amp;srepoch=1694773211&amp;amp;from=searchresults#hotelTmpl&quot; class=&quot;a83ed08757 f88a5204c2 aeccf0d865 b98133fb50&quot;&gt;&lt;span&gt;&lt;div data-testid=&quot;review-score&quot; class=&quot;aca0ade214 aaf30230d9 e1ffac4e41 e7d9f93f4d d79e71457a d5fd510f01 dc7f26e57f&quot;&gt;&lt;div aria-label=&quot;Scored 7.1 &quot; class=&quot;a3b8729ab1 d86cee9b25&quot;&gt;7.1&lt;/div&gt;&lt;div class=&quot;aaee4e7cd3 e7a57abb1e a29749fd9f&quot;&gt;&lt;div aria-label=&quot;Good&quot; class=&quot;a3b8729ab1 e6208ee469 cb2cbb3ccb&quot;&gt;Good&lt;!-- --&gt; &lt;/div&gt;&lt;div class=&quot;abf093bdfe f45d8e4c32 d935416c47&quot;&gt;537 reviews&lt;/div&gt;&lt;/div&gt;&lt;/div&gt;&lt;/span&gt;&lt;/a&gt;&lt;/div&gt;&lt;/div&gt;&lt;div&gt;&lt;span class=&quot;f419a93f12&quot;&gt;&lt;button aria-expanded=&quot;false&quot; type=&quot;button&quot; class=&quot;a83ed08757 c21c56c305 a4c1805887 ab98298258 deab83296e c082d89982&quot;&gt;&lt;span class=&quot;e4adce92df&quot;&gt;Show prices&lt;/span&gt;&lt;/button&gt;&lt;/span&gt;&lt;/div&gt;&lt;/div&gt;&lt;/div&gt;&lt;/div&gt;&lt;/div&gt;&lt;/div&gt;&lt;/div&gt;&lt;/div&gt;&lt;div class=&quot;ea6e492f88&quot;&gt;&lt;/div&gt;&lt;/div&gt;&lt;div class=&quot;bea018f16c&quot;&gt;&lt;div&gt;&lt;/div&gt;&lt;/div&gt;&lt;div data-testid=&quot;property-card&quot; class=&quot;c82435a4b8 a178069f51 a6ae3c2b40 a18aeea94d d794b7a0f7 f53e278e95 da89aeb942&quot; style=&quot;--bui_box_padding--s:4&quot;&gt;&lt;div class=&quot;d20f4628d0&quot;&gt;&lt;div class=&quot;f9d4f2568d&quot;&gt;&lt;div class=&quot;c90a25d457&quot;&gt;&lt;a href=&quot;https://www.booking.com/hotel/ph/3bu-hostel.html?ucfs=1&amp;amp;arphpl=1&amp;amp;dest_id=261060&amp;amp;dest_type=landmark&amp;amp;group_adults=2&amp;amp;req_adults=2&amp;amp;no_rooms=1&amp;amp;group_children=0&amp;amp;req_children=0&amp;amp;hpos=11&amp;amp;hapos=11&amp;amp;sr_order=popularity&amp;amp;srpvid=7c9c48ada4eb027a&amp;amp;srepoch=1694773211&amp;amp;from=searchresults#hotelTmpl&quot; target=&quot;_blank&quot; rel=&quot;noopener noreferrer&quot; tabindex=&quot;-1&quot; aria-hidden=&quot;true&quot; data-testid=&quot;property-card-desktop-single-image&quot;&gt;&lt;img src=&quot;https://cf.bstatic.com/xdata/images/hotel/square200/438565909.jpg?k=1955683b617c736814bcd342f454b5611256e01fa3cd5fe31ae7e0ea3bf5327c&amp;amp;o=&quot; alt=&quot;3BU Hostel Baguio - Bonifacio&quot; width=&quot;200&quot; height=&quot;200&quot; class=&quot;b8b0793b0e&quot; data-testid=&quot;image&quot;/&gt;&lt;/a&gt;&lt;div class=&quot;d226e2f1b9&quot;&gt;&lt;span class=&quot;f419a93f12&quot;&gt;&lt;button class=&quot;f41101cd39&quot; aria-expanded=&quot;false&quot; data-testid=&quot;wishlist-button&quot;&gt;&lt;span data-testid=&quot;wishlist-icon&quot; class=&quot;fcd9eec8fb c422d77911 d24fc26e73&quot; aria-hidden=&quot;true&quot;&gt;&lt;svg viewBox=&quot;0 0 128 128&quot; width=&quot;1em&quot; height=&quot;1em&quot;&gt;&lt;path d=&quot;M64 112a3.6 3.6 0 0 1-2-.5 138.8 138.8 0 0 1-44.2-38c-10-14.4-10.6-26-9.4-33.2a29 29 0 0 1 22.9-23.7c11.9-2.4 24 2.5 32.7 13a33.7 33.7 0 0 1 32.7-13 29 29 0 0 1 22.8 23.7c1.3 7.2.6 18.8-9.3 33.3-9.1 13.1-24 25.9-44.2 37.9a3.6 3.6 0 0 1-2 .5z&quot;&gt;&lt;/path&gt;&lt;/svg&gt;&lt;/span&gt;&lt;/button&gt;&lt;/span&gt;&lt;/div&gt;&lt;/div&gt;&lt;/div&gt;&lt;div class=&quot;b978843432&quot;&gt;&lt;div class=&quot;aca0ade214 aaf30230d9 cd2e7d62b0 f996d8c258&quot;&gt;&lt;div class=&quot;&quot;&gt;&lt;div class=&quot;aca0ade214 c9835feea9 c2931f4182 d79e71457a d14b211b4f&quot;&gt;&lt;div class=&quot;aaee4e7cd3 e7a57abb1e&quot;&gt;&lt;div class=&quot;aca0ade214 a5f1aae5b2 cd2e7d62b0&quot;&gt;&lt;div&gt;&lt;div class=&quot;dd023375f5&quot;&gt;&lt;h3 class=&quot;a4225678b2&quot;&gt;&lt;a href=&quot;https://www.booking.com/hotel/ph/3bu-hostel.html?ucfs=1&amp;amp;arphpl=1&amp;amp;dest_id=261060&amp;amp;dest_type=landmark&amp;amp;group_adults=2&amp;amp;req_adults=2&amp;amp;no_rooms=1&amp;amp;group_children=0&amp;amp;req_children=0&amp;amp;hpos=11&amp;amp;hapos=11&amp;amp;sr_order=popularity&amp;amp;srpvid=7c9c48ada4eb027a&amp;amp;srepoch=1694773211&amp;amp;from=searchresults#hotelTmpl&quot; class=&quot;e13098a59f&quot; target=&quot;_blank&quot; rel=&quot;noopener noreferrer&quot; data-testid=&quot;title-link&quot;&gt;&lt;div data-testid=&quot;title&quot; class=&quot;f6431b446c a23c043802&quot;&gt;3BU Hostel Baguio - Bonifacio&lt;/div&gt;&lt;div class=&quot;ac4a7896c7&quot;&gt;Opens in new window&lt;/div&gt;&lt;/a&gt;&lt;/h3&gt;&lt;/div&gt;&lt;/div&gt;&lt;div&gt;&lt;div class=&quot;abf093bdfe a1fbd102d9&quot;&gt;&lt;a target=&quot;_blank&quot; rel=&quot;noopener noreferrer&quot; href=&quot;https://www.booking.com/hotel/ph/3bu-hostel.html?ucfs=1&amp;amp;arphpl=1&amp;amp;dest_id=261060&amp;amp;dest_type=landmark&amp;amp;group_adults=2&amp;amp;req_adults=2&amp;amp;no_rooms=1&amp;amp;group_children=0&amp;amp;req_children=0&amp;amp;hpos=11&amp;amp;hapos=11&amp;amp;sr_order=popularity&amp;amp;srpvid=7c9c48ada4eb027a&amp;amp;srepoch=1694773211&amp;amp;from=searchresults&amp;amp;map=1&quot; class=&quot;a83ed08757 f88a5204c2 e0e11a8307 b98133fb50&quot;&gt;&lt;span&gt;&lt;span class=&quot;f4bd0794db b4273d69aa&quot; data-testid=&quot;address&quot;&gt;Baguio&lt;/span&gt;&lt;span class=&quot;f4bd0794db b4273d69aa&quot;&gt;Show on map&lt;/span&gt;&lt;/span&gt;&lt;/a&gt;&lt;span class=&quot;f4bd0794db&quot;&gt;&lt;span class=&quot;f419a93f12&quot;&gt;&lt;span aria-expanded=&quot;false&quot; data-testid=&quot;distance&quot;&gt;0.2 miles from Session Road&lt;/span&gt;&lt;/span&gt;&lt;/span&gt;&lt;/div&gt;&lt;/div&gt;&lt;div class=&quot;abf093bdfe&quot;&gt;Located in Baguio, a 5-minute walk from Mines View Park, 3BU Hostel Baguio - Bonifacio has air-conditioned accommodations and a shared lounge. &lt;/div&gt;&lt;/div&gt;&lt;/div&gt;&lt;div class=&quot;&quot;&gt;&lt;div class=&quot;aca0ade214 ebac6e22e9 cd2e7d62b0 f920833fe5&quot;&gt;&lt;div class=&quot;&quot;&gt;&lt;div class=&quot;aca0ade214 a5f1aae5b2 cd2e7d62b0&quot;&gt;&lt;a target=&quot;_blank&quot; rel=&quot;noopener noreferrer&quot; data-testid=&quot;review-score-link&quot; href=&quot;https://www.booking.com/hotel/ph/3bu-hostel.html?ucfs=1&amp;amp;arphpl=1&amp;amp;dest_id=261060&amp;amp;dest_type=landmark&amp;amp;group_adults=2&amp;amp;req_adults=2&amp;amp;no_rooms=1&amp;amp;group_children=0&amp;amp;req_children=0&amp;amp;hpos=11&amp;amp;hapos=11&amp;amp;sr_order=popularity&amp;amp;srpvid=7c9c48ada4eb027a&amp;amp;srepoch=1694773211&amp;amp;from=searchresults#hotelTmpl&quot; class=&quot;a83ed08757 f88a5204c2 aeccf0d865 b98133fb50&quot;&gt;&lt;span&gt;&lt;div data-testid=&quot;review-score&quot; class=&quot;aca0ade214 aaf30230d9 e1ffac4e41 e7d9f93f4d d79e71457a d5fd510f01 dc7f26e57f&quot;&gt;&lt;div aria-label=&quot;Scored 8.2 &quot; class=&quot;a3b8729ab1 d86cee9b25&quot;&gt;8.2&lt;/div&gt;&lt;div class=&quot;aaee4e7cd3 e7a57abb1e a29749fd9f&quot;&gt;&lt;div aria-label=&quot;Very Good&quot; class=&quot;a3b8729ab1 e6208ee469 cb2cbb3ccb&quot;&gt;Very Good&lt;!-- --&gt; &lt;/div&gt;&lt;div class=&quot;abf093bdfe f45d8e4c32 d935416c47&quot;&gt;235 reviews&lt;/div&gt;&lt;/div&gt;&lt;/div&gt;&lt;/span&gt;&lt;/a&gt;&lt;/div&gt;&lt;/div&gt;&lt;div&gt;&lt;span class=&quot;f419a93f12&quot;&gt;&lt;button aria-expanded=&quot;false&quot; type=&quot;button&quot; class=&quot;a83ed08757 c21c56c305 a4c1805887 ab98298258 deab83296e c082d89982&quot;&gt;&lt;span class=&quot;e4adce92df&quot;&gt;Show prices&lt;/span&gt;&lt;/button&gt;&lt;/span&gt;&lt;/div&gt;&lt;/div&gt;&lt;/div&gt;&lt;/div&gt;&lt;/div&gt;&lt;/div&gt;&lt;/div&gt;&lt;/div&gt;&lt;div class=&quot;ea6e492f88&quot;&gt;&lt;/div&gt;&lt;/div&gt;&lt;div class=&quot;bea018f16c&quot;&gt;&lt;div&gt;&lt;/div&gt;&lt;/div&gt;&lt;div data-testid=&quot;property-card&quot; class=&quot;c82435a4b8 a178069f51 a6ae3c2b40 a18aeea94d d794b7a0f7 f53e278e95 da89aeb942&quot; style=&quot;--bui_box_padding--s:4&quot;&gt;&lt;div class=&quot;d20f4628d0&quot;&gt;&lt;div class=&quot;f9d4f2568d&quot;&gt;&lt;div class=&quot;c90a25d457&quot;&gt;&lt;a href=&quot;https://www.booking.com/hotel/ph/45-extension.html?ucfs=1&amp;amp;arphpl=1&amp;amp;dest_id=261060&amp;amp;dest_type=landmark&amp;amp;group_adults=2&amp;amp;req_adults=2&amp;amp;no_rooms=1&amp;amp;group_children=0&amp;amp;req_children=0&amp;amp;hpos=12&amp;amp;hapos=12&amp;amp;sr_order=popularity&amp;amp;srpvid=7c9c48ada4eb027a&amp;amp;srepoch=1694773211&amp;amp;from=searchresults#hotelTmpl&quot; target=&quot;_blank&quot; rel=&quot;noopener noreferrer&quot; tabindex=&quot;-1&quot; aria-hidden=&quot;true&quot; data-testid=&quot;property-card-desktop-single-image&quot;&gt;&lt;img src=&quot;https://cf.bstatic.com/xdata/images/hotel/square200/143862179.jpg?k=03ab41a073fe4425fea030fe846ebc2c72e9d4883827ca56a5d89593f7db2737&amp;amp;o=&quot; alt=&quot;Hotel 45 Extension&quot; width=&quot;200&quot; height=&quot;200&quot; class=&quot;b8b0793b0e&quot; data-testid=&quot;image&quot;/&gt;&lt;/a&gt;&lt;div class=&quot;d226e2f1b9&quot;&gt;&lt;span class=&quot;f419a93f12&quot;&gt;&lt;button class=&quot;f41101cd39&quot; aria-expanded=&quot;false&quot; data-testid=&quot;wishlist-button&quot;&gt;&lt;span data-testid=&quot;wishlist-icon&quot; class=&quot;fcd9eec8fb c422d77911 d24fc26e73&quot; aria-hidden=&quot;true&quot;&gt;&lt;svg viewBox=&quot;0 0 128 128&quot; width=&quot;1em&quot; height=&quot;1em&quot;&gt;&lt;path d=&quot;M64 112a3.6 3.6 0 0 1-2-.5 138.8 138.8 0 0 1-44.2-38c-10-14.4-10.6-26-9.4-33.2a29 29 0 0 1 22.9-23.7c11.9-2.4 24 2.5 32.7 13a33.7 33.7 0 0 1 32.7-13 29 29 0 0 1 22.8 23.7c1.3 7.2.6 18.8-9.3 33.3-9.1 13.1-24 25.9-44.2 37.9a3.6 3.6 0 0 1-2 .5z&quot;&gt;&lt;/path&gt;&lt;/svg&gt;&lt;/span&gt;&lt;/button&gt;&lt;/span&gt;&lt;/div&gt;&lt;/div&gt;&lt;/div&gt;&lt;div class=&quot;b978843432&quot;&gt;&lt;div class=&quot;aca0ade214 aaf30230d9 cd2e7d62b0 f996d8c258&quot;&gt;&lt;div class=&quot;&quot;&gt;&lt;div class=&quot;aca0ade214 c9835feea9 c2931f4182 d79e71457a d14b211b4f&quot;&gt;&lt;div class=&quot;aaee4e7cd3 e7a57abb1e&quot;&gt;&lt;div class=&quot;aca0ade214 a5f1aae5b2 cd2e7d62b0&quot;&gt;&lt;div&gt;&lt;div class=&quot;dd023375f5&quot;&gt;&lt;h3 class=&quot;a4225678b2&quot;&gt;&lt;a href=&quot;https://www.booking.com/hotel/ph/45-extension.html?ucfs=1&amp;amp;arphpl=1&amp;amp;dest_id=261060&amp;amp;dest_type=landmark&amp;amp;group_adults=2&amp;amp;req_adults=2&amp;amp;no_rooms=1&amp;amp;group_children=0&amp;amp;req_children=0&amp;amp;hpos=12&amp;amp;hapos=12&amp;amp;sr_order=popularity&amp;amp;srpvid=7c9c48ada4eb027a&amp;amp;srepoch=1694773211&amp;amp;from=searchresults#hotelTmpl&quot; class=&quot;e13098a59f&quot; target=&quot;_blank&quot; rel=&quot;noopener noreferrer&quot; data-testid=&quot;title-link&quot;&gt;&lt;div data-testid=&quot;title&quot; class=&quot;f6431b446c a23c043802&quot;&gt;Hotel 45 Extension&lt;/div&gt;&lt;div class=&quot;ac4a7896c7&quot;&gt;Opens in new window&lt;/div&gt;&lt;/a&gt;&lt;/h3&gt;&lt;/div&gt;&lt;/div&gt;&lt;div&gt;&lt;div class=&quot;abf093bdfe a1fbd102d9&quot;&gt;&lt;a target=&quot;_blank&quot; rel=&quot;noopener noreferrer&quot; href=&quot;https://www.booking.com/hotel/ph/45-extension.html?ucfs=1&amp;amp;arphpl=1&amp;amp;dest_id=261060&amp;amp;dest_type=landmark&amp;amp;group_adults=2&amp;amp;req_adults=2&amp;amp;no_rooms=1&amp;amp;group_children=0&amp;amp;req_children=0&amp;amp;hpos=12&amp;amp;hapos=12&amp;amp;sr_order=popularity&amp;amp;srpvid=7c9c48ada4eb027a&amp;amp;srepoch=1694773211&amp;amp;from=searchresults&amp;amp;map=1&quot; class=&quot;a83ed08757 f88a5204c2 e0e11a8307 b98133fb50&quot;&gt;&lt;span&gt;&lt;span class=&quot;f4bd0794db b4273d69aa&quot; data-testid=&quot;address&quot;&gt;Baguio&lt;/span&gt;&lt;span class=&quot;f4bd0794db b4273d69aa&quot;&gt;Show on map&lt;/span&gt;&lt;/span&gt;&lt;/a&gt;&lt;span class=&quot;f4bd0794db&quot;&gt;&lt;span class=&quot;f419a93f12&quot;&gt;&lt;span aria-expanded=&quot;false&quot; data-testid=&quot;distance&quot;&gt;0.2 miles from Session Road&lt;/span&gt;&lt;/span&gt;&lt;/span&gt;&lt;/div&gt;&lt;/div&gt;&lt;div class=&quot;abf093bdfe&quot;&gt;Located within 1.7 miles of Camp John Hay and 2.1 miles of Lourdes Grotto, Hotel 45 Extension has rooms in Baguio. &lt;/div&gt;&lt;/div&gt;&lt;/div&gt;&lt;div class=&quot;&quot;&gt;&lt;div class=&quot;aca0ade214 ebac6e22e9 cd2e7d62b0 f920833fe5&quot;&gt;&lt;div class=&quot;&quot;&gt;&lt;div class=&quot;aca0ade214 a5f1aae5b2 cd2e7d62b0&quot;&gt;&lt;a target=&quot;_blank&quot; rel=&quot;noopener noreferrer&quot; data-testid=&quot;review-score-link&quot; href=&quot;https://www.booking.com/hotel/ph/45-extension.html?ucfs=1&amp;amp;arphpl=1&amp;amp;dest_id=261060&amp;amp;dest_type=landmark&amp;amp;group_adults=2&amp;amp;req_adults=2&amp;amp;no_rooms=1&amp;amp;group_children=0&amp;amp;req_children=0&amp;amp;hpos=12&amp;amp;hapos=12&amp;amp;sr_order=popularity&amp;amp;srpvid=7c9c48ada4eb027a&amp;amp;srepoch=1694773211&amp;amp;from=searchresults#hotelTmpl&quot; class=&quot;a83ed08757 f88a5204c2 aeccf0d865 b98133fb50&quot;&gt;&lt;span&gt;&lt;div data-testid=&quot;review-score&quot; class=&quot;aca0ade214 aaf30230d9 e1ffac4e41 e7d9f93f4d d79e71457a d5fd510f01 dc7f26e57f&quot;&gt;&lt;div aria-label=&quot;Scored 8.1 &quot; class=&quot;a3b8729ab1 d86cee9b25&quot;&gt;8.1&lt;/div&gt;&lt;div class=&quot;aaee4e7cd3 e7a57abb1e a29749fd9f&quot;&gt;&lt;div aria-label=&quot;Very Good&quot; class=&quot;a3b8729ab1 e6208ee469 cb2cbb3ccb&quot;&gt;Very Good&lt;!-- --&gt; &lt;/div&gt;&lt;div class=&quot;abf093bdfe f45d8e4c32 d935416c47&quot;&gt;72 reviews&lt;/div&gt;&lt;/div&gt;&lt;/div&gt;&lt;/span&gt;&lt;/a&gt;&lt;div&gt;&lt;a target=&quot;_blank&quot; rel=&quot;noopener noreferrer&quot; data-testid=&quot;secondary-review-score-link&quot; aria-label=&quot;Location: Scored 9.7 &quot; href=&quot;https://www.booking.com/hotel/ph/45-extension.html?ucfs=1&amp;amp;arphpl=1&amp;amp;dest_id=261060&amp;amp;dest_type=landmark&amp;amp;group_adults=2&amp;amp;req_adults=2&amp;amp;no_rooms=1&amp;amp;group_children=0&amp;amp;req_children=0&amp;amp;hpos=12&amp;amp;hapos=12&amp;amp;sr_order=popularity&amp;amp;srpvid=7c9c48ada4eb027a&amp;amp;srepoch=1694773211&amp;amp;from=searchresults#hotelTmpl&quot; class=&quot;a83ed08757 f88a5204c2 b98133fb50&quot;&gt;&lt;span&gt;&lt;span class=&quot;a3332d346a&quot;&gt;Location&lt;!-- --&gt; &lt;!-- --&gt;9.7&lt;/span&gt;&lt;/span&gt;&lt;/a&gt;&lt;/div&gt;&lt;/div&gt;&lt;/div&gt;&lt;div&gt;&lt;span class=&quot;f419a93f12&quot;&gt;&lt;button aria-expanded=&quot;false&quot; type=&quot;button&quot; class=&quot;a83ed08757 c21c56c305 a4c1805887 ab98298258 deab83296e c082d89982&quot;&gt;&lt;span class=&quot;e4adce92df&quot;&gt;Show prices&lt;/span&gt;&lt;/button&gt;&lt;/span&gt;&lt;/div&gt;&lt;/div&gt;&lt;/div&gt;&lt;/div&gt;&lt;/div&gt;&lt;/div&gt;&lt;/div&gt;&lt;/div&gt;&lt;div class=&quot;ea6e492f88&quot;&gt;&lt;/div&gt;&lt;/div&gt;&lt;div class=&quot;bea018f16c&quot;&gt;&lt;div&gt;&lt;/div&gt;&lt;/div&gt;&lt;div data-testid=&quot;property-card&quot; class=&quot;c82435a4b8 a178069f51 a6ae3c2b40 a18aeea94d d794b7a0f7 f53e278e95 da89aeb942&quot; style=&quot;--bui_box_padding--s:4&quot;&gt;&lt;div class=&quot;d20f4628d0&quot;&gt;&lt;div class=&quot;f9d4f2568d&quot;&gt;&lt;div class=&quot;c90a25d457&quot;&gt;&lt;a href=&quot;https://www.booking.com/hotel/ph/paladin.html?ucfs=1&amp;amp;arphpl=1&amp;amp;dest_id=261060&amp;amp;dest_type=landmark&amp;amp;group_adults=2&amp;amp;req_adults=2&amp;amp;no_rooms=1&amp;amp;group_children=0&amp;amp;req_children=0&amp;amp;hpos=13&amp;amp;hapos=13&amp;amp;sr_order=popularity&amp;amp;srpvid=7c9c48ada4eb027a&amp;amp;srepoch=1694773211&amp;amp;from=searchresults#hotelTmpl&quot; target=&quot;_blank&quot; rel=&quot;noopener noreferrer&quot; tabindex=&quot;-1&quot; aria-hidden=&quot;true&quot; data-testid=&quot;property-card-desktop-single-image&quot;&gt;&lt;img src=&quot;https://cf.bstatic.com/xdata/images/hotel/square200/389380911.jpg?k=591be031ec583c06d406d8d17505b7b4ed7ed4fbea3aec9d136a6c2bcc211c26&amp;amp;o=&quot; alt=&quot;Paladin Hotel&quot; width=&quot;200&quot; height=&quot;200&quot; class=&quot;b8b0793b0e&quot; data-testid=&quot;image&quot;/&gt;&lt;/a&gt;&lt;div class=&quot;d226e2f1b9&quot;&gt;&lt;span class=&quot;f419a93f12&quot;&gt;&lt;button class=&quot;f41101cd39&quot; aria-expanded=&quot;false&quot; data-testid=&quot;wishlist-button&quot;&gt;&lt;span data-testid=&quot;wishlist-icon&quot; class=&quot;fcd9eec8fb c422d77911 d24fc26e73&quot; aria-hidden=&quot;true&quot;&gt;&lt;svg viewBox=&quot;0 0 128 128&quot; width=&quot;1em&quot; height=&quot;1em&quot;&gt;&lt;path d=&quot;M64 112a3.6 3.6 0 0 1-2-.5 138.8 138.8 0 0 1-44.2-38c-10-14.4-10.6-26-9.4-33.2a29 29 0 0 1 22.9-23.7c11.9-2.4 24 2.5 32.7 13a33.7 33.7 0 0 1 32.7-13 29 29 0 0 1 22.8 23.7c1.3 7.2.6 18.8-9.3 33.3-9.1 13.1-24 25.9-44.2 37.9a3.6 3.6 0 0 1-2 .5z&quot;&gt;&lt;/path&gt;&lt;/svg&gt;&lt;/span&gt;&lt;/button&gt;&lt;/span&gt;&lt;/div&gt;&lt;/div&gt;&lt;/div&gt;&lt;div class=&quot;b978843432&quot;&gt;&lt;div class=&quot;aca0ade214 aaf30230d9 cd2e7d62b0 f996d8c258&quot;&gt;&lt;div class=&quot;&quot;&gt;&lt;div class=&quot;aca0ade214 c9835feea9 c2931f4182 d79e71457a d14b211b4f&quot;&gt;&lt;div class=&quot;aaee4e7cd3 e7a57abb1e&quot;&gt;&lt;div class=&quot;aca0ade214 a5f1aae5b2 cd2e7d62b0&quot;&gt;&lt;div&gt;&lt;div class=&quot;dd023375f5&quot;&gt;&lt;h3 class=&quot;a4225678b2&quot;&gt;&lt;a href=&quot;https://www.booking.com/hotel/ph/paladin.html?ucfs=1&amp;amp;arphpl=1&amp;amp;dest_id=261060&amp;amp;dest_type=landmark&amp;amp;group_adults=2&amp;amp;req_adults=2&amp;amp;no_rooms=1&amp;amp;group_children=0&amp;amp;req_children=0&amp;amp;hpos=13&amp;amp;hapos=13&amp;amp;sr_order=popularity&amp;amp;srpvid=7c9c48ada4eb027a&amp;amp;srepoch=1694773211&amp;amp;from=searchresults#hotelTmpl&quot; class=&quot;e13098a59f&quot; target=&quot;_blank&quot; rel=&quot;noopener noreferrer&quot; data-testid=&quot;title-link&quot;&gt;&lt;div data-testid=&quot;title&quot; class=&quot;f6431b446c a23c043802&quot;&gt;Paladin Hotel&lt;/div&gt;&lt;div class=&quot;ac4a7896c7&quot;&gt;Opens in new window&lt;/div&gt;&lt;/a&gt;&lt;/h3&gt;&lt;span class=&quot;f419a93f12&quot;&gt;&lt;span aria-expanded=&quot;false&quot; tabindex=&quot;0&quot; role=&quot;button&quot; data-testid=&quot;preferred-badge&quot;&gt;&lt;span role=&quot;img&quot; class=&quot;fcd9eec8fb c79b3cbed2 c2cc050fb8 e410954d4b&quot; aria-label=&quot;This property is part of our Preferred Partner Program. It&amp;#x27;s committed to providing excellent service and good value. It’ll pay us a higher commission if you make a booking.&quot;&gt;&lt;svg viewBox=&quot;0 0 128 128&quot; width=&quot;1em&quot; height=&quot;1em&quot;&gt;&lt;path d=&quot;M112 8H16a8 8 0 0 0-8 8v96a8 8 0 0 0 8 8h96a8 8 0 0 0 8-8V16a8 8 0 0 0-8-8zM48 96H24V58h24zm56-25a8.7 8.7 0 0 1-2 6 8.9 8.9 0 0 1 1 4 6.9 6.9 0 0 1-5 7c-.5 4-4.8 8-9 8H56V58l10.3-23.3a5.4 5.4 0 0 1 10.1 2.7 10.3 10.3 0 0 1-.6 2.7L72 52h23c4.5 0 9 3.5 9 8a9.2 9.2 0 0 1-2 5.3 7.5 7.5 0 0 1 2 5.7z&quot;&gt;&lt;/path&gt;&lt;/svg&gt;&lt;/span&gt;&lt;/span&gt;&lt;/span&gt;&lt;/div&gt;&lt;/div&gt;&lt;div&gt;&lt;div class=&quot;abf093bdfe a1fbd102d9&quot;&gt;&lt;a target=&quot;_blank&quot; rel=&quot;noopener noreferrer&quot; href=&quot;https://www.booking.com/hotel/ph/paladin.html?ucfs=1&amp;amp;arphpl=1&amp;amp;dest_id=261060&amp;amp;dest_type=landmark&amp;amp;group_adults=2&amp;amp;req_adults=2&amp;amp;no_rooms=1&amp;amp;group_children=0&amp;amp;req_children=0&amp;amp;hpos=13&amp;amp;hapos=13&amp;amp;sr_order=popularity&amp;amp;srpvid=7c9c48ada4eb027a&amp;amp;srepoch=1694773211&amp;amp;from=searchresults&amp;amp;map=1&quot; class=&quot;a83ed08757 f88a5204c2 e0e11a8307 b98133fb50&quot;&gt;&lt;span&gt;&lt;span class=&quot;f4bd0794db b4273d69aa&quot; data-testid=&quot;address&quot;&gt;Baguio&lt;/span&gt;&lt;span class=&quot;f4bd0794db b4273d69aa&quot;&gt;Show on map&lt;/span&gt;&lt;/span&gt;&lt;/a&gt;&lt;span class=&quot;f4bd0794db&quot;&gt;&lt;span class=&quot;f419a93f12&quot;&gt;&lt;span aria-expanded=&quot;false&quot; data-testid=&quot;distance&quot;&gt;0.4 miles from Session Road&lt;/span&gt;&lt;/span&gt;&lt;/span&gt;&lt;/div&gt;&lt;/div&gt;&lt;div class=&quot;abf093bdfe&quot;&gt;Paladin Hotel is located in Baguio, just 5 minutes&amp;#x27; walk from Burnham Park and 20 minutes&amp;#x27; walk from SM Baguio Mall. Offering free Wi-Fi and parking, it has massage services and a 24-hour front desk. &lt;/div&gt;&lt;/div&gt;&lt;/div&gt;&lt;div class=&quot;&quot;&gt;&lt;div class=&quot;aca0ade214 ebac6e22e9 cd2e7d62b0 f920833fe5&quot;&gt;&lt;div class=&quot;&quot;&gt;&lt;div class=&quot;aca0ade214 a5f1aae5b2 cd2e7d62b0&quot;&gt;&lt;a target=&quot;_blank&quot; rel=&quot;noopener noreferrer&quot; data-testid=&quot;review-score-link&quot; href=&quot;https://www.booking.com/hotel/ph/paladin.html?ucfs=1&amp;amp;arphpl=1&amp;amp;dest_id=261060&amp;amp;dest_type=landmark&amp;amp;group_adults=2&amp;amp;req_adults=2&amp;amp;no_rooms=1&amp;amp;group_children=0&amp;amp;req_children=0&amp;amp;hpos=13&amp;amp;hapos=13&amp;amp;sr_order=popularity&amp;amp;srpvid=7c9c48ada4eb027a&amp;amp;srepoch=1694773211&amp;amp;from=searchresults#hotelTmpl&quot; class=&quot;a83ed08757 f88a5204c2 aeccf0d865 b98133fb50&quot;&gt;&lt;span&gt;&lt;div data-testid=&quot;review-score&quot; class=&quot;aca0ade214 aaf30230d9 e1ffac4e41 e7d9f93f4d d79e71457a d5fd510f01 dc7f26e57f&quot;&gt;&lt;div aria-label=&quot;Scored 7.4 &quot; class=&quot;a3b8729ab1 d86cee9b25&quot;&gt;7.4&lt;/div&gt;&lt;div class=&quot;aaee4e7cd3 e7a57abb1e a29749fd9f&quot;&gt;&lt;div aria-label=&quot;Good&quot; class=&quot;a3b8729ab1 e6208ee469 cb2cbb3ccb&quot;&gt;Good&lt;!-- --&gt; &lt;/div&gt;&lt;div class=&quot;abf093bdfe f45d8e4c32 d935416c47&quot;&gt;136 reviews&lt;/div&gt;&lt;/div&gt;&lt;/div&gt;&lt;/span&gt;&lt;/a&gt;&lt;/div&gt;&lt;/div&gt;&lt;div&gt;&lt;span class=&quot;f419a93f12&quot;&gt;&lt;button aria-expanded=&quot;false&quot; type=&quot;button&quot; class=&quot;a83ed08757 c21c56c305 a4c1805887 ab98298258 deab83296e c082d89982&quot;&gt;&lt;span class=&quot;e4adce92df&quot;&gt;Show prices&lt;/span&gt;&lt;/button&gt;&lt;/span&gt;&lt;/div&gt;&lt;/div&gt;&lt;/div&gt;&lt;/div&gt;&lt;/div&gt;&lt;/div&gt;&lt;/div&gt;&lt;/div&gt;&lt;div class=&quot;ea6e492f88&quot;&gt;&lt;/div&gt;&lt;/div&gt;&lt;div class=&quot;bea018f16c&quot;&gt;&lt;div&gt;&lt;/div&gt;&lt;/div&gt;&lt;div data-testid=&quot;property-card&quot; class=&quot;c82435a4b8 a178069f51 a6ae3c2b40 a18aeea94d d794b7a0f7 f53e278e95 da89aeb942&quot; style=&quot;--bui_box_padding--s:4&quot;&gt;&lt;div class=&quot;d20f4628d0&quot;&gt;&lt;div class=&quot;f9d4f2568d&quot;&gt;&lt;div class=&quot;c90a25d457&quot;&gt;&lt;a href=&quot;https://www.booking.com/hotel/ph/angelo-39-s-transient-house.html?ucfs=1&amp;amp;arphpl=1&amp;amp;dest_id=261060&amp;amp;dest_type=landmark&amp;amp;group_adults=2&amp;amp;req_adults=2&amp;amp;no_rooms=1&amp;amp;group_children=0&amp;amp;req_children=0&amp;amp;hpos=14&amp;amp;hapos=14&amp;amp;sr_order=popularity&amp;amp;srpvid=7c9c48ada4eb027a&amp;amp;srepoch=1694773211&amp;amp;from=searchresults#hotelTmpl&quot; target=&quot;_blank&quot; rel=&quot;noopener noreferrer&quot; tabindex=&quot;-1&quot; aria-hidden=&quot;true&quot; data-testid=&quot;property-card-desktop-single-image&quot;&gt;&lt;img src=&quot;https://cf.bstatic.com/xdata/images/hotel/square200/491551366.jpg?k=97a8da9a33c4303f849d7d092628d8d4b3052eb5497f5744644ea1c6ec76b37a&amp;amp;o=&quot; alt=&quot;JCGA Apartments (Angelo&amp;#x27;s Burnham)&quot; width=&quot;200&quot; height=&quot;200&quot; class=&quot;b8b0793b0e&quot; data-testid=&quot;image&quot;/&gt;&lt;/a&gt;&lt;div class=&quot;d226e2f1b9&quot;&gt;&lt;span class=&quot;f419a93f12&quot;&gt;&lt;button class=&quot;f41101cd39&quot; aria-expanded=&quot;false&quot; data-testid=&quot;wishlist-button&quot;&gt;&lt;span data-testid=&quot;wishlist-icon&quot; class=&quot;fcd9eec8fb c422d77911 d24fc26e73&quot; aria-hidden=&quot;true&quot;&gt;&lt;svg viewBox=&quot;0 0 128 128&quot; width=&quot;1em&quot; height=&quot;1em&quot;&gt;&lt;path d=&quot;M64 112a3.6 3.6 0 0 1-2-.5 138.8 138.8 0 0 1-44.2-38c-10-14.4-10.6-26-9.4-33.2a29 29 0 0 1 22.9-23.7c11.9-2.4 24 2.5 32.7 13a33.7 33.7 0 0 1 32.7-13 29 29 0 0 1 22.8 23.7c1.3 7.2.6 18.8-9.3 33.3-9.1 13.1-24 25.9-44.2 37.9a3.6 3.6 0 0 1-2 .5z&quot;&gt;&lt;/path&gt;&lt;/svg&gt;&lt;/span&gt;&lt;/button&gt;&lt;/span&gt;&lt;/div&gt;&lt;/div&gt;&lt;/div&gt;&lt;div class=&quot;b978843432&quot;&gt;&lt;div class=&quot;aca0ade214 aaf30230d9 cd2e7d62b0 f996d8c258&quot;&gt;&lt;div class=&quot;&quot;&gt;&lt;div class=&quot;aca0ade214 c9835feea9 c2931f4182 d79e71457a d14b211b4f&quot;&gt;&lt;div class=&quot;aaee4e7cd3 e7a57abb1e&quot;&gt;&lt;div class=&quot;aca0ade214 a5f1aae5b2 cd2e7d62b0&quot;&gt;&lt;div&gt;&lt;div class=&quot;dd023375f5&quot;&gt;&lt;h3 class=&quot;a4225678b2&quot;&gt;&lt;a href=&quot;https://www.booking.com/hotel/ph/angelo-39-s-transient-house.html?ucfs=1&amp;amp;arphpl=1&amp;amp;dest_id=261060&amp;amp;dest_type=landmark&amp;amp;group_adults=2&amp;amp;req_adults=2&amp;amp;no_rooms=1&amp;amp;group_children=0&amp;amp;req_children=0&amp;amp;hpos=14&amp;amp;hapos=14&amp;amp;sr_order=popularity&amp;amp;srpvid=7c9c48ada4eb027a&amp;amp;srepoch=1694773211&amp;amp;from=searchresults#hotelTmpl&quot; class=&quot;e13098a59f&quot; target=&quot;_blank&quot; rel=&quot;noopener noreferrer&quot; data-testid=&quot;title-link&quot;&gt;&lt;div data-testid=&quot;title&quot; class=&quot;f6431b446c a23c043802&quot;&gt;JCGA Apartments (Angelo&amp;#x27;s Burnham)&lt;/div&gt;&lt;div class=&quot;ac4a7896c7&quot;&gt;Opens in new window&lt;/div&gt;&lt;/a&gt;&lt;/h3&gt;&lt;/div&gt;&lt;/div&gt;&lt;div&gt;&lt;div class=&quot;abf093bdfe a1fbd102d9&quot;&gt;&lt;a target=&quot;_blank&quot; rel=&quot;noopener noreferrer&quot; href=&quot;https://www.booking.com/hotel/ph/angelo-39-s-transient-house.html?ucfs=1&amp;amp;arphpl=1&amp;amp;dest_id=261060&amp;amp;dest_type=landmark&amp;amp;group_adults=2&amp;amp;req_adults=2&amp;amp;no_rooms=1&amp;amp;group_children=0&amp;amp;req_children=0&amp;amp;hpos=14&amp;amp;hapos=14&amp;amp;sr_order=popularity&amp;amp;srpvid=7c9c48ada4eb027a&amp;amp;srepoch=1694773211&amp;amp;from=searchresults&amp;amp;map=1&quot; class=&quot;a83ed08757 f88a5204c2 e0e11a8307 b98133fb50&quot;&gt;&lt;span&gt;&lt;span class=&quot;f4bd0794db b4273d69aa&quot; data-testid=&quot;address&quot;&gt;Baguio&lt;/span&gt;&lt;span class=&quot;f4bd0794db b4273d69aa&quot;&gt;Show on map&lt;/span&gt;&lt;/span&gt;&lt;/a&gt;&lt;span class=&quot;f4bd0794db&quot;&gt;&lt;span class=&quot;f419a93f12&quot;&gt;&lt;span aria-expanded=&quot;false&quot; data-testid=&quot;distance&quot;&gt;0.4 miles from Session Road&lt;/span&gt;&lt;/span&gt;&lt;/span&gt;&lt;/div&gt;&lt;/div&gt;&lt;div class=&quot;abf093bdfe&quot;&gt;Offering a garden, Angelo&amp;#x27;s Transient House is located in Baguio, 656 feet from Burnham Park. Session Road is 1969 feet from the property. Free private parking is available on site. &lt;/div&gt;&lt;/div&gt;&lt;/div&gt;&lt;div class=&quot;&quot;&gt;&lt;div class=&quot;aca0ade214 ebac6e22e9 cd2e7d62b0 f920833fe5&quot;&gt;&lt;div class=&quot;&quot;&gt;&lt;div class=&quot;aca0ade214 a5f1aae5b2 cd2e7d62b0&quot;&gt;&lt;a target=&quot;_blank&quot; rel=&quot;noopener noreferrer&quot; data-testid=&quot;review-score-link&quot; href=&quot;https://www.booking.com/hotel/ph/angelo-39-s-transient-house.html?ucfs=1&amp;amp;arphpl=1&amp;amp;dest_id=261060&amp;amp;dest_type=landmark&amp;amp;group_adults=2&amp;amp;req_adults=2&amp;amp;no_rooms=1&amp;amp;group_children=0&amp;amp;req_children=0&amp;amp;hpos=14&amp;amp;hapos=14&amp;amp;sr_order=popularity&amp;amp;srpvid=7c9c48ada4eb027a&amp;amp;srepoch=1694773211&amp;amp;from=searchresults#hotelTmpl&quot; class=&quot;a83ed08757 f88a5204c2 aeccf0d865 b98133fb50&quot;&gt;&lt;span&gt;&lt;div data-testid=&quot;review-score&quot; class=&quot;aca0ade214 aaf30230d9 e1ffac4e41 e7d9f93f4d d79e71457a d5fd510f01 dc7f26e57f&quot;&gt;&lt;div aria-label=&quot;Scored 9.2 &quot; class=&quot;a3b8729ab1 d86cee9b25&quot;&gt;9.2&lt;/div&gt;&lt;div class=&quot;aaee4e7cd3 e7a57abb1e a29749fd9f&quot;&gt;&lt;div aria-label=&quot;Wonderful&quot; class=&quot;a3b8729ab1 e6208ee469 cb2cbb3ccb&quot;&gt;Wonderful&lt;!-- --&gt; &lt;/div&gt;&lt;div class=&quot;abf093bdfe f45d8e4c32 d935416c47&quot;&gt;482 reviews&lt;/div&gt;&lt;/div&gt;&lt;/div&gt;&lt;/span&gt;&lt;/a&gt;&lt;div&gt;&lt;a target=&quot;_blank&quot; rel=&quot;noopener noreferrer&quot; data-testid=&quot;secondary-review-score-link&quot; aria-label=&quot;Location: Scored 9.6 &quot; href=&quot;https://www.booking.com/hotel/ph/angelo-39-s-transient-house.html?ucfs=1&amp;amp;arphpl=1&amp;amp;dest_id=261060&amp;amp;dest_type=landmark&amp;amp;group_adults=2&amp;amp;req_adults=2&amp;amp;no_rooms=1&amp;amp;group_children=0&amp;amp;req_children=0&amp;amp;hpos=14&amp;amp;hapos=14&amp;amp;sr_order=popularity&amp;amp;srpvid=7c9c48ada4eb027a&amp;amp;srepoch=1694773211&amp;amp;from=searchresults#hotelTmpl&quot; class=&quot;a83ed08757 f88a5204c2 b98133fb50&quot;&gt;&lt;span&gt;&lt;span class=&quot;a3332d346a&quot;&gt;Location&lt;!-- --&gt; &lt;!-- --&gt;9.6&lt;/span&gt;&lt;/span&gt;&lt;/a&gt;&lt;/div&gt;&lt;/div&gt;&lt;/div&gt;&lt;div&gt;&lt;span class=&quot;f419a93f12&quot;&gt;&lt;button aria-expanded=&quot;false&quot; type=&quot;button&quot; class=&quot;a83ed08757 c21c56c305 a4c1805887 ab98298258 deab83296e c082d89982&quot;&gt;&lt;span class=&quot;e4adce92df&quot;&gt;Show prices&lt;/span&gt;&lt;/button&gt;&lt;/span&gt;&lt;/div&gt;&lt;/div&gt;&lt;/div&gt;&lt;/div&gt;&lt;/div&gt;&lt;/div&gt;&lt;/div&gt;&lt;/div&gt;&lt;div class=&quot;ea6e492f88&quot;&gt;&lt;/div&gt;&lt;/div&gt;&lt;div class=&quot;bea018f16c&quot;&gt;&lt;div&gt;&lt;/div&gt;&lt;/div&gt;&lt;div data-testid=&quot;property-card&quot; class=&quot;c82435a4b8 a178069f51 a6ae3c2b40 a18aeea94d d794b7a0f7 f53e278e95 da89aeb942&quot; style=&quot;--bui_box_padding--s:4&quot;&gt;&lt;div class=&quot;d20f4628d0&quot;&gt;&lt;div class=&quot;f9d4f2568d&quot;&gt;&lt;div class=&quot;c90a25d457&quot;&gt;&lt;a href=&quot;https://www.booking.com/hotel/ph/zenmist-properties-at-the-zonevill-bldg-g.html?ucfs=1&amp;amp;arphpl=1&amp;amp;dest_id=261060&amp;amp;dest_type=landmark&amp;amp;group_adults=2&amp;amp;req_adults=2&amp;amp;no_rooms=1&amp;amp;group_children=0&amp;amp;req_children=0&amp;amp;hpos=15&amp;amp;hapos=15&amp;amp;sr_order=popularity&amp;amp;srpvid=7c9c48ada4eb027a&amp;amp;srepoch=1694773211&amp;amp;from=searchresults#hotelTmpl&quot; target=&quot;_blank&quot; rel=&quot;noopener noreferrer&quot; tabindex=&quot;-1&quot; aria-hidden=&quot;true&quot; data-testid=&quot;property-card-desktop-single-image&quot;&gt;&lt;img src=&quot;https://cf.bstatic.com/xdata/images/hotel/square200/452780380.jpg?k=948f3a3f011fcddf5642eb066792103b2e9e761cac2f73e2e2d5a284f6ba30bf&amp;amp;o=&quot; alt=&quot;Zenmist Properties- 2 Bedroom Deluxe&quot; width=&quot;200&quot; height=&quot;200&quot; class=&quot;b8b0793b0e&quot; data-testid=&quot;image&quot;/&gt;&lt;/a&gt;&lt;div class=&quot;d226e2f1b9&quot;&gt;&lt;span class=&quot;f419a93f12&quot;&gt;&lt;button class=&quot;f41101cd39&quot; aria-expanded=&quot;false&quot; data-testid=&quot;wishlist-button&quot;&gt;&lt;span data-testid=&quot;wishlist-icon&quot; class=&quot;fcd9eec8fb c422d77911 d24fc26e73&quot; aria-hidden=&quot;true&quot;&gt;&lt;svg viewBox=&quot;0 0 128 128&quot; width=&quot;1em&quot; height=&quot;1em&quot;&gt;&lt;path d=&quot;M64 112a3.6 3.6 0 0 1-2-.5 138.8 138.8 0 0 1-44.2-38c-10-14.4-10.6-26-9.4-33.2a29 29 0 0 1 22.9-23.7c11.9-2.4 24 2.5 32.7 13a33.7 33.7 0 0 1 32.7-13 29 29 0 0 1 22.8 23.7c1.3 7.2.6 18.8-9.3 33.3-9.1 13.1-24 25.9-44.2 37.9a3.6 3.6 0 0 1-2 .5z&quot;&gt;&lt;/path&gt;&lt;/svg&gt;&lt;/span&gt;&lt;/button&gt;&lt;/span&gt;&lt;/div&gt;&lt;/div&gt;&lt;/div&gt;&lt;div class=&quot;b978843432&quot;&gt;&lt;div class=&quot;aca0ade214 aaf30230d9 cd2e7d62b0 f996d8c258&quot;&gt;&lt;div class=&quot;&quot;&gt;&lt;div class=&quot;aca0ade214 c9835feea9 c2931f4182 d79e71457a d14b211b4f&quot;&gt;&lt;div class=&quot;aaee4e7cd3 e7a57abb1e&quot;&gt;&lt;div class=&quot;aca0ade214 a5f1aae5b2 cd2e7d62b0&quot;&gt;&lt;div&gt;&lt;div class=&quot;dd023375f5&quot;&gt;&lt;h3 class=&quot;a4225678b2&quot;&gt;&lt;a href=&quot;https://www.booking.com/hotel/ph/zenmist-properties-at-the-zonevill-bldg-g.html?ucfs=1&amp;amp;arphpl=1&amp;amp;dest_id=261060&amp;amp;dest_type=landmark&amp;amp;group_adults=2&amp;amp;req_adults=2&amp;amp;no_rooms=1&amp;amp;group_children=0&amp;amp;req_children=0&amp;amp;hpos=15&amp;amp;hapos=15&amp;amp;sr_order=popularity&amp;amp;srpvid=7c9c48ada4eb027a&amp;amp;srepoch=1694773211&amp;amp;from=searchresults#hotelTmpl&quot; class=&quot;e13098a59f&quot; target=&quot;_blank&quot; rel=&quot;noopener noreferrer&quot; data-testid=&quot;title-link&quot;&gt;&lt;div data-testid=&quot;title&quot; class=&quot;f6431b446c a23c043802&quot;&gt;Zenmist Properties- 2 Bedroom Deluxe&lt;/div&gt;&lt;div class=&quot;ac4a7896c7&quot;&gt;Opens in new window&lt;/div&gt;&lt;/a&gt;&lt;/h3&gt;&lt;/div&gt;&lt;/div&gt;&lt;div&gt;&lt;div class=&quot;abf093bdfe a1fbd102d9&quot;&gt;&lt;a target=&quot;_blank&quot; rel=&quot;noopener noreferrer&quot; href=&quot;https://www.booking.com/hotel/ph/zenmist-properties-at-the-zonevill-bldg-g.html?ucfs=1&amp;amp;arphpl=1&amp;amp;dest_id=261060&amp;amp;dest_type=landmark&amp;amp;group_adults=2&amp;amp;req_adults=2&amp;amp;no_rooms=1&amp;amp;group_children=0&amp;amp;req_children=0&amp;amp;hpos=15&amp;amp;hapos=15&amp;amp;sr_order=popularity&amp;amp;srpvid=7c9c48ada4eb027a&amp;amp;srepoch=1694773211&amp;amp;from=searchresults&amp;amp;map=1&quot; class=&quot;a83ed08757 f88a5204c2 e0e11a8307 b98133fb50&quot;&gt;&lt;span&gt;&lt;span class=&quot;f4bd0794db b4273d69aa&quot; data-testid=&quot;address&quot;&gt;Baguio&lt;/span&gt;&lt;span class=&quot;f4bd0794db b4273d69aa&quot;&gt;Show on map&lt;/span&gt;&lt;/span&gt;&lt;/a&gt;&lt;span class=&quot;f4bd0794db&quot;&gt;&lt;span class=&quot;f419a93f12&quot;&gt;&lt;span aria-expanded=&quot;false&quot; data-testid=&quot;distance&quot;&gt;0.6 miles from Session Road&lt;/span&gt;&lt;/span&gt;&lt;/span&gt;&lt;/div&gt;&lt;/div&gt;&lt;div class=&quot;abf093bdfe&quot;&gt;Located in Baguio in the Luzon region, with Burnham Park and SM City Baguio nearby, Zenmist Properties- 2 Bedroom Deluxe provides accommodations with free Wifi and free private parking. &lt;/div&gt;&lt;/div&gt;&lt;/div&gt;&lt;div class=&quot;&quot;&gt;&lt;div class=&quot;aca0ade214 ebac6e22e9 cd2e7d62b0 f920833fe5&quot;&gt;&lt;div class=&quot;&quot;&gt;&lt;div class=&quot;aca0ade214 a5f1aae5b2 cd2e7d62b0&quot;&gt;&lt;a target=&quot;_blank&quot; rel=&quot;noopener noreferrer&quot; data-testid=&quot;review-score-link&quot; href=&quot;https://www.booking.com/hotel/ph/zenmist-properties-at-the-zonevill-bldg-g.html?ucfs=1&amp;amp;arphpl=1&amp;amp;dest_id=261060&amp;amp;dest_type=landmark&amp;amp;group_adults=2&amp;amp;req_adults=2&amp;amp;no_rooms=1&amp;amp;group_children=0&amp;amp;req_children=0&amp;amp;hpos=15&amp;amp;hapos=15&amp;amp;sr_order=popularity&amp;amp;srpvid=7c9c48ada4eb027a&amp;amp;srepoch=1694773211&amp;amp;from=searchresults#hotelTmpl&quot; class=&quot;a83ed08757 f88a5204c2 aeccf0d865 b98133fb50&quot;&gt;&lt;span&gt;&lt;div data-testid=&quot;review-score&quot; class=&quot;aca0ade214 aaf30230d9 e1ffac4e41 e7d9f93f4d d79e71457a d5fd510f01 dc7f26e57f&quot;&gt;&lt;div aria-label=&quot;Scored 8.0 &quot; class=&quot;a3b8729ab1 d86cee9b25&quot;&gt;8.0&lt;/div&gt;&lt;div class=&quot;aaee4e7cd3 e7a57abb1e a29749fd9f&quot;&gt;&lt;div aria-label=&quot;Very Good&quot; class=&quot;a3b8729ab1 e6208ee469 cb2cbb3ccb&quot;&gt;Very Good&lt;!-- --&gt; &lt;/div&gt;&lt;div class=&quot;abf093bdfe f45d8e4c32 d935416c47&quot;&gt;149 reviews&lt;/div&gt;&lt;/div&gt;&lt;/div&gt;&lt;/span&gt;&lt;/a&gt;&lt;/div&gt;&lt;/div&gt;&lt;div&gt;&lt;span class=&quot;f419a93f12&quot;&gt;&lt;button aria-expanded=&quot;false&quot; type=&quot;button&quot; class=&quot;a83ed08757 c21c56c305 a4c1805887 ab98298258 deab83296e c082d89982&quot;&gt;&lt;span class=&quot;e4adce92df&quot;&gt;Show prices&lt;/span&gt;&lt;/button&gt;&lt;/span&gt;&lt;/div&gt;&lt;/div&gt;&lt;/div&gt;&lt;/div&gt;&lt;/div&gt;&lt;/div&gt;&lt;/div&gt;&lt;/div&gt;&lt;div class=&quot;ea6e492f88&quot;&gt;&lt;/div&gt;&lt;/div&gt;&lt;div class=&quot;bea018f16c&quot;&gt;&lt;div&gt;&lt;/div&gt;&lt;/div&gt;&lt;div data-testid=&quot;property-card&quot; class=&quot;c82435a4b8 a178069f51 a6ae3c2b40 a18aeea94d d794b7a0f7 f53e278e95 da89aeb942&quot; style=&quot;--bui_box_padding--s:4&quot;&gt;&lt;div class=&quot;d20f4628d0&quot;&gt;&lt;div class=&quot;f9d4f2568d&quot;&gt;&lt;div class=&quot;c90a25d457&quot;&gt;&lt;a href=&quot;https://www.booking.com/hotel/ph/french-nest-at-baguio.html?ucfs=1&amp;amp;arphpl=1&amp;amp;dest_id=261060&amp;amp;dest_type=landmark&amp;amp;group_adults=2&amp;amp;req_adults=2&amp;amp;no_rooms=1&amp;amp;group_children=0&amp;amp;req_children=0&amp;amp;hpos=16&amp;amp;hapos=16&amp;amp;sr_order=popularity&amp;amp;srpvid=7c9c48ada4eb027a&amp;amp;srepoch=1694773211&amp;amp;from_sustainable_property_sr=1&amp;amp;from=searchresults#hotelTmpl&quot; target=&quot;_blank&quot; rel=&quot;noopener noreferrer&quot; tabindex=&quot;-1&quot; aria-hidden=&quot;true&quot; data-testid=&quot;property-card-desktop-single-image&quot;&gt;&lt;img src=&quot;https://cf.bstatic.com/xdata/images/hotel/square200/346888156.jpg?k=ec08542e5ff979c795045bf99de0fb82a692f8aae55b8be52c714caa7540b6a1&amp;amp;o=&quot; alt=&quot;French Nest at Baguio- Megatower Residences&quot; width=&quot;200&quot; height=&quot;200&quot; class=&quot;b8b0793b0e&quot; data-testid=&quot;image&quot;/&gt;&lt;/a&gt;&lt;div class=&quot;d226e2f1b9&quot;&gt;&lt;span class=&quot;f419a93f12&quot;&gt;&lt;button class=&quot;f41101cd39&quot; aria-expanded=&quot;false&quot; data-testid=&quot;wishlist-button&quot;&gt;&lt;span data-testid=&quot;wishlist-icon&quot; class=&quot;fcd9eec8fb c422d77911 d24fc26e73&quot; aria-hidden=&quot;true&quot;&gt;&lt;svg viewBox=&quot;0 0 128 128&quot; width=&quot;1em&quot; height=&quot;1em&quot;&gt;&lt;path d=&quot;M64 112a3.6 3.6 0 0 1-2-.5 138.8 138.8 0 0 1-44.2-38c-10-14.4-10.6-26-9.4-33.2a29 29 0 0 1 22.9-23.7c11.9-2.4 24 2.5 32.7 13a33.7 33.7 0 0 1 32.7-13 29 29 0 0 1 22.8 23.7c1.3 7.2.6 18.8-9.3 33.3-9.1 13.1-24 25.9-44.2 37.9a3.6 3.6 0 0 1-2 .5z&quot;&gt;&lt;/path&gt;&lt;/svg&gt;&lt;/span&gt;&lt;/button&gt;&lt;/span&gt;&lt;/div&gt;&lt;/div&gt;&lt;/div&gt;&lt;div class=&quot;b978843432&quot;&gt;&lt;div class=&quot;aca0ade214 aaf30230d9 cd2e7d62b0 f996d8c258&quot;&gt;&lt;div class=&quot;&quot;&gt;&lt;div class=&quot;aca0ade214 c9835feea9 c2931f4182 d79e71457a d14b211b4f&quot;&gt;&lt;div class=&quot;aaee4e7cd3 e7a57abb1e&quot;&gt;&lt;div class=&quot;aca0ade214 a5f1aae5b2 cd2e7d62b0&quot;&gt;&lt;div&gt;&lt;div class=&quot;dd023375f5&quot;&gt;&lt;h3 class=&quot;a4225678b2&quot;&gt;&lt;a href=&quot;https://www.booking.com/hotel/ph/french-nest-at-baguio.html?ucfs=1&amp;amp;arphpl=1&amp;amp;dest_id=261060&amp;amp;dest_type=landmark&amp;amp;group_adults=2&amp;amp;req_adults=2&amp;amp;no_rooms=1&amp;amp;group_children=0&amp;amp;req_children=0&amp;amp;hpos=16&amp;amp;hapos=16&amp;amp;sr_order=popularity&amp;amp;srpvid=7c9c48ada4eb027a&amp;amp;srepoch=1694773211&amp;amp;from_sustainable_property_sr=1&amp;amp;from=searchresults#hotelTmpl&quot; class=&quot;e13098a59f&quot; target=&quot;_blank&quot; rel=&quot;noopener noreferrer&quot; data-testid=&quot;title-link&quot;&gt;&lt;div data-testid=&quot;title&quot; class=&quot;f6431b446c a23c043802&quot;&gt;French Nest at Baguio- Megatower Residences&lt;/div&gt;&lt;div class=&quot;ac4a7896c7&quot;&gt;Opens in new window&lt;/div&gt;&lt;/a&gt;&lt;/h3&gt;&lt;span class=&quot;f419a93f12&quot;&gt;&lt;span aria-expanded=&quot;false&quot; tabindex=&quot;0&quot; role=&quot;button&quot; data-testid=&quot;preferred-badge&quot;&gt;&lt;span role=&quot;img&quot; class=&quot;fcd9eec8fb c79b3cbed2 c2cc050fb8 e410954d4b&quot; aria-label=&quot;This property is part of our Preferred Partner Program. It&amp;#x27;s committed to providing excellent service and good value. It’ll pay us a higher commission if you make a booking.&quot;&gt;&lt;svg viewBox=&quot;0 0 128 128&quot; width=&quot;1em&quot; height=&quot;1em&quot;&gt;&lt;path d=&quot;M112 8H16a8 8 0 0 0-8 8v96a8 8 0 0 0 8 8h96a8 8 0 0 0 8-8V16a8 8 0 0 0-8-8zM48 96H24V58h24zm56-25a8.7 8.7 0 0 1-2 6 8.9 8.9 0 0 1 1 4 6.9 6.9 0 0 1-5 7c-.5 4-4.8 8-9 8H56V58l10.3-23.3a5.4 5.4 0 0 1 10.1 2.7 10.3 10.3 0 0 1-.6 2.7L72 52h23c4.5 0 9 3.5 9 8a9.2 9.2 0 0 1-2 5.3 7.5 7.5 0 0 1 2 5.7z&quot;&gt;&lt;/path&gt;&lt;/svg&gt;&lt;/span&gt;&lt;/span&gt;&lt;/span&gt;&lt;/div&gt;&lt;/div&gt;&lt;div&gt;&lt;div class=&quot;abf093bdfe a1fbd102d9&quot;&gt;&lt;a target=&quot;_blank&quot; rel=&quot;noopener noreferrer&quot; href=&quot;https://www.booking.com/hotel/ph/french-nest-at-baguio.html?ucfs=1&amp;amp;arphpl=1&amp;amp;dest_id=261060&amp;amp;dest_type=landmark&amp;amp;group_adults=2&amp;amp;req_adults=2&amp;amp;no_rooms=1&amp;amp;group_children=0&amp;amp;req_children=0&amp;amp;hpos=16&amp;amp;hapos=16&amp;amp;sr_order=popularity&amp;amp;srpvid=7c9c48ada4eb027a&amp;amp;srepoch=1694773211&amp;amp;from_sustainable_property_sr=1&amp;amp;from=searchresults&amp;amp;map=1&quot; class=&quot;a83ed08757 f88a5204c2 e0e11a8307 b98133fb50&quot;&gt;&lt;span&gt;&lt;span class=&quot;f4bd0794db b4273d69aa&quot; data-testid=&quot;address&quot;&gt;Baguio&lt;/span&gt;&lt;span class=&quot;f4bd0794db b4273d69aa&quot;&gt;Show on map&lt;/span&gt;&lt;/span&gt;&lt;/a&gt;&lt;span class=&quot;f4bd0794db&quot;&gt;&lt;span class=&quot;f419a93f12&quot;&gt;&lt;span aria-expanded=&quot;false&quot; data-testid=&quot;distance&quot;&gt;0.1 miles from Session Road&lt;/span&gt;&lt;/span&gt;&lt;/span&gt;&lt;/div&gt;&lt;/div&gt;&lt;div&gt;&lt;span data-testid=&quot;badge-sustainability&quot; class=&quot;abf093bdfe c147fc6dd1 b81491d8c4 d18b4a6026&quot;&gt;&lt;span class=&quot;b30f8eb2d6&quot;&gt;&lt;div class=&quot;fba3ab9fd6&quot;&gt;&lt;span class=&quot;fcd9eec8fb f8ecfc5adb bf9a32efa5 a229b4a525&quot; aria-hidden=&quot;true&quot;&gt;&lt;svg xmlns=&quot;http://www.w3.org/2000/svg&quot; viewBox=&quot;0 0 72 24&quot;&gt;&lt;path d=&quot;M16.29 19.72c4.22-4.22 8.4-17.56 6.7-19.26S7.95 2.93 3.73 7.16C.67 10.22.62 15.58 3.5 18.98L15.62 6.86c.29-.29.77-.29 1.06 0s.29.77 0 1.06L4.57 20.03l-2.14 2.14c-.29.29-.29.77 0 1.06s.77.29 1.06 0l2.34-2.34c3.34 1.88 7.78 1.51 10.46-1.17ZM46.99.46c-1.15-1.16-6.85.55-8.56 1.11-2.26.73-7.83 2.73-10.7 5.6-1.5 1.5-2.36 3.69-2.35 6.01 0 2.18.76 4.21 2.12 5.81l-3.18 3.18c-.29.29-.29.77 0 1.06.15.15.34.22.53.22s.38-.07.53-.22l3.18-3.18c1.64 1.35 3.72 2.04 5.78 2.04 2.2 0 4.37-.78 5.94-2.35 2.87-2.87 4.87-8.44 5.6-10.7.55-1.72 2.27-7.41 1.1-8.57Zm-7.76 18.21c-2.21 2.21-6.54 2.77-9.6.31L40.68 7.93c.29-.29.29-.77 0-1.06s-.77-.29-1.06 0L28.56 17.93c-1.08-1.31-1.67-2.97-1.68-4.75 0-1.93.69-3.73 1.91-4.95 3.87-3.87 14.19-6.68 16.78-6.68.13 0 .24 0 .33.02.31 1.85-2.59 13.03-6.67 17.11ZM70.99.46c-1.15-1.16-6.85.55-8.56 1.11-2.26.73-7.83 2.73-10.7 5.6-1.5 1.5-2.36 3.69-2.35 6.01 0 2.18.76 4.21 2.12 5.81l-3.18 3.18c-.29.29-.29.77 0 1.06.15.15.34.22.53.22s.38-.07.53-.22l3.18-3.18c1.64 1.35 3.72 2.04 5.78 2.04 2.2 0 4.37-.78 5.94-2.35 2.87-2.87 4.87-8.44 5.6-10.7.55-1.72 2.27-7.41 1.1-8.57Zm-7.76 18.21c-2.21 2.21-6.54 2.77-9.6.31L64.68 7.93c.29-.29.29-.77 0-1.06s-.77-.29-1.06 0L52.56 17.93c-1.08-1.31-1.67-2.97-1.68-4.75 0-1.93.69-3.73 1.91-4.95 3.87-3.87 14.19-6.68 16.78-6.68.13 0 .24 0 .33.02.31 1.85-2.59 13.03-6.67 17.11Z&quot;&gt;&lt;/path&gt;&lt;/svg&gt;&lt;/span&gt;&lt;span class=&quot;abf093bdfe d068504c75 be09c104ad&quot;&gt;Travel Sustainable Level 1&lt;/span&gt;&lt;/div&gt;&lt;/span&gt;&lt;/span&gt;&lt;/div&gt;&lt;div class=&quot;abf093bdfe&quot;&gt;French Nest at Baguio offers accommodations in Baguio, 656 feet from Session Road and 2.7 mi from Mines View Park. The unit is 1969 feet from Burnham Park. &lt;/div&gt;&lt;/div&gt;&lt;/div&gt;&lt;div class=&quot;&quot;&gt;&lt;div class=&quot;aca0ade214 ebac6e22e9 cd2e7d62b0 f920833fe5&quot;&gt;&lt;div class=&quot;&quot;&gt;&lt;div class=&quot;aca0ade214 a5f1aae5b2 cd2e7d62b0&quot;&gt;&lt;a target=&quot;_blank&quot; rel=&quot;noopener noreferrer&quot; data-testid=&quot;review-score-link&quot; href=&quot;https://www.booking.com/hotel/ph/french-nest-at-baguio.html?ucfs=1&amp;amp;arphpl=1&amp;amp;dest_id=261060&amp;amp;dest_type=landmark&amp;amp;group_adults=2&amp;amp;req_adults=2&amp;amp;no_rooms=1&amp;amp;group_children=0&amp;amp;req_children=0&amp;amp;hpos=16&amp;amp;hapos=16&amp;amp;sr_order=popularity&amp;amp;srpvid=7c9c48ada4eb027a&amp;amp;srepoch=1694773211&amp;amp;from_sustainable_property_sr=1&amp;amp;from=searchresults#hotelTmpl&quot; class=&quot;a83ed08757 f88a5204c2 aeccf0d865 b98133fb50&quot;&gt;&lt;span&gt;&lt;div data-testid=&quot;review-score&quot; class=&quot;aca0ade214 aaf30230d9 e1ffac4e41 e7d9f93f4d d79e71457a d5fd510f01 dc7f26e57f&quot;&gt;&lt;div aria-label=&quot;Scored 8.6 &quot; class=&quot;a3b8729ab1 d86cee9b25&quot;&gt;8.6&lt;/div&gt;&lt;div class=&quot;aaee4e7cd3 e7a57abb1e a29749fd9f&quot;&gt;&lt;div aria-label=&quot;Excellent&quot; class=&quot;a3b8729ab1 e6208ee469 cb2cbb3ccb&quot;&gt;Excellent&lt;!-- --&gt; &lt;/div&gt;&lt;div class=&quot;abf093bdfe f45d8e4c32 d935416c47&quot;&gt;104 reviews&lt;/div&gt;&lt;/div&gt;&lt;/div&gt;&lt;/span&gt;&lt;/a&gt;&lt;div&gt;&lt;a target=&quot;_blank&quot; rel=&quot;noopener noreferrer&quot; data-testid=&quot;secondary-review-score-link&quot; aria-label=&quot;Location: Scored 9.5 &quot; href=&quot;https://www.booking.com/hotel/ph/french-nest-at-baguio.html?ucfs=1&amp;amp;arphpl=1&amp;amp;dest_id=261060&amp;amp;dest_type=landmark&amp;amp;group_adults=2&amp;amp;req_adults=2&amp;amp;no_rooms=1&amp;amp;group_children=0&amp;amp;req_children=0&amp;amp;hpos=16&amp;amp;hapos=16&amp;amp;sr_order=popularity&amp;amp;srpvid=7c9c48ada4eb027a&amp;amp;srepoch=1694773211&amp;amp;from_sustainable_property_sr=1&amp;amp;from=searchresults#hotelTmpl&quot; class=&quot;a83ed08757 f88a5204c2 b98133fb50&quot;&gt;&lt;span&gt;&lt;span class=&quot;a3332d346a&quot;&gt;Location&lt;!-- --&gt; &lt;!-- --&gt;9.5&lt;/span&gt;&lt;/span&gt;&lt;/a&gt;&lt;/div&gt;&lt;/div&gt;&lt;/div&gt;&lt;div&gt;&lt;span class=&quot;f419a93f12&quot;&gt;&lt;button aria-expanded=&quot;false&quot; type=&quot;button&quot; class=&quot;a83ed08757 c21c56c305 a4c1805887 ab98298258 deab83296e c082d89982&quot;&gt;&lt;span class=&quot;e4adce92df&quot;&gt;Show prices&lt;/span&gt;&lt;/button&gt;&lt;/span&gt;&lt;/div&gt;&lt;/div&gt;&lt;/div&gt;&lt;/div&gt;&lt;/div&gt;&lt;/div&gt;&lt;/div&gt;&lt;/div&gt;&lt;div class=&quot;ea6e492f88&quot;&gt;&lt;/div&gt;&lt;/div&gt;&lt;div class=&quot;bea018f16c&quot;&gt;&lt;div&gt;&lt;/div&gt;&lt;/div&gt;&lt;div data-testid=&quot;property-card&quot; class=&quot;c82435a4b8 a178069f51 a6ae3c2b40 a18aeea94d d794b7a0f7 f53e278e95 da89aeb942&quot; style=&quot;--bui_box_padding--s:4&quot;&gt;&lt;div class=&quot;d20f4628d0&quot;&gt;&lt;div class=&quot;f9d4f2568d&quot;&gt;&lt;div class=&quot;c90a25d457&quot;&gt;&lt;a href=&quot;https://www.booking.com/hotel/ph/finteo-skylands-premium.html?ucfs=1&amp;amp;arphpl=1&amp;amp;dest_id=261060&amp;amp;dest_type=landmark&amp;amp;group_adults=2&amp;amp;req_adults=2&amp;amp;no_rooms=1&amp;amp;group_children=0&amp;amp;req_children=0&amp;amp;hpos=17&amp;amp;hapos=17&amp;amp;sr_order=popularity&amp;amp;srpvid=7c9c48ada4eb027a&amp;amp;srepoch=1694773211&amp;amp;from=searchresults#hotelTmpl&quot; target=&quot;_blank&quot; rel=&quot;noopener noreferrer&quot; tabindex=&quot;-1&quot; aria-hidden=&quot;true&quot; data-testid=&quot;property-card-desktop-single-image&quot;&gt;&lt;img src=&quot;https://cf.bstatic.com/xdata/images/hotel/square200/334021328.jpg?k=5e7a71e60daf8bf2bb2c3a19c8dc0280960c06e46138f05cd439e69dced03760&amp;amp;o=&quot; alt=&quot;Finteo Skylands Premium&quot; width=&quot;200&quot; height=&quot;200&quot; class=&quot;b8b0793b0e&quot; data-testid=&quot;image&quot;/&gt;&lt;/a&gt;&lt;div class=&quot;d226e2f1b9&quot;&gt;&lt;span class=&quot;f419a93f12&quot;&gt;&lt;button class=&quot;f41101cd39&quot; aria-expanded=&quot;false&quot; data-testid=&quot;wishlist-button&quot;&gt;&lt;span data-testid=&quot;wishlist-icon&quot; class=&quot;fcd9eec8fb c422d77911 d24fc26e73&quot; aria-hidden=&quot;true&quot;&gt;&lt;svg viewBox=&quot;0 0 128 128&quot; width=&quot;1em&quot; height=&quot;1em&quot;&gt;&lt;path d=&quot;M64 112a3.6 3.6 0 0 1-2-.5 138.8 138.8 0 0 1-44.2-38c-10-14.4-10.6-26-9.4-33.2a29 29 0 0 1 22.9-23.7c11.9-2.4 24 2.5 32.7 13a33.7 33.7 0 0 1 32.7-13 29 29 0 0 1 22.8 23.7c1.3 7.2.6 18.8-9.3 33.3-9.1 13.1-24 25.9-44.2 37.9a3.6 3.6 0 0 1-2 .5z&quot;&gt;&lt;/path&gt;&lt;/svg&gt;&lt;/span&gt;&lt;/button&gt;&lt;/span&gt;&lt;/div&gt;&lt;/div&gt;&lt;/div&gt;&lt;div class=&quot;b978843432&quot;&gt;&lt;div class=&quot;aca0ade214 aaf30230d9 cd2e7d62b0 f996d8c258&quot;&gt;&lt;div class=&quot;&quot;&gt;&lt;div class=&quot;aca0ade214 c9835feea9 c2931f4182 d79e71457a d14b211b4f&quot;&gt;&lt;div class=&quot;aaee4e7cd3 e7a57abb1e&quot;&gt;&lt;div class=&quot;aca0ade214 a5f1aae5b2 cd2e7d62b0&quot;&gt;&lt;div&gt;&lt;div class=&quot;dd023375f5&quot;&gt;&lt;h3 class=&quot;a4225678b2&quot;&gt;&lt;a href=&quot;https://www.booking.com/hotel/ph/finteo-skylands-premium.html?ucfs=1&amp;amp;arphpl=1&amp;amp;dest_id=261060&amp;amp;dest_type=landmark&amp;amp;group_adults=2&amp;amp;req_adults=2&amp;amp;no_rooms=1&amp;amp;group_children=0&amp;amp;req_children=0&amp;amp;hpos=17&amp;amp;hapos=17&amp;amp;sr_order=popularity&amp;amp;srpvid=7c9c48ada4eb027a&amp;amp;srepoch=1694773211&amp;amp;from=searchresults#hotelTmpl&quot; class=&quot;e13098a59f&quot; target=&quot;_blank&quot; rel=&quot;noopener noreferrer&quot; data-testid=&quot;title-link&quot;&gt;&lt;div data-testid=&quot;title&quot; class=&quot;f6431b446c a23c043802&quot;&gt;Finteo Skylands Premium&lt;/div&gt;&lt;div class=&quot;ac4a7896c7&quot;&gt;Opens in new window&lt;/div&gt;&lt;/a&gt;&lt;/h3&gt;&lt;/div&gt;&lt;/div&gt;&lt;div&gt;&lt;div class=&quot;abf093bdfe a1fbd102d9&quot;&gt;&lt;a target=&quot;_blank&quot; rel=&quot;noopener noreferrer&quot; href=&quot;https://www.booking.com/hotel/ph/finteo-skylands-premium.html?ucfs=1&amp;amp;arphpl=1&amp;amp;dest_id=261060&amp;amp;dest_type=landmark&amp;amp;group_adults=2&amp;amp;req_adults=2&amp;amp;no_rooms=1&amp;amp;group_children=0&amp;amp;req_children=0&amp;amp;hpos=17&amp;amp;hapos=17&amp;amp;sr_order=popularity&amp;amp;srpvid=7c9c48ada4eb027a&amp;amp;srepoch=1694773211&amp;amp;from=searchresults&amp;amp;map=1&quot; class=&quot;a83ed08757 f88a5204c2 e0e11a8307 b98133fb50&quot;&gt;&lt;span&gt;&lt;span class=&quot;f4bd0794db b4273d69aa&quot; data-testid=&quot;address&quot;&gt;Baguio&lt;/span&gt;&lt;span class=&quot;f4bd0794db b4273d69aa&quot;&gt;Show on map&lt;/span&gt;&lt;/span&gt;&lt;/a&gt;&lt;span class=&quot;f4bd0794db&quot;&gt;&lt;span class=&quot;f419a93f12&quot;&gt;&lt;span aria-expanded=&quot;false&quot; data-testid=&quot;distance&quot;&gt;0.6 miles from Session Road&lt;/span&gt;&lt;/span&gt;&lt;/span&gt;&lt;/div&gt;&lt;/div&gt;&lt;div class=&quot;abf093bdfe&quot;&gt;Located in Baguio, Finteo Skylands Premium has accommodations 1.5 miles from Mines View Park and 2.4 miles from Camp John Hay. Private parking is available on site. &lt;/div&gt;&lt;/div&gt;&lt;/div&gt;&lt;div class=&quot;&quot;&gt;&lt;div class=&quot;aca0ade214 ebac6e22e9 cd2e7d62b0 f920833fe5&quot;&gt;&lt;div class=&quot;&quot;&gt;&lt;div class=&quot;aca0ade214 a5f1aae5b2 cd2e7d62b0&quot;&gt;&lt;a target=&quot;_blank&quot; rel=&quot;noopener noreferrer&quot; data-testid=&quot;review-score-link&quot; href=&quot;https://www.booking.com/hotel/ph/finteo-skylands-premium.html?ucfs=1&amp;amp;arphpl=1&amp;amp;dest_id=261060&amp;amp;dest_type=landmark&amp;amp;group_adults=2&amp;amp;req_adults=2&amp;amp;no_rooms=1&amp;amp;group_children=0&amp;amp;req_children=0&amp;amp;hpos=17&amp;amp;hapos=17&amp;amp;sr_order=popularity&amp;amp;srpvid=7c9c48ada4eb027a&amp;amp;srepoch=1694773211&amp;amp;from=searchresults#hotelTmpl&quot; class=&quot;a83ed08757 f88a5204c2 aeccf0d865 b98133fb50&quot;&gt;&lt;span&gt;&lt;div data-testid=&quot;review-score&quot; class=&quot;aca0ade214 aaf30230d9 e1ffac4e41 e7d9f93f4d d79e71457a d5fd510f01 dc7f26e57f&quot;&gt;&lt;div aria-label=&quot;Scored 8.0 &quot; class=&quot;a3b8729ab1 d86cee9b25&quot;&gt;8.0&lt;/div&gt;&lt;div class=&quot;aaee4e7cd3 e7a57abb1e a29749fd9f&quot;&gt;&lt;div aria-label=&quot;Very Good&quot; class=&quot;a3b8729ab1 e6208ee469 cb2cbb3ccb&quot;&gt;Very Good&lt;!-- --&gt; &lt;/div&gt;&lt;div class=&quot;abf093bdfe f45d8e4c32 d935416c47&quot;&gt;273 reviews&lt;/div&gt;&lt;/div&gt;&lt;/div&gt;&lt;/span&gt;&lt;/a&gt;&lt;/div&gt;&lt;/div&gt;&lt;div&gt;&lt;span class=&quot;f419a93f12&quot;&gt;&lt;button aria-expanded=&quot;false&quot; type=&quot;button&quot; class=&quot;a83ed08757 c21c56c305 a4c1805887 ab98298258 deab83296e c082d89982&quot;&gt;&lt;span class=&quot;e4adce92df&quot;&gt;Show prices&lt;/span&gt;&lt;/button&gt;&lt;/span&gt;&lt;/div&gt;&lt;/div&gt;&lt;/div&gt;&lt;/div&gt;&lt;/div&gt;&lt;/div&gt;&lt;/div&gt;&lt;/div&gt;&lt;div class=&quot;ea6e492f88&quot;&gt;&lt;/div&gt;&lt;/div&gt;&lt;div class=&quot;bea018f16c&quot;&gt;&lt;div&gt;&lt;/div&gt;&lt;/div&gt;&lt;div data-testid=&quot;property-card&quot; class=&quot;c82435a4b8 a178069f51 a6ae3c2b40 a18aeea94d d794b7a0f7 f53e278e95 da89aeb942&quot; style=&quot;--bui_box_padding--s:4&quot;&gt;&lt;div class=&quot;d20f4628d0&quot;&gt;&lt;div class=&quot;f9d4f2568d&quot;&gt;&lt;div class=&quot;c90a25d457&quot;&gt;&lt;a href=&quot;https://www.booking.com/hotel/ph/dangwa-terminal-transient-house.html?ucfs=1&amp;amp;arphpl=1&amp;amp;dest_id=261060&amp;amp;dest_type=landmark&amp;amp;group_adults=2&amp;amp;req_adults=2&amp;amp;no_rooms=1&amp;amp;group_children=0&amp;amp;req_children=0&amp;amp;hpos=18&amp;amp;hapos=18&amp;amp;sr_order=popularity&amp;amp;srpvid=7c9c48ada4eb027a&amp;amp;srepoch=1694773211&amp;amp;from_sustainable_property_sr=1&amp;amp;from=searchresults#hotelTmpl&quot; target=&quot;_blank&quot; rel=&quot;noopener noreferrer&quot; tabindex=&quot;-1&quot; aria-hidden=&quot;true&quot; data-testid=&quot;property-card-desktop-single-image&quot;&gt;&lt;img src=&quot;https://cf.bstatic.com/xdata/images/hotel/square200/378326364.jpg?k=bfc4ab8a764509fec5d6a85d24925362dd8fb7fda2be5ea2abb214ce87dd9f83&amp;amp;o=&quot; alt=&quot;Dangwa Terminal Transient House&quot; width=&quot;200&quot; height=&quot;200&quot; class=&quot;b8b0793b0e&quot; data-testid=&quot;image&quot;/&gt;&lt;/a&gt;&lt;div class=&quot;d226e2f1b9&quot;&gt;&lt;span class=&quot;f419a93f12&quot;&gt;&lt;button class=&quot;f41101cd39&quot; aria-expanded=&quot;false&quot; data-testid=&quot;wishlist-button&quot;&gt;&lt;span data-testid=&quot;wishlist-icon&quot; class=&quot;fcd9eec8fb c422d77911 d24fc26e73&quot; aria-hidden=&quot;true&quot;&gt;&lt;svg viewBox=&quot;0 0 128 128&quot; width=&quot;1em&quot; height=&quot;1em&quot;&gt;&lt;path d=&quot;M64 112a3.6 3.6 0 0 1-2-.5 138.8 138.8 0 0 1-44.2-38c-10-14.4-10.6-26-9.4-33.2a29 29 0 0 1 22.9-23.7c11.9-2.4 24 2.5 32.7 13a33.7 33.7 0 0 1 32.7-13 29 29 0 0 1 22.8 23.7c1.3 7.2.6 18.8-9.3 33.3-9.1 13.1-24 25.9-44.2 37.9a3.6 3.6 0 0 1-2 .5z&quot;&gt;&lt;/path&gt;&lt;/svg&gt;&lt;/span&gt;&lt;/button&gt;&lt;/span&gt;&lt;/div&gt;&lt;/div&gt;&lt;/div&gt;&lt;div class=&quot;b978843432&quot;&gt;&lt;div class=&quot;aca0ade214 aaf30230d9 cd2e7d62b0 f996d8c258&quot;&gt;&lt;div class=&quot;&quot;&gt;&lt;div class=&quot;aca0ade214 c9835feea9 c2931f4182 d79e71457a d14b211b4f&quot;&gt;&lt;div class=&quot;aaee4e7cd3 e7a57abb1e&quot;&gt;&lt;div class=&quot;aca0ade214 a5f1aae5b2 cd2e7d62b0&quot;&gt;&lt;div&gt;&lt;div class=&quot;dd023375f5&quot;&gt;&lt;h3 class=&quot;a4225678b2&quot;&gt;&lt;a href=&quot;https://www.booking.com/hotel/ph/dangwa-terminal-transient-house.html?ucfs=1&amp;amp;arphpl=1&amp;amp;dest_id=261060&amp;amp;dest_type=landmark&amp;amp;group_adults=2&amp;amp;req_adults=2&amp;amp;no_rooms=1&amp;amp;group_children=0&amp;amp;req_children=0&amp;amp;hpos=18&amp;amp;hapos=18&amp;amp;sr_order=popularity&amp;amp;srpvid=7c9c48ada4eb027a&amp;amp;srepoch=1694773211&amp;amp;from_sustainable_property_sr=1&amp;amp;from=searchresults#hotelTmpl&quot; class=&quot;e13098a59f&quot; target=&quot;_blank&quot; rel=&quot;noopener noreferrer&quot; data-testid=&quot;title-link&quot;&gt;&lt;div data-testid=&quot;title&quot; class=&quot;f6431b446c a23c043802&quot;&gt;Dangwa Terminal Transient House&lt;/div&gt;&lt;div class=&quot;ac4a7896c7&quot;&gt;Opens in new window&lt;/div&gt;&lt;/a&gt;&lt;/h3&gt;&lt;span class=&quot;f419a93f12&quot;&gt;&lt;span aria-expanded=&quot;false&quot; tabindex=&quot;0&quot; role=&quot;button&quot; data-testid=&quot;preferred-badge&quot;&gt;&lt;span role=&quot;img&quot; class=&quot;fcd9eec8fb c79b3cbed2 fe53650a13 c2cc050fb8 e410954d4b&quot; aria-label=&quot;This property is part of our Preferred Plus Program. It&amp;#x27;s committed to providing outstanding service and excellent value. It&amp;#x27;ll pay us a higher commission if you make a booking.&quot;&gt;&lt;svg xmlns=&quot;http://www.w3.org/2000/svg&quot; viewBox=&quot;0 0 32 18&quot;&gt;&lt;path fill=&quot;#FEBB02&quot; fill-rule=&quot;evenodd&quot; d=&quot;M6.73157e-08 2.25225C6.73157e-08 1.00912 1.00688 0 2.25225 0H15.7478C15.8167 0 15.885 0.00310154 15.9524 0.00917326C16.0199 0.00310178 16.0882 0 16.1572 0H29.6528C30.8959 0 31.905 1.00688 31.905 2.25225V15.7478C31.905 16.9909 30.8981 18 29.6528 18H16.1572C16.0888 18 16.0207 17.9969 15.9531 17.9908C15.8855 17.9969 15.817 18 15.7478 18H2.25225C1.65487 18.0002 1.08192 17.7629 0.659507 17.3405C0.237096 16.9181 -0.000145899 16.3451 6.73157e-08 15.7478V2.25225ZM7.335 13.545H12.1364C13.5486 13.545 13.5486 12.416 13.5486 12.416C14.6783 11.8516 14.1134 10.7226 14.1134 10.7226C14.9607 9.8759 14.1134 9.02919 14.1134 9.02919C14.6783 8.18247 14.1134 7.33576 13.2661 7.33576H9.59447L10.1593 5.36009C10.7242 3.66666 9.02961 3.10218 8.46474 5.07785L7.335 8.46471V13.545ZM3.915 8.46V13.545H6.705V8.46H3.915ZM21.99 6C21.99 5.56698 21.99 5.35048 22.0538 5.17732C22.1585 4.89281 22.3828 4.66855 22.6673 4.56377C22.8405 4.5 23.057 4.5 23.49 4.5C23.923 4.5 24.1395 4.5 24.3127 4.56377C24.5972 4.66855 24.8215 4.89281 24.9262 5.17732C24.99 5.35048 24.99 5.56698 24.99 6V7.5H26.49C26.923 7.5 27.1395 7.5 27.3127 7.56377C27.5972 7.66855 27.8215 7.89281 27.9262 8.17732C27.99 8.35048 27.99 8.56698 27.99 9C27.99 9.43302 27.99 9.64952 27.9262 9.82268C27.8215 10.1072 27.5972 10.3315 27.3127 10.4362C27.1395 10.5 26.923 10.5 26.49 10.5H24.99V12C24.99 12.433 24.99 12.6495 24.9262 12.8227C24.8215 13.1072 24.5972 13.3315 24.3127 13.4362C24.1395 13.5 23.923 13.5 23.49 13.5C23.057 13.5 22.8405 13.5 22.6673 13.4362C22.3828 13.3315 22.1585 13.1072 22.0538 12.8227C21.99 12.6495 21.99 12.433 21.99 12V10.5H20.49C20.057 10.5 19.8405 10.5 19.6673 10.4362C19.3828 10.3315 19.1585 10.1072 19.0538 9.82268C18.99 9.64952 18.99 9.43302 18.99 9C18.99 8.56698 18.99 8.35048 19.0538 8.17732C19.1585 7.89281 19.3828 7.66855 19.6673 7.56377C19.8405 7.5 20.057 7.5 20.49 7.5H21.99V6Z&quot; clip-rule=&quot;evenodd&quot;&gt;&lt;/path&gt;&lt;/svg&gt;&lt;/span&gt;&lt;/span&gt;&lt;/span&gt;&lt;/div&gt;&lt;/div&gt;&lt;div&gt;&lt;div class=&quot;abf093bdfe a1fbd102d9&quot;&gt;&lt;a target=&quot;_blank&quot; rel=&quot;noopener noreferrer&quot; href=&quot;https://www.booking.com/hotel/ph/dangwa-terminal-transient-house.html?ucfs=1&amp;amp;arphpl=1&amp;amp;dest_id=261060&amp;amp;dest_type=landmark&amp;amp;group_adults=2&amp;amp;req_adults=2&amp;amp;no_rooms=1&amp;amp;group_children=0&amp;amp;req_children=0&amp;amp;hpos=18&amp;amp;hapos=18&amp;amp;sr_order=popularity&amp;amp;srpvid=7c9c48ada4eb027a&amp;amp;srepoch=1694773211&amp;amp;from_sustainable_property_sr=1&amp;amp;from=searchresults&amp;amp;map=1&quot; class=&quot;a83ed08757 f88a5204c2 e0e11a8307 b98133fb50&quot;&gt;&lt;span&gt;&lt;span class=&quot;f4bd0794db b4273d69aa&quot; data-testid=&quot;address&quot;&gt;Baguio&lt;/span&gt;&lt;span class=&quot;f4bd0794db b4273d69aa&quot;&gt;Show on map&lt;/span&gt;&lt;/span&gt;&lt;/a&gt;&lt;span class=&quot;f4bd0794db&quot;&gt;&lt;span class=&quot;f419a93f12&quot;&gt;&lt;span aria-expanded=&quot;false&quot; data-testid=&quot;distance&quot;&gt;0.2 miles from Session Road&lt;/span&gt;&lt;/span&gt;&lt;/span&gt;&lt;/div&gt;&lt;/div&gt;&lt;div&gt;&lt;span data-testid=&quot;badge-sustainability&quot; class=&quot;abf093bdfe c147fc6dd1 b81491d8c4 d18b4a6026&quot;&gt;&lt;span class=&quot;b30f8eb2d6&quot;&gt;&lt;div class=&quot;fba3ab9fd6&quot;&gt;&lt;span class=&quot;fcd9eec8fb f8ecfc5adb bf9a32efa5 a229b4a525&quot; aria-hidden=&quot;true&quot;&gt;&lt;svg xmlns=&quot;http://www.w3.org/2000/svg&quot; viewBox=&quot;0 0 72 24&quot;&gt;&lt;path d=&quot;M16.29 19.72c4.22-4.22 8.4-17.56 6.7-19.26S7.95 2.93 3.73 7.16C.67 10.22.62 15.58 3.5 18.98L15.62 6.86c.29-.29.77-.29 1.06 0s.29.77 0 1.06L4.57 20.03l-2.14 2.14c-.29.29-.29.77 0 1.06s.77.29 1.06 0l2.34-2.34c3.34 1.88 7.78 1.51 10.46-1.17ZM46.99.46c-1.15-1.16-6.85.55-8.56 1.11-2.26.73-7.83 2.73-10.7 5.6-1.5 1.5-2.36 3.69-2.35 6.01 0 2.18.76 4.21 2.12 5.81l-3.18 3.18c-.29.29-.29.77 0 1.06.15.15.34.22.53.22s.38-.07.53-.22l3.18-3.18c1.64 1.35 3.72 2.04 5.78 2.04 2.2 0 4.37-.78 5.94-2.35 2.87-2.87 4.87-8.44 5.6-10.7.55-1.72 2.27-7.41 1.1-8.57Zm-7.76 18.21c-2.21 2.21-6.54 2.77-9.6.31L40.68 7.93c.29-.29.29-.77 0-1.06s-.77-.29-1.06 0L28.56 17.93c-1.08-1.31-1.67-2.97-1.68-4.75 0-1.93.69-3.73 1.91-4.95 3.87-3.87 14.19-6.68 16.78-6.68.13 0 .24 0 .33.02.31 1.85-2.59 13.03-6.67 17.11ZM70.99.46c-1.15-1.16-6.85.55-8.56 1.11-2.26.73-7.83 2.73-10.7 5.6-1.5 1.5-2.36 3.69-2.35 6.01 0 2.18.76 4.21 2.12 5.81l-3.18 3.18c-.29.29-.29.77 0 1.06.15.15.34.22.53.22s.38-.07.53-.22l3.18-3.18c1.64 1.35 3.72 2.04 5.78 2.04 2.2 0 4.37-.78 5.94-2.35 2.87-2.87 4.87-8.44 5.6-10.7.55-1.72 2.27-7.41 1.1-8.57Zm-7.76 18.21c-2.21 2.21-6.54 2.77-9.6.31L64.68 7.93c.29-.29.29-.77 0-1.06s-.77-.29-1.06 0L52.56 17.93c-1.08-1.31-1.67-2.97-1.68-4.75 0-1.93.69-3.73 1.91-4.95 3.87-3.87 14.19-6.68 16.78-6.68.13 0 .24 0 .33.02.31 1.85-2.59 13.03-6.67 17.11Z&quot;&gt;&lt;/path&gt;&lt;/svg&gt;&lt;/span&gt;&lt;span class=&quot;abf093bdfe d068504c75 be09c104ad&quot;&gt;Travel Sustainable Level 1&lt;/span&gt;&lt;/div&gt;&lt;/span&gt;&lt;/span&gt;&lt;/div&gt;&lt;div class=&quot;abf093bdfe&quot;&gt;Dangwa Terminal Transient House features city views, free Wifi and free private parking, located in Baguio, a 11-minute walk from Burnham Park. &lt;/div&gt;&lt;/div&gt;&lt;/div&gt;&lt;div class=&quot;&quot;&gt;&lt;div class=&quot;aca0ade214 ebac6e22e9 cd2e7d62b0 f920833fe5&quot;&gt;&lt;div class=&quot;&quot;&gt;&lt;div class=&quot;aca0ade214 a5f1aae5b2 cd2e7d62b0&quot;&gt;&lt;a target=&quot;_blank&quot; rel=&quot;noopener noreferrer&quot; data-testid=&quot;review-score-link&quot; href=&quot;https://www.booking.com/hotel/ph/dangwa-terminal-transient-house.html?ucfs=1&amp;amp;arphpl=1&amp;amp;dest_id=261060&amp;amp;dest_type=landmark&amp;amp;group_adults=2&amp;amp;req_adults=2&amp;amp;no_rooms=1&amp;amp;group_children=0&amp;amp;req_children=0&amp;amp;hpos=18&amp;amp;hapos=18&amp;amp;sr_order=popularity&amp;amp;srpvid=7c9c48ada4eb027a&amp;amp;srepoch=1694773211&amp;amp;from_sustainable_property_sr=1&amp;amp;from=searchresults#hotelTmpl&quot; class=&quot;a83ed08757 f88a5204c2 aeccf0d865 b98133fb50&quot;&gt;&lt;span&gt;&lt;div data-testid=&quot;review-score&quot; class=&quot;aca0ade214 aaf30230d9 e1ffac4e41 e7d9f93f4d d79e71457a d5fd510f01 dc7f26e57f&quot;&gt;&lt;div aria-label=&quot;Scored 6.9 &quot; class=&quot;a3b8729ab1 d86cee9b25&quot;&gt;6.9&lt;/div&gt;&lt;div class=&quot;aaee4e7cd3 e7a57abb1e a29749fd9f&quot;&gt;&lt;div aria-label=&quot;Review score&quot; class=&quot;a3b8729ab1 e6208ee469 cb2cbb3ccb&quot;&gt;Review score&lt;!-- --&gt; &lt;/div&gt;&lt;div class=&quot;abf093bdfe f45d8e4c32 d935416c47&quot;&gt;19 reviews&lt;/div&gt;&lt;/div&gt;&lt;/div&gt;&lt;/span&gt;&lt;/a&gt;&lt;/div&gt;&lt;/div&gt;&lt;div&gt;&lt;span class=&quot;f419a93f12&quot;&gt;&lt;button aria-expanded=&quot;false&quot; type=&quot;button&quot; class=&quot;a83ed08757 c21c56c305 a4c1805887 ab98298258 deab83296e c082d89982&quot;&gt;&lt;span class=&quot;e4adce92df&quot;&gt;Show prices&lt;/span&gt;&lt;/button&gt;&lt;/span&gt;&lt;/div&gt;&lt;/div&gt;&lt;/div&gt;&lt;/div&gt;&lt;/div&gt;&lt;/div&gt;&lt;/div&gt;&lt;/div&gt;&lt;div class=&quot;ea6e492f88&quot;&gt;&lt;/div&gt;&lt;/div&gt;&lt;div class=&quot;bea018f16c&quot;&gt;&lt;div&gt;&lt;/div&gt;&lt;/div&gt;&lt;div data-testid=&quot;property-card&quot; class=&quot;c82435a4b8 a178069f51 a6ae3c2b40 a18aeea94d d794b7a0f7 f53e278e95 da89aeb942&quot; style=&quot;--bui_box_padding--s:4&quot;&gt;&lt;div class=&quot;d20f4628d0&quot;&gt;&lt;div class=&quot;f9d4f2568d&quot;&gt;&lt;div class=&quot;c90a25d457&quot;&gt;&lt;a href=&quot;https://www.booking.com/hotel/ph/cedar-peak-condominium.html?ucfs=1&amp;amp;arphpl=1&amp;amp;dest_id=261060&amp;amp;dest_type=landmark&amp;amp;group_adults=2&amp;amp;req_adults=2&amp;amp;no_rooms=1&amp;amp;group_children=0&amp;amp;req_children=0&amp;amp;hpos=19&amp;amp;hapos=19&amp;amp;sr_order=popularity&amp;amp;srpvid=7c9c48ada4eb027a&amp;amp;srepoch=1694773211&amp;amp;from=searchresults#hotelTmpl&quot; target=&quot;_blank&quot; rel=&quot;noopener noreferrer&quot; tabindex=&quot;-1&quot; aria-hidden=&quot;true&quot; data-testid=&quot;property-card-desktop-single-image&quot;&gt;&lt;img src=&quot;https://cf.bstatic.com/xdata/images/hotel/square200/114741993.jpg?k=b6067185eed0c47187ff0516dc579a31cc8295f6bf7f86d942cf75e6c0a3bef0&amp;amp;o=&quot; alt=&quot;Cedar Peak Condo - Close to Session Road City Center&quot; width=&quot;200&quot; height=&quot;200&quot; class=&quot;b8b0793b0e&quot; data-testid=&quot;image&quot;/&gt;&lt;/a&gt;&lt;div class=&quot;d226e2f1b9&quot;&gt;&lt;span class=&quot;f419a93f12&quot;&gt;&lt;button class=&quot;f41101cd39&quot; aria-expanded=&quot;false&quot; data-testid=&quot;wishlist-button&quot;&gt;&lt;span data-testid=&quot;wishlist-icon&quot; class=&quot;fcd9eec8fb c422d77911 d24fc26e73&quot; aria-hidden=&quot;true&quot;&gt;&lt;svg viewBox=&quot;0 0 128 128&quot; width=&quot;1em&quot; height=&quot;1em&quot;&gt;&lt;path d=&quot;M64 112a3.6 3.6 0 0 1-2-.5 138.8 138.8 0 0 1-44.2-38c-10-14.4-10.6-26-9.4-33.2a29 29 0 0 1 22.9-23.7c11.9-2.4 24 2.5 32.7 13a33.7 33.7 0 0 1 32.7-13 29 29 0 0 1 22.8 23.7c1.3 7.2.6 18.8-9.3 33.3-9.1 13.1-24 25.9-44.2 37.9a3.6 3.6 0 0 1-2 .5z&quot;&gt;&lt;/path&gt;&lt;/svg&gt;&lt;/span&gt;&lt;/button&gt;&lt;/span&gt;&lt;/div&gt;&lt;/div&gt;&lt;/div&gt;&lt;div class=&quot;b978843432&quot;&gt;&lt;div class=&quot;aca0ade214 aaf30230d9 cd2e7d62b0 f996d8c258&quot;&gt;&lt;div class=&quot;&quot;&gt;&lt;div class=&quot;aca0ade214 c9835feea9 c2931f4182 d79e71457a d14b211b4f&quot;&gt;&lt;div class=&quot;aaee4e7cd3 e7a57abb1e&quot;&gt;&lt;div class=&quot;aca0ade214 a5f1aae5b2 cd2e7d62b0&quot;&gt;&lt;div&gt;&lt;div class=&quot;dd023375f5&quot;&gt;&lt;h3 class=&quot;a4225678b2&quot;&gt;&lt;a href=&quot;https://www.booking.com/hotel/ph/cedar-peak-condominium.html?ucfs=1&amp;amp;arphpl=1&amp;amp;dest_id=261060&amp;amp;dest_type=landmark&amp;amp;group_adults=2&amp;amp;req_adults=2&amp;amp;no_rooms=1&amp;amp;group_children=0&amp;amp;req_children=0&amp;amp;hpos=19&amp;amp;hapos=19&amp;amp;sr_order=popularity&amp;amp;srpvid=7c9c48ada4eb027a&amp;amp;srepoch=1694773211&amp;amp;from=searchresults#hotelTmpl&quot; class=&quot;e13098a59f&quot; target=&quot;_blank&quot; rel=&quot;noopener noreferrer&quot; data-testid=&quot;title-link&quot;&gt;&lt;div data-testid=&quot;title&quot; class=&quot;f6431b446c a23c043802&quot;&gt;Cedar Peak Condo - Close to Session Road City Center&lt;/div&gt;&lt;div class=&quot;ac4a7896c7&quot;&gt;Opens in new window&lt;/div&gt;&lt;/a&gt;&lt;/h3&gt;&lt;span class=&quot;f419a93f12&quot;&gt;&lt;span aria-expanded=&quot;false&quot; tabindex=&quot;0&quot; role=&quot;button&quot; data-testid=&quot;preferred-badge&quot;&gt;&lt;span role=&quot;img&quot; class=&quot;fcd9eec8fb c79b3cbed2 c2cc050fb8 e410954d4b&quot; aria-label=&quot;This property is part of our Preferred Partner Program. It&amp;#x27;s committed to providing excellent service and good value. It’ll pay us a higher commission if you make a booking.&quot;&gt;&lt;svg viewBox=&quot;0 0 128 128&quot; width=&quot;1em&quot; height=&quot;1em&quot;&gt;&lt;path d=&quot;M112 8H16a8 8 0 0 0-8 8v96a8 8 0 0 0 8 8h96a8 8 0 0 0 8-8V16a8 8 0 0 0-8-8zM48 96H24V58h24zm56-25a8.7 8.7 0 0 1-2 6 8.9 8.9 0 0 1 1 4 6.9 6.9 0 0 1-5 7c-.5 4-4.8 8-9 8H56V58l10.3-23.3a5.4 5.4 0 0 1 10.1 2.7 10.3 10.3 0 0 1-.6 2.7L72 52h23c4.5 0 9 3.5 9 8a9.2 9.2 0 0 1-2 5.3 7.5 7.5 0 0 1 2 5.7z&quot;&gt;&lt;/path&gt;&lt;/svg&gt;&lt;/span&gt;&lt;/span&gt;&lt;/span&gt;&lt;/div&gt;&lt;/div&gt;&lt;div&gt;&lt;div class=&quot;abf093bdfe a1fbd102d9&quot;&gt;&lt;a target=&quot;_blank&quot; rel=&quot;noopener noreferrer&quot; href=&quot;https://www.booking.com/hotel/ph/cedar-peak-condominium.html?ucfs=1&amp;amp;arphpl=1&amp;amp;dest_id=261060&amp;amp;dest_type=landmark&amp;amp;group_adults=2&amp;amp;req_adults=2&amp;amp;no_rooms=1&amp;amp;group_children=0&amp;amp;req_children=0&amp;amp;hpos=19&amp;amp;hapos=19&amp;amp;sr_order=popularity&amp;amp;srpvid=7c9c48ada4eb027a&amp;amp;srepoch=1694773211&amp;amp;from=searchresults&amp;amp;map=1&quot; class=&quot;a83ed08757 f88a5204c2 e0e11a8307 b98133fb50&quot;&gt;&lt;span&gt;&lt;span class=&quot;f4bd0794db b4273d69aa&quot; data-testid=&quot;address&quot;&gt;Baguio&lt;/span&gt;&lt;span class=&quot;f4bd0794db b4273d69aa&quot;&gt;Show on map&lt;/span&gt;&lt;/span&gt;&lt;/a&gt;&lt;span class=&quot;f4bd0794db&quot;&gt;&lt;span class=&quot;f419a93f12&quot;&gt;&lt;span aria-expanded=&quot;false&quot; data-testid=&quot;distance&quot;&gt;0.2 miles from Session Road&lt;/span&gt;&lt;/span&gt;&lt;/span&gt;&lt;/div&gt;&lt;/div&gt;&lt;div class=&quot;abf093bdfe&quot;&gt;Cedar Peak Condo - Close to Session Road City Center is located in Baguio, 164 feet from Session Road. Mines View Park is 2.5 mi from the property. Free WiFi is offered . &lt;/div&gt;&lt;/div&gt;&lt;/div&gt;&lt;div class=&quot;&quot;&gt;&lt;div class=&quot;aca0ade214 ebac6e22e9 cd2e7d62b0 f920833fe5&quot;&gt;&lt;div class=&quot;&quot;&gt;&lt;div class=&quot;aca0ade214 a5f1aae5b2 cd2e7d62b0&quot;&gt;&lt;a target=&quot;_blank&quot; rel=&quot;noopener noreferrer&quot; data-testid=&quot;review-score-link&quot; href=&quot;https://www.booking.com/hotel/ph/cedar-peak-condominium.html?ucfs=1&amp;amp;arphpl=1&amp;amp;dest_id=261060&amp;amp;dest_type=landmark&amp;amp;group_adults=2&amp;amp;req_adults=2&amp;amp;no_rooms=1&amp;amp;group_children=0&amp;amp;req_children=0&amp;amp;hpos=19&amp;amp;hapos=19&amp;amp;sr_order=popularity&amp;amp;srpvid=7c9c48ada4eb027a&amp;amp;srepoch=1694773211&amp;amp;from=searchresults#hotelTmpl&quot; class=&quot;a83ed08757 f88a5204c2 aeccf0d865 b98133fb50&quot;&gt;&lt;span&gt;&lt;div data-testid=&quot;review-score&quot; class=&quot;aca0ade214 aaf30230d9 e1ffac4e41 e7d9f93f4d d79e71457a d5fd510f01 dc7f26e57f&quot;&gt;&lt;div aria-label=&quot;Scored 7.6 &quot; class=&quot;a3b8729ab1 d86cee9b25&quot;&gt;7.6&lt;/div&gt;&lt;div class=&quot;aaee4e7cd3 e7a57abb1e a29749fd9f&quot;&gt;&lt;div aria-label=&quot;Good&quot; class=&quot;a3b8729ab1 e6208ee469 cb2cbb3ccb&quot;&gt;Good&lt;!-- --&gt; &lt;/div&gt;&lt;div class=&quot;abf093bdfe f45d8e4c32 d935416c47&quot;&gt;128 reviews&lt;/div&gt;&lt;/div&gt;&lt;/div&gt;&lt;/span&gt;&lt;/a&gt;&lt;/div&gt;&lt;/div&gt;&lt;div&gt;&lt;span class=&quot;f419a93f12&quot;&gt;&lt;button aria-expanded=&quot;false&quot; type=&quot;button&quot; class=&quot;a83ed08757 c21c56c305 a4c1805887 ab98298258 deab83296e c082d89982&quot;&gt;&lt;span class=&quot;e4adce92df&quot;&gt;Show prices&lt;/span&gt;&lt;/button&gt;&lt;/span&gt;&lt;/div&gt;&lt;/div&gt;&lt;/div&gt;&lt;/div&gt;&lt;/div&gt;&lt;/div&gt;&lt;/div&gt;&lt;/div&gt;&lt;div class=&quot;ea6e492f88&quot;&gt;&lt;/div&gt;&lt;/div&gt;&lt;div class=&quot;bea018f16c&quot;&gt;&lt;div&gt;&lt;/div&gt;&lt;/div&gt;&lt;div data-testid=&quot;property-card&quot; class=&quot;c82435a4b8 a178069f51 a6ae3c2b40 a18aeea94d d794b7a0f7 f53e278e95 da89aeb942&quot; style=&quot;--bui_box_padding--s:4&quot;&gt;&lt;div class=&quot;d20f4628d0&quot;&gt;&lt;div class=&quot;f9d4f2568d&quot;&gt;&lt;div class=&quot;c90a25d457&quot;&gt;&lt;a href=&quot;https://www.booking.com/hotel/ph/finteo-skylands.html?ucfs=1&amp;amp;arphpl=1&amp;amp;dest_id=261060&amp;amp;dest_type=landmark&amp;amp;group_adults=2&amp;amp;req_adults=2&amp;amp;no_rooms=1&amp;amp;group_children=0&amp;amp;req_children=0&amp;amp;hpos=20&amp;amp;hapos=20&amp;amp;sr_order=popularity&amp;amp;srpvid=7c9c48ada4eb027a&amp;amp;srepoch=1694773211&amp;amp;from=searchresults#hotelTmpl&quot; target=&quot;_blank&quot; rel=&quot;noopener noreferrer&quot; tabindex=&quot;-1&quot; aria-hidden=&quot;true&quot; data-testid=&quot;property-card-desktop-single-image&quot;&gt;&lt;img src=&quot;https://cf.bstatic.com/xdata/images/hotel/square200/80361704.jpg?k=fc800a25c5a83c6da1d18816072971404a9fa6cff942f9702ef65c730780dc86&amp;amp;o=&quot; alt=&quot;Finteo Skylands&quot; width=&quot;200&quot; height=&quot;200&quot; class=&quot;b8b0793b0e&quot; data-testid=&quot;image&quot;/&gt;&lt;/a&gt;&lt;div class=&quot;d226e2f1b9&quot;&gt;&lt;span class=&quot;f419a93f12&quot;&gt;&lt;button class=&quot;f41101cd39&quot; aria-expanded=&quot;false&quot; data-testid=&quot;wishlist-button&quot;&gt;&lt;span data-testid=&quot;wishlist-icon&quot; class=&quot;fcd9eec8fb c422d77911 d24fc26e73&quot; aria-hidden=&quot;true&quot;&gt;&lt;svg viewBox=&quot;0 0 128 128&quot; width=&quot;1em&quot; height=&quot;1em&quot;&gt;&lt;path d=&quot;M64 112a3.6 3.6 0 0 1-2-.5 138.8 138.8 0 0 1-44.2-38c-10-14.4-10.6-26-9.4-33.2a29 29 0 0 1 22.9-23.7c11.9-2.4 24 2.5 32.7 13a33.7 33.7 0 0 1 32.7-13 29 29 0 0 1 22.8 23.7c1.3 7.2.6 18.8-9.3 33.3-9.1 13.1-24 25.9-44.2 37.9a3.6 3.6 0 0 1-2 .5z&quot;&gt;&lt;/path&gt;&lt;/svg&gt;&lt;/span&gt;&lt;/button&gt;&lt;/span&gt;&lt;/div&gt;&lt;/div&gt;&lt;/div&gt;&lt;div class=&quot;b978843432&quot;&gt;&lt;div class=&quot;aca0ade214 aaf30230d9 cd2e7d62b0 f996d8c258&quot;&gt;&lt;div class=&quot;&quot;&gt;&lt;div class=&quot;aca0ade214 c9835feea9 c2931f4182 d79e71457a d14b211b4f&quot;&gt;&lt;div class=&quot;aaee4e7cd3 e7a57abb1e&quot;&gt;&lt;div class=&quot;aca0ade214 a5f1aae5b2 cd2e7d62b0&quot;&gt;&lt;div&gt;&lt;div class=&quot;dd023375f5&quot;&gt;&lt;h3 class=&quot;a4225678b2&quot;&gt;&lt;a href=&quot;https://www.booking.com/hotel/ph/finteo-skylands.html?ucfs=1&amp;amp;arphpl=1&amp;amp;dest_id=261060&amp;amp;dest_type=landmark&amp;amp;group_adults=2&amp;amp;req_adults=2&amp;amp;no_rooms=1&amp;amp;group_children=0&amp;amp;req_children=0&amp;amp;hpos=20&amp;amp;hapos=20&amp;amp;sr_order=popularity&amp;amp;srpvid=7c9c48ada4eb027a&amp;amp;srepoch=1694773211&amp;amp;from=searchresults#hotelTmpl&quot; class=&quot;e13098a59f&quot; target=&quot;_blank&quot; rel=&quot;noopener noreferrer&quot; data-testid=&quot;title-link&quot;&gt;&lt;div data-testid=&quot;title&quot; class=&quot;f6431b446c a23c043802&quot;&gt;Finteo Skylands&lt;/div&gt;&lt;div class=&quot;ac4a7896c7&quot;&gt;Opens in new window&lt;/div&gt;&lt;/a&gt;&lt;/h3&gt;&lt;/div&gt;&lt;/div&gt;&lt;div&gt;&lt;div class=&quot;abf093bdfe a1fbd102d9&quot;&gt;&lt;a target=&quot;_blank&quot; rel=&quot;noopener noreferrer&quot; href=&quot;https://www.booking.com/hotel/ph/finteo-skylands.html?ucfs=1&amp;amp;arphpl=1&amp;amp;dest_id=261060&amp;amp;dest_type=landmark&amp;amp;group_adults=2&amp;amp;req_adults=2&amp;amp;no_rooms=1&amp;amp;group_children=0&amp;amp;req_children=0&amp;amp;hpos=20&amp;amp;hapos=20&amp;amp;sr_order=popularity&amp;amp;srpvid=7c9c48ada4eb027a&amp;amp;srepoch=1694773211&amp;amp;from=searchresults&amp;amp;map=1&quot; class=&quot;a83ed08757 f88a5204c2 e0e11a8307 b98133fb50&quot;&gt;&lt;span&gt;&lt;span class=&quot;f4bd0794db b4273d69aa&quot; data-testid=&quot;address&quot;&gt;Baguio&lt;/span&gt;&lt;span class=&quot;f4bd0794db b4273d69aa&quot;&gt;Show on map&lt;/span&gt;&lt;/span&gt;&lt;/a&gt;&lt;span class=&quot;f4bd0794db&quot;&gt;&lt;span class=&quot;f419a93f12&quot;&gt;&lt;span aria-expanded=&quot;false&quot; data-testid=&quot;distance&quot;&gt;0.6 miles from Session Road&lt;/span&gt;&lt;/span&gt;&lt;/span&gt;&lt;/div&gt;&lt;/div&gt;&lt;div class=&quot;abf093bdfe&quot;&gt;Located in Baguio, 1640 feet from Burnham Park and 2953 feet from Session Road, Finteo Skylands offers city views. Complimentary private parking is available on site. &lt;/div&gt;&lt;/div&gt;&lt;/div&gt;&lt;div class=&quot;&quot;&gt;&lt;div class=&quot;aca0ade214 ebac6e22e9 cd2e7d62b0 f920833fe5&quot;&gt;&lt;div class=&quot;&quot;&gt;&lt;div class=&quot;aca0ade214 a5f1aae5b2 cd2e7d62b0&quot;&gt;&lt;a target=&quot;_blank&quot; rel=&quot;noopener noreferrer&quot; data-testid=&quot;review-score-link&quot; href=&quot;https://www.booking.com/hotel/ph/finteo-skylands.html?ucfs=1&amp;amp;arphpl=1&amp;amp;dest_id=261060&amp;amp;dest_type=landmark&amp;amp;group_adults=2&amp;amp;req_adults=2&amp;amp;no_rooms=1&amp;amp;group_children=0&amp;amp;req_children=0&amp;amp;hpos=20&amp;amp;hapos=20&amp;amp;sr_order=popularity&amp;amp;srpvid=7c9c48ada4eb027a&amp;amp;srepoch=1694773211&amp;amp;from=searchresults#hotelTmpl&quot; class=&quot;a83ed08757 f88a5204c2 aeccf0d865 b98133fb50&quot;&gt;&lt;span&gt;&lt;div data-testid=&quot;review-score&quot; class=&quot;aca0ade214 aaf30230d9 e1ffac4e41 e7d9f93f4d d79e71457a d5fd510f01 dc7f26e57f&quot;&gt;&lt;div aria-label=&quot;Scored 8.2 &quot; class=&quot;a3b8729ab1 d86cee9b25&quot;&gt;8.2&lt;/div&gt;&lt;div class=&quot;aaee4e7cd3 e7a57abb1e a29749fd9f&quot;&gt;&lt;div aria-label=&quot;Very Good&quot; class=&quot;a3b8729ab1 e6208ee469 cb2cbb3ccb&quot;&gt;Very Good&lt;!-- --&gt; &lt;/div&gt;&lt;div class=&quot;abf093bdfe f45d8e4c32 d935416c47&quot;&gt;644 reviews&lt;/div&gt;&lt;/div&gt;&lt;/div&gt;&lt;/span&gt;&lt;/a&gt;&lt;/div&gt;&lt;/div&gt;&lt;div&gt;&lt;span class=&quot;f419a93f12&quot;&gt;&lt;button aria-expanded=&quot;false&quot; type=&quot;button&quot; class=&quot;a83ed08757 c21c56c305 a4c1805887 ab98298258 deab83296e c082d89982&quot;&gt;&lt;span class=&quot;e4adce92df&quot;&gt;Show prices&lt;/span&gt;&lt;/button&gt;&lt;/span&gt;&lt;/div&gt;&lt;/div&gt;&lt;/div&gt;&lt;/div&gt;&lt;/div&gt;&lt;/div&gt;&lt;/div&gt;&lt;/div&gt;&lt;div class=&quot;ea6e492f88&quot;&gt;&lt;/div&gt;&lt;/div&gt;&lt;div class=&quot;bea018f16c&quot;&gt;&lt;div&gt;&lt;/div&gt;&lt;/div&gt;&lt;div data-testid=&quot;property-card&quot; class=&quot;c82435a4b8 a178069f51 a6ae3c2b40 a18aeea94d d794b7a0f7 f53e278e95 da89aeb942&quot; style=&quot;--bui_box_padding--s:4&quot;&gt;&lt;div class=&quot;d20f4628d0&quot;&gt;&lt;div class=&quot;f9d4f2568d&quot;&gt;&lt;div class=&quot;c90a25d457&quot;&gt;&lt;a href=&quot;https://www.booking.com/hotel/ph/olive-town-center-and.html?ucfs=1&amp;amp;arphpl=1&amp;amp;dest_id=261060&amp;amp;dest_type=landmark&amp;amp;group_adults=2&amp;amp;req_adults=2&amp;amp;no_rooms=1&amp;amp;group_children=0&amp;amp;req_children=0&amp;amp;hpos=21&amp;amp;hapos=21&amp;amp;sr_order=popularity&amp;amp;srpvid=7c9c48ada4eb027a&amp;amp;srepoch=1694773211&amp;amp;from=searchresults#hotelTmpl&quot; target=&quot;_blank&quot; rel=&quot;noopener noreferrer&quot; tabindex=&quot;-1&quot; aria-hidden=&quot;true&quot; data-testid=&quot;property-card-desktop-single-image&quot;&gt;&lt;img src=&quot;https://cf.bstatic.com/xdata/images/hotel/square200/335584592.jpg?k=35bd5b776e64d88f0a6dff3d2c3a9675af1f4d30f01f7c4dbe0f0b0b483f72db&amp;amp;o=&quot; alt=&quot;Olive Town Center and Hotel&quot; width=&quot;200&quot; height=&quot;200&quot; class=&quot;b8b0793b0e&quot; data-testid=&quot;image&quot;/&gt;&lt;/a&gt;&lt;div class=&quot;d226e2f1b9&quot;&gt;&lt;span class=&quot;f419a93f12&quot;&gt;&lt;button class=&quot;f41101cd39&quot; aria-expanded=&quot;false&quot; data-testid=&quot;wishlist-button&quot;&gt;&lt;span data-testid=&quot;wishlist-icon&quot; class=&quot;fcd9eec8fb c422d77911 d24fc26e73&quot; aria-hidden=&quot;true&quot;&gt;&lt;svg viewBox=&quot;0 0 128 128&quot; width=&quot;1em&quot; height=&quot;1em&quot;&gt;&lt;path d=&quot;M64 112a3.6 3.6 0 0 1-2-.5 138.8 138.8 0 0 1-44.2-38c-10-14.4-10.6-26-9.4-33.2a29 29 0 0 1 22.9-23.7c11.9-2.4 24 2.5 32.7 13a33.7 33.7 0 0 1 32.7-13 29 29 0 0 1 22.8 23.7c1.3 7.2.6 18.8-9.3 33.3-9.1 13.1-24 25.9-44.2 37.9a3.6 3.6 0 0 1-2 .5z&quot;&gt;&lt;/path&gt;&lt;/svg&gt;&lt;/span&gt;&lt;/button&gt;&lt;/span&gt;&lt;/div&gt;&lt;/div&gt;&lt;/div&gt;&lt;div class=&quot;b978843432&quot;&gt;&lt;div class=&quot;aca0ade214 aaf30230d9 cd2e7d62b0 f996d8c258&quot;&gt;&lt;div class=&quot;&quot;&gt;&lt;div class=&quot;aca0ade214 c9835feea9 c2931f4182 d79e71457a d14b211b4f&quot;&gt;&lt;div class=&quot;aaee4e7cd3 e7a57abb1e&quot;&gt;&lt;div class=&quot;aca0ade214 a5f1aae5b2 cd2e7d62b0&quot;&gt;&lt;div&gt;&lt;div class=&quot;dd023375f5&quot;&gt;&lt;h3 class=&quot;a4225678b2&quot;&gt;&lt;a href=&quot;https://www.booking.com/hotel/ph/olive-town-center-and.html?ucfs=1&amp;amp;arphpl=1&amp;amp;dest_id=261060&amp;amp;dest_type=landmark&amp;amp;group_adults=2&amp;amp;req_adults=2&amp;amp;no_rooms=1&amp;amp;group_children=0&amp;amp;req_children=0&amp;amp;hpos=21&amp;amp;hapos=21&amp;amp;sr_order=popularity&amp;amp;srpvid=7c9c48ada4eb027a&amp;amp;srepoch=1694773211&amp;amp;from=searchresults#hotelTmpl&quot; class=&quot;e13098a59f&quot; target=&quot;_blank&quot; rel=&quot;noopener noreferrer&quot; data-testid=&quot;title-link&quot;&gt;&lt;div data-testid=&quot;title&quot; class=&quot;f6431b446c a23c043802&quot;&gt;Olive Town Center and Hotel&lt;/div&gt;&lt;div class=&quot;ac4a7896c7&quot;&gt;Opens in new window&lt;/div&gt;&lt;/a&gt;&lt;/h3&gt;&lt;/div&gt;&lt;/div&gt;&lt;div&gt;&lt;div class=&quot;abf093bdfe a1fbd102d9&quot;&gt;&lt;a target=&quot;_blank&quot; rel=&quot;noopener noreferrer&quot; href=&quot;https://www.booking.com/hotel/ph/olive-town-center-and.html?ucfs=1&amp;amp;arphpl=1&amp;amp;dest_id=261060&amp;amp;dest_type=landmark&amp;amp;group_adults=2&amp;amp;req_adults=2&amp;amp;no_rooms=1&amp;amp;group_children=0&amp;amp;req_children=0&amp;amp;hpos=21&amp;amp;hapos=21&amp;amp;sr_order=popularity&amp;amp;srpvid=7c9c48ada4eb027a&amp;amp;srepoch=1694773211&amp;amp;from=searchresults&amp;amp;map=1&quot; class=&quot;a83ed08757 f88a5204c2 e0e11a8307 b98133fb50&quot;&gt;&lt;span&gt;&lt;span class=&quot;f4bd0794db b4273d69aa&quot; data-testid=&quot;address&quot;&gt;Baguio&lt;/span&gt;&lt;span class=&quot;f4bd0794db b4273d69aa&quot;&gt;Show on map&lt;/span&gt;&lt;/span&gt;&lt;/a&gt;&lt;span class=&quot;f4bd0794db&quot;&gt;&lt;span class=&quot;f419a93f12&quot;&gt;&lt;span aria-expanded=&quot;false&quot; data-testid=&quot;distance&quot;&gt;0.2 miles from Session Road&lt;/span&gt;&lt;/span&gt;&lt;/span&gt;&lt;/div&gt;&lt;/div&gt;&lt;div class=&quot;abf093bdfe&quot;&gt;Located in Baguio, within a 9-minute walk of SM City Baguio and half a mile of Burnham Park, Olive Town Center and Hotel has accommodations with a terrace and free WiFi as well as free private parking...&lt;/div&gt;&lt;/div&gt;&lt;/div&gt;&lt;div class=&quot;&quot;&gt;&lt;div class=&quot;aca0ade214 ebac6e22e9 cd2e7d62b0 f920833fe5&quot;&gt;&lt;div class=&quot;&quot;&gt;&lt;div class=&quot;aca0ade214 a5f1aae5b2 cd2e7d62b0&quot;&gt;&lt;a target=&quot;_blank&quot; rel=&quot;noopener noreferrer&quot; data-testid=&quot;review-score-link&quot; href=&quot;https://www.booking.com/hotel/ph/olive-town-center-and.html?ucfs=1&amp;amp;arphpl=1&amp;amp;dest_id=261060&amp;amp;dest_type=landmark&amp;amp;group_adults=2&amp;amp;req_adults=2&amp;amp;no_rooms=1&amp;amp;group_children=0&amp;amp;req_children=0&amp;amp;hpos=21&amp;amp;hapos=21&amp;amp;sr_order=popularity&amp;amp;srpvid=7c9c48ada4eb027a&amp;amp;srepoch=1694773211&amp;amp;from=searchresults#hotelTmpl&quot; class=&quot;a83ed08757 f88a5204c2 aeccf0d865 b98133fb50&quot;&gt;&lt;span&gt;&lt;div data-testid=&quot;review-score&quot; class=&quot;aca0ade214 aaf30230d9 e1ffac4e41 e7d9f93f4d d79e71457a d5fd510f01 dc7f26e57f&quot;&gt;&lt;div aria-label=&quot;Scored 8.5 &quot; class=&quot;a3b8729ab1 d86cee9b25&quot;&gt;8.5&lt;/div&gt;&lt;div class=&quot;aaee4e7cd3 e7a57abb1e a29749fd9f&quot;&gt;&lt;div aria-label=&quot;Very Good&quot; class=&quot;a3b8729ab1 e6208ee469 cb2cbb3ccb&quot;&gt;Very Good&lt;!-- --&gt; &lt;/div&gt;&lt;div class=&quot;abf093bdfe f45d8e4c32 d935416c47&quot;&gt;221 reviews&lt;/div&gt;&lt;/div&gt;&lt;/div&gt;&lt;/span&gt;&lt;/a&gt;&lt;/div&gt;&lt;/div&gt;&lt;div&gt;&lt;span class=&quot;f419a93f12&quot;&gt;&lt;button aria-expanded=&quot;false&quot; type=&quot;button&quot; class=&quot;a83ed08757 c21c56c305 a4c1805887 ab98298258 deab83296e c082d89982&quot;&gt;&lt;span class=&quot;e4adce92df&quot;&gt;Show prices&lt;/span&gt;&lt;/button&gt;&lt;/span&gt;&lt;/div&gt;&lt;/div&gt;&lt;/div&gt;&lt;/div&gt;&lt;/div&gt;&lt;/div&gt;&lt;/div&gt;&lt;/div&gt;&lt;div class=&quot;ea6e492f88&quot;&gt;&lt;/div&gt;&lt;/div&gt;&lt;div class=&quot;bea018f16c&quot;&gt;&lt;div&gt;&lt;/div&gt;&lt;/div&gt;&lt;div data-testid=&quot;property-card&quot; class=&quot;c82435a4b8 a178069f51 a6ae3c2b40 a18aeea94d d794b7a0f7 f53e278e95 da89aeb942&quot; style=&quot;--bui_box_padding--s:4&quot;&gt;&lt;div class=&quot;d20f4628d0&quot;&gt;&lt;div class=&quot;f9d4f2568d&quot;&gt;&lt;div class=&quot;c90a25d457&quot;&gt;&lt;a href=&quot;https://www.booking.com/hotel/ph/jcga-apartments-megatower-residences-iv.html?ucfs=1&amp;amp;arphpl=1&amp;amp;dest_id=261060&amp;amp;dest_type=landmark&amp;amp;group_adults=2&amp;amp;req_adults=2&amp;amp;no_rooms=1&amp;amp;group_children=0&amp;amp;req_children=0&amp;amp;hpos=22&amp;amp;hapos=22&amp;amp;sr_order=popularity&amp;amp;srpvid=7c9c48ada4eb027a&amp;amp;srepoch=1694773211&amp;amp;from=searchresults#hotelTmpl&quot; target=&quot;_blank&quot; rel=&quot;noopener noreferrer&quot; tabindex=&quot;-1&quot; aria-hidden=&quot;true&quot; data-testid=&quot;property-card-desktop-single-image&quot;&gt;&lt;img src=&quot;https://cf.bstatic.com/xdata/images/hotel/square200/482691434.jpg?k=a79b448b0786a4534f735890d8d6768f5fefa4be89cc75cfd56c816111e7adee&amp;amp;o=&quot; alt=&quot;JCGA Apartments at Megatower Residences IV - Near SM &amp;amp; Session Rd&quot; width=&quot;200&quot; height=&quot;200&quot; class=&quot;b8b0793b0e&quot; data-testid=&quot;image&quot;/&gt;&lt;/a&gt;&lt;div class=&quot;d226e2f1b9&quot;&gt;&lt;span class=&quot;f419a93f12&quot;&gt;&lt;button class=&quot;f41101cd39&quot; aria-expanded=&quot;false&quot; data-testid=&quot;wishlist-button&quot;&gt;&lt;span data-testid=&quot;wishlist-icon&quot; class=&quot;fcd9eec8fb c422d77911 d24fc26e73&quot; aria-hidden=&quot;true&quot;&gt;&lt;svg viewBox=&quot;0 0 128 128&quot; width=&quot;1em&quot; height=&quot;1em&quot;&gt;&lt;path d=&quot;M64 112a3.6 3.6 0 0 1-2-.5 138.8 138.8 0 0 1-44.2-38c-10-14.4-10.6-26-9.4-33.2a29 29 0 0 1 22.9-23.7c11.9-2.4 24 2.5 32.7 13a33.7 33.7 0 0 1 32.7-13 29 29 0 0 1 22.8 23.7c1.3 7.2.6 18.8-9.3 33.3-9.1 13.1-24 25.9-44.2 37.9a3.6 3.6 0 0 1-2 .5z&quot;&gt;&lt;/path&gt;&lt;/svg&gt;&lt;/span&gt;&lt;/button&gt;&lt;/span&gt;&lt;/div&gt;&lt;/div&gt;&lt;/div&gt;&lt;div class=&quot;b978843432&quot;&gt;&lt;div class=&quot;aca0ade214 aaf30230d9 cd2e7d62b0 f996d8c258&quot;&gt;&lt;div class=&quot;&quot;&gt;&lt;div class=&quot;aca0ade214 c9835feea9 c2931f4182 d79e71457a d14b211b4f&quot;&gt;&lt;div class=&quot;aaee4e7cd3 e7a57abb1e&quot;&gt;&lt;div class=&quot;aca0ade214 a5f1aae5b2 cd2e7d62b0&quot;&gt;&lt;div&gt;&lt;div class=&quot;dd023375f5&quot;&gt;&lt;h3 class=&quot;a4225678b2&quot;&gt;&lt;a href=&quot;https://www.booking.com/hotel/ph/jcga-apartments-megatower-residences-iv.html?ucfs=1&amp;amp;arphpl=1&amp;amp;dest_id=261060&amp;amp;dest_type=landmark&amp;amp;group_adults=2&amp;amp;req_adults=2&amp;amp;no_rooms=1&amp;amp;group_children=0&amp;amp;req_children=0&amp;amp;hpos=22&amp;amp;hapos=22&amp;amp;sr_order=popularity&amp;amp;srpvid=7c9c48ada4eb027a&amp;amp;srepoch=1694773211&amp;amp;from=searchresults#hotelTmpl&quot; class=&quot;e13098a59f&quot; target=&quot;_blank&quot; rel=&quot;noopener noreferrer&quot; data-testid=&quot;title-link&quot;&gt;&lt;div data-testid=&quot;title&quot; class=&quot;f6431b446c a23c043802&quot;&gt;JCGA Apartments at Megatower Residences IV - Near SM &amp;amp; Session Rd&lt;/div&gt;&lt;div class=&quot;ac4a7896c7&quot;&gt;Opens in new window&lt;/div&gt;&lt;/a&gt;&lt;/h3&gt;&lt;/div&gt;&lt;/div&gt;&lt;div&gt;&lt;div class=&quot;abf093bdfe a1fbd102d9&quot;&gt;&lt;a target=&quot;_blank&quot; rel=&quot;noopener noreferrer&quot; href=&quot;https://www.booking.com/hotel/ph/jcga-apartments-megatower-residences-iv.html?ucfs=1&amp;amp;arphpl=1&amp;amp;dest_id=261060&amp;amp;dest_type=landmark&amp;amp;group_adults=2&amp;amp;req_adults=2&amp;amp;no_rooms=1&amp;amp;group_children=0&amp;amp;req_children=0&amp;amp;hpos=22&amp;amp;hapos=22&amp;amp;sr_order=popularity&amp;amp;srpvid=7c9c48ada4eb027a&amp;amp;srepoch=1694773211&amp;amp;from=searchresults&amp;amp;map=1&quot; class=&quot;a83ed08757 f88a5204c2 e0e11a8307 b98133fb50&quot;&gt;&lt;span&gt;&lt;span class=&quot;f4bd0794db b4273d69aa&quot; data-testid=&quot;address&quot;&gt;Baguio&lt;/span&gt;&lt;span class=&quot;f4bd0794db b4273d69aa&quot;&gt;Show on map&lt;/span&gt;&lt;/span&gt;&lt;/a&gt;&lt;span class=&quot;f4bd0794db&quot;&gt;&lt;span class=&quot;f419a93f12&quot;&gt;&lt;span aria-expanded=&quot;false&quot; data-testid=&quot;distance&quot;&gt;0.2 miles from Session Road&lt;/span&gt;&lt;/span&gt;&lt;/span&gt;&lt;/div&gt;&lt;/div&gt;&lt;div class=&quot;abf093bdfe&quot;&gt;Located in Baguio, JCGA Apartments at Megatower Residences IV - Near SM &amp;amp; Session Rd provides accommodations 1.8 miles from Camp John Hay and 2.1 miles from Lourdes Grotto. &lt;/div&gt;&lt;/div&gt;&lt;/div&gt;&lt;div class=&quot;&quot;&gt;&lt;div class=&quot;aca0ade214 ebac6e22e9 cd2e7d62b0 f920833fe5&quot;&gt;&lt;div class=&quot;&quot;&gt;&lt;div class=&quot;aca0ade214 a5f1aae5b2 cd2e7d62b0&quot;&gt;&lt;a target=&quot;_blank&quot; rel=&quot;noopener noreferrer&quot; data-testid=&quot;review-score-link&quot; href=&quot;https://www.booking.com/hotel/ph/jcga-apartments-megatower-residences-iv.html?ucfs=1&amp;amp;arphpl=1&amp;amp;dest_id=261060&amp;amp;dest_type=landmark&amp;amp;group_adults=2&amp;amp;req_adults=2&amp;amp;no_rooms=1&amp;amp;group_children=0&amp;amp;req_children=0&amp;amp;hpos=22&amp;amp;hapos=22&amp;amp;sr_order=popularity&amp;amp;srpvid=7c9c48ada4eb027a&amp;amp;srepoch=1694773211&amp;amp;from=searchresults#hotelTmpl&quot; class=&quot;a83ed08757 f88a5204c2 aeccf0d865 b98133fb50&quot;&gt;&lt;span&gt;&lt;div data-testid=&quot;review-score&quot; class=&quot;aca0ade214 aaf30230d9 e1ffac4e41 e7d9f93f4d d79e71457a d5fd510f01 dc7f26e57f&quot;&gt;&lt;div aria-label=&quot;Scored 8.7 &quot; class=&quot;a3b8729ab1 d86cee9b25&quot;&gt;8.7&lt;/div&gt;&lt;div class=&quot;aaee4e7cd3 e7a57abb1e a29749fd9f&quot;&gt;&lt;div aria-label=&quot;Excellent&quot; class=&quot;a3b8729ab1 e6208ee469 cb2cbb3ccb&quot;&gt;Excellent&lt;!-- --&gt; &lt;/div&gt;&lt;div class=&quot;abf093bdfe f45d8e4c32 d935416c47&quot;&gt;6 reviews&lt;/div&gt;&lt;/div&gt;&lt;/div&gt;&lt;/span&gt;&lt;/a&gt;&lt;div&gt;&lt;a target=&quot;_blank&quot; rel=&quot;noopener noreferrer&quot; data-testid=&quot;secondary-review-score-link&quot; aria-label=&quot;Location: Scored 10 &quot; href=&quot;https://www.booking.com/hotel/ph/jcga-apartments-megatower-residences-iv.html?ucfs=1&amp;amp;arphpl=1&amp;amp;dest_id=261060&amp;amp;dest_type=landmark&amp;amp;group_adults=2&amp;amp;req_adults=2&amp;amp;no_rooms=1&amp;amp;group_children=0&amp;amp;req_children=0&amp;amp;hpos=22&amp;amp;hapos=22&amp;amp;sr_order=popularity&amp;amp;srpvid=7c9c48ada4eb027a&amp;amp;srepoch=1694773211&amp;amp;from=searchresults#hotelTmpl&quot; class=&quot;a83ed08757 f88a5204c2 b98133fb50&quot;&gt;&lt;span&gt;&lt;span class=&quot;a3332d346a&quot;&gt;Location&lt;!-- --&gt; &lt;!-- --&gt;10&lt;/span&gt;&lt;/span&gt;&lt;/a&gt;&lt;/div&gt;&lt;span class=&quot;abf093bdfe c147fc6dd1 d8d1f2a629&quot;&gt;&lt;span class=&quot;b30f8eb2d6&quot;&gt;New to Booking.com&lt;/span&gt;&lt;/span&gt;&lt;/div&gt;&lt;/div&gt;&lt;div&gt;&lt;span class=&quot;f419a93f12&quot;&gt;&lt;button aria-expanded=&quot;false&quot; type=&quot;button&quot; class=&quot;a83ed08757 c21c56c305 a4c1805887 ab98298258 deab83296e c082d89982&quot;&gt;&lt;span class=&quot;e4adce92df&quot;&gt;Show prices&lt;/span&gt;&lt;/button&gt;&lt;/span&gt;&lt;/div&gt;&lt;/div&gt;&lt;/div&gt;&lt;/div&gt;&lt;/div&gt;&lt;/div&gt;&lt;/div&gt;&lt;/div&gt;&lt;div class=&quot;ea6e492f88&quot;&gt;&lt;/div&gt;&lt;/div&gt;&lt;div class=&quot;bea018f16c&quot;&gt;&lt;div&gt;&lt;/div&gt;&lt;/div&gt;&lt;div data-testid=&quot;property-card&quot; class=&quot;c82435a4b8 a178069f51 a6ae3c2b40 a18aeea94d d794b7a0f7 f53e278e95 da89aeb942&quot; style=&quot;--bui_box_padding--s:4&quot;&gt;&lt;div class=&quot;d20f4628d0&quot;&gt;&lt;div class=&quot;f9d4f2568d&quot;&gt;&lt;div class=&quot;c90a25d457&quot;&gt;&lt;a href=&quot;https://www.booking.com/hotel/ph/megatower-residences-baguio.html?ucfs=1&amp;amp;arphpl=1&amp;amp;dest_id=261060&amp;amp;dest_type=landmark&amp;amp;group_adults=2&amp;amp;req_adults=2&amp;amp;no_rooms=1&amp;amp;group_children=0&amp;amp;req_children=0&amp;amp;hpos=23&amp;amp;hapos=23&amp;amp;sr_order=popularity&amp;amp;srpvid=7c9c48ada4eb027a&amp;amp;srepoch=1694773211&amp;amp;from=searchresults#hotelTmpl&quot; target=&quot;_blank&quot; rel=&quot;noopener noreferrer&quot; tabindex=&quot;-1&quot; aria-hidden=&quot;true&quot; data-testid=&quot;property-card-desktop-single-image&quot;&gt;&lt;img src=&quot;https://cf.bstatic.com/xdata/images/hotel/square200/160823934.jpg?k=4a7b560340ce7c3afddf3f110f8a2ea27584a1717e0188c9951e9b6f00cafa13&amp;amp;o=&quot; alt=&quot;Daichi Place Megatower Residences&quot; width=&quot;200&quot; height=&quot;200&quot; class=&quot;b8b0793b0e&quot; data-testid=&quot;image&quot;/&gt;&lt;/a&gt;&lt;div class=&quot;d226e2f1b9&quot;&gt;&lt;span class=&quot;f419a93f12&quot;&gt;&lt;button class=&quot;f41101cd39&quot; aria-expanded=&quot;false&quot; data-testid=&quot;wishlist-button&quot;&gt;&lt;span data-testid=&quot;wishlist-icon&quot; class=&quot;fcd9eec8fb c422d77911 d24fc26e73&quot; aria-hidden=&quot;true&quot;&gt;&lt;svg viewBox=&quot;0 0 128 128&quot; width=&quot;1em&quot; height=&quot;1em&quot;&gt;&lt;path d=&quot;M64 112a3.6 3.6 0 0 1-2-.5 138.8 138.8 0 0 1-44.2-38c-10-14.4-10.6-26-9.4-33.2a29 29 0 0 1 22.9-23.7c11.9-2.4 24 2.5 32.7 13a33.7 33.7 0 0 1 32.7-13 29 29 0 0 1 22.8 23.7c1.3 7.2.6 18.8-9.3 33.3-9.1 13.1-24 25.9-44.2 37.9a3.6 3.6 0 0 1-2 .5z&quot;&gt;&lt;/path&gt;&lt;/svg&gt;&lt;/span&gt;&lt;/button&gt;&lt;/span&gt;&lt;/div&gt;&lt;/div&gt;&lt;/div&gt;&lt;div class=&quot;b978843432&quot;&gt;&lt;div class=&quot;aca0ade214 aaf30230d9 cd2e7d62b0 f996d8c258&quot;&gt;&lt;div class=&quot;&quot;&gt;&lt;div class=&quot;aca0ade214 c9835feea9 c2931f4182 d79e71457a d14b211b4f&quot;&gt;&lt;div class=&quot;aaee4e7cd3 e7a57abb1e&quot;&gt;&lt;div class=&quot;aca0ade214 a5f1aae5b2 cd2e7d62b0&quot;&gt;&lt;div&gt;&lt;div class=&quot;dd023375f5&quot;&gt;&lt;h3 class=&quot;a4225678b2&quot;&gt;&lt;a href=&quot;https://www.booking.com/hotel/ph/megatower-residences-baguio.html?ucfs=1&amp;amp;arphpl=1&amp;amp;dest_id=261060&amp;amp;dest_type=landmark&amp;amp;group_adults=2&amp;amp;req_adults=2&amp;amp;no_rooms=1&amp;amp;group_children=0&amp;amp;req_children=0&amp;amp;hpos=23&amp;amp;hapos=23&amp;amp;sr_order=popularity&amp;amp;srpvid=7c9c48ada4eb027a&amp;amp;srepoch=1694773211&amp;amp;from=searchresults#hotelTmpl&quot; class=&quot;e13098a59f&quot; target=&quot;_blank&quot; rel=&quot;noopener noreferrer&quot; data-testid=&quot;title-link&quot;&gt;&lt;div data-testid=&quot;title&quot; class=&quot;f6431b446c a23c043802&quot;&gt;Daichi Place Megatower Residences&lt;/div&gt;&lt;div class=&quot;ac4a7896c7&quot;&gt;Opens in new window&lt;/div&gt;&lt;/a&gt;&lt;/h3&gt;&lt;span class=&quot;f419a93f12&quot;&gt;&lt;span aria-expanded=&quot;false&quot; tabindex=&quot;0&quot; role=&quot;button&quot; data-testid=&quot;preferred-badge&quot;&gt;&lt;span role=&quot;img&quot; class=&quot;fcd9eec8fb c79b3cbed2 c2cc050fb8 e410954d4b&quot; aria-label=&quot;This property is part of our Preferred Partner Program. It&amp;#x27;s committed to providing excellent service and good value. It’ll pay us a higher commission if you make a booking.&quot;&gt;&lt;svg viewBox=&quot;0 0 128 128&quot; width=&quot;1em&quot; height=&quot;1em&quot;&gt;&lt;path d=&quot;M112 8H16a8 8 0 0 0-8 8v96a8 8 0 0 0 8 8h96a8 8 0 0 0 8-8V16a8 8 0 0 0-8-8zM48 96H24V58h24zm56-25a8.7 8.7 0 0 1-2 6 8.9 8.9 0 0 1 1 4 6.9 6.9 0 0 1-5 7c-.5 4-4.8 8-9 8H56V58l10.3-23.3a5.4 5.4 0 0 1 10.1 2.7 10.3 10.3 0 0 1-.6 2.7L72 52h23c4.5 0 9 3.5 9 8a9.2 9.2 0 0 1-2 5.3 7.5 7.5 0 0 1 2 5.7z&quot;&gt;&lt;/path&gt;&lt;/svg&gt;&lt;/span&gt;&lt;/span&gt;&lt;/span&gt;&lt;/div&gt;&lt;/div&gt;&lt;div&gt;&lt;div class=&quot;abf093bdfe a1fbd102d9&quot;&gt;&lt;a target=&quot;_blank&quot; rel=&quot;noopener noreferrer&quot; href=&quot;https://www.booking.com/hotel/ph/megatower-residences-baguio.html?ucfs=1&amp;amp;arphpl=1&amp;amp;dest_id=261060&amp;amp;dest_type=landmark&amp;amp;group_adults=2&amp;amp;req_adults=2&amp;amp;no_rooms=1&amp;amp;group_children=0&amp;amp;req_children=0&amp;amp;hpos=23&amp;amp;hapos=23&amp;amp;sr_order=popularity&amp;amp;srpvid=7c9c48ada4eb027a&amp;amp;srepoch=1694773211&amp;amp;from=searchresults&amp;amp;map=1&quot; class=&quot;a83ed08757 f88a5204c2 e0e11a8307 b98133fb50&quot;&gt;&lt;span&gt;&lt;span class=&quot;f4bd0794db b4273d69aa&quot; data-testid=&quot;address&quot;&gt;Baguio&lt;/span&gt;&lt;span class=&quot;f4bd0794db b4273d69aa&quot;&gt;Show on map&lt;/span&gt;&lt;/span&gt;&lt;/a&gt;&lt;span class=&quot;f4bd0794db&quot;&gt;&lt;span class=&quot;f419a93f12&quot;&gt;&lt;span aria-expanded=&quot;false&quot; data-testid=&quot;distance&quot;&gt;0.2 miles from Session Road&lt;/span&gt;&lt;/span&gt;&lt;/span&gt;&lt;/div&gt;&lt;/div&gt;&lt;div class=&quot;abf093bdfe&quot;&gt;Offering a terrace and city view, Daichi Place Megatower Residences is located in Baguio, a 11-minute walk from Mines View Park and 0.6 miles from Burnham Park. &lt;/div&gt;&lt;/div&gt;&lt;/div&gt;&lt;div class=&quot;&quot;&gt;&lt;div class=&quot;aca0ade214 ebac6e22e9 cd2e7d62b0 f920833fe5&quot;&gt;&lt;div class=&quot;&quot;&gt;&lt;div class=&quot;aca0ade214 a5f1aae5b2 cd2e7d62b0&quot;&gt;&lt;a target=&quot;_blank&quot; rel=&quot;noopener noreferrer&quot; data-testid=&quot;review-score-link&quot; href=&quot;https://www.booking.com/hotel/ph/megatower-residences-baguio.html?ucfs=1&amp;amp;arphpl=1&amp;amp;dest_id=261060&amp;amp;dest_type=landmark&amp;amp;group_adults=2&amp;amp;req_adults=2&amp;amp;no_rooms=1&amp;amp;group_children=0&amp;amp;req_children=0&amp;amp;hpos=23&amp;amp;hapos=23&amp;amp;sr_order=popularity&amp;amp;srpvid=7c9c48ada4eb027a&amp;amp;srepoch=1694773211&amp;amp;from=searchresults#hotelTmpl&quot; class=&quot;a83ed08757 f88a5204c2 aeccf0d865 b98133fb50&quot;&gt;&lt;span&gt;&lt;div data-testid=&quot;review-score&quot; class=&quot;aca0ade214 aaf30230d9 e1ffac4e41 e7d9f93f4d d79e71457a d5fd510f01 dc7f26e57f&quot;&gt;&lt;div aria-label=&quot;Scored 8.8 &quot; class=&quot;a3b8729ab1 d86cee9b25&quot;&gt;8.8&lt;/div&gt;&lt;div class=&quot;aaee4e7cd3 e7a57abb1e a29749fd9f&quot;&gt;&lt;div aria-label=&quot;Excellent&quot; class=&quot;a3b8729ab1 e6208ee469 cb2cbb3ccb&quot;&gt;Excellent&lt;!-- --&gt; &lt;/div&gt;&lt;div class=&quot;abf093bdfe f45d8e4c32 d935416c47&quot;&gt;55 reviews&lt;/div&gt;&lt;/div&gt;&lt;/div&gt;&lt;/span&gt;&lt;/a&gt;&lt;div&gt;&lt;a target=&quot;_blank&quot; rel=&quot;noopener noreferrer&quot; data-testid=&quot;secondary-review-score-link&quot; aria-label=&quot;Location: Scored 9.4 &quot; href=&quot;https://www.booking.com/hotel/ph/megatower-residences-baguio.html?ucfs=1&amp;amp;arphpl=1&amp;amp;dest_id=261060&amp;amp;dest_type=landmark&amp;amp;group_adults=2&amp;amp;req_adults=2&amp;amp;no_rooms=1&amp;amp;group_children=0&amp;amp;req_children=0&amp;amp;hpos=23&amp;amp;hapos=23&amp;amp;sr_order=popularity&amp;amp;srpvid=7c9c48ada4eb027a&amp;amp;srepoch=1694773211&amp;amp;from=searchresults#hotelTmpl&quot; class=&quot;a83ed08757 f88a5204c2 b98133fb50&quot;&gt;&lt;span&gt;&lt;span class=&quot;a3332d346a&quot;&gt;Location&lt;!-- --&gt; &lt;!-- --&gt;9.4&lt;/span&gt;&lt;/span&gt;&lt;/a&gt;&lt;/div&gt;&lt;/div&gt;&lt;/div&gt;&lt;div&gt;&lt;span class=&quot;f419a93f12&quot;&gt;&lt;button aria-expanded=&quot;false&quot; type=&quot;button&quot; class=&quot;a83ed08757 c21c56c305 a4c1805887 ab98298258 deab83296e c082d89982&quot;&gt;&lt;span class=&quot;e4adce92df&quot;&gt;Show prices&lt;/span&gt;&lt;/button&gt;&lt;/span&gt;&lt;/div&gt;&lt;/div&gt;&lt;/div&gt;&lt;/div&gt;&lt;/div&gt;&lt;/div&gt;&lt;/div&gt;&lt;/div&gt;&lt;div class=&quot;ea6e492f88&quot;&gt;&lt;/div&gt;&lt;/div&gt;&lt;div class=&quot;bea018f16c&quot;&gt;&lt;div&gt;&lt;/div&gt;&lt;/div&gt;&lt;div data-testid=&quot;property-card&quot; class=&quot;c82435a4b8 a178069f51 a6ae3c2b40 a18aeea94d d794b7a0f7 f53e278e95 da89aeb942&quot; style=&quot;--bui_box_padding--s:4&quot;&gt;&lt;div class=&quot;d20f4628d0&quot;&gt;&lt;div class=&quot;f9d4f2568d&quot;&gt;&lt;div class=&quot;c90a25d457&quot;&gt;&lt;a href=&quot;https://www.booking.com/hotel/ph/paragon-and-suites.html?ucfs=1&amp;amp;arphpl=1&amp;amp;dest_id=261060&amp;amp;dest_type=landmark&amp;amp;group_adults=2&amp;amp;req_adults=2&amp;amp;no_rooms=1&amp;amp;group_children=0&amp;amp;req_children=0&amp;amp;hpos=24&amp;amp;hapos=24&amp;amp;sr_order=popularity&amp;amp;srpvid=7c9c48ada4eb027a&amp;amp;srepoch=1694773211&amp;amp;from=searchresults#hotelTmpl&quot; target=&quot;_blank&quot; rel=&quot;noopener noreferrer&quot; tabindex=&quot;-1&quot; aria-hidden=&quot;true&quot; data-testid=&quot;property-card-desktop-single-image&quot;&gt;&lt;img src=&quot;https://cf.bstatic.com/xdata/images/hotel/square200/466646787.jpg?k=1a58311ebb129ce187243a6c49584a47c5b156ac66d37ee8f17ed5d3cbc74dbf&amp;amp;o=&quot; alt=&quot;Paragon Hotel and Suites&quot; width=&quot;200&quot; height=&quot;200&quot; class=&quot;b8b0793b0e&quot; data-testid=&quot;image&quot;/&gt;&lt;/a&gt;&lt;div class=&quot;d226e2f1b9&quot;&gt;&lt;span class=&quot;f419a93f12&quot;&gt;&lt;button class=&quot;f41101cd39&quot; aria-expanded=&quot;false&quot; data-testid=&quot;wishlist-button&quot;&gt;&lt;span data-testid=&quot;wishlist-icon&quot; class=&quot;fcd9eec8fb c422d77911 d24fc26e73&quot; aria-hidden=&quot;true&quot;&gt;&lt;svg viewBox=&quot;0 0 128 128&quot; width=&quot;1em&quot; height=&quot;1em&quot;&gt;&lt;path d=&quot;M64 112a3.6 3.6 0 0 1-2-.5 138.8 138.8 0 0 1-44.2-38c-10-14.4-10.6-26-9.4-33.2a29 29 0 0 1 22.9-23.7c11.9-2.4 24 2.5 32.7 13a33.7 33.7 0 0 1 32.7-13 29 29 0 0 1 22.8 23.7c1.3 7.2.6 18.8-9.3 33.3-9.1 13.1-24 25.9-44.2 37.9a3.6 3.6 0 0 1-2 .5z&quot;&gt;&lt;/path&gt;&lt;/svg&gt;&lt;/span&gt;&lt;/button&gt;&lt;/span&gt;&lt;/div&gt;&lt;/div&gt;&lt;/div&gt;&lt;div class=&quot;b978843432&quot;&gt;&lt;div class=&quot;aca0ade214 aaf30230d9 cd2e7d62b0 f996d8c258&quot;&gt;&lt;div class=&quot;&quot;&gt;&lt;div class=&quot;aca0ade214 c9835feea9 c2931f4182 d79e71457a d14b211b4f&quot;&gt;&lt;div class=&quot;aaee4e7cd3 e7a57abb1e&quot;&gt;&lt;div class=&quot;aca0ade214 a5f1aae5b2 cd2e7d62b0&quot;&gt;&lt;div&gt;&lt;div class=&quot;dd023375f5&quot;&gt;&lt;h3 class=&quot;a4225678b2&quot;&gt;&lt;a href=&quot;https://www.booking.com/hotel/ph/paragon-and-suites.html?ucfs=1&amp;amp;arphpl=1&amp;amp;dest_id=261060&amp;amp;dest_type=landmark&amp;amp;group_adults=2&amp;amp;req_adults=2&amp;amp;no_rooms=1&amp;amp;group_children=0&amp;amp;req_children=0&amp;amp;hpos=24&amp;amp;hapos=24&amp;amp;sr_order=popularity&amp;amp;srpvid=7c9c48ada4eb027a&amp;amp;srepoch=1694773211&amp;amp;from=searchresults#hotelTmpl&quot; class=&quot;e13098a59f&quot; target=&quot;_blank&quot; rel=&quot;noopener noreferrer&quot; data-testid=&quot;title-link&quot;&gt;&lt;div data-testid=&quot;title&quot; class=&quot;f6431b446c a23c043802&quot;&gt;Paragon Hotel and Suites&lt;/div&gt;&lt;div class=&quot;ac4a7896c7&quot;&gt;Opens in new window&lt;/div&gt;&lt;/a&gt;&lt;/h3&gt;&lt;/div&gt;&lt;/div&gt;&lt;div&gt;&lt;div class=&quot;abf093bdfe a1fbd102d9&quot;&gt;&lt;a target=&quot;_blank&quot; rel=&quot;noopener noreferrer&quot; href=&quot;https://www.booking.com/hotel/ph/paragon-and-suites.html?ucfs=1&amp;amp;arphpl=1&amp;amp;dest_id=261060&amp;amp;dest_type=landmark&amp;amp;group_adults=2&amp;amp;req_adults=2&amp;amp;no_rooms=1&amp;amp;group_children=0&amp;amp;req_children=0&amp;amp;hpos=24&amp;amp;hapos=24&amp;amp;sr_order=popularity&amp;amp;srpvid=7c9c48ada4eb027a&amp;amp;srepoch=1694773211&amp;amp;from=searchresults&amp;amp;map=1&quot; class=&quot;a83ed08757 f88a5204c2 e0e11a8307 b98133fb50&quot;&gt;&lt;span&gt;&lt;span class=&quot;f4bd0794db b4273d69aa&quot; data-testid=&quot;address&quot;&gt;Baguio&lt;/span&gt;&lt;span class=&quot;f4bd0794db b4273d69aa&quot;&gt;Show on map&lt;/span&gt;&lt;/span&gt;&lt;/a&gt;&lt;span class=&quot;f4bd0794db&quot;&gt;&lt;span class=&quot;f419a93f12&quot;&gt;&lt;span aria-expanded=&quot;false&quot; data-testid=&quot;distance&quot;&gt;0.4 miles from Session Road&lt;/span&gt;&lt;/span&gt;&lt;/span&gt;&lt;/div&gt;&lt;/div&gt;&lt;div class=&quot;abf093bdfe&quot;&gt;Featuring 3-star accommodations, Paragon Hotel and Suites is located in Baguio, a 5-minute walk from Burnham Park and 0.8 miles from SM City Baguio. &lt;/div&gt;&lt;/div&gt;&lt;/div&gt;&lt;div class=&quot;&quot;&gt;&lt;div class=&quot;aca0ade214 ebac6e22e9 cd2e7d62b0 f920833fe5&quot;&gt;&lt;div class=&quot;&quot;&gt;&lt;div class=&quot;aca0ade214 a5f1aae5b2 cd2e7d62b0&quot;&gt;&lt;a target=&quot;_blank&quot; rel=&quot;noopener noreferrer&quot; data-testid=&quot;review-score-link&quot; href=&quot;https://www.booking.com/hotel/ph/paragon-and-suites.html?ucfs=1&amp;amp;arphpl=1&amp;amp;dest_id=261060&amp;amp;dest_type=landmark&amp;amp;group_adults=2&amp;amp;req_adults=2&amp;amp;no_rooms=1&amp;amp;group_children=0&amp;amp;req_children=0&amp;amp;hpos=24&amp;amp;hapos=24&amp;amp;sr_order=popularity&amp;amp;srpvid=7c9c48ada4eb027a&amp;amp;srepoch=1694773211&amp;amp;from=searchresults#hotelTmpl&quot; class=&quot;a83ed08757 f88a5204c2 aeccf0d865 b98133fb50&quot;&gt;&lt;span&gt;&lt;div data-testid=&quot;review-score&quot; class=&quot;aca0ade214 aaf30230d9 e1ffac4e41 e7d9f93f4d d79e71457a d5fd510f01 dc7f26e57f&quot;&gt;&lt;div aria-label=&quot;Scored 8.0 &quot; class=&quot;a3b8729ab1 d86cee9b25&quot;&gt;8.0&lt;/div&gt;&lt;div class=&quot;aaee4e7cd3 e7a57abb1e a29749fd9f&quot;&gt;&lt;div aria-label=&quot;Very Good&quot; class=&quot;a3b8729ab1 e6208ee469 cb2cbb3ccb&quot;&gt;Very Good&lt;!-- --&gt; &lt;/div&gt;&lt;div class=&quot;abf093bdfe f45d8e4c32 d935416c47&quot;&gt;99 reviews&lt;/div&gt;&lt;/div&gt;&lt;/div&gt;&lt;/span&gt;&lt;/a&gt;&lt;/div&gt;&lt;/div&gt;&lt;div&gt;&lt;span class=&quot;f419a93f12&quot;&gt;&lt;button aria-expanded=&quot;false&quot; type=&quot;button&quot; class=&quot;a83ed08757 c21c56c305 a4c1805887 ab98298258 deab83296e c082d89982&quot;&gt;&lt;span class=&quot;e4adce92df&quot;&gt;Show prices&lt;/span&gt;&lt;/button&gt;&lt;/span&gt;&lt;/div&gt;&lt;/div&gt;&lt;/div&gt;&lt;/div&gt;&lt;/div&gt;&lt;/div&gt;&lt;/div&gt;&lt;/div&gt;&lt;div class=&quot;ea6e492f88&quot;&gt;&lt;/div&gt;&lt;/div&gt;&lt;div class=&quot;bea018f16c&quot;&gt;&lt;div&gt;&lt;/div&gt;&lt;/div&gt;&lt;div data-testid=&quot;property-card&quot; class=&quot;c82435a4b8 a178069f51 a6ae3c2b40 a18aeea94d d794b7a0f7 f53e278e95 da89aeb942&quot; style=&quot;--bui_box_padding--s:4&quot;&gt;&lt;div class=&quot;d20f4628d0&quot;&gt;&lt;div class=&quot;f9d4f2568d&quot;&gt;&lt;div class=&quot;c90a25d457&quot;&gt;&lt;a href=&quot;https://www.booking.com/hotel/ph/krystalclaine-homestay.html?ucfs=1&amp;amp;arphpl=1&amp;amp;dest_id=261060&amp;amp;dest_type=landmark&amp;amp;group_adults=2&amp;amp;req_adults=2&amp;amp;no_rooms=1&amp;amp;group_children=0&amp;amp;req_children=0&amp;amp;hpos=25&amp;amp;hapos=25&amp;amp;sr_order=popularity&amp;amp;srpvid=7c9c48ada4eb027a&amp;amp;srepoch=1694773211&amp;amp;from_sustainable_property_sr=1&amp;amp;from=searchresults#hotelTmpl&quot; target=&quot;_blank&quot; rel=&quot;noopener noreferrer&quot; tabindex=&quot;-1&quot; aria-hidden=&quot;true&quot; data-testid=&quot;property-card-desktop-single-image&quot;&gt;&lt;img src=&quot;https://cf.bstatic.com/xdata/images/hotel/square200/351548981.jpg?k=2d8deb96fb19aa7c63f547ad153f89808593c2dfdec6a9efa3f8d13c7d6f043f&amp;amp;o=&quot; alt=&quot;Krystal Claine Homestay-BURNHAM HILL&quot; width=&quot;200&quot; height=&quot;200&quot; class=&quot;b8b0793b0e&quot; data-testid=&quot;image&quot;/&gt;&lt;/a&gt;&lt;div class=&quot;d226e2f1b9&quot;&gt;&lt;span class=&quot;f419a93f12&quot;&gt;&lt;button class=&quot;f41101cd39&quot; aria-expanded=&quot;false&quot; data-testid=&quot;wishlist-button&quot;&gt;&lt;span data-testid=&quot;wishlist-icon&quot; class=&quot;fcd9eec8fb c422d77911 d24fc26e73&quot; aria-hidden=&quot;true&quot;&gt;&lt;svg viewBox=&quot;0 0 128 128&quot; width=&quot;1em&quot; height=&quot;1em&quot;&gt;&lt;path d=&quot;M64 112a3.6 3.6 0 0 1-2-.5 138.8 138.8 0 0 1-44.2-38c-10-14.4-10.6-26-9.4-33.2a29 29 0 0 1 22.9-23.7c11.9-2.4 24 2.5 32.7 13a33.7 33.7 0 0 1 32.7-13 29 29 0 0 1 22.8 23.7c1.3 7.2.6 18.8-9.3 33.3-9.1 13.1-24 25.9-44.2 37.9a3.6 3.6 0 0 1-2 .5z&quot;&gt;&lt;/path&gt;&lt;/svg&gt;&lt;/span&gt;&lt;/button&gt;&lt;/span&gt;&lt;/div&gt;&lt;/div&gt;&lt;/div&gt;&lt;div class=&quot;b978843432&quot;&gt;&lt;div class=&quot;aca0ade214 aaf30230d9 cd2e7d62b0 f996d8c258&quot;&gt;&lt;div class=&quot;&quot;&gt;&lt;div class=&quot;aca0ade214 c9835feea9 c2931f4182 d79e71457a d14b211b4f&quot;&gt;&lt;div class=&quot;aaee4e7cd3 e7a57abb1e&quot;&gt;&lt;div class=&quot;aca0ade214 a5f1aae5b2 cd2e7d62b0&quot;&gt;&lt;div&gt;&lt;div class=&quot;dd023375f5&quot;&gt;&lt;h3 class=&quot;a4225678b2&quot;&gt;&lt;a href=&quot;https://www.booking.com/hotel/ph/krystalclaine-homestay.html?ucfs=1&amp;amp;arphpl=1&amp;amp;dest_id=261060&amp;amp;dest_type=landmark&amp;amp;group_adults=2&amp;amp;req_adults=2&amp;amp;no_rooms=1&amp;amp;group_children=0&amp;amp;req_children=0&amp;amp;hpos=25&amp;amp;hapos=25&amp;amp;sr_order=popularity&amp;amp;srpvid=7c9c48ada4eb027a&amp;amp;srepoch=1694773211&amp;amp;from_sustainable_property_sr=1&amp;amp;from=searchresults#hotelTmpl&quot; class=&quot;e13098a59f&quot; target=&quot;_blank&quot; rel=&quot;noopener noreferrer&quot; data-testid=&quot;title-link&quot;&gt;&lt;div data-testid=&quot;title&quot; class=&quot;f6431b446c a23c043802&quot;&gt;Krystal Claine Homestay-BURNHAM HILL&lt;/div&gt;&lt;div class=&quot;ac4a7896c7&quot;&gt;Opens in new window&lt;/div&gt;&lt;/a&gt;&lt;/h3&gt;&lt;span class=&quot;f419a93f12&quot;&gt;&lt;span aria-expanded=&quot;false&quot; tabindex=&quot;0&quot; role=&quot;button&quot; data-testid=&quot;preferred-badge&quot;&gt;&lt;span role=&quot;img&quot; class=&quot;fcd9eec8fb c79b3cbed2 c2cc050fb8 e410954d4b&quot; aria-label=&quot;This property is part of our Preferred Partner Program. It&amp;#x27;s committed to providing excellent service and good value. It’ll pay us a higher commission if you make a booking.&quot;&gt;&lt;svg viewBox=&quot;0 0 128 128&quot; width=&quot;1em&quot; height=&quot;1em&quot;&gt;&lt;path d=&quot;M112 8H16a8 8 0 0 0-8 8v96a8 8 0 0 0 8 8h96a8 8 0 0 0 8-8V16a8 8 0 0 0-8-8zM48 96H24V58h24zm56-25a8.7 8.7 0 0 1-2 6 8.9 8.9 0 0 1 1 4 6.9 6.9 0 0 1-5 7c-.5 4-4.8 8-9 8H56V58l10.3-23.3a5.4 5.4 0 0 1 10.1 2.7 10.3 10.3 0 0 1-.6 2.7L72 52h23c4.5 0 9 3.5 9 8a9.2 9.2 0 0 1-2 5.3 7.5 7.5 0 0 1 2 5.7z&quot;&gt;&lt;/path&gt;&lt;/svg&gt;&lt;/span&gt;&lt;/span&gt;&lt;/span&gt;&lt;/div&gt;&lt;/div&gt;&lt;div&gt;&lt;div class=&quot;abf093bdfe a1fbd102d9&quot;&gt;&lt;a target=&quot;_blank&quot; rel=&quot;noopener noreferrer&quot; href=&quot;https://www.booking.com/hotel/ph/krystalclaine-homestay.html?ucfs=1&amp;amp;arphpl=1&amp;amp;dest_id=261060&amp;amp;dest_type=landmark&amp;amp;group_adults=2&amp;amp;req_adults=2&amp;amp;no_rooms=1&amp;amp;group_children=0&amp;amp;req_children=0&amp;amp;hpos=25&amp;amp;hapos=25&amp;amp;sr_order=popularity&amp;amp;srpvid=7c9c48ada4eb027a&amp;amp;srepoch=1694773211&amp;amp;from_sustainable_property_sr=1&amp;amp;from=searchresults&amp;amp;map=1&quot; class=&quot;a83ed08757 f88a5204c2 e0e11a8307 b98133fb50&quot;&gt;&lt;span&gt;&lt;span class=&quot;f4bd0794db b4273d69aa&quot; data-testid=&quot;address&quot;&gt;Baguio&lt;/span&gt;&lt;span class=&quot;f4bd0794db b4273d69aa&quot;&gt;Show on map&lt;/span&gt;&lt;/span&gt;&lt;/a&gt;&lt;span class=&quot;f4bd0794db&quot;&gt;&lt;span class=&quot;f419a93f12&quot;&gt;&lt;span aria-expanded=&quot;false&quot; data-testid=&quot;distance&quot;&gt;0.3 miles from Session Road&lt;/span&gt;&lt;/span&gt;&lt;/span&gt;&lt;/div&gt;&lt;/div&gt;&lt;div&gt;&lt;span data-testid=&quot;badge-sustainability&quot; class=&quot;abf093bdfe c147fc6dd1 b81491d8c4 d18b4a6026&quot;&gt;&lt;span class=&quot;b30f8eb2d6&quot;&gt;&lt;div class=&quot;fba3ab9fd6&quot;&gt;&lt;span class=&quot;fcd9eec8fb f8ecfc5adb bf9a32efa5 a229b4a525&quot; aria-hidden=&quot;true&quot;&gt;&lt;svg xmlns=&quot;http://www.w3.org/2000/svg&quot; viewBox=&quot;0 0 72 24&quot;&gt;&lt;path d=&quot;M16.29 19.72c4.22-4.22 8.4-17.56 6.7-19.26S7.95 2.93 3.73 7.16C.67 10.22.62 15.58 3.5 18.98L15.62 6.86c.29-.29.77-.29 1.06 0s.29.77 0 1.06L4.57 20.03l-2.14 2.14c-.29.29-.29.77 0 1.06s.77.29 1.06 0l2.34-2.34c3.34 1.88 7.78 1.51 10.46-1.17ZM70.99.46c-1.15-1.16-6.85.55-8.56 1.11-2.26.73-7.83 2.73-10.7 5.6-1.5 1.5-2.36 3.69-2.35 6.01 0 2.18.76 4.21 2.12 5.81l-3.18 3.18c-.29.29-.29.77 0 1.06.15.15.34.22.53.22s.38-.07.53-.22l3.18-3.18c1.64 1.35 3.72 2.04 5.78 2.04 2.2 0 4.37-.78 5.94-2.35 2.87-2.87 4.87-8.44 5.6-10.7.55-1.72 2.27-7.41 1.1-8.57Zm-7.76 18.21c-2.21 2.21-6.54 2.77-9.6.31L64.68 7.93c.29-.29.29-.77 0-1.06s-.77-.29-1.06 0L52.56 17.93c-1.08-1.31-1.67-2.97-1.68-4.75 0-1.93.69-3.73 1.91-4.95 3.87-3.87 14.19-6.68 16.78-6.68.13 0 .24 0 .33.02.31 1.85-2.59 13.03-6.67 17.11ZM40.29 19.72c4.23-4.23 8.41-17.56 6.7-19.26s-15.04 2.48-19.26 6.7c-3.06 3.06-3.11 8.42-.23 11.82L39.62 6.86c.29-.29.77-.29 1.06 0s.29.77 0 1.06L28.57 20.03l-2.14 2.14c-.29.29-.29.77 0 1.06s.77.29 1.06 0l2.34-2.34c3.34 1.88 7.78 1.51 10.46-1.17Z&quot;&gt;&lt;/path&gt;&lt;/svg&gt;&lt;/span&gt;&lt;span class=&quot;abf093bdfe d068504c75 be09c104ad&quot;&gt;Travel Sustainable Level 2&lt;/span&gt;&lt;/div&gt;&lt;/span&gt;&lt;/span&gt;&lt;/div&gt;&lt;div class=&quot;abf093bdfe&quot;&gt;Krystal Claine Homestay-BURNHAM HILL is located in Baguio, a 3-minute walk from Burnham Park, 0.7 miles from SM City Baguio, as well as one mile from Mines View Park. &lt;/div&gt;&lt;/div&gt;&lt;/div&gt;&lt;div class=&quot;&quot;&gt;&lt;div class=&quot;aca0ade214 ebac6e22e9 cd2e7d62b0 f920833fe5&quot;&gt;&lt;div class=&quot;&quot;&gt;&lt;div class=&quot;aca0ade214 a5f1aae5b2 cd2e7d62b0&quot;&gt;&lt;a target=&quot;_blank&quot; rel=&quot;noopener noreferrer&quot; data-testid=&quot;review-score-link&quot; href=&quot;https://www.booking.com/hotel/ph/krystalclaine-homestay.html?ucfs=1&amp;amp;arphpl=1&amp;amp;dest_id=261060&amp;amp;dest_type=landmark&amp;amp;group_adults=2&amp;amp;req_adults=2&amp;amp;no_rooms=1&amp;amp;group_children=0&amp;amp;req_children=0&amp;amp;hpos=25&amp;amp;hapos=25&amp;amp;sr_order=popularity&amp;amp;srpvid=7c9c48ada4eb027a&amp;amp;srepoch=1694773211&amp;amp;from_sustainable_property_sr=1&amp;amp;from=searchresults#hotelTmpl&quot; class=&quot;a83ed08757 f88a5204c2 aeccf0d865 b98133fb50&quot;&gt;&lt;span&gt;&lt;div data-testid=&quot;review-score&quot; class=&quot;aca0ade214 aaf30230d9 e1ffac4e41 e7d9f93f4d d79e71457a d5fd510f01 dc7f26e57f&quot;&gt;&lt;div aria-label=&quot;Scored 8.5 &quot; class=&quot;a3b8729ab1 d86cee9b25&quot;&gt;8.5&lt;/div&gt;&lt;div class=&quot;aaee4e7cd3 e7a57abb1e a29749fd9f&quot;&gt;&lt;div aria-label=&quot;Very Good&quot; class=&quot;a3b8729ab1 e6208ee469 cb2cbb3ccb&quot;&gt;Very Good&lt;!-- --&gt; &lt;/div&gt;&lt;div class=&quot;abf093bdfe f45d8e4c32 d935416c47&quot;&gt;34 reviews&lt;/div&gt;&lt;/div&gt;&lt;/div&gt;&lt;/span&gt;&lt;/a&gt;&lt;/div&gt;&lt;/div&gt;&lt;div&gt;&lt;span class=&quot;f419a93f12&quot;&gt;&lt;button aria-expanded=&quot;false&quot; type=&quot;button&quot; class=&quot;a83ed08757 c21c56c305 a4c1805887 ab98298258 deab83296e c082d89982&quot;&gt;&lt;span class=&quot;e4adce92df&quot;&gt;Show prices&lt;/span&gt;&lt;/button&gt;&lt;/span&gt;&lt;/div&gt;&lt;/div&gt;&lt;/div&gt;&lt;/div&gt;&lt;/div&gt;&lt;/div&gt;&lt;/div&gt;&lt;/div&gt;&lt;div class=&quot;ea6e492f88&quot;&gt;&lt;/div&gt;&lt;/div&gt;&lt;/div&gt;&lt;div class=&quot;d7a0553560&quot;&gt;&lt;div class=&quot;d8f77e681c&quot;&gt;Session Road: 571 properties found&lt;/div&gt;&lt;div data-testid=&quot;pagination&quot; class=&quot;c82435a4b8 a178069f51 a6ae3c2b40 a18aeea94d d794b7a0f7 f53e278e95 e49b423746&quot; style=&quot;--bui_box_padding--s:0&quot;&gt;&lt;nav class=&quot;faf15ac93e&quot;&gt;&lt;div class=&quot;ef2dbaeb17&quot; role=&quot;group&quot;&gt;&lt;div class=&quot;b16a89683f b01f80d01e a959f03bba&quot;&gt;&lt;button aria-label=&quot;Previous page&quot; type=&quot;button&quot; disabled=&quot;&quot; class=&quot;a83ed08757 c21c56c305 f38b6daa18 d691166b09 ab98298258 deab83296e a16ddf9c57&quot;&gt;&lt;span class=&quot;eedba9e88a&quot;&gt;&lt;span class=&quot;fcd9eec8fb bf9a32efa5&quot; aria-hidden=&quot;true&quot;&gt;&lt;svg xmlns=&quot;http://www.w3.org/2000/svg&quot; viewBox=&quot;0 0 24 24&quot; data-rtl-flip=&quot;true&quot;&gt;&lt;path d=&quot;M15.0871 19.2361C14.9677 19.2367 14.8495 19.2134 14.7392 19.1676C14.629 19.1219 14.5289 19.0546 14.4451 18.9696L8.38799 12.9125C8.26332 12.7891 8.16475 12.6418 8.09815 12.4795C8.03156 12.3172 7.99829 12.1431 8.00034 11.9676C7.99246 11.6171 8.12303 11.2776 8.36376 11.0227L14.4208 4.96566C14.5912 4.79552 14.8221 4.69995 15.0629 4.69995C15.3037 4.69995 15.5346 4.79552 15.7049 4.96566C15.7907 5.04918 15.8588 5.14902 15.9053 5.25929C15.9518 5.36957 15.9758 5.48803 15.9758 5.60771C15.9758 5.72739 15.9518 5.84586 15.9053 5.95613C15.8588 6.0664 15.7907 6.16624 15.7049 6.24976L10.0113 11.9676L15.7292 17.6855C15.8149 17.769 15.883 17.8689 15.9295 17.9792C15.976 18.0894 16 18.2079 16 18.3276C16 18.4473 15.976 18.5657 15.9295 18.676C15.883 18.7863 15.8149 18.8861 15.7292 18.9696C15.6457 19.0551 15.5458 19.1228 15.4354 19.1686C15.3251 19.2144 15.2066 19.2374 15.0871 19.2361Z&quot;&gt;&lt;/path&gt;&lt;/svg&gt;&lt;/span&gt;&lt;/span&gt;&lt;/button&gt;&lt;/div&gt;&lt;div class=&quot;ab95b25344&quot;&gt;&lt;ol class=&quot;ef2dbaeb17&quot;&gt;&lt;li class=&quot;b16a89683f ce06be16cb&quot;&gt;&lt;button aria-label=&quot; 1&quot; aria-current=&quot;page&quot; type=&quot;button&quot; class=&quot;a83ed08757 a2028338ea&quot;&gt;1&lt;/button&gt;&lt;/li&gt;&lt;li class=&quot;b16a89683f&quot;&gt;&lt;button aria-label=&quot; 2&quot; type=&quot;button&quot; class=&quot;a83ed08757 a2028338ea&quot;&gt;2&lt;/button&gt;&lt;/li&gt;&lt;li class=&quot;b16a89683f&quot; aria-hidden=&quot;true&quot;&gt;&lt;span class=&quot;a2f4a5e019&quot;&gt;…&lt;/span&gt;&lt;/li&gt;&lt;li class=&quot;b16a89683f&quot;&gt;&lt;button aria-label=&quot; 23&quot; type=&quot;button&quot; class=&quot;a83ed08757 a2028338ea&quot;&gt;23&lt;/button&gt;&lt;/li&gt;&lt;/ol&gt;&lt;/div&gt;&lt;div class=&quot;b16a89683f cab1524053&quot;&gt;&lt;button aria-label=&quot;Next page&quot; type=&quot;button&quot; class=&quot;a83ed08757 c21c56c305 f38b6daa18 d691166b09 ab98298258 deab83296e bb803d8689 a16ddf9c57&quot;&gt;&lt;span class=&quot;eedba9e88a&quot;&gt;&lt;span class=&quot;fcd9eec8fb bf9a32efa5&quot; aria-hidden=&quot;true&quot;&gt;&lt;svg xmlns=&quot;http://www.w3.org/2000/svg&quot; viewBox=&quot;0 0 24 24&quot; data-rtl-flip=&quot;true&quot;&gt;&lt;path d=&quot;M8.91289 19.2361C9.03226 19.2367 9.15054 19.2134 9.2608 19.1676C9.37105 19.1219 9.47105 19.0546 9.55493 18.9696L15.612 12.9125C15.7367 12.7891 15.8353 12.6418 15.9018 12.4795C15.9684 12.3172 16.0017 12.1431 15.9997 11.9676C16.0075 11.6171 15.877 11.2776 15.6362 11.0227L9.57916 4.96566C9.40881 4.79552 9.17788 4.69995 8.93711 4.69995C8.69634 4.69995 8.46542 4.79552 8.29506 4.96566C8.20935 5.04918 8.14122 5.14902 8.09471 5.25929C8.04819 5.36957 8.02423 5.48803 8.02423 5.60771C8.02423 5.72739 8.04819 5.84586 8.09471 5.95613C8.14122 6.0664 8.20935 6.16624 8.29506 6.24976L13.9887 11.9676L8.27084 17.6855C8.18512 17.769 8.117 17.8689 8.07048 17.9792C8.02396 18.0894 8 18.2079 8 18.3276C8 18.4473 8.02396 18.5657 8.07048 18.676C8.117 18.7863 8.18512 18.8861 8.27084 18.9696C8.3543 19.0551 8.45423 19.1228 8.56458 19.1686C8.67493 19.2144 8.79341 19.2374 8.91289 19.2361Z&quot;&gt;&lt;/path&gt;&lt;/svg&gt;&lt;/span&gt;&lt;/span&gt;&lt;/button&gt;&lt;/div&gt;&lt;/div&gt;&lt;/nav&gt;&lt;div class=&quot;f3942475b4 a312d3fe67 bd4784f2d6 d6b5cc954e&quot;&gt;&lt;div class=&quot;be933f8f9e&quot;&gt;&lt;span class=&quot;a7c436bd0b&quot;&gt;Showing 1 – 25&lt;/span&gt;&lt;/div&gt;&lt;/div&gt;&lt;/div&gt;&lt;/div&gt;&lt;/div&gt;&lt;/div&gt;
&lt;/div&gt;
&lt;/div&gt;
&lt;/div&gt; &lt;!-- /ajaxsrwrap --&gt;
&lt;div class=&#039;viewed_hotels_sr_wrapper&#039;&gt;&lt;/div&gt;
&lt;div style=&quot;display: none;&quot;&gt;
&lt;div id=&quot;help_preferred_property&quot;&gt;
&lt;script type=&#039;track_copy&#039; data-hash=&#039;ZOOYDLXAdcCcdOOdDC&#039;&gt;&lt;/script&gt;This property is part of our Preferred Partner Program. It&#039;s committed to providing excellent service and good value. It’ll pay us a higher commission if you make a booking.
&lt;/div&gt;
&lt;/div&gt;
&lt;/div&gt;
&lt;div id=&quot;left&quot; class=&quot;rlt-left leftsmall&quot; role=&quot;complementary&quot;&gt;
&lt;div id=&quot;left_col_wrapper&quot; style=&quot;z-index: 101;&quot;&gt;
&lt;div data-component=&quot;arp-left-column&quot;&gt;
&lt;div data-capla-component-boundary=&quot;b-search-web-searchresults/LeftColumnDesktop&quot;&gt;&lt;div class=&quot;b546c9ed2b&quot;&gt;&lt;div class=&quot;c1aac87ff7 edff2772e1 c60e80d6a6 e5c543a0db&quot; role=&quot;none&quot; data-testid=&quot;map-trigger&quot;&gt;&lt;div class=&quot;c75185f3e8&quot;&gt;&lt;span class=&quot;d0438f59a5&quot; data-testid=&quot;map-entry-pin-icon&quot;&gt;&lt;span class=&quot;e75db87696&quot;&gt;&lt;span class=&quot;b56c581c9f&quot;&gt;&lt;/span&gt;&lt;svg viewBox=&quot;-1 -1 26 32&quot; class=&quot;b2873bf9cb&quot;&gt;&lt;path d=&quot;M24 12.4286C24 19.2927 12 29 12 29C12 29 0 19.2927 0 12.4286C0 5.56446 5.37258 0 12 0C18.6274 0 24 5.56446 24 12.4286Z&quot;&gt;&lt;/path&gt;&lt;/svg&gt;&lt;/span&gt;&lt;svg class=&quot;ae0a00836a&quot; viewBox=&quot;0 0 12 4&quot;&gt;&lt;ellipse cx=&quot;6&quot; cy=&quot;2&quot; rx=&quot;6&quot; ry=&quot;2&quot;&gt;&lt;/ellipse&gt;&lt;/svg&gt;&lt;/span&gt;&lt;/div&gt;&lt;button type=&quot;button&quot; class=&quot;a83ed08757 c21c56c305 a4c1805887 ab98298258 deab83296e c082d89982 d2c52b10ce&quot;&gt;&lt;span class=&quot;e4adce92df&quot;&gt;Show on map&lt;/span&gt;&lt;/button&gt;&lt;/div&gt;&lt;/div&gt;&lt;div&gt;&lt;div&gt;&lt;/div&gt;&lt;/div&gt;&lt;div data-testid=&quot;filters-sidebar&quot; class=&quot;ffb9c3d6a3 c9c3c66a7d f7d4209a37&quot;&gt;&lt;div class=&quot;f2cf178bcd eb7954a872&quot;&gt;&lt;h2 class=&quot;e1eebb6a1e e6208ee469 d0caee4251&quot;&gt;Filter by:&lt;/h2&gt;&lt;/div&gt;&lt;div data-filters-group=&quot;SustainablePropertyFilter&quot; data-testid=&quot;filters-group&quot; id=&quot;filter_group_SustainablePropertyFilter_:Rpl4:&quot; class=&quot;ffb9c3d6a3 ad9a06523f&quot;&gt;&lt;div&gt;&lt;div&gt;&lt;/div&gt;&lt;/div&gt;&lt;div class=&quot;f2cf178bcd f6b5094aa4&quot;&gt;&lt;h3 class=&quot;a3332d346a e6208ee469 d0caee4251&quot;&gt;Sustainability&lt;/h3&gt;&lt;/div&gt;&lt;div class=&quot;c733693b78&quot;&gt;&lt;div&gt;&lt;/div&gt;&lt;/div&gt;&lt;div data-filters-item=&quot;SustainablePropertyFilter:SustainablePropertyFilter=1&quot; class=&quot;a53cbfa6de ac9267e216 d8eb520c4e a244b31530 a2d2507aff b0d8afeab2&quot;&gt;&lt;input aria-label=&quot;Travel Sustainable properties: 138 properties&quot; id=&quot;:R5f8pl4:&quot; class=&quot;f0b6754c38&quot; type=&quot;checkbox&quot; name=&quot;SustainablePropertyFilter=1&quot; value=&quot;SustainablePropertyFilter=1&quot;/&gt;&lt;label for=&quot;:R5f8pl4:&quot; class=&quot;aca0ade214 aaf30230d9 c2931f4182 d79e71457a bd597ff2d8&quot;&gt;&lt;span class=&quot;ff5328eb35&quot;&gt;&lt;/span&gt;&lt;span class=&quot;ef785aa7f4&quot;&gt;&lt;span class=&quot;fcd9eec8fb b27b51da7f bf9a32efa5&quot; aria-hidden=&quot;true&quot;&gt;&lt;svg xmlns=&quot;http://www.w3.org/2000/svg&quot; viewBox=&quot;0 0 128 128&quot;&gt;&lt;path d=&quot;M56.33 102a6 6 0 0 1-4.24-1.75L19.27 67.54A6.014 6.014 0 1 1 27.74 59l27.94 27.88 44-58.49a6 6 0 1 1 9.58 7.22l-48.17 64a5.998 5.998 0 0 1-4.34 2.39z&quot;&gt;&lt;/path&gt;&lt;/svg&gt;&lt;/span&gt;&lt;/span&gt;&lt;span class=&quot;aaee4e7cd3 e7a57abb1e&quot;&gt;&lt;div class=&quot;a53cbfa6de e6208ee469&quot;&gt;&lt;div data-testid=&quot;filters-group-label-container&quot; class=&quot;dcd1ccc0b6&quot; aria-hidden=&quot;true&quot;&gt;&lt;div data-testid=&quot;filters-group-label-content&quot; class=&quot;a53cbfa6de cb475f8063&quot;&gt;Travel Sustainable properties&lt;/div&gt; &lt;span class=&quot;abf093bdfe a414c2b280&quot;&gt;138&lt;/span&gt;&lt;/div&gt;&lt;div class=&quot;d771c18238&quot;&gt;Properties taking steps to make your stay more sustainable&lt;/div&gt;&lt;/div&gt;&lt;/span&gt;&lt;/label&gt;&lt;/div&gt;&lt;/div&gt;&lt;hr aria-hidden=&quot;true&quot; data-testid=&quot;filters-group-divider&quot; class=&quot;b9bfeba2b4 b288f61df6 abe36eb989&quot;/&gt;&lt;div data-filters-group=&quot;class&quot; data-testid=&quot;filters-group&quot; id=&quot;filter_group_class_:R19l4:&quot; class=&quot;ffb9c3d6a3 ad9a06523f&quot;&gt;&lt;div class=&quot;f2cf178bcd f6b5094aa4&quot;&gt;&lt;h3 class=&quot;a3332d346a e6208ee469 d0caee4251&quot;&gt;Property rating&lt;/h3&gt;&lt;div class=&quot;abf093bdfe f45d8e4c32 df64fda51b&quot;&gt;Includes stars and other ratings&lt;/div&gt;&lt;/div&gt;&lt;div class=&quot;c733693b78&quot;&gt;&lt;div&gt;&lt;/div&gt;&lt;/div&gt;&lt;div data-filters-item=&quot;class:class=1&quot; class=&quot;a53cbfa6de ac9267e216 d8eb520c4e a244b31530 a2d2507aff b0d8afeab2&quot;&gt;&lt;input aria-label=&quot;1 star: 19 properties&quot; id=&quot;:Rhf99l4:&quot; class=&quot;f0b6754c38&quot; type=&quot;checkbox&quot; name=&quot;class=1&quot; value=&quot;class=1&quot;/&gt;&lt;label for=&quot;:Rhf99l4:&quot; class=&quot;aca0ade214 aaf30230d9 c2931f4182 d79e71457a bd597ff2d8&quot;&gt;&lt;span class=&quot;ff5328eb35&quot;&gt;&lt;/span&gt;&lt;span class=&quot;ef785aa7f4&quot;&gt;&lt;span class=&quot;fcd9eec8fb b27b51da7f bf9a32efa5&quot; aria-hidden=&quot;true&quot;&gt;&lt;svg xmlns=&quot;http://www.w3.org/2000/svg&quot; viewBox=&quot;0 0 128 128&quot;&gt;&lt;path d=&quot;M56.33 102a6 6 0 0 1-4.24-1.75L19.27 67.54A6.014 6.014 0 1 1 27.74 59l27.94 27.88 44-58.49a6 6 0 1 1 9.58 7.22l-48.17 64a5.998 5.998 0 0 1-4.34 2.39z&quot;&gt;&lt;/path&gt;&lt;/svg&gt;&lt;/span&gt;&lt;/span&gt;&lt;span class=&quot;aaee4e7cd3 e7a57abb1e&quot;&gt;&lt;div class=&quot;a53cbfa6de e6208ee469&quot;&gt;&lt;div data-testid=&quot;filters-group-label-container&quot; class=&quot;dcd1ccc0b6&quot; aria-hidden=&quot;true&quot;&gt;&lt;div data-testid=&quot;filters-group-label-content&quot; class=&quot;a53cbfa6de cb475f8063&quot;&gt;&lt;div class=&quot;aca0ade214 aaf30230d9 c2931f4182 e7d9f93f4d d1764ea78b&quot;&gt;&lt;div class=&quot;&quot;&gt;1 star&lt;/div&gt;&lt;/div&gt;&lt;/div&gt; &lt;span class=&quot;abf093bdfe a414c2b280&quot;&gt;19&lt;/span&gt;&lt;/div&gt;&lt;/div&gt;&lt;/span&gt;&lt;/label&gt;&lt;/div&gt;&lt;div class=&quot;c733693b78&quot;&gt;&lt;div&gt;&lt;/div&gt;&lt;/div&gt;&lt;div data-filters-item=&quot;class:class=2&quot; class=&quot;a53cbfa6de ac9267e216 d8eb520c4e a244b31530 a2d2507aff b0d8afeab2&quot;&gt;&lt;input aria-label=&quot;2 stars: 20 properties&quot; id=&quot;:Rif99l4:&quot; class=&quot;f0b6754c38&quot; type=&quot;checkbox&quot; name=&quot;class=2&quot; value=&quot;class=2&quot;/&gt;&lt;label for=&quot;:Rif99l4:&quot; class=&quot;aca0ade214 aaf30230d9 c2931f4182 d79e71457a bd597ff2d8&quot;&gt;&lt;span class=&quot;ff5328eb35&quot;&gt;&lt;/span&gt;&lt;span class=&quot;ef785aa7f4&quot;&gt;&lt;span class=&quot;fcd9eec8fb b27b51da7f bf9a32efa5&quot; aria-hidden=&quot;true&quot;&gt;&lt;svg xmlns=&quot;http://www.w3.org/2000/svg&quot; viewBox=&quot;0 0 128 128&quot;&gt;&lt;path d=&quot;M56.33 102a6 6 0 0 1-4.24-1.75L19.27 67.54A6.014 6.014 0 1 1 27.74 59l27.94 27.88 44-58.49a6 6 0 1 1 9.58 7.22l-48.17 64a5.998 5.998 0 0 1-4.34 2.39z&quot;&gt;&lt;/path&gt;&lt;/svg&gt;&lt;/span&gt;&lt;/span&gt;&lt;span class=&quot;aaee4e7cd3 e7a57abb1e&quot;&gt;&lt;div class=&quot;a53cbfa6de e6208ee469&quot;&gt;&lt;div data-testid=&quot;filters-group-label-container&quot; class=&quot;dcd1ccc0b6&quot; aria-hidden=&quot;true&quot;&gt;&lt;div data-testid=&quot;filters-group-label-content&quot; class=&quot;a53cbfa6de cb475f8063&quot;&gt;&lt;div class=&quot;aca0ade214 aaf30230d9 c2931f4182 e7d9f93f4d d1764ea78b&quot;&gt;&lt;div class=&quot;&quot;&gt;2 stars&lt;/div&gt;&lt;/div&gt;&lt;/div&gt; &lt;span class=&quot;abf093bdfe a414c2b280&quot;&gt;20&lt;/span&gt;&lt;/div&gt;&lt;/div&gt;&lt;/span&gt;&lt;/label&gt;&lt;/div&gt;&lt;div class=&quot;c733693b78&quot;&gt;&lt;div&gt;&lt;/div&gt;&lt;/div&gt;&lt;div data-filters-item=&quot;class:class=3&quot; class=&quot;a53cbfa6de ac9267e216 d8eb520c4e a244b31530 a2d2507aff b0d8afeab2&quot;&gt;&lt;input aria-label=&quot;3 stars: 278 properties&quot; id=&quot;:Rjf99l4:&quot; class=&quot;f0b6754c38&quot; type=&quot;checkbox&quot; name=&quot;class=3&quot; value=&quot;class=3&quot;/&gt;&lt;label for=&quot;:Rjf99l4:&quot; class=&quot;aca0ade214 aaf30230d9 c2931f4182 d79e71457a bd597ff2d8&quot;&gt;&lt;span class=&quot;ff5328eb35&quot;&gt;&lt;/span&gt;&lt;span class=&quot;ef785aa7f4&quot;&gt;&lt;span class=&quot;fcd9eec8fb b27b51da7f bf9a32efa5&quot; aria-hidden=&quot;true&quot;&gt;&lt;svg xmlns=&quot;http://www.w3.org/2000/svg&quot; viewBox=&quot;0 0 128 128&quot;&gt;&lt;path d=&quot;M56.33 102a6 6 0 0 1-4.24-1.75L19.27 67.54A6.014 6.014 0 1 1 27.74 59l27.94 27.88 44-58.49a6 6 0 1 1 9.58 7.22l-48.17 64a5.998 5.998 0 0 1-4.34 2.39z&quot;&gt;&lt;/path&gt;&lt;/svg&gt;&lt;/span&gt;&lt;/span&gt;&lt;span class=&quot;aaee4e7cd3 e7a57abb1e&quot;&gt;&lt;div class=&quot;a53cbfa6de e6208ee469&quot;&gt;&lt;div data-testid=&quot;filters-group-label-container&quot; class=&quot;dcd1ccc0b6&quot; aria-hidden=&quot;true&quot;&gt;&lt;div data-testid=&quot;filters-group-label-content&quot; class=&quot;a53cbfa6de cb475f8063&quot;&gt;&lt;div class=&quot;aca0ade214 aaf30230d9 c2931f4182 e7d9f93f4d d1764ea78b&quot;&gt;&lt;div class=&quot;&quot;&gt;3 stars&lt;/div&gt;&lt;/div&gt;&lt;/div&gt; &lt;span class=&quot;abf093bdfe a414c2b280&quot;&gt;278&lt;/span&gt;&lt;/div&gt;&lt;/div&gt;&lt;/span&gt;&lt;/label&gt;&lt;/div&gt;&lt;div class=&quot;c733693b78&quot;&gt;&lt;div&gt;&lt;/div&gt;&lt;/div&gt;&lt;div data-filters-item=&quot;class:class=4&quot; class=&quot;a53cbfa6de ac9267e216 d8eb520c4e a244b31530 a2d2507aff b0d8afeab2&quot;&gt;&lt;input aria-label=&quot;4 stars: 18 properties&quot; id=&quot;:Rkf99l4:&quot; class=&quot;f0b6754c38&quot; type=&quot;checkbox&quot; name=&quot;class=4&quot; value=&quot;class=4&quot;/&gt;&lt;label for=&quot;:Rkf99l4:&quot; class=&quot;aca0ade214 aaf30230d9 c2931f4182 d79e71457a bd597ff2d8&quot;&gt;&lt;span class=&quot;ff5328eb35&quot;&gt;&lt;/span&gt;&lt;span class=&quot;ef785aa7f4&quot;&gt;&lt;span class=&quot;fcd9eec8fb b27b51da7f bf9a32efa5&quot; aria-hidden=&quot;true&quot;&gt;&lt;svg xmlns=&quot;http://www.w3.org/2000/svg&quot; viewBox=&quot;0 0 128 128&quot;&gt;&lt;path d=&quot;M56.33 102a6 6 0 0 1-4.24-1.75L19.27 67.54A6.014 6.014 0 1 1 27.74 59l27.94 27.88 44-58.49a6 6 0 1 1 9.58 7.22l-48.17 64a5.998 5.998 0 0 1-4.34 2.39z&quot;&gt;&lt;/path&gt;&lt;/svg&gt;&lt;/span&gt;&lt;/span&gt;&lt;span class=&quot;aaee4e7cd3 e7a57abb1e&quot;&gt;&lt;div class=&quot;a53cbfa6de e6208ee469&quot;&gt;&lt;div data-testid=&quot;filters-group-label-container&quot; class=&quot;dcd1ccc0b6&quot; aria-hidden=&quot;true&quot;&gt;&lt;div data-testid=&quot;filters-group-label-content&quot; class=&quot;a53cbfa6de cb475f8063&quot;&gt;&lt;div class=&quot;aca0ade214 aaf30230d9 c2931f4182 e7d9f93f4d d1764ea78b&quot;&gt;&lt;div class=&quot;&quot;&gt;4 stars&lt;/div&gt;&lt;/div&gt;&lt;/div&gt; &lt;span class=&quot;abf093bdfe a414c2b280&quot;&gt;18&lt;/span&gt;&lt;/div&gt;&lt;/div&gt;&lt;/span&gt;&lt;/label&gt;&lt;/div&gt;&lt;div class=&quot;c733693b78&quot;&gt;&lt;div&gt;&lt;/div&gt;&lt;/div&gt;&lt;div data-filters-item=&quot;class:class=5&quot; class=&quot;a53cbfa6de ac9267e216 d8eb520c4e a244b31530 a2d2507aff b0d8afeab2&quot;&gt;&lt;input aria-label=&quot;5 stars: 4 properties&quot; id=&quot;:Rlf99l4:&quot; class=&quot;f0b6754c38&quot; type=&quot;checkbox&quot; name=&quot;class=5&quot; value=&quot;class=5&quot;/&gt;&lt;label for=&quot;:Rlf99l4:&quot; class=&quot;aca0ade214 aaf30230d9 c2931f4182 d79e71457a bd597ff2d8&quot;&gt;&lt;span class=&quot;ff5328eb35&quot;&gt;&lt;/span&gt;&lt;span class=&quot;ef785aa7f4&quot;&gt;&lt;span class=&quot;fcd9eec8fb b27b51da7f bf9a32efa5&quot; aria-hidden=&quot;true&quot;&gt;&lt;svg xmlns=&quot;http://www.w3.org/2000/svg&quot; viewBox=&quot;0 0 128 128&quot;&gt;&lt;path d=&quot;M56.33 102a6 6 0 0 1-4.24-1.75L19.27 67.54A6.014 6.014 0 1 1 27.74 59l27.94 27.88 44-58.49a6 6 0 1 1 9.58 7.22l-48.17 64a5.998 5.998 0 0 1-4.34 2.39z&quot;&gt;&lt;/path&gt;&lt;/svg&gt;&lt;/span&gt;&lt;/span&gt;&lt;span class=&quot;aaee4e7cd3 e7a57abb1e&quot;&gt;&lt;div class=&quot;a53cbfa6de e6208ee469&quot;&gt;&lt;div data-testid=&quot;filters-group-label-container&quot; class=&quot;dcd1ccc0b6&quot; aria-hidden=&quot;true&quot;&gt;&lt;div data-testid=&quot;filters-group-label-content&quot; class=&quot;a53cbfa6de cb475f8063&quot;&gt;&lt;div class=&quot;aca0ade214 aaf30230d9 c2931f4182 e7d9f93f4d d1764ea78b&quot;&gt;&lt;div class=&quot;&quot;&gt;5 stars&lt;/div&gt;&lt;/div&gt;&lt;/div&gt; &lt;span class=&quot;abf093bdfe a414c2b280&quot;&gt;4&lt;/span&gt;&lt;/div&gt;&lt;/div&gt;&lt;/span&gt;&lt;/label&gt;&lt;/div&gt;&lt;div class=&quot;c733693b78&quot;&gt;&lt;div&gt;&lt;/div&gt;&lt;/div&gt;&lt;div data-filters-item=&quot;class:class=0&quot; class=&quot;a53cbfa6de ac9267e216 d8eb520c4e a244b31530 a2d2507aff b0d8afeab2&quot;&gt;&lt;input aria-label=&quot;Unrated: 232 properties&quot; id=&quot;:Rmf99l4:&quot; class=&quot;f0b6754c38&quot; type=&quot;checkbox&quot; name=&quot;class=0&quot; value=&quot;class=0&quot;/&gt;&lt;label for=&quot;:Rmf99l4:&quot; class=&quot;aca0ade214 aaf30230d9 c2931f4182 d79e71457a bd597ff2d8&quot;&gt;&lt;span class=&quot;ff5328eb35&quot;&gt;&lt;/span&gt;&lt;span class=&quot;ef785aa7f4&quot;&gt;&lt;span class=&quot;fcd9eec8fb b27b51da7f bf9a32efa5&quot; aria-hidden=&quot;true&quot;&gt;&lt;svg xmlns=&quot;http://www.w3.org/2000/svg&quot; viewBox=&quot;0 0 128 128&quot;&gt;&lt;path d=&quot;M56.33 102a6 6 0 0 1-4.24-1.75L19.27 67.54A6.014 6.014 0 1 1 27.74 59l27.94 27.88 44-58.49a6 6 0 1 1 9.58 7.22l-48.17 64a5.998 5.998 0 0 1-4.34 2.39z&quot;&gt;&lt;/path&gt;&lt;/svg&gt;&lt;/span&gt;&lt;/span&gt;&lt;span class=&quot;aaee4e7cd3 e7a57abb1e&quot;&gt;&lt;div class=&quot;a53cbfa6de e6208ee469&quot;&gt;&lt;div data-testid=&quot;filters-group-label-container&quot; class=&quot;dcd1ccc0b6&quot; aria-hidden=&quot;true&quot;&gt;&lt;div data-testid=&quot;filters-group-label-content&quot; class=&quot;a53cbfa6de cb475f8063&quot;&gt;&lt;div class=&quot;aca0ade214 aaf30230d9 c2931f4182 e7d9f93f4d d1764ea78b&quot;&gt;&lt;div class=&quot;&quot;&gt;Unrated&lt;/div&gt;&lt;/div&gt;&lt;/div&gt; &lt;span class=&quot;abf093bdfe a414c2b280&quot;&gt;232&lt;/span&gt;&lt;/div&gt;&lt;/div&gt;&lt;/span&gt;&lt;/label&gt;&lt;/div&gt;&lt;/div&gt;&lt;hr aria-hidden=&quot;true&quot; data-testid=&quot;filters-group-divider&quot; class=&quot;b9bfeba2b4 b288f61df6 abe36eb989&quot;/&gt;&lt;div data-filters-group=&quot;distance&quot; data-testid=&quot;filters-group&quot; id=&quot;filter_group_distance_:R1pl4:&quot; class=&quot;ffb9c3d6a3 ad9a06523f&quot;&gt;&lt;div class=&quot;f2cf178bcd f6b5094aa4&quot;&gt;&lt;h3 class=&quot;a3332d346a e6208ee469 d0caee4251&quot;&gt;Distance from Session Road&lt;/h3&gt;&lt;/div&gt;&lt;div class=&quot;c733693b78&quot;&gt;&lt;div&gt;&lt;/div&gt;&lt;/div&gt;&lt;div data-filters-item=&quot;distance:distance=805&quot; class=&quot;a53cbfa6de ac9267e216 d8eb520c4e a244b31530 a2d2507aff b0d8afeab2&quot;&gt;&lt;input aria-label=&quot;Less than 1/2 mile: 146 properties&quot; id=&quot;:R9f9pl4:&quot; class=&quot;f0b6754c38&quot; type=&quot;checkbox&quot; name=&quot;distance=805&quot; value=&quot;distance=805&quot;/&gt;&lt;label for=&quot;:R9f9pl4:&quot; class=&quot;aca0ade214 aaf30230d9 c2931f4182 d79e71457a bd597ff2d8&quot;&gt;&lt;span class=&quot;ff5328eb35&quot;&gt;&lt;/span&gt;&lt;span class=&quot;ef785aa7f4&quot;&gt;&lt;span class=&quot;fcd9eec8fb b27b51da7f bf9a32efa5&quot; aria-hidden=&quot;true&quot;&gt;&lt;svg xmlns=&quot;http://www.w3.org/2000/svg&quot; viewBox=&quot;0 0 128 128&quot;&gt;&lt;path d=&quot;M56.33 102a6 6 0 0 1-4.24-1.75L19.27 67.54A6.014 6.014 0 1 1 27.74 59l27.94 27.88 44-58.49a6 6 0 1 1 9.58 7.22l-48.17 64a5.998 5.998 0 0 1-4.34 2.39z&quot;&gt;&lt;/path&gt;&lt;/svg&gt;&lt;/span&gt;&lt;/span&gt;&lt;span class=&quot;aaee4e7cd3 e7a57abb1e&quot;&gt;&lt;div class=&quot;a53cbfa6de e6208ee469&quot;&gt;&lt;div data-testid=&quot;filters-group-label-container&quot; class=&quot;dcd1ccc0b6&quot; aria-hidden=&quot;true&quot;&gt;&lt;div data-testid=&quot;filters-group-label-content&quot; class=&quot;a53cbfa6de cb475f8063&quot;&gt;Less than 1/2 mile&lt;/div&gt; &lt;span class=&quot;abf093bdfe a414c2b280&quot;&gt;146&lt;/span&gt;&lt;/div&gt;&lt;/div&gt;&lt;/span&gt;&lt;/label&gt;&lt;/div&gt;&lt;div class=&quot;c733693b78&quot;&gt;&lt;div&gt;&lt;/div&gt;&lt;/div&gt;&lt;div data-filters-item=&quot;distance:distance=1610&quot; class=&quot;a53cbfa6de ac9267e216 d8eb520c4e a244b31530 a2d2507aff b0d8afeab2&quot;&gt;&lt;input aria-label=&quot;Less than 1 mile: 250 properties&quot; id=&quot;:Raf9pl4:&quot; class=&quot;f0b6754c38&quot; type=&quot;checkbox&quot; name=&quot;distance=1610&quot; value=&quot;distance=1610&quot;/&gt;&lt;label for=&quot;:Raf9pl4:&quot; class=&quot;aca0ade214 aaf30230d9 c2931f4182 d79e71457a bd597ff2d8&quot;&gt;&lt;span class=&quot;ff5328eb35&quot;&gt;&lt;/span&gt;&lt;span class=&quot;ef785aa7f4&quot;&gt;&lt;span class=&quot;fcd9eec8fb b27b51da7f bf9a32efa5&quot; aria-hidden=&quot;true&quot;&gt;&lt;svg xmlns=&quot;http://www.w3.org/2000/svg&quot; viewBox=&quot;0 0 128 128&quot;&gt;&lt;path d=&quot;M56.33 102a6 6 0 0 1-4.24-1.75L19.27 67.54A6.014 6.014 0 1 1 27.74 59l27.94 27.88 44-58.49a6 6 0 1 1 9.58 7.22l-48.17 64a5.998 5.998 0 0 1-4.34 2.39z&quot;&gt;&lt;/path&gt;&lt;/svg&gt;&lt;/span&gt;&lt;/span&gt;&lt;span class=&quot;aaee4e7cd3 e7a57abb1e&quot;&gt;&lt;div class=&quot;a53cbfa6de e6208ee469&quot;&gt;&lt;div data-testid=&quot;filters-group-label-container&quot; class=&quot;dcd1ccc0b6&quot; aria-hidden=&quot;true&quot;&gt;&lt;div data-testid=&quot;filters-group-label-content&quot; class=&quot;a53cbfa6de cb475f8063&quot;&gt;Less than 1 mile&lt;/div&gt; &lt;span class=&quot;abf093bdfe a414c2b280&quot;&gt;250&lt;/span&gt;&lt;/div&gt;&lt;/div&gt;&lt;/span&gt;&lt;/label&gt;&lt;/div&gt;&lt;div class=&quot;c733693b78&quot;&gt;&lt;div&gt;&lt;/div&gt;&lt;/div&gt;&lt;div data-filters-item=&quot;distance:distance=3220&quot; class=&quot;a53cbfa6de ac9267e216 d8eb520c4e a244b31530 a2d2507aff b0d8afeab2&quot;&gt;&lt;input aria-label=&quot;Less than 2 miles: 493 properties&quot; id=&quot;:Rbf9pl4:&quot; class=&quot;f0b6754c38&quot; type=&quot;checkbox&quot; name=&quot;distance=3220&quot; value=&quot;distance=3220&quot;/&gt;&lt;label for=&quot;:Rbf9pl4:&quot; class=&quot;aca0ade214 aaf30230d9 c2931f4182 d79e71457a bd597ff2d8&quot;&gt;&lt;span class=&quot;ff5328eb35&quot;&gt;&lt;/span&gt;&lt;span class=&quot;ef785aa7f4&quot;&gt;&lt;span class=&quot;fcd9eec8fb b27b51da7f bf9a32efa5&quot; aria-hidden=&quot;true&quot;&gt;&lt;svg xmlns=&quot;http://www.w3.org/2000/svg&quot; viewBox=&quot;0 0 128 128&quot;&gt;&lt;path d=&quot;M56.33 102a6 6 0 0 1-4.24-1.75L19.27 67.54A6.014 6.014 0 1 1 27.74 59l27.94 27.88 44-58.49a6 6 0 1 1 9.58 7.22l-48.17 64a5.998 5.998 0 0 1-4.34 2.39z&quot;&gt;&lt;/path&gt;&lt;/svg&gt;&lt;/span&gt;&lt;/span&gt;&lt;span class=&quot;aaee4e7cd3 e7a57abb1e&quot;&gt;&lt;div class=&quot;a53cbfa6de e6208ee469&quot;&gt;&lt;div data-testid=&quot;filters-group-label-container&quot; class=&quot;dcd1ccc0b6&quot; aria-hidden=&quot;true&quot;&gt;&lt;div data-testid=&quot;filters-group-label-content&quot; class=&quot;a53cbfa6de cb475f8063&quot;&gt;Less than 2 miles&lt;/div&gt; &lt;span class=&quot;abf093bdfe a414c2b280&quot;&gt;493&lt;/span&gt;&lt;/div&gt;&lt;/div&gt;&lt;/span&gt;&lt;/label&gt;&lt;/div&gt;&lt;/div&gt;&lt;hr aria-hidden=&quot;true&quot; data-testid=&quot;filters-group-divider&quot; class=&quot;b9bfeba2b4 b288f61df6 abe36eb989&quot;/&gt;&lt;div data-filters-group=&quot;popular_activities&quot; data-testid=&quot;filters-group&quot; id=&quot;filter_group_popular_activities_:R29l4:&quot; class=&quot;ffb9c3d6a3 ad9a06523f&quot;&gt;&lt;div&gt;&lt;/div&gt;&lt;div class=&quot;f2cf178bcd f6b5094aa4&quot;&gt;&lt;h3 class=&quot;a3332d346a e6208ee469 d0caee4251&quot;&gt;Fun Things To Do&lt;/h3&gt;&lt;/div&gt;&lt;div class=&quot;c733693b78&quot;&gt;&lt;div&gt;&lt;/div&gt;&lt;/div&gt;&lt;div data-filters-item=&quot;popular_activities:popular_activities=12&quot; class=&quot;a53cbfa6de ac9267e216 d8eb520c4e a244b31530 a2d2507aff b0d8afeab2&quot;&gt;&lt;input aria-label=&quot;Golf course (within 2 miles): 45 properties&quot; id=&quot;:Rhfa9l4:&quot; class=&quot;f0b6754c38&quot; type=&quot;checkbox&quot; name=&quot;popular_activities=12&quot; value=&quot;popular_activities=12&quot;/&gt;&lt;label for=&quot;:Rhfa9l4:&quot; class=&quot;aca0ade214 aaf30230d9 c2931f4182 d79e71457a bd597ff2d8&quot;&gt;&lt;span class=&quot;ff5328eb35&quot;&gt;&lt;/span&gt;&lt;span class=&quot;ef785aa7f4&quot;&gt;&lt;span class=&quot;fcd9eec8fb b27b51da7f bf9a32efa5&quot; aria-hidden=&quot;true&quot;&gt;&lt;svg xmlns=&quot;http://www.w3.org/2000/svg&quot; viewBox=&quot;0 0 128 128&quot;&gt;&lt;path d=&quot;M56.33 102a6 6 0 0 1-4.24-1.75L19.27 67.54A6.014 6.014 0 1 1 27.74 59l27.94 27.88 44-58.49a6 6 0 1 1 9.58 7.22l-48.17 64a5.998 5.998 0 0 1-4.34 2.39z&quot;&gt;&lt;/path&gt;&lt;/svg&gt;&lt;/span&gt;&lt;/span&gt;&lt;span class=&quot;aaee4e7cd3 e7a57abb1e&quot;&gt;&lt;div class=&quot;a53cbfa6de e6208ee469&quot;&gt;&lt;div data-testid=&quot;filters-group-label-container&quot; class=&quot;dcd1ccc0b6&quot; aria-hidden=&quot;true&quot;&gt;&lt;div data-testid=&quot;filters-group-label-content&quot; class=&quot;a53cbfa6de cb475f8063&quot;&gt;Golf course (within 2 miles)&lt;/div&gt; &lt;span class=&quot;abf093bdfe a414c2b280&quot;&gt;45&lt;/span&gt;&lt;/div&gt;&lt;/div&gt;&lt;/span&gt;&lt;/label&gt;&lt;/div&gt;&lt;div class=&quot;c733693b78&quot;&gt;&lt;div&gt;&lt;/div&gt;&lt;/div&gt;&lt;div data-filters-item=&quot;popular_activities:popular_activities=70&quot; class=&quot;a53cbfa6de ac9267e216 d8eb520c4e a244b31530 a2d2507aff b0d8afeab2&quot;&gt;&lt;input aria-label=&quot;Hiking: 45 properties&quot; id=&quot;:Rifa9l4:&quot; class=&quot;f0b6754c38&quot; type=&quot;checkbox&quot; name=&quot;popular_activities=70&quot; value=&quot;popular_activities=70&quot;/&gt;&lt;label for=&quot;:Rifa9l4:&quot; class=&quot;aca0ade214 aaf30230d9 c2931f4182 d79e71457a bd597ff2d8&quot;&gt;&lt;span class=&quot;ff5328eb35&quot;&gt;&lt;/span&gt;&lt;span class=&quot;ef785aa7f4&quot;&gt;&lt;span class=&quot;fcd9eec8fb b27b51da7f bf9a32efa5&quot; aria-hidden=&quot;true&quot;&gt;&lt;svg xmlns=&quot;http://www.w3.org/2000/svg&quot; viewBox=&quot;0 0 128 128&quot;&gt;&lt;path d=&quot;M56.33 102a6 6 0 0 1-4.24-1.75L19.27 67.54A6.014 6.014 0 1 1 27.74 59l27.94 27.88 44-58.49a6 6 0 1 1 9.58 7.22l-48.17 64a5.998 5.998 0 0 1-4.34 2.39z&quot;&gt;&lt;/path&gt;&lt;/svg&gt;&lt;/span&gt;&lt;/span&gt;&lt;span class=&quot;aaee4e7cd3 e7a57abb1e&quot;&gt;&lt;div class=&quot;a53cbfa6de e6208ee469&quot;&gt;&lt;div data-testid=&quot;filters-group-label-container&quot; class=&quot;dcd1ccc0b6&quot; aria-hidden=&quot;true&quot;&gt;&lt;div data-testid=&quot;filters-group-label-content&quot; class=&quot;a53cbfa6de cb475f8063&quot;&gt;Hiking&lt;/div&gt; &lt;span class=&quot;abf093bdfe a414c2b280&quot;&gt;45&lt;/span&gt;&lt;/div&gt;&lt;/div&gt;&lt;/span&gt;&lt;/label&gt;&lt;/div&gt;&lt;div class=&quot;c733693b78&quot;&gt;&lt;div&gt;&lt;/div&gt;&lt;/div&gt;&lt;div data-filters-item=&quot;popular_activities:popular_activities=86&quot; class=&quot;a53cbfa6de ac9267e216 d8eb520c4e a244b31530 a2d2507aff b0d8afeab2&quot;&gt;&lt;input aria-label=&quot;Horseback riding: 40 properties&quot; id=&quot;:Rjfa9l4:&quot; class=&quot;f0b6754c38&quot; type=&quot;checkbox&quot; name=&quot;popular_activities=86&quot; value=&quot;popular_activities=86&quot;/&gt;&lt;label for=&quot;:Rjfa9l4:&quot; class=&quot;aca0ade214 aaf30230d9 c2931f4182 d79e71457a bd597ff2d8&quot;&gt;&lt;span class=&quot;ff5328eb35&quot;&gt;&lt;/span&gt;&lt;span class=&quot;ef785aa7f4&quot;&gt;&lt;span class=&quot;fcd9eec8fb b27b51da7f bf9a32efa5&quot; aria-hidden=&quot;true&quot;&gt;&lt;svg xmlns=&quot;http://www.w3.org/2000/svg&quot; viewBox=&quot;0 0 128 128&quot;&gt;&lt;path d=&quot;M56.33 102a6 6 0 0 1-4.24-1.75L19.27 67.54A6.014 6.014 0 1 1 27.74 59l27.94 27.88 44-58.49a6 6 0 1 1 9.58 7.22l-48.17 64a5.998 5.998 0 0 1-4.34 2.39z&quot;&gt;&lt;/path&gt;&lt;/svg&gt;&lt;/span&gt;&lt;/span&gt;&lt;span class=&quot;aaee4e7cd3 e7a57abb1e&quot;&gt;&lt;div class=&quot;a53cbfa6de e6208ee469&quot;&gt;&lt;div data-testid=&quot;filters-group-label-container&quot; class=&quot;dcd1ccc0b6&quot; aria-hidden=&quot;true&quot;&gt;&lt;div data-testid=&quot;filters-group-label-content&quot; class=&quot;a53cbfa6de cb475f8063&quot;&gt;Horseback riding&lt;/div&gt; &lt;span class=&quot;abf093bdfe a414c2b280&quot;&gt;40&lt;/span&gt;&lt;/div&gt;&lt;/div&gt;&lt;/span&gt;&lt;/label&gt;&lt;/div&gt;&lt;div class=&quot;c733693b78&quot;&gt;&lt;div&gt;&lt;/div&gt;&lt;/div&gt;&lt;div data-filters-item=&quot;popular_activities:popular_activities=55&quot; class=&quot;a53cbfa6de ac9267e216 d8eb520c4e a244b31530 a2d2507aff b0d8afeab2&quot;&gt;&lt;input aria-label=&quot;Massage: 25 properties&quot; id=&quot;:Rkfa9l4:&quot; class=&quot;f0b6754c38&quot; type=&quot;checkbox&quot; name=&quot;popular_activities=55&quot; value=&quot;popular_activities=55&quot;/&gt;&lt;label for=&quot;:Rkfa9l4:&quot; class=&quot;aca0ade214 aaf30230d9 c2931f4182 d79e71457a bd597ff2d8&quot;&gt;&lt;span class=&quot;ff5328eb35&quot;&gt;&lt;/span&gt;&lt;span class=&quot;ef785aa7f4&quot;&gt;&lt;span class=&quot;fcd9eec8fb b27b51da7f bf9a32efa5&quot; aria-hidden=&quot;true&quot;&gt;&lt;svg xmlns=&quot;http://www.w3.org/2000/svg&quot; viewBox=&quot;0 0 128 128&quot;&gt;&lt;path d=&quot;M56.33 102a6 6 0 0 1-4.24-1.75L19.27 67.54A6.014 6.014 0 1 1 27.74 59l27.94 27.88 44-58.49a6 6 0 1 1 9.58 7.22l-48.17 64a5.998 5.998 0 0 1-4.34 2.39z&quot;&gt;&lt;/path&gt;&lt;/svg&gt;&lt;/span&gt;&lt;/span&gt;&lt;span class=&quot;aaee4e7cd3 e7a57abb1e&quot;&gt;&lt;div class=&quot;a53cbfa6de e6208ee469&quot;&gt;&lt;div data-testid=&quot;filters-group-label-container&quot; class=&quot;dcd1ccc0b6&quot; aria-hidden=&quot;true&quot;&gt;&lt;div data-testid=&quot;filters-group-label-content&quot; class=&quot;a53cbfa6de cb475f8063&quot;&gt;Massage&lt;/div&gt; &lt;span class=&quot;abf093bdfe a414c2b280&quot;&gt;25&lt;/span&gt;&lt;/div&gt;&lt;/div&gt;&lt;/span&gt;&lt;/label&gt;&lt;/div&gt;&lt;div class=&quot;c733693b78&quot;&gt;&lt;div&gt;&lt;/div&gt;&lt;/div&gt;&lt;div data-filters-item=&quot;popular_activities:popular_activities=56&quot; class=&quot;a53cbfa6de ac9267e216 d8eb520c4e a244b31530 a2d2507aff b0d8afeab2&quot;&gt;&lt;input aria-label=&quot;Playground: 24 properties&quot; id=&quot;:Rlfa9l4:&quot; class=&quot;f0b6754c38&quot; type=&quot;checkbox&quot; name=&quot;popular_activities=56&quot; value=&quot;popular_activities=56&quot;/&gt;&lt;label for=&quot;:Rlfa9l4:&quot; class=&quot;aca0ade214 aaf30230d9 c2931f4182 d79e71457a bd597ff2d8&quot;&gt;&lt;span class=&quot;ff5328eb35&quot;&gt;&lt;/span&gt;&lt;span class=&quot;ef785aa7f4&quot;&gt;&lt;span class=&quot;fcd9eec8fb b27b51da7f bf9a32efa5&quot; aria-hidden=&quot;true&quot;&gt;&lt;svg xmlns=&quot;http://www.w3.org/2000/svg&quot; viewBox=&quot;0 0 128 128&quot;&gt;&lt;path d=&quot;M56.33 102a6 6 0 0 1-4.24-1.75L19.27 67.54A6.014 6.014 0 1 1 27.74 59l27.94 27.88 44-58.49a6 6 0 1 1 9.58 7.22l-48.17 64a5.998 5.998 0 0 1-4.34 2.39z&quot;&gt;&lt;/path&gt;&lt;/svg&gt;&lt;/span&gt;&lt;/span&gt;&lt;span class=&quot;aaee4e7cd3 e7a57abb1e&quot;&gt;&lt;div class=&quot;a53cbfa6de e6208ee469&quot;&gt;&lt;div data-testid=&quot;filters-group-label-container&quot; class=&quot;dcd1ccc0b6&quot; aria-hidden=&quot;true&quot;&gt;&lt;div data-testid=&quot;filters-group-label-content&quot; class=&quot;a53cbfa6de cb475f8063&quot;&gt;Playground&lt;/div&gt; &lt;span class=&quot;abf093bdfe a414c2b280&quot;&gt;24&lt;/span&gt;&lt;/div&gt;&lt;/div&gt;&lt;/span&gt;&lt;/label&gt;&lt;/div&gt;&lt;/div&gt;&lt;hr aria-hidden=&quot;true&quot; data-testid=&quot;filters-group-divider&quot; class=&quot;b9bfeba2b4 b288f61df6 abe36eb989&quot;/&gt;&lt;div data-filters-group=&quot;privacy_type_no_date&quot; data-testid=&quot;filters-group&quot; id=&quot;filter_group_privacy_type_no_date_:R2pl4:&quot; class=&quot;ffb9c3d6a3 ad9a06523f&quot;&gt;&lt;div class=&quot;f2cf178bcd f6b5094aa4&quot;&gt;&lt;h3 class=&quot;a3332d346a e6208ee469 d0caee4251&quot;&gt;Entire places&lt;/h3&gt;&lt;/div&gt;&lt;div class=&quot;c733693b78&quot;&gt;&lt;div&gt;&lt;/div&gt;&lt;/div&gt;&lt;div data-filters-item=&quot;privacy_type_no_date:privacy_type_no_date=4&quot; class=&quot;a53cbfa6de ac9267e216 d8eb520c4e a244b31530 a2d2507aff b0d8afeab2&quot;&gt;&lt;input aria-label=&quot;Entire homes &amp;amp; apartments: 657 properties&quot; id=&quot;:R5fapl4:&quot; class=&quot;f0b6754c38&quot; type=&quot;checkbox&quot; name=&quot;privacy_type_no_date=4&quot; value=&quot;privacy_type_no_date=4&quot;/&gt;&lt;label for=&quot;:R5fapl4:&quot; class=&quot;aca0ade214 aaf30230d9 c2931f4182 d79e71457a bd597ff2d8&quot;&gt;&lt;span class=&quot;ff5328eb35&quot;&gt;&lt;/span&gt;&lt;span class=&quot;ef785aa7f4&quot;&gt;&lt;span class=&quot;fcd9eec8fb b27b51da7f bf9a32efa5&quot; aria-hidden=&quot;true&quot;&gt;&lt;svg xmlns=&quot;http://www.w3.org/2000/svg&quot; viewBox=&quot;0 0 128 128&quot;&gt;&lt;path d=&quot;M56.33 102a6 6 0 0 1-4.24-1.75L19.27 67.54A6.014 6.014 0 1 1 27.74 59l27.94 27.88 44-58.49a6 6 0 1 1 9.58 7.22l-48.17 64a5.998 5.998 0 0 1-4.34 2.39z&quot;&gt;&lt;/path&gt;&lt;/svg&gt;&lt;/span&gt;&lt;/span&gt;&lt;span class=&quot;aaee4e7cd3 e7a57abb1e&quot;&gt;&lt;div class=&quot;a53cbfa6de e6208ee469&quot;&gt;&lt;div data-testid=&quot;filters-group-label-container&quot; class=&quot;dcd1ccc0b6&quot; aria-hidden=&quot;true&quot;&gt;&lt;div data-testid=&quot;filters-group-label-content&quot; class=&quot;a53cbfa6de cb475f8063&quot;&gt;Entire homes &amp;amp; apartments&lt;/div&gt; &lt;span class=&quot;abf093bdfe a414c2b280&quot;&gt;657&lt;/span&gt;&lt;/div&gt;&lt;/div&gt;&lt;/span&gt;&lt;/label&gt;&lt;/div&gt;&lt;/div&gt;&lt;hr aria-hidden=&quot;true&quot; data-testid=&quot;filters-group-divider&quot; class=&quot;b9bfeba2b4 b288f61df6 abe36eb989&quot;/&gt;&lt;div data-filters-group=&quot;ht_id&quot; data-testid=&quot;filters-group&quot; id=&quot;filter_group_ht_id_:R39l4:&quot; class=&quot;ffb9c3d6a3 ad9a06523f&quot;&gt;&lt;div class=&quot;c733693b78&quot;&gt;&lt;div&gt;&lt;/div&gt;&lt;/div&gt;&lt;div class=&quot;f2cf178bcd f6b5094aa4&quot;&gt;&lt;h3 class=&quot;a3332d346a e6208ee469 d0caee4251&quot;&gt;Property Type&lt;/h3&gt;&lt;/div&gt;&lt;div class=&quot;c733693b78&quot;&gt;&lt;div&gt;&lt;/div&gt;&lt;/div&gt;&lt;div data-filters-item=&quot;ht_id:ht_id=201&quot; class=&quot;a53cbfa6de ac9267e216 d8eb520c4e a244b31530 a2d2507aff b0d8afeab2&quot;&gt;&lt;input aria-label=&quot;Apartments: 380 properties&quot; id=&quot;:Rhfb9l4:&quot; class=&quot;f0b6754c38&quot; type=&quot;checkbox&quot; name=&quot;ht_id=201&quot; value=&quot;ht_id=201&quot;/&gt;&lt;label for=&quot;:Rhfb9l4:&quot; class=&quot;aca0ade214 aaf30230d9 c2931f4182 d79e71457a bd597ff2d8&quot;&gt;&lt;span class=&quot;ff5328eb35&quot;&gt;&lt;/span&gt;&lt;span class=&quot;ef785aa7f4&quot;&gt;&lt;span class=&quot;fcd9eec8fb b27b51da7f bf9a32efa5&quot; aria-hidden=&quot;true&quot;&gt;&lt;svg xmlns=&quot;http://www.w3.org/2000/svg&quot; viewBox=&quot;0 0 128 128&quot;&gt;&lt;path d=&quot;M56.33 102a6 6 0 0 1-4.24-1.75L19.27 67.54A6.014 6.014 0 1 1 27.74 59l27.94 27.88 44-58.49a6 6 0 1 1 9.58 7.22l-48.17 64a5.998 5.998 0 0 1-4.34 2.39z&quot;&gt;&lt;/path&gt;&lt;/svg&gt;&lt;/span&gt;&lt;/span&gt;&lt;span class=&quot;aaee4e7cd3 e7a57abb1e&quot;&gt;&lt;div class=&quot;a53cbfa6de e6208ee469&quot;&gt;&lt;div data-testid=&quot;filters-group-label-container&quot; class=&quot;dcd1ccc0b6&quot; aria-hidden=&quot;true&quot;&gt;&lt;div data-testid=&quot;filters-group-label-content&quot; class=&quot;a53cbfa6de cb475f8063&quot;&gt;Apartments&lt;/div&gt; &lt;span class=&quot;abf093bdfe a414c2b280&quot;&gt;380&lt;/span&gt;&lt;/div&gt;&lt;/div&gt;&lt;/span&gt;&lt;/label&gt;&lt;/div&gt;&lt;div class=&quot;c733693b78&quot;&gt;&lt;div&gt;&lt;/div&gt;&lt;/div&gt;&lt;div data-filters-item=&quot;ht_id:ht_id=204&quot; class=&quot;a53cbfa6de ac9267e216 d8eb520c4e a244b31530 a2d2507aff b0d8afeab2&quot;&gt;&lt;input aria-label=&quot;Hotels: 157 properties&quot; id=&quot;:Rifb9l4:&quot; class=&quot;f0b6754c38&quot; type=&quot;checkbox&quot; name=&quot;ht_id=204&quot; value=&quot;ht_id=204&quot;/&gt;&lt;label for=&quot;:Rifb9l4:&quot; class=&quot;aca0ade214 aaf30230d9 c2931f4182 d79e71457a bd597ff2d8&quot;&gt;&lt;span class=&quot;ff5328eb35&quot;&gt;&lt;/span&gt;&lt;span class=&quot;ef785aa7f4&quot;&gt;&lt;span class=&quot;fcd9eec8fb b27b51da7f bf9a32efa5&quot; aria-hidden=&quot;true&quot;&gt;&lt;svg xmlns=&quot;http://www.w3.org/2000/svg&quot; viewBox=&quot;0 0 128 128&quot;&gt;&lt;path d=&quot;M56.33 102a6 6 0 0 1-4.24-1.75L19.27 67.54A6.014 6.014 0 1 1 27.74 59l27.94 27.88 44-58.49a6 6 0 1 1 9.58 7.22l-48.17 64a5.998 5.998 0 0 1-4.34 2.39z&quot;&gt;&lt;/path&gt;&lt;/svg&gt;&lt;/span&gt;&lt;/span&gt;&lt;span class=&quot;aaee4e7cd3 e7a57abb1e&quot;&gt;&lt;div class=&quot;a53cbfa6de e6208ee469&quot;&gt;&lt;div data-testid=&quot;filters-group-label-container&quot; class=&quot;dcd1ccc0b6&quot; aria-hidden=&quot;true&quot;&gt;&lt;div data-testid=&quot;filters-group-label-content&quot; class=&quot;a53cbfa6de cb475f8063&quot;&gt;Hotels&lt;/div&gt; &lt;span class=&quot;abf093bdfe a414c2b280&quot;&gt;157&lt;/span&gt;&lt;/div&gt;&lt;/div&gt;&lt;/span&gt;&lt;/label&gt;&lt;/div&gt;&lt;div class=&quot;c733693b78&quot;&gt;&lt;div&gt;&lt;/div&gt;&lt;/div&gt;&lt;div data-filters-item=&quot;ht_id:ht_id=220&quot; class=&quot;a53cbfa6de ac9267e216 d8eb520c4e a244b31530 a2d2507aff b0d8afeab2&quot;&gt;&lt;input aria-label=&quot;Vacation Homes: 53 properties&quot; id=&quot;:Rjfb9l4:&quot; class=&quot;f0b6754c38&quot; type=&quot;checkbox&quot; name=&quot;ht_id=220&quot; value=&quot;ht_id=220&quot;/&gt;&lt;label for=&quot;:Rjfb9l4:&quot; class=&quot;aca0ade214 aaf30230d9 c2931f4182 d79e71457a bd597ff2d8&quot;&gt;&lt;span class=&quot;ff5328eb35&quot;&gt;&lt;/span&gt;&lt;span class=&quot;ef785aa7f4&quot;&gt;&lt;span class=&quot;fcd9eec8fb b27b51da7f bf9a32efa5&quot; aria-hidden=&quot;true&quot;&gt;&lt;svg xmlns=&quot;http://www.w3.org/2000/svg&quot; viewBox=&quot;0 0 128 128&quot;&gt;&lt;path d=&quot;M56.33 102a6 6 0 0 1-4.24-1.75L19.27 67.54A6.014 6.014 0 1 1 27.74 59l27.94 27.88 44-58.49a6 6 0 1 1 9.58 7.22l-48.17 64a5.998 5.998 0 0 1-4.34 2.39z&quot;&gt;&lt;/path&gt;&lt;/svg&gt;&lt;/span&gt;&lt;/span&gt;&lt;span class=&quot;aaee4e7cd3 e7a57abb1e&quot;&gt;&lt;div class=&quot;a53cbfa6de e6208ee469&quot;&gt;&lt;div data-testid=&quot;filters-group-label-container&quot; class=&quot;dcd1ccc0b6&quot; aria-hidden=&quot;true&quot;&gt;&lt;div data-testid=&quot;filters-group-label-content&quot; class=&quot;a53cbfa6de cb475f8063&quot;&gt;Vacation Homes&lt;/div&gt; &lt;span class=&quot;abf093bdfe a414c2b280&quot;&gt;53&lt;/span&gt;&lt;/div&gt;&lt;/div&gt;&lt;/span&gt;&lt;/label&gt;&lt;/div&gt;&lt;div class=&quot;c733693b78&quot;&gt;&lt;div&gt;&lt;/div&gt;&lt;/div&gt;&lt;div data-filters-item=&quot;ht_id:ht_id=222&quot; class=&quot;a53cbfa6de ac9267e216 d8eb520c4e a244b31530 a2d2507aff b0d8afeab2&quot;&gt;&lt;input aria-label=&quot;Homestays: 21 properties&quot; id=&quot;:Rkfb9l4:&quot; class=&quot;f0b6754c38&quot; type=&quot;checkbox&quot; name=&quot;ht_id=222&quot; value=&quot;ht_id=222&quot;/&gt;&lt;label for=&quot;:Rkfb9l4:&quot; class=&quot;aca0ade214 aaf30230d9 c2931f4182 d79e71457a bd597ff2d8&quot;&gt;&lt;span class=&quot;ff5328eb35&quot;&gt;&lt;/span&gt;&lt;span class=&quot;ef785aa7f4&quot;&gt;&lt;span class=&quot;fcd9eec8fb b27b51da7f bf9a32efa5&quot; aria-hidden=&quot;true&quot;&gt;&lt;svg xmlns=&quot;http://www.w3.org/2000/svg&quot; viewBox=&quot;0 0 128 128&quot;&gt;&lt;path d=&quot;M56.33 102a6 6 0 0 1-4.24-1.75L19.27 67.54A6.014 6.014 0 1 1 27.74 59l27.94 27.88 44-58.49a6 6 0 1 1 9.58 7.22l-48.17 64a5.998 5.998 0 0 1-4.34 2.39z&quot;&gt;&lt;/path&gt;&lt;/svg&gt;&lt;/span&gt;&lt;/span&gt;&lt;span class=&quot;aaee4e7cd3 e7a57abb1e&quot;&gt;&lt;div class=&quot;a53cbfa6de e6208ee469&quot;&gt;&lt;div data-testid=&quot;filters-group-label-container&quot; class=&quot;dcd1ccc0b6&quot; aria-hidden=&quot;true&quot;&gt;&lt;div data-testid=&quot;filters-group-label-content&quot; class=&quot;a53cbfa6de cb475f8063&quot;&gt;Homestays&lt;/div&gt; &lt;span class=&quot;abf093bdfe a414c2b280&quot;&gt;21&lt;/span&gt;&lt;/div&gt;&lt;/div&gt;&lt;/span&gt;&lt;/label&gt;&lt;/div&gt;&lt;div class=&quot;c733693b78&quot;&gt;&lt;div&gt;&lt;/div&gt;&lt;/div&gt;&lt;div data-filters-item=&quot;ht_id:ht_id=216&quot; class=&quot;a53cbfa6de ac9267e216 d8eb520c4e a244b31530 a2d2507aff b0d8afeab2&quot;&gt;&lt;input aria-label=&quot;Guesthouses: 20 properties&quot; id=&quot;:Rlfb9l4:&quot; class=&quot;f0b6754c38&quot; type=&quot;checkbox&quot; name=&quot;ht_id=216&quot; value=&quot;ht_id=216&quot;/&gt;&lt;label for=&quot;:Rlfb9l4:&quot; class=&quot;aca0ade214 aaf30230d9 c2931f4182 d79e71457a bd597ff2d8&quot;&gt;&lt;span class=&quot;ff5328eb35&quot;&gt;&lt;/span&gt;&lt;span class=&quot;ef785aa7f4&quot;&gt;&lt;span class=&quot;fcd9eec8fb b27b51da7f bf9a32efa5&quot; aria-hidden=&quot;true&quot;&gt;&lt;svg xmlns=&quot;http://www.w3.org/2000/svg&quot; viewBox=&quot;0 0 128 128&quot;&gt;&lt;path d=&quot;M56.33 102a6 6 0 0 1-4.24-1.75L19.27 67.54A6.014 6.014 0 1 1 27.74 59l27.94 27.88 44-58.49a6 6 0 1 1 9.58 7.22l-48.17 64a5.998 5.998 0 0 1-4.34 2.39z&quot;&gt;&lt;/path&gt;&lt;/svg&gt;&lt;/span&gt;&lt;/span&gt;&lt;span class=&quot;aaee4e7cd3 e7a57abb1e&quot;&gt;&lt;div class=&quot;a53cbfa6de e6208ee469&quot;&gt;&lt;div data-testid=&quot;filters-group-label-container&quot; class=&quot;dcd1ccc0b6&quot; aria-hidden=&quot;true&quot;&gt;&lt;div data-testid=&quot;filters-group-label-content&quot; class=&quot;a53cbfa6de cb475f8063&quot;&gt;Guesthouses&lt;/div&gt; &lt;span class=&quot;abf093bdfe a414c2b280&quot;&gt;20&lt;/span&gt;&lt;/div&gt;&lt;/div&gt;&lt;/span&gt;&lt;/label&gt;&lt;/div&gt;&lt;button aria-controls=&quot;filter_group_ht_id_:R39l4:&quot; aria-expanded=&quot;false&quot; data-testid=&quot;filters-group-expand-collapse&quot; type=&quot;button&quot; class=&quot;a83ed08757 f88a5204c2 d65b7d20ae b98133fb50&quot;&gt;&lt;span&gt;Show all 13&lt;span data-testid=&quot;filters-group-expand&quot; class=&quot;fcd9eec8fb d24fc26e73 b3ef400590&quot; aria-hidden=&quot;true&quot;&gt;&lt;svg xmlns=&quot;http://www.w3.org/2000/svg&quot; viewBox=&quot;0 0 24 24&quot;&gt;&lt;path d=&quot;M19.2681 8.91288C19.2687 9.03226 19.2454 9.15054 19.1996 9.26079C19.1539 9.37105 19.0865 9.47105 19.0016 9.55493L12.9445 15.612C12.8211 15.7367 12.6738 15.8353 12.5115 15.9018C12.3491 15.9684 12.1751 16.0017 11.9996 15.9997C11.6491 16.0075 11.3096 15.877 11.0547 15.6362L4.99764 9.57916C4.8275 9.40881 4.73193 9.17788 4.73193 8.93711C4.73193 8.69634 4.8275 8.46542 4.99764 8.29506C5.08117 8.20935 5.18101 8.14122 5.29128 8.09471C5.40155 8.04819 5.52002 8.02423 5.6397 8.02423C5.75937 8.02423 5.87784 8.04819 5.98811 8.09471C6.09838 8.14122 6.19822 8.20935 6.28175 8.29506L11.9996 13.9887L17.7175 8.27084C17.801 8.18512 17.9009 8.11699 18.0111 8.07048C18.1214 8.02396 18.2399 8 18.3596 8C18.4792 8 18.5977 8.02396 18.708 8.07048C18.8182 8.11699 18.9181 8.18512 19.0016 8.27084C19.0871 8.3543 19.1548 8.45422 19.2006 8.56457C19.2464 8.67492 19.2694 8.79341 19.2681 8.91288Z&quot;&gt;&lt;/path&gt;&lt;/svg&gt;&lt;/span&gt;&lt;/span&gt;&lt;/button&gt;&lt;/div&gt;&lt;hr aria-hidden=&quot;true&quot; data-testid=&quot;filters-group-divider&quot; class=&quot;b9bfeba2b4 b288f61df6 abe36eb989&quot;/&gt;&lt;div data-filters-group=&quot;popular_nearby_landmarks&quot; data-testid=&quot;filters-group&quot; id=&quot;filter_group_popular_nearby_landmarks_:R3pl4:&quot; class=&quot;ffb9c3d6a3 ad9a06523f&quot;&gt;&lt;div class=&quot;f2cf178bcd f6b5094aa4&quot;&gt;&lt;h3 class=&quot;a3332d346a e6208ee469 d0caee4251&quot;&gt;Landmarks&lt;/h3&gt;&lt;/div&gt;&lt;div class=&quot;c733693b78&quot;&gt;&lt;div&gt;&lt;/div&gt;&lt;/div&gt;&lt;div data-filters-item=&quot;popular_nearby_landmarks:popular_nearby_landmarks=261059&quot; class=&quot;a53cbfa6de ac9267e216 d8eb520c4e a244b31530 a2d2507aff b0d8afeab2&quot;&gt;&lt;input aria-label=&quot;Burnham Park: 192 properties&quot; id=&quot;:Rhfbpl4:&quot; class=&quot;f0b6754c38&quot; type=&quot;checkbox&quot; name=&quot;popular_nearby_landmarks=261059&quot; value=&quot;popular_nearby_landmarks=261059&quot;/&gt;&lt;label for=&quot;:Rhfbpl4:&quot; class=&quot;aca0ade214 aaf30230d9 c2931f4182 d79e71457a bd597ff2d8&quot;&gt;&lt;span class=&quot;ff5328eb35&quot;&gt;&lt;/span&gt;&lt;span class=&quot;ef785aa7f4&quot;&gt;&lt;span class=&quot;fcd9eec8fb b27b51da7f bf9a32efa5&quot; aria-hidden=&quot;true&quot;&gt;&lt;svg xmlns=&quot;http://www.w3.org/2000/svg&quot; viewBox=&quot;0 0 128 128&quot;&gt;&lt;path d=&quot;M56.33 102a6 6 0 0 1-4.24-1.75L19.27 67.54A6.014 6.014 0 1 1 27.74 59l27.94 27.88 44-58.49a6 6 0 1 1 9.58 7.22l-48.17 64a5.998 5.998 0 0 1-4.34 2.39z&quot;&gt;&lt;/path&gt;&lt;/svg&gt;&lt;/span&gt;&lt;/span&gt;&lt;span class=&quot;aaee4e7cd3 e7a57abb1e&quot;&gt;&lt;div class=&quot;a53cbfa6de e6208ee469&quot;&gt;&lt;div data-testid=&quot;filters-group-label-container&quot; class=&quot;dcd1ccc0b6&quot; aria-hidden=&quot;true&quot;&gt;&lt;div data-testid=&quot;filters-group-label-content&quot; class=&quot;a53cbfa6de cb475f8063&quot;&gt;Burnham Park&lt;/div&gt; &lt;span class=&quot;abf093bdfe a414c2b280&quot;&gt;192&lt;/span&gt;&lt;/div&gt;&lt;/div&gt;&lt;/span&gt;&lt;/label&gt;&lt;/div&gt;&lt;div class=&quot;c733693b78&quot;&gt;&lt;div&gt;&lt;/div&gt;&lt;/div&gt;&lt;div data-filters-item=&quot;popular_nearby_landmarks:popular_nearby_landmarks=261060&quot; class=&quot;a53cbfa6de ac9267e216 d8eb520c4e a244b31530 a2d2507aff b0d8afeab2&quot;&gt;&lt;input aria-label=&quot;Session Road: 178 properties&quot; id=&quot;:Rifbpl4:&quot; class=&quot;f0b6754c38&quot; type=&quot;checkbox&quot; name=&quot;popular_nearby_landmarks=261060&quot; value=&quot;popular_nearby_landmarks=261060&quot;/&gt;&lt;label for=&quot;:Rifbpl4:&quot; class=&quot;aca0ade214 aaf30230d9 c2931f4182 d79e71457a bd597ff2d8&quot;&gt;&lt;span class=&quot;ff5328eb35&quot;&gt;&lt;/span&gt;&lt;span class=&quot;ef785aa7f4&quot;&gt;&lt;span class=&quot;fcd9eec8fb b27b51da7f bf9a32efa5&quot; aria-hidden=&quot;true&quot;&gt;&lt;svg xmlns=&quot;http://www.w3.org/2000/svg&quot; viewBox=&quot;0 0 128 128&quot;&gt;&lt;path d=&quot;M56.33 102a6 6 0 0 1-4.24-1.75L19.27 67.54A6.014 6.014 0 1 1 27.74 59l27.94 27.88 44-58.49a6 6 0 1 1 9.58 7.22l-48.17 64a5.998 5.998 0 0 1-4.34 2.39z&quot;&gt;&lt;/path&gt;&lt;/svg&gt;&lt;/span&gt;&lt;/span&gt;&lt;span class=&quot;aaee4e7cd3 e7a57abb1e&quot;&gt;&lt;div class=&quot;a53cbfa6de e6208ee469&quot;&gt;&lt;div data-testid=&quot;filters-group-label-container&quot; class=&quot;dcd1ccc0b6&quot; aria-hidden=&quot;true&quot;&gt;&lt;div data-testid=&quot;filters-group-label-content&quot; class=&quot;a53cbfa6de cb475f8063&quot;&gt;Session Road&lt;/div&gt; &lt;span class=&quot;abf093bdfe a414c2b280&quot;&gt;178&lt;/span&gt;&lt;/div&gt;&lt;/div&gt;&lt;/span&gt;&lt;/label&gt;&lt;/div&gt;&lt;div class=&quot;c733693b78&quot;&gt;&lt;div&gt;&lt;/div&gt;&lt;/div&gt;&lt;div data-filters-item=&quot;popular_nearby_landmarks:popular_nearby_landmarks=209151&quot; class=&quot;a53cbfa6de ac9267e216 d8eb520c4e a244b31530 a2d2507aff b0d8afeab2&quot;&gt;&lt;input aria-label=&quot;Mines View Park: 159 properties&quot; id=&quot;:Rjfbpl4:&quot; class=&quot;f0b6754c38&quot; type=&quot;checkbox&quot; name=&quot;popular_nearby_landmarks=209151&quot; value=&quot;popular_nearby_landmarks=209151&quot;/&gt;&lt;label for=&quot;:Rjfbpl4:&quot; class=&quot;aca0ade214 aaf30230d9 c2931f4182 d79e71457a bd597ff2d8&quot;&gt;&lt;span class=&quot;ff5328eb35&quot;&gt;&lt;/span&gt;&lt;span class=&quot;ef785aa7f4&quot;&gt;&lt;span class=&quot;fcd9eec8fb b27b51da7f bf9a32efa5&quot; aria-hidden=&quot;true&quot;&gt;&lt;svg xmlns=&quot;http://www.w3.org/2000/svg&quot; viewBox=&quot;0 0 128 128&quot;&gt;&lt;path d=&quot;M56.33 102a6 6 0 0 1-4.24-1.75L19.27 67.54A6.014 6.014 0 1 1 27.74 59l27.94 27.88 44-58.49a6 6 0 1 1 9.58 7.22l-48.17 64a5.998 5.998 0 0 1-4.34 2.39z&quot;&gt;&lt;/path&gt;&lt;/svg&gt;&lt;/span&gt;&lt;/span&gt;&lt;span class=&quot;aaee4e7cd3 e7a57abb1e&quot;&gt;&lt;div class=&quot;a53cbfa6de e6208ee469&quot;&gt;&lt;div data-testid=&quot;filters-group-label-container&quot; class=&quot;dcd1ccc0b6&quot; aria-hidden=&quot;true&quot;&gt;&lt;div data-testid=&quot;filters-group-label-content&quot; class=&quot;a53cbfa6de cb475f8063&quot;&gt;Mines View Park&lt;/div&gt; &lt;span class=&quot;abf093bdfe a414c2b280&quot;&gt;159&lt;/span&gt;&lt;/div&gt;&lt;/div&gt;&lt;/span&gt;&lt;/label&gt;&lt;/div&gt;&lt;div class=&quot;c733693b78&quot;&gt;&lt;div&gt;&lt;/div&gt;&lt;/div&gt;&lt;div data-filters-item=&quot;popular_nearby_landmarks:popular_nearby_landmarks=261062&quot; class=&quot;a53cbfa6de ac9267e216 d8eb520c4e a244b31530 a2d2507aff b0d8afeab2&quot;&gt;&lt;input aria-label=&quot;Wright Park: 41 properties&quot; id=&quot;:Rkfbpl4:&quot; class=&quot;f0b6754c38&quot; type=&quot;checkbox&quot; name=&quot;popular_nearby_landmarks=261062&quot; value=&quot;popular_nearby_landmarks=261062&quot;/&gt;&lt;label for=&quot;:Rkfbpl4:&quot; class=&quot;aca0ade214 aaf30230d9 c2931f4182 d79e71457a bd597ff2d8&quot;&gt;&lt;span class=&quot;ff5328eb35&quot;&gt;&lt;/span&gt;&lt;span class=&quot;ef785aa7f4&quot;&gt;&lt;span class=&quot;fcd9eec8fb b27b51da7f bf9a32efa5&quot; aria-hidden=&quot;true&quot;&gt;&lt;svg xmlns=&quot;http://www.w3.org/2000/svg&quot; viewBox=&quot;0 0 128 128&quot;&gt;&lt;path d=&quot;M56.33 102a6 6 0 0 1-4.24-1.75L19.27 67.54A6.014 6.014 0 1 1 27.74 59l27.94 27.88 44-58.49a6 6 0 1 1 9.58 7.22l-48.17 64a5.998 5.998 0 0 1-4.34 2.39z&quot;&gt;&lt;/path&gt;&lt;/svg&gt;&lt;/span&gt;&lt;/span&gt;&lt;span class=&quot;aaee4e7cd3 e7a57abb1e&quot;&gt;&lt;div class=&quot;a53cbfa6de e6208ee469&quot;&gt;&lt;div data-testid=&quot;filters-group-label-container&quot; class=&quot;dcd1ccc0b6&quot; aria-hidden=&quot;true&quot;&gt;&lt;div data-testid=&quot;filters-group-label-content&quot; class=&quot;a53cbfa6de cb475f8063&quot;&gt;Wright Park&lt;/div&gt; &lt;span class=&quot;abf093bdfe a414c2b280&quot;&gt;41&lt;/span&gt;&lt;/div&gt;&lt;/div&gt;&lt;/span&gt;&lt;/label&gt;&lt;/div&gt;&lt;div class=&quot;c733693b78&quot;&gt;&lt;div&gt;&lt;/div&gt;&lt;/div&gt;&lt;div data-filters-item=&quot;popular_nearby_landmarks:popular_nearby_landmarks=261061&quot; class=&quot;a53cbfa6de ac9267e216 d8eb520c4e a244b31530 a2d2507aff b0d8afeab2&quot;&gt;&lt;input aria-label=&quot;Camp John Hay: 19 properties&quot; id=&quot;:Rlfbpl4:&quot; class=&quot;f0b6754c38&quot; type=&quot;checkbox&quot; name=&quot;popular_nearby_landmarks=261061&quot; value=&quot;popular_nearby_landmarks=261061&quot;/&gt;&lt;label for=&quot;:Rlfbpl4:&quot; class=&quot;aca0ade214 aaf30230d9 c2931f4182 d79e71457a bd597ff2d8&quot;&gt;&lt;span class=&quot;ff5328eb35&quot;&gt;&lt;/span&gt;&lt;span class=&quot;ef785aa7f4&quot;&gt;&lt;span class=&quot;fcd9eec8fb b27b51da7f bf9a32efa5&quot; aria-hidden=&quot;true&quot;&gt;&lt;svg xmlns=&quot;http://www.w3.org/2000/svg&quot; viewBox=&quot;0 0 128 128&quot;&gt;&lt;path d=&quot;M56.33 102a6 6 0 0 1-4.24-1.75L19.27 67.54A6.014 6.014 0 1 1 27.74 59l27.94 27.88 44-58.49a6 6 0 1 1 9.58 7.22l-48.17 64a5.998 5.998 0 0 1-4.34 2.39z&quot;&gt;&lt;/path&gt;&lt;/svg&gt;&lt;/span&gt;&lt;/span&gt;&lt;span class=&quot;aaee4e7cd3 e7a57abb1e&quot;&gt;&lt;div class=&quot;a53cbfa6de e6208ee469&quot;&gt;&lt;div data-testid=&quot;filters-group-label-container&quot; class=&quot;dcd1ccc0b6&quot; aria-hidden=&quot;true&quot;&gt;&lt;div data-testid=&quot;filters-group-label-content&quot; class=&quot;a53cbfa6de cb475f8063&quot;&gt;Camp John Hay&lt;/div&gt; &lt;span class=&quot;abf093bdfe a414c2b280&quot;&gt;19&lt;/span&gt;&lt;/div&gt;&lt;/div&gt;&lt;/span&gt;&lt;/label&gt;&lt;/div&gt;&lt;/div&gt;&lt;hr aria-hidden=&quot;true&quot; data-testid=&quot;filters-group-divider&quot; class=&quot;b9bfeba2b4 b288f61df6 abe36eb989&quot;/&gt;&lt;div data-filters-group=&quot;review_score&quot; data-testid=&quot;filters-group&quot; id=&quot;filter_group_review_score_:R49l4:&quot; class=&quot;ffb9c3d6a3 ad9a06523f&quot;&gt;&lt;div class=&quot;f2cf178bcd f6b5094aa4&quot;&gt;&lt;h3 class=&quot;a3332d346a e6208ee469 d0caee4251&quot;&gt;Review Score&lt;/h3&gt;&lt;/div&gt;&lt;div class=&quot;c733693b78&quot;&gt;&lt;div&gt;&lt;/div&gt;&lt;/div&gt;&lt;div data-filters-item=&quot;review_score:review_score=90&quot; class=&quot;a53cbfa6de ac9267e216 d8eb520c4e a244b31530 a2d2507aff b0d8afeab2&quot;&gt;&lt;input aria-label=&quot;Wonderful: 9+: 136 properties&quot; id=&quot;:Rhfc9l4:&quot; class=&quot;f0b6754c38&quot; type=&quot;checkbox&quot; name=&quot;review_score=90&quot; value=&quot;review_score=90&quot;/&gt;&lt;label for=&quot;:Rhfc9l4:&quot; class=&quot;aca0ade214 aaf30230d9 c2931f4182 d79e71457a bd597ff2d8&quot;&gt;&lt;span class=&quot;ff5328eb35&quot;&gt;&lt;/span&gt;&lt;span class=&quot;ef785aa7f4&quot;&gt;&lt;span class=&quot;fcd9eec8fb b27b51da7f bf9a32efa5&quot; aria-hidden=&quot;true&quot;&gt;&lt;svg xmlns=&quot;http://www.w3.org/2000/svg&quot; viewBox=&quot;0 0 128 128&quot;&gt;&lt;path d=&quot;M56.33 102a6 6 0 0 1-4.24-1.75L19.27 67.54A6.014 6.014 0 1 1 27.74 59l27.94 27.88 44-58.49a6 6 0 1 1 9.58 7.22l-48.17 64a5.998 5.998 0 0 1-4.34 2.39z&quot;&gt;&lt;/path&gt;&lt;/svg&gt;&lt;/span&gt;&lt;/span&gt;&lt;span class=&quot;aaee4e7cd3 e7a57abb1e&quot;&gt;&lt;div class=&quot;a53cbfa6de e6208ee469&quot;&gt;&lt;div data-testid=&quot;filters-group-label-container&quot; class=&quot;dcd1ccc0b6&quot; aria-hidden=&quot;true&quot;&gt;&lt;div data-testid=&quot;filters-group-label-content&quot; class=&quot;a53cbfa6de cb475f8063&quot;&gt;Wonderful: 9+&lt;/div&gt; &lt;span class=&quot;abf093bdfe a414c2b280&quot;&gt;136&lt;/span&gt;&lt;/div&gt;&lt;/div&gt;&lt;/span&gt;&lt;/label&gt;&lt;/div&gt;&lt;div class=&quot;c733693b78&quot;&gt;&lt;div&gt;&lt;/div&gt;&lt;/div&gt;&lt;div data-filters-item=&quot;review_score:review_score=80&quot; class=&quot;a53cbfa6de ac9267e216 d8eb520c4e a244b31530 a2d2507aff b0d8afeab2&quot;&gt;&lt;input aria-label=&quot;Very Good: 8+: 281 properties&quot; id=&quot;:Rifc9l4:&quot; class=&quot;f0b6754c38&quot; type=&quot;checkbox&quot; name=&quot;review_score=80&quot; value=&quot;review_score=80&quot;/&gt;&lt;label for=&quot;:Rifc9l4:&quot; class=&quot;aca0ade214 aaf30230d9 c2931f4182 d79e71457a bd597ff2d8&quot;&gt;&lt;span class=&quot;ff5328eb35&quot;&gt;&lt;/span&gt;&lt;span class=&quot;ef785aa7f4&quot;&gt;&lt;span class=&quot;fcd9eec8fb b27b51da7f bf9a32efa5&quot; aria-hidden=&quot;true&quot;&gt;&lt;svg xmlns=&quot;http://www.w3.org/2000/svg&quot; viewBox=&quot;0 0 128 128&quot;&gt;&lt;path d=&quot;M56.33 102a6 6 0 0 1-4.24-1.75L19.27 67.54A6.014 6.014 0 1 1 27.74 59l27.94 27.88 44-58.49a6 6 0 1 1 9.58 7.22l-48.17 64a5.998 5.998 0 0 1-4.34 2.39z&quot;&gt;&lt;/path&gt;&lt;/svg&gt;&lt;/span&gt;&lt;/span&gt;&lt;span class=&quot;aaee4e7cd3 e7a57abb1e&quot;&gt;&lt;div class=&quot;a53cbfa6de e6208ee469&quot;&gt;&lt;div data-testid=&quot;filters-group-label-container&quot; class=&quot;dcd1ccc0b6&quot; aria-hidden=&quot;true&quot;&gt;&lt;div data-testid=&quot;filters-group-label-content&quot; class=&quot;a53cbfa6de cb475f8063&quot;&gt;Very Good: 8+&lt;/div&gt; &lt;span class=&quot;abf093bdfe a414c2b280&quot;&gt;281&lt;/span&gt;&lt;/div&gt;&lt;/div&gt;&lt;/span&gt;&lt;/label&gt;&lt;/div&gt;&lt;div class=&quot;c733693b78&quot;&gt;&lt;div&gt;&lt;/div&gt;&lt;/div&gt;&lt;div data-filters-item=&quot;review_score:review_score=70&quot; class=&quot;a53cbfa6de ac9267e216 d8eb520c4e a244b31530 a2d2507aff b0d8afeab2&quot;&gt;&lt;input aria-label=&quot;Good: 7+: 357 properties&quot; id=&quot;:Rjfc9l4:&quot; class=&quot;f0b6754c38&quot; type=&quot;checkbox&quot; name=&quot;review_score=70&quot; value=&quot;review_score=70&quot;/&gt;&lt;label for=&quot;:Rjfc9l4:&quot; class=&quot;aca0ade214 aaf30230d9 c2931f4182 d79e71457a bd597ff2d8&quot;&gt;&lt;span class=&quot;ff5328eb35&quot;&gt;&lt;/span&gt;&lt;span class=&quot;ef785aa7f4&quot;&gt;&lt;span class=&quot;fcd9eec8fb b27b51da7f bf9a32efa5&quot; aria-hidden=&quot;true&quot;&gt;&lt;svg xmlns=&quot;http://www.w3.org/2000/svg&quot; viewBox=&quot;0 0 128 128&quot;&gt;&lt;path d=&quot;M56.33 102a6 6 0 0 1-4.24-1.75L19.27 67.54A6.014 6.014 0 1 1 27.74 59l27.94 27.88 44-58.49a6 6 0 1 1 9.58 7.22l-48.17 64a5.998 5.998 0 0 1-4.34 2.39z&quot;&gt;&lt;/path&gt;&lt;/svg&gt;&lt;/span&gt;&lt;/span&gt;&lt;span class=&quot;aaee4e7cd3 e7a57abb1e&quot;&gt;&lt;div class=&quot;a53cbfa6de e6208ee469&quot;&gt;&lt;div data-testid=&quot;filters-group-label-container&quot; class=&quot;dcd1ccc0b6&quot; aria-hidden=&quot;true&quot;&gt;&lt;div data-testid=&quot;filters-group-label-content&quot; class=&quot;a53cbfa6de cb475f8063&quot;&gt;Good: 7+&lt;/div&gt; &lt;span class=&quot;abf093bdfe a414c2b280&quot;&gt;357&lt;/span&gt;&lt;/div&gt;&lt;/div&gt;&lt;/span&gt;&lt;/label&gt;&lt;/div&gt;&lt;div class=&quot;c733693b78&quot;&gt;&lt;div&gt;&lt;/div&gt;&lt;/div&gt;&lt;div data-filters-item=&quot;review_score:review_score=60&quot; class=&quot;a53cbfa6de ac9267e216 d8eb520c4e a244b31530 a2d2507aff b0d8afeab2&quot;&gt;&lt;input aria-label=&quot;Pleasant: 6+: 391 properties&quot; id=&quot;:Rkfc9l4:&quot; class=&quot;f0b6754c38&quot; type=&quot;checkbox&quot; name=&quot;review_score=60&quot; value=&quot;review_score=60&quot;/&gt;&lt;label for=&quot;:Rkfc9l4:&quot; class=&quot;aca0ade214 aaf30230d9 c2931f4182 d79e71457a bd597ff2d8&quot;&gt;&lt;span class=&quot;ff5328eb35&quot;&gt;&lt;/span&gt;&lt;span class=&quot;ef785aa7f4&quot;&gt;&lt;span class=&quot;fcd9eec8fb b27b51da7f bf9a32efa5&quot; aria-hidden=&quot;true&quot;&gt;&lt;svg xmlns=&quot;http://www.w3.org/2000/svg&quot; viewBox=&quot;0 0 128 128&quot;&gt;&lt;path d=&quot;M56.33 102a6 6 0 0 1-4.24-1.75L19.27 67.54A6.014 6.014 0 1 1 27.74 59l27.94 27.88 44-58.49a6 6 0 1 1 9.58 7.22l-48.17 64a5.998 5.998 0 0 1-4.34 2.39z&quot;&gt;&lt;/path&gt;&lt;/svg&gt;&lt;/span&gt;&lt;/span&gt;&lt;span class=&quot;aaee4e7cd3 e7a57abb1e&quot;&gt;&lt;div class=&quot;a53cbfa6de e6208ee469&quot;&gt;&lt;div data-testid=&quot;filters-group-label-container&quot; class=&quot;dcd1ccc0b6&quot; aria-hidden=&quot;true&quot;&gt;&lt;div data-testid=&quot;filters-group-label-content&quot; class=&quot;a53cbfa6de cb475f8063&quot;&gt;Pleasant: 6+&lt;/div&gt; &lt;span class=&quot;abf093bdfe a414c2b280&quot;&gt;391&lt;/span&gt;&lt;/div&gt;&lt;/div&gt;&lt;/span&gt;&lt;/label&gt;&lt;/div&gt;&lt;/div&gt;&lt;hr aria-hidden=&quot;true&quot; data-testid=&quot;filters-group-divider&quot; class=&quot;b9bfeba2b4 b288f61df6 abe36eb989&quot;/&gt;&lt;div data-filters-group=&quot;hotelfacility&quot; data-testid=&quot;filters-group&quot; id=&quot;filter_group_hotelfacility_:R4pl4:&quot; class=&quot;ffb9c3d6a3 ad9a06523f&quot;&gt;&lt;div class=&quot;c733693b78&quot;&gt;&lt;div&gt;&lt;/div&gt;&lt;/div&gt;&lt;div class=&quot;f2cf178bcd f6b5094aa4&quot;&gt;&lt;h3 class=&quot;a3332d346a e6208ee469 d0caee4251&quot;&gt;Amenities&lt;/h3&gt;&lt;/div&gt;&lt;div class=&quot;c733693b78&quot;&gt;&lt;div&gt;&lt;/div&gt;&lt;/div&gt;&lt;div data-filters-item=&quot;hotelfacility:hotelfacility=2&quot; class=&quot;a53cbfa6de ac9267e216 d8eb520c4e a244b31530 a2d2507aff b0d8afeab2&quot;&gt;&lt;input aria-label=&quot;Parking: 482 properties&quot; id=&quot;:Rhfcpl4:&quot; class=&quot;f0b6754c38&quot; type=&quot;checkbox&quot; name=&quot;hotelfacility=2&quot; value=&quot;hotelfacility=2&quot;/&gt;&lt;label for=&quot;:Rhfcpl4:&quot; class=&quot;aca0ade214 aaf30230d9 c2931f4182 d79e71457a bd597ff2d8&quot;&gt;&lt;span class=&quot;ff5328eb35&quot;&gt;&lt;/span&gt;&lt;span class=&quot;ef785aa7f4&quot;&gt;&lt;span class=&quot;fcd9eec8fb b27b51da7f bf9a32efa5&quot; aria-hidden=&quot;true&quot;&gt;&lt;svg xmlns=&quot;http://www.w3.org/2000/svg&quot; viewBox=&quot;0 0 128 128&quot;&gt;&lt;path d=&quot;M56.33 102a6 6 0 0 1-4.24-1.75L19.27 67.54A6.014 6.014 0 1 1 27.74 59l27.94 27.88 44-58.49a6 6 0 1 1 9.58 7.22l-48.17 64a5.998 5.998 0 0 1-4.34 2.39z&quot;&gt;&lt;/path&gt;&lt;/svg&gt;&lt;/span&gt;&lt;/span&gt;&lt;span class=&quot;aaee4e7cd3 e7a57abb1e&quot;&gt;&lt;div class=&quot;a53cbfa6de e6208ee469&quot;&gt;&lt;div data-testid=&quot;filters-group-label-container&quot; class=&quot;dcd1ccc0b6&quot; aria-hidden=&quot;true&quot;&gt;&lt;div data-testid=&quot;filters-group-label-content&quot; class=&quot;a53cbfa6de cb475f8063&quot;&gt;Parking&lt;/div&gt; &lt;span class=&quot;abf093bdfe a414c2b280&quot;&gt;482&lt;/span&gt;&lt;/div&gt;&lt;/div&gt;&lt;/span&gt;&lt;/label&gt;&lt;/div&gt;&lt;div class=&quot;c733693b78&quot;&gt;&lt;div&gt;&lt;/div&gt;&lt;/div&gt;&lt;div data-filters-item=&quot;hotelfacility:hotelfacility=107&quot; class=&quot;a53cbfa6de ac9267e216 d8eb520c4e a244b31530 a2d2507aff b0d8afeab2&quot;&gt;&lt;input aria-label=&quot;Free WiFi: 494 properties&quot; id=&quot;:Rifcpl4:&quot; class=&quot;f0b6754c38&quot; type=&quot;checkbox&quot; name=&quot;hotelfacility=107&quot; value=&quot;hotelfacility=107&quot;/&gt;&lt;label for=&quot;:Rifcpl4:&quot; class=&quot;aca0ade214 aaf30230d9 c2931f4182 d79e71457a bd597ff2d8&quot;&gt;&lt;span class=&quot;ff5328eb35&quot;&gt;&lt;/span&gt;&lt;span class=&quot;ef785aa7f4&quot;&gt;&lt;span class=&quot;fcd9eec8fb b27b51da7f bf9a32efa5&quot; aria-hidden=&quot;true&quot;&gt;&lt;svg xmlns=&quot;http://www.w3.org/2000/svg&quot; viewBox=&quot;0 0 128 128&quot;&gt;&lt;path d=&quot;M56.33 102a6 6 0 0 1-4.24-1.75L19.27 67.54A6.014 6.014 0 1 1 27.74 59l27.94 27.88 44-58.49a6 6 0 1 1 9.58 7.22l-48.17 64a5.998 5.998 0 0 1-4.34 2.39z&quot;&gt;&lt;/path&gt;&lt;/svg&gt;&lt;/span&gt;&lt;/span&gt;&lt;span class=&quot;aaee4e7cd3 e7a57abb1e&quot;&gt;&lt;div class=&quot;a53cbfa6de e6208ee469&quot;&gt;&lt;div data-testid=&quot;filters-group-label-container&quot; class=&quot;dcd1ccc0b6&quot; aria-hidden=&quot;true&quot;&gt;&lt;div data-testid=&quot;filters-group-label-content&quot; class=&quot;a53cbfa6de cb475f8063&quot;&gt;Free WiFi&lt;/div&gt; &lt;span class=&quot;abf093bdfe a414c2b280&quot;&gt;494&lt;/span&gt;&lt;/div&gt;&lt;/div&gt;&lt;/span&gt;&lt;/label&gt;&lt;/div&gt;&lt;div class=&quot;c733693b78&quot;&gt;&lt;div&gt;&lt;/div&gt;&lt;/div&gt;&lt;div data-filters-item=&quot;hotelfacility:hotelfacility=3&quot; class=&quot;a53cbfa6de ac9267e216 d8eb520c4e a244b31530 a2d2507aff b0d8afeab2&quot;&gt;&lt;input aria-label=&quot;Restaurant: 74 properties&quot; id=&quot;:Rjfcpl4:&quot; class=&quot;f0b6754c38&quot; type=&quot;checkbox&quot; name=&quot;hotelfacility=3&quot; value=&quot;hotelfacility=3&quot;/&gt;&lt;label for=&quot;:Rjfcpl4:&quot; class=&quot;aca0ade214 aaf30230d9 c2931f4182 d79e71457a bd597ff2d8&quot;&gt;&lt;span class=&quot;ff5328eb35&quot;&gt;&lt;/span&gt;&lt;span class=&quot;ef785aa7f4&quot;&gt;&lt;span class=&quot;fcd9eec8fb b27b51da7f bf9a32efa5&quot; aria-hidden=&quot;true&quot;&gt;&lt;svg xmlns=&quot;http://www.w3.org/2000/svg&quot; viewBox=&quot;0 0 128 128&quot;&gt;&lt;path d=&quot;M56.33 102a6 6 0 0 1-4.24-1.75L19.27 67.54A6.014 6.014 0 1 1 27.74 59l27.94 27.88 44-58.49a6 6 0 1 1 9.58 7.22l-48.17 64a5.998 5.998 0 0 1-4.34 2.39z&quot;&gt;&lt;/path&gt;&lt;/svg&gt;&lt;/span&gt;&lt;/span&gt;&lt;span class=&quot;aaee4e7cd3 e7a57abb1e&quot;&gt;&lt;div class=&quot;a53cbfa6de e6208ee469&quot;&gt;&lt;div data-testid=&quot;filters-group-label-container&quot; class=&quot;dcd1ccc0b6&quot; aria-hidden=&quot;true&quot;&gt;&lt;div data-testid=&quot;filters-group-label-content&quot; class=&quot;a53cbfa6de cb475f8063&quot;&gt;Restaurant&lt;/div&gt; &lt;span class=&quot;abf093bdfe a414c2b280&quot;&gt;74&lt;/span&gt;&lt;/div&gt;&lt;/div&gt;&lt;/span&gt;&lt;/label&gt;&lt;/div&gt;&lt;div class=&quot;c733693b78&quot;&gt;&lt;div&gt;&lt;/div&gt;&lt;/div&gt;&lt;div data-filters-item=&quot;hotelfacility:hotelfacility=4&quot; class=&quot;a53cbfa6de ac9267e216 d8eb520c4e a244b31530 a2d2507aff b0d8afeab2&quot;&gt;&lt;input aria-label=&quot;Pet friendly: 179 properties&quot; id=&quot;:Rkfcpl4:&quot; class=&quot;f0b6754c38&quot; type=&quot;checkbox&quot; name=&quot;hotelfacility=4&quot; value=&quot;hotelfacility=4&quot;/&gt;&lt;label for=&quot;:Rkfcpl4:&quot; class=&quot;aca0ade214 aaf30230d9 c2931f4182 d79e71457a bd597ff2d8&quot;&gt;&lt;span class=&quot;ff5328eb35&quot;&gt;&lt;/span&gt;&lt;span class=&quot;ef785aa7f4&quot;&gt;&lt;span class=&quot;fcd9eec8fb b27b51da7f bf9a32efa5&quot; aria-hidden=&quot;true&quot;&gt;&lt;svg xmlns=&quot;http://www.w3.org/2000/svg&quot; viewBox=&quot;0 0 128 128&quot;&gt;&lt;path d=&quot;M56.33 102a6 6 0 0 1-4.24-1.75L19.27 67.54A6.014 6.014 0 1 1 27.74 59l27.94 27.88 44-58.49a6 6 0 1 1 9.58 7.22l-48.17 64a5.998 5.998 0 0 1-4.34 2.39z&quot;&gt;&lt;/path&gt;&lt;/svg&gt;&lt;/span&gt;&lt;/span&gt;&lt;span class=&quot;aaee4e7cd3 e7a57abb1e&quot;&gt;&lt;div class=&quot;a53cbfa6de e6208ee469&quot;&gt;&lt;div data-testid=&quot;filters-group-label-container&quot; class=&quot;dcd1ccc0b6&quot; aria-hidden=&quot;true&quot;&gt;&lt;div data-testid=&quot;filters-group-label-content&quot; class=&quot;a53cbfa6de cb475f8063&quot;&gt;Pet friendly&lt;/div&gt; &lt;span class=&quot;abf093bdfe a414c2b280&quot;&gt;179&lt;/span&gt;&lt;/div&gt;&lt;/div&gt;&lt;/span&gt;&lt;/label&gt;&lt;/div&gt;&lt;div class=&quot;c733693b78&quot;&gt;&lt;div&gt;&lt;/div&gt;&lt;/div&gt;&lt;div data-filters-item=&quot;hotelfacility:hotelfacility=5&quot; class=&quot;a53cbfa6de ac9267e216 d8eb520c4e a244b31530 a2d2507aff b0d8afeab2&quot;&gt;&lt;input aria-label=&quot;Room service: 57 properties&quot; id=&quot;:Rlfcpl4:&quot; class=&quot;f0b6754c38&quot; type=&quot;checkbox&quot; name=&quot;hotelfacility=5&quot; value=&quot;hotelfacility=5&quot;/&gt;&lt;label for=&quot;:Rlfcpl4:&quot; class=&quot;aca0ade214 aaf30230d9 c2931f4182 d79e71457a bd597ff2d8&quot;&gt;&lt;span class=&quot;ff5328eb35&quot;&gt;&lt;/span&gt;&lt;span class=&quot;ef785aa7f4&quot;&gt;&lt;span class=&quot;fcd9eec8fb b27b51da7f bf9a32efa5&quot; aria-hidden=&quot;true&quot;&gt;&lt;svg xmlns=&quot;http://www.w3.org/2000/svg&quot; viewBox=&quot;0 0 128 128&quot;&gt;&lt;path d=&quot;M56.33 102a6 6 0 0 1-4.24-1.75L19.27 67.54A6.014 6.014 0 1 1 27.74 59l27.94 27.88 44-58.49a6 6 0 1 1 9.58 7.22l-48.17 64a5.998 5.998 0 0 1-4.34 2.39z&quot;&gt;&lt;/path&gt;&lt;/svg&gt;&lt;/span&gt;&lt;/span&gt;&lt;span class=&quot;aaee4e7cd3 e7a57abb1e&quot;&gt;&lt;div class=&quot;a53cbfa6de e6208ee469&quot;&gt;&lt;div data-testid=&quot;filters-group-label-container&quot; class=&quot;dcd1ccc0b6&quot; aria-hidden=&quot;true&quot;&gt;&lt;div data-testid=&quot;filters-group-label-content&quot; class=&quot;a53cbfa6de cb475f8063&quot;&gt;Room service&lt;/div&gt; &lt;span class=&quot;abf093bdfe a414c2b280&quot;&gt;57&lt;/span&gt;&lt;/div&gt;&lt;/div&gt;&lt;/span&gt;&lt;/label&gt;&lt;/div&gt;&lt;button aria-controls=&quot;filter_group_hotelfacility_:R4pl4:&quot; aria-expanded=&quot;false&quot; data-testid=&quot;filters-group-expand-collapse&quot; type=&quot;button&quot; class=&quot;a83ed08757 f88a5204c2 d65b7d20ae b98133fb50&quot;&gt;&lt;span&gt;Show all 14&lt;span data-testid=&quot;filters-group-expand&quot; class=&quot;fcd9eec8fb d24fc26e73 b3ef400590&quot; aria-hidden=&quot;true&quot;&gt;&lt;svg xmlns=&quot;http://www.w3.org/2000/svg&quot; viewBox=&quot;0 0 24 24&quot;&gt;&lt;path d=&quot;M19.2681 8.91288C19.2687 9.03226 19.2454 9.15054 19.1996 9.26079C19.1539 9.37105 19.0865 9.47105 19.0016 9.55493L12.9445 15.612C12.8211 15.7367 12.6738 15.8353 12.5115 15.9018C12.3491 15.9684 12.1751 16.0017 11.9996 15.9997C11.6491 16.0075 11.3096 15.877 11.0547 15.6362L4.99764 9.57916C4.8275 9.40881 4.73193 9.17788 4.73193 8.93711C4.73193 8.69634 4.8275 8.46542 4.99764 8.29506C5.08117 8.20935 5.18101 8.14122 5.29128 8.09471C5.40155 8.04819 5.52002 8.02423 5.6397 8.02423C5.75937 8.02423 5.87784 8.04819 5.98811 8.09471C6.09838 8.14122 6.19822 8.20935 6.28175 8.29506L11.9996 13.9887L17.7175 8.27084C17.801 8.18512 17.9009 8.11699 18.0111 8.07048C18.1214 8.02396 18.2399 8 18.3596 8C18.4792 8 18.5977 8.02396 18.708 8.07048C18.8182 8.11699 18.9181 8.18512 19.0016 8.27084C19.0871 8.3543 19.1548 8.45422 19.2006 8.56457C19.2464 8.67492 19.2694 8.79341 19.2681 8.91288Z&quot;&gt;&lt;/path&gt;&lt;/svg&gt;&lt;/span&gt;&lt;/span&gt;&lt;/button&gt;&lt;/div&gt;&lt;hr aria-hidden=&quot;true&quot; data-testid=&quot;filters-group-divider&quot; class=&quot;b9bfeba2b4 b288f61df6 abe36eb989&quot;/&gt;&lt;div data-filters-group=&quot;roomfacility&quot; data-testid=&quot;filters-group&quot; id=&quot;filter_group_roomfacility_:R59l4:&quot; class=&quot;ffb9c3d6a3 ad9a06523f&quot;&gt;&lt;div class=&quot;f2cf178bcd f6b5094aa4&quot;&gt;&lt;h3 class=&quot;a3332d346a e6208ee469 d0caee4251&quot;&gt;Room amenities&lt;/h3&gt;&lt;/div&gt;&lt;div class=&quot;c733693b78&quot;&gt;&lt;div&gt;&lt;/div&gt;&lt;/div&gt;&lt;div data-filters-item=&quot;roomfacility:roomfacility=999&quot; class=&quot;a53cbfa6de ac9267e216 d8eb520c4e a244b31530 a2d2507aff b0d8afeab2&quot;&gt;&lt;input aria-label=&quot;Kitchen/Kitchenette: 459 properties&quot; id=&quot;:Rhfd9l4:&quot; class=&quot;f0b6754c38&quot; type=&quot;checkbox&quot; name=&quot;roomfacility=999&quot; value=&quot;roomfacility=999&quot;/&gt;&lt;label for=&quot;:Rhfd9l4:&quot; class=&quot;aca0ade214 aaf30230d9 c2931f4182 d79e71457a bd597ff2d8&quot;&gt;&lt;span class=&quot;ff5328eb35&quot;&gt;&lt;/span&gt;&lt;span class=&quot;ef785aa7f4&quot;&gt;&lt;span class=&quot;fcd9eec8fb b27b51da7f bf9a32efa5&quot; aria-hidden=&quot;true&quot;&gt;&lt;svg xmlns=&quot;http://www.w3.org/2000/svg&quot; viewBox=&quot;0 0 128 128&quot;&gt;&lt;path d=&quot;M56.33 102a6 6 0 0 1-4.24-1.75L19.27 67.54A6.014 6.014 0 1 1 27.74 59l27.94 27.88 44-58.49a6 6 0 1 1 9.58 7.22l-48.17 64a5.998 5.998 0 0 1-4.34 2.39z&quot;&gt;&lt;/path&gt;&lt;/svg&gt;&lt;/span&gt;&lt;/span&gt;&lt;span class=&quot;aaee4e7cd3 e7a57abb1e&quot;&gt;&lt;div class=&quot;a53cbfa6de e6208ee469&quot;&gt;&lt;div data-testid=&quot;filters-group-label-container&quot; class=&quot;dcd1ccc0b6&quot; aria-hidden=&quot;true&quot;&gt;&lt;div data-testid=&quot;filters-group-label-content&quot; class=&quot;a53cbfa6de cb475f8063&quot;&gt;Kitchen/Kitchenette&lt;/div&gt; &lt;span class=&quot;abf093bdfe a414c2b280&quot;&gt;459&lt;/span&gt;&lt;/div&gt;&lt;/div&gt;&lt;/span&gt;&lt;/label&gt;&lt;/div&gt;&lt;div class=&quot;c733693b78&quot;&gt;&lt;div&gt;&lt;/div&gt;&lt;/div&gt;&lt;div data-filters-item=&quot;roomfacility:roomfacility=38&quot; class=&quot;a53cbfa6de ac9267e216 d8eb520c4e a244b31530 a2d2507aff b0d8afeab2&quot;&gt;&lt;input aria-label=&quot;Private bathroom: 373 properties&quot; id=&quot;:Rifd9l4:&quot; class=&quot;f0b6754c38&quot; type=&quot;checkbox&quot; name=&quot;roomfacility=38&quot; value=&quot;roomfacility=38&quot;/&gt;&lt;label for=&quot;:Rifd9l4:&quot; class=&quot;aca0ade214 aaf30230d9 c2931f4182 d79e71457a bd597ff2d8&quot;&gt;&lt;span class=&quot;ff5328eb35&quot;&gt;&lt;/span&gt;&lt;span class=&quot;ef785aa7f4&quot;&gt;&lt;span class=&quot;fcd9eec8fb b27b51da7f bf9a32efa5&quot; aria-hidden=&quot;true&quot;&gt;&lt;svg xmlns=&quot;http://www.w3.org/2000/svg&quot; viewBox=&quot;0 0 128 128&quot;&gt;&lt;path d=&quot;M56.33 102a6 6 0 0 1-4.24-1.75L19.27 67.54A6.014 6.014 0 1 1 27.74 59l27.94 27.88 44-58.49a6 6 0 1 1 9.58 7.22l-48.17 64a5.998 5.998 0 0 1-4.34 2.39z&quot;&gt;&lt;/path&gt;&lt;/svg&gt;&lt;/span&gt;&lt;/span&gt;&lt;span class=&quot;aaee4e7cd3 e7a57abb1e&quot;&gt;&lt;div class=&quot;a53cbfa6de e6208ee469&quot;&gt;&lt;div data-testid=&quot;filters-group-label-container&quot; class=&quot;dcd1ccc0b6&quot; aria-hidden=&quot;true&quot;&gt;&lt;div data-testid=&quot;filters-group-label-content&quot; class=&quot;a53cbfa6de cb475f8063&quot;&gt;Private bathroom&lt;/div&gt; &lt;span class=&quot;abf093bdfe a414c2b280&quot;&gt;373&lt;/span&gt;&lt;/div&gt;&lt;/div&gt;&lt;/span&gt;&lt;/label&gt;&lt;/div&gt;&lt;div class=&quot;c733693b78&quot;&gt;&lt;div&gt;&lt;/div&gt;&lt;/div&gt;&lt;div data-filters-item=&quot;roomfacility:roomfacility=23&quot; class=&quot;a53cbfa6de ac9267e216 d8eb520c4e a244b31530 a2d2507aff b0d8afeab2&quot;&gt;&lt;input aria-label=&quot;Desk: 201 properties&quot; id=&quot;:Rjfd9l4:&quot; class=&quot;f0b6754c38&quot; type=&quot;checkbox&quot; name=&quot;roomfacility=23&quot; value=&quot;roomfacility=23&quot;/&gt;&lt;label for=&quot;:Rjfd9l4:&quot; class=&quot;aca0ade214 aaf30230d9 c2931f4182 d79e71457a bd597ff2d8&quot;&gt;&lt;span class=&quot;ff5328eb35&quot;&gt;&lt;/span&gt;&lt;span class=&quot;ef785aa7f4&quot;&gt;&lt;span class=&quot;fcd9eec8fb b27b51da7f bf9a32efa5&quot; aria-hidden=&quot;true&quot;&gt;&lt;svg xmlns=&quot;http://www.w3.org/2000/svg&quot; viewBox=&quot;0 0 128 128&quot;&gt;&lt;path d=&quot;M56.33 102a6 6 0 0 1-4.24-1.75L19.27 67.54A6.014 6.014 0 1 1 27.74 59l27.94 27.88 44-58.49a6 6 0 1 1 9.58 7.22l-48.17 64a5.998 5.998 0 0 1-4.34 2.39z&quot;&gt;&lt;/path&gt;&lt;/svg&gt;&lt;/span&gt;&lt;/span&gt;&lt;span class=&quot;aaee4e7cd3 e7a57abb1e&quot;&gt;&lt;div class=&quot;a53cbfa6de e6208ee469&quot;&gt;&lt;div data-testid=&quot;filters-group-label-container&quot; class=&quot;dcd1ccc0b6&quot; aria-hidden=&quot;true&quot;&gt;&lt;div data-testid=&quot;filters-group-label-content&quot; class=&quot;a53cbfa6de cb475f8063&quot;&gt;Desk&lt;/div&gt; &lt;span class=&quot;abf093bdfe a414c2b280&quot;&gt;201&lt;/span&gt;&lt;/div&gt;&lt;/div&gt;&lt;/span&gt;&lt;/label&gt;&lt;/div&gt;&lt;div class=&quot;c733693b78&quot;&gt;&lt;div&gt;&lt;/div&gt;&lt;/div&gt;&lt;div data-filters-item=&quot;roomfacility:roomfacility=5&quot; class=&quot;a53cbfa6de ac9267e216 d8eb520c4e a244b31530 a2d2507aff b0d8afeab2&quot;&gt;&lt;input aria-label=&quot;Bathtub: 88 properties&quot; id=&quot;:Rkfd9l4:&quot; class=&quot;f0b6754c38&quot; type=&quot;checkbox&quot; name=&quot;roomfacility=5&quot; value=&quot;roomfacility=5&quot;/&gt;&lt;label for=&quot;:Rkfd9l4:&quot; class=&quot;aca0ade214 aaf30230d9 c2931f4182 d79e71457a bd597ff2d8&quot;&gt;&lt;span class=&quot;ff5328eb35&quot;&gt;&lt;/span&gt;&lt;span class=&quot;ef785aa7f4&quot;&gt;&lt;span class=&quot;fcd9eec8fb b27b51da7f bf9a32efa5&quot; aria-hidden=&quot;true&quot;&gt;&lt;svg xmlns=&quot;http://www.w3.org/2000/svg&quot; viewBox=&quot;0 0 128 128&quot;&gt;&lt;path d=&quot;M56.33 102a6 6 0 0 1-4.24-1.75L19.27 67.54A6.014 6.014 0 1 1 27.74 59l27.94 27.88 44-58.49a6 6 0 1 1 9.58 7.22l-48.17 64a5.998 5.998 0 0 1-4.34 2.39z&quot;&gt;&lt;/path&gt;&lt;/svg&gt;&lt;/span&gt;&lt;/span&gt;&lt;span class=&quot;aaee4e7cd3 e7a57abb1e&quot;&gt;&lt;div class=&quot;a53cbfa6de e6208ee469&quot;&gt;&lt;div data-testid=&quot;filters-group-label-container&quot; class=&quot;dcd1ccc0b6&quot; aria-hidden=&quot;true&quot;&gt;&lt;div data-testid=&quot;filters-group-label-content&quot; class=&quot;a53cbfa6de cb475f8063&quot;&gt;Bathtub&lt;/div&gt; &lt;span class=&quot;abf093bdfe a414c2b280&quot;&gt;88&lt;/span&gt;&lt;/div&gt;&lt;/div&gt;&lt;/span&gt;&lt;/label&gt;&lt;/div&gt;&lt;div class=&quot;c733693b78&quot;&gt;&lt;div&gt;&lt;/div&gt;&lt;/div&gt;&lt;div data-filters-item=&quot;roomfacility:roomfacility=123&quot; class=&quot;a53cbfa6de ac9267e216 d8eb520c4e a244b31530 a2d2507aff b0d8afeab2&quot;&gt;&lt;input aria-label=&quot;Terrace: 232 properties&quot; id=&quot;:Rlfd9l4:&quot; class=&quot;f0b6754c38&quot; type=&quot;checkbox&quot; name=&quot;roomfacility=123&quot; value=&quot;roomfacility=123&quot;/&gt;&lt;label for=&quot;:Rlfd9l4:&quot; class=&quot;aca0ade214 aaf30230d9 c2931f4182 d79e71457a bd597ff2d8&quot;&gt;&lt;span class=&quot;ff5328eb35&quot;&gt;&lt;/span&gt;&lt;span class=&quot;ef785aa7f4&quot;&gt;&lt;span class=&quot;fcd9eec8fb b27b51da7f bf9a32efa5&quot; aria-hidden=&quot;true&quot;&gt;&lt;svg xmlns=&quot;http://www.w3.org/2000/svg&quot; viewBox=&quot;0 0 128 128&quot;&gt;&lt;path d=&quot;M56.33 102a6 6 0 0 1-4.24-1.75L19.27 67.54A6.014 6.014 0 1 1 27.74 59l27.94 27.88 44-58.49a6 6 0 1 1 9.58 7.22l-48.17 64a5.998 5.998 0 0 1-4.34 2.39z&quot;&gt;&lt;/path&gt;&lt;/svg&gt;&lt;/span&gt;&lt;/span&gt;&lt;span class=&quot;aaee4e7cd3 e7a57abb1e&quot;&gt;&lt;div class=&quot;a53cbfa6de e6208ee469&quot;&gt;&lt;div data-testid=&quot;filters-group-label-container&quot; class=&quot;dcd1ccc0b6&quot; aria-hidden=&quot;true&quot;&gt;&lt;div data-testid=&quot;filters-group-label-content&quot; class=&quot;a53cbfa6de cb475f8063&quot;&gt;Terrace&lt;/div&gt; &lt;span class=&quot;abf093bdfe a414c2b280&quot;&gt;232&lt;/span&gt;&lt;/div&gt;&lt;/div&gt;&lt;/span&gt;&lt;/label&gt;&lt;/div&gt;&lt;button aria-controls=&quot;filter_group_roomfacility_:R59l4:&quot; aria-expanded=&quot;false&quot; data-testid=&quot;filters-group-expand-collapse&quot; type=&quot;button&quot; class=&quot;a83ed08757 f88a5204c2 d65b7d20ae b98133fb50&quot;&gt;&lt;span&gt;Show all 10&lt;span data-testid=&quot;filters-group-expand&quot; class=&quot;fcd9eec8fb d24fc26e73 b3ef400590&quot; aria-hidden=&quot;true&quot;&gt;&lt;svg xmlns=&quot;http://www.w3.org/2000/svg&quot; viewBox=&quot;0 0 24 24&quot;&gt;&lt;path d=&quot;M19.2681 8.91288C19.2687 9.03226 19.2454 9.15054 19.1996 9.26079C19.1539 9.37105 19.0865 9.47105 19.0016 9.55493L12.9445 15.612C12.8211 15.7367 12.6738 15.8353 12.5115 15.9018C12.3491 15.9684 12.1751 16.0017 11.9996 15.9997C11.6491 16.0075 11.3096 15.877 11.0547 15.6362L4.99764 9.57916C4.8275 9.40881 4.73193 9.17788 4.73193 8.93711C4.73193 8.69634 4.8275 8.46542 4.99764 8.29506C5.08117 8.20935 5.18101 8.14122 5.29128 8.09471C5.40155 8.04819 5.52002 8.02423 5.6397 8.02423C5.75937 8.02423 5.87784 8.04819 5.98811 8.09471C6.09838 8.14122 6.19822 8.20935 6.28175 8.29506L11.9996 13.9887L17.7175 8.27084C17.801 8.18512 17.9009 8.11699 18.0111 8.07048C18.1214 8.02396 18.2399 8 18.3596 8C18.4792 8 18.5977 8.02396 18.708 8.07048C18.8182 8.11699 18.9181 8.18512 19.0016 8.27084C19.0871 8.3543 19.1548 8.45422 19.2006 8.56457C19.2464 8.67492 19.2694 8.79341 19.2681 8.91288Z&quot;&gt;&lt;/path&gt;&lt;/svg&gt;&lt;/span&gt;&lt;/span&gt;&lt;/button&gt;&lt;/div&gt;&lt;hr aria-hidden=&quot;true&quot; data-testid=&quot;filters-group-divider&quot; class=&quot;b9bfeba2b4 b288f61df6 abe36eb989&quot;/&gt;&lt;div data-filters-group=&quot;chaincode&quot; data-testid=&quot;filters-group&quot; id=&quot;filter_group_chaincode_:R5pl4:&quot; class=&quot;ffb9c3d6a3 ad9a06523f&quot;&gt;&lt;div class=&quot;f2cf178bcd f6b5094aa4&quot;&gt;&lt;h3 class=&quot;a3332d346a e6208ee469 d0caee4251&quot;&gt;Brands&lt;/h3&gt;&lt;/div&gt;&lt;div class=&quot;c733693b78&quot;&gt;&lt;div&gt;&lt;/div&gt;&lt;/div&gt;&lt;div data-filters-item=&quot;chaincode:chaincode=2111&quot; class=&quot;a53cbfa6de ac9267e216 d8eb520c4e a244b31530 a2d2507aff b0d8afeab2&quot;&gt;&lt;input aria-label=&quot;Microtel Inns &amp;amp; Suites: 1 property&quot; id=&quot;:R5fdpl4:&quot; class=&quot;f0b6754c38&quot; type=&quot;checkbox&quot; name=&quot;chaincode=2111&quot; value=&quot;chaincode=2111&quot;/&gt;&lt;label for=&quot;:R5fdpl4:&quot; class=&quot;aca0ade214 aaf30230d9 c2931f4182 d79e71457a bd597ff2d8&quot;&gt;&lt;span class=&quot;ff5328eb35&quot;&gt;&lt;/span&gt;&lt;span class=&quot;ef785aa7f4&quot;&gt;&lt;span class=&quot;fcd9eec8fb b27b51da7f bf9a32efa5&quot; aria-hidden=&quot;true&quot;&gt;&lt;svg xmlns=&quot;http://www.w3.org/2000/svg&quot; viewBox=&quot;0 0 128 128&quot;&gt;&lt;path d=&quot;M56.33 102a6 6 0 0 1-4.24-1.75L19.27 67.54A6.014 6.014 0 1 1 27.74 59l27.94 27.88 44-58.49a6 6 0 1 1 9.58 7.22l-48.17 64a5.998 5.998 0 0 1-4.34 2.39z&quot;&gt;&lt;/path&gt;&lt;/svg&gt;&lt;/span&gt;&lt;/span&gt;&lt;span class=&quot;aaee4e7cd3 e7a57abb1e&quot;&gt;&lt;div class=&quot;a53cbfa6de e6208ee469&quot;&gt;&lt;div data-testid=&quot;filters-group-label-container&quot; class=&quot;dcd1ccc0b6&quot; aria-hidden=&quot;true&quot;&gt;&lt;div data-testid=&quot;filters-group-label-content&quot; class=&quot;a53cbfa6de cb475f8063&quot;&gt;Microtel Inns &amp;amp; Suites&lt;/div&gt; &lt;span class=&quot;abf093bdfe a414c2b280&quot;&gt;1&lt;/span&gt;&lt;/div&gt;&lt;/div&gt;&lt;/span&gt;&lt;/label&gt;&lt;/div&gt;&lt;/div&gt;&lt;hr aria-hidden=&quot;true&quot; data-testid=&quot;filters-group-divider&quot; class=&quot;b9bfeba2b4 b288f61df6 abe36eb989&quot;/&gt;&lt;div data-filters-group=&quot;accessible_facilities&quot; data-testid=&quot;filters-group&quot; id=&quot;filter_group_accessible_facilities_:R69l4:&quot; class=&quot;ffb9c3d6a3 ad9a06523f&quot;&gt;&lt;div class=&quot;f2cf178bcd f6b5094aa4&quot;&gt;&lt;h3 class=&quot;a3332d346a e6208ee469 d0caee4251&quot;&gt;Property Accessibility&lt;/h3&gt;&lt;/div&gt;&lt;div class=&quot;c733693b78&quot;&gt;&lt;div&gt;&lt;/div&gt;&lt;/div&gt;&lt;div data-filters-item=&quot;accessible_facilities:accessible_facilities=185&quot; class=&quot;a53cbfa6de ac9267e216 d8eb520c4e a244b31530 a2d2507aff b0d8afeab2&quot;&gt;&lt;input aria-label=&quot;Wheelchair accessible: 47 properties&quot; id=&quot;:Rhfe9l4:&quot; class=&quot;f0b6754c38&quot; type=&quot;checkbox&quot; name=&quot;accessible_facilities=185&quot; value=&quot;accessible_facilities=185&quot;/&gt;&lt;label for=&quot;:Rhfe9l4:&quot; class=&quot;aca0ade214 aaf30230d9 c2931f4182 d79e71457a bd597ff2d8&quot;&gt;&lt;span class=&quot;ff5328eb35&quot;&gt;&lt;/span&gt;&lt;span class=&quot;ef785aa7f4&quot;&gt;&lt;span class=&quot;fcd9eec8fb b27b51da7f bf9a32efa5&quot; aria-hidden=&quot;true&quot;&gt;&lt;svg xmlns=&quot;http://www.w3.org/2000/svg&quot; viewBox=&quot;0 0 128 128&quot;&gt;&lt;path d=&quot;M56.33 102a6 6 0 0 1-4.24-1.75L19.27 67.54A6.014 6.014 0 1 1 27.74 59l27.94 27.88 44-58.49a6 6 0 1 1 9.58 7.22l-48.17 64a5.998 5.998 0 0 1-4.34 2.39z&quot;&gt;&lt;/path&gt;&lt;/svg&gt;&lt;/span&gt;&lt;/span&gt;&lt;span class=&quot;aaee4e7cd3 e7a57abb1e&quot;&gt;&lt;div class=&quot;a53cbfa6de e6208ee469&quot;&gt;&lt;div data-testid=&quot;filters-group-label-container&quot; class=&quot;dcd1ccc0b6&quot; aria-hidden=&quot;true&quot;&gt;&lt;div data-testid=&quot;filters-group-label-content&quot; class=&quot;a53cbfa6de cb475f8063&quot;&gt;Wheelchair accessible&lt;/div&gt; &lt;span class=&quot;abf093bdfe a414c2b280&quot;&gt;47&lt;/span&gt;&lt;/div&gt;&lt;/div&gt;&lt;/span&gt;&lt;/label&gt;&lt;/div&gt;&lt;div class=&quot;c733693b78&quot;&gt;&lt;div&gt;&lt;/div&gt;&lt;/div&gt;&lt;div data-filters-item=&quot;accessible_facilities:accessible_facilities=186&quot; class=&quot;a53cbfa6de ac9267e216 d8eb520c4e a244b31530 a2d2507aff b0d8afeab2&quot;&gt;&lt;input aria-label=&quot;Toilet with grab rails: 11 properties&quot; id=&quot;:Rife9l4:&quot; class=&quot;f0b6754c38&quot; type=&quot;checkbox&quot; name=&quot;accessible_facilities=186&quot; value=&quot;accessible_facilities=186&quot;/&gt;&lt;label for=&quot;:Rife9l4:&quot; class=&quot;aca0ade214 aaf30230d9 c2931f4182 d79e71457a bd597ff2d8&quot;&gt;&lt;span class=&quot;ff5328eb35&quot;&gt;&lt;/span&gt;&lt;span class=&quot;ef785aa7f4&quot;&gt;&lt;span class=&quot;fcd9eec8fb b27b51da7f bf9a32efa5&quot; aria-hidden=&quot;true&quot;&gt;&lt;svg xmlns=&quot;http://www.w3.org/2000/svg&quot; viewBox=&quot;0 0 128 128&quot;&gt;&lt;path d=&quot;M56.33 102a6 6 0 0 1-4.24-1.75L19.27 67.54A6.014 6.014 0 1 1 27.74 59l27.94 27.88 44-58.49a6 6 0 1 1 9.58 7.22l-48.17 64a5.998 5.998 0 0 1-4.34 2.39z&quot;&gt;&lt;/path&gt;&lt;/svg&gt;&lt;/span&gt;&lt;/span&gt;&lt;span class=&quot;aaee4e7cd3 e7a57abb1e&quot;&gt;&lt;div class=&quot;a53cbfa6de e6208ee469&quot;&gt;&lt;div data-testid=&quot;filters-group-label-container&quot; class=&quot;dcd1ccc0b6&quot; aria-hidden=&quot;true&quot;&gt;&lt;div data-testid=&quot;filters-group-label-content&quot; class=&quot;a53cbfa6de cb475f8063&quot;&gt;Toilet with grab rails&lt;/div&gt; &lt;span class=&quot;abf093bdfe a414c2b280&quot;&gt;11&lt;/span&gt;&lt;/div&gt;&lt;/div&gt;&lt;/span&gt;&lt;/label&gt;&lt;/div&gt;&lt;div class=&quot;c733693b78&quot;&gt;&lt;div&gt;&lt;/div&gt;&lt;/div&gt;&lt;div data-filters-item=&quot;accessible_facilities:accessible_facilities=187&quot; class=&quot;a53cbfa6de ac9267e216 d8eb520c4e a244b31530 a2d2507aff b0d8afeab2&quot;&gt;&lt;input aria-label=&quot;Raised toilet: 9 properties&quot; id=&quot;:Rjfe9l4:&quot; class=&quot;f0b6754c38&quot; type=&quot;checkbox&quot; name=&quot;accessible_facilities=187&quot; value=&quot;accessible_facilities=187&quot;/&gt;&lt;label for=&quot;:Rjfe9l4:&quot; class=&quot;aca0ade214 aaf30230d9 c2931f4182 d79e71457a bd597ff2d8&quot;&gt;&lt;span class=&quot;ff5328eb35&quot;&gt;&lt;/span&gt;&lt;span class=&quot;ef785aa7f4&quot;&gt;&lt;span class=&quot;fcd9eec8fb b27b51da7f bf9a32efa5&quot; aria-hidden=&quot;true&quot;&gt;&lt;svg xmlns=&quot;http://www.w3.org/2000/svg&quot; viewBox=&quot;0 0 128 128&quot;&gt;&lt;path d=&quot;M56.33 102a6 6 0 0 1-4.24-1.75L19.27 67.54A6.014 6.014 0 1 1 27.74 59l27.94 27.88 44-58.49a6 6 0 1 1 9.58 7.22l-48.17 64a5.998 5.998 0 0 1-4.34 2.39z&quot;&gt;&lt;/path&gt;&lt;/svg&gt;&lt;/span&gt;&lt;/span&gt;&lt;span class=&quot;aaee4e7cd3 e7a57abb1e&quot;&gt;&lt;div class=&quot;a53cbfa6de e6208ee469&quot;&gt;&lt;div data-testid=&quot;filters-group-label-container&quot; class=&quot;dcd1ccc0b6&quot; aria-hidden=&quot;true&quot;&gt;&lt;div data-testid=&quot;filters-group-label-content&quot; class=&quot;a53cbfa6de cb475f8063&quot;&gt;Raised toilet&lt;/div&gt; &lt;span class=&quot;abf093bdfe a414c2b280&quot;&gt;9&lt;/span&gt;&lt;/div&gt;&lt;/div&gt;&lt;/span&gt;&lt;/label&gt;&lt;/div&gt;&lt;div class=&quot;c733693b78&quot;&gt;&lt;div&gt;&lt;/div&gt;&lt;/div&gt;&lt;div data-filters-item=&quot;accessible_facilities:accessible_facilities=188&quot; class=&quot;a53cbfa6de ac9267e216 d8eb520c4e a244b31530 a2d2507aff b0d8afeab2&quot;&gt;&lt;input aria-label=&quot;Lowered sink: 7 properties&quot; id=&quot;:Rkfe9l4:&quot; class=&quot;f0b6754c38&quot; type=&quot;checkbox&quot; name=&quot;accessible_facilities=188&quot; value=&quot;accessible_facilities=188&quot;/&gt;&lt;label for=&quot;:Rkfe9l4:&quot; class=&quot;aca0ade214 aaf30230d9 c2931f4182 d79e71457a bd597ff2d8&quot;&gt;&lt;span class=&quot;ff5328eb35&quot;&gt;&lt;/span&gt;&lt;span class=&quot;ef785aa7f4&quot;&gt;&lt;span class=&quot;fcd9eec8fb b27b51da7f bf9a32efa5&quot; aria-hidden=&quot;true&quot;&gt;&lt;svg xmlns=&quot;http://www.w3.org/2000/svg&quot; viewBox=&quot;0 0 128 128&quot;&gt;&lt;path d=&quot;M56.33 102a6 6 0 0 1-4.24-1.75L19.27 67.54A6.014 6.014 0 1 1 27.74 59l27.94 27.88 44-58.49a6 6 0 1 1 9.58 7.22l-48.17 64a5.998 5.998 0 0 1-4.34 2.39z&quot;&gt;&lt;/path&gt;&lt;/svg&gt;&lt;/span&gt;&lt;/span&gt;&lt;span class=&quot;aaee4e7cd3 e7a57abb1e&quot;&gt;&lt;div class=&quot;a53cbfa6de e6208ee469&quot;&gt;&lt;div data-testid=&quot;filters-group-label-container&quot; class=&quot;dcd1ccc0b6&quot; aria-hidden=&quot;true&quot;&gt;&lt;div data-testid=&quot;filters-group-label-content&quot; class=&quot;a53cbfa6de cb475f8063&quot;&gt;Lowered sink&lt;/div&gt; &lt;span class=&quot;abf093bdfe a414c2b280&quot;&gt;7&lt;/span&gt;&lt;/div&gt;&lt;/div&gt;&lt;/span&gt;&lt;/label&gt;&lt;/div&gt;&lt;div class=&quot;c733693b78&quot;&gt;&lt;div&gt;&lt;/div&gt;&lt;/div&gt;&lt;div data-filters-item=&quot;accessible_facilities:accessible_facilities=189&quot; class=&quot;a53cbfa6de ac9267e216 d8eb520c4e a244b31530 a2d2507aff b0d8afeab2&quot;&gt;&lt;input aria-label=&quot;Bathroom emergency cord: 1 property&quot; id=&quot;:Rlfe9l4:&quot; class=&quot;f0b6754c38&quot; type=&quot;checkbox&quot; name=&quot;accessible_facilities=189&quot; value=&quot;accessible_facilities=189&quot;/&gt;&lt;label for=&quot;:Rlfe9l4:&quot; class=&quot;aca0ade214 aaf30230d9 c2931f4182 d79e71457a bd597ff2d8&quot;&gt;&lt;span class=&quot;ff5328eb35&quot;&gt;&lt;/span&gt;&lt;span class=&quot;ef785aa7f4&quot;&gt;&lt;span class=&quot;fcd9eec8fb b27b51da7f bf9a32efa5&quot; aria-hidden=&quot;true&quot;&gt;&lt;svg xmlns=&quot;http://www.w3.org/2000/svg&quot; viewBox=&quot;0 0 128 128&quot;&gt;&lt;path d=&quot;M56.33 102a6 6 0 0 1-4.24-1.75L19.27 67.54A6.014 6.014 0 1 1 27.74 59l27.94 27.88 44-58.49a6 6 0 1 1 9.58 7.22l-48.17 64a5.998 5.998 0 0 1-4.34 2.39z&quot;&gt;&lt;/path&gt;&lt;/svg&gt;&lt;/span&gt;&lt;/span&gt;&lt;span class=&quot;aaee4e7cd3 e7a57abb1e&quot;&gt;&lt;div class=&quot;a53cbfa6de e6208ee469&quot;&gt;&lt;div data-testid=&quot;filters-group-label-container&quot; class=&quot;dcd1ccc0b6&quot; aria-hidden=&quot;true&quot;&gt;&lt;div data-testid=&quot;filters-group-label-content&quot; class=&quot;a53cbfa6de cb475f8063&quot;&gt;Bathroom emergency cord&lt;/div&gt; &lt;span class=&quot;abf093bdfe a414c2b280&quot;&gt;1&lt;/span&gt;&lt;/div&gt;&lt;/div&gt;&lt;/span&gt;&lt;/label&gt;&lt;/div&gt;&lt;div class=&quot;c733693b78&quot;&gt;&lt;div&gt;&lt;/div&gt;&lt;/div&gt;&lt;div data-filters-item=&quot;accessible_facilities:accessible_facilities=213&quot; class=&quot;a53cbfa6de ac9267e216 d8eb520c4e a244b31530 a2d2507aff b0d8afeab2&quot;&gt;&lt;input aria-label=&quot;Auditory guidance: 1 property&quot; id=&quot;:Rmfe9l4:&quot; class=&quot;f0b6754c38&quot; type=&quot;checkbox&quot; name=&quot;accessible_facilities=213&quot; value=&quot;accessible_facilities=213&quot;/&gt;&lt;label for=&quot;:Rmfe9l4:&quot; class=&quot;aca0ade214 aaf30230d9 c2931f4182 d79e71457a bd597ff2d8&quot;&gt;&lt;span class=&quot;ff5328eb35&quot;&gt;&lt;/span&gt;&lt;span class=&quot;ef785aa7f4&quot;&gt;&lt;span class=&quot;fcd9eec8fb b27b51da7f bf9a32efa5&quot; aria-hidden=&quot;true&quot;&gt;&lt;svg xmlns=&quot;http://www.w3.org/2000/svg&quot; viewBox=&quot;0 0 128 128&quot;&gt;&lt;path d=&quot;M56.33 102a6 6 0 0 1-4.24-1.75L19.27 67.54A6.014 6.014 0 1 1 27.74 59l27.94 27.88 44-58.49a6 6 0 1 1 9.58 7.22l-48.17 64a5.998 5.998 0 0 1-4.34 2.39z&quot;&gt;&lt;/path&gt;&lt;/svg&gt;&lt;/span&gt;&lt;/span&gt;&lt;span class=&quot;aaee4e7cd3 e7a57abb1e&quot;&gt;&lt;div class=&quot;a53cbfa6de e6208ee469&quot;&gt;&lt;div data-testid=&quot;filters-group-label-container&quot; class=&quot;dcd1ccc0b6&quot; aria-hidden=&quot;true&quot;&gt;&lt;div data-testid=&quot;filters-group-label-content&quot; class=&quot;a53cbfa6de cb475f8063&quot;&gt;Auditory guidance&lt;/div&gt; &lt;span class=&quot;abf093bdfe a414c2b280&quot;&gt;1&lt;/span&gt;&lt;/div&gt;&lt;/div&gt;&lt;/span&gt;&lt;/label&gt;&lt;/div&gt;&lt;/div&gt;&lt;hr aria-hidden=&quot;true&quot; data-testid=&quot;filters-group-divider&quot; class=&quot;b9bfeba2b4 b288f61df6 abe36eb989&quot;/&gt;&lt;div data-filters-group=&quot;accessible_room_facilities&quot; data-testid=&quot;filters-group&quot; id=&quot;filter_group_accessible_room_facilities_:R6pl4:&quot; class=&quot;ffb9c3d6a3 ad9a06523f&quot;&gt;&lt;div class=&quot;f2cf178bcd f6b5094aa4&quot;&gt;&lt;h3 class=&quot;a3332d346a e6208ee469 d0caee4251&quot;&gt;Room Accessibility&lt;/h3&gt;&lt;/div&gt;&lt;div class=&quot;c733693b78&quot;&gt;&lt;div&gt;&lt;/div&gt;&lt;/div&gt;&lt;div data-filters-item=&quot;accessible_room_facilities:accessible_room_facilities=131&quot; class=&quot;a53cbfa6de ac9267e216 d8eb520c4e a244b31530 a2d2507aff b0d8afeab2&quot;&gt;&lt;input aria-label=&quot;Entire unit located on ground floor: 53 properties&quot; id=&quot;:R11fepl4:&quot; class=&quot;f0b6754c38&quot; type=&quot;checkbox&quot; name=&quot;accessible_room_facilities=131&quot; value=&quot;accessible_room_facilities=131&quot;/&gt;&lt;label for=&quot;:R11fepl4:&quot; class=&quot;aca0ade214 aaf30230d9 c2931f4182 d79e71457a bd597ff2d8&quot;&gt;&lt;span class=&quot;ff5328eb35&quot;&gt;&lt;/span&gt;&lt;span class=&quot;ef785aa7f4&quot;&gt;&lt;span class=&quot;fcd9eec8fb b27b51da7f bf9a32efa5&quot; aria-hidden=&quot;true&quot;&gt;&lt;svg xmlns=&quot;http://www.w3.org/2000/svg&quot; viewBox=&quot;0 0 128 128&quot;&gt;&lt;path d=&quot;M56.33 102a6 6 0 0 1-4.24-1.75L19.27 67.54A6.014 6.014 0 1 1 27.74 59l27.94 27.88 44-58.49a6 6 0 1 1 9.58 7.22l-48.17 64a5.998 5.998 0 0 1-4.34 2.39z&quot;&gt;&lt;/path&gt;&lt;/svg&gt;&lt;/span&gt;&lt;/span&gt;&lt;span class=&quot;aaee4e7cd3 e7a57abb1e&quot;&gt;&lt;div class=&quot;a53cbfa6de e6208ee469&quot;&gt;&lt;div data-testid=&quot;filters-group-label-container&quot; class=&quot;dcd1ccc0b6&quot; aria-hidden=&quot;true&quot;&gt;&lt;div data-testid=&quot;filters-group-label-content&quot; class=&quot;a53cbfa6de cb475f8063&quot;&gt;Entire unit located on ground floor&lt;/div&gt; &lt;span class=&quot;abf093bdfe a414c2b280&quot;&gt;53&lt;/span&gt;&lt;/div&gt;&lt;/div&gt;&lt;/span&gt;&lt;/label&gt;&lt;/div&gt;&lt;div class=&quot;c733693b78&quot;&gt;&lt;div&gt;&lt;/div&gt;&lt;/div&gt;&lt;div data-filters-item=&quot;accessible_room_facilities:accessible_room_facilities=132&quot; class=&quot;a53cbfa6de ac9267e216 d8eb520c4e a244b31530 a2d2507aff b0d8afeab2&quot;&gt;&lt;input aria-label=&quot;Upper floors accessible by elevator: 144 properties&quot; id=&quot;:R12fepl4:&quot; class=&quot;f0b6754c38&quot; type=&quot;checkbox&quot; name=&quot;accessible_room_facilities=132&quot; value=&quot;accessible_room_facilities=132&quot;/&gt;&lt;label for=&quot;:R12fepl4:&quot; class=&quot;aca0ade214 aaf30230d9 c2931f4182 d79e71457a bd597ff2d8&quot;&gt;&lt;span class=&quot;ff5328eb35&quot;&gt;&lt;/span&gt;&lt;span class=&quot;ef785aa7f4&quot;&gt;&lt;span class=&quot;fcd9eec8fb b27b51da7f bf9a32efa5&quot; aria-hidden=&quot;true&quot;&gt;&lt;svg xmlns=&quot;http://www.w3.org/2000/svg&quot; viewBox=&quot;0 0 128 128&quot;&gt;&lt;path d=&quot;M56.33 102a6 6 0 0 1-4.24-1.75L19.27 67.54A6.014 6.014 0 1 1 27.74 59l27.94 27.88 44-58.49a6 6 0 1 1 9.58 7.22l-48.17 64a5.998 5.998 0 0 1-4.34 2.39z&quot;&gt;&lt;/path&gt;&lt;/svg&gt;&lt;/span&gt;&lt;/span&gt;&lt;span class=&quot;aaee4e7cd3 e7a57abb1e&quot;&gt;&lt;div class=&quot;a53cbfa6de e6208ee469&quot;&gt;&lt;div data-testid=&quot;filters-group-label-container&quot; class=&quot;dcd1ccc0b6&quot; aria-hidden=&quot;true&quot;&gt;&lt;div data-testid=&quot;filters-group-label-content&quot; class=&quot;a53cbfa6de cb475f8063&quot;&gt;Upper floors accessible by elevator&lt;/div&gt; &lt;span class=&quot;abf093bdfe a414c2b280&quot;&gt;144&lt;/span&gt;&lt;/div&gt;&lt;/div&gt;&lt;/span&gt;&lt;/label&gt;&lt;/div&gt;&lt;div class=&quot;c733693b78&quot;&gt;&lt;div&gt;&lt;/div&gt;&lt;/div&gt;&lt;div data-filters-item=&quot;accessible_room_facilities:accessible_room_facilities=134&quot; class=&quot;a53cbfa6de ac9267e216 d8eb520c4e a244b31530 a2d2507aff b0d8afeab2&quot;&gt;&lt;input aria-label=&quot;Entire unit wheelchair accessible: 126 properties&quot; id=&quot;:R13fepl4:&quot; class=&quot;f0b6754c38&quot; type=&quot;checkbox&quot; name=&quot;accessible_room_facilities=134&quot; value=&quot;accessible_room_facilities=134&quot;/&gt;&lt;label for=&quot;:R13fepl4:&quot; class=&quot;aca0ade214 aaf30230d9 c2931f4182 d79e71457a bd597ff2d8&quot;&gt;&lt;span class=&quot;ff5328eb35&quot;&gt;&lt;/span&gt;&lt;span class=&quot;ef785aa7f4&quot;&gt;&lt;span class=&quot;fcd9eec8fb b27b51da7f bf9a32efa5&quot; aria-hidden=&quot;true&quot;&gt;&lt;svg xmlns=&quot;http://www.w3.org/2000/svg&quot; viewBox=&quot;0 0 128 128&quot;&gt;&lt;path d=&quot;M56.33 102a6 6 0 0 1-4.24-1.75L19.27 67.54A6.014 6.014 0 1 1 27.74 59l27.94 27.88 44-58.49a6 6 0 1 1 9.58 7.22l-48.17 64a5.998 5.998 0 0 1-4.34 2.39z&quot;&gt;&lt;/path&gt;&lt;/svg&gt;&lt;/span&gt;&lt;/span&gt;&lt;span class=&quot;aaee4e7cd3 e7a57abb1e&quot;&gt;&lt;div class=&quot;a53cbfa6de e6208ee469&quot;&gt;&lt;div data-testid=&quot;filters-group-label-container&quot; class=&quot;dcd1ccc0b6&quot; aria-hidden=&quot;true&quot;&gt;&lt;div data-testid=&quot;filters-group-label-content&quot; class=&quot;a53cbfa6de cb475f8063&quot;&gt;Entire unit wheelchair accessible&lt;/div&gt; &lt;span class=&quot;abf093bdfe a414c2b280&quot;&gt;126&lt;/span&gt;&lt;/div&gt;&lt;/div&gt;&lt;/span&gt;&lt;/label&gt;&lt;/div&gt;&lt;div class=&quot;c733693b78&quot;&gt;&lt;div&gt;&lt;/div&gt;&lt;/div&gt;&lt;div data-filters-item=&quot;accessible_room_facilities:accessible_room_facilities=147&quot; class=&quot;a53cbfa6de ac9267e216 d8eb520c4e a244b31530 a2d2507aff b0d8afeab2&quot;&gt;&lt;input aria-label=&quot;Toilet with grab rails: 18 properties&quot; id=&quot;:R14fepl4:&quot; class=&quot;f0b6754c38&quot; type=&quot;checkbox&quot; name=&quot;accessible_room_facilities=147&quot; value=&quot;accessible_room_facilities=147&quot;/&gt;&lt;label for=&quot;:R14fepl4:&quot; class=&quot;aca0ade214 aaf30230d9 c2931f4182 d79e71457a bd597ff2d8&quot;&gt;&lt;span class=&quot;ff5328eb35&quot;&gt;&lt;/span&gt;&lt;span class=&quot;ef785aa7f4&quot;&gt;&lt;span class=&quot;fcd9eec8fb b27b51da7f bf9a32efa5&quot; aria-hidden=&quot;true&quot;&gt;&lt;svg xmlns=&quot;http://www.w3.org/2000/svg&quot; viewBox=&quot;0 0 128 128&quot;&gt;&lt;path d=&quot;M56.33 102a6 6 0 0 1-4.24-1.75L19.27 67.54A6.014 6.014 0 1 1 27.74 59l27.94 27.88 44-58.49a6 6 0 1 1 9.58 7.22l-48.17 64a5.998 5.998 0 0 1-4.34 2.39z&quot;&gt;&lt;/path&gt;&lt;/svg&gt;&lt;/span&gt;&lt;/span&gt;&lt;span class=&quot;aaee4e7cd3 e7a57abb1e&quot;&gt;&lt;div class=&quot;a53cbfa6de e6208ee469&quot;&gt;&lt;div data-testid=&quot;filters-group-label-container&quot; class=&quot;dcd1ccc0b6&quot; aria-hidden=&quot;true&quot;&gt;&lt;div data-testid=&quot;filters-group-label-content&quot; class=&quot;a53cbfa6de cb475f8063&quot;&gt;Toilet with grab rails&lt;/div&gt; &lt;span class=&quot;abf093bdfe a414c2b280&quot;&gt;18&lt;/span&gt;&lt;/div&gt;&lt;/div&gt;&lt;/span&gt;&lt;/label&gt;&lt;/div&gt;&lt;div class=&quot;c733693b78&quot;&gt;&lt;div&gt;&lt;/div&gt;&lt;/div&gt;&lt;div data-filters-item=&quot;accessible_room_facilities:accessible_room_facilities=148&quot; class=&quot;a53cbfa6de ac9267e216 d8eb520c4e a244b31530 a2d2507aff b0d8afeab2&quot;&gt;&lt;input aria-label=&quot;Adapted bath: 6 properties&quot; id=&quot;:R15fepl4:&quot; class=&quot;f0b6754c38&quot; type=&quot;checkbox&quot; name=&quot;accessible_room_facilities=148&quot; value=&quot;accessible_room_facilities=148&quot;/&gt;&lt;label for=&quot;:R15fepl4:&quot; class=&quot;aca0ade214 aaf30230d9 c2931f4182 d79e71457a bd597ff2d8&quot;&gt;&lt;span class=&quot;ff5328eb35&quot;&gt;&lt;/span&gt;&lt;span class=&quot;ef785aa7f4&quot;&gt;&lt;span class=&quot;fcd9eec8fb b27b51da7f bf9a32efa5&quot; aria-hidden=&quot;true&quot;&gt;&lt;svg xmlns=&quot;http://www.w3.org/2000/svg&quot; viewBox=&quot;0 0 128 128&quot;&gt;&lt;path d=&quot;M56.33 102a6 6 0 0 1-4.24-1.75L19.27 67.54A6.014 6.014 0 1 1 27.74 59l27.94 27.88 44-58.49a6 6 0 1 1 9.58 7.22l-48.17 64a5.998 5.998 0 0 1-4.34 2.39z&quot;&gt;&lt;/path&gt;&lt;/svg&gt;&lt;/span&gt;&lt;/span&gt;&lt;span class=&quot;aaee4e7cd3 e7a57abb1e&quot;&gt;&lt;div class=&quot;a53cbfa6de e6208ee469&quot;&gt;&lt;div data-testid=&quot;filters-group-label-container&quot; class=&quot;dcd1ccc0b6&quot; aria-hidden=&quot;true&quot;&gt;&lt;div data-testid=&quot;filters-group-label-content&quot; class=&quot;a53cbfa6de cb475f8063&quot;&gt;Adapted bath&lt;/div&gt; &lt;span class=&quot;abf093bdfe a414c2b280&quot;&gt;6&lt;/span&gt;&lt;/div&gt;&lt;/div&gt;&lt;/span&gt;&lt;/label&gt;&lt;/div&gt;&lt;div class=&quot;c733693b78&quot;&gt;&lt;div&gt;&lt;/div&gt;&lt;/div&gt;&lt;div data-filters-item=&quot;accessible_room_facilities:accessible_room_facilities=149&quot; class=&quot;a53cbfa6de ac9267e216 d8eb520c4e a244b31530 a2d2507aff b0d8afeab2&quot;&gt;&lt;input aria-label=&quot;Roll-in shower: 7 properties&quot; id=&quot;:R16fepl4:&quot; class=&quot;f0b6754c38&quot; type=&quot;checkbox&quot; name=&quot;accessible_room_facilities=149&quot; value=&quot;accessible_room_facilities=149&quot;/&gt;&lt;label for=&quot;:R16fepl4:&quot; class=&quot;aca0ade214 aaf30230d9 c2931f4182 d79e71457a bd597ff2d8&quot;&gt;&lt;span class=&quot;ff5328eb35&quot;&gt;&lt;/span&gt;&lt;span class=&quot;ef785aa7f4&quot;&gt;&lt;span class=&quot;fcd9eec8fb b27b51da7f bf9a32efa5&quot; aria-hidden=&quot;true&quot;&gt;&lt;svg xmlns=&quot;http://www.w3.org/2000/svg&quot; viewBox=&quot;0 0 128 128&quot;&gt;&lt;path d=&quot;M56.33 102a6 6 0 0 1-4.24-1.75L19.27 67.54A6.014 6.014 0 1 1 27.74 59l27.94 27.88 44-58.49a6 6 0 1 1 9.58 7.22l-48.17 64a5.998 5.998 0 0 1-4.34 2.39z&quot;&gt;&lt;/path&gt;&lt;/svg&gt;&lt;/span&gt;&lt;/span&gt;&lt;span class=&quot;aaee4e7cd3 e7a57abb1e&quot;&gt;&lt;div class=&quot;a53cbfa6de e6208ee469&quot;&gt;&lt;div data-testid=&quot;filters-group-label-container&quot; class=&quot;dcd1ccc0b6&quot; aria-hidden=&quot;true&quot;&gt;&lt;div data-testid=&quot;filters-group-label-content&quot; class=&quot;a53cbfa6de cb475f8063&quot;&gt;Roll-in shower&lt;/div&gt; &lt;span class=&quot;abf093bdfe a414c2b280&quot;&gt;7&lt;/span&gt;&lt;/div&gt;&lt;/div&gt;&lt;/span&gt;&lt;/label&gt;&lt;/div&gt;&lt;div class=&quot;c733693b78&quot;&gt;&lt;div&gt;&lt;/div&gt;&lt;/div&gt;&lt;div data-filters-item=&quot;accessible_room_facilities:accessible_room_facilities=150&quot; class=&quot;a53cbfa6de ac9267e216 d8eb520c4e a244b31530 a2d2507aff b0d8afeab2&quot;&gt;&lt;input aria-label=&quot;Walk-in shower: 65 properties&quot; id=&quot;:R17fepl4:&quot; class=&quot;f0b6754c38&quot; type=&quot;checkbox&quot; name=&quot;accessible_room_facilities=150&quot; value=&quot;accessible_room_facilities=150&quot;/&gt;&lt;label for=&quot;:R17fepl4:&quot; class=&quot;aca0ade214 aaf30230d9 c2931f4182 d79e71457a bd597ff2d8&quot;&gt;&lt;span class=&quot;ff5328eb35&quot;&gt;&lt;/span&gt;&lt;span class=&quot;ef785aa7f4&quot;&gt;&lt;span class=&quot;fcd9eec8fb b27b51da7f bf9a32efa5&quot; aria-hidden=&quot;true&quot;&gt;&lt;svg xmlns=&quot;http://www.w3.org/2000/svg&quot; viewBox=&quot;0 0 128 128&quot;&gt;&lt;path d=&quot;M56.33 102a6 6 0 0 1-4.24-1.75L19.27 67.54A6.014 6.014 0 1 1 27.74 59l27.94 27.88 44-58.49a6 6 0 1 1 9.58 7.22l-48.17 64a5.998 5.998 0 0 1-4.34 2.39z&quot;&gt;&lt;/path&gt;&lt;/svg&gt;&lt;/span&gt;&lt;/span&gt;&lt;span class=&quot;aaee4e7cd3 e7a57abb1e&quot;&gt;&lt;div class=&quot;a53cbfa6de e6208ee469&quot;&gt;&lt;div data-testid=&quot;filters-group-label-container&quot; class=&quot;dcd1ccc0b6&quot; aria-hidden=&quot;true&quot;&gt;&lt;div data-testid=&quot;filters-group-label-content&quot; class=&quot;a53cbfa6de cb475f8063&quot;&gt;Walk-in shower&lt;/div&gt; &lt;span class=&quot;abf093bdfe a414c2b280&quot;&gt;65&lt;/span&gt;&lt;/div&gt;&lt;/div&gt;&lt;/span&gt;&lt;/label&gt;&lt;/div&gt;&lt;div class=&quot;c733693b78&quot;&gt;&lt;div&gt;&lt;/div&gt;&lt;/div&gt;&lt;div data-filters-item=&quot;accessible_room_facilities:accessible_room_facilities=151&quot; class=&quot;a53cbfa6de ac9267e216 d8eb520c4e a244b31530 a2d2507aff b0d8afeab2&quot;&gt;&lt;input aria-label=&quot;Raised toilet: 31 properties&quot; id=&quot;:R18fepl4:&quot; class=&quot;f0b6754c38&quot; type=&quot;checkbox&quot; name=&quot;accessible_room_facilities=151&quot; value=&quot;accessible_room_facilities=151&quot;/&gt;&lt;label for=&quot;:R18fepl4:&quot; class=&quot;aca0ade214 aaf30230d9 c2931f4182 d79e71457a bd597ff2d8&quot;&gt;&lt;span class=&quot;ff5328eb35&quot;&gt;&lt;/span&gt;&lt;span class=&quot;ef785aa7f4&quot;&gt;&lt;span class=&quot;fcd9eec8fb b27b51da7f bf9a32efa5&quot; aria-hidden=&quot;true&quot;&gt;&lt;svg xmlns=&quot;http://www.w3.org/2000/svg&quot; viewBox=&quot;0 0 128 128&quot;&gt;&lt;path d=&quot;M56.33 102a6 6 0 0 1-4.24-1.75L19.27 67.54A6.014 6.014 0 1 1 27.74 59l27.94 27.88 44-58.49a6 6 0 1 1 9.58 7.22l-48.17 64a5.998 5.998 0 0 1-4.34 2.39z&quot;&gt;&lt;/path&gt;&lt;/svg&gt;&lt;/span&gt;&lt;/span&gt;&lt;span class=&quot;aaee4e7cd3 e7a57abb1e&quot;&gt;&lt;div class=&quot;a53cbfa6de e6208ee469&quot;&gt;&lt;div data-testid=&quot;filters-group-label-container&quot; class=&quot;dcd1ccc0b6&quot; aria-hidden=&quot;true&quot;&gt;&lt;div data-testid=&quot;filters-group-label-content&quot; class=&quot;a53cbfa6de cb475f8063&quot;&gt;Raised toilet&lt;/div&gt; &lt;span class=&quot;abf093bdfe a414c2b280&quot;&gt;31&lt;/span&gt;&lt;/div&gt;&lt;/div&gt;&lt;/span&gt;&lt;/label&gt;&lt;/div&gt;&lt;div class=&quot;c733693b78&quot;&gt;&lt;div&gt;&lt;/div&gt;&lt;/div&gt;&lt;div data-filters-item=&quot;accessible_room_facilities:accessible_room_facilities=152&quot; class=&quot;a53cbfa6de ac9267e216 d8eb520c4e a244b31530 a2d2507aff b0d8afeab2&quot;&gt;&lt;input aria-label=&quot;Lower sink: 26 properties&quot; id=&quot;:R19fepl4:&quot; class=&quot;f0b6754c38&quot; type=&quot;checkbox&quot; name=&quot;accessible_room_facilities=152&quot; value=&quot;accessible_room_facilities=152&quot;/&gt;&lt;label for=&quot;:R19fepl4:&quot; class=&quot;aca0ade214 aaf30230d9 c2931f4182 d79e71457a bd597ff2d8&quot;&gt;&lt;span class=&quot;ff5328eb35&quot;&gt;&lt;/span&gt;&lt;span class=&quot;ef785aa7f4&quot;&gt;&lt;span class=&quot;fcd9eec8fb b27b51da7f bf9a32efa5&quot; aria-hidden=&quot;true&quot;&gt;&lt;svg xmlns=&quot;http://www.w3.org/2000/svg&quot; viewBox=&quot;0 0 128 128&quot;&gt;&lt;path d=&quot;M56.33 102a6 6 0 0 1-4.24-1.75L19.27 67.54A6.014 6.014 0 1 1 27.74 59l27.94 27.88 44-58.49a6 6 0 1 1 9.58 7.22l-48.17 64a5.998 5.998 0 0 1-4.34 2.39z&quot;&gt;&lt;/path&gt;&lt;/svg&gt;&lt;/span&gt;&lt;/span&gt;&lt;span class=&quot;aaee4e7cd3 e7a57abb1e&quot;&gt;&lt;div class=&quot;a53cbfa6de e6208ee469&quot;&gt;&lt;div data-testid=&quot;filters-group-label-container&quot; class=&quot;dcd1ccc0b6&quot; aria-hidden=&quot;true&quot;&gt;&lt;div data-testid=&quot;filters-group-label-content&quot; class=&quot;a53cbfa6de cb475f8063&quot;&gt;Lower sink&lt;/div&gt; &lt;span class=&quot;abf093bdfe a414c2b280&quot;&gt;26&lt;/span&gt;&lt;/div&gt;&lt;/div&gt;&lt;/span&gt;&lt;/label&gt;&lt;/div&gt;&lt;div class=&quot;c733693b78&quot;&gt;&lt;div&gt;&lt;/div&gt;&lt;/div&gt;&lt;div data-filters-item=&quot;accessible_room_facilities:accessible_room_facilities=153&quot; class=&quot;a53cbfa6de ac9267e216 d8eb520c4e a244b31530 a2d2507aff b0d8afeab2&quot;&gt;&lt;input aria-label=&quot;Emergency cord in bathroom: 11 properties&quot; id=&quot;:R1afepl4:&quot; class=&quot;f0b6754c38&quot; type=&quot;checkbox&quot; name=&quot;accessible_room_facilities=153&quot; value=&quot;accessible_room_facilities=153&quot;/&gt;&lt;label for=&quot;:R1afepl4:&quot; class=&quot;aca0ade214 aaf30230d9 c2931f4182 d79e71457a bd597ff2d8&quot;&gt;&lt;span class=&quot;ff5328eb35&quot;&gt;&lt;/span&gt;&lt;span class=&quot;ef785aa7f4&quot;&gt;&lt;span class=&quot;fcd9eec8fb b27b51da7f bf9a32efa5&quot; aria-hidden=&quot;true&quot;&gt;&lt;svg xmlns=&quot;http://www.w3.org/2000/svg&quot; viewBox=&quot;0 0 128 128&quot;&gt;&lt;path d=&quot;M56.33 102a6 6 0 0 1-4.24-1.75L19.27 67.54A6.014 6.014 0 1 1 27.74 59l27.94 27.88 44-58.49a6 6 0 1 1 9.58 7.22l-48.17 64a5.998 5.998 0 0 1-4.34 2.39z&quot;&gt;&lt;/path&gt;&lt;/svg&gt;&lt;/span&gt;&lt;/span&gt;&lt;span class=&quot;aaee4e7cd3 e7a57abb1e&quot;&gt;&lt;div class=&quot;a53cbfa6de e6208ee469&quot;&gt;&lt;div data-testid=&quot;filters-group-label-container&quot; class=&quot;dcd1ccc0b6&quot; aria-hidden=&quot;true&quot;&gt;&lt;div data-testid=&quot;filters-group-label-content&quot; class=&quot;a53cbfa6de cb475f8063&quot;&gt;Emergency cord in bathroom&lt;/div&gt; &lt;span class=&quot;abf093bdfe a414c2b280&quot;&gt;11&lt;/span&gt;&lt;/div&gt;&lt;/div&gt;&lt;/span&gt;&lt;/label&gt;&lt;/div&gt;&lt;div class=&quot;c733693b78&quot;&gt;&lt;div&gt;&lt;/div&gt;&lt;/div&gt;&lt;div data-filters-item=&quot;accessible_room_facilities:accessible_room_facilities=154&quot; class=&quot;a53cbfa6de ac9267e216 d8eb520c4e a244b31530 a2d2507aff b0d8afeab2&quot;&gt;&lt;input aria-label=&quot;Shower chair: 4 properties&quot; id=&quot;:R1bfepl4:&quot; class=&quot;f0b6754c38&quot; type=&quot;checkbox&quot; name=&quot;accessible_room_facilities=154&quot; value=&quot;accessible_room_facilities=154&quot;/&gt;&lt;label for=&quot;:R1bfepl4:&quot; class=&quot;aca0ade214 aaf30230d9 c2931f4182 d79e71457a bd597ff2d8&quot;&gt;&lt;span class=&quot;ff5328eb35&quot;&gt;&lt;/span&gt;&lt;span class=&quot;ef785aa7f4&quot;&gt;&lt;span class=&quot;fcd9eec8fb b27b51da7f bf9a32efa5&quot; aria-hidden=&quot;true&quot;&gt;&lt;svg xmlns=&quot;http://www.w3.org/2000/svg&quot; viewBox=&quot;0 0 128 128&quot;&gt;&lt;path d=&quot;M56.33 102a6 6 0 0 1-4.24-1.75L19.27 67.54A6.014 6.014 0 1 1 27.74 59l27.94 27.88 44-58.49a6 6 0 1 1 9.58 7.22l-48.17 64a5.998 5.998 0 0 1-4.34 2.39z&quot;&gt;&lt;/path&gt;&lt;/svg&gt;&lt;/span&gt;&lt;/span&gt;&lt;span class=&quot;aaee4e7cd3 e7a57abb1e&quot;&gt;&lt;div class=&quot;a53cbfa6de e6208ee469&quot;&gt;&lt;div data-testid=&quot;filters-group-label-container&quot; class=&quot;dcd1ccc0b6&quot; aria-hidden=&quot;true&quot;&gt;&lt;div data-testid=&quot;filters-group-label-content&quot; class=&quot;a53cbfa6de cb475f8063&quot;&gt;Shower chair&lt;/div&gt; &lt;span class=&quot;abf093bdfe a414c2b280&quot;&gt;4&lt;/span&gt;&lt;/div&gt;&lt;/div&gt;&lt;/span&gt;&lt;/label&gt;&lt;/div&gt;&lt;/div&gt;&lt;/div&gt;&lt;div id=&quot;popular-filters-go-here&quot;&gt;&lt;/div&gt;&lt;/div&gt;
&lt;/div&gt;
&lt;/div&gt;
&lt;div class=&quot;visuallyhidden&quot;
aria-live=&quot;assertive&quot;
role=&quot;status&quot; id=&quot;filter_a11y_live&quot;&gt;&lt;/div&gt;
&lt;div data-block-id=&quot;filter_popup&quot;&gt;
&lt;/div&gt;
&lt;/div&gt;
&lt;div class=&quot;clear&quot;&gt;&lt;/div&gt;
&lt;/div&gt; &lt;!-- /basiclayout --&gt;
&lt;div class=&quot;bottom_of_basiclayout&quot; style=&quot;margin-top: -20px;&quot;&gt;&lt;/div&gt;
&lt;div style=&quot;position: absolute;&quot; id=&quot;calendar&quot; class=&quot;calendar&quot;&gt;&lt;/div&gt;
&lt;div
id=&quot;x_sr_compset_arp&quot;
class=&quot; similar_destination sr_compset_grid track_similar_destination &quot;
style=&quot;display: none;&quot;
&gt;&lt;/div&gt;
&lt;/div&gt;
&lt;svg class=&quot;bk-icon -streamline-arrow_nav_left&quot; height=&quot;24&quot; style=&quot;display:none;&quot; width=&quot;24&quot; viewBox=&quot;0 0 24 24&quot; role=&quot;presentation&quot; aria-hidden=&quot;true&quot; focusable=&quot;false&quot;&gt;&lt;path d=&quot;M14.55 18a.74.74 0 0 1-.53-.22l-5-5A1.08 1.08 0 0 1 8.7 12a1.1 1.1 0 0 1 .3-.78l5-5a.75.75 0 0 1 1.06 0 .74.74 0 0 1 0 1.06L10.36 12l4.72 4.72a.74.74 0 0 1 0 1.06.73.73 0 0 1-.53.22zm-4.47-5.72zm0-.57z&quot;/&gt;&lt;/svg&gt;
&lt;svg class=&quot;bk-icon -streamline-arrow_nav_right&quot; height=&quot;24&quot; style=&quot;display:none;&quot; width=&quot;24&quot; viewBox=&quot;0 0 24 24&quot; role=&quot;presentation&quot; aria-hidden=&quot;true&quot; focusable=&quot;false&quot;&gt;&lt;path d=&quot;M9.45 6c.2 0 .39.078.53.22l5 5c.208.206.323.487.32.78a1.1 1.1 0 0 1-.32.78l-5 5a.75.75 0 0 1-1.06 0 .74.74 0 0 1 0-1.06L13.64 12 8.92 7.28a.74.74 0 0 1 0-1.06.73.73 0 0 1 .53-.22zm4.47 5.72zm0 .57z&quot;/&gt;&lt;/svg&gt;
&lt;/div&gt;
&lt;/div&gt;
&lt;div class=&quot;slinks&quot;&gt;
&lt;/div&gt;
&lt;div
id=&quot;footer_menu_track&quot;
class=&quot;footerconstraint cnd-onview-anchor footer_no_lang_track a11y_fix_footer_contrast_footerconstraint &quot;
role=&quot;contentinfo&quot;
&gt;
&lt;div id=&quot;newsletter_form_footer_container&quot;
class=&quot;newsletter_subscribe_with_sprites &quot;
role=&quot;region&quot;
aria-label=&quot;Subscribe to our newsletter for the best deals - footer&quot;
data-emk-subscription-success-remove
&gt;
&lt;form action=&quot;https:&amp;#47;&amp;#47;www.booking.com&amp;#47;newslettersubscribe.html&quot;
method=&quot;post&quot;
name=&quot;newsletterform&quot;
id=&quot;emk-footer&quot;
class=&quot;footerForm emk-subscription-entry-point &quot;
data-component=&quot;emk/subscription-entry-point emk/subscription-entry-point-feedback-msg&quot;
data-emk-entry-point-label=&quot;footer&quot;
data-ga4-track=&quot;newsletter_sign_up&quot;
&gt;
&lt;input type=&quot;hidden&quot; name=&quot;label&quot; value=&quot;gen000nr-10CAQoggJCD2xhbmRtYXJrXzI2MTA2MEgzWARo7AGIAQGYATO4AQXIAQXYAQPoAQH4AQGIAgGoAgG4AtrfkKgGwAIB0gIkOWIzM2E5MTMtNDMwZC00YzZmLTg5Y2ItZmU2OWJjYjc3MDc02AIB4AIB&quot; /&gt;
&lt;input type=&quot;hidden&quot; name=&quot;lang&quot; value=&quot;en-us&quot; /&gt;
&lt;input type=&quot;hidden&quot; name=&quot;sid&quot; value=&quot;90259e8437c6096c4ee27fece820d9ea&quot; /&gt;
&lt;input type=&quot;hidden&quot; name=&quot;url&quot; value=&quot;&quot; /&gt;
&lt;input type=&quot;hidden&quot; name=&quot;hostname&quot; value=&quot;www.booking.com&quot; /&gt;
&lt;input type=&quot;hidden&quot; name=&quot;companyname&quot; value=&quot;Booking.com&quot; /&gt;
&lt;input type=&quot;hidden&quot; name=&quot;aid&quot; value=&quot;304142&quot; data-ajax-submit /&gt;
&lt;input type=&quot;hidden&quot; name=&quot;label&quot; value=&quot;gen000nr-10CAQoggJCD2xhbmRtYXJrXzI2MTA2MEgzWARo7AGIAQGYATO4AQXIAQXYAQPoAQH4AQGIAgGoAgG4AtrfkKgGwAIB0gIkOWIzM2E5MTMtNDMwZC00YzZmLTg5Y2ItZmU2OWJjYjc3MDc02AIB4AIB&quot; data-ajax-submit/&gt;
&lt;input type=&quot;hidden&quot; name=&quot;endpoint_url&quot; value=&quot;https://www.booking.com&amp;#47;searchresults.html?dest_id=261060;dest_type=landmark;si=ai%2Cco%2Cci%2Cre%2Cla%2Cdi&amp;amp;#emk-footer&quot; /&gt;
&lt;input type=&quot;hidden&quot; name=&quot;error_url&quot; value=&quot;https://www.booking.com&amp;#47;searchresults.html?dest_id=261060;dest_type=landmark;si=ai%2Cco%2Cci%2Cre%2Cla%2Cdi&amp;amp;#emk-footer&quot; /&gt;
&lt;input type=&quot;hidden&quot; name=&quot;dest_id&quot; value=&quot;261060&quot; data-ajax-submit /&gt;
&lt;input type=&quot;hidden&quot; name=&quot;subscribe_source&quot; value=&quot;footer_searchresults&quot; data-ajax-submit /&gt;
&lt;input type=&quot;hidden&quot; name=&quot;opt_in&quot; value=&quot;1&quot; data-ajax-submit /&gt;
&lt;div class=&quot;emk_footer_update emk_footer_centered emk_footer_update_space &quot;&gt;
&lt;div class=&quot;footerconstraint-inner&quot;&gt;
&lt;div class=&quot;emk_footer_banner_block&quot;&gt;
&lt;h2&gt;Save time, save money!&lt;/h2&gt;
&lt;/div&gt;
&lt;div class=&quot;emk_footer_subbanner_block&quot;&gt;
Sign up and we&amp;#39;ll send the best deals to you
&lt;/div&gt;
&lt;div class=&quot;clearfix&quot;&gt;&lt;/div&gt;
&lt;div class=&quot;emk_footer_form_layout&quot;&gt;
&lt;label for=&quot;newsletter_to&quot; class=&quot;invisible_spoken&quot;&gt;
Enter your email address and we&amp;#39;ll send you our best deals
&lt;/label&gt;
&lt;div class=&quot;subscription_form_wrap&quot;&gt;
&lt;input type=&quot;email&quot; name=&quot;to&quot; autocapitalize=&quot;off&quot; required=&quot;true&quot;
id=&quot;newsletter_to&quot;
class=&quot;input_newsletter_subscription_to&quot;
placeholder=&quot;Your email address&quot;
title=&quot;&quot;
value=&quot;&quot;
data-ajax-submit /&gt;
&lt;button id=&quot;newsletter_button_footer&quot; data-et-click=&quot;&quot;&gt;
Subscribe
&lt;/button&gt;
&lt;/div&gt;
&lt;div data-et-view=&quot;dLYHMRFeRQcDaIPaMNfQCcbNXGDJae:1&quot;&gt;&lt;/div&gt;
&lt;/div&gt;
&lt;p class=&quot;emk-feedback-msg use_sprites_no_back -invalid&quot; role=&quot;alert&quot; aria-live=&quot;assertive&quot;&gt;
&lt;span class=&quot;bicon-close&quot; aria-hidden=&quot;true&quot;&gt;&lt;/span&gt;
&lt;span class=&quot;invisible_spoken&quot;&gt;Error:&lt;/span&gt;
Please enter a valid email address.
&lt;/p&gt;
&lt;p class=&quot;emk-feedback-msg use_sprites_no_back -error&quot; role=&quot;alert&quot; aria-live=&quot;assertive&quot;&gt;
&lt;span class=&quot;bicon-close&quot; aria-hidden=&quot;true&quot;&gt;&lt;/span&gt;
&lt;span class=&quot;invisible_spoken&quot;&gt;Error:&lt;/span&gt;
Oops! An error has occurred.
&lt;/p&gt;
&lt;p class=&quot;emk-feedback-msg use_sprites_no_back -success&quot; role=&quot;status&quot; aria-live=&quot;assertive&quot;&gt;
&lt;span class=&quot;bicon-checkyes&quot; aria-hidden=&quot;true&quot;&gt;&lt;/span&gt;
Thanks! We&#039;ve sent you an email so you can confirm your subscription
&lt;/p&gt;
&lt;/div&gt;
&lt;input name=&quot;recaptcha_enabled&quot; value=&quot;1&quot; type=&quot;hidden&quot; data-ajax-submit&gt;
&lt;script nonce=&quot;Y346mIyU7Ic0W43&quot;&gt;
window.onLoadRecaptchaV3Callback = function() {
grecaptcha.ready(function() {
grecaptcha.execute(&#039;6LfzopcUAAAAAPh4ue2iRjzP6XdxDVpwJigtlmeD&#039;, {action: &#039;searchresults&#039;}).then(function(token) {
var target = $(&#039;[data-component*=&quot;emk/subscription-entry-point&quot;]&#039;);
target.append(&quot;&lt;input type=hidden name=recaptcha_token value=&quot; + token +&quot; data-ajax-submit&gt;&quot;);
target.closest(&#039;form&#039;).submit(function() {
$(&#039;.grecaptcha-badge&#039;).show().css(&#039;visibility&#039;, &#039;visible&#039;);
});
});
});
};
&lt;/script&gt;
&lt;style nonce=&quot;Y346mIyU7Ic0W43&quot;&gt;.grecaptcha-badge { display: none; bottom: 90px !important; }&lt;/style&gt;
&lt;div data-component=&quot;core/recaptcha/v3&quot; data-key=&quot;6LfzopcUAAAAAPh4ue2iRjzP6XdxDVpwJigtlmeD&quot; data-onload=&quot;onLoadRecaptchaV3Callback&quot;
data-delay-load=&quot;load&quot;
&gt;&lt;/div&gt;
&lt;/div&gt;
&lt;/form&gt;
&lt;/div&gt;
&lt;div style=&quot;clear: both;&quot;&gt;&lt;/div&gt;
&lt;div id=&quot;booking-footer&quot; class=&quot;footer-wrapper&quot;&gt;
&lt;div id=&quot;footer_top_menu&quot; class=&quot;footer-top-menu&quot;&gt;
&lt;div class=&quot;footer-top-partners clearfix js-footer-top-menu&quot;&gt;
&lt;div class=&quot;footerconstraint-inner clearfix&quot;&gt;
&lt;div id=&quot;footertopnav-partners&quot; role=&quot;navigation&quot;&gt;
&lt;p class=&quot;footer-top-partner-text footer-top-partner-buttons&quot;&gt;
&lt;a
ref=&quot;nofollow&quot;
href=&quot;https://join.booking.com/?lang=en-us&amp;amp;aid=304142&amp;amp;utm_source=footer_menu&amp;amp;utm_medium=frontend&amp;amp;label=gen000nr-10CAQoggJCD2xhbmRtYXJrXzI2MTA2MEgzWARo7AGIAQGYATO4AQXIAQXYAQPoAQH4AQGIAgGoAgG4AtrfkKgGwAIB0gIkOWIzM2E5MTMtNDMwZC00YzZmLTg5Y2ItZmU2OWJjYjc3MDc02AIB4AIB&quot;
target=&quot;_blank&quot;
data-ga-track=&quot;click|pageview:/internallink/partner/footer/hotellink/searchresults/en-us&quot;
data-et-click=&quot;
customGoal:YTTHbXeeVLCBLfZUTPdKNKNKWe:1
&quot;
class=&quot;footer-top-button&quot;
data-qa=&quot;joinapp_ep&quot;
&gt;
List your property
&lt;/a&gt;
&lt;/p&gt;
&lt;/div&gt;
&lt;/div&gt;
&lt;/div&gt;
&lt;div class=&quot;footerconstraint-inner clearfix&quot;&gt;
&lt;div id=&quot;footertopnav&quot; role=&quot;navigation&quot;&gt;
&lt;ul class=&quot;footer-top-links-list&quot;&gt;
&lt;li class=&quot;footer-top-link&quot;&gt;
&lt;a rel=&quot;nofollow&quot; href=&quot;https://www.booking.com/searchresults.html?dest_id=261060&amp;amp;dest_type=landmark&amp;amp;si=ai%2Cco%2Cci%2Cre%2Cla%2Cdi&quot;&gt;Mobile version&lt;/a&gt;
&lt;/li&gt;
&lt;li class=&quot;footer-top-link&quot;&gt;
&lt;a href=&quot;https://account.booking.com/auth/oauth2?response_type=code&amp;amp;bkng_action=searchresults&amp;amp;client_id=vO1Kblk7xX9tUn2cpZLS&amp;amp;dt=1694773210&amp;amp;lang=en-us&amp;amp;aid=304142&amp;amp;redirect_uri=https%3A%2F%2Fsecure.booking.com%2Flogin.html%3Fop%3Doauth_return&amp;amp;state=UpwCnPCIIMj4ET_ggafFXyvtUUbnHFrsXtQX4yVDD38aknkUHdK_IFEPQvEDQffbC7vRMnQ7zjEzLLJ9tEwzs4RFuQ2s2BOds3mH14XGZZHdmGFl1-5uzIVqR62-Ocdz-0-XnzMhaSJS9WjbQBUo8Nm6c83ZgItBgS1YAaY4Pm-sHc09NN8KvKyOn7uHtAq9Qr_lBY-Xvy0WFZFLCPLYEcO0TzDKaySUicHp0nzyS2CNe70-JE1uVOjp58SF--u_imXbP81_yTMukj2B9UTchHxYrLPO7wSWL2T8lgzO66Gv-Cpp1avHH8Gsj19ziUAaifnDpScv_OFI_DKkOYuqyzfSvGMxRh8HhAHz1tzGLMbj2BVMEnltOkTgutvH7k4&quot;&gt;
Your account
&lt;/a&gt;
&lt;/li&gt;
&lt;li class=&quot;footer-top-link&quot;&gt;
&lt;a class=&quot;manage&quot; href=&quot;https://secure.booking.com/content/cs.html&quot; class=&quot;tracked&quot;&gt;
Make changes online to your booking
&lt;/a&gt;
&lt;/li&gt;
&lt;li
class=&quot;footer-top-link&quot;
data-ga-track=&quot;click|CSIR|CS|footer_top_customer_service_help&quot;
&gt;
&lt;a
class=&quot;cuca&quot;
href=&quot;https://secure.booking.com/help.html#/?source=blue_footer&quot;
data-ga-track=&quot;click|Click|Action: searchresults|hc_entrypoint_blue_footer&quot;
data-bui-component=&quot;Tooltip&quot;
title=&quot;Your reference ID is &amp;ldquo;90259E8&amp;rdquo;&quot;
data-et-click=&quot;customGoal:YTTHbXeeVLCBLfZUTPdKNKNKWe:3&quot;
&gt;
Customer Service Help
&lt;/a&gt;
&lt;/li&gt;
&lt;script nonce=&quot;Y346mIyU7Ic0W43&quot;&gt;
document.querySelector(&#039;.cuca&#039;).addEventListener(&#039;blur&#039;, function() {
window.BUI.getInstance(this, &#039;Tooltip&#039;).hide();
})
&lt;/script&gt;
&lt;li class=&quot;footer-top-link&quot;&gt;
&lt;a
href=&quot;
https://www.booking.com/affiliate-program/v2/index.html
&quot;
data-bui-component=&quot;Tooltip&quot;
title=&quot;Become an affiliate&quot;
class=&quot;footer_become_affiliate&quot;
data-ga-track=&quot;click|pageview:/internallink/partner/footer/affiliatelink/searchresults/en-us&quot;
data-et-click=&quot;customGoal:YTTHbXeeVLCBLfZUTPdKNKNKWe:4&quot;
&gt;
Become an affiliate
&lt;/a&gt;
&lt;script nonce=&quot;Y346mIyU7Ic0W43&quot;&gt;
document.querySelector(&#039;.footer_become_affiliate&#039;).addEventListener(&#039;blur&#039;, function() {
window.BUI.getInstance(this, &#039;Tooltip&#039;).hide();
})
&lt;/script&gt;
&lt;/li&gt;
&lt;li class=&quot;footer-top-link&quot;&gt;
&lt;a
href=&quot;https://business.booking.com/&quot;
class=&quot;tracked&quot;
data-google-track=&quot;Click/Action: searchresults/BBTool Footer BBZ&quot;
data-et-click=&quot;customGoal:YTTHbXeeVLCBLfZUTPdKNKNKWe:5&quot;
&gt;
Booking.com for Business
&lt;/a&gt;
&lt;/li&gt;
&lt;/ul&gt;
&lt;/div&gt;
&lt;/div&gt;
&lt;/div&gt;
&lt;div class=&quot;footerconstraint-inner&quot;&gt;
&lt;div id=&quot;footer&quot; class=&quot;footer-navigation-links-wrapper clearfix&quot; role=&quot;navigation&quot;&gt;
&lt;div id=&quot;footer_links&quot; class=&quot;footer-navigation-links&quot;&gt;
&lt;div class=&quot;footer-navigation-links-column footer-seo-links-to-html-sitemaps&quot;&gt;
&lt;ul class=&quot;footer-navigation-links-list&quot;&gt;
&lt;li class=&quot;footer-navigation-link&quot;&gt;
&lt;a href=&quot;https://www.booking.com/country.html&quot; data-ga=&quot;seoindexlinks&quot; rel=&quot;nofollow&quot;&gt;
Countries
&lt;/a&gt;
&lt;/li&gt;
&lt;li class=&quot;footer-navigation-link&quot;&gt;
&lt;a href=&quot;https://www.booking.com/region.html&quot; data-ga=&quot;seoindexlinks&quot; rel=&quot;nofollow&quot;&gt;
Regions
&lt;/a&gt;
&lt;/li&gt;
&lt;li class=&quot;footer-navigation-link&quot;&gt;
&lt;a href=&quot;https://www.booking.com/city.html&quot; data-ga=&quot;seoindexlinks&quot; rel=&quot;nofollow&quot;&gt;
Cities
&lt;/a&gt;
&lt;/li&gt;
&lt;li class=&quot;footer-navigation-link&quot;&gt;
&lt;a href=&quot;https://www.booking.com/district.html&quot; data-ga=&quot;seoindexlinks&quot; rel=&quot;nofollow&quot;&gt;
Districts
&lt;/a&gt;
&lt;/li&gt;
&lt;li class=&quot;footer-navigation-link&quot;&gt;
&lt;a href=&quot;https://www.booking.com/airport.html&quot; data-ga=&quot;seoindexlinks&quot; rel=&quot;nofollow&quot;&gt;
Airports
&lt;/a&gt;
&lt;/li&gt;
&lt;li class=&quot;footer-navigation-link&quot;&gt;
&lt;a href=&quot;https://www.booking.com/hotel/index.html&quot; data-ga=&quot;seoindexlinks&quot; rel=&quot;nofollow&quot;&gt;
Hotels
&lt;/a&gt;
&lt;/li&gt;
&lt;li class=&quot;footer-navigation-link&quot;&gt;
&lt;a href=&quot;https://www.booking.com/landmark.html&quot; data-ga=&quot;seoindexlinks&quot; rel=&quot;nofollow&quot;&gt;
Places of interest
&lt;/a&gt;
&lt;/li&gt;
&lt;/ul&gt;
&lt;/div&gt;
&lt;div class=&quot;footer-navigation-links-column&quot;&gt;
&lt;ul class=&quot;footer-navigation-links-list footer-seo-links-to-index&quot;&gt;
&lt;li class=&quot;footer-navigation-link&quot;&gt;
&lt;a href=&quot;https://www.booking.com/booking-home/index.html&quot; data-ga=&quot;booking-home&quot;&gt;
Homes
&lt;/a&gt;
&lt;/li&gt;
&lt;li class=&quot;footer-navigation-link&quot;&gt;
&lt;a href=&quot;https://www.booking.com/apartments/index.html&quot; data-ga=&quot;apartments&quot;&gt;
Apartments
&lt;/a&gt;
&lt;/li&gt;
&lt;li class=&quot;footer-navigation-link&quot;&gt;
&lt;a href=&quot;https://www.booking.com/resorts/index.html&quot; data-ga=&quot;resorts&quot;&gt;
Resorts
&lt;/a&gt;
&lt;/li&gt;
&lt;li class=&quot;footer-navigation-link&quot;&gt;
&lt;a href=&quot;https://www.booking.com/villas/index.html&quot; data-ga=&quot;villas&quot;&gt;
Villas
&lt;/a&gt;
&lt;/li&gt;
&lt;li class=&quot;footer-navigation-link&quot;&gt;
&lt;a href=&quot;https://www.booking.com/hostels/index.html&quot; data-ga=&quot;hostels&quot;&gt;
Hostels
&lt;/a&gt;
&lt;/li&gt;
&lt;li class=&quot;footer-navigation-link&quot;&gt;
&lt;a href=&quot;https://www.booking.com/bed-and-breakfast/index.html&quot; data-ga=&quot;bed_and_breakfast&quot;&gt;
B&amp;amp;Bs
&lt;/a&gt;
&lt;/li&gt;
&lt;li class=&quot;footer-navigation-link&quot;&gt;
&lt;a href=&quot;https://www.booking.com/guest-house/index.html&quot; data-ga=&quot;guest_house&quot;&gt;
Guest houses
&lt;/a&gt;
&lt;/li&gt;
&lt;/ul&gt;
&lt;/div&gt;
&lt;div class=&quot;footer-navigation-links-column&quot;&gt;
&lt;ul class=&quot;footer-navigation-links-list&quot;&gt;
&lt;li class=&quot;footer-navigation-link&quot;&gt;
&lt;a href=&quot;https://www.booking.com/accommodations.html&quot; data-ga=&quot;accommodations&quot;&gt;
Unique places to stay
&lt;/a&gt;
&lt;/li&gt;
&lt;li class=&quot;footer-navigation-link&quot;&gt;
&lt;a href=&quot;https://www.booking.com/reviews
.html
&quot; data-ga=&quot;seoindexlinks&quot; class=&quot;js-reviews-footer-link&quot;&gt;
Reviews
&lt;/a&gt;
&lt;/li&gt;
&lt;div data-et-view=&quot;  BHDTJdReLLCBLZBeMbFMOFIbeDUHYKe:1 BHDTJdReLLCBLZBeMbFMOFIbeDUHYKe:3 &quot;&gt;&lt;/div&gt;
&lt;li class=&quot;footer-navigation-link&quot;&gt;
&lt;a href=&quot;https://www.booking.com/extended-stays/index.html&quot; data-ga=&quot;extended-stays&quot;&gt;
Discover monthly stays
&lt;/a&gt;
&lt;/li&gt;
&lt;li class=&quot;footer-navigation-link&quot;&gt;
&lt;a href=&quot;https://booking.com/articles.html&quot; type=&quot;nav&quot; location=&quot;main-site-footer&quot; category=&quot;articles-link&quot;&gt;
Unpacked: Travel articles
&lt;/a&gt;
&lt;/li&gt;
&lt;li class=&quot;footer-navigation-link&quot;&gt;
&lt;a href=&quot;https://www.booking.com/deals/index.html&quot;
title=&quot;Seasonal and holiday deals&quot;&gt;
Seasonal and holiday deals
&lt;/a&gt;
&lt;/li&gt;
&lt;li class=&quot;footer-navigation-link&quot;&gt;
&lt;a href=&quot;https://www.booking.com/traveller-awards/index.html&quot;&gt;
Traveller Review Awards
&lt;/a&gt;
&lt;/li&gt;
&lt;/ul&gt;
&lt;/div&gt;
&lt;div class=&quot;footer-navigation-links-column&quot;&gt;
&lt;ul class=&quot;footer-navigation-links-list&quot;&gt;
&lt;li class=&quot;footer-navigation-link&quot;&gt;
&lt;a rel=&quot;nofollow&quot; href=&quot;http://cars.booking.com/Home.do?affiliateCode=booking-com&amp;adplat=footer&amp;preflang=en&quot; target=&quot;_blank&quot; data-google-track=&quot;Click/Rental cars footer link click (loy_footer_rentalcars_copy: 0)/searchresults&quot; data-ga-track=&quot;click|pageview:/outgoinglink/traveljigsaw/en&quot;&gt;
Car rental
&lt;/a&gt;
&lt;/li&gt;
&lt;li class=&quot;footer-navigation-link&quot;&gt;
&lt;a rel=&quot;nofollow&quot; href=&quot;https://booking.com/pxgo?url=https%3A%2F%2Fbooking.kayak.com%2Fin&amp;lang=en&amp;aid=304142&amp;token=UmFuZG9tSVYkc2RlIyh9YY_oTPIGnIwxsTOANoogQKFnLgOF5Le9MfbI2ztS601FR63WZET0qTv_LdtVh28GtIqqQhOArA-dPGAokKS99V5rINeV3iBz4jMgKvGCdmSMRuHQlCAzXAZIyZj71giiKjxzmJs5GS7sxxr_EpCLNj1P6JIWcgQKhcmDNDEanJ_HZAQG-UhB0BTBJVeTBdCDdqMqINgbzuh9d8r237Yy24ver_TJmdS0bieXM2d5DIDLSo_xhzqzxPJj9OnrOIInwnilhiEtTp2EDfix7EX9p5gsQP-VeNU-6rEhA_lEFnbem7YRqZhc5aA5x4RvDlwJiCaLFlgpkOWp&quot; target=&quot;_blank&quot;
data-google-track=&quot;Click/Kayak footer link/searchresults&quot;
data-ga-track=&quot;click|pageview:/outgoinglink/kayaklink&quot;
&gt;
Flight finder
&lt;/a&gt;
&lt;/li&gt;
&lt;li class=&quot;footer-navigation-link&quot;&gt;
&lt;a rel=&quot;nofollow&quot; href=&quot;http://www.opentable.com?ref=16087&quot; target=&quot;_blank&quot; data-google-track=&quot;Click/Opentable footer link/searchresults&quot; data-ga-track=&quot;click|pageview:/outgoinglink/opentablelink&quot;&gt;
Restaurant reservations
&lt;/a&gt;
&lt;/li&gt;
&lt;li class=&quot;footer-navigation-link&quot;&gt;
&lt;a href=&quot;
https://www.booking.com/affiliate-program/v2/index.html
&quot; title=&quot;Booking.com for Travel Advisers&quot; data-ga-track=&quot;click|pageview:/internallink/partner/footer/adviserslink/searchresults/en-us&quot;&gt;
Booking.com for Travel Agents
&lt;/a&gt;
&lt;/li&gt;
&lt;/ul&gt;
&lt;/div&gt;
&lt;div class=&quot;footer-navigation-links-column&quot;&gt;
&lt;ul class=&quot;footer-navigation-links-list&quot;&gt;
&lt;li class=&quot;footer-navigation-link&quot;&gt;
&lt;a href=&quot;https://www.booking.com/covid-19-booking-faqs.html&quot;&gt;
Coronavirus (COVID-19) FAQs
&lt;/a&gt;
&lt;/li&gt;
&lt;li class=&quot;footer-navigation-link&quot;&gt;
&lt;a href=&quot;https://www.booking.com/content/about.html&quot;&gt;About Booking.com&lt;/a&gt;
&lt;/li&gt;
&lt;li class=&quot;footer-navigation-link&quot;&gt;
&lt;a
href=&quot;https:&amp;#47;&amp;#47;secure.booking.com&amp;#47;help.html#/?source=footer_navigation&quot;
data-et-click=&quot;customGoal:YTTHbXeeVLCBLfZUTPdKNKNKWe:3&quot;
data-ga-track=&quot;click|Click|Action: searchresults|hc_entrypoint_footer_navigation&quot;
&gt;
Customer Service Help
&lt;/a&gt;
&lt;/li&gt;
&lt;li class=&quot;footer-navigation-link&quot;&gt;
&lt;a href=&quot;https://partner.booking.com/en-gb?utm_campaign=footer_list&amp;amp;utm_medium=frontend_footer&amp;amp;utm_source=booking.com&quot;&gt;
Partner help
&lt;/a&gt;
&lt;/li&gt;
&lt;li class=&quot;footer-navigation-link&quot;&gt;
&lt;a href=&quot;https://careers.booking.com/?utm_source=corporate&amp;utm_medium=footer&quot; data-ga-track=&quot;click|pageview:/outgoinglink/footer/careerlink/en-us&quot;&gt;
Careers
&lt;/a&gt;
&lt;/li&gt;
&lt;li class=&quot;footer-navigation-link&quot;&gt;
&lt;a href=&quot;https://sustainability.booking.com/&quot; data-ga-track=&quot;click|pageview:/outgoinglink/footer/sustainabilitylink/en-us&quot;&gt;
Sustainability
&lt;/a&gt;
&lt;/li&gt;
&lt;li class=&quot;footer-navigation-link&quot;&gt;
&lt;a class=&quot;tracked&quot; data-google-track=&quot;Click/Action: about_us/press&quot; href=&quot;https://news.booking.com/en-us/&quot;&gt;
Press Center
&lt;/a&gt;
&lt;/li&gt;
&lt;li class=&quot;footer-navigation-link&quot;&gt;
&lt;a
href=&quot;https://www.booking.com/trust-and-safety.html&quot;
class=&quot;tracked&quot;
&gt;
Safety Resource Center
&lt;/a&gt;
&lt;/li&gt;
&lt;li class=&quot;footer-navigation-link&quot;&gt;
&lt;a class=&quot;tracked&quot; data-google-track=&quot;Click/Action: about_us/investor_relations&quot; href=&quot;https://www.bookingholdings.com/&quot;&gt;
Investor relations
&lt;/a&gt;
&lt;/li&gt;
&lt;li class=&quot;footer-navigation-link&quot;&gt;
&lt;a href=&quot;https://www.booking.com/content/terms.html&quot;&gt;
Terms &amp;amp; Conditions
&lt;/a&gt;
&lt;/li&gt;
&lt;li class=&quot;footer-navigation-link&quot;&gt;
&lt;a href=&quot;https://secure.booking.com/content/complaints.html&quot;&gt;
Partner dispute
&lt;/a&gt;
&lt;/li&gt;
&lt;li class=&quot;footer-navigation-link&quot;&gt;
&lt;a href=&quot;https://www.booking.com/content/how_we_work.html&quot;&gt;
How We Work
&lt;/a&gt;
&lt;/li&gt;
&lt;li class=&quot;footer-navigation-link&quot;&gt;
&lt;a href=&quot;https://www.booking.com/content/privacy.html&quot;&gt;
Privacy &amp; cookie statement
&lt;/a&gt;
&lt;/li&gt;
&lt;li class=&quot;footer-navigation-link&quot;&gt;
&lt;a href=&quot;https://www.bookingholdings.com/about/compliance-and-ethics/&quot;&gt;
MSA statement
&lt;/a&gt;
&lt;/li&gt;
&lt;li
class=&quot;footer-navigation-link&quot;
data-ga-track=&quot;click|CSIR|CS|footer_link_contact_us&quot;
&gt;
&lt;a href=&quot;https://www.booking.com/content/contact-us.html&quot;&gt;
Corporate contact
&lt;/a&gt;
&lt;/li&gt;
&lt;li class=&quot;footer-navigation-link&quot;&gt;
&lt;a href=&quot;https://www.booking.com/content-moderation-policy/overview-page.html&quot; data-et-click=&quot;customGoal:THHSOJZTOeTFKMOaVRVKaMUHYbTLZBeMGKSaT:1&quot;&gt;
Content guidelines
&lt;/a&gt;
&lt;/li&gt;
&lt;/ul&gt;
&lt;/div&gt;
&lt;/div&gt;
&lt;/div&gt;&lt;/div&gt;
&lt;div role=&quot;region&quot; aria-label=&quot;Get the FREE Booking.com app now&quot; class=&quot;local_info_bot footerconstraint-inner&quot;&gt;&lt;div class=&quot;local_info_bot_inner&quot;&gt;
&lt;div class=&quot;extranet_link_container&quot;&gt;
&lt;a
class=&quot;extranet_link&quot;
href=&quot;https://admin.booking.com/?lang=xu&amp;utm_source=extranet_login_footer&amp;utm_medium=frontend&amp;utm_campaign=login_footer_v0&quot;
data-ga-track=&quot;click|Footer|Click - Extranet login|searchresults&quot;
data-et-click=&quot;customGoal:YTTHbXeeVLCBLfZUTPdKNKNKWe:2&quot;
&gt;
Extranet Log-in
&lt;/a&gt;
&lt;/div&gt;
&lt;div class=&quot;footercopyright &quot;&gt;
&lt;div class=&quot;whitebar&quot;&gt;
&lt;div class=&quot;copyright_text&quot;&gt;
Copyright &amp;copy; 1996&amp;ndash;2023
Booking.com&amp;trade;. All rights reserved.
&lt;/div&gt;
&lt;/div&gt;
&lt;/div&gt;
&lt;/div&gt;
&lt;div style=&quot;clear:both;&quot;&gt;&amp;#160;&lt;/div&gt;
&lt;/div&gt;
&lt;div class=&quot;footer-logos footerconstraint-inner&quot;&gt;
&lt;div class=&quot;footer__priceline&quot;&gt;
&lt;p class=&quot;footer__priceline__title&quot;&gt;Booking.com is part of Booking Holdings Inc., the world leader in online travel and related services.
&lt;/p&gt;
&lt;div class=&quot;footer__priceline__list&quot;&gt;
&lt;ul&gt;
&lt;li&gt;
&lt;img
src=&quot;https://cf.bstatic.com/static/img/tfl/group_logos/logo_booking/27c8d1832de6a3123b6ee45b59ae2f81b0d9d0d0.png&quot; 
title=&quot;Booking.com&quot;
alt=&quot;Booking.com&quot;
height=&quot;26&quot;
width=&quot;91&quot;
&gt;
&lt;/img&gt;
&lt;/li&gt;
&lt;li&gt;
&lt;img
src=&quot;https://cf.bstatic.com/static/img/tfl/group_logos/logo_priceline/f80e129541f2a952d470df2447373390f3dd4e44.png&quot; 
title=&quot;Priceline&quot;
alt=&quot;Priceline&quot;
height=&quot;26&quot;
width=&quot;91&quot;
&gt;
&lt;/li&gt;
&lt;li&gt;
&lt;img
src=&quot;https://cf.bstatic.com/static/img/tfl/group_logos/logo_kayak/83ef7122074473a6566094e957ff834badb58ce6.png&quot; 
title=&quot;Kayak&quot;
alt=&quot;Kayak&quot;
height=&quot;26&quot;
width=&quot;79&quot;
&gt;
&lt;/li&gt;
&lt;li&gt;
&lt;img
src=&quot;https://cf.bstatic.com/static/img/tfl/group_logos/logo_agoda/1c9191b6a3651bf030e41e99a153b64f449845ed.png&quot; 
title=&quot;Agoda&quot;
alt=&quot;Agoda&quot;
height=&quot;26&quot;
width=&quot;70&quot;
&gt;
&lt;/li&gt;
&lt;li&gt;
&lt;img
src=&quot;https://cf.bstatic.com/static/img/tfl/group_logos/logo_rentalcars/6bc5ec89d870111592a378bbe7a2086f0b01abc4.png&quot; 
title=&quot;Rentalcars&quot;
alt=&quot;Rentalcars&quot;
height=&quot;26&quot;
width=&quot;109&quot;
&gt;
&lt;/li&gt;
&lt;li&gt;
&lt;img
src=&quot;https://cf.bstatic.com/static/img/tfl/group_logos/logo_opentable/a4b50503eda6c15773d6e61c238230eb42fb050d.png&quot; 
title=&quot;OpenTable&quot;
alt=&quot;OpenTable&quot;
height=&quot;26&quot;
width=&quot;95&quot;
&gt;
&lt;/li&gt;
&lt;/ul&gt;
&lt;/div&gt;
&lt;/div&gt;
&lt;/div&gt;
&lt;/div&gt;
&lt;/div&gt;
&lt;/div&gt;
&lt;div
id=&quot;revc_write_a_review_login_intro&quot;
style=&quot;display:none;&quot;
tabindex=&quot;-1&quot;
&gt;
&lt;span class=&quot;invisible_spoken&quot;&gt;Start of dialog content&lt;/span&gt;
&lt;div class=&quot;intro_header&quot;&gt;
&lt;h2 class=&quot;bui-modal__title&quot;&gt;Verified reviews from real guests.&lt;/h2&gt;
&lt;p class=&quot;bui-modal__paragraph&quot;&gt;We have more than 70 million property reviews, all from &lt;strong&gt;real, verified guests&lt;/strong&gt;.&lt;/p&gt;
&lt;/div&gt;
&lt;div class=&quot;rlp-intro&quot;&gt;
&lt;div class=&quot;rlp-intro__container clearfix&quot;&gt;
&lt;h2 class=&quot;rlp-intro__title rlp-intro__a11y-exp-title&quot;&gt;How does it work?&lt;/h2&gt;
&lt;ul class=&quot;rlp-intro-how a11y_contrast_blue_gray&quot;&gt;
&lt;li class=&quot;rlp-intro-how__item fl&quot;&gt;
&lt;div class=&quot;rlp-intro-how__container rlp-intro-how__container--tickfull&quot;&gt;
&lt;div class=&quot;rlp-intro-how__sub-container&quot;&gt;
&lt;p class=&quot;rlp-intro-how__num rlp-intro-how__num--tickfull&quot;&gt;1&lt;/p&gt;
&lt;p class=&quot;rlp-intro-how__icon bicon-tickfull&quot; aria-hidden=&quot;true&quot;&gt;&lt;/p&gt;
&lt;/div&gt;
&lt;/div&gt;
&lt;h3 class=&quot;rlp-intro-how__title rlp-intro-how__a11y-exp-title&quot;&gt;It starts with a booking&lt;/h3&gt;
&lt;span class=&quot;rlp-intro-how__title rlp-intro-how__caption&quot;&gt;It starts with a booking&lt;/span&gt;
&lt;p class=&quot;rlp-intro-how__desc&quot;&gt;The only way to leave a review is to first make a booking. That&#039;s how we know our reviews come from real guests who have stayed at the property.&lt;/p&gt;
&lt;/li&gt;
&lt;li class=&quot;rlp-intro-how__arrow fl&quot; aria-hidden=&quot;true&quot;&gt;
&lt;p class=&quot;rlp-intro-how__arrow-icon bicon-rightchevron&quot;&gt;&lt;/p&gt;
&lt;/li&gt;
&lt;li class=&quot;rlp-intro-how__item fl&quot;&gt;
&lt;div class=&quot;rlp-intro-how__container rlp-intro-how__container--citytrip&quot;&gt;
&lt;div class=&quot;rlp-intro-how__sub-container&quot;&gt;
&lt;p class=&quot;rlp-intro-how__num rlp-intro-how__num--citytrip&quot;&gt;2&lt;/p&gt;
&lt;p class=&quot;rlp-intro-how__icon bicon-citytrip&quot; aria-hidden=&quot;true&quot;&gt;&lt;/p&gt;
&lt;/div&gt;
&lt;/div&gt;
&lt;h3 class=&quot;rlp-intro-how__title rlp-intro-how__a11y-exp-title&quot;&gt;Followed by a trip&lt;/h3&gt;
&lt;span class=&quot;rlp-intro-how__title rlp-intro-how__caption&quot;&gt;Followed by a trip&lt;/span&gt;
&lt;p class=&quot;rlp-intro-how__desc&quot;&gt;When guests stay at the property, they check out how quiet the room is, how friendly the staff is, and more.&lt;/p&gt;
&lt;/li&gt;
&lt;li class=&quot;rlp-intro-how__arrow fl&quot; aria-hidden=&quot;true&quot;&gt;
&lt;p class=&quot;rlp-intro-how__arrow-icon bicon-rightchevron&quot;&gt;&lt;/p&gt;
&lt;/li&gt;
&lt;li class=&quot;rlp-intro-how__item fl&quot;&gt;
&lt;div class=&quot;rlp-intro-how__container rlp-intro-how__container--feedback&quot;&gt;
&lt;div class=&quot;rlp-intro-how__sub-container&quot;&gt;
&lt;p class=&quot;rlp-intro-how__num rlp-intro-how__num--feedback&quot;&gt;3&lt;/p&gt;
&lt;p class=&quot;rlp-intro-how__icon bicon-feedback&quot; aria-hidden=&quot;true&quot;&gt;&lt;/p&gt;
&lt;/div&gt;
&lt;/div&gt;
&lt;h3 class=&quot;rlp-intro-how__title rlp-intro-how__a11y-exp-title&quot;&gt;And finally, a review&lt;/h3&gt;
&lt;span class=&quot;rlp-intro-how__title rlp-intro-how__caption&quot;&gt;And finally, a review&lt;/span&gt;
&lt;p class=&quot;rlp-intro-how__desc&quot;&gt;After their trip, guests tell us about their stay. We check for naughty words and verify the authenticity of all guest reviews before adding them to our site.&lt;/p&gt;
&lt;/li&gt;
&lt;/ul&gt;
&lt;/div&gt;
&lt;/div&gt;
&lt;p&gt;If you booked through us and want to leave a review, please sign in first.&lt;/p&gt;
&lt;div class=&quot;intro_footer&quot;&gt;
&lt;a href=&quot;https://secure.booking.com/reviewtimeline.html&quot; class=&quot;revc_write_a_review_login_button&quot;&gt;Sign in and leave a review&lt;/a&gt;
&lt;/div&gt;
&lt;span class=&quot;invisible_spoken&quot;&gt;End of dialog content&lt;/span&gt;
&lt;/div&gt;
&lt;div id=&quot;calendar_popup&quot; class=&quot;newcalendar singleCalendar&quot; style=&quot;display:none; &quot;&gt;
&lt;div class=&quot;calendar_popup_title&quot;&gt;&lt;p id=&quot;calendar_check_in_title&quot;&gt;Check-in date&lt;/p&gt;
&lt;p id=&quot;calendar_check_out_title&quot;&gt;Check-out date&lt;/p&gt;
&lt;/div&gt;
&lt;div class=&quot;browseCalendar&quot; &gt;
&lt;a href=&quot;#&quot; class=&quot;prevmonth disabled&quot;&gt;&lt;span&gt;&amp;laquo;&lt;/span&gt;&lt;/a&gt;
&lt;select title=&quot;Check-in date/Check-out date&quot;&gt;
&lt;option class=&quot;b_months&quot; value=&quot;2023-9&quot;&gt;
&lt;/option&gt;
&lt;option class=&quot;b_months&quot; value=&quot;2023-10&quot;&gt;
&lt;/option&gt;
&lt;option class=&quot;b_months&quot; value=&quot;2023-11&quot;&gt;
&lt;/option&gt;
&lt;option class=&quot;b_months&quot; value=&quot;2023-12&quot;&gt;
&lt;/option&gt;
&lt;option class=&quot;b_months&quot; value=&quot;2024-1&quot;&gt;
&lt;/option&gt;
&lt;option class=&quot;b_months&quot; value=&quot;2024-2&quot;&gt;
&lt;/option&gt;
&lt;option class=&quot;b_months&quot; value=&quot;2024-3&quot;&gt;
&lt;/option&gt;
&lt;option class=&quot;b_months&quot; value=&quot;2024-4&quot;&gt;
&lt;/option&gt;
&lt;option class=&quot;b_months&quot; value=&quot;2024-5&quot;&gt;
&lt;/option&gt;
&lt;option class=&quot;b_months&quot; value=&quot;2024-6&quot;&gt;
&lt;/option&gt;
&lt;option class=&quot;b_months&quot; value=&quot;2024-7&quot;&gt;
&lt;/option&gt;
&lt;option class=&quot;b_months&quot; value=&quot;2024-8&quot;&gt;
&lt;/option&gt;
&lt;option class=&quot;b_months&quot; value=&quot;2024-9&quot;&gt;
&lt;/option&gt;
&lt;option class=&quot;b_months&quot; value=&quot;2024-10&quot;&gt;
&lt;/option&gt;
&lt;option class=&quot;b_months&quot; value=&quot;2024-11&quot;&gt;
&lt;/option&gt;
&lt;option class=&quot;b_months&quot; value=&quot;2024-12&quot;&gt;
&lt;/option&gt;
&lt;/select&gt;
&lt;a href=&quot;#&quot; class=&quot;nextmonth&quot;&gt;&lt;span&gt;&amp;raquo;&lt;/span&gt;&lt;/a&gt;
&lt;/div&gt;
&lt;table&gt;
&lt;tbody&gt;
&lt;tr&gt;
&lt;th&gt;Su&lt;/th&gt;
&lt;th&gt;Mo&lt;/th&gt;
&lt;th&gt;Tu&lt;/th&gt;
&lt;th&gt;We&lt;/th&gt;
&lt;th&gt;Th&lt;/th&gt;
&lt;th&gt;Fr&lt;/th&gt;
&lt;th&gt;Sa&lt;/th&gt;
&lt;/tr&gt;
&lt;tr&gt;&lt;td class=&quot;wk&quot;&gt;&amp;nbsp;&lt;/td&gt;&lt;td&gt;&amp;nbsp;&lt;/td&gt;&lt;td&gt;&amp;nbsp;&lt;/td&gt;&lt;td&gt;&amp;nbsp;&lt;/td&gt;&lt;td&gt;&amp;nbsp;&lt;/td&gt;&lt;td class=&quot;wk_ar&quot;&gt;&amp;nbsp;&lt;/td&gt;&lt;td class=&quot;wk wk_ar&quot;&gt;&amp;nbsp;&lt;/td&gt;&lt;/tr&gt;
&lt;tr&gt;&lt;td class=&quot;wk&quot;&gt;&amp;nbsp;&lt;/td&gt;&lt;td&gt;&amp;nbsp;&lt;/td&gt;&lt;td&gt;&amp;nbsp;&lt;/td&gt;&lt;td&gt;&amp;nbsp;&lt;/td&gt;&lt;td&gt;&amp;nbsp;&lt;/td&gt;&lt;td class=&quot;wk_ar&quot;&gt;&amp;nbsp;&lt;/td&gt;&lt;td class=&quot;wk wk_ar&quot;&gt;&amp;nbsp;&lt;/td&gt;&lt;/tr&gt;
&lt;tr&gt;&lt;td class=&quot;wk&quot;&gt;&amp;nbsp;&lt;/td&gt;&lt;td&gt;&amp;nbsp;&lt;/td&gt;&lt;td&gt;&amp;nbsp;&lt;/td&gt;&lt;td&gt;&amp;nbsp;&lt;/td&gt;&lt;td&gt;&amp;nbsp;&lt;/td&gt;&lt;td class=&quot;wk_ar&quot;&gt;&amp;nbsp;&lt;/td&gt;&lt;td class=&quot;wk wk_ar&quot;&gt;&amp;nbsp;&lt;/td&gt;&lt;/tr&gt;
&lt;tr&gt;&lt;td class=&quot;wk&quot;&gt;&amp;nbsp;&lt;/td&gt;&lt;td&gt;&amp;nbsp;&lt;/td&gt;&lt;td&gt;&amp;nbsp;&lt;/td&gt;&lt;td&gt;&amp;nbsp;&lt;/td&gt;&lt;td&gt;&amp;nbsp;&lt;/td&gt;&lt;td class=&quot;wk_ar&quot;&gt;&amp;nbsp;&lt;/td&gt;&lt;td class=&quot;wk wk_ar&quot;&gt;&amp;nbsp;&lt;/td&gt;&lt;/tr&gt;
&lt;tr&gt;&lt;td class=&quot;wk&quot;&gt;&amp;nbsp;&lt;/td&gt;&lt;td&gt;&amp;nbsp;&lt;/td&gt;&lt;td&gt;&amp;nbsp;&lt;/td&gt;&lt;td&gt;&amp;nbsp;&lt;/td&gt;&lt;td&gt;&amp;nbsp;&lt;/td&gt;&lt;td class=&quot;wk_ar&quot;&gt;&amp;nbsp;&lt;/td&gt;&lt;td class=&quot;wk wk_ar&quot;&gt;&amp;nbsp;&lt;/td&gt;&lt;/tr&gt;
&lt;tr&gt;&lt;td class=&quot;wk&quot;&gt;&amp;nbsp;&lt;/td&gt;&lt;td&gt;&amp;nbsp;&lt;/td&gt;&lt;td&gt;&amp;nbsp;&lt;/td&gt;&lt;td&gt;&amp;nbsp;&lt;/td&gt;&lt;td&gt;&amp;nbsp;&lt;/td&gt;&lt;td class=&quot;wk_ar&quot;&gt;&amp;nbsp;&lt;/td&gt;&lt;td class=&quot;wk wk_ar&quot;&gt;&amp;nbsp;&lt;/td&gt;&lt;/tr&gt;
&lt;/tbody&gt;
&lt;/table&gt;
&lt;span class=&quot;calendar_close&quot;&gt;Close calendar&lt;/span&gt;
&lt;/div&gt;
&lt;script nonce=&quot;Y346mIyU7Ic0W43&quot;&gt; if( window.performance &amp;&amp; performance.measure &amp;&amp; &#039;b-pre-scripts&#039;) { performance.measure(&#039;b-pre-scripts&#039;); } &lt;/script&gt; 
&lt;script nonce=&quot;Y346mIyU7Ic0W43&quot;&gt;
var B = booking = window.booking || {};
var booking_extra = {
pageview_id: &#039;7c9c48ada4eb027a&#039;,
b_aid: &#039;304142&#039;,
b_stid: &#039;304142&#039;,
b_lang_for_url: &#039;en-us&#039;,
b01: 1,
b_gtt: &quot;dLYAeZFVJfNTBBFWZBMHMJBXVJfcfHCfBSSUdRKe&quot;,
b_ch: &#039;d&#039;,
b_site_type_id: &#039;1&#039;,
b_action: &#039;searchresults&#039;
};
&lt;/script&gt;
&lt;script nonce=&quot;Y346mIyU7Ic0W43&quot;&gt;
if (&#039;serviceWorker&#039; in navigator &amp;&amp; navigator.serviceWorker.getRegistrations) {
navigator.serviceWorker.getRegistrations().then(function(registrations) {
registrations.forEach(function(registration) {
registration.unregister();
});
});
}
&lt;/script&gt;
&lt;script nonce=&quot;Y346mIyU7Ic0W43&quot;&gt;
(function(){
(function(){
var et=function(){&quot;use strict&quot;;var s,c={level:0},f={experiment:&quot;e&quot;,stage:&quot;s&quot;,goal:&quot;g&quot;,customGoal:&quot;cg&quot;,goalWithValue:&quot;gwv&quot;},r=[],o=function(){var n,r={},o=&quot;&quot;;function t(){var e,t=o;o=Object.keys(r).join(&quot;,&quot;),(n||(n=document.getElementById(&quot;req_info&quot;)))&amp;&amp;(n.innerHTML!==t&amp;&amp;(e=n.innerHTML,r=e.split(&quot;,&quot;).reduce(function(e,t){return e[t]=!0,e},r),o=Object.keys(r).join(&quot;,&quot;)),n.innerHTML=o)}function i(e){r[e]=!0}return{populate:function(e){i(e),&quot;string&quot;==typeof e?(i(e),t()):e instanceof Array&amp;&amp;(e.forEach(i),t())}}}(),i=function(){var r,o=!1,i=[],n=[],e=0;function a(){c.level&amp;&amp;c.report(c.events.BEACON_SENT,i),o=!1,e=0,r=null,i.length&amp;&amp;l()}function u(){o=!1,r=null,10&lt;=++e?n=[]:(i=i.concat(n),n=[],r=window.setTimeout(l,100*e))}function l(){c.level&amp;&amp;c.report(c.events.SEND_BEACON,i.slice(0)),o=!0;var e=s+&quot;&amp;&quot;+function(e){for(var t,n=[],r=[],o=[],i=[],a=[],u=0,l=e.length;u&lt;l;++u)switch((t=e[u]).what){case f.experiment:n.push(t.hash);break;case f.stage:a.push(t.hash+&quot;|&quot;+t.id);break;case f.goal:r.push(t.hash);break;case f.customGoal:o.push(t.hash+&quot;|&quot;+t.id);break;case f.goalWithValue:var s=b(t.hash);s&amp;&amp;i.push(s);break;default:c.level&amp;&amp;c.report(c.events.UNABLE_TO_STRINGIFY,t)}return&quot;ete=&quot;+n.join(&quot;,&quot;)+&quot;&amp;etg=&quot;+r.join(&quot;,&quot;)+&quot;&amp;etcg=&quot;+o.join(&quot;,&quot;)+&quot;&amp;ets=&quot;+a.join(&quot;,&quot;)+&quot;&amp;etgwv=&quot;+i.join(&quot;,&quot;)}(n=i);N.m&amp;&amp;(e+=&quot;&amp;m=&quot;+encodeURIComponent(N.m)),i=[];try{!function(e){var t,n=e.url,r=e.complete||function(){},o=e.headers||{},i=XMLHttpRequest.DONE||4,a=new XMLHttpRequest;if(!n)return;if(a.open(&quot;GET&quot;,n,!0),o)for(t in o)o.hasOwnProperty(t)&amp;&amp;a.setRequestHeader(t,&quot;function&quot;==typeof o[t]?o[t].call():o[t]);a.onreadystatechange=function(){a.readyState===i&amp;&amp;r(a,a.status)},a.send()}({url:e,complete:function(e,t){200===t?a():u()},headers:w})}catch(e){var t=new Image;t.onload=a,t.onerror=u,t.src=s}}return function(e,t,n){c.level&amp;&amp;c.report(c.events.INIT_BEACON,e,t,n),i.push({what:e,hash:t,id:n}),o||r?c.level&amp;&amp;c.report(c.events.DEFER_BEACON,i):r=window.setTimeout(l,0)}}(),a={},h=300,u=!1,p={},v=[],g=!1,l=!1,d=!1,m=!1,w={},T=!1,E=!1,n=!1,N={r:{},t:{},f:{}};N.r||(N.r={}),N.f||(N.f={}),N.t||(N.t={});var _={},y=50;function b(e){if(_[e]&amp;&amp;_[e][0].length){var t=_[e][0],n=_[e][1],r=[e,t.join(&quot;:&quot;)];return n.length&amp;&amp;r.push(n.join(&quot;:&quot;)),[].push.apply(n,t.splice(0,t.length)),r.join(&quot;|&quot;)}}function A(e,t,n){return(e===f.experiment||e===f.goal?[e,t]:[e,t,n]).join(&quot;-&quot;)}function I(e){if(!d)return e;if(a[e])return a[e];for(var t=2166136261,n=0,r=e.length;n&lt;r;++n)t+=(t&lt;&lt;1)+(t&lt;&lt;4)+(t&lt;&lt;7)+(t&lt;&lt;8)+(t&lt;&lt;24),t^=e.charCodeAt(n);return a[e]=(t&gt;&gt;&gt;0).toString(16)}function O(e,t,n){if(c.level&amp;&amp;c.report(c.events.TRACKING_ATTEMPT,{what:e,hash:t,id:n,variant:(e===f.experiment||e===f.stage)&amp;&amp;W(t)}),R(e,t,n))switch(e){case f.experiment:C(f.experiment,t),o.populate(t),N.m&amp;&amp;r.push(t),i(f.experiment,t);break;case f.stage:C(f.stage,t,n),o.populate(t+&quot;|&quot;+n),N.m&amp;&amp;r.push(t+&quot;|&quot;+n),i(f.stage,t,n);break;case f.goal:C(f.goal,t),i(f.goal,t);break;case f.customGoal:C(f.customGoal,t,n),i(f.customGoal,t,n);break;case f.goalWithValue:(function(e,t){_[e]||(_[e]=[[],[]]);var n=_[e][0];if(_[e][1].length&lt;=y+10)return n.push(t),!0})(t,n)&amp;&amp;i(f.goalWithValue,t,n);break;default:c.level&amp;&amp;c.report(c.events.TRACK_UNKNOWN_ITEM,e,t,n)}return e!==f.experiment||W(t)}function C(e,t,n){p[A(e,t,n)]=!0}function R(e,t,n){if(m)return!1;c.level&amp;&amp;c.report(c.events.SHOULD_TRACK,e,t,n);var r,o,i={what:e,hash:t,id:n,variant:(e===f.experiment||e===f.stage)&amp;&amp;W(t)};if(p[A(e,t,n)])return c.level&amp;&amp;c.report(c.events.NOT_TRACKING_WAS_TRACKED,i),!1;if(e===f.experiment||e===f.stage){if(o=1&lt;&lt;(n||0),r=I(t),N.f[r])return c.level&amp;&amp;c.report(c.events.NOT_TRACKING_FULLON,i),!1;if(void 0===N.r[r])return c.level&amp;&amp;c.report(c.events.NOT_TRACKING_NOT_RUNNING,i),!1;if(N.t[r]&amp;o)return C(e,t,n),c.level&amp;&amp;c.report(c.events.NOT_TRACKING_WAS_TRACKED,i),!1}else if(e===f.customGoal){if(r=I(t),N.f[r])return c.level&amp;&amp;c.report(c.events.NOT_TRACKING_FULLON,i),!1;if(void 0===N.r[r])return c.level&amp;&amp;c.report(c.events.NOT_TRACKING_NOT_RUNNING,i),!1}return!0}function G(n,e,r,o,i){c.level&amp;&amp;c.report(c.events.ADD_EVENT_LISTENER,n,e,r,o,i);var a=function(e){{if(&quot;string&quot;==typeof e)return M(document.querySelectorAll(e));if(e instanceof HTMLCollection)return M(e);if(e instanceof NodeList)return M(e);if(e instanceof Element)return[e];if(&quot;[object Array]&quot;===Object.prototype.toString.call(e))return e;if(window.jQuery&amp;&amp;e instanceof jQuery)return e.toArray()}return[]}(e);if(0&lt;a.length)if(&quot;view&quot;===n)!function(e,t,n,r){c.level&amp;&amp;c.report(c.events.ADD_DEBOUNCED_VIEW_HANDLER,e,t,n,r);var o=A(t,n,r);if(p[o])return;v.push([e,t,n,r]),g||(c.level&amp;&amp;c.report(c.events.ATTACH_VIEW_LISTENER,v),L(window,&quot;scroll&quot;,k),L(window,&quot;resize&quot;,k),L(window,&quot;wheel&quot;,k),L(window,&quot;load&quot;,j),window.setTimeout(k,h),T&amp;&amp;T(k),g=!0)}(a[0],r,o,i);else for(var t=0,u=a.length;t&lt;u;t++)L(a[t],n,l);else c.level&amp;&amp;c.report(c.events.NOT_EXISTING_ELEMENT_WONT_ADD_LISTENER,r,o,i);function l(){O(r,o,i);for(var e=0,t=a.length;e&lt;t;e++)V(a[e],n,l)}}function j(){window.setTimeout(k,h)}function k(){if(l){if(u)return;u=setTimeout(function(){u=!1,k()},h)}l=!0;var e,t=[];c.level&amp;&amp;c.report(c.events.CHECK_IF_VISIBLE,v);for(var n=0,r=v.length;n&lt;r;++n)(e=v[n])&amp;&amp;S(e[0])?(c.level&amp;&amp;c.report(c.events.ONVIEW_TRACKING_TRIGGERED,e[1],e[2],e[3]),O(e[1],e[2],e[3])):t.push(e);v=t,c.level&amp;&amp;c.report(c.events.VISIBLE_CHECK_FINISHED,v),0===v.length&amp;&amp;(g=!1,V(window,&quot;scroll&quot;,k),V(window,&quot;resize&quot;,k),V(window,&quot;load&quot;,j),E&amp;&amp;E(k),c.level&amp;&amp;c.report(c.events.DETACH_VIEW_LISTENER)),window.setTimeout(function(){l=!1},h)}function S(e){var t,n,r;return!!e&amp;&amp;(!!e.parentElement&amp;&amp;(!e.getBoundingClientRect||(t=e.getBoundingClientRect(),n=window.innerHeight||document.documentElement.clientHeight,r=window.innerWidth||document.documentElement.clientWidth,!(t.right&lt;0||t.left&gt;r||0===t.top&amp;&amp;0===t.left&amp;&amp;0===t.right&amp;&amp;0===t.bottom)&amp;&amp;t.top&lt;n)))}function L(e,t,n){e.attachEvent?(e[&quot;e&quot;+t+n]=n,e[t+n]=function(){e[&quot;e&quot;+t+n](window.event)},e.attachEvent(&quot;on&quot;+t,e[t+n])):e.addEventListener(t,n,!1)}function V(e,t,n){e.detachEvent?e[t+n]&amp;&amp;(e.detachEvent(&quot;on&quot;+t,e[t+n]),e[t+n]=null):e.removeEventListener(t,n,!1)}function B(n,r,o){return function(e,t){R(o,e,t)?G(n,r,o,e,t):c.level&amp;&amp;c.report(c.events.WONT_ATTACH_EVENT_TRACKING,n,r,o,e,t)}}function D(e,t){return{track:B(e,t,f.experiment),stage:B(e,t,f.stage),goal:B(e,t,f.goal),customGoal:B(e,t,f.customGoal)}}function t(e,t){for(var n in t)t.hasOwnProperty(n)&amp;&amp;(e[n]=t[n])}function H(e){N.f=e.f||{},t(N.r,e.r||{}),t(N.t,e.t||{}),e.m&amp;&amp;!N.m&amp;&amp;(N.m=e.m,r=[])}function W(e){var t=I(e);return N.r[t]||N.f[t]||0}function K(e){if(1&lt;arguments.length)throw&quot;Track only accept one parameter&quot;;if(e)return O(f.experiment,e);if(n)throw&quot;B.et.track: hash value should be a non-empty string&quot;;return 0}function x(e){var t,n=/^(?:(goal|customGoal):)?([a-zA-Z]\w+)?(?::([\d]))?$/,r=[];for(e=e.split(/\s+/),t=0;t&lt;e.length;t++){var o=e[t].match(n),i=o&amp;&amp;o[2],a=o&amp;&amp;o[3],u=o&amp;&amp;o[1]||(a?&quot;stage&quot;:&quot;track&quot;);u&amp;&amp;r.push({hash:i,value:a,action:u})}return r}function M(e){var t,n=[],r=e.length;for(t=0;t&lt;r;t++)n.push(e[t]);return n}function e(){}return e.prototype.track=K,e.prototype.stage=function(e,t){if(!e){if(n)throw&quot;B.et.trackStage: hash value should be a non-empty string&quot;;return!1}if(void 0===t){if(n)throw&quot;B.et.trackStage: stage number should be a number between 1 and 9&quot;;return!1}if(0===t)return K(e);if(/^[1-9]$/.test(t))return O(f.stage,e,t);if(n)throw&quot;B.et.trackStage: stage number should be a number between 1 and 9&quot;;return!1},e.prototype.goal=function(e){if(e)return O(f.goal,e);if(n)throw&quot;B.et.goal: name should be a non-empty string&quot;;return!1},e.prototype.customGoal=function(e,t){if(e&amp;&amp;t&amp;&amp;/^[1-5]$/.test(t))return O(f.customGoal,e,t);if(n){if(!e)throw&quot;B.et.customGoal: hash value should be a non-empty string&quot;;if(!t||!/^[1-5]$/.test(t))throw&quot;B.et.customGoal: custom goal number should be a number between 1 and 5&quot;}return!1},e.prototype.goalWithValue=function(e,t){if(/^js_/.test(e)&amp;&amp;/^-?[0-9]+$/.test(t))return O(f.goalWithValue,e,t);if(n){if(!/^js_/.test(e))throw&quot;B.et.goalWithValue: name should be a non-empty string with prefix js_&quot;;if(!/^-?[0-9]+$/.test(t))throw&quot;B.et.goalWithValue: value should be an integer&quot;}return!1},e.prototype.on=D,e.prototype.set=H,e.prototype.Trackables=f,e.prototype.configure=function(e){e.url&amp;&amp;(s=e.url),e.jset&amp;&amp;H(e.jset),void 0!==e.useFNV&amp;&amp;(d=e.useFNV),void 0!==e.ajaxHeaders&amp;&amp;(w=e.ajaxHeaders),void 0!==e.snt&amp;&amp;(m=e.snt),&quot;function&quot;==typeof e.bindOnView&amp;&amp;(T=e.bindOnView),&quot;function&quot;==typeof e.unbindOnView&amp;&amp;(E=e.unbindOnView),e.isDevServer&amp;&amp;(n=!0)},e.prototype.initAttributesTracking=function(i){var a,u,l,s=[&quot;change&quot;,&quot;click&quot;,&quot;mouseenter&quot;,&quot;focus&quot;,&quot;view&quot;];!function(){if(i&amp;&amp;0!==i.length?i.length&amp;&amp;(i=i[0]):i=document,i&amp;&amp;i.querySelectorAll)for(a=0;a&lt;s.length;a++){l=&quot;data-et-&quot;+(u=s[a]);for(var e=i.querySelectorAll(&quot;[&quot;+l+&quot;]&quot;),t=0;t&lt;e.length;t++){var n=e[t],r=x(n.getAttribute(l)),o=D(u,n);r.forEach(function(e){o&amp;&amp;o[e.action]&amp;&amp;o[e.action](e.hash,e.value)})}}}()},e.prototype.tracked=function(){return r.join(&quot;,&quot;)},e.prototype.registerDebug=function(e){if(0==c.level){var t=!isNaN(e.level),n=&quot;object&quot;==typeof e.events,r=&quot;function&quot;==typeof e.report;t&amp;&amp;n&amp;&amp;r&amp;&amp;(c.level=e.level,c.events=e.events,c.report=e.report)}},new e}();
B.et = et;
}());
var ViewTrackingEvents = (function() {
var desktopEvents = [
&#039;GENERAL:dom_changed&#039;,
&#039;GENERAL:layout_changed&#039;,
&#039;GENERAL:throttled_scroll&#039;,
&#039;GENERAL:throttled_resize&#039;,
&#039;tab-opened&#039;,
&#039;user_access_menu_register_tab&#039;,
&#039;user_access_menu_login_tab&#039;,
&#039;uc_popover_showed&#039;,
&#039;rt-lightbox-open&#039;,
&#039;rt-lightbox-closed&#039;,
&#039;tooltip:show&#039;,
&#039;reviews-sliding:scroll&#039;,
&#039;et-scroll-observer:scroll&#039;
];
var mdotEvents = [
&#039;HP.MAP.OPEN.COMPLETE&#039;,
&#039;HP.block.expand&#039;,
&#039;tabbed_nav:opened&#039;,
&#039;RT.room.page.scrolls&#039;,
&#039;RT.room.expand&#039;,
// START xroom_m_searchbox_rooms_before_guests
&#039;hp_dates_popup_show&#039;,
// END xroom_m_searchbox_rooms_before_guests
&#039;RT.room.select.done&#039;,
&#039;k2.sub.page.opened&#039;,
&#039;k2.sub.page.scrolls&#039;,
&#039;k2.drawerWithNavigation.scrolls&#039;
];
return [].concat(desktopEvents, mdotEvents);
}());
var ajaxHeaders = {
&#039;X-Booking-AID&#039;: &#039;304142&#039;,
&#039;X-Booking-CSRF&#039;: &#039;GmgEZQAAAAA=KHQbciOBhwJlIvbUOMBz4O2VKYA_9C2yKYavXPCmx09fmBu0ywcZkKphUNWHsoVX3PCHY98INw1fNwVmBTaS0Zjmw0EO-jOoQNp1lggzk_LXz67m9FYnoRgZKLr9eK3SdpmZ-yeUbSUbjMkWECjjZVZN4vhr2EdT0K3OLz5g4OIve0IHxRGPb4AMqtDYMgmdU9bWtEBxIJ3oqQ_w&#039;,
&#039;X-Booking-Info&#039;: function(){ return (document &amp;&amp; document.getElementById(&#039;req_info&#039;)) ? document.getElementById(&#039;req_info&#039;).innerHTML : &#039;&#039; },
&#039;X-Booking-Client-Info&#039;: function() { return B.et.tracked() },
&#039;X-Booking-Label&#039;: encodeURIComponent(&#039;gen000nr-10CAQoggJCD2xhbmRtYXJrXzI2MTA2MEgzWARo7AGIAQGYATO4AQXIAQXYAQPoAQH4AQGIAgGoAgG4AtrfkKgGwAIB0gIkOWIzM2E5MTMtNDMwZC00YzZmLTg5Y2ItZmU2OWJjYjc3MDc02AIB4AIB&#039;),
&#039;X-Booking-Language-Code&#039;: &#039;en-us&#039;,
&#039;X-Booking-Pageview-Id&#039;: &#039;7c9c48ada4eb027a&#039;,
&#039;X-Booking-Session-Id&#039;: &#039;90259e8437c6096c4ee27fece820d9ea&#039;,
&#039;X-Booking-SiteType-Id&#039;: &#039;1&#039;,
&#039;X-Partner-Channel-Id&#039;: &#039;3&#039;,
&#039;X-Requested-With&#039;: &#039;XMLHttpRequest&#039;
};
var extraAjaxHeaders = {};
for (var extraAjaxHeader in extraAjaxHeaders) {
if (Object.prototype.hasOwnProperty.call(extraAjaxHeaders, extraAjaxHeader)) {
ajaxHeaders[extraAjaxHeader] = extraAjaxHeaders[extraAjaxHeader];
}
}
var eventsBindedAlready = false;
function bindViewTrackingEvents(onViewHandler) {
if (B.eventEmitter &amp;&amp; !eventsBindedAlready) {
for (var i = 0; i &lt; ViewTrackingEvents.length; i++) {
B.eventEmitter.bind(ViewTrackingEvents[i], onViewHandler);
}
window.addEventListener(&#039;wheel&#039;, onViewHandler)
eventsBindedAlready = true;
}
}
B.et.configure({
url: &quot;/js_tracking&quot;,
noJqueryAjax: true,
noJqueryOn: true,
ajaxHeaders: ajaxHeaders,
snt: true,
bindOnView: function(onViewHandler) {
bindViewTrackingEvents(onViewHandler);
if(document.addEventListener) {
document.addEventListener(&#039;DOMContentLoaded&#039;, function() {
bindViewTrackingEvents(onViewHandler);
});
}
},
unbindOnView: function(onViewHandler) {
if (B.eventEmitter) {
for (var i = 0; i &lt; ViewTrackingEvents.length; i++) {
B.eventEmitter.unbind(ViewTrackingEvents[i], onViewHandler);
}
window.removeEventListener(&#039;wheel&#039;, onViewHandler)
}
},
jset: B.jset || { r: {}, t: {}, f: {}}
});
window.setTimeout(function() {
B.et.initAttributesTracking();
}, 4);
}());
&lt;/script&gt;
&lt;script nonce=&quot;Y346mIyU7Ic0W43&quot;&gt;(function() { function fireJqueryLoadError() { if(!document.getElementById(&#039;req_info&#039;)){ setTimeout(fireJqueryLoadError, 100); return; } window.onerror(&#039;3rd_JQUERY: load error - &#039; + &#039;https://cf.bstatic.com/static/js/jquery_cloudfront_sd/e1e8c0e862309cb4caf3c0d5fbea48bfb8eaad42.js&#039;, 1, 1); }; document.addEventListener(&#039;error&#039;, function(e) { if (e.target &amp;&amp; e.target.classList.contains(&#039;jquery-script-tag&#039;)) { fireJqueryLoadError(); } }, true); })(); &lt;/script&gt;
&lt;script src=&quot;https://cf.bstatic.com/static/js/jquery_cloudfront_sd/e1e8c0e862309cb4caf3c0d5fbea48bfb8eaad42.js&quot; class=&quot;jquery-script-tag&quot; crossorigin nonce=&quot;Y346mIyU7Ic0W43&quot;&gt;&lt;/script&gt;
&lt;script nonce=&quot;Y346mIyU7Ic0W43&quot;&gt; if ( this.$ &amp;&amp; $.fn &amp;&amp; $.fn.bind ) { $( this.document.body ).bind( &#039;submit&#039;, function( evt ) { var win = Function( &#039;return this&#039; )(), token = &#039;GmgEZQAAAAA=KHQbciOBhwJlIvbUOMBz4O2VKYA_9C2yKYavXPCmx09fmBu0ywcZkKphUNWHsoVX3PCHY98INw1fNwVmBTaS0Zjmw0EO-jOoQNp1lggzk_LXz67m9FYnoRgZKLr9eK3SdpmZ-yeUbSUbjMkWECjjZVZN4vhr2EdT0K3OLz5g4OIve0IHxRGPb4AMqtDYMgmdU9bWtEBxIJ3oqQ_w&#039;, input = win.document.createElement( &#039;input&#039; ), check = win.document.createElement( &#039;input&#039; ), form = $( evt.target ); if ( ! form.find( &#039;[name=&quot;bhc_csrf_token&quot;]&#039; ).length &amp;&amp; ( form.attr( &#039;method&#039; ) || &#039;&#039; ).toLowerCase() === &#039;post&#039; ) { input.type = &#039;hidden&#039;; input.value = token; input.name = &#039;bhc_csrf_token&#039;; check.type = &#039;hidden&#039;; check.value = 1; check.name = &#039;bhc_csrf_token_check&#039;; form.append( input ).append( check ); } }); } (function(){ if (window.self !== window.top) { $.ajax({ type: &#039;POST&#039;, url: &#039;https://www.booking.com/_frdtcr?aid=304142&#039;, data: { &#039;pid&#039;: &#039;7c9c48ada4eb027a&#039;, &#039;ref&#039;: document.referrer, &#039;url&#039;: document.location.href } }); } }()); &lt;/script&gt; 
&lt;script src=&quot;https://cf.bstatic.com/static/js/core-deps-inlinedet_cloudfront_sd/6d177594fcf3d8acf87d6a208d7427779018df74.js&quot; crossorigin nonce=&quot;Y346mIyU7Ic0W43&quot;&gt;&lt;/script&gt;
 &lt;script nonce=&quot;Y346mIyU7Ic0W43&quot;&gt;
;(function(){
var envData = B.require(&#039;tmpl_data&#039;);
if (!envData) return;
envData({&quot;b_sid&quot;:&quot;90259e8437c6096c4ee27fece820d9ea&quot;,&quot;b_site_type_id&quot;:1,&quot;b_lang_for_url&quot;:&quot;en-us&quot;,&quot;pageview_id&quot;:&quot;7c9c48ada4eb027a&quot;,&quot;b_aid&quot;:304142,&quot;b_action&quot;:&quot;searchresults&quot;});
}());
&lt;/script&gt;
&lt;script nonce=&quot;Y346mIyU7Ic0W43&quot;&gt;
if (B.env) {
B.env.search_box_keep_children_ages_order = true;
}
B.require(&#039;tmpl_data&#039;)({&quot;b_search_config&quot;:{&quot;b_children_ages_total&quot;:[],&quot;b_is_group_search&quot;:0,&quot;traveller_segment&quot;:&quot;couple&quot;,&quot;b_adults_total&quot;:2,&quot;b_rooms&quot;:[{&quot;b_children_ages&quot;:[],&quot;b_children&quot;:0,&quot;b_room_order&quot;:1,&quot;b_adults&quot;:2.0}],&quot;b_children_total&quot;:0,&quot;b_nr_rooms_needed&quot;:1}});
&lt;/script&gt;
&lt;script nonce=&quot;Y346mIyU7Ic0W43&quot;&gt;
/**/ (function () { &#039;use strict&#039;; if (!B.define) { return; } B.define(&#039;searchresults/env&#039;, [&#039;require&#039;], function (require) { var events = require(&#039;searchresults/events&#039;); var env; env = { /* jshint ignore:start */
&#039;b_dest_id&#039;: 261060,
&#039;b_dest_type&#039;: &quot;landmark&quot;,
&#039;b_search_config&#039;: JSON.parse(&#039;{&quot;b_children_ages_total&quot;:[],&quot;b_is_group_search&quot;:0,&quot;traveller_segment&quot;:&quot;couple&quot;,&quot;b_adults_total&quot;:2,&quot;b_rooms&quot;:[{&quot;b_children_ages&quot;:[],&quot;b_children&quot;:0,&quot;b_room_order&quot;:1,&quot;b_adults&quot;:2.0}],&quot;b_children_total&quot;:0,&quot;b_nr_rooms_needed&quot;:1}&#039; || &#039;{}&#039;),
&#039;b_destination_fullname&#039;: &quot;Session Road&quot;,
&#039;b_current_page_nr&#039;: 1,
&#039;b_selected_nflt_url_param_decoded&#039;: &quot;&quot;,
&#039;b_bh_nflt_filters&#039;: &quot;&quot;,
&#039;b_total_selected_filters&#039;: &quot;&quot;,
&#039;b_nr_hotels_available&#039;: 0,
&#039;b_sr_filter_by_price_enabled&#039;: &quot;&quot;,
&#039;b_user_is_business_booker&#039;: &quot;&quot;,
&#039;b_sr_is_address_search&#039;: 0,
&#039;b_did_bigger_search&#039;: 0,
&#039;b_did_auto_extend_radius&#039;: &quot;&quot;,
&#039;b_primary_search_nr_hotels_available&#039;: &quot;&quot;
/* jshint ignore:end */ }; function get(item) { return item ? env[item] : undefined; } function keys() { return Object.keys(env); } events.on(events.DATA_ENVIRONMENT_CHANGED, function (data) { events.trigger(events.DATA_ENVIRONMENT_BEFORE_UPDATE, data); if (data) { var keys = Object.keys(data); for (var i = keys.length; --i &gt;= 0;) { env[keys[i]] = data[keys[i]]; } events.trigger(events.DATA_ENVIRONMENT_UPDATED, data); } }); return { get: get, keys: keys }; }); }()); /**/
&lt;/script&gt;
&lt;script nonce=&quot;Y346mIyU7Ic0W43&quot;&gt;
;(function(){
var exportedVars = JSON.parse(&#039;{\&quot;fe_arp_d_sr_properties_list_cond\&quot;:1,\&quot;fe_feature_running_WEBSHELL_UX_ENABLE_HEADER_BP_WEB_VITALS\&quot;:0,\&quot;fe_pp_web_shell_exp_tracking_allowed\&quot;:\&quot;\&quot;,\&quot;track_skip_links\&quot;:1,\&quot;fe_arp_searchbox_replatformed\&quot;:1,\&quot;fe_atlas_map_with_list_enabled\&quot;:1,\&quot;fe_location_www_sr_capla_map_cond\&quot;:\&quot;1\&quot;,\&quot;show_rocketmiles_av_frontend\&quot;:0,\&quot;fe_pers_purpose\&quot;:2,\&quot;b_site_info\&quot;:{\&quot;is_bookings_owned\&quot;:1,\&quot;is_iam_auth_allowed\&quot;:1},\&quot;fe_sr_card_open_in_new_tab\&quot;:1,\&quot;fe_run_google_one_tap\&quot;:\&quot;1\&quot;,\&quot;fe_universal_perf_tracking_pp_full\&quot;:1,\&quot;fe_sso_logout_state\&quot;:\&quot;\&quot;,\&quot;fe_seasonality_hybrid\&quot;:\&quot;-1\&quot;,\&quot;sp_use_loyalty_api\&quot;:0,\&quot;b_sso_logout_url\&quot;:\&quot;\&quot;,\&quot;fe_b_is_beach_trip\&quot;:\&quot;\&quot;,\&quot;fe_gtm_src\&quot;:\&quot;https://www.googletagmanager.com/gtm.js?id=GTM-5Q664QZ\&quot;,\&quot;fe_enable_GA4_TRACKING_ON_LEGACY\&quot;:\&quot;1\&quot;,\&quot;fe_is_non_pilot_beach_ufi\&quot;:\&quot;\&quot;,\&quot;fe_sp_enable_basic_inventory\&quot;:\&quot;0\&quot;,\&quot;fe_extend_stay_banner_fetch_data\&quot;:\&quot;\&quot;,\&quot;fe_is_tt_d_sr_hp_show_all_beaches_in_map\&quot;:\&quot;\&quot;,\&quot;hcs_4_hotels\&quot;:1,\&quot;fe_previous_searches\&quot;:[],\&quot;genius_one_tap_addon\&quot;:\&quot;1\&quot;,\&quot;fe_tt_blackout_map_entry_cn\&quot;:\&quot;\&quot;,\&quot;b_dqs_server\&quot;:0,\&quot;b_oauth_client_id\&quot;:\&quot;vO1Kblk7xX9tUn2cpZLS\&quot;,\&quot;fe_pers_layout_id\&quot;:0,\&quot;fe_ba_link_capla\&quot;:\&quot;\&quot;,\&quot;js_tracking_url\&quot;:\&quot;/js_tracking\&quot;,\&quot;fe_pers_upcoming\&quot;:\&quot;\&quot;,\&quot;fe_is_beach_ufi\&quot;:\&quot;\&quot;,\&quot;b_time_spent_track\&quot;:1,\&quot;fe_b_beach_ufi\&quot;:\&quot;261060\&quot;,\&quot;fe_is_incentives_ga_tracking_enabled\&quot;:1,\&quot;fe_universal_perf_tracking_enabled\&quot;:1,\&quot;fe_is_ski_ufi\&quot;:\&quot;\&quot;,\&quot;fe_is_platinum_gold_amer_partner_id\&quot;:\&quot;\&quot;,\&quot;fe_is_wishlist_login_exp\&quot;:1,\&quot;fe_universal_perf_tracking_pp_coin_toss\&quot;:1,\&quot;fe_universal_perf_tracking_enabled_expanded\&quot;:1,\&quot;fe_is_cname_cobrand_header_available\&quot;:0,\&quot;fe_pers_days_until_checkin\&quot;:\&quot;\&quot;,\&quot;b_analytics_tracking_string\&quot;:\&quot;/searchresults.html?dest_id=261060&amp;dest_type=landmark&amp;si=ai%2Cco%2Cci%2Cre%2Cla%2Cdi\&quot;,\&quot;fe_use_header_mfe\&quot;:1,\&quot;b_sso_logout_callback_url\&quot;:\&quot;\&quot;,\&quot;fe_arp_d_sr_properties_list\&quot;:\&quot;1\&quot;,\&quot;fe_bhc_show_er_on_map\&quot;:\&quot;0\&quot;,\&quot;fe_is_pilot_beach_ufi\&quot;:\&quot;\&quot;}&#039; || &#039;{}&#039;);
Object.assign(B.env, exportedVars);
var elm = document.currentScript;
if (elm) {
elm.parentElement.removeChild(elm);
}
})();
&lt;/script&gt;
&lt;script src=&quot;https://cf.bstatic.com/static/js/main_cloudfront_sd/12c5fcd0dbebbaa05d253f10cf9b6b530eb49730.js&quot; crossorigin nonce=&quot;Y346mIyU7Ic0W43&quot;&gt;&lt;/script&gt;
&lt;script nonce=&quot;Y346mIyU7Ic0W43&quot;&gt;
B.env.b_personalized_layout_sr_json = &#039;[]&#039;;
&lt;/script&gt;
&lt;script nonce=&quot;Y346mIyU7Ic0W43&quot;&gt;
window.onload = function () {
var elements = document.querySelectorAll(&#039;[data-defer-prefetch]&#039;);
Array.prototype.forEach.call(elements, function(el){
el.setAttribute(&#039;rel&#039;, &#039;prefetch&#039;);
});
};
&lt;/script&gt;
&lt;link rel=&quot;_prefetch&quot; data-defer-prefetch href=&quot;https://cf.bstatic.com/static/js/hotel_cloudfront_sd/f5d835ab503aea87e8d5a713ad6184c5177fe443.js&quot; nonce=&quot;Y346mIyU7Ic0W43&quot;&gt;
&lt;link rel=&quot;_prefetch&quot; data-defer-prefetch href=&quot;https://cf.bstatic.com/static/js/index_cloudfront_sd/75816e8206c1d0e047d71dfe85be7ee0dec70675.js&quot; nonce=&quot;Y346mIyU7Ic0W43&quot;&gt;
&lt;link rel=&quot;_prefetch&quot; data-defer-prefetch href=&quot;https://cf.bstatic.com/static/js/landingpage_cloudfront_sd/de3ae1596f1a6490844471e1193f13f54b4da34d.js&quot; nonce=&quot;Y346mIyU7Ic0W43&quot;&gt;
&lt;script src=&quot;https://cf.bstatic.com/static/js/searchresults_cloudfront_sd/3503d1dd3d02c580090e9e9483b9c41246bf2c38.js&quot; crossorigin nonce=&quot;Y346mIyU7Ic0W43&quot;&gt;&lt;/script&gt;
&lt;script crossorigin type=&quot;text/javascript&quot; src=&quot;https://cf.bstatic.com/static/js/sp-on-maps_cloudfront_sd/d30eef4dc5202875d4c3301b8a0e8ff09f9a0e28.js&quot; nonce=&quot;Y346mIyU7Ic0W43&quot;&gt;&lt;/script&gt;
&lt;script nonce=&quot;Y346mIyU7Ic0W43&quot;&gt;
booking.env.b_query_params_with_lang = &#039;.html&#039;;
booking.env.b_ufi = &#039;&#039;;
booking.env.b_has_valid_dates_not_in_past = &#039;0&#039;;
booking.env.b_dest_type = &#039;landmark&#039;;
&lt;/script&gt;
&lt;script nonce=&quot;Y346mIyU7Ic0W43&quot;&gt;
B.env.is_rooms_table_splitter = true;
&lt;/script&gt;
&lt;script nonce=&quot;Y346mIyU7Ic0W43&quot;&gt;
booking.ensureNamespaceExists(&#039;env&#039;);
booking.env.b_map_google_static_thumbnail_zoom_level = 14;
booking.env.b_map_google_bounding_box = &#039;120.583287589487,16.417559078801,120.605001,16.39289&#039;;
booking.env.b_query_params_no_ext = &#039;&#039;;
booking.env.b_server_role=&#039;app&#039;;
&lt;/script&gt;
&lt;script nonce=&quot;Y346mIyU7Ic0W43&quot;&gt;
;(function (){
var maps = booking.maps || booking.atlas;
if (!maps) {
return;
}
/**/ ;(function () { &#039;use strict&#039;; if (!B.atlas || !B.atlas.define) { return; } B.atlas.define(&#039;util-env&#039;, function () { var env = { /* jshint ignore:start *//*
*/ markersOnMapURL: &#039;/markers_on_map?;aid=304142;dest_id=261060;dest_type=landmark;sr_id=;ref=searchresults;limit=100;stype=1;lang=en-us;ssm=1;ngp=1;room1=A,A;maps_opened=1;esf=1;sr_countrycode=ph;sr_lat=;sr_long=;dba=1;dbc=1;srh=;alr=1;lm_id=261060;somp=1;mdimb=1 ;tp=1 ;img_size=270x200 ;avl=1 ;nor=1 ;spc=1 ;rmd=1 ;slpnd=1 ;sbr=1;dfd=1;at=1 ;sat=1 ;ssu=1;srocc=1&#039;, markerDetailsURL: &#039;/hotels_onmap_detail?;lang=en-us;act=d-searchresults;detail=0;currency=USD;av=1;c=1;stype=1;cc1=us;aid=304142;dest_id=261060;dest_type=landmark;img_size=90;localize_format=1;gfa=1 ;rr=1 ;rp=1;fav_hot_mins=1;g=0;room1=A,A;v=1;no_cc=1;tr=1;rpr=1;blsd=1;ig=1;deals=1;pt=1;nbmh=1;srocc=1&#039;, googleMapsUrl: &#039;https://maps.googleapis.com/maps/api/js?callback=GLOBAL_ATLAS_GOOGLE_MAPS_CALLBACK&amp;channel=booking_accommodations_desktop&amp;language=en-us&amp;region=en-us&amp;v=3.47&amp;libraries=places&amp;key=AIzaSyDXrqUc7k84GZ0W6P5sMFrKFMVIdN-Nd0w&#039;, yandexMapsUrl: &#039;&#039;, destinationType: &#039;landmark&#039;, destinationId: &#039;261060&#039;, destinationTypeSr: &#039;landmark&#039;, destinationIdSr: &#039;261060&#039;, destinationAtlasId: &#039;landmark_261060&#039;, destinationName: &#039;Home&#039;, isPlaceIdUsed: &#039;&#039; === &#039;1&#039;, checkinCheckoutInterval: &#039;&#039;, checkinCheckoutIntervalInWeeks: &#039;&#039;, killSwitch: !!&#039;&#039;, mapTrackKillSwitch: !!&#039;&#039;, googleBoundingBox: &#039;120.583287589487,16.417559078801,120.605001,16.39289&#039;, isWithUpcomingBooking: &#039;&#039;, isVacationRental: &#039;&#039;, copyFdSoldOut: &#039;&#039;, copyMapOccupancyDisclaimer1: &#039;&#039;, leafletURL: &#039;https://cf.bstatic.com/static/js/atlas-leaflet_1_2_0_cloudfront_sd/f0106108a6f86fffdab2ee29f3ef1e613646d6ac.js&#039;, mapboxGlURL: &#039;https://cf.bstatic.com/static/js/atlas-mapbox_cloudfront_sd/f9a1942f34949ba26453b97c11c67d8987216b2d.js&#039;, mapboxURL: &#039;https://api.mapbox.com/mapbox.js/v3.1.1/mapbox.js&#039;, mapboxAccessToken: &#039;pk.eyJ1IjoibWFwYm94LWJvb2tpbmciLCJhIjoiY2o2eDR6cTJjMXBhbTJxbHBjbHFoYjM1cSJ9.5ILI4me1N2YZOdzDbl4gRw&#039;, tilesProjection: &#039;&#039;, tilesLabelroadmap: &#039;&#039;, tilesURLroadmap: &#039;&#039;, tilesCopyrightroadmap: &#039;&#039;, tilesMaxZoomroadmap: 18, tilesMinZoomroadmap: 2, tilesLabelsatellite: &#039;&#039;, tilesURLsatellite: &#039;&#039;, tilesURLOverlaysatellite: &#039;&#039;, tilesCopyrightsatellite: &#039;&#039;, tilesMaxZoomsatellite: 18, tilesMinZoomsatellite: 2, ufi: &#039;&#039;, b_dest_id: &#039;261060&#039;, aid: &#039;304142&#039;, defaultBoundingBox: &#039;&#039;, defaultCoordinates: [&#039;&#039;, &#039;&#039;], isRTL: &#039;&#039;, isLP: !!&#039;&#039;, action: &#039;searchresults&#039;, tdot: &#039;0&#039; === &#039;1&#039;, ddot: &#039;0&#039; !== &#039;1&#039;, hasValidDates: &#039;0&#039; === &#039;1&#039;, isPartner413084: !!&#039;&#039;, isVillaSite: !!&#039;&#039;, bookingWindow: &#039;&#039;, isCustomZoom: &#039;&#039;, returningStatus: &#039;1&#039;, isLandOrAddrMarkerEnabled: &#039;1&#039;, districtId: &#039;&#039;, enableDistrictPolyFromSRLink: &#039;&#039;, isGeniusUser: &#039;&#039;, isDomesticBooker: &#039;0&#039; === &#039;1&#039;, pricePerXNightsTxt: &#039;&#039;, providerName: &#039;google&#039;, isNotIE9AndBelow: &#039;1&#039;, isNotIE11AndBelow: &#039;1&#039;, isProviderMapBox: &#039;&#039;, isMapSrAjax: &#039;1&#039;, map_copy_fd_sold_out: &#039;Sold out&#039;, map_occupancy_disclaimer_1: &#039;Sorry, this property cannot accommodate your group size &#039;, totalHotels: &#039;0&#039;, availableHotels: &#039;0&#039;, paramNflt: &#039;&#039;, urlParamNflt: &#039;&#039;, srPageviewId: &#039;7c9c48ada4eb027a&#039;, nights: &#039;&#039;, lang: &#039;en&#039;, currency: &#039;USD&#039;, bbtoolPromoPageURL: &#039;https://www.booking.com/business.html&#039;, adultsTotal: &#039;2&#039;, childrenTotal: &#039;0&#039;, nrRooms: &#039;1&#039;, nrProperties: &#039;0&#039;, isGroupSearch: &#039;0&#039;, checkinDay : &#039;&#039;, checkinMonthShort : &#039;&#039;, checkoutDay : &#039;&#039;, checkoutMonthShort : &#039;&#039;, bookWindow: &#039;&#039;, checkinDate: &#039;&#039;, checkoutDate: &#039;&#039;, hasMapFavicon: &#039;&#039;, inCityName: &#039;&#039;, cityName: &#039;&#039;, airportLatitude: &#039;&#039;, airportLongitude: &#039;&#039;, landmarkLatitude: &#039;&#039;, landmarkLongitude: &#039;&#039;, addressLatitude: &#039;&#039;, addressLongitude: &#039;&#039;, b_review_score_detailed: &#039;&#039;, fe_sp_load_maps_component: &#039;1&#039;,destinationFullName: &#039;Session Road&#039;,fe_atlas_map_with_list_enabled: true,bbtoolMap: &#039;&#039;, travelPurpose: &#039;2&#039;, bbtool_fv : &#039;&#039;, isBusinessBooker : &#039;&#039;, fe_bbtool_can_see_tool_promos: &#039;1&#039;, b_guest_country: &#039;us&#039;, b_selected_language: &#039;en-us&#039;,b_countrycode: &#039;ph&#039;, fe_china_estimated_rating: &#039;&#039;, triggerAutoOpen: &#039;&#039; || /[;?&amp;]+map=1/gi.test(location.search), disablePlaces: &#039;&#039;,searchboxEnabled: true,isSkiArea: &#039;&#039;, b_is_in_beach_ufi: &#039;&#039;, fe_is_resort_heavy_ufi: &#039;&#039;, b_hotel_name_en_with_translation: &#039;&#039;,hotelBbox: &#039;0,0,0,0&#039;,b_companyname: &quot;Booking.com&quot;,b_site_info:{&quot;is_bookings_owned&quot;:1,&quot;is_iam_auth_allowed&quot;:1},b_updated_bbox:false,b_hotel_id_to_wishlists_count:{},LOCATION_DISPUTED_TERRITORIES:true, b_district_ids_to_polygon:{}, b_filter_bboxes:{}, b_site_type: &#039;www&#039;, b_search_config:{&quot;b_children_ages_total&quot;:[],&quot;b_is_group_search&quot;:0,&quot;traveller_segment&quot;:&quot;couple&quot;,&quot;b_adults_total&quot;:2,&quot;b_rooms&quot;:[{&quot;b_children_ages&quot;:[],&quot;b_children&quot;:0,&quot;b_room_order&quot;:1,&quot;b_adults&quot;:2.0}],&quot;b_children_total&quot;:0,&quot;b_nr_rooms_needed&quot;:1}, b_feature_running_LOCATION_MAP_GOALS_WITH_VALUES: !!+&#039;1&#039;,withSorter: true, b_order:&quot;&quot;, b_sort_bar_options:&quot;&quot;, enabledSorters: [&#039;popularity&#039;, &#039;price&#039;, &#039;review_score_and_price&#039;, &#039;class&#039;, &#039;bayesian_review_score&#039;],b_dest_type: &#039;landmark&#039;, b_param_map: &#039;&#039;, fe_bhc_show_er_on_map:false, fe_bhc_show_er_on_map_hash: &#039;NAREFacBLfZNKe&#039;, fe_bhc_show_ntb_on_map:false, fe_bhc_show_ntb_on_map_hash: &#039;NAREFacTTNAIBeaT&#039;, is_bookings_owned: &#039;1&#039; === &#039;1&#039;, debug:0/**/
/* jshint ignore:end */ }; B.atlas.__env__ = env; function get(item) { return item ? env[item] : undefined; } /**/ setTimeout(function() { var events = B.require(&#039;searchresults/events&#039;); events.on(events.DATA_MAP_ENVIRONMENT_CHANGED, function (data) { if (data) { var keys = Object.keys(data); for (var i = keys.length; --i &gt;= 0;) { env[keys[i]] = data[keys[i]]; } events.trigger(events.DATA_MAP_ENVIRONMENT_UPDATED, data); } }); }, 500); /**/ return { get: get }; }); }()); /**/
maps.assert = {
&#039;tdot&#039;: false,
&#039;tdot_using_desktop&#039;: false,
&#039;sr&#039;: true,
&#039;hp&#039;: false,
&#039;wl&#039;: false,
&#039;lp&#039;: false,
&#039;ieGt7&#039;: false,
&#039;disambiguation&#039;: false,
&#039;corsCapable&#039;: true
};
(function() {
var maps = booking.maps || booking.atlas;
var env = maps.require(&#039;util-env&#039;);
if (!maps) {
return;
}
booking.env.b_lang = &#039;en&#039;;
booking.env.b_map_dest_type = &#039;landmark&#039;;
booking.env.b_map_dest_id = &#039;261060&#039;;
booking.env.current_hotel = &#039;&#039;;
booking.env.map_more_params = &#039;&#039;;
booking.env.autocomplete_more_params = &#039;&#039;;
booking.env.touch_map_infowindow_close = &#039;&#039;;
booking.env.b_icons_url = &#039;https://cf.bstatic.com/static/img&#039;;
booking.env.b_map_nights = &#039;&#039;;
booking.env.b_domestic_booker = &#039;0&#039;;
booking.env.b_guest_country = &#039;us&#039;;
booking.env.b_city_has_metro_access = &#039;&#039;;
booking.env.b_city_has_rail_access = &#039;&#039;;
booking.env.b_has_valid_dates = &#039;0&#039;;
booking.env.b_has_valid_dates_not_in_past = &#039;0&#039;;
booking.env.b_is_high_value_customer_ski_exp = &#039;&#039;;
booking.env.b_is_potential_high_value_customer_ski_exp = &#039;&#039;;
booking.env.b_is_low_present_value_customer_ski_exp = &#039;&#039;;
booking.env.b_is_new_value_customer_ski_exp = &#039;&#039;;
booking.env.b_is_no_fusion_match_value_customer_ski_exp = &#039;&#039;;
maps.EXPERIMENTS = [
{
name: &#039;YdXfdKNKNKZNTbJRXFNMKdSQbRBcSbSAcQWe&#039;,
cond: &#039;1&#039;,
stages: [
{
stage: 1,
event: &#039;ready&#039;,
},
{
stage: 3,
event: &#039;ready&#039;,
cond: &#039;&#039;
}
]
},
{
name: &#039;YdXfdKNKNKZNTbJRXFNMKdSQbFfdOKVSBbQbC&#039;,
cond: &#039;1&#039;,
stages: [
{
stage: 1,
event: &#039;ready&#039;,
},
{
stage: 3,
event: &#039;ready&#039;,
cond: &#039;&#039;
}
]
},
{
name: &#039;YdXfdKNKNKZNTbLSKHRbdFIKe&#039;,
cond: &#039;1&#039;,
stages: [
{
stage: 1,
event: &#039;ready&#039;,
},
{
stage: 3,
event: &#039;ready&#039;,
cond: &#039;&#039;
}
]
},
{
name: &#039;YdXfdKNKNKZNTfQDXIeIceIKdFHaO&#039;,
cond: &#039;1&#039;,
stages: [
{
stage: 1,
event: &#039;ready&#039;,
},
{
stage: 3,
event: &#039;ready&#039;,
cond: &#039;&#039;
}
]
},
{
name: &#039;YdXfdKNKNKZNTfVfdLaAFZKXe&#039;,
cond: &#039;1&#039;,
stages: [
{
stage: 1,
event: &#039;ready&#039;,
cond: &#039;1&#039;
},
{
stage: 2,
event: &#039;map-sorter-used&#039;
},
{
stage: 3,
event: &#039;map-sorter-used&#039;,
cond: function(e) {
return e.sorter === &#039;popularity&#039;;
}
},
{
stage: 4,
event: &#039;map-sorter-used&#039;,
cond: function(e) {
return e.sorter === &#039;price&#039;;
}
},
{
stage: 5,
event: &#039;map-sorter-used&#039;,
cond: function(e) {
return e.sorter === &#039;review_score_and_price&#039;;
}
},
{
stage: 6,
event: &#039;map-sorter-used&#039;,
cond: function(e) {
return e.sorter === &#039;class&#039;;
}
},
{
stage: 7,
event: &#039;map-sorter-used&#039;,
cond: function(e) {
return e.sorter === &#039;bayesian_review_score&#039;;
}
},
{
stage: 8,
event: &#039;ready&#039;,
cond: &#039;&#039;
},
]
},
{
name: &#039;YdXfdKNKNKPZZKCBZGLGWe&#039;,
cond: &#039;&#039;,
stages: [
{
stage: 1,
event: &#039;ready&#039;
}
]
},
{
name: &#039;BHDTJdReQLOLOLOOTVVHQRSZYFbBCdDdZNTKe&#039;,
cond: env.get(&#039;can_track_BHDTJdReQLOLOLOOTVVHQRSZYFbBCdDdZNTKe&#039;),
stages: [
{
stage: 2,
event: &#039;fixed-iw-open&#039;,
cond: function (e) {
return e.property.b_number_of_restaurants_markets;
}
},
{
stage: 3,
event: &#039;fixed-iw-open&#039;,
cond: function (e) {
return e.property.b_number_of_restaurants_markets &amp;&amp; env.get(&#039;has_wifi_BHDTJdReQLOLOLOOTVVHQRSZYFbBCdDdZNTKe&#039;);
}
},
],
goals: [
{
goal: 2,
event: &#039;fixed-iw-open&#039;,
}
],
},
{
name: &#039;PUTIFOLNYWLHJYWYHAbVNURe&#039;,
cond: &#039;&#039;,
stages: [
{
stage: 1,
event: &#039;markers-ready&#039;
},
{
stage: 2,
event: &#039;markers-ready&#039;,
cond: &#039;&#039;
},
{
stage: 3,
event: &#039;markers-ready&#039;,
cond: &#039;&#039;
},
{
stage: 4,
event: &#039;markers-ready&#039;,
cond: &#039;1&#039;
},
{
stage: 5,
event: &#039;markers-ready&#039;,
cond: &#039;&#039;
},
{
stage: 6,
event: &#039;markers-ready&#039;,
cond: &#039;&#039;
},
{
stage: 7,
event: &#039;markers-ready&#039;,
cond: &#039;&#039;
},
{
stage: 8,
event: &#039;markers-ready&#039;,
cond: &#039;&#039;
},
{
stage: 9,
event: &#039;markers-ready&#039;,
cond: &#039;&#039;
}
],
goals: [
{
goal: 1,
event: &#039;marker-click&#039;,
cond: function(e){
return e.type === &#039;beach&#039;;
}
},
{
goal: 2,
event: &#039;marker-click&#039;,
cond: function(e){
return e.type === &#039;hotel&#039;;
}
},
{
goal: 3,
event: &#039;marker-hover&#039;,
cond: function(e){
return e.type === &#039;beach&#039;;
}
},
{
goal: 4,
event: &#039;marker-hover&#039;,
cond: function(e){
return e.type === &#039;hotel&#039;;
}
}
]
},
// start: wishlist AAs
{
name: &#039;BKATYDORMTfFIdOccPDXKe&#039;,
cond: `
1
`,
stages: [
{
stage: 3,
event: &#039;ready&#039;,
cond: &#039;1&#039;
},
{
stage: 4,
event: &#039;ready&#039;,
cond: &#039;&#039;
},
{
stage: 7,
event: &#039;ready&#039;,
cond: &#039;&#039;
},
]
},
{
name: &#039;BKATYDORMTfFIdOccPDXafBQEQJET&#039;,
cond: `
`,
stages: [
{
stage: 5,
event: &#039;ready&#039;,
cond: &#039;&#039;
}
]
},
{
name: &#039;BKATYDORMTfFIdOccPDXafBQEQSVWe&#039;,
cond: `
1
`,
stages: [
{
stage: 5,
event: &#039;ready&#039;,
cond: &#039;&#039;
}
]
},
// end: wishlist AAs
// start: location_www_sr_map_visual_changes
{
name: &#039;YdXfdKNKNKHUScRDFeNZfHZHT&#039;,
cond: `
1
`,
stages: [
{
stage: 1,
event: &#039;ready&#039;,
},
{
stage: 2,
event: &#039;ready&#039;,
cond: &#039;1&#039;
},
{
stage: 3,
event: &#039;ready&#039;,
cond: &#039;&#039;
},
{
stage: 5,
event: &#039;ready&#039;,
cond: &#039;&#039;
},
{
stage: 6,
event: &#039;ready&#039;,
cond: &#039;&#039;
},
{
stage: 7,
event: &#039;ready&#039;,
cond: &#039;1&#039;
}
]
},
// end: location_www_sr_map_visual_changes
].map(function(exp) {
exp.mapId = exp.mapId || &#039;default&#039;;
return exp;
});
}());
maps.TEMPLATES = {};
}());
booking.env.b_url_start = &#039;https://www.booking.com&#039;;
// Counting login page visitors
B.env.static_hostnames = [&#039;https://cf.bstatic.com&#039;];
B.env.b_newcomer_by_cookie = 1;
booking.env.b_is_domestic = 0;
booking.env.b_param_raw_dest_type = &#039;landmark&#039;;
B.env.growls = {
defer_treshold : (B.env.b_newcomer_by_cookie ? 1 : 0)
};
var calendar = new Object();
var tr = new Object();
tr.nextMonth = &quot;Next month&quot;;
tr.prevMonth = &quot;Previous month&quot;;
tr.closeCalendar = &quot;Close calendar&quot;;
tr.pressCtlD = &quot;Press control-D or choose bookmarks/add or favorites/add in your browser&quot;;
tr.pressCtlP = &quot;Press control-P or choose file/print in your browser&quot;;
tr.url = &quot;https://www.booking.com/searchresults.html?dest_id=261060;dest_type=landmark;si=ai%2Cco%2Cci%2Cre%2Cla%2Cdi&amp;&quot;;
tr.title = &quot;Booking.com Welcome&quot;;
tr.icons = &quot;https://cf.bstatic.com/static/img&quot;;
var months = [&#039;January&#039;,&#039;February&#039;,&#039;March&#039;,&#039;April&#039;,&#039;May&#039;,&#039;June&#039;,&#039;July&#039;,&#039;August&#039;,&#039;September&#039;,&#039;October&#039;,&#039;November&#039;,&#039;December&#039;];
var $t_hotels = &#039;Hotels&#039;.toLowerCase();
var $t_hotels_around = &#039;Properties Nearby&#039;.toLowerCase().replace(/ /g, &#039;&amp;#160;&#039;);
var b_today = &quot;Today&quot;;
if ( document.getElementById ) {
var shown = new Array();
}
function blocktoggle(sToggle) {
var sToggleId = &#039;#blocktoggle&#039; + sToggle;
$(sToggleId).toggle();
}
function blockdisplay(i) {
var body = $( document.body );
if (document.getElementById(&quot;blockdisplay&quot; + i)) {
for (var j = 1; j &lt;= 4; j++) {
if (document.getElementById(&#039;blockdisplay&#039; + j)) {
document.getElementById(&#039;blockdisplay&#039; + j).style.display = (j === i) ? &#039;block&#039; : &#039;none&#039;;
}
}
body.trigger((i == 4) ? &#039;ReviewsTab_onOpen&#039; : &#039;ReviewsTab_onClose&#039;)
.trigger( &#039;RT:reset&#039; );
( booking.eventEmitter || $( window ) )
.trigger( &#039;BLOCKDISPLAY&#039; + i + &#039;.OPEN&#039; );
if (i === 1 &amp;&amp; typeof bMovableBookNowButton != &quot;undefined&quot;) {
bMovableBookNowButton.init();
}
if (i == 4) {
$(&quot;.toggle_overview&quot;).show();
$(&quot;.toggle_review&quot;).hide();
} else {
$(&quot;.toggle_review&quot;).show();
$(&quot;.toggle_overview&quot;).hide();
}
}
}
function popup( url, w, h ) {
newWindow = window.open( url, &#039;popupWindow&#039;, &#039;width=&#039; + w + &#039;,height=&#039; + h + &#039;,menubar=no,toolbar=no,location=no,bookmarks=no,status=no,scrollbars=yes,resizable=yes&#039; );
if ( window.focus ) {
newWindow.focus();
}
}
booking.ensureNamespaceExists( &#039;env&#039; );
booking.env.b_checkin_date = &#039;&#039;;
booking.env.b_session_checkin_date = &#039;&#039;;
booking.env.b_checkout_date = &#039;&#039;;
booking.env.b_session_checkout_date = &#039;&#039;;
booking.env.b_no_dates_mode = &#039;&#039;;
booking.env.b_months = [{&quot;b_number&quot;: +&quot;9&quot;,&quot;name&quot;:&#039;September&#039;},{&quot;b_number&quot;: +&quot;10&quot;,&quot;name&quot;:&#039;October&#039;},{&quot;b_number&quot;: +&quot;11&quot;,&quot;name&quot;:&#039;November&#039;},{&quot;b_number&quot;: +&quot;12&quot;,&quot;name&quot;:&#039;December&#039;},{&quot;b_number&quot;: +&quot;1&quot;,&quot;name&quot;:&#039;January&#039;},{&quot;b_number&quot;: +&quot;2&quot;,&quot;name&quot;:&#039;February&#039;},{&quot;b_number&quot;: +&quot;3&quot;,&quot;name&quot;:&#039;March&#039;},{&quot;b_number&quot;: +&quot;4&quot;,&quot;name&quot;:&#039;April&#039;},{&quot;b_number&quot;: +&quot;5&quot;,&quot;name&quot;:&#039;May&#039;},{&quot;b_number&quot;: +&quot;6&quot;,&quot;name&quot;:&#039;June&#039;},{&quot;b_number&quot;: +&quot;7&quot;,&quot;name&quot;:&#039;July&#039;},{&quot;b_number&quot;: +&quot;8&quot;,&quot;name&quot;:&#039;August&#039;},{&quot;b_number&quot;: +&quot;9&quot;,&quot;name&quot;:&#039;September&#039;},{&quot;b_number&quot;: +&quot;10&quot;,&quot;name&quot;:&#039;October&#039;},{&quot;b_number&quot;: +&quot;11&quot;,&quot;name&quot;:&#039;November&#039;},{&quot;b_number&quot;: +&quot;12&quot;,&quot;name&quot;:&#039;December&#039;}];
(function() {
var months = booking.env.b_months;
if ( months.length &gt;= 12 ) {
booking.env.b_months = months.slice( 0, 12 );
}
})();
booking.env.b_this_year4 = 2023;
booking.env.b_this_month = 9;
booking.env.b_this_day = 15;
booking.env.date_format_acronym = &quot;YYYY-MM-DD&quot;;
booking.env.day = &quot;day&quot;;
booking.env.sbox_day = &quot;Day&quot;;
booking.env.sbox_month = &quot;Month&quot;;
booking.env.error.checkin_date_in_the_past = {
&quot;name&quot; : &quot;Your selected check-in date is in the past. Please check your dates and try again. &quot;
};
booking.env.error.checkin_date_invalid = {
&quot;name&quot; : &quot;Your check-in date is invalid.&quot;
};
booking.env.error.checkin_date_to_far_in_the_future = {
&quot;name&quot; : &quot;Your selected check-in date is too far in the future. Please try again.&quot;
};
booking.env.error.checkout_date_invalid = {
&quot;name&quot; : &quot;Your departure date is invalid.&quot;
};
booking.env.error.checkout_date_more_than_30_days_after_checkin = {
&quot;name&quot; : &quot;Your check-out date is more than 30 nights after your check-in date. Bookings can only be made for a maximum of 30 nights. Please enter different dates and try again.&quot;
};
booking.env.error.checkout_date_not_after_checkin_date = {
&quot;name&quot; : &quot;Your check-out date is before your check-in date. Have another look at your dates and try again.&quot;
};
booking.env.error.not_specific_enough = {
&quot;name&quot; : &quot;Oops! We need at least part of the name to start searching.&quot;
};
booking.env.error.checkin_in_past_error_suggest_tonight = {
&quot;name&quot; : &quot;This check-in date is in the past. You can search for tonight or enter new dates below.&quot;
};
booking.env.month = &quot;Month&quot;;
booking.env.please_enter_your_check_in_date = &quot;Please enter your check-in date.&quot;;
booking.env.please_enter_your_check_out_date = &quot;Please enter your check-out date.&quot;;
booking.env.s_value_checkin_year_month = &#039;&#039;;
booking.env.s_value_checkout_year_month = &#039;&#039;;
booking.env.sb_flexi_srch_month_validation = &quot;Select a month&quot;;
booking.env.to_check_availability_please_enter_your_dates_of_stay = &quot;Please enter dates to check availability.&quot;;
booking.env.checkout_date_not_after_checkin_date = &quot;Please check your dates, the check-out date appears to be before the check-in date.&quot;;
booking.env.b_room_groups = [];
booking.env.b_room_extrabeds = [];
booking.env.b_show_all_inclusive_switch = 1;
booking.env.error.hp_dates_in_the_past = {
&quot;name&quot; : &quot;Please select current or future dates for check-in and check-out.&quot;
};
booking.env.error.hp_same_day_checkin_checkout = {
&quot;name&quot; : &quot;Make sure your check-out date is at least 1 day after check-in.&quot;
};
booking.env.domain_for_book = &#039;https://secure.booking.com&#039;;
booking.env.b_query_params_with_lang = &#039;.html&#039;;
booking.env.b_canonical_url = &#039;https:&amp;#47;&amp;#47;www.booking.com&amp;#47;searchresults.html?dest_id=261060;dest_type=landmark;si=ai%252Cco%252Cci%252Cre%252Cla%252Cdi&#039;;
booking.env.b_canonical_url_delimiter = &#039;;&#039;;
booking.env.b_query_params_delimiter = &#039;&amp;amp;&#039;;
booking.env.group_room = &#039;Room&#039;;
booking.env.group_remove = &#039;Remove&#039;;
booking.env.s_value_ss = &quot;&quot;;
booking.env.s_value_ss_raw = &quot;&quot;;
booking.env.close_button = &quot;CLOSE&quot;;
booking.env.next_button = &quot;Next&quot;;
booking.env.prev_button = &quot;Previous&quot;;
booking.env.book_button = &quot;Book now&quot;;
booking.env.date_format_acronym = &quot;YYYY-MM-DD&quot;;
booking.env.sunday_first = 1;
booking.env.experiment_popups_close = &#039;Close&#039;;
booking.env.a11y_dialog_content_start_text = &#039;Start of dialog content&#039;;
booking.env.a11y_dialog_content_end_text = &#039;End of dialog content&#039;;
booking.env.city_name_en = &#039;&#039;;
booking.env.b_urlcity = &#039;&#039;;
booking.env.child_age_text = &quot;Enter all children\&#039;s ages using numbers from 0 to 17.&quot;;
booking.env.b_stid = 304142;
booking.env.b_new_ga_track = 1;
booking.env.prd_bpg_overlay_cs_link = &#039;&lt;a class=&quot;bui-link&quot; href=&quot;https://secure.booking.com/help.html#/?source=price_match&quot; target=&quot;_blank&quot; data-ga-track=&quot;click|Click|Action: searchresults|hc_entrypoint_price_match&quot;&gt;&#039;;
&lt;/script&gt;
&lt;script nonce=&quot;Y346mIyU7Ic0W43&quot;&gt;
if (window.performance &amp;&amp; performance.setResourceTimingBufferSize) {
performance.setResourceTimingBufferSize(500);
}
;(function nav_timing(w){ &#039;use strict&#039;; function validMetric(value) { return !isNaN(value) &amp;&amp; value &gt;= 0 &amp;&amp; value &lt; 150000 || false; } function callback() { var performance = w.performance || w.mozPerformance || w.msPerformance || w.webkitPerformance || {}, navigation = performance.navigation, timing = performance.timing, hasGetEntries = !!performance.getEntriesByType, userTiming = []; if ( typeof timing !== &#039;object&#039; || typeof navigation !== &#039;object&#039;) { return; } if ( timing.loadEventEnd == 0 ) { setTimeout(callback, 1000); return; } var domain = validMetric(timing.domainLookupEnd - timing.domainLookupStart), connect = validMetric( timing.connectEnd - timing.connectStart), response = validMetric( timing.responseEnd - timing.responseStart), dom = validMetric( timing.domComplete - timing.domLoading), load = validMetric( timing.loadEventEnd - timing.loadEventStart); if ( !domain || !connect || !response || !dom || !load || w._phantom || w.callPhantom || w.__phantomas || window.Buffer || window.emit || window.spawn ) { return false; } if (typeof RUMSpeedIndex === &#039;function&#039;) { var speedIndex; try { speedIndex = Math.round(RUMSpeedIndex()); } catch (e) { B.reportError &amp;&amp; B.reportError(e, &#039;speedindex&#039;); } if (speedIndex) { if (window.ga) { setTimeout(function(){ ga(&#039;send&#039;, &#039;timing&#039;, &#039;Performance&#039;, &#039;SpeedIndex&#039;, speedIndex, B.env[&#039;b_action&#039;]); }, 100); } userTiming.push(&#039;speedindex:&#039; + speedIndex); } } if (hasGetEntries) { var utMetrics = performance.getEntriesByType(&#039;measure&#039;) || []; for ( var _tmp, _i = 0, _l = utMetrics.length; _i &lt; _l; _i++ ) { _tmp = utMetrics[_i]; userTiming.push(_tmp[&#039;name&#039;] + &#039;:&#039; + Math.round(_tmp[&#039;duration&#039;])); } } var navTimesHost = &#039;/navigation_times&#039;, navTimesQuery = &#039;sid=90259e8437c6096c4ee27fece820d9ea&amp;pid=7c9c48ada4eb027a&amp;nts=&#039; + navigation.type + &#039;,&#039; + navigation.redirectCount + &#039;,&#039; + timing.navigationStart + &#039;,&#039; + timing.unloadEventStart + &#039;,&#039; + timing.unloadEventEnd + &#039;,&#039; + timing.redirectStart + &#039;,&#039; + timing.redirectEnd + &#039;,&#039; + timing.fetchStart + &#039;,&#039; + timing.domainLookupStart + &#039;,&#039; + timing.domainLookupEnd + &#039;,&#039; + timing.connectStart + &#039;,&#039; + timing.connectEnd + &#039;,&#039; + timing.secureConnectionStart + &#039;,&#039; + timing.requestStart + &#039;,&#039; + timing.responseStart + &#039;,&#039; + timing.responseEnd + &#039;,&#039; + timing.domLoading + &#039;,&#039; + timing.domInteractive + &#039;,&#039; + timing.domContentLoadedEventStart + &#039;,&#039; + timing.domContentLoadedEventEnd + &#039;,&#039; + timing.domComplete + &#039;,&#039; + timing.loadEventStart + &#039;,&#039; + timing.loadEventEnd + &#039;,0&#039; + &#039;&amp;first=&#039; + &#039;&amp;cdn=cf&#039; + &#039;&amp;dc=32&#039; + &#039;&amp;bo=3&#039; + &#039;&amp;lang=en-us&#039; + &#039;&amp;ref_action=searchresults&#039; + &#039;&amp;aid=304142&#039; + &#039;&amp;stype=1&#039; + &#039;&amp;route=&#039; + &#039;&amp;ua=82&#039; + &#039;&amp;ch=d&#039; + &#039;&amp;lt=&#039; + &#039;&amp;css_load=&#039; + (window.mainCssWasLoaded || 0) + &#039;&amp;wn=0&#039; ; var navTimesBody = &#039;utiming=&#039; + userTiming.join(&#039;,&#039;); var _req = new XMLHttpRequest(); _req.open(&#039;POST&#039;, navTimesHost + &#039;?&#039; + navTimesQuery); _req.setRequestHeader(&#039;Content-Type&#039;,&#039;application/x-www-form-urlencoded&#039;); _req.setRequestHeader(&#039;X-Booking-CSRF&#039;, &#039;GmgEZQAAAAA=KHQbciOBhwJlIvbUOMBz4O2VKYA_9C2yKYavXPCmx09fmBu0ywcZkKphUNWHsoVX3PCHY98INw1fNwVmBTaS0Zjmw0EO-jOoQNp1lggzk_LXz67m9FYnoRgZKLr9eK3SdpmZ-yeUbSUbjMkWECjjZVZN4vhr2EdT0K3OLz5g4OIve0IHxRGPb4AMqtDYMgmdU9bWtEBxIJ3oqQ_w&#039;); if (1 &amp;&amp; !B.env.fe_force_perf_tracking) { return; } _req.send(navTimesBody); if (window.B &amp;&amp; window.B.env) { B.env.fe_force_perf_tracking = false; } }; B.env.fe_new_perf_tracking = { version: &#039;2&#039;, web_vitals: &#039;1&#039;, first_visit: &#039;&#039;, params: { cdn: &#039;cf&#039;, dc: &#039;32&#039;, bo: &#039;3&#039;, route: &#039;&#039; } }; w.sendNavigationTiming = callback; if ( typeof w.attachEvent != &quot;undefined&quot; ) { w.attachEvent(&quot;onload&quot;, callback); } else if ( w.addEventListener ) { w.addEventListener(&quot;load&quot;, callback, false); } })(window); &lt;/script&gt; 
&lt;svg class=&quot;bk-icon -iconset-heart&quot; height=&quot;128&quot; style=&quot;display:none;&quot; width=&quot;128&quot; viewBox=&quot;0 0 128 128&quot; role=&quot;presentation&quot; aria-hidden=&quot;true&quot; focusable=&quot;false&quot;&gt;&lt;path d=&quot;M64 112a3.6 3.6 0 0 1-2-.5 138.8 138.8 0 0 1-44.2-38c-10-14.4-10.6-26-9.4-33.2a29 29 0 0 1 22.9-23.7c11.9-2.4 24 2.5 32.7 13a33.7 33.7 0 0 1 32.7-13 29 29 0 0 1 22.8 23.7c1.3 7.2.6 18.8-9.3 33.3-9.1 13.1-24 25.9-44.2 37.9a3.6 3.6 0 0 1-2 .5z&quot;/&gt;&lt;/svg&gt;
&lt;svg class=&quot;bk-icon -iconset-heart_outline&quot; height=&quot;128&quot; style=&quot;display:none;&quot; width=&quot;128&quot; viewBox=&quot;0 0 128 128&quot; role=&quot;presentation&quot; aria-hidden=&quot;true&quot; focusable=&quot;false&quot;&gt;&lt;path d=&quot;M119.5 40.3a29 29 0 0 0-22.8-23.7 33.8 33.8 0 0 0-32.7 13 33.7 33.7 0 0 0-32.7-13A29 29 0 0 0 8.5 40.3c-1.3 7.2-.6 18.8 9.4 33.3A140 140 0 0 0 62 111.5a3.7 3.7 0 0 0 4 0c20.2-12 35-24.8 44.1-38 10-14.4 10.7-26 9.5-33.2zm-55.5 63c-33-20.1-50.8-43-47.7-61.6A20.7 20.7 0 0 1 33 24.3a22.3 22.3 0 0 1 4.5-.4c8.8 0 17.3 5.2 23.2 14.6a4 4 0 0 0 3.4 1.8 4 4 0 0 0 3.4-1.8c6-9.4 14.4-14.6 23.2-14.6a22.3 22.3 0 0 1 4.5.5 20.7 20.7 0 0 1 16.6 17.2c3 18.6-14.8 41.6-47.8 61.7z&quot;/&gt;&lt;/svg&gt;
&lt;svg class=&quot;bk-icon -streamline-loading&quot; height=&quot;24&quot; style=&quot;display:none;&quot; width=&quot;24&quot; viewBox=&quot;0 0 24 24&quot; role=&quot;presentation&quot; aria-hidden=&quot;true&quot; focusable=&quot;false&quot;&gt;&lt;path d=&quot;M11.25.747v3.75a.75.75 0 0 0 1.5 0V.747a.75.75 0 0 0-1.5 0zm1.5 22.5v-3.75a.75.75 0 0 0-1.5 0v3.75a.75.75 0 0 0 1.5 0zM3.515 4.572l2.652 2.652a.75.75 0 0 0 1.06-1.06L4.575 3.512a.75.75 0 0 0-1.06 1.06zm16.97 14.85l-2.652-2.651a.75.75 0 1 0-1.06 1.06l2.652 2.651a.75.75 0 1 0 1.06-1.06zM.75 12.747H4.5a.75.75 0 0 0 0-1.5H.75a.75.75 0 0 0 0 1.5zm22.5-1.5H19.5a.75.75 0 0 0 0 1.5h3.75a.75.75 0 0 0 0-1.5zM4.575 20.482l2.652-2.65a.75.75 0 1 0-1.06-1.061l-2.652 2.65a.75.75 0 1 0 1.06 1.061zm14.85-16.97l-2.652 2.652a.75.75 0 0 0 1.06 1.06l2.652-2.652a.75.75 0 0 0-1.06-1.06z&quot;/&gt;&lt;/svg&gt;
&lt;svg class=&quot;bk-icon -iconset-navarrow_down_bold&quot; height=&quot;128&quot; style=&quot;display:none;&quot; width=&quot;128&quot; viewBox=&quot;0 0 128 128&quot; role=&quot;presentation&quot; aria-hidden=&quot;true&quot; focusable=&quot;false&quot;&gt;&lt;path d=&quot;M101.7 42.3a8 8 0 0 0-11.4 0L64 68.7 37.7 42.3a8 8 0 0 0-11.4 11.4L64 91.3l37.7-37.6a8 8 0 0 0 0-11.4z&quot;/&gt;&lt;/svg&gt;
&lt;svg class=&quot;bk-icon -iconset-loading&quot; height=&quot;128&quot; style=&quot;display:none;&quot; width=&quot;128&quot; viewBox=&quot;0 0 128 128&quot; role=&quot;presentation&quot; aria-hidden=&quot;true&quot; focusable=&quot;false&quot;&gt;&lt;path d=&quot;m64 8a4.67 4.67 0 0 1 4.67 4.67v18.66a4.67 4.67 0 0 1 -4.67 4.67 4.67 4.67 0 0 1 -4.67-4.67v-18.66a4.67 4.67 0 0 1 4.67-4.67z&quot; opacity=&quot;.75&quot;/&gt;&lt;path d=&quot;m92 15.48a4.67 4.67 0 0 1 1.71 6.37l-9.34 16.15a4.67 4.67 0 0 1 -6.37 1.72 4.67 4.67 0 0 1 -1.71-6.37l9.33-16.17a4.67 4.67 0 0 1 6.38-1.7z&quot; opacity=&quot;.2&quot;/&gt;&lt;path d=&quot;m112.52 36a4.67 4.67 0 0 1 -1.71 6.37l-16.16 9.34a4.67 4.67 0 0 1 -6.37-1.71 4.67 4.67 0 0 1 1.72-6.37l16.17-9.33a4.67 4.67 0 0 1 6.35 1.7z&quot; opacity=&quot;.25&quot;/&gt;&lt;path d=&quot;m120 64a4.67 4.67 0 0 1 -4.67 4.67h-18.66a4.67 4.67 0 0 1 -4.67-4.67 4.67 4.67 0 0 1 4.67-4.67h18.67a4.67 4.67 0 0 1 4.66 4.67z&quot; opacity=&quot;.3&quot;/&gt;&lt;path d=&quot;m112.52 92a4.67 4.67 0 0 1 -6.37 1.71l-16.15-9.34a4.67 4.67 0 0 1 -1.72-6.37 4.67 4.67 0 0 1 6.37-1.71l16.17 9.33a4.67 4.67 0 0 1 1.7 6.38z&quot; opacity=&quot;.35&quot;/&gt;&lt;path d=&quot;m92 112.52a4.67 4.67 0 0 1 -6.37-1.71l-9.34-16.16a4.67 4.67 0 0 1 1.71-6.37 4.67 4.67 0 0 1 6.37 1.72l9.33 16.17a4.67 4.67 0 0 1 -1.7 6.35z&quot; opacity=&quot;.4&quot;/&gt;&lt;path d=&quot;m64 120a4.67 4.67 0 0 1 -4.67-4.67v-18.66a4.67 4.67 0 0 1 4.67-4.67 4.67 4.67 0 0 1 4.67 4.67v18.67a4.67 4.67 0 0 1 -4.67 4.66z&quot; opacity=&quot;.45&quot;/&gt;&lt;path d=&quot;m36 112.52a4.67 4.67 0 0 1 -1.71-6.37l9.34-16.15a4.67 4.67 0 0 1 6.37-1.72 4.67 4.67 0 0 1 1.71 6.37l-9.33 16.17a4.67 4.67 0 0 1 -6.38 1.7z&quot; opacity=&quot;.5&quot;/&gt;&lt;path d=&quot;m15.48 92a4.67 4.67 0 0 1 1.71-6.37l16.17-9.33a4.67 4.67 0 0 1 6.36 1.7 4.67 4.67 0 0 1 -1.72 6.37l-16.15 9.34a4.67 4.67 0 0 1 -6.37-1.71z&quot; opacity=&quot;.55&quot;/&gt;&lt;path d=&quot;m8 64a4.67 4.67 0 0 1 4.67-4.67h18.66a4.67 4.67 0 0 1 4.67 4.67 4.67 4.67 0 0 1 -4.67 4.67h-18.66a4.67 4.67 0 0 1 -4.67-4.67z&quot; opacity=&quot;.6&quot;/&gt;&lt;path d=&quot;m15.48 36a4.67 4.67 0 0 1 6.37-1.71l16.15 9.34a4.67 4.67 0 0 1 1.72 6.37 4.67 4.67 0 0 1 -6.37 1.71l-16.17-9.34a4.67 4.67 0 0 1 -1.7-6.37z&quot; opacity=&quot;.65&quot;/&gt;&lt;path d=&quot;m36 15.48a4.67 4.67 0 0 1 6.37 1.71l9.33 16.17a4.67 4.67 0 0 1 -1.7 6.36 4.67 4.67 0 0 1 -6.37-1.72l-9.34-16.15a4.67 4.67 0 0 1 1.71-6.37z&quot; opacity=&quot;.7&quot;/&gt;&lt;/svg&gt;
&lt;script type=&#039;text/javascript&#039; nonce=&quot;Y346mIyU7Ic0W43&quot;&gt;
booking.jstmpl(&#039;lists_hotel_dropdown&#039;, (function () { var T = [&quot;\n&quot;,&quot;\n\u003cdiv class=\&quot;preloader-state-icon\&quot;\u003e\n&quot;,&quot;iconset/loading&quot;,&quot;\n\u003c/div\u003e\n&quot;,&quot;\n\u003cdiv class=\&quot;wl-dropdown-saved-to-message\&quot; aria-hidden=\&quot;true\&quot;\u003e\n&quot;,&quot;/private/cdm_web_sr_compare_checkbox_saved/name&quot;,&quot;\n\u003ca href=\&quot;&quot;,&quot;\&quot; class=\&quot;js-open-list\&quot; target=\&quot;_blank\&quot;\u003e\n&quot;,&quot;\n\u003c/a\u003e\n&quot;,&quot;\n\u003cdiv class=\&quot;dmw_sr_wl_dd_expand_trigger\&quot;\u003e\n\u003ca href=\&quot;#0\&quot; class=\&quot;bui-link bui-link--secondary js-sr-wl-expand-trigger\&quot;\u003eChange\u003c/a\u003e\n&quot;,&quot;iconset/navarrow_down_bold&quot;,&quot;smaller&quot;,&quot;\n\u003c/div\u003e\n\u003cdiv class=\&quot;dmw_sr_wl_dd_collapsed\&quot;\u003e\n&quot;,&quot;\n\u003cdiv class=\&quot;bui-group\&quot; role=\&quot;group\&quot;\u003e\n&quot;,&quot;\n\u003clabel\nclass=\&quot;\nwl-dropdown-item\njs-wl-dropdown-item\n&quot;,&quot;\nwl-dropdown-item_shared\n&quot;,&quot;\nbui-checkbox\n&quot;,&quot;\nwl-dropdown-item--added\n&quot;,&quot;\n\&quot;\naria-label=\&quot;&quot;,&quot;/private/a11y_hp_bookmarks_shared/name&quot;,&quot;\&quot;\n\u003e\n\u003cinput\ntype=\&quot;checkbox\&quot;\ndata-list-id=\&quot;&quot;,&quot;\&quot;\nid=\&quot;wl_item_&quot;,&quot;\&quot;\nclass=\&quot;js-wl-dropdown-item-checkbox wl-dropdown-item__checkbox bui-checkbox__input\&quot;\n&quot;,&quot;checked=\&quot;checked\&quot;&quot;,&quot;\n/\u003e\n\u003cspan id=\&quot;wl_checkbox_label_&quot;,&quot;\&quot; class=\&quot;bui-checkbox__label\n&quot;,&quot;wl-dropdown-item__name--last-used&quot;,&quot;\&quot;\u003e\n&quot;,&quot;\n\u003c/span\u003e\n\u003cspan\nclass=\&quot;\nwl-dropdown-link-wrapper\n&quot;,&quot;g-hidden&quot;,&quot;g-hidden-2&quot;,&quot;\n\&quot;\n\u003e\n&quot;,&quot; - &quot;,&quot;\n\u003ca\nclass=\&quot;&quot;,&quot;wl-dropdown-link js-open-list &quot;,&quot;\&quot;\ntarget=\&quot;_blank\&quot;\nhref=\&quot;&quot;,&quot;\&quot;\naria-describedby=\&quot;wl_checkbox_label_&quot;,&quot;\&quot;\n\u003e\n&quot;,&quot;\n\u003cspan aria-label=\&quot;&quot;,&quot;\&quot;\u003e\u003c/span\u003e\n\u003c/a\u003e\n\u003c/span\u003e\n\u003c/label\u003e\n&quot;,&quot;\n\u003clabel class=\&quot;wl-dropdown-item wl-dropdown-item_new js-wl-dropdown-item-new bui-checkbox\&quot;\u003e\n\u003cinput\ntype=\&quot;checkbox\&quot;\ndata-list-id=\&quot;\&quot;\ndisabled=\&quot;disabled\&quot;\nclass=\&quot;js-wl-dropdown-item-checkbox wl-dropdown-item__checkbox bui-checkbox__input\&quot;\naria-hidden=\&quot;true\&quot;\n/\u003e\n\u003cspan class=\&quot;bui-checkbox__label\&quot;\u003e\n\u003cinput\ntype=\&quot;text\&quot;\nplaceholder=\&quot;&quot;,&quot;\&quot;\nclass=\&quot;js-wl-dropdown-item-text force-focusable wl-dropdown-item__text bui-form__control\&quot;\naria-label=\&quot;&quot;,&quot;/private/a11y_hp_bookmarks_name_new/name&quot;,&quot;\&quot;\n\u003e\n\u003c/span\u003e\n\u003c/label\u003e\n&quot;], V = [&quot;loading_list&quot;,&quot;lists&quot;,&quot;fe_show_saved_message&quot;,&quot;fe_wl_sr_saw_dropdow&quot;,&quot;b_user_auth_level_is_low_or_high&quot;,&quot;is_collaborated&quot;,&quot;selected&quot;,&quot;name&quot;,&quot;id&quot;,&quot;lastUsed&quot;,&quot;b_action&quot;,&quot;b_is_tdot_traffic&quot;,&quot;url&quot;,&quot;go_to_list&quot;,&quot;wishlist_create_new&quot;,&quot;b_reg_user_wishlist_remaining&quot;], WV, LV, VA; return function (VS) { var s = &#039;&#039;, r = this.fn; s += T[0]; if (r.MJ(r.MB(V[0]))) { s += [ T[1],             ( VS.unshift({&#039;name&#039;: T[2]}), (VA = r.HELPER(&quot;icon&quot;, VS[0])), VS.shift(), VA ) , T[3] ].join( &#039;&#039; ); } s += T[0]; if (! (r.MD(V[0]))) { s += T[0]; if (r.MD(V[2])) { s += [ T[4], r.ME(T[5], r.MB, r.MN, null), T[0] ].join( &#039;&#039; ); { var LA= ( r.MC(V[1]) || [] ); VS.unshift({&#039;list&#039;: null}); for(var LC=1, LM= LA.length, LV_list; LC &lt;= LM; LC++) { VS[0][&#039;list&#039;]= LV_list= LA[LC - 1]; s += T[0]; if (r.MJ(r.MG((LV_list || {})[&quot;selected&quot;] ))) { s += [ T[6], r.F[&#039;html&#039;]((LV_list || {})[&quot;url&quot;]), T[7], r.F[&#039;js&#039;](r.F[&#039;html&#039;]((LV_list || {})[&quot;name&quot;])), T[8] ].join( &#039;&#039; ); } s += T[0]; } VS.shift(); } s += T[3]; } s += T[0]; if (( ( r.MJ(r.MB(V[2])) &amp;&amp; r.MJ(r.MB(V[3])) ) &amp;&amp; r.MJ(r.MC(V[4])) )) { s += [ T[9],                 ( VS.unshift({&#039;color&#039;: &quot;#000000&quot;, &#039;name&#039;: T[10], &#039;size&#039;: T[11]}), (VA = r.HELPER(&quot;icon&quot;, VS[0])), VS.shift(), VA ) , T[12] ].join( &#039;&#039; ); } s += T[13]; { var LA= ( r.MC(V[1]) || [] ); VS.unshift(null); for(var LC=1, LM= LA.length; LC &lt;= LM; LC++) { VS[0]= LA[LC - 1]; s += T[14]; if (r.MD(V[5])) { s += T[15]; } s += T[16]; if (r.MD(V[6])) { s += T[17]; } s += T[18]; s += [ r.F[&#039;js&#039;](r.F[&#039;html&#039;](r.MB(V[7]))), T[0] ].join( &#039;&#039; ); if (r.MD(V[5])) { s += [ r.ME(T[19], r.MB, r.MN, null), T[0] ].join( &#039;&#039; ); } s += [ T[20], r.F[&#039;js&#039;](r.F[&#039;html&#039;](r.MB(V[8]))), T[21], r.F[&#039;js&#039;](r.F[&#039;html&#039;](r.MB(V[8]))), T[22] ].join( &#039;&#039; ); if (r.MD(V[6])) { s += T[23]; } s += [ T[24], r.F[&#039;js&#039;](r.F[&#039;html&#039;](r.MB(V[8]))), T[25] ].join( &#039;&#039; ); if (r.MD(V[9])) { s += T[26]; } s += [ T[27], r.F[&#039;js&#039;](r.F[&#039;html&#039;](r.MB(V[7]))), T[28] ].join( &#039;&#039; ); if (! (r.MD(V[6]))) { s += T[29]; } s += T[0]; if ((r.MJ( r.MC(V[10])  + &quot;&quot; === &quot;&quot; +  &quot;searchresults&quot; ))) { s += T[30]; } s += T[31]; if (r.MK(r.MC(V[11]))) { s += T[32]; } s += T[33]; s += T[34]; s += [ T[35], r.F[&#039;html&#039;](r.MB(V[12])), T[36], r.F[&#039;js&#039;](r.F[&#039;html&#039;](r.MB(V[8]))), T[37], r.F[&#039;js&#039;](r.F[&#039;html&#039;](r.MB(V[13]))), T[38], r.F[&#039;js&#039;](r.F[&#039;html&#039;](r.MB(V[7]))), T[39] ].join( &#039;&#039; ); } VS.shift(); } s += T[0]; if (( r.MJ(r.MC(V[4])) &amp;&amp; (r.MJ( r.MC(V[15])  &gt;  0 )) )) { s += [ T[40], r.F[&#039;js&#039;](r.F[&#039;html&#039;](r.MB(V[14]))), T[41], r.ME(T[42], r.MB, r.MN, null), T[43] ].join( &#039;&#039; ); } s += T[3]; if (( ( r.MJ(r.MB(V[2])) &amp;&amp; r.MJ(r.MB(V[3])) ) &amp;&amp; r.MJ(r.MC(V[4])) )) { s += T[3]; } s += T[0]; } s += T[0]; return s; }; } )());
&lt;/script&gt;
&lt;script type=&#039;text/javascript&#039; nonce=&quot;Y346mIyU7Ic0W43&quot;&gt;
booking.jstmpl(&#039;lists_hotel_dropdown_removed&#039;, (function () { var T = [&quot;\n&quot;,&quot;\n\u003cdiv class=\&quot;preloader-state-icon\&quot;\u003e\n&quot;,&quot;iconset/loading&quot;,&quot;\n\u003c/div\u003e\n&quot;,&quot;\n\u003cdiv class=\&quot;wl-dropdown-removed-title bui_font_body\&quot;\u003e\n&quot;,&quot;/private/wl_removed_from/name&quot;,&quot;\n\u003ca\nclass=\&quot;bui-link bui-link--primary bui_font_body wl-dropdown-removed-list__link js-open-list\&quot;\ntarget=\&quot;_blank\&quot;\nhref=\&quot;&quot;,&quot;\&quot;\n\u003e\n&quot;,&quot;\n\u003cspan aria-label=\&quot;&quot;,&quot;\&quot;\u003e\u003c/span\u003e\n\u003c/a\u003e\n&quot;,&quot;\n\u003cspan class=\&quot;wl-dropdown-removed-title bui_font_body\&quot;\u003e\n&quot;,&quot;\n\u003c/span\u003e\n\u003cul class=\&quot;bui-list bui-list--unordered wl-dropdown-removed-list\&quot;\u003e\n&quot;,&quot;\n\u003cli class=\&quot;bui-list__item wl-dropdown-removed-list-item\&quot;\u003e\n&quot;,&quot;\n\u003c/li\u003e\n&quot;,&quot;\n\u003c/ul\u003e\n&quot;], V = [&quot;loading_list&quot;,&quot;lists&quot;,&quot;url&quot;,&quot;list_name&quot;,&quot;name&quot;], WV, LV, VA; return function (VS) { var s = &#039;&#039;, r = this.fn; function link_block1(s) { s += [ T[6], r.F[&#039;html&#039;](r.MB(V[2])), T[7], r.F[&#039;js&#039;](r.F[&#039;html&#039;](r.MC(V[3]))), T[8], r.F[&#039;js&#039;](r.F[&#039;html&#039;](r.MB(V[3]))), T[9] ].join( &#039;&#039; ); return s; } s += T[0]; s += T[0]; if (r.MJ(r.MB(V[0]))) { s += [ T[1],             ( VS.unshift({&#039;name&#039;: T[2]}), (VA = r.HELPER(&quot;icon&quot;, VS[0])), VS.shift(), VA ) , T[3] ].join( &#039;&#039; ); } s += T[0]; if (! (r.MD(V[0]))) { s += T[0]; if ((r.MJ( r.array_length(r.MB(V[1]))  ==  1 ))) { s += [ T[4], r.ME(T[5], r.MB, r.MN, null), T[0] ].join( &#039;&#039; ); { var LA= ( r.MC(V[1]) || [] ); VS.unshift(null); for(var LC=1, LM= LA.length; LC &lt;= LM; LC++) { VS[0]= LA[LC - 1]; s += T[0]; { VS.unshift({&#039;list_name&#039;: r.MB(V[4]), &#039;url&#039;: r.MB(V[2])}); s = link_block1(s); VS.shift(); } s += T[0]; } VS.shift(); } s += T[3]; } else  { s += [ T[10], r.ME(T[5], r.MB, r.MN, null), T[11] ].join( &#039;&#039; ); { var LA= ( r.MC(V[1]) || [] ); VS.unshift(null); for(var LC=1, LM= LA.length; LC &lt;= LM; LC++) { VS[0]= LA[LC - 1]; s += T[12]; { VS.unshift({&#039;list_name&#039;: r.MB(V[4]), &#039;url&#039;: r.MB(V[2])}); s = link_block1(s); VS.shift(); } s += T[13]; } VS.shift(); } s += T[14]; } s += T[0]; } s += T[0]; return s; }; } )());
&lt;/script&gt;
&lt;script nonce=&quot;Y346mIyU7Ic0W43&quot;&gt;booking.jstmpl(&#039;searchbox_number_of_nights&#039;, (function () { var T = [&quot;&quot;,&quot;\n&quot;,&quot;/private/sbox_dates_num_nights_1/name&quot;], V = [&quot;b_interval&quot;,&quot;b_lang&quot;], WV, LV, VA; return function (VS) { var s = &#039;&#039;, r = this.fn; function searchbox_partial_length_of_stay_string_inc1(s) { s += [ T[1], &#039;&#039;, T[1],         ( VS.unshift({&#039;num_nights&#039;: r.MC(V[0])}), (VA = r.ME(T[2], r.MB, r.MN, r.MO(r.MC(V[0]), null, T[2]))), VS.shift(), VA ) , T[1], &#039;&#039; ].join( &#039;&#039; ); return s; } s += T[0]; { VS.unshift({&#039;b_interval&#039;: r.MC(V[0]), &#039;b_lang&#039;: r.MC(V[1])}); s = searchbox_partial_length_of_stay_string_inc1(s); VS.shift(); } return s; }; } )());
&lt;/script&gt;
&lt;script nonce=&quot;Y346mIyU7Ic0W43&quot;&gt;booking.jstmpl(&#039;searchbox_children_ages_tooltip&#039;, (function () { var T = [&quot;&quot;,&quot;\u003ch3\u003e&quot;,&quot;/private/sbox_age_of_child_popup_header/name&quot;,&quot;\u003c/h3\u003e\n\u003cp class=\&quot;searchbox_children_ages_tooltip__text\&quot;\u003e&quot;,&quot;/private/sbox_age_of_child_popup_best_price/name&quot;,&quot;\u003c/p\u003e&quot;], V = [], WV, LV, VA; return function (VS) { var s = &#039;&#039;, r = this.fn; function bookings2components_search_group_children_ages_tooltip_inc1(s) { s += [ T[1], r.ME(T[2], r.MB, r.MN, null), T[3], r.ME(T[4], r.MB, r.MN, null), T[5] ].join( &#039;&#039; ); return s; } s += T[0]; s = bookings2components_search_group_children_ages_tooltip_inc1(s); return s; }; } )());
&lt;/script&gt;
&lt;script nonce=&quot;Y346mIyU7Ic0W43&quot;&gt;booking.jstmpl(&#039;searchbox_children_ages_default_12_tooltip&#039;, (function () { var T = [&quot;&quot;,&quot;/private/groups_sr_undefined_ages_msg/name&quot;,&quot;\u003cspan class=\&quot;fly-dropdown-close fly-dropdown-close-icon\&quot;\u003e\u003c/span\u003e\n\u003cp class=\&quot;searchbox_children_age_default_12_dropdown__text\&quot;\u003e&quot;,&quot;\u003c/p\u003e\n&quot;], V = [&quot;fe_children_age_warning_text&quot;], WV, LV, VA; return function (VS) { var s = &#039;&#039;, r = this.fn; function searchbox_sb_gs_empty_children_age_default_12_inc1(s) { s += T[0]; r.MN(V[0],r.ME(T[1], r.MB, r.MN, null)); s += [ T[2], r.F[&#039;entities&#039;](r.MC(V[0])), T[3] ].join( &#039;&#039; ); return s; } s += T[0]; s = searchbox_sb_gs_empty_children_age_default_12_inc1(s); return s; }; } )());
&lt;/script&gt;
&lt;script nonce=&quot;Y346mIyU7Ic0W43&quot;&gt;booking.jstmpl(&#039;length_of_stay_detailed&#039;, (function () { var T = [&quot;&quot;,&quot;\n\u003cspan class=\&quot;c2-calendar-footer__inner-wrap\&quot;\u003e\n&quot;,&quot;sbox_calendar_num_nights_2&quot;,&quot;\u003c/strong\u003e&quot;,&quot;\u003cstrong\u003e&quot;,&quot;\n\u003c/span\u003e\n&quot;], V = [&quot;b_interval&quot;,&quot;b_checkin_date_formatted&quot;,&quot;b_checkout_date_formatted&quot;], WV, LV, VA; return function (VS) { var s = &#039;&#039;, r = this.fn; function searchbox_partial_length_of_stay_detailed_string_inc1(s) { s += [ T[1],         ( VS.unshift({&#039;checkin_date&#039;: r.MC(V[1]), &#039;checkout_date&#039;: r.MC(V[2]), &#039;end_bold&#039;: T[3], &#039;num_nights&#039;: r.MC(V[0]), &#039;start_bold&#039;: T[4]}), (VA = r.VP(T[2], r.MO(r.MC(V[0]), null, T[2]))), VS.shift(), VA ) , T[5] ].join( &#039;&#039; ); return s; } s += T[0]; s = searchbox_partial_length_of_stay_detailed_string_inc1(s); return s; }; } )());
&lt;/script&gt;
&lt;script nonce=&quot;Y346mIyU7Ic0W43&quot;&gt;booking.jstmpl(&#039;calendar_footer_error_above_30_days&#039;, (function () { var T = [&quot;\n&quot;,&quot;/private/sbox_error_30_night_res/name&quot;,&quot;data-&quot;,&quot;=\&quot;&quot;,&quot;\&quot;&quot;,&quot; data-&quot;,&quot;\u003cdiv data-component=\&quot;onview-animate\&quot; data-anim-type=\&quot;fadeInBottom\&quot;\u003e &quot;,&quot;\u003cdiv class=\&quot;fe_banner fe_banner__accessible &quot;,&quot;fe_banner__scale_small &quot;,&quot;fe_banner__w-icon &quot;,&quot;fe_banner__w-dismiss &quot;,&quot;fe_banner__&quot;,&quot; &quot;,&quot;fe_banner__w-icon-&quot;,&quot;fe_banner__bp fe_banner__inherit_font_size &quot;,&quot; \&quot; &quot;,&quot;id=\&quot;&quot;,&quot;\&quot; &quot;,&quot;role=\&quot;alert\&quot;&quot;,&quot;\u003e &quot;,&quot;\u003ci class=\&quot;fe_banner__icon &quot;,&quot;\&quot; aria-hidden=\&quot;true\&quot;\u003e\u003c/i\u003e &quot;,&quot;\u003cimg class=\&quot;fe_banner__icon\&quot; src=\&quot;&quot;,&quot;\&quot;\u003e &quot;,&quot;\u003cspan class=\&quot;&quot;,&quot;fe_banner__icon&quot;,&quot; \u003c/span\u003e &quot;,&quot;\u003cdiv class=\&quot;fe_banner__btn_container\&quot;\u003e \u003cdiv class=\&quot;fe_banner__btn_container_content\&quot;\u003e &quot;,&quot;\u003ch3 class=\&quot;fe_banner__title\&quot;\u003e &quot;,&quot; \u003c/h3\u003e &quot;,&quot;\u003cdiv class=\&quot;fe_banner__message\&quot;\u003e &quot;,&quot; \u003c/div\u003e &quot;,&quot;\u003c/div\u003e \u003cdiv class=\&quot;fe_banner__button\&quot;\u003e &quot;,&quot;\u003c/div\u003e &quot;,&quot;\u003cspan class=\&quot;fe_banner__dismiss js-close\&quot; role=\&quot;button\&quot; tabindex=\&quot;1\&quot; aria-label=\&quot;&quot;,&quot;/private/a11y_cta_close_banner_new/name&quot;,&quot;\&quot;\u003e\u003ci class=\&quot;bicon-btnclose\&quot;\u003e\u003c/i\u003e\u003c/span\u003e &quot;,&quot;0&quot;,&quot;red&quot;], V = [&quot;fe_error_message&quot;,&quot;fe_banner__data&quot;,&quot;fe_banner__data_id&quot;,&quot;fe_banner__data_value&quot;,&quot;fe_banner__data_id_2&quot;,&quot;fe_banner__data_value_2&quot;,&quot;fe_banner__data_id_3&quot;,&quot;fe_banner__data_value_3&quot;,&quot;fe_banner__data_id_4&quot;,&quot;fe_banner__data_value_4&quot;,&quot;fe_banner__data_id_5&quot;,&quot;fe_banner__data_value_5&quot;,&quot;fe_banner__animate&quot;,&quot;fe_banner__scale&quot;,&quot;fe_banner__icon_class&quot;,&quot;fe_banner__icon_img_url&quot;,&quot;fe_banner__icon_svg&quot;,&quot;fe_banner__close_button&quot;,&quot;fe_banner__color_scheme&quot;,&quot;fe_banner__color_scheme_classes&quot;,&quot;fe_banner__icon_size&quot;,&quot;b_action&quot;,&quot;fe_banner__extra_classes&quot;,&quot;fe_banner__id&quot;,&quot;fe_banner__aria_alert&quot;,&quot;fe_banner__icon_svg_class&quot;,&quot;fe_banner__btn_include&quot;,&quot;fe_banner__title_text&quot;,&quot;fe_banner__message_text&quot;,&quot;fe_banner__banners_count&quot;], WV, LV, VA; return function (VS) { var s = &#039;&#039;, r = this.fn; function bookings2tmpl_inc_modules_banner_inc1(s) { s += [ &#039;&#039;, T[0] ].join( &#039;&#039; ); if (r.MD(V[28])) { s += T[0]; if (r.MD(V[2])) { s += T[0]; r.MN(V[1],[ T[2], r.MB(V[2]), T[3], r.MB(V[3]), T[4] ].join( &#039;&#039; )); s += T[0]; } s += T[0]; if (r.MD(V[4])) { s += T[0]; r.MN(V[1],[ r.MB(V[1]), T[5], r.MB(V[4]), T[3], r.MB(V[5]), T[4] ].join( &#039;&#039; )); s += T[0]; } s += T[0]; if (r.MD(V[6])) { s += T[0]; r.MN(V[1],[ r.MB(V[1]), T[5], r.MB(V[6]), T[3], r.MB(V[7]), T[4] ].join( &#039;&#039; )); s += T[0]; } s += T[0]; if (r.MD(V[8])) { s += T[0]; r.MN(V[1],[ r.MB(V[1]), T[5], r.MB(V[8]), T[3], r.MB(V[9]), T[4] ].join( &#039;&#039; )); s += T[0]; } s += T[0]; if (r.MD(V[10])) { s += T[0]; r.MN(V[1],[ r.MB(V[1]), T[5], r.MB(V[10]), T[3], r.MB(V[11]), T[4] ].join( &#039;&#039; )); s += T[0]; } s += T[0]; if (r.MD(V[12])) { s += T[6]; } s += T[7]; { var CV = r.MB(V[13]); if ((r.MJ( CV  + &quot;&quot; === &quot;&quot; +  &quot;small&quot; ))) { s += T[8]; } else { } } if (( ( r.MJ(r.MB(V[14])) || r.MJ(r.MB(V[15])) ) || r.MJ(r.MB(V[16])) )) { s += T[9]; } if (r.MD(V[17])) { s += T[10]; } if (r.MJ(r.MB(V[18]))) { s += [ T[11], r.F[&#039;entities&#039;](r.MC(V[18])), r.F[&#039;entities&#039;](r.MC(V[19])), T[12] ].join( &#039;&#039; ); } if (( r.MJ(r.MB(V[14])) &amp;&amp; r.MJ(r.MB(V[20])) )) { s += [ T[13], r.F[&#039;entities&#039;](r.MC(V[20])), T[12] ].join( &#039;&#039; ); } if (( (r.MJ( r.MC(V[21])  + &quot;&quot; === &quot;&quot; +  &quot;book&quot; )) || (r.MJ( r.MC(V[21])  + &quot;&quot; === &quot;&quot; +  &quot;tpi_book&quot; )) )) { s += T[14]; } s += [ r.F[&#039;entities&#039;](r.MC(V[22])), T[15] ].join( &#039;&#039; ); if (r.MD(V[23])) { s += [ T[16], r.F[&#039;entities&#039;](r.MC(V[23])), T[17] ].join( &#039;&#039; ); } if (r.MD(V[1])) { s += [ r.MC(V[1]), T[12] ].join( &#039;&#039; ); } if (r.MD(V[24])) { s += T[18]; } s += T[19]; if (r.MD(V[14])) { s += [ T[20], r.F[&#039;entities&#039;](r.MC(V[14])), T[21] ].join( &#039;&#039; ); } else if (r.MD(V[15])) { s += [ T[22], r.F[&#039;entities&#039;](r.MC(V[15])), T[23] ].join( &#039;&#039; ); } else if (r.MD(V[16])) { s += T[24]; if (r.MD(V[25])) { s += r.F[&#039;entities&#039;](r.MC(V[25])); } else  { s += T[25]; } s += [ T[23], r.MC(V[16]), T[26] ].join( &#039;&#039; ); } if (r.MD(V[26])) { s += T[27]; } if (r.MD(V[27])) { s += [ T[28], r.MC(V[27]), T[29] ].join( &#039;&#039; ); } if (r.MD(V[28])) { s += [ T[30], r.MC(V[28]), T[31] ].join( &#039;&#039; ); } if (r.MD(V[26])) { s += [ T[32], r.MC(V[26]), T[31] ].join( &#039;&#039; ); } if (r.MD(V[26])) { s += T[33]; } if (r.MD(V[17])) { s += [ T[34], r.ME(T[35], r.MB, r.MN, null), T[36] ].join( &#039;&#039; ); } s += T[33]; if (r.MD(V[12])) { s += T[33]; } s += T[0]; } s += T[0]; r.MN(V[18], undefined); s += T[0]; r.MN(V[14], undefined); s += T[0]; r.MN(V[15], undefined); s += T[0]; r.MN(V[16], undefined); s += T[0]; r.MN(V[20], undefined); s += T[0]; r.MN(V[27], undefined); s += T[0]; r.MN(V[28], undefined); s += T[0]; r.MN(V[26], undefined); s += T[0]; r.MN(V[17], undefined); s += T[0]; r.MN(V[23], undefined); s += T[0]; r.MN(V[22], undefined); s += T[0]; r.MN(V[13], undefined); s += T[0]; r.MN(V[2], undefined); s += T[0]; r.MN(V[3], undefined); s += T[0]; r.MN(V[4], undefined); s += T[0]; r.MN(V[5], undefined); s += T[0]; r.MN(V[6], undefined); s += T[0]; r.MN(V[7], undefined); s += T[0]; r.MN(V[8], undefined); s += T[0]; r.MN(V[9], undefined); s += T[0]; r.MN(V[10], undefined); s += T[0]; r.MN(V[11], undefined); s += T[0]; r.MN(V[19], undefined); s += T[0]; r.MN(V[1], undefined); s += T[0]; r.MN(&quot;fe_banner__banners_count&quot;, (r.MI( r.MB(V[29]) ) + r.MI( 1 ))); s += T[0]; if (( (r.MJ( r.MC(V[21])  + &quot;&quot; === &quot;&quot; +  &quot;book&quot; )) &amp;&amp; r.MJ(r.track_experiment_stage(&quot;HBaMEAbXDMUBdOYZbKZTSfXPRQYO&quot;, 2)) )) { s += T[0]; } else if (r.MJ(r.track_experiment_stage(&quot;HBaMEAbXDMUBdOYZbKZTSfXPRQYO&quot;, 1))) { s += T[0]; } s += [ T[0], &#039;&#039;, T[0] ].join( &#039;&#039; ); return s; } s += T[0]; r.MN(V[0],[ T[0], r.ME(T[1], r.MB, r.MN, null), T[0] ].join( &#039;&#039; )); s += T[0]; { VS.unshift({&#039;fe_banner__close_button&#039;: T[37], &#039;fe_banner__color_scheme&#039;: T[38], &#039;fe_banner__message_text&#039;: r.MB(V[0])}); s = bookings2tmpl_inc_modules_banner_inc1(s); VS.shift(); } s += T[0]; return s; }; } )());
&lt;/script&gt;
&lt;script type=&#039;text/javascript&#039; nonce=&quot;Y346mIyU7Ic0W43&quot;&gt;
booking.jstmpl(&#039;viewed_hotels_sr&#039;, (function () { var T = [&quot;\n&quot;,&quot;\n\u003cdiv class=\&quot;sr_ivhw\&quot;\u003e\n\u003ch2 class=\&quot;lp_sr_viewed_hotels_header\&quot;\u003e\n&quot;,&quot;/private/lp_your_viewed_properties_header/name&quot;,&quot;\n\u003c/h2\u003e\n&quot;,&quot;\u003cdiv class=\&quot;sr-viewed-alert\&quot;\u003e\n\u003cspan class=\&quot;sr-viewed-alert__icon\&quot;\u003e\n\u003cspan class=\&quot;bicon-alertsquare\&quot;\u003e\u003c/span\u003e\n\u003c/span\u003e\n\u003cspan class=\&quot;sr-viewed-alert__content\&quot;\u003e\n&quot;,&quot;/private/x_now_sold_out_compliant_sold_out/name&quot;,&quot;\n\u003c/span\u003e\n\u003c/div\u003e&quot;,&quot;\n\u003cul class=\&quot;sr_ivhl\&quot;\u003e\n&quot;,&quot;;frindrecv=1&quot;,&quot;\n\u003cli class=\&quot;sr_ivhl_i &quot;,&quot;sr_ivhl_i_even&quot;,&quot;\&quot;\ndata-component=\&quot;clickable-block\&quot;\u003e\n\u003cdiv class=\&quot;sr_ivhl_i_iw\&quot;\u003e\n\u003ca href=\&quot;&quot;,&quot;\&quot; target=\&quot;_blank\&quot;\u003e\n\u003cimg src=\&quot;&quot;,&quot;\&quot; alt=\&quot;&quot;,&quot;\&quot; /\u003e\n\u003c/a\u003e\n\u003c/div\u003e\n\u003cdiv class=\&quot;sr_ivhl_i_fw\&quot;\u003e\n\u003ca href=\&quot;&quot;,&quot;\&quot; target=\&quot;_blank\&quot; class=\&quot;sr_ivhl_i_name\&quot;\u003e&quot;,&quot;\u003c/a\u003e\n\u003cdiv class=\&quot;sr_ivhl_i_rw\&quot;\u003e\n&quot;,&quot;\n\u003cdiv style=\&quot;color:#fff;background:#ff0000;padding:0.5em;border-radius:0.5em;max-width:30em;\&quot;\u003eUh oh! looks like you are giving me a formatted score value, please give me a non formatted one\u003c/div\u003e\n&quot;,&quot;&quot;,&quot;none&quot;,&quot;auto&quot;,&quot;num_reviews_sr_page&quot;,&quot; &quot;,&quot;/private/review_adj_superb/name&quot;,&quot;review-score-widget__&quot;,&quot;review-score-widget__score-only &quot;,&quot;review-score-widget__12 &quot;,&quot;review-score-widget__14 &quot;,&quot;review-score-widget__20 &quot;,&quot;review-score-widget__24 &quot;,&quot; review-score-widget &quot;,&quot; review-score-widget__no-subtext&quot;,&quot; review-score-widget__flipped&quot;,&quot;id=\&quot;&quot;,&quot;\&quot;&quot;,&quot;\n\u003c&quot;,&quot;a href=\&quot;&quot;,&quot; target=\&quot;&quot;,&quot;span&quot;,&quot; class=\&quot;review-score-widget__text\&quot; aria-label=\&quot;&quot;,&quot;/private/a11y_adjective_rating/name&quot;,&quot;\&quot;\u003e\n&quot;,&quot;\n\u003c/&quot;,&quot;a&quot;,&quot;\u003e\n&quot;,&quot;span\n&quot;,&quot; class=\&quot;review-score-widget__subtext\&quot; aria-label=\&quot;&quot;,&quot;/private/acc_sr_review_score_rated_with_score_end/name&quot;,&quot;\&quot;\n\u003e\n&quot;,&quot;\n\u003cspan\n&quot;,&quot;\nclass=\&quot;&quot;,&quot; review-score-widget__debug&quot;,&quot;\&quot;\n&quot;,&quot;\ndata-et-view=\&quot;&quot;,&quot;\n\u003e\n&quot;,&quot; class=\&quot;review-score-badge\&quot; aria-label=\&quot;&quot;,&quot;/private/a11y_rating_score_for_screenreader/name&quot;,&quot;\n\u003cspan class=\&quot;review-score-widget__body\&quot;\u003e\n&quot;,&quot;\n\u003c/span\u003e\n&quot;,&quot;small&quot;,&quot;\n\u003cp class=\&quot;sr_ivhl_i_pw\&quot;\u003e&quot;,&quot;\u003c/p\u003e\n&quot;,&quot;\n\u003cdiv\u003e\n\u003c/div\u003e\n\u003c/li\u003e\n&quot;,&quot;\n\u003c/ul\u003e\n\u003c/div\u003e\n&quot;], V = [&quot;b_soldout_seen_hotels_count&quot;,&quot;b_hotel_history&quot;,&quot;_url&quot;,&quot;b_url&quot;,&quot;b_image_url_square128&quot;,&quot;b_title&quot;,&quot;b_dev_server&quot;,&quot;score&quot;,&quot;dont_format_score&quot;,&quot;fe_text&quot;,&quot;text&quot;,&quot;fe_subtext&quot;,&quot;subtext&quot;,&quot;fe_widget_subtext&quot;,&quot;sample_size&quot;,&quot;fe_formatted_sample_size&quot;,&quot;align&quot;,&quot;wrapper_tag_name&quot;,&quot;fe_review_score_word_class_list&quot;,&quot;fe_review_score&quot;,&quot;custom_class&quot;,&quot;review_adj_very_poor&quot;,&quot;review_adj_poor&quot;,&quot;review_adj_disappointing&quot;,&quot;review_adj_average_passable&quot;,&quot;review_adj_average_okay&quot;,&quot;review_adj_pleasant&quot;,&quot;low_score_adjectives&quot;,&quot;fd_lp_header_rs&quot;,&quot;review_adj_good&quot;,&quot;review_adj_very_good&quot;,&quot;review_adj_fabulous&quot;,&quot;fe_review_score_word_copy&quot;,&quot;review_adj_exceptional&quot;,&quot;fe_widget_text&quot;,&quot;prepend_text&quot;,&quot;append_text&quot;,&quot;fe_score&quot;,&quot;prefix&quot;,&quot;fe_score_word_name&quot;,&quot;suffix&quot;,&quot;fe_classname&quot;,&quot;fe_widget_style&quot;,&quot;style&quot;,&quot;score_only&quot;,&quot;fe_widget_layout&quot;,&quot;layout&quot;,&quot;fe_widget_align&quot;,&quot;fe_widget_size&quot;,&quot;size&quot;,&quot;fe_badge_style&quot;,&quot;fe_widget_class&quot;,&quot;flip&quot;,&quot;extra_classes&quot;,&quot;fe_widget_id&quot;,&quot;widget_id&quot;,&quot;fe_rating&quot;,&quot;fe_widget_text_element&quot;,&quot;text_link_url&quot;,&quot;text_link_target&quot;,&quot;fe_rating_adj&quot;,&quot;fe_widget_subtext_element&quot;,&quot;subtext_link_url&quot;,&quot;subtext_link_target&quot;,&quot;review_score_widget&quot;,&quot;b_site_type&quot;,&quot;extra_attributes&quot;,&quot;track_view&quot;,&quot;prepend_html&quot;,&quot;badge_link_url&quot;,&quot;badge_link_target&quot;,&quot;fe_formatted_score&quot;,&quot;fe_is_alt_version&quot;,&quot;append_html&quot;,&quot;render&quot;,&quot;b_review_nr&quot;,&quot;b_review_score_detailed&quot;,&quot;lp_your_viewed_properties_price&quot;,&quot;b_has_valid_dates_not_in_past&quot;,&quot;b_price&quot;,&quot;loc_sr_viewed_properties_prices_from&quot;,&quot;b_cheapest_price_double_selected_currency&quot;,&quot;b_lang&quot;], WV, LV, VA; return function (VS) { var s = &#039;&#039;, r = this.fn; function bookings2components_reviews_review_score_widget_a11y_adjective_variables_inc1(s) { r.MN(&quot;fe_rating&quot;, (r.MI( r.MB(V[7]) ) + r.MI( 0 ))); s += T[0]; r.MN(&quot;fe_rating_adj&quot;, &quot;&quot;); s += T[0]; if (( (r.MJ( r.MB(V[56])  &gt;=  0 )) &amp;&amp; (r.MJ( r.MB(V[56])  &lt;  3 )) )) { s += T[0]; r.MN(&quot;fe_rating_adj&quot;, &quot;1&quot;); s += T[0]; } s += T[0]; if (( (r.MJ( r.MB(V[56])  &gt;=  3 )) &amp;&amp; (r.MJ( r.MB(V[56])  &lt;  4 )) )) { s += T[0]; r.MN(&quot;fe_rating_adj&quot;, &quot;2&quot;); s += T[0]; } s += T[0]; if (( (r.MJ( r.MB(V[56])  &gt;=  4 )) &amp;&amp; (r.MJ( r.MB(V[56])  &lt;  5 )) )) { s += T[0]; r.MN(&quot;fe_rating_adj&quot;, &quot;3&quot;); s += T[0]; } s += T[0]; if (( (r.MJ( r.MB(V[56])  &gt;=  5 )) &amp;&amp; (r.MJ( r.MB(V[56])  &lt;  5.6 )) )) { s += T[0]; r.MN(&quot;fe_rating_adj&quot;, &quot;4&quot;); s += T[0]; } s += T[0]; if (( (r.MJ( r.MB(V[56])  &gt;=  5.6 )) &amp;&amp; (r.MJ( r.MB(V[56])  &lt;  6 )) )) { s += T[0]; r.MN(&quot;fe_rating_adj&quot;, &quot;5&quot;); s += T[0]; } s += T[0]; if (( (r.MJ( r.MB(V[56])  &gt;=  6 )) &amp;&amp; (r.MJ( r.MB(V[56])  &lt;  7 )) )) { s += T[0]; r.MN(&quot;fe_rating_adj&quot;, &quot;6&quot;); s += T[0]; } s += T[0]; if (( (r.MJ( r.MB(V[56])  &gt;=  7 )) &amp;&amp; (r.MJ( r.MB(V[56])  &lt;  8 )) )) { s += T[0]; r.MN(&quot;fe_rating_adj&quot;, &quot;7&quot;); s += T[0]; } s += T[0]; if (( (r.MJ( r.MB(V[56])  &gt;=  8 )) &amp;&amp; (r.MJ( r.MB(V[56])  &lt;  8.6 )) )) { s += T[0]; r.MN(&quot;fe_rating_adj&quot;, &quot;8&quot;); s += T[0]; } s += T[0]; if (( (r.MJ( r.MB(V[56])  &gt;=  8.6 )) &amp;&amp; (r.MJ( r.MB(V[56])  &lt;  9 )) )) { s += T[0]; r.MN(&quot;fe_rating_adj&quot;, &quot;9&quot;); s += T[0]; } s += T[0]; if (( (r.MJ( r.MB(V[56])  &gt;=  9 )) &amp;&amp; (r.MJ( r.MB(V[56])  &lt;  9.5 )) )) { s += T[0]; r.MN(&quot;fe_rating_adj&quot;, &quot;10&quot;); s += T[0]; } s += T[0]; if ((r.MJ( r.MB(V[56])  &gt;=  9.5 ))) { s += T[0]; r.MN(&quot;fe_rating_adj&quot;, &quot;11&quot;); s += T[0]; } return s; } function bookings2components_reviews_review_score_widget_review_score_widget_inc1(s) { s += T[0]; if (( r.MJ(r.MC(V[6])) &amp;&amp; (r.MJ( /,/ .test( r.MB(V[7]) ))) )) { s += T[17]; } s += T[0]; if (( r.MJ(r.MB(V[8])) || (r.MJ( /,/ .test( r.MB(V[7]) ))) )) { s += T[0]; r.MN(&quot;fe_formatted_score&quot;, r.MB(V[7])); s += T[0]; } else  { s += T[0]; r.MN(&quot;fe_formatted_score&quot;, r.format_review_score_plain((r.MI( 0 ) + r.MI( r.MB(V[7]) )))); s += T[0]; } s += T[0]; { var v= &#039;&#039;; v += T[18]; if (r.MJ(r.MB(V[10]))) { v += r.MB(V[10]); } else  { v += T[19]; } v += T[18]; r.MN(V[9],v); } s += T[0]; { var v= &#039;&#039;; v += T[18]; if (r.MJ(r.MB(V[12]))) { v += T[18]; if (( (r.MJ( r.MB(V[12])  + &quot;&quot; !== &quot;&quot; +  &quot;none&quot; )) &amp;&amp; (r.MJ( r.MB(V[9])  + &quot;&quot; === &quot;&quot; +  &quot;none&quot; )) )) { v += T[20]; } else  { v += [ T[18], r.MB(V[12]), T[18] ].join( &#039;&#039; ); } v += T[18]; } else  { v += T[19]; } v += T[18]; r.MN(V[11],v); } s += T[0]; { var v= &#039;&#039;; v += T[18]; if (( ( ( r.MJ(r.MB(V[12])) &amp;&amp; (r.MJ( r.MB(V[12])  + &quot;&quot; === &quot;&quot; +  &quot;auto&quot; )) ) || r.MK(r.MB(V[12])) ) &amp;&amp; r.MJ(r.MB(V[14])) )) { v += T[18]; r.MN(&quot;fe_formatted_sample_size&quot;, r.format_number(r.MB(V[14]))); v += [ T[18],                             ( VS.unshift({&#039;num_reviews&#039;: r.MB(V[15])}), (VA = r.VP(T[21], r.MO((r.MI( r.MC(V[14]) ) + r.MI( 0 )), null, T[21]))), VS.shift(), VA ) , T[18] ].join( &#039;&#039; ); } else if (( (r.MJ( r.MB(V[12])  + &quot;&quot; !== &quot;&quot; +  &quot;none&quot; )) &amp;&amp; (r.MJ( r.MB(V[12])  + &quot;&quot; !== &quot;&quot; +  &quot;auto&quot; )) )) { v += [ T[18], r.MB(V[12]), T[18] ].join( &#039;&#039; ); } v += T[18]; r.MN(V[13],v); } s += T[0]; r.MN(&quot;fe_is_alt_version&quot;, (r.MJ( r.MB(V[16])  + &quot;&quot; === &quot;&quot; +  &quot;right&quot; ))); s += T[0]; { VS.unshift({&#039;low_score_adjectives&#039;: r.MB(V[27]), &#039;score&#039;: (r.MI( 0 ) + r.MI( r.MB(V[7]) ))}); s = bookings2components_reviews_shared_review_score_word_review_score_word_inc1(s); VS.shift(); } s += T[0]; { var v= &#039;&#039;; v += T[18]; if (( ( r.MJ(r.MB(V[10])) &amp;&amp; (r.MJ( r.MB(V[10])  + &quot;&quot; === &quot;&quot; +  &quot;auto&quot; )) ) || ( ( r.MK(r.MB(V[10])) || (r.MJ( r.MB(V[10])  + &quot;&quot; === &quot;&quot; +  &quot;none&quot; )) ) &amp;&amp; (r.MJ( r.MB(V[13])  + &quot;&quot; !== &quot;&quot; +  &quot;&quot; )) ) )) { v += [ T[18], r.MB(V[32]), T[18] ].join( &#039;&#039; ); } else if (( r.MJ(r.MB(V[10])) &amp;&amp; (r.MJ( r.MB(V[10])  + &quot;&quot; !== &quot;&quot; +  &quot;none&quot; )) )) { v += [ T[18], r.MB(V[10]), T[18] ].join( &#039;&#039; ); } v += T[18]; r.MN(V[34],v); } s += T[0]; if (r.MD(V[34])) { s += T[0]; r.MN(&quot;fe_widget_text&quot;, ( ( r.MB(V[35])  + &quot;&quot; +  r.MB(V[34]) )  + &quot;&quot; +  r.MB(V[36]) )); s += T[0]; } s += T[0]; r.MN(&quot;score_only&quot;, ( (r.MJ( r.MB(V[34])  + &quot;&quot; === &quot;&quot; +  &quot;&quot; ))  &amp;&amp;  (r.MJ( r.MB(V[13])  + &quot;&quot; === &quot;&quot; +  &quot;&quot; )) )); s += T[0]; { VS.unshift({&#039;prefix&#039;: T[24], &#039;score&#039;: (r.MI( 0 ) + r.MI( r.MB(V[7]) ))}); s = bookings2components_reviews_shared_review_score_classname_review_score_classname_inc1(s); VS.shift(); } s += T[0]; r.MN(&quot;fe_widget_class&quot;, r.MB(V[41])); s += T[0]; if ((r.MJ( r.MB(V[7])  &lt;  1 ))) { s += T[0]; r.MN(&quot;fe_widget_class&quot;, &quot;review-score-widget__empty&quot;); s += T[0]; } s += T[0]; { var v= &#039;&#039;; if (r.MD(V[43])) { v += [ T[24], r.F[&#039;entities&#039;](r.MB(V[43])), T[22] ].join( &#039;&#039; ); } if (r.MD(V[44])) { v += T[25]; } r.MN(V[42],v); } s += T[0]; { var v= &#039;&#039;; if (( r.MJ(r.MB(V[46])) &amp;&amp; r.MK(r.MB(V[44])) )) { v += [ T[24], r.F[&#039;entities&#039;](r.MB(V[46])), T[22] ].join( &#039;&#039; ); } r.MN(V[45],v); } s += T[0]; { var v= &#039;&#039;; if (( (r.MJ( r.MB(V[16])  + &quot;&quot; === &quot;&quot; +  &quot;right&quot; )) &amp;&amp; r.MK(r.MB(V[44])) )) { v += [ T[24], r.F[&#039;entities&#039;](r.MB(V[16])), T[22] ].join( &#039;&#039; ); } r.MN(V[47],v); } s += T[0]; { var v= &#039;&#039;; if ((r.MJ( r.MB(V[49])  + &quot;&quot; === &quot;&quot; +  &quot;smaller&quot; ))) { v += T[26]; } else if ((r.MJ( r.MB(V[49])  + &quot;&quot; === &quot;&quot; +  &quot;small&quot; ))) { v += T[27]; } else if ((r.MJ( r.MB(V[49])  + &quot;&quot; === &quot;&quot; +  &quot;large&quot; ))) { v += T[28]; } else if ((r.MJ( r.MB(V[49])  + &quot;&quot; === &quot;&quot; +  &quot;larger&quot; ))) { v += T[29]; } else  { } r.MN(V[48],v); } s += T[0]; { var v= &#039;&#039;; if (( (r.MJ( r.MB(V[43])  + &quot;&quot; === &quot;&quot; +  &quot;outlined&quot; )) || (r.MJ( r.MB(V[43])  + &quot;&quot; === &quot;&quot; +  &quot;text-only&quot; )) )) { v += [ r.F[&#039;entities&#039;](r.MB(V[43])), T[22] ].join( &#039;&#039; ); } r.MN(V[50],v); } s += T[0]; { var v= &#039;&#039;; v += [ T[30], r.F[&#039;entities&#039;](r.MB(V[51])), T[22], r.F[&#039;entities&#039;](r.MB(V[42])), T[22], r.F[&#039;entities&#039;](r.MB(V[45])), T[22], r.F[&#039;entities&#039;](r.MB(V[47])), T[22], r.F[&#039;entities&#039;](r.MB(V[48])), T[22] ].join( &#039;&#039; ); if (r.MK(r.MB(V[13]))) { v += T[31]; } v += T[22]; if (r.MD(V[52])) { v += T[32]; } v += T[22]; if (r.MD(V[53])) { v += [ T[22], r.F[&#039;entities&#039;](r.MB(V[53])) ].join( &#039;&#039; ); } v += T[22]; r.MN(V[51],v); } s += T[0]; { var v= &#039;&#039;; if (r.MD(V[55])) { v += [ T[33], r.MB(V[55]), T[34] ].join( &#039;&#039; ); } r.MN(V[54],v); } s += T[0]; s = bookings2components_reviews_review_score_widget_a11y_adjective_variables_inc1(s); s += T[0]; s += T[0]; { var v= &#039;&#039;; v += T[0]; if (r.MD(V[34])) { v += T[35]; if (r.MD(V[58])) { v += [ T[36], r.MB(V[58]), T[34] ].join( &#039;&#039; ); if (r.MD(V[59])) { v += [ T[37], r.MB(V[59]), T[34] ].join( &#039;&#039; ); } } else  { v += T[38]; } v += [ T[39],                             ( VS.unshift({&#039;rating_adjective&#039;: r.MB(V[60])}), (VA = r.ME(T[40], r.MB, r.MN, null)), VS.shift(), VA ) , T[41], r.MB(V[34]), T[42] ].join( &#039;&#039; ); if (r.MD(V[58])) { v += T[43]; } else  { v += T[38]; } v += T[44]; } v += T[0]; r.MN(V[57],v); } s += T[0]; { var v= &#039;&#039;; v += T[0]; if (r.MD(V[13])) { v += T[35]; if (r.MD(V[62])) { v += [ T[36], r.MB(V[62]), T[34] ].join( &#039;&#039; ); if (r.MD(V[63])) { v += [ T[37], r.MB(V[63]), T[34] ].join( &#039;&#039; ); } } else  { v += T[45]; } v += [ T[46],                             ( VS.unshift({&#039;num_reviews&#039;: r.MB(V[15])}), (VA = r.ME(T[47], r.MB, r.MN, null)), VS.shift(), VA ) , T[48], r.F[&#039;entities&#039;](r.MB(V[13])), T[42] ].join( &#039;&#039; ); if (r.MD(V[62])) { v += T[43]; } else  { v += T[38]; } v += T[44]; } v += T[0]; r.MN(V[61],v); } s += T[0]; { var v= &#039;&#039;; v += [ T[49], r.MB(V[54]), T[50] ].join( &#039;&#039; ); v += r.F[&#039;entities&#039;](r.MB(V[51])); if (( r.MJ(r.MC(V[6])) &amp;&amp; ( (r.MJ( r.MC(V[65])  + &quot;&quot; === &quot;&quot; +  &quot;www&quot; )) &amp;&amp; (r.MJ( 1  ==  2 )) ) )) { v += T[51]; } v += T[52]; if (r.MD(V[66])) { v += [ T[0], r.MB(V[66]), T[0] ].join( &#039;&#039; ); } v += T[0]; if (r.MD(V[67])) { v += [ T[53], r.MC(V[67]), T[52] ].join( &#039;&#039; ); } v += T[54]; if ((r.MJ( r.MB(V[7])  &lt;  1 ))) { v += T[0]; } else  { v += T[0]; if (r.MD(V[68])) { v += [ T[0], r.MB(V[68]), T[0] ].join( &#039;&#039; ); } v += T[0]; if (r.MD(V[72])) { v += T[0]; if ((r.MJ( r.MB(V[46])  + &quot;&quot; === &quot;&quot; +  &quot;inline&quot; ))) { v += [ T[0], r.MB(V[61]), T[0], r.MB(V[57]), T[0] ].join( &#039;&#039; ); v = fe_review_score_badge_element1(v); v += T[0]; } else  { v += T[0]; if ((r.MJ( r.MB(V[43])  + &quot;&quot; === &quot;&quot; +  &quot;text-only&quot; ))) { v += [ T[0], r.MB(V[57]), T[0] ].join( &#039;&#039; ); v = fe_review_score_badge_element2(v); v += [ T[0], r.MB(V[61]), T[0] ].join( &#039;&#039; ); } else  { v += T[0]; if (( r.MJ(r.MB(V[34])) || r.MJ(r.MB(V[13])) )) { v += [ T[57], r.MB(V[57]), T[0], r.MB(V[61]), T[58] ].join( &#039;&#039; ); } v += T[0]; v = fe_review_score_badge_element2(v); v += T[0]; } v += T[0]; } v += T[0]; } else  { v += T[0]; if (( (r.MJ( r.MB(V[43])  + &quot;&quot; === &quot;&quot; +  &quot;text-only&quot; )) || (r.MJ( r.MB(V[46])  + &quot;&quot; === &quot;&quot; +  &quot;inline&quot; )) )) { v += T[0]; v = fe_review_score_badge_element1(v); v += [ T[0], r.MB(V[57]), T[0], r.MB(V[61]), T[0] ].join( &#039;&#039; ); } else  { v += T[0]; v = fe_review_score_badge_element1(v); v += T[0]; if (( r.MJ(r.MB(V[34])) || r.MJ(r.MB(V[13])) )) { v += [ T[57], r.MB(V[57]), T[0], r.MB(V[61]), T[58] ].join( &#039;&#039; ); } v += T[0]; } v += T[0]; } v += T[0]; if (r.MD(V[73])) { v += [ T[0], r.MB(V[73]), T[0] ].join( &#039;&#039; ); } v += T[0]; } v += T[58]; r.MN(V[64],v); } s += T[0]; r.MN(V[10], undefined); s += T[0]; r.MN(V[12], undefined); s += T[0]; r.MN(V[7], undefined); s += T[0]; r.MN(V[14], undefined); s += T[0]; r.MN(V[74], undefined); s += T[0]; r.MN(V[53], undefined); s += T[0]; r.MN(V[66], undefined); s += T[0]; r.MN(V[49], undefined); s += T[0]; r.MN(V[43], undefined); s += T[0]; r.MN(V[46], undefined); s += T[0]; r.MN(V[16], undefined); s += T[0]; r.MN(V[27], undefined); s += T[0]; r.MN(V[55], undefined); s += T[0]; if ((r.MJ( r.MB(V[74])  + &quot;&quot; === &quot;&quot; +  &quot;no&quot; ))) { s += T[0]; } else  { s += [ T[0], r.MB(V[64]), T[0] ].join( &#039;&#039; ); } s += T[0]; return s; } function bookings2components_reviews_shared_review_score_word_review_score_word_inc1(s) { s += T[0]; r.MN(&quot;fe_review_score&quot;, (r.MI( r.MB(V[7]) ) + r.MI( 0 ))); s += T[0]; r.MN(&quot;fe_review_score_word_tag&quot;, ( r.MB(V[17]) || &quot;p&quot; )); s += T[0]; r.MN(&quot;fe_review_score_word_class_list&quot;, &quot;review-score-word&quot;); s += T[0]; if ((r.MJ( r.MB(V[19])  &gt;=  7 ))) { s += T[0]; r.MN(&quot;fe_review_score_word_class_list&quot;, ( r.MB(V[18])  + &quot;&quot; +  &quot; review-score-word--highlighted&quot; )); s += T[0]; } s += T[0]; if (r.MD(V[20])) { s += T[0]; r.MN(&quot;fe_review_score_word_class_list&quot;, ( ( r.MB(V[18])  + &quot;&quot; +  &quot; &quot; )  + &quot;&quot; +  r.MB(V[20]) )); s += T[0]; } s += T[0]; if (r.MD(V[27])) { s += T[0]; if (( (r.MJ( r.MB(V[19])  &gt;=  0 )) &amp;&amp; (r.MJ( r.MB(V[19])  &lt;  3 )) )) { s += T[22]; r.MN(&quot;fe_review_score_word_copy&quot;, r.MB(V[21])); s += T[22]; } s += T[0]; if (( (r.MJ( r.MB(V[19])  &gt;=  3 )) &amp;&amp; (r.MJ( r.MB(V[19])  &lt;  4 )) )) { s += T[22]; r.MN(&quot;fe_review_score_word_copy&quot;, r.MB(V[22])); s += T[22]; } s += T[0]; if (( (r.MJ( r.MB(V[19])  &gt;=  4 )) &amp;&amp; (r.MJ( r.MB(V[19])  &lt;  5 )) )) { s += T[22]; r.MN(&quot;fe_review_score_word_copy&quot;, r.MB(V[23])); s += T[22]; } s += T[0]; if (( (r.MJ( r.MB(V[19])  &gt;=  5 )) &amp;&amp; (r.MJ( r.MB(V[19])  &lt;  5.6 )) )) { s += T[22]; r.MN(&quot;fe_review_score_word_copy&quot;, r.MB(V[24])); s += T[22]; } s += T[0]; if (( (r.MJ( r.MB(V[19])  &gt;=  5.6 )) &amp;&amp; (r.MJ( r.MB(V[19])  &lt;  6 )) )) { s += T[22]; r.MN(&quot;fe_review_score_word_copy&quot;, r.MB(V[25])); s += T[22]; } s += T[0]; if (( (r.MJ( r.MB(V[19])  &gt;=  6 )) &amp;&amp; (r.MJ( r.MB(V[19])  &lt;  7 )) )) { s += T[22]; r.MN(&quot;fe_review_score_word_copy&quot;, r.MB(V[26])); s += T[22]; } s += T[0]; } else  { s += T[0]; if (( (r.MJ( r.MB(V[19])  &gt;=  0 )) &amp;&amp; (r.MJ( r.MB(V[19])  &lt;  7 )) )) { s += T[22]; r.MN(&quot;fe_review_score_word_copy&quot;, r.MB(V[28])); s += T[22]; } s += T[0]; } s += T[0]; if (( (r.MJ( r.MB(V[19])  &gt;=  7 )) &amp;&amp; (r.MJ( r.MB(V[19])  &lt;  8 )) )) { s += T[22]; r.MN(&quot;fe_review_score_word_copy&quot;, r.MB(V[29])); s += T[22]; } s += T[0]; if (( (r.MJ( r.MB(V[19])  &gt;=  8 )) &amp;&amp; (r.MJ( r.MB(V[19])  &lt;  8.6 )) )) { s += T[22]; r.MN(&quot;fe_review_score_word_copy&quot;, r.MB(V[30])); s += T[22]; } s += T[0]; if (( (r.MJ( r.MB(V[19])  &gt;=  8.6 )) &amp;&amp; (r.MJ( r.MB(V[19])  &lt;  9 )) )) { s += T[22]; r.MN(&quot;fe_review_score_word_copy&quot;, r.MB(V[31])); s += T[22]; } s += T[0]; if (( (r.MJ( r.MB(V[19])  &gt;=  9 )) &amp;&amp; (r.MJ( r.MB(V[19])  &lt;  9.5 )) )) { s += T[22]; r.MN(V[32],r.ME(T[23], r.MB, r.MN, null)); s += T[22]; } s += T[0]; if ((r.MJ( r.MB(V[19])  &gt;=  9.5 ))) { s += T[22]; r.MN(&quot;fe_review_score_word_copy&quot;, r.MB(V[33])); s += T[22]; } s += T[0]; s += T[0]; return s; } function bookings2components_reviews_shared_review_score_classname_review_score_classname_inc1(s) { s += T[0]; r.MN(&quot;fe_score&quot;, (r.MI( r.MB(V[7]) ) + r.MI( 0 ))); s += T[0]; r.MN(&quot;fe_score_word_name&quot;, &quot;&quot;); s += T[0]; if (( (r.MJ( r.MB(V[37])  &gt;=  0 )) &amp;&amp; (r.MJ( r.MB(V[37])  &lt;  3 )) )) { s += T[0]; r.MN(&quot;fe_score_word_name&quot;, &quot;very_poor&quot;); s += T[0]; } s += T[0]; if (( (r.MJ( r.MB(V[37])  &gt;=  3 )) &amp;&amp; (r.MJ( r.MB(V[37])  &lt;  4 )) )) { s += T[0]; r.MN(&quot;fe_score_word_name&quot;, &quot;poor&quot;); s += T[0]; } s += T[0]; if (( (r.MJ( r.MB(V[37])  &gt;=  4 )) &amp;&amp; (r.MJ( r.MB(V[37])  &lt;  5 )) )) { s += T[0]; r.MN(&quot;fe_score_word_name&quot;, &quot;disappointing&quot;); s += T[0]; } s += T[0]; if (( (r.MJ( r.MB(V[37])  &gt;=  5 )) &amp;&amp; (r.MJ( r.MB(V[37])  &lt;  5.6 )) )) { s += T[0]; r.MN(&quot;fe_score_word_name&quot;, &quot;average_passable&quot;); s += T[0]; } s += T[0]; if (( (r.MJ( r.MB(V[37])  &gt;=  5.6 )) &amp;&amp; (r.MJ( r.MB(V[37])  &lt;  6 )) )) { s += T[0]; r.MN(&quot;fe_score_word_name&quot;, &quot;average_okay&quot;); s += T[0]; } s += T[0]; if (( (r.MJ( r.MB(V[37])  &gt;=  6 )) &amp;&amp; (r.MJ( r.MB(V[37])  &lt;  7 )) )) { s += T[0]; r.MN(&quot;fe_score_word_name&quot;, &quot;pleasant&quot;); s += T[0]; } s += T[0]; if (( (r.MJ( r.MB(V[37])  &gt;=  7 )) &amp;&amp; (r.MJ( r.MB(V[37])  &lt;  8 )) )) { s += T[0]; r.MN(&quot;fe_score_word_name&quot;, &quot;good&quot;); s += T[0]; } s += T[0]; if (( (r.MJ( r.MB(V[37])  &gt;=  8 )) &amp;&amp; (r.MJ( r.MB(V[37])  &lt;  8.6 )) )) { s += T[0]; r.MN(&quot;fe_score_word_name&quot;, &quot;very_good&quot;); s += T[0]; } s += T[0]; if (( (r.MJ( r.MB(V[37])  &gt;=  8.6 )) &amp;&amp; (r.MJ( r.MB(V[37])  &lt;  9 )) )) { s += T[0]; r.MN(&quot;fe_score_word_name&quot;, &quot;fabulous&quot;); s += T[0]; } s += T[0]; if (( (r.MJ( r.MB(V[37])  &gt;=  9 )) &amp;&amp; (r.MJ( r.MB(V[37])  &lt;  9.5 )) )) { s += T[0]; r.MN(&quot;fe_score_word_name&quot;, &quot;superb&quot;); s += T[0]; } s += T[0]; if ((r.MJ( r.MB(V[37])  &gt;=  9.5 ))) { s += T[0]; r.MN(&quot;fe_score_word_name&quot;, &quot;exceptional&quot;); s += T[0]; } s += T[0]; r.MN(&quot;fe_classname&quot;, &quot;&quot;); s += T[0]; if (( (r.MJ( r.MB(V[37])  &gt;=  0 )) &amp;&amp; (r.MJ( r.MB(V[37])  &lt;=  10 )) )) { s += T[0]; r.MN(&quot;fe_classname&quot;, ( ( r.MB(V[38])  + &quot;&quot; +  r.MB(V[39]) )  + &quot;&quot; +  r.MB(V[40]) )); s += T[0]; if ((r.MJ( r.MB(V[37])  &lt;  7 ))) { s += T[0]; r.MN(&quot;fe_classname&quot;, ( ( ( ( r.MB(V[41])  + &quot;&quot; +  &quot; &quot; )  + &quot;&quot; +  r.MB(V[38]) )  + &quot;&quot; +  &quot;low&quot; )  + &quot;&quot; +  r.MB(V[40]) )); s += T[0]; } s += T[0]; } s += T[0]; return s; } function fe_review_score_badge_element2(s) { s += T[35]; if (r.MD(V[69])) { s += [ T[36], r.MB(V[69]), T[34] ].join( &#039;&#039; ); if (r.MD(V[70])) { s += [ T[37], r.MB(V[70]), T[34] ].join( &#039;&#039; ); } } else  { s += T[38]; } s += [ T[55],                                         ( VS.unshift({&#039;review_score_number&#039;: r.MB(V[71])}), (VA = r.ME(T[56], r.MB, r.MN, null)), VS.shift(), VA ) , T[41], r.F[&#039;entities&#039;](r.MB(V[71])), T[42] ].join( &#039;&#039; ); if (r.MD(V[69])) { s += T[43]; } else  { s += T[38]; } s += T[44]; return s; } function fe_review_score_badge_element1(s) { s += T[35]; if (r.MD(V[69])) { s += [ T[36], r.MB(V[69]), T[34] ].join( &#039;&#039; ); if (r.MD(V[70])) { s += [ T[37], r.MB(V[70]), T[34] ].join( &#039;&#039; ); } } else  { s += T[38]; } s += [ T[55],                                     ( VS.unshift({&#039;review_score_number&#039;: r.MB(V[71])}), (VA = r.ME(T[56], r.MB, r.MN, null)), VS.shift(), VA ) , T[41], r.F[&#039;entities&#039;](r.MB(V[71])), T[42] ].join( &#039;&#039; ); if (r.MD(V[69])) { s += T[43]; } else  { s += T[38]; } s += T[44]; return s; } function bookings2tmpl_inc_searchresults_lp_sr_inject_viewed_hotels_inc1(s) { s += [ T[1], r.ME(T[2], r.MB, r.MN, null), T[3] ].join( &#039;&#039; ); if (r.MJ(r.MC(V[0]))) { s += T[0]; s = exp_puf_d_sr_seen_hotels_soldout_inc1(s); s += T[0]; } s += T[7]; { var LA= ( r.MC(V[1]) || [] ); VS.unshift(null); for(var LC=1, LM= LA.length; LC &lt;= LM; LC++) { VS[0]= LA[LC - 1]; s += T[0]; r.MN(V[2],[ r.MC(V[3]), T[8] ].join( &#039;&#039; )); s += T[9]; if ((r.MJ( (r.MI( LC ) % r.MI( 2 ))  ==  0 ))) { s += T[10]; } s += [ T[11], r.MB(V[2]), T[12], r.STATIC_HOSTNAME(r.MC(V[4]), 0,0,0,0), T[13], r.F[&#039;html&#039;](r.MC(V[5])), T[14], r.MB(V[2]), T[15], r.F[&#039;html&#039;](r.MC(V[5])), T[16] ].join( &#039;&#039; ); if (r.MD(V[76])) { s += T[0]; { VS.unshift({&#039;sample_size&#039;: r.MC(V[75]), &#039;score&#039;: r.MC(V[76]), &#039;size&#039;: T[59]}); s = bookings2components_reviews_review_score_widget_review_score_widget_inc1(s); VS.shift(); } s += T[0]; } s += T[0]; if (( r.MJ(r.MC(V[78])) &amp;&amp; r.MJ(r.MC(V[79])) )) { s += [ T[60], r.MB(V[77]), T[61] ].join( &#039;&#039; ); } else if (( r.MJ(r.MC(V[78])) &amp;&amp; r.MJ(r.MC(V[81])) )) { s += T[0]; if ((r.MJ( r.MC(V[82])  + &quot;&quot; !== &quot;&quot; +  &quot;ja&quot; ))) { s += [ T[60],                         ( VS.unshift({&#039;b_price&#039;: r.MC(V[81])}), (VA = r.MB(V[80])), VS.shift(), VA ) , T[61] ].join( &#039;&#039; ); } else  { s += [ T[60],                         ( VS.unshift({&#039;b_price&#039;: r.MC(V[81])}), (VA = r.MB(V[77])), VS.shift(), VA ) , T[61] ].join( &#039;&#039; ); } s += T[0]; } s += T[62]; } VS.shift(); } s += T[63]; return s; } function exp_puf_d_sr_seen_hotels_soldout_inc1(s) { s += [ T[4],             ( VS.unshift({&#039;num_sold_out&#039;: r.MC(V[0])}), (VA = r.ME(T[5], r.MB, r.MN, null)), VS.shift(), VA ) , T[6] ].join( &#039;&#039; ); return s; } s += T[0]; s = bookings2tmpl_inc_searchresults_lp_sr_inject_viewed_hotels_inc1(s); s += T[0]; return s; }; } )());
&lt;/script&gt;
&lt;script type=&#039;text/javascript&#039; nonce=&quot;Y346mIyU7Ic0W43&quot;&gt;
booking.jstmpl(&#039;lists_recently_viewed&#039;, (function () { var T = [&quot;\n&quot;,&quot;&#039;&quot;,&quot;\n\u003cdiv class=\&quot;save-recently-viewed-container\&quot;\u003e\n\u003cdiv class=\&quot;save-recently-viewed-button-container\&quot;\u003e\n\u003cp\u003e&quot;,&quot;\u003c/p\u003e\n\u003cbutton class=\&quot;b-button b-button_primary save-recently-viewed js-save-recently-viewed &quot;,&quot;disabled&quot;,&quot;\&quot;\ntype=\&quot;submit\&quot;\ntitle=\&quot;&quot;,&quot;\&quot;\u003e\n\u003cspan class=\&quot;b-button__text\&quot;\u003e&quot;,&quot;\u003c/span\u003e\n\u003c/button\u003e\n\u003cimg class=\&quot;js-add-recently-viewed-to-list-loader loader g-hidden\&quot; src=\&quot;&quot;,&quot;\&quot; /\u003e\n\u003c/div\u003e\n\u003cdiv class=\&quot;save-recently-viewed-container-clear\&quot;\u003e\u003c/div\u003e\n\u003cdiv class=\&quot;wl-oz wl-anim wl-wrap\&quot; id=\&quot;wl-saved-recently-viewed-message\&quot; &quot;,&quot;style=\&quot;height:auto;\&quot;&quot;,&quot; \u003e\n\u003cp class=\&quot;wl-msg wl-msg-ok\&quot;\u003e\n\u003cspan class=\&quot;js-added-recently-viewed-message\&quot;\u003e&quot;,&quot;\u003c/span\u003e.\n\u003ca href=\&quot;&quot;,&quot;\&quot; class=\&quot;js-open-list\&quot;\u003e&quot;,&quot;\u003c/a\u003e.\n\u003c/p\u003e\n\u003c/div\u003e\n\u003c/div\u003e\n&quot;], V = [&quot;name_of_list&quot;,&quot;recently_viewed_list_name&quot;,&quot;recently_viewed_list_button_text&quot;,&quot;recently_viewed_list_v3&quot;,&quot;recently_viewed_list_saved_text&quot;,&quot;recently_viewed_list_variableopt_2&quot;,&quot;properties_length&quot;,&quot;recently_viewed_list_v4&quot;,&quot;recently_viewed_list_variableopt_1&quot;,&quot;recently_viewed_list_v2&quot;,&quot;success&quot;,&quot;wl_recently_viewed_loader&quot;,&quot;recently_viewed_list_url&quot;,&quot;recently_viewed_list_v7&quot;], WV, LV, VA; return function (VS) { var s = &#039;&#039;, r = this.fn; function bookings2components_lists_lists_recently_viewed_lists_recently_viewed_inc1(s) { r.MN(V[0],[ T[1], r.MB(V[1]), T[1] ].join( &#039;&#039; )); s += T[0]; if ((r.MJ( r.MB(V[6])  &gt;  1 ))) { s += T[0]; r.MN(V[2],r.MB(V[3])); s += T[0]; r.MN(V[4],r.MB(V[5])); s += T[0]; } else  { s += T[0]; r.MN(V[2],r.MB(V[7])); s += T[0]; r.MN(V[4],r.MB(V[8])); s += T[0]; } s += [ T[2], r.MB(V[9]), T[3] ].join( &#039;&#039; ); if (r.MD(V[10])) { s += T[4]; } s += [ T[5], r.MB(V[2]), T[6], r.MB(V[2]), T[7], r.MB(V[11]), T[8] ].join( &#039;&#039; ); if (r.MD(V[10])) { s += T[9]; } s += [ T[10], r.MB(V[4]), T[11], r.MB(V[12]), T[12], r.MB(V[13]), T[13] ].join( &#039;&#039; ); return s; } s += T[0]; s = bookings2components_lists_lists_recently_viewed_lists_recently_viewed_inc1(s); s += T[0]; return s; }; } )());
&lt;/script&gt;
&lt;script type=&#039;text/javascript&#039; nonce=&quot;Y346mIyU7Ic0W43&quot;&gt;
booking.jstmpl(&#039;virtual_3d_tour_container&#039;, (function () { var T = [&quot;\n\u003cdiv class=\&quot;txp-vt-wrap\&quot;\u003e\n&quot;,&quot;\n\u003cdiv class=\&quot;txp-vt-help-wrap\&quot;\u003e\n\u003cspan class=\&quot;txp-vt-help\&quot;\u003e\n\u003ci class=\&quot;txp-vt-help-icn\&quot;\u003e\n&quot;,&quot;\n&quot;,&quot;streamline/arrow_right&quot;,&quot;streamline/arrow_left&quot;,&quot;\n\u003c/i\u003e\n\u003cp class=\&quot;txp-vt-help-copy\&quot;\u003e\n&quot;,&quot;/private/bhpmc_gallery_virtual_tour_instructions/name&quot;,&quot;\n\u003c/p\u003e\n\u003ci class=\&quot;txp-vt-help-icn\&quot;\u003e\n&quot;,&quot;\n\u003c/i\u003e\n\u003c/span\u003e\n\u003c/div\u003e\n&quot;,&quot;\n\u003ciframe frameborder=\&quot;0\&quot; width=\&quot;&quot;,&quot;\&quot; height=\&quot;&quot;,&quot;\&quot; allowfullscreen src=\&quot;&quot;,&quot;\&quot; \u003e\u003c/iframe\u003e\n\u003c/div\u003e\n&quot;], V = [&quot;lang&quot;,&quot;show_help_message&quot;,&quot;width&quot;,&quot;height&quot;,&quot;url&quot;], WV, LV, VA; return function (VS) { var s = &#039;&#039;, r = this.fn; s += T[0]; if (r.MD(V[1])) { s += T[1]; if (r.MJ(r.MB(V[0]))) { s += [ T[2],                 ( VS.unshift({&#039;name&#039;: T[3]}), (VA = r.HELPER(&quot;icon&quot;, VS[0])), VS.shift(), VA ) , T[2] ].join( &#039;&#039; ); } else  { s += [ T[2],                 ( VS.unshift({&#039;name&#039;: T[4]}), (VA = r.HELPER(&quot;icon&quot;, VS[0])), VS.shift(), VA ) , T[2] ].join( &#039;&#039; ); } s += [ T[5], r.ME(T[6], r.MB, r.MN, null), T[7] ].join( &#039;&#039; ); if (r.MJ(r.MB(V[0]))) { s += [ T[2],                 ( VS.unshift({&#039;name&#039;: T[4]}), (VA = r.HELPER(&quot;icon&quot;, VS[0])), VS.shift(), VA ) , T[2] ].join( &#039;&#039; ); } else  { s += [ T[2],                 ( VS.unshift({&#039;name&#039;: T[3]}), (VA = r.HELPER(&quot;icon&quot;, VS[0])), VS.shift(), VA ) , T[2] ].join( &#039;&#039; ); } s += T[8]; } s += [ T[9], r.F[&#039;entities&#039;](r.MB(V[2])), T[10], r.F[&#039;entities&#039;](r.MB(V[3])), T[11], r.F[&#039;entities&#039;](r.MB(V[4])), T[12] ].join( &#039;&#039; ); return s; }; } )());
&lt;/script&gt;
&lt;script type=&#039;text/javascript&#039; nonce=&quot;Y346mIyU7Ic0W43&quot;&gt;
booking.jstmpl(&#039;virtual_tour_help_banner&#039;, (function () { var T = [&quot;\n\u003cdiv class=\&quot;txp-vt-help-wrap\&quot;\u003e\n\u003cspan id=&quot;,&quot; class=\&quot;txp-vt-help\&quot;\u003e\n\u003ci class=\&quot;txp-vt-help-icn\&quot;\u003e\n&quot;,&quot;\n&quot;,&quot;streamline/arrow_right&quot;,&quot;streamline/arrow_left&quot;,&quot;\n\u003c/i\u003e\n\u003cp class=\&quot;txp-vt-help-copy\&quot;\u003e\n&quot;,&quot;/private/bhpmc_gallery_virtual_tour_instructions/name&quot;,&quot;\n\u003c/p\u003e\n\u003ci class=\&quot;txp-vt-help-icn\&quot;\u003e\n&quot;,&quot;\n\u003c/i\u003e\n\u003c/span\u003e\n\u003c/div\u003e\n&quot;], V = [&quot;message_id&quot;,&quot;lang&quot;], WV, LV, VA; return function (VS) { var s = &#039;&#039;, r = this.fn; s += [ T[0], r.F[&#039;entities&#039;](r.MB(V[0])), T[1] ].join( &#039;&#039; ); if (r.MJ(r.MB(V[1]))) { s += [ T[2],             ( VS.unshift({&#039;name&#039;: T[3]}), (VA = r.HELPER(&quot;icon&quot;, VS[0])), VS.shift(), VA ) , T[2] ].join( &#039;&#039; ); } else  { s += [ T[2],             ( VS.unshift({&#039;name&#039;: T[4]}), (VA = r.HELPER(&quot;icon&quot;, VS[0])), VS.shift(), VA ) , T[2] ].join( &#039;&#039; ); } s += [ T[5], r.ME(T[6], r.MB, r.MN, null), T[7] ].join( &#039;&#039; ); if (r.MJ(r.MB(V[1]))) { s += [ T[2],             ( VS.unshift({&#039;name&#039;: T[4]}), (VA = r.HELPER(&quot;icon&quot;, VS[0])), VS.shift(), VA ) , T[2] ].join( &#039;&#039; ); } else  { s += [ T[2],             ( VS.unshift({&#039;name&#039;: T[3]}), (VA = r.HELPER(&quot;icon&quot;, VS[0])), VS.shift(), VA ) , T[2] ].join( &#039;&#039; ); } s += T[8]; return s; }; } )());
&lt;/script&gt;
&lt;script nonce=&quot;Y346mIyU7Ic0W43&quot;&gt;
(function(B){
var tmp = B._onfly || [], fn;
for (var i = 0, l = tmp.length; i &lt; l; i++) {
if (typeof tmp[i] === &#039;function&#039;) tmp[i].call(B);
}
B._onfly = null;
}(booking));
&lt;/script&gt;
&lt;script nonce=&quot;Y346mIyU7Ic0W43&quot;&gt;
(function(B){
var jstmpl = B &amp;&amp; B.jstmpl,
translations = jstmpl &amp;&amp; jstmpl.translations;
translations &amp;&amp; translations.set &amp;&amp; translations.set({&quot;rocketmiles_components&quot;:{&quot;language_exception_cobrand_default_1_header_rt&quot;:{&quot;header_rt&quot;:&quot;{fe_program_name} deals on {n_rooms} room&quot;},&quot;cobrand_default&quot;:{&quot;header_rt&quot;:&quot;Special Offers from {start_bold}{fe_program_name}{end_bold}&quot;,&quot;header_sr&quot;:&quot;{num} properties feature {start_bold}Special Offers{end_bold}&quot;,&quot;badge_discount&quot;:&quot;Enjoy {reward_amount}% off&quot;,&quot;header_tooltip_badge&quot;:&quot;Booking.com gives you a greater choice by featuring Special Offers from our trusted partner {fe_program_name}.&quot;,&quot;badge_cashback&quot;:&quot;Earn {reward_amount} back&quot;,&quot;badge_discount_special_offer&quot;:&quot;Special Offer&quot;,&quot;badge_miles&quot;:&quot;Earn {reward_amount} miles&quot;},&quot;language_exception_cobrand_default_1_badge_cashback&quot;:{&quot;badge_cashback&quot;:&quot;Earn {reward_amount} back&quot;},&quot;language_exception_cobrand_default_1_badge_discount&quot;:{&quot;badge_discount&quot;:&quot;Enjoy {reward_amount}% off&quot;},&quot;language_exception_cobrand_default_1_badge_miles&quot;:{&quot;badge_miles&quot;:&quot;Earn {reward_amount} mile&quot;},&quot;language_exception_cobrand_default_1_header_sr&quot;:{&quot;header_sr&quot;:&quot;{num} property features {start_bold}Special Offers{end_bold}&quot;}},&quot;private&quot;:{&quot;review_score&quot;:&quot;Top Reviewed&quot;,&quot;ski_dc_airport__distance_new_tag_web&quot;:&quot;{airport_name} ({airport_code}) – {airport_distance}&quot;,&quot;raf_friend_lightbox_step_3&quot;:&quot;Step 3&quot;,&quot;bb_srcard_distance_from_current&quot;:&quot;{distance_from_current} from {city_name}&quot;,&quot;ski_weather_typical_weather_in_month_header&quot;:&quot;Usual weather {/month_for_formatted_date/[month]/in_month_lc}&quot;,&quot;paycom_validate_tpv_billing_address_state_or_province&quot;:&quot;Enter a valid state/province&quot;,&quot;a11y_cta_close_banner_new&quot;:&quot;Close banner&quot;,&quot;auth_next_step_error_wrong_verification_code&quot;:&quot;Enter a valid verification code&quot;,&quot;maps_free_capitals_cancellation&quot;:&quot;Free cancellation&quot;,&quot;language_exception_ski_multi_resort_dc_back_to_properties_1&quot;:&quot;Back to property&quot;,&quot;d_dmw_wl_sign_in_save_properties_multi_device_subhead&quot;:&quot;{start_link_1}Sign in{end_link_1} or {start_link_2}register{end_link_2} to sync your saved properties to any device&quot;,&quot;iq_sbox_error_cars_departure_date_too_far_future&quot;:&quot;Your pick-up date was too far in the future – try again.&quot;,&quot;beach_review_adj_disappointing&quot;:&quot;Disappointing beach&quot;,&quot;raf_desktop_friend_modal_step_one_header&quot;:&quot;Book Your Accommodations&quot;,&quot;language_exception_bh_m_sxp_calendar_date_select_num_weeks_1&quot;:&quot;({num_weeks} week)&quot;,&quot;raf_friend_landing_modal_after_saving_button&quot;:&quot;Remove this reward&quot;,&quot;gsb_hp_book_now_cta_holiday&quot;:&quot;{num} vacation homes for {group_recommendation_price}&quot;,&quot;language_exception_bh_gwe_sr_privacy_private_room_1&quot;:&quot;Private room&quot;,&quot;language_exception_ski_sr_date_reco_num_properties_1&quot;:&quot;{num_properties} property available&quot;,&quot;language_exception_bh_gwe_sr_privacy_shared_bathroom_room_1&quot;:&quot;Room with shared bathroom&quot;,&quot;search_sbox_abandoned_search_open_tab_message_refresh_cta&quot;:&quot;Refresh now&quot;,&quot;msg_cancelled_booking_label&quot;:&quot;Canceled&quot;,&quot;sr_sbox_flex_dates_choose_days_footer&quot;:&quot;Select preferred days&quot;,&quot;lists_save_this_list&quot;:&quot;Do you want to save this list?&quot;,&quot;loc_sr_filter_budget_applied_filter_from_to&quot;:&quot;From {from_value} - to {to_value}&quot;,&quot;bbt_sr_legend_address&quot;:&quot;Saved Address&quot;,&quot;sr_ss_sbox_no_text_error&quot;:&quot;Type what you need to perform your search.&quot;,&quot;bbg_sr_business_filter_save&quot;:&quot;Save these business filters?&quot;,&quot;raf_desktop_friend_modal_step_three&quot;:&quot;Get Your Cash&quot;,&quot;deals_price_watch1&quot;:&quot;Price Watch&quot;,&quot;bbg_sr_business_filter_select_desc&quot;:&quot;Find perfect properties faster with custom business filters.&quot;,&quot;language_exception_iq_sbox_flights_travellers_1&quot;:&quot;{num_travellers} traveler&quot;,&quot;list_my_lists_onbaording_box_save&quot;:&quot;Save&quot;,&quot;lp_sxp_sb_calendar_drop_off&quot;:&quot;Drop-off&quot;,&quot;language_exception_bh_gwe_sr_privacy_private_apartment_1&quot;:&quot;Private apartment&quot;,&quot;maps_none_available_search_different&quot;:&quot;Search for a different location&quot;,&quot;language_exception_destination_finder_theme_endorsements_1&quot;:&quot;{start_style}1{end_style} guest has endorsed this place for {start_style}\&quot;{theme_name}\&quot;{end_style}&quot;,&quot;ski_sr_overlay_ski_resorts_trail_distance&quot;:&quot;{trail_distance} of trails&quot;,&quot;d_dmw_wl_select_dates_view_prices_cta&quot;:&quot;Select dates to see prices&quot;,&quot;maps_city_centre_indicator&quot;:&quot;Downtown/center of {city_name}&quot;,&quot;checkout_form_cardholder_name&quot;:&quot;Cardholder&#039;s Name&quot;,&quot;language_exception_bh_prd_sr_card_weeks_above_price_1&quot;:&quot;{num_weeks} week&quot;,&quot;d_dmw_wl_simple_steps_head&quot;:&quot;Here are 3 simple steps to get you started:&quot;,&quot;beach_property_banner_beachesnearby&quot;:&quot;Beaches nearby&quot;,&quot;auth_next_step_send_code_cta&quot;:&quot;Resend verification code&quot;,&quot;bhee_sr_extend_stay_banner_body&quot;:&quot;{num}% of properties in {city_name} are unavailable for 1 night stays on your dates. Click the suggested dates to extend your stay and discover these properties.&quot;,&quot;ski_weather_type_overcast&quot;:&quot;Overcast&quot;,&quot;checkout_pay_bs3_error_no_reason&quot;:&quot;Sorry, we were not able to take your payment.&quot;,&quot;language_exception_sbox_num_children_0&quot;:&quot;{num_children} children&quot;,&quot;language_exception_gsb_hp_book_now_cta_chalet_1&quot;:&quot;{num} chalet for {group_recommendation_price}&quot;,&quot;sbox_age_of_child_popup_header&quot;:&quot;Find the Best Deals&quot;,&quot;language_exception_m_ski_overlay_machine_cover_1&quot;:&quot;{number_snow_cannons} snow machine covering {percentage_of_covering}% of the slopes &quot;,&quot;language_exception_tdot_sr_from_centre_location_1&quot;:&quot;1 mi from the center&quot;,&quot;auth_2fa_recovery_flow_confirm_phone_number_header&quot;:&quot;Confirm Phone Number&quot;,&quot;lists_add_to_list&quot;:&quot;Save the property&quot;,&quot;language_exception_pex_flights_sb_num_travellers_1&quot;:&quot;{num_travel} traveler&quot;,&quot;beach_sr_recovery_banner_header&quot;:&quot;Surfing, swimming, sunsets, and more – discover your perfect beach destination&quot;,&quot;language_exception_bh_gwe_sr_card_entire_unit_suite_1&quot;:&quot;Entire suites&quot;,&quot;comp_fd_lp_header_rs&quot;:&quot;Review score&quot;,&quot;language_exception_sbox_calendar_num_nights_2_1&quot;:&quot;from {start_bold}{checkin_date}{end_bold} to {start_bold}{checkout_date}{end_bold} ({num_nights}-night stay).&quot;,&quot;language_exception_sxp_lp_sbox_num_adults_1&quot;:&quot;{num_adults} Adult&quot;,&quot;lp_your_viewed_properties_price&quot;:&quot;Total price from {b_price}&quot;,&quot;group_change&quot;:&quot;Change&quot;,&quot;ar_islamic_calendar_two_months&quot;:&quot;{first_hijri_month}/{second_hijri_month} {year}&quot;,&quot;search_xp_sb_manual_tooltip_year&quot;:&quot;Year of stay&quot;,&quot;checkout_success_card_saved&quot;:&quot;Your card has been saved&quot;,&quot;raf_desktop_friend_modal_step_two_header&quot;:&quot;Enjoy Your Stay&quot;,&quot;lists_room_type_lightbox_hotel&quot;:&quot;{number_of_rooms} room types available&quot;,&quot;bh_sr_quality_explanationv3&quot;:&quot;Awarded to {start_bold}home and apartment-like properties{end_bold} by {b_companyname}. These represent quality ratings based on factors like facilities, size, location, and service.&quot;,&quot;iq_sbox_accomm_check_out&quot;:&quot;Check-out&quot;,&quot;language_exception_bh_gwe_sr_privacy_entire_bungalow_1&quot;:&quot;Entire bungalow&quot;,&quot;language_exception_hotel_header_new_num_reviews_1&quot;:&quot;1 review&quot;,&quot;msg_lc_notification_in_browser&quot;:&quot;{agentname} from Customer Service&quot;,&quot;ar_islamic_calendar_muharram&quot;:&quot;Muharram&quot;,&quot;hp_book_button_reserve&quot;:&quot;Book now&quot;,&quot;ski_maps_ddot_lift_name&quot;:&quot;Ski lift&quot;,&quot;raf_instant_discount_flex_modal_cta_signin_register&quot;:&quot;Sign in or register&quot;,&quot;lists_sign_in_to_see_2&quot;:&quot;Sign in to keep properties bookmarked on all devices.&quot;,&quot;raf_desktop_friend_landing_banner_minimum_spend&quot;:&quot;*Minimum spend of {minimum_spend}&quot;,&quot;bh_gwe_sr_card_entire_unit_villa&quot;:&quot;{num} entire villas&quot;,&quot;sr_star_rating_tooltip_legal&quot;:&quot;Accommodation&#039;s star rating displayed on Booking.com is not determined by Booking.com – learn more by viewing our Terms &amp; Conditions.&quot;,&quot;msg_privacy_policy_en_only&quot;:&quot;Privacy Policy and Terms of Use&quot;,&quot;vm_pb_details_earn_voucher_title&quot;:&quot;{start_bold}You&#039;ll earn a{end_bold} {start_style}{amount_with_currency_post} voucher{end_style}&quot;,&quot;wl_view_list&quot;:&quot;View list&quot;,&quot;lp_your_viewed_properties_header&quot;:&quot;Your Viewed Properties&quot;,&quot;search_sbox_abandoned_search_open_tab_message&quot;:&quot;Whoops – something went wrong. Let&#039;s refresh this page to get things up and running again.&quot;,&quot;maps_none_available_try_following&quot;:&quot;Try the following to get results:&quot;,&quot;iq_sbox_cars_year_of_arrival&quot;:&quot;Year of drop-off&quot;,&quot;lists_room_type_lightbox_room&quot;:&quot;{number_of_rooms} more room types&quot;,&quot;pb_google_place_art_gallery&quot;:&quot;Art gallery&quot;,&quot;iq_sbox_cars_month_of_arrival&quot;:&quot;Month of drop-off&quot;,&quot;pd_rt_credit_message_in_total_column&quot;:&quot;Earn {amount_with_currency} Credits&quot;,&quot;paycom_form_new_card&quot;:&quot;Use new card&quot;,&quot;vm_pb_rewards_header_voucher&quot;:&quot;{amount_with_currency_post} voucher&quot;,&quot;paycom_validate_tpv_billing_address_street&quot;:&quot;Enter a valid street address&quot;,&quot;ar_islamic_calendar_ramadan&quot;:&quot;Ramadan&quot;,&quot;bh_gwe_sr_privacy_shared_dorm_room&quot;:&quot;{num} shared dorm rooms&quot;,&quot;raf_desktop_friend_modal_subhead_no_name&quot;:&quot;Your friend is giving you {value_friend} if you book and stay with us. Check it out!&quot;,&quot;bh_gwe_sr_privacy_no_descriptor_mobile_home_one&quot;:&quot;{num} mobile home&quot;,&quot;map_loading_properties&quot;:&quot;Loading ...&quot;,&quot;beach_sr_loading_sort_beach_distance_subhead&quot;:&quot;Properties closest to the beach will appear first&quot;,&quot;extl_reviews_no_bcom_reviews&quot;:&quot;{total_num_reviews} external reviews&quot;,&quot;language_exception_beach_sr_header_see_beaches_1&quot;:&quot;See beach&quot;,&quot;m_sr_distance_from_centre_city&quot;:&quot;{distanceInKmFromCentre} from downtown/center of {city_name} &quot;,&quot;share_list_with_friend_3_zhtw&quot;:&quot;Copy this link and send it to your friends so they can see my list&quot;,&quot;language_exception_price_for_x_nights_0&quot;:&quot;Price for {num_nights} nights&quot;,&quot;yes&quot;:&quot;Yes&quot;,&quot;msg_lc_toast_open&quot;:&quot;Open &quot;,&quot;a11y_pd_rt_price_generic&quot;:&quot;Price&quot;,&quot;vm_pb_rewards_header_credits&quot;:&quot;{amount_with_currency_post} in Credits&quot;,&quot;bh_gwe_sr_privacy_entire_apartment_one&quot;:&quot;{num} entire apartment&quot;,&quot;list_my_lists_onbaording_box_book_msg&quot;:&quot;Book your perfect stay!&quot;,&quot;raf_friend_lightbox_step_1&quot;:&quot;Step 1&quot;,&quot;bbg_sr_business_filter_saved&quot;:&quot;{company_name} filters saved!&quot;,&quot;review_adj_above_average&quot;:&quot;Above average&quot;,&quot;ss_search_box_search_property_type&quot;:&quot;{property_type} in {destination}&quot;,&quot;a11y_index_autocomplete_suggested_destinations&quot;:&quot;You can choose from suggested destinations below&quot;,&quot;auth_2fa_recovery_flow_confirm_phone_number_explanation&quot;:&quot;If you don&#039;t have your phone on hand, you can finish the verification process by first confirming the phone number associated with this account.&quot;,&quot;bh_gwe_sr_privacy_entire_villa&quot;:&quot;{num} entire villas&quot;,&quot;raf_flex_shutdown_influencers&quot;:&quot;This campaign is over. You can make a booking, but you won&#039;t be eligible for a reward.&quot;,&quot;raf_deals_easter19_subheader_cc&quot;:&quot;Get an extra 20% off (or more!) when you book an Easter Deal&quot;,&quot;rewards_firstuse_taxi_emailflow_error_generic_header&quot;:&quot;We couldn’t activate your voucher&quot;,&quot;m_ski_overlay_level_percentage&quot;:&quot;{level_percentage}%&quot;,&quot;ski_sr_date_reco_price_per_night&quot;:&quot;From {price} per night&quot;,&quot;a11y_hp_bookmarks_shared&quot;:&quot;This is a shared list&quot;,&quot;lists_cta_button_v1&quot;:&quot;More info&quot;,&quot;review_adj_disappointing&quot;:&quot;Disappointing&quot;,&quot;lists_wishlist_write_note&quot;:&quot;Write your note here&quot;,&quot;rates_rocket_discount_badge&quot;:&quot;{percent}% discount&quot;,&quot;m_ski_overlay_ski_lifts&quot;:&quot;Ski lifts&quot;,&quot;wl_lists_funnel_edit&quot;:&quot;Change&quot;,&quot;raf_desktop_friend_modal_subhead_percent&quot;:&quot;{user_first_name} is giving you {value_percent_friend}% back if you book and stay with us. Check it out!&quot;,&quot;lists_email_success_message&quot;:&quot;Nice! Your message was sent. &quot;,&quot;language_exception_sbox_num_adults_1&quot;:&quot;1 adult,&quot;,&quot;ski_weather_precipitation_amount&quot;:&quot;Precipitation: {amount}&quot;,&quot;pb_google_place_stadium&quot;:&quot;Stadium&quot;,&quot;hours&quot;:&quot;hours&quot;,&quot;language_exception_gsb_hp_book_now_cta_holiday_1&quot;:&quot;{num} vacation home for {group_recommendation_price}&quot;,&quot;search_xp_sb_manual_tooltip_day&quot;:&quot;Date of stay&quot;,&quot;share_list_with_friend_1&quot;:&quot;Share with friends&quot;,&quot;bbg_sr_business_filter_saving&quot;:&quot;Saving...&quot;,&quot;sbox_rooms&quot;:&quot;Rooms&quot;,&quot;gsb_hp_book_now_cta_apartments&quot;:&quot;{num} apartments for {group_recommendation_price}&quot;,&quot;ar_islamic_calendar_hijri_off&quot;:&quot;Hide Hijri&quot;,&quot;welcome_to_your_lists_compare&quot;:&quot;Compare properties and find your perfect stay!&quot;,&quot;maps_sorter_our_top_picks&quot;:&quot;Our Top Picks&quot;,&quot;star_rating_2&quot;:&quot;2-star hotel&quot;,&quot;search&quot;:&quot;Search&quot;,&quot;checkout_form_less_options&quot;:&quot;Less options&quot;,&quot;bh_gwe_sr_privacy_private_suite_one&quot;:&quot;{num} private suite&quot;,&quot;rewards_firstuse_taxi_emailflow_error_expired_header&quot;:&quot;Sorry, this voucher expired&quot;,&quot;t_ge_percent_benefits&quot;:&quot;Geniuses get a {num_percent}% discount on select rooms.&quot;,&quot;wl_removed_from&quot;:&quot;Removed from:&quot;,&quot;msg_wlm_screen_start_button_fb&quot;:&quot;Continue with Messenger&quot;,&quot;bh_gwe_sr_privacy_no_descriptor_tent&quot;:&quot;{num} tents&quot;,&quot;bh_gsb_search_box_checkout_age&quot;:&quot;Child&#039;s age on {date}&quot;,&quot;iq_sbox_flights_to&quot;:&quot;To where?&quot;,&quot;iq_sbox_flights_year_of_return&quot;:&quot;Year of return&quot;,&quot;a11y_gallery_image_screenreader_total_in_gallery&quot;:&quot;{number} images in this gallery&quot;,&quot;hp_map_sbox_dropdown_city_centre&quot;:&quot;City center&quot;,&quot;distance_from_destination&quot;:&quot;{distanceInKm} from {userDestination}&quot;,&quot;ski_multi_resort_dc_closest_airport&quot;:&quot;Closest airport: &quot;,&quot;raf_desktop_invalid_link_no_reward&quot;:&quot;This Refer a Friend link is invalid! You can still book a property but you won’t get the reward.&quot;,&quot;xtl_reviews_no_bcom_sr_reviews_tooltip_transparent_legal_update&quot;:&quot;The {review_score} review score is based on reviews for this property left by guests on several other travel websites, converted to the {b_companyname} 10-point scale.&quot;,&quot;raf_instant_discount_flex_modal_step3_paynow_percent&quot;:&quot;Pay now and get a {value_percent_friend}% discount.&quot;,&quot;bh_gwe_sr_privacy_entire_chalet_one&quot;:{&quot;experiment_hash&quot;:&quot;ZOBJZGDYeUaHBXLMSPRSQcfOEbMUO&quot;,&quot;value&quot;:&quot;{num} entire cabin&quot;},&quot;beach_review_adj_good&quot;:&quot;Good beach&quot;,&quot;pd_sr_credit_badge_tooltip_body_scenario_two_p2&quot;:&quot;Use your Credits on all attractions, taxis paid in advance, and select stays on {b_companyname}.&quot;,&quot;pb_google_place_park&quot;:&quot;Park&quot;,&quot;sr_unofficial_star_or_dot_rating_tooltip&quot;:&quot;This rating is a reflection of how the property compares to the industry standard when it comes to price, facilities and services available. It&#039;s based on a self-evaluation by the property. Use this rating to help choose your stay!&quot;,&quot;pp_index_popup_bpg_how_to_2&quot;:&quot;Look for {start_format}Found this room cheaper somewhere else?{end_format} on your confirmation page or in {start_format}View all bookings{end_format}.&quot;,&quot;paycom_billing_address_street&quot;:&quot;Street address&quot;,&quot;deals_price_watch6&quot;:&quot;Watch it&quot;,&quot;incentives_emk_employee_banner_text&quot;:&quot;Unfortunately, for tax and legal reasons, we can&#039;t pay out rewards to Booking.com employees. Got feedback? Share it in the Rewards and Engagement Workplace group.&quot;,&quot;lists_compare_got_it&quot;:&quot;Got it, thanks!&quot;,&quot;bbg_sr_business_filter_select_cta&quot;:&quot;Add business filters&quot;,&quot;acc_index_choose_checkin_date_arrowkeys&quot;:&quot;Select your check-in date using the arrow keys&quot;,&quot;bh_gwe_sr_privacy_entire_villa_one&quot;:&quot;{num} entire villa&quot;,&quot;lists_map_from&quot;:&quot;From {start_style}{localised_price}{end_style}&quot;,&quot;language_exception_vm_bp_rewards_bottom_sheet_desc_3_1&quot;:&quot;You have {num_months} month to use your {amount_with_currency} voucher on all attractions and select stays on {b_companyname}.&quot;,&quot;language_exception_bh_gwe_sr_privacy_no_descriptor_bed_in_dorm_1&quot;:&quot;Bed in dorm&quot;,&quot;bh_gwe_sr_unit_privacy_colon_holder&quot;:&quot;{unit_privacy}:&quot;,&quot;iq_sbox_accomm_check_in&quot;:&quot;Check-in&quot;,&quot;language_exception_comp_num_reviews_sr_page_1&quot;:&quot;{num_reviews} review&quot;,&quot;language_exception_sbox_error_num_night_res_1&quot;:&quot;Sorry, reservations for more than {num} night aren&#039;t possible.&quot;,&quot;rewards_firstuse_taxi_emailflow_error_user_cta&quot;:&quot;Got it&quot;,&quot;convert_incentives_index_card_copy_cta_copied&quot;:&quot;Copied!&quot;,&quot;vm_earn_voucher_badge_name_pd&quot;:&quot;Earn {amount_with_currency} voucher&quot;,&quot;recently_viewed_list_name_header_cta&quot;:&quot;Show recently viewed properties &quot;,&quot;iq_sbox_flights_roundtrip&quot;:&quot;Round-trip&quot;,&quot;sal_verify_phone_popup_code_incorrect_code&quot;:&quot;Double-check the code and try again.&quot;,&quot;language_exception_ski_sr_overlay_ski_resorts_near_city_1&quot;:&quot;We found {number_resorts} ski resort near {city_name}&quot;,&quot;m_sxp_calendar_date_select_num_nights&quot;:&quot;({num_nights} nights)&quot;,&quot;beach_explore_beach_panel_overview_header&quot;:&quot;{beach_name} overview&quot;,&quot;m_genius_saving_percent&quot;:&quot;You&#039;re saving an extra {num_percent}% on this hotel because you&#039;re a Booking Genius&quot;,&quot;language_exception_gsb_hp_book_now_cta_chalet_3&quot;:&quot;{num} domki za {group_recommendation_price}&quot;,&quot;d_dmw_wl_simple_steps_cta&quot;:&quot;Start searching&quot;,&quot;bh_gwe_sr_card_entire_unit_bungalow&quot;:&quot;{num} entire bungalows&quot;,&quot;sp_rewards_instant_reward_badge&quot;:&quot;Get {reward_value} off&quot;,&quot;ar_islamic_calendar_safar&quot;:&quot;Safar&quot;,&quot;geo_beach_waves_strong&quot;:&quot;Strong Waves&quot;,&quot;ppd_survey_oct18_price_clarity_cp_outro&quot;:&quot;Thanks for your feedback! &quot;,&quot;pdi_index_popup_wpm_bullet_bbasic&quot;:&quot;If your current Booking.com booking is a Partner offer (i.e. an offer that&#039;s labeled as \&quot;Partner Offer\&quot; on our platform and made available by Booking.com partner companies) or if you&#039;re comparing the other offer with one of these Partner Offers on our platform.&quot;,&quot;deals_flexi_calendar_error&quot;:&quot;We&#039;re sorry, something went wrong. Please reload the page or try again later.&quot;,&quot;pob_sr_maps_your_search_results_divider&quot;:&quot;Your search results:&quot;,&quot;pd_bp_block_credit_message_title&quot;:&quot;Earn {start_bold}{amount_with_currency} Credits{end_bold}&quot;,&quot;pp_index_popup_bpg_how_to_1&quot;:&quot;Found your booking cheaper somewhere else?&quot;,&quot;ski_sr_date_reco_num_nights&quot;:&quot;{number_nights} nights&quot;,&quot;language_exception_clear_urgency_only_x_rooms_left_1&quot;:&quot;Only {amountRooms} room left on our site!&quot;,&quot;deals_landing_blackfriday2022_hero_countdown_days&quot;:&quot;Offer ends in {num_days} days&quot;,&quot;bh_ss_sxp_index_sbox_calendar_num_week_stay&quot;:&quot;({num_weeks}-week stay)&quot;,&quot;pb_google_place_bar&quot;:&quot;Bar&quot;,&quot;lists_wishlist_remove_note&quot;:&quot;Remove&quot;,&quot;list_dropdown_email_first_name&quot;:&quot;First name&quot;,&quot;language_exception_ls_error_max_los_exceeded_p2_1&quot;:&quot;Bookings can only be made for a maximum of {max_num_nights} night – enter alternative dates and try again.&quot;,&quot;language_exception_m_genius_saving_percent_1&quot;:&quot;You&#039;re saving an extra {num_percent}% on this hotel because you&#039;re a Booking Genius&quot;,&quot;raf_self_landing_alert_index_button_refer&quot;:&quot;Learn more about our referral program&quot;,&quot;app_marketing_sr_mdot_banner_header_incentive_subheader_promo&quot;:&quot;To claim your reward, use the code {promo_code} when providing your payment details.&quot;,&quot;pdi_index_popup_wpm_bullet_2&quot;:&quot;The other offer needs to have the same check-in and check-out dates.&quot;,&quot;sr_sbox_flex_dates_choose_months_footer&quot;:&quot;Select preferred months&quot;,&quot;raf_friend_landing_modal_save_for_later_cta&quot;:&quot;Save for later&quot;,&quot;bhpmc_gallery_virtual_tour_instructions&quot;:&quot;Click and drag to tour property&quot;,&quot;pb_google_place_sightseeing&quot;:&quot;Sightseeing&quot;,&quot;checkout_form_4_digit_cvc&quot;:&quot;Enter the 4-digit security code located on the front of your card&quot;,&quot;language_exception_deals_countdown_singlesday19_days_1&quot;:&quot;DAY&quot;,&quot;raf_self_landing_alert_index_subtext_1&quot;:&quot;Remember – you&#039;re not eligible for a reward if you book using your own referral link.&quot;,&quot;language_exception_x_now_sold_out_compliant_sold_out_1&quot;:&quot;The property you recently viewed is now sold out on our site&quot;,&quot;bh_gwe_sr_privacy_no_descriptor_tent_one&quot;:&quot;{num} tent&quot;,&quot;vm_single_savings_badge_name_pd&quot;:&quot;{num_percent}% off&quot;,&quot;raf_unfification_header_refer_friends_earn&quot;:&quot;Refer Friends &amp; Earn&quot;,&quot;auth_2fa_recovery_flow_confirm_phone_number_cta&quot;:&quot;Confirm phone&quot;,&quot;paycom_validate_tpv_billing_address_postal_code&quot;:&quot;Enter a valid zip code&quot;,&quot;m_sxp_calendar_date_select_date_range&quot;:&quot;{checkin_date} - {checkout_date}&quot;,&quot;checkout_form_invalid_cc&quot;:&quot;Invalid card number&quot;,&quot;iq_sbox_error_cars_departure_date_invalid&quot;:&quot;Your pick-up date is invalid.&quot;,&quot;language_exception_bbg_sr_business_filter_saved_desc_1&quot;:&quot;has been saved as a preferred business filter&quot;,&quot;language_exception_prd_sr_card_children_above_price_1&quot;:&quot;{n_of_children} child&quot;,&quot;list_dropdown_email_first_name_example&quot;:&quot;John&quot;,&quot;acc_cal_closed_closed&quot;:&quot;You&#039;ve closed the calendar widget&quot;,&quot;language_exception_bdot_x_rooms_left_urgency_1&quot;:&quot;We only have {num_left} left on our site!&quot;,&quot;vm_earn_credits_desc_1_months_badge_tooltip_pd&quot;:&quot;You&#039;ll earn {start_bold}{amount_with_currency_post} Credits{end_bold}. They&#039;ll be added to your Wallet 14 days after your stay and expire in {num_months} months.&quot;,&quot;ar_islamic_calendar_rabiul_awwal&quot;:&quot;Rabi&#039;ul Awwal&quot;,&quot;pb_google_place_department_store&quot;:&quot;Department store&quot;,&quot;desktop_x_looking_at_this_moment&quot;:&quot;{number_of_users} people are looking right now&quot;,&quot;iq_sbox_error_flights_group_size&quot;:&quot;We can search flights for groups of up to 6 people at a time. Please adjust your group size.&quot;,&quot;paycom_validate_tpv_billing_address_country&quot;:&quot;Enter a valid country/region&quot;,&quot;lists_cta_button_v2&quot;:&quot;Find out more&quot;,&quot;incentives_index_landing_error_link_used_subtext&quot;:&quot;No worries – you can still find other great deals on our site&quot;,&quot;vm_pb_details_earn_rewards_title&quot;:&quot;{start_bold}You&#039;ll earn{end_bold} {start_style}{amount_with_currency_post} in rewards{end_style}&quot;,&quot;raf_flex_post_signin_modal_subtext_percent_wallet&quot;:&quot;Find a place to stay and get back {value_percent_friend}% of your booking in travel credit.&quot;,&quot;language_exception_lists_unit_distance_metric_1&quot;:&quot;1 kilometre from the centre of {ufi}&quot;,&quot;b_conf_number_of_rooms&quot;:&quot;{numRooms} rooms,&quot;,&quot;genius_member_status_sign_up_tooltip&quot;:&quot;Book this and enjoy these Genius member perks during your stay:&quot;,&quot;rewards_firstuse_taxi_emailflow_error_expired_body&quot;:&quot;Keep an eye on your inbox for future rewards and deals&quot;,&quot;convert_incentives_index_card_more_information_ok_cta&quot;:&quot;Okay, got it&quot;,&quot;m_ski_overlay_from_price_incl&quot;:&quot;Starting at {price}&quot;,&quot;pob_sr_maps_message_intro&quot;:&quot;You already have {num_overlapping_bookings} bookings from {short_date_start} to {short_date_end}:&quot;,&quot;pb_google_place_car_rental&quot;:&quot;Car rental&quot;,&quot;incentives_index_landing_error_link_expired_cta&quot;:&quot;Got it&quot;,&quot;language_exception_deals_landing_blackfriday2022_hero_countdown_timer_0&quot;:&quot;Offer ends in {countdown}&quot;,&quot;prd_sr_card_nights_adults_children_parent&quot;:&quot;{prd_sr_card_nights_above_price}, {prd_sr_card_adults_above_price}, {prd_sr_card_children_above_price}&quot;,&quot;sxp_sbox_num_properties_left_of_cta_v2&quot;:&quot;{num_properties} properties found for your search&quot;,&quot;d_dmw_wl_sign_in_save_properties_multi_device_head&quot;:&quot;View your saved properties on the go&quot;,&quot;beach_side_header_closest&quot;:&quot;Closest beaches&quot;,&quot;language_exception_desktop_x_looking_at_this_moment_1&quot;:&quot;{number_of_users} person is looking right now&quot;,&quot;language_exception_gsb_hp_book_now_cta_apartments_1&quot;:&quot;{num} apartment for {group_recommendation_price}&quot;,&quot;ar_islamic_calendar_rabiul_akhir&quot;:&quot;Rabi&#039;ul Akhir&quot;,&quot;iq_sbox_flights_month_of_return&quot;:&quot;Month of return&quot;,&quot;iq_sbox_error_flights_return_after_departure&quot;:&quot;Select a return date that comes after your departure date.&quot;,&quot;m_gex_google_popup_email&quot;:&quot;Sign in to unlock deals and discounts!&quot;,&quot;extl_reviews_no_bcom_sr_reviews_modal_second_body_legal_update&quot;:&quot;Some properties—such as those new to our site—don’t have any reviews from {b_companyname} guests. Until these properties get their first {b_companyname} guest review, we calculate their review score using guest reviews from some of the other travel sites they’re listed on. Whenever these external reviews are scored out of 5, we adjust them to a 10-point scale. {b_companyname} can’t verify these reviews to confirm that the reviewer meets {b_companyname} review criteria.&quot;,&quot;ski_sr_more_options_banner_sat2sat&quot;:&quot;Get more options for these dates:&quot;,&quot;bh_gwe_sr_privacy_no_descriptor_mobile_home&quot;:&quot;{num} mobile homes&quot;,&quot;lists_lightbox_dates_reveal_price_error_message&quot;:&quot;No rooms are available. Try different dates. &quot;,&quot;d_maps_loading_properties&quot;:&quot;Loading properties...&quot;,&quot;m_ski_overlay_altitude&quot;:&quot;Altitude&quot;,&quot;language_exception_bh_gwe_sr_card_entire_unit_bungalow_1&quot;:&quot;Entire bungalow&quot;,&quot;language_exception_lists_room_type_lightbox_hotel_1&quot;:&quot;1 room type available &quot;,&quot;ski_dc_lift_ticket_child&quot;:&quot;Child from {pass_price}&quot;,&quot;ski_dis_see_less__web&quot;:&quot;See less&quot;,&quot;language_exception_sp_rewards_instant_reward_badge_1&quot;:&quot;Get {reward_value} off&quot;,&quot;iq_sbox_flights_month_of_departure&quot;:&quot;Month of departure&quot;,&quot;acc_cal_selected_you&quot;:&quot;You&#039;ve selected&quot;,&quot;clear_urgency_list_not_available&quot;:&quot;We don&#039;t have availability on our site for: &quot;,&quot;ski_weather_type_snow_fall&quot;:&quot;Snowfall&quot;,&quot;ar_islamic_calendar_jumadal_ula&quot;:&quot;Jumadal Ula&quot;,&quot;msg_wlm_page_privacy_policy_agree&quot;:&quot;By using the Booking Assistant, you agree to the Booking.com Privacy Policy&quot;,&quot;clear_urgency_only_x_rooms_left&quot;:&quot;Only {amountRooms} rooms left on our site!&quot;,&quot;language_exception_prd_sr_card_adults_above_price_1&quot;:&quot;{n_of_adults} adult&quot;,&quot;raf_friendlanding_index_lightbox_headline_fixed_cc&quot;:&quot;Earn {value_friend} Cash Reward&quot;,&quot;language_exception_bh_gwe_sr_privacy_no_descriptor_mobile_home_1&quot;:&quot;Mobile home&quot;,&quot;language_exception_bh_gwe_sr_privacy_entire_apartment_1&quot;:&quot;Entire apartment&quot;,&quot;language_exception_d_dmw_wl_calendar_occupancy_adults_1&quot;:&quot;{num_adults} adult&quot;,&quot;ski_weather_todays_weather_header&quot;:&quot;Today&#039;s weather&quot;,&quot;welcome_to_your_lists_all_devices&quot;:&quot;Want to access them on all your devices? Just sign in.&quot;,&quot;language_exception_ppd_survey_oct18_price_clarity_num_of_total_1&quot;:&quot;{num} of {total_num}&quot;,&quot;language_exception_bh_gwe_sr_card_entire_unit_apartment_1&quot;:&quot;Entire apartment&quot;,&quot;sbox_error_45_night_res&quot;:&quot;Reservations longer than 45 nights aren&#039;t possible.&quot;,&quot;rewards_firstuse_taxi_emailflow_error_expired_cta&quot;:&quot;Got it&quot;,&quot;language_exception_vm_bp_block_voucher_desc_1_1&quot;:&quot;It&#039;ll be added to your Wallet up to 14 days after your stay and will expire in {num_months} month.&quot;,&quot;sr_sbox_flex_dates_choose_days_months_footer&quot;:&quot;Select days and months&quot;,&quot;a11y_aria_label_carousel_next_previous&quot;:&quot;Next&quot;,&quot;language_exception_ski_sr_date_reco_num_nights_1&quot;:&quot;{number_nights} night&quot;,&quot;recently_viewed_list_back_to_other_list&quot;:&quot;Back to {list_name}&quot;,&quot;deals_page_outstanding&quot;:&quot;An outstanding value on these dates&quot;,&quot;language_exception_deals_countdown_singlesday19_minutes_1&quot;:&quot;MINUTE&quot;,&quot;a11y_hp_bookmarks_added&quot;:&quot;Property added to {list_name}&quot;,&quot;language_exception_price_watch_sorry_1_1&quot;:&quot;Sorry, you can only watch 1 price.&quot;,&quot;loading&quot;:&quot;Loading&quot;,&quot;sbox_dates_num_nights_1&quot;:&quot;{num_nights}-night stay&quot;,&quot;deals_countdown_singlesday19_hours&quot;:&quot;HOURS&quot;,&quot;geo_beach_water_quality_excellent&quot;:&quot;Excellent Water Quality&quot;,&quot;paycom_validate_tpv_billing_address_city&quot;:&quot;Enter a valid city name&quot;,&quot;d_dmw_wl_simple_steps_2&quot;:&quot;Tap the heart icon when you find a property you like&quot;,&quot;sxp_lp_sbox_num_adults&quot;:&quot;{num_adults} Adults&quot;,&quot;checkout_form_incorrect_expiration&quot;:&quot;Enter an expiration date to make sure your card is still valid after your reservation&quot;,&quot;lp_percent_reserved_2a&quot;:&quot;reserved&quot;,&quot;trip_types_property_next_to&quot;:&quot;Property is next to a beach&quot;,&quot;loc_social_connect_google_sign_up&quot;:&quot;Sign up with Google&quot;,&quot;iq_sbox_rentalcars_drop_off&quot;:&quot;Drop-off&quot;,&quot;maps_none_available_change_dates&quot;:&quot;Change your dates&quot;,&quot;msg_lc_tab_new&quot;:&quot;(1) New chat message – Booking.com&quot;,&quot;bbg_sr_business_filter_select&quot;:&quot;What&#039;s important to you when you travel?&quot;,&quot;bbt_sr_legend_favourite&quot;:&quot;Company Favorite&quot;,&quot;loc_hp_map_sbox_placeholder&quot;:&quot;See distance from&quot;,&quot;pb_google_place_bicycle_store&quot;:&quot;Bike shop&quot;,&quot;language_exception_iq_sbox_accommodation_num_rooms_1&quot;:&quot;{num_rooms} room&quot;,&quot;pb_google_place_casino&quot;:&quot;Casino&quot;,&quot;rewards_firstuse_taxi_emailflow_error_generic_body&quot;:&quot;Something went wrong – try clicking \&quot;Activate your taxi voucher\&quot; again in a few minutes.&quot;,&quot;iq_sbox_rentalcars_pick_up&quot;:&quot;Pickup&quot;,&quot;raf_validation_error_modal_employee_button&quot;:&quot;Got it&quot;,&quot;language_exception_sxp_lp_sbox_num_children_0&quot;:&quot;{num_children} children&quot;,&quot;list_dropdown_email_add_message_example&quot;:&quot;Hey there! I just created a list of properties on {b_companyname} that you might like. &quot;,&quot;pd_sr_credit_badge_exploration&quot;:&quot;Earn {amount_with_currency} Credits&quot;,&quot;recently_viewed_list_variableopt_2&quot;:&quot;Properties have been saved in the \&quot;{name_of_list}\&quot; list&quot;,&quot;vpm_hp_no_dates_add_dates_button&quot;:&quot;Add dates to see prices&quot;,&quot;loc_sbox_children_age_plural&quot;:&quot;Ages of children at check-out&quot;,&quot;ski_hp_entry_panel_back_2_hp_cta&quot;:&quot;Back to property&quot;,&quot;raf_instant_discount_flex_modal_headline_percent&quot;:&quot;Save {value_percent_friend}% on your booking&quot;,&quot;msg_wlm_screen_start_button&quot;:&quot;Continue&quot;,&quot;auth_2fa_recovery_flow_confirm_phone_number_input_label&quot;:&quot;Enter the phone number associated with this account:&quot;,&quot;conf_email_num_nights&quot;:&quot;{num_nights} nights&quot;,&quot;msg_www_ask_a_question&quot;:&quot;Booking Assistant&quot;,&quot;www_maps_areas_feature_city_centre_header&quot;:&quot;City Center&quot;,&quot;vm_bp_rewards_bottom_sheet_desc_3&quot;:&quot;You have {num_months} months to use your {amount_with_currency} voucher on all attractions and select stays on {b_companyname}.&quot;,&quot;iq_sbox_cars_date_of_arrival&quot;:&quot;Date of drop-off&quot;,&quot;seconds&quot;:&quot;seconds&quot;,&quot;bbg_sr_business_filter_budget_apply&quot;:&quot;Apply&quot;,&quot;sr_sbox_flex_dates_custom_selection_no_num_nights&quot;:&quot;nights&quot;,&quot;language_exception_msg_lc_alt_messaging_platform_0&quot;:&quot;Open messaging&quot;,&quot;language_exception_bh_gwe_sr_privacy_entire_studio_1&quot;:&quot;Entire studio&quot;,&quot;vm_single_savings_badge_multiple_deals_description_tooltip_pd&quot;:&quot;You’re getting {num_percent}% off the original price due to multiple deals and benefits.&quot;,&quot;list_icon_tooltip_list_view&quot;:&quot;List view&quot;,&quot;sal_verify_phone_popup_enter_error&quot;:&quot;Enter a valid {provider} number&quot;,&quot;raf_desktop_friend_modal_step_two_subhead&quot;:&quot;Kick back, relax, and enjoy your getaway&quot;,&quot;m_sxp_calendar_date_select_choose_checkin&quot;:&quot;Select a check-in date&quot;,&quot;language_exception_ng_map_price_for_x_nights_1&quot;:&quot;Price for 1 night&quot;,&quot;rates_rocket_sr_num_results_accom_partners&quot;:&quot;Showing all properties plus {num} exclusive deals from &lt;b&gt;{rocket_brand_name} &lt;/b&gt;&quot;,&quot;language_exception_sr_calendar_min_night_stay_tooltip_info_1&quot;:&quot;Min. {num_nights}-night stay&quot;,&quot;ng_map_price_for_x_nights&quot;:&quot;Price for {num_nights} nights&quot;,&quot;wishlist_create_new&quot;:&quot;Create a list&quot;,&quot;list_my_lists_onbaording_box_line1&quot;:&quot;Use My Lists to save and compare properties, so you only book the best!&quot;,&quot;auth_next_step_sms_enter_code_cta&quot;:&quot;Enter your verification code:&quot;,&quot;ski_autocomplete_ski_resort&quot;:&quot;Ski Resort&quot;,&quot;m_ski_overlay_easy&quot;:&quot;Easy&quot;,&quot;checkout_form_select_payment_method&quot;:&quot;Select a secure payment method to continue&quot;,&quot;book_from_list_select_dates&quot;:&quot;Select the dates you&#039;d like to stay&quot;,&quot;bbt_notifications_new_join_configure&quot;:&quot;{start_bold}{user_name}{end_bold} just joined the company account. If you want to customize what admins and travel organizers can do on the account, head to the Settings page.&quot;,&quot;account_sign_in_one_tap_verifying_header&quot;:&quot;Verifying...&quot;,&quot;bb_sr_theme_urban&quot;:&quot;Urban&quot;,&quot;pb_google_place_amusement_park&quot;:&quot;Amusement park&quot;,&quot;vm_earn_voucher_desc_2_badge_tooltip_pd&quot;:&quot;Use your voucher on all attractions and select stays on {b_companyname}.&quot;,&quot;pb_google_place_electronics_store&quot;:&quot;Electronics store&quot;,&quot;m_bh_sr_num_bedrooms&quot;:&quot;{num_bedrooms} bedrooms&quot;,&quot;maps_hp_sr_sorry_unavailable_legal&quot;:&quot;Unavailable for your dates on our site&quot;,&quot;d_dmw_wl_no_review_score_info&quot;:&quot;We need at least {min_num_reviews} reviews before we can calculate a review score. If you book and review your stay, you can help {property_name} meet this goal.&quot;,&quot;price_display_credit_source_genius_vip_part&quot;:&quot;Of the {total_credit_amount} in Credits, {vip_credit_amount} is a Genius VIP reward.&quot;,&quot;wl_lists_create_failed&quot;:&quot;Couldn&#039;t create new list – try again later.&quot;,&quot;paycom_billing_address_needed_modal_body_web&quot;:&quot;A billing address is required to use this card. Add this info or select a different payment method.&quot;,&quot;lists_email_invalid_first_name_error&quot;:&quot;Please enter a first name&quot;,&quot;sr_sbox_flex_dates_three_months_footer&quot;:&quot;{month_name_1}, {month_name_2}, {month_name_3}&quot;,&quot;dda_reset_password_cancel_button&quot;:&quot;Cancel&quot;,&quot;checkout_form_no_postal_code&quot;:&quot;Enter a zip/postal code&quot;,&quot;pd_bp_credit_block_after_stay_p1&quot;:&quot;It&#039;ll be added to your Wallet 14 days after your stay and expires in one year.&quot;,&quot;a11y_sr_filters_loading_screen&quot;:&quot;Applying filter&quot;,&quot;trip_types_property_next_to_period&quot;:&quot;Property is next to a beach.&quot;,&quot;bhqc_sr_qc_desc_tooltip_affiliate&quot;:&quot;This property is rated {num_rating} out of 5 compared to other homes and apartments on our site. This rating is based on overall quality including factors like review score, facilities, size, location, and service.&quot;,&quot;msg_entry_cancelled_booking&quot;:&quot;You don&#039;t have any messages right now. Book your next trip and use the Booking Assistant to answer any questions you have!&quot;,&quot;beach_explore_panel_map_header&quot;:&quot;Beaches {in_city_name}&quot;,&quot;bbt_sr_legend&quot;:&quot;Legend&quot;,&quot;sxp_index_sbox_horizontal_adults&quot;:&quot;{num_adults} adults&quot;,&quot;vm_bp_block_rewards_message_title_bold&quot;:&quot;Earn {start_bold}{amount_with_currency} in rewards{end_bold}&quot;,&quot;prd_sr_card_nights_adults_parent&quot;:&quot;{prd_sr_card_nights_above_price}, {prd_sr_card_adults_above_price}&quot;,&quot;beach_review_adj_very_good&quot;:&quot;Very good beach&quot;,&quot;language_exception_hp_saved_to_num_lists_1&quot;:&quot;Saved to one list&quot;,&quot;m_ski_overlay_artificial_snow&quot;:&quot;Artificial snow-making available&quot;,&quot;d_dmw_wl_view_property&quot;:&quot;View property&quot;,&quot;auth_2fa_recovery_flow_code_sent_header&quot;:&quot;Verification Code Sent&quot;,&quot;current_location&quot;:&quot;Current Location&quot;,&quot;list_my_lists_onbaording_box_comp_msg&quot;:&quot;Select dates and then compare prices and availability for properties you&#039;ve listed.&quot;,&quot;minutes&quot;:&quot;minutes&quot;,&quot;language_exception_sbox_num_children_1&quot;:&quot;1 child&quot;,&quot;gsb_hp_book_now_cta_alt&quot;:&quot;{num} units for {group_recommendation_price}&quot;,&quot;wl_new_list&quot;:&quot;New list&quot;,&quot;ski_multi_resort_dc_sorter&quot;:&quot;Resort size (largest first)&quot;,&quot;df_sold_out_hotels_explain&quot;:&quot;We&#039;ve reserved our last available room at this property for your selected dates&quot;,&quot;pd_bp_credit_bottom_sheet_rung_two_all_taxi&quot;:&quot;You have one year to use your Credits on all attractions, taxis paid in advance, and select stays on {b_companyname}&quot;,&quot;raf_desktop_friend_modal_cta_button&quot;:&quot;Start searching&quot;,&quot;raf_flex_post_signin_modal_subtext_fixed_cc&quot;:&quot;Find a place to stay and get {value_friend} back.&quot;,&quot;pb_google_place_cafe&quot;:&quot;Café&quot;,&quot;language_exception_generalised_num_properties_1&quot;:&quot;{num_hotels} property&quot;,&quot;checkout_form_invalid_postal_code&quot;:&quot;Use a valid zip/postal code&quot;,&quot;sbox_num_children&quot;:&quot;{num_children} children&quot;,&quot;ar_islamic_calendar_jumadal_ukhra&quot;:&quot;Jumadal Ukhra&quot;,&quot;acc_settings_section_2fa_enrollment_phone_number_field_placeholder&quot;:&quot;Enter your phone number&quot;,&quot;language_exception_tt_beach_review_language_1&quot;:&quot;{num} review in your language&quot;,&quot;comp_reviews_no_comments&quot;:&quot;There are no comments available for this review&quot;,&quot;prd_sr_card_total_at_checkout&quot;:&quot;Total price&quot;,&quot;geo_beach_lifeguard&quot;:&quot;On-Site Lifeguard&quot;,&quot;paycom_form_cvc&quot;:&quot;CVC&quot;,&quot;sbox_calendar_num_nights_2&quot;:&quot;from {start_bold}{checkin_date}{end_bold} to {start_bold}{checkout_date}{end_bold} ({num_nights}-night stay)&quot;,&quot;ss_sxp_index_sbox_calendar_num_night_stay&quot;:&quot;({num_nights}-night stay)&quot;,&quot;pb_google_place_jewelry_store&quot;:&quot;Jewelry store&quot;,&quot;m_bh_sr_num_beds&quot;:&quot;{num_beds} beds&quot;,&quot;m_ski_overlay_intermediate&quot;:&quot;Intermediate&quot;,&quot;language_exception_sxp_sbox_num_properties_on_cta_v1_1&quot;:&quot;{num_properties} property&quot;,&quot;language_exception_bh_gwe_sr_privacy_no_descriptor_tent_1&quot;:&quot;Tent&quot;,&quot;searchbox_error_msg_need_date&quot;:&quot;Please enter dates to check availability.&quot;,&quot;ace_wishlist_name_your_list&quot;:&quot;Name your list&quot;,&quot;bh_gwe_sr_privacy_entire_holiday_home_one&quot;:&quot;{num} entire vacation home&quot;,&quot;ski_sr_overlay_show_more&quot;:&quot;Show more&quot;,&quot;language_exception_bbl_bonus_how_module_steps_1&quot;:&quot;Step {num_step} of 3&quot;,&quot;auth_next_step_error_wrong_email&quot;:&quot;Enter a valid email address&quot;,&quot;language_exception_sr_sbox_flex_dates_days_months_footer_1&quot;:&quot;{days} in {month_names}&quot;,&quot;raf_instant_discount_flex_modal_step3_paylater_percent&quot;:&quot;Pay at the property and get {value_percent_friend}% back after your trip.&quot;,&quot;msg_lc_alt_messaging_platform&quot;:&quot;Check {number} new messages&quot;,&quot;raf_flex_post_signin_modal_headline_name&quot;:&quot;You&#039;re booking with {advocate_name}&#039;s reward&quot;,&quot;bb_business_or_leasure_cta_bt&quot;:&quot;Mark as business trip&quot;,&quot;m_ski_overlay_reviews_from_our_guests&quot;:&quot;Reviews from our guests&quot;,&quot;ski_dc_terrain_header&quot;:&quot;Ski terrain&quot;,&quot;price_for_x_nights&quot;:&quot;Price for {num_nights} nights&quot;,&quot;recently_viewed_list_v7&quot;:&quot;Go to the list&quot;,&quot;groups_sr_undefined_ages_msg&quot;:&quot;Your children&#039;s ages are preset to 12 years old – but if you enter their actual ages, you might find a better price!&quot;,&quot;acc_cal_open_notification&quot;:&quot;You&#039;ve opened the calendar to select dates for your stay&quot;,&quot;m_loc_sr_hc_travel_time_hours&quot;:&quot;{num_hours} h&quot;,&quot;beach_property_page_banner_beachnearby&quot;:&quot;Beach nearby&quot;,&quot;pp_index_popup_bpg_how_to_4&quot;:&quot;You can also contact our {start_link}Customer Care{end_link} team.&quot;,&quot;pd_sr_deals_badges_grouped&quot;:&quot;+ {num}&quot;,&quot;gsb_hp_book_now_cta_chalet&quot;:&quot;{num} chalets for {group_recommendation_price}&quot;,&quot;language_exception_sbox_num_adults_no_comma_1&quot;:&quot;1 adult&quot;,&quot;language_exception_bh_gwe_sr_privacy_entire_chalet_1&quot;:&quot;Entire chalet&quot;,&quot;bbg_sr_business_filter_save_cta&quot;:&quot;Save&quot;,&quot;review_adj_average_okay&quot;:&quot;Okay&quot;,&quot;please_enter_your_check_out_date&quot;:&quot;Please enter your check-out date.&quot;,&quot;deals_price_watch5&quot;:&quot;See sample&quot;,&quot;iq_sbox_error_cars_arrival_date_invalid&quot;:&quot;Your drop-off date is invalid.&quot;,&quot;list_dropdown_email_add_message&quot;:&quot;Add a message&quot;,&quot;hp_saved_to_num_lists&quot;:&quot;Saved to {num_wishlists_16} lists&quot;,&quot;deals_countdown_singlesday19_minutes&quot;:&quot;MINUTES&quot;,&quot;m_ski_overlay_cross_country&quot;:&quot;Cross-country&quot;,&quot;language_exception_d_dmw_wl_num_properties_saved_1&quot;:&quot;{num_properties_saved} property saved&quot;,&quot;list_dropdown_why&quot;:&quot;When you see a place you like, save it to a list so you can find it later.&quot;,&quot;sbox_error_num_night_res&quot;:&quot;Sorry, reservations for more than {num} nights aren&#039;t possible.&quot;,&quot;checkout_form_new_card&quot;:&quot;Use new card&quot;,&quot;recently_viewed_list_name_dropdown_explanation_box_subheader&quot;:&quot;You can now see a list of {start_link}your recently viewed properties.{end_link} &quot;,&quot;language_exception_beach_explore_panel_map_header_1&quot;:&quot;Beach {in_city_name}&quot;,&quot;no_review_score_tab_header&quot;:&quot;No review score yet...&quot;,&quot;beach_review_adj_superb&quot;:&quot;Wonderful beach&quot;,&quot;geo_beach_water_quality_good&quot;:&quot;Good Water Quality&quot;,&quot;geo_hp_nearby_beaches_popular_header&quot;:&quot;Popular Beaches Nearby&quot;,&quot;deals_countdown_singlesday19_seconds&quot;:&quot;SECONDS&quot;,&quot;latest_booking_elapsedtime_ago&quot;:&quot;Latest Booking: {elapsedTime} ago&quot;,&quot;iq_sbox_flights_from&quot;:&quot;From where?&quot;,&quot;checkout_pay_fe_bp_hybrid_payment_step_3&quot;:&quot;If your payment is successful, you&#039;ll receive your booking confirmation&quot;,&quot;m_ski_overlay_night_skiing&quot;:&quot;Night skiing&quot;,&quot;ski_multi_resort_dc_back_to_properties&quot;:&quot;Back to properties&quot;,&quot;lists_added_to_x_lists&quot;:&quot;Saved to {num_wishlists_16} lists&quot;,&quot;ski_weather_type_very_cloudy&quot;:&quot;Very cloudy&quot;,&quot;list_dropdown_email_header&quot;:&quot;Send \&quot;{list_name}\&quot; to a friend so they can check out your list&quot;,&quot;cashback_badge_tooltip_copy&quot;:&quot;The final amount of your cashback can vary based on currency conversion rates. Taxes and other fees/charges may not be included when calculating your cashback.&quot;,&quot;wl_saved_to&quot;:&quot;Saved to: {start_link}{list_name}{end_link}&quot;,&quot;bhee_sr_extend_stay_banner_head&quot;:&quot;Discover up to {num} extra properties in {city_name} by adding 1 night to your stay&quot;,&quot;a11y_gallery_image_screenreader_placeholder&quot;:&quot;Gallery image of this property&quot;,&quot;star_rating_dots_tooltip_zhcn&quot;:&quot;??&quot;,&quot;checkout_success_payment_completed_generic&quot;:&quot;Your payment has been taken&quot;,&quot;acc_index_checkin_calendar_opened&quot;:&quot;You opened the check-in calendar &quot;,&quot;ls_error_max_los_exceeded_p1&quot;:&quot;Your check-out date is more than {max_num_nights} nights after your check-in date.&quot;,&quot;language_exception_acc_sr_review_score_rated_with_score_end_1&quot;:&quot; from {num_reviews} review&quot;,&quot;acc_sr_review_score_rated_with_score_end&quot;:&quot; from {num_reviews} reviews&quot;,&quot;incentives_engage_reward_modal_got_it_cta&quot;:&quot;Got it&quot;,&quot;paycom_form_cardholder_name&quot;:&quot;Cardholder&#039;s Name&quot;,&quot;language_exception_sxp_sbox_num_properties_left_of_cta_v2_1&quot;:&quot;{num_properties} property found for your search&quot;,&quot;language_exception_a11y_gallery_image_screenreader_total_in_gallery_1&quot;:&quot;{number} image in this gallery&quot;,&quot;paycom_billing_address_city&quot;:&quot;City&quot;,&quot;language_exception_lists_added_to_x_lists_1&quot;:&quot;Saved to one list&quot;,&quot;booking&quot;:&quot;booking&quot;,&quot;vm_bp_block_voucher_desc_1&quot;:&quot;It&#039;ll be added to your Wallet up to 14 days after your stay and will expire in {num_months} months.&quot;,&quot;language_exception_deals_countdown_singlesday19_hours_1&quot;:&quot;HOUR&quot;,&quot;m_sxp_calendar_date_select_choose_checkout&quot;:&quot;Select a check-out date&quot;,&quot;pob_sr_map_days_until_your_stay&quot;:&quot;{num_days} days until your stay&quot;,&quot;gsb_hp_book_now_cta_villa&quot;:&quot;{num} villas for {group_recommendation_price}&quot;,&quot;bh_gwe_sr_privacy_entire_bungalow_one&quot;:&quot;{num} entire bungalow&quot;,&quot;list_dropdown_add_email&quot;:&quot;Add email address&quot;,&quot;iq_sbox_error_flights_from_to_same&quot;:&quot;Your \&quot;From where?\&quot; and \&quot;To where?\&quot; airports have to be different.&quot;,&quot;sbox_error_checkout_after&quot;:&quot;Select a check-out date that comes after your check-in date.&quot;,&quot;top_3_reasons_to_visit&quot;:&quot;Top reasons to visit: {theme_01}, {theme_02}, and {theme_03}&quot;,&quot;language_exception_sr_sbox_flex_dates_custom_selection_no_num_nights_1&quot;:&quot;night&quot;,&quot;incentives_index_landing_error_link_expired_subtext&quot;:&quot;No worries – you can still find other great deals on our site&quot;,&quot;msg_web_entry_new_messages&quot;:&quot;New messages&quot;,&quot;geo_beach_accessibility&quot;:&quot;Accessible &quot;,&quot;review_adj_fabulous&quot;:&quot;Excellent&quot;,&quot;help_preferred_property&quot;:{&quot;experiment_hash&quot;:&quot;ZOOYDLXAdcCcdOOdDC&quot;,&quot;value&quot;:&quot;This property is part of our Preferred Partner Program. It&#039;s committed to providing excellent service and good value. It’ll pay us a higher commission if you make a booking.&quot;},&quot;incentives_index_landing_error_link_expired_header&quot;:&quot;This link expired&quot;,&quot;beach_review_adj_fabulous&quot;:&quot;Excellent beach&quot;,&quot;wish_lists_be_almost_first&quot;:&quot;Be one of the first to add&quot;,&quot;raf_desktop_friend_modal_step_three_subhead_percent&quot;:&quot;After we confirm your stay with the property, you’ll get {value_percent_friend}% back!&quot;,&quot;m_ski_overlay_things_to_do&quot;:&quot;Things to do&quot;,&quot;language_exception_m_sxp_calendar_date_select_num_nights_1&quot;:&quot;({num_nights} night)&quot;,&quot;pb_google_place_night_club&quot;:&quot;Nightclub&quot;,&quot;message&quot;:&quot;Message&quot;,&quot;search_box_result_your_search&quot;:&quot;Showing results for \&quot;{user_searched_term}\&quot;&quot;,&quot;a11y_auth_2fa_recovery_flow_confirm_phone_number_country_select_label&quot;:&quot;Select your country&quot;,&quot;bbt_notifications_new_join_configure_link&quot;:&quot;Start customizing&quot;,&quot;beach_review_adj_pleasant&quot;:&quot;Pleasant beach&quot;,&quot;ski_weather_type_rain&quot;:&quot;Rain&quot;,&quot;raf_friend_lightbox_button_text&quot;:&quot;Let&#039;s do this&quot;,&quot;maps_none_available_zoom_out&quot;:&quot;Zoom out on the map&quot;,&quot;recently_viewed_list_v4&quot;:&quot;Save this property to a list&quot;,&quot;lists_undo_option_basic&quot;:&quot;Undo&quot;,&quot;language_exception_conf_email_num_nights_1&quot;:&quot;{num_nights} night&quot;,&quot;checkout_form_postal_code&quot;:&quot;Zip/Postal Code&quot;,&quot;destination_finder_theme_endorsements&quot;:&quot;{start_style}{num_endorsement_guests}{end_style} guests have endorsed this place for {start_style}\&quot;{theme_name}\&quot;{end_style}&quot;,&quot;deals_countdown_singlesday19_days&quot;:&quot;DAYS&quot;,&quot;m_ski_overlay_winter_hiking&quot;:&quot;Winter hiking&quot;,&quot;ski_hp_part_of_ski_resort_web&quot;:&quot;Part of {ski_resort_name}&quot;,&quot;loc_social_connect_facebook_sign_up&quot;:&quot;Sign up with Facebook&quot;,&quot;checkout_form_expiry_date&quot;:&quot;Expiration Date&quot;,&quot;pb_google_place_spa&quot;:&quot;Spa&quot;,&quot;bh_gwe_sr_privacy_private_room_one&quot;:&quot;{num} private room&quot;,&quot;raf_flex_modal_optin_tickbox&quot;:&quot;Notify me about referral rewards&quot;,&quot;language_exception_gsb_hp_book_now_cta_alt_1&quot;:&quot;{num} unit for {group_recommendation_price}&quot;,&quot;bh_gwe_sr_privacy_hotel_room_one&quot;:&quot;{num} hotel room&quot;,&quot;acc_settings_section_2fa_enrollment_success&quot;:&quot;You are now protected by Two Factor Authentication&quot;,&quot;paycom_billing_address_explanation&quot;:&quot;Your billing address is the one your card is registered to.&quot;,&quot;list_dropdown_send_button&quot;:&quot;Send&quot;,&quot;language_exception_num_hotels_1&quot;:&quot;1 hotel&quot;,&quot;rates_rocket_sr_num_results_accom_partners_tooltip&quot;:&quot;Properties with highlighted borders are from our accommodation partner {rocket_brand_name}, which provides exclusive deals on select properties.&quot;,&quot;vm_bp_details_earn_voucher_desc&quot;:&quot;It&#039;ll be added to your Wallet up to 14 days after your stay and will expire in {num_months} months. Use your voucher on all attractions and select stays on {b_companyname}.&quot;,&quot;bh_gwe_sr_privacy_hotel_room&quot;:&quot;{num} hotel rooms&quot;,&quot;hp_roomtable_rackrate_tooltip_06_dehotel&quot;:&quot;The crossed-out prices you see are based on prices currently being quoted by the property for a 30-day window around your check-in date. To ensure we&#039;re making a fair comparison, we always use the same booking conditions (meals, cancellation policy and room type).&quot;,&quot;msg_entry_meet_assistant_header&quot;:&quot;Meet the Booking Assistant&quot;,&quot;wl_new_list_hint&quot;:&quot;Name of new list&quot;,&quot;do_you_want_to_save&quot;:&quot;Do you want to save this property for later?&quot;,&quot;sbox_error_30_night_res&quot;:&quot;Reservations longer than 30 nights are not possible.&quot;,&quot;sr_map_searchbox_placeholder&quot;:&quot;Search on map&quot;,&quot;extl_reviews_no_bcom_sr_reviews_tooltip_transparent&quot;:&quot;The {review_score} review score is based on reviews from other trusted travel websites&quot;,&quot;sr_lists_saved_notification&quot;:&quot;Saved!&quot;,&quot;language_exception_maps_google_distances_hours_1&quot;:&quot;{num_hours} hour&quot;,&quot;msg_multithread_messages_header&quot;:&quot;Messages&quot;,&quot;paycom_billing_address&quot;:&quot;Billing Address&quot;,&quot;pb_google_place_meal_takeaway&quot;:&quot;Takeout bar&quot;,&quot;ar_islamic_calendar_hijri_on&quot;:&quot;Show Hijri&quot;,&quot;ski_dc_snow_difficult&quot;:&quot;Difficult&quot;,&quot;beach_review_adj_average_okay&quot;:&quot;Okay beach&quot;,&quot;ski_dc_airport_distance_tooltip&quot;:&quot;This is the straight-line distance on the map. Actual travel distance may vary.&quot;,&quot;list_percent_off_value&quot;:&quot;-{percent_off_value}%&quot;,&quot;language_exception_bh_gwe_sr_card_entire_unit_villa_1&quot;:&quot;Entire villa&quot;,&quot;bh_gwe_sr_privacy_private_studio&quot;:&quot;{num} private studios&quot;,&quot;ext_modal_loading&quot;:&quot;Loading...&quot;,&quot;share_list_with_friend_3&quot;:&quot;Copy this link to share this list&quot;,&quot;bh_gwe_sr_privacy_no_descriptor_empty_spot_one&quot;:&quot;{num} empty spot&quot;,&quot;lists_lightbox_dates_reveal_price_cta&quot;:&quot;Select dates&quot;,&quot;list_check_availability_of_all&quot;:&quot;Check availability of all properties&quot;,&quot;map_breadcrumb_top_districts&quot;:&quot;Top Districts&quot;,&quot;m_ge_deepen_conf_page_benefits&quot;:&quot;Free breakfast&quot;,&quot;language_exception_m_loc_sr_hc_travel_time_hours_1&quot;:&quot;{num_hours} h&quot;,&quot;preferred_programme_new_tooltip_preferred&quot;:&quot;This is a Preferred property. Preferred properties meet {b_companyname}&#039;s quality standards and pay {b_companyname} to be in this program.&quot;,&quot;ge_hp_room_table_discount_cma_generic&quot;:&quot;Genius room-rate discount included&quot;,&quot;loc_sr_viewed_properties_prices_from&quot;:&quot;Prices from {b_price}&quot;,&quot;language_exception_acc_cal_week_number_1&quot;:&quot;Week {week_number}&quot;,&quot;sr_sbox_flex_dates_choose_days_a_week&quot;:&quot;A week&quot;,&quot;a11y_announce_sorting_in_progress&quot;:&quot;Sorting&quot;,&quot;maps_better_value_comparison&quot;:&quot;Better value than current property&quot;,&quot;bh_gwe_sr_privacy_private_suite&quot;:&quot;{num} private suites&quot;,&quot;night&quot;:&quot;Night&quot;,&quot;d_dmw_wl_simple_steps_3&quot;:&quot;You&#039;ll find everything you&#039;ve saved here&quot;,&quot;iq_sbox_flights_current_location&quot;:&quot;Closest airport to me&quot;,&quot;pp_index_popup_bpg_how_to_3&quot;:&quot;No account? Log in with your booking number and PIN.&quot;,&quot;language_exception_deals_countdown_singlesday19_seconds_1&quot;:&quot;SECOND&quot;,&quot;sbox_age_of_child_popup_best_price&quot;:&quot;To see the best prices for your group, don&#039;t forget to complete this step!&quot;,&quot;beach_sr_distance_from_beach_m&quot;:&quot;{distance} m from beach&quot;,&quot;ski_sr_date_reco_num_properties&quot;:&quot;{num_properties} properties available&quot;,&quot;rewards_a11y_promo_code_more_details_open&quot;:&quot;Open pop-up for more details&quot;,&quot;checkout_pay_fe_bp_hybrid_payment_step_1&quot;:&quot;You&#039;ll be redirected to {pay_method}&quot;,&quot;language_exception_ski_sr_dc_number_resorts_nearby_1&quot;:&quot;{num_resorts} ski resort nearby&quot;,&quot;districts&quot;:&quot;Districts&quot;,&quot;sal_verify_phone_popup_code_issues&quot;:&quot;Something went wrong – try again later.&quot;,&quot;lists_save_this_list_no&quot;:&quot;No, thanks&quot;,&quot;maps_sr_iw_real_heart_tooltip&quot;:&quot;This is one of our most popular locations, according to independent guest reviews.&quot;,&quot;star_rating_2_half&quot;:&quot;2.5 star hotel&quot;,&quot;cdm_web_sr_compare_checkbox_saved&quot;:&quot;Saved to:&quot;,&quot;sr_search_card_plus_taxes_and_charges&quot;:&quot;+ taxes and charges&quot;,&quot;fe_cc_distance_tooltip_sr&quot;:&quot;This is the straight-line distance on the map. Actual travel distance may vary.&quot;,&quot;android_sr_ski_cta&quot;:&quot;Show properties&quot;,&quot;language_exception_bh_gwe_sr_privacy_no_descriptor_empty_spot_1&quot;:&quot;Empty spot&quot;,&quot;lists_map_see_more&quot;:&quot;See more&quot;,&quot;language_exception_deals_landing_blackfriday2022_hero_countdown_days_0&quot;:&quot;Offer ends in {num_days} days&quot;,&quot;beach_review_adj_poor&quot;:&quot;Bad beach&quot;,&quot;header_my_lists&quot;:&quot;Saved&quot;,&quot;sxp_sbox_num_properties_on_cta_v1&quot;:&quot;{num_properties} properties&quot;,&quot;ski_sr_overlay_largest_resort&quot;:&quot;Largest ski resort near {city_name}&quot;,&quot;bb_sr_theme_beach&quot;:&quot;Beach&quot;,&quot;raf_friend_lightbox_step_1_description&quot;:&quot;Find and book the perfect accommodations anywhere in the world&quot;,&quot;checkout_form_no_name_entered&quot;:&quot;Enter a cardholder name&quot;,&quot;lists_distance_metric_1&quot;:&quot;{distance} mi from the center of {ufi}&quot;,&quot;sr_sbox_flex_dates_choose_days_a_weekend&quot;:&quot;A weekend&quot;,&quot;language_exception_vm_bp_details_earn_voucher_desc_1&quot;:&quot;It&#039;ll be added to your Wallet up to 14 days after your stay and will expire in {num_months} month. Use your voucher on all attractions and select stays on {b_companyname}.&quot;,&quot;bhgwe_sr_show_bh_bathroom_num&quot;:&quot;{num_bathrooms} bathrooms&quot;,&quot;language_exception_extl_reviews_no_bcom_reviews_1&quot;:&quot;{total_num_reviews} external review&quot;,&quot;iq_sbox_flights_return&quot;:&quot;Return date&quot;,&quot;ski_dc_lift_ticket_youth&quot;:&quot;Youth from {pass_price}&quot;,&quot;ski_dc_closest_airport&quot;:&quot;Closest airport&quot;,&quot;checkout_date&quot;:&quot;Check-out date&quot;,&quot;language_exception_bh_gwe_sr_privacy_shared_dorm_room_1&quot;:&quot;Shared dorm room&quot;,&quot;map_marker_current_property&quot;:&quot;Current Property&quot;,&quot;go_to_list&quot;:&quot;Go to list&quot;,&quot;ar_islamic_calendar_shaban&quot;:&quot;Sha&#039;ban&quot;,&quot;language_exception_vm_earn_credits_desc_1_months_badge_tooltip_pd_1&quot;:&quot;You&#039;ll earn {start_bold}{amount_with_currency_post} Credits{end_bold}. They&#039;ll be added to your Wallet 14 days after your stay and expire in {num_months} month.&quot;,&quot;vm_bp_rewards_bottom_sheet_intro&quot;:&quot;Complete this booking to get your Credits and voucher added to your Wallet up to 14 days after check-out.&quot;,&quot;ski_sr_overlay_show_less&quot;:&quot;Show less&quot;,&quot;iq_sbox_rental_cars_drop_off_date&quot;:&quot;Drop-off date&quot;,&quot;ski_extranet_ski_lifts_seats_tag&quot;:&quot;{number_of_seats} seats&quot;,&quot;star_rating_1_half&quot;:&quot;1.5 star hotel&quot;,&quot;iq_sbox_flights_year_of_departure&quot;:&quot;Year of departure&quot;,&quot;language_exception_maps_google_distances_minutes_1&quot;:&quot;{num_minutes} minute&quot;,&quot;app_marketing_www_landing_anti_fraud_cta_error_generic&quot;:&quot;Try again.&quot;,&quot;raf_desktop_friend_modal_subhead&quot;:&quot;{user_first_name} is giving you {value_friend} if you book and stay with us. Check it out!&quot;,&quot;pd_sr_credit_badge_tooltip_title&quot;:&quot;Earn Credits&quot;,&quot;language_exception_bhgwe_sr_show_bh_bathroom_num_1&quot;:&quot;{num_bathrooms} bathroom&quot;,&quot;checkout_form_select_bank_dropdown&quot;:&quot;Select bank&quot;,&quot;geo_beach_waves_calm&quot;:&quot;Calm Water&quot;,&quot;pb_google_place_taxi_stand&quot;:&quot;Taxi stand&quot;,&quot;iq_sbox_accommodation_num_rooms&quot;:&quot;{num_rooms} rooms&quot;,&quot;language_exception_bh_gwe_sr_card_entire_unit_holidayhome_1&quot;:&quot;Entire vacation home&quot;,&quot;auth_next_step_error_wrong_phone&quot;:&quot;Enter a valid phone number&quot;,&quot;ar_islamic_calendar_shawwal&quot;:&quot;Shawwal&quot;,&quot;raf_flex_modal_button_signin_register&quot;:&quot;Sign in or register&quot;,&quot;incentives_index_landing_error_link_used_cta&quot;:&quot;Got it&quot;,&quot;paycom_billing_address_edit&quot;:&quot;Edit&quot;,&quot;lists_map_empty&quot;:&quot;This list is empty&quot;,&quot;reward_mini_tcs_complete_tcs_link&quot;:&quot;Full terms and conditions apply&quot;,&quot;pdi_index_popup_wpm_bullet_3&quot;:&quot;The other offer must have the same cancellation policy and conditions.&quot;,&quot;raf_friendlanding_index_lightbox_headline_fixed_wallet&quot;:&quot;Earn {value_friend} in Wallet Credit&quot;,&quot;raf_self_landing_alert_index_headline&quot;:&quot;You clicked your own link&quot;,&quot;bbg_sr_business_filter_save_desc&quot;:&quot;Always see properties that match your needs.&quot;,&quot;ppd_survey_oct18_price_clarity_hp_outro&quot;:&quot;Thanks! &quot;,&quot;raf_friend_lightbox_step_2_description&quot;:&quot;Enjoy your stay!&quot;,&quot;gex_sr_sign_in_register_google_title&quot;:&quot;Sign in or register to unlock deals and discounts!&quot;,&quot;bh_bp_dates_num_weeks&quot;:&quot;Total length of stay: {num_weeks} weeks&quot;,&quot;bh_gwe_sr_privacy_private_studio_one&quot;:&quot;{num} private studio&quot;,&quot;d_dmw_wl_distance_from_centre&quot;:&quot;{distanceInKm} from center&quot;,&quot;lists_save_this_list_yes&quot;:&quot;Yes&quot;,&quot;bh_gwe_sr_card_entire_unit_chalet&quot;:{&quot;value&quot;:&quot;{num} entire cabins&quot;,&quot;experiment_hash&quot;:&quot;ZOBJZGDYeUaHBXLMSPRSQcfOEbMUO&quot;},&quot;star_rating_3_half&quot;:&quot;3.5 star hotel&quot;,&quot;iq_sbox_error_flights_return_date_invalid&quot;:&quot;Your return date is invalid.&quot;,&quot;lists_wishlist_add_note&quot;:&quot;Make a note&quot;,&quot;title&quot;:&quot;{b_companyname} Welcome&quot;,&quot;list_icon_tooltip_map_view&quot;:&quot;Map view&quot;,&quot;list_show_prices_of_all&quot;:&quot;Show prices for all properties&quot;,&quot;bbg_sr_business_filter_saved_desc&quot;:&quot;have been saved as preferred business filters.&quot;,&quot;map_sr_filter_loading_head&quot;:&quot;Applying Filters...&quot;,&quot;sp_sr_hotel_card_cashback&quot;:&quot;{currency_amount} cashback&quot;,&quot;language_exception_m_loc_sr_hc_travel_time_minutes_1&quot;:&quot;{num_minutes} min&quot;,&quot;paycom_form_toggle_save_card_for_future&quot;:&quot;Save card for future purchases&quot;,&quot;genius_get_a_discount_select_rooms&quot;:&quot;{num_percent}% discount&quot;,&quot;msg_entry_notification_unread_message&quot;:&quot;You have unread messages&quot;,&quot;bdot_x_rooms_left_urgency&quot;:&quot;We only have {num_left} left on our site!&quot;,&quot;bhpse_key_collect_error_refresh_page&quot;:&quot;Something went wrong – {link_start}please refresh the page{link_end}.&quot;,&quot;days&quot;:&quot;days&quot;,&quot;msg_lc_notification_name&quot;:&quot;{agentname} from Customer Service&quot;,&quot;rewards_firstuse_taxi_emailflow_error_user_header&quot;:&quot;Sorry, this voucher is for another user&quot;,&quot;list_my_lists_onbaording_box_book&quot;:&quot;Book&quot;,&quot;pb_google_place_bowling_alley&quot;:&quot;Bowling alley&quot;,&quot;sbox_index_gsb_child_age&quot;:&quot;age at check-out&quot;,&quot;bb_sr_theme_waterfront&quot;:&quot;Waterfront&quot;,&quot;beach_review_adj_exceptional&quot;:&quot;Exceptional beach&quot;,&quot;vm_bp_block_voucher_desc_2&quot;:&quot;Use your voucher on all attractions and select stays on {b_companyname}.&quot;,&quot;welcome_to_your_lists&quot;:&quot;Make your life easier with Lists!&quot;,&quot;ski_weather_type_thunderstorms&quot;:&quot;Thunderstorms&quot;,&quot;review_adj_bad&quot;:&quot;Bad&quot;,&quot;filter_hide&quot;:&quot;hide&quot;,&quot;language_exception_d_dmw_wl_calendar_occupancy_children_1&quot;:&quot;{num_children} child&quot;,&quot;d_dmw_wl_calendar_occupancy_apply_cta&quot;:&quot;Apply&quot;,&quot;ar_islamic_calendar_no_month_change&quot;:&quot;{hijri_month} {year}&quot;,&quot;trip_types_beachfront&quot;:&quot;Beachfront&quot;,&quot;sbox_error_checkin_future&quot;:&quot;Select a check-in date that&#039;s in the future.&quot;,&quot;tdot_sr_from_centre_location&quot;:&quot;{total_distance_from_property} from the center&quot;,&quot;list_my_lists_onbaording_box_sign_in&quot;:&quot;To permanently save a list, and access your lists from a mobile or tablet, {start_link1}sign in{end_link1} or {start_link2}create an account{end_link2}.&quot;,&quot;ls_flex_search_28_radio&quot;:&quot;A month&quot;,&quot;a11y_pd_rt_price_current&quot;:&quot;Current price&quot;,&quot;language_exception_ski_dc_ski_lift_num_lifts_1&quot;:&quot;{total_num_lifts} ski lift&quot;,&quot;m_ski_overlay_machine_cover&quot;:&quot;{number_snow_cannons} snow machines covering {percentage_of_covering}% of the slopes &quot;,&quot;ski_weather_type_cloudy&quot;:&quot;Cloudy&quot;,&quot;acc_cal_open_open&quot;:&quot;You&#039;ve opened the calendar widget&quot;,&quot;pdi_index_popup_wpm_bullet_5&quot;:&quot;If the other offer is part of a loyalty or rewards program.&quot;,&quot;m_ski_overlay_from_price&quot;:&quot;From&quot;,&quot;pb_room_disclaimer&quot;:&quot;This is a sample picture of this room type. Individual rooms may vary.&quot;,&quot;beach_sr_loading_sort_beach_distance_header&quot;:&quot;Just a sec – we’re updating your results \n&quot;,&quot;www_surveygizmo_intro_yes&quot;:&quot;Take survey&quot;,&quot;ski_weather_forecast_date_header&quot;:&quot;Weather for {forecast_date}&quot;,&quot;bhc_sr_new_to_bcom_badge&quot;:&quot;New to {b_companyname}&quot;,&quot;sxp_lp_sbox_num_children&quot;:&quot;{num_children} children&quot;,&quot;lp_sxp_sb_calendar_pick_up&quot;:&quot;Pickup&quot;,&quot;language_exception_num_reviews_sr_page_1&quot;:&quot;{num_reviews} review&quot;,&quot;rewards_firstuse_taxi_emailflow_error_generic_cta&quot;:&quot;Got it&quot;,&quot;check_availability&quot;:&quot;Check availability&quot;,&quot;language_exception_beach_sr_left_side_module_show_all_beaches_1&quot;:&quot;Show beach&quot;,&quot;d_dmw_wl_calendar_occupancy_children&quot;:&quot;{num_children} children&quot;,&quot;language_exception_sr_calendar_min_night_stay_footer_1&quot;:&quot;There&#039;s a minimum length of stay of {num_nights} night from your check-in date&quot;,&quot;m_loc_sr_hc_travel_time_minutes&quot;:&quot;{num_minutes} min&quot;,&quot;review_adj_average&quot;:&quot;Average&quot;,&quot;iq_sbox_rental_cars_location&quot;:&quot;Pick-up location&quot;,&quot;ski_weather_type_fair&quot;:&quot;Fair&quot;,&quot;ar_islamic_calendar_dhul_hijjah&quot;:&quot;Dhul Hijjah&quot;,&quot;sr_sbox_flex_dates_select_preferences_footer&quot;:&quot;Select preferences&quot;,&quot;bh_gwe_sr_privacy_no_descriptor_empty_spot&quot;:&quot;{num} empty spots&quot;,&quot;iq_sbox_cars_year_of_departure&quot;:&quot;Year of pick-up&quot;,&quot;pob_sr_map_your_total_price&quot;:&quot;Your total price:&quot;,&quot;ski_related_error_message_web&quot;:&quot;Whoops! Something went wrong – please try again later.&quot;,&quot;extl_reviews_yes_bcom_sr_reviews_modal_second_body_transparent&quot;:&quot;Some properties—like those new to our website—don’t have any reviews from {b_companyname} guests. In this case, we calculate a review score using reviews from guests who booked the same property on other trusted travel websites.&quot;,&quot;language_exception_m_bh_sr_num_beds_1&quot;:&quot;{num_beds} bed&quot;,&quot;recently_viewed_list_v3&quot;:&quot;Save these properties to a list&quot;,&quot;review_adj_very_good&quot;:&quot;Very Good&quot;,&quot;ski_dc_airport_drive_time&quot;:&quot;{drive_time} drive&quot;,&quot;language_exception_m_bh_sr_num_bedrooms_1&quot;:&quot;{num_bedrooms} bedroom&quot;,&quot;a11y_adjective_rating&quot;:&quot;Rated {/adjectives/[rating_adjective]/name}&quot;,&quot;language_exception_b_conf_number_of_rooms_1&quot;:&quot;1 room,&quot;,&quot;prd_sr_card_nights_above_price&quot;:&quot;{n_of_nights} nights&quot;,&quot;pb_google_place_museum&quot;:&quot;Museum&quot;,&quot;acc_index_checkout_calendar_opened&quot;:&quot;You opened the check-out calendar&quot;,&quot;ski_dc_lift_ticket_adult&quot;:&quot;Adult from {pass_price}&quot;,&quot;pb_google_place_convenience_store&quot;:&quot;Convenience store&quot;,&quot;cdm_hp_quick_share_save&quot;:&quot;Save&quot;,&quot;list_not_available&quot;:&quot;Not available on:&quot;,&quot;bb_business_or_leasure_cta_lt&quot;:&quot;Mark as leisure trip&quot;,&quot;m_wl_saved_view&quot;:&quot;View&quot;,&quot;paycom_billing_address_country&quot;:&quot;Country/Region&quot;,&quot;review_adj_superb&quot;:&quot;Wonderful&quot;,&quot;checkout_pay_fe_bp_hybrid_payment_step_2&quot;:&quot;Make sure you complete all the steps with {pay_method} to confirm your booking&quot;,&quot;language_exception_bh_gwe_sr_bed_config_up_to_1&quot;:&quot;{num_beds} bed&quot;,&quot;please_enter_your_check_in_date&quot;:&quot;Please enter your check-in date.&quot;,&quot;reward_mini_tcs_title&quot;:&quot;Terms &amp; Conditions&quot;,&quot;convert_incentives_landing_modal_cta&quot;:&quot;Book with your reward&quot;,&quot;per_night&quot;:&quot;per night&quot;,&quot;sr_calendar_checkout_only_tooltip_info&quot;:&quot;Check-out only&quot;,&quot;language_exception_sxp_lp_sbox_num_children_1&quot;:&quot;{num_children} child&quot;,&quot;raf_flex_post_signin_modal_headline_noname&quot;:&quot;You&#039;re booking with your friend&#039;s reward&quot;,&quot;iq_sbox_cars_current_location&quot;:&quot;My current location&quot;,&quot;m_ski_overlay_from_apt&quot;:&quot;From {airport_name} airport ({airport_iata})&quot;,&quot;bh_gwe_sr_bed_config_up_to&quot;:&quot;Up to {num_beds} beds&quot;,&quot;genius_free_room_upgrade_frube_tooltip&quot;:&quot;Free room upgrade&quot;,&quot;review_adj_average_passable&quot;:&quot;Fair&quot;,&quot;incentives_engage_reward_banner_loading&quot;:&quot;Loading...&quot;,&quot;incentives_index_landing_error_link_used_header&quot;:&quot;This link has already been used&quot;,&quot;preferred_programme_new_tooltip_pref_plus&quot;:&quot;This is a Preferred Plus property. Preferred Plus properties provide excellent value, meet {b_companyname}&#039;s quality standards, and pay {b_companyname} to be in this program.&quot;,&quot;class&quot;:&quot;Class&quot;,&quot;raf_desktop_friend_modal_subhead_percent_no_name&quot;:&quot;Your friend is giving you {value_percent_friend}% back if you book and stay with us. Check it out!&quot;,&quot;iq_sbox_rental_cars_pick_up_date&quot;:&quot;Pick-up date&quot;,&quot;bh_gwe_sr_privacy_private_apartment_one&quot;:&quot;{num} private apartment&quot;,&quot;pb_google_place_clothing_store&quot;:&quot;Clothing store&quot;,&quot;checkout_experiences_attractions_code_activation_cvc&quot;:&quot;CVC&quot;,&quot;beach_sr_left_side_module_beach_details&quot;:&quot;More details&quot;,&quot;m_ski_overlay_adults&quot;:&quot;Adults&quot;,&quot;bbl_bonus_how_module_steps&quot;:&quot;Step {num_step} of 3&quot;,&quot;gsb_hp_book_now_cta_room&quot;:&quot;{num} rooms for {group_recommendation_price}&quot;,&quot;deepen_sr_benefits_header_not_rate_related&quot;:&quot;Genius benefits on select options:&quot;,&quot;iq_sbox_accommodation_where&quot;:&quot;Where are you going?&quot;,&quot;bh_gwe_sr_card_entire_unit_holidayhome&quot;:&quot;{num} entire vacation homes&quot;,&quot;sr_star_property&quot;:&quot;{rating_score} stars&quot;,&quot;beach_sr_left_side_module_show_all_beaches&quot;:&quot;Show all {num_beaches} beaches&quot;,&quot;language_exception_beach_side_header_closest_1&quot;:&quot;Closest beach&quot;,&quot;maps_sr_iw_real_heart&quot;:&quot;The Real Heart of {destination_name}&quot;,&quot;a11y_announce_sorting_complete_simple&quot;:&quot;Sorting complete.&quot;,&quot;lists_save_this_list_signin&quot;:&quot;Do you want to save this list? You&#039;ll need to sign in or create an account first.&quot;,&quot;pdi_index_popup_wpm_contact&quot;:&quot;Just remember to contact us after booking and at least 24 hours before your check-in date.&quot;,&quot;language_exception_vm_bp_block_credits_desc_1_months_1&quot;:&quot;They&#039;ll be added to your Wallet 14 days after your stay and expire in {num_months} month.&quot;,&quot;geo_beach_waves_moderate&quot;:&quot;Moderate Waves&quot;,&quot;dsf_rename_list_dialogue&quot;:&quot;Enter a new name for this list&quot;,&quot;destination_finder_num_endorsements&quot;:&quot;{num_endorsement_count} recommendations&quot;,&quot;sr_hp_taxes_and_charges_exception&quot;:&quot;Additional charges may apply&quot;,&quot;ski_dc_ski_lift_num_lifts&quot;:&quot;{total_num_lifts} ski lifts&quot;,&quot;ski_multi_resort_dc_airport_info&quot;:&quot;{airport_name} ({airport_distance})&quot;,&quot;m_ski_overlay_how_to_get_there&quot;:&quot;How to get there&quot;,&quot;checkout_form_no_cc&quot;:&quot;Enter a card number&quot;,&quot;iq_sbox_error_cars_1_hour_future&quot;:&quot;Your pick-up time has to be at least 1 hour from now.&quot;,&quot;triptypes_ski&quot;:&quot;Ski&quot;,&quot;maps_hp_sr_youre_too_late&quot;:&quot;You&#039;re too late!&quot;,&quot;language_exception_bh_gwe_sr_privacy_entire_holiday_home_1&quot;:&quot;Entire vacation home&quot;,&quot;maps_none_available_refresh&quot;:&quot;Refresh results&quot;,&quot;bh_m_sxp_calendar_date_select_num_weeks&quot;:&quot;({num_weeks} weeks)&quot;,&quot;bh_gwe_sr_card_entire_unit_apartment&quot;:&quot;{num} entire apartments&quot;,&quot;maps_none_available_sorry&quot;:&quot;Sorry, no results&quot;,&quot;ppd_survey_oct18_price_clarity_num_of_total&quot;:&quot;{num} of {total_num}&quot;,&quot;lists_map_list_name&quot;:&quot;List name&quot;,&quot;language_exception_vm_single_savings_badge_multiple_deals_description_tooltip_pd_1&quot;:&quot;You’re getting {num_percent}% off the original price due to multiple deals and benefits.&quot;,&quot;raf_instant_discount_flex_modal_step1&quot;:&quot;Sign in to {b_companyname} or create an account&quot;,&quot;lists_unit_distance_metric&quot;:&quot;{distance} km from the center of {ufi}&quot;,&quot;iq_sbox_cars_date_of_departure&quot;:&quot;Date of pick-up&quot;,&quot;lists_email_invalid_email_error&quot;:&quot;Whoops, this isn&#039;t a valid email address – please enter another.&quot;,&quot;real_login_signin&quot;:&quot;Sign in&quot;,&quot;sbox_num_adults&quot;:&quot;{num_adults} adults,&quot;,&quot;language_exception_msg_lc_tab_new_1&quot;:&quot;({number}) new chat message – Booking.com&quot;,&quot;sxp_sbox_property_count_flexible&quot;:&quot;(± {num})&quot;,&quot;iq_sbox_flights_return_date&quot;:&quot;Return&quot;,&quot;sbox_children&quot;:&quot;Children&quot;,&quot;sr_calendar_min_night_stay_tooltip_info&quot;:&quot;Min. {num_nights}-night stay&quot;,&quot;deals_price_watch2&quot;:&quot;Don’t miss out on the lowest price. Start a price watch and we’ll alert you if the rate changes.&quot;,&quot;m_ski_overlay_youth&quot;:&quot;Youth&quot;,&quot;language_exception_bh_gwe_sr_card_entire_unit_studio_1&quot;:&quot;Entire studio&quot;,&quot;bb_sr_remove_filter&quot;:&quot;Remove&quot;,&quot;sr_calendar_min_night_stay_footer&quot;:&quot;There&#039;s a minimum length of stay of {num_nights} nights from your check-in date&quot;,&quot;sr_official_star_rating_tooltip&quot;:&quot;This is the official star rating given to the property by an independent third party, the Hotelstars Union. The property is compared to the industry standard and scored based on price, facilities and services available. Use the star rating to help choose your stay!&quot;,&quot;a11y_sr_close_calendar_icon&quot;:&quot;Close calendar&quot;,&quot;bb_srcard_same_city&quot;:&quot;Property in your city&quot;,&quot;language_exception_bhee_sr_extend_stay_banner_body_1&quot;:&quot;{num}% of properties in {city_name} are unavailable for 1 night stays on your dates. Click the dates to extend your stay and discover these properties.&quot;,&quot;pod_sr_split_free_cancellation&quot;:&quot;FREE cancellation&quot;,&quot;pd_sr_credit_badge_tooltip_body_scenario_two_p1&quot;:&quot;You&#039;ll earn {start_bold}{amount_with_currency_post} Credits{end_bold}. They&#039;ll be added to your Wallet 14 days after your stay and expire in one year.&quot;,&quot;convert_incentives_index_card_more_info_cta&quot;:&quot;More info&quot;,&quot;language_exception_bh_bp_dates_num_weeks_1&quot;:&quot;Total length of stay: {num_weeks} week&quot;,&quot;a11y_aria_label_carousel_previous&quot;:&quot;Previous&quot;,&quot;extl_reviews_no_bcom_sr_reviews_modal_first_body&quot;:&quot;We give properties on our site a review score out of 10. To make it more accurate, we always calculate the score using at least three reviews.&quot;,&quot;pod_sr_split_no_prepayment_needed&quot;:&quot;No prepayment needed&quot;,&quot;vm_bp_block_credits_desc_1_months&quot;:&quot;They&#039;ll be added to your Wallet 14 days after your stay and expire in {num_months} months.&quot;,&quot;language_exception_prd_sr_card_nights_above_price_1&quot;:&quot;{n_of_nights} night&quot;,&quot;list_dropdown_header&quot;:&quot;You can save properties to lists&quot;,&quot;sbox_num_adults_no_comma&quot;:&quot;{num_adults} adults&quot;,&quot;raf_instant_discount_flex_modal_step3_paynow_fixed&quot;:&quot;Pay now and get a {value_friend} discount.&quot;,&quot;star_rating_5&quot;:&quot;5-star hotel&quot;,&quot;language_exception_price_for_x_nights_1&quot;:&quot;Price for {num_nights} night&quot;,&quot;beach_hp_sidecard_more_nearby_button&quot;:&quot;More area info&quot;,&quot;m_bh_sr_num_living_rooms&quot;:&quot;{num_living_rooms} living rooms&quot;,&quot;ski_dc_lift_ticket_header&quot;:&quot;Lift passes (1-day tickets)&quot;,&quot;bh_gwe_sr_privacy_no_descriptor_bed_in_dorm_one&quot;:&quot;{num} bed in dorm&quot;,&quot;star_rating_4&quot;:&quot;4-star hotel&quot;,&quot;paycom_billing_address_postal_code&quot;:&quot;Billing zip code&quot;,&quot;review_adj_very_poor&quot;:&quot;Very Poor&quot;,&quot;copy_maps_hp_back_to_property&quot;:&quot;Back to property&quot;,&quot;deals_landing_blackfriday2022_hero_countdown_timer&quot;:&quot;Offer ends in {countdown}&quot;,&quot;beach_review_adj_average_passable&quot;:&quot;Fair beach&quot;,&quot;name&quot;:&quot;Name&quot;,&quot;checkout_form_invalid_expiration&quot;:&quot;Your card has to have a valid expiration date&quot;,&quot;months&quot;:&quot;months&quot;,&quot;language_exception_vm_single_savings_badge_name_pd_1&quot;:&quot;{num_percent}% off&quot;,&quot;pb_google_place_bus_station&quot;:&quot;Bus station&quot;,&quot;raf_desktop_friend_modal_step_one_subhead&quot;:&quot;From cozy apartment stays and chic villas to luxury hotels, find and book your perfect accommodations anywhere in the world&quot;,&quot;raf_friendlanding_index_lightbox_headline_percent_wallet&quot;:&quot;Get {value_percent_friend}% Back in Wallet Credit&quot;,&quot;lists_lightbox_dates_reveal_price&quot;:&quot;Select dates to reveal price and availability.&quot;,&quot;ski_weather_type_sunny&quot;:&quot;Sunny&quot;,&quot;sr_just_added_label&quot;:&quot;Just added!&quot;,&quot;language_exception_pob_sr_maps_message_intro_1&quot;:&quot;You already have {num_overlapping_bookings} booking from {short_date_start} to {short_date_end}:&quot;,&quot;ski_sr_overlay_ski_resorts_near_city&quot;:&quot;We found {number_resorts} ski resorts near {city_name}&quot;,&quot;ios_ace_wishlist_unavailable_for_dates&quot;:&quot;Unavailable for your dates on our site&quot;,&quot;language_exception_rates_rocket_sr_num_results_accom_partners_1&quot;:&quot;Showing all properties plus {num} deal from &lt;b&gt;{rocket_brand_name} &lt;/b&gt;&quot;,&quot;pb_google_place_airport&quot;:&quot;Airport&quot;,&quot;iq_sbox_accommodation_holiday_rental&quot;:&quot;Vacation rental&quot;,&quot;raf_desktop_friend_modal_faq&quot;:&quot;{start_link}Frequently asked questions{end_link}&quot;,&quot;lists_wishlist_note-saved&quot;:&quot;Saved!&quot;,&quot;raf_deals_easter19_cta&quot;:&quot;View deals&quot;,&quot;search_guest_type_adults&quot;:&quot;Adults&quot;,&quot;ski_sr_dc_number_resorts_nearby&quot;:&quot;{num_resorts} ski resorts nearby&quot;,&quot;review_adj_pleasant&quot;:&quot;Pleasant&quot;,&quot;app_marketing_www_landing_anti_fraud_voice_ac2&quot;:&quot;Security check complete – release and wait. &quot;,&quot;raf_flex_post_signin_modal_button&quot;:&quot;Browse places to stay&quot;,&quot;beach_sr_distance_from_beach_ft&quot;:&quot;{distance} ft from beach&quot;,&quot;lists_endorsement_highly_rated&quot;:&quot;{ufi_name} is highly rated for {interest_point}.&quot;,&quot;wish_lists_be_first&quot;:&quot;Be the first to add this&quot;,&quot;checkout_form_card_number&quot;:&quot;Card Number&quot;,&quot;extl_reviews_no_bcom_sr_reviews_modal_second_body_transparent&quot;:&quot;Some properties—like those new to our website—don’t have any reviews from {b_companyname} guests. In this case, we calculate a review score using reviews from guests who booked the same property on other trusted travel websites.&quot;,&quot;checkout_form_cvc_tooltip_3_digit&quot;:&quot;Your 3-digit security code is printed on the signature strip&quot;,&quot;ski_lift_distance_pop_up_map&quot;:&quot;{distance_localized} from property&quot;,&quot;d_dmw_wl_simple_steps_1&quot;:&quot;Search for a place to stay&quot;,&quot;reward_mini_tcs_fulltcs_cta_link&quot;:&quot;Terms and conditions&quot;,&quot;m_ski_overlay_difficult&quot;:&quot;Difficult&quot;,&quot;settings_page_error_message&quot;:&quot;Sorry, something went wrong. Please try again.&quot;,&quot;bh_gwe_sr_privacy_private_apartment&quot;:&quot;{num} private apartments&quot;,&quot;raf_desktop_cannot_book_property&quot;:&quot;You can’t book this property with the Refer a Friend Program. Try searching for another property.&quot;,&quot;checkout_form_more_options&quot;:&quot;More options&quot;,&quot;pdi_index_wpm_popup_cant_claim&quot;:&quot;When can you not make a claim?&quot;,&quot;sbox_error_enter_dest&quot;:&quot;Enter a destination to start searching.&quot;,&quot;bbg_account_activity_no_activity&quot;:&quot;You have no notifications&quot;,&quot;pdi_index_popup_wpm_bullet_1&quot;:&quot;The other offer has to be for the same property and accommodation type.&quot;,&quot;m_ski_overlay_snow_reliable&quot;:&quot;Snow details&quot;,&quot;geo_beach_food_and_drink&quot;:&quot;On-Site Food &amp; Drink&quot;,&quot;paycom_billing_address_state_or_province&quot;:&quot;State/Province&quot;,&quot;language_exception_x_now_sold_out_compliant_1&quot;:&quot;The property you recently viewed is now unavailable on our site&quot;,&quot;notifications_percent_reserved_cta&quot;:&quot;Continue your search&quot;,&quot;rates_rocket_gating_popup_error&quot;:&quot;Enter a valid code.&quot;,&quot;bh_gwe_sr_card_entire_unit_studio&quot;:&quot;{num} entire studios&quot;,&quot;ski_dc_elevation_range&quot;:&quot;{lowest_elevation}–{highest_elevation} elevation&quot;,&quot;content&quot;:&quot;Content&quot;,&quot;m_ski_overlay_ski_trails&quot;:&quot;Ski trails&quot;,&quot;vm_earn_voucher_desc_1_bold_badge_tooltip_pd&quot;:&quot;You&#039;ll earn a {start_bold}{amount_with_currency_post} voucher{end_bold}. It&#039;ll be added to your Wallet 14 days after your stay and will expire in {num_months} months.&quot;,&quot;loc_sr_filter_budget_applied_filter_to&quot;:&quot;To {to_value}&quot;,&quot;language_exception_iq_sbox_accommodation_num_guests_1&quot;:&quot;{num_guests} guest&quot;,&quot;ski_dis_see_more__web&quot;:&quot;See more&quot;,&quot;language_exception_genius_get_a_discount_select_rooms_1&quot;:&quot;Up to {num_percent}% discount&quot;,&quot;a11y_travheader_view_notifications_count&quot;:&quot;You have {num_notifications} unread notifications&quot;,&quot;convert_incentives_index_card_copy_cta&quot;:&quot;Copy&quot;,&quot;sr_sbox_flex_dates_two_months_footer&quot;:&quot;{month_name_1}, {month_name_2}&quot;,&quot;checkout_form_enter_cvc_code&quot;:&quot;Enter your 3 or 4-digit security code&quot;,&quot;iq_sbox_flights_depart_date&quot;:&quot;Depart&quot;,&quot;app_marketing_www_landing_anti_fraud_voice_ac1&quot;:&quot;Press and hold to send link to your phone.&quot;,&quot;gex_w_sr_meta_landing_sign_in_card_toast&quot;:&quot;Discounts applied to all Genius properties&quot;,&quot;language_exception_d_dmw_wl_calendar_occupancy_rooms_1&quot;:&quot;{num_rooms} room&quot;,&quot;m_ski_overlay_lift_tickets_body_copy&quot;:&quot;Lift tickets&quot;,&quot;hp_go_to_book_button_ja&quot;:&quot;Go to book&quot;,&quot;language_exception_ss_sxp_index_sbox_calendar_num_night_stay_1&quot;:&quot;({num_nights}-night stay)&quot;,&quot;sr_calendar_approx_prices_info_multi_day_stay&quot;:&quot;Approximate price per night in {currency} for a stay starting on {date}&quot;,&quot;raf_friend_lightbox_subtitle_noname&quot;:&quot;(And don&#039;t forget to thank your friend!)&quot;,&quot;num_reviews_sr_page&quot;:&quot;{num_reviews} reviews&quot;,&quot;ar_islamic_calendar_rajab&quot;:&quot;Rajab&quot;,&quot;price_watch_sorry_1&quot;:&quot;You can only watch up to {max_number_properties} prices.&quot;,&quot;beach_explore_panel_ave_cost&quot;:&quot;Average cost per night&quot;,&quot;search_xp_sb_manual_tooltip_month&quot;:&quot;Month of stay&quot;,&quot;language_exception_lists_distance_metric_1_1&quot;:&quot;1 mile from the centre of {ufi}&quot;,&quot;maps_none_available_remove_all_filters&quot;:&quot;Remove all filters&quot;,&quot;beach_sr_header_see_beaches&quot;:&quot;See all beaches&quot;,&quot;language_exception_beach_sr_distance_from_beach_ft_1&quot;:&quot;{distance} ft from beach&quot;,&quot;maps_none_available_change_filters&quot;:&quot;Change your filters&quot;,&quot;extl_reviews_no_bcom_sr_reviews_tooltip_cta&quot;:&quot;Learn more about external reviews&quot;,&quot;iq_sbox_error_cars_arrival_after_departure&quot;:&quot;Select a drop-off date that comes after your pick-up date.&quot;,&quot;price_display_credit_source_genius_vip_all&quot;:&quot;You&#039;re getting Credits because you&#039;re a Genius VIP.&quot;,&quot;paycom_billing_address_house_number_or_name&quot;:&quot;Apartment/Unit number&quot;,&quot;raf_friendlanding_index_lightbox_step3_description_cc&quot;:&quot;Get your reward on your credit card.&quot;,&quot;ski_weather_type_snow_sleet&quot;:&quot;Sleet&quot;,&quot;language_exception_vm_earn_voucher_desc_1_bold_badge_tooltip_pd_1&quot;:&quot;You&#039;ll earn a {start_bold}{amount_with_currency_post} voucher{end_bold}. It&#039;ll be added to your Wallet 14 days after your stay and will expire in {num_months} month.&quot;,&quot;app_marketing_www_landing_anti_fraud_cta&quot;:&quot;Press &amp; hold to send link&quot;,&quot;bh_gwe_sr_privacy_no_descriptor_bed_in_dorm&quot;:&quot;{num} beds in dorms&quot;,&quot;d_dmw_wl_calendar_occupancy_rooms&quot;:&quot;{num_rooms} rooms&quot;,&quot;lists_email_invalid_last_name_error&quot;:&quot;Please enter a last name&quot;,&quot;ski_dc_trail_intermediate&quot;:&quot;Intermediate&quot;,&quot;comp_num_reviews_sr_page&quot;:&quot;{num_reviews} reviews&quot;,&quot;pb_google_place_florist&quot;:&quot;Florist&quot;,&quot;pb_google_place_zoo&quot;:&quot;Zoo&quot;,&quot;maps_none_available_no_props_avail_here&quot;:&quot;Sorry, there aren&#039;t any properties available here&quot;,&quot;wl_lists_max_tooltip&quot;:&quot;You reached the max number of lists&quot;,&quot;maps_google_distances_hours&quot;:&quot;{num_hours} hours&quot;,&quot;language_exception_a11y_travheader_view_notifications_count_1&quot;:&quot;You have {num_notifications} unread notification&quot;,&quot;rewards_firstuse_taxi_emailflow_error_used_header&quot;:&quot;Sorry, this voucher has already been used&quot;,&quot;language_exception_bh_gwe_sr_card_entire_unit_chalet_1&quot;:&quot;Entire chalet&quot;,&quot;bb_sr_theme_activities&quot;:&quot;Activities &quot;,&quot;bh_gwe_sr_privacy_entire_studio&quot;:&quot;{num} entire studios&quot;,&quot;all_deals_1&quot;:&quot;Great value&quot;,&quot;raf_flex_post_signin_modal_subtext_fixed_wallet&quot;:&quot;Find a place to stay and get {value_friend} back in travel credit.&quot;,&quot;raf_friend_lightbox_step_3_description&quot;:&quot;Claim your cash reward.&quot;,&quot;beach_hp_explore_nearby_panel_header&quot;:&quot;Around {property_name}&quot;,&quot;bh_prd_sr_card_weeks_above_price&quot;:&quot;{num_weeks} weeks&quot;,&quot;www_surveygizmo_intro_no&quot;:&quot;Not now&quot;,&quot;genius_frube_tooltip_benefits&quot;:&quot;Your Genius Perks:&quot;,&quot;lists_wishlist_save_note&quot;:&quot;Save&quot;,&quot;pb_google_place_grocery_or_supermarket&quot;:&quot;Supermarket/grocery store&quot;,&quot;beach_sr_distance_beachfront&quot;:&quot;Beachfront&quot;,&quot;language_exception_bhgwe_sr_show_bh_bathroom_num_0&quot;:&quot;{num_bathrooms} bathrooms&quot;,&quot;list_dropdown_email_last_name_example&quot;:&quot;Smith&quot;,&quot;rates_rocket_gating_popup_technical_error&quot;:&quot;Something went wrong – try again later.&quot;,&quot;iq_sbox_flights_date_of_return&quot;:&quot;Date of return&quot;,&quot;msg_cta_lets_get_started&quot;:&quot;Let&#039;s get started&quot;,&quot;hotel&quot;:&quot;Hotel&quot;,&quot;pd_cp_credit_after_stay_block_header&quot;:&quot;You’ll earn {start_bold}{amount_with_currency_post} Credits{end_bold}&quot;,&quot;my_list_date_button_v2&quot;:&quot;Apply dates to see availability&quot;,&quot;language_exception_a11y_hp_bookmarks_button_saved_1&quot;:&quot;This property is saved to {num_lists} of your lists&quot;,&quot;vm_earn_voucher_badge_tooltip_pd&quot;:&quot;Earn a voucher&quot;,&quot;raf_deals_easter19_subheader_wallet&quot;:&quot;With Easter Deals savings of at least 20%, now is the time book!&quot;,&quot;acc_cal_week_number&quot;:&quot;Week {week_number}&quot;,&quot;list_wishlist_send_to_friends&quot;:&quot;Share the list&quot;,&quot;rates_rocket_hp_tooltip&quot;:&quot;Our accommodation partner {rocket_brand_name} provides exclusive deals on select properties.&quot;,&quot;deals_price_watch9&quot;:&quot;Stop watching&quot;,&quot;pdi_index_wpm_popup_desc&quot;:&quot;{startBold}You can claim a refund for the difference if you find your reservation cheaper on another website.{endBold} &quot;,&quot;m_ski_overlay_lift_tickets_header&quot;:&quot;Lift tickets&quot;,&quot;language_exception_msg_lc_alt_messaging_platform_1&quot;:&quot;Check your new message&quot;,&quot;iq_sbox_flights_one_way&quot;:&quot;One-way&quot;,&quot;iq_sbox_error_flights_departure_date_too_far_future&quot;:&quot;Your departure date was too far in the future – try again.&quot;,&quot;a11y_hp_bookmarks_add_to&quot;:&quot;Add property to your lists&quot;,&quot;ge_deepen_free_breakfast_benefits_tooltip&quot;:&quot;Free breakfast&quot;,&quot;language_exception_sr_sbox_flex_dates_days_months_footer_0&quot;:&quot;{days} in {month_names}&quot;,&quot;desktop_maps_zoom_to_city_tip&quot;:&quot;Zoom to view {cityName}&quot;,&quot;bb_business_or_leasure_tooltip_lt&quot;:&quot;Mark this booking as a leisure trip&quot;,&quot;bh_gwe_sr_privacy_shared_bathroom_room&quot;:&quot;{num} rooms with shared bathrooms&quot;,&quot;sr_sbox_flex_dates_checkin_checkout_preferred_dates&quot;:&quot;Preferred dates&quot;,&quot;language_exception_ski_multi_resort_dc_see_properties_1&quot;:&quot;See property nearby&quot;,&quot;pdi_index_popup_wpm_bullet_4&quot;:&quot;If the other offer is on a website that doesn’t reveal the property or accommodation type you’ll be staying in until after booking.&quot;,&quot;acc_index_choose_checkout_date_arrowkeys&quot;:&quot;Select your check-out date using the arrow keys&quot;,&quot;raf_instant_discount_flex_modal_step3_paylater_fixed&quot;:&quot;Pay at the property and get {value_friend} back after your trip.&quot;,&quot;language_exception_sbox_dates_num_nights_1_1&quot;:&quot;1-night stay&quot;,&quot;ski_sr_more_options_sat2sat_subheader&quot;:&quot;Many ski properties become available during the weekend&quot;,&quot;rewards_firstuse_taxi_emailflow_error_used_body&quot;:&quot;Keep an eye on your inbox for future rewards and deals&quot;,&quot;sbox_adults&quot;:&quot;Adults&quot;,&quot;iq_sbox_accommodation_num_guests&quot;:&quot;{num_guests} guests&quot;,&quot;sr_sbox_flex_dates_days_months_footer&quot;:&quot;{days} in {month_names}&quot;,&quot;checkout_form_pay_method&quot;:&quot;{/payment_method/[method]/name} Payment&quot;,&quot;star_rating_4_half&quot;:&quot;4.5 star hotel&quot;,&quot;beach_sr_left_side_module_header&quot;:&quot;Find your perfect beach&quot;,&quot;trip_types_distance_property&quot;:&quot;{distance_localized} from property&quot;,&quot;deals_price_watch_2&quot;:&quot;You&#039;re subscribed to price watch emails for this property, so you get the best deal out there.&quot;,&quot;bh_gwe_sr_privacy_entire_apartment&quot;:&quot;{num} entire apartments&quot;,&quot;pdi_index_popup_wpm_checklist_contact_2&quot;:&quot;You&#039;ll have to give us the link to the other offer and it needs to be online and available when we check. &quot;,&quot;m_wl_removed_from&quot;:&quot;Removed from {list_name}&quot;,&quot;sr_sbox_flex_dates_custom_selection_nights&quot;:&quot;{num_nights} nights&quot;,&quot;language_exception_deals_landing_blackfriday2022_hero_countdown_days_1&quot;:&quot;Offer ends in {num_days} day&quot;,&quot;sr_search_card_includes_taxes_charges&quot;:&quot;Includes taxes and fees&quot;,&quot;d_dmw_wl_num_properties_saved&quot;:&quot;{num_properties_saved} properties saved&quot;,&quot;raf_instant_discount_flex_modal_subtext_name&quot;:&quot;(and don&#039;t forget to thank {advocate_name}!)&quot;,&quot;prd_sr_card_children_above_price&quot;:&quot;{n_of_children} children&quot;,&quot;convert_incentives_landing_modal_tcs_cta&quot;:&quot;Terms and conditions&quot;,&quot;auth_2fa_recovery_flow_code_sent_explanation&quot;:&quot;When you added Two Factor Authentication to your account, we asked you to provide us with a recovery email address in case you didn&#039;t have your phone on hand.&quot;,&quot;ski_weather_type_snow_showers&quot;:&quot;Snow showers&quot;,&quot;raf_friend_lightbox_subtitle&quot;:&quot;(And don&#039;t forget to thank {friend_name}!)&quot;,&quot;checkout_form_incorrect_name_type&quot;:&quot;Enter your name as it appears on your card&quot;,&quot;language_exception_sr_star_property_1&quot;:&quot;1 star&quot;,&quot;checkout_form_cvc_tooltip_4_digit&quot;:&quot;Your 4-digit security code is printed above the card number&quot;,&quot;geo_beach_swimming&quot;:&quot;Swimming Allowed &quot;,&quot;raf_instant_discount_flex_modal_step2&quot;:&quot;Find a place to stay&quot;,&quot;language_exception_lists_room_type_lightbox_room_1&quot;:&quot;1 more room type&quot;,&quot;pb_google_place_bakery&quot;:&quot;Bakery&quot;,&quot;language_exception_gsb_hp_book_now_cta_villa_1&quot;:&quot;{num} villa for {group_recommendation_price}&quot;,&quot;checkout_form_payment_method&quot;:&quot;Payment Methods&quot;,&quot;loc_character_comma&quot;:&quot;, {zwsp}&quot;,&quot;iq_sbox_flights_date_of_departure&quot;:&quot;Date of departure&quot;,&quot;pb_google_place_aquarium&quot;:&quot;Aquarium&quot;,&quot;review_adj_exceptional&quot;:&quot;Exceptional&quot;,&quot;ski_weather_type_rain_shower&quot;:&quot;Rain shower&quot;,&quot;language_exception_bhee_sr_extend_stay_banner_head_1&quot;:&quot;Discover up to {num} extra property in {city_name} by adding 1 night to your stay&quot;,&quot;checkout_form_3_digit_cvc&quot;:&quot;Enter the 3-digit security code located on the back of your card&quot;,&quot;pb_google_place_subway_station&quot;:&quot;Subway/metro station&quot;,&quot;recently_viewed_list_v2&quot;:&quot;Don&#039;t lose track of your favorite property.&quot;,&quot;ls_error_max_los_exceeded_p2&quot;:&quot;Bookings can only be made for a maximum of {max_num_nights} nights – enter alternative dates and try again.&quot;,&quot;wishlist_delete_prompt&quot;:&quot;Are you sure? This can&#039;t be undone.&quot;,&quot;review_adj_good&quot;:&quot;Good&quot;,&quot;language_exception_list_percent_off_value_1&quot;:&quot;-1%&quot;,&quot;m_ski_overlay_distance_airport&quot;:&quot;{distance_km_formatted} away&quot;,&quot;raf_friendlanding_index_lightbox_headline_percent_cc&quot;:&quot;Get {value_percent_friend}% Back in Cash Rewards&quot;,&quot;bh_gwe_sr_privacy_entire_holiday_home&quot;:&quot;{num} entire vacation homes&quot;,&quot;sr_search_card_plus_taxes_and_charges_amount_v2&quot;:&quot;+{sum_taxes_charges} taxes and charges&quot;,&quot;bh_gwe_sr_privacy_private_room&quot;:&quot;{num} private rooms&quot;,&quot;beach_sr_distance_to_beach&quot;:&quot;{distance_to_beach} from beach&quot;,&quot;tpi_sr_banner_filter_tooltip&quot;:&quot;Cheaper, but with limited availability and more restrictions because they&#039;re provided by wholesale partners.&quot;,&quot;maps_hp_sr_reviews_after&quot;:&quot;Based on {start_bold}{num_reviews}{end_bold} real guest reviews&quot;,&quot;iq_sbox_cars_month_of_departure&quot;:&quot;Month of pick-up&quot;,&quot;search_box_cal_checkin_date&quot;:&quot;Check-in Date&quot;,&quot;ar_islamic_calendar_two_years&quot;:&quot;{first_hijri_month} {first_year}/{second_hijri_month} {second_year}&quot;,&quot;iq_sbox_error_flights_departure_date_invalid&quot;:&quot;Your departure date is invalid.&quot;,&quot;list_dropdown_email_example&quot;:&quot;name@example.com; name@example.com&quot;,&quot;sal_verify_phone_popup_enter_ineligible&quot;:&quot;Enter a {provider} number to participate in the promotion.&quot;,&quot;sal_verify_phone_popup_code_expired_code&quot;:&quot;This code is expired. Click \&quot;Resend code\&quot; to try again.&quot;,&quot;fe_cc_transport_info_general&quot;:&quot;Transportation Information&quot;,&quot;x_now_sold_out_compliant_sold_out&quot;:&quot;{num_sold_out} properties you recently viewed are now sold out on our site&quot;,&quot;loc_m_social_connect_naver_sign_up&quot;:&quot;Sign up with Naver&quot;,&quot;m_ski_overlay_half_pipe&quot;:&quot;Half pipe&quot;,&quot;hotel_header_new_num_reviews&quot;:&quot;{num_reviews} reviews&quot;,&quot;a11y_cta_close&quot;:&quot;Close&quot;,&quot;language_exception_bh_gwe_sr_privacy_private_studio_1&quot;:&quot;Private studio&quot;,&quot;bh_gwe_sr_privacy_entire_bungalow&quot;:&quot;{num} entire bungalows&quot;,&quot;vm_earn_rewards_badge_name_pd&quot;:&quot;Earn {amount_with_currency} in rewards&quot;,&quot;a11y_hp_bookmarks_button_hover&quot;:&quot;Your lists&quot;,&quot;maps_sold_out_copy_with_dates_correct&quot;:&quot;{start_syle}{Sold_out}{end_style} ({short_month_name} {start_day_of_month}-{end_day_of_month})&quot;,&quot;close&quot;:&quot;Close&quot;,&quot;sr_dates_cta_choose_room&quot;:&quot;Select your room&quot;,&quot;maps_explore_sidebar_top_things_to_do_header&quot;:&quot;Top Things to Do&quot;,&quot;geo_beach_water_quality_great&quot;:&quot;Great Water Quality&quot;,&quot;loc_m_social_connect_naver_sign_in&quot;:&quot;Sign in with Naver&quot;,&quot;a11y_announce_sorting_complete&quot;:&quot;Results sorted by {sort_option_name}.&quot;,&quot;language_exception_destination_finder_num_endorsements_1&quot;:&quot;{num_endorsement_count} recommendation&quot;,&quot;generalised_num_properties&quot;:&quot;{num_hotels} properties&quot;,&quot;raf_desktop_friend_modal_how_it_works_header&quot;:&quot;How It Works&quot;,&quot;language_exception_sxp_index_sbox_horizontal_adults_1&quot;:&quot;{num_adults} adult&quot;,&quot;nights&quot;:&quot;nights&quot;,&quot;language_exception_deals_landing_blackfriday2022_hero_countdown_timer_1&quot;:&quot;Offer ends in {countdown}&quot;,&quot;do_you_want_to_save_cta&quot;:&quot;Save this property to this list&quot;,&quot;iq_sbox_flights_departure&quot;:&quot;Departure date&quot;,&quot;map_distance_from_property&quot;:&quot;{distance_localised} from property&quot;,&quot;m_wl_saved_to&quot;:&quot;Saved to {list_name}&quot;,&quot;bb_sr_theme_countryside&quot;:&quot;Countryside&quot;,&quot;language_exception_bh_gwe_sr_privacy_private_suite_1&quot;:&quot;Private suite&quot;,&quot;language_exception_bh_gwe_sr_privacy_entire_villa_1&quot;:&quot;Entire villa&quot;,&quot;book_button_now&quot;:&quot;Book now&quot;,&quot;account_sign_in_one_tap_verifying_body&quot;:&quot;Signing in to {b_companyname}&quot;,&quot;ppd_survey_oct18_price_clarity_progress&quot;:&quot;Progress&quot;,&quot;gex_google_popup_email&quot;:&quot;Sign in to unlock deals and discounts!&quot;,&quot;a11y_pd_rt_price_original&quot;:&quot;Original price&quot;,&quot;language_exception_beach_sr_distance_from_beach_m_1&quot;:&quot;{distance} m from beach&quot;,&quot;loc_social_connect_google_sign_in&quot;:&quot;Sign in with Google&quot;,&quot;pb_google_place_restaurant&quot;:&quot;Restaurant&quot;,&quot;language_exception_a11y_gallery_image_screenreader_total_in_gallery_0&quot;:&quot;No images in this gallery&quot;,&quot;dsf_rename_list_dialogue_zhtw&quot;:&quot;Enter a new name for this list&quot;,&quot;ar_islamic_calendar_warning_message&quot;:&quot;Please note : Only the Gregorian date will be submitted in the reservation.&quot;,&quot;paycom_billing_address_save_card_and_address&quot;:&quot;Save card and billing address for faster future payments&quot;,&quot;pb_google_place_shoe_store&quot;:&quot;Shoe store&quot;,&quot;language_exception_pob_sr_map_days_until_your_stay_1&quot;:&quot;{num_days} day until your stay&quot;,&quot;checkout_form_booking_process_yy&quot;:&quot;YY&quot;,&quot;raf_desktop_friend_modal_header&quot;:&quot;Hi there! Welcome to {b_companyname}&quot;,&quot;tt_beach_review_language&quot;:&quot;{num} reviews in your language&quot;,&quot;raf_friend_lightbox_step_2&quot;:&quot;Step 2&quot;,&quot;iq_sbox_error_dates&quot;:&quot;Please enter a date in the future.&quot;,&quot;bh_gwe_sr_card_entire_unit_suite&quot;:&quot;{num} entire suites&quot;,&quot;auth_next_step_error_empty_verification_code&quot;:&quot;Enter a verification code&quot;,&quot;language_exception_bh_ss_sxp_index_sbox_calendar_num_week_stay_1&quot;:&quot;({num_weeks}-week stay)&quot;,&quot;m_ski_overlay_children&quot;:&quot;Children&quot;,&quot;prd_sr_card_adults_above_price&quot;:&quot;{n_of_adults} adults&quot;,&quot;checkin_date&quot;:&quot;Check-in date&quot;,&quot;pb_google_place_shopping_mall&quot;:&quot;Shopping mall&quot;,&quot;my_list_date_button_v1&quot;:&quot;Check availability and prices&quot;,&quot;search_box_cal_checout_date&quot;:&quot;Check-out Date&quot;,&quot;star_rating_1&quot;:&quot;1-star hotel&quot;,&quot;pb_google_place_library&quot;:&quot;Library&quot;,&quot;pdi_index_popup_wpm_bullet_6&quot;:&quot;If the other offer is a special promotion or deal.&quot;,&quot;ski_dc_trail_easy&quot;:&quot;Easy&quot;,&quot;language_exception_ski_extranet_ski_lifts_seats_tag_1&quot;:&quot;1 seat&quot;,&quot;raf_desktop_friend_modal_step_three_subhead&quot;:&quot;After we’ve confirmed your stay with the property, you’ll get {value_friend}!&quot;,&quot;ski_weather_type_snow_drizzle&quot;:&quot;Drizzle&quot;,&quot;loc_sr_filter_budget_applied_filter_from&quot;:&quot;From {from_value}&quot;,&quot;www_msg_welcome_value_prop&quot;:&quot;Need a parking space, late check-out or something else? Our virtual assistant can help.&quot;,&quot;raf_instant_discount_flex_modal_subtext_noname&quot;:&quot;(and don&#039;t forget to thank your friend!)&quot;,&quot;bb_sr_theme_nature&quot;:&quot;Nature&quot;,&quot;pex_flights_sb_num_travellers&quot;:&quot;{num_travel} travelers&quot;,&quot;language_exception_sr_sbox_flex_dates_custom_selection_nights_1&quot;:&quot;{num_nights} night&quot;,&quot;share_tooltip&quot;:&quot;Share&quot;,&quot;raf_flex_post_signin_modal_subtext_percent_cc&quot;:&quot;Find a place to stay and get back {value_percent_friend}% of your booking.&quot;,&quot;lms_srp_percentage&quot;:&quot;With extra last-minute discounts of up to {num_saving}% off!&quot;,&quot;lists_map_list_name_zhtw&quot;:&quot;List name&quot;,&quot;map_view_check_availability&quot;:&quot;Check availability&quot;,&quot;bb_business_or_leasure_success_notification&quot;:&quot;Your travel details have been successfully saved &quot;,&quot;ppd_survey_oct18_price_clarity_complete_cta&quot;:&quot;Complete survey&quot;,&quot;language_exception_gsb_hp_book_now_cta_room_1&quot;:&quot;{num} room for {group_recommendation_price}&quot;,&quot;ios_ace_wishlist_show_on_map&quot;:&quot;Show on map&quot;,&quot;lists_endorsement_perfect_stay&quot;:&quot;Find your perfect stay!&quot;,&quot;www_maps_areas_feature_explore_title&quot;:&quot;Explore&quot;,&quot;star_rating_3&quot;:&quot;3-star hotel&quot;,&quot;lists_sign_in_to_see_click_here&quot;:&quot;Sign in&quot;,&quot;wl_select_a_list&quot;:&quot;Select a list&quot;,&quot;ski_dc_resort_card_more_details&quot;:&quot;More details&quot;,&quot;bh_gwe_sr_privacy_shared_bathroom_room_one&quot;:&quot;{num} room with shared bathroom&quot;,&quot;map_sr_filter_loading_sub&quot;:&quot;You&#039;ll see your results on the map&quot;,&quot;loc_instalments_card_check&quot;:&quot;The card you&#039;ve selected doesn&#039;t allow instalments.&quot;,&quot;pb_google_place_movie_theater&quot;:&quot;Movie theater&quot;,&quot;iq_sbox_rentalcars_current_location&quot;:&quot;Current Location&quot;,&quot;pb_google_place_train_station&quot;:&quot;Train station&quot;,&quot;please_take_a_few_seconds&quot;:&quot;Please take a few seconds to give us your opinion in a {quick_surveyLink}quick survey{endLink}.&quot;,&quot;vm_bp_block_voucher_message_title_bold&quot;:&quot;Earn {start_bold}{amount_with_currency} voucher{end_bold}&quot;,&quot;num_hotels&quot;:&quot;{num} hotels&quot;,&quot;maps_explore_sidebar_top_things_to_do_subheader&quot;:&quot;Discover the best {city_name} has to offer.&quot;,&quot;a11y_index_autocomplete_suggested_destinations_list&quot;:&quot;List of suggested destinations &quot;,&quot;help_preferred_plus_property&quot;:{&quot;value&quot;:&quot;This property is part of our Preferred Plus Program. It&#039;s committed to providing outstanding service and excellent value. It&#039;ll pay us a higher commission if you make a booking.&quot;,&quot;experiment_hash&quot;:&quot;ZOOYDLXAdcCcdOOdDC&quot;},&quot;loc_social_connect_facebook_sign_in&quot;:&quot;Sign in with Facebook&quot;,&quot;beach_review_adj_very_poor&quot;:&quot;Very bad beach&quot;,&quot;sr_last_room_reserved&quot;:&quot;We&#039;ve reserved our last available room at this property&quot;,&quot;search_guest_type_children&quot;:&quot;Children&quot;,&quot;pdi_index_wpm_popup_checklist&quot;:&quot;We Price Match Checklist&quot;,&quot;free_capitals_cancellation&quot;:&quot;Free cancellation&quot;,&quot;lists_endorsement_perfect_stay_people_from&quot;:&quot;{ufi_name} is highly rated for {interest_point} by people {from_country_name}.&quot;,&quot;sp_gating_sms_third_party_cookies_error_message&quot;:&quot;Allow third-party cookies in your browser settings to continue.&quot;,&quot;maps_sold_out_copy_with_dates_crossover_correct&quot;:&quot;{start_style}{Sold_out}{end_style} ({start_short_month_name} {start_day_of_month} - {end_short_month_name} {end_day_of_month})&quot;,&quot;pb_google_place_food&quot;:&quot;Food&quot;,&quot;language_exception_ls_error_max_los_exceeded_p1_1&quot;:&quot;Your check-out date is more than {max_num_nights} night after your check-in date.&quot;,&quot;auth_2fa_recovery_flow_code_sent_status&quot;:&quot;We&#039;ve sent a temporary verification code that will let you access your account&quot;,&quot;last_chance&quot;:&quot;Last chance!&quot;,&quot;checkout_form_cvc_code_title&quot;:&quot;Security Code&quot;,&quot;ski_dc_total_trail_length&quot;:&quot;{trail_distance} of trails&quot;,&quot;ski_multi_resort_dc_see_properties&quot;:&quot;See properties nearby&quot;,&quot;d_dmw_wl_calendar_occupancy_adults&quot;:&quot;{num_adults} adults&quot;,&quot;list_dropdown_email_last_name&quot;:&quot;Last name&quot;,&quot;language_exception_m_bh_sr_num_living_rooms_1&quot;:&quot;{num_living_rooms} living room&quot;,&quot;ski_dc_ski_lift_header&quot;:&quot;Ski lift info&quot;,&quot;language_exception_bh_gwe_sr_privacy_hotel_room_1&quot;:&quot;Hotel room&quot;,&quot;bh_gsb_search_box_checkout_age_plural&quot;:&quot;Children&#039;s ages on {date}&quot;,&quot;maps_sr_iw_best_price_yet&quot;:&quot;Best price you&#039;ve seen so far!&quot;,&quot;a11y_link_content_change_dialog_box&quot;:&quot;Dialog box content has changed&quot;,&quot;checkout_form_booking_process_mm&quot;:&quot;MM&quot;,&quot;iq_sbox_flights_travellers&quot;:&quot;{num_travellers} travelers&quot;,&quot;m_ski_overlay_toboggan&quot;:&quot;Toboggan&quot;,&quot;beach_sr_left_side_module_beach_properties&quot;:&quot;Show closest properties&quot;,&quot;ar_islamic_calendar_dhul_qaadah&quot;:&quot;Dhul Qa&#039;adah&quot;,&quot;m_ski_overlay_snow_park&quot;:&quot;Snow park&quot;,&quot;rates_rocket_hp_rooms_table_boost_message&quot;:&quot;Pay more to earn more&quot;,&quot;extl_reviews_no_bcom_sr_reviews_modal_header&quot;:&quot;External review score&quot;,&quot;raf_instant_discount_flex_modal_headline_fixed&quot;:&quot;Save {value_friend} on your booking&quot;,&quot;d_dmw_wl_just_added_label&quot;:&quot;Just added!&quot;,&quot;a11y_rating_score_for_screenreader&quot;:&quot;Scored {review_score_number} &quot;,&quot;list_my_lists_onbaording_box_comp&quot;:&quot;Compare&quot;,&quot;bh_gwe_sr_privacy_entire_chalet&quot;:{&quot;value&quot;:&quot;{num} entire cabins&quot;,&quot;experiment_hash&quot;:&quot;ZOBJZGDYeUaHBXLMSPRSQcfOEbMUO&quot;},&quot;maps_google_distances_minutes&quot;:&quot;{num_minutes} minutes&quot;,&quot;rewards_firstuse_taxi_emailflow_error_user_body&quot;:&quot;Sign up for our newsletters to get rewards delivered straight to your inbox&quot;,&quot;x_now_sold_out_compliant&quot;:&quot;{num_sold_out} properties you recently viewed are now unavailable on our site&quot;,&quot;pb_google_place_liquor_store&quot;:&quot;Liquor store&quot;,&quot;genius_icon_tooltip&quot;:&quot;You&#039;re saving an extra 10% on this property because you&#039;re a Booking Genius!&quot;,&quot;list_my_lists_onbaording_box_save_msg&quot;:&quot;Save your favorite properties in a list so you can refer back to them or book – anytime.&quot;,&quot;bh_gwe_sr_privacy_shared_dorm_room_one&quot;:&quot;{num} shared dormitory room&quot;,&quot;ski_weather_type_snow_fog&quot;:&quot;Fog&quot;,&quot;a11y_hp_bookmarks_name_new&quot;:&quot;Type the name of your list and press enter to add&quot;,&quot;raf_friend_landing_save_for_later_cta&quot;:&quot;Save for later&quot;,&quot;bb_business_or_leasure_tooltip_bt&quot;:&quot;Mark this booking as a business trip&quot;,&quot;wl_cta_button_table_reserve&quot;:&quot;Reserve&quot;,&quot;raf_friend_lightbox_title&quot;:&quot;Earn a {value} Cash Reward&quot;,&quot;www_maps_areas_feature_city_centre_generic&quot;:&quot;The heart of {city_name}, home to many of the city&#039;s best attractions, restaurants, and shopping. &quot;,&quot;recently_viewed_list_name_dropdown_explanation_box_header&quot;:&quot;No more losing track!&quot;,&quot;checkout_storing_credit_card_details_11&quot;:&quot;Add this card to your account for faster booking&quot;,&quot;loc_sbox_children_age_singular&quot;:&quot;Age of child at check-out&quot;,&quot;all_deals_3&quot;:&quot;Last-minute Deal&quot;,&quot;fd_lp_header_rs&quot;:&quot;Review score&quot;,&quot;bh_gwe_sr_privacy_entire_studio_one&quot;:&quot;{num} entire studio&quot;,&quot;wl_no_availability_change_dates_cta&quot;:&quot;Change dates&quot;,&quot;rewards_firstuse_taxi_emailflow_error_used_generic&quot;:&quot;Got it&quot;,&quot;raf_friendlanding_index_lightbox_step3_description_wallet&quot;:&quot;Get your reward in Wallet credit.&quot;,&quot;review_adj_poor&quot;:&quot;Poor&quot;,&quot;pd_bp_credit_block_after_stay_p2&quot;:&quot;Use your Credits on all attractions, taxis paid in advance, and select stays on {b_companyname}.&quot;,&quot;recently_viewed_list_variableopt_1&quot;:&quot;A property has been saved in the \&quot;{name_of_list}\&quot; list&quot;,&quot;d_dmw_wl_calendar_dates_apply_cta&quot;:&quot;Apply&quot;,&quot;raf_friend_landing_shut_down_modal_body&quot;:&quot;Our referral program is closed. You can go ahead and make a booking, but you won’t be eligible for a referral reward.&quot;,&quot;d_dmw_wl_taxes_and_charges_may_vary&quot;:&quot;taxes and charges may vary&quot;,&quot;paycom_validate_tpv_billing_address_house_number_or_name&quot;:&quot;Enter a valid apartment/unit number&quot;,&quot;a11y_hp_bookmarks_button_saved&quot;:&quot;This property is saved to {num_lists} of your lists&quot;,&quot;anonymous&quot;:&quot;Anonymous&quot;,&quot;m_ski_overlay_ski_terrain&quot;:&quot;Ski terrain&quot;,&quot;language_exception_maps_hp_sr_reviews_after_1&quot;:&quot;Based on {start_bold}{num_reviews}{end_bold} real guest review&quot;,&quot;m_ge_deepen_hp_benefits&quot;:&quot;Free breakfast&quot;,&quot;no&quot;:&quot;No&quot;,&quot;welcome_to_your_lists_save_them&quot;:&quot;Save your favorite properties on this computer.&quot;},&quot;flight_class&quot;:{&quot;5&quot;:{&quot;name_with_class&quot;:&quot;Any class&quot;},&quot;4&quot;:{&quot;name&quot;:&quot;First class&quot;},&quot;3&quot;:{&quot;name&quot;:&quot;Business&quot;},&quot;2&quot;:{&quot;name&quot;:&quot;Premium economy&quot;},&quot;1&quot;:{&quot;name&quot;:&quot;Economy&quot;}},&quot;country&quot;:{&quot;xa&quot;:{&quot;name&quot;:&quot;Abkhazia&quot;},&quot;ge&quot;:{&quot;name&quot;:&quot;Georgia&quot;}},&quot;Ski_lifts_types&quot;:{&quot;9&quot;:{&quot;name&quot;:&quot;Funicular lift&quot;},&quot;3&quot;:{&quot;name&quot;:&quot;Hybrid lift&quot;},&quot;6&quot;:{&quot;name&quot;:&quot;J-bar lift&quot;},&quot;5&quot;:{&quot;name&quot;:&quot;T-bar lift&quot;},&quot;11&quot;:{&quot;name&quot;:&quot;Funicular lift&quot;},&quot;10&quot;:{&quot;name&quot;:&quot;Cablecar lift&quot;},&quot;2&quot;:{&quot;name&quot;:&quot;Chairlift&quot;},&quot;4&quot;:{&quot;name&quot;:&quot;Drag lift&quot;},&quot;8&quot;:{&quot;name&quot;:&quot;Magic carpet lift&quot;},&quot;7&quot;:{&quot;name&quot;:&quot;Rope tow&quot;},&quot;1&quot;:{&quot;name&quot;:&quot;Gondola lift&quot;}},&quot;error&quot;:{&quot;checkin_date_invalid&quot;:{&quot;name&quot;:&quot;Your check-in date is invalid.&quot;},&quot;checkout_date_more_than_30_days_after_checkin&quot;:{&quot;name&quot;:&quot;Your check-out date is more than 30 nights after your check-in date. Bookings can only be made for a maximum of 30 nights. Please enter different dates and try again.&quot;},&quot;checkout_date_more_than_45_days_after_checkin&quot;:{&quot;name&quot;:&quot;Your check-out date is more than 45 nights after your check-in date. Bookings can only be made for a maximum of 45 nights. Please enter different dates and try again.&quot;}}});
}(window.booking));
&lt;/script&gt;
&lt;script nonce=&quot;Y346mIyU7Ic0W43&quot;&gt;
booking.env.priceWatch = {
b_price_alert_canceled: &quot;&quot;,
b_price_alert_all_canceled: &quot;&quot;
};
&lt;/script&gt;
&lt;script nonce=&quot;Y346mIyU7Ic0W43&quot;&gt; if( window.performance &amp;&amp; performance.measure &amp;&amp; &#039;b-post-scripts&#039;) { performance.measure(&#039;b-post-scripts&#039;); } &lt;/script&gt; 
&lt;script nonce=&quot;Y346mIyU7Ic0W43&quot; src=&quot;https://cf.bstatic.com/static/js/raf_cloudfront_sd/45d8698d75530fb1caf4234ae781820e86c68a9a.js&quot; crossorigin&gt;&lt;/script&gt;
&lt;div id=&quot;__CAPLA_APP_ROOT__&quot;&gt;&lt;div data-capla-component=&quot;b-search-web-searchresults/SearchBoxDesktopHorizontal/BreadCrumbsDesktop/HeaderDesktop/LeftColumnDesktop/PropertiesListDesktop/SearchBoxDesktop/TripTypeRecommendations/SortersBar/TravellerHeader/GlobalAlerts/PropertiesListMap/MapDesktop&quot; data-capla-namespace=&quot;b-search-web-searchresultsBXEQLBaN&quot;&gt;&lt;/div&gt;&lt;/div&gt;
&lt;script data-capla-application-context=&quot;data-capla-application-context&quot; nonce=&quot;Y346mIyU7Ic0W43&quot; type=&quot;application/json&quot;&gt;{&quot;publicPath&quot;:&quot;https://cf.bstatic.com/psb/capla/&quot;,&quot;cdnOrigin&quot;:&quot;https://cf.bstatic.com&quot;,&quot;bplatformEnvironment&quot;:&quot;prod&quot;,&quot;cspNonce&quot;:&quot;Y346mIyU7Ic0W43&quot;,&quot;acceptHeader&quot;:&quot;*/*&quot;,&quot;language&quot;:&quot;en-us&quot;,&quot;basePageUrl&quot;:&quot;https://www.booking.com/searchresults.html?dest_id=261060\u0026dest_type=landmark\u0026si=ai%2Cco%2Cci%2Cre%2Cla%2Cdi&quot;,&quot;currency&quot;:&quot;USD&quot;,&quot;visitorIP&quot;:&quot;181.66.151.1&quot;,&quot;visitorCountry&quot;:&quot;us&quot;,&quot;visitorCountryRegion&quot;:&quot;lma&quot;,&quot;visitorUfi&quot;:-352647,&quot;affiliate&quot;:{&quot;id&quot;:304142,&quot;isBookingOwned&quot;:true,&quot;isCobrand&quot;:false,&quot;isBookingBranded&quot;:false,&quot;isHybrid&quot;:false,&quot;label&quot;:&quot;gen000nr-10CAQoggJCD2xhbmRtYXJrXzI2MTA2MEgzWARo7AGIAQGYATO4AQXIAQXYAQPoAQH4AQGIAgGoAgG4AtrfkKgGwAIB0gIkOWIzM2E5MTMtNDMwZC00YzZmLTg5Y2ItZmU2OWJjYjc3MDc02AIB4AIB&quot;,&quot;isGeniusAffiliate&quot;:true,&quot;partnerId&quot;:1},&quot;isInternal&quot;:false,&quot;isInternalIp&quot;:false,&quot;isInternalUser&quot;:false,&quot;pageviewId&quot;:&quot;7c9c48ada4eb027a&quot;,&quot;actionName&quot;:&quot;searchresults_irene&quot;,&quot;userAgent&quot;:{&quot;deviceType&quot;:&quot;unparsed_ua&quot;,&quot;browserName&quot;:&quot;Unparsed&quot;,&quot;uaGroupId&quot;:82,&quot;userAgent&quot;:&quot;appium/8.3.0 (selenium/4.12.1 (java windows))&quot;},&quot;sessions&quot;:[{&quot;type&quot;:&quot;frontend&quot;,&quot;id&quot;:&quot;4d6ba12c187d02b81beec9d404a74d7f&quot;}],&quot;etSerializedState&quot;:&quot;EVykwGKBrCVkvURqu81-v-LsplT1IvEryku7j90i3DfIjGmAYEYR9j35nWDJkXk7xQyLC6C1wKH6cDUr3H6g2FQ&quot;,&quot;encryptedCommonOauthState&quot;:&quot;UpQCnPCIIMj4ET9lcETuIb6LxmwAG9JPUemHeLaj4ZHsN-DTKfLaBjwFmvz4lEoxtMpFb4NB2qeDJxOOYoOhGf2DqGVKGMME_lGgj6IMwAV2boHZVP9KD0t6eyzzAUP9g2mOLef2CuSsEeGk6IgO9PL77tUyP3piD5lF-zxkWol9qRuTu6xaTOESA-GsBRD0BvZi9e2WmKMToDdEmqouNISvJekuDigGMLRsnMlW7j4JzgDIPJY8eSN9kWsoJJJnXAc2VetTXtYEW6nrRNm_qsmRbpT0nctSEEcsBeb29ASJ8_v9R9_SOHkuzyQhJV8M1WQ_1cTN74bLTspi2jUqKbt_yAM6FMoiw4UPS2paQ60wg4L421tZ&quot;,&quot;isNormalRequest&quot;:false,&quot;isRobotRequest&quot;:true,&quot;isLanding&quot;:true,&quot;siteType&quot;:&quot;WWW&quot;,&quot;siteId&quot;:1,&quot;csrfToken&quot;:&quot;eyJhbGciOiJIUzUxMiJ9.eyJpc3MiOiJjb250ZXh0LWVucmljaG1lbnQtYXBpIiwic3ViIjoiY3NyZi10b2tlbiIsImlhdCI6MTY5NDc3MzIxMCwiZXhwIjoxNjk0ODU5NjEwfQ.xn6nESSQ3_QDYhBbQwJJg8mtremjmkbnsM-Na3u80G0ntQOAsRXQMvFZhYTXy_FV4R1reGEjCqhMSSYpdLcjjQ&quot;}&lt;/script&gt;&lt;script id=&quot;__CAPLA_CHUNK_METADATA__b-search-web-searchresultsBXEQLBaN__CAPLA_APP_ROOT__&quot; type=&quot;application/json&quot;&gt;{&quot;chunks&quot;:[&quot;3adb9e25&quot;,&quot;34f2af62&quot;,&quot;fd1a5492&quot;,&quot;b71e2dc8&quot;,&quot;5ab48c7f&quot;,&quot;64feba51&quot;,&quot;66212866&quot;,&quot;d01efdaf&quot;,&quot;51308afc&quot;,&quot;3c0c92a2&quot;,&quot;861a93b6&quot;,&quot;9b319ccc&quot;,&quot;976086da&quot;,&quot;7eb49103&quot;,&quot;7e33f430&quot;,&quot;7fe37de8&quot;,&quot;5f950c3a&quot;,&quot;a922c109&quot;],&quot;experimentTags&quot;:{&quot;ODREYFbYALUZCGVTfeBHMacHSCZC&quot;:1,&quot;NAFLeOeJcCcCcCFdRaaKdGJQDZOKZEHe&quot;:0,&quot;ODREBdJBCDcFGHT&quot;:0,&quot;TZUfdKNKNKPRVfEeSPGOaYdYO&quot;:0,&quot;TZUfdKNKNKPeTcZVfTLScXQOVWe&quot;:0,&quot;TZUfCDWOODXaJPeTJLBWHZHT&quot;:0,&quot;TZUfCDWOODUeQFaJefTLKGBfC&quot;:0,&quot;INFddKNKNKHYPYYdbFDaeKe&quot;:0,&quot;VCTOWPHDDPeTFfAZCCZKXe&quot;:0,&quot;VCTOFRURURYeSZVJNWWNRRT&quot;:0,&quot;ODREBEDaWMLUTUbERVHe&quot;:1,&quot;INFddKNKNKPBDJJHMVGPLTLReASdVLT&quot;:0,&quot;bPFTMGCVFPPKNAPcHMaXDORMTfLT&quot;:0,&quot;bPFTMGCVFPPKNAPcHMaXWPHDDWe&quot;:0,&quot;TZUfIFOcIYUIKPSCPEQeLVZQLNJcCWcYUcO&quot;:1,&quot;aXTfOFJZMYeKTcABVYUfFdHMPVWCGTQJQJET&quot;:0,&quot;aXTfOFJZMYeKTcABVYUfEFfVacDNEQEDC&quot;:0,&quot;BHDTJdReLBBVYUIeTJZYGTXT&quot;:0,&quot;BHDTJdReLAUeASHLUXe&quot;:0,&quot;eWfaYPZPIEKeAEGUPdOSBXAFUTUeeae&quot;:0,&quot;eWHMYTBADDbdEcLcDNTVXVeUOHSeEeRYOTUNQQHT&quot;:0,&quot;eWHMYTBADDbddPKFTdRNYYdXGBbLPNOUJBNZDNTfLLXT&quot;:0,&quot;eWHMcCcCcCWEYcZbMQMLebPXKXXGPNSOUJBYASOWNIHHZCJNRe&quot;:0,&quot;ODRdLOLOLOCcMEfTLEPYNSGJLBWHHT&quot;:0,&quot;TZUfdKNKNKHbCZIVScZOAaNCWLcYC&quot;:0,&quot;TZUfdKNKNKHbCZIVScZOECQdHZVBEGNcXaO&quot;:1,&quot;YdXfdKNKNKPWZJdUQWTCUZZAUGO&quot;:1,&quot;YdXfCDWOODCSVZNbIUONSFbYLT&quot;:1,&quot;fBTeecNAWIHQaBAWeLFTdWe&quot;:0,&quot;NAREFBCdCNTNMbPCFO&quot;:1,&quot;ODREBEdaWNAcfDZBfFHcYBCeUC&quot;:0,&quot;ODREGPKBbLEdaWEIEYIEHe&quot;:0,&quot;VCTOFRURURYTfbacWCcYZMHBeZOEfSPMHTHT&quot;:0,&quot;VCTOWPHDDHUJFWQIOQPFdRNeFBHDTJdReRe&quot;:0,&quot;GfCDATBaXKTBBOGNVJYEVbCbZUWe&quot;:0,&quot;ODRdLOLOLOASKFZJODXQEHNPVT&quot;:0,&quot;ZOMPGfFdHMaMEAfGTJJbMFJQPYUbUKe&quot;:0,&quot;TWRGYTBOQQbHVEZYPfIZFKFeacWXT&quot;:0,&quot;HINZJLeUXSaZbCDWOOWQIAZcaOaaO&quot;:0,&quot;ODRdHUYDZHFBXVWUWCHOYO&quot;:0,&quot;ODREGHcWIADDbdEKfPBDORe&quot;:0,&quot;OLdaWELZQdKNKNKWe&quot;:0,&quot;OLdaWELZQCDWOOC&quot;:0,&quot;ODREGZEOTOCaIeJYKabWTacWXT&quot;:0,&quot;HINZJLeUXLCddLOLOLOCcAZdJAINRe&quot;:0,&quot;ODREGHXYRFKUAAZFLMUWCPbfBJEUZC&quot;:1,&quot;ODRdLOLOLOCGVTbScaCJSUWe&quot;:1,&quot;NAFLeOeJOMeXPQeNCGVfSCMeDDae&quot;:1,&quot;ODREBEPVIRPLbeTLdaRO&quot;:0,&quot;ODRdHUYRDIFIeTJHcWXT&quot;:0,&quot;NAFLeOeJAETbSbcYGfPKNCGVKe&quot;:0,&quot;NAFLeOeJOMOQZQNBAVYRUWQIXe&quot;:0,&quot;ODRdLOLOLOCcADDbdEeQSAETWRbHT&quot;:0,&quot;HBbfBAJPNPTDCHT&quot;:1,&quot;cQYIMdUTNOUbWNHYLFfAJUXWAcaYbDDUPRXe&quot;:0,&quot;cQYIMdUTNOUbWNHYLFfAJYYeFEXO&quot;:0,&quot;cQYIMdUTNOUbWNHYLFfMPSXZDDUPRXe&quot;:0,&quot;cQYIMdUTNOUbWNHYLFaUSfIFTWAJYYeFEXO&quot;:0,&quot;OLHIYTLRQJRbWdWOGVO&quot;:0,&quot;NAREFOLDaWcXIFYdXfMAWe&quot;:0,&quot;NAREFOQFLFQPVT&quot;:0,&quot;NAFLeOeJYTBOLPTdMZbGXZUBPTVfITUSEDELO&quot;:0,&quot;NAREFOLXZaTBSSLSEAHRdMDCUC&quot;:0,&quot;ODRELDbIaMEAbeEPdfPbBYQUSLUbQZaTaTaET&quot;:0,&quot;ODREBdRASSTMDUKVZFSIJaOMZFaO&quot;:0,&quot;HINZJLeUXSaZbdKNKNKHUJKDKGMLaC&quot;:0,&quot;cCHObCccQYIMdUTaJBBBMHO&quot;:0,&quot;NVFAHPEAPFBPFUZFVdJcCcCcCWPHDDWe&quot;:0,&quot;NAFLeOeJYTBNAFQBcJMaMEAKe&quot;:0,&quot;cCHObdRdJWNBJZGWKZETTeMXCEFRURURHe&quot;:0,&quot;cCHObCaZHaSdFaLbFRKPXLdLOLOLMO&quot;:0,&quot;UaDaBcCcCcCFGbJEbOMNMTbAMIKe&quot;:0,&quot;cCHObCBWaEdIPPSfDcORe&quot;:0,&quot;cCHObCccQYIMdUTaJBBBMPdKNKNKWe&quot;:0,&quot;GfHMYYBQJaYbBZeQHVODKe&quot;:0,&quot;XdKYEaEVTNeNcJZWNHRbAMSEJCLfZYPXPRQEDaORe&quot;:1,&quot;TZUfdKNKNKHeabDHaOMVFeCSLREHGC&quot;:1,&quot;ODRdLOLOLOVWBLEINYO&quot;:1,&quot;TDXbETfZHfLebbMIGDC&quot;:0,&quot;INFddKNKNKHUDENECQdHZVaAbHJGOaT&quot;:0,&quot;HINZJLeUXSaZbXKBebfDUFYQFXSBYQOWHT&quot;:0,&quot;ODRdHUYTaSKUAZJAUbcARJEBYJO&quot;:0,&quot;ODRdLOLOLOCcTeCYbWcfIMIfWZJae&quot;:0,&quot;MCIAFKKZaTaTaBOQRTDbfXYcLcJO&quot;:0,&quot;HINZJLeUXSaZbCcBUeCVZOEZTdcaNYCLC&quot;:0,&quot;INFddKNKNKPfECIAEZKebJARGWe&quot;:2,&quot;ELSXZQXbLVWXMRUMVMINPbfVMDXAWEZUZLWZHOfYO&quot;:0,&quot;NAFLeOeJcCcCcCDJZMVOZYAVaKbMXC&quot;:0,&quot;YTBOQcLPQLMHWadBJOTXNAUEJWcC&quot;:1,&quot;cCcCcCDPCDCcbNXGDJEaXTANZGCdQEKSHMRQRe&quot;:0,&quot;cCcCcCDPCDCcANdSSFeHbPPeQYccPONUSMDeWe&quot;:0,&quot;NAFLeOeJOQeUYCSJdWTNSHUdCbYHXT&quot;:0,&quot;TZUfdbYfTLBbPTPdKNKNKPKUbKbHe&quot;:0,&quot;NAREFOQeLPTVBNLTLdaWYO&quot;:0,&quot;NAREFOQeLPTVBNLTLJVFHT&quot;:0,&quot;NAREFOLTcAZdJAINRe&quot;:0,&quot;NAFLeOeJcCcCcCWNKTbLJBMLaWPBHT&quot;:0,&quot;VDGbSdadOeFKefPPDGYUC&quot;:0,&quot;HINZJLeUXSaZbCcEXO&quot;:0,&quot;HINZJLeUXSaZbCcBUEXO&quot;:0,&quot;HINZJLeUXSaZbONdPGNbSGOLHXT&quot;:0,&quot;cCHObEJcQYIMdUcHCXFZRJNGPbBfC&quot;:0,&quot;HINZJLeUXSaZbdKNKNKHUFXSBYQOWcfINKe&quot;:0,&quot;NAFLeOeJcQEcVOdWNeYZdfdbJae&quot;:0,&quot;NAFLeOeJcLdYZGQDaRNFOSeDdKNKNKWe&quot;:0,&quot;aXbSbcOLHbVDPYSbFRURURHe&quot;:0,&quot;aXbSbcOLHbVDPYSbWPHDDWe&quot;:0,&quot;aXbSbcOLPIbbWEYGbENZZJRLdLOLOLMO&quot;:0,&quot;ODRdLOLOLOBYfXKBNTaSdFaLbFFKEeHO&quot;:0,&quot;YTTHbXeeVLDKZeVAZNdAYbQIdReLJWcC&quot;:0,&quot;aWHMVKbTBPAAXTbdBcANKBYfBQWXXdVLYGGIHYYfPHe&quot;:1,&quot;aWHMVKbTBPAAXTbdBcANKBYfBQWXXdVLYGGIZaTaTaET&quot;:1,&quot;YTTHbXeeVJWcWPaDMWOMHTccTBLWCAWdPZKe&quot;:0,&quot;YTTHbXeeVJWcWPaDMWOMHTcYeIHcUJPUFO&quot;:0,&quot;aWHMVKbTBPAAXTbdBcANKBYfBQJeLBBVYYT&quot;:0,&quot;YTTHbXeeVeCFZAcbRbROfLMVYAFWe&quot;:2,&quot;NAREFacBLfZNKe&quot;:0,&quot;NAREFacTTNAIBeaT&quot;:0,&quot;TWULHJEfHUNQbHVEZNPIcCSZCIBeaT&quot;:0,&quot;cCHObdKDLBDbMAZdJAINLTaYYfPHe&quot;:0,&quot;cCHObdKDLBDbMAZdJAINLTbaTaTaET&quot;:0,&quot;GfHMYYBLDEZREBASdecYICPRe&quot;:0,&quot;GfHMYYBLbOMFcHYbBZeQHVODKe&quot;:0,&quot;HZUaQWNCeAYNSRKALRe&quot;:0,&quot;YdXfdKNKNKHUFKYOeeTLO&quot;:0,&quot;HOReeYGMMWRTCJZeEGDJNQQdOBfHbCRVSdPYSbC&quot;:0,&quot;HOReeYGMMWRTCJZeEECAUNZJCDSQdOBfHbCRVSdPYSbC&quot;:0},&quot;featureNames&quot;:{&quot;cZbRAPPeEfWe&quot;:true,&quot;PcVJKDKGYYeFORe&quot;:false,&quot;cQYIMdUTNOUaYLFbWNHUWORTeCISUZIYBAae&quot;:true,&quot;cQYIMdUTNOUaYLFbWNHUJKDKGHSCWGO&quot;:true,&quot;cQYIMdUTNOUaYLFbIJfRfQCBOFO&quot;:true,&quot;ODREXTUSGbBMIVIQHNAAREaQXMDMWUC&quot;:false,&quot;cQYIMdUTNOUbWNZHbXNLBGbVJWcFAVDXDGMYTET&quot;:true,&quot;IeZXXDNFVFKOUYLLFJYbCceMNPVbPSUabSccETKe&quot;:false,&quot;EBDIbIbXDeBGGTcZJFfHbeMPET&quot;:true,&quot;IePFbJMFVFKOUYLLHNOVRe&quot;:true,&quot;HZUfDHCOLZVfDaFBdcEUWQIOQWBOILT&quot;:true,&quot;HZUaYYfPYWMdIPPSfDcMLaUFAHYGWe&quot;:true},&quot;copyTags&quot;:{&quot;lp_hp_no_dates_selected_error&quot;:&quot;Enter your dates to check availability.&quot;,&quot;sbox_error_num_night_res&quot;:{&quot;type&quot;:&quot;plural&quot;,&quot;plural&quot;:{&quot;one&quot;:&quot;Sorry, reservations for more than {num} night aren&#039;t possible.&quot;,&quot;other&quot;:&quot;Sorry, reservations for more than {num} nights aren&#039;t possible.&quot;}},&quot;sr_calendar_min_night_stay_footer&quot;:{&quot;type&quot;:&quot;plural&quot;,&quot;plural&quot;:{&quot;one&quot;:&quot;There&#039;s a minimum length of stay of {num_nights} night from your check-in date&quot;,&quot;other&quot;:&quot;There&#039;s a minimum length of stay of {num_nights} nights from your check-in date&quot;}},&quot;m_search_close&quot;:&quot;Close&quot;,&quot;m_sxp_sbox_overlay_generic_cta&quot;:&quot;Done&quot;,&quot;sr_sbox_select_dates_cta&quot;:&quot;Select dates&quot;,&quot;bh_sbox_general_dates_num_weeks&quot;:{&quot;type&quot;:&quot;plural&quot;,&quot;plural&quot;:{&quot;one&quot;:&quot;{num_weeks}-week stay&quot;,&quot;other&quot;:&quot;{num_weeks}-week stay&quot;}},&quot;sbox_general_dates_num_nights_1&quot;:{&quot;type&quot;:&quot;plural&quot;,&quot;plural&quot;:{&quot;one&quot;:&quot;{num_nights}-night stay&quot;,&quot;other&quot;:&quot;{num_nights}-night stay&quot;}},&quot;search_box_cal_checkin_date&quot;:&quot;Check-in Date&quot;,&quot;search_box_cal_checout_date&quot;:&quot;Check-out Date&quot;,&quot;num_days&quot;:{&quot;type&quot;:&quot;plural&quot;,&quot;plural&quot;:{&quot;one&quot;:&quot;{num} day&quot;,&quot;other&quot;:&quot;{num} days&quot;}},&quot;sr_flex_dates_exact_dates&quot;:&quot;Exact dates&quot;,&quot;sr_sbox_flex_dates_tab_calendar&quot;:&quot;Calendar&quot;,&quot;sr_sbox_flex_dates_tab_im_flexible&quot;:&quot;I&#039;m flexible&quot;,&quot;sr_sbox_flex_dates_select_dates_cta&quot;:&quot;Select dates&quot;,&quot;sr_sbox_flex_dates_choose_days_head&quot;:&quot;How long do you want to stay?&quot;,&quot;sr_sbox_flex_dates_custom_selection_no_num_nights&quot;:{&quot;type&quot;:&quot;plural&quot;,&quot;plural&quot;:{&quot;one&quot;:&quot;night&quot;,&quot;other&quot;:&quot;nights&quot;}},&quot;sr_sbox_flex_dates_choose_months_head&quot;:&quot;When do you want to go?&quot;,&quot;sr_sbox_flex_dates_select_months_error_2&quot;:&quot;Select up to 3 months&quot;,&quot;sr_sbox_flex_dates_choose_days_footer&quot;:&quot;Select preferred days&quot;,&quot;sr_sbox_flex_dates_choose_days_months_footer&quot;:&quot;Select days and months&quot;,&quot;sr_sbox_flex_dates_choose_months_footer&quot;:&quot;Select preferred months&quot;,&quot;sr_sbox_flex_dates_custom_selection_nights&quot;:{&quot;type&quot;:&quot;plural&quot;,&quot;plural&quot;:{&quot;one&quot;:&quot;{num_nights} night&quot;,&quot;other&quot;:&quot;{num_nights} nights&quot;}},&quot;sr_sbox_flex_dates_days_months_footer&quot;:{&quot;type&quot;:&quot;plural&quot;,&quot;plural&quot;:{&quot;one&quot;:&quot;{days} in {month_names}&quot;,&quot;other&quot;:&quot;{days} in {month_names}&quot;}},&quot;sr_sbox_flex_dates_three_months_footer&quot;:&quot;{month_name_1}, {month_name_2}, {month_name_3}&quot;,&quot;sr_sbox_flex_dates_two_months_footer&quot;:&quot;{month_name_1}, {month_name_2}&quot;,&quot;search_box_guest_num_popup_done&quot;:&quot;Done&quot;,&quot;fame_search_age_explain&quot;:{&quot;type&quot;:&quot;plural&quot;,&quot;plural&quot;:{&quot;one&quot;:&quot;To find you a place to stay that fits your entire group along with correct prices, we need to know how old your child will be at check-out&quot;,&quot;other&quot;:&quot;To find a place to stay that fits your entire group along with correct prices, we need to know how old your children will be at check-out&quot;}},&quot;fame_w_mandatory_ages_explain&quot;:&quot;Correct ages help us show the best options and prices for your family&quot;,&quot;fame_w_mandatory_ages_head&quot;:&quot;Age of children at check-out&quot;,&quot;fame_w_mandatory_ages_head_required&quot;:&quot;(required)&quot;,&quot;fame_w_mandatory_ages_no_head_explain&quot;:&quot;Add correct ages so we can show the best options and prices for your family&quot;,&quot;fame_search_age_needed&quot;:&quot;Age needed&quot;,&quot;sxp_index_sbox_num_years_old&quot;:{&quot;type&quot;:&quot;plural&quot;,&quot;plural&quot;:{&quot;one&quot;:&quot;{num_years} year old&quot;,&quot;other&quot;:&quot;{num_years} years old&quot;}},&quot;iq_sbox_accommodation_num_rooms&quot;:{&quot;type&quot;:&quot;plural&quot;,&quot;plural&quot;:{&quot;one&quot;:&quot;{num_rooms} room&quot;,&quot;other&quot;:&quot;{num_rooms} rooms&quot;}},&quot;sxp_index_sbox_horizontal_adults&quot;:{&quot;type&quot;:&quot;plural&quot;,&quot;plural&quot;:{&quot;one&quot;:&quot;{num_adults} adult&quot;,&quot;other&quot;:&quot;{num_adults} adults&quot;}},&quot;sxp_lp_sbox_num_children&quot;:{&quot;type&quot;:&quot;plural&quot;,&quot;plural&quot;:{&quot;one&quot;:&quot;{num_children} child&quot;,&quot;other&quot;:&quot;{num_children} children&quot;}},&quot;a11y_sr_check_in_day_selector&quot;:&quot;Check-in day&quot;,&quot;a11y_sr_check_in_month_selector&quot;:&quot;Check-in month&quot;,&quot;a11y_sr_check_out_day_selector&quot;:&quot;Check-out day&quot;,&quot;a11y_sr_check_out_month_selector&quot;:&quot;Check-out month&quot;,&quot;bb_sbox_work_text_4&quot;:&quot;If you select this option, we&#039;ll show you popular business travel features like breakfast, WiFi and free parking.&quot;,&quot;bh_gwe_privacy_entire_home_tickbox_header_filter&quot;:&quot;I&#039;m looking for an entire home or apartment&quot;,&quot;bh_gwe_privacy_entire_home_tickbox_header_tooltip_filter&quot;:&quot;We&#039;ll show you stays where you can have the entire place to yourself&quot;,&quot;checkin_date&quot;:&quot;Check-in date&quot;,&quot;checkout_date&quot;:&quot;Check-out date&quot;,&quot;iq_sbox_accommodation_where&quot;:&quot;Where are you going?&quot;,&quot;sbox_adults&quot;:&quot;Adults&quot;,&quot;sbox_children&quot;:&quot;Children&quot;,&quot;sbox_error_enter_dest&quot;:&quot;Enter a destination to start searching.&quot;,&quot;sbox_rooms&quot;:&quot;Rooms&quot;,&quot;searchbox_button_sr&quot;:&quot;Search&quot;,&quot;searchbox_microcopy_where_question_dehotelize&quot;:&quot;Destination/property name:&quot;,&quot;sr_sbox_checkin_checkout_head&quot;:&quot;Check-in/out&quot;,&quot;sr_sbox_header&quot;:&quot;Search&quot;,&quot;sr_sbox_update_search_cta&quot;:&quot;Update search&quot;,&quot;sxp_index_sbox_results_in_map&quot;:&quot;Your results will be shown on the map.&quot;,&quot;sxp_sr_sbox_travelling_for_work&quot;:&quot;I&#039;m traveling for work&quot;,&quot;www_bh_gwe_privacy_entire_home_tickbox_short_header_filter&quot;:&quot;Entire homes \u0026 apartments&quot;,&quot;xsell_init_show_flights_in_new_tab_accom_page&quot;:&quot;I’m looking for flights&quot;,&quot;date_format/short_date_with_weekday_without_year&quot;:{&quot;type&quot;:&quot;list&quot;,&quot;items&quot;:{&quot;1&quot;:&quot;{short_weekday}, {short_month_name} {day_of_month}&quot;,&quot;date_with_weekday_time_at&quot;:&quot;short_date_with_weekday_without_year&quot;,&quot;other&quot;:&quot;&quot;}},&quot;date_format/short_date&quot;:{&quot;type&quot;:&quot;list&quot;,&quot;items&quot;:{&quot;1&quot;:&quot;{short_month_name} {day_of_month}, {full_year}&quot;,&quot;date_with_weekday_time_at&quot;:&quot;short_date&quot;,&quot;other&quot;:&quot;&quot;}},&quot;month_for_formatted_date/name_with_year_only&quot;:{&quot;type&quot;:&quot;list&quot;,&quot;items&quot;:{&quot;1&quot;:&quot;January&quot;,&quot;2&quot;:&quot;February&quot;,&quot;3&quot;:&quot;March&quot;,&quot;4&quot;:&quot;April&quot;,&quot;5&quot;:&quot;May&quot;,&quot;6&quot;:&quot;June&quot;,&quot;7&quot;:&quot;July&quot;,&quot;8&quot;:&quot;August&quot;,&quot;9&quot;:&quot;September&quot;,&quot;10&quot;:&quot;October&quot;,&quot;11&quot;:&quot;November&quot;,&quot;12&quot;:&quot;December&quot;,&quot;other&quot;:&quot;&quot;}},&quot;time_format/name&quot;:{&quot;type&quot;:&quot;list&quot;,&quot;items&quot;:{&quot;AM_symbol&quot;:&quot;AM&quot;,&quot;PM_symbol&quot;:&quot;PM&quot;,&quot;other&quot;:&quot;&quot;,&quot;time&quot;:&quot;{hour_12h_no0}:{minutes} {AM_PM}&quot;,&quot;time_12&quot;:&quot;{hour_12h_no0}:{minutes} {AM_PM}&quot;,&quot;time_24&quot;:&quot;{hour_24h_no0}:{minutes}&quot;}},&quot;month_for_formatted_date/name&quot;:{&quot;type&quot;:&quot;list&quot;,&quot;items&quot;:{&quot;1&quot;:&quot;January&quot;,&quot;2&quot;:&quot;February&quot;,&quot;3&quot;:&quot;March&quot;,&quot;4&quot;:&quot;April&quot;,&quot;5&quot;:&quot;May&quot;,&quot;6&quot;:&quot;June&quot;,&quot;7&quot;:&quot;July&quot;,&quot;8&quot;:&quot;August&quot;,&quot;9&quot;:&quot;September&quot;,&quot;10&quot;:&quot;October&quot;,&quot;11&quot;:&quot;November&quot;,&quot;12&quot;:&quot;December&quot;,&quot;other&quot;:&quot;&quot;}},&quot;month_for_formatted_date/genitive_lc&quot;:{&quot;type&quot;:&quot;list&quot;,&quot;items&quot;:{&quot;1&quot;:&quot;January&quot;,&quot;2&quot;:&quot;February &quot;,&quot;3&quot;:&quot;March&quot;,&quot;4&quot;:&quot;April&quot;,&quot;5&quot;:&quot;May&quot;,&quot;6&quot;:&quot;June&quot;,&quot;7&quot;:&quot;July&quot;,&quot;8&quot;:&quot;August&quot;,&quot;9&quot;:&quot;September&quot;,&quot;10&quot;:&quot;October&quot;,&quot;11&quot;:&quot;November &quot;,&quot;12&quot;:&quot;December &quot;,&quot;other&quot;:&quot;&quot;}},&quot;month_for_formatted_date/genitive_uc&quot;:{&quot;type&quot;:&quot;list&quot;,&quot;items&quot;:{&quot;1&quot;:&quot;January&quot;,&quot;2&quot;:&quot;February &quot;,&quot;3&quot;:&quot;March&quot;,&quot;4&quot;:&quot;April&quot;,&quot;5&quot;:&quot;May&quot;,&quot;6&quot;:&quot;June&quot;,&quot;7&quot;:&quot;July&quot;,&quot;8&quot;:&quot;August&quot;,&quot;9&quot;:&quot;September&quot;,&quot;10&quot;:&quot;October&quot;,&quot;11&quot;:&quot;November &quot;,&quot;12&quot;:&quot;December&quot;,&quot;other&quot;:&quot;&quot;}},&quot;month_for_formatted_date/name_only&quot;:{&quot;type&quot;:&quot;list&quot;,&quot;items&quot;:{&quot;1&quot;:&quot;January&quot;,&quot;2&quot;:&quot;February&quot;,&quot;3&quot;:&quot;March&quot;,&quot;4&quot;:&quot;April&quot;,&quot;5&quot;:&quot;May&quot;,&quot;6&quot;:&quot;June&quot;,&quot;7&quot;:&quot;July&quot;,&quot;8&quot;:&quot;August&quot;,&quot;9&quot;:&quot;September&quot;,&quot;10&quot;:&quot;October&quot;,&quot;11&quot;:&quot;November&quot;,&quot;12&quot;:&quot;December&quot;,&quot;other&quot;:&quot;&quot;}},&quot;month_for_formatted_date/name_in&quot;:{&quot;type&quot;:&quot;list&quot;,&quot;items&quot;:{&quot;1&quot;:&quot;January&quot;,&quot;2&quot;:&quot;February&quot;,&quot;3&quot;:&quot;March&quot;,&quot;4&quot;:&quot;April&quot;,&quot;5&quot;:&quot;May&quot;,&quot;6&quot;:&quot;June&quot;,&quot;7&quot;:&quot;July&quot;,&quot;8&quot;:&quot;August&quot;,&quot;9&quot;:&quot;September&quot;,&quot;10&quot;:&quot;October&quot;,&quot;11&quot;:&quot;November&quot;,&quot;12&quot;:&quot;December&quot;,&quot;other&quot;:&quot;&quot;}},&quot;month_for_formatted_date/name_from&quot;:{&quot;type&quot;:&quot;list&quot;,&quot;items&quot;:{&quot;1&quot;:&quot;January&quot;,&quot;2&quot;:&quot;February&quot;,&quot;3&quot;:&quot;March&quot;,&quot;4&quot;:&quot;April&quot;,&quot;5&quot;:&quot;May&quot;,&quot;6&quot;:&quot;June&quot;,&quot;7&quot;:&quot;July&quot;,&quot;8&quot;:&quot;August&quot;,&quot;9&quot;:&quot;September&quot;,&quot;10&quot;:&quot;October&quot;,&quot;11&quot;:&quot;November&quot;,&quot;12&quot;:&quot;December&quot;,&quot;other&quot;:&quot;&quot;}},&quot;month_for_formatted_date/name_to&quot;:{&quot;type&quot;:&quot;list&quot;,&quot;items&quot;:{&quot;1&quot;:&quot;January&quot;,&quot;2&quot;:&quot;February&quot;,&quot;3&quot;:&quot;March&quot;,&quot;4&quot;:&quot;April&quot;,&quot;5&quot;:&quot;May&quot;,&quot;6&quot;:&quot;June&quot;,&quot;7&quot;:&quot;July&quot;,&quot;8&quot;:&quot;August&quot;,&quot;9&quot;:&quot;September&quot;,&quot;10&quot;:&quot;October&quot;,&quot;11&quot;:&quot;November&quot;,&quot;12&quot;:&quot;December&quot;,&quot;other&quot;:&quot;&quot;}},&quot;month_for_formatted_date/name_def_article_lc&quot;:{&quot;type&quot;:&quot;list&quot;,&quot;items&quot;:{&quot;1&quot;:&quot;the January&quot;,&quot;2&quot;:&quot;the February&quot;,&quot;3&quot;:&quot;the March&quot;,&quot;4&quot;:&quot;the April&quot;,&quot;5&quot;:&quot;the May&quot;,&quot;6&quot;:&quot;the June&quot;,&quot;7&quot;:&quot;the July&quot;,&quot;8&quot;:&quot;the August&quot;,&quot;9&quot;:&quot;the September&quot;,&quot;10&quot;:&quot;the October&quot;,&quot;11&quot;:&quot;the November&quot;,&quot;12&quot;:&quot;the December&quot;,&quot;other&quot;:&quot;&quot;}},&quot;month_for_formatted_date/in_month_lc&quot;:{&quot;type&quot;:&quot;list&quot;,&quot;items&quot;:{&quot;1&quot;:&quot;in January&quot;,&quot;2&quot;:&quot;in February &quot;,&quot;3&quot;:&quot;in March&quot;,&quot;4&quot;:&quot;in April&quot;,&quot;5&quot;:&quot;in May&quot;,&quot;6&quot;:&quot;in June&quot;,&quot;7&quot;:&quot;in July&quot;,&quot;8&quot;:&quot;in August&quot;,&quot;9&quot;:&quot;in September&quot;,&quot;10&quot;:&quot;in October&quot;,&quot;11&quot;:&quot;in November &quot;,&quot;12&quot;:&quot;in December&quot;,&quot;other&quot;:&quot;&quot;}},&quot;month_for_formatted_date/name_lc&quot;:{&quot;type&quot;:&quot;list&quot;,&quot;items&quot;:{&quot;1&quot;:&quot;January&quot;,&quot;2&quot;:&quot;February&quot;,&quot;3&quot;:&quot;March&quot;,&quot;4&quot;:&quot;April&quot;,&quot;5&quot;:&quot;May&quot;,&quot;6&quot;:&quot;June&quot;,&quot;7&quot;:&quot;July&quot;,&quot;8&quot;:&quot;August&quot;,&quot;9&quot;:&quot;September&quot;,&quot;10&quot;:&quot;October&quot;,&quot;11&quot;:&quot;November&quot;,&quot;12&quot;:&quot;December&quot;,&quot;other&quot;:&quot;&quot;}},&quot;month_for_formatted_date/to_month_lc&quot;:{&quot;type&quot;:&quot;list&quot;,&quot;items&quot;:{&quot;1&quot;:&quot;to January&quot;,&quot;2&quot;:&quot;to February &quot;,&quot;3&quot;:&quot;to March&quot;,&quot;4&quot;:&quot;to April&quot;,&quot;5&quot;:&quot;to May&quot;,&quot;6&quot;:&quot;to June&quot;,&quot;7&quot;:&quot;to July&quot;,&quot;8&quot;:&quot;to August&quot;,&quot;9&quot;:&quot;to September&quot;,&quot;10&quot;:&quot;to October&quot;,&quot;11&quot;:&quot;to November &quot;,&quot;12&quot;:&quot;to December&quot;,&quot;other&quot;:&quot;&quot;}},&quot;month_for_formatted_date/short_name&quot;:{&quot;type&quot;:&quot;list&quot;,&quot;items&quot;:{&quot;1&quot;:&quot;Jan&quot;,&quot;2&quot;:&quot;Feb&quot;,&quot;3&quot;:&quot;Mar&quot;,&quot;4&quot;:&quot;Apr&quot;,&quot;5&quot;:&quot;May&quot;,&quot;6&quot;:&quot;Jun&quot;,&quot;7&quot;:&quot;Jul&quot;,&quot;8&quot;:&quot;Aug&quot;,&quot;9&quot;:&quot;Sep&quot;,&quot;10&quot;:&quot;Oct&quot;,&quot;11&quot;:&quot;Nov&quot;,&quot;12&quot;:&quot;Dec&quot;,&quot;other&quot;:&quot;&quot;}},&quot;month_for_formatted_date/short_name_uc&quot;:{&quot;type&quot;:&quot;list&quot;,&quot;items&quot;:{&quot;1&quot;:&quot;January&quot;,&quot;2&quot;:&quot;February&quot;,&quot;3&quot;:&quot;March&quot;,&quot;4&quot;:&quot;April&quot;,&quot;5&quot;:&quot;May&quot;,&quot;6&quot;:&quot;June&quot;,&quot;7&quot;:&quot;July&quot;,&quot;8&quot;:&quot;August&quot;,&quot;9&quot;:&quot;September&quot;,&quot;10&quot;:&quot;October&quot;,&quot;11&quot;:&quot;November&quot;,&quot;12&quot;:&quot;December&quot;,&quot;other&quot;:&quot;&quot;}},&quot;weekday_formatted_date/name&quot;:{&quot;type&quot;:&quot;list&quot;,&quot;items&quot;:{&quot;1&quot;:&quot;Monday&quot;,&quot;2&quot;:&quot;Tuesday&quot;,&quot;3&quot;:&quot;Wednesday&quot;,&quot;4&quot;:&quot;Thursday&quot;,&quot;5&quot;:&quot;Friday&quot;,&quot;6&quot;:&quot;Saturday&quot;,&quot;7&quot;:&quot;Sunday&quot;,&quot;8&quot;:&quot;Every day&quot;,&quot;other&quot;:&quot;&quot;}},&quot;weekday_formatted_date/name_on&quot;:{&quot;type&quot;:&quot;list&quot;,&quot;items&quot;:{&quot;1&quot;:&quot;Monday&quot;,&quot;2&quot;:&quot;Tuesday&quot;,&quot;3&quot;:&quot;Wednesday&quot;,&quot;4&quot;:&quot;Thursday&quot;,&quot;5&quot;:&quot;Friday&quot;,&quot;6&quot;:&quot;Saturday&quot;,&quot;7&quot;:&quot;Sunday&quot;,&quot;8&quot;:&quot;name_on&quot;,&quot;other&quot;:&quot;&quot;}},&quot;weekday_formatted_date/name_from&quot;:{&quot;type&quot;:&quot;list&quot;,&quot;items&quot;:{&quot;1&quot;:&quot;Monday&quot;,&quot;2&quot;:&quot;Tuesday&quot;,&quot;3&quot;:&quot;Wednesday&quot;,&quot;4&quot;:&quot;Thursday&quot;,&quot;5&quot;:&quot;Friday&quot;,&quot;6&quot;:&quot;Saturday&quot;,&quot;7&quot;:&quot;Sunday&quot;,&quot;8&quot;:&quot;name_from&quot;,&quot;other&quot;:&quot;&quot;}},&quot;weekday_formatted_date/name_to&quot;:{&quot;type&quot;:&quot;list&quot;,&quot;items&quot;:{&quot;1&quot;:&quot;Monday&quot;,&quot;2&quot;:&quot;Tuesday&quot;,&quot;3&quot;:&quot;Wednesday&quot;,&quot;4&quot;:&quot;Thursday&quot;,&quot;5&quot;:&quot;Friday&quot;,&quot;6&quot;:&quot;Saturday&quot;,&quot;7&quot;:&quot;Sunday&quot;,&quot;8&quot;:&quot;name_to&quot;,&quot;other&quot;:&quot;&quot;}},&quot;weekday_formatted_date/short&quot;:{&quot;type&quot;:&quot;list&quot;,&quot;items&quot;:{&quot;1&quot;:&quot;Mon&quot;,&quot;2&quot;:&quot;Tue&quot;,&quot;3&quot;:&quot;Wed&quot;,&quot;4&quot;:&quot;Thu&quot;,&quot;5&quot;:&quot;Fri&quot;,&quot;6&quot;:&quot;Sat&quot;,&quot;7&quot;:&quot;Sun&quot;,&quot;8&quot;:&quot;short&quot;,&quot;other&quot;:&quot;&quot;}},&quot;day_for_formatted_date/day_from&quot;:{&quot;type&quot;:&quot;list&quot;,&quot;items&quot;:{&quot;1&quot;:&quot;1&quot;,&quot;2&quot;:&quot;2&quot;,&quot;3&quot;:&quot;3&quot;,&quot;4&quot;:&quot;4&quot;,&quot;5&quot;:&quot;5&quot;,&quot;6&quot;:&quot;6&quot;,&quot;7&quot;:&quot;7&quot;,&quot;8&quot;:&quot;8&quot;,&quot;9&quot;:&quot;9&quot;,&quot;10&quot;:&quot;10&quot;,&quot;11&quot;:&quot;11&quot;,&quot;12&quot;:&quot;12&quot;,&quot;13&quot;:&quot;13&quot;,&quot;14&quot;:&quot;14&quot;,&quot;15&quot;:&quot;15&quot;,&quot;16&quot;:&quot;16&quot;,&quot;17&quot;:&quot;17&quot;,&quot;18&quot;:&quot;18&quot;,&quot;19&quot;:&quot;19&quot;,&quot;20&quot;:&quot;20&quot;,&quot;21&quot;:&quot;21&quot;,&quot;22&quot;:&quot;22&quot;,&quot;23&quot;:&quot;23&quot;,&quot;24&quot;:&quot;24&quot;,&quot;25&quot;:&quot;25&quot;,&quot;26&quot;:&quot;26&quot;,&quot;27&quot;:&quot;27&quot;,&quot;28&quot;:&quot;28&quot;,&quot;29&quot;:&quot;29&quot;,&quot;30&quot;:&quot;30&quot;,&quot;31&quot;:&quot;31&quot;,&quot;other&quot;:&quot;&quot;}},&quot;day_for_formatted_date/day_on&quot;:{&quot;type&quot;:&quot;list&quot;,&quot;items&quot;:{&quot;1&quot;:&quot;1st&quot;,&quot;2&quot;:&quot;2nd&quot;,&quot;3&quot;:&quot;3rd&quot;,&quot;4&quot;:&quot;4th&quot;,&quot;5&quot;:&quot;5th&quot;,&quot;6&quot;:&quot;6th&quot;,&quot;7&quot;:&quot;7th&quot;,&quot;8&quot;:&quot;8th&quot;,&quot;9&quot;:&quot;9th&quot;,&quot;10&quot;:&quot;10th&quot;,&quot;11&quot;:&quot;11th&quot;,&quot;12&quot;:&quot;12th&quot;,&quot;13&quot;:&quot;13th&quot;,&quot;14&quot;:&quot;14th&quot;,&quot;15&quot;:&quot;15th&quot;,&quot;16&quot;:&quot;16th&quot;,&quot;17&quot;:&quot;17th&quot;,&quot;18&quot;:&quot;18th&quot;,&quot;19&quot;:&quot;19th&quot;,&quot;20&quot;:&quot;20th&quot;,&quot;21&quot;:&quot;21st&quot;,&quot;22&quot;:&quot;22nd&quot;,&quot;23&quot;:&quot;23rd&quot;,&quot;24&quot;:&quot;24th&quot;,&quot;25&quot;:&quot;25th&quot;,&quot;26&quot;:&quot;26th&quot;,&quot;27&quot;:&quot;27th&quot;,&quot;28&quot;:&quot;28th&quot;,&quot;29&quot;:&quot;29th&quot;,&quot;30&quot;:&quot;30th&quot;,&quot;31&quot;:&quot;31st&quot;,&quot;other&quot;:&quot;&quot;}},&quot;day_for_formatted_date/day_other&quot;:{&quot;type&quot;:&quot;list&quot;,&quot;items&quot;:{&quot;1&quot;:&quot;1\u003csup\u003est\u003c/sup\u003e&quot;,&quot;2&quot;:&quot;2\u003csup\u003end\u003c/sup\u003e&quot;,&quot;3&quot;:&quot;3\u003csup\u003erd\u003c/sup\u003e&quot;,&quot;4&quot;:&quot;4\u003csup\u003eth\u003c/sup\u003e&quot;,&quot;5&quot;:&quot;5\u003csup\u003eth\u003c/sup\u003e&quot;,&quot;6&quot;:&quot;6\u003csup\u003eth\u003c/sup\u003e&quot;,&quot;7&quot;:&quot;7\u003csup\u003eth\u003c/sup\u003e&quot;,&quot;8&quot;:&quot;8\u003csup\u003eth\u003c/sup\u003e&quot;,&quot;9&quot;:&quot;9\u003csup\u003eth\u003c/sup\u003e&quot;,&quot;10&quot;:&quot;10\u003csup\u003eth\u003c/sup\u003e&quot;,&quot;11&quot;:&quot;11\u003csup\u003eth\u003c/sup\u003e&quot;,&quot;12&quot;:&quot;12\u003csup\u003eth\u003c/sup\u003e&quot;,&quot;13&quot;:&quot;13\u003csup\u003eth\u003c/sup\u003e&quot;,&quot;14&quot;:&quot;14\u003csup\u003eth\u003c/sup\u003e&quot;,&quot;15&quot;:&quot;15\u003csup\u003eth\u003c/sup\u003e&quot;,&quot;16&quot;:&quot;16\u003csup\u003eth\u003c/sup\u003e&quot;,&quot;17&quot;:&quot;17\u003csup\u003eth\u003c/sup\u003e&quot;,&quot;18&quot;:&quot;18\u003csup\u003eth\u003c/sup\u003e&quot;,&quot;19&quot;:&quot;19\u003csup\u003eth\u003c/sup\u003e&quot;,&quot;20&quot;:&quot;20\u003csup\u003eth\u003c/sup\u003e&quot;,&quot;21&quot;:&quot;21\u003csup\u003est\u003c/sup\u003e&quot;,&quot;22&quot;:&quot;22\u003csup\u003end\u003c/sup\u003e&quot;,&quot;23&quot;:&quot;23\u003csup\u003erd\u003c/sup\u003e&quot;,&quot;24&quot;:&quot;24\u003csup\u003eth\u003c/sup\u003e&quot;,&quot;25&quot;:&quot;25\u003csup\u003eth\u003c/sup\u003e&quot;,&quot;26&quot;:&quot;26\u003csup\u003eth\u003c/sup\u003e&quot;,&quot;27&quot;:&quot;27\u003csup\u003eth\u003c/sup\u003e&quot;,&quot;28&quot;:&quot;28\u003csup\u003eth\u003c/sup\u003e&quot;,&quot;29&quot;:&quot;29\u003csup\u003eth\u003c/sup\u003e&quot;,&quot;30&quot;:&quot;30\u003csup\u003eth\u003c/sup\u003e&quot;,&quot;31&quot;:&quot;31\u003csup\u003est\u003c/sup\u003e&quot;,&quot;other&quot;:&quot;&quot;}},&quot;day_for_formatted_date/day_until&quot;:{&quot;type&quot;:&quot;list&quot;,&quot;items&quot;:{&quot;1&quot;:&quot;1&quot;,&quot;2&quot;:&quot;2&quot;,&quot;3&quot;:&quot;3&quot;,&quot;4&quot;:&quot;4&quot;,&quot;5&quot;:&quot;5&quot;,&quot;6&quot;:&quot;6&quot;,&quot;7&quot;:&quot;7&quot;,&quot;8&quot;:&quot;8&quot;,&quot;9&quot;:&quot;9&quot;,&quot;10&quot;:&quot;10&quot;,&quot;11&quot;:&quot;11&quot;,&quot;12&quot;:&quot;12&quot;,&quot;13&quot;:&quot;13&quot;,&quot;14&quot;:&quot;14&quot;,&quot;15&quot;:&quot;15&quot;,&quot;16&quot;:&quot;16&quot;,&quot;17&quot;:&quot;17&quot;,&quot;18&quot;:&quot;18&quot;,&quot;19&quot;:&quot;19&quot;,&quot;20&quot;:&quot;20&quot;,&quot;21&quot;:&quot;21&quot;,&quot;22&quot;:&quot;22&quot;,&quot;23&quot;:&quot;23&quot;,&quot;24&quot;:&quot;24&quot;,&quot;25&quot;:&quot;25&quot;,&quot;26&quot;:&quot;26&quot;,&quot;27&quot;:&quot;27&quot;,&quot;28&quot;:&quot;28&quot;,&quot;29&quot;:&quot;29&quot;,&quot;30&quot;:&quot;30&quot;,&quot;31&quot;:&quot;31&quot;,&quot;other&quot;:&quot;&quot;}},&quot;day_for_formatted_date/name&quot;:{&quot;type&quot;:&quot;list&quot;,&quot;items&quot;:{&quot;1&quot;:&quot;1&quot;,&quot;2&quot;:&quot;2&quot;,&quot;3&quot;:&quot;3&quot;,&quot;4&quot;:&quot;4&quot;,&quot;5&quot;:&quot;5&quot;,&quot;6&quot;:&quot;6&quot;,&quot;7&quot;:&quot;7&quot;,&quot;8&quot;:&quot;8&quot;,&quot;9&quot;:&quot;9&quot;,&quot;10&quot;:&quot;10&quot;,&quot;11&quot;:&quot;11&quot;,&quot;12&quot;:&quot;12&quot;,&quot;13&quot;:&quot;13&quot;,&quot;14&quot;:&quot;14&quot;,&quot;15&quot;:&quot;15&quot;,&quot;16&quot;:&quot;16&quot;,&quot;17&quot;:&quot;17&quot;,&quot;18&quot;:&quot;18&quot;,&quot;19&quot;:&quot;19&quot;,&quot;20&quot;:&quot;20&quot;,&quot;21&quot;:&quot;21&quot;,&quot;22&quot;:&quot;22&quot;,&quot;23&quot;:&quot;23&quot;,&quot;24&quot;:&quot;24&quot;,&quot;25&quot;:&quot;25&quot;,&quot;26&quot;:&quot;26&quot;,&quot;27&quot;:&quot;27&quot;,&quot;28&quot;:&quot;28&quot;,&quot;29&quot;:&quot;29&quot;,&quot;30&quot;:&quot;30&quot;,&quot;31&quot;:&quot;31&quot;,&quot;other&quot;:&quot;&quot;}},&quot;day_for_formatted_date/day_1&quot;:{&quot;type&quot;:&quot;list&quot;,&quot;items&quot;:{&quot;1&quot;:&quot;1&quot;,&quot;2&quot;:&quot;2&quot;,&quot;3&quot;:&quot;3&quot;,&quot;4&quot;:&quot;4&quot;,&quot;5&quot;:&quot;5&quot;,&quot;6&quot;:&quot;6&quot;,&quot;7&quot;:&quot;7&quot;,&quot;8&quot;:&quot;8&quot;,&quot;9&quot;:&quot;9&quot;,&quot;10&quot;:&quot;10&quot;,&quot;11&quot;:&quot;11&quot;,&quot;12&quot;:&quot;12&quot;,&quot;13&quot;:&quot;13&quot;,&quot;14&quot;:&quot;14&quot;,&quot;15&quot;:&quot;15&quot;,&quot;16&quot;:&quot;16&quot;,&quot;17&quot;:&quot;17&quot;,&quot;18&quot;:&quot;18&quot;,&quot;19&quot;:&quot;19&quot;,&quot;20&quot;:&quot;20&quot;,&quot;21&quot;:&quot;21&quot;,&quot;22&quot;:&quot;22&quot;,&quot;23&quot;:&quot;23&quot;,&quot;24&quot;:&quot;24&quot;,&quot;25&quot;:&quot;25&quot;,&quot;26&quot;:&quot;26&quot;,&quot;27&quot;:&quot;27&quot;,&quot;28&quot;:&quot;28&quot;,&quot;29&quot;:&quot;29&quot;,&quot;30&quot;:&quot;30&quot;,&quot;31&quot;:&quot;31&quot;,&quot;other&quot;:&quot;&quot;}},&quot;day_for_formatted_date/day_2&quot;:{&quot;type&quot;:&quot;list&quot;,&quot;items&quot;:{&quot;1&quot;:&quot;1&quot;,&quot;2&quot;:&quot;2&quot;,&quot;3&quot;:&quot;3&quot;,&quot;4&quot;:&quot;4&quot;,&quot;5&quot;:&quot;5&quot;,&quot;6&quot;:&quot;6&quot;,&quot;7&quot;:&quot;7&quot;,&quot;8&quot;:&quot;8&quot;,&quot;9&quot;:&quot;9&quot;,&quot;10&quot;:&quot;10&quot;,&quot;11&quot;:&quot;11&quot;,&quot;12&quot;:&quot;12&quot;,&quot;13&quot;:&quot;13&quot;,&quot;14&quot;:&quot;14&quot;,&quot;15&quot;:&quot;15&quot;,&quot;16&quot;:&quot;16&quot;,&quot;17&quot;:&quot;17&quot;,&quot;18&quot;:&quot;18&quot;,&quot;19&quot;:&quot;19&quot;,&quot;20&quot;:&quot;20&quot;,&quot;21&quot;:&quot;21&quot;,&quot;22&quot;:&quot;22&quot;,&quot;23&quot;:&quot;23&quot;,&quot;24&quot;:&quot;24&quot;,&quot;25&quot;:&quot;25&quot;,&quot;26&quot;:&quot;26&quot;,&quot;27&quot;:&quot;27&quot;,&quot;28&quot;:&quot;28&quot;,&quot;29&quot;:&quot;29&quot;,&quot;30&quot;:&quot;30&quot;,&quot;31&quot;:&quot;31&quot;,&quot;other&quot;:&quot;&quot;}},&quot;web_index_bh_gwe_epu_checkbox_show_hr&quot;:&quot;Show me vacation rentals&quot;,&quot;web_sr_pp_bh_gwe_epu_checkbox_show_hr&quot;:&quot;Show me vacation rentals&quot;,&quot;sr_sbox_dates_popover_no_dates&quot;:&quot;Add dates to your search to see prices.&quot;,&quot;weekday_formatted_date/shortest&quot;:{&quot;type&quot;:&quot;list&quot;,&quot;items&quot;:{&quot;1&quot;:&quot;Mo&quot;,&quot;2&quot;:&quot;Tu&quot;,&quot;3&quot;:&quot;We&quot;,&quot;4&quot;:&quot;Th&quot;,&quot;5&quot;:&quot;Fr&quot;,&quot;6&quot;:&quot;Sa&quot;,&quot;7&quot;:&quot;Su&quot;,&quot;8&quot;:&quot;shortest&quot;,&quot;other&quot;:&quot;&quot;}},&quot;ls_flex_search_28_radio&quot;:&quot;A month&quot;,&quot;sr_sbox_flex_dates_choose_days_a_week&quot;:&quot;A week&quot;,&quot;sr_sbox_flex_dates_choose_days_a_weekend&quot;:&quot;A weekend&quot;,&quot;sr_sbox_flex_dates_choose_days_other_2&quot;:&quot;Other&quot;,&quot;month/short&quot;:{&quot;type&quot;:&quot;list&quot;,&quot;items&quot;:{&quot;1&quot;:&quot;Jan&quot;,&quot;2&quot;:&quot;Feb&quot;,&quot;3&quot;:&quot;Mar&quot;,&quot;4&quot;:&quot;Apr&quot;,&quot;5&quot;:&quot;May&quot;,&quot;6&quot;:&quot;Jun&quot;,&quot;7&quot;:&quot;Jul&quot;,&quot;8&quot;:&quot;Aug&quot;,&quot;9&quot;:&quot;Sep&quot;,&quot;10&quot;:&quot;Oct&quot;,&quot;11&quot;:&quot;Nov&quot;,&quot;12&quot;:&quot;Dec&quot;,&quot;other&quot;:&quot;&quot;}},&quot;weekday_formatted_date/name_from_preposition&quot;:{&quot;type&quot;:&quot;list&quot;,&quot;items&quot;:{&quot;1&quot;:&quot;From Monday&quot;,&quot;2&quot;:&quot;From Tuesday&quot;,&quot;3&quot;:&quot;From Wednesday&quot;,&quot;4&quot;:&quot;From Thursday&quot;,&quot;5&quot;:&quot;From Friday&quot;,&quot;6&quot;:&quot;From Saturday&quot;,&quot;7&quot;:&quot;From Sunday&quot;,&quot;8&quot;:&quot;From any day&quot;,&quot;other&quot;:&quot;&quot;}},&quot;m_ss_ac_around_current_location&quot;:&quot;Around current location&quot;,&quot;ss_ac_popular_nearby_destinations&quot;:&quot;Popular destinations nearby&quot;,&quot;a11y_aria_label_breadcrumb&quot;:&quot;Navigation history menu (breadcrumbs)&quot;,&quot;home&quot;:&quot;Home&quot;,&quot;search_results&quot;:&quot;Search results&quot;,&quot;sr_show_on_map_top&quot;:&quot;Show on map&quot;,&quot;comp_num_reviews_sr_page&quot;:{&quot;type&quot;:&quot;plural&quot;,&quot;plural&quot;:{&quot;one&quot;:&quot;{num_reviews} review&quot;,&quot;other&quot;:&quot;{num_reviews} reviews&quot;}},&quot;extl_reviews_no_bcom_reviews&quot;:{&quot;type&quot;:&quot;plural&quot;,&quot;plural&quot;:{&quot;one&quot;:&quot;{total_num_reviews} external review&quot;,&quot;other&quot;:&quot;{total_num_reviews} external reviews&quot;}},&quot;sr_prop_card_location_rating_header_superb&quot;:&quot;Wonderful location&quot;,&quot;date_format/short_date_without_year&quot;:{&quot;type&quot;:&quot;list&quot;,&quot;items&quot;:{&quot;1&quot;:&quot;{short_month_name} {day_of_month}&quot;,&quot;date_with_weekday_time_at&quot;:&quot;short_date_without_year&quot;,&quot;other&quot;:&quot;&quot;}},&quot;ls_sr_filter_budget_price_per_night_slider_toggle&quot;:&quot;Show price per night&quot;,&quot;sr_filter_budget_customise_a11y_max_price&quot;:&quot;Maximum price&quot;,&quot;sr_filter_budget_customise_a11y_min_price&quot;:&quot;Minimum price&quot;,&quot;sr_filter_budget_customise_max_price&quot;:&quot;Max price&quot;,&quot;sr_filter_budget_customise_min_price&quot;:&quot;Min price&quot;,&quot;m_sr_filters_collapse&quot;:&quot;Show less&quot;,&quot;m_sr_filters_expand&quot;:{&quot;type&quot;:&quot;plural&quot;,&quot;plural&quot;:{&quot;one&quot;:&quot;Show one&quot;,&quot;other&quot;:&quot;Show all {num_of_filters}&quot;}},&quot;m_sr_price_slider_scenario_3&quot;:&quot;{min_price_selected} – {max_price_selected}&quot;,&quot;sr_filter_budget_customise_1&quot;:&quot;Set your own budget&quot;,&quot;sr_num_properties&quot;:{&quot;type&quot;:&quot;plural&quot;,&quot;plural&quot;:{&quot;one&quot;:&quot;{num_properties} property&quot;,&quot;other&quot;:&quot;{num_properties} properties&quot;}},&quot;geo_sr_nearby_beaches_header&quot;:{&quot;type&quot;:&quot;plural&quot;,&quot;plural&quot;:{&quot;one&quot;:&quot;Nearby Beach:&quot;,&quot;other&quot;:&quot;Nearby Beaches:&quot;}},&quot;a11y_new_hotel_listings_screen_loading_success&quot;:&quot;Search results updated&quot;,&quot;bks_pm_analytics_ranking_compset_position&quot;:&quot;{ranking} out of {total_num}&quot;,&quot;sr_applied_filters&quot;:&quot;Applied filters:&quot;,&quot;sr_header_no_destination_name&quot;:&quot;{num_properties} properties are available in and around this destination&quot;,&quot;sr_header_num_properties_frontloaded_destination&quot;:{&quot;type&quot;:&quot;plural&quot;,&quot;plural&quot;:{&quot;one&quot;:&quot;{destination}: {num_properties} property found&quot;,&quot;other&quot;:&quot;{destination}: {num_properties} properties found&quot;}},&quot;sr_results_no_properties_main_head&quot;:&quot;{destination}: no properties found&quot;,&quot;sr_filter_box&quot;:&quot;Filter by:&quot;,&quot;bhro_ob_email_price_max&quot;:&quot;Max.&quot;,&quot;bhro_ob_email_price_min&quot;:&quot;Min.&quot;,&quot;bh_awareness_also_millions_homes_interstitial&quot;:&quot;We also have millions of homes&quot;,&quot;b_lite_sr_sort_loader_loading&quot;:&quot;Loading properties...&quot;,&quot;hotel_omit_hmpg_why_use_usp_num_hotels_rev_v1&quot;:&quot;Unbiased reviews&quot;,&quot;hotel_page_secure_connection&quot;:&quot;When you book with us your details are protected by a secure connection.&quot;,&quot;hp_usp_booking_is_safe&quot;:&quot;Booking is safe&quot;,&quot;index_book_now_pay_later_usp_1a&quot;:&quot;Book now, pay when you stay!&quot;,&quot;index_book_now_pay_later_usp_2&quot;:&quot;With FREE cancellation on most rooms&quot;,&quot;index_reviews_usp_header&quot;:{&quot;type&quot;:&quot;plural&quot;,&quot;plural&quot;:{&quot;one&quot;:&quot;{num_verified_reviews} verified review&quot;,&quot;other&quot;:&quot;{num_verified_reviews} verified reviews&quot;}},&quot;m_last_minute_deals_loading_screen_v2&quot;:&quot;Looking for the best last-minute deals for you...&quot;,&quot;map_loading_message_generic&quot;:&quot;Finding the best properties for your stay...&quot;,&quot;sr_loc_instant_confirmation_popup_header&quot;:&quot;Instant confirmation right after booking&quot;,&quot;sr_loc_instant_confirmation_popup_subheader&quot;:&quot;No need to wait. Accommodations will immediately give you the confirmation right after your booking.&quot;,&quot;gc_banner_accessibility_close&quot;:&quot;Close&quot;,&quot;genius_vip_mlp_onboarding_full_screen_body&quot;:{&quot;type&quot;:&quot;plural&quot;,&quot;plural&quot;:{&quot;one&quot;:&quot;Say hello to extra benefits. Enjoy them on top of your Genius rewards until {end_date}. Available only for our top customers like you.&quot;,&quot;other&quot;:&quot;Say hello to extra benefits. Enjoy them on top of your Genius rewards until {end_date}. Available only for our top customers like you.&quot;}},&quot;genius_vip_mlp_onboarding_full_screen_cta_primary&quot;:&quot;Discover your VIP benefits&quot;,&quot;genius_vip_mlp_onboarding_full_screen_cta_secondary&quot;:&quot;Browse {b_companyname}&quot;,&quot;genius_vip_mlp_onboarding_full_screen_level&quot;:&quot;Genius Level {genius_level}&quot;,&quot;genius_vip_mlp_onboarding_full_screen_title&quot;:&quot;New! Genius VIP status unlocked&quot;,&quot;a11y_hp_bookmarks_button_saved&quot;:{&quot;type&quot;:&quot;plural&quot;,&quot;plural&quot;:{&quot;one&quot;:&quot;This property is saved to {num_lists} of your lists&quot;,&quot;other&quot;:&quot;This property is saved to {num_lists} of your lists&quot;}},&quot;cdm_hp_quick_share_save&quot;:&quot;Save&quot;,&quot;wl_lists_funnel_edit&quot;:&quot;Change&quot;,&quot;wl_saved_to&quot;:&quot;Saved to: {start_link}{list_name}{end_link}&quot;,&quot;wl_removed_from&quot;:&quot;Removed from:&quot;,&quot;wishlist_create_new&quot;:&quot;Create a list&quot;,&quot;sr_filter_all_trips_button&quot;:&quot;All trips&quot;,&quot;loc_em_sr_crimea_clarification&quot;:&quot;We’re sorry, it&#039;s not possible to make leisure reservations in Crimea at this time on our website.&quot;,&quot;a11y_cta_close&quot;:&quot;Close&quot;,&quot;rocketmiles_components/header_sr&quot;:{&quot;type&quot;:&quot;list&quot;,&quot;items&quot;:{&quot;avianca_rocketmiles&quot;:&quot;{num} properties feature {start_bold}Special Offers for Avianca Members, highlighted with a yellow border{end_bold}&quot;,&quot;banco_ripley&quot;:&quot;header_sr&quot;,&quot;bank_china&quot;:&quot;header_sr&quot;,&quot;claro_clube&quot;:&quot;{num} properties feature Special Offers for Claro Clube customers highlighted with a yellow border&quot;,&quot;cobrand_default&quot;:{&quot;plural&quot;:{&quot;one&quot;:&quot;{num} property features {start_bold}Special Offers{end_bold}&quot;,&quot;other&quot;:&quot;{num} properties feature {start_bold}Special Offers{end_bold}&quot;},&quot;type&quot;:&quot;plural&quot;},&quot;cobrand_default_emea&quot;:{&quot;plural&quot;:{&quot;one&quot;:&quot;{num} property features {start_bold}Special Offers{end_bold}&quot;,&quot;other&quot;:&quot;{num} properties feature {start_bold}Special Offers{end_bold}&quot;},&quot;type&quot;:&quot;plural&quot;},&quot;cobrand_default_points&quot;:&quot;header_sr&quot;,&quot;flighthub_rocket&quot;:{&quot;plural&quot;:{&quot;one&quot;:&quot;{num} property features {start_bold}FlightHub Offers{end_bold}&quot;,&quot;other&quot;:&quot;{num} properties feature {start_bold}FlightHub Offers{end_bold}&quot;},&quot;type&quot;:&quot;plural&quot;},&quot;hybrid_american_airlines&quot;:{&quot;plural&quot;:{&quot;one&quot;:&quot;{num} property with {fe_program_name}® Base Mile&quot;,&quot;other&quot;:&quot;{num} properties with {fe_program_name}® Base Miles&quot;},&quot;type&quot;:&quot;plural&quot;},&quot;hybrid_southwest&quot;:{&quot;plural&quot;:{&quot;one&quot;:&quot;Showing {num} {fe_program_name} Points Plus property&quot;,&quot;other&quot;:&quot;Showing {num} {fe_program_name} Points Plus properties&quot;},&quot;type&quot;:&quot;plural&quot;},&quot;hybrid_tmobile&quot;:&quot;header_sr&quot;,&quot;justfly_rocket&quot;:{&quot;plural&quot;:{&quot;one&quot;:&quot;{num} property features {start_bold}Justfly Offers{end_bold}&quot;,&quot;other&quot;:&quot;{num} properties feature {start_bold}Justfly Offers{end_bold}&quot;},&quot;type&quot;:&quot;plural&quot;},&quot;o2_priority&quot;:&quot;{num} properties feature {start_bold}O2 Priority rates{end_bold}&quot;,&quot;other&quot;:&quot;&quot;,&quot;paypal_rm&quot;:&quot;{num} properties feature {start_bold}PayPal Offers{end_bold}&quot;,&quot;paypal_rocketmiles&quot;:{&quot;plural&quot;:{&quot;one&quot;:&quot;{num} property features {start_bold}PayPal Offers{end_bold}&quot;,&quot;other&quot;:&quot;{num} properties feature {start_bold}PayPal Offers{end_bold}&quot;},&quot;type&quot;:&quot;plural&quot;},&quot;rm_paypal_emea&quot;:{&quot;plural&quot;:{&quot;one&quot;:&quot;{num} property features {start_bold}PayPal Offers{end_bold}&quot;,&quot;other&quot;:&quot;{num} properties feature {start_bold}PayPal Offers{end_bold}&quot;},&quot;type&quot;:&quot;plural&quot;},&quot;rocketmiles_amex&quot;:{&quot;plural&quot;:{&quot;one&quot;:&quot;Showing all properties plus {num} exclusive deal for eligible American Express Card Members, highlighted with a yellow border.&quot;,&quot;other&quot;:&quot;Showing all properties plus {num} exclusive deals for eligible American Express Card Members, highlighted with a yellow border.&quot;},&quot;type&quot;:&quot;plural&quot;},&quot;telus_business&quot;:{&quot;plural&quot;:{&quot;one&quot;:&quot;{num} property features {start_bold}TELUS Owner Perks{end_bold}&quot;,&quot;other&quot;:&quot;{num} properties feature {start_bold}TELUS Owner Perks{end_bold}&quot;},&quot;type&quot;:&quot;plural&quot;},&quot;telus_consumer&quot;:&quot;TELUS offer&quot;,&quot;telus_rewards&quot;:&quot;TELUS Rewards&quot;,&quot;travelclub_rocket&quot;:&quot;header_sr&quot;,&quot;virginred&quot;:&quot;header_sr&quot;}},&quot;rocketmiles_components/header_tooltip&quot;:{&quot;type&quot;:&quot;list&quot;,&quot;items&quot;:{&quot;banco_ripley&quot;:&quot;header_tooltip&quot;,&quot;bank_china&quot;:&quot;header_tooltip&quot;,&quot;claro_clube&quot;:&quot;header_tooltip&quot;,&quot;cobrand_default&quot;:&quot;Booking.com gives you a greater choice by featuring Special Offers from our trusted partner {fe_program_name}.&quot;,&quot;cobrand_default_emea&quot;:&quot;Booking.com gives you a greater choice by featuring Special Offers from our trusted partner {fe_program_name}.&quot;,&quot;cobrand_default_points&quot;:&quot;header_tooltip&quot;,&quot;flighthub_rocket&quot;:&quot;Booking.com gives you a greater choice by featuring FlightHub Offers from our trusted partner {fe_program_name}.&quot;,&quot;hybrid_american_airlines&quot;:&quot;Your {fe_program_name}® Base Miles will be awarded 1-2 weeks after your stay has been completed.&quot;,&quot;hybrid_southwest&quot;:&quot;Every time you book a {fe_program_name} Points Plus property, at least 500 {fe_program_name} Points will be added to your account within 8 weeks after your stay. All {fe_program_name} Rules and Regulations apply.&quot;,&quot;hybrid_tmobile&quot;:{&quot;plural&quot;:{&quot;one&quot;:&quot;You&#039;ll receive your points {pay_after} day after check-out.&quot;,&quot;other&quot;:&quot;You&#039;ll receive your points {pay_after} days after check-out.&quot;},&quot;type&quot;:&quot;plural&quot;},&quot;justfly_rocket&quot;:&quot;Booking.com gives you a greater choice by featuring Justfly Offers from our trusted partner {fe_program_name}.&quot;,&quot;o2_priority&quot;:&quot;Booking.com gives you a greater choice by featuring O2 Priority rates from our trusted partner Rocket Travel.&quot;,&quot;other&quot;:&quot;&quot;,&quot;paypal_rm&quot;:&quot;Booking.com gives you more choices by featuring PayPal Offers from our trusted partner Rocket Travel.&quot;,&quot;paypal_rocketmiles&quot;:&quot;Booking.com gives you a greater choice by featuring PayPal Offers from our trusted partner Rocket Travel.&quot;,&quot;rm_paypal_emea&quot;:&quot;Booking.com gives you more choices by featuring PayPal Offers from our trusted partner Rocket Travel.&quot;,&quot;rocketmiles_amex&quot;:&quot;To enjoy American Express Card special offers, look for properties highlighted in yellow.&quot;,&quot;telus_business&quot;:&quot;Booking.com gives you a greater choice by featuring TELUS Owner Perks from our trusted partner {fe_program_name}.&quot;,&quot;telus_consumer&quot;:&quot;Booking.com gives you a greater choice by featuring TELUS offers from our trusted partner {fe_program_name}.&quot;,&quot;telus_rewards&quot;:&quot;Booking.com gives you a greater choice by featuring TELUS Rewards from our trusted partner {fe_program_name}.&quot;,&quot;travelclub_rocket&quot;:&quot;header_tooltip&quot;,&quot;virginred&quot;:&quot;Booking gives you a greater choice by featuring Special Offers from our trusted partner Rocket Travel&quot;}},&quot;rocketmiles_components/loader_sr&quot;:{&quot;type&quot;:&quot;list&quot;,&quot;items&quot;:{&quot;banco_ripley&quot;:&quot;loader_sr&quot;,&quot;bank_china&quot;:&quot;loader_sr&quot;,&quot;claro_clube&quot;:&quot;loader_sr&quot;,&quot;cobrand_default&quot;:&quot;Special Offers coming up...&quot;,&quot;cobrand_default_emea&quot;:&quot;Special Offers coming up...&quot;,&quot;cobrand_default_points&quot;:&quot;loader_sr&quot;,&quot;flighthub_rocket&quot;:&quot;FlightHub Offers coming up...&quot;,&quot;hybrid_american_airlines&quot;:&quot;Loading properties with {fe_program_name}® Base Miles&quot;,&quot;hybrid_southwest&quot;:&quot;Loading {fe_program_name} Points Plus properties...&quot;,&quot;hybrid_tmobile&quot;:&quot;loader_sr&quot;,&quot;justfly_rocket&quot;:&quot;Justfly Offers coming up...&quot;,&quot;o2_priority&quot;:&quot;O2 Priority rates coming up...&quot;,&quot;other&quot;:&quot;&quot;,&quot;paypal_rm&quot;:&quot;PayPal Offers coming up...&quot;,&quot;paypal_rocketmiles&quot;:&quot;PayPal Offers coming up...&quot;,&quot;rm_paypal_emea&quot;:&quot;PayPal Offers coming up...&quot;,&quot;rocketmiles_amex&quot;:&quot;Loading exclusive deals for American Express Card Members&quot;,&quot;telus_business&quot;:&quot;TELUS Owner Perks coming up...&quot;,&quot;telus_consumer&quot;:&quot;TELUS offers coming up...&quot;,&quot;telus_rewards&quot;:&quot;TELUS Rewards coming up...&quot;,&quot;travelclub_rocket&quot;:&quot;loader_sr&quot;,&quot;virginred&quot;:&quot;loader_sr&quot;}},&quot;rocketmiles_components/name&quot;:{&quot;type&quot;:&quot;list&quot;,&quot;items&quot;:{&quot;banco_ripley&quot;:&quot;name&quot;,&quot;bank_china&quot;:&quot;name&quot;,&quot;claro_clube&quot;:&quot;name&quot;,&quot;cobrand_default_emea&quot;:&quot;name&quot;,&quot;cobrand_default_points&quot;:&quot;name&quot;,&quot;flighthub_rocket&quot;:&quot;name&quot;,&quot;hybrid_american_airlines&quot;:&quot;name&quot;,&quot;hybrid_southwest&quot;:&quot;name&quot;,&quot;hybrid_tmobile&quot;:&quot;name&quot;,&quot;justfly_rocket&quot;:&quot;name&quot;,&quot;o2_priority&quot;:&quot;name&quot;,&quot;other&quot;:&quot;&quot;,&quot;paypal_rm&quot;:&quot;name&quot;,&quot;rm_paypal_emea&quot;:&quot;name&quot;,&quot;rocketmiles_amex&quot;:&quot;name&quot;,&quot;telus_business&quot;:&quot;name&quot;,&quot;telus_consumer&quot;:&quot;name&quot;,&quot;telus_rewards&quot;:&quot;name&quot;,&quot;travelclub_rocket&quot;:&quot;name&quot;,&quot;virginred&quot;:&quot;name&quot;}},&quot;breakfast_included&quot;:&quot;Breakfast included&quot;,&quot;sr_search_card_includes_taxes_charges&quot;:&quot;Includes taxes and fees&quot;,&quot;rocketmiles_components/badge_discount&quot;:{&quot;type&quot;:&quot;list&quot;,&quot;items&quot;:{&quot;banco_ripley&quot;:&quot;badge_discount&quot;,&quot;bank_china&quot;:&quot;badge_discount&quot;,&quot;claro_clube&quot;:&quot;badge_discount&quot;,&quot;cobrand_default&quot;:{&quot;plural&quot;:{&quot;one&quot;:&quot;Enjoy {reward_amount}% off&quot;,&quot;other&quot;:&quot;Enjoy {reward_amount}% off&quot;},&quot;type&quot;:&quot;plural&quot;},&quot;cobrand_default_emea&quot;:&quot;{start_bold}Special Offer{end_bold}&quot;,&quot;cobrand_default_points&quot;:&quot;badge_discount&quot;,&quot;flighthub_rocket&quot;:&quot;badge_discount&quot;,&quot;hybrid_american_airlines&quot;:&quot;badge_discount&quot;,&quot;hybrid_southwest&quot;:&quot;Enjoy {reward_amount}% off&quot;,&quot;hybrid_tmobile&quot;:&quot;Enjoy {reward_amount}% off&quot;,&quot;justfly_rocket&quot;:&quot;badge_discount&quot;,&quot;o2_priority&quot;:&quot;{start_bold}O2 Priority rate{end_bold}&quot;,&quot;other&quot;:&quot;&quot;,&quot;paypal_rm&quot;:&quot;badge_discount&quot;,&quot;paypal_rocketmiles&quot;:&quot;Enjoy {reward_amount}% off&quot;,&quot;rm_paypal_emea&quot;:&quot;badge_discount&quot;,&quot;rocketmiles_amex&quot;:&quot;{reward_amount}% off with AMEX&quot;,&quot;telus_business&quot;:&quot;badge_discount&quot;,&quot;telus_consumer&quot;:&quot;badge_discount&quot;,&quot;telus_rewards&quot;:&quot;badge_discount&quot;,&quot;travelclub_rocket&quot;:&quot;badge_discount&quot;,&quot;virginred&quot;:&quot;badge_discount&quot;}},&quot;rocketmiles_components/badge_miles&quot;:{&quot;type&quot;:&quot;list&quot;,&quot;items&quot;:{&quot;banco_ripley&quot;:&quot;badge_miles&quot;,&quot;bank_china&quot;:&quot;badge_miles&quot;,&quot;claro_clube&quot;:&quot;badge_miles&quot;,&quot;cobrand_default&quot;:{&quot;plural&quot;:{&quot;one&quot;:&quot;Earn {reward_amount} mile&quot;,&quot;other&quot;:&quot;Earn {reward_amount} miles&quot;},&quot;type&quot;:&quot;plural&quot;},&quot;cobrand_default_emea&quot;:{&quot;plural&quot;:{&quot;one&quot;:&quot;Earn {reward_amount} mile&quot;,&quot;other&quot;:&quot;Earn {reward_amount} miles&quot;},&quot;type&quot;:&quot;plural&quot;},&quot;cobrand_default_points&quot;:{&quot;plural&quot;:{&quot;one&quot;:&quot;Earn {reward_amount} point&quot;,&quot;other&quot;:&quot;Earn {reward_amount} points&quot;},&quot;type&quot;:&quot;plural&quot;},&quot;flighthub_rocket&quot;:&quot;badge_miles&quot;,&quot;hybrid_american_airlines&quot;:{&quot;plural&quot;:{&quot;one&quot;:&quot;Earn {reward_amount} Base Mile&quot;,&quot;other&quot;:&quot;Earn {reward_amount} Base Miles&quot;},&quot;type&quot;:&quot;plural&quot;},&quot;hybrid_southwest&quot;:{&quot;plural&quot;:{&quot;one&quot;:&quot;Earn {reward_amount} point&quot;,&quot;other&quot;:&quot;Earn {reward_amount} points&quot;},&quot;type&quot;:&quot;plural&quot;},&quot;hybrid_tmobile&quot;:&quot;badge_miles&quot;,&quot;justfly_rocket&quot;:&quot;badge_miles&quot;,&quot;myperks&quot;:&quot;Earn {reward_amount} myPerks perks&quot;,&quot;o2_priority&quot;:&quot;badge_miles&quot;,&quot;other&quot;:&quot;&quot;,&quot;paypal_rm&quot;:&quot;badge_miles&quot;,&quot;paypal_rocketmiles&quot;:&quot;Earn {reward_amount} miles&quot;,&quot;rm_paypal_emea&quot;:&quot;badge_miles&quot;,&quot;rocketmiles_amex&quot;:&quot;badge_miles&quot;,&quot;telus_business&quot;:&quot;badge_miles&quot;,&quot;telus_consumer&quot;:&quot;badge_miles&quot;,&quot;telus_rewards&quot;:&quot;badge_miles&quot;,&quot;travelclub_rocket&quot;:{&quot;plural&quot;:{&quot;one&quot;:&quot;Earn {reward_amount} Travel Club Point&quot;,&quot;other&quot;:&quot;Earn {reward_amount} Travel Club Points&quot;},&quot;type&quot;:&quot;plural&quot;},&quot;virginred&quot;:&quot;Earn {reward_amount} Virgin Points&quot;}},&quot;bp_selection_not_available_cta&quot;:&quot;See other options&quot;,&quot;bp_selection_not_available_header&quot;:&quot;Sorry, your selection is no longer available&quot;,&quot;bp_selection_not_available_subhead_1&quot;:&quot;{property_name} no longer has availability on our site for your selected dates.&quot;,&quot;bp_selection_some_options_subhead_2&quot;:&quot;We redirected you so you can check other options that still fit your needs.&quot;,&quot;bh_web_top_all_selected_title_v2&quot;:&quot;Place type: Any&quot;,&quot;pss_fix_sr_only_x_beds_left_like_this&quot;:{&quot;type&quot;:&quot;plural&quot;,&quot;plural&quot;:{&quot;one&quot;:&quot;Only {num_rooms} bed like this left on our site&quot;,&quot;other&quot;:&quot;Only {num_rooms} beds like this left on our site&quot;}},&quot;pss_fix_sr_only_x_left_like_this&quot;:{&quot;type&quot;:&quot;plural&quot;,&quot;plural&quot;:{&quot;one&quot;:&quot;Only {num_rooms} like this left on our site&quot;,&quot;other&quot;:&quot;Only {num_rooms} like this left on our site&quot;}},&quot;pss_fix_sr_only_x_rooms_left_like_this&quot;:{&quot;type&quot;:&quot;plural&quot;,&quot;plural&quot;:{&quot;one&quot;:&quot;Only {num_rooms} room like this left on our site&quot;,&quot;other&quot;:&quot;Only {num_rooms} rooms like this left on our site&quot;}},&quot;pss_fix_sr_xleft_price_beds&quot;:{&quot;type&quot;:&quot;plural&quot;,&quot;plural&quot;:{&quot;one&quot;:&quot;Only {num_rooms} bed left at this price on our site&quot;,&quot;other&quot;:&quot;Only {num_rooms} beds left at this price on our site&quot;}},&quot;pss_fix_sr_xleft_price_gen&quot;:{&quot;type&quot;:&quot;plural&quot;,&quot;plural&quot;:{&quot;one&quot;:&quot;Only {num_rooms} left at this price on our site&quot;,&quot;other&quot;:&quot;Only {num_rooms} left at this price on our site&quot;}},&quot;pss_fix_sr_xleft_price_rooms&quot;:{&quot;type&quot;:&quot;plural&quot;,&quot;plural&quot;:{&quot;one&quot;:&quot;Only {num_rooms} room left at this price on our site&quot;,&quot;other&quot;:&quot;Only {num_rooms} rooms left at this price on our site&quot;}},&quot;bed_type/name_lowercase&quot;:{&quot;type&quot;:&quot;list&quot;,&quot;items&quot;:{&quot;1&quot;:&quot;twin beds&quot;,&quot;2&quot;:{&quot;plural&quot;:{&quot;one&quot;:&quot;double bed&quot;,&quot;other&quot;:&quot;double beds&quot;},&quot;type&quot;:&quot;plural&quot;},&quot;3&quot;:{&quot;plural&quot;:{&quot;one&quot;:&quot;extra-large double bed&quot;,&quot;other&quot;:&quot;extra-large double beds&quot;},&quot;type&quot;:&quot;plural&quot;},&quot;4&quot;:{&quot;plural&quot;:{&quot;one&quot;:&quot;bunk bed&quot;,&quot;other&quot;:&quot;bunk beds&quot;},&quot;type&quot;:&quot;plural&quot;},&quot;5&quot;:{&quot;plural&quot;:{&quot;one&quot;:&quot;sofa bed&quot;,&quot;other&quot;:&quot;sofa beds&quot;},&quot;type&quot;:&quot;plural&quot;},&quot;6&quot;:{&quot;plural&quot;:{&quot;one&quot;:&quot;large double bed&quot;,&quot;other&quot;:&quot;large double beds&quot;},&quot;type&quot;:&quot;plural&quot;},&quot;7&quot;:{&quot;plural&quot;:{&quot;one&quot;:&quot;futon bed&quot;,&quot;other&quot;:&quot;futon beds&quot;},&quot;type&quot;:&quot;plural&quot;},&quot;8&quot;:{&quot;plural&quot;:{&quot;one&quot;:&quot;double bunk bed&quot;,&quot;other&quot;:&quot;double bunk beds&quot;},&quot;type&quot;:&quot;plural&quot;},&quot;9&quot;:&quot;name_lowercase&quot;,&quot;other&quot;:&quot;&quot;}},&quot;bed_type/name_lowercase_nobed&quot;:{&quot;type&quot;:&quot;list&quot;,&quot;items&quot;:{&quot;1&quot;:&quot;twins&quot;,&quot;2&quot;:{&quot;plural&quot;:{&quot;one&quot;:&quot;double&quot;,&quot;other&quot;:&quot;doubles&quot;},&quot;type&quot;:&quot;plural&quot;},&quot;3&quot;:{&quot;plural&quot;:{&quot;one&quot;:&quot;extra-large double&quot;,&quot;other&quot;:&quot;extra-large doubles&quot;},&quot;type&quot;:&quot;plural&quot;},&quot;4&quot;:{&quot;plural&quot;:{&quot;one&quot;:&quot;bunk bed&quot;,&quot;other&quot;:&quot;bunk beds&quot;},&quot;type&quot;:&quot;plural&quot;},&quot;5&quot;:{&quot;plural&quot;:{&quot;one&quot;:&quot;sofa bed&quot;,&quot;other&quot;:&quot;sofa beds&quot;},&quot;type&quot;:&quot;plural&quot;},&quot;6&quot;:{&quot;plural&quot;:{&quot;one&quot;:&quot;large double&quot;,&quot;other&quot;:&quot;large doubles&quot;},&quot;type&quot;:&quot;plural&quot;},&quot;7&quot;:{&quot;plural&quot;:{&quot;one&quot;:&quot;futon&quot;,&quot;other&quot;:&quot;futons&quot;},&quot;type&quot;:&quot;plural&quot;},&quot;8&quot;:{&quot;plural&quot;:{&quot;one&quot;:&quot;double bunk bed&quot;,&quot;other&quot;:&quot;double bunk beds&quot;},&quot;type&quot;:&quot;plural&quot;},&quot;9&quot;:&quot;name_lowercase_nobed&quot;,&quot;other&quot;:&quot;&quot;}},&quot;bed_type/name_withnumber&quot;:{&quot;type&quot;:&quot;list&quot;,&quot;items&quot;:{&quot;1&quot;:{&quot;plural&quot;:{&quot;one&quot;:&quot;{bed_count} twin bed&quot;,&quot;other&quot;:&quot;{bed_count} twin beds&quot;},&quot;type&quot;:&quot;plural&quot;},&quot;2&quot;:{&quot;plural&quot;:{&quot;one&quot;:&quot;{bed_count} full bed&quot;,&quot;other&quot;:&quot;{bed_count} full beds&quot;},&quot;type&quot;:&quot;plural&quot;},&quot;3&quot;:{&quot;plural&quot;:{&quot;one&quot;:&quot;{bed_count} king bed&quot;,&quot;other&quot;:&quot;{bed_count} king beds&quot;},&quot;type&quot;:&quot;plural&quot;},&quot;4&quot;:{&quot;plural&quot;:{&quot;one&quot;:&quot;{bed_count} bunk bed&quot;,&quot;other&quot;:&quot;{bed_count} bunk beds&quot;},&quot;type&quot;:&quot;plural&quot;},&quot;5&quot;:{&quot;plural&quot;:{&quot;one&quot;:&quot;{bed_count} sofa bed&quot;,&quot;other&quot;:&quot;{bed_count} sofa beds&quot;},&quot;type&quot;:&quot;plural&quot;},&quot;6&quot;:{&quot;plural&quot;:{&quot;one&quot;:&quot;{bed_count} queen bed&quot;,&quot;other&quot;:&quot;{bed_count} queen beds&quot;},&quot;type&quot;:&quot;plural&quot;},&quot;7&quot;:{&quot;plural&quot;:{&quot;one&quot;:&quot;{bed_count} futon bed&quot;,&quot;other&quot;:&quot;{bed_count} futon beds&quot;},&quot;type&quot;:&quot;plural&quot;},&quot;8&quot;:{&quot;plural&quot;:{&quot;one&quot;:&quot;{bed_count} double bunk bed&quot;,&quot;other&quot;:&quot;{bed_count} double bunk beds&quot;},&quot;type&quot;:&quot;plural&quot;},&quot;9&quot;:&quot;bed&quot;,&quot;other&quot;:&quot;&quot;}},&quot;st_certified_badge_three_plus&quot;:&quot;Travel Sustainable Level 3+&quot;,&quot;st_certified_badge_three_plus_new&quot;:&quot;Travel Sustainable Level 3+&quot;,&quot;sustainability_sr_ts_badge_levels&quot;:&quot;Travel Sustainable Level {num}&quot;,&quot;sustainability_sr_ts_badge_levels_new&quot;:&quot;Travel Sustainable Level {num}&quot;,&quot;pd_sr_credit_badge_exploration&quot;:&quot;Earn {amount_with_currency} Credits&quot;,&quot;pd_sr_credit_badge_tooltip_body_scenario_one_p1&quot;:&quot;You&#039;ll earn {start_bold}{amount_with_currency_instant} Credits{end_bold}. They&#039;ll be added to your Wallet instantly and expire in one year.&quot;,&quot;pd_sr_credit_badge_tooltip_body_scenario_one_p2&quot;:&quot;Use your Credits on all attractions, taxis paid in advance, and select stays on {b_companyname}.&quot;,&quot;pd_sr_credit_badge_tooltip_body_scenario_three_p1&quot;:&quot;You&#039;ll earn {start_bold}{amount_with_currency_instant} Credits{end_bold} instantly, plus {start_bold}{amount_with_currency_post} Credits{end_bold} 14 days after your stay. They&#039;ll be added to your Wallet and expire in one year.&quot;,&quot;pd_sr_credit_badge_tooltip_body_scenario_three_p2&quot;:&quot;Use your Credits on all attractions, taxis paid in advance, and select stays on {b_companyname}.&quot;,&quot;pd_sr_credit_badge_tooltip_body_scenario_two_p1&quot;:&quot;You&#039;ll earn {start_bold}{amount_with_currency_post} Credits{end_bold}. They&#039;ll be added to your Wallet 14 days after your stay and expire in one year.&quot;,&quot;pd_sr_credit_badge_tooltip_body_scenario_two_p2&quot;:&quot;Use your Credits on all attractions, taxis paid in advance, and select stays on {b_companyname}.&quot;,&quot;pd_sr_credit_badge_tooltip_title&quot;:&quot;Earn Credits&quot;,&quot;price_display_credit_source_genius_vip_all&quot;:&quot;You&#039;re getting Credits because you&#039;re a Genius VIP.&quot;,&quot;price_display_credit_source_genius_vip_part&quot;:&quot;Of the {total_credit_amount} in Credits, {vip_credit_amount} is a Genius VIP reward.&quot;,&quot;vm_bp_rewards_bottom_sheet_intro&quot;:&quot;Complete this booking to get your Credits and voucher added to your Wallet up to 14 days after check-out.&quot;,&quot;vm_earn_credits_desc_1_months_badge_tooltip_pd&quot;:{&quot;type&quot;:&quot;plural&quot;,&quot;plural&quot;:{&quot;one&quot;:&quot;You&#039;ll earn {start_bold}{amount_with_currency_post} Credits{end_bold}. They&#039;ll be added to your Wallet 14 days after your stay and expire in {num_months} month.&quot;,&quot;other&quot;:&quot;You&#039;ll earn {start_bold}{amount_with_currency_post} Credits{end_bold}. They&#039;ll be added to your Wallet 14 days after your stay and expire in {num_months} months.&quot;}},&quot;vm_earn_rewards_badge_name_pd&quot;:&quot;Earn {amount_with_currency} in rewards&quot;,&quot;vm_earn_voucher_badge_name_pd&quot;:&quot;Earn {amount_with_currency} voucher&quot;,&quot;vm_earn_voucher_badge_tooltip_pd&quot;:&quot;Earn a voucher&quot;,&quot;vm_earn_voucher_desc_1_bold_badge_tooltip_pd&quot;:{&quot;type&quot;:&quot;plural&quot;,&quot;plural&quot;:{&quot;one&quot;:&quot;You&#039;ll earn a {start_bold}{amount_with_currency_post} voucher{end_bold}. It&#039;ll be added to your Wallet 14 days after your stay and will expire in {num_months} month.&quot;,&quot;other&quot;:&quot;You&#039;ll earn a {start_bold}{amount_with_currency_post} voucher{end_bold}. It&#039;ll be added to your Wallet 14 days after your stay and will expire in {num_months} months.&quot;}},&quot;vm_earn_voucher_desc_2_badge_tooltip_pd&quot;:&quot;Use your voucher on all attractions and select stays on {b_companyname}.&quot;,&quot;vm_pb_rewards_header_credits&quot;:&quot;{amount_with_currency_post} in Credits&quot;,&quot;vm_pb_rewards_header_voucher&quot;:&quot;{amount_with_currency_post} voucher&quot;,&quot;bh_gwe_sr_bed_choice_single_bunk_double_colon_hardcode&quot;:&quot;Beds: 1 double, 2 twins, or 1 bunk bed&quot;,&quot;bh_gwe_sr_bed_choice_single_double_colon_hardcode&quot;:&quot;Beds: 1 double or 2 twins&quot;,&quot;bh_sr_num_bed_type_without_bed_bunk&quot;:{&quot;type&quot;:&quot;plural&quot;,&quot;plural&quot;:{&quot;one&quot;:&quot;{num} bunk bed&quot;,&quot;other&quot;:&quot;{num} bunk beds&quot;}},&quot;bh_sr_num_bed_type_without_bed_double&quot;:{&quot;type&quot;:&quot;plural&quot;,&quot;plural&quot;:{&quot;one&quot;:&quot;{num} full&quot;,&quot;other&quot;:&quot;{num} fulls&quot;}},&quot;bh_sr_num_bed_type_without_bed_double_bunk&quot;:{&quot;type&quot;:&quot;plural&quot;,&quot;plural&quot;:{&quot;one&quot;:&quot;{num} double bunk bed&quot;,&quot;other&quot;:&quot;{num} double bunk beds&quot;}},&quot;bh_sr_num_bed_type_without_bed_futon&quot;:{&quot;type&quot;:&quot;plural&quot;,&quot;plural&quot;:{&quot;one&quot;:&quot;{num} futon&quot;,&quot;other&quot;:&quot;{num} futons&quot;}},&quot;bh_sr_num_bed_type_without_bed_large&quot;:{&quot;type&quot;:&quot;plural&quot;,&quot;plural&quot;:{&quot;one&quot;:&quot;{num} queen&quot;,&quot;other&quot;:&quot;{num} queens&quot;}},&quot;bh_sr_num_bed_type_without_bed_single&quot;:{&quot;type&quot;:&quot;plural&quot;,&quot;plural&quot;:{&quot;one&quot;:&quot;{num} twin&quot;,&quot;other&quot;:&quot;{num} twins&quot;}},&quot;bh_sr_num_bed_type_without_bed_sofa&quot;:{&quot;type&quot;:&quot;plural&quot;,&quot;plural&quot;:{&quot;one&quot;:&quot;{num} sofa bed&quot;,&quot;other&quot;:&quot;{num} sofa beds&quot;}},&quot;bh_sr_num_bed_type_without_bed_xl_double&quot;:{&quot;type&quot;:&quot;plural&quot;,&quot;plural&quot;:{&quot;one&quot;:&quot;{num} king&quot;,&quot;other&quot;:&quot;{num} kings&quot;}},&quot;bhwge_sr_bed_multi_unit_2_choice&quot;:&quot;Choice of beds: {/bed_type/[type_1]/name_lowercase_nobed} or {/bed_type/[type_2]/name_lowercase_nobed}&quot;,&quot;bhwge_sr_bed_multi_unit_3_choice&quot;:&quot;Choice of beds: {/bed_type/[type_1]/name_lowercase_nobed}, {/bed_type/[type_2]/name_lowercase_nobed}, or {/bed_type/[type_3]/name_lowercase_nobed}&quot;,&quot;bhwge_sr_num_bed_choice&quot;:&quot;Multiple bed types&quot;,&quot;m_bh_sr_num_beds&quot;:{&quot;type&quot;:&quot;plural&quot;,&quot;plural&quot;:{&quot;one&quot;:&quot;{num_beds} bed&quot;,&quot;other&quot;:&quot;{num_beds} beds&quot;}},&quot;rc_desc_bedroom&quot;:{&quot;type&quot;:&quot;plural&quot;,&quot;plural&quot;:{&quot;one&quot;:&quot;Bedroom:&quot;,&quot;other&quot;:&quot;Bedroom {bed_num}:&quot;}},&quot;rc_desc_bedroom_one_only&quot;:&quot;Bedroom:&quot;,&quot;rc_desc_living&quot;:&quot;Living room:&quot;,&quot;rc_desc_living_multy&quot;:&quot;Living room {lr_num}:&quot;,&quot;acc_sr_subhead_scrread_browse_ufi&quot;:&quot;Browse the results for {ufi_name}&quot;,&quot;web_ge_generic_signature_with_link&quot;:&quot;{b_companyname}&#039;s loyalty program. {start_link}Learn more{end_link}&quot;,&quot;web_ge_generic_signature_without_link&quot;:&quot;{b_companyname}&#039;s loyalty program&quot;,&quot;www_ge_screenreader_generic_logo&quot;:&quot;blue Genius logo&quot;,&quot;genius_vip_mlp_lp_benefits_glance_ps_des&quot;:&quot;Skip the wait. Your calls and messages will move to the front of the line for a faster response.&quot;,&quot;genius_vip_mlp_lp_benefits_glance_ps_title&quot;:&quot;Highest priority Customer Service&quot;,&quot;genius_vip_mlp_lp_discount_benefits_des_2_upper_limit&quot;:&quot;You hit the limit and can no longer enjoy this reward.&quot;,&quot;genius_vip_mlp_lp_discount_reward_learn_more_sheet_des_2_2&quot;:&quot;This is on top of any other discounts.&quot;,&quot;genius_vip_mlp_sr_btm_sheet_discount_des&quot;:&quot;Just look for the \&quot;VIP reward\&quot; label when booking your stays before {end_date}.&quot;,&quot;genius_vip_mlp_sr_btm_sheet_discount_title&quot;:&quot;Save {num_percent}% or more on stays&quot;,&quot;genius_vip_mlp_sr_btm_sheet_subheader&quot;:&quot;Your VIP status gives you access to extra benefits to enjoy on top of your Genius level&quot;,&quot;www_genius_vip_mlp_sr_modal_header&quot;:&quot;Your Genius VIP reward&quot;,&quot;genius_vip_mlp_sr_btm_cta&quot;:&quot;Got it&quot;,&quot;bp_distance_miles&quot;:{&quot;type&quot;:&quot;plural&quot;,&quot;plural&quot;:{&quot;one&quot;:&quot;1 mile&quot;,&quot;other&quot;:&quot;{distance} miles&quot;}},&quot;hotelfacility/name&quot;:{&quot;type&quot;:&quot;list&quot;,&quot;items&quot;:{&quot;1&quot;:&quot;Swimming pool&quot;,&quot;2&quot;:&quot;Parking&quot;,&quot;3&quot;:&quot;Restaurant&quot;,&quot;4&quot;:&quot;Pet friendly&quot;,&quot;5&quot;:&quot;Room service&quot;,&quot;6&quot;:&quot;Meeting/Banquet facilities&quot;,&quot;7&quot;:&quot;Bar&quot;,&quot;8&quot;:&quot;24-hour front desk&quot;,&quot;9&quot;:&quot;Tennis court&quot;,&quot;10&quot;:&quot;Sauna&quot;,&quot;11&quot;:&quot;Fitness center&quot;,&quot;12&quot;:&quot;Golf course (within 2 miles)&quot;,&quot;13&quot;:&quot;Newspapers&quot;,&quot;14&quot;:&quot;Garden&quot;,&quot;15&quot;:&quot;Terrace&quot;,&quot;16&quot;:&quot;Non-smoking rooms&quot;,&quot;17&quot;:&quot;Airport shuttle&quot;,&quot;19&quot;:&quot;Fishing&quot;,&quot;20&quot;:&quot;Business center&quot;,&quot;21&quot;:&quot;Babysitting/Child services&quot;,&quot;22&quot;:&quot;Laundry&quot;,&quot;23&quot;:&quot;Dry cleaning&quot;,&quot;24&quot;:&quot;Continental breakfast&quot;,&quot;25&quot;:&quot;Facilities for disabled guests&quot;,&quot;26&quot;:&quot;Skiing&quot;,&quot;27&quot;:&quot;Hair/Beauty salon&quot;,&quot;28&quot;:&quot;Family rooms&quot;,&quot;29&quot;:&quot;Game room&quot;,&quot;30&quot;:&quot;Casino&quot;,&quot;41&quot;:&quot;VIP room facilities&quot;,&quot;43&quot;:&quot;Breakfast in the room&quot;,&quot;44&quot;:&quot;Ironing service&quot;,&quot;45&quot;:&quot;Honeymoon suite&quot;,&quot;46&quot;:&quot;Free parking&quot;,&quot;47&quot;:&quot;Internet&quot;,&quot;48&quot;:&quot;Elevator&quot;,&quot;49&quot;:&quot;Express check-in/out&quot;,&quot;50&quot;:&quot;Solarium&quot;,&quot;51&quot;:&quot;Safe&quot;,&quot;52&quot;:&quot;Valet parking&quot;,&quot;53&quot;:&quot;Currency exchange&quot;,&quot;54&quot;:&quot;Spa&quot;,&quot;55&quot;:&quot;Massage&quot;,&quot;56&quot;:&quot;Playground&quot;,&quot;57&quot;:&quot;Pool table&quot;,&quot;58&quot;:&quot;Ping-pong&quot;,&quot;59&quot;:&quot;Karaoke&quot;,&quot;60&quot;:&quot;Gift shop&quot;,&quot;61&quot;:&quot;Windsurfing&quot;,&quot;62&quot;:&quot;Darts&quot;,&quot;63&quot;:&quot;Hot tub/Jacuzzi&quot;,&quot;64&quot;:&quot;Soundproof rooms&quot;,&quot;65&quot;:&quot;Bicycle rental (additional charge)&quot;,&quot;66&quot;:&quot;Library&quot;,&quot;67&quot;:&quot;Shoeshine&quot;,&quot;69&quot;:&quot;Canoeing&quot;,&quot;70&quot;:&quot;Hiking&quot;,&quot;71&quot;:&quot;Chapel/Shrine&quot;,&quot;72&quot;:&quot;BBQ facilities&quot;,&quot;73&quot;:&quot;Packed lunches&quot;,&quot;75&quot;:&quot;Car rental&quot;,&quot;76&quot;:&quot;Cycling&quot;,&quot;77&quot;:&quot;Bowling&quot;,&quot;78&quot;:&quot;Tour desk&quot;,&quot;79&quot;:&quot;Turkish/Steam Bath&quot;,&quot;80&quot;:&quot;Heating&quot;,&quot;81&quot;:&quot;Fax/Photocopying&quot;,&quot;82&quot;:&quot;Diving&quot;,&quot;86&quot;:&quot;Horseback riding&quot;,&quot;87&quot;:&quot;Racquetball&quot;,&quot;88&quot;:&quot;Designer Hotel&quot;,&quot;89&quot;:&quot;Ticket service&quot;,&quot;90&quot;:&quot;Snorkeling&quot;,&quot;91&quot;:&quot;Baggage storage&quot;,&quot;92&quot;:&quot;Shops on site&quot;,&quot;96&quot;:&quot;WiFi&quot;,&quot;97&quot;:&quot;Mini golf&quot;,&quot;98&quot;:&quot;Gay Friendly&quot;,&quot;99&quot;:&quot;Ski storage&quot;,&quot;100&quot;:&quot;Ski school&quot;,&quot;101&quot;:&quot;Hypoallergenic room available&quot;,&quot;102&quot;:&quot;Breakfast Buffet&quot;,&quot;103&quot;:&quot;Indoor pool&quot;,&quot;104&quot;:&quot;Outdoor pool&quot;,&quot;107&quot;:&quot;Free WiFi&quot;,&quot;108&quot;:&quot;Smoke-free property&quot;,&quot;109&quot;:&quot;Air conditioning&quot;,&quot;110&quot;:&quot;Designated smoking area&quot;,&quot;111&quot;:&quot;ATM on site&quot;,&quot;114&quot;:&quot;Private beach area&quot;,&quot;115&quot;:&quot;Restaurant&quot;,&quot;116&quot;:&quot;Buffet&quot;,&quot;117&quot;:&quot;Snack bar&quot;,&quot;118&quot;:&quot;Sun deck&quot;,&quot;119&quot;:&quot;Outdoor pool (year-round)&quot;,&quot;120&quot;:&quot;Outdoor pool (seasonal)&quot;,&quot;121&quot;:&quot;Indoor pool (year-round)&quot;,&quot;122&quot;:&quot;Indoor pool (seasonal)&quot;,&quot;123&quot;:&quot;Bikes available (free)&quot;,&quot;124&quot;:&quot;Concierge&quot;,&quot;125&quot;:&quot;Entertainment staff&quot;,&quot;126&quot;:&quot;Nightclub/DJ&quot;,&quot;127&quot;:&quot;Private check-in/out&quot;,&quot;128&quot;:&quot;Shuttle service (free)&quot;,&quot;129&quot;:&quot;Shuttle service (additional charge)&quot;,&quot;130&quot;:&quot;Ski rental on site&quot;,&quot;131&quot;:&quot;Ski pass vendor&quot;,&quot;132&quot;:&quot;Ski-in, ski-out access&quot;,&quot;133&quot;:&quot;Special diet meals (on request)&quot;,&quot;134&quot;:&quot;Suit press&quot;,&quot;135&quot;:&quot;Vending machine (drinks)&quot;,&quot;136&quot;:&quot;Vending machine (snacks)&quot;,&quot;137&quot;:&quot;Water sports facilities on site&quot;,&quot;138&quot;:&quot;Hot spring bath&quot;,&quot;139&quot;:&quot;Airport shuttle (free)&quot;,&quot;140&quot;:&quot;Airport shuttle (additional charge)&quot;,&quot;141&quot;:&quot;Shared kitchen&quot;,&quot;142&quot;:&quot;Lockers&quot;,&quot;143&quot;:&quot;Shared lounge/TV area&quot;,&quot;144&quot;:&quot;Kids&#039; club&quot;,&quot;145&quot;:&quot;Convenience store on site&quot;,&quot;146&quot;:&quot;Beachfront&quot;,&quot;147&quot;:&quot;Evening entertainment&quot;,&quot;148&quot;:&quot;Water park&quot;,&quot;149&quot;:&quot;Adults only&quot;,&quot;150&quot;:&quot;Detached - Entire property&quot;,&quot;151&quot;:&quot;Semi-detached&quot;,&quot;152&quot;:&quot;Privately-owned apartment&quot;,&quot;153&quot;:&quot;Ground floor (private access)&quot;,&quot;154&quot;:&quot;Ground floor (shared access)&quot;,&quot;155&quot;:&quot;Upper floor - elevator&quot;,&quot;156&quot;:&quot;Upper floor - stairs&quot;,&quot;157&quot;:&quot;Wheelchair accessible&quot;,&quot;158&quot;:&quot;Daily housekeeping&quot;,&quot;159&quot;:&quot;Grocery deliveries&quot;,&quot;160&quot;:&quot;Parking on site&quot;,&quot;161&quot;:&quot;Private Parking&quot;,&quot;162&quot;:&quot;Misc parking&quot;,&quot;163&quot;:&quot;WiFi in all areas&quot;,&quot;164&quot;:&quot;Paid WiFi&quot;,&quot;165&quot;:&quot;Michelin-star Dining&quot;,&quot;166&quot;:&quot;Open-air bath&quot;,&quot;167&quot;:&quot;Public Bath&quot;,&quot;168&quot;:&quot;Waterslide&quot;,&quot;169&quot;:&quot;Swimming pool toys&quot;,&quot;170&quot;:&quot;Board games/Puzzles&quot;,&quot;171&quot;:&quot;Books, DVDs \u0026 music for kids&quot;,&quot;172&quot;:&quot;Indoor play area&quot;,&quot;173&quot;:&quot;Outdoor play equipment for kids&quot;,&quot;174&quot;:&quot;Baby safety gates&quot;,&quot;175&quot;:&quot;Kids&#039; TV channels&quot;,&quot;176&quot;:&quot;Kids&#039; meals&quot;,&quot;177&quot;:&quot;Kid-friendly buffet&quot;,&quot;178&quot;:&quot;Sofa Bed&quot;,&quot;179&quot;:&quot;Secure parking&quot;,&quot;180&quot;:&quot;Street parking&quot;,&quot;181&quot;:&quot;Parking garage&quot;,&quot;182&quot;:&quot;Electric vehicle charging station&quot;,&quot;183&quot;:&quot;Public transit tickets&quot;,&quot;184&quot;:&quot;Accessible parking&quot;,&quot;185&quot;:&quot;Wheelchair accessible&quot;,&quot;186&quot;:&quot;Toilet with grab rails&quot;,&quot;187&quot;:&quot;Raised toilet&quot;,&quot;188&quot;:&quot;Lowered sink&quot;,&quot;189&quot;:&quot;Bathroom emergency cord&quot;,&quot;192&quot;:&quot;Rooftop pool&quot;,&quot;193&quot;:&quot;Infinity pool&quot;,&quot;194&quot;:&quot;Pool with view&quot;,&quot;195&quot;:&quot;Heated pool&quot;,&quot;196&quot;:&quot;Saltwater pool&quot;,&quot;197&quot;:&quot;Plunge pool&quot;,&quot;198&quot;:&quot;Pool/Beach towels&quot;,&quot;199&quot;:&quot;Pool bar&quot;,&quot;200&quot;:&quot;Shallow end&quot;,&quot;201&quot;:&quot;Pool cover&quot;,&quot;203&quot;:&quot;Wine/Champagne&quot;,&quot;204&quot;:&quot;Bottle of water&quot;,&quot;205&quot;:&quot;Fruit&quot;,&quot;206&quot;:&quot;Chocolate/Cookies&quot;,&quot;207&quot;:&quot;Tickets to shows/attractions&quot;,&quot;209&quot;:&quot;Airport pickup&quot;,&quot;210&quot;:&quot;Airport drop-off&quot;,&quot;211&quot;:&quot;Visual aids (Braille)&quot;,&quot;212&quot;:&quot;Visual aids (tactile signs)&quot;,&quot;213&quot;:&quot;Auditory guidance&quot;,&quot;214&quot;:&quot;Strollers&quot;,&quot;215&quot;:&quot;Tennis equipment&quot;,&quot;216&quot;:&quot;Badminton equipment&quot;,&quot;217&quot;:&quot;Pet basket&quot;,&quot;218&quot;:&quot;Pet bowls&quot;,&quot;219&quot;:&quot;Coffee house on site&quot;,&quot;220&quot;:&quot;Beach chairs/Loungers&quot;,&quot;221&quot;:&quot;Beach umbrellas&quot;,&quot;222&quot;:&quot;Outdoor furniture&quot;,&quot;223&quot;:&quot;Fenced pool&quot;,&quot;224&quot;:&quot;Picnic area&quot;,&quot;225&quot;:&quot;Outdoor fireplace&quot;,&quot;226&quot;:&quot;Beauty services&quot;,&quot;227&quot;:&quot;Facial treatments&quot;,&quot;228&quot;:&quot;Waxing services&quot;,&quot;229&quot;:&quot;Makeup services&quot;,&quot;230&quot;:&quot;Hair treatments&quot;,&quot;231&quot;:&quot;Manicure&quot;,&quot;232&quot;:&quot;Pedicure&quot;,&quot;233&quot;:&quot;Haircut&quot;,&quot;234&quot;:&quot;Hair coloring&quot;,&quot;235&quot;:&quot;Hairstyling&quot;,&quot;236&quot;:&quot;Body treatments&quot;,&quot;237&quot;:&quot;Body scrub&quot;,&quot;238&quot;:&quot;Body wrap&quot;,&quot;239&quot;:&quot;Light therapy&quot;,&quot;240&quot;:&quot;Spa facilities&quot;,&quot;241&quot;:&quot;Steam room&quot;,&quot;242&quot;:&quot;Spa lounge/Relaxation area&quot;,&quot;243&quot;:&quot;Foot bath&quot;,&quot;244&quot;:&quot;Spa/Wellness packages&quot;,&quot;245&quot;:&quot;Back massage&quot;,&quot;246&quot;:&quot;Neck massage&quot;,&quot;247&quot;:&quot;Foot massage&quot;,&quot;248&quot;:&quot;Couples&#039; massage&quot;,&quot;249&quot;:&quot;Head massage&quot;,&quot;250&quot;:&quot;Hand massage&quot;,&quot;251&quot;:&quot;Full-body massage&quot;,&quot;252&quot;:&quot;Massage chair&quot;,&quot;253&quot;:&quot;Fitness&quot;,&quot;254&quot;:&quot;Yoga classes&quot;,&quot;255&quot;:&quot;Fitness classes&quot;,&quot;256&quot;:&quot;Personal trainer&quot;,&quot;257&quot;:&quot;Locker rooms&quot;,&quot;258&quot;:&quot;Kids&#039; pool&quot;,&quot;301&quot;:&quot;Swimming pool&quot;,&quot;302&quot;:&quot;Beach&quot;,&quot;303&quot;:&quot;Special baths&quot;,&quot;304&quot;:&quot;Shuttle service&quot;,&quot;305&quot;:&quot;Breakfast options&quot;,&quot;306&quot;:&quot;Game drives&quot;,&quot;307&quot;:&quot;The Big Five&quot;,&quot;308&quot;:&quot;Walking Safari&quot;,&quot;309&quot;:&quot;Bush Dinner&quot;,&quot;310&quot;:&quot;Game Drives&quot;,&quot;311&quot;:&quot;The Big Five&quot;,&quot;312&quot;:&quot;Walking Safari&quot;,&quot;313&quot;:&quot;Bush Dinner&quot;,&quot;400&quot;:&quot;Temporary art galleries&quot;,&quot;401&quot;:&quot;Bar crawls&quot;,&quot;402&quot;:&quot;Stand-up comedy&quot;,&quot;403&quot;:&quot;Movie nights&quot;,&quot;404&quot;:&quot;Walking tours&quot;,&quot;405&quot;:&quot;Bike tours&quot;,&quot;406&quot;:&quot;Themed dinners&quot;,&quot;407&quot;:&quot;Happy hour&quot;,&quot;408&quot;:&quot;Tour or class about local culture&quot;,&quot;409&quot;:&quot;Cooking class&quot;,&quot;410&quot;:&quot;Live music/Performance&quot;,&quot;411&quot;:&quot;Live sports events (broadcast)&quot;,&quot;412&quot;:&quot;Archery&quot;,&quot;413&quot;:&quot;Aerobics&quot;,&quot;414&quot;:&quot;Bingo&quot;,&quot;415&quot;:&quot;Downhill Skiing&quot;,&quot;418&quot;:&quot;24-hour security&quot;,&quot;419&quot;:&quot;Key access&quot;,&quot;420&quot;:&quot;Key card access&quot;,&quot;421&quot;:&quot;Security alarm&quot;,&quot;422&quot;:&quot;Smoke alarms&quot;,&quot;423&quot;:&quot;CCTV in common areas&quot;,&quot;424&quot;:&quot;CCTV outside property&quot;,&quot;425&quot;:&quot;Fire extinguishers&quot;,&quot;426&quot;:&quot;Bicycle parking&quot;,&quot;427&quot;:&quot;Telephone&quot;,&quot;428&quot;:&quot;Postal service&quot;,&quot;429&quot;:&quot;Laundry room&quot;,&quot;430&quot;:&quot;Ski shuttle&quot;,&quot;431&quot;:&quot;Bath/Hot spring&quot;,&quot;432&quot;:&quot;Private bath&quot;,&quot;433&quot;:&quot;Swimming pool&quot;,&quot;434&quot;:&quot;No single-use plastics&quot;,&quot;435&quot;:&quot;Have you removed (or never offered) all single-use plastic miniature shampoo, conditioner, and body wash bottles?&quot;,&quot;436&quot;:&quot;Guests have the option to reuse towels&quot;,&quot;437&quot;:&quot;Carbon monoxide detector&quot;,&quot;438&quot;:&quot;Carbon monoxide sources&quot;,&quot;439&quot;:&quot;Have you removed (or never offered) all plastic straws?&quot;,&quot;440&quot;:&quot;Have you removed (or never offered) all plastic cups?&quot;,&quot;441&quot;:&quot;Have you removed (or never offered) all plastic water bottles?&quot;,&quot;442&quot;:&quot;Have you removed (or never offered) all plastic bottles for other drinks?&quot;,&quot;443&quot;:&quot;Have you removed (or never offered) all plastic cutlery and tableware?&quot;,&quot;444&quot;:&quot;Key card or motion-controlled electricity for guests&quot;,&quot;445&quot;:&quot;Guests can opt out of daily cleaning service&quot;,&quot;446&quot;:&quot;Water cooler/dispenser&quot;,&quot;447&quot;:&quot;Bicycle rental&quot;,&quot;448&quot;:&quot;Have you removed (or never offered) all plastic stirrers?&quot;,&quot;449&quot;:&quot;Use of cleaning chemicals that are effective against coronavirus&quot;,&quot;450&quot;:&quot;Linens, towels, and laundry washed in accordance with local authority guidelines&quot;,&quot;451&quot;:&quot;Guest accommodation disinfected between stays&quot;,&quot;452&quot;:&quot;Guest accommodation sealed after cleaning&quot;,&quot;453&quot;:&quot;Physical distancing in dining areas&quot;,&quot;454&quot;:&quot;Food can be delivered to guest accommodation&quot;,&quot;455&quot;:&quot;Staff follow all safety protocols as directed by local authorities&quot;,&quot;456&quot;:&quot;Shared stationery (e.g. printed menus, magazines, pens, paper) removed&quot;,&quot;457&quot;:&quot;Hand sanitizer in guest accommodation and common areas&quot;,&quot;458&quot;:&quot;Process in place to check health of guests&quot;,&quot;459&quot;:&quot;First aid kits available&quot;,&quot;460&quot;:&quot;Contactless check-in/out&quot;,&quot;461&quot;:&quot;Cashless payment available&quot;,&quot;462&quot;:&quot;Physical distancing rules followed&quot;,&quot;463&quot;:&quot;Mobile app for room service&quot;,&quot;464&quot;:&quot;Screens or physical barriers between staff and guests in appropriate areas&quot;,&quot;465&quot;:&quot;Invoice provided&quot;,&quot;466&quot;:&quot;Property cleaned by professional cleaning companies&quot;,&quot;467&quot;:&quot;All plates, cutlery, glasses, and other tableware sanitized&quot;,&quot;468&quot;:&quot;Guests have the option to cancel any cleaning services for their accommodation during their stay&quot;,&quot;470&quot;:&quot;Passport/ID info collected online before you arrive&quot;,&quot;471&quot;:&quot;Check-in kiosk in the lobby&quot;,&quot;472&quot;:&quot;Lockbox key collection at the property&quot;,&quot;473&quot;:&quot;Lockbox key collection near the property&quot;,&quot;474&quot;:&quot;Digital key access&quot;,&quot;484&quot;:&quot;Breakfast to-go containers&quot;,&quot;485&quot;:&quot;Delivered food covered securely&quot;,&quot;486&quot;:&quot;Access to healthcare professionals&quot;,&quot;487&quot;:&quot;Thermometers for guests provided by property&quot;,&quot;488&quot;:&quot;Face masks for guests available&quot;,&quot;489&quot;:&quot;Wild (non-domesticated) animals aren&#039;t displayed or interacted with while kept at the property, nor are they harvested, consumed, or sold.&quot;,&quot;490&quot;:&quot;Recycling bins are available to guests and waste is recycled&quot;,&quot;491&quot;:&quot;At least 80% of food is sourced from your region&quot;,&quot;492&quot;:&quot;At least 80% of lighting uses energy-efficient LED bulbs&quot;,&quot;493&quot;:&quot;Only using water-efficient toilets (e.g. low-flow toilets, dual flush toilets)&quot;,&quot;494&quot;:&quot;Only using water-efficient showers (e.g smart showers, low-flow shower heads)&quot;,&quot;495&quot;:&quot;All windows are double-glazed&quot;,&quot;496&quot;:&quot;Food waste policy in place that includes education, food waste prevention, reduction, recycling, and disposal&quot;,&quot;497&quot;:&quot;A percentage of revenue is invested back into community or sustainability projects&quot;,&quot;498&quot;:&quot;Compensate for at least 10% of total annual carbon emissions by purchasing certified carbon offsets&quot;,&quot;499&quot;:&quot;Tours and activities organized by local guides and businesses&quot;,&quot;500&quot;:&quot;Vegetarian menu options available&quot;,&quot;501&quot;:&quot;Vegan menu options available&quot;,&quot;502&quot;:&quot;Green spaces like (rooftop) gardens at the property&quot;,&quot;503&quot;:&quot;At least 80% of provided food is organic&quot;,&quot;504&quot;:&quot;100% renewable electricity used throughout the property&quot;,&quot;505&quot;:&quot;Local artists are offered a platform to display their talents&quot;,&quot;506&quot;:&quot;Provide guests with info about local ecosystems, history, culture, and visitor etiquette&quot;,&quot;507&quot;:&quot;100% renewable energy is used throughout the property&quot;,&quot;508&quot;:&quot;Local artists are offered a platform to display their talents&quot;,&quot;509&quot;:&quot;Provide guests with information regarding local ecosystems, heritage and culture, as well as visitor etiquette&quot;,&quot;510&quot;:&quot;Provide guests with information regarding local ecosystems, heritage and culture, as well as visitor etiquette&quot;,&quot;511&quot;:&quot;Indoor fireplace&quot;,&quot;512&quot;:&quot;Breakfast to go&quot;,&quot;513&quot;:&quot;Breakfast to go&quot;,&quot;514&quot;:&quot;Breakfast to go&quot;,&quot;other&quot;:&quot;&quot;}},&quot;review_question/name&quot;:{&quot;type&quot;:&quot;list&quot;,&quot;items&quot;:{&quot;hotel_bath&quot;:&quot;Bathroom&quot;,&quot;hotel_clean&quot;:&quot;Cleanliness&quot;,&quot;hotel_comfort&quot;:&quot;Comfort&quot;,&quot;hotel_location&quot;:&quot;Location&quot;,&quot;hotel_services&quot;:&quot;Facilities&quot;,&quot;hotel_staff&quot;:&quot;Staff&quot;,&quot;hotel_value&quot;:&quot;Value for money&quot;,&quot;hotel_wifi&quot;:&quot;WiFi&quot;,&quot;other&quot;:&quot;&quot;,&quot;review_rating_beach&quot;:&quot;Beach&quot;,&quot;review_rating_bed_comfort&quot;:&quot;Bed Comfort&quot;,&quot;review_rating_breakfast&quot;:&quot;Breakfast&quot;,&quot;review_rating_coffee&quot;:&quot;Coffee&quot;,&quot;review_rating_facilities&quot;:&quot;Facilities&quot;,&quot;review_rating_gym&quot;:&quot;Fitness Center&quot;,&quot;review_rating_parking&quot;:&quot;Parking&quot;,&quot;review_rating_pool&quot;:&quot;Swimming Pool&quot;,&quot;review_rating_restaurant&quot;:&quot;On-site Restaurant&quot;,&quot;review_rating_room&quot;:&quot;Room&quot;,&quot;review_rating_room_size&quot;:&quot;Room Size&quot;,&quot;review_rating_score&quot;:&quot;Guest Rating&quot;,&quot;review_rating_shuttle&quot;:&quot;Shuttle Service&quot;,&quot;review_rating_spa&quot;:&quot;Spa&quot;,&quot;review_rating_view&quot;:&quot;View&quot;,&quot;review_rating_wifi_paid&quot;:&quot;Paid WiFi&quot;,&quot;room_service&quot;:&quot;Room Service&quot;,&quot;sleep_quality&quot;:&quot;Quality of sleep&quot;,&quot;total&quot;:&quot;Total&quot;}},&quot;date_format/date_with_year&quot;:{&quot;type&quot;:&quot;list&quot;,&quot;items&quot;:{&quot;1&quot;:&quot;{month_name} {day_of_month}, {full_year}&quot;,&quot;date_with_weekday_time_at&quot;:&quot;date_with_year&quot;,&quot;other&quot;:&quot;&quot;}},&quot;bh_gwe_sr_hr_banner_cta&quot;:&quot;Show vacation rentals&quot;,&quot;bh_gwe_sr_hr_banner_header&quot;:&quot;Want an entire place to yourself?&quot;,&quot;bh_gwe_sr_hr_banner_subtext&quot;:&quot;Vacation rentals can make you feel right at home with extra privacy&quot;,&quot;bh_gwe_sr_privacy_banner_cta&quot;:&quot;Show entire homes \u0026 apartments&quot;,&quot;bh_gwe_sr_privacy_banner_header&quot;:&quot;Looking for a space of your own?&quot;,&quot;bh_gwe_sr_privacy_banner_subtext&quot;:&quot;Find privacy and peace of mind with an entire home or apartment to yourself&quot;,&quot;a11y_cta_close_banner_new&quot;:&quot;Close banner&quot;,&quot;review_index_copy&quot;:&quot;How was {start_bold}{property_name}{end_bold}?&quot;,&quot;accs_sr_sign_in_num_members_deals&quot;:{&quot;type&quot;:&quot;plural&quot;,&quot;plural&quot;:{&quot;one&quot;:&quot;Sign in to reveal {num_members_deals} members-only deal&quot;,&quot;other&quot;:&quot;Sign in to reveal {num_members_deals} members-only deals&quot;}},&quot;accs_sr_sign_in_num_members_deals_cta&quot;:&quot;Sign in&quot;,&quot;sr_search_adjustment_filter_block_change_dates_cta&quot;:&quot;Change dates&quot;,&quot;sr_search_adjustment_filter_block_change_dest_cta&quot;:&quot;Change destination&quot;,&quot;sr_search_adjustment_filter_block_clear_cta&quot;:&quot;Clear filters&quot;,&quot;sr_search_adjustment_filter_block_head&quot;:&quot;Take control of your search&quot;,&quot;sr_search_adjustment_filter_block_subhead&quot;:&quot;Maximize availability using one of these options:&quot;,&quot;a11y_gmega_genius_logo_participating_properties&quot;:&quot;Genius discounts available at this property.&quot;,&quot;a11y_help_preferred_plus_property&quot;:&quot;This property is part of our Preferred Plus Program. It&#039;s committed to providing outstanding service and excellent value. It&#039;ll pay us a higher commission if you make a booking.&quot;,&quot;a11y_help_preferred_property&quot;:&quot;This property is part of our Preferred Partner Program. It&#039;s committed to providing excellent service and good value. It’ll pay us a higher commission if you make a booking.&quot;,&quot;a11y_preferred_programme_new_tooltip_pref_plus&quot;:&quot;This is a Preferred Plus property. Preferred Plus properties provide excellent value, meet {b_companyname}&#039;s quality standards, and pay {b_companyname} to be in this program.&quot;,&quot;a11y_preferred_programme_new_tooltip_preferred&quot;:&quot;This is a Preferred property. Preferred properties meet {b_companyname}&#039;s quality standards and pay {b_companyname} to be in this program.&quot;,&quot;a11y_sr_open_new_window&quot;:&quot;Opens in new window&quot;,&quot;a11y_sr_property_soldout_aria_label&quot;:&quot;This property is unavailable on our site for your dates&quot;,&quot;bas_about_this_ad_contents_legal_entity_desktop&quot;:&quot;This slot is a paid ad by {legal_entity}. You&#039;re seeing this ad because of several factors, including advertiser bid and relevance to your search criteria, such as travel destination and dates.&quot;,&quot;bh_nontrader_property&quot;:&quot;Managed by a private host&quot;,&quot;china_cn_sr_hotel_card_ad&quot;:&quot;Ad&quot;,&quot;help_preferred_plus_property&quot;:&quot;This property is part of our Preferred Plus Program. It&#039;s committed to providing outstanding service and excellent value. It&#039;ll pay us a higher commission if you make a booking.&quot;,&quot;help_preferred_property&quot;:&quot;This property is part of our Preferred Partner Program. It&#039;s committed to providing excellent service and good value. It’ll pay us a higher commission if you make a booking.&quot;,&quot;preferred_programme_new_tooltip_pref_plus&quot;:&quot;This is a Preferred Plus property. Preferred Plus properties provide excellent value, meet {b_companyname}&#039;s quality standards, and pay {b_companyname} to be in this program.&quot;,&quot;preferred_programme_new_tooltip_preferred&quot;:&quot;This is a Preferred property. Preferred properties meet {b_companyname}&#039;s quality standards and pay {b_companyname} to be in this program.&quot;,&quot;preferred_programme_new_tooltip_vb&quot;:&quot;This property pays additional commission to increase their visibility on our platform&quot;,&quot;ranking_vb_promoted&quot;:&quot;Featured&quot;,&quot;ranking_vb_promoted_tooltip&quot;:&quot;This property matches your criteria and may be ranked higher in your search results. It will pay us a higher commission if you make a booking.&quot;,&quot;usm_promoted_hotel_badge_copy&quot;:&quot;Ad&quot;,&quot;usm_promoted_hotel_badge_tooltip&quot;:&quot;This property spends a little extra to appear in this spot, and it matches your search criteria.&quot;,&quot;wallet_label&quot;:&quot;Pay with Wallet&quot;,&quot;beach_sr_distance_beachfront&quot;:&quot;Beachfront&quot;,&quot;fe_cc_distance_tooltip_sr&quot;:&quot;This is the straight-line distance on the map. Actual travel distance may vary.&quot;,&quot;ge_boost_sr_city_centre&quot;:&quot;In the city center&quot;,&quot;loc_sr_subway_access&quot;:&quot;Subway Access&quot;,&quot;map_show_on&quot;:&quot;Show on map&quot;,&quot;maps_sr_beach_nearby&quot;:&quot;Beach Nearby&quot;,&quot;maps_sr_beach_nearby_list_separator&quot;:&quot;, &quot;,&quot;maps_sr_beach_nearby_tooltip&quot;:&quot;Not far from: {list_of_beaches}&quot;,&quot;distance_from_destination&quot;:&quot;{distanceInKm} from {userDestination}&quot;,&quot;distance_map_centre&quot;:&quot;{distance} from map center&quot;,&quot;m_sr_distance_from_centre&quot;:&quot;{distanceInKmFromCentre} from center&quot;,&quot;loc_sr_want_installments_min_required&quot;:{&quot;type&quot;:&quot;plural&quot;,&quot;plural&quot;:{&quot;one&quot;:&quot;{start_style}Want to pay in {num_installments}x installment?{end_style} This option is available at this property for bookings over {instalment_min_pay}.&quot;,&quot;other&quot;:&quot;{start_style}Want to pay in {num_installments}x installments?{end_style} This option is available at this property for bookings over {instalment_min_pay}.&quot;}},&quot;loc_sr_want_installments_no_min&quot;:{&quot;type&quot;:&quot;plural&quot;,&quot;plural&quot;:{&quot;one&quot;:&quot;{start_style}Want to pay in {num_installments} installment?{end_style} This option is available at this property.&quot;,&quot;other&quot;:&quot;{start_style}Want to pay in {num_installments} installments?{end_style} This option is available at this property.&quot;}},&quot;a11y_rating_score_for_screenreader&quot;:&quot;Scored {review_score_number} &quot;,&quot;bhc_sr_new_to_bcom_badge&quot;:&quot;New to {b_companyname}&quot;,&quot;comp_fd_lp_header_rs&quot;:&quot;Review score&quot;,&quot;enter_dates_to_see_prices&quot;:&quot;enter your check-in and check-out dates in the search box on the left to see the exact room prices for your stay and to be able to sort by price.&quot;,&quot;sr_nodates_show_prices&quot;:&quot;Show prices&quot;,&quot;sr_property_card_tooltip_no_dates&quot;:&quot;To see room prices, enter your check-in and check-out dates in the search box.&quot;,&quot;extl_reviews_no_bcom_sr_reviews_modal_first_body_legal_update&quot;:&quot;We give properties on our site a review score out of 10.&quot;,&quot;extl_reviews_no_bcom_sr_reviews_modal_header&quot;:&quot;External review score&quot;,&quot;extl_reviews_no_bcom_sr_reviews_modal_second_body_legal_update&quot;:&quot;Some properties—such as those new to our site—don’t have any reviews from {b_companyname} guests. Until these properties get their first {b_companyname} guest review, we calculate their review score using guest reviews from some of the other travel sites they’re listed on. Whenever these external reviews are scored out of 5, we adjust them to a 10-point scale. {b_companyname} can’t verify these reviews to confirm that the reviewer meets {b_companyname} review criteria.&quot;,&quot;extl_reviews_no_bcom_sr_reviews_tooltip_cta&quot;:&quot;Learn more about external reviews&quot;,&quot;extl_reviews_yes_bcom_sr_reviews_modal_second_body_transparent&quot;:&quot;Some properties—like those new to our website—don’t have any reviews from {b_companyname} guests. In this case, we calculate a review score using reviews from guests who booked the same property on other trusted travel websites.&quot;,&quot;xtl_reviews_no_bcom_sr_reviews_tooltip_transparent_legal_update&quot;:&quot;The {review_score} review score is based on reviews for this property left by guests on several other travel websites, converted to the {b_companyname} 10-point scale.&quot;,&quot;bh_prd_sr_card_weeks_above_price&quot;:{&quot;type&quot;:&quot;plural&quot;,&quot;plural&quot;:{&quot;one&quot;:&quot;{num_weeks} week&quot;,&quot;other&quot;:&quot;{num_weeks} weeks&quot;}},&quot;m_prd_sr_card_adults_above_price&quot;:{&quot;type&quot;:&quot;plural&quot;,&quot;plural&quot;:{&quot;one&quot;:&quot;{n_of_adults} adult&quot;,&quot;other&quot;:&quot;{n_of_adults} adults&quot;}},&quot;m_prd_sr_card_nights_adults_children_nights_parent&quot;:&quot;Price for {m_prd_sr_card_adults_above_price}, {m_prd_sr_card_children_above_price}, {m_prd_sr_card_nights_above_price}&quot;,&quot;m_prd_sr_card_nights_adults_parent&quot;:&quot;Price for {m_prd_sr_card_adults_above_price}, {m_prd_sr_card_nights_above_price}&quot;,&quot;m_sr_hp_price_for_x_nights_bold&quot;:{&quot;type&quot;:&quot;plural&quot;,&quot;plural&quot;:{&quot;one&quot;:&quot;Price for {start_bold}{num_nights} night{end_bold}:&quot;,&quot;other&quot;:&quot;Price for {start_bold}{num_nights} nights{end_bold}:&quot;}},&quot;prd_sr_card_adults_above_price&quot;:{&quot;type&quot;:&quot;plural&quot;,&quot;plural&quot;:{&quot;one&quot;:&quot;{n_of_adults} adult&quot;,&quot;other&quot;:&quot;{n_of_adults} adults&quot;}},&quot;prd_sr_card_children_above_price&quot;:{&quot;type&quot;:&quot;plural&quot;,&quot;plural&quot;:{&quot;one&quot;:&quot;{n_of_children} child&quot;,&quot;other&quot;:&quot;{n_of_children} children&quot;}},&quot;prd_sr_card_nights_above_price&quot;:{&quot;type&quot;:&quot;plural&quot;,&quot;plural&quot;:{&quot;one&quot;:&quot;{n_of_nights} night&quot;,&quot;other&quot;:&quot;{n_of_nights} nights&quot;}},&quot;prd_sr_card_nights_adults_children_parent&quot;:&quot;{prd_sr_card_nights_above_price}, {prd_sr_card_adults_above_price}, {prd_sr_card_children_above_price}&quot;,&quot;prd_sr_card_nights_adults_parent&quot;:&quot;{prd_sr_card_nights_above_price}, {prd_sr_card_adults_above_price}&quot;,&quot;a11y_vm_sr_rt_generic_price_currency&quot;:&quot;Price {generic_price_with_currency}&quot;,&quot;a11y_vm_sr_rt_original_current_price_currency&quot;:{&quot;type&quot;:&quot;plural&quot;,&quot;plural&quot;:{&quot;one&quot;:&quot;Original price {original_price_with_currency}. Current price {current_price_with_currency}.&quot;,&quot;other&quot;:&quot;Original price {original_price_with_currency}. Current price {current_price_with_currency}.&quot;}},&quot;vm_single_savings_badge_name_pd&quot;:&quot;{num_percent}% off&quot;,&quot;sr_pd_breakdown_price_summary&quot;:&quot;Price Summary&quot;,&quot;pd_sr_deals_badges_grouped&quot;:&quot;+ {num}&quot;,&quot;fame_sr_group_rec_header&quot;:&quot;Recommended for your group&quot;,&quot;fame_sr_group_rec_header_apartment&quot;:&quot;Whole apartment for your family&quot;,&quot;fame_sr_group_rec_header_cheapest&quot;:&quot;Lowest price at this property&quot;,&quot;fame_sr_group_rec_header_cheapest_fc&quot;:&quot;Lowest price with free cancellation at this property&quot;,&quot;fame_sr_group_rec_header_family&quot;:&quot;Recommended for your family&quot;,&quot;fame_sr_group_rec_header_less_rooms&quot;:{&quot;type&quot;:&quot;plural&quot;,&quot;plural&quot;:{&quot;one&quot;:&quot;{num_rooms} room for your family&quot;,&quot;other&quot;:&quot;{num_rooms} rooms for your family&quot;}},&quot;fame_sr_group_rec_header_more_rooms&quot;:{&quot;type&quot;:&quot;plural&quot;,&quot;plural&quot;:{&quot;one&quot;:&quot;Extra space – {num_rooms} room for your family&quot;,&quot;other&quot;:&quot;Extra space – {num_rooms} rooms for your family&quot;}},&quot;bhage_hp_bed_comma_separator&quot;:&quot;,&quot;,&quot;fame_free_child_rt&quot;:&quot;Free stay for your child&quot;,&quot;fame_sr_free_cot_requested_for_you&quot;:&quot;Free crib requested for you&quot;,&quot;free_cancellation_before&quot;:&quot;before {cancellation_date}&quot;,&quot;ge_deepen_free_breakfast_sr_card_4&quot;:&quot;Breakfast is free for Genius members like you! You&#039;ll get the same breakfast as other guests, but you won&#039;t have to pay for it.&quot;,&quot;wtpex_npp_decap_1&quot;:&quot;{start_bold}{start_green}No prepayment needed{end_green}{end_bold} – pay at the property&quot;,&quot;transactional_policies/name&quot;:{&quot;type&quot;:&quot;list&quot;,&quot;items&quot;:{&quot;cxl_fc_name&quot;:&quot;{start_bold}Free cancellation{end_bold}&quot;,&quot;other&quot;:&quot;&quot;}},&quot;bhgwe_sr_show_bh_bathroom_num&quot;:{&quot;type&quot;:&quot;plural&quot;,&quot;plural&quot;:{&quot;one&quot;:&quot;{num_bathrooms} bathroom&quot;,&quot;other&quot;:&quot;{num_bathrooms} bathrooms&quot;}},&quot;m_bh_sr_num_bedrooms&quot;:{&quot;type&quot;:&quot;plural&quot;,&quot;plural&quot;:{&quot;one&quot;:&quot;{num_bedrooms} bedroom&quot;,&quot;other&quot;:&quot;{num_bedrooms} bedrooms&quot;}},&quot;m_bh_sr_num_living_rooms&quot;:{&quot;type&quot;:&quot;plural&quot;,&quot;plural&quot;:{&quot;one&quot;:&quot;{num_living_rooms} living room&quot;,&quot;other&quot;:&quot;{num_living_rooms} living rooms&quot;}},&quot;www_bh_age_sr_unit_config_kitchen&quot;:{&quot;type&quot;:&quot;plural&quot;,&quot;plural&quot;:{&quot;one&quot;:&quot;{num} kitchen&quot;,&quot;other&quot;:&quot;{num} kitchens&quot;}},&quot;bh_gwe_sr_bed_config_up_to&quot;:{&quot;type&quot;:&quot;plural&quot;,&quot;plural&quot;:{&quot;one&quot;:&quot;{num_beds} bed&quot;,&quot;other&quot;:&quot;Up to {num_beds} beds&quot;}},&quot;m_bh_sr_num_private_pool&quot;:{&quot;type&quot;:&quot;plural&quot;,&quot;plural&quot;:{&quot;one&quot;:&quot;Private pool&quot;,&quot;other&quot;:&quot;{num} private pools&quot;}},&quot;loc_hp_rt_up_to_x_installments&quot;:{&quot;type&quot;:&quot;plural&quot;,&quot;plural&quot;:{&quot;one&quot;:&quot;up to {num_installments}x&quot;,&quot;other&quot;:&quot;up to {num_installments}x&quot;}},&quot;sr_dates_cta_choose_room&quot;:&quot;Select your room&quot;,&quot;sr_hc_cta_see_availability&quot;:&quot;See availability&quot;,&quot;background_image&quot;:&quot;Background Image&quot;,&quot;rates_rocket_gating_popup_button&quot;:&quot;Send&quot;,&quot;rates_rocket_gating_popup_message_limited_offer&quot;:&quot;This is a limited offer.&quot;,&quot;rates_rocket_gating_success_popup_cta&quot;:&quot;Got it&quot;,&quot;rates_rocket_gating_success_popup_desc&quot;:&quot;You unlocked special deals that you can find in your search results.&quot;,&quot;rates_rocket_gating_success_popup_header&quot;:&quot;Congrats!&quot;,&quot;sp_ext_cashback_expand_index_details&quot;:&quot;See promotion details&quot;,&quot;sp_miles_may_vary&quot;:&quot;The number shown above is for reference only. The final amount awarded may vary slightly due to exchange rates.&quot;,&quot;sp_reward_coupon_bs_box_earn&quot;:&quot;Here&#039;s what you&#039;ll get for this booking&quot;,&quot;sp_reward_coupon_bs_box_header&quot;:&quot;Your reward&quot;,&quot;sp_loyalty_see_terms_and_conditions&quot;:&quot;See terms and conditions&quot;,&quot;loyalty_banner_sentences/name&quot;:{&quot;type&quot;:&quot;list&quot;,&quot;items&quot;:{&quot;header_general_terms&quot;:&quot;General terms&quot;,&quot;header_multiple_rewards&quot;:&quot;Up for a rewarding trip?&quot;,&quot;other&quot;:&quot;&quot;}},&quot;csi_srt_button_copy_details&quot;:&quot;Copy details&quot;,&quot;chains_sr_bundle_rates_extras_badge&quot;:&quot;Rates with extras available&quot;,&quot;sr_mdot_facility_type_closed_from_until&quot;:&quot;{facility_type} closed from {start_date} until {end_date}&quot;,&quot;gex_w_sr_meta_landing_sign_in_card&quot;:&quot;Get a member-only discount on this price – {start_link}sign in{end_link}&quot;,&quot;bh_gps_bb_program_action_module_stage_2_amenities_desk&quot;:&quot;Desk or table to work at&quot;,&quot;bhbb_sr_pp_workfriendly_badge&quot;:&quot;Work-friendly&quot;,&quot;bhbb_work_friendly_tooltip_essentials&quot;:&quot;Essentials: Towels, pillows, linens, and toiletries&quot;,&quot;bhbb_work_friendly_tooltip_invoice&quot;:&quot;Invoice available upon request&quot;,&quot;bhbb_work_friendly_tooltip_wifi&quot;:&quot;Free WiFi&quot;,&quot;gc_parkfly_sr_badge&quot;:&quot;Park \u0026 Fly&quot;,&quot;sr_unavailable_property_temp_closed_no_res&quot;:&quot;Sorry, this property isn&#039;t taking reservations on our site right now.&quot;,&quot;bex_bl_sr_badge_payment_method_accepted&quot;:&quot;Accepts {payment_method}&quot;,&quot;iq_bui_next_page&quot;:&quot;Next page&quot;,&quot;iq_bui_previous_page&quot;:&quot;Previous page&quot;,&quot;sr_footer_num_properties_frontloaded_destination&quot;:{&quot;type&quot;:&quot;plural&quot;,&quot;plural&quot;:{&quot;one&quot;:&quot;{destination}: {num_properties} property found&quot;,&quot;other&quot;:&quot;{destination}: {num_properties} properties found&quot;}},&quot;sr_showing_results_footer&quot;:{&quot;type&quot;:&quot;plural&quot;,&quot;plural&quot;:{&quot;one&quot;:&quot;Showing {first_num_results} – {last_num_results}&quot;,&quot;other&quot;:&quot;Showing {first_num_results} – {last_num_results}&quot;}},&quot;sr_sort_by_action_label&quot;:&quot;Sort by:&quot;,&quot;triptypes_hp_guests_generic_recommend_header&quot;:&quot;Our guests love these destinations&quot;,&quot;triptypes_hp_personalised_recommend_header&quot;:&quot;Recommended by travelers like you&quot;,&quot;triptypes_hp_recommend_header&quot;:&quot;Get inspiration for your next trip&quot;,&quot;sxp_carousel_accessibility_next&quot;:&quot;Next&quot;,&quot;sxp_carousel_accessibility_previous&quot;:&quot;Previous&quot;,&quot;a11y_travheader_view_notifications&quot;:&quot;View your notifications&quot;,&quot;android_preferences_notifications_forweb&quot;:&quot;Notifications&quot;,&quot;a11y_travheader_msg&quot;:&quot;Open messaging&quot;,&quot;msg_lc_alt_messaging_platform&quot;:{&quot;type&quot;:&quot;plural&quot;,&quot;plural&quot;:{&quot;one&quot;:&quot;Check your new message&quot;,&quot;other&quot;:&quot;Check {number} new messages&quot;}},&quot;a11y_traveller_header_account_genius_lev1&quot;:&quot;Genius Level 1&quot;,&quot;a11y_traveller_header_account_genius_lev2&quot;:&quot;Genius Level 2&quot;,&quot;a11y_traveller_header_account_genius_lev3&quot;:&quot;Genius Level 3&quot;,&quot;a11y_traveller_header_close_menu&quot;:&quot;Close the menu&quot;,&quot;a11y_webshell_close_account_menu&quot;:&quot;Close account menu&quot;,&quot;a11y_webshell_close_currency_selector&quot;:&quot;Close currency selector&quot;,&quot;a11y_webshell_close_language_selector&quot;:&quot;Close language selector&quot;,&quot;a11y_webshell_close_menu&quot;:&quot;Close menu&quot;,&quot;a11y_webshell_header_tools_account_menu_genius&quot;:&quot;Your account menu {user_name} {genius_level}&quot;,&quot;a11y_webshell_header_tools_account_menu_no_genius&quot;:&quot;Your account menu {user_name}&quot;,&quot;a11y_webshell_header_tools_currency&quot;:&quot;Prices in {selected_currency}&quot;,&quot;a11y_webshell_header_tools_language&quot;:&quot;Language: {selected_lang}&quot;,&quot;a11y_webshell_header_tools_register&quot;:&quot;Create an account&quot;,&quot;a11y_webshell_header_tools_sign_in&quot;:&quot;Sign in&quot;,&quot;a11y_webshell_header_tools_support&quot;:&quot;Customer support&quot;,&quot;a11y_webshell_logged_in_menu&quot;:&quot;Menu&quot;,&quot;a11y_webshell_logged_in_my_account&quot;:&quot;My account&quot;,&quot;a11y_webshell_logged_out_account&quot;:&quot;Log in or create an account&quot;,&quot;a11y_webshell_tab_bar_intro&quot;:&quot;What are you looking for?&quot;,&quot;header_menu_cs_help&quot;:&quot;Customer Service help&quot;,&quot;traveller_header_account_currency_all&quot;:&quot;All currencies&quot;,&quot;traveller_header_account_currency_most_often&quot;:&quot;Suggested for you&quot;,&quot;traveller_header_account_header_help&quot;:&quot;Help and support&quot;,&quot;traveller_header_account_lang_all&quot;:&quot;All languages&quot;,&quot;traveller_header_account_lang_most_often&quot;:&quot;Suggested for you&quot;,&quot;traveller_header_account_more&quot;:&quot;More&quot;,&quot;traveller_header_account_select_language&quot;:&quot;Select your language&quot;,&quot;traveller_header_account_select_your_currency&quot;:&quot;Select your currency&quot;,&quot;traveller_header_xbar_more&quot;:&quot;More&quot;,&quot;traveller_header_account_more_header_discover&quot;:&quot;Inspiration&quot;,&quot;traveller_header_account_more_header_settings&quot;:&quot;Settings and legal&quot;,&quot;a11y_traveller_header_close_profile_menu&quot;:&quot;Close the profile menu&quot;,&quot;traveller_header_account_sign_out&quot;:&quot;Sign out&quot;,&quot;fx_piyoc_funnel_currency_selector&quot;:&quot;Where applicable, prices will be converted to—and shown in—the currency you select. The currency you pay in may differ based on your reservation, and a service fee may also apply.&quot;,&quot;fx_piyoc_funnel_room_table&quot;:&quot;Prices converted to {user_currency}&quot;,&quot;fx_piyoc_funnel_room_table_tooltip&quot;:&quot;Prices have been converted from {property_currency} to show the approximate cost based on our latest exchange rate. Includes a service fee.&quot;,&quot;in_cooperation_with&quot;:&quot;In cooperation with&quot;,&quot;sp_funnel_trusted_affiliate&quot;:&quot;Trusted Affiliate&quot;,&quot;sp_partnership_with_another_company&quot;:&quot;In partnership with&quot;,&quot;mobile_header_icon_go_back&quot;:&quot;Go back&quot;,&quot;a11y_ace_global_alert_disruptive_label&quot;:&quot;Important travel alert&quot;,&quot;a11y_ace_global_alert_normal_label&quot;:&quot;Travel alert&quot;,&quot;a11y_ace_global_alert_num&quot;:{&quot;type&quot;:&quot;plural&quot;,&quot;plural&quot;:{&quot;one&quot;:&quot;{num_alerts} travel alert&quot;,&quot;other&quot;:&quot;{num_alerts} travel alerts&quot;}},&quot;webcore_shell_global_alert_turkey_body&quot;:&quot;Unfortunately, it isn&#039;t possible for our customers in Turkey to book domestically, but you can still book international properties with us. We apologize for any inconvenience and are constantly working to extend our range of services within Turkey.&quot;,&quot;webcore_shell_global_alert_turkey_title&quot;:&quot;Unable to book within Turkey&quot;,&quot;webcore_shell_global_alert_ukraine_body_1&quot;:&quot;To make an informed decision, review official travel guidelines for the area you intend to visit. We recommend booking a free cancellation option in case your travel plans change.&quot;,&quot;webcore_shell_global_alert_ukraine_body_2&quot;:&quot;To support the humanitarian response to the war in Ukraine, make your donation to reputable aid organizations for maximum impact.&quot;,&quot;webcore_shell_global_alert_ukraine_title&quot;:&quot;Safety concerns in Ukraine&quot;,&quot;bh_gwe_sr_privacy_entire_apartment&quot;:{&quot;type&quot;:&quot;plural&quot;,&quot;plural&quot;:{&quot;one&quot;:&quot;Entire apartment&quot;,&quot;other&quot;:&quot;{num} entire apartments&quot;}},&quot;bh_gwe_sr_privacy_entire_apartment_one&quot;:&quot;{num} entire apartment&quot;,&quot;bh_gwe_sr_privacy_entire_bungalow&quot;:{&quot;type&quot;:&quot;plural&quot;,&quot;plural&quot;:{&quot;one&quot;:&quot;Entire bungalow&quot;,&quot;other&quot;:&quot;{num} entire bungalows&quot;}},&quot;bh_gwe_sr_privacy_entire_bungalow_one&quot;:&quot;{num} entire bungalow&quot;,&quot;bh_gwe_sr_privacy_entire_chalet&quot;:{&quot;type&quot;:&quot;plural&quot;,&quot;plural&quot;:{&quot;one&quot;:&quot;Entire chalet&quot;,&quot;other&quot;:&quot;{num} entire chalets&quot;}},&quot;bh_gwe_sr_privacy_entire_chalet_one&quot;:&quot;{num} entire chalet&quot;,&quot;bh_gwe_sr_privacy_entire_holiday_home&quot;:{&quot;type&quot;:&quot;plural&quot;,&quot;plural&quot;:{&quot;one&quot;:&quot;Entire vacation home&quot;,&quot;other&quot;:&quot;{num} entire vacation homes&quot;}},&quot;bh_gwe_sr_privacy_entire_holiday_home_one&quot;:&quot;{num} entire vacation home&quot;,&quot;bh_gwe_sr_privacy_entire_studio&quot;:{&quot;type&quot;:&quot;plural&quot;,&quot;plural&quot;:{&quot;one&quot;:&quot;Entire studio&quot;,&quot;other&quot;:&quot;{num} entire studios&quot;}},&quot;bh_gwe_sr_privacy_entire_studio_one&quot;:&quot;{num} entire studio&quot;,&quot;bh_gwe_sr_privacy_entire_villa&quot;:{&quot;type&quot;:&quot;plural&quot;,&quot;plural&quot;:{&quot;one&quot;:&quot;Entire villa&quot;,&quot;other&quot;:&quot;{num} entire villas&quot;}},&quot;bh_gwe_sr_privacy_entire_villa_one&quot;:&quot;{num} entire villa&quot;,&quot;bh_gwe_sr_privacy_hotel_room&quot;:{&quot;type&quot;:&quot;plural&quot;,&quot;plural&quot;:{&quot;one&quot;:&quot;Hotel room&quot;,&quot;other&quot;:&quot;{num} hotel rooms&quot;}},&quot;bh_gwe_sr_privacy_hotel_room_one&quot;:&quot;{num} hotel room&quot;,&quot;bh_gwe_sr_privacy_no_descriptor_bed_in_dorm&quot;:{&quot;type&quot;:&quot;plural&quot;,&quot;plural&quot;:{&quot;one&quot;:&quot;Bed in dorm&quot;,&quot;other&quot;:&quot;{num} beds in dorms&quot;}},&quot;bh_gwe_sr_privacy_no_descriptor_bed_in_dorm_one&quot;:&quot;{num} bed in dorm&quot;,&quot;bh_gwe_sr_privacy_no_descriptor_empty_spot&quot;:{&quot;type&quot;:&quot;plural&quot;,&quot;plural&quot;:{&quot;one&quot;:&quot;Empty spot&quot;,&quot;other&quot;:&quot;{num} empty spots&quot;}},&quot;bh_gwe_sr_privacy_no_descriptor_empty_spot_one&quot;:&quot;{num} empty spot&quot;,&quot;bh_gwe_sr_privacy_no_descriptor_mobile_home&quot;:{&quot;type&quot;:&quot;plural&quot;,&quot;plural&quot;:{&quot;one&quot;:&quot;Mobile home&quot;,&quot;other&quot;:&quot;{num} mobile homes&quot;}},&quot;bh_gwe_sr_privacy_no_descriptor_mobile_home_one&quot;:&quot;{num} mobile home&quot;,&quot;bh_gwe_sr_privacy_no_descriptor_tent&quot;:{&quot;type&quot;:&quot;plural&quot;,&quot;plural&quot;:{&quot;one&quot;:&quot;Tent&quot;,&quot;other&quot;:&quot;{num} tents&quot;}},&quot;bh_gwe_sr_privacy_no_descriptor_tent_one&quot;:&quot;{num} tent&quot;,&quot;bh_gwe_sr_privacy_private_apartment&quot;:{&quot;type&quot;:&quot;plural&quot;,&quot;plural&quot;:{&quot;one&quot;:&quot;Private apartment&quot;,&quot;other&quot;:&quot;{num} private apartments&quot;}},&quot;bh_gwe_sr_privacy_private_apartment_one&quot;:&quot;{num} private apartment&quot;,&quot;bh_gwe_sr_privacy_private_room&quot;:{&quot;type&quot;:&quot;plural&quot;,&quot;plural&quot;:{&quot;one&quot;:&quot;Private room&quot;,&quot;other&quot;:&quot;{num} private rooms&quot;}},&quot;bh_gwe_sr_privacy_private_room_one&quot;:&quot;{num} private room&quot;,&quot;bh_gwe_sr_privacy_private_studio&quot;:{&quot;type&quot;:&quot;plural&quot;,&quot;plural&quot;:{&quot;one&quot;:&quot;Private studio&quot;,&quot;other&quot;:&quot;{num} private studios&quot;}},&quot;bh_gwe_sr_privacy_private_studio_one&quot;:&quot;{num} private studio&quot;,&quot;bh_gwe_sr_privacy_private_suite&quot;:{&quot;type&quot;:&quot;plural&quot;,&quot;plural&quot;:{&quot;one&quot;:&quot;Private suite&quot;,&quot;other&quot;:&quot;{num} private suites&quot;}},&quot;bh_gwe_sr_privacy_private_suite_one&quot;:&quot;{num} private suite&quot;,&quot;bh_gwe_sr_privacy_shared_bathroom_room&quot;:{&quot;type&quot;:&quot;plural&quot;,&quot;plural&quot;:{&quot;one&quot;:&quot;Room with shared bathroom&quot;,&quot;other&quot;:&quot;{num} rooms with shared bathrooms&quot;}},&quot;bh_gwe_sr_privacy_shared_bathroom_room_one&quot;:&quot;{num} room with shared bathroom&quot;,&quot;bh_gwe_sr_privacy_shared_dorm_room&quot;:{&quot;type&quot;:&quot;plural&quot;,&quot;plural&quot;:{&quot;one&quot;:&quot;Shared dorm room&quot;,&quot;other&quot;:&quot;{num} shared dorm rooms&quot;}},&quot;bh_gwe_sr_privacy_shared_dorm_room_one&quot;:&quot;{num} shared dormitory room&quot;,&quot;beach_sr_distance_from_beach_ft&quot;:{&quot;type&quot;:&quot;plural&quot;,&quot;plural&quot;:{&quot;one&quot;:&quot;{distance} ft from beach&quot;,&quot;other&quot;:&quot;{distance} ft from beach&quot;}},&quot;beach_sr_distance_from_beach_m&quot;:{&quot;type&quot;:&quot;plural&quot;,&quot;plural&quot;:{&quot;one&quot;:&quot;{distance} m from beach&quot;,&quot;other&quot;:&quot;{distance} m from beach&quot;}},&quot;beach_sr_distance_to_beach&quot;:&quot;{distance_to_beach} from beach&quot;,&quot;gte_web_sr_maps_hotel_card_genius_free_breakfast&quot;:&quot;Free breakfast&quot;,&quot;gte_web_sr_maps_hotel_card_genius_free_room_upgrade&quot;:&quot;Free room upgrade&quot;,&quot;maps_hp_sr_sorry_unavailable_legal&quot;:&quot;Unavailable for your dates on our site&quot;,&quot;vpm_hp_no_dates_add_dates_button&quot;:&quot;Add dates to see prices&quot;,&quot;a11y_adjective_rating&quot;:&quot;Rated {/adjectives/[rating_adjective]/name}&quot;,&quot;review_adj_above_average&quot;:&quot;Above average&quot;,&quot;review_adj_average&quot;:&quot;Average&quot;,&quot;review_adj_disappointing&quot;:&quot;Disappointing&quot;,&quot;review_adj_exceptional&quot;:&quot;Exceptional&quot;,&quot;review_adj_fabulous&quot;:&quot;Excellent&quot;,&quot;review_adj_good&quot;:&quot;Good&quot;,&quot;review_adj_pleasant&quot;:&quot;Pleasant&quot;,&quot;review_adj_poor&quot;:&quot;Poor&quot;,&quot;review_adj_superb&quot;:&quot;Wonderful&quot;,&quot;review_adj_very_good&quot;:&quot;Very Good&quot;,&quot;review_adj_very_poor&quot;:&quot;Very Poor&quot;,&quot;adjectives/adj_fem_plu&quot;:{&quot;type&quot;:&quot;list&quot;,&quot;items&quot;:{&quot;1&quot;:&quot;very poor&quot;,&quot;2&quot;:&quot;poor&quot;,&quot;3&quot;:&quot;disappointing&quot;,&quot;4&quot;:&quot;fair&quot;,&quot;5&quot;:&quot;okay&quot;,&quot;6&quot;:&quot;pleasant&quot;,&quot;7&quot;:&quot;good&quot;,&quot;8&quot;:&quot;very good&quot;,&quot;9&quot;:&quot;excellent&quot;,&quot;10&quot;:&quot;wonderful&quot;,&quot;11&quot;:&quot;exceptional&quot;,&quot;adj_masc_sing&quot;:&quot;x&quot;,&quot;other&quot;:&quot;&quot;}},&quot;adjectives/adj_fem_sing&quot;:{&quot;type&quot;:&quot;list&quot;,&quot;items&quot;:{&quot;1&quot;:&quot;very poor&quot;,&quot;2&quot;:&quot;poor&quot;,&quot;3&quot;:&quot;disappointing&quot;,&quot;4&quot;:&quot;fair&quot;,&quot;5&quot;:&quot;okay&quot;,&quot;6&quot;:&quot;pleasant&quot;,&quot;7&quot;:&quot;good&quot;,&quot;8&quot;:&quot;very good&quot;,&quot;9&quot;:&quot;excellent&quot;,&quot;10&quot;:&quot;wonderful&quot;,&quot;11&quot;:&quot;exceptional&quot;,&quot;adj_masc_sing&quot;:&quot;x&quot;,&quot;other&quot;:&quot;&quot;}},&quot;adjectives/adj_masc_plu_acc&quot;:{&quot;type&quot;:&quot;list&quot;,&quot;items&quot;:{&quot;1&quot;:&quot;very poor&quot;,&quot;2&quot;:&quot;poor&quot;,&quot;3&quot;:&quot;disappointing&quot;,&quot;4&quot;:&quot;fair&quot;,&quot;5&quot;:&quot;okay&quot;,&quot;6&quot;:&quot;pleasant&quot;,&quot;7&quot;:&quot;good&quot;,&quot;8&quot;:&quot;very good&quot;,&quot;9&quot;:&quot;excellent&quot;,&quot;10&quot;:&quot;wonderful&quot;,&quot;11&quot;:&quot;exceptional&quot;,&quot;adj_masc_sing&quot;:&quot;x&quot;,&quot;other&quot;:&quot;&quot;}},&quot;adjectives/adj_masc_sing_acc&quot;:{&quot;type&quot;:&quot;list&quot;,&quot;items&quot;:{&quot;1&quot;:&quot;very poor&quot;,&quot;2&quot;:&quot;poor&quot;,&quot;3&quot;:&quot;disappointing&quot;,&quot;4&quot;:&quot;fair&quot;,&quot;5&quot;:&quot;okay&quot;,&quot;6&quot;:&quot;pleasant&quot;,&quot;7&quot;:&quot;good&quot;,&quot;8&quot;:&quot;very good&quot;,&quot;9&quot;:&quot;excellent&quot;,&quot;10&quot;:&quot;wonderful&quot;,&quot;11&quot;:&quot;exceptional&quot;,&quot;adj_masc_sing&quot;:&quot;x&quot;,&quot;other&quot;:&quot;&quot;}},&quot;adjectives/adj_neut_sing&quot;:{&quot;type&quot;:&quot;list&quot;,&quot;items&quot;:{&quot;1&quot;:&quot;very poor&quot;,&quot;2&quot;:&quot;poor&quot;,&quot;3&quot;:&quot;disappointing&quot;,&quot;4&quot;:&quot;fair&quot;,&quot;5&quot;:&quot;okay&quot;,&quot;6&quot;:&quot;pleasant&quot;,&quot;7&quot;:&quot;good&quot;,&quot;8&quot;:&quot;very good&quot;,&quot;9&quot;:&quot;excellent&quot;,&quot;10&quot;:&quot;wonderful&quot;,&quot;11&quot;:&quot;exceptional&quot;,&quot;adj_masc_sing&quot;:&quot;x&quot;,&quot;other&quot;:&quot;&quot;}},&quot;adjectives/adj_neut_sing_acc&quot;:{&quot;type&quot;:&quot;list&quot;,&quot;items&quot;:{&quot;1&quot;:&quot;very poor&quot;,&quot;2&quot;:&quot;poor&quot;,&quot;3&quot;:&quot;disappointing&quot;,&quot;4&quot;:&quot;fair&quot;,&quot;5&quot;:&quot;okay&quot;,&quot;6&quot;:&quot;pleasant&quot;,&quot;7&quot;:&quot;good&quot;,&quot;8&quot;:&quot;very good&quot;,&quot;9&quot;:&quot;excellent&quot;,&quot;10&quot;:&quot;wonderful&quot;,&quot;11&quot;:&quot;exceptional&quot;,&quot;adj_masc_sing&quot;:&quot;x&quot;,&quot;other&quot;:&quot;&quot;}},&quot;adjectives/name&quot;:{&quot;type&quot;:&quot;list&quot;,&quot;items&quot;:{&quot;1&quot;:&quot;very poor&quot;,&quot;2&quot;:&quot;poor&quot;,&quot;3&quot;:&quot;disappointing&quot;,&quot;4&quot;:&quot;fair&quot;,&quot;5&quot;:&quot;okay&quot;,&quot;6&quot;:&quot;pleasant&quot;,&quot;7&quot;:&quot;good&quot;,&quot;8&quot;:&quot;very good&quot;,&quot;9&quot;:&quot;excellent&quot;,&quot;10&quot;:&quot;wonderful&quot;,&quot;11&quot;:&quot;exceptional&quot;,&quot;adj_masc_sing&quot;:&quot;x&quot;,&quot;other&quot;:&quot;&quot;}},&quot;m_pp_num_reviews_entry&quot;:{&quot;type&quot;:&quot;plural&quot;,&quot;plural&quot;:{&quot;one&quot;:&quot;{num_reviews} review&quot;,&quot;other&quot;:&quot;{num_reviews} reviews&quot;}},&quot;maps_none_available_change_dates&quot;:&quot;Change your dates&quot;,&quot;maps_none_available_change_filters&quot;:&quot;Change your filters&quot;,&quot;maps_none_available_no_props_avail_here&quot;:&quot;Sorry, there aren&#039;t any properties available here&quot;,&quot;maps_none_available_refresh&quot;:&quot;Refresh results&quot;,&quot;maps_none_available_remove_all_filters&quot;:&quot;Remove all filters&quot;,&quot;maps_none_available_search_different&quot;:&quot;Search for a different location&quot;,&quot;maps_none_available_sorry&quot;:&quot;Sorry, no results&quot;,&quot;maps_none_available_try_following&quot;:&quot;Try the following to get results:&quot;,&quot;maps_none_available_zoom_out&quot;:&quot;Zoom out on the map&quot;,&quot;d_maps_loading_properties&quot;:&quot;Loading properties...&quot;,&quot;num_reviews_sr_page&quot;:{&quot;type&quot;:&quot;plural&quot;,&quot;plural&quot;:{&quot;one&quot;:&quot;{num_reviews} review&quot;,&quot;other&quot;:&quot;{num_reviews} reviews&quot;}},&quot;sr_hp_taxes_and_charges_exception&quot;:&quot;Additional charges may apply&quot;,&quot;sr_search_card_plus_taxes_and_charges&quot;:&quot;+ taxes and charges&quot;,&quot;sr_search_card_plus_taxes_and_charges_amount_v2&quot;:&quot;+{sum_taxes_charges} taxes and charges&quot;,&quot;convert_incentives_index_card_more_information_tcs&quot;:&quot;Terms and conditions&quot;,&quot;incentives_engage_reward_modal_got_it_cta&quot;:&quot;Got it&quot;,&quot;reward_mini_tcs_complete_tcs_link&quot;:&quot;Full terms and conditions apply&quot;,&quot;reward_mini_tcs_title&quot;:&quot;Terms \u0026 Conditions&quot;,&quot;m_sr_autoextend_carousel_starting_from&quot;:&quot;Starting from&quot;,&quot;webcore_trans_wanderlist_show_props_cta&quot;:&quot;Show properties&quot;,&quot;webcore_xm_survey_index_modal_aria_label_close&quot;:&quot;Close&quot;,&quot;webcore_xm_survey_index_modal_notification&quot;:&quot;Thanks for helping us create better experiences for everyone&quot;,&quot;webcore_xm_survey_index_modal_cta_submit&quot;:&quot;Submit&quot;,&quot;webcore_xm_survey_index_modal_likert_1&quot;:&quot;Very unsatisfied&quot;,&quot;webcore_xm_survey_index_modal_likert_2&quot;:&quot;Unsatisfied&quot;,&quot;webcore_xm_survey_index_modal_likert_3&quot;:&quot;Neutral&quot;,&quot;webcore_xm_survey_index_modal_likert_4&quot;:&quot;Satisfied&quot;,&quot;webcore_xm_survey_index_modal_likert_5&quot;:&quot;Very satisfied&quot;,&quot;webcore_xm_survey_index_modal_likert_agree_1&quot;:&quot;Strongly agree&quot;,&quot;webcore_xm_survey_index_modal_likert_agree_2&quot;:&quot;Agree&quot;,&quot;webcore_xm_survey_index_modal_likert_agree_3&quot;:&quot;Neutral&quot;,&quot;webcore_xm_survey_index_modal_likert_agree_4&quot;:&quot;Disagree&quot;,&quot;webcore_xm_survey_index_modal_likert_agree_5&quot;:&quot;Strongly disagree&quot;,&quot;webcore_xm_survey_index_modal_q1&quot;:&quot;How satisfied are you with your experience today?\n&quot;,&quot;webcore_xm_survey_index_modal_v2_q1&quot;:&quot;It&#039;s easy to find what I’m looking for&quot;}}&lt;/script&gt;&lt;script data-capla-namespace=&quot;b-search-web-searchresultsBXEQLBaN&quot; data-capla-store-data=&quot;apollo&quot; type=&quot;application/json&quot;&gt;{&quot;ROOT_QUERY&quot;:{&quot;__typename&quot;:&quot;Query&quot;,&quot;checkin&quot;:&quot;2023-09-15&quot;,&quot;checkout&quot;:&quot;2023-09-16&quot;,&quot;popularDestinations({\&quot;input\&quot;:{\&quot;maxResults\&quot;:5,\&quot;requestType\&quot;:\&quot;BY_REGION\&quot;}})&quot;:{&quot;__typename&quot;:&quot;PopularDestinationsOutput&quot;,&quot;results&quot;:[{&quot;__typename&quot;:&quot;PopularDestinationResult&quot;,&quot;destType&quot;:&quot;CITY&quot;,&quot;destId&quot;:-354044,&quot;destinationName&quot;:&quot;Máncora&quot;,&quot;countryName&quot;:&quot;Peru&quot;,&quot;maxLengthOfStay&quot;:90,&quot;resultType&quot;:&quot;BY_REGION&quot;},{&quot;__typename&quot;:&quot;PopularDestinationResult&quot;,&quot;destType&quot;:&quot;CITY&quot;,&quot;destId&quot;:-367472,&quot;destinationName&quot;:&quot;Vichayito&quot;,&quot;countryName&quot;:&quot;Peru&quot;,&quot;maxLengthOfStay&quot;:90,&quot;resultType&quot;:&quot;BY_REGION&quot;},{&quot;__typename&quot;:&quot;PopularDestinationResult&quot;,&quot;destType&quot;:&quot;CITY&quot;,&quot;destId&quot;:-339582,&quot;destinationName&quot;:&quot;Canoas de Punta Sal&quot;,&quot;countryName&quot;:&quot;Peru&quot;,&quot;maxLengthOfStay&quot;:90,&quot;resultType&quot;:&quot;BY_REGION&quot;},{&quot;__typename&quot;:&quot;PopularDestinationResult&quot;,&quot;destType&quot;:&quot;CITY&quot;,&quot;destId&quot;:-353444,&quot;destinationName&quot;:&quot;Los Órganos&quot;,&quot;countryName&quot;:&quot;Peru&quot;,&quot;maxLengthOfStay&quot;:90,&quot;resultType&quot;:&quot;BY_REGION&quot;},{&quot;__typename&quot;:&quot;PopularDestinationResult&quot;,&quot;destType&quot;:&quot;CITY&quot;,&quot;destId&quot;:-368708,&quot;destinationName&quot;:&quot;Zorritos&quot;,&quot;countryName&quot;:&quot;Peru&quot;,&quot;maxLengthOfStay&quot;:90,&quot;resultType&quot;:&quot;BY_REGION&quot;}]},&quot;searchQueries&quot;:{&quot;__typename&quot;:&quot;SearchQueries&quot;,&quot;search({\&quot;input\&quot;:{\&quot;acidCarouselContext\&quot;:null,\&quot;doAvailabilityCheck\&quot;:false,\&quot;enableCampaigns\&quot;:true,\&quot;encodedAutocompleteMeta\&quot;:null,\&quot;filters\&quot;:{},\&quot;forcedBlocks\&quot;:null,\&quot;location\&quot;:{\&quot;destId\&quot;:261060,\&quot;destType\&quot;:\&quot;LANDMARK\&quot;},\&quot;metaContext\&quot;:null,\&quot;needsRoomsMatch\&quot;:false,\&quot;optionalFeatures\&quot;:{\&quot;forceArpExperiments\&quot;:true,\&quot;testProperties\&quot;:false},\&quot;pagination\&quot;:{\&quot;offset\&quot;:0,\&quot;rowsPerPage\&quot;:25},\&quot;rawQueryForSession\&quot;:\&quot;/searchresults.html?\&quot;,\&quot;referrerBlock\&quot;:null,\&quot;sbCalendarOpen\&quot;:false,\&quot;seoThemeIds\&quot;:[],\&quot;showAparthotelAsHotel\&quot;:true,\&quot;sorters\&quot;:{\&quot;referenceGeoId\&quot;:null,\&quot;selectedSorter\&quot;:null,\&quot;tripTypeIntentId\&quot;:null},\&quot;travelPurpose\&quot;:2,\&quot;useSearchParamsFromSession\&quot;:true}})&quot;:{&quot;__typename&quot;:&quot;SearchQueryOutput&quot;,&quot;banners&quot;:[{&quot;__typename&quot;:&quot;Banner&quot;,&quot;name&quot;:&quot;incentives&quot;,&quot;type&quot;:&quot;banner&quot;,&quot;isDismissible&quot;:null,&quot;showAfterDismissedDuration&quot;:null,&quot;position&quot;:2,&quot;requestAlternativeDates&quot;:null,&quot;title&quot;:null,&quot;imageUrl&quot;:null,&quot;paragraphs&quot;:null,&quot;metadata&quot;:null,&quot;pendingReviewInfo&quot;:null,&quot;nbDeals&quot;:null,&quot;primaryAction&quot;:null,&quot;secondaryAction&quot;:null,&quot;iconName&quot;:null,&quot;flexibleFilterOptions&quot;:[],&quot;trackOnView&quot;:[],&quot;dateFlexQueryOptions&quot;:[]},{&quot;__typename&quot;:&quot;Banner&quot;,&quot;name&quot;:&quot;cx_tracker&quot;,&quot;type&quot;:&quot;custom&quot;,&quot;isDismissible&quot;:true,&quot;showAfterDismissedDuration&quot;:null,&quot;position&quot;:25,&quot;requestAlternativeDates&quot;:null,&quot;title&quot;:null,&quot;imageUrl&quot;:null,&quot;paragraphs&quot;:null,&quot;metadata&quot;:null,&quot;pendingReviewInfo&quot;:null,&quot;nbDeals&quot;:null,&quot;primaryAction&quot;:null,&quot;secondaryAction&quot;:null,&quot;iconName&quot;:null,&quot;flexibleFilterOptions&quot;:[],&quot;trackOnView&quot;:[],&quot;dateFlexQueryOptions&quot;:[]}],&quot;breadcrumbs&quot;:[{&quot;__typename&quot;:&quot;LandingPageBreadcrumb&quot;,&quot;destType&quot;:&quot;COUNTRY&quot;,&quot;name&quot;:&quot;Philippines&quot;,&quot;urlParts&quot;:[&quot;ph&quot;]},{&quot;__typename&quot;:&quot;LandingPageBreadcrumb&quot;,&quot;destType&quot;:&quot;REGION&quot;,&quot;name&quot;:&quot;Luzon&quot;,&quot;urlParts&quot;:[&quot;ph&quot;,&quot;luzon&quot;]},{&quot;__typename&quot;:&quot;LandingPageBreadcrumb&quot;,&quot;destType&quot;:&quot;CITY&quot;,&quot;name&quot;:&quot;Baguio&quot;,&quot;urlParts&quot;:[&quot;ph&quot;,&quot;baguio&quot;]},{&quot;__typename&quot;:&quot;LandingPageBreadcrumb&quot;,&quot;destType&quot;:&quot;LANDMARK&quot;,&quot;name&quot;:&quot;Session Road&quot;,&quot;urlParts&quot;:[&quot;ph&quot;,&quot;session-road&quot;]}],&quot;carousels&quot;:[],&quot;destinationLocation&quot;:{&quot;__typename&quot;:&quot;DestinationLocation&quot;,&quot;name&quot;:{&quot;__typename&quot;:&quot;TextWithTranslationTag&quot;,&quot;text&quot;:&quot;Session Road&quot;},&quot;inName&quot;:{&quot;__typename&quot;:&quot;TextWithTranslationTag&quot;,&quot;text&quot;:&quot;&quot;},&quot;countryCode&quot;:&quot;ph&quot;},&quot;entireHomesSearchEnabled&quot;:false,&quot;dateFlexibilityOptions&quot;:{&quot;__typename&quot;:&quot;DateFlexibilityOptions&quot;,&quot;enabled&quot;:true},&quot;filters&quot;:[{&quot;__typename&quot;:&quot;Filter&quot;,&quot;trackOnView&quot;:[],&quot;trackOnClick&quot;:[],&quot;name&quot;:&quot;SustainablePropertyFilter&quot;,&quot;field&quot;:&quot;SustainablePropertyFilter&quot;,&quot;category&quot;:&quot;SustainablePropertyFilter&quot;,&quot;filterStyle&quot;:&quot;CHECKBOX&quot;,&quot;title&quot;:{&quot;__typename&quot;:&quot;TextWithTranslationTag&quot;,&quot;text&quot;:&quot;&quot;,&quot;translationTag&quot;:{&quot;__typename&quot;:&quot;TranslationTag&quot;,&quot;translation&quot;:&quot;Sustainability&quot;}},&quot;subtitle&quot;:&quot;&quot;,&quot;options&quot;:[{&quot;__typename&quot;:&quot;Option&quot;,&quot;trackOnView&quot;:[],&quot;trackOnClick&quot;:[],&quot;trackOnSelect&quot;:[],&quot;trackOnDeSelect&quot;:[],&quot;trackOnViewPopular&quot;:[],&quot;trackOnClickPopular&quot;:[],&quot;trackOnSelectPopular&quot;:[],&quot;trackOnDeSelectPopular&quot;:[],&quot;id&quot;:1,&quot;count&quot;:138,&quot;selected&quot;:false,&quot;urlId&quot;:&quot;SustainablePropertyFilter=1&quot;,&quot;additionalLabel&quot;:{&quot;__typename&quot;:&quot;TextWithTranslationTag&quot;,&quot;text&quot;:&quot;Properties taking steps to make your stay more sustainable&quot;,&quot;translationTag&quot;:{&quot;__typename&quot;:&quot;TranslationTag&quot;,&quot;translation&quot;:null}},&quot;value&quot;:{&quot;__typename&quot;:&quot;TextWithTranslationTag&quot;,&quot;text&quot;:&quot;&quot;,&quot;translationTag&quot;:{&quot;__typename&quot;:&quot;TranslationTag&quot;,&quot;translation&quot;:&quot;Travel Sustainable properties&quot;}},&quot;starRating&quot;:{&quot;__typename&quot;:&quot;StarRating&quot;,&quot;value&quot;:0,&quot;symbol&quot;:&quot;STARS&quot;,&quot;caption&quot;:{&quot;__typename&quot;:&quot;TranslationTag&quot;,&quot;translation&quot;:null},&quot;showAdditionalInfoIcon&quot;:false}}],&quot;filterLayout&quot;:{&quot;__typename&quot;:&quot;FilterLayout&quot;,&quot;isCollapsable&quot;:false,&quot;collapsedCount&quot;:5},&quot;stepperOptions&quot;:[],&quot;sliderOptions&quot;:{&quot;__typename&quot;:&quot;SliderOptions&quot;,&quot;min&quot;:&quot;0&quot;,&quot;max&quot;:&quot;0&quot;,&quot;minSelected&quot;:&quot;0&quot;,&quot;maxSelected&quot;:&quot;0&quot;,&quot;minPriceStep&quot;:&quot;0&quot;,&quot;minSelectedFormatted&quot;:null,&quot;currency&quot;:&quot;&quot;,&quot;histogram&quot;:[],&quot;selectedRange&quot;:null,&quot;title&quot;:&quot;&quot;},&quot;sliderOptionsPerStay&quot;:{&quot;__typename&quot;:&quot;SliderOptions&quot;,&quot;min&quot;:&quot;0&quot;,&quot;max&quot;:&quot;0&quot;,&quot;minSelected&quot;:&quot;0&quot;,&quot;maxSelected&quot;:&quot;0&quot;,&quot;minPriceStep&quot;:&quot;0&quot;,&quot;minSelectedFormatted&quot;:null,&quot;currency&quot;:&quot;&quot;,&quot;histogram&quot;:[],&quot;selectedRange&quot;:null,&quot;title&quot;:&quot;&quot;}},{&quot;__typename&quot;:&quot;Filter&quot;,&quot;trackOnView&quot;:[],&quot;trackOnClick&quot;:[],&quot;name&quot;:&quot;quality_rating_and_class&quot;,&quot;field&quot;:&quot;class&quot;,&quot;category&quot;:&quot;class&quot;,&quot;filterStyle&quot;:&quot;CHECKBOX&quot;,&quot;title&quot;:{&quot;__typename&quot;:&quot;TextWithTranslationTag&quot;,&quot;text&quot;:&quot;Property rating&quot;,&quot;translationTag&quot;:{&quot;__typename&quot;:&quot;TranslationTag&quot;,&quot;translation&quot;:null}},&quot;subtitle&quot;:&quot;Includes stars and other ratings&quot;,&quot;options&quot;:[{&quot;__typename&quot;:&quot;Option&quot;,&quot;trackOnView&quot;:[],&quot;trackOnClick&quot;:[],&quot;trackOnSelect&quot;:[],&quot;trackOnDeSelect&quot;:[],&quot;trackOnViewPopular&quot;:[],&quot;trackOnClickPopular&quot;:[],&quot;trackOnSelectPopular&quot;:[],&quot;trackOnDeSelectPopular&quot;:[],&quot;id&quot;:1,&quot;count&quot;:19,&quot;selected&quot;:false,&quot;urlId&quot;:&quot;class=1&quot;,&quot;additionalLabel&quot;:{&quot;__typename&quot;:&quot;TextWithTranslationTag&quot;,&quot;text&quot;:&quot;&quot;,&quot;translationTag&quot;:{&quot;__typename&quot;:&quot;TranslationTag&quot;,&quot;translation&quot;:null}},&quot;value&quot;:{&quot;__typename&quot;:&quot;TextWithTranslationTag&quot;,&quot;text&quot;:&quot;1 star&quot;,&quot;translationTag&quot;:{&quot;__typename&quot;:&quot;TranslationTag&quot;,&quot;translation&quot;:null}},&quot;starRating&quot;:{&quot;__typename&quot;:&quot;StarRating&quot;,&quot;value&quot;:0,&quot;symbol&quot;:&quot;STARS&quot;,&quot;caption&quot;:{&quot;__typename&quot;:&quot;TranslationTag&quot;,&quot;translation&quot;:&quot;1 star&quot;},&quot;showAdditionalInfoIcon&quot;:false}},{&quot;__typename&quot;:&quot;Option&quot;,&quot;trackOnView&quot;:[],&quot;trackOnClick&quot;:[],&quot;trackOnSelect&quot;:[],&quot;trackOnDeSelect&quot;:[],&quot;trackOnViewPopular&quot;:[],&quot;trackOnClickPopular&quot;:[],&quot;trackOnSelectPopular&quot;:[],&quot;trackOnDeSelectPopular&quot;:[],&quot;id&quot;:2,&quot;count&quot;:20,&quot;selected&quot;:false,&quot;urlId&quot;:&quot;class=2&quot;,&quot;additionalLabel&quot;:{&quot;__typename&quot;:&quot;TextWithTranslationTag&quot;,&quot;text&quot;:&quot;&quot;,&quot;translationTag&quot;:{&quot;__typename&quot;:&quot;TranslationTag&quot;,&quot;translation&quot;:null}},&quot;value&quot;:{&quot;__typename&quot;:&quot;TextWithTranslationTag&quot;,&quot;text&quot;:&quot;2 stars&quot;,&quot;translationTag&quot;:{&quot;__typename&quot;:&quot;TranslationTag&quot;,&quot;translation&quot;:null}},&quot;starRating&quot;:{&quot;__typename&quot;:&quot;StarRating&quot;,&quot;value&quot;:0,&quot;symbol&quot;:&quot;STARS&quot;,&quot;caption&quot;:{&quot;__typename&quot;:&quot;TranslationTag&quot;,&quot;translation&quot;:&quot;2 stars&quot;},&quot;showAdditionalInfoIcon&quot;:false}},{&quot;__typename&quot;:&quot;Option&quot;,&quot;trackOnView&quot;:[],&quot;trackOnClick&quot;:[],&quot;trackOnSelect&quot;:[],&quot;trackOnDeSelect&quot;:[],&quot;trackOnViewPopular&quot;:[],&quot;trackOnClickPopular&quot;:[],&quot;trackOnSelectPopular&quot;:[],&quot;trackOnDeSelectPopular&quot;:[],&quot;id&quot;:3,&quot;count&quot;:278,&quot;selected&quot;:false,&quot;urlId&quot;:&quot;class=3&quot;,&quot;additionalLabel&quot;:{&quot;__typename&quot;:&quot;TextWithTranslationTag&quot;,&quot;text&quot;:&quot;&quot;,&quot;translationTag&quot;:{&quot;__typename&quot;:&quot;TranslationTag&quot;,&quot;translation&quot;:null}},&quot;value&quot;:{&quot;__typename&quot;:&quot;TextWithTranslationTag&quot;,&quot;text&quot;:&quot;3 stars&quot;,&quot;translationTag&quot;:{&quot;__typename&quot;:&quot;TranslationTag&quot;,&quot;translation&quot;:null}},&quot;starRating&quot;:{&quot;__typename&quot;:&quot;StarRating&quot;,&quot;value&quot;:0,&quot;symbol&quot;:&quot;STARS&quot;,&quot;caption&quot;:{&quot;__typename&quot;:&quot;TranslationTag&quot;,&quot;translation&quot;:&quot;3 stars&quot;},&quot;showAdditionalInfoIcon&quot;:false}},{&quot;__typename&quot;:&quot;Option&quot;,&quot;trackOnView&quot;:[],&quot;trackOnClick&quot;:[],&quot;trackOnSelect&quot;:[],&quot;trackOnDeSelect&quot;:[],&quot;trackOnViewPopular&quot;:[],&quot;trackOnClickPopular&quot;:[],&quot;trackOnSelectPopular&quot;:[],&quot;trackOnDeSelectPopular&quot;:[],&quot;id&quot;:4,&quot;count&quot;:18,&quot;selected&quot;:false,&quot;urlId&quot;:&quot;class=4&quot;,&quot;additionalLabel&quot;:{&quot;__typename&quot;:&quot;TextWithTranslationTag&quot;,&quot;text&quot;:&quot;&quot;,&quot;translationTag&quot;:{&quot;__typename&quot;:&quot;TranslationTag&quot;,&quot;translation&quot;:null}},&quot;value&quot;:{&quot;__typename&quot;:&quot;TextWithTranslationTag&quot;,&quot;text&quot;:&quot;4 stars&quot;,&quot;translationTag&quot;:{&quot;__typename&quot;:&quot;TranslationTag&quot;,&quot;translation&quot;:null}},&quot;starRating&quot;:{&quot;__typename&quot;:&quot;StarRating&quot;,&quot;value&quot;:0,&quot;symbol&quot;:&quot;STARS&quot;,&quot;caption&quot;:{&quot;__typename&quot;:&quot;TranslationTag&quot;,&quot;translation&quot;:&quot;4 stars&quot;},&quot;showAdditionalInfoIcon&quot;:false}},{&quot;__typename&quot;:&quot;Option&quot;,&quot;trackOnView&quot;:[],&quot;trackOnClick&quot;:[],&quot;trackOnSelect&quot;:[],&quot;trackOnDeSelect&quot;:[],&quot;trackOnViewPopular&quot;:[],&quot;trackOnClickPopular&quot;:[],&quot;trackOnSelectPopular&quot;:[],&quot;trackOnDeSelectPopular&quot;:[],&quot;id&quot;:5,&quot;count&quot;:4,&quot;selected&quot;:false,&quot;urlId&quot;:&quot;class=5&quot;,&quot;additionalLabel&quot;:{&quot;__typename&quot;:&quot;TextWithTranslationTag&quot;,&quot;text&quot;:&quot;&quot;,&quot;translationTag&quot;:{&quot;__typename&quot;:&quot;TranslationTag&quot;,&quot;translation&quot;:null}},&quot;value&quot;:{&quot;__typename&quot;:&quot;TextWithTranslationTag&quot;,&quot;text&quot;:&quot;5 stars&quot;,&quot;translationTag&quot;:{&quot;__typename&quot;:&quot;TranslationTag&quot;,&quot;translation&quot;:null}},&quot;starRating&quot;:{&quot;__typename&quot;:&quot;StarRating&quot;,&quot;value&quot;:0,&quot;symbol&quot;:&quot;STARS&quot;,&quot;caption&quot;:{&quot;__typename&quot;:&quot;TranslationTag&quot;,&quot;translation&quot;:&quot;5 stars&quot;},&quot;showAdditionalInfoIcon&quot;:false}},{&quot;__typename&quot;:&quot;Option&quot;,&quot;trackOnView&quot;:[],&quot;trackOnClick&quot;:[],&quot;trackOnSelect&quot;:[],&quot;trackOnDeSelect&quot;:[],&quot;trackOnViewPopular&quot;:[],&quot;trackOnClickPopular&quot;:[],&quot;trackOnSelectPopular&quot;:[],&quot;trackOnDeSelectPopular&quot;:[],&quot;id&quot;:0,&quot;count&quot;:232,&quot;selected&quot;:false,&quot;urlId&quot;:&quot;class=0&quot;,&quot;additionalLabel&quot;:{&quot;__typename&quot;:&quot;TextWithTranslationTag&quot;,&quot;text&quot;:&quot;&quot;,&quot;translationTag&quot;:{&quot;__typename&quot;:&quot;TranslationTag&quot;,&quot;translation&quot;:null}},&quot;value&quot;:{&quot;__typename&quot;:&quot;TextWithTranslationTag&quot;,&quot;text&quot;:&quot;Unrated&quot;,&quot;translationTag&quot;:{&quot;__typename&quot;:&quot;TranslationTag&quot;,&quot;translation&quot;:null}},&quot;starRating&quot;:{&quot;__typename&quot;:&quot;StarRating&quot;,&quot;value&quot;:0,&quot;symbol&quot;:&quot;STARS&quot;,&quot;caption&quot;:{&quot;__typename&quot;:&quot;TranslationTag&quot;,&quot;translation&quot;:&quot;Unrated&quot;},&quot;showAdditionalInfoIcon&quot;:false}}],&quot;filterLayout&quot;:{&quot;__typename&quot;:&quot;FilterLayout&quot;,&quot;isCollapsable&quot;:false,&quot;collapsedCount&quot;:5},&quot;stepperOptions&quot;:[],&quot;sliderOptions&quot;:{&quot;__typename&quot;:&quot;SliderOptions&quot;,&quot;min&quot;:&quot;0&quot;,&quot;max&quot;:&quot;0&quot;,&quot;minSelected&quot;:&quot;0&quot;,&quot;maxSelected&quot;:&quot;0&quot;,&quot;minPriceStep&quot;:&quot;0&quot;,&quot;minSelectedFormatted&quot;:null,&quot;currency&quot;:&quot;&quot;,&quot;histogram&quot;:[],&quot;selectedRange&quot;:null,&quot;title&quot;:&quot;&quot;},&quot;sliderOptionsPerStay&quot;:{&quot;__typename&quot;:&quot;SliderOptions&quot;,&quot;min&quot;:&quot;0&quot;,&quot;max&quot;:&quot;0&quot;,&quot;minSelected&quot;:&quot;0&quot;,&quot;maxSelected&quot;:&quot;0&quot;,&quot;minPriceStep&quot;:&quot;0&quot;,&quot;minSelectedFormatted&quot;:null,&quot;currency&quot;:&quot;&quot;,&quot;histogram&quot;:[],&quot;selectedRange&quot;:null,&quot;title&quot;:&quot;&quot;}},{&quot;__typename&quot;:&quot;Filter&quot;,&quot;trackOnView&quot;:[],&quot;trackOnClick&quot;:[],&quot;name&quot;:&quot;distance&quot;,&quot;field&quot;:&quot;distance&quot;,&quot;category&quot;:&quot;distance&quot;,&quot;filterStyle&quot;:&quot;CHECKBOX&quot;,&quot;title&quot;:{&quot;__typename&quot;:&quot;TextWithTranslationTag&quot;,&quot;text&quot;:&quot;&quot;,&quot;translationTag&quot;:{&quot;__typename&quot;:&quot;TranslationTag&quot;,&quot;translation&quot;:&quot;Distance from Session Road&quot;}},&quot;subtitle&quot;:&quot;&quot;,&quot;options&quot;:[{&quot;__typename&quot;:&quot;Option&quot;,&quot;trackOnView&quot;:[],&quot;trackOnClick&quot;:[],&quot;trackOnSelect&quot;:[],&quot;trackOnDeSelect&quot;:[],&quot;trackOnViewPopular&quot;:[],&quot;trackOnClickPopular&quot;:[],&quot;trackOnSelectPopular&quot;:[],&quot;trackOnDeSelectPopular&quot;:[],&quot;id&quot;:805,&quot;count&quot;:146,&quot;selected&quot;:false,&quot;urlId&quot;:&quot;distance=805&quot;,&quot;additionalLabel&quot;:{&quot;__typename&quot;:&quot;TextWithTranslationTag&quot;,&quot;text&quot;:&quot;&quot;,&quot;translationTag&quot;:{&quot;__typename&quot;:&quot;TranslationTag&quot;,&quot;translation&quot;:null}},&quot;value&quot;:{&quot;__typename&quot;:&quot;TextWithTranslationTag&quot;,&quot;text&quot;:&quot;&quot;,&quot;translationTag&quot;:{&quot;__typename&quot;:&quot;TranslationTag&quot;,&quot;translation&quot;:&quot;Less than 1/2 mile&quot;}},&quot;starRating&quot;:{&quot;__typename&quot;:&quot;StarRating&quot;,&quot;value&quot;:0,&quot;symbol&quot;:&quot;STARS&quot;,&quot;caption&quot;:{&quot;__typename&quot;:&quot;TranslationTag&quot;,&quot;translation&quot;:null},&quot;showAdditionalInfoIcon&quot;:false}},{&quot;__typename&quot;:&quot;Option&quot;,&quot;trackOnView&quot;:[],&quot;trackOnClick&quot;:[],&quot;trackOnSelect&quot;:[],&quot;trackOnDeSelect&quot;:[],&quot;trackOnViewPopular&quot;:[],&quot;trackOnClickPopular&quot;:[],&quot;trackOnSelectPopular&quot;:[],&quot;trackOnDeSelectPopular&quot;:[],&quot;id&quot;:1610,&quot;count&quot;:250,&quot;selected&quot;:false,&quot;urlId&quot;:&quot;distance=1610&quot;,&quot;additionalLabel&quot;:{&quot;__typename&quot;:&quot;TextWithTranslationTag&quot;,&quot;text&quot;:&quot;&quot;,&quot;translationTag&quot;:{&quot;__typename&quot;:&quot;TranslationTag&quot;,&quot;translation&quot;:null}},&quot;value&quot;:{&quot;__typename&quot;:&quot;TextWithTranslationTag&quot;,&quot;text&quot;:&quot;&quot;,&quot;translationTag&quot;:{&quot;__typename&quot;:&quot;TranslationTag&quot;,&quot;translation&quot;:&quot;Less than 1 mile&quot;}},&quot;starRating&quot;:{&quot;__typename&quot;:&quot;StarRating&quot;,&quot;value&quot;:0,&quot;symbol&quot;:&quot;STARS&quot;,&quot;caption&quot;:{&quot;__typename&quot;:&quot;TranslationTag&quot;,&quot;translation&quot;:null},&quot;showAdditionalInfoIcon&quot;:false}},{&quot;__typename&quot;:&quot;Option&quot;,&quot;trackOnView&quot;:[],&quot;trackOnClick&quot;:[],&quot;trackOnSelect&quot;:[],&quot;trackOnDeSelect&quot;:[],&quot;trackOnViewPopular&quot;:[],&quot;trackOnClickPopular&quot;:[],&quot;trackOnSelectPopular&quot;:[],&quot;trackOnDeSelectPopular&quot;:[],&quot;id&quot;:3220,&quot;count&quot;:493,&quot;selected&quot;:false,&quot;urlId&quot;:&quot;distance=3220&quot;,&quot;additionalLabel&quot;:{&quot;__typename&quot;:&quot;TextWithTranslationTag&quot;,&quot;text&quot;:&quot;&quot;,&quot;translationTag&quot;:{&quot;__typename&quot;:&quot;TranslationTag&quot;,&quot;translation&quot;:null}},&quot;value&quot;:{&quot;__typename&quot;:&quot;TextWithTranslationTag&quot;,&quot;text&quot;:&quot;&quot;,&quot;translationTag&quot;:{&quot;__typename&quot;:&quot;TranslationTag&quot;,&quot;translation&quot;:&quot;Less than 2 miles&quot;}},&quot;starRating&quot;:{&quot;__typename&quot;:&quot;StarRating&quot;,&quot;value&quot;:0,&quot;symbol&quot;:&quot;STARS&quot;,&quot;caption&quot;:{&quot;__typename&quot;:&quot;TranslationTag&quot;,&quot;translation&quot;:null},&quot;showAdditionalInfoIcon&quot;:false}}],&quot;filterLayout&quot;:{&quot;__typename&quot;:&quot;FilterLayout&quot;,&quot;isCollapsable&quot;:false,&quot;collapsedCount&quot;:5},&quot;stepperOptions&quot;:[],&quot;sliderOptions&quot;:{&quot;__typename&quot;:&quot;SliderOptions&quot;,&quot;min&quot;:&quot;0&quot;,&quot;max&quot;:&quot;0&quot;,&quot;minSelected&quot;:&quot;0&quot;,&quot;maxSelected&quot;:&quot;0&quot;,&quot;minPriceStep&quot;:&quot;0&quot;,&quot;minSelectedFormatted&quot;:null,&quot;currency&quot;:&quot;&quot;,&quot;histogram&quot;:[],&quot;selectedRange&quot;:null,&quot;title&quot;:&quot;&quot;},&quot;sliderOptionsPerStay&quot;:{&quot;__typename&quot;:&quot;SliderOptions&quot;,&quot;min&quot;:&quot;0&quot;,&quot;max&quot;:&quot;0&quot;,&quot;minSelected&quot;:&quot;0&quot;,&quot;maxSelected&quot;:&quot;0&quot;,&quot;minPriceStep&quot;:&quot;0&quot;,&quot;minSelectedFormatted&quot;:null,&quot;currency&quot;:&quot;&quot;,&quot;histogram&quot;:[],&quot;selectedRange&quot;:null,&quot;title&quot;:&quot;&quot;}},{&quot;__typename&quot;:&quot;Filter&quot;,&quot;trackOnView&quot;:[],&quot;trackOnClick&quot;:[],&quot;name&quot;:&quot;similar_facility_id&quot;,&quot;field&quot;:&quot;popular_activities&quot;,&quot;category&quot;:&quot;popular_activities&quot;,&quot;filterStyle&quot;:&quot;CHECKBOX&quot;,&quot;title&quot;:{&quot;__typename&quot;:&quot;TextWithTranslationTag&quot;,&quot;text&quot;:&quot;&quot;,&quot;translationTag&quot;:{&quot;__typename&quot;:&quot;TranslationTag&quot;,&quot;translation&quot;:&quot;Fun Things To Do&quot;}},&quot;subtitle&quot;:&quot;&quot;,&quot;options&quot;:[{&quot;__typename&quot;:&quot;Option&quot;,&quot;trackOnView&quot;:[],&quot;trackOnClick&quot;:[],&quot;trackOnSelect&quot;:[],&quot;trackOnDeSelect&quot;:[],&quot;trackOnViewPopular&quot;:[],&quot;trackOnClickPopular&quot;:[],&quot;trackOnSelectPopular&quot;:[],&quot;trackOnDeSelectPopular&quot;:[],&quot;id&quot;:12,&quot;count&quot;:45,&quot;selected&quot;:false,&quot;urlId&quot;:&quot;popular_activities=12&quot;,&quot;additionalLabel&quot;:{&quot;__typename&quot;:&quot;TextWithTranslationTag&quot;,&quot;text&quot;:&quot;&quot;,&quot;translationTag&quot;:{&quot;__typename&quot;:&quot;TranslationTag&quot;,&quot;translation&quot;:null}},&quot;value&quot;:{&quot;__typename&quot;:&quot;TextWithTranslationTag&quot;,&quot;text&quot;:&quot;Golf course (within 2 miles)&quot;,&quot;translationTag&quot;:{&quot;__typename&quot;:&quot;TranslationTag&quot;,&quot;translation&quot;:null}},&quot;starRating&quot;:{&quot;__typename&quot;:&quot;StarRating&quot;,&quot;value&quot;:0,&quot;symbol&quot;:&quot;STARS&quot;,&quot;caption&quot;:{&quot;__typename&quot;:&quot;TranslationTag&quot;,&quot;translation&quot;:null},&quot;showAdditionalInfoIcon&quot;:false}},{&quot;__typename&quot;:&quot;Option&quot;,&quot;trackOnView&quot;:[],&quot;trackOnClick&quot;:[],&quot;trackOnSelect&quot;:[],&quot;trackOnDeSelect&quot;:[],&quot;trackOnViewPopular&quot;:[],&quot;trackOnClickPopular&quot;:[],&quot;trackOnSelectPopular&quot;:[],&quot;trackOnDeSelectPopular&quot;:[],&quot;id&quot;:70,&quot;count&quot;:45,&quot;selected&quot;:false,&quot;urlId&quot;:&quot;popular_activities=70&quot;,&quot;additionalLabel&quot;:{&quot;__typename&quot;:&quot;TextWithTranslationTag&quot;,&quot;text&quot;:&quot;&quot;,&quot;translationTag&quot;:{&quot;__typename&quot;:&quot;TranslationTag&quot;,&quot;translation&quot;:null}},&quot;value&quot;:{&quot;__typename&quot;:&quot;TextWithTranslationTag&quot;,&quot;text&quot;:&quot;Hiking&quot;,&quot;translationTag&quot;:{&quot;__typename&quot;:&quot;TranslationTag&quot;,&quot;translation&quot;:null}},&quot;starRating&quot;:{&quot;__typename&quot;:&quot;StarRating&quot;,&quot;value&quot;:0,&quot;symbol&quot;:&quot;STARS&quot;,&quot;caption&quot;:{&quot;__typename&quot;:&quot;TranslationTag&quot;,&quot;translation&quot;:null},&quot;showAdditionalInfoIcon&quot;:false}},{&quot;__typename&quot;:&quot;Option&quot;,&quot;trackOnView&quot;:[],&quot;trackOnClick&quot;:[],&quot;trackOnSelect&quot;:[],&quot;trackOnDeSelect&quot;:[],&quot;trackOnViewPopular&quot;:[],&quot;trackOnClickPopular&quot;:[],&quot;trackOnSelectPopular&quot;:[],&quot;trackOnDeSelectPopular&quot;:[],&quot;id&quot;:86,&quot;count&quot;:40,&quot;selected&quot;:false,&quot;urlId&quot;:&quot;popular_activities=86&quot;,&quot;additionalLabel&quot;:{&quot;__typename&quot;:&quot;TextWithTranslationTag&quot;,&quot;text&quot;:&quot;&quot;,&quot;translationTag&quot;:{&quot;__typename&quot;:&quot;TranslationTag&quot;,&quot;translation&quot;:null}},&quot;value&quot;:{&quot;__typename&quot;:&quot;TextWithTranslationTag&quot;,&quot;text&quot;:&quot;Horseback riding&quot;,&quot;translationTag&quot;:{&quot;__typename&quot;:&quot;TranslationTag&quot;,&quot;translation&quot;:null}},&quot;starRating&quot;:{&quot;__typename&quot;:&quot;StarRating&quot;,&quot;value&quot;:0,&quot;symbol&quot;:&quot;STARS&quot;,&quot;caption&quot;:{&quot;__typename&quot;:&quot;TranslationTag&quot;,&quot;translation&quot;:null},&quot;showAdditionalInfoIcon&quot;:false}},{&quot;__typename&quot;:&quot;Option&quot;,&quot;trackOnView&quot;:[],&quot;trackOnClick&quot;:[],&quot;trackOnSelect&quot;:[],&quot;trackOnDeSelect&quot;:[],&quot;trackOnViewPopular&quot;:[],&quot;trackOnClickPopular&quot;:[],&quot;trackOnSelectPopular&quot;:[],&quot;trackOnDeSelectPopular&quot;:[],&quot;id&quot;:55,&quot;count&quot;:25,&quot;selected&quot;:false,&quot;urlId&quot;:&quot;popular_activities=55&quot;,&quot;additionalLabel&quot;:{&quot;__typename&quot;:&quot;TextWithTranslationTag&quot;,&quot;text&quot;:&quot;&quot;,&quot;translationTag&quot;:{&quot;__typename&quot;:&quot;TranslationTag&quot;,&quot;translation&quot;:null}},&quot;value&quot;:{&quot;__typename&quot;:&quot;TextWithTranslationTag&quot;,&quot;text&quot;:&quot;Massage&quot;,&quot;translationTag&quot;:{&quot;__typename&quot;:&quot;TranslationTag&quot;,&quot;translation&quot;:null}},&quot;starRating&quot;:{&quot;__typename&quot;:&quot;StarRating&quot;,&quot;value&quot;:0,&quot;symbol&quot;:&quot;STARS&quot;,&quot;caption&quot;:{&quot;__typename&quot;:&quot;TranslationTag&quot;,&quot;translation&quot;:null},&quot;showAdditionalInfoIcon&quot;:false}},{&quot;__typename&quot;:&quot;Option&quot;,&quot;trackOnView&quot;:[],&quot;trackOnClick&quot;:[],&quot;trackOnSelect&quot;:[],&quot;trackOnDeSelect&quot;:[],&quot;trackOnViewPopular&quot;:[],&quot;trackOnClickPopular&quot;:[],&quot;trackOnSelectPopular&quot;:[],&quot;trackOnDeSelectPopular&quot;:[],&quot;id&quot;:56,&quot;count&quot;:24,&quot;selected&quot;:false,&quot;urlId&quot;:&quot;popular_activities=56&quot;,&quot;additionalLabel&quot;:{&quot;__typename&quot;:&quot;TextWithTranslationTag&quot;,&quot;text&quot;:&quot;&quot;,&quot;translationTag&quot;:{&quot;__typename&quot;:&quot;TranslationTag&quot;,&quot;translation&quot;:null}},&quot;value&quot;:{&quot;__typename&quot;:&quot;TextWithTranslationTag&quot;,&quot;text&quot;:&quot;Playground&quot;,&quot;translationTag&quot;:{&quot;__typename&quot;:&quot;TranslationTag&quot;,&quot;translation&quot;:null}},&quot;starRating&quot;:{&quot;__typename&quot;:&quot;StarRating&quot;,&quot;value&quot;:0,&quot;symbol&quot;:&quot;STARS&quot;,&quot;caption&quot;:{&quot;__typename&quot;:&quot;TranslationTag&quot;,&quot;translation&quot;:null},&quot;showAdditionalInfoIcon&quot;:false}}],&quot;filterLayout&quot;:{&quot;__typename&quot;:&quot;FilterLayout&quot;,&quot;isCollapsable&quot;:false,&quot;collapsedCount&quot;:5},&quot;stepperOptions&quot;:[],&quot;sliderOptions&quot;:{&quot;__typename&quot;:&quot;SliderOptions&quot;,&quot;min&quot;:&quot;0&quot;,&quot;max&quot;:&quot;0&quot;,&quot;minSelected&quot;:&quot;0&quot;,&quot;maxSelected&quot;:&quot;0&quot;,&quot;minPriceStep&quot;:&quot;0&quot;,&quot;minSelectedFormatted&quot;:null,&quot;currency&quot;:&quot;&quot;,&quot;histogram&quot;:[],&quot;selectedRange&quot;:null,&quot;title&quot;:&quot;&quot;},&quot;sliderOptionsPerStay&quot;:{&quot;__typename&quot;:&quot;SliderOptions&quot;,&quot;min&quot;:&quot;0&quot;,&quot;max&quot;:&quot;0&quot;,&quot;minSelected&quot;:&quot;0&quot;,&quot;maxSelected&quot;:&quot;0&quot;,&quot;minPriceStep&quot;:&quot;0&quot;,&quot;minSelectedFormatted&quot;:null,&quot;currency&quot;:&quot;&quot;,&quot;histogram&quot;:[],&quot;selectedRange&quot;:null,&quot;title&quot;:&quot;&quot;}},{&quot;__typename&quot;:&quot;Filter&quot;,&quot;trackOnView&quot;:[],&quot;trackOnClick&quot;:[],&quot;name&quot;:&quot;privacy_type_no_date&quot;,&quot;field&quot;:&quot;privacy_type_no_date&quot;,&quot;category&quot;:&quot;privacy_type_no_date&quot;,&quot;filterStyle&quot;:&quot;CHECKBOX&quot;,&quot;title&quot;:{&quot;__typename&quot;:&quot;TextWithTranslationTag&quot;,&quot;text&quot;:&quot;&quot;,&quot;translationTag&quot;:{&quot;__typename&quot;:&quot;TranslationTag&quot;,&quot;translation&quot;:&quot;Entire places&quot;}},&quot;subtitle&quot;:&quot;&quot;,&quot;options&quot;:[{&quot;__typename&quot;:&quot;Option&quot;,&quot;trackOnView&quot;:[{&quot;__typename&quot;:&quot;ExperimentTracking&quot;,&quot;type&quot;:0,&quot;experimentHash&quot;:&quot;NAFLeOeJcCcCcCFdRaaKdGJQDZOKZEHe&quot;,&quot;value&quot;:4}],&quot;trackOnClick&quot;:[],&quot;trackOnSelect&quot;:[{&quot;__typename&quot;:&quot;ExperimentTracking&quot;,&quot;type&quot;:1,&quot;experimentHash&quot;:&quot;NAFLeOeJcCcCcCFdRaaKdGJQDZOKZEHe&quot;,&quot;value&quot;:2}],&quot;trackOnDeSelect&quot;:[],&quot;trackOnViewPopular&quot;:[],&quot;trackOnClickPopular&quot;:[],&quot;trackOnSelectPopular&quot;:[],&quot;trackOnDeSelectPopular&quot;:[],&quot;id&quot;:4,&quot;count&quot;:657,&quot;selected&quot;:false,&quot;urlId&quot;:&quot;privacy_type_no_date=4&quot;,&quot;additionalLabel&quot;:{&quot;__typename&quot;:&quot;TextWithTranslationTag&quot;,&quot;text&quot;:&quot;&quot;,&quot;translationTag&quot;:{&quot;__typename&quot;:&quot;TranslationTag&quot;,&quot;translation&quot;:null}},&quot;value&quot;:{&quot;__typename&quot;:&quot;TextWithTranslationTag&quot;,&quot;text&quot;:&quot;&quot;,&quot;translationTag&quot;:{&quot;__typename&quot;:&quot;TranslationTag&quot;,&quot;translation&quot;:&quot;Entire homes \u0026 apartments&quot;}},&quot;starRating&quot;:{&quot;__typename&quot;:&quot;StarRating&quot;,&quot;value&quot;:0,&quot;symbol&quot;:&quot;STARS&quot;,&quot;caption&quot;:{&quot;__typename&quot;:&quot;TranslationTag&quot;,&quot;translation&quot;:null},&quot;showAdditionalInfoIcon&quot;:false}}],&quot;filterLayout&quot;:{&quot;__typename&quot;:&quot;FilterLayout&quot;,&quot;isCollapsable&quot;:false,&quot;collapsedCount&quot;:5},&quot;stepperOptions&quot;:[],&quot;sliderOptions&quot;:{&quot;__typename&quot;:&quot;SliderOptions&quot;,&quot;min&quot;:&quot;0&quot;,&quot;max&quot;:&quot;0&quot;,&quot;minSelected&quot;:&quot;0&quot;,&quot;maxSelected&quot;:&quot;0&quot;,&quot;minPriceStep&quot;:&quot;0&quot;,&quot;minSelectedFormatted&quot;:null,&quot;currency&quot;:&quot;&quot;,&quot;histogram&quot;:[],&quot;selectedRange&quot;:null,&quot;title&quot;:&quot;&quot;},&quot;sliderOptionsPerStay&quot;:{&quot;__typename&quot;:&quot;SliderOptions&quot;,&quot;min&quot;:&quot;0&quot;,&quot;max&quot;:&quot;0&quot;,&quot;minSelected&quot;:&quot;0&quot;,&quot;maxSelected&quot;:&quot;0&quot;,&quot;minPriceStep&quot;:&quot;0&quot;,&quot;minSelectedFormatted&quot;:null,&quot;currency&quot;:&quot;&quot;,&quot;histogram&quot;:[],&quot;selectedRange&quot;:null,&quot;title&quot;:&quot;&quot;}},{&quot;__typename&quot;:&quot;Filter&quot;,&quot;trackOnView&quot;:[{&quot;__typename&quot;:&quot;ExperimentTracking&quot;,&quot;type&quot;:0,&quot;experimentHash&quot;:&quot;ODRdHUYDZHFBXVWUWCHOYO&quot;,&quot;value&quot;:1},{&quot;__typename&quot;:&quot;ExperimentTracking&quot;,&quot;type&quot;:0,&quot;experimentHash&quot;:&quot;NAFLeOeJdLeLTfJeVfWRYKadCLRSQcfOCGVTKe&quot;,&quot;value&quot;:7}],&quot;trackOnClick&quot;:[],&quot;name&quot;:&quot;similar_accommodationtype_id&quot;,&quot;field&quot;:&quot;ht_id&quot;,&quot;category&quot;:&quot;hoteltype&quot;,&quot;filterStyle&quot;:&quot;CHECKBOX&quot;,&quot;title&quot;:{&quot;__typename&quot;:&quot;TextWithTranslationTag&quot;,&quot;text&quot;:&quot;&quot;,&quot;translationTag&quot;:{&quot;__typename&quot;:&quot;TranslationTag&quot;,&quot;translation&quot;:&quot;Property Type&quot;}},&quot;subtitle&quot;:&quot;&quot;,&quot;options&quot;:[{&quot;__typename&quot;:&quot;Option&quot;,&quot;trackOnView&quot;:[],&quot;trackOnClick&quot;:[],&quot;trackOnSelect&quot;:[],&quot;trackOnDeSelect&quot;:[],&quot;trackOnViewPopular&quot;:[],&quot;trackOnClickPopular&quot;:[],&quot;trackOnSelectPopular&quot;:[],&quot;trackOnDeSelectPopular&quot;:[],&quot;id&quot;:201,&quot;count&quot;:380,&quot;selected&quot;:false,&quot;urlId&quot;:&quot;ht_id=201&quot;,&quot;additionalLabel&quot;:{&quot;__typename&quot;:&quot;TextWithTranslationTag&quot;,&quot;text&quot;:&quot;&quot;,&quot;translationTag&quot;:{&quot;__typename&quot;:&quot;TranslationTag&quot;,&quot;translation&quot;:null}},&quot;value&quot;:{&quot;__typename&quot;:&quot;TextWithTranslationTag&quot;,&quot;text&quot;:&quot;Apartments&quot;,&quot;translationTag&quot;:{&quot;__typename&quot;:&quot;TranslationTag&quot;,&quot;translation&quot;:null}},&quot;starRating&quot;:{&quot;__typename&quot;:&quot;StarRating&quot;,&quot;value&quot;:0,&quot;symbol&quot;:&quot;STARS&quot;,&quot;caption&quot;:{&quot;__typename&quot;:&quot;TranslationTag&quot;,&quot;translation&quot;:null},&quot;showAdditionalInfoIcon&quot;:false}},{&quot;__typename&quot;:&quot;Option&quot;,&quot;trackOnView&quot;:[{&quot;__typename&quot;:&quot;ExperimentTracking&quot;,&quot;type&quot;:1,&quot;experimentHash&quot;:&quot;ODRdHUYDZHFBXVWUWCHOYO&quot;,&quot;value&quot;:3}],&quot;trackOnClick&quot;:[],&quot;trackOnSelect&quot;:[{&quot;__typename&quot;:&quot;ExperimentTracking&quot;,&quot;type&quot;:1,&quot;experimentHash&quot;:&quot;ODRdHUYDZHFBXVWUWCHOYO&quot;,&quot;value&quot;:1}],&quot;trackOnDeSelect&quot;:[{&quot;__typename&quot;:&quot;ExperimentTracking&quot;,&quot;type&quot;:1,&quot;experimentHash&quot;:&quot;ODRdHUYDZHFBXVWUWCHOYO&quot;,&quot;value&quot;:2}],&quot;trackOnViewPopular&quot;:[],&quot;trackOnClickPopular&quot;:[],&quot;trackOnSelectPopular&quot;:[],&quot;trackOnDeSelectPopular&quot;:[],&quot;id&quot;:204,&quot;count&quot;:157,&quot;selected&quot;:false,&quot;urlId&quot;:&quot;ht_id=204&quot;,&quot;additionalLabel&quot;:{&quot;__typename&quot;:&quot;TextWithTranslationTag&quot;,&quot;text&quot;:&quot;&quot;,&quot;translationTag&quot;:{&quot;__typename&quot;:&quot;TranslationTag&quot;,&quot;translation&quot;:null}},&quot;value&quot;:{&quot;__typename&quot;:&quot;TextWithTranslationTag&quot;,&quot;text&quot;:&quot;Hotels&quot;,&quot;translationTag&quot;:{&quot;__typename&quot;:&quot;TranslationTag&quot;,&quot;translation&quot;:null}},&quot;starRating&quot;:{&quot;__typename&quot;:&quot;StarRating&quot;,&quot;value&quot;:0,&quot;symbol&quot;:&quot;STARS&quot;,&quot;caption&quot;:{&quot;__typename&quot;:&quot;TranslationTag&quot;,&quot;translation&quot;:null},&quot;showAdditionalInfoIcon&quot;:false}},{&quot;__typename&quot;:&quot;Option&quot;,&quot;trackOnView&quot;:[],&quot;trackOnClick&quot;:[],&quot;trackOnSelect&quot;:[],&quot;trackOnDeSelect&quot;:[],&quot;trackOnViewPopular&quot;:[],&quot;trackOnClickPopular&quot;:[],&quot;trackOnSelectPopular&quot;:[],&quot;trackOnDeSelectPopular&quot;:[],&quot;id&quot;:220,&quot;count&quot;:53,&quot;selected&quot;:false,&quot;urlId&quot;:&quot;ht_id=220&quot;,&quot;additionalLabel&quot;:{&quot;__typename&quot;:&quot;TextWithTranslationTag&quot;,&quot;text&quot;:&quot;&quot;,&quot;translationTag&quot;:{&quot;__typename&quot;:&quot;TranslationTag&quot;,&quot;translation&quot;:null}},&quot;value&quot;:{&quot;__typename&quot;:&quot;TextWithTranslationTag&quot;,&quot;text&quot;:&quot;Vacation Homes&quot;,&quot;translationTag&quot;:{&quot;__typename&quot;:&quot;TranslationTag&quot;,&quot;translation&quot;:null}},&quot;starRating&quot;:{&quot;__typename&quot;:&quot;StarRating&quot;,&quot;value&quot;:0,&quot;symbol&quot;:&quot;STARS&quot;,&quot;caption&quot;:{&quot;__typename&quot;:&quot;TranslationTag&quot;,&quot;translation&quot;:null},&quot;showAdditionalInfoIcon&quot;:false}},{&quot;__typename&quot;:&quot;Option&quot;,&quot;trackOnView&quot;:[],&quot;trackOnClick&quot;:[],&quot;trackOnSelect&quot;:[],&quot;trackOnDeSelect&quot;:[],&quot;trackOnViewPopular&quot;:[],&quot;trackOnClickPopular&quot;:[],&quot;trackOnSelectPopular&quot;:[],&quot;trackOnDeSelectPopular&quot;:[],&quot;id&quot;:222,&quot;count&quot;:21,&quot;selected&quot;:false,&quot;urlId&quot;:&quot;ht_id=222&quot;,&quot;additionalLabel&quot;:{&quot;__typename&quot;:&quot;TextWithTranslationTag&quot;,&quot;text&quot;:&quot;&quot;,&quot;translationTag&quot;:{&quot;__typename&quot;:&quot;TranslationTag&quot;,&quot;translation&quot;:null}},&quot;value&quot;:{&quot;__typename&quot;:&quot;TextWithTranslationTag&quot;,&quot;text&quot;:&quot;Homestays&quot;,&quot;translationTag&quot;:{&quot;__typename&quot;:&quot;TranslationTag&quot;,&quot;translation&quot;:null}},&quot;starRating&quot;:{&quot;__typename&quot;:&quot;StarRating&quot;,&quot;value&quot;:0,&quot;symbol&quot;:&quot;STARS&quot;,&quot;caption&quot;:{&quot;__typename&quot;:&quot;TranslationTag&quot;,&quot;translation&quot;:null},&quot;showAdditionalInfoIcon&quot;:false}},{&quot;__typename&quot;:&quot;Option&quot;,&quot;trackOnView&quot;:[],&quot;trackOnClick&quot;:[],&quot;trackOnSelect&quot;:[],&quot;trackOnDeSelect&quot;:[],&quot;trackOnViewPopular&quot;:[],&quot;trackOnClickPopular&quot;:[],&quot;trackOnSelectPopular&quot;:[],&quot;trackOnDeSelectPopular&quot;:[],&quot;id&quot;:216,&quot;count&quot;:20,&quot;selected&quot;:false,&quot;urlId&quot;:&quot;ht_id=216&quot;,&quot;additionalLabel&quot;:{&quot;__typename&quot;:&quot;TextWithTranslationTag&quot;,&quot;text&quot;:&quot;&quot;,&quot;translationTag&quot;:{&quot;__typename&quot;:&quot;TranslationTag&quot;,&quot;translation&quot;:null}},&quot;value&quot;:{&quot;__typename&quot;:&quot;TextWithTranslationTag&quot;,&quot;text&quot;:&quot;Guesthouses&quot;,&quot;translationTag&quot;:{&quot;__typename&quot;:&quot;TranslationTag&quot;,&quot;translation&quot;:null}},&quot;starRating&quot;:{&quot;__typename&quot;:&quot;StarRating&quot;,&quot;value&quot;:0,&quot;symbol&quot;:&quot;STARS&quot;,&quot;caption&quot;:{&quot;__typename&quot;:&quot;TranslationTag&quot;,&quot;translation&quot;:null},&quot;showAdditionalInfoIcon&quot;:false}},{&quot;__typename&quot;:&quot;Option&quot;,&quot;trackOnView&quot;:[],&quot;trackOnClick&quot;:[],&quot;trackOnSelect&quot;:[],&quot;trackOnDeSelect&quot;:[],&quot;trackOnViewPopular&quot;:[],&quot;trackOnClickPopular&quot;:[],&quot;trackOnSelectPopular&quot;:[],&quot;trackOnDeSelectPopular&quot;:[],&quot;id&quot;:208,&quot;count&quot;:10,&quot;selected&quot;:false,&quot;urlId&quot;:&quot;ht_id=208&quot;,&quot;additionalLabel&quot;:{&quot;__typename&quot;:&quot;TextWithTranslationTag&quot;,&quot;text&quot;:&quot;&quot;,&quot;translationTag&quot;:{&quot;__typename&quot;:&quot;TranslationTag&quot;,&quot;translation&quot;:null}},&quot;value&quot;:{&quot;__typename&quot;:&quot;TextWithTranslationTag&quot;,&quot;text&quot;:&quot;Bed and Breakfasts&quot;,&quot;translationTag&quot;:{&quot;__typename&quot;:&quot;TranslationTag&quot;,&quot;translation&quot;:null}},&quot;starRating&quot;:{&quot;__typename&quot;:&quot;StarRating&quot;,&quot;value&quot;:0,&quot;symbol&quot;:&quot;STARS&quot;,&quot;caption&quot;:{&quot;__typename&quot;:&quot;TranslationTag&quot;,&quot;translation&quot;:null},&quot;showAdditionalInfoIcon&quot;:false}},{&quot;__typename&quot;:&quot;Option&quot;,&quot;trackOnView&quot;:[],&quot;trackOnClick&quot;:[],&quot;trackOnSelect&quot;:[],&quot;trackOnDeSelect&quot;:[],&quot;trackOnViewPopular&quot;:[],&quot;trackOnClickPopular&quot;:[],&quot;trackOnSelectPopular&quot;:[],&quot;trackOnDeSelectPopular&quot;:[],&quot;id&quot;:203,&quot;count&quot;:7,&quot;selected&quot;:false,&quot;urlId&quot;:&quot;ht_id=203&quot;,&quot;additionalLabel&quot;:{&quot;__typename&quot;:&quot;TextWithTranslationTag&quot;,&quot;text&quot;:&quot;&quot;,&quot;translationTag&quot;:{&quot;__typename&quot;:&quot;TranslationTag&quot;,&quot;translation&quot;:null}},&quot;value&quot;:{&quot;__typename&quot;:&quot;TextWithTranslationTag&quot;,&quot;text&quot;:&quot;Hostels&quot;,&quot;translationTag&quot;:{&quot;__typename&quot;:&quot;TranslationTag&quot;,&quot;translation&quot;:null}},&quot;starRating&quot;:{&quot;__typename&quot;:&quot;StarRating&quot;,&quot;value&quot;:0,&quot;symbol&quot;:&quot;STARS&quot;,&quot;caption&quot;:{&quot;__typename&quot;:&quot;TranslationTag&quot;,&quot;translation&quot;:null},&quot;showAdditionalInfoIcon&quot;:false}},{&quot;__typename&quot;:&quot;Option&quot;,&quot;trackOnView&quot;:[],&quot;trackOnClick&quot;:[],&quot;trackOnSelect&quot;:[],&quot;trackOnDeSelect&quot;:[],&quot;trackOnViewPopular&quot;:[],&quot;trackOnClickPopular&quot;:[],&quot;trackOnSelectPopular&quot;:[],&quot;trackOnDeSelectPopular&quot;:[],&quot;id&quot;:213,&quot;count&quot;:4,&quot;selected&quot;:false,&quot;urlId&quot;:&quot;ht_id=213&quot;,&quot;additionalLabel&quot;:{&quot;__typename&quot;:&quot;TextWithTranslationTag&quot;,&quot;text&quot;:&quot;&quot;,&quot;translationTag&quot;:{&quot;__typename&quot;:&quot;TranslationTag&quot;,&quot;translation&quot;:null}},&quot;value&quot;:{&quot;__typename&quot;:&quot;TextWithTranslationTag&quot;,&quot;text&quot;:&quot;Villas&quot;,&quot;translationTag&quot;:{&quot;__typename&quot;:&quot;TranslationTag&quot;,&quot;translation&quot;:null}},&quot;starRating&quot;:{&quot;__typename&quot;:&quot;StarRating&quot;,&quot;value&quot;:0,&quot;symbol&quot;:&quot;STARS&quot;,&quot;caption&quot;:{&quot;__typename&quot;:&quot;TranslationTag&quot;,&quot;translation&quot;:null},&quot;showAdditionalInfoIcon&quot;:false}},{&quot;__typename&quot;:&quot;Option&quot;,&quot;trackOnView&quot;:[],&quot;trackOnClick&quot;:[],&quot;trackOnSelect&quot;:[],&quot;trackOnDeSelect&quot;:[],&quot;trackOnViewPopular&quot;:[],&quot;trackOnClickPopular&quot;:[],&quot;trackOnSelectPopular&quot;:[],&quot;trackOnDeSelectPopular&quot;:[],&quot;id&quot;:221,&quot;count&quot;:2,&quot;selected&quot;:false,&quot;urlId&quot;:&quot;ht_id=221&quot;,&quot;additionalLabel&quot;:{&quot;__typename&quot;:&quot;TextWithTranslationTag&quot;,&quot;text&quot;:&quot;&quot;,&quot;translationTag&quot;:{&quot;__typename&quot;:&quot;TranslationTag&quot;,&quot;translation&quot;:null}},&quot;value&quot;:{&quot;__typename&quot;:&quot;TextWithTranslationTag&quot;,&quot;text&quot;:&quot;Lodges&quot;,&quot;translationTag&quot;:{&quot;__typename&quot;:&quot;TranslationTag&quot;,&quot;translation&quot;:null}},&quot;starRating&quot;:{&quot;__typename&quot;:&quot;StarRating&quot;,&quot;value&quot;:0,&quot;symbol&quot;:&quot;STARS&quot;,&quot;caption&quot;:{&quot;__typename&quot;:&quot;TranslationTag&quot;,&quot;translation&quot;:null},&quot;showAdditionalInfoIcon&quot;:false}},{&quot;__typename&quot;:&quot;Option&quot;,&quot;trackOnView&quot;:[],&quot;trackOnClick&quot;:[],&quot;trackOnSelect&quot;:[],&quot;trackOnDeSelect&quot;:[],&quot;trackOnViewPopular&quot;:[],&quot;trackOnClickPopular&quot;:[],&quot;trackOnSelectPopular&quot;:[],&quot;trackOnDeSelectPopular&quot;:[],&quot;id&quot;:205,&quot;count&quot;:1,&quot;selected&quot;:false,&quot;urlId&quot;:&quot;ht_id=205&quot;,&quot;additionalLabel&quot;:{&quot;__typename&quot;:&quot;TextWithTranslationTag&quot;,&quot;text&quot;:&quot;&quot;,&quot;translationTag&quot;:{&quot;__typename&quot;:&quot;TranslationTag&quot;,&quot;translation&quot;:null}},&quot;value&quot;:{&quot;__typename&quot;:&quot;TextWithTranslationTag&quot;,&quot;text&quot;:&quot;Motels&quot;,&quot;translationTag&quot;:{&quot;__typename&quot;:&quot;TranslationTag&quot;,&quot;translation&quot;:null}},&quot;starRating&quot;:{&quot;__typename&quot;:&quot;StarRating&quot;,&quot;value&quot;:0,&quot;symbol&quot;:&quot;STARS&quot;,&quot;caption&quot;:{&quot;__typename&quot;:&quot;TranslationTag&quot;,&quot;translation&quot;:null},&quot;showAdditionalInfoIcon&quot;:false}},{&quot;__typename&quot;:&quot;Option&quot;,&quot;trackOnView&quot;:[],&quot;trackOnClick&quot;:[],&quot;trackOnSelect&quot;:[],&quot;trackOnDeSelect&quot;:[],&quot;trackOnViewPopular&quot;:[],&quot;trackOnClickPopular&quot;:[],&quot;trackOnSelectPopular&quot;:[],&quot;trackOnDeSelectPopular&quot;:[],&quot;id&quot;:210,&quot;count&quot;:1,&quot;selected&quot;:false,&quot;urlId&quot;:&quot;ht_id=210&quot;,&quot;additionalLabel&quot;:{&quot;__typename&quot;:&quot;TextWithTranslationTag&quot;,&quot;text&quot;:&quot;&quot;,&quot;translationTag&quot;:{&quot;__typename&quot;:&quot;TranslationTag&quot;,&quot;translation&quot;:null}},&quot;value&quot;:{&quot;__typename&quot;:&quot;TextWithTranslationTag&quot;,&quot;text&quot;:&quot;Farm Stays&quot;,&quot;translationTag&quot;:{&quot;__typename&quot;:&quot;TranslationTag&quot;,&quot;translation&quot;:null}},&quot;starRating&quot;:{&quot;__typename&quot;:&quot;StarRating&quot;,&quot;value&quot;:0,&quot;symbol&quot;:&quot;STARS&quot;,&quot;caption&quot;:{&quot;__typename&quot;:&quot;TranslationTag&quot;,&quot;translation&quot;:null},&quot;showAdditionalInfoIcon&quot;:false}},{&quot;__typename&quot;:&quot;Option&quot;,&quot;trackOnView&quot;:[],&quot;trackOnClick&quot;:[],&quot;trackOnSelect&quot;:[],&quot;trackOnDeSelect&quot;:[],&quot;trackOnViewPopular&quot;:[],&quot;trackOnClickPopular&quot;:[],&quot;trackOnSelectPopular&quot;:[],&quot;trackOnDeSelectPopular&quot;:[],&quot;id&quot;:214,&quot;count&quot;:1,&quot;selected&quot;:false,&quot;urlId&quot;:&quot;ht_id=214&quot;,&quot;additionalLabel&quot;:{&quot;__typename&quot;:&quot;TextWithTranslationTag&quot;,&quot;text&quot;:&quot;&quot;,&quot;translationTag&quot;:{&quot;__typename&quot;:&quot;TranslationTag&quot;,&quot;translation&quot;:null}},&quot;value&quot;:{&quot;__typename&quot;:&quot;TextWithTranslationTag&quot;,&quot;text&quot;:&quot;Campgrounds&quot;,&quot;translationTag&quot;:{&quot;__typename&quot;:&quot;TranslationTag&quot;,&quot;translation&quot;:null}},&quot;starRating&quot;:{&quot;__typename&quot;:&quot;StarRating&quot;,&quot;value&quot;:0,&quot;symbol&quot;:&quot;STARS&quot;,&quot;caption&quot;:{&quot;__typename&quot;:&quot;TranslationTag&quot;,&quot;translation&quot;:null},&quot;showAdditionalInfoIcon&quot;:false}},{&quot;__typename&quot;:&quot;Option&quot;,&quot;trackOnView&quot;:[],&quot;trackOnClick&quot;:[],&quot;trackOnSelect&quot;:[],&quot;trackOnDeSelect&quot;:[],&quot;trackOnViewPopular&quot;:[],&quot;trackOnClickPopular&quot;:[],&quot;trackOnSelectPopular&quot;:[],&quot;trackOnDeSelectPopular&quot;:[],&quot;id&quot;:223,&quot;count&quot;:1,&quot;selected&quot;:false,&quot;urlId&quot;:&quot;ht_id=223&quot;,&quot;additionalLabel&quot;:{&quot;__typename&quot;:&quot;TextWithTranslationTag&quot;,&quot;text&quot;:&quot;&quot;,&quot;translationTag&quot;:{&quot;__typename&quot;:&quot;TranslationTag&quot;,&quot;translation&quot;:null}},&quot;value&quot;:{&quot;__typename&quot;:&quot;TextWithTranslationTag&quot;,&quot;text&quot;:&quot;Country Houses&quot;,&quot;translationTag&quot;:{&quot;__typename&quot;:&quot;TranslationTag&quot;,&quot;translation&quot;:null}},&quot;starRating&quot;:{&quot;__typename&quot;:&quot;StarRating&quot;,&quot;value&quot;:0,&quot;symbol&quot;:&quot;STARS&quot;,&quot;caption&quot;:{&quot;__typename&quot;:&quot;TranslationTag&quot;,&quot;translation&quot;:null},&quot;showAdditionalInfoIcon&quot;:false}}],&quot;filterLayout&quot;:{&quot;__typename&quot;:&quot;FilterLayout&quot;,&quot;isCollapsable&quot;:true,&quot;collapsedCount&quot;:5},&quot;stepperOptions&quot;:[],&quot;sliderOptions&quot;:{&quot;__typename&quot;:&quot;SliderOptions&quot;,&quot;min&quot;:&quot;0&quot;,&quot;max&quot;:&quot;0&quot;,&quot;minSelected&quot;:&quot;0&quot;,&quot;maxSelected&quot;:&quot;0&quot;,&quot;minPriceStep&quot;:&quot;0&quot;,&quot;minSelectedFormatted&quot;:null,&quot;currency&quot;:&quot;&quot;,&quot;histogram&quot;:[],&quot;selectedRange&quot;:null,&quot;title&quot;:&quot;&quot;},&quot;sliderOptionsPerStay&quot;:{&quot;__typename&quot;:&quot;SliderOptions&quot;,&quot;min&quot;:&quot;0&quot;,&quot;max&quot;:&quot;0&quot;,&quot;minSelected&quot;:&quot;0&quot;,&quot;maxSelected&quot;:&quot;0&quot;,&quot;minPriceStep&quot;:&quot;0&quot;,&quot;minSelectedFormatted&quot;:null,&quot;currency&quot;:&quot;&quot;,&quot;histogram&quot;:[],&quot;selectedRange&quot;:null,&quot;title&quot;:&quot;&quot;}},{&quot;__typename&quot;:&quot;Filter&quot;,&quot;trackOnView&quot;:[],&quot;trackOnClick&quot;:[],&quot;name&quot;:&quot;popular_nearby_landmarks&quot;,&quot;field&quot;:&quot;popular_nearby_landmarks&quot;,&quot;category&quot;:&quot;popular_nearby_landmarks&quot;,&quot;filterStyle&quot;:&quot;CHECKBOX&quot;,&quot;title&quot;:{&quot;__typename&quot;:&quot;TextWithTranslationTag&quot;,&quot;text&quot;:&quot;&quot;,&quot;translationTag&quot;:{&quot;__typename&quot;:&quot;TranslationTag&quot;,&quot;translation&quot;:&quot;Landmarks&quot;}},&quot;subtitle&quot;:&quot;&quot;,&quot;options&quot;:[{&quot;__typename&quot;:&quot;Option&quot;,&quot;trackOnView&quot;:[],&quot;trackOnClick&quot;:[],&quot;trackOnSelect&quot;:[],&quot;trackOnDeSelect&quot;:[],&quot;trackOnViewPopular&quot;:[],&quot;trackOnClickPopular&quot;:[],&quot;trackOnSelectPopular&quot;:[],&quot;trackOnDeSelectPopular&quot;:[],&quot;id&quot;:261059,&quot;count&quot;:192,&quot;selected&quot;:false,&quot;urlId&quot;:&quot;popular_nearby_landmarks=261059&quot;,&quot;additionalLabel&quot;:{&quot;__typename&quot;:&quot;TextWithTranslationTag&quot;,&quot;text&quot;:&quot;&quot;,&quot;translationTag&quot;:{&quot;__typename&quot;:&quot;TranslationTag&quot;,&quot;translation&quot;:null}},&quot;value&quot;:{&quot;__typename&quot;:&quot;TextWithTranslationTag&quot;,&quot;text&quot;:&quot;Burnham Park&quot;,&quot;translationTag&quot;:{&quot;__typename&quot;:&quot;TranslationTag&quot;,&quot;translation&quot;:null}},&quot;starRating&quot;:{&quot;__typename&quot;:&quot;StarRating&quot;,&quot;value&quot;:0,&quot;symbol&quot;:&quot;STARS&quot;,&quot;caption&quot;:{&quot;__typename&quot;:&quot;TranslationTag&quot;,&quot;translation&quot;:null},&quot;showAdditionalInfoIcon&quot;:false}},{&quot;__typename&quot;:&quot;Option&quot;,&quot;trackOnView&quot;:[],&quot;trackOnClick&quot;:[],&quot;trackOnSelect&quot;:[],&quot;trackOnDeSelect&quot;:[],&quot;trackOnViewPopular&quot;:[],&quot;trackOnClickPopular&quot;:[],&quot;trackOnSelectPopular&quot;:[],&quot;trackOnDeSelectPopular&quot;:[],&quot;id&quot;:261060,&quot;count&quot;:178,&quot;selected&quot;:false,&quot;urlId&quot;:&quot;popular_nearby_landmarks=261060&quot;,&quot;additionalLabel&quot;:{&quot;__typename&quot;:&quot;TextWithTranslationTag&quot;,&quot;text&quot;:&quot;&quot;,&quot;translationTag&quot;:{&quot;__typename&quot;:&quot;TranslationTag&quot;,&quot;translation&quot;:null}},&quot;value&quot;:{&quot;__typename&quot;:&quot;TextWithTranslationTag&quot;,&quot;text&quot;:&quot;Session Road&quot;,&quot;translationTag&quot;:{&quot;__typename&quot;:&quot;TranslationTag&quot;,&quot;translation&quot;:null}},&quot;starRating&quot;:{&quot;__typename&quot;:&quot;StarRating&quot;,&quot;value&quot;:0,&quot;symbol&quot;:&quot;STARS&quot;,&quot;caption&quot;:{&quot;__typename&quot;:&quot;TranslationTag&quot;,&quot;translation&quot;:null},&quot;showAdditionalInfoIcon&quot;:false}},{&quot;__typename&quot;:&quot;Option&quot;,&quot;trackOnView&quot;:[],&quot;trackOnClick&quot;:[],&quot;trackOnSelect&quot;:[],&quot;trackOnDeSelect&quot;:[],&quot;trackOnViewPopular&quot;:[],&quot;trackOnClickPopular&quot;:[],&quot;trackOnSelectPopular&quot;:[],&quot;trackOnDeSelectPopular&quot;:[],&quot;id&quot;:209151,&quot;count&quot;:159,&quot;selected&quot;:false,&quot;urlId&quot;:&quot;popular_nearby_landmarks=209151&quot;,&quot;additionalLabel&quot;:{&quot;__typename&quot;:&quot;TextWithTranslationTag&quot;,&quot;text&quot;:&quot;&quot;,&quot;translationTag&quot;:{&quot;__typename&quot;:&quot;TranslationTag&quot;,&quot;translation&quot;:null}},&quot;value&quot;:{&quot;__typename&quot;:&quot;TextWithTranslationTag&quot;,&quot;text&quot;:&quot;Mines View Park&quot;,&quot;translationTag&quot;:{&quot;__typename&quot;:&quot;TranslationTag&quot;,&quot;translation&quot;:null}},&quot;starRating&quot;:{&quot;__typename&quot;:&quot;StarRating&quot;,&quot;value&quot;:0,&quot;symbol&quot;:&quot;STARS&quot;,&quot;caption&quot;:{&quot;__typename&quot;:&quot;TranslationTag&quot;,&quot;translation&quot;:null},&quot;showAdditionalInfoIcon&quot;:false}},{&quot;__typename&quot;:&quot;Option&quot;,&quot;trackOnView&quot;:[],&quot;trackOnClick&quot;:[],&quot;trackOnSelect&quot;:[],&quot;trackOnDeSelect&quot;:[],&quot;trackOnViewPopular&quot;:[],&quot;trackOnClickPopular&quot;:[],&quot;trackOnSelectPopular&quot;:[],&quot;trackOnDeSelectPopular&quot;:[],&quot;id&quot;:261062,&quot;count&quot;:41,&quot;selected&quot;:false,&quot;urlId&quot;:&quot;popular_nearby_landmarks=261062&quot;,&quot;additionalLabel&quot;:{&quot;__typename&quot;:&quot;TextWithTranslationTag&quot;,&quot;text&quot;:&quot;&quot;,&quot;translationTag&quot;:{&quot;__typename&quot;:&quot;TranslationTag&quot;,&quot;translation&quot;:null}},&quot;value&quot;:{&quot;__typename&quot;:&quot;TextWithTranslationTag&quot;,&quot;text&quot;:&quot;Wright Park&quot;,&quot;translationTag&quot;:{&quot;__typename&quot;:&quot;TranslationTag&quot;,&quot;translation&quot;:null}},&quot;starRating&quot;:{&quot;__typename&quot;:&quot;StarRating&quot;,&quot;value&quot;:0,&quot;symbol&quot;:&quot;STARS&quot;,&quot;caption&quot;:{&quot;__typename&quot;:&quot;TranslationTag&quot;,&quot;translation&quot;:null},&quot;showAdditionalInfoIcon&quot;:false}},{&quot;__typename&quot;:&quot;Option&quot;,&quot;trackOnView&quot;:[],&quot;trackOnClick&quot;:[],&quot;trackOnSelect&quot;:[],&quot;trackOnDeSelect&quot;:[],&quot;trackOnViewPopular&quot;:[],&quot;trackOnClickPopular&quot;:[],&quot;trackOnSelectPopular&quot;:[],&quot;trackOnDeSelectPopular&quot;:[],&quot;id&quot;:261061,&quot;count&quot;:19,&quot;selected&quot;:false,&quot;urlId&quot;:&quot;popular_nearby_landmarks=261061&quot;,&quot;additionalLabel&quot;:{&quot;__typename&quot;:&quot;TextWithTranslationTag&quot;,&quot;text&quot;:&quot;&quot;,&quot;translationTag&quot;:{&quot;__typename&quot;:&quot;TranslationTag&quot;,&quot;translation&quot;:null}},&quot;value&quot;:{&quot;__typename&quot;:&quot;TextWithTranslationTag&quot;,&quot;text&quot;:&quot;Camp John Hay&quot;,&quot;translationTag&quot;:{&quot;__typename&quot;:&quot;TranslationTag&quot;,&quot;translation&quot;:null}},&quot;starRating&quot;:{&quot;__typename&quot;:&quot;StarRating&quot;,&quot;value&quot;:0,&quot;symbol&quot;:&quot;STARS&quot;,&quot;caption&quot;:{&quot;__typename&quot;:&quot;TranslationTag&quot;,&quot;translation&quot;:null},&quot;showAdditionalInfoIcon&quot;:false}}],&quot;filterLayout&quot;:{&quot;__typename&quot;:&quot;FilterLayout&quot;,&quot;isCollapsable&quot;:true,&quot;collapsedCount&quot;:5},&quot;stepperOptions&quot;:[],&quot;sliderOptions&quot;:{&quot;__typename&quot;:&quot;SliderOptions&quot;,&quot;min&quot;:&quot;0&quot;,&quot;max&quot;:&quot;0&quot;,&quot;minSelected&quot;:&quot;0&quot;,&quot;maxSelected&quot;:&quot;0&quot;,&quot;minPriceStep&quot;:&quot;0&quot;,&quot;minSelectedFormatted&quot;:null,&quot;currency&quot;:&quot;&quot;,&quot;histogram&quot;:[],&quot;selectedRange&quot;:null,&quot;title&quot;:&quot;&quot;},&quot;sliderOptionsPerStay&quot;:{&quot;__typename&quot;:&quot;SliderOptions&quot;,&quot;min&quot;:&quot;0&quot;,&quot;max&quot;:&quot;0&quot;,&quot;minSelected&quot;:&quot;0&quot;,&quot;maxSelected&quot;:&quot;0&quot;,&quot;minPriceStep&quot;:&quot;0&quot;,&quot;minSelectedFormatted&quot;:null,&quot;currency&quot;:&quot;&quot;,&quot;histogram&quot;:[],&quot;selectedRange&quot;:null,&quot;title&quot;:&quot;&quot;}},{&quot;__typename&quot;:&quot;Filter&quot;,&quot;trackOnView&quot;:[],&quot;trackOnClick&quot;:[],&quot;name&quot;:&quot;bucket_review_score_total_1_review_inc_external&quot;,&quot;field&quot;:&quot;review_score&quot;,&quot;category&quot;:&quot;review&quot;,&quot;filterStyle&quot;:&quot;CHECKBOX&quot;,&quot;title&quot;:{&quot;__typename&quot;:&quot;TextWithTranslationTag&quot;,&quot;text&quot;:&quot;&quot;,&quot;translationTag&quot;:{&quot;__typename&quot;:&quot;TranslationTag&quot;,&quot;translation&quot;:&quot;Review Score&quot;}},&quot;subtitle&quot;:&quot;&quot;,&quot;options&quot;:[{&quot;__typename&quot;:&quot;Option&quot;,&quot;trackOnView&quot;:[],&quot;trackOnClick&quot;:[],&quot;trackOnSelect&quot;:[],&quot;trackOnDeSelect&quot;:[],&quot;trackOnViewPopular&quot;:[],&quot;trackOnClickPopular&quot;:[],&quot;trackOnSelectPopular&quot;:[],&quot;trackOnDeSelectPopular&quot;:[],&quot;id&quot;:90,&quot;count&quot;:136,&quot;selected&quot;:false,&quot;urlId&quot;:&quot;review_score=90&quot;,&quot;additionalLabel&quot;:{&quot;__typename&quot;:&quot;TextWithTranslationTag&quot;,&quot;text&quot;:&quot;&quot;,&quot;translationTag&quot;:{&quot;__typename&quot;:&quot;TranslationTag&quot;,&quot;translation&quot;:null}},&quot;value&quot;:{&quot;__typename&quot;:&quot;TextWithTranslationTag&quot;,&quot;text&quot;:&quot;&quot;,&quot;translationTag&quot;:{&quot;__typename&quot;:&quot;TranslationTag&quot;,&quot;translation&quot;:&quot;Wonderful: 9+&quot;}},&quot;starRating&quot;:{&quot;__typename&quot;:&quot;StarRating&quot;,&quot;value&quot;:0,&quot;symbol&quot;:&quot;STARS&quot;,&quot;caption&quot;:{&quot;__typename&quot;:&quot;TranslationTag&quot;,&quot;translation&quot;:null},&quot;showAdditionalInfoIcon&quot;:false}},{&quot;__typename&quot;:&quot;Option&quot;,&quot;trackOnView&quot;:[],&quot;trackOnClick&quot;:[],&quot;trackOnSelect&quot;:[],&quot;trackOnDeSelect&quot;:[],&quot;trackOnViewPopular&quot;:[],&quot;trackOnClickPopular&quot;:[],&quot;trackOnSelectPopular&quot;:[],&quot;trackOnDeSelectPopular&quot;:[],&quot;id&quot;:80,&quot;count&quot;:281,&quot;selected&quot;:false,&quot;urlId&quot;:&quot;review_score=80&quot;,&quot;additionalLabel&quot;:{&quot;__typename&quot;:&quot;TextWithTranslationTag&quot;,&quot;text&quot;:&quot;&quot;,&quot;translationTag&quot;:{&quot;__typename&quot;:&quot;TranslationTag&quot;,&quot;translation&quot;:null}},&quot;value&quot;:{&quot;__typename&quot;:&quot;TextWithTranslationTag&quot;,&quot;text&quot;:&quot;&quot;,&quot;translationTag&quot;:{&quot;__typename&quot;:&quot;TranslationTag&quot;,&quot;translation&quot;:&quot;Very Good: 8+&quot;}},&quot;starRating&quot;:{&quot;__typename&quot;:&quot;StarRating&quot;,&quot;value&quot;:0,&quot;symbol&quot;:&quot;STARS&quot;,&quot;caption&quot;:{&quot;__typename&quot;:&quot;TranslationTag&quot;,&quot;translation&quot;:null},&quot;showAdditionalInfoIcon&quot;:false}},{&quot;__typename&quot;:&quot;Option&quot;,&quot;trackOnView&quot;:[],&quot;trackOnClick&quot;:[],&quot;trackOnSelect&quot;:[],&quot;trackOnDeSelect&quot;:[],&quot;trackOnViewPopular&quot;:[],&quot;trackOnClickPopular&quot;:[],&quot;trackOnSelectPopular&quot;:[],&quot;trackOnDeSelectPopular&quot;:[],&quot;id&quot;:70,&quot;count&quot;:357,&quot;selected&quot;:false,&quot;urlId&quot;:&quot;review_score=70&quot;,&quot;additionalLabel&quot;:{&quot;__typename&quot;:&quot;TextWithTranslationTag&quot;,&quot;text&quot;:&quot;&quot;,&quot;translationTag&quot;:{&quot;__typename&quot;:&quot;TranslationTag&quot;,&quot;translation&quot;:null}},&quot;value&quot;:{&quot;__typename&quot;:&quot;TextWithTranslationTag&quot;,&quot;text&quot;:&quot;&quot;,&quot;translationTag&quot;:{&quot;__typename&quot;:&quot;TranslationTag&quot;,&quot;translation&quot;:&quot;Good: 7+&quot;}},&quot;starRating&quot;:{&quot;__typename&quot;:&quot;StarRating&quot;,&quot;value&quot;:0,&quot;symbol&quot;:&quot;STARS&quot;,&quot;caption&quot;:{&quot;__typename&quot;:&quot;TranslationTag&quot;,&quot;translation&quot;:null},&quot;showAdditionalInfoIcon&quot;:false}},{&quot;__typename&quot;:&quot;Option&quot;,&quot;trackOnView&quot;:[],&quot;trackOnClick&quot;:[],&quot;trackOnSelect&quot;:[],&quot;trackOnDeSelect&quot;:[],&quot;trackOnViewPopular&quot;:[],&quot;trackOnClickPopular&quot;:[],&quot;trackOnSelectPopular&quot;:[],&quot;trackOnDeSelectPopular&quot;:[],&quot;id&quot;:60,&quot;count&quot;:391,&quot;selected&quot;:false,&quot;urlId&quot;:&quot;review_score=60&quot;,&quot;additionalLabel&quot;:{&quot;__typename&quot;:&quot;TextWithTranslationTag&quot;,&quot;text&quot;:&quot;&quot;,&quot;translationTag&quot;:{&quot;__typename&quot;:&quot;TranslationTag&quot;,&quot;translation&quot;:null}},&quot;value&quot;:{&quot;__typename&quot;:&quot;TextWithTranslationTag&quot;,&quot;text&quot;:&quot;&quot;,&quot;translationTag&quot;:{&quot;__typename&quot;:&quot;TranslationTag&quot;,&quot;translation&quot;:&quot;Pleasant: 6+&quot;}},&quot;starRating&quot;:{&quot;__typename&quot;:&quot;StarRating&quot;,&quot;value&quot;:0,&quot;symbol&quot;:&quot;STARS&quot;,&quot;caption&quot;:{&quot;__typename&quot;:&quot;TranslationTag&quot;,&quot;translation&quot;:null},&quot;showAdditionalInfoIcon&quot;:false}}],&quot;filterLayout&quot;:{&quot;__typename&quot;:&quot;FilterLayout&quot;,&quot;isCollapsable&quot;:false,&quot;collapsedCount&quot;:5},&quot;stepperOptions&quot;:[],&quot;sliderOptions&quot;:{&quot;__typename&quot;:&quot;SliderOptions&quot;,&quot;min&quot;:&quot;0&quot;,&quot;max&quot;:&quot;0&quot;,&quot;minSelected&quot;:&quot;0&quot;,&quot;maxSelected&quot;:&quot;0&quot;,&quot;minPriceStep&quot;:&quot;0&quot;,&quot;minSelectedFormatted&quot;:null,&quot;currency&quot;:&quot;&quot;,&quot;histogram&quot;:[],&quot;selectedRange&quot;:null,&quot;title&quot;:&quot;&quot;},&quot;sliderOptionsPerStay&quot;:{&quot;__typename&quot;:&quot;SliderOptions&quot;,&quot;min&quot;:&quot;0&quot;,&quot;max&quot;:&quot;0&quot;,&quot;minSelected&quot;:&quot;0&quot;,&quot;maxSelected&quot;:&quot;0&quot;,&quot;minPriceStep&quot;:&quot;0&quot;,&quot;minSelectedFormatted&quot;:null,&quot;currency&quot;:&quot;&quot;,&quot;histogram&quot;:[],&quot;selectedRange&quot;:null,&quot;title&quot;:&quot;&quot;}},{&quot;__typename&quot;:&quot;Filter&quot;,&quot;trackOnView&quot;:[{&quot;__typename&quot;:&quot;ExperimentTracking&quot;,&quot;type&quot;:0,&quot;experimentHash&quot;:&quot;ODREGHcWIADDbdEKfPBDORe&quot;,&quot;value&quot;:1},{&quot;__typename&quot;:&quot;ExperimentTracking&quot;,&quot;type&quot;:0,&quot;experimentHash&quot;:&quot;ODREGHcWIADDbdEKfPBDORe&quot;,&quot;value&quot;:2}],&quot;trackOnClick&quot;:[],&quot;name&quot;:&quot;similar_facility_id&quot;,&quot;field&quot;:&quot;hotelfacility&quot;,&quot;category&quot;:&quot;facilities&quot;,&quot;filterStyle&quot;:&quot;CHECKBOX&quot;,&quot;title&quot;:{&quot;__typename&quot;:&quot;TextWithTranslationTag&quot;,&quot;text&quot;:&quot;Amenities&quot;,&quot;translationTag&quot;:{&quot;__typename&quot;:&quot;TranslationTag&quot;,&quot;translation&quot;:null}},&quot;subtitle&quot;:&quot;&quot;,&quot;options&quot;:[{&quot;__typename&quot;:&quot;Option&quot;,&quot;trackOnView&quot;:[],&quot;trackOnClick&quot;:[],&quot;trackOnSelect&quot;:[],&quot;trackOnDeSelect&quot;:[],&quot;trackOnViewPopular&quot;:[],&quot;trackOnClickPopular&quot;:[],&quot;trackOnSelectPopular&quot;:[],&quot;trackOnDeSelectPopular&quot;:[],&quot;id&quot;:2,&quot;count&quot;:482,&quot;selected&quot;:false,&quot;urlId&quot;:&quot;hotelfacility=2&quot;,&quot;additionalLabel&quot;:{&quot;__typename&quot;:&quot;TextWithTranslationTag&quot;,&quot;text&quot;:&quot;&quot;,&quot;translationTag&quot;:{&quot;__typename&quot;:&quot;TranslationTag&quot;,&quot;translation&quot;:null}},&quot;value&quot;:{&quot;__typename&quot;:&quot;TextWithTranslationTag&quot;,&quot;text&quot;:&quot;Parking&quot;,&quot;translationTag&quot;:{&quot;__typename&quot;:&quot;TranslationTag&quot;,&quot;translation&quot;:null}},&quot;starRating&quot;:{&quot;__typename&quot;:&quot;StarRating&quot;,&quot;value&quot;:0,&quot;symbol&quot;:&quot;STARS&quot;,&quot;caption&quot;:{&quot;__typename&quot;:&quot;TranslationTag&quot;,&quot;translation&quot;:null},&quot;showAdditionalInfoIcon&quot;:false}},{&quot;__typename&quot;:&quot;Option&quot;,&quot;trackOnView&quot;:[],&quot;trackOnClick&quot;:[],&quot;trackOnSelect&quot;:[],&quot;trackOnDeSelect&quot;:[],&quot;trackOnViewPopular&quot;:[],&quot;trackOnClickPopular&quot;:[],&quot;trackOnSelectPopular&quot;:[],&quot;trackOnDeSelectPopular&quot;:[],&quot;id&quot;:107,&quot;count&quot;:494,&quot;selected&quot;:false,&quot;urlId&quot;:&quot;hotelfacility=107&quot;,&quot;additionalLabel&quot;:{&quot;__typename&quot;:&quot;TextWithTranslationTag&quot;,&quot;text&quot;:&quot;&quot;,&quot;translationTag&quot;:{&quot;__typename&quot;:&quot;TranslationTag&quot;,&quot;translation&quot;:null}},&quot;value&quot;:{&quot;__typename&quot;:&quot;TextWithTranslationTag&quot;,&quot;text&quot;:&quot;Free WiFi&quot;,&quot;translationTag&quot;:{&quot;__typename&quot;:&quot;TranslationTag&quot;,&quot;translation&quot;:null}},&quot;starRating&quot;:{&quot;__typename&quot;:&quot;StarRating&quot;,&quot;value&quot;:0,&quot;symbol&quot;:&quot;STARS&quot;,&quot;caption&quot;:{&quot;__typename&quot;:&quot;TranslationTag&quot;,&quot;translation&quot;:null},&quot;showAdditionalInfoIcon&quot;:false}},{&quot;__typename&quot;:&quot;Option&quot;,&quot;trackOnView&quot;:[],&quot;trackOnClick&quot;:[],&quot;trackOnSelect&quot;:[],&quot;trackOnDeSelect&quot;:[],&quot;trackOnViewPopular&quot;:[],&quot;trackOnClickPopular&quot;:[],&quot;trackOnSelectPopular&quot;:[],&quot;trackOnDeSelectPopular&quot;:[],&quot;id&quot;:3,&quot;count&quot;:74,&quot;selected&quot;:false,&quot;urlId&quot;:&quot;hotelfacility=3&quot;,&quot;additionalLabel&quot;:{&quot;__typename&quot;:&quot;TextWithTranslationTag&quot;,&quot;text&quot;:&quot;&quot;,&quot;translationTag&quot;:{&quot;__typename&quot;:&quot;TranslationTag&quot;,&quot;translation&quot;:null}},&quot;value&quot;:{&quot;__typename&quot;:&quot;TextWithTranslationTag&quot;,&quot;text&quot;:&quot;Restaurant&quot;,&quot;translationTag&quot;:{&quot;__typename&quot;:&quot;TranslationTag&quot;,&quot;translation&quot;:null}},&quot;starRating&quot;:{&quot;__typename&quot;:&quot;StarRating&quot;,&quot;value&quot;:0,&quot;symbol&quot;:&quot;STARS&quot;,&quot;caption&quot;:{&quot;__typename&quot;:&quot;TranslationTag&quot;,&quot;translation&quot;:null},&quot;showAdditionalInfoIcon&quot;:false}},{&quot;__typename&quot;:&quot;Option&quot;,&quot;trackOnView&quot;:[],&quot;trackOnClick&quot;:[],&quot;trackOnSelect&quot;:[],&quot;trackOnDeSelect&quot;:[],&quot;trackOnViewPopular&quot;:[],&quot;trackOnClickPopular&quot;:[],&quot;trackOnSelectPopular&quot;:[],&quot;trackOnDeSelectPopular&quot;:[],&quot;id&quot;:4,&quot;count&quot;:179,&quot;selected&quot;:false,&quot;urlId&quot;:&quot;hotelfacility=4&quot;,&quot;additionalLabel&quot;:{&quot;__typename&quot;:&quot;TextWithTranslationTag&quot;,&quot;text&quot;:&quot;&quot;,&quot;translationTag&quot;:{&quot;__typename&quot;:&quot;TranslationTag&quot;,&quot;translation&quot;:null}},&quot;value&quot;:{&quot;__typename&quot;:&quot;TextWithTranslationTag&quot;,&quot;text&quot;:&quot;Pet friendly&quot;,&quot;translationTag&quot;:{&quot;__typename&quot;:&quot;TranslationTag&quot;,&quot;translation&quot;:null}},&quot;starRating&quot;:{&quot;__typename&quot;:&quot;StarRating&quot;,&quot;value&quot;:0,&quot;symbol&quot;:&quot;STARS&quot;,&quot;caption&quot;:{&quot;__typename&quot;:&quot;TranslationTag&quot;,&quot;translation&quot;:null},&quot;showAdditionalInfoIcon&quot;:false}},{&quot;__typename&quot;:&quot;Option&quot;,&quot;trackOnView&quot;:[],&quot;trackOnClick&quot;:[],&quot;trackOnSelect&quot;:[],&quot;trackOnDeSelect&quot;:[],&quot;trackOnViewPopular&quot;:[],&quot;trackOnClickPopular&quot;:[],&quot;trackOnSelectPopular&quot;:[],&quot;trackOnDeSelectPopular&quot;:[],&quot;id&quot;:5,&quot;count&quot;:57,&quot;selected&quot;:false,&quot;urlId&quot;:&quot;hotelfacility=5&quot;,&quot;additionalLabel&quot;:{&quot;__typename&quot;:&quot;TextWithTranslationTag&quot;,&quot;text&quot;:&quot;&quot;,&quot;translationTag&quot;:{&quot;__typename&quot;:&quot;TranslationTag&quot;,&quot;translation&quot;:null}},&quot;value&quot;:{&quot;__typename&quot;:&quot;TextWithTranslationTag&quot;,&quot;text&quot;:&quot;Room service&quot;,&quot;translationTag&quot;:{&quot;__typename&quot;:&quot;TranslationTag&quot;,&quot;translation&quot;:null}},&quot;starRating&quot;:{&quot;__typename&quot;:&quot;StarRating&quot;,&quot;value&quot;:0,&quot;symbol&quot;:&quot;STARS&quot;,&quot;caption&quot;:{&quot;__typename&quot;:&quot;TranslationTag&quot;,&quot;translation&quot;:null},&quot;showAdditionalInfoIcon&quot;:false}},{&quot;__typename&quot;:&quot;Option&quot;,&quot;trackOnView&quot;:[],&quot;trackOnClick&quot;:[],&quot;trackOnSelect&quot;:[],&quot;trackOnDeSelect&quot;:[],&quot;trackOnViewPopular&quot;:[],&quot;trackOnClickPopular&quot;:[],&quot;trackOnSelectPopular&quot;:[],&quot;trackOnDeSelectPopular&quot;:[],&quot;id&quot;:8,&quot;count&quot;:146,&quot;selected&quot;:false,&quot;urlId&quot;:&quot;hotelfacility=8&quot;,&quot;additionalLabel&quot;:{&quot;__typename&quot;:&quot;TextWithTranslationTag&quot;,&quot;text&quot;:&quot;&quot;,&quot;translationTag&quot;:{&quot;__typename&quot;:&quot;TranslationTag&quot;,&quot;translation&quot;:null}},&quot;value&quot;:{&quot;__typename&quot;:&quot;TextWithTranslationTag&quot;,&quot;text&quot;:&quot;24-hour front desk&quot;,&quot;translationTag&quot;:{&quot;__typename&quot;:&quot;TranslationTag&quot;,&quot;translation&quot;:null}},&quot;starRating&quot;:{&quot;__typename&quot;:&quot;StarRating&quot;,&quot;value&quot;:0,&quot;symbol&quot;:&quot;STARS&quot;,&quot;caption&quot;:{&quot;__typename&quot;:&quot;TranslationTag&quot;,&quot;translation&quot;:null},&quot;showAdditionalInfoIcon&quot;:false}},{&quot;__typename&quot;:&quot;Option&quot;,&quot;trackOnView&quot;:[],&quot;trackOnClick&quot;:[],&quot;trackOnSelect&quot;:[],&quot;trackOnDeSelect&quot;:[],&quot;trackOnViewPopular&quot;:[],&quot;trackOnClickPopular&quot;:[],&quot;trackOnSelectPopular&quot;:[],&quot;trackOnDeSelectPopular&quot;:[],&quot;id&quot;:11,&quot;count&quot;:19,&quot;selected&quot;:false,&quot;urlId&quot;:&quot;hotelfacility=11&quot;,&quot;additionalLabel&quot;:{&quot;__typename&quot;:&quot;TextWithTranslationTag&quot;,&quot;text&quot;:&quot;&quot;,&quot;translationTag&quot;:{&quot;__typename&quot;:&quot;TranslationTag&quot;,&quot;translation&quot;:null}},&quot;value&quot;:{&quot;__typename&quot;:&quot;TextWithTranslationTag&quot;,&quot;text&quot;:&quot;Fitness center&quot;,&quot;translationTag&quot;:{&quot;__typename&quot;:&quot;TranslationTag&quot;,&quot;translation&quot;:null}},&quot;starRating&quot;:{&quot;__typename&quot;:&quot;StarRating&quot;,&quot;value&quot;:0,&quot;symbol&quot;:&quot;STARS&quot;,&quot;caption&quot;:{&quot;__typename&quot;:&quot;TranslationTag&quot;,&quot;translation&quot;:null},&quot;showAdditionalInfoIcon&quot;:false}},{&quot;__typename&quot;:&quot;Option&quot;,&quot;trackOnView&quot;:[],&quot;trackOnClick&quot;:[],&quot;trackOnSelect&quot;:[],&quot;trackOnDeSelect&quot;:[],&quot;trackOnViewPopular&quot;:[],&quot;trackOnClickPopular&quot;:[],&quot;trackOnSelectPopular&quot;:[],&quot;trackOnDeSelectPopular&quot;:[],&quot;id&quot;:16,&quot;count&quot;:342,&quot;selected&quot;:false,&quot;urlId&quot;:&quot;hotelfacility=16&quot;,&quot;additionalLabel&quot;:{&quot;__typename&quot;:&quot;TextWithTranslationTag&quot;,&quot;text&quot;:&quot;&quot;,&quot;translationTag&quot;:{&quot;__typename&quot;:&quot;TranslationTag&quot;,&quot;translation&quot;:null}},&quot;value&quot;:{&quot;__typename&quot;:&quot;TextWithTranslationTag&quot;,&quot;text&quot;:&quot;Non-smoking rooms&quot;,&quot;translationTag&quot;:{&quot;__typename&quot;:&quot;TranslationTag&quot;,&quot;translation&quot;:null}},&quot;starRating&quot;:{&quot;__typename&quot;:&quot;StarRating&quot;,&quot;value&quot;:0,&quot;symbol&quot;:&quot;STARS&quot;,&quot;caption&quot;:{&quot;__typename&quot;:&quot;TranslationTag&quot;,&quot;translation&quot;:null},&quot;showAdditionalInfoIcon&quot;:false}},{&quot;__typename&quot;:&quot;Option&quot;,&quot;trackOnView&quot;:[],&quot;trackOnClick&quot;:[],&quot;trackOnSelect&quot;:[],&quot;trackOnDeSelect&quot;:[],&quot;trackOnViewPopular&quot;:[],&quot;trackOnClickPopular&quot;:[],&quot;trackOnSelectPopular&quot;:[],&quot;trackOnDeSelectPopular&quot;:[],&quot;id&quot;:17,&quot;count&quot;:17,&quot;selected&quot;:false,&quot;urlId&quot;:&quot;hotelfacility=17&quot;,&quot;additionalLabel&quot;:{&quot;__typename&quot;:&quot;TextWithTranslationTag&quot;,&quot;text&quot;:&quot;&quot;,&quot;translationTag&quot;:{&quot;__typename&quot;:&quot;TranslationTag&quot;,&quot;translation&quot;:null}},&quot;value&quot;:{&quot;__typename&quot;:&quot;TextWithTranslationTag&quot;,&quot;text&quot;:&quot;Airport shuttle&quot;,&quot;translationTag&quot;:{&quot;__typename&quot;:&quot;TranslationTag&quot;,&quot;translation&quot;:null}},&quot;starRating&quot;:{&quot;__typename&quot;:&quot;StarRating&quot;,&quot;value&quot;:0,&quot;symbol&quot;:&quot;STARS&quot;,&quot;caption&quot;:{&quot;__typename&quot;:&quot;TranslationTag&quot;,&quot;translation&quot;:null},&quot;showAdditionalInfoIcon&quot;:false}},{&quot;__typename&quot;:&quot;Option&quot;,&quot;trackOnView&quot;:[],&quot;trackOnClick&quot;:[],&quot;trackOnSelect&quot;:[],&quot;trackOnDeSelect&quot;:[],&quot;trackOnViewPopular&quot;:[],&quot;trackOnClickPopular&quot;:[],&quot;trackOnSelectPopular&quot;:[],&quot;trackOnDeSelectPopular&quot;:[],&quot;id&quot;:25,&quot;count&quot;:53,&quot;selected&quot;:false,&quot;urlId&quot;:&quot;hotelfacility=25&quot;,&quot;additionalLabel&quot;:{&quot;__typename&quot;:&quot;TextWithTranslationTag&quot;,&quot;text&quot;:&quot;&quot;,&quot;translationTag&quot;:{&quot;__typename&quot;:&quot;TranslationTag&quot;,&quot;translation&quot;:null}},&quot;value&quot;:{&quot;__typename&quot;:&quot;TextWithTranslationTag&quot;,&quot;text&quot;:&quot;Facilities for disabled guests&quot;,&quot;translationTag&quot;:{&quot;__typename&quot;:&quot;TranslationTag&quot;,&quot;translation&quot;:null}},&quot;starRating&quot;:{&quot;__typename&quot;:&quot;StarRating&quot;,&quot;value&quot;:0,&quot;symbol&quot;:&quot;STARS&quot;,&quot;caption&quot;:{&quot;__typename&quot;:&quot;TranslationTag&quot;,&quot;translation&quot;:null},&quot;showAdditionalInfoIcon&quot;:false}},{&quot;__typename&quot;:&quot;Option&quot;,&quot;trackOnView&quot;:[],&quot;trackOnClick&quot;:[],&quot;trackOnSelect&quot;:[],&quot;trackOnDeSelect&quot;:[],&quot;trackOnViewPopular&quot;:[],&quot;trackOnClickPopular&quot;:[],&quot;trackOnSelectPopular&quot;:[],&quot;trackOnDeSelectPopular&quot;:[],&quot;id&quot;:28,&quot;count&quot;:293,&quot;selected&quot;:false,&quot;urlId&quot;:&quot;hotelfacility=28&quot;,&quot;additionalLabel&quot;:{&quot;__typename&quot;:&quot;TextWithTranslationTag&quot;,&quot;text&quot;:&quot;&quot;,&quot;translationTag&quot;:{&quot;__typename&quot;:&quot;TranslationTag&quot;,&quot;translation&quot;:null}},&quot;value&quot;:{&quot;__typename&quot;:&quot;TextWithTranslationTag&quot;,&quot;text&quot;:&quot;Family rooms&quot;,&quot;translationTag&quot;:{&quot;__typename&quot;:&quot;TranslationTag&quot;,&quot;translation&quot;:null}},&quot;starRating&quot;:{&quot;__typename&quot;:&quot;StarRating&quot;,&quot;value&quot;:0,&quot;symbol&quot;:&quot;STARS&quot;,&quot;caption&quot;:{&quot;__typename&quot;:&quot;TranslationTag&quot;,&quot;translation&quot;:null},&quot;showAdditionalInfoIcon&quot;:false}},{&quot;__typename&quot;:&quot;Option&quot;,&quot;trackOnView&quot;:[],&quot;trackOnClick&quot;:[],&quot;trackOnSelect&quot;:[],&quot;trackOnDeSelect&quot;:[],&quot;trackOnViewPopular&quot;:[],&quot;trackOnClickPopular&quot;:[],&quot;trackOnSelectPopular&quot;:[],&quot;trackOnDeSelectPopular&quot;:[],&quot;id&quot;:54,&quot;count&quot;:12,&quot;selected&quot;:false,&quot;urlId&quot;:&quot;hotelfacility=54&quot;,&quot;additionalLabel&quot;:{&quot;__typename&quot;:&quot;TextWithTranslationTag&quot;,&quot;text&quot;:&quot;&quot;,&quot;translationTag&quot;:{&quot;__typename&quot;:&quot;TranslationTag&quot;,&quot;translation&quot;:null}},&quot;value&quot;:{&quot;__typename&quot;:&quot;TextWithTranslationTag&quot;,&quot;text&quot;:&quot;Spa&quot;,&quot;translationTag&quot;:{&quot;__typename&quot;:&quot;TranslationTag&quot;,&quot;translation&quot;:null}},&quot;starRating&quot;:{&quot;__typename&quot;:&quot;StarRating&quot;,&quot;value&quot;:0,&quot;symbol&quot;:&quot;STARS&quot;,&quot;caption&quot;:{&quot;__typename&quot;:&quot;TranslationTag&quot;,&quot;translation&quot;:null},&quot;showAdditionalInfoIcon&quot;:false}},{&quot;__typename&quot;:&quot;Option&quot;,&quot;trackOnView&quot;:[],&quot;trackOnClick&quot;:[],&quot;trackOnSelect&quot;:[],&quot;trackOnDeSelect&quot;:[],&quot;trackOnViewPopular&quot;:[],&quot;trackOnClickPopular&quot;:[],&quot;trackOnSelectPopular&quot;:[],&quot;trackOnDeSelectPopular&quot;:[],&quot;id&quot;:182,&quot;count&quot;:7,&quot;selected&quot;:false,&quot;urlId&quot;:&quot;hotelfacility=182&quot;,&quot;additionalLabel&quot;:{&quot;__typename&quot;:&quot;TextWithTranslationTag&quot;,&quot;text&quot;:&quot;&quot;,&quot;translationTag&quot;:{&quot;__typename&quot;:&quot;TranslationTag&quot;,&quot;translation&quot;:null}},&quot;value&quot;:{&quot;__typename&quot;:&quot;TextWithTranslationTag&quot;,&quot;text&quot;:&quot;Electric vehicle charging station&quot;,&quot;translationTag&quot;:{&quot;__typename&quot;:&quot;TranslationTag&quot;,&quot;translation&quot;:null}},&quot;starRating&quot;:{&quot;__typename&quot;:&quot;StarRating&quot;,&quot;value&quot;:0,&quot;symbol&quot;:&quot;STARS&quot;,&quot;caption&quot;:{&quot;__typename&quot;:&quot;TranslationTag&quot;,&quot;translation&quot;:null},&quot;showAdditionalInfoIcon&quot;:false}},{&quot;__typename&quot;:&quot;Option&quot;,&quot;trackOnView&quot;:[],&quot;trackOnClick&quot;:[],&quot;trackOnSelect&quot;:[],&quot;trackOnDeSelect&quot;:[],&quot;trackOnViewPopular&quot;:[],&quot;trackOnClickPopular&quot;:[],&quot;trackOnSelectPopular&quot;:[],&quot;trackOnDeSelectPopular&quot;:[],&quot;id&quot;:433,&quot;count&quot;:4,&quot;selected&quot;:false,&quot;urlId&quot;:&quot;hotelfacility=433&quot;,&quot;additionalLabel&quot;:{&quot;__typename&quot;:&quot;TextWithTranslationTag&quot;,&quot;text&quot;:&quot;&quot;,&quot;translationTag&quot;:{&quot;__typename&quot;:&quot;TranslationTag&quot;,&quot;translation&quot;:null}},&quot;value&quot;:{&quot;__typename&quot;:&quot;TextWithTranslationTag&quot;,&quot;text&quot;:&quot;Swimming pool&quot;,&quot;translationTag&quot;:{&quot;__typename&quot;:&quot;TranslationTag&quot;,&quot;translation&quot;:null}},&quot;starRating&quot;:{&quot;__typename&quot;:&quot;StarRating&quot;,&quot;value&quot;:0,&quot;symbol&quot;:&quot;STARS&quot;,&quot;caption&quot;:{&quot;__typename&quot;:&quot;TranslationTag&quot;,&quot;translation&quot;:null},&quot;showAdditionalInfoIcon&quot;:false}}],&quot;filterLayout&quot;:{&quot;__typename&quot;:&quot;FilterLayout&quot;,&quot;isCollapsable&quot;:true,&quot;collapsedCount&quot;:5},&quot;stepperOptions&quot;:[],&quot;sliderOptions&quot;:{&quot;__typename&quot;:&quot;SliderOptions&quot;,&quot;min&quot;:&quot;0&quot;,&quot;max&quot;:&quot;0&quot;,&quot;minSelected&quot;:&quot;0&quot;,&quot;maxSelected&quot;:&quot;0&quot;,&quot;minPriceStep&quot;:&quot;0&quot;,&quot;minSelectedFormatted&quot;:null,&quot;currency&quot;:&quot;&quot;,&quot;histogram&quot;:[],&quot;selectedRange&quot;:null,&quot;title&quot;:&quot;&quot;},&quot;sliderOptionsPerStay&quot;:{&quot;__typename&quot;:&quot;SliderOptions&quot;,&quot;min&quot;:&quot;0&quot;,&quot;max&quot;:&quot;0&quot;,&quot;minSelected&quot;:&quot;0&quot;,&quot;maxSelected&quot;:&quot;0&quot;,&quot;minPriceStep&quot;:&quot;0&quot;,&quot;minSelectedFormatted&quot;:null,&quot;currency&quot;:&quot;&quot;,&quot;histogram&quot;:[],&quot;selectedRange&quot;:null,&quot;title&quot;:&quot;&quot;}},{&quot;__typename&quot;:&quot;Filter&quot;,&quot;trackOnView&quot;:[],&quot;trackOnClick&quot;:[],&quot;name&quot;:&quot;roomfacility&quot;,&quot;field&quot;:&quot;roomfacility&quot;,&quot;category&quot;:&quot;roomfacilities&quot;,&quot;filterStyle&quot;:&quot;CHECKBOX&quot;,&quot;title&quot;:{&quot;__typename&quot;:&quot;TextWithTranslationTag&quot;,&quot;text&quot;:&quot;Room amenities&quot;,&quot;translationTag&quot;:{&quot;__typename&quot;:&quot;TranslationTag&quot;,&quot;translation&quot;:null}},&quot;subtitle&quot;:&quot;&quot;,&quot;options&quot;:[{&quot;__typename&quot;:&quot;Option&quot;,&quot;trackOnView&quot;:[],&quot;trackOnClick&quot;:[],&quot;trackOnSelect&quot;:[],&quot;trackOnDeSelect&quot;:[],&quot;trackOnViewPopular&quot;:[],&quot;trackOnClickPopular&quot;:[],&quot;trackOnSelectPopular&quot;:[],&quot;trackOnDeSelectPopular&quot;:[],&quot;id&quot;:999,&quot;count&quot;:459,&quot;selected&quot;:false,&quot;urlId&quot;:&quot;roomfacility=999&quot;,&quot;additionalLabel&quot;:{&quot;__typename&quot;:&quot;TextWithTranslationTag&quot;,&quot;text&quot;:&quot;&quot;,&quot;translationTag&quot;:{&quot;__typename&quot;:&quot;TranslationTag&quot;,&quot;translation&quot;:null}},&quot;value&quot;:{&quot;__typename&quot;:&quot;TextWithTranslationTag&quot;,&quot;text&quot;:&quot;&quot;,&quot;translationTag&quot;:{&quot;__typename&quot;:&quot;TranslationTag&quot;,&quot;translation&quot;:&quot;Kitchen/Kitchenette&quot;}},&quot;starRating&quot;:{&quot;__typename&quot;:&quot;StarRating&quot;,&quot;value&quot;:0,&quot;symbol&quot;:&quot;STARS&quot;,&quot;caption&quot;:{&quot;__typename&quot;:&quot;TranslationTag&quot;,&quot;translation&quot;:null},&quot;showAdditionalInfoIcon&quot;:false}},{&quot;__typename&quot;:&quot;Option&quot;,&quot;trackOnView&quot;:[],&quot;trackOnClick&quot;:[],&quot;trackOnSelect&quot;:[],&quot;trackOnDeSelect&quot;:[],&quot;trackOnViewPopular&quot;:[],&quot;trackOnClickPopular&quot;:[],&quot;trackOnSelectPopular&quot;:[],&quot;trackOnDeSelectPopular&quot;:[],&quot;id&quot;:38,&quot;count&quot;:373,&quot;selected&quot;:false,&quot;urlId&quot;:&quot;roomfacility=38&quot;,&quot;additionalLabel&quot;:{&quot;__typename&quot;:&quot;TextWithTranslationTag&quot;,&quot;text&quot;:&quot;&quot;,&quot;translationTag&quot;:{&quot;__typename&quot;:&quot;TranslationTag&quot;,&quot;translation&quot;:null}},&quot;value&quot;:{&quot;__typename&quot;:&quot;TextWithTranslationTag&quot;,&quot;text&quot;:&quot;&quot;,&quot;translationTag&quot;:{&quot;__typename&quot;:&quot;TranslationTag&quot;,&quot;translation&quot;:&quot;Private bathroom&quot;}},&quot;starRating&quot;:{&quot;__typename&quot;:&quot;StarRating&quot;,&quot;value&quot;:0,&quot;symbol&quot;:&quot;STARS&quot;,&quot;caption&quot;:{&quot;__typename&quot;:&quot;TranslationTag&quot;,&quot;translation&quot;:null},&quot;showAdditionalInfoIcon&quot;:false}},{&quot;__typename&quot;:&quot;Option&quot;,&quot;trackOnView&quot;:[],&quot;trackOnClick&quot;:[],&quot;trackOnSelect&quot;:[],&quot;trackOnDeSelect&quot;:[],&quot;trackOnViewPopular&quot;:[],&quot;trackOnClickPopular&quot;:[],&quot;trackOnSelectPopular&quot;:[],&quot;trackOnDeSelectPopular&quot;:[],&quot;id&quot;:23,&quot;count&quot;:201,&quot;selected&quot;:false,&quot;urlId&quot;:&quot;roomfacility=23&quot;,&quot;additionalLabel&quot;:{&quot;__typename&quot;:&quot;TextWithTranslationTag&quot;,&quot;text&quot;:&quot;&quot;,&quot;translationTag&quot;:{&quot;__typename&quot;:&quot;TranslationTag&quot;,&quot;translation&quot;:null}},&quot;value&quot;:{&quot;__typename&quot;:&quot;TextWithTranslationTag&quot;,&quot;text&quot;:&quot;Desk&quot;,&quot;translationTag&quot;:{&quot;__typename&quot;:&quot;TranslationTag&quot;,&quot;translation&quot;:null}},&quot;starRating&quot;:{&quot;__typename&quot;:&quot;StarRating&quot;,&quot;value&quot;:0,&quot;symbol&quot;:&quot;STARS&quot;,&quot;caption&quot;:{&quot;__typename&quot;:&quot;TranslationTag&quot;,&quot;translation&quot;:null},&quot;showAdditionalInfoIcon&quot;:false}},{&quot;__typename&quot;:&quot;Option&quot;,&quot;trackOnView&quot;:[],&quot;trackOnClick&quot;:[],&quot;trackOnSelect&quot;:[],&quot;trackOnDeSelect&quot;:[],&quot;trackOnViewPopular&quot;:[],&quot;trackOnClickPopular&quot;:[],&quot;trackOnSelectPopular&quot;:[],&quot;trackOnDeSelectPopular&quot;:[],&quot;id&quot;:5,&quot;count&quot;:88,&quot;selected&quot;:false,&quot;urlId&quot;:&quot;roomfacility=5&quot;,&quot;additionalLabel&quot;:{&quot;__typename&quot;:&quot;TextWithTranslationTag&quot;,&quot;text&quot;:&quot;&quot;,&quot;translationTag&quot;:{&quot;__typename&quot;:&quot;TranslationTag&quot;,&quot;translation&quot;:null}},&quot;value&quot;:{&quot;__typename&quot;:&quot;TextWithTranslationTag&quot;,&quot;text&quot;:&quot;Bathtub&quot;,&quot;translationTag&quot;:{&quot;__typename&quot;:&quot;TranslationTag&quot;,&quot;translation&quot;:null}},&quot;starRating&quot;:{&quot;__typename&quot;:&quot;StarRating&quot;,&quot;value&quot;:0,&quot;symbol&quot;:&quot;STARS&quot;,&quot;caption&quot;:{&quot;__typename&quot;:&quot;TranslationTag&quot;,&quot;translation&quot;:null},&quot;showAdditionalInfoIcon&quot;:false}},{&quot;__typename&quot;:&quot;Option&quot;,&quot;trackOnView&quot;:[],&quot;trackOnClick&quot;:[],&quot;trackOnSelect&quot;:[],&quot;trackOnDeSelect&quot;:[],&quot;trackOnViewPopular&quot;:[],&quot;trackOnClickPopular&quot;:[],&quot;trackOnSelectPopular&quot;:[],&quot;trackOnDeSelectPopular&quot;:[],&quot;id&quot;:123,&quot;count&quot;:232,&quot;selected&quot;:false,&quot;urlId&quot;:&quot;roomfacility=123&quot;,&quot;additionalLabel&quot;:{&quot;__typename&quot;:&quot;TextWithTranslationTag&quot;,&quot;text&quot;:&quot;&quot;,&quot;translationTag&quot;:{&quot;__typename&quot;:&quot;TranslationTag&quot;,&quot;translation&quot;:null}},&quot;value&quot;:{&quot;__typename&quot;:&quot;TextWithTranslationTag&quot;,&quot;text&quot;:&quot;Terrace&quot;,&quot;translationTag&quot;:{&quot;__typename&quot;:&quot;TranslationTag&quot;,&quot;translation&quot;:null}},&quot;starRating&quot;:{&quot;__typename&quot;:&quot;StarRating&quot;,&quot;value&quot;:0,&quot;symbol&quot;:&quot;STARS&quot;,&quot;caption&quot;:{&quot;__typename&quot;:&quot;TranslationTag&quot;,&quot;translation&quot;:null},&quot;showAdditionalInfoIcon&quot;:false}},{&quot;__typename&quot;:&quot;Option&quot;,&quot;trackOnView&quot;:[],&quot;trackOnClick&quot;:[],&quot;trackOnSelect&quot;:[],&quot;trackOnDeSelect&quot;:[],&quot;trackOnViewPopular&quot;:[],&quot;trackOnClickPopular&quot;:[],&quot;trackOnSelectPopular&quot;:[],&quot;trackOnDeSelectPopular&quot;:[],&quot;id&quot;:17,&quot;count&quot;:337,&quot;selected&quot;:false,&quot;urlId&quot;:&quot;roomfacility=17&quot;,&quot;additionalLabel&quot;:{&quot;__typename&quot;:&quot;TextWithTranslationTag&quot;,&quot;text&quot;:&quot;&quot;,&quot;translationTag&quot;:{&quot;__typename&quot;:&quot;TranslationTag&quot;,&quot;translation&quot;:null}},&quot;value&quot;:{&quot;__typename&quot;:&quot;TextWithTranslationTag&quot;,&quot;text&quot;:&quot;Balcony&quot;,&quot;translationTag&quot;:{&quot;__typename&quot;:&quot;TranslationTag&quot;,&quot;translation&quot;:null}},&quot;starRating&quot;:{&quot;__typename&quot;:&quot;StarRating&quot;,&quot;value&quot;:0,&quot;symbol&quot;:&quot;STARS&quot;,&quot;caption&quot;:{&quot;__typename&quot;:&quot;TranslationTag&quot;,&quot;translation&quot;:null},&quot;showAdditionalInfoIcon&quot;:false}},{&quot;__typename&quot;:&quot;Option&quot;,&quot;trackOnView&quot;:[],&quot;trackOnClick&quot;:[],&quot;trackOnSelect&quot;:[],&quot;trackOnDeSelect&quot;:[],&quot;trackOnViewPopular&quot;:[],&quot;trackOnClickPopular&quot;:[],&quot;trackOnSelectPopular&quot;:[],&quot;trackOnDeSelectPopular&quot;:[],&quot;id&quot;:75,&quot;count&quot;:472,&quot;selected&quot;:false,&quot;urlId&quot;:&quot;roomfacility=75&quot;,&quot;additionalLabel&quot;:{&quot;__typename&quot;:&quot;TextWithTranslationTag&quot;,&quot;text&quot;:&quot;&quot;,&quot;translationTag&quot;:{&quot;__typename&quot;:&quot;TranslationTag&quot;,&quot;translation&quot;:null}},&quot;value&quot;:{&quot;__typename&quot;:&quot;TextWithTranslationTag&quot;,&quot;text&quot;:&quot;Flat-screen TV&quot;,&quot;translationTag&quot;:{&quot;__typename&quot;:&quot;TranslationTag&quot;,&quot;translation&quot;:null}},&quot;starRating&quot;:{&quot;__typename&quot;:&quot;StarRating&quot;,&quot;value&quot;:0,&quot;symbol&quot;:&quot;STARS&quot;,&quot;caption&quot;:{&quot;__typename&quot;:&quot;TranslationTag&quot;,&quot;translation&quot;:null},&quot;showAdditionalInfoIcon&quot;:false}},{&quot;__typename&quot;:&quot;Option&quot;,&quot;trackOnView&quot;:[],&quot;trackOnClick&quot;:[],&quot;trackOnSelect&quot;:[],&quot;trackOnDeSelect&quot;:[],&quot;trackOnViewPopular&quot;:[],&quot;trackOnClickPopular&quot;:[],&quot;trackOnSelectPopular&quot;:[],&quot;trackOnDeSelectPopular&quot;:[],&quot;id&quot;:81,&quot;count&quot;:330,&quot;selected&quot;:false,&quot;urlId&quot;:&quot;roomfacility=81&quot;,&quot;additionalLabel&quot;:{&quot;__typename&quot;:&quot;TextWithTranslationTag&quot;,&quot;text&quot;:&quot;&quot;,&quot;translationTag&quot;:{&quot;__typename&quot;:&quot;TranslationTag&quot;,&quot;translation&quot;:null}},&quot;value&quot;:{&quot;__typename&quot;:&quot;TextWithTranslationTag&quot;,&quot;text&quot;:&quot;View&quot;,&quot;translationTag&quot;:{&quot;__typename&quot;:&quot;TranslationTag&quot;,&quot;translation&quot;:null}},&quot;starRating&quot;:{&quot;__typename&quot;:&quot;StarRating&quot;,&quot;value&quot;:0,&quot;symbol&quot;:&quot;STARS&quot;,&quot;caption&quot;:{&quot;__typename&quot;:&quot;TranslationTag&quot;,&quot;translation&quot;:null},&quot;showAdditionalInfoIcon&quot;:false}},{&quot;__typename&quot;:&quot;Option&quot;,&quot;trackOnView&quot;:[],&quot;trackOnClick&quot;:[],&quot;trackOnSelect&quot;:[],&quot;trackOnDeSelect&quot;:[],&quot;trackOnViewPopular&quot;:[],&quot;trackOnClickPopular&quot;:[],&quot;trackOnSelectPopular&quot;:[],&quot;trackOnDeSelectPopular&quot;:[],&quot;id&quot;:86,&quot;count&quot;:341,&quot;selected&quot;:false,&quot;urlId&quot;:&quot;roomfacility=86&quot;,&quot;additionalLabel&quot;:{&quot;__typename&quot;:&quot;TextWithTranslationTag&quot;,&quot;text&quot;:&quot;&quot;,&quot;translationTag&quot;:{&quot;__typename&quot;:&quot;TranslationTag&quot;,&quot;translation&quot;:null}},&quot;value&quot;:{&quot;__typename&quot;:&quot;TextWithTranslationTag&quot;,&quot;text&quot;:&quot;Electric kettle&quot;,&quot;translationTag&quot;:{&quot;__typename&quot;:&quot;TranslationTag&quot;,&quot;translation&quot;:null}},&quot;starRating&quot;:{&quot;__typename&quot;:&quot;StarRating&quot;,&quot;value&quot;:0,&quot;symbol&quot;:&quot;STARS&quot;,&quot;caption&quot;:{&quot;__typename&quot;:&quot;TranslationTag&quot;,&quot;translation&quot;:null},&quot;showAdditionalInfoIcon&quot;:false}},{&quot;__typename&quot;:&quot;Option&quot;,&quot;trackOnView&quot;:[],&quot;trackOnClick&quot;:[],&quot;trackOnSelect&quot;:[],&quot;trackOnDeSelect&quot;:[],&quot;trackOnViewPopular&quot;:[],&quot;trackOnClickPopular&quot;:[],&quot;trackOnSelectPopular&quot;:[],&quot;trackOnDeSelectPopular&quot;:[],&quot;id&quot;:998,&quot;count&quot;:362,&quot;selected&quot;:false,&quot;urlId&quot;:&quot;roomfacility=998&quot;,&quot;additionalLabel&quot;:{&quot;__typename&quot;:&quot;TextWithTranslationTag&quot;,&quot;text&quot;:&quot;&quot;,&quot;translationTag&quot;:{&quot;__typename&quot;:&quot;TranslationTag&quot;,&quot;translation&quot;:null}},&quot;value&quot;:{&quot;__typename&quot;:&quot;TextWithTranslationTag&quot;,&quot;text&quot;:&quot;&quot;,&quot;translationTag&quot;:{&quot;__typename&quot;:&quot;TranslationTag&quot;,&quot;translation&quot;:&quot;Coffee/Tea maker&quot;}},&quot;starRating&quot;:{&quot;__typename&quot;:&quot;StarRating&quot;,&quot;value&quot;:0,&quot;symbol&quot;:&quot;STARS&quot;,&quot;caption&quot;:{&quot;__typename&quot;:&quot;TranslationTag&quot;,&quot;translation&quot;:null},&quot;showAdditionalInfoIcon&quot;:false}}],&quot;filterLayout&quot;:{&quot;__typename&quot;:&quot;FilterLayout&quot;,&quot;isCollapsable&quot;:true,&quot;collapsedCount&quot;:5},&quot;stepperOptions&quot;:[],&quot;sliderOptions&quot;:{&quot;__typename&quot;:&quot;SliderOptions&quot;,&quot;min&quot;:&quot;0&quot;,&quot;max&quot;:&quot;0&quot;,&quot;minSelected&quot;:&quot;0&quot;,&quot;maxSelected&quot;:&quot;0&quot;,&quot;minPriceStep&quot;:&quot;0&quot;,&quot;minSelectedFormatted&quot;:null,&quot;currency&quot;:&quot;&quot;,&quot;histogram&quot;:[],&quot;selectedRange&quot;:null,&quot;title&quot;:&quot;&quot;},&quot;sliderOptionsPerStay&quot;:{&quot;__typename&quot;:&quot;SliderOptions&quot;,&quot;min&quot;:&quot;0&quot;,&quot;max&quot;:&quot;0&quot;,&quot;minSelected&quot;:&quot;0&quot;,&quot;maxSelected&quot;:&quot;0&quot;,&quot;minPriceStep&quot;:&quot;0&quot;,&quot;minSelectedFormatted&quot;:null,&quot;currency&quot;:&quot;&quot;,&quot;histogram&quot;:[],&quot;selectedRange&quot;:null,&quot;title&quot;:&quot;&quot;}},{&quot;__typename&quot;:&quot;Filter&quot;,&quot;trackOnView&quot;:[],&quot;trackOnClick&quot;:[],&quot;name&quot;:&quot;brand_id&quot;,&quot;field&quot;:&quot;chaincode&quot;,&quot;category&quot;:&quot;chains&quot;,&quot;filterStyle&quot;:&quot;CHECKBOX&quot;,&quot;title&quot;:{&quot;__typename&quot;:&quot;TextWithTranslationTag&quot;,&quot;text&quot;:&quot;Brands&quot;,&quot;translationTag&quot;:{&quot;__typename&quot;:&quot;TranslationTag&quot;,&quot;translation&quot;:null}},&quot;subtitle&quot;:&quot;&quot;,&quot;options&quot;:[{&quot;__typename&quot;:&quot;Option&quot;,&quot;trackOnView&quot;:[],&quot;trackOnClick&quot;:[],&quot;trackOnSelect&quot;:[],&quot;trackOnDeSelect&quot;:[],&quot;trackOnViewPopular&quot;:[],&quot;trackOnClickPopular&quot;:[],&quot;trackOnSelectPopular&quot;:[],&quot;trackOnDeSelectPopular&quot;:[],&quot;id&quot;:2111,&quot;count&quot;:1,&quot;selected&quot;:false,&quot;urlId&quot;:&quot;chaincode=2111&quot;,&quot;additionalLabel&quot;:{&quot;__typename&quot;:&quot;TextWithTranslationTag&quot;,&quot;text&quot;:&quot;&quot;,&quot;translationTag&quot;:{&quot;__typename&quot;:&quot;TranslationTag&quot;,&quot;translation&quot;:null}},&quot;value&quot;:{&quot;__typename&quot;:&quot;TextWithTranslationTag&quot;,&quot;text&quot;:&quot;Microtel Inns \u0026 Suites&quot;,&quot;translationTag&quot;:{&quot;__typename&quot;:&quot;TranslationTag&quot;,&quot;translation&quot;:null}},&quot;starRating&quot;:{&quot;__typename&quot;:&quot;StarRating&quot;,&quot;value&quot;:0,&quot;symbol&quot;:&quot;STARS&quot;,&quot;caption&quot;:{&quot;__typename&quot;:&quot;TranslationTag&quot;,&quot;translation&quot;:null},&quot;showAdditionalInfoIcon&quot;:false}}],&quot;filterLayout&quot;:{&quot;__typename&quot;:&quot;FilterLayout&quot;,&quot;isCollapsable&quot;:true,&quot;collapsedCount&quot;:10},&quot;stepperOptions&quot;:[],&quot;sliderOptions&quot;:{&quot;__typename&quot;:&quot;SliderOptions&quot;,&quot;min&quot;:&quot;0&quot;,&quot;max&quot;:&quot;0&quot;,&quot;minSelected&quot;:&quot;0&quot;,&quot;maxSelected&quot;:&quot;0&quot;,&quot;minPriceStep&quot;:&quot;0&quot;,&quot;minSelectedFormatted&quot;:null,&quot;currency&quot;:&quot;&quot;,&quot;histogram&quot;:[],&quot;selectedRange&quot;:null,&quot;title&quot;:&quot;&quot;},&quot;sliderOptionsPerStay&quot;:{&quot;__typename&quot;:&quot;SliderOptions&quot;,&quot;min&quot;:&quot;0&quot;,&quot;max&quot;:&quot;0&quot;,&quot;minSelected&quot;:&quot;0&quot;,&quot;maxSelected&quot;:&quot;0&quot;,&quot;minPriceStep&quot;:&quot;0&quot;,&quot;minSelectedFormatted&quot;:null,&quot;currency&quot;:&quot;&quot;,&quot;histogram&quot;:[],&quot;selectedRange&quot;:null,&quot;title&quot;:&quot;&quot;}},{&quot;__typename&quot;:&quot;Filter&quot;,&quot;trackOnView&quot;:[],&quot;trackOnClick&quot;:[],&quot;name&quot;:&quot;similar_facility_id&quot;,&quot;field&quot;:&quot;accessible_facilities&quot;,&quot;category&quot;:&quot;accessible_facilities&quot;,&quot;filterStyle&quot;:&quot;CHECKBOX&quot;,&quot;title&quot;:{&quot;__typename&quot;:&quot;TextWithTranslationTag&quot;,&quot;text&quot;:&quot;&quot;,&quot;translationTag&quot;:{&quot;__typename&quot;:&quot;TranslationTag&quot;,&quot;translation&quot;:&quot;Property Accessibility&quot;}},&quot;subtitle&quot;:&quot;&quot;,&quot;options&quot;:[{&quot;__typename&quot;:&quot;Option&quot;,&quot;trackOnView&quot;:[],&quot;trackOnClick&quot;:[],&quot;trackOnSelect&quot;:[],&quot;trackOnDeSelect&quot;:[],&quot;trackOnViewPopular&quot;:[],&quot;trackOnClickPopular&quot;:[],&quot;trackOnSelectPopular&quot;:[],&quot;trackOnDeSelectPopular&quot;:[],&quot;id&quot;:185,&quot;count&quot;:47,&quot;selected&quot;:false,&quot;urlId&quot;:&quot;accessible_facilities=185&quot;,&quot;additionalLabel&quot;:{&quot;__typename&quot;:&quot;TextWithTranslationTag&quot;,&quot;text&quot;:&quot;&quot;,&quot;translationTag&quot;:{&quot;__typename&quot;:&quot;TranslationTag&quot;,&quot;translation&quot;:null}},&quot;value&quot;:{&quot;__typename&quot;:&quot;TextWithTranslationTag&quot;,&quot;text&quot;:&quot;Wheelchair accessible&quot;,&quot;translationTag&quot;:{&quot;__typename&quot;:&quot;TranslationTag&quot;,&quot;translation&quot;:null}},&quot;starRating&quot;:{&quot;__typename&quot;:&quot;StarRating&quot;,&quot;value&quot;:0,&quot;symbol&quot;:&quot;STARS&quot;,&quot;caption&quot;:{&quot;__typename&quot;:&quot;TranslationTag&quot;,&quot;translation&quot;:null},&quot;showAdditionalInfoIcon&quot;:false}},{&quot;__typename&quot;:&quot;Option&quot;,&quot;trackOnView&quot;:[],&quot;trackOnClick&quot;:[],&quot;trackOnSelect&quot;:[],&quot;trackOnDeSelect&quot;:[],&quot;trackOnViewPopular&quot;:[],&quot;trackOnClickPopular&quot;:[],&quot;trackOnSelectPopular&quot;:[],&quot;trackOnDeSelectPopular&quot;:[],&quot;id&quot;:186,&quot;count&quot;:11,&quot;selected&quot;:false,&quot;urlId&quot;:&quot;accessible_facilities=186&quot;,&quot;additionalLabel&quot;:{&quot;__typename&quot;:&quot;TextWithTranslationTag&quot;,&quot;text&quot;:&quot;&quot;,&quot;translationTag&quot;:{&quot;__typename&quot;:&quot;TranslationTag&quot;,&quot;translation&quot;:null}},&quot;value&quot;:{&quot;__typename&quot;:&quot;TextWithTranslationTag&quot;,&quot;text&quot;:&quot;Toilet with grab rails&quot;,&quot;translationTag&quot;:{&quot;__typename&quot;:&quot;TranslationTag&quot;,&quot;translation&quot;:null}},&quot;starRating&quot;:{&quot;__typename&quot;:&quot;StarRating&quot;,&quot;value&quot;:0,&quot;symbol&quot;:&quot;STARS&quot;,&quot;caption&quot;:{&quot;__typename&quot;:&quot;TranslationTag&quot;,&quot;translation&quot;:null},&quot;showAdditionalInfoIcon&quot;:false}},{&quot;__typename&quot;:&quot;Option&quot;,&quot;trackOnView&quot;:[],&quot;trackOnClick&quot;:[],&quot;trackOnSelect&quot;:[],&quot;trackOnDeSelect&quot;:[],&quot;trackOnViewPopular&quot;:[],&quot;trackOnClickPopular&quot;:[],&quot;trackOnSelectPopular&quot;:[],&quot;trackOnDeSelectPopular&quot;:[],&quot;id&quot;:187,&quot;count&quot;:9,&quot;selected&quot;:false,&quot;urlId&quot;:&quot;accessible_facilities=187&quot;,&quot;additionalLabel&quot;:{&quot;__typename&quot;:&quot;TextWithTranslationTag&quot;,&quot;text&quot;:&quot;&quot;,&quot;translationTag&quot;:{&quot;__typename&quot;:&quot;TranslationTag&quot;,&quot;translation&quot;:null}},&quot;value&quot;:{&quot;__typename&quot;:&quot;TextWithTranslationTag&quot;,&quot;text&quot;:&quot;Raised toilet&quot;,&quot;translationTag&quot;:{&quot;__typename&quot;:&quot;TranslationTag&quot;,&quot;translation&quot;:null}},&quot;starRating&quot;:{&quot;__typename&quot;:&quot;StarRating&quot;,&quot;value&quot;:0,&quot;symbol&quot;:&quot;STARS&quot;,&quot;caption&quot;:{&quot;__typename&quot;:&quot;TranslationTag&quot;,&quot;translation&quot;:null},&quot;showAdditionalInfoIcon&quot;:false}},{&quot;__typename&quot;:&quot;Option&quot;,&quot;trackOnView&quot;:[],&quot;trackOnClick&quot;:[],&quot;trackOnSelect&quot;:[],&quot;trackOnDeSelect&quot;:[],&quot;trackOnViewPopular&quot;:[],&quot;trackOnClickPopular&quot;:[],&quot;trackOnSelectPopular&quot;:[],&quot;trackOnDeSelectPopular&quot;:[],&quot;id&quot;:188,&quot;count&quot;:7,&quot;selected&quot;:false,&quot;urlId&quot;:&quot;accessible_facilities=188&quot;,&quot;additionalLabel&quot;:{&quot;__typename&quot;:&quot;TextWithTranslationTag&quot;,&quot;text&quot;:&quot;&quot;,&quot;translationTag&quot;:{&quot;__typename&quot;:&quot;TranslationTag&quot;,&quot;translation&quot;:null}},&quot;value&quot;:{&quot;__typename&quot;:&quot;TextWithTranslationTag&quot;,&quot;text&quot;:&quot;Lowered sink&quot;,&quot;translationTag&quot;:{&quot;__typename&quot;:&quot;TranslationTag&quot;,&quot;translation&quot;:null}},&quot;starRating&quot;:{&quot;__typename&quot;:&quot;StarRating&quot;,&quot;value&quot;:0,&quot;symbol&quot;:&quot;STARS&quot;,&quot;caption&quot;:{&quot;__typename&quot;:&quot;TranslationTag&quot;,&quot;translation&quot;:null},&quot;showAdditionalInfoIcon&quot;:false}},{&quot;__typename&quot;:&quot;Option&quot;,&quot;trackOnView&quot;:[],&quot;trackOnClick&quot;:[],&quot;trackOnSelect&quot;:[],&quot;trackOnDeSelect&quot;:[],&quot;trackOnViewPopular&quot;:[],&quot;trackOnClickPopular&quot;:[],&quot;trackOnSelectPopular&quot;:[],&quot;trackOnDeSelectPopular&quot;:[],&quot;id&quot;:189,&quot;count&quot;:1,&quot;selected&quot;:false,&quot;urlId&quot;:&quot;accessible_facilities=189&quot;,&quot;additionalLabel&quot;:{&quot;__typename&quot;:&quot;TextWithTranslationTag&quot;,&quot;text&quot;:&quot;&quot;,&quot;translationTag&quot;:{&quot;__typename&quot;:&quot;TranslationTag&quot;,&quot;translation&quot;:null}},&quot;value&quot;:{&quot;__typename&quot;:&quot;TextWithTranslationTag&quot;,&quot;text&quot;:&quot;Bathroom emergency cord&quot;,&quot;translationTag&quot;:{&quot;__typename&quot;:&quot;TranslationTag&quot;,&quot;translation&quot;:null}},&quot;starRating&quot;:{&quot;__typename&quot;:&quot;StarRating&quot;,&quot;value&quot;:0,&quot;symbol&quot;:&quot;STARS&quot;,&quot;caption&quot;:{&quot;__typename&quot;:&quot;TranslationTag&quot;,&quot;translation&quot;:null},&quot;showAdditionalInfoIcon&quot;:false}},{&quot;__typename&quot;:&quot;Option&quot;,&quot;trackOnView&quot;:[],&quot;trackOnClick&quot;:[],&quot;trackOnSelect&quot;:[],&quot;trackOnDeSelect&quot;:[],&quot;trackOnViewPopular&quot;:[],&quot;trackOnClickPopular&quot;:[],&quot;trackOnSelectPopular&quot;:[],&quot;trackOnDeSelectPopular&quot;:[],&quot;id&quot;:213,&quot;count&quot;:1,&quot;selected&quot;:false,&quot;urlId&quot;:&quot;accessible_facilities=213&quot;,&quot;additionalLabel&quot;:{&quot;__typename&quot;:&quot;TextWithTranslationTag&quot;,&quot;text&quot;:&quot;&quot;,&quot;translationTag&quot;:{&quot;__typename&quot;:&quot;TranslationTag&quot;,&quot;translation&quot;:null}},&quot;value&quot;:{&quot;__typename&quot;:&quot;TextWithTranslationTag&quot;,&quot;text&quot;:&quot;Auditory guidance&quot;,&quot;translationTag&quot;:{&quot;__typename&quot;:&quot;TranslationTag&quot;,&quot;translation&quot;:null}},&quot;starRating&quot;:{&quot;__typename&quot;:&quot;StarRating&quot;,&quot;value&quot;:0,&quot;symbol&quot;:&quot;STARS&quot;,&quot;caption&quot;:{&quot;__typename&quot;:&quot;TranslationTag&quot;,&quot;translation&quot;:null},&quot;showAdditionalInfoIcon&quot;:false}}],&quot;filterLayout&quot;:{&quot;__typename&quot;:&quot;FilterLayout&quot;,&quot;isCollapsable&quot;:false,&quot;collapsedCount&quot;:5},&quot;stepperOptions&quot;:[],&quot;sliderOptions&quot;:{&quot;__typename&quot;:&quot;SliderOptions&quot;,&quot;min&quot;:&quot;0&quot;,&quot;max&quot;:&quot;0&quot;,&quot;minSelected&quot;:&quot;0&quot;,&quot;maxSelected&quot;:&quot;0&quot;,&quot;minPriceStep&quot;:&quot;0&quot;,&quot;minSelectedFormatted&quot;:null,&quot;currency&quot;:&quot;&quot;,&quot;histogram&quot;:[],&quot;selectedRange&quot;:null,&quot;title&quot;:&quot;&quot;},&quot;sliderOptionsPerStay&quot;:{&quot;__typename&quot;:&quot;SliderOptions&quot;,&quot;min&quot;:&quot;0&quot;,&quot;max&quot;:&quot;0&quot;,&quot;minSelected&quot;:&quot;0&quot;,&quot;maxSelected&quot;:&quot;0&quot;,&quot;minPriceStep&quot;:&quot;0&quot;,&quot;minSelectedFormatted&quot;:null,&quot;currency&quot;:&quot;&quot;,&quot;histogram&quot;:[],&quot;selectedRange&quot;:null,&quot;title&quot;:&quot;&quot;}},{&quot;__typename&quot;:&quot;Filter&quot;,&quot;trackOnView&quot;:[],&quot;trackOnClick&quot;:[],&quot;name&quot;:&quot;accessible_room_facilities&quot;,&quot;field&quot;:&quot;accessible_room_facilities&quot;,&quot;category&quot;:&quot;accessible_room_facilities&quot;,&quot;filterStyle&quot;:&quot;CHECKBOX&quot;,&quot;title&quot;:{&quot;__typename&quot;:&quot;TextWithTranslationTag&quot;,&quot;text&quot;:&quot;&quot;,&quot;translationTag&quot;:{&quot;__typename&quot;:&quot;TranslationTag&quot;,&quot;translation&quot;:&quot;Room Accessibility&quot;}},&quot;subtitle&quot;:&quot;&quot;,&quot;options&quot;:[{&quot;__typename&quot;:&quot;Option&quot;,&quot;trackOnView&quot;:[],&quot;trackOnClick&quot;:[],&quot;trackOnSelect&quot;:[],&quot;trackOnDeSelect&quot;:[],&quot;trackOnViewPopular&quot;:[],&quot;trackOnClickPopular&quot;:[],&quot;trackOnSelectPopular&quot;:[],&quot;trackOnDeSelectPopular&quot;:[],&quot;id&quot;:131,&quot;count&quot;:53,&quot;selected&quot;:false,&quot;urlId&quot;:&quot;accessible_room_facilities=131&quot;,&quot;additionalLabel&quot;:{&quot;__typename&quot;:&quot;TextWithTranslationTag&quot;,&quot;text&quot;:&quot;&quot;,&quot;translationTag&quot;:{&quot;__typename&quot;:&quot;TranslationTag&quot;,&quot;translation&quot;:null}},&quot;value&quot;:{&quot;__typename&quot;:&quot;TextWithTranslationTag&quot;,&quot;text&quot;:&quot;Entire unit located on ground floor&quot;,&quot;translationTag&quot;:{&quot;__typename&quot;:&quot;TranslationTag&quot;,&quot;translation&quot;:null}},&quot;starRating&quot;:{&quot;__typename&quot;:&quot;StarRating&quot;,&quot;value&quot;:0,&quot;symbol&quot;:&quot;STARS&quot;,&quot;caption&quot;:{&quot;__typename&quot;:&quot;TranslationTag&quot;,&quot;translation&quot;:null},&quot;showAdditionalInfoIcon&quot;:false}},{&quot;__typename&quot;:&quot;Option&quot;,&quot;trackOnView&quot;:[],&quot;trackOnClick&quot;:[],&quot;trackOnSelect&quot;:[],&quot;trackOnDeSelect&quot;:[],&quot;trackOnViewPopular&quot;:[],&quot;trackOnClickPopular&quot;:[],&quot;trackOnSelectPopular&quot;:[],&quot;trackOnDeSelectPopular&quot;:[],&quot;id&quot;:132,&quot;count&quot;:144,&quot;selected&quot;:false,&quot;urlId&quot;:&quot;accessible_room_facilities=132&quot;,&quot;additionalLabel&quot;:{&quot;__typename&quot;:&quot;TextWithTranslationTag&quot;,&quot;text&quot;:&quot;&quot;,&quot;translationTag&quot;:{&quot;__typename&quot;:&quot;TranslationTag&quot;,&quot;translation&quot;:null}},&quot;value&quot;:{&quot;__typename&quot;:&quot;TextWithTranslationTag&quot;,&quot;text&quot;:&quot;Upper floors accessible by elevator&quot;,&quot;translationTag&quot;:{&quot;__typename&quot;:&quot;TranslationTag&quot;,&quot;translation&quot;:null}},&quot;starRating&quot;:{&quot;__typename&quot;:&quot;StarRating&quot;,&quot;value&quot;:0,&quot;symbol&quot;:&quot;STARS&quot;,&quot;caption&quot;:{&quot;__typename&quot;:&quot;TranslationTag&quot;,&quot;translation&quot;:null},&quot;showAdditionalInfoIcon&quot;:false}},{&quot;__typename&quot;:&quot;Option&quot;,&quot;trackOnView&quot;:[],&quot;trackOnClick&quot;:[],&quot;trackOnSelect&quot;:[],&quot;trackOnDeSelect&quot;:[],&quot;trackOnViewPopular&quot;:[],&quot;trackOnClickPopular&quot;:[],&quot;trackOnSelectPopular&quot;:[],&quot;trackOnDeSelectPopular&quot;:[],&quot;id&quot;:134,&quot;count&quot;:126,&quot;selected&quot;:false,&quot;urlId&quot;:&quot;accessible_room_facilities=134&quot;,&quot;additionalLabel&quot;:{&quot;__typename&quot;:&quot;TextWithTranslationTag&quot;,&quot;text&quot;:&quot;&quot;,&quot;translationTag&quot;:{&quot;__typename&quot;:&quot;TranslationTag&quot;,&quot;translation&quot;:null}},&quot;value&quot;:{&quot;__typename&quot;:&quot;TextWithTranslationTag&quot;,&quot;text&quot;:&quot;Entire unit wheelchair accessible&quot;,&quot;translationTag&quot;:{&quot;__typename&quot;:&quot;TranslationTag&quot;,&quot;translation&quot;:null}},&quot;starRating&quot;:{&quot;__typename&quot;:&quot;StarRating&quot;,&quot;value&quot;:0,&quot;symbol&quot;:&quot;STARS&quot;,&quot;caption&quot;:{&quot;__typename&quot;:&quot;TranslationTag&quot;,&quot;translation&quot;:null},&quot;showAdditionalInfoIcon&quot;:false}},{&quot;__typename&quot;:&quot;Option&quot;,&quot;trackOnView&quot;:[],&quot;trackOnClick&quot;:[],&quot;trackOnSelect&quot;:[],&quot;trackOnDeSelect&quot;:[],&quot;trackOnViewPopular&quot;:[],&quot;trackOnClickPopular&quot;:[],&quot;trackOnSelectPopular&quot;:[],&quot;trackOnDeSelectPopular&quot;:[],&quot;id&quot;:147,&quot;count&quot;:18,&quot;selected&quot;:false,&quot;urlId&quot;:&quot;accessible_room_facilities=147&quot;,&quot;additionalLabel&quot;:{&quot;__typename&quot;:&quot;TextWithTranslationTag&quot;,&quot;text&quot;:&quot;&quot;,&quot;translationTag&quot;:{&quot;__typename&quot;:&quot;TranslationTag&quot;,&quot;translation&quot;:null}},&quot;value&quot;:{&quot;__typename&quot;:&quot;TextWithTranslationTag&quot;,&quot;text&quot;:&quot;Toilet with grab rails&quot;,&quot;translationTag&quot;:{&quot;__typename&quot;:&quot;TranslationTag&quot;,&quot;translation&quot;:null}},&quot;starRating&quot;:{&quot;__typename&quot;:&quot;StarRating&quot;,&quot;value&quot;:0,&quot;symbol&quot;:&quot;STARS&quot;,&quot;caption&quot;:{&quot;__typename&quot;:&quot;TranslationTag&quot;,&quot;translation&quot;:null},&quot;showAdditionalInfoIcon&quot;:false}},{&quot;__typename&quot;:&quot;Option&quot;,&quot;trackOnView&quot;:[],&quot;trackOnClick&quot;:[],&quot;trackOnSelect&quot;:[],&quot;trackOnDeSelect&quot;:[],&quot;trackOnViewPopular&quot;:[],&quot;trackOnClickPopular&quot;:[],&quot;trackOnSelectPopular&quot;:[],&quot;trackOnDeSelectPopular&quot;:[],&quot;id&quot;:148,&quot;count&quot;:6,&quot;selected&quot;:false,&quot;urlId&quot;:&quot;accessible_room_facilities=148&quot;,&quot;additionalLabel&quot;:{&quot;__typename&quot;:&quot;TextWithTranslationTag&quot;,&quot;text&quot;:&quot;&quot;,&quot;translationTag&quot;:{&quot;__typename&quot;:&quot;TranslationTag&quot;,&quot;translation&quot;:null}},&quot;value&quot;:{&quot;__typename&quot;:&quot;TextWithTranslationTag&quot;,&quot;text&quot;:&quot;Adapted bath&quot;,&quot;translationTag&quot;:{&quot;__typename&quot;:&quot;TranslationTag&quot;,&quot;translation&quot;:null}},&quot;starRating&quot;:{&quot;__typename&quot;:&quot;StarRating&quot;,&quot;value&quot;:0,&quot;symbol&quot;:&quot;STARS&quot;,&quot;caption&quot;:{&quot;__typename&quot;:&quot;TranslationTag&quot;,&quot;translation&quot;:null},&quot;showAdditionalInfoIcon&quot;:false}},{&quot;__typename&quot;:&quot;Option&quot;,&quot;trackOnView&quot;:[],&quot;trackOnClick&quot;:[],&quot;trackOnSelect&quot;:[],&quot;trackOnDeSelect&quot;:[],&quot;trackOnViewPopular&quot;:[],&quot;trackOnClickPopular&quot;:[],&quot;trackOnSelectPopular&quot;:[],&quot;trackOnDeSelectPopular&quot;:[],&quot;id&quot;:149,&quot;count&quot;:7,&quot;selected&quot;:false,&quot;urlId&quot;:&quot;accessible_room_facilities=149&quot;,&quot;additionalLabel&quot;:{&quot;__typename&quot;:&quot;TextWithTranslationTag&quot;,&quot;text&quot;:&quot;&quot;,&quot;translationTag&quot;:{&quot;__typename&quot;:&quot;TranslationTag&quot;,&quot;translation&quot;:null}},&quot;value&quot;:{&quot;__typename&quot;:&quot;TextWithTranslationTag&quot;,&quot;text&quot;:&quot;Roll-in shower&quot;,&quot;translationTag&quot;:{&quot;__typename&quot;:&quot;TranslationTag&quot;,&quot;translation&quot;:null}},&quot;starRating&quot;:{&quot;__typename&quot;:&quot;StarRating&quot;,&quot;value&quot;:0,&quot;symbol&quot;:&quot;STARS&quot;,&quot;caption&quot;:{&quot;__typename&quot;:&quot;TranslationTag&quot;,&quot;translation&quot;:null},&quot;showAdditionalInfoIcon&quot;:false}},{&quot;__typename&quot;:&quot;Option&quot;,&quot;trackOnView&quot;:[],&quot;trackOnClick&quot;:[],&quot;trackOnSelect&quot;:[],&quot;trackOnDeSelect&quot;:[],&quot;trackOnViewPopular&quot;:[],&quot;trackOnClickPopular&quot;:[],&quot;trackOnSelectPopular&quot;:[],&quot;trackOnDeSelectPopular&quot;:[],&quot;id&quot;:150,&quot;count&quot;:65,&quot;selected&quot;:false,&quot;urlId&quot;:&quot;accessible_room_facilities=150&quot;,&quot;additionalLabel&quot;:{&quot;__typename&quot;:&quot;TextWithTranslationTag&quot;,&quot;text&quot;:&quot;&quot;,&quot;translationTag&quot;:{&quot;__typename&quot;:&quot;TranslationTag&quot;,&quot;translation&quot;:null}},&quot;value&quot;:{&quot;__typename&quot;:&quot;TextWithTranslationTag&quot;,&quot;text&quot;:&quot;Walk-in shower&quot;,&quot;translationTag&quot;:{&quot;__typename&quot;:&quot;TranslationTag&quot;,&quot;translation&quot;:null}},&quot;starRating&quot;:{&quot;__typename&quot;:&quot;StarRating&quot;,&quot;value&quot;:0,&quot;symbol&quot;:&quot;STARS&quot;,&quot;caption&quot;:{&quot;__typename&quot;:&quot;TranslationTag&quot;,&quot;translation&quot;:null},&quot;showAdditionalInfoIcon&quot;:false}},{&quot;__typename&quot;:&quot;Option&quot;,&quot;trackOnView&quot;:[],&quot;trackOnClick&quot;:[],&quot;trackOnSelect&quot;:[],&quot;trackOnDeSelect&quot;:[],&quot;trackOnViewPopular&quot;:[],&quot;trackOnClickPopular&quot;:[],&quot;trackOnSelectPopular&quot;:[],&quot;trackOnDeSelectPopular&quot;:[],&quot;id&quot;:151,&quot;count&quot;:31,&quot;selected&quot;:false,&quot;urlId&quot;:&quot;accessible_room_facilities=151&quot;,&quot;additionalLabel&quot;:{&quot;__typename&quot;:&quot;TextWithTranslationTag&quot;,&quot;text&quot;:&quot;&quot;,&quot;translationTag&quot;:{&quot;__typename&quot;:&quot;TranslationTag&quot;,&quot;translation&quot;:null}},&quot;value&quot;:{&quot;__typename&quot;:&quot;TextWithTranslationTag&quot;,&quot;text&quot;:&quot;Raised toilet&quot;,&quot;translationTag&quot;:{&quot;__typename&quot;:&quot;TranslationTag&quot;,&quot;translation&quot;:null}},&quot;starRating&quot;:{&quot;__typename&quot;:&quot;StarRating&quot;,&quot;value&quot;:0,&quot;symbol&quot;:&quot;STARS&quot;,&quot;caption&quot;:{&quot;__typename&quot;:&quot;TranslationTag&quot;,&quot;translation&quot;:null},&quot;showAdditionalInfoIcon&quot;:false}},{&quot;__typename&quot;:&quot;Option&quot;,&quot;trackOnView&quot;:[],&quot;trackOnClick&quot;:[],&quot;trackOnSelect&quot;:[],&quot;trackOnDeSelect&quot;:[],&quot;trackOnViewPopular&quot;:[],&quot;trackOnClickPopular&quot;:[],&quot;trackOnSelectPopular&quot;:[],&quot;trackOnDeSelectPopular&quot;:[],&quot;id&quot;:152,&quot;count&quot;:26,&quot;selected&quot;:false,&quot;urlId&quot;:&quot;accessible_room_facilities=152&quot;,&quot;additionalLabel&quot;:{&quot;__typename&quot;:&quot;TextWithTranslationTag&quot;,&quot;text&quot;:&quot;&quot;,&quot;translationTag&quot;:{&quot;__typename&quot;:&quot;TranslationTag&quot;,&quot;translation&quot;:null}},&quot;value&quot;:{&quot;__typename&quot;:&quot;TextWithTranslationTag&quot;,&quot;text&quot;:&quot;Lower sink&quot;,&quot;translationTag&quot;:{&quot;__typename&quot;:&quot;TranslationTag&quot;,&quot;translation&quot;:null}},&quot;starRating&quot;:{&quot;__typename&quot;:&quot;StarRating&quot;,&quot;value&quot;:0,&quot;symbol&quot;:&quot;STARS&quot;,&quot;caption&quot;:{&quot;__typename&quot;:&quot;TranslationTag&quot;,&quot;translation&quot;:null},&quot;showAdditionalInfoIcon&quot;:false}},{&quot;__typename&quot;:&quot;Option&quot;,&quot;trackOnView&quot;:[],&quot;trackOnClick&quot;:[],&quot;trackOnSelect&quot;:[],&quot;trackOnDeSelect&quot;:[],&quot;trackOnViewPopular&quot;:[],&quot;trackOnClickPopular&quot;:[],&quot;trackOnSelectPopular&quot;:[],&quot;trackOnDeSelectPopular&quot;:[],&quot;id&quot;:153,&quot;count&quot;:11,&quot;selected&quot;:false,&quot;urlId&quot;:&quot;accessible_room_facilities=153&quot;,&quot;additionalLabel&quot;:{&quot;__typename&quot;:&quot;TextWithTranslationTag&quot;,&quot;text&quot;:&quot;&quot;,&quot;translationTag&quot;:{&quot;__typename&quot;:&quot;TranslationTag&quot;,&quot;translation&quot;:null}},&quot;value&quot;:{&quot;__typename&quot;:&quot;TextWithTranslationTag&quot;,&quot;text&quot;:&quot;Emergency cord in bathroom&quot;,&quot;translationTag&quot;:{&quot;__typename&quot;:&quot;TranslationTag&quot;,&quot;translation&quot;:null}},&quot;starRating&quot;:{&quot;__typename&quot;:&quot;StarRating&quot;,&quot;value&quot;:0,&quot;symbol&quot;:&quot;STARS&quot;,&quot;caption&quot;:{&quot;__typename&quot;:&quot;TranslationTag&quot;,&quot;translation&quot;:null},&quot;showAdditionalInfoIcon&quot;:false}},{&quot;__typename&quot;:&quot;Option&quot;,&quot;trackOnView&quot;:[],&quot;trackOnClick&quot;:[],&quot;trackOnSelect&quot;:[],&quot;trackOnDeSelect&quot;:[],&quot;trackOnViewPopular&quot;:[],&quot;trackOnClickPopular&quot;:[],&quot;trackOnSelectPopular&quot;:[],&quot;trackOnDeSelectPopular&quot;:[],&quot;id&quot;:154,&quot;count&quot;:4,&quot;selected&quot;:false,&quot;urlId&quot;:&quot;accessible_room_facilities=154&quot;,&quot;additionalLabel&quot;:{&quot;__typename&quot;:&quot;TextWithTranslationTag&quot;,&quot;text&quot;:&quot;&quot;,&quot;translationTag&quot;:{&quot;__typename&quot;:&quot;TranslationTag&quot;,&quot;translation&quot;:null}},&quot;value&quot;:{&quot;__typename&quot;:&quot;TextWithTranslationTag&quot;,&quot;text&quot;:&quot;Shower chair&quot;,&quot;translationTag&quot;:{&quot;__typename&quot;:&quot;TranslationTag&quot;,&quot;translation&quot;:null}},&quot;starRating&quot;:{&quot;__typename&quot;:&quot;StarRating&quot;,&quot;value&quot;:0,&quot;symbol&quot;:&quot;STARS&quot;,&quot;caption&quot;:{&quot;__typename&quot;:&quot;TranslationTag&quot;,&quot;translation&quot;:null},&quot;showAdditionalInfoIcon&quot;:false}}],&quot;filterLayout&quot;:{&quot;__typename&quot;:&quot;FilterLayout&quot;,&quot;isCollapsable&quot;:false,&quot;collapsedCount&quot;:5},&quot;stepperOptions&quot;:[],&quot;sliderOptions&quot;:{&quot;__typename&quot;:&quot;SliderOptions&quot;,&quot;min&quot;:&quot;0&quot;,&quot;max&quot;:&quot;0&quot;,&quot;minSelected&quot;:&quot;0&quot;,&quot;maxSelected&quot;:&quot;0&quot;,&quot;minPriceStep&quot;:&quot;0&quot;,&quot;minSelectedFormatted&quot;:null,&quot;currency&quot;:&quot;&quot;,&quot;histogram&quot;:[],&quot;selectedRange&quot;:null,&quot;title&quot;:&quot;&quot;},&quot;sliderOptionsPerStay&quot;:{&quot;__typename&quot;:&quot;SliderOptions&quot;,&quot;min&quot;:&quot;0&quot;,&quot;max&quot;:&quot;0&quot;,&quot;minSelected&quot;:&quot;0&quot;,&quot;maxSelected&quot;:&quot;0&quot;,&quot;minPriceStep&quot;:&quot;0&quot;,&quot;minSelectedFormatted&quot;:null,&quot;currency&quot;:&quot;&quot;,&quot;histogram&quot;:[],&quot;selectedRange&quot;:null,&quot;title&quot;:&quot;&quot;}}],&quot;appliedFilterOptions&quot;:[],&quot;recommendedFilterOptions&quot;:[],&quot;pagination&quot;:{&quot;__typename&quot;:&quot;SearchResultsPagination&quot;,&quot;nbResultsPerPage&quot;:25,&quot;nbResultsTotal&quot;:571},&quot;tripTypes&quot;:null,&quot;results&quot;:[{&quot;__typename&quot;:&quot;SearchResultProperty&quot;,&quot;priceDisplayInfoIrene&quot;:null,&quot;licenseDetails&quot;:null,&quot;inferredLocationScore&quot;:0,&quot;trackOnView&quot;:[],&quot;topPhotos&quot;:[],&quot;acceptsWalletCredit&quot;:false,&quot;basicPropertyData&quot;:{&quot;__typename&quot;:&quot;BasicPropertyData&quot;,&quot;accommodationTypeId&quot;:218,&quot;id&quot;:3912359,&quot;isTestProperty&quot;:false,&quot;location&quot;:{&quot;__typename&quot;:&quot;Location&quot;,&quot;address&quot;:&quot;20 Otek Street, Benguet&quot;,&quot;city&quot;:&quot;Baguio&quot;,&quot;countryCode&quot;:&quot;ph&quot;},&quot;pageName&quot;:&quot;metro-pines-inn&quot;,&quot;ufi&quot;:-2410361,&quot;photos&quot;:{&quot;__typename&quot;:&quot;PropertyPhotos&quot;,&quot;main&quot;:{&quot;__typename&quot;:&quot;Photo&quot;,&quot;highResUrl&quot;:{&quot;__typename&quot;:&quot;PhotoResource&quot;,&quot;relativeUrl&quot;:&quot;/xdata/images/hotel/square600/458350208.webp?k=27602d2c3d8d7ba84d99f1529c2bb3885ab3e4714ccbf9a0cf3ef3d839ae0fe1\u0026o=&quot;},&quot;lowResUrl&quot;:{&quot;__typename&quot;:&quot;PhotoResource&quot;,&quot;relativeUrl&quot;:&quot;/xdata/images/hotel/square200/458350208.webp?k=27602d2c3d8d7ba84d99f1529c2bb3885ab3e4714ccbf9a0cf3ef3d839ae0fe1\u0026o=&quot;},&quot;highResJpegUrl&quot;:{&quot;__typename&quot;:&quot;PhotoResource&quot;,&quot;relativeUrl&quot;:&quot;/xdata/images/hotel/square600/458350208.jpg?k=39260f9f2cfd28f10a99936ba49068ccd931f610e8424be53cc04a5067b1d404\u0026o=&quot;},&quot;lowResJpegUrl&quot;:{&quot;__typename&quot;:&quot;PhotoResource&quot;,&quot;relativeUrl&quot;:&quot;/xdata/images/hotel/square200/458350208.jpg?k=39260f9f2cfd28f10a99936ba49068ccd931f610e8424be53cc04a5067b1d404\u0026o=&quot;}}},&quot;reviews&quot;:{&quot;__typename&quot;:&quot;Reviews&quot;,&quot;totalScore&quot;:7.5,&quot;reviewsCount&quot;:903,&quot;totalScoreTextTag&quot;:{&quot;__typename&quot;:&quot;TranslationTag&quot;,&quot;translation&quot;:&quot;Good&quot;},&quot;showScore&quot;:true,&quot;secondaryScore&quot;:0,&quot;secondaryTextTag&quot;:{&quot;__typename&quot;:&quot;TranslationTag&quot;,&quot;translation&quot;:null},&quot;showSecondaryScore&quot;:false},&quot;externalReviews&quot;:null,&quot;alternativeExternalReviews&quot;:null,&quot;starRating&quot;:{&quot;__typename&quot;:&quot;StarRating&quot;,&quot;value&quot;:3,&quot;symbol&quot;:&quot;NONE&quot;,&quot;caption&quot;:{&quot;__typename&quot;:&quot;TranslationTag&quot;,&quot;translation&quot;:null},&quot;tocLink&quot;:{&quot;__typename&quot;:&quot;TranslationTag&quot;,&quot;translation&quot;:null},&quot;showAdditionalInfoIcon&quot;:false},&quot;isClosed&quot;:false,&quot;paymentConfig&quot;:{&quot;__typename&quot;:&quot;PaymentConfig&quot;,&quot;installments&quot;:null}},&quot;badges&quot;:[],&quot;customBadges&quot;:{&quot;__typename&quot;:&quot;CustomBadges&quot;,&quot;showIsWorkFriendly&quot;:false,&quot;showParkAndFly&quot;:false,&quot;showSkiToDoor&quot;:false,&quot;showBhTravelCreditBadge&quot;:false,&quot;showOnlineCheckinBadge&quot;:null},&quot;description&quot;:{&quot;__typename&quot;:&quot;TextWithTranslationTag&quot;,&quot;text&quot;:&quot;Located in Baguio, within a 4-minute walk of Burnham Park and 0.8 miles of SM City Baguio, Metro Pines Inn has accommodations with a terrace and free WiFi throughout the property as well as free...&quot;},&quot;displayName&quot;:{&quot;__typename&quot;:&quot;TextWithTranslationTag&quot;,&quot;text&quot;:&quot;Metro Pines Inn&quot;,&quot;translationTag&quot;:{&quot;__typename&quot;:&quot;TranslationTag&quot;,&quot;translation&quot;:null}},&quot;geniusInfo&quot;:null,&quot;isInCompanyBudget&quot;:null,&quot;location&quot;:{&quot;__typename&quot;:&quot;SearchResultsPropertyLocation&quot;,&quot;displayLocation&quot;:&quot;Baguio&quot;,&quot;mainDistance&quot;:&quot;0.4 miles from Session Road&quot;,&quot;publicTransportDistanceDescription&quot;:null,&quot;skiLiftDistance&quot;:null,&quot;beachDistance&quot;:null,&quot;nearbyBeachNames&quot;:[],&quot;beachWalkingTime&quot;:null,&quot;geoDistanceMeters&quot;:null},&quot;mealPlanIncluded&quot;:null,&quot;persuasion&quot;:{&quot;__typename&quot;:&quot;SearchResultPersuasion&quot;,&quot;autoextended&quot;:false,&quot;geniusRateAvailable&quot;:false,&quot;highlighted&quot;:false,&quot;preferred&quot;:true,&quot;preferredPlus&quot;:false,&quot;showNativeAdLabel&quot;:false,&quot;nativeAdId&quot;:null,&quot;nativeAdsCpc&quot;:null,&quot;nativeAdsTracking&quot;:null,&quot;bookedXTimesMessage&quot;:null,&quot;sponsoredAdsData&quot;:null},&quot;policies&quot;:{&quot;__typename&quot;:&quot;Policies&quot;,&quot;showFreeCancellation&quot;:false,&quot;showNoPrepayment&quot;:false,&quot;enableJapaneseUsersSpecialCase&quot;:null},&quot;ribbon&quot;:null,&quot;recommendedDate&quot;:{&quot;__typename&quot;:&quot;RecommendedDate&quot;,&quot;checkin&quot;:&quot;&quot;,&quot;checkout&quot;:&quot;&quot;,&quot;lengthOfStay&quot;:0},&quot;showGeniusLoginMessage&quot;:false,&quot;showPrivateHostMessage&quot;:false,&quot;soldOutInfo&quot;:{&quot;__typename&quot;:&quot;SoldOutInfo&quot;,&quot;isSoldOut&quot;:false,&quot;messages&quot;:[],&quot;alternativeDatesMessages&quot;:[]},&quot;nbWishlists&quot;:0,&quot;visibilityBoosterEnabled&quot;:null,&quot;showAdLabel&quot;:false,&quot;isNewlyOpened&quot;:false,&quot;propertySustainability&quot;:{&quot;__typename&quot;:&quot;SrPropertySustainability&quot;,&quot;isSustainable&quot;:false,&quot;tier&quot;:{&quot;__typename&quot;:&quot;SrPropertySustainabilityTier&quot;,&quot;type&quot;:&quot;NONE&quot;},&quot;facilities&quot;:[{&quot;__ref&quot;:&quot;SrPropertySustainabilityFacility:436&quot;},{&quot;__ref&quot;:&quot;SrPropertySustainabilityFacility:445&quot;},{&quot;__ref&quot;:&quot;SrPropertySustainabilityFacility:446&quot;}],&quot;certifications&quot;:null,&quot;chainProgrammes&quot;:null,&quot;levelId&quot;:&quot;L0&quot;},&quot;seoThemes&quot;:[],&quot;relocationMode&quot;:null,&quot;bundleRatesAvailable&quot;:null,&quot;recommendedDatesLabel&quot;:null,&quot;matchingUnitConfigurations&quot;:null,&quot;blocks&quot;:[],&quot;bookerExperienceContentUIComponentProps&quot;:[]},{&quot;__typename&quot;:&quot;SearchResultProperty&quot;,&quot;priceDisplayInfoIrene&quot;:null,&quot;licenseDetails&quot;:null,&quot;inferredLocationScore&quot;:0,&quot;trackOnView&quot;:[],&quot;topPhotos&quot;:[],&quot;acceptsWalletCredit&quot;:false,&quot;basicPropertyData&quot;:{&quot;__typename&quot;:&quot;BasicPropertyData&quot;,&quot;accommodationTypeId&quot;:204,&quot;id&quot;:3198047,&quot;isTestProperty&quot;:false,&quot;location&quot;:{&quot;__typename&quot;:&quot;Location&quot;,&quot;address&quot;:&quot;2 Leonard Wood Road, Benguet&quot;,&quot;city&quot;:&quot;Baguio&quot;,&quot;countryCode&quot;:&quot;ph&quot;},&quot;pageName&quot;:&quot;g1lodge&quot;,&quot;ufi&quot;:-2410361,&quot;photos&quot;:{&quot;__typename&quot;:&quot;PropertyPhotos&quot;,&quot;main&quot;:{&quot;__typename&quot;:&quot;Photo&quot;,&quot;highResUrl&quot;:{&quot;__typename&quot;:&quot;PhotoResource&quot;,&quot;relativeUrl&quot;:&quot;/xdata/images/hotel/square600/144260728.webp?k=7e84b07bef72ed6f950044d40ac9e8924fe3ddd95b60188e7b11f7952805d61d\u0026o=&quot;},&quot;lowResUrl&quot;:{&quot;__typename&quot;:&quot;PhotoResource&quot;,&quot;relativeUrl&quot;:&quot;/xdata/images/hotel/square200/144260728.webp?k=7e84b07bef72ed6f950044d40ac9e8924fe3ddd95b60188e7b11f7952805d61d\u0026o=&quot;},&quot;highResJpegUrl&quot;:{&quot;__typename&quot;:&quot;PhotoResource&quot;,&quot;relativeUrl&quot;:&quot;/xdata/images/hotel/square600/144260728.jpg?k=0b637d88f0c5c77cf238acf0f9bb7c91d6cc7157f581097cf778869ceebf1484\u0026o=&quot;},&quot;lowResJpegUrl&quot;:{&quot;__typename&quot;:&quot;PhotoResource&quot;,&quot;relativeUrl&quot;:&quot;/xdata/images/hotel/square200/144260728.jpg?k=0b637d88f0c5c77cf238acf0f9bb7c91d6cc7157f581097cf778869ceebf1484\u0026o=&quot;}}},&quot;reviews&quot;:{&quot;__typename&quot;:&quot;Reviews&quot;,&quot;totalScore&quot;:8.3,&quot;reviewsCount&quot;:529,&quot;totalScoreTextTag&quot;:{&quot;__typename&quot;:&quot;TranslationTag&quot;,&quot;translation&quot;:&quot;Very Good&quot;},&quot;showScore&quot;:true,&quot;secondaryScore&quot;:9.5,&quot;secondaryTextTag&quot;:{&quot;__typename&quot;:&quot;TranslationTag&quot;,&quot;translation&quot;:&quot;Location&quot;},&quot;showSecondaryScore&quot;:true},&quot;externalReviews&quot;:null,&quot;alternativeExternalReviews&quot;:null,&quot;starRating&quot;:{&quot;__typename&quot;:&quot;StarRating&quot;,&quot;value&quot;:3,&quot;symbol&quot;:&quot;NONE&quot;,&quot;caption&quot;:{&quot;__typename&quot;:&quot;TranslationTag&quot;,&quot;translation&quot;:null},&quot;tocLink&quot;:{&quot;__typename&quot;:&quot;TranslationTag&quot;,&quot;translation&quot;:null},&quot;showAdditionalInfoIcon&quot;:false},&quot;isClosed&quot;:false,&quot;paymentConfig&quot;:null},&quot;badges&quot;:[],&quot;customBadges&quot;:{&quot;__typename&quot;:&quot;CustomBadges&quot;,&quot;showIsWorkFriendly&quot;:false,&quot;showParkAndFly&quot;:false,&quot;showSkiToDoor&quot;:false,&quot;showBhTravelCreditBadge&quot;:false,&quot;showOnlineCheckinBadge&quot;:null},&quot;description&quot;:{&quot;__typename&quot;:&quot;TextWithTranslationTag&quot;,&quot;text&quot;:&quot;Featuring a garden, G1 Lodge is located in Baguio in the Luzon region, a 3-minute walk from SM City Baguio and 0.7 miles from Mines View Park. &quot;},&quot;displayName&quot;:{&quot;__typename&quot;:&quot;TextWithTranslationTag&quot;,&quot;text&quot;:&quot;G1 Lodge&quot;,&quot;translationTag&quot;:{&quot;__typename&quot;:&quot;TranslationTag&quot;,&quot;translation&quot;:null}},&quot;geniusInfo&quot;:null,&quot;isInCompanyBudget&quot;:null,&quot;location&quot;:{&quot;__typename&quot;:&quot;SearchResultsPropertyLocation&quot;,&quot;displayLocation&quot;:&quot;Baguio&quot;,&quot;mainDistance&quot;:&quot;0.2 miles from Session Road&quot;,&quot;publicTransportDistanceDescription&quot;:null,&quot;skiLiftDistance&quot;:null,&quot;beachDistance&quot;:null,&quot;nearbyBeachNames&quot;:[],&quot;beachWalkingTime&quot;:null,&quot;geoDistanceMeters&quot;:null},&quot;mealPlanIncluded&quot;:null,&quot;persuasion&quot;:{&quot;__typename&quot;:&quot;SearchResultPersuasion&quot;,&quot;autoextended&quot;:false,&quot;geniusRateAvailable&quot;:false,&quot;highlighted&quot;:false,&quot;preferred&quot;:true,&quot;preferredPlus&quot;:false,&quot;showNativeAdLabel&quot;:false,&quot;nativeAdId&quot;:null,&quot;nativeAdsCpc&quot;:null,&quot;nativeAdsTracking&quot;:null,&quot;bookedXTimesMessage&quot;:null,&quot;sponsoredAdsData&quot;:null},&quot;policies&quot;:{&quot;__typename&quot;:&quot;Policies&quot;,&quot;showFreeCancellation&quot;:false,&quot;showNoPrepayment&quot;:false,&quot;enableJapaneseUsersSpecialCase&quot;:null},&quot;ribbon&quot;:null,&quot;recommendedDate&quot;:{&quot;__typename&quot;:&quot;RecommendedDate&quot;,&quot;checkin&quot;:&quot;&quot;,&quot;checkout&quot;:&quot;&quot;,&quot;lengthOfStay&quot;:0},&quot;showGeniusLoginMessage&quot;:false,&quot;showPrivateHostMessage&quot;:false,&quot;soldOutInfo&quot;:{&quot;__typename&quot;:&quot;SoldOutInfo&quot;,&quot;isSoldOut&quot;:false,&quot;messages&quot;:[],&quot;alternativeDatesMessages&quot;:[]},&quot;nbWishlists&quot;:0,&quot;visibilityBoosterEnabled&quot;:null,&quot;showAdLabel&quot;:false,&quot;isNewlyOpened&quot;:false,&quot;propertySustainability&quot;:{&quot;__typename&quot;:&quot;SrPropertySustainability&quot;,&quot;isSustainable&quot;:false,&quot;tier&quot;:{&quot;__typename&quot;:&quot;SrPropertySustainabilityTier&quot;,&quot;type&quot;:&quot;NONE&quot;},&quot;facilities&quot;:null,&quot;certifications&quot;:null,&quot;chainProgrammes&quot;:null,&quot;levelId&quot;:&quot;L0&quot;},&quot;seoThemes&quot;:[],&quot;relocationMode&quot;:null,&quot;bundleRatesAvailable&quot;:null,&quot;recommendedDatesLabel&quot;:null,&quot;matchingUnitConfigurations&quot;:null,&quot;blocks&quot;:[],&quot;bookerExperienceContentUIComponentProps&quot;:[]},{&quot;__typename&quot;:&quot;SearchResultProperty&quot;,&quot;priceDisplayInfoIrene&quot;:null,&quot;licenseDetails&quot;:null,&quot;inferredLocationScore&quot;:0,&quot;trackOnView&quot;:[],&quot;topPhotos&quot;:[],&quot;acceptsWalletCredit&quot;:false,&quot;basicPropertyData&quot;:{&quot;__typename&quot;:&quot;BasicPropertyData&quot;,&quot;accommodationTypeId&quot;:204,&quot;id&quot;:1705854,&quot;isTestProperty&quot;:false,&quot;location&quot;:{&quot;__typename&quot;:&quot;Location&quot;,&quot;address&quot;:&quot;Abanao Street corner Shagem Street, Benguet&quot;,&quot;city&quot;:&quot;Baguio&quot;,&quot;countryCode&quot;:&quot;ph&quot;},&quot;pageName&quot;:&quot;a-baguio&quot;,&quot;ufi&quot;:-2410361,&quot;photos&quot;:{&quot;__typename&quot;:&quot;PropertyPhotos&quot;,&quot;main&quot;:{&quot;__typename&quot;:&quot;Photo&quot;,&quot;highResUrl&quot;:{&quot;__typename&quot;:&quot;PhotoResource&quot;,&quot;relativeUrl&quot;:&quot;/xdata/images/hotel/square600/66408751.webp?k=e35ecd36da0ad81d27ca90239da006669d358d1374fbb7af8369a3362771aa6b\u0026o=&quot;},&quot;lowResUrl&quot;:{&quot;__typename&quot;:&quot;PhotoResource&quot;,&quot;relativeUrl&quot;:&quot;/xdata/images/hotel/square200/66408751.webp?k=e35ecd36da0ad81d27ca90239da006669d358d1374fbb7af8369a3362771aa6b\u0026o=&quot;},&quot;highResJpegUrl&quot;:{&quot;__typename&quot;:&quot;PhotoResource&quot;,&quot;relativeUrl&quot;:&quot;/xdata/images/hotel/square600/66408751.jpg?k=f3b37a1f3cc7267e0db49f62be96873a6e3c1395d74b793abc525712d76f466f\u0026o=&quot;},&quot;lowResJpegUrl&quot;:{&quot;__typename&quot;:&quot;PhotoResource&quot;,&quot;relativeUrl&quot;:&quot;/xdata/images/hotel/square200/66408751.jpg?k=f3b37a1f3cc7267e0db49f62be96873a6e3c1395d74b793abc525712d76f466f\u0026o=&quot;}}},&quot;reviews&quot;:{&quot;__typename&quot;:&quot;Reviews&quot;,&quot;totalScore&quot;:7.7,&quot;reviewsCount&quot;:298,&quot;totalScoreTextTag&quot;:{&quot;__typename&quot;:&quot;TranslationTag&quot;,&quot;translation&quot;:&quot;Good&quot;},&quot;showScore&quot;:true,&quot;secondaryScore&quot;:0,&quot;secondaryTextTag&quot;:{&quot;__typename&quot;:&quot;TranslationTag&quot;,&quot;translation&quot;:null},&quot;showSecondaryScore&quot;:false},&quot;externalReviews&quot;:null,&quot;alternativeExternalReviews&quot;:null,&quot;starRating&quot;:{&quot;__typename&quot;:&quot;StarRating&quot;,&quot;value&quot;:3,&quot;symbol&quot;:&quot;NONE&quot;,&quot;caption&quot;:{&quot;__typename&quot;:&quot;TranslationTag&quot;,&quot;translation&quot;:null},&quot;tocLink&quot;:{&quot;__typename&quot;:&quot;TranslationTag&quot;,&quot;translation&quot;:null},&quot;showAdditionalInfoIcon&quot;:false},&quot;isClosed&quot;:false,&quot;paymentConfig&quot;:null},&quot;badges&quot;:[],&quot;customBadges&quot;:{&quot;__typename&quot;:&quot;CustomBadges&quot;,&quot;showIsWorkFriendly&quot;:false,&quot;showParkAndFly&quot;:false,&quot;showSkiToDoor&quot;:false,&quot;showBhTravelCreditBadge&quot;:false,&quot;showOnlineCheckinBadge&quot;:null},&quot;description&quot;:{&quot;__typename&quot;:&quot;TextWithTranslationTag&quot;,&quot;text&quot;:&quot;Located in the Baguio, 8-minute walk to Burnham Park and 2625 feet from Mines View Park, featuring a restaurant on site, free parking, and a 24-hour front desk. &quot;},&quot;displayName&quot;:{&quot;__typename&quot;:&quot;TextWithTranslationTag&quot;,&quot;text&quot;:&quot;A Hotel Baguio&quot;,&quot;translationTag&quot;:{&quot;__typename&quot;:&quot;TranslationTag&quot;,&quot;translation&quot;:null}},&quot;geniusInfo&quot;:null,&quot;isInCompanyBudget&quot;:null,&quot;location&quot;:{&quot;__typename&quot;:&quot;SearchResultsPropertyLocation&quot;,&quot;displayLocation&quot;:&quot;Baguio&quot;,&quot;mainDistance&quot;:&quot;0.3 miles from Session Road&quot;,&quot;publicTransportDistanceDescription&quot;:null,&quot;skiLiftDistance&quot;:null,&quot;beachDistance&quot;:null,&quot;nearbyBeachNames&quot;:[],&quot;beachWalkingTime&quot;:null,&quot;geoDistanceMeters&quot;:null},&quot;mealPlanIncluded&quot;:null,&quot;persuasion&quot;:{&quot;__typename&quot;:&quot;SearchResultPersuasion&quot;,&quot;autoextended&quot;:false,&quot;geniusRateAvailable&quot;:false,&quot;highlighted&quot;:false,&quot;preferred&quot;:true,&quot;preferredPlus&quot;:false,&quot;showNativeAdLabel&quot;:false,&quot;nativeAdId&quot;:null,&quot;nativeAdsCpc&quot;:null,&quot;nativeAdsTracking&quot;:null,&quot;bookedXTimesMessage&quot;:null,&quot;sponsoredAdsData&quot;:null},&quot;policies&quot;:{&quot;__typename&quot;:&quot;Policies&quot;,&quot;showFreeCancellation&quot;:false,&quot;showNoPrepayment&quot;:false,&quot;enableJapaneseUsersSpecialCase&quot;:null},&quot;ribbon&quot;:null,&quot;recommendedDate&quot;:{&quot;__typename&quot;:&quot;RecommendedDate&quot;,&quot;checkin&quot;:&quot;&quot;,&quot;checkout&quot;:&quot;&quot;,&quot;lengthOfStay&quot;:0},&quot;showGeniusLoginMessage&quot;:false,&quot;showPrivateHostMessage&quot;:false,&quot;soldOutInfo&quot;:{&quot;__typename&quot;:&quot;SoldOutInfo&quot;,&quot;isSoldOut&quot;:false,&quot;messages&quot;:[],&quot;alternativeDatesMessages&quot;:[]},&quot;nbWishlists&quot;:0,&quot;visibilityBoosterEnabled&quot;:null,&quot;showAdLabel&quot;:false,&quot;isNewlyOpened&quot;:false,&quot;propertySustainability&quot;:{&quot;__typename&quot;:&quot;SrPropertySustainability&quot;,&quot;isSustainable&quot;:false,&quot;tier&quot;:{&quot;__typename&quot;:&quot;SrPropertySustainabilityTier&quot;,&quot;type&quot;:&quot;NONE&quot;},&quot;facilities&quot;:[{&quot;__ref&quot;:&quot;SrPropertySustainabilityFacility:436&quot;},{&quot;__ref&quot;:&quot;SrPropertySustainabilityFacility:445&quot;},{&quot;__ref&quot;:&quot;SrPropertySustainabilityFacility:502&quot;}],&quot;certifications&quot;:null,&quot;chainProgrammes&quot;:null,&quot;levelId&quot;:&quot;L0&quot;},&quot;seoThemes&quot;:[],&quot;relocationMode&quot;:null,&quot;bundleRatesAvailable&quot;:null,&quot;recommendedDatesLabel&quot;:null,&quot;matchingUnitConfigurations&quot;:null,&quot;blocks&quot;:[],&quot;bookerExperienceContentUIComponentProps&quot;:[]},{&quot;__typename&quot;:&quot;SearchResultProperty&quot;,&quot;priceDisplayInfoIrene&quot;:null,&quot;licenseDetails&quot;:null,&quot;inferredLocationScore&quot;:0,&quot;trackOnView&quot;:[],&quot;topPhotos&quot;:[],&quot;acceptsWalletCredit&quot;:false,&quot;basicPropertyData&quot;:{&quot;__typename&quot;:&quot;BasicPropertyData&quot;,&quot;accommodationTypeId&quot;:201,&quot;id&quot;:3702127,&quot;isTestProperty&quot;:false,&quot;location&quot;:{&quot;__typename&quot;:&quot;Location&quot;,&quot;address&quot;:&quot;Mabini St. Corner General Luna Road, Benguet&quot;,&quot;city&quot;:&quot;Baguio&quot;,&quot;countryCode&quot;:&quot;ph&quot;},&quot;pageName&quot;:&quot;cedar-peak-condominium-by-tripsters-hub&quot;,&quot;ufi&quot;:-2410361,&quot;photos&quot;:{&quot;__typename&quot;:&quot;PropertyPhotos&quot;,&quot;main&quot;:{&quot;__typename&quot;:&quot;Photo&quot;,&quot;highResUrl&quot;:{&quot;__typename&quot;:&quot;PhotoResource&quot;,&quot;relativeUrl&quot;:&quot;/xdata/images/hotel/square600/149647987.webp?k=d9b6a8a68e25087abdc97872df7c5560a79840fac50be3f9d45615244dc01a22\u0026o=&quot;},&quot;lowResUrl&quot;:{&quot;__typename&quot;:&quot;PhotoResource&quot;,&quot;relativeUrl&quot;:&quot;/xdata/images/hotel/square200/149647987.webp?k=d9b6a8a68e25087abdc97872df7c5560a79840fac50be3f9d45615244dc01a22\u0026o=&quot;},&quot;highResJpegUrl&quot;:{&quot;__typename&quot;:&quot;PhotoResource&quot;,&quot;relativeUrl&quot;:&quot;/xdata/images/hotel/square600/149647987.jpg?k=4629ea876742996f55c6f74d78422d44ff317203b7be74fb20a080f2ef2a6df1\u0026o=&quot;},&quot;lowResJpegUrl&quot;:{&quot;__typename&quot;:&quot;PhotoResource&quot;,&quot;relativeUrl&quot;:&quot;/xdata/images/hotel/square200/149647987.jpg?k=4629ea876742996f55c6f74d78422d44ff317203b7be74fb20a080f2ef2a6df1\u0026o=&quot;}}},&quot;reviews&quot;:{&quot;__typename&quot;:&quot;Reviews&quot;,&quot;totalScore&quot;:7.7,&quot;reviewsCount&quot;:269,&quot;totalScoreTextTag&quot;:{&quot;__typename&quot;:&quot;TranslationTag&quot;,&quot;translation&quot;:&quot;Good&quot;},&quot;showScore&quot;:true,&quot;secondaryScore&quot;:0,&quot;secondaryTextTag&quot;:{&quot;__typename&quot;:&quot;TranslationTag&quot;,&quot;translation&quot;:null},&quot;showSecondaryScore&quot;:false},&quot;externalReviews&quot;:{&quot;__typename&quot;:&quot;ExternalReviews&quot;,&quot;totalScore&quot;:10,&quot;reviewsCount&quot;:186,&quot;showScore&quot;:true,&quot;totalScoreTextTag&quot;:{&quot;__typename&quot;:&quot;TranslationTag&quot;,&quot;translation&quot;:&quot;Exceptional&quot;}},&quot;alternativeExternalReviews&quot;:null,&quot;starRating&quot;:{&quot;__typename&quot;:&quot;StarRating&quot;,&quot;value&quot;:3,&quot;symbol&quot;:&quot;NONE&quot;,&quot;caption&quot;:{&quot;__typename&quot;:&quot;TranslationTag&quot;,&quot;translation&quot;:null},&quot;tocLink&quot;:{&quot;__typename&quot;:&quot;TranslationTag&quot;,&quot;translation&quot;:null},&quot;showAdditionalInfoIcon&quot;:false},&quot;isClosed&quot;:false,&quot;paymentConfig&quot;:{&quot;__typename&quot;:&quot;PaymentConfig&quot;,&quot;installments&quot;:null}},&quot;badges&quot;:[],&quot;customBadges&quot;:{&quot;__typename&quot;:&quot;CustomBadges&quot;,&quot;showIsWorkFriendly&quot;:false,&quot;showParkAndFly&quot;:false,&quot;showSkiToDoor&quot;:false,&quot;showBhTravelCreditBadge&quot;:false,&quot;showOnlineCheckinBadge&quot;:null},&quot;description&quot;:{&quot;__typename&quot;:&quot;TextWithTranslationTag&quot;,&quot;text&quot;:&quot;Located in Baguio, a 7-minute walk from Burnham Park and half a mile from SM City Baguio, Cedar Peak Condominium by Tripsters Hub provides a restaurant, city views and free Wifi. &quot;},&quot;displayName&quot;:{&quot;__typename&quot;:&quot;TextWithTranslationTag&quot;,&quot;text&quot;:&quot;Cedar Peak Condominium by Tripsters Hub&quot;,&quot;translationTag&quot;:{&quot;__typename&quot;:&quot;TranslationTag&quot;,&quot;translation&quot;:null}},&quot;geniusInfo&quot;:null,&quot;isInCompanyBudget&quot;:null,&quot;location&quot;:{&quot;__typename&quot;:&quot;SearchResultsPropertyLocation&quot;,&quot;displayLocation&quot;:&quot;Baguio&quot;,&quot;mainDistance&quot;:&quot;0.2 miles from Session Road&quot;,&quot;publicTransportDistanceDescription&quot;:null,&quot;skiLiftDistance&quot;:null,&quot;beachDistance&quot;:null,&quot;nearbyBeachNames&quot;:[],&quot;beachWalkingTime&quot;:null,&quot;geoDistanceMeters&quot;:null},&quot;mealPlanIncluded&quot;:null,&quot;persuasion&quot;:{&quot;__typename&quot;:&quot;SearchResultPersuasion&quot;,&quot;autoextended&quot;:false,&quot;geniusRateAvailable&quot;:false,&quot;highlighted&quot;:false,&quot;preferred&quot;:true,&quot;preferredPlus&quot;:false,&quot;showNativeAdLabel&quot;:false,&quot;nativeAdId&quot;:null,&quot;nativeAdsCpc&quot;:null,&quot;nativeAdsTracking&quot;:null,&quot;bookedXTimesMessage&quot;:null,&quot;sponsoredAdsData&quot;:null},&quot;policies&quot;:{&quot;__typename&quot;:&quot;Policies&quot;,&quot;showFreeCancellation&quot;:false,&quot;showNoPrepayment&quot;:false,&quot;enableJapaneseUsersSpecialCase&quot;:null},&quot;ribbon&quot;:null,&quot;recommendedDate&quot;:{&quot;__typename&quot;:&quot;RecommendedDate&quot;,&quot;checkin&quot;:&quot;&quot;,&quot;checkout&quot;:&quot;&quot;,&quot;lengthOfStay&quot;:0},&quot;showGeniusLoginMessage&quot;:false,&quot;showPrivateHostMessage&quot;:false,&quot;soldOutInfo&quot;:{&quot;__typename&quot;:&quot;SoldOutInfo&quot;,&quot;isSoldOut&quot;:false,&quot;messages&quot;:[],&quot;alternativeDatesMessages&quot;:[]},&quot;nbWishlists&quot;:0,&quot;visibilityBoosterEnabled&quot;:null,&quot;showAdLabel&quot;:false,&quot;isNewlyOpened&quot;:false,&quot;propertySustainability&quot;:{&quot;__typename&quot;:&quot;SrPropertySustainability&quot;,&quot;isSustainable&quot;:false,&quot;tier&quot;:{&quot;__typename&quot;:&quot;SrPropertySustainabilityTier&quot;,&quot;type&quot;:&quot;NONE&quot;},&quot;facilities&quot;:null,&quot;certifications&quot;:null,&quot;chainProgrammes&quot;:null,&quot;levelId&quot;:&quot;L0&quot;},&quot;seoThemes&quot;:[],&quot;relocationMode&quot;:null,&quot;bundleRatesAvailable&quot;:null,&quot;recommendedDatesLabel&quot;:null,&quot;matchingUnitConfigurations&quot;:null,&quot;blocks&quot;:[],&quot;bookerExperienceContentUIComponentProps&quot;:[]},{&quot;__typename&quot;:&quot;SearchResultProperty&quot;,&quot;priceDisplayInfoIrene&quot;:null,&quot;licenseDetails&quot;:null,&quot;inferredLocationScore&quot;:0,&quot;trackOnView&quot;:[],&quot;topPhotos&quot;:[],&quot;acceptsWalletCredit&quot;:false,&quot;basicPropertyData&quot;:{&quot;__typename&quot;:&quot;BasicPropertyData&quot;,&quot;accommodationTypeId&quot;:204,&quot;id&quot;:253144,&quot;isTestProperty&quot;:false,&quot;location&quot;:{&quot;__typename&quot;:&quot;Location&quot;,&quot;address&quot;:&quot;Upper Session Road, Benguet&quot;,&quot;city&quot;:&quot;Baguio&quot;,&quot;countryCode&quot;:&quot;ph&quot;},&quot;pageName&quot;:&quot;microtel-baguio&quot;,&quot;ufi&quot;:-2410361,&quot;photos&quot;:{&quot;__typename&quot;:&quot;PropertyPhotos&quot;,&quot;main&quot;:{&quot;__typename&quot;:&quot;Photo&quot;,&quot;highResUrl&quot;:{&quot;__typename&quot;:&quot;PhotoResource&quot;,&quot;relativeUrl&quot;:&quot;/xdata/images/hotel/square600/435833372.webp?k=7fe8d3680aa88936ee82e78f80f1dd82fab17d11cc54f487e16f372e96300e14\u0026o=&quot;},&quot;lowResUrl&quot;:{&quot;__typename&quot;:&quot;PhotoResource&quot;,&quot;relativeUrl&quot;:&quot;/xdata/images/hotel/square200/435833372.webp?k=7fe8d3680aa88936ee82e78f80f1dd82fab17d11cc54f487e16f372e96300e14\u0026o=&quot;},&quot;highResJpegUrl&quot;:{&quot;__typename&quot;:&quot;PhotoResource&quot;,&quot;relativeUrl&quot;:&quot;/xdata/images/hotel/square600/435833372.jpg?k=f5427a01bac15ccd27be003de561e2535e28e0775a735e043ec6cb04a00b7963\u0026o=&quot;},&quot;lowResJpegUrl&quot;:{&quot;__typename&quot;:&quot;PhotoResource&quot;,&quot;relativeUrl&quot;:&quot;/xdata/images/hotel/square200/435833372.jpg?k=f5427a01bac15ccd27be003de561e2535e28e0775a735e043ec6cb04a00b7963\u0026o=&quot;}}},&quot;reviews&quot;:{&quot;__typename&quot;:&quot;Reviews&quot;,&quot;totalScore&quot;:8,&quot;reviewsCount&quot;:553,&quot;totalScoreTextTag&quot;:{&quot;__typename&quot;:&quot;TranslationTag&quot;,&quot;translation&quot;:&quot;Very Good&quot;},&quot;showScore&quot;:true,&quot;secondaryScore&quot;:0,&quot;secondaryTextTag&quot;:{&quot;__typename&quot;:&quot;TranslationTag&quot;,&quot;translation&quot;:null},&quot;showSecondaryScore&quot;:false},&quot;externalReviews&quot;:null,&quot;alternativeExternalReviews&quot;:null,&quot;starRating&quot;:{&quot;__typename&quot;:&quot;StarRating&quot;,&quot;value&quot;:3,&quot;symbol&quot;:&quot;NONE&quot;,&quot;caption&quot;:{&quot;__typename&quot;:&quot;TranslationTag&quot;,&quot;translation&quot;:null},&quot;tocLink&quot;:{&quot;__typename&quot;:&quot;TranslationTag&quot;,&quot;translation&quot;:null},&quot;showAdditionalInfoIcon&quot;:false},&quot;isClosed&quot;:false,&quot;paymentConfig&quot;:{&quot;__typename&quot;:&quot;PaymentConfig&quot;,&quot;installments&quot;:null}},&quot;badges&quot;:[],&quot;customBadges&quot;:{&quot;__typename&quot;:&quot;CustomBadges&quot;,&quot;showIsWorkFriendly&quot;:false,&quot;showParkAndFly&quot;:false,&quot;showSkiToDoor&quot;:false,&quot;showBhTravelCreditBadge&quot;:false,&quot;showOnlineCheckinBadge&quot;:null},&quot;description&quot;:{&quot;__typename&quot;:&quot;TextWithTranslationTag&quot;,&quot;text&quot;:&quot;Centrally located in Baguio City, 1.2 mi from Camp John Hay and 1.7 mi from Wright Park, Microtel by Wyndham Baguio features an on site restaurant and free WiFi throughout the property. &quot;},&quot;displayName&quot;:{&quot;__typename&quot;:&quot;TextWithTranslationTag&quot;,&quot;text&quot;:&quot;Microtel by Wyndham Baguio&quot;,&quot;translationTag&quot;:{&quot;__typename&quot;:&quot;TranslationTag&quot;,&quot;translation&quot;:null}},&quot;geniusInfo&quot;:null,&quot;isInCompanyBudget&quot;:null,&quot;location&quot;:{&quot;__typename&quot;:&quot;SearchResultsPropertyLocation&quot;,&quot;displayLocation&quot;:&quot;Baguio&quot;,&quot;mainDistance&quot;:&quot;0.5 miles from Session Road&quot;,&quot;publicTransportDistanceDescription&quot;:null,&quot;skiLiftDistance&quot;:null,&quot;beachDistance&quot;:null,&quot;nearbyBeachNames&quot;:[],&quot;beachWalkingTime&quot;:null,&quot;geoDistanceMeters&quot;:null},&quot;mealPlanIncluded&quot;:null,&quot;persuasion&quot;:{&quot;__typename&quot;:&quot;SearchResultPersuasion&quot;,&quot;autoextended&quot;:false,&quot;geniusRateAvailable&quot;:false,&quot;highlighted&quot;:false,&quot;preferred&quot;:true,&quot;preferredPlus&quot;:false,&quot;showNativeAdLabel&quot;:false,&quot;nativeAdId&quot;:null,&quot;nativeAdsCpc&quot;:null,&quot;nativeAdsTracking&quot;:null,&quot;bookedXTimesMessage&quot;:null,&quot;sponsoredAdsData&quot;:null},&quot;policies&quot;:{&quot;__typename&quot;:&quot;Policies&quot;,&quot;showFreeCancellation&quot;:false,&quot;showNoPrepayment&quot;:false,&quot;enableJapaneseUsersSpecialCase&quot;:null},&quot;ribbon&quot;:null,&quot;recommendedDate&quot;:{&quot;__typename&quot;:&quot;RecommendedDate&quot;,&quot;checkin&quot;:&quot;&quot;,&quot;checkout&quot;:&quot;&quot;,&quot;lengthOfStay&quot;:0},&quot;showGeniusLoginMessage&quot;:false,&quot;showPrivateHostMessage&quot;:false,&quot;soldOutInfo&quot;:{&quot;__typename&quot;:&quot;SoldOutInfo&quot;,&quot;isSoldOut&quot;:false,&quot;messages&quot;:[],&quot;alternativeDatesMessages&quot;:[]},&quot;nbWishlists&quot;:0,&quot;visibilityBoosterEnabled&quot;:null,&quot;showAdLabel&quot;:false,&quot;isNewlyOpened&quot;:false,&quot;propertySustainability&quot;:{&quot;__typename&quot;:&quot;SrPropertySustainability&quot;,&quot;isSustainable&quot;:true,&quot;tier&quot;:{&quot;__typename&quot;:&quot;SrPropertySustainabilityTier&quot;,&quot;type&quot;:&quot;SILVER&quot;},&quot;facilities&quot;:[{&quot;__ref&quot;:&quot;SrPropertySustainabilityFacility:436&quot;},{&quot;__ref&quot;:&quot;SrPropertySustainabilityFacility:439&quot;},{&quot;__ref&quot;:&quot;SrPropertySustainabilityFacility:440&quot;},{&quot;__ref&quot;:&quot;SrPropertySustainabilityFacility:442&quot;},{&quot;__ref&quot;:&quot;SrPropertySustainabilityFacility:443&quot;},{&quot;__ref&quot;:&quot;SrPropertySustainabilityFacility:444&quot;},{&quot;__ref&quot;:&quot;SrPropertySustainabilityFacility:445&quot;},{&quot;__ref&quot;:&quot;SrPropertySustainabilityFacility:446&quot;},{&quot;__ref&quot;:&quot;SrPropertySustainabilityFacility:448&quot;},{&quot;__ref&quot;:&quot;SrPropertySustainabilityFacility:490&quot;},{&quot;__ref&quot;:&quot;SrPropertySustainabilityFacility:491&quot;},{&quot;__ref&quot;:&quot;SrPropertySustainabilityFacility:492&quot;},{&quot;__ref&quot;:&quot;SrPropertySustainabilityFacility:493&quot;},{&quot;__ref&quot;:&quot;SrPropertySustainabilityFacility:494&quot;},{&quot;__ref&quot;:&quot;SrPropertySustainabilityFacility:496&quot;},{&quot;__ref&quot;:&quot;SrPropertySustainabilityFacility:499&quot;},{&quot;__ref&quot;:&quot;SrPropertySustainabilityFacility:502&quot;},{&quot;__ref&quot;:&quot;SrPropertySustainabilityFacility:503&quot;},{&quot;__ref&quot;:&quot;SrPropertySustainabilityFacility:506&quot;}],&quot;certifications&quot;:null,&quot;chainProgrammes&quot;:null,&quot;levelId&quot;:&quot;L2&quot;},&quot;seoThemes&quot;:[],&quot;relocationMode&quot;:null,&quot;bundleRatesAvailable&quot;:null,&quot;recommendedDatesLabel&quot;:null,&quot;matchingUnitConfigurations&quot;:null,&quot;blocks&quot;:[],&quot;bookerExperienceContentUIComponentProps&quot;:[]},{&quot;__typename&quot;:&quot;SearchResultProperty&quot;,&quot;priceDisplayInfoIrene&quot;:null,&quot;licenseDetails&quot;:null,&quot;inferredLocationScore&quot;:0,&quot;trackOnView&quot;:[],&quot;topPhotos&quot;:[],&quot;acceptsWalletCredit&quot;:false,&quot;basicPropertyData&quot;:{&quot;__typename&quot;:&quot;BasicPropertyData&quot;,&quot;accommodationTypeId&quot;:204,&quot;id&quot;:5309555,&quot;isTestProperty&quot;:false,&quot;location&quot;:{&quot;__typename&quot;:&quot;Location&quot;,&quot;address&quot;:&quot;Legarda Road&quot;,&quot;city&quot;:&quot;Baguio&quot;,&quot;countryCode&quot;:&quot;ph&quot;},&quot;pageName&quot;:&quot;456&quot;,&quot;ufi&quot;:-2410361,&quot;photos&quot;:{&quot;__typename&quot;:&quot;PropertyPhotos&quot;,&quot;main&quot;:{&quot;__typename&quot;:&quot;Photo&quot;,&quot;highResUrl&quot;:{&quot;__typename&quot;:&quot;PhotoResource&quot;,&quot;relativeUrl&quot;:&quot;/xdata/images/hotel/square600/244064110.webp?k=2a4f224f93a4d55265536f348fab606afacea9bfa3c048c526c8fc98d0a9a1a1\u0026o=&quot;},&quot;lowResUrl&quot;:{&quot;__typename&quot;:&quot;PhotoResource&quot;,&quot;relativeUrl&quot;:&quot;/xdata/images/hotel/square200/244064110.webp?k=2a4f224f93a4d55265536f348fab606afacea9bfa3c048c526c8fc98d0a9a1a1\u0026o=&quot;},&quot;highResJpegUrl&quot;:{&quot;__typename&quot;:&quot;PhotoResource&quot;,&quot;relativeUrl&quot;:&quot;/xdata/images/hotel/square600/244064110.jpg?k=a5ec2d55a2dc8bff4da5dac2a10be23df0896ee0dc1e73217d0df7b4f029bf5f\u0026o=&quot;},&quot;lowResJpegUrl&quot;:{&quot;__typename&quot;:&quot;PhotoResource&quot;,&quot;relativeUrl&quot;:&quot;/xdata/images/hotel/square200/244064110.jpg?k=a5ec2d55a2dc8bff4da5dac2a10be23df0896ee0dc1e73217d0df7b4f029bf5f\u0026o=&quot;}}},&quot;reviews&quot;:{&quot;__typename&quot;:&quot;Reviews&quot;,&quot;totalScore&quot;:7.2,&quot;reviewsCount&quot;:710,&quot;totalScoreTextTag&quot;:{&quot;__typename&quot;:&quot;TranslationTag&quot;,&quot;translation&quot;:&quot;Good&quot;},&quot;showScore&quot;:true,&quot;secondaryScore&quot;:0,&quot;secondaryTextTag&quot;:{&quot;__typename&quot;:&quot;TranslationTag&quot;,&quot;translation&quot;:null},&quot;showSecondaryScore&quot;:false},&quot;externalReviews&quot;:null,&quot;alternativeExternalReviews&quot;:null,&quot;starRating&quot;:{&quot;__typename&quot;:&quot;StarRating&quot;,&quot;value&quot;:3,&quot;symbol&quot;:&quot;NONE&quot;,&quot;caption&quot;:{&quot;__typename&quot;:&quot;TranslationTag&quot;,&quot;translation&quot;:null},&quot;tocLink&quot;:{&quot;__typename&quot;:&quot;TranslationTag&quot;,&quot;translation&quot;:null},&quot;showAdditionalInfoIcon&quot;:false},&quot;isClosed&quot;:false,&quot;paymentConfig&quot;:{&quot;__typename&quot;:&quot;PaymentConfig&quot;,&quot;installments&quot;:null}},&quot;badges&quot;:[],&quot;customBadges&quot;:{&quot;__typename&quot;:&quot;CustomBadges&quot;,&quot;showIsWorkFriendly&quot;:false,&quot;showParkAndFly&quot;:false,&quot;showSkiToDoor&quot;:false,&quot;showBhTravelCreditBadge&quot;:false,&quot;showOnlineCheckinBadge&quot;:null},&quot;description&quot;:{&quot;__typename&quot;:&quot;TextWithTranslationTag&quot;,&quot;text&quot;:&quot;Located in Baguio, a 9-minute walk from Burnham Park, 456 Hotel has accommodations with a garden, free private parking, a terrace and a bar. &quot;},&quot;displayName&quot;:{&quot;__typename&quot;:&quot;TextWithTranslationTag&quot;,&quot;text&quot;:&quot;456 Hotel&quot;,&quot;translationTag&quot;:{&quot;__typename&quot;:&quot;TranslationTag&quot;,&quot;translation&quot;:null}},&quot;geniusInfo&quot;:null,&quot;isInCompanyBudget&quot;:null,&quot;location&quot;:{&quot;__typename&quot;:&quot;SearchResultsPropertyLocation&quot;,&quot;displayLocation&quot;:&quot;Baguio&quot;,&quot;mainDistance&quot;:&quot;0.5 miles from Session Road&quot;,&quot;publicTransportDistanceDescription&quot;:null,&quot;skiLiftDistance&quot;:null,&quot;beachDistance&quot;:null,&quot;nearbyBeachNames&quot;:[],&quot;beachWalkingTime&quot;:null,&quot;geoDistanceMeters&quot;:null},&quot;mealPlanIncluded&quot;:null,&quot;persuasion&quot;:{&quot;__typename&quot;:&quot;SearchResultPersuasion&quot;,&quot;autoextended&quot;:false,&quot;geniusRateAvailable&quot;:false,&quot;highlighted&quot;:false,&quot;preferred&quot;:true,&quot;preferredPlus&quot;:false,&quot;showNativeAdLabel&quot;:false,&quot;nativeAdId&quot;:null,&quot;nativeAdsCpc&quot;:null,&quot;nativeAdsTracking&quot;:null,&quot;bookedXTimesMessage&quot;:null,&quot;sponsoredAdsData&quot;:null},&quot;policies&quot;:{&quot;__typename&quot;:&quot;Policies&quot;,&quot;showFreeCancellation&quot;:false,&quot;showNoPrepayment&quot;:false,&quot;enableJapaneseUsersSpecialCase&quot;:null},&quot;ribbon&quot;:null,&quot;recommendedDate&quot;:{&quot;__typename&quot;:&quot;RecommendedDate&quot;,&quot;checkin&quot;:&quot;&quot;,&quot;checkout&quot;:&quot;&quot;,&quot;lengthOfStay&quot;:0},&quot;showGeniusLoginMessage&quot;:false,&quot;showPrivateHostMessage&quot;:false,&quot;soldOutInfo&quot;:{&quot;__typename&quot;:&quot;SoldOutInfo&quot;,&quot;isSoldOut&quot;:false,&quot;messages&quot;:[],&quot;alternativeDatesMessages&quot;:[]},&quot;nbWishlists&quot;:0,&quot;visibilityBoosterEnabled&quot;:null,&quot;showAdLabel&quot;:false,&quot;isNewlyOpened&quot;:false,&quot;propertySustainability&quot;:{&quot;__typename&quot;:&quot;SrPropertySustainability&quot;,&quot;isSustainable&quot;:true,&quot;tier&quot;:{&quot;__typename&quot;:&quot;SrPropertySustainabilityTier&quot;,&quot;type&quot;:&quot;BRONZE&quot;},&quot;facilities&quot;:[{&quot;__ref&quot;:&quot;SrPropertySustainabilityFacility:182&quot;},{&quot;__ref&quot;:&quot;SrPropertySustainabilityFacility:444&quot;},{&quot;__ref&quot;:&quot;SrPropertySustainabilityFacility:445&quot;},{&quot;__ref&quot;:&quot;SrPropertySustainabilityFacility:446&quot;},{&quot;__ref&quot;:&quot;SrPropertySustainabilityFacility:492&quot;},{&quot;__ref&quot;:&quot;SrPropertySustainabilityFacility:493&quot;},{&quot;__ref&quot;:&quot;SrPropertySustainabilityFacility:494&quot;},{&quot;__ref&quot;:&quot;SrPropertySustainabilityFacility:496&quot;},{&quot;__ref&quot;:&quot;SrPropertySustainabilityFacility:500&quot;},{&quot;__ref&quot;:&quot;SrPropertySustainabilityFacility:502&quot;}],&quot;certifications&quot;:null,&quot;chainProgrammes&quot;:null,&quot;levelId&quot;:&quot;L1&quot;},&quot;seoThemes&quot;:[],&quot;relocationMode&quot;:null,&quot;bundleRatesAvailable&quot;:null,&quot;recommendedDatesLabel&quot;:null,&quot;matchingUnitConfigurations&quot;:null,&quot;blocks&quot;:[],&quot;bookerExperienceContentUIComponentProps&quot;:[]},{&quot;__typename&quot;:&quot;SearchResultProperty&quot;,&quot;priceDisplayInfoIrene&quot;:null,&quot;licenseDetails&quot;:null,&quot;inferredLocationScore&quot;:0,&quot;trackOnView&quot;:[],&quot;topPhotos&quot;:[],&quot;acceptsWalletCredit&quot;:false,&quot;basicPropertyData&quot;:{&quot;__typename&quot;:&quot;BasicPropertyData&quot;,&quot;accommodationTypeId&quot;:204,&quot;id&quot;:1820336,&quot;isTestProperty&quot;:false,&quot;location&quot;:{&quot;__typename&quot;:&quot;Location&quot;,&quot;address&quot;:&quot;19 Kisad Road, Benguet&quot;,&quot;city&quot;:&quot;Baguio&quot;,&quot;countryCode&quot;:&quot;ph&quot;},&quot;pageName&quot;:&quot;venus-parkview&quot;,&quot;ufi&quot;:-2410361,&quot;photos&quot;:{&quot;__typename&quot;:&quot;PropertyPhotos&quot;,&quot;main&quot;:{&quot;__typename&quot;:&quot;Photo&quot;,&quot;highResUrl&quot;:{&quot;__typename&quot;:&quot;PhotoResource&quot;,&quot;relativeUrl&quot;:&quot;/xdata/images/hotel/square600/218909813.webp?k=1f56d858e4db2a8c7289712c64af9d421cd10c9f2bed06b2c11b4c1cd0773910\u0026o=&quot;},&quot;lowResUrl&quot;:{&quot;__typename&quot;:&quot;PhotoResource&quot;,&quot;relativeUrl&quot;:&quot;/xdata/images/hotel/square200/218909813.webp?k=1f56d858e4db2a8c7289712c64af9d421cd10c9f2bed06b2c11b4c1cd0773910\u0026o=&quot;},&quot;highResJpegUrl&quot;:{&quot;__typename&quot;:&quot;PhotoResource&quot;,&quot;relativeUrl&quot;:&quot;/xdata/images/hotel/square600/218909813.jpg?k=a973fd3c2313458d3377dc4f9f9567340aca2d26e3b4cf5190ab13dd93393aad\u0026o=&quot;},&quot;lowResJpegUrl&quot;:{&quot;__typename&quot;:&quot;PhotoResource&quot;,&quot;relativeUrl&quot;:&quot;/xdata/images/hotel/square200/218909813.jpg?k=a973fd3c2313458d3377dc4f9f9567340aca2d26e3b4cf5190ab13dd93393aad\u0026o=&quot;}}},&quot;reviews&quot;:{&quot;__typename&quot;:&quot;Reviews&quot;,&quot;totalScore&quot;:8.2,&quot;reviewsCount&quot;:170,&quot;totalScoreTextTag&quot;:{&quot;__typename&quot;:&quot;TranslationTag&quot;,&quot;translation&quot;:&quot;Very Good&quot;},&quot;showScore&quot;:true,&quot;secondaryScore&quot;:0,&quot;secondaryTextTag&quot;:{&quot;__typename&quot;:&quot;TranslationTag&quot;,&quot;translation&quot;:null},&quot;showSecondaryScore&quot;:false},&quot;externalReviews&quot;:null,&quot;alternativeExternalReviews&quot;:null,&quot;starRating&quot;:{&quot;__typename&quot;:&quot;StarRating&quot;,&quot;value&quot;:4,&quot;symbol&quot;:&quot;NONE&quot;,&quot;caption&quot;:{&quot;__typename&quot;:&quot;TranslationTag&quot;,&quot;translation&quot;:null},&quot;tocLink&quot;:{&quot;__typename&quot;:&quot;TranslationTag&quot;,&quot;translation&quot;:null},&quot;showAdditionalInfoIcon&quot;:false},&quot;isClosed&quot;:false,&quot;paymentConfig&quot;:{&quot;__typename&quot;:&quot;PaymentConfig&quot;,&quot;installments&quot;:null}},&quot;badges&quot;:[],&quot;customBadges&quot;:{&quot;__typename&quot;:&quot;CustomBadges&quot;,&quot;showIsWorkFriendly&quot;:false,&quot;showParkAndFly&quot;:false,&quot;showSkiToDoor&quot;:false,&quot;showBhTravelCreditBadge&quot;:false,&quot;showOnlineCheckinBadge&quot;:null},&quot;description&quot;:{&quot;__typename&quot;:&quot;TextWithTranslationTag&quot;,&quot;text&quot;:&quot;Featuring free WiFi throughout the property, Venus Parkview Hotel is located in Baguio, 656 feet from Burnham Park. An in-house restaurant is available, while free parking is provided on site. &quot;},&quot;displayName&quot;:{&quot;__typename&quot;:&quot;TextWithTranslationTag&quot;,&quot;text&quot;:&quot;Venus Parkview Hotel&quot;,&quot;translationTag&quot;:{&quot;__typename&quot;:&quot;TranslationTag&quot;,&quot;translation&quot;:null}},&quot;geniusInfo&quot;:null,&quot;isInCompanyBudget&quot;:null,&quot;location&quot;:{&quot;__typename&quot;:&quot;SearchResultsPropertyLocation&quot;,&quot;displayLocation&quot;:&quot;Baguio&quot;,&quot;mainDistance&quot;:&quot;0.4 miles from Session Road&quot;,&quot;publicTransportDistanceDescription&quot;:null,&quot;skiLiftDistance&quot;:null,&quot;beachDistance&quot;:null,&quot;nearbyBeachNames&quot;:[],&quot;beachWalkingTime&quot;:null,&quot;geoDistanceMeters&quot;:null},&quot;mealPlanIncluded&quot;:null,&quot;persuasion&quot;:{&quot;__typename&quot;:&quot;SearchResultPersuasion&quot;,&quot;autoextended&quot;:false,&quot;geniusRateAvailable&quot;:false,&quot;highlighted&quot;:false,&quot;preferred&quot;:true,&quot;preferredPlus&quot;:false,&quot;showNativeAdLabel&quot;:false,&quot;nativeAdId&quot;:null,&quot;nativeAdsCpc&quot;:null,&quot;nativeAdsTracking&quot;:null,&quot;bookedXTimesMessage&quot;:null,&quot;sponsoredAdsData&quot;:null},&quot;policies&quot;:{&quot;__typename&quot;:&quot;Policies&quot;,&quot;showFreeCancellation&quot;:false,&quot;showNoPrepayment&quot;:false,&quot;enableJapaneseUsersSpecialCase&quot;:null},&quot;ribbon&quot;:null,&quot;recommendedDate&quot;:{&quot;__typename&quot;:&quot;RecommendedDate&quot;,&quot;checkin&quot;:&quot;&quot;,&quot;checkout&quot;:&quot;&quot;,&quot;lengthOfStay&quot;:0},&quot;showGeniusLoginMessage&quot;:false,&quot;showPrivateHostMessage&quot;:false,&quot;soldOutInfo&quot;:{&quot;__typename&quot;:&quot;SoldOutInfo&quot;,&quot;isSoldOut&quot;:false,&quot;messages&quot;:[],&quot;alternativeDatesMessages&quot;:[]},&quot;nbWishlists&quot;:0,&quot;visibilityBoosterEnabled&quot;:null,&quot;showAdLabel&quot;:false,&quot;isNewlyOpened&quot;:false,&quot;propertySustainability&quot;:{&quot;__typename&quot;:&quot;SrPropertySustainability&quot;,&quot;isSustainable&quot;:true,&quot;tier&quot;:{&quot;__typename&quot;:&quot;SrPropertySustainabilityTier&quot;,&quot;type&quot;:&quot;BRONZE&quot;},&quot;facilities&quot;:[{&quot;__ref&quot;:&quot;SrPropertySustainabilityFacility:436&quot;},{&quot;__ref&quot;:&quot;SrPropertySustainabilityFacility:439&quot;},{&quot;__ref&quot;:&quot;SrPropertySustainabilityFacility:440&quot;},{&quot;__ref&quot;:&quot;SrPropertySustainabilityFacility:444&quot;},{&quot;__ref&quot;:&quot;SrPropertySustainabilityFacility:445&quot;},{&quot;__ref&quot;:&quot;SrPropertySustainabilityFacility:446&quot;},{&quot;__ref&quot;:&quot;SrPropertySustainabilityFacility:489&quot;},{&quot;__ref&quot;:&quot;SrPropertySustainabilityFacility:490&quot;},{&quot;__ref&quot;:&quot;SrPropertySustainabilityFacility:491&quot;},{&quot;__ref&quot;:&quot;SrPropertySustainabilityFacility:496&quot;},{&quot;__ref&quot;:&quot;SrPropertySustainabilityFacility:497&quot;},{&quot;__ref&quot;:&quot;SrPropertySustainabilityFacility:499&quot;},{&quot;__ref&quot;:&quot;SrPropertySustainabilityFacility:503&quot;},{&quot;__ref&quot;:&quot;SrPropertySustainabilityFacility:505&quot;},{&quot;__ref&quot;:&quot;SrPropertySustainabilityFacility:506&quot;}],&quot;certifications&quot;:null,&quot;chainProgrammes&quot;:null,&quot;levelId&quot;:&quot;L1&quot;},&quot;seoThemes&quot;:[],&quot;relocationMode&quot;:null,&quot;bundleRatesAvailable&quot;:null,&quot;recommendedDatesLabel&quot;:null,&quot;matchingUnitConfigurations&quot;:null,&quot;blocks&quot;:[],&quot;bookerExperienceContentUIComponentProps&quot;:[]},{&quot;__typename&quot;:&quot;SearchResultProperty&quot;,&quot;priceDisplayInfoIrene&quot;:null,&quot;licenseDetails&quot;:null,&quot;inferredLocationScore&quot;:0,&quot;trackOnView&quot;:[],&quot;topPhotos&quot;:[],&quot;acceptsWalletCredit&quot;:false,&quot;basicPropertyData&quot;:{&quot;__typename&quot;:&quot;BasicPropertyData&quot;,&quot;accommodationTypeId&quot;:204,&quot;id&quot;:324352,&quot;isTestProperty&quot;:false,&quot;location&quot;:{&quot;__typename&quot;:&quot;Location&quot;,&quot;address&quot;:&quot;Corner Carino and Yandoc Street, Benguet&quot;,&quot;city&quot;:&quot;Baguio&quot;,&quot;countryCode&quot;:&quot;ph&quot;},&quot;pageName&quot;:&quot;the-golden-pine&quot;,&quot;ufi&quot;:-2410361,&quot;photos&quot;:{&quot;__typename&quot;:&quot;PropertyPhotos&quot;,&quot;main&quot;:{&quot;__typename&quot;:&quot;Photo&quot;,&quot;highResUrl&quot;:{&quot;__typename&quot;:&quot;PhotoResource&quot;,&quot;relativeUrl&quot;:&quot;/xdata/images/hotel/square600/5075687.webp?k=a411a97bc9e1970b435ab7639c7f9a9b84075bc064a8b66d05ee96ec5f7ffaf1\u0026o=&quot;},&quot;lowResUrl&quot;:{&quot;__typename&quot;:&quot;PhotoResource&quot;,&quot;relativeUrl&quot;:&quot;/xdata/images/hotel/square200/5075687.webp?k=a411a97bc9e1970b435ab7639c7f9a9b84075bc064a8b66d05ee96ec5f7ffaf1\u0026o=&quot;},&quot;highResJpegUrl&quot;:{&quot;__typename&quot;:&quot;PhotoResource&quot;,&quot;relativeUrl&quot;:&quot;/xdata/images/hotel/square600/5075687.jpg?k=c6038582a41e4f7b37ca1c2cc21893d2cd66b7b0c72ae8f4764fb9aab31857c5\u0026o=&quot;},&quot;lowResJpegUrl&quot;:{&quot;__typename&quot;:&quot;PhotoResource&quot;,&quot;relativeUrl&quot;:&quot;/xdata/images/hotel/square200/5075687.jpg?k=c6038582a41e4f7b37ca1c2cc21893d2cd66b7b0c72ae8f4764fb9aab31857c5\u0026o=&quot;}}},&quot;reviews&quot;:{&quot;__typename&quot;:&quot;Reviews&quot;,&quot;totalScore&quot;:7.7,&quot;reviewsCount&quot;:76,&quot;totalScoreTextTag&quot;:{&quot;__typename&quot;:&quot;TranslationTag&quot;,&quot;translation&quot;:&quot;Good&quot;},&quot;showScore&quot;:true,&quot;secondaryScore&quot;:0,&quot;secondaryTextTag&quot;:{&quot;__typename&quot;:&quot;TranslationTag&quot;,&quot;translation&quot;:null},&quot;showSecondaryScore&quot;:false},&quot;externalReviews&quot;:null,&quot;alternativeExternalReviews&quot;:null,&quot;starRating&quot;:{&quot;__typename&quot;:&quot;StarRating&quot;,&quot;value&quot;:3,&quot;symbol&quot;:&quot;NONE&quot;,&quot;caption&quot;:{&quot;__typename&quot;:&quot;TranslationTag&quot;,&quot;translation&quot;:null},&quot;tocLink&quot;:{&quot;__typename&quot;:&quot;TranslationTag&quot;,&quot;translation&quot;:null},&quot;showAdditionalInfoIcon&quot;:false},&quot;isClosed&quot;:false,&quot;paymentConfig&quot;:{&quot;__typename&quot;:&quot;PaymentConfig&quot;,&quot;installments&quot;:null}},&quot;badges&quot;:[],&quot;customBadges&quot;:{&quot;__typename&quot;:&quot;CustomBadges&quot;,&quot;showIsWorkFriendly&quot;:false,&quot;showParkAndFly&quot;:false,&quot;showSkiToDoor&quot;:false,&quot;showBhTravelCreditBadge&quot;:false,&quot;showOnlineCheckinBadge&quot;:null},&quot;description&quot;:{&quot;__typename&quot;:&quot;TextWithTranslationTag&quot;,&quot;text&quot;:&quot;Offering rooms in the cool mountain city of Baguio, The Golden Pine Hotel is just a 5 minute walk from popular Burnham Park. It offers free Wi-Fi and free parking. &quot;},&quot;displayName&quot;:{&quot;__typename&quot;:&quot;TextWithTranslationTag&quot;,&quot;text&quot;:&quot;The Golden Pine Hotel&quot;,&quot;translationTag&quot;:{&quot;__typename&quot;:&quot;TranslationTag&quot;,&quot;translation&quot;:null}},&quot;geniusInfo&quot;:null,&quot;isInCompanyBudget&quot;:null,&quot;location&quot;:{&quot;__typename&quot;:&quot;SearchResultsPropertyLocation&quot;,&quot;displayLocation&quot;:&quot;Baguio&quot;,&quot;mainDistance&quot;:&quot;0.5 miles from Session Road&quot;,&quot;publicTransportDistanceDescription&quot;:null,&quot;skiLiftDistance&quot;:null,&quot;beachDistance&quot;:null,&quot;nearbyBeachNames&quot;:[],&quot;beachWalkingTime&quot;:null,&quot;geoDistanceMeters&quot;:null},&quot;mealPlanIncluded&quot;:null,&quot;persuasion&quot;:{&quot;__typename&quot;:&quot;SearchResultPersuasion&quot;,&quot;autoextended&quot;:false,&quot;geniusRateAvailable&quot;:false,&quot;highlighted&quot;:false,&quot;preferred&quot;:true,&quot;preferredPlus&quot;:false,&quot;showNativeAdLabel&quot;:false,&quot;nativeAdId&quot;:null,&quot;nativeAdsCpc&quot;:null,&quot;nativeAdsTracking&quot;:null,&quot;bookedXTimesMessage&quot;:null,&quot;sponsoredAdsData&quot;:null},&quot;policies&quot;:{&quot;__typename&quot;:&quot;Policies&quot;,&quot;showFreeCancellation&quot;:false,&quot;showNoPrepayment&quot;:false,&quot;enableJapaneseUsersSpecialCase&quot;:null},&quot;ribbon&quot;:null,&quot;recommendedDate&quot;:{&quot;__typename&quot;:&quot;RecommendedDate&quot;,&quot;checkin&quot;:&quot;&quot;,&quot;checkout&quot;:&quot;&quot;,&quot;lengthOfStay&quot;:0},&quot;showGeniusLoginMessage&quot;:false,&quot;showPrivateHostMessage&quot;:false,&quot;soldOutInfo&quot;:{&quot;__typename&quot;:&quot;SoldOutInfo&quot;,&quot;isSoldOut&quot;:false,&quot;messages&quot;:[],&quot;alternativeDatesMessages&quot;:[]},&quot;nbWishlists&quot;:0,&quot;visibilityBoosterEnabled&quot;:null,&quot;showAdLabel&quot;:false,&quot;isNewlyOpened&quot;:false,&quot;propertySustainability&quot;:{&quot;__typename&quot;:&quot;SrPropertySustainability&quot;,&quot;isSustainable&quot;:false,&quot;tier&quot;:{&quot;__typename&quot;:&quot;SrPropertySustainabilityTier&quot;,&quot;type&quot;:&quot;NONE&quot;},&quot;facilities&quot;:null,&quot;certifications&quot;:null,&quot;chainProgrammes&quot;:null,&quot;levelId&quot;:&quot;L0&quot;},&quot;seoThemes&quot;:[],&quot;relocationMode&quot;:null,&quot;bundleRatesAvailable&quot;:null,&quot;recommendedDatesLabel&quot;:null,&quot;matchingUnitConfigurations&quot;:null,&quot;blocks&quot;:[],&quot;bookerExperienceContentUIComponentProps&quot;:[]},{&quot;__typename&quot;:&quot;SearchResultProperty&quot;,&quot;priceDisplayInfoIrene&quot;:null,&quot;licenseDetails&quot;:null,&quot;inferredLocationScore&quot;:0,&quot;trackOnView&quot;:[],&quot;topPhotos&quot;:[],&quot;acceptsWalletCredit&quot;:false,&quot;basicPropertyData&quot;:{&quot;__typename&quot;:&quot;BasicPropertyData&quot;,&quot;accommodationTypeId&quot;:218,&quot;id&quot;:2789430,&quot;isTestProperty&quot;:false,&quot;location&quot;:{&quot;__typename&quot;:&quot;Location&quot;,&quot;address&quot;:&quot;84 Palma Street, Benguet&quot;,&quot;city&quot;:&quot;Baguio&quot;,&quot;countryCode&quot;:&quot;ph&quot;},&quot;pageName&quot;:&quot;rl-veranda-suite&quot;,&quot;ufi&quot;:-2410361,&quot;photos&quot;:{&quot;__typename&quot;:&quot;PropertyPhotos&quot;,&quot;main&quot;:{&quot;__typename&quot;:&quot;Photo&quot;,&quot;highResUrl&quot;:{&quot;__typename&quot;:&quot;PhotoResource&quot;,&quot;relativeUrl&quot;:&quot;/xdata/images/hotel/square600/338016275.webp?k=6202fc03f38a9c8ba54c669fa32510376dff3af8a60958416cd91ee76abe87e6\u0026o=&quot;},&quot;lowResUrl&quot;:{&quot;__typename&quot;:&quot;PhotoResource&quot;,&quot;relativeUrl&quot;:&quot;/xdata/images/hotel/square200/338016275.webp?k=6202fc03f38a9c8ba54c669fa32510376dff3af8a60958416cd91ee76abe87e6\u0026o=&quot;},&quot;highResJpegUrl&quot;:{&quot;__typename&quot;:&quot;PhotoResource&quot;,&quot;relativeUrl&quot;:&quot;/xdata/images/hotel/square600/338016275.jpg?k=d86cff8b726026afeb3e9860912f2b49e156ab3060ad5767462ae553bdf0336a\u0026o=&quot;},&quot;lowResJpegUrl&quot;:{&quot;__typename&quot;:&quot;PhotoResource&quot;,&quot;relativeUrl&quot;:&quot;/xdata/images/hotel/square200/338016275.jpg?k=d86cff8b726026afeb3e9860912f2b49e156ab3060ad5767462ae553bdf0336a\u0026o=&quot;}}},&quot;reviews&quot;:{&quot;__typename&quot;:&quot;Reviews&quot;,&quot;totalScore&quot;:8.7,&quot;reviewsCount&quot;:277,&quot;totalScoreTextTag&quot;:{&quot;__typename&quot;:&quot;TranslationTag&quot;,&quot;translation&quot;:&quot;Excellent&quot;},&quot;showScore&quot;:true,&quot;secondaryScore&quot;:0,&quot;secondaryTextTag&quot;:{&quot;__typename&quot;:&quot;TranslationTag&quot;,&quot;translation&quot;:null},&quot;showSecondaryScore&quot;:false},&quot;externalReviews&quot;:null,&quot;alternativeExternalReviews&quot;:null,&quot;starRating&quot;:{&quot;__typename&quot;:&quot;StarRating&quot;,&quot;value&quot;:2,&quot;symbol&quot;:&quot;NONE&quot;,&quot;caption&quot;:{&quot;__typename&quot;:&quot;TranslationTag&quot;,&quot;translation&quot;:null},&quot;tocLink&quot;:{&quot;__typename&quot;:&quot;TranslationTag&quot;,&quot;translation&quot;:null},&quot;showAdditionalInfoIcon&quot;:false},&quot;isClosed&quot;:false,&quot;paymentConfig&quot;:{&quot;__typename&quot;:&quot;PaymentConfig&quot;,&quot;installments&quot;:null}},&quot;badges&quot;:[],&quot;customBadges&quot;:{&quot;__typename&quot;:&quot;CustomBadges&quot;,&quot;showIsWorkFriendly&quot;:false,&quot;showParkAndFly&quot;:false,&quot;showSkiToDoor&quot;:false,&quot;showBhTravelCreditBadge&quot;:false,&quot;showOnlineCheckinBadge&quot;:null},&quot;description&quot;:{&quot;__typename&quot;:&quot;TextWithTranslationTag&quot;,&quot;text&quot;:&quot;Located in Baguio, a 9-minute walk from Burnham Park, RL Veranda Suite has accommodations with a garden, free private parking, a shared lounge and a terrace. &quot;},&quot;displayName&quot;:{&quot;__typename&quot;:&quot;TextWithTranslationTag&quot;,&quot;text&quot;:&quot;RL Veranda Suite&quot;,&quot;translationTag&quot;:{&quot;__typename&quot;:&quot;TranslationTag&quot;,&quot;translation&quot;:null}},&quot;geniusInfo&quot;:null,&quot;isInCompanyBudget&quot;:null,&quot;location&quot;:{&quot;__typename&quot;:&quot;SearchResultsPropertyLocation&quot;,&quot;displayLocation&quot;:&quot;Baguio&quot;,&quot;mainDistance&quot;:&quot;0.6 miles from Session Road&quot;,&quot;publicTransportDistanceDescription&quot;:null,&quot;skiLiftDistance&quot;:null,&quot;beachDistance&quot;:null,&quot;nearbyBeachNames&quot;:[],&quot;beachWalkingTime&quot;:null,&quot;geoDistanceMeters&quot;:null},&quot;mealPlanIncluded&quot;:null,&quot;persuasion&quot;:{&quot;__typename&quot;:&quot;SearchResultPersuasion&quot;,&quot;autoextended&quot;:false,&quot;geniusRateAvailable&quot;:false,&quot;highlighted&quot;:false,&quot;preferred&quot;:true,&quot;preferredPlus&quot;:false,&quot;showNativeAdLabel&quot;:false,&quot;nativeAdId&quot;:null,&quot;nativeAdsCpc&quot;:null,&quot;nativeAdsTracking&quot;:null,&quot;bookedXTimesMessage&quot;:null,&quot;sponsoredAdsData&quot;:null},&quot;policies&quot;:{&quot;__typename&quot;:&quot;Policies&quot;,&quot;showFreeCancellation&quot;:false,&quot;showNoPrepayment&quot;:false,&quot;enableJapaneseUsersSpecialCase&quot;:null},&quot;ribbon&quot;:null,&quot;recommendedDate&quot;:{&quot;__typename&quot;:&quot;RecommendedDate&quot;,&quot;checkin&quot;:&quot;&quot;,&quot;checkout&quot;:&quot;&quot;,&quot;lengthOfStay&quot;:0},&quot;showGeniusLoginMessage&quot;:false,&quot;showPrivateHostMessage&quot;:false,&quot;soldOutInfo&quot;:{&quot;__typename&quot;:&quot;SoldOutInfo&quot;,&quot;isSoldOut&quot;:false,&quot;messages&quot;:[],&quot;alternativeDatesMessages&quot;:[]},&quot;nbWishlists&quot;:0,&quot;visibilityBoosterEnabled&quot;:null,&quot;showAdLabel&quot;:false,&quot;isNewlyOpened&quot;:false,&quot;propertySustainability&quot;:{&quot;__typename&quot;:&quot;SrPropertySustainability&quot;,&quot;isSustainable&quot;:false,&quot;tier&quot;:{&quot;__typename&quot;:&quot;SrPropertySustainabilityTier&quot;,&quot;type&quot;:&quot;NONE&quot;},&quot;facilities&quot;:[{&quot;__ref&quot;:&quot;SrPropertySustainabilityFacility:436&quot;},{&quot;__ref&quot;:&quot;SrPropertySustainabilityFacility:445&quot;},{&quot;__ref&quot;:&quot;SrPropertySustainabilityFacility:446&quot;}],&quot;certifications&quot;:null,&quot;chainProgrammes&quot;:null,&quot;levelId&quot;:&quot;L0&quot;},&quot;seoThemes&quot;:[],&quot;relocationMode&quot;:null,&quot;bundleRatesAvailable&quot;:null,&quot;recommendedDatesLabel&quot;:null,&quot;matchingUnitConfigurations&quot;:null,&quot;blocks&quot;:[],&quot;bookerExperienceContentUIComponentProps&quot;:[]},{&quot;__typename&quot;:&quot;SearchResultProperty&quot;,&quot;priceDisplayInfoIrene&quot;:null,&quot;licenseDetails&quot;:null,&quot;inferredLocationScore&quot;:0,&quot;trackOnView&quot;:[],&quot;topPhotos&quot;:[],&quot;acceptsWalletCredit&quot;:false,&quot;basicPropertyData&quot;:{&quot;__typename&quot;:&quot;BasicPropertyData&quot;,&quot;accommodationTypeId&quot;:204,&quot;id&quot;:2768476,&quot;isTestProperty&quot;:false,&quot;location&quot;:{&quot;__typename&quot;:&quot;Location&quot;,&quot;address&quot;:&quot;Bagumbayan Road 18&quot;,&quot;city&quot;:&quot;Baguio&quot;,&quot;countryCode&quot;:&quot;ph&quot;},&quot;pageName&quot;:&quot;45&quot;,&quot;ufi&quot;:-2410361,&quot;photos&quot;:{&quot;__typename&quot;:&quot;PropertyPhotos&quot;,&quot;main&quot;:{&quot;__typename&quot;:&quot;Photo&quot;,&quot;highResUrl&quot;:{&quot;__typename&quot;:&quot;PhotoResource&quot;,&quot;relativeUrl&quot;:&quot;/xdata/images/hotel/square600/145244312.webp?k=c317e5cf8c106eb1b9fe71db8e44bb310a46eeac7bb608d9da2bfeaf08b7e38e\u0026o=&quot;},&quot;lowResUrl&quot;:{&quot;__typename&quot;:&quot;PhotoResource&quot;,&quot;relativeUrl&quot;:&quot;/xdata/images/hotel/square200/145244312.webp?k=c317e5cf8c106eb1b9fe71db8e44bb310a46eeac7bb608d9da2bfeaf08b7e38e\u0026o=&quot;},&quot;highResJpegUrl&quot;:{&quot;__typename&quot;:&quot;PhotoResource&quot;,&quot;relativeUrl&quot;:&quot;/xdata/images/hotel/square600/145244312.jpg?k=3e7ebfc1b5f85e1e3bb009105aec40fcf40a69a323e73b206d1f626c9664e317\u0026o=&quot;},&quot;lowResJpegUrl&quot;:{&quot;__typename&quot;:&quot;PhotoResource&quot;,&quot;relativeUrl&quot;:&quot;/xdata/images/hotel/square200/145244312.jpg?k=3e7ebfc1b5f85e1e3bb009105aec40fcf40a69a323e73b206d1f626c9664e317\u0026o=&quot;}}},&quot;reviews&quot;:{&quot;__typename&quot;:&quot;Reviews&quot;,&quot;totalScore&quot;:7.1,&quot;reviewsCount&quot;:537,&quot;totalScoreTextTag&quot;:{&quot;__typename&quot;:&quot;TranslationTag&quot;,&quot;translation&quot;:&quot;Good&quot;},&quot;showScore&quot;:true,&quot;secondaryScore&quot;:0,&quot;secondaryTextTag&quot;:{&quot;__typename&quot;:&quot;TranslationTag&quot;,&quot;translation&quot;:null},&quot;showSecondaryScore&quot;:false},&quot;externalReviews&quot;:null,&quot;alternativeExternalReviews&quot;:null,&quot;starRating&quot;:{&quot;__typename&quot;:&quot;StarRating&quot;,&quot;value&quot;:2,&quot;symbol&quot;:&quot;NONE&quot;,&quot;caption&quot;:{&quot;__typename&quot;:&quot;TranslationTag&quot;,&quot;translation&quot;:null},&quot;tocLink&quot;:{&quot;__typename&quot;:&quot;TranslationTag&quot;,&quot;translation&quot;:null},&quot;showAdditionalInfoIcon&quot;:false},&quot;isClosed&quot;:false,&quot;paymentConfig&quot;:null},&quot;badges&quot;:[],&quot;customBadges&quot;:{&quot;__typename&quot;:&quot;CustomBadges&quot;,&quot;showIsWorkFriendly&quot;:false,&quot;showParkAndFly&quot;:false,&quot;showSkiToDoor&quot;:false,&quot;showBhTravelCreditBadge&quot;:false,&quot;showOnlineCheckinBadge&quot;:null},&quot;description&quot;:{&quot;__typename&quot;:&quot;TextWithTranslationTag&quot;,&quot;text&quot;:&quot;Featuring a bar, Hotel 45 is located in Baguio in the Luzon region, a 5-minute walk from SM City Baguio and 0.6 miles from Mines View Park. &quot;},&quot;displayName&quot;:{&quot;__typename&quot;:&quot;TextWithTranslationTag&quot;,&quot;text&quot;:&quot;Hotel 45&quot;,&quot;translationTag&quot;:{&quot;__typename&quot;:&quot;TranslationTag&quot;,&quot;translation&quot;:null}},&quot;geniusInfo&quot;:null,&quot;isInCompanyBudget&quot;:null,&quot;location&quot;:{&quot;__typename&quot;:&quot;SearchResultsPropertyLocation&quot;,&quot;displayLocation&quot;:&quot;Baguio&quot;,&quot;mainDistance&quot;:&quot;0.2 miles from Session Road&quot;,&quot;publicTransportDistanceDescription&quot;:null,&quot;skiLiftDistance&quot;:null,&quot;beachDistance&quot;:null,&quot;nearbyBeachNames&quot;:[],&quot;beachWalkingTime&quot;:null,&quot;geoDistanceMeters&quot;:null},&quot;mealPlanIncluded&quot;:null,&quot;persuasion&quot;:{&quot;__typename&quot;:&quot;SearchResultPersuasion&quot;,&quot;autoextended&quot;:false,&quot;geniusRateAvailable&quot;:false,&quot;highlighted&quot;:false,&quot;preferred&quot;:false,&quot;preferredPlus&quot;:false,&quot;showNativeAdLabel&quot;:false,&quot;nativeAdId&quot;:null,&quot;nativeAdsCpc&quot;:null,&quot;nativeAdsTracking&quot;:null,&quot;bookedXTimesMessage&quot;:null,&quot;sponsoredAdsData&quot;:null},&quot;policies&quot;:{&quot;__typename&quot;:&quot;Policies&quot;,&quot;showFreeCancellation&quot;:false,&quot;showNoPrepayment&quot;:false,&quot;enableJapaneseUsersSpecialCase&quot;:null},&quot;ribbon&quot;:null,&quot;recommendedDate&quot;:{&quot;__typename&quot;:&quot;RecommendedDate&quot;,&quot;checkin&quot;:&quot;&quot;,&quot;checkout&quot;:&quot;&quot;,&quot;lengthOfStay&quot;:0},&quot;showGeniusLoginMessage&quot;:false,&quot;showPrivateHostMessage&quot;:false,&quot;soldOutInfo&quot;:{&quot;__typename&quot;:&quot;SoldOutInfo&quot;,&quot;isSoldOut&quot;:false,&quot;messages&quot;:[],&quot;alternativeDatesMessages&quot;:[]},&quot;nbWishlists&quot;:0,&quot;visibilityBoosterEnabled&quot;:null,&quot;showAdLabel&quot;:false,&quot;isNewlyOpened&quot;:false,&quot;propertySustainability&quot;:{&quot;__typename&quot;:&quot;SrPropertySustainability&quot;,&quot;isSustainable&quot;:false,&quot;tier&quot;:{&quot;__typename&quot;:&quot;SrPropertySustainabilityTier&quot;,&quot;type&quot;:&quot;NONE&quot;},&quot;facilities&quot;:null,&quot;certifications&quot;:null,&quot;chainProgrammes&quot;:null,&quot;levelId&quot;:&quot;L0&quot;},&quot;seoThemes&quot;:[],&quot;relocationMode&quot;:null,&quot;bundleRatesAvailable&quot;:null,&quot;recommendedDatesLabel&quot;:null,&quot;matchingUnitConfigurations&quot;:null,&quot;blocks&quot;:[],&quot;bookerExperienceContentUIComponentProps&quot;:[]},{&quot;__typename&quot;:&quot;SearchResultProperty&quot;,&quot;priceDisplayInfoIrene&quot;:null,&quot;licenseDetails&quot;:null,&quot;inferredLocationScore&quot;:0,&quot;trackOnView&quot;:[],&quot;topPhotos&quot;:[],&quot;acceptsWalletCredit&quot;:false,&quot;basicPropertyData&quot;:{&quot;__typename&quot;:&quot;BasicPropertyData&quot;,&quot;accommodationTypeId&quot;:203,&quot;id&quot;:4151941,&quot;isTestProperty&quot;:false,&quot;location&quot;:{&quot;__typename&quot;:&quot;Location&quot;,&quot;address&quot;:&quot;121 Upper Bonifacio Street&quot;,&quot;city&quot;:&quot;Baguio&quot;,&quot;countryCode&quot;:&quot;ph&quot;},&quot;pageName&quot;:&quot;3bu-hostel&quot;,&quot;ufi&quot;:-2410361,&quot;photos&quot;:{&quot;__typename&quot;:&quot;PropertyPhotos&quot;,&quot;main&quot;:{&quot;__typename&quot;:&quot;Photo&quot;,&quot;highResUrl&quot;:{&quot;__typename&quot;:&quot;PhotoResource&quot;,&quot;relativeUrl&quot;:&quot;/xdata/images/hotel/square600/438565909.webp?k=7146d51405ef02f9c97b5c0e7de5573c3562d2cc1393df56f998c003af07b9e0\u0026o=&quot;},&quot;lowResUrl&quot;:{&quot;__typename&quot;:&quot;PhotoResource&quot;,&quot;relativeUrl&quot;:&quot;/xdata/images/hotel/square200/438565909.webp?k=7146d51405ef02f9c97b5c0e7de5573c3562d2cc1393df56f998c003af07b9e0\u0026o=&quot;},&quot;highResJpegUrl&quot;:{&quot;__typename&quot;:&quot;PhotoResource&quot;,&quot;relativeUrl&quot;:&quot;/xdata/images/hotel/square600/438565909.jpg?k=1955683b617c736814bcd342f454b5611256e01fa3cd5fe31ae7e0ea3bf5327c\u0026o=&quot;},&quot;lowResJpegUrl&quot;:{&quot;__typename&quot;:&quot;PhotoResource&quot;,&quot;relativeUrl&quot;:&quot;/xdata/images/hotel/square200/438565909.jpg?k=1955683b617c736814bcd342f454b5611256e01fa3cd5fe31ae7e0ea3bf5327c\u0026o=&quot;}}},&quot;reviews&quot;:{&quot;__typename&quot;:&quot;Reviews&quot;,&quot;totalScore&quot;:8.2,&quot;reviewsCount&quot;:235,&quot;totalScoreTextTag&quot;:{&quot;__typename&quot;:&quot;TranslationTag&quot;,&quot;translation&quot;:&quot;Very Good&quot;},&quot;showScore&quot;:true,&quot;secondaryScore&quot;:0,&quot;secondaryTextTag&quot;:{&quot;__typename&quot;:&quot;TranslationTag&quot;,&quot;translation&quot;:null},&quot;showSecondaryScore&quot;:false},&quot;externalReviews&quot;:{&quot;__typename&quot;:&quot;ExternalReviews&quot;,&quot;totalScore&quot;:9,&quot;reviewsCount&quot;:15,&quot;showScore&quot;:true,&quot;totalScoreTextTag&quot;:{&quot;__typename&quot;:&quot;TranslationTag&quot;,&quot;translation&quot;:&quot;Wonderful&quot;}},&quot;alternativeExternalReviews&quot;:null,&quot;starRating&quot;:{&quot;__typename&quot;:&quot;StarRating&quot;,&quot;value&quot;:1,&quot;symbol&quot;:&quot;NONE&quot;,&quot;caption&quot;:{&quot;__typename&quot;:&quot;TranslationTag&quot;,&quot;translation&quot;:null},&quot;tocLink&quot;:{&quot;__typename&quot;:&quot;TranslationTag&quot;,&quot;translation&quot;:null},&quot;showAdditionalInfoIcon&quot;:false},&quot;isClosed&quot;:false,&quot;paymentConfig&quot;:{&quot;__typename&quot;:&quot;PaymentConfig&quot;,&quot;installments&quot;:null}},&quot;badges&quot;:[],&quot;customBadges&quot;:{&quot;__typename&quot;:&quot;CustomBadges&quot;,&quot;showIsWorkFriendly&quot;:false,&quot;showParkAndFly&quot;:false,&quot;showSkiToDoor&quot;:false,&quot;showBhTravelCreditBadge&quot;:false,&quot;showOnlineCheckinBadge&quot;:null},&quot;description&quot;:{&quot;__typename&quot;:&quot;TextWithTranslationTag&quot;,&quot;text&quot;:&quot;Located in Baguio, a 5-minute walk from Mines View Park, 3BU Hostel Baguio - Bonifacio has air-conditioned accommodations and a shared lounge. &quot;},&quot;displayName&quot;:{&quot;__typename&quot;:&quot;TextWithTranslationTag&quot;,&quot;text&quot;:&quot;3BU Hostel Baguio - Bonifacio&quot;,&quot;translationTag&quot;:{&quot;__typename&quot;:&quot;TranslationTag&quot;,&quot;translation&quot;:null}},&quot;geniusInfo&quot;:null,&quot;isInCompanyBudget&quot;:null,&quot;location&quot;:{&quot;__typename&quot;:&quot;SearchResultsPropertyLocation&quot;,&quot;displayLocation&quot;:&quot;Baguio&quot;,&quot;mainDistance&quot;:&quot;0.2 miles from Session Road&quot;,&quot;publicTransportDistanceDescription&quot;:null,&quot;skiLiftDistance&quot;:null,&quot;beachDistance&quot;:null,&quot;nearbyBeachNames&quot;:[],&quot;beachWalkingTime&quot;:null,&quot;geoDistanceMeters&quot;:null},&quot;mealPlanIncluded&quot;:null,&quot;persuasion&quot;:{&quot;__typename&quot;:&quot;SearchResultPersuasion&quot;,&quot;autoextended&quot;:false,&quot;geniusRateAvailable&quot;:false,&quot;highlighted&quot;:false,&quot;preferred&quot;:false,&quot;preferredPlus&quot;:false,&quot;showNativeAdLabel&quot;:false,&quot;nativeAdId&quot;:null,&quot;nativeAdsCpc&quot;:null,&quot;nativeAdsTracking&quot;:null,&quot;bookedXTimesMessage&quot;:null,&quot;sponsoredAdsData&quot;:null},&quot;policies&quot;:{&quot;__typename&quot;:&quot;Policies&quot;,&quot;showFreeCancellation&quot;:false,&quot;showNoPrepayment&quot;:false,&quot;enableJapaneseUsersSpecialCase&quot;:null},&quot;ribbon&quot;:null,&quot;recommendedDate&quot;:{&quot;__typename&quot;:&quot;RecommendedDate&quot;,&quot;checkin&quot;:&quot;&quot;,&quot;checkout&quot;:&quot;&quot;,&quot;lengthOfStay&quot;:0},&quot;showGeniusLoginMessage&quot;:false,&quot;showPrivateHostMessage&quot;:false,&quot;soldOutInfo&quot;:{&quot;__typename&quot;:&quot;SoldOutInfo&quot;,&quot;isSoldOut&quot;:false,&quot;messages&quot;:[],&quot;alternativeDatesMessages&quot;:[]},&quot;nbWishlists&quot;:0,&quot;visibilityBoosterEnabled&quot;:null,&quot;showAdLabel&quot;:false,&quot;isNewlyOpened&quot;:false,&quot;propertySustainability&quot;:{&quot;__typename&quot;:&quot;SrPropertySustainability&quot;,&quot;isSustainable&quot;:false,&quot;tier&quot;:{&quot;__typename&quot;:&quot;SrPropertySustainabilityTier&quot;,&quot;type&quot;:&quot;NONE&quot;},&quot;facilities&quot;:[{&quot;__ref&quot;:&quot;SrPropertySustainabilityFacility:436&quot;}],&quot;certifications&quot;:null,&quot;chainProgrammes&quot;:null,&quot;levelId&quot;:&quot;L0&quot;},&quot;seoThemes&quot;:[],&quot;relocationMode&quot;:null,&quot;bundleRatesAvailable&quot;:null,&quot;recommendedDatesLabel&quot;:null,&quot;matchingUnitConfigurations&quot;:null,&quot;blocks&quot;:[],&quot;bookerExperienceContentUIComponentProps&quot;:[]},{&quot;__typename&quot;:&quot;SearchResultProperty&quot;,&quot;priceDisplayInfoIrene&quot;:null,&quot;licenseDetails&quot;:null,&quot;inferredLocationScore&quot;:0,&quot;trackOnView&quot;:[],&quot;topPhotos&quot;:[],&quot;acceptsWalletCredit&quot;:false,&quot;basicPropertyData&quot;:{&quot;__typename&quot;:&quot;BasicPropertyData&quot;,&quot;accommodationTypeId&quot;:204,&quot;id&quot;:2768496,&quot;isTestProperty&quot;:false,&quot;location&quot;:{&quot;__typename&quot;:&quot;Location&quot;,&quot;address&quot;:&quot;Bagumbayan Road 18, Benguet&quot;,&quot;city&quot;:&quot;Baguio&quot;,&quot;countryCode&quot;:&quot;ph&quot;},&quot;pageName&quot;:&quot;45-extension&quot;,&quot;ufi&quot;:-2410361,&quot;photos&quot;:{&quot;__typename&quot;:&quot;PropertyPhotos&quot;,&quot;main&quot;:{&quot;__typename&quot;:&quot;Photo&quot;,&quot;highResUrl&quot;:{&quot;__typename&quot;:&quot;PhotoResource&quot;,&quot;relativeUrl&quot;:&quot;/xdata/images/hotel/square600/143862179.webp?k=b325848f022ba0e8d81ddeb45d7ed28d38d0f13f2b3f6175bfa3290694fdcb2e\u0026o=&quot;},&quot;lowResUrl&quot;:{&quot;__typename&quot;:&quot;PhotoResource&quot;,&quot;relativeUrl&quot;:&quot;/xdata/images/hotel/square200/143862179.webp?k=b325848f022ba0e8d81ddeb45d7ed28d38d0f13f2b3f6175bfa3290694fdcb2e\u0026o=&quot;},&quot;highResJpegUrl&quot;:{&quot;__typename&quot;:&quot;PhotoResource&quot;,&quot;relativeUrl&quot;:&quot;/xdata/images/hotel/square600/143862179.jpg?k=03ab41a073fe4425fea030fe846ebc2c72e9d4883827ca56a5d89593f7db2737\u0026o=&quot;},&quot;lowResJpegUrl&quot;:{&quot;__typename&quot;:&quot;PhotoResource&quot;,&quot;relativeUrl&quot;:&quot;/xdata/images/hotel/square200/143862179.jpg?k=03ab41a073fe4425fea030fe846ebc2c72e9d4883827ca56a5d89593f7db2737\u0026o=&quot;}}},&quot;reviews&quot;:{&quot;__typename&quot;:&quot;Reviews&quot;,&quot;totalScore&quot;:8.1,&quot;reviewsCount&quot;:72,&quot;totalScoreTextTag&quot;:{&quot;__typename&quot;:&quot;TranslationTag&quot;,&quot;translation&quot;:&quot;Very Good&quot;},&quot;showScore&quot;:true,&quot;secondaryScore&quot;:9.7,&quot;secondaryTextTag&quot;:{&quot;__typename&quot;:&quot;TranslationTag&quot;,&quot;translation&quot;:&quot;Location&quot;},&quot;showSecondaryScore&quot;:true},&quot;externalReviews&quot;:null,&quot;alternativeExternalReviews&quot;:null,&quot;starRating&quot;:null,&quot;isClosed&quot;:false,&quot;paymentConfig&quot;:null},&quot;badges&quot;:[],&quot;customBadges&quot;:{&quot;__typename&quot;:&quot;CustomBadges&quot;,&quot;showIsWorkFriendly&quot;:false,&quot;showParkAndFly&quot;:false,&quot;showSkiToDoor&quot;:false,&quot;showBhTravelCreditBadge&quot;:false,&quot;showOnlineCheckinBadge&quot;:null},&quot;description&quot;:{&quot;__typename&quot;:&quot;TextWithTranslationTag&quot;,&quot;text&quot;:&quot;Located within 1.7 miles of Camp John Hay and 2.1 miles of Lourdes Grotto, Hotel 45 Extension has rooms in Baguio. &quot;},&quot;displayName&quot;:{&quot;__typename&quot;:&quot;TextWithTranslationTag&quot;,&quot;text&quot;:&quot;Hotel 45 Extension&quot;,&quot;translationTag&quot;:{&quot;__typename&quot;:&quot;TranslationTag&quot;,&quot;translation&quot;:null}},&quot;geniusInfo&quot;:null,&quot;isInCompanyBudget&quot;:null,&quot;location&quot;:{&quot;__typename&quot;:&quot;SearchResultsPropertyLocation&quot;,&quot;displayLocation&quot;:&quot;Baguio&quot;,&quot;mainDistance&quot;:&quot;0.2 miles from Session Road&quot;,&quot;publicTransportDistanceDescription&quot;:null,&quot;skiLiftDistance&quot;:null,&quot;beachDistance&quot;:null,&quot;nearbyBeachNames&quot;:[],&quot;beachWalkingTime&quot;:null,&quot;geoDistanceMeters&quot;:null},&quot;mealPlanIncluded&quot;:null,&quot;persuasion&quot;:{&quot;__typename&quot;:&quot;SearchResultPersuasion&quot;,&quot;autoextended&quot;:false,&quot;geniusRateAvailable&quot;:false,&quot;highlighted&quot;:false,&quot;preferred&quot;:false,&quot;preferredPlus&quot;:false,&quot;showNativeAdLabel&quot;:false,&quot;nativeAdId&quot;:null,&quot;nativeAdsCpc&quot;:null,&quot;nativeAdsTracking&quot;:null,&quot;bookedXTimesMessage&quot;:null,&quot;sponsoredAdsData&quot;:null},&quot;policies&quot;:{&quot;__typename&quot;:&quot;Policies&quot;,&quot;showFreeCancellation&quot;:false,&quot;showNoPrepayment&quot;:false,&quot;enableJapaneseUsersSpecialCase&quot;:null},&quot;ribbon&quot;:null,&quot;recommendedDate&quot;:{&quot;__typename&quot;:&quot;RecommendedDate&quot;,&quot;checkin&quot;:&quot;&quot;,&quot;checkout&quot;:&quot;&quot;,&quot;lengthOfStay&quot;:0},&quot;showGeniusLoginMessage&quot;:false,&quot;showPrivateHostMessage&quot;:false,&quot;soldOutInfo&quot;:{&quot;__typename&quot;:&quot;SoldOutInfo&quot;,&quot;isSoldOut&quot;:false,&quot;messages&quot;:[],&quot;alternativeDatesMessages&quot;:[]},&quot;nbWishlists&quot;:0,&quot;visibilityBoosterEnabled&quot;:null,&quot;showAdLabel&quot;:false,&quot;isNewlyOpened&quot;:false,&quot;propertySustainability&quot;:{&quot;__typename&quot;:&quot;SrPropertySustainability&quot;,&quot;isSustainable&quot;:false,&quot;tier&quot;:{&quot;__typename&quot;:&quot;SrPropertySustainabilityTier&quot;,&quot;type&quot;:&quot;NONE&quot;},&quot;facilities&quot;:null,&quot;certifications&quot;:null,&quot;chainProgrammes&quot;:null,&quot;levelId&quot;:&quot;L0&quot;},&quot;seoThemes&quot;:[],&quot;relocationMode&quot;:null,&quot;bundleRatesAvailable&quot;:null,&quot;recommendedDatesLabel&quot;:null,&quot;matchingUnitConfigurations&quot;:null,&quot;blocks&quot;:[],&quot;bookerExperienceContentUIComponentProps&quot;:[]},{&quot;__typename&quot;:&quot;SearchResultProperty&quot;,&quot;priceDisplayInfoIrene&quot;:null,&quot;licenseDetails&quot;:null,&quot;inferredLocationScore&quot;:0,&quot;trackOnView&quot;:[],&quot;topPhotos&quot;:[],&quot;acceptsWalletCredit&quot;:false,&quot;basicPropertyData&quot;:{&quot;__typename&quot;:&quot;BasicPropertyData&quot;,&quot;accommodationTypeId&quot;:204,&quot;id&quot;:320368,&quot;isTestProperty&quot;:false,&quot;location&quot;:{&quot;__typename&quot;:&quot;Location&quot;,&quot;address&quot;:&quot;136 Abanao Extension cor. Carino Street, Benguet&quot;,&quot;city&quot;:&quot;Baguio&quot;,&quot;countryCode&quot;:&quot;ph&quot;},&quot;pageName&quot;:&quot;paladin&quot;,&quot;ufi&quot;:-2410361,&quot;photos&quot;:{&quot;__typename&quot;:&quot;PropertyPhotos&quot;,&quot;main&quot;:{&quot;__typename&quot;:&quot;Photo&quot;,&quot;highResUrl&quot;:{&quot;__typename&quot;:&quot;PhotoResource&quot;,&quot;relativeUrl&quot;:&quot;/xdata/images/hotel/square600/389380911.webp?k=41359bff1eebc19d25997bbee8da745873e7dc92f6faef6ccba4bdcd9c65feab\u0026o=&quot;},&quot;lowResUrl&quot;:{&quot;__typename&quot;:&quot;PhotoResource&quot;,&quot;relativeUrl&quot;:&quot;/xdata/images/hotel/square200/389380911.webp?k=41359bff1eebc19d25997bbee8da745873e7dc92f6faef6ccba4bdcd9c65feab\u0026o=&quot;},&quot;highResJpegUrl&quot;:{&quot;__typename&quot;:&quot;PhotoResource&quot;,&quot;relativeUrl&quot;:&quot;/xdata/images/hotel/square600/389380911.jpg?k=591be031ec583c06d406d8d17505b7b4ed7ed4fbea3aec9d136a6c2bcc211c26\u0026o=&quot;},&quot;lowResJpegUrl&quot;:{&quot;__typename&quot;:&quot;PhotoResource&quot;,&quot;relativeUrl&quot;:&quot;/xdata/images/hotel/square200/389380911.jpg?k=591be031ec583c06d406d8d17505b7b4ed7ed4fbea3aec9d136a6c2bcc211c26\u0026o=&quot;}}},&quot;reviews&quot;:{&quot;__typename&quot;:&quot;Reviews&quot;,&quot;totalScore&quot;:7.4,&quot;reviewsCount&quot;:136,&quot;totalScoreTextTag&quot;:{&quot;__typename&quot;:&quot;TranslationTag&quot;,&quot;translation&quot;:&quot;Good&quot;},&quot;showScore&quot;:true,&quot;secondaryScore&quot;:0,&quot;secondaryTextTag&quot;:{&quot;__typename&quot;:&quot;TranslationTag&quot;,&quot;translation&quot;:null},&quot;showSecondaryScore&quot;:false},&quot;externalReviews&quot;:null,&quot;alternativeExternalReviews&quot;:null,&quot;starRating&quot;:{&quot;__typename&quot;:&quot;StarRating&quot;,&quot;value&quot;:3,&quot;symbol&quot;:&quot;NONE&quot;,&quot;caption&quot;:{&quot;__typename&quot;:&quot;TranslationTag&quot;,&quot;translation&quot;:null},&quot;tocLink&quot;:{&quot;__typename&quot;:&quot;TranslationTag&quot;,&quot;translation&quot;:null},&quot;showAdditionalInfoIcon&quot;:false},&quot;isClosed&quot;:false,&quot;paymentConfig&quot;:{&quot;__typename&quot;:&quot;PaymentConfig&quot;,&quot;installments&quot;:null}},&quot;badges&quot;:[],&quot;customBadges&quot;:{&quot;__typename&quot;:&quot;CustomBadges&quot;,&quot;showIsWorkFriendly&quot;:false,&quot;showParkAndFly&quot;:false,&quot;showSkiToDoor&quot;:false,&quot;showBhTravelCreditBadge&quot;:false,&quot;showOnlineCheckinBadge&quot;:null},&quot;description&quot;:{&quot;__typename&quot;:&quot;TextWithTranslationTag&quot;,&quot;text&quot;:&quot;Paladin Hotel is located in Baguio, just 5 minutes&#039; walk from Burnham Park and 20 minutes&#039; walk from SM Baguio Mall. Offering free Wi-Fi and parking, it has massage services and a 24-hour front desk. &quot;},&quot;displayName&quot;:{&quot;__typename&quot;:&quot;TextWithTranslationTag&quot;,&quot;text&quot;:&quot;Paladin Hotel&quot;,&quot;translationTag&quot;:{&quot;__typename&quot;:&quot;TranslationTag&quot;,&quot;translation&quot;:null}},&quot;geniusInfo&quot;:null,&quot;isInCompanyBudget&quot;:null,&quot;location&quot;:{&quot;__typename&quot;:&quot;SearchResultsPropertyLocation&quot;,&quot;displayLocation&quot;:&quot;Baguio&quot;,&quot;mainDistance&quot;:&quot;0.4 miles from Session Road&quot;,&quot;publicTransportDistanceDescription&quot;:null,&quot;skiLiftDistance&quot;:null,&quot;beachDistance&quot;:null,&quot;nearbyBeachNames&quot;:[],&quot;beachWalkingTime&quot;:null,&quot;geoDistanceMeters&quot;:null},&quot;mealPlanIncluded&quot;:null,&quot;persuasion&quot;:{&quot;__typename&quot;:&quot;SearchResultPersuasion&quot;,&quot;autoextended&quot;:false,&quot;geniusRateAvailable&quot;:false,&quot;highlighted&quot;:false,&quot;preferred&quot;:true,&quot;preferredPlus&quot;:false,&quot;showNativeAdLabel&quot;:false,&quot;nativeAdId&quot;:null,&quot;nativeAdsCpc&quot;:null,&quot;nativeAdsTracking&quot;:null,&quot;bookedXTimesMessage&quot;:null,&quot;sponsoredAdsData&quot;:null},&quot;policies&quot;:{&quot;__typename&quot;:&quot;Policies&quot;,&quot;showFreeCancellation&quot;:false,&quot;showNoPrepayment&quot;:false,&quot;enableJapaneseUsersSpecialCase&quot;:null},&quot;ribbon&quot;:null,&quot;recommendedDate&quot;:{&quot;__typename&quot;:&quot;RecommendedDate&quot;,&quot;checkin&quot;:&quot;&quot;,&quot;checkout&quot;:&quot;&quot;,&quot;lengthOfStay&quot;:0},&quot;showGeniusLoginMessage&quot;:false,&quot;showPrivateHostMessage&quot;:false,&quot;soldOutInfo&quot;:{&quot;__typename&quot;:&quot;SoldOutInfo&quot;,&quot;isSoldOut&quot;:false,&quot;messages&quot;:[],&quot;alternativeDatesMessages&quot;:[]},&quot;nbWishlists&quot;:0,&quot;visibilityBoosterEnabled&quot;:null,&quot;showAdLabel&quot;:false,&quot;isNewlyOpened&quot;:false,&quot;propertySustainability&quot;:{&quot;__typename&quot;:&quot;SrPropertySustainability&quot;,&quot;isSustainable&quot;:false,&quot;tier&quot;:{&quot;__typename&quot;:&quot;SrPropertySustainabilityTier&quot;,&quot;type&quot;:&quot;NONE&quot;},&quot;facilities&quot;:null,&quot;certifications&quot;:null,&quot;chainProgrammes&quot;:null,&quot;levelId&quot;:&quot;L0&quot;},&quot;seoThemes&quot;:[],&quot;relocationMode&quot;:null,&quot;bundleRatesAvailable&quot;:null,&quot;recommendedDatesLabel&quot;:null,&quot;matchingUnitConfigurations&quot;:null,&quot;blocks&quot;:[],&quot;bookerExperienceContentUIComponentProps&quot;:[]},{&quot;__typename&quot;:&quot;SearchResultProperty&quot;,&quot;priceDisplayInfoIrene&quot;:null,&quot;licenseDetails&quot;:null,&quot;inferredLocationScore&quot;:0,&quot;trackOnView&quot;:[],&quot;topPhotos&quot;:[],&quot;acceptsWalletCredit&quot;:false,&quot;basicPropertyData&quot;:{&quot;__typename&quot;:&quot;BasicPropertyData&quot;,&quot;accommodationTypeId&quot;:201,&quot;id&quot;:2195010,&quot;isTestProperty&quot;:false,&quot;location&quot;:{&quot;__typename&quot;:&quot;Location&quot;,&quot;address&quot;:&quot;70 Kisad Road, Benguet&quot;,&quot;city&quot;:&quot;Baguio&quot;,&quot;countryCode&quot;:&quot;ph&quot;},&quot;pageName&quot;:&quot;angelo-39-s-transient-house&quot;,&quot;ufi&quot;:-2410361,&quot;photos&quot;:{&quot;__typename&quot;:&quot;PropertyPhotos&quot;,&quot;main&quot;:{&quot;__typename&quot;:&quot;Photo&quot;,&quot;highResUrl&quot;:{&quot;__typename&quot;:&quot;PhotoResource&quot;,&quot;relativeUrl&quot;:&quot;/xdata/images/hotel/square600/491551366.webp?k=e6414cf59cafcacb45955380333c410514981101e088d1a18d652d7a736cbe23\u0026o=&quot;},&quot;lowResUrl&quot;:{&quot;__typename&quot;:&quot;PhotoResource&quot;,&quot;relativeUrl&quot;:&quot;/xdata/images/hotel/square200/491551366.webp?k=e6414cf59cafcacb45955380333c410514981101e088d1a18d652d7a736cbe23\u0026o=&quot;},&quot;highResJpegUrl&quot;:{&quot;__typename&quot;:&quot;PhotoResource&quot;,&quot;relativeUrl&quot;:&quot;/xdata/images/hotel/square600/491551366.jpg?k=97a8da9a33c4303f849d7d092628d8d4b3052eb5497f5744644ea1c6ec76b37a\u0026o=&quot;},&quot;lowResJpegUrl&quot;:{&quot;__typename&quot;:&quot;PhotoResource&quot;,&quot;relativeUrl&quot;:&quot;/xdata/images/hotel/square200/491551366.jpg?k=97a8da9a33c4303f849d7d092628d8d4b3052eb5497f5744644ea1c6ec76b37a\u0026o=&quot;}}},&quot;reviews&quot;:{&quot;__typename&quot;:&quot;Reviews&quot;,&quot;totalScore&quot;:9.2,&quot;reviewsCount&quot;:482,&quot;totalScoreTextTag&quot;:{&quot;__typename&quot;:&quot;TranslationTag&quot;,&quot;translation&quot;:&quot;Wonderful&quot;},&quot;showScore&quot;:true,&quot;secondaryScore&quot;:9.6,&quot;secondaryTextTag&quot;:{&quot;__typename&quot;:&quot;TranslationTag&quot;,&quot;translation&quot;:&quot;Location&quot;},&quot;showSecondaryScore&quot;:true},&quot;externalReviews&quot;:null,&quot;alternativeExternalReviews&quot;:null,&quot;starRating&quot;:{&quot;__typename&quot;:&quot;StarRating&quot;,&quot;value&quot;:2,&quot;symbol&quot;:&quot;NONE&quot;,&quot;caption&quot;:{&quot;__typename&quot;:&quot;TranslationTag&quot;,&quot;translation&quot;:null},&quot;tocLink&quot;:{&quot;__typename&quot;:&quot;TranslationTag&quot;,&quot;translation&quot;:null},&quot;showAdditionalInfoIcon&quot;:false},&quot;isClosed&quot;:false,&quot;paymentConfig&quot;:{&quot;__typename&quot;:&quot;PaymentConfig&quot;,&quot;installments&quot;:null}},&quot;badges&quot;:[],&quot;customBadges&quot;:{&quot;__typename&quot;:&quot;CustomBadges&quot;,&quot;showIsWorkFriendly&quot;:false,&quot;showParkAndFly&quot;:false,&quot;showSkiToDoor&quot;:false,&quot;showBhTravelCreditBadge&quot;:false,&quot;showOnlineCheckinBadge&quot;:null},&quot;description&quot;:{&quot;__typename&quot;:&quot;TextWithTranslationTag&quot;,&quot;text&quot;:&quot;Offering a garden, Angelo&#039;s Transient House is located in Baguio, 656 feet from Burnham Park. Session Road is 1969 feet from the property. Free private parking is available on site. &quot;},&quot;displayName&quot;:{&quot;__typename&quot;:&quot;TextWithTranslationTag&quot;,&quot;text&quot;:&quot;JCGA Apartments (Angelo&#039;s Burnham)&quot;,&quot;translationTag&quot;:{&quot;__typename&quot;:&quot;TranslationTag&quot;,&quot;translation&quot;:null}},&quot;geniusInfo&quot;:null,&quot;isInCompanyBudget&quot;:null,&quot;location&quot;:{&quot;__typename&quot;:&quot;SearchResultsPropertyLocation&quot;,&quot;displayLocation&quot;:&quot;Baguio&quot;,&quot;mainDistance&quot;:&quot;0.4 miles from Session Road&quot;,&quot;publicTransportDistanceDescription&quot;:null,&quot;skiLiftDistance&quot;:null,&quot;beachDistance&quot;:null,&quot;nearbyBeachNames&quot;:[],&quot;beachWalkingTime&quot;:null,&quot;geoDistanceMeters&quot;:null},&quot;mealPlanIncluded&quot;:null,&quot;persuasion&quot;:{&quot;__typename&quot;:&quot;SearchResultPersuasion&quot;,&quot;autoextended&quot;:false,&quot;geniusRateAvailable&quot;:false,&quot;highlighted&quot;:false,&quot;preferred&quot;:false,&quot;preferredPlus&quot;:false,&quot;showNativeAdLabel&quot;:false,&quot;nativeAdId&quot;:null,&quot;nativeAdsCpc&quot;:null,&quot;nativeAdsTracking&quot;:null,&quot;bookedXTimesMessage&quot;:null,&quot;sponsoredAdsData&quot;:null},&quot;policies&quot;:{&quot;__typename&quot;:&quot;Policies&quot;,&quot;showFreeCancellation&quot;:false,&quot;showNoPrepayment&quot;:false,&quot;enableJapaneseUsersSpecialCase&quot;:null},&quot;ribbon&quot;:null,&quot;recommendedDate&quot;:{&quot;__typename&quot;:&quot;RecommendedDate&quot;,&quot;checkin&quot;:&quot;&quot;,&quot;checkout&quot;:&quot;&quot;,&quot;lengthOfStay&quot;:0},&quot;showGeniusLoginMessage&quot;:false,&quot;showPrivateHostMessage&quot;:false,&quot;soldOutInfo&quot;:{&quot;__typename&quot;:&quot;SoldOutInfo&quot;,&quot;isSoldOut&quot;:false,&quot;messages&quot;:[],&quot;alternativeDatesMessages&quot;:[]},&quot;nbWishlists&quot;:0,&quot;visibilityBoosterEnabled&quot;:null,&quot;showAdLabel&quot;:false,&quot;isNewlyOpened&quot;:false,&quot;propertySustainability&quot;:{&quot;__typename&quot;:&quot;SrPropertySustainability&quot;,&quot;isSustainable&quot;:false,&quot;tier&quot;:{&quot;__typename&quot;:&quot;SrPropertySustainabilityTier&quot;,&quot;type&quot;:&quot;NONE&quot;},&quot;facilities&quot;:null,&quot;certifications&quot;:null,&quot;chainProgrammes&quot;:null,&quot;levelId&quot;:&quot;L0&quot;},&quot;seoThemes&quot;:[],&quot;relocationMode&quot;:null,&quot;bundleRatesAvailable&quot;:null,&quot;recommendedDatesLabel&quot;:null,&quot;matchingUnitConfigurations&quot;:null,&quot;blocks&quot;:[],&quot;bookerExperienceContentUIComponentProps&quot;:[]},{&quot;__typename&quot;:&quot;SearchResultProperty&quot;,&quot;priceDisplayInfoIrene&quot;:null,&quot;licenseDetails&quot;:null,&quot;inferredLocationScore&quot;:0,&quot;trackOnView&quot;:[{&quot;__typename&quot;:&quot;ExperimentTracking&quot;,&quot;experimentTag&quot;:&quot;bhc_sr_representative_main_photo&quot;}],&quot;topPhotos&quot;:[],&quot;acceptsWalletCredit&quot;:false,&quot;basicPropertyData&quot;:{&quot;__typename&quot;:&quot;BasicPropertyData&quot;,&quot;accommodationTypeId&quot;:219,&quot;id&quot;:7136269,&quot;isTestProperty&quot;:false,&quot;location&quot;:{&quot;__typename&quot;:&quot;Location&quot;,&quot;address&quot;:&quot;#48 kisad rd, montinola subd,&quot;,&quot;city&quot;:&quot;Baguio City&quot;,&quot;countryCode&quot;:&quot;ph&quot;},&quot;pageName&quot;:&quot;zenmist-properties-at-the-zonevill-bldg-g&quot;,&quot;ufi&quot;:-2410361,&quot;photos&quot;:{&quot;__typename&quot;:&quot;PropertyPhotos&quot;,&quot;main&quot;:{&quot;__typename&quot;:&quot;Photo&quot;,&quot;highResUrl&quot;:{&quot;__typename&quot;:&quot;PhotoResource&quot;,&quot;relativeUrl&quot;:&quot;/xdata/images/hotel/square600/452780380.webp?k=b076167985d41efb6cc9f45e12e1ce12f87b224a167e6fe4fc610caafb27fa98\u0026o=&quot;},&quot;lowResUrl&quot;:{&quot;__typename&quot;:&quot;PhotoResource&quot;,&quot;relativeUrl&quot;:&quot;/xdata/images/hotel/square200/452780380.webp?k=b076167985d41efb6cc9f45e12e1ce12f87b224a167e6fe4fc610caafb27fa98\u0026o=&quot;},&quot;highResJpegUrl&quot;:{&quot;__typename&quot;:&quot;PhotoResource&quot;,&quot;relativeUrl&quot;:&quot;/xdata/images/hotel/square600/452780380.jpg?k=948f3a3f011fcddf5642eb066792103b2e9e761cac2f73e2e2d5a284f6ba30bf\u0026o=&quot;},&quot;lowResJpegUrl&quot;:{&quot;__typename&quot;:&quot;PhotoResource&quot;,&quot;relativeUrl&quot;:&quot;/xdata/images/hotel/square200/452780380.jpg?k=948f3a3f011fcddf5642eb066792103b2e9e761cac2f73e2e2d5a284f6ba30bf\u0026o=&quot;}}},&quot;reviews&quot;:{&quot;__typename&quot;:&quot;Reviews&quot;,&quot;totalScore&quot;:8,&quot;reviewsCount&quot;:149,&quot;totalScoreTextTag&quot;:{&quot;__typename&quot;:&quot;TranslationTag&quot;,&quot;translation&quot;:&quot;Very Good&quot;},&quot;showScore&quot;:true,&quot;secondaryScore&quot;:0,&quot;secondaryTextTag&quot;:{&quot;__typename&quot;:&quot;TranslationTag&quot;,&quot;translation&quot;:null},&quot;showSecondaryScore&quot;:false},&quot;externalReviews&quot;:{&quot;__typename&quot;:&quot;ExternalReviews&quot;,&quot;totalScore&quot;:7,&quot;reviewsCount&quot;:5,&quot;showScore&quot;:true,&quot;totalScoreTextTag&quot;:{&quot;__typename&quot;:&quot;TranslationTag&quot;,&quot;translation&quot;:&quot;Good&quot;}},&quot;alternativeExternalReviews&quot;:null,&quot;starRating&quot;:{&quot;__typename&quot;:&quot;StarRating&quot;,&quot;value&quot;:3,&quot;symbol&quot;:&quot;NONE&quot;,&quot;caption&quot;:{&quot;__typename&quot;:&quot;TranslationTag&quot;,&quot;translation&quot;:null},&quot;tocLink&quot;:{&quot;__typename&quot;:&quot;TranslationTag&quot;,&quot;translation&quot;:null},&quot;showAdditionalInfoIcon&quot;:false},&quot;isClosed&quot;:false,&quot;paymentConfig&quot;:null},&quot;badges&quot;:[],&quot;customBadges&quot;:{&quot;__typename&quot;:&quot;CustomBadges&quot;,&quot;showIsWorkFriendly&quot;:false,&quot;showParkAndFly&quot;:false,&quot;showSkiToDoor&quot;:false,&quot;showBhTravelCreditBadge&quot;:false,&quot;showOnlineCheckinBadge&quot;:null},&quot;description&quot;:{&quot;__typename&quot;:&quot;TextWithTranslationTag&quot;,&quot;text&quot;:&quot;Located in Baguio in the Luzon region, with Burnham Park and SM City Baguio nearby, Zenmist Properties- 2 Bedroom Deluxe provides accommodations with free Wifi and free private parking. &quot;},&quot;displayName&quot;:{&quot;__typename&quot;:&quot;TextWithTranslationTag&quot;,&quot;text&quot;:&quot;Zenmist Properties- 2 Bedroom Deluxe&quot;,&quot;translationTag&quot;:{&quot;__typename&quot;:&quot;TranslationTag&quot;,&quot;translation&quot;:null}},&quot;geniusInfo&quot;:null,&quot;isInCompanyBudget&quot;:null,&quot;location&quot;:{&quot;__typename&quot;:&quot;SearchResultsPropertyLocation&quot;,&quot;displayLocation&quot;:&quot;Baguio&quot;,&quot;mainDistance&quot;:&quot;0.6 miles from Session Road&quot;,&quot;publicTransportDistanceDescription&quot;:null,&quot;skiLiftDistance&quot;:null,&quot;beachDistance&quot;:null,&quot;nearbyBeachNames&quot;:[],&quot;beachWalkingTime&quot;:null,&quot;geoDistanceMeters&quot;:null},&quot;mealPlanIncluded&quot;:null,&quot;persuasion&quot;:{&quot;__typename&quot;:&quot;SearchResultPersuasion&quot;,&quot;autoextended&quot;:false,&quot;geniusRateAvailable&quot;:false,&quot;highlighted&quot;:false,&quot;preferred&quot;:false,&quot;preferredPlus&quot;:false,&quot;showNativeAdLabel&quot;:false,&quot;nativeAdId&quot;:null,&quot;nativeAdsCpc&quot;:null,&quot;nativeAdsTracking&quot;:null,&quot;bookedXTimesMessage&quot;:null,&quot;sponsoredAdsData&quot;:null},&quot;policies&quot;:{&quot;__typename&quot;:&quot;Policies&quot;,&quot;showFreeCancellation&quot;:false,&quot;showNoPrepayment&quot;:false,&quot;enableJapaneseUsersSpecialCase&quot;:null},&quot;ribbon&quot;:null,&quot;recommendedDate&quot;:{&quot;__typename&quot;:&quot;RecommendedDate&quot;,&quot;checkin&quot;:&quot;&quot;,&quot;checkout&quot;:&quot;&quot;,&quot;lengthOfStay&quot;:0},&quot;showGeniusLoginMessage&quot;:false,&quot;showPrivateHostMessage&quot;:false,&quot;soldOutInfo&quot;:{&quot;__typename&quot;:&quot;SoldOutInfo&quot;,&quot;isSoldOut&quot;:false,&quot;messages&quot;:[],&quot;alternativeDatesMessages&quot;:[]},&quot;nbWishlists&quot;:0,&quot;visibilityBoosterEnabled&quot;:null,&quot;showAdLabel&quot;:false,&quot;isNewlyOpened&quot;:false,&quot;propertySustainability&quot;:{&quot;__typename&quot;:&quot;SrPropertySustainability&quot;,&quot;isSustainable&quot;:false,&quot;tier&quot;:{&quot;__typename&quot;:&quot;SrPropertySustainabilityTier&quot;,&quot;type&quot;:&quot;NONE&quot;},&quot;facilities&quot;:null,&quot;certifications&quot;:null,&quot;chainProgrammes&quot;:null,&quot;levelId&quot;:&quot;L0&quot;},&quot;seoThemes&quot;:[],&quot;relocationMode&quot;:null,&quot;bundleRatesAvailable&quot;:null,&quot;recommendedDatesLabel&quot;:null,&quot;matchingUnitConfigurations&quot;:null,&quot;blocks&quot;:[],&quot;bookerExperienceContentUIComponentProps&quot;:[]},{&quot;__typename&quot;:&quot;SearchResultProperty&quot;,&quot;priceDisplayInfoIrene&quot;:null,&quot;licenseDetails&quot;:null,&quot;inferredLocationScore&quot;:0,&quot;trackOnView&quot;:[],&quot;topPhotos&quot;:[],&quot;acceptsWalletCredit&quot;:false,&quot;basicPropertyData&quot;:{&quot;__typename&quot;:&quot;BasicPropertyData&quot;,&quot;accommodationTypeId&quot;:201,&quot;id&quot;:2300224,&quot;isTestProperty&quot;:false,&quot;location&quot;:{&quot;__typename&quot;:&quot;Location&quot;,&quot;address&quot;:&quot;Unit 2B-32 Mega Tower Residences, Sandico Street&quot;,&quot;city&quot;:&quot;Baguio&quot;,&quot;countryCode&quot;:&quot;ph&quot;},&quot;pageName&quot;:&quot;french-nest-at-baguio&quot;,&quot;ufi&quot;:-2410361,&quot;photos&quot;:{&quot;__typename&quot;:&quot;PropertyPhotos&quot;,&quot;main&quot;:{&quot;__typename&quot;:&quot;Photo&quot;,&quot;highResUrl&quot;:{&quot;__typename&quot;:&quot;PhotoResource&quot;,&quot;relativeUrl&quot;:&quot;/xdata/images/hotel/square600/346888156.webp?k=fcb7f7f91ae13dd14e04ab6f68fa24101b6f286c30b2d49a73cebdf50ae9addb\u0026o=&quot;},&quot;lowResUrl&quot;:{&quot;__typename&quot;:&quot;PhotoResource&quot;,&quot;relativeUrl&quot;:&quot;/xdata/images/hotel/square200/346888156.webp?k=fcb7f7f91ae13dd14e04ab6f68fa24101b6f286c30b2d49a73cebdf50ae9addb\u0026o=&quot;},&quot;highResJpegUrl&quot;:{&quot;__typename&quot;:&quot;PhotoResource&quot;,&quot;relativeUrl&quot;:&quot;/xdata/images/hotel/square600/346888156.jpg?k=ec08542e5ff979c795045bf99de0fb82a692f8aae55b8be52c714caa7540b6a1\u0026o=&quot;},&quot;lowResJpegUrl&quot;:{&quot;__typename&quot;:&quot;PhotoResource&quot;,&quot;relativeUrl&quot;:&quot;/xdata/images/hotel/square200/346888156.jpg?k=ec08542e5ff979c795045bf99de0fb82a692f8aae55b8be52c714caa7540b6a1\u0026o=&quot;}}},&quot;reviews&quot;:{&quot;__typename&quot;:&quot;Reviews&quot;,&quot;totalScore&quot;:8.6,&quot;reviewsCount&quot;:104,&quot;totalScoreTextTag&quot;:{&quot;__typename&quot;:&quot;TranslationTag&quot;,&quot;translation&quot;:&quot;Excellent&quot;},&quot;showScore&quot;:true,&quot;secondaryScore&quot;:9.5,&quot;secondaryTextTag&quot;:{&quot;__typename&quot;:&quot;TranslationTag&quot;,&quot;translation&quot;:&quot;Location&quot;},&quot;showSecondaryScore&quot;:true},&quot;externalReviews&quot;:{&quot;__typename&quot;:&quot;ExternalReviews&quot;,&quot;totalScore&quot;:9,&quot;reviewsCount&quot;:90,&quot;showScore&quot;:true,&quot;totalScoreTextTag&quot;:{&quot;__typename&quot;:&quot;TranslationTag&quot;,&quot;translation&quot;:&quot;Wonderful&quot;}},&quot;alternativeExternalReviews&quot;:null,&quot;starRating&quot;:{&quot;__typename&quot;:&quot;StarRating&quot;,&quot;value&quot;:3,&quot;symbol&quot;:&quot;NONE&quot;,&quot;caption&quot;:{&quot;__typename&quot;:&quot;TranslationTag&quot;,&quot;translation&quot;:null},&quot;tocLink&quot;:{&quot;__typename&quot;:&quot;TranslationTag&quot;,&quot;translation&quot;:null},&quot;showAdditionalInfoIcon&quot;:false},&quot;isClosed&quot;:false,&quot;paymentConfig&quot;:null},&quot;badges&quot;:[],&quot;customBadges&quot;:{&quot;__typename&quot;:&quot;CustomBadges&quot;,&quot;showIsWorkFriendly&quot;:false,&quot;showParkAndFly&quot;:false,&quot;showSkiToDoor&quot;:false,&quot;showBhTravelCreditBadge&quot;:false,&quot;showOnlineCheckinBadge&quot;:null},&quot;description&quot;:{&quot;__typename&quot;:&quot;TextWithTranslationTag&quot;,&quot;text&quot;:&quot;French Nest at Baguio offers accommodations in Baguio, 656 feet from Session Road and 2.7 mi from Mines View Park. The unit is 1969 feet from Burnham Park. &quot;},&quot;displayName&quot;:{&quot;__typename&quot;:&quot;TextWithTranslationTag&quot;,&quot;text&quot;:&quot;French Nest at Baguio- Megatower Residences&quot;,&quot;translationTag&quot;:{&quot;__typename&quot;:&quot;TranslationTag&quot;,&quot;translation&quot;:null}},&quot;geniusInfo&quot;:null,&quot;isInCompanyBudget&quot;:null,&quot;location&quot;:{&quot;__typename&quot;:&quot;SearchResultsPropertyLocation&quot;,&quot;displayLocation&quot;:&quot;Baguio&quot;,&quot;mainDistance&quot;:&quot;0.1 miles from Session Road&quot;,&quot;publicTransportDistanceDescription&quot;:null,&quot;skiLiftDistance&quot;:null,&quot;beachDistance&quot;:null,&quot;nearbyBeachNames&quot;:[],&quot;beachWalkingTime&quot;:null,&quot;geoDistanceMeters&quot;:null},&quot;mealPlanIncluded&quot;:null,&quot;persuasion&quot;:{&quot;__typename&quot;:&quot;SearchResultPersuasion&quot;,&quot;autoextended&quot;:false,&quot;geniusRateAvailable&quot;:false,&quot;highlighted&quot;:false,&quot;preferred&quot;:true,&quot;preferredPlus&quot;:false,&quot;showNativeAdLabel&quot;:false,&quot;nativeAdId&quot;:null,&quot;nativeAdsCpc&quot;:null,&quot;nativeAdsTracking&quot;:null,&quot;bookedXTimesMessage&quot;:null,&quot;sponsoredAdsData&quot;:null},&quot;policies&quot;:{&quot;__typename&quot;:&quot;Policies&quot;,&quot;showFreeCancellation&quot;:false,&quot;showNoPrepayment&quot;:false,&quot;enableJapaneseUsersSpecialCase&quot;:null},&quot;ribbon&quot;:null,&quot;recommendedDate&quot;:{&quot;__typename&quot;:&quot;RecommendedDate&quot;,&quot;checkin&quot;:&quot;&quot;,&quot;checkout&quot;:&quot;&quot;,&quot;lengthOfStay&quot;:0},&quot;showGeniusLoginMessage&quot;:false,&quot;showPrivateHostMessage&quot;:false,&quot;soldOutInfo&quot;:{&quot;__typename&quot;:&quot;SoldOutInfo&quot;,&quot;isSoldOut&quot;:false,&quot;messages&quot;:[],&quot;alternativeDatesMessages&quot;:[]},&quot;nbWishlists&quot;:0,&quot;visibilityBoosterEnabled&quot;:null,&quot;showAdLabel&quot;:false,&quot;isNewlyOpened&quot;:false,&quot;propertySustainability&quot;:{&quot;__typename&quot;:&quot;SrPropertySustainability&quot;,&quot;isSustainable&quot;:true,&quot;tier&quot;:{&quot;__typename&quot;:&quot;SrPropertySustainabilityTier&quot;,&quot;type&quot;:&quot;BRONZE&quot;},&quot;facilities&quot;:[{&quot;__ref&quot;:&quot;SrPropertySustainabilityFacility:435&quot;},{&quot;__ref&quot;:&quot;SrPropertySustainabilityFacility:436&quot;},{&quot;__ref&quot;:&quot;SrPropertySustainabilityFacility:439&quot;},{&quot;__ref&quot;:&quot;SrPropertySustainabilityFacility:440&quot;},{&quot;__ref&quot;:&quot;SrPropertySustainabilityFacility:441&quot;},{&quot;__ref&quot;:&quot;SrPropertySustainabilityFacility:442&quot;},{&quot;__ref&quot;:&quot;SrPropertySustainabilityFacility:443&quot;},{&quot;__ref&quot;:&quot;SrPropertySustainabilityFacility:445&quot;},{&quot;__ref&quot;:&quot;SrPropertySustainabilityFacility:448&quot;},{&quot;__ref&quot;:&quot;SrPropertySustainabilityFacility:489&quot;},{&quot;__ref&quot;:&quot;SrPropertySustainabilityFacility:502&quot;}],&quot;certifications&quot;:null,&quot;chainProgrammes&quot;:null,&quot;levelId&quot;:&quot;L1&quot;},&quot;seoThemes&quot;:[],&quot;relocationMode&quot;:null,&quot;bundleRatesAvailable&quot;:null,&quot;recommendedDatesLabel&quot;:null,&quot;matchingUnitConfigurations&quot;:null,&quot;blocks&quot;:[],&quot;bookerExperienceContentUIComponentProps&quot;:[]},{&quot;__typename&quot;:&quot;SearchResultProperty&quot;,&quot;priceDisplayInfoIrene&quot;:null,&quot;licenseDetails&quot;:null,&quot;inferredLocationScore&quot;:0,&quot;trackOnView&quot;:[],&quot;topPhotos&quot;:[],&quot;acceptsWalletCredit&quot;:false,&quot;basicPropertyData&quot;:{&quot;__typename&quot;:&quot;BasicPropertyData&quot;,&quot;accommodationTypeId&quot;:201,&quot;id&quot;:8091273,&quot;isTestProperty&quot;:false,&quot;location&quot;:{&quot;__typename&quot;:&quot;Location&quot;,&quot;address&quot;:&quot;96 Doctor Carino Street&quot;,&quot;city&quot;:&quot;Baguio City&quot;,&quot;countryCode&quot;:&quot;ph&quot;},&quot;pageName&quot;:&quot;finteo-skylands-premium&quot;,&quot;ufi&quot;:-2410361,&quot;photos&quot;:{&quot;__typename&quot;:&quot;PropertyPhotos&quot;,&quot;main&quot;:{&quot;__typename&quot;:&quot;Photo&quot;,&quot;highResUrl&quot;:{&quot;__typename&quot;:&quot;PhotoResource&quot;,&quot;relativeUrl&quot;:&quot;/xdata/images/hotel/square600/334021328.webp?k=47da1f7dd4c1b9cd065f3ad1b33ee17712c0d9f22f8e82dcc74ff47eb64619fb\u0026o=&quot;},&quot;lowResUrl&quot;:{&quot;__typename&quot;:&quot;PhotoResource&quot;,&quot;relativeUrl&quot;:&quot;/xdata/images/hotel/square200/334021328.webp?k=47da1f7dd4c1b9cd065f3ad1b33ee17712c0d9f22f8e82dcc74ff47eb64619fb\u0026o=&quot;},&quot;highResJpegUrl&quot;:{&quot;__typename&quot;:&quot;PhotoResource&quot;,&quot;relativeUrl&quot;:&quot;/xdata/images/hotel/square600/334021328.jpg?k=5e7a71e60daf8bf2bb2c3a19c8dc0280960c06e46138f05cd439e69dced03760\u0026o=&quot;},&quot;lowResJpegUrl&quot;:{&quot;__typename&quot;:&quot;PhotoResource&quot;,&quot;relativeUrl&quot;:&quot;/xdata/images/hotel/square200/334021328.jpg?k=5e7a71e60daf8bf2bb2c3a19c8dc0280960c06e46138f05cd439e69dced03760\u0026o=&quot;}}},&quot;reviews&quot;:{&quot;__typename&quot;:&quot;Reviews&quot;,&quot;totalScore&quot;:8,&quot;reviewsCount&quot;:273,&quot;totalScoreTextTag&quot;:{&quot;__typename&quot;:&quot;TranslationTag&quot;,&quot;translation&quot;:&quot;Very Good&quot;},&quot;showScore&quot;:true,&quot;secondaryScore&quot;:0,&quot;secondaryTextTag&quot;:{&quot;__typename&quot;:&quot;TranslationTag&quot;,&quot;translation&quot;:null},&quot;showSecondaryScore&quot;:false},&quot;externalReviews&quot;:null,&quot;alternativeExternalReviews&quot;:null,&quot;starRating&quot;:{&quot;__typename&quot;:&quot;StarRating&quot;,&quot;value&quot;:3,&quot;symbol&quot;:&quot;NONE&quot;,&quot;caption&quot;:{&quot;__typename&quot;:&quot;TranslationTag&quot;,&quot;translation&quot;:null},&quot;tocLink&quot;:{&quot;__typename&quot;:&quot;TranslationTag&quot;,&quot;translation&quot;:null},&quot;showAdditionalInfoIcon&quot;:false},&quot;isClosed&quot;:false,&quot;paymentConfig&quot;:{&quot;__typename&quot;:&quot;PaymentConfig&quot;,&quot;installments&quot;:null}},&quot;badges&quot;:[],&quot;customBadges&quot;:{&quot;__typename&quot;:&quot;CustomBadges&quot;,&quot;showIsWorkFriendly&quot;:false,&quot;showParkAndFly&quot;:false,&quot;showSkiToDoor&quot;:false,&quot;showBhTravelCreditBadge&quot;:false,&quot;showOnlineCheckinBadge&quot;:null},&quot;description&quot;:{&quot;__typename&quot;:&quot;TextWithTranslationTag&quot;,&quot;text&quot;:&quot;Located in Baguio, Finteo Skylands Premium has accommodations 1.5 miles from Mines View Park and 2.4 miles from Camp John Hay. Private parking is available on site. &quot;},&quot;displayName&quot;:{&quot;__typename&quot;:&quot;TextWithTranslationTag&quot;,&quot;text&quot;:&quot;Finteo Skylands Premium&quot;,&quot;translationTag&quot;:{&quot;__typename&quot;:&quot;TranslationTag&quot;,&quot;translation&quot;:null}},&quot;geniusInfo&quot;:null,&quot;isInCompanyBudget&quot;:null,&quot;location&quot;:{&quot;__typename&quot;:&quot;SearchResultsPropertyLocation&quot;,&quot;displayLocation&quot;:&quot;Baguio&quot;,&quot;mainDistance&quot;:&quot;0.6 miles from Session Road&quot;,&quot;publicTransportDistanceDescription&quot;:null,&quot;skiLiftDistance&quot;:null,&quot;beachDistance&quot;:null,&quot;nearbyBeachNames&quot;:[],&quot;beachWalkingTime&quot;:null,&quot;geoDistanceMeters&quot;:null},&quot;mealPlanIncluded&quot;:null,&quot;persuasion&quot;:{&quot;__typename&quot;:&quot;SearchResultPersuasion&quot;,&quot;autoextended&quot;:false,&quot;geniusRateAvailable&quot;:false,&quot;highlighted&quot;:false,&quot;preferred&quot;:false,&quot;preferredPlus&quot;:false,&quot;showNativeAdLabel&quot;:false,&quot;nativeAdId&quot;:null,&quot;nativeAdsCpc&quot;:null,&quot;nativeAdsTracking&quot;:null,&quot;bookedXTimesMessage&quot;:null,&quot;sponsoredAdsData&quot;:null},&quot;policies&quot;:{&quot;__typename&quot;:&quot;Policies&quot;,&quot;showFreeCancellation&quot;:false,&quot;showNoPrepayment&quot;:false,&quot;enableJapaneseUsersSpecialCase&quot;:null},&quot;ribbon&quot;:null,&quot;recommendedDate&quot;:{&quot;__typename&quot;:&quot;RecommendedDate&quot;,&quot;checkin&quot;:&quot;&quot;,&quot;checkout&quot;:&quot;&quot;,&quot;lengthOfStay&quot;:0},&quot;showGeniusLoginMessage&quot;:false,&quot;showPrivateHostMessage&quot;:false,&quot;soldOutInfo&quot;:{&quot;__typename&quot;:&quot;SoldOutInfo&quot;,&quot;isSoldOut&quot;:false,&quot;messages&quot;:[],&quot;alternativeDatesMessages&quot;:[]},&quot;nbWishlists&quot;:0,&quot;visibilityBoosterEnabled&quot;:null,&quot;showAdLabel&quot;:false,&quot;isNewlyOpened&quot;:false,&quot;propertySustainability&quot;:{&quot;__typename&quot;:&quot;SrPropertySustainability&quot;,&quot;isSustainable&quot;:false,&quot;tier&quot;:{&quot;__typename&quot;:&quot;SrPropertySustainabilityTier&quot;,&quot;type&quot;:&quot;NONE&quot;},&quot;facilities&quot;:null,&quot;certifications&quot;:null,&quot;chainProgrammes&quot;:null,&quot;levelId&quot;:&quot;L0&quot;},&quot;seoThemes&quot;:[],&quot;relocationMode&quot;:null,&quot;bundleRatesAvailable&quot;:null,&quot;recommendedDatesLabel&quot;:null,&quot;matchingUnitConfigurations&quot;:null,&quot;blocks&quot;:[],&quot;bookerExperienceContentUIComponentProps&quot;:[]},{&quot;__typename&quot;:&quot;SearchResultProperty&quot;,&quot;priceDisplayInfoIrene&quot;:null,&quot;licenseDetails&quot;:null,&quot;inferredLocationScore&quot;:0,&quot;trackOnView&quot;:[],&quot;topPhotos&quot;:[],&quot;acceptsWalletCredit&quot;:false,&quot;basicPropertyData&quot;:{&quot;__typename&quot;:&quot;BasicPropertyData&quot;,&quot;accommodationTypeId&quot;:201,&quot;id&quot;:8868767,&quot;isTestProperty&quot;:false,&quot;location&quot;:{&quot;__typename&quot;:&quot;Location&quot;,&quot;address&quot;:&quot;3rd floor, Dangwa Terminal bldg.,Rajah Matanda Street,brgy. Kagitingan,Baguio City&quot;,&quot;city&quot;:&quot;Baguio&quot;,&quot;countryCode&quot;:&quot;ph&quot;},&quot;pageName&quot;:&quot;dangwa-terminal-transient-house&quot;,&quot;ufi&quot;:-2410361,&quot;photos&quot;:{&quot;__typename&quot;:&quot;PropertyPhotos&quot;,&quot;main&quot;:{&quot;__typename&quot;:&quot;Photo&quot;,&quot;highResUrl&quot;:{&quot;__typename&quot;:&quot;PhotoResource&quot;,&quot;relativeUrl&quot;:&quot;/xdata/images/hotel/square600/378326364.webp?k=13358b612f5534aab13414184c922f14f66e14d66da474d0eda082c91c17d414\u0026o=&quot;},&quot;lowResUrl&quot;:{&quot;__typename&quot;:&quot;PhotoResource&quot;,&quot;relativeUrl&quot;:&quot;/xdata/images/hotel/square200/378326364.webp?k=13358b612f5534aab13414184c922f14f66e14d66da474d0eda082c91c17d414\u0026o=&quot;},&quot;highResJpegUrl&quot;:{&quot;__typename&quot;:&quot;PhotoResource&quot;,&quot;relativeUrl&quot;:&quot;/xdata/images/hotel/square600/378326364.jpg?k=bfc4ab8a764509fec5d6a85d24925362dd8fb7fda2be5ea2abb214ce87dd9f83\u0026o=&quot;},&quot;lowResJpegUrl&quot;:{&quot;__typename&quot;:&quot;PhotoResource&quot;,&quot;relativeUrl&quot;:&quot;/xdata/images/hotel/square200/378326364.jpg?k=bfc4ab8a764509fec5d6a85d24925362dd8fb7fda2be5ea2abb214ce87dd9f83\u0026o=&quot;}}},&quot;reviews&quot;:{&quot;__typename&quot;:&quot;Reviews&quot;,&quot;totalScore&quot;:6.9,&quot;reviewsCount&quot;:19,&quot;totalScoreTextTag&quot;:{&quot;__typename&quot;:&quot;TranslationTag&quot;,&quot;translation&quot;:&quot;Review score&quot;},&quot;showScore&quot;:true,&quot;secondaryScore&quot;:0,&quot;secondaryTextTag&quot;:{&quot;__typename&quot;:&quot;TranslationTag&quot;,&quot;translation&quot;:null},&quot;showSecondaryScore&quot;:false},&quot;externalReviews&quot;:{&quot;__typename&quot;:&quot;ExternalReviews&quot;,&quot;totalScore&quot;:9,&quot;reviewsCount&quot;:8,&quot;showScore&quot;:true,&quot;totalScoreTextTag&quot;:{&quot;__typename&quot;:&quot;TranslationTag&quot;,&quot;translation&quot;:&quot;Wonderful&quot;}},&quot;alternativeExternalReviews&quot;:null,&quot;starRating&quot;:{&quot;__typename&quot;:&quot;StarRating&quot;,&quot;value&quot;:3,&quot;symbol&quot;:&quot;NONE&quot;,&quot;caption&quot;:{&quot;__typename&quot;:&quot;TranslationTag&quot;,&quot;translation&quot;:null},&quot;tocLink&quot;:{&quot;__typename&quot;:&quot;TranslationTag&quot;,&quot;translation&quot;:null},&quot;showAdditionalInfoIcon&quot;:false},&quot;isClosed&quot;:false,&quot;paymentConfig&quot;:{&quot;__typename&quot;:&quot;PaymentConfig&quot;,&quot;installments&quot;:null}},&quot;badges&quot;:[],&quot;customBadges&quot;:{&quot;__typename&quot;:&quot;CustomBadges&quot;,&quot;showIsWorkFriendly&quot;:false,&quot;showParkAndFly&quot;:false,&quot;showSkiToDoor&quot;:false,&quot;showBhTravelCreditBadge&quot;:false,&quot;showOnlineCheckinBadge&quot;:null},&quot;description&quot;:{&quot;__typename&quot;:&quot;TextWithTranslationTag&quot;,&quot;text&quot;:&quot;Dangwa Terminal Transient House features city views, free Wifi and free private parking, located in Baguio, a 11-minute walk from Burnham Park. &quot;},&quot;displayName&quot;:{&quot;__typename&quot;:&quot;TextWithTranslationTag&quot;,&quot;text&quot;:&quot;Dangwa Terminal Transient House&quot;,&quot;translationTag&quot;:{&quot;__typename&quot;:&quot;TranslationTag&quot;,&quot;translation&quot;:null}},&quot;geniusInfo&quot;:null,&quot;isInCompanyBudget&quot;:null,&quot;location&quot;:{&quot;__typename&quot;:&quot;SearchResultsPropertyLocation&quot;,&quot;displayLocation&quot;:&quot;Baguio&quot;,&quot;mainDistance&quot;:&quot;0.2 miles from Session Road&quot;,&quot;publicTransportDistanceDescription&quot;:null,&quot;skiLiftDistance&quot;:null,&quot;beachDistance&quot;:null,&quot;nearbyBeachNames&quot;:[],&quot;beachWalkingTime&quot;:null,&quot;geoDistanceMeters&quot;:null},&quot;mealPlanIncluded&quot;:null,&quot;persuasion&quot;:{&quot;__typename&quot;:&quot;SearchResultPersuasion&quot;,&quot;autoextended&quot;:false,&quot;geniusRateAvailable&quot;:false,&quot;highlighted&quot;:false,&quot;preferred&quot;:true,&quot;preferredPlus&quot;:true,&quot;showNativeAdLabel&quot;:false,&quot;nativeAdId&quot;:null,&quot;nativeAdsCpc&quot;:null,&quot;nativeAdsTracking&quot;:null,&quot;bookedXTimesMessage&quot;:null,&quot;sponsoredAdsData&quot;:null},&quot;policies&quot;:{&quot;__typename&quot;:&quot;Policies&quot;,&quot;showFreeCancellation&quot;:false,&quot;showNoPrepayment&quot;:false,&quot;enableJapaneseUsersSpecialCase&quot;:null},&quot;ribbon&quot;:null,&quot;recommendedDate&quot;:{&quot;__typename&quot;:&quot;RecommendedDate&quot;,&quot;checkin&quot;:&quot;&quot;,&quot;checkout&quot;:&quot;&quot;,&quot;lengthOfStay&quot;:0},&quot;showGeniusLoginMessage&quot;:false,&quot;showPrivateHostMessage&quot;:false,&quot;soldOutInfo&quot;:{&quot;__typename&quot;:&quot;SoldOutInfo&quot;,&quot;isSoldOut&quot;:false,&quot;messages&quot;:[],&quot;alternativeDatesMessages&quot;:[]},&quot;nbWishlists&quot;:0,&quot;visibilityBoosterEnabled&quot;:null,&quot;showAdLabel&quot;:false,&quot;isNewlyOpened&quot;:false,&quot;propertySustainability&quot;:{&quot;__typename&quot;:&quot;SrPropertySustainability&quot;,&quot;isSustainable&quot;:true,&quot;tier&quot;:{&quot;__typename&quot;:&quot;SrPropertySustainabilityTier&quot;,&quot;type&quot;:&quot;BRONZE&quot;},&quot;facilities&quot;:[{&quot;__ref&quot;:&quot;SrPropertySustainabilityFacility:436&quot;},{&quot;__ref&quot;:&quot;SrPropertySustainabilityFacility:439&quot;},{&quot;__ref&quot;:&quot;SrPropertySustainabilityFacility:440&quot;},{&quot;__ref&quot;:&quot;SrPropertySustainabilityFacility:446&quot;},{&quot;__ref&quot;:&quot;SrPropertySustainabilityFacility:489&quot;},{&quot;__ref&quot;:&quot;SrPropertySustainabilityFacility:490&quot;},{&quot;__ref&quot;:&quot;SrPropertySustainabilityFacility:491&quot;},{&quot;__ref&quot;:&quot;SrPropertySustainabilityFacility:492&quot;},{&quot;__ref&quot;:&quot;SrPropertySustainabilityFacility:494&quot;},{&quot;__ref&quot;:&quot;SrPropertySustainabilityFacility:495&quot;},{&quot;__ref&quot;:&quot;SrPropertySustainabilityFacility:496&quot;},{&quot;__ref&quot;:&quot;SrPropertySustainabilityFacility:505&quot;}],&quot;certifications&quot;:null,&quot;chainProgrammes&quot;:null,&quot;levelId&quot;:&quot;L1&quot;},&quot;seoThemes&quot;:[],&quot;relocationMode&quot;:null,&quot;bundleRatesAvailable&quot;:null,&quot;recommendedDatesLabel&quot;:null,&quot;matchingUnitConfigurations&quot;:null,&quot;blocks&quot;:[],&quot;bookerExperienceContentUIComponentProps&quot;:[]},{&quot;__typename&quot;:&quot;SearchResultProperty&quot;,&quot;priceDisplayInfoIrene&quot;:null,&quot;licenseDetails&quot;:null,&quot;inferredLocationScore&quot;:0,&quot;trackOnView&quot;:[{&quot;__typename&quot;:&quot;ExperimentTracking&quot;,&quot;experimentTag&quot;:&quot;bhc_sr_representative_main_photo&quot;}],&quot;topPhotos&quot;:[],&quot;acceptsWalletCredit&quot;:false,&quot;basicPropertyData&quot;:{&quot;__typename&quot;:&quot;BasicPropertyData&quot;,&quot;accommodationTypeId&quot;:201,&quot;id&quot;:2728526,&quot;isTestProperty&quot;:false,&quot;location&quot;:{&quot;__typename&quot;:&quot;Location&quot;,&quot;address&quot;:&quot;Mabini St&quot;,&quot;city&quot;:&quot;Baguio&quot;,&quot;countryCode&quot;:&quot;ph&quot;},&quot;pageName&quot;:&quot;cedar-peak-condominium&quot;,&quot;ufi&quot;:-2410361,&quot;photos&quot;:{&quot;__typename&quot;:&quot;PropertyPhotos&quot;,&quot;main&quot;:{&quot;__typename&quot;:&quot;Photo&quot;,&quot;highResUrl&quot;:{&quot;__typename&quot;:&quot;PhotoResource&quot;,&quot;relativeUrl&quot;:&quot;/xdata/images/hotel/square600/114741993.webp?k=3391bb3f833b178632491d33981e225c3890ef1a115c8bfae4f4ae9a03c56be0\u0026o=&quot;},&quot;lowResUrl&quot;:{&quot;__typename&quot;:&quot;PhotoResource&quot;,&quot;relativeUrl&quot;:&quot;/xdata/images/hotel/square200/114741993.webp?k=3391bb3f833b178632491d33981e225c3890ef1a115c8bfae4f4ae9a03c56be0\u0026o=&quot;},&quot;highResJpegUrl&quot;:{&quot;__typename&quot;:&quot;PhotoResource&quot;,&quot;relativeUrl&quot;:&quot;/xdata/images/hotel/square600/114741993.jpg?k=b6067185eed0c47187ff0516dc579a31cc8295f6bf7f86d942cf75e6c0a3bef0\u0026o=&quot;},&quot;lowResJpegUrl&quot;:{&quot;__typename&quot;:&quot;PhotoResource&quot;,&quot;relativeUrl&quot;:&quot;/xdata/images/hotel/square200/114741993.jpg?k=b6067185eed0c47187ff0516dc579a31cc8295f6bf7f86d942cf75e6c0a3bef0\u0026o=&quot;}}},&quot;reviews&quot;:{&quot;__typename&quot;:&quot;Reviews&quot;,&quot;totalScore&quot;:7.6,&quot;reviewsCount&quot;:128,&quot;totalScoreTextTag&quot;:{&quot;__typename&quot;:&quot;TranslationTag&quot;,&quot;translation&quot;:&quot;Good&quot;},&quot;showScore&quot;:true,&quot;secondaryScore&quot;:0,&quot;secondaryTextTag&quot;:{&quot;__typename&quot;:&quot;TranslationTag&quot;,&quot;translation&quot;:null},&quot;showSecondaryScore&quot;:false},&quot;externalReviews&quot;:{&quot;__typename&quot;:&quot;ExternalReviews&quot;,&quot;totalScore&quot;:9,&quot;reviewsCount&quot;:76,&quot;showScore&quot;:true,&quot;totalScoreTextTag&quot;:{&quot;__typename&quot;:&quot;TranslationTag&quot;,&quot;translation&quot;:&quot;Wonderful&quot;}},&quot;alternativeExternalReviews&quot;:null,&quot;starRating&quot;:{&quot;__typename&quot;:&quot;StarRating&quot;,&quot;value&quot;:2,&quot;symbol&quot;:&quot;NONE&quot;,&quot;caption&quot;:{&quot;__typename&quot;:&quot;TranslationTag&quot;,&quot;translation&quot;:null},&quot;tocLink&quot;:{&quot;__typename&quot;:&quot;TranslationTag&quot;,&quot;translation&quot;:null},&quot;showAdditionalInfoIcon&quot;:false},&quot;isClosed&quot;:false,&quot;paymentConfig&quot;:{&quot;__typename&quot;:&quot;PaymentConfig&quot;,&quot;installments&quot;:null}},&quot;badges&quot;:[],&quot;customBadges&quot;:{&quot;__typename&quot;:&quot;CustomBadges&quot;,&quot;showIsWorkFriendly&quot;:false,&quot;showParkAndFly&quot;:false,&quot;showSkiToDoor&quot;:false,&quot;showBhTravelCreditBadge&quot;:false,&quot;showOnlineCheckinBadge&quot;:null},&quot;description&quot;:{&quot;__typename&quot;:&quot;TextWithTranslationTag&quot;,&quot;text&quot;:&quot;Cedar Peak Condo - Close to Session Road City Center is located in Baguio, 164 feet from Session Road. Mines View Park is 2.5 mi from the property. Free WiFi is offered . &quot;},&quot;displayName&quot;:{&quot;__typename&quot;:&quot;TextWithTranslationTag&quot;,&quot;text&quot;:&quot;Cedar Peak Condo - Close to Session Road City Center&quot;,&quot;translationTag&quot;:{&quot;__typename&quot;:&quot;TranslationTag&quot;,&quot;translation&quot;:null}},&quot;geniusInfo&quot;:null,&quot;isInCompanyBudget&quot;:null,&quot;location&quot;:{&quot;__typename&quot;:&quot;SearchResultsPropertyLocation&quot;,&quot;displayLocation&quot;:&quot;Baguio&quot;,&quot;mainDistance&quot;:&quot;0.2 miles from Session Road&quot;,&quot;publicTransportDistanceDescription&quot;:null,&quot;skiLiftDistance&quot;:null,&quot;beachDistance&quot;:null,&quot;nearbyBeachNames&quot;:[],&quot;beachWalkingTime&quot;:null,&quot;geoDistanceMeters&quot;:null},&quot;mealPlanIncluded&quot;:null,&quot;persuasion&quot;:{&quot;__typename&quot;:&quot;SearchResultPersuasion&quot;,&quot;autoextended&quot;:false,&quot;geniusRateAvailable&quot;:false,&quot;highlighted&quot;:false,&quot;preferred&quot;:true,&quot;preferredPlus&quot;:false,&quot;showNativeAdLabel&quot;:false,&quot;nativeAdId&quot;:null,&quot;nativeAdsCpc&quot;:null,&quot;nativeAdsTracking&quot;:null,&quot;bookedXTimesMessage&quot;:null,&quot;sponsoredAdsData&quot;:null},&quot;policies&quot;:{&quot;__typename&quot;:&quot;Policies&quot;,&quot;showFreeCancellation&quot;:false,&quot;showNoPrepayment&quot;:false,&quot;enableJapaneseUsersSpecialCase&quot;:null},&quot;ribbon&quot;:null,&quot;recommendedDate&quot;:{&quot;__typename&quot;:&quot;RecommendedDate&quot;,&quot;checkin&quot;:&quot;&quot;,&quot;checkout&quot;:&quot;&quot;,&quot;lengthOfStay&quot;:0},&quot;showGeniusLoginMessage&quot;:false,&quot;showPrivateHostMessage&quot;:false,&quot;soldOutInfo&quot;:{&quot;__typename&quot;:&quot;SoldOutInfo&quot;,&quot;isSoldOut&quot;:false,&quot;messages&quot;:[],&quot;alternativeDatesMessages&quot;:[]},&quot;nbWishlists&quot;:0,&quot;visibilityBoosterEnabled&quot;:null,&quot;showAdLabel&quot;:false,&quot;isNewlyOpened&quot;:false,&quot;propertySustainability&quot;:{&quot;__typename&quot;:&quot;SrPropertySustainability&quot;,&quot;isSustainable&quot;:false,&quot;tier&quot;:{&quot;__typename&quot;:&quot;SrPropertySustainabilityTier&quot;,&quot;type&quot;:&quot;NONE&quot;},&quot;facilities&quot;:[{&quot;__ref&quot;:&quot;SrPropertySustainabilityFacility:436&quot;}],&quot;certifications&quot;:null,&quot;chainProgrammes&quot;:null,&quot;levelId&quot;:&quot;L0&quot;},&quot;seoThemes&quot;:[],&quot;relocationMode&quot;:null,&quot;bundleRatesAvailable&quot;:null,&quot;recommendedDatesLabel&quot;:null,&quot;matchingUnitConfigurations&quot;:null,&quot;blocks&quot;:[],&quot;bookerExperienceContentUIComponentProps&quot;:[]},{&quot;__typename&quot;:&quot;SearchResultProperty&quot;,&quot;priceDisplayInfoIrene&quot;:null,&quot;licenseDetails&quot;:null,&quot;inferredLocationScore&quot;:0,&quot;trackOnView&quot;:[],&quot;topPhotos&quot;:[],&quot;acceptsWalletCredit&quot;:false,&quot;basicPropertyData&quot;:{&quot;__typename&quot;:&quot;BasicPropertyData&quot;,&quot;accommodationTypeId&quot;:201,&quot;id&quot;:1991961,&quot;isTestProperty&quot;:false,&quot;location&quot;:{&quot;__typename&quot;:&quot;Location&quot;,&quot;address&quot;:&quot;99 Finteo Skylands, Dr. Cariño, Benguet&quot;,&quot;city&quot;:&quot;Baguio&quot;,&quot;countryCode&quot;:&quot;ph&quot;},&quot;pageName&quot;:&quot;finteo-skylands&quot;,&quot;ufi&quot;:-2410361,&quot;photos&quot;:{&quot;__typename&quot;:&quot;PropertyPhotos&quot;,&quot;main&quot;:{&quot;__typename&quot;:&quot;Photo&quot;,&quot;highResUrl&quot;:{&quot;__typename&quot;:&quot;PhotoResource&quot;,&quot;relativeUrl&quot;:&quot;/xdata/images/hotel/square600/80361704.webp?k=c0c4376c5e3c7636d3d66521363767051d8b51c08dd71f4d58cb91b5055524d6\u0026o=&quot;},&quot;lowResUrl&quot;:{&quot;__typename&quot;:&quot;PhotoResource&quot;,&quot;relativeUrl&quot;:&quot;/xdata/images/hotel/square200/80361704.webp?k=c0c4376c5e3c7636d3d66521363767051d8b51c08dd71f4d58cb91b5055524d6\u0026o=&quot;},&quot;highResJpegUrl&quot;:{&quot;__typename&quot;:&quot;PhotoResource&quot;,&quot;relativeUrl&quot;:&quot;/xdata/images/hotel/square600/80361704.jpg?k=fc800a25c5a83c6da1d18816072971404a9fa6cff942f9702ef65c730780dc86\u0026o=&quot;},&quot;lowResJpegUrl&quot;:{&quot;__typename&quot;:&quot;PhotoResource&quot;,&quot;relativeUrl&quot;:&quot;/xdata/images/hotel/square200/80361704.jpg?k=fc800a25c5a83c6da1d18816072971404a9fa6cff942f9702ef65c730780dc86\u0026o=&quot;}}},&quot;reviews&quot;:{&quot;__typename&quot;:&quot;Reviews&quot;,&quot;totalScore&quot;:8.2,&quot;reviewsCount&quot;:644,&quot;totalScoreTextTag&quot;:{&quot;__typename&quot;:&quot;TranslationTag&quot;,&quot;translation&quot;:&quot;Very Good&quot;},&quot;showScore&quot;:true,&quot;secondaryScore&quot;:0,&quot;secondaryTextTag&quot;:{&quot;__typename&quot;:&quot;TranslationTag&quot;,&quot;translation&quot;:null},&quot;showSecondaryScore&quot;:false},&quot;externalReviews&quot;:null,&quot;alternativeExternalReviews&quot;:null,&quot;starRating&quot;:{&quot;__typename&quot;:&quot;StarRating&quot;,&quot;value&quot;:1,&quot;symbol&quot;:&quot;NONE&quot;,&quot;caption&quot;:{&quot;__typename&quot;:&quot;TranslationTag&quot;,&quot;translation&quot;:null},&quot;tocLink&quot;:{&quot;__typename&quot;:&quot;TranslationTag&quot;,&quot;translation&quot;:null},&quot;showAdditionalInfoIcon&quot;:false},&quot;isClosed&quot;:false,&quot;paymentConfig&quot;:{&quot;__typename&quot;:&quot;PaymentConfig&quot;,&quot;installments&quot;:null}},&quot;badges&quot;:[],&quot;customBadges&quot;:{&quot;__typename&quot;:&quot;CustomBadges&quot;,&quot;showIsWorkFriendly&quot;:false,&quot;showParkAndFly&quot;:false,&quot;showSkiToDoor&quot;:false,&quot;showBhTravelCreditBadge&quot;:false,&quot;showOnlineCheckinBadge&quot;:null},&quot;description&quot;:{&quot;__typename&quot;:&quot;TextWithTranslationTag&quot;,&quot;text&quot;:&quot;Located in Baguio, 1640 feet from Burnham Park and 2953 feet from Session Road, Finteo Skylands offers city views. Complimentary private parking is available on site. &quot;},&quot;displayName&quot;:{&quot;__typename&quot;:&quot;TextWithTranslationTag&quot;,&quot;text&quot;:&quot;Finteo Skylands&quot;,&quot;translationTag&quot;:{&quot;__typename&quot;:&quot;TranslationTag&quot;,&quot;translation&quot;:null}},&quot;geniusInfo&quot;:null,&quot;isInCompanyBudget&quot;:null,&quot;location&quot;:{&quot;__typename&quot;:&quot;SearchResultsPropertyLocation&quot;,&quot;displayLocation&quot;:&quot;Baguio&quot;,&quot;mainDistance&quot;:&quot;0.6 miles from Session Road&quot;,&quot;publicTransportDistanceDescription&quot;:null,&quot;skiLiftDistance&quot;:null,&quot;beachDistance&quot;:null,&quot;nearbyBeachNames&quot;:[],&quot;beachWalkingTime&quot;:null,&quot;geoDistanceMeters&quot;:null},&quot;mealPlanIncluded&quot;:null,&quot;persuasion&quot;:{&quot;__typename&quot;:&quot;SearchResultPersuasion&quot;,&quot;autoextended&quot;:false,&quot;geniusRateAvailable&quot;:false,&quot;highlighted&quot;:false,&quot;preferred&quot;:false,&quot;preferredPlus&quot;:false,&quot;showNativeAdLabel&quot;:false,&quot;nativeAdId&quot;:null,&quot;nativeAdsCpc&quot;:null,&quot;nativeAdsTracking&quot;:null,&quot;bookedXTimesMessage&quot;:null,&quot;sponsoredAdsData&quot;:null},&quot;policies&quot;:{&quot;__typename&quot;:&quot;Policies&quot;,&quot;showFreeCancellation&quot;:false,&quot;showNoPrepayment&quot;:false,&quot;enableJapaneseUsersSpecialCase&quot;:null},&quot;ribbon&quot;:null,&quot;recommendedDate&quot;:{&quot;__typename&quot;:&quot;RecommendedDate&quot;,&quot;checkin&quot;:&quot;&quot;,&quot;checkout&quot;:&quot;&quot;,&quot;lengthOfStay&quot;:0},&quot;showGeniusLoginMessage&quot;:false,&quot;showPrivateHostMessage&quot;:false,&quot;soldOutInfo&quot;:{&quot;__typename&quot;:&quot;SoldOutInfo&quot;,&quot;isSoldOut&quot;:false,&quot;messages&quot;:[],&quot;alternativeDatesMessages&quot;:[]},&quot;nbWishlists&quot;:0,&quot;visibilityBoosterEnabled&quot;:null,&quot;showAdLabel&quot;:false,&quot;isNewlyOpened&quot;:false,&quot;propertySustainability&quot;:{&quot;__typename&quot;:&quot;SrPropertySustainability&quot;,&quot;isSustainable&quot;:false,&quot;tier&quot;:{&quot;__typename&quot;:&quot;SrPropertySustainabilityTier&quot;,&quot;type&quot;:&quot;NONE&quot;},&quot;facilities&quot;:null,&quot;certifications&quot;:null,&quot;chainProgrammes&quot;:null,&quot;levelId&quot;:&quot;L0&quot;},&quot;seoThemes&quot;:[],&quot;relocationMode&quot;:null,&quot;bundleRatesAvailable&quot;:null,&quot;recommendedDatesLabel&quot;:null,&quot;matchingUnitConfigurations&quot;:null,&quot;blocks&quot;:[],&quot;bookerExperienceContentUIComponentProps&quot;:[]},{&quot;__typename&quot;:&quot;SearchResultProperty&quot;,&quot;priceDisplayInfoIrene&quot;:null,&quot;licenseDetails&quot;:null,&quot;inferredLocationScore&quot;:0,&quot;trackOnView&quot;:[],&quot;topPhotos&quot;:[],&quot;acceptsWalletCredit&quot;:false,&quot;basicPropertyData&quot;:{&quot;__typename&quot;:&quot;BasicPropertyData&quot;,&quot;accommodationTypeId&quot;:204,&quot;id&quot;:8126172,&quot;isTestProperty&quot;:false,&quot;location&quot;:{&quot;__typename&quot;:&quot;Location&quot;,&quot;address&quot;:&quot;Lower General Luna&quot;,&quot;city&quot;:&quot;Baguio City&quot;,&quot;countryCode&quot;:&quot;ph&quot;},&quot;pageName&quot;:&quot;olive-town-center-and&quot;,&quot;ufi&quot;:-2410361,&quot;photos&quot;:{&quot;__typename&quot;:&quot;PropertyPhotos&quot;,&quot;main&quot;:{&quot;__typename&quot;:&quot;Photo&quot;,&quot;highResUrl&quot;:{&quot;__typename&quot;:&quot;PhotoResource&quot;,&quot;relativeUrl&quot;:&quot;/xdata/images/hotel/square600/335584592.webp?k=b8fb8533c594f82ba05a3766fd32a41396dbc16bec945b32e0f01b2f580af4f0\u0026o=&quot;},&quot;lowResUrl&quot;:{&quot;__typename&quot;:&quot;PhotoResource&quot;,&quot;relativeUrl&quot;:&quot;/xdata/images/hotel/square200/335584592.webp?k=b8fb8533c594f82ba05a3766fd32a41396dbc16bec945b32e0f01b2f580af4f0\u0026o=&quot;},&quot;highResJpegUrl&quot;:{&quot;__typename&quot;:&quot;PhotoResource&quot;,&quot;relativeUrl&quot;:&quot;/xdata/images/hotel/square600/335584592.jpg?k=35bd5b776e64d88f0a6dff3d2c3a9675af1f4d30f01f7c4dbe0f0b0b483f72db\u0026o=&quot;},&quot;lowResJpegUrl&quot;:{&quot;__typename&quot;:&quot;PhotoResource&quot;,&quot;relativeUrl&quot;:&quot;/xdata/images/hotel/square200/335584592.jpg?k=35bd5b776e64d88f0a6dff3d2c3a9675af1f4d30f01f7c4dbe0f0b0b483f72db\u0026o=&quot;}}},&quot;reviews&quot;:{&quot;__typename&quot;:&quot;Reviews&quot;,&quot;totalScore&quot;:8.5,&quot;reviewsCount&quot;:221,&quot;totalScoreTextTag&quot;:{&quot;__typename&quot;:&quot;TranslationTag&quot;,&quot;translation&quot;:&quot;Very Good&quot;},&quot;showScore&quot;:true,&quot;secondaryScore&quot;:0,&quot;secondaryTextTag&quot;:{&quot;__typename&quot;:&quot;TranslationTag&quot;,&quot;translation&quot;:null},&quot;showSecondaryScore&quot;:false},&quot;externalReviews&quot;:null,&quot;alternativeExternalReviews&quot;:null,&quot;starRating&quot;:null,&quot;isClosed&quot;:false,&quot;paymentConfig&quot;:null},&quot;badges&quot;:[],&quot;customBadges&quot;:{&quot;__typename&quot;:&quot;CustomBadges&quot;,&quot;showIsWorkFriendly&quot;:false,&quot;showParkAndFly&quot;:false,&quot;showSkiToDoor&quot;:false,&quot;showBhTravelCreditBadge&quot;:false,&quot;showOnlineCheckinBadge&quot;:null},&quot;description&quot;:{&quot;__typename&quot;:&quot;TextWithTranslationTag&quot;,&quot;text&quot;:&quot;Located in Baguio, within a 9-minute walk of SM City Baguio and half a mile of Burnham Park, Olive Town Center and Hotel has accommodations with a terrace and free WiFi as well as free private parking...&quot;},&quot;displayName&quot;:{&quot;__typename&quot;:&quot;TextWithTranslationTag&quot;,&quot;text&quot;:&quot;Olive Town Center and Hotel&quot;,&quot;translationTag&quot;:{&quot;__typename&quot;:&quot;TranslationTag&quot;,&quot;translation&quot;:null}},&quot;geniusInfo&quot;:null,&quot;isInCompanyBudget&quot;:null,&quot;location&quot;:{&quot;__typename&quot;:&quot;SearchResultsPropertyLocation&quot;,&quot;displayLocation&quot;:&quot;Baguio&quot;,&quot;mainDistance&quot;:&quot;0.2 miles from Session Road&quot;,&quot;publicTransportDistanceDescription&quot;:null,&quot;skiLiftDistance&quot;:null,&quot;beachDistance&quot;:null,&quot;nearbyBeachNames&quot;:[],&quot;beachWalkingTime&quot;:null,&quot;geoDistanceMeters&quot;:null},&quot;mealPlanIncluded&quot;:null,&quot;persuasion&quot;:{&quot;__typename&quot;:&quot;SearchResultPersuasion&quot;,&quot;autoextended&quot;:false,&quot;geniusRateAvailable&quot;:false,&quot;highlighted&quot;:false,&quot;preferred&quot;:false,&quot;preferredPlus&quot;:false,&quot;showNativeAdLabel&quot;:false,&quot;nativeAdId&quot;:null,&quot;nativeAdsCpc&quot;:null,&quot;nativeAdsTracking&quot;:null,&quot;bookedXTimesMessage&quot;:null,&quot;sponsoredAdsData&quot;:null},&quot;policies&quot;:{&quot;__typename&quot;:&quot;Policies&quot;,&quot;showFreeCancellation&quot;:false,&quot;showNoPrepayment&quot;:false,&quot;enableJapaneseUsersSpecialCase&quot;:null},&quot;ribbon&quot;:null,&quot;recommendedDate&quot;:{&quot;__typename&quot;:&quot;RecommendedDate&quot;,&quot;checkin&quot;:&quot;&quot;,&quot;checkout&quot;:&quot;&quot;,&quot;lengthOfStay&quot;:0},&quot;showGeniusLoginMessage&quot;:false,&quot;showPrivateHostMessage&quot;:false,&quot;soldOutInfo&quot;:{&quot;__typename&quot;:&quot;SoldOutInfo&quot;,&quot;isSoldOut&quot;:false,&quot;messages&quot;:[],&quot;alternativeDatesMessages&quot;:[]},&quot;nbWishlists&quot;:0,&quot;visibilityBoosterEnabled&quot;:null,&quot;showAdLabel&quot;:false,&quot;isNewlyOpened&quot;:false,&quot;propertySustainability&quot;:{&quot;__typename&quot;:&quot;SrPropertySustainability&quot;,&quot;isSustainable&quot;:false,&quot;tier&quot;:{&quot;__typename&quot;:&quot;SrPropertySustainabilityTier&quot;,&quot;type&quot;:&quot;NONE&quot;},&quot;facilities&quot;:[{&quot;__ref&quot;:&quot;SrPropertySustainabilityFacility:436&quot;},{&quot;__ref&quot;:&quot;SrPropertySustainabilityFacility:439&quot;},{&quot;__ref&quot;:&quot;SrPropertySustainabilityFacility:440&quot;},{&quot;__ref&quot;:&quot;SrPropertySustainabilityFacility:441&quot;},{&quot;__ref&quot;:&quot;SrPropertySustainabilityFacility:442&quot;},{&quot;__ref&quot;:&quot;SrPropertySustainabilityFacility:443&quot;},{&quot;__ref&quot;:&quot;SrPropertySustainabilityFacility:445&quot;},{&quot;__ref&quot;:&quot;SrPropertySustainabilityFacility:446&quot;},{&quot;__ref&quot;:&quot;SrPropertySustainabilityFacility:448&quot;},{&quot;__ref&quot;:&quot;SrPropertySustainabilityFacility:491&quot;}],&quot;certifications&quot;:null,&quot;chainProgrammes&quot;:null,&quot;levelId&quot;:&quot;L0&quot;},&quot;seoThemes&quot;:[],&quot;relocationMode&quot;:null,&quot;bundleRatesAvailable&quot;:null,&quot;recommendedDatesLabel&quot;:null,&quot;matchingUnitConfigurations&quot;:null,&quot;blocks&quot;:[],&quot;bookerExperienceContentUIComponentProps&quot;:[]},{&quot;__typename&quot;:&quot;SearchResultProperty&quot;,&quot;priceDisplayInfoIrene&quot;:null,&quot;licenseDetails&quot;:null,&quot;inferredLocationScore&quot;:0,&quot;trackOnView&quot;:[],&quot;topPhotos&quot;:[],&quot;acceptsWalletCredit&quot;:false,&quot;basicPropertyData&quot;:{&quot;__typename&quot;:&quot;BasicPropertyData&quot;,&quot;accommodationTypeId&quot;:219,&quot;id&quot;:10425691,&quot;isTestProperty&quot;:false,&quot;location&quot;:{&quot;__typename&quot;:&quot;Location&quot;,&quot;address&quot;:&quot;Sandico Street&quot;,&quot;city&quot;:&quot;Baguio&quot;,&quot;countryCode&quot;:&quot;ph&quot;},&quot;pageName&quot;:&quot;jcga-apartments-megatower-residences-iv&quot;,&quot;ufi&quot;:-2410361,&quot;photos&quot;:{&quot;__typename&quot;:&quot;PropertyPhotos&quot;,&quot;main&quot;:{&quot;__typename&quot;:&quot;Photo&quot;,&quot;highResUrl&quot;:{&quot;__typename&quot;:&quot;PhotoResource&quot;,&quot;relativeUrl&quot;:&quot;/xdata/images/hotel/square600/482691434.webp?k=17c56b5f4a4a207c1e164c6a0f58411be30114e29f9c3dedd8e3c9cc7ed1941d\u0026o=&quot;},&quot;lowResUrl&quot;:{&quot;__typename&quot;:&quot;PhotoResource&quot;,&quot;relativeUrl&quot;:&quot;/xdata/images/hotel/square200/482691434.webp?k=17c56b5f4a4a207c1e164c6a0f58411be30114e29f9c3dedd8e3c9cc7ed1941d\u0026o=&quot;},&quot;highResJpegUrl&quot;:{&quot;__typename&quot;:&quot;PhotoResource&quot;,&quot;relativeUrl&quot;:&quot;/xdata/images/hotel/square600/482691434.jpg?k=a79b448b0786a4534f735890d8d6768f5fefa4be89cc75cfd56c816111e7adee\u0026o=&quot;},&quot;lowResJpegUrl&quot;:{&quot;__typename&quot;:&quot;PhotoResource&quot;,&quot;relativeUrl&quot;:&quot;/xdata/images/hotel/square200/482691434.jpg?k=a79b448b0786a4534f735890d8d6768f5fefa4be89cc75cfd56c816111e7adee\u0026o=&quot;}}},&quot;reviews&quot;:{&quot;__typename&quot;:&quot;Reviews&quot;,&quot;totalScore&quot;:8.7,&quot;reviewsCount&quot;:6,&quot;totalScoreTextTag&quot;:{&quot;__typename&quot;:&quot;TranslationTag&quot;,&quot;translation&quot;:&quot;Excellent&quot;},&quot;showScore&quot;:true,&quot;secondaryScore&quot;:10,&quot;secondaryTextTag&quot;:{&quot;__typename&quot;:&quot;TranslationTag&quot;,&quot;translation&quot;:&quot;Location&quot;},&quot;showSecondaryScore&quot;:true},&quot;externalReviews&quot;:null,&quot;alternativeExternalReviews&quot;:null,&quot;starRating&quot;:{&quot;__typename&quot;:&quot;StarRating&quot;,&quot;value&quot;:3,&quot;symbol&quot;:&quot;NONE&quot;,&quot;caption&quot;:{&quot;__typename&quot;:&quot;TranslationTag&quot;,&quot;translation&quot;:null},&quot;tocLink&quot;:{&quot;__typename&quot;:&quot;TranslationTag&quot;,&quot;translation&quot;:null},&quot;showAdditionalInfoIcon&quot;:false},&quot;isClosed&quot;:false,&quot;paymentConfig&quot;:null},&quot;badges&quot;:[],&quot;customBadges&quot;:{&quot;__typename&quot;:&quot;CustomBadges&quot;,&quot;showIsWorkFriendly&quot;:false,&quot;showParkAndFly&quot;:false,&quot;showSkiToDoor&quot;:false,&quot;showBhTravelCreditBadge&quot;:false,&quot;showOnlineCheckinBadge&quot;:null},&quot;description&quot;:{&quot;__typename&quot;:&quot;TextWithTranslationTag&quot;,&quot;text&quot;:&quot;Located in Baguio, JCGA Apartments at Megatower Residences IV - Near SM \u0026 Session Rd provides accommodations 1.8 miles from Camp John Hay and 2.1 miles from Lourdes Grotto. &quot;},&quot;displayName&quot;:{&quot;__typename&quot;:&quot;TextWithTranslationTag&quot;,&quot;text&quot;:&quot;JCGA Apartments at Megatower Residences IV - Near SM \u0026 Session Rd&quot;,&quot;translationTag&quot;:{&quot;__typename&quot;:&quot;TranslationTag&quot;,&quot;translation&quot;:null}},&quot;geniusInfo&quot;:null,&quot;isInCompanyBudget&quot;:null,&quot;location&quot;:{&quot;__typename&quot;:&quot;SearchResultsPropertyLocation&quot;,&quot;displayLocation&quot;:&quot;Baguio&quot;,&quot;mainDistance&quot;:&quot;0.2 miles from Session Road&quot;,&quot;publicTransportDistanceDescription&quot;:null,&quot;skiLiftDistance&quot;:null,&quot;beachDistance&quot;:null,&quot;nearbyBeachNames&quot;:[],&quot;beachWalkingTime&quot;:null,&quot;geoDistanceMeters&quot;:null},&quot;mealPlanIncluded&quot;:null,&quot;persuasion&quot;:{&quot;__typename&quot;:&quot;SearchResultPersuasion&quot;,&quot;autoextended&quot;:false,&quot;geniusRateAvailable&quot;:false,&quot;highlighted&quot;:false,&quot;preferred&quot;:false,&quot;preferredPlus&quot;:false,&quot;showNativeAdLabel&quot;:false,&quot;nativeAdId&quot;:null,&quot;nativeAdsCpc&quot;:null,&quot;nativeAdsTracking&quot;:null,&quot;bookedXTimesMessage&quot;:null,&quot;sponsoredAdsData&quot;:null},&quot;policies&quot;:{&quot;__typename&quot;:&quot;Policies&quot;,&quot;showFreeCancellation&quot;:false,&quot;showNoPrepayment&quot;:false,&quot;enableJapaneseUsersSpecialCase&quot;:null},&quot;ribbon&quot;:null,&quot;recommendedDate&quot;:{&quot;__typename&quot;:&quot;RecommendedDate&quot;,&quot;checkin&quot;:&quot;&quot;,&quot;checkout&quot;:&quot;&quot;,&quot;lengthOfStay&quot;:0},&quot;showGeniusLoginMessage&quot;:false,&quot;showPrivateHostMessage&quot;:false,&quot;soldOutInfo&quot;:{&quot;__typename&quot;:&quot;SoldOutInfo&quot;,&quot;isSoldOut&quot;:false,&quot;messages&quot;:[],&quot;alternativeDatesMessages&quot;:[]},&quot;nbWishlists&quot;:0,&quot;visibilityBoosterEnabled&quot;:null,&quot;showAdLabel&quot;:false,&quot;isNewlyOpened&quot;:true,&quot;propertySustainability&quot;:{&quot;__typename&quot;:&quot;SrPropertySustainability&quot;,&quot;isSustainable&quot;:false,&quot;tier&quot;:{&quot;__typename&quot;:&quot;SrPropertySustainabilityTier&quot;,&quot;type&quot;:&quot;NONE&quot;},&quot;facilities&quot;:[{&quot;__ref&quot;:&quot;SrPropertySustainabilityFacility:489&quot;},{&quot;__ref&quot;:&quot;SrPropertySustainabilityFacility:502&quot;}],&quot;certifications&quot;:null,&quot;chainProgrammes&quot;:null,&quot;levelId&quot;:&quot;L0&quot;},&quot;seoThemes&quot;:[],&quot;relocationMode&quot;:null,&quot;bundleRatesAvailable&quot;:null,&quot;recommendedDatesLabel&quot;:null,&quot;matchingUnitConfigurations&quot;:null,&quot;blocks&quot;:[],&quot;bookerExperienceContentUIComponentProps&quot;:[]},{&quot;__typename&quot;:&quot;SearchResultProperty&quot;,&quot;priceDisplayInfoIrene&quot;:null,&quot;licenseDetails&quot;:null,&quot;inferredLocationScore&quot;:0,&quot;trackOnView&quot;:[],&quot;topPhotos&quot;:[],&quot;acceptsWalletCredit&quot;:false,&quot;basicPropertyData&quot;:{&quot;__typename&quot;:&quot;BasicPropertyData&quot;,&quot;accommodationTypeId&quot;:201,&quot;id&quot;:2747142,&quot;isTestProperty&quot;:false,&quot;location&quot;:{&quot;__typename&quot;:&quot;Location&quot;,&quot;address&quot;:&quot;3F-39 megatower residences sandico street salud brgy salud mitra&quot;,&quot;city&quot;:&quot;baguio&quot;,&quot;countryCode&quot;:&quot;ph&quot;},&quot;pageName&quot;:&quot;megatower-residences-baguio&quot;,&quot;ufi&quot;:-2410361,&quot;photos&quot;:{&quot;__typename&quot;:&quot;PropertyPhotos&quot;,&quot;main&quot;:{&quot;__typename&quot;:&quot;Photo&quot;,&quot;highResUrl&quot;:{&quot;__typename&quot;:&quot;PhotoResource&quot;,&quot;relativeUrl&quot;:&quot;/xdata/images/hotel/square600/160823934.webp?k=4e03266b6b4a7034cd3b43f18542aee29cda6f79faca1235f7ec4e941f3ac6db\u0026o=&quot;},&quot;lowResUrl&quot;:{&quot;__typename&quot;:&quot;PhotoResource&quot;,&quot;relativeUrl&quot;:&quot;/xdata/images/hotel/square200/160823934.webp?k=4e03266b6b4a7034cd3b43f18542aee29cda6f79faca1235f7ec4e941f3ac6db\u0026o=&quot;},&quot;highResJpegUrl&quot;:{&quot;__typename&quot;:&quot;PhotoResource&quot;,&quot;relativeUrl&quot;:&quot;/xdata/images/hotel/square600/160823934.jpg?k=4a7b560340ce7c3afddf3f110f8a2ea27584a1717e0188c9951e9b6f00cafa13\u0026o=&quot;},&quot;lowResJpegUrl&quot;:{&quot;__typename&quot;:&quot;PhotoResource&quot;,&quot;relativeUrl&quot;:&quot;/xdata/images/hotel/square200/160823934.jpg?k=4a7b560340ce7c3afddf3f110f8a2ea27584a1717e0188c9951e9b6f00cafa13\u0026o=&quot;}}},&quot;reviews&quot;:{&quot;__typename&quot;:&quot;Reviews&quot;,&quot;totalScore&quot;:8.8,&quot;reviewsCount&quot;:55,&quot;totalScoreTextTag&quot;:{&quot;__typename&quot;:&quot;TranslationTag&quot;,&quot;translation&quot;:&quot;Excellent&quot;},&quot;showScore&quot;:true,&quot;secondaryScore&quot;:9.4,&quot;secondaryTextTag&quot;:{&quot;__typename&quot;:&quot;TranslationTag&quot;,&quot;translation&quot;:&quot;Location&quot;},&quot;showSecondaryScore&quot;:true},&quot;externalReviews&quot;:{&quot;__typename&quot;:&quot;ExternalReviews&quot;,&quot;totalScore&quot;:9,&quot;reviewsCount&quot;:122,&quot;showScore&quot;:true,&quot;totalScoreTextTag&quot;:{&quot;__typename&quot;:&quot;TranslationTag&quot;,&quot;translation&quot;:&quot;Wonderful&quot;}},&quot;alternativeExternalReviews&quot;:null,&quot;starRating&quot;:{&quot;__typename&quot;:&quot;StarRating&quot;,&quot;value&quot;:3,&quot;symbol&quot;:&quot;NONE&quot;,&quot;caption&quot;:{&quot;__typename&quot;:&quot;TranslationTag&quot;,&quot;translation&quot;:null},&quot;tocLink&quot;:{&quot;__typename&quot;:&quot;TranslationTag&quot;,&quot;translation&quot;:null},&quot;showAdditionalInfoIcon&quot;:false},&quot;isClosed&quot;:false,&quot;paymentConfig&quot;:{&quot;__typename&quot;:&quot;PaymentConfig&quot;,&quot;installments&quot;:null}},&quot;badges&quot;:[],&quot;customBadges&quot;:{&quot;__typename&quot;:&quot;CustomBadges&quot;,&quot;showIsWorkFriendly&quot;:false,&quot;showParkAndFly&quot;:false,&quot;showSkiToDoor&quot;:false,&quot;showBhTravelCreditBadge&quot;:false,&quot;showOnlineCheckinBadge&quot;:null},&quot;description&quot;:{&quot;__typename&quot;:&quot;TextWithTranslationTag&quot;,&quot;text&quot;:&quot;Offering a terrace and city view, Daichi Place Megatower Residences is located in Baguio, a 11-minute walk from Mines View Park and 0.6 miles from Burnham Park. &quot;},&quot;displayName&quot;:{&quot;__typename&quot;:&quot;TextWithTranslationTag&quot;,&quot;text&quot;:&quot;Daichi Place Megatower Residences&quot;,&quot;translationTag&quot;:{&quot;__typename&quot;:&quot;TranslationTag&quot;,&quot;translation&quot;:null}},&quot;geniusInfo&quot;:null,&quot;isInCompanyBudget&quot;:null,&quot;location&quot;:{&quot;__typename&quot;:&quot;SearchResultsPropertyLocation&quot;,&quot;displayLocation&quot;:&quot;Baguio&quot;,&quot;mainDistance&quot;:&quot;0.2 miles from Session Road&quot;,&quot;publicTransportDistanceDescription&quot;:null,&quot;skiLiftDistance&quot;:null,&quot;beachDistance&quot;:null,&quot;nearbyBeachNames&quot;:[],&quot;beachWalkingTime&quot;:null,&quot;geoDistanceMeters&quot;:null},&quot;mealPlanIncluded&quot;:null,&quot;persuasion&quot;:{&quot;__typename&quot;:&quot;SearchResultPersuasion&quot;,&quot;autoextended&quot;:false,&quot;geniusRateAvailable&quot;:false,&quot;highlighted&quot;:false,&quot;preferred&quot;:true,&quot;preferredPlus&quot;:false,&quot;showNativeAdLabel&quot;:false,&quot;nativeAdId&quot;:null,&quot;nativeAdsCpc&quot;:null,&quot;nativeAdsTracking&quot;:null,&quot;bookedXTimesMessage&quot;:null,&quot;sponsoredAdsData&quot;:null},&quot;policies&quot;:{&quot;__typename&quot;:&quot;Policies&quot;,&quot;showFreeCancellation&quot;:false,&quot;showNoPrepayment&quot;:false,&quot;enableJapaneseUsersSpecialCase&quot;:null},&quot;ribbon&quot;:null,&quot;recommendedDate&quot;:{&quot;__typename&quot;:&quot;RecommendedDate&quot;,&quot;checkin&quot;:&quot;&quot;,&quot;checkout&quot;:&quot;&quot;,&quot;lengthOfStay&quot;:0},&quot;showGeniusLoginMessage&quot;:false,&quot;showPrivateHostMessage&quot;:false,&quot;soldOutInfo&quot;:{&quot;__typename&quot;:&quot;SoldOutInfo&quot;,&quot;isSoldOut&quot;:false,&quot;messages&quot;:[],&quot;alternativeDatesMessages&quot;:[]},&quot;nbWishlists&quot;:0,&quot;visibilityBoosterEnabled&quot;:null,&quot;showAdLabel&quot;:false,&quot;isNewlyOpened&quot;:false,&quot;propertySustainability&quot;:{&quot;__typename&quot;:&quot;SrPropertySustainability&quot;,&quot;isSustainable&quot;:false,&quot;tier&quot;:{&quot;__typename&quot;:&quot;SrPropertySustainabilityTier&quot;,&quot;type&quot;:&quot;NONE&quot;},&quot;facilities&quot;:null,&quot;certifications&quot;:null,&quot;chainProgrammes&quot;:null,&quot;levelId&quot;:&quot;L0&quot;},&quot;seoThemes&quot;:[],&quot;relocationMode&quot;:null,&quot;bundleRatesAvailable&quot;:null,&quot;recommendedDatesLabel&quot;:null,&quot;matchingUnitConfigurations&quot;:null,&quot;blocks&quot;:[],&quot;bookerExperienceContentUIComponentProps&quot;:[]},{&quot;__typename&quot;:&quot;SearchResultProperty&quot;,&quot;priceDisplayInfoIrene&quot;:null,&quot;licenseDetails&quot;:null,&quot;inferredLocationScore&quot;:0,&quot;trackOnView&quot;:[],&quot;topPhotos&quot;:[],&quot;acceptsWalletCredit&quot;:false,&quot;basicPropertyData&quot;:{&quot;__typename&quot;:&quot;BasicPropertyData&quot;,&quot;accommodationTypeId&quot;:204,&quot;id&quot;:1820263,&quot;isTestProperty&quot;:false,&quot;location&quot;:{&quot;__typename&quot;:&quot;Location&quot;,&quot;address&quot;:&quot;14-16 Otek Street, Rizal Monument, Benguet&quot;,&quot;city&quot;:&quot;Baguio&quot;,&quot;countryCode&quot;:&quot;ph&quot;},&quot;pageName&quot;:&quot;paragon-and-suites&quot;,&quot;ufi&quot;:-2410361,&quot;photos&quot;:{&quot;__typename&quot;:&quot;PropertyPhotos&quot;,&quot;main&quot;:{&quot;__typename&quot;:&quot;Photo&quot;,&quot;highResUrl&quot;:{&quot;__typename&quot;:&quot;PhotoResource&quot;,&quot;relativeUrl&quot;:&quot;/xdata/images/hotel/square600/466646787.webp?k=8419a2dab38c8a2dd47a6181dc76a295a9afb56f04c03c8415d6deaf525c75cc\u0026o=&quot;},&quot;lowResUrl&quot;:{&quot;__typename&quot;:&quot;PhotoResource&quot;,&quot;relativeUrl&quot;:&quot;/xdata/images/hotel/square200/466646787.webp?k=8419a2dab38c8a2dd47a6181dc76a295a9afb56f04c03c8415d6deaf525c75cc\u0026o=&quot;},&quot;highResJpegUrl&quot;:{&quot;__typename&quot;:&quot;PhotoResource&quot;,&quot;relativeUrl&quot;:&quot;/xdata/images/hotel/square600/466646787.jpg?k=1a58311ebb129ce187243a6c49584a47c5b156ac66d37ee8f17ed5d3cbc74dbf\u0026o=&quot;},&quot;lowResJpegUrl&quot;:{&quot;__typename&quot;:&quot;PhotoResource&quot;,&quot;relativeUrl&quot;:&quot;/xdata/images/hotel/square200/466646787.jpg?k=1a58311ebb129ce187243a6c49584a47c5b156ac66d37ee8f17ed5d3cbc74dbf\u0026o=&quot;}}},&quot;reviews&quot;:{&quot;__typename&quot;:&quot;Reviews&quot;,&quot;totalScore&quot;:8,&quot;reviewsCount&quot;:99,&quot;totalScoreTextTag&quot;:{&quot;__typename&quot;:&quot;TranslationTag&quot;,&quot;translation&quot;:&quot;Very Good&quot;},&quot;showScore&quot;:true,&quot;secondaryScore&quot;:0,&quot;secondaryTextTag&quot;:{&quot;__typename&quot;:&quot;TranslationTag&quot;,&quot;translation&quot;:null},&quot;showSecondaryScore&quot;:false},&quot;externalReviews&quot;:null,&quot;alternativeExternalReviews&quot;:null,&quot;starRating&quot;:{&quot;__typename&quot;:&quot;StarRating&quot;,&quot;value&quot;:3,&quot;symbol&quot;:&quot;NONE&quot;,&quot;caption&quot;:{&quot;__typename&quot;:&quot;TranslationTag&quot;,&quot;translation&quot;:null},&quot;tocLink&quot;:{&quot;__typename&quot;:&quot;TranslationTag&quot;,&quot;translation&quot;:null},&quot;showAdditionalInfoIcon&quot;:false},&quot;isClosed&quot;:false,&quot;paymentConfig&quot;:{&quot;__typename&quot;:&quot;PaymentConfig&quot;,&quot;installments&quot;:null}},&quot;badges&quot;:[],&quot;customBadges&quot;:{&quot;__typename&quot;:&quot;CustomBadges&quot;,&quot;showIsWorkFriendly&quot;:false,&quot;showParkAndFly&quot;:false,&quot;showSkiToDoor&quot;:false,&quot;showBhTravelCreditBadge&quot;:false,&quot;showOnlineCheckinBadge&quot;:null},&quot;description&quot;:{&quot;__typename&quot;:&quot;TextWithTranslationTag&quot;,&quot;text&quot;:&quot;Featuring 3-star accommodations, Paragon Hotel and Suites is located in Baguio, a 5-minute walk from Burnham Park and 0.8 miles from SM City Baguio. &quot;},&quot;displayName&quot;:{&quot;__typename&quot;:&quot;TextWithTranslationTag&quot;,&quot;text&quot;:&quot;Paragon Hotel and Suites&quot;,&quot;translationTag&quot;:{&quot;__typename&quot;:&quot;TranslationTag&quot;,&quot;translation&quot;:null}},&quot;geniusInfo&quot;:null,&quot;isInCompanyBudget&quot;:null,&quot;location&quot;:{&quot;__typename&quot;:&quot;SearchResultsPropertyLocation&quot;,&quot;displayLocation&quot;:&quot;Baguio&quot;,&quot;mainDistance&quot;:&quot;0.4 miles from Session Road&quot;,&quot;publicTransportDistanceDescription&quot;:null,&quot;skiLiftDistance&quot;:null,&quot;beachDistance&quot;:null,&quot;nearbyBeachNames&quot;:[],&quot;beachWalkingTime&quot;:null,&quot;geoDistanceMeters&quot;:null},&quot;mealPlanIncluded&quot;:null,&quot;persuasion&quot;:{&quot;__typename&quot;:&quot;SearchResultPersuasion&quot;,&quot;autoextended&quot;:false,&quot;geniusRateAvailable&quot;:false,&quot;highlighted&quot;:false,&quot;preferred&quot;:false,&quot;preferredPlus&quot;:false,&quot;showNativeAdLabel&quot;:false,&quot;nativeAdId&quot;:null,&quot;nativeAdsCpc&quot;:null,&quot;nativeAdsTracking&quot;:null,&quot;bookedXTimesMessage&quot;:null,&quot;sponsoredAdsData&quot;:null},&quot;policies&quot;:{&quot;__typename&quot;:&quot;Policies&quot;,&quot;showFreeCancellation&quot;:false,&quot;showNoPrepayment&quot;:false,&quot;enableJapaneseUsersSpecialCase&quot;:null},&quot;ribbon&quot;:null,&quot;recommendedDate&quot;:{&quot;__typename&quot;:&quot;RecommendedDate&quot;,&quot;checkin&quot;:&quot;&quot;,&quot;checkout&quot;:&quot;&quot;,&quot;lengthOfStay&quot;:0},&quot;showGeniusLoginMessage&quot;:false,&quot;showPrivateHostMessage&quot;:false,&quot;soldOutInfo&quot;:{&quot;__typename&quot;:&quot;SoldOutInfo&quot;,&quot;isSoldOut&quot;:false,&quot;messages&quot;:[],&quot;alternativeDatesMessages&quot;:[]},&quot;nbWishlists&quot;:0,&quot;visibilityBoosterEnabled&quot;:null,&quot;showAdLabel&quot;:false,&quot;isNewlyOpened&quot;:false,&quot;propertySustainability&quot;:{&quot;__typename&quot;:&quot;SrPropertySustainability&quot;,&quot;isSustainable&quot;:false,&quot;tier&quot;:{&quot;__typename&quot;:&quot;SrPropertySustainabilityTier&quot;,&quot;type&quot;:&quot;NONE&quot;},&quot;facilities&quot;:null,&quot;certifications&quot;:null,&quot;chainProgrammes&quot;:null,&quot;levelId&quot;:&quot;L0&quot;},&quot;seoThemes&quot;:[],&quot;relocationMode&quot;:null,&quot;bundleRatesAvailable&quot;:null,&quot;recommendedDatesLabel&quot;:null,&quot;matchingUnitConfigurations&quot;:null,&quot;blocks&quot;:[],&quot;bookerExperienceContentUIComponentProps&quot;:[]},{&quot;__typename&quot;:&quot;SearchResultProperty&quot;,&quot;priceDisplayInfoIrene&quot;:null,&quot;licenseDetails&quot;:null,&quot;inferredLocationScore&quot;:0,&quot;trackOnView&quot;:[],&quot;topPhotos&quot;:[],&quot;acceptsWalletCredit&quot;:false,&quot;basicPropertyData&quot;:{&quot;__typename&quot;:&quot;BasicPropertyData&quot;,&quot;accommodationTypeId&quot;:222,&quot;id&quot;:8170080,&quot;isTestProperty&quot;:false,&quot;location&quot;:{&quot;__typename&quot;:&quot;Location&quot;,&quot;address&quot;:&quot;35a Montinola Subd. Burnham Hill condo Legarda Rd.&quot;,&quot;city&quot;:&quot;Baguio&quot;,&quot;countryCode&quot;:&quot;ph&quot;},&quot;pageName&quot;:&quot;krystalclaine-homestay&quot;,&quot;ufi&quot;:-2410361,&quot;photos&quot;:{&quot;__typename&quot;:&quot;PropertyPhotos&quot;,&quot;main&quot;:{&quot;__typename&quot;:&quot;Photo&quot;,&quot;highResUrl&quot;:{&quot;__typename&quot;:&quot;PhotoResource&quot;,&quot;relativeUrl&quot;:&quot;/xdata/images/hotel/square600/351548981.webp?k=608923504cfb6ce791a60f972ebd54718f513cbfbcafeef5c2716ff87d879da6\u0026o=&quot;},&quot;lowResUrl&quot;:{&quot;__typename&quot;:&quot;PhotoResource&quot;,&quot;relativeUrl&quot;:&quot;/xdata/images/hotel/square200/351548981.webp?k=608923504cfb6ce791a60f972ebd54718f513cbfbcafeef5c2716ff87d879da6\u0026o=&quot;},&quot;highResJpegUrl&quot;:{&quot;__typename&quot;:&quot;PhotoResource&quot;,&quot;relativeUrl&quot;:&quot;/xdata/images/hotel/square600/351548981.jpg?k=2d8deb96fb19aa7c63f547ad153f89808593c2dfdec6a9efa3f8d13c7d6f043f\u0026o=&quot;},&quot;lowResJpegUrl&quot;:{&quot;__typename&quot;:&quot;PhotoResource&quot;,&quot;relativeUrl&quot;:&quot;/xdata/images/hotel/square200/351548981.jpg?k=2d8deb96fb19aa7c63f547ad153f89808593c2dfdec6a9efa3f8d13c7d6f043f\u0026o=&quot;}}},&quot;reviews&quot;:{&quot;__typename&quot;:&quot;Reviews&quot;,&quot;totalScore&quot;:8.5,&quot;reviewsCount&quot;:34,&quot;totalScoreTextTag&quot;:{&quot;__typename&quot;:&quot;TranslationTag&quot;,&quot;translation&quot;:&quot;Very Good&quot;},&quot;showScore&quot;:true,&quot;secondaryScore&quot;:0,&quot;secondaryTextTag&quot;:{&quot;__typename&quot;:&quot;TranslationTag&quot;,&quot;translation&quot;:null},&quot;showSecondaryScore&quot;:false},&quot;externalReviews&quot;:null,&quot;alternativeExternalReviews&quot;:null,&quot;starRating&quot;:null,&quot;isClosed&quot;:false,&quot;paymentConfig&quot;:{&quot;__typename&quot;:&quot;PaymentConfig&quot;,&quot;installments&quot;:null}},&quot;badges&quot;:[],&quot;customBadges&quot;:{&quot;__typename&quot;:&quot;CustomBadges&quot;,&quot;showIsWorkFriendly&quot;:false,&quot;showParkAndFly&quot;:false,&quot;showSkiToDoor&quot;:false,&quot;showBhTravelCreditBadge&quot;:false,&quot;showOnlineCheckinBadge&quot;:null},&quot;description&quot;:{&quot;__typename&quot;:&quot;TextWithTranslationTag&quot;,&quot;text&quot;:&quot;Krystal Claine Homestay-BURNHAM HILL is located in Baguio, a 3-minute walk from Burnham Park, 0.7 miles from SM City Baguio, as well as one mile from Mines View Park. &quot;},&quot;displayName&quot;:{&quot;__typename&quot;:&quot;TextWithTranslationTag&quot;,&quot;text&quot;:&quot;Krystal Claine Homestay-BURNHAM HILL&quot;,&quot;translationTag&quot;:{&quot;__typename&quot;:&quot;TranslationTag&quot;,&quot;translation&quot;:null}},&quot;geniusInfo&quot;:null,&quot;isInCompanyBudget&quot;:null,&quot;location&quot;:{&quot;__typename&quot;:&quot;SearchResultsPropertyLocation&quot;,&quot;displayLocation&quot;:&quot;Baguio&quot;,&quot;mainDistance&quot;:&quot;0.3 miles from Session Road&quot;,&quot;publicTransportDistanceDescription&quot;:null,&quot;skiLiftDistance&quot;:null,&quot;beachDistance&quot;:null,&quot;nearbyBeachNames&quot;:[],&quot;beachWalkingTime&quot;:null,&quot;geoDistanceMeters&quot;:null},&quot;mealPlanIncluded&quot;:null,&quot;persuasion&quot;:{&quot;__typename&quot;:&quot;SearchResultPersuasion&quot;,&quot;autoextended&quot;:false,&quot;geniusRateAvailable&quot;:false,&quot;highlighted&quot;:false,&quot;preferred&quot;:true,&quot;preferredPlus&quot;:false,&quot;showNativeAdLabel&quot;:false,&quot;nativeAdId&quot;:null,&quot;nativeAdsCpc&quot;:null,&quot;nativeAdsTracking&quot;:null,&quot;bookedXTimesMessage&quot;:null,&quot;sponsoredAdsData&quot;:null},&quot;policies&quot;:{&quot;__typename&quot;:&quot;Policies&quot;,&quot;showFreeCancellation&quot;:false,&quot;showNoPrepayment&quot;:false,&quot;enableJapaneseUsersSpecialCase&quot;:null},&quot;ribbon&quot;:null,&quot;recommendedDate&quot;:{&quot;__typename&quot;:&quot;RecommendedDate&quot;,&quot;checkin&quot;:&quot;&quot;,&quot;checkout&quot;:&quot;&quot;,&quot;lengthOfStay&quot;:0},&quot;showGeniusLoginMessage&quot;:false,&quot;showPrivateHostMessage&quot;:false,&quot;soldOutInfo&quot;:{&quot;__typename&quot;:&quot;SoldOutInfo&quot;,&quot;isSoldOut&quot;:false,&quot;messages&quot;:[],&quot;alternativeDatesMessages&quot;:[]},&quot;nbWishlists&quot;:0,&quot;visibilityBoosterEnabled&quot;:null,&quot;showAdLabel&quot;:false,&quot;isNewlyOpened&quot;:false,&quot;propertySustainability&quot;:{&quot;__typename&quot;:&quot;SrPropertySustainability&quot;,&quot;isSustainable&quot;:true,&quot;tier&quot;:{&quot;__typename&quot;:&quot;SrPropertySustainabilityTier&quot;,&quot;type&quot;:&quot;SILVER&quot;},&quot;facilities&quot;:[{&quot;__ref&quot;:&quot;SrPropertySustainabilityFacility:435&quot;},{&quot;__ref&quot;:&quot;SrPropertySustainabilityFacility:436&quot;},{&quot;__ref&quot;:&quot;SrPropertySustainabilityFacility:439&quot;},{&quot;__ref&quot;:&quot;SrPropertySustainabilityFacility:440&quot;},{&quot;__ref&quot;:&quot;SrPropertySustainabilityFacility:441&quot;},{&quot;__ref&quot;:&quot;SrPropertySustainabilityFacility:442&quot;},{&quot;__ref&quot;:&quot;SrPropertySustainabilityFacility:443&quot;},{&quot;__ref&quot;:&quot;SrPropertySustainabilityFacility:445&quot;},{&quot;__ref&quot;:&quot;SrPropertySustainabilityFacility:446&quot;},{&quot;__ref&quot;:&quot;SrPropertySustainabilityFacility:491&quot;},{&quot;__ref&quot;:&quot;SrPropertySustainabilityFacility:492&quot;},{&quot;__ref&quot;:&quot;SrPropertySustainabilityFacility:493&quot;},{&quot;__ref&quot;:&quot;SrPropertySustainabilityFacility:504&quot;}],&quot;certifications&quot;:null,&quot;chainProgrammes&quot;:null,&quot;levelId&quot;:&quot;L2&quot;},&quot;seoThemes&quot;:[],&quot;relocationMode&quot;:null,&quot;bundleRatesAvailable&quot;:null,&quot;recommendedDatesLabel&quot;:null,&quot;matchingUnitConfigurations&quot;:null,&quot;blocks&quot;:[],&quot;bookerExperienceContentUIComponentProps&quot;:[]}],&quot;searchMeta&quot;:{&quot;__typename&quot;:&quot;SearchMeta&quot;,&quot;availabilityInfo&quot;:{&quot;__typename&quot;:&quot;AvailabilityInfo&quot;,&quot;hasLowAvailability&quot;:false,&quot;unavailabilityPercent&quot;:0,&quot;totalAvailableNotAutoextended&quot;:571},&quot;boundingBoxes&quot;:[{&quot;__typename&quot;:&quot;BoundingBox&quot;,&quot;swLat&quot;:16.345181,&quot;swLon&quot;:120.47289180000001,&quot;neLat&quot;:16.5006725,&quot;neLon&quot;:120.689005,&quot;type&quot;:&quot;SMART_AV&quot;},{&quot;__typename&quot;:&quot;BoundingBox&quot;,&quot;swLat&quot;:16.4042383035276,&quot;swLon&quot;:120.58870822191193,&quot;neLat&quot;:16.415815898812,&quot;neLon&quot;:120.60249209403992,&quot;type&quot;:&quot;MARKERS_ON_MAP&quot;}],&quot;childrenAges&quot;:[],&quot;dates&quot;:null,&quot;destId&quot;:261060,&quot;destType&quot;:&quot;LANDMARK&quot;,&quot;maxLengthOfStayInDays&quot;:90,&quot;nbRooms&quot;:1,&quot;nbAdults&quot;:2,&quot;nbChildren&quot;:0,&quot;userHasSelectedFilters&quot;:false,&quot;customerValueStatus&quot;:&quot;&quot;,&quot;affiliatePartnerChannelId&quot;:3,&quot;affiliateVerticalType&quot;:&quot;CHANNEL_DIRECT&quot;,&quot;affiliateName&quot;:&quot;Bookings internal&quot;},&quot;sorters&quot;:[{&quot;__typename&quot;:&quot;Sorter&quot;,&quot;option&quot;:{&quot;__typename&quot;:&quot;SorterOption&quot;,&quot;name&quot;:&quot;popularity&quot;,&quot;captionTranslationTag&quot;:{&quot;__typename&quot;:&quot;TranslationTag&quot;,&quot;translation&quot;:&quot;Our Top Picks&quot;},&quot;tooltipTranslationTag&quot;:{&quot;__typename&quot;:&quot;TranslationTag&quot;,&quot;translation&quot;:null},&quot;selected&quot;:true}},{&quot;__typename&quot;:&quot;Sorter&quot;,&quot;option&quot;:{&quot;__typename&quot;:&quot;SorterOption&quot;,&quot;name&quot;:&quot;upsort_bh&quot;,&quot;captionTranslationTag&quot;:{&quot;__typename&quot;:&quot;TranslationTag&quot;,&quot;translation&quot;:&quot;Homes \u0026 apartments first&quot;},&quot;tooltipTranslationTag&quot;:{&quot;__typename&quot;:&quot;TranslationTag&quot;,&quot;translation&quot;:&quot;Looking for privacy? See entire places first&quot;},&quot;selected&quot;:false}},{&quot;__typename&quot;:&quot;Sorter&quot;,&quot;option&quot;:{&quot;__typename&quot;:&quot;SorterOption&quot;,&quot;name&quot;:&quot;class&quot;,&quot;captionTranslationTag&quot;:{&quot;__typename&quot;:&quot;TranslationTag&quot;,&quot;translation&quot;:&quot;Property rating (high to low)&quot;},&quot;tooltipTranslationTag&quot;:{&quot;__typename&quot;:&quot;TranslationTag&quot;,&quot;translation&quot;:null},&quot;selected&quot;:false}},{&quot;__typename&quot;:&quot;Sorter&quot;,&quot;option&quot;:{&quot;__typename&quot;:&quot;SorterOption&quot;,&quot;name&quot;:&quot;class_asc&quot;,&quot;captionTranslationTag&quot;:{&quot;__typename&quot;:&quot;TranslationTag&quot;,&quot;translation&quot;:&quot;Property rating (low to high)&quot;},&quot;tooltipTranslationTag&quot;:{&quot;__typename&quot;:&quot;TranslationTag&quot;,&quot;translation&quot;:null},&quot;selected&quot;:false}},{&quot;__typename&quot;:&quot;Sorter&quot;,&quot;option&quot;:{&quot;__typename&quot;:&quot;SorterOption&quot;,&quot;name&quot;:&quot;distance_from_search&quot;,&quot;captionTranslationTag&quot;:{&quot;__typename&quot;:&quot;TranslationTag&quot;,&quot;translation&quot;:&quot;Distance from landmark&quot;},&quot;tooltipTranslationTag&quot;:{&quot;__typename&quot;:&quot;TranslationTag&quot;,&quot;translation&quot;:null},&quot;selected&quot;:false}},{&quot;__typename&quot;:&quot;Sorter&quot;,&quot;option&quot;:{&quot;__typename&quot;:&quot;SorterOption&quot;,&quot;name&quot;:&quot;score&quot;,&quot;captionTranslationTag&quot;:{&quot;__typename&quot;:&quot;TranslationTag&quot;,&quot;translation&quot;:&quot;Top Reviewed&quot;},&quot;tooltipTranslationTag&quot;:{&quot;__typename&quot;:&quot;TranslationTag&quot;,&quot;translation&quot;:null},&quot;selected&quot;:false}}],&quot;oneOfThreeDeal&quot;:null,&quot;zeroResultsSection&quot;:{&quot;__typename&quot;:&quot;ZeroResultsSection&quot;,&quot;title&quot;:null,&quot;primaryAction&quot;:null,&quot;paragraphs&quot;:[],&quot;type&quot;:null},&quot;rocketmilesSearchUuid&quot;:null,&quot;previousSearches&quot;:null,&quot;frontierThemes&quot;:null}},&quot;geniusVipEnrolledProgram({\&quot;input\&quot;:{\&quot;enableEnroll\&quot;:true,\&quot;page\&quot;:\&quot;SEARCH_RESULTS\&quot;}})&quot;:{&quot;__typename&quot;:&quot;GeniusVipNoEnrolledProgram&quot;},&quot;productShell({\&quot;input\&quot;:{\&quot;product\&quot;:\&quot;ACCOMMODATIONS\&quot;}})&quot;:{&quot;__typename&quot;:&quot;ProductShellOutput&quot;,&quot;products&quot;:[{&quot;__ref&quot;:&quot;Link:accommodations&quot;},{&quot;__ref&quot;:&quot;Link:flights&quot;},{&quot;__ref&quot;:&quot;Link:packages&quot;},{&quot;__ref&quot;:&quot;Link:cars&quot;},{&quot;__ref&quot;:&quot;Link:attractions&quot;},{&quot;__ref&quot;:&quot;Link:airport_taxis&quot;}],&quot;links&quot;:[{&quot;__ref&quot;:&quot;Link:logo&quot;},{&quot;__ref&quot;:&quot;Link:sign_in&quot;},{&quot;__ref&quot;:&quot;Link:register&quot;},{&quot;__ref&quot;:&quot;Link:sign_out&quot;},{&quot;__ref&quot;:&quot;Link:dashboard&quot;},{&quot;__ref&quot;:&quot;Link:settings&quot;},{&quot;__ref&quot;:&quot;Link:bookings&quot;},{&quot;__ref&quot;:&quot;Link:manage_your_trips&quot;},{&quot;__ref&quot;:&quot;Link:rewards_wallet&quot;},{&quot;__ref&quot;:&quot;Link:terms_and_conditions&quot;},{&quot;__ref&quot;:&quot;Link:privacy&quot;},{&quot;__ref&quot;:&quot;Link:help_center&quot;},{&quot;__ref&quot;:&quot;Link:travel_articles&quot;},{&quot;__ref&quot;:&quot;Link:travel_communities&quot;},{&quot;__ref&quot;:&quot;Link:about&quot;},{&quot;__ref&quot;:&quot;Link:careers&quot;},{&quot;__ref&quot;:&quot;Link:press_center&quot;},{&quot;__ref&quot;:&quot;Link:legal&quot;},{&quot;__ref&quot;:&quot;Link:covid19_info&quot;},{&quot;__ref&quot;:&quot;Link:trust_and_safety&quot;},{&quot;__ref&quot;:&quot;Link:genius_loyalty&quot;},{&quot;__ref&quot;:&quot;Link:deals_index&quot;},{&quot;__ref&quot;:&quot;Link:booking_business&quot;},{&quot;__ref&quot;:&quot;Link:extranet_login_footer&quot;},{&quot;__ref&quot;:&quot;Link:partner_help_footer&quot;},{&quot;__ref&quot;:&quot;Link:become_affiliate&quot;},{&quot;__ref&quot;:&quot;Link:how_we_work&quot;},{&quot;__ref&quot;:&quot;Link:sustainability&quot;},{&quot;__ref&quot;:&quot;Link:investor_relations&quot;},{&quot;__ref&quot;:&quot;Link:corp_contact&quot;},{&quot;__ref&quot;:&quot;Link:compliance_and_ethics&quot;},{&quot;__ref&quot;:&quot;Link:dispute_resolution&quot;},{&quot;__ref&quot;:&quot;Link:list_your_property_footer&quot;},{&quot;__ref&quot;:&quot;Link:country&quot;},{&quot;__ref&quot;:&quot;Link:region&quot;},{&quot;__ref&quot;:&quot;Link:city&quot;},{&quot;__ref&quot;:&quot;Link:district&quot;},{&quot;__ref&quot;:&quot;Link:airport&quot;},{&quot;__ref&quot;:&quot;Link:hotel&quot;},{&quot;__ref&quot;:&quot;Link:landmark&quot;},{&quot;__ref&quot;:&quot;Link:booking_home&quot;},{&quot;__ref&quot;:&quot;Link:apartments&quot;},{&quot;__ref&quot;:&quot;Link:resorts&quot;},{&quot;__ref&quot;:&quot;Link:villas&quot;},{&quot;__ref&quot;:&quot;Link:hostels&quot;},{&quot;__ref&quot;:&quot;Link:bed_and_breakfast&quot;},{&quot;__ref&quot;:&quot;Link:guest_house&quot;},{&quot;__ref&quot;:&quot;Link:unique_places&quot;},{&quot;__ref&quot;:&quot;Link:monthly_stays&quot;},{&quot;__ref&quot;:&quot;Link:reviews&quot;},{&quot;__ref&quot;:&quot;Link:my_wishlist&quot;},{&quot;__ref&quot;:&quot;Link:my_reviews&quot;},{&quot;__ref&quot;:&quot;Link:traveller_awards&quot;},{&quot;__ref&quot;:&quot;Link:car_hire&quot;},{&quot;__ref&quot;:&quot;Link:flight_finder&quot;},{&quot;__ref&quot;:&quot;Link:restaurant_reservations&quot;},{&quot;__ref&quot;:&quot;Link:travel_agents&quot;}],&quot;languages&quot;:{&quot;__typename&quot;:&quot;Languages&quot;,&quot;all&quot;:[{&quot;__ref&quot;:&quot;Language:{\&quot;code\&quot;:\&quot;en-gb\&quot;}&quot;},{&quot;__ref&quot;:&quot;Language:{\&quot;code\&quot;:\&quot;en-us\&quot;}&quot;},{&quot;__ref&quot;:&quot;Language:{\&quot;code\&quot;:\&quot;de\&quot;}&quot;},{&quot;__ref&quot;:&quot;Language:{\&quot;code\&quot;:\&quot;nl\&quot;}&quot;},{&quot;__ref&quot;:&quot;Language:{\&quot;code\&quot;:\&quot;fr\&quot;}&quot;},{&quot;__ref&quot;:&quot;Language:{\&quot;code\&quot;:\&quot;es\&quot;}&quot;},{&quot;__ref&quot;:&quot;Language:{\&quot;code\&quot;:\&quot;es-ar\&quot;}&quot;},{&quot;__ref&quot;:&quot;Language:{\&quot;code\&quot;:\&quot;es-mx\&quot;}&quot;},{&quot;__ref&quot;:&quot;Language:{\&quot;code\&quot;:\&quot;ca\&quot;}&quot;},{&quot;__ref&quot;:&quot;Language:{\&quot;code\&quot;:\&quot;it\&quot;}&quot;},{&quot;__ref&quot;:&quot;Language:{\&quot;code\&quot;:\&quot;pt-pt\&quot;}&quot;},{&quot;__ref&quot;:&quot;Language:{\&quot;code\&quot;:\&quot;pt-br\&quot;}&quot;},{&quot;__ref&quot;:&quot;Language:{\&quot;code\&quot;:\&quot;no\&quot;}&quot;},{&quot;__ref&quot;:&quot;Language:{\&quot;code\&quot;:\&quot;fi\&quot;}&quot;},{&quot;__ref&quot;:&quot;Language:{\&quot;code\&quot;:\&quot;sv\&quot;}&quot;},{&quot;__ref&quot;:&quot;Language:{\&quot;code\&quot;:\&quot;da\&quot;}&quot;},{&quot;__ref&quot;:&quot;Language:{\&quot;code\&quot;:\&quot;cs\&quot;}&quot;},{&quot;__ref&quot;:&quot;Language:{\&quot;code\&quot;:\&quot;hu\&quot;}&quot;},{&quot;__ref&quot;:&quot;Language:{\&quot;code\&quot;:\&quot;ro\&quot;}&quot;},{&quot;__ref&quot;:&quot;Language:{\&quot;code\&quot;:\&quot;ja\&quot;}&quot;},{&quot;__ref&quot;:&quot;Language:{\&quot;code\&quot;:\&quot;zh-cn\&quot;}&quot;},{&quot;__ref&quot;:&quot;Language:{\&quot;code\&quot;:\&quot;zh-tw\&quot;}&quot;},{&quot;__ref&quot;:&quot;Language:{\&quot;code\&quot;:\&quot;pl\&quot;}&quot;},{&quot;__ref&quot;:&quot;Language:{\&quot;code\&quot;:\&quot;el\&quot;}&quot;},{&quot;__ref&quot;:&quot;Language:{\&quot;code\&quot;:\&quot;ru\&quot;}&quot;},{&quot;__ref&quot;:&quot;Language:{\&quot;code\&quot;:\&quot;tr\&quot;}&quot;},{&quot;__ref&quot;:&quot;Language:{\&quot;code\&quot;:\&quot;bg\&quot;}&quot;},{&quot;__ref&quot;:&quot;Language:{\&quot;code\&quot;:\&quot;ar\&quot;}&quot;},{&quot;__ref&quot;:&quot;Language:{\&quot;code\&quot;:\&quot;ko\&quot;}&quot;},{&quot;__ref&quot;:&quot;Language:{\&quot;code\&quot;:\&quot;he\&quot;}&quot;},{&quot;__ref&quot;:&quot;Language:{\&quot;code\&quot;:\&quot;lv\&quot;}&quot;},{&quot;__ref&quot;:&quot;Language:{\&quot;code\&quot;:\&quot;uk\&quot;}&quot;},{&quot;__ref&quot;:&quot;Language:{\&quot;code\&quot;:\&quot;hi\&quot;}&quot;},{&quot;__ref&quot;:&quot;Language:{\&quot;code\&quot;:\&quot;id\&quot;}&quot;},{&quot;__ref&quot;:&quot;Language:{\&quot;code\&quot;:\&quot;ms\&quot;}&quot;},{&quot;__ref&quot;:&quot;Language:{\&quot;code\&quot;:\&quot;th\&quot;}&quot;},{&quot;__ref&quot;:&quot;Language:{\&quot;code\&quot;:\&quot;et\&quot;}&quot;},{&quot;__ref&quot;:&quot;Language:{\&quot;code\&quot;:\&quot;hr\&quot;}&quot;},{&quot;__ref&quot;:&quot;Language:{\&quot;code\&quot;:\&quot;lt\&quot;}&quot;},{&quot;__ref&quot;:&quot;Language:{\&quot;code\&quot;:\&quot;sk\&quot;}&quot;},{&quot;__ref&quot;:&quot;Language:{\&quot;code\&quot;:\&quot;sr\&quot;}&quot;},{&quot;__ref&quot;:&quot;Language:{\&quot;code\&quot;:\&quot;sl\&quot;}&quot;},{&quot;__ref&quot;:&quot;Language:{\&quot;code\&quot;:\&quot;vi\&quot;}&quot;},{&quot;__ref&quot;:&quot;Language:{\&quot;code\&quot;:\&quot;tl\&quot;}&quot;},{&quot;__ref&quot;:&quot;Language:{\&quot;code\&quot;:\&quot;is\&quot;}&quot;}],&quot;popular&quot;:[{&quot;__ref&quot;:&quot;Language:{\&quot;code\&quot;:\&quot;en-us\&quot;}&quot;},{&quot;__ref&quot;:&quot;Language:{\&quot;code\&quot;:\&quot;en-gb\&quot;}&quot;},{&quot;__ref&quot;:&quot;Language:{\&quot;code\&quot;:\&quot;es\&quot;}&quot;},{&quot;__ref&quot;:&quot;Language:{\&quot;code\&quot;:\&quot;zh-cn\&quot;}&quot;},{&quot;__ref&quot;:&quot;Language:{\&quot;code\&quot;:\&quot;ru\&quot;}&quot;},{&quot;__ref&quot;:&quot;Language:{\&quot;code\&quot;:\&quot;ja\&quot;}&quot;}],&quot;selectedLanguage&quot;:&quot;en-us&quot;},&quot;currencies&quot;:{&quot;__typename&quot;:&quot;Currencies&quot;,&quot;all&quot;:[{&quot;__ref&quot;:&quot;Currency:{\&quot;code\&quot;:\&quot;hotel_currency\&quot;}&quot;},{&quot;__ref&quot;:&quot;Currency:{\&quot;code\&quot;:\&quot;ARS\&quot;}&quot;},{&quot;__ref&quot;:&quot;Currency:{\&quot;code\&quot;:\&quot;AUD\&quot;}&quot;},{&quot;__ref&quot;:&quot;Currency:{\&quot;code\&quot;:\&quot;AZN\&quot;}&quot;},{&quot;__ref&quot;:&quot;Currency:{\&quot;code\&quot;:\&quot;BHD\&quot;}&quot;},{&quot;__ref&quot;:&quot;Currency:{\&quot;code\&quot;:\&quot;BRL\&quot;}&quot;},{&quot;__ref&quot;:&quot;Currency:{\&quot;code\&quot;:\&quot;BGN\&quot;}&quot;},{&quot;__ref&quot;:&quot;Currency:{\&quot;code\&quot;:\&quot;CAD\&quot;}&quot;},{&quot;__ref&quot;:&quot;Currency:{\&quot;code\&quot;:\&quot;CLP\&quot;}&quot;},{&quot;__ref&quot;:&quot;Currency:{\&quot;code\&quot;:\&quot;CNY\&quot;}&quot;},{&quot;__ref&quot;:&quot;Currency:{\&quot;code\&quot;:\&quot;COP\&quot;}&quot;},{&quot;__ref&quot;:&quot;Currency:{\&quot;code\&quot;:\&quot;CZK\&quot;}&quot;},{&quot;__ref&quot;:&quot;Currency:{\&quot;code\&quot;:\&quot;DKK\&quot;}&quot;},{&quot;__ref&quot;:&quot;Currency:{\&quot;code\&quot;:\&quot;EGP\&quot;}&quot;},{&quot;__ref&quot;:&quot;Currency:{\&quot;code\&quot;:\&quot;EUR\&quot;}&quot;},{&quot;__ref&quot;:&quot;Currency:{\&quot;code\&quot;:\&quot;FJD\&quot;}&quot;},{&quot;__ref&quot;:&quot;Currency:{\&quot;code\&quot;:\&quot;GEL\&quot;}&quot;},{&quot;__ref&quot;:&quot;Currency:{\&quot;code\&quot;:\&quot;HKD\&quot;}&quot;},{&quot;__ref&quot;:&quot;Currency:{\&quot;code\&quot;:\&quot;HUF\&quot;}&quot;},{&quot;__ref&quot;:&quot;Currency:{\&quot;code\&quot;:\&quot;INR\&quot;}&quot;},{&quot;__ref&quot;:&quot;Currency:{\&quot;code\&quot;:\&quot;IDR\&quot;}&quot;},{&quot;__ref&quot;:&quot;Currency:{\&quot;code\&quot;:\&quot;ILS\&quot;}&quot;},{&quot;__ref&quot;:&quot;Currency:{\&quot;code\&quot;:\&quot;JPY\&quot;}&quot;},{&quot;__ref&quot;:&quot;Currency:{\&quot;code\&quot;:\&quot;JOD\&quot;}&quot;},{&quot;__ref&quot;:&quot;Currency:{\&quot;code\&quot;:\&quot;KZT\&quot;}&quot;},{&quot;__ref&quot;:&quot;Currency:{\&quot;code\&quot;:\&quot;KWD\&quot;}&quot;},{&quot;__ref&quot;:&quot;Currency:{\&quot;code\&quot;:\&quot;MYR\&quot;}&quot;},{&quot;__ref&quot;:&quot;Currency:{\&quot;code\&quot;:\&quot;MXN\&quot;}&quot;},{&quot;__ref&quot;:&quot;Currency:{\&quot;code\&quot;:\&quot;MDL\&quot;}&quot;},{&quot;__ref&quot;:&quot;Currency:{\&quot;code\&quot;:\&quot;NAD\&quot;}&quot;},{&quot;__ref&quot;:&quot;Currency:{\&quot;code\&quot;:\&quot;TWD\&quot;}&quot;},{&quot;__ref&quot;:&quot;Currency:{\&quot;code\&quot;:\&quot;NZD\&quot;}&quot;},{&quot;__ref&quot;:&quot;Currency:{\&quot;code\&quot;:\&quot;NOK\&quot;}&quot;},{&quot;__ref&quot;:&quot;Currency:{\&quot;code\&quot;:\&quot;OMR\&quot;}&quot;},{&quot;__ref&quot;:&quot;Currency:{\&quot;code\&quot;:\&quot;PLN\&quot;}&quot;},{&quot;__ref&quot;:&quot;Currency:{\&quot;code\&quot;:\&quot;GBP\&quot;}&quot;},{&quot;__ref&quot;:&quot;Currency:{\&quot;code\&quot;:\&quot;QAR\&quot;}&quot;},{&quot;__ref&quot;:&quot;Currency:{\&quot;code\&quot;:\&quot;RON\&quot;}&quot;},{&quot;__ref&quot;:&quot;Currency:{\&quot;code\&quot;:\&quot;RUB\&quot;}&quot;},{&quot;__ref&quot;:&quot;Currency:{\&quot;code\&quot;:\&quot;SAR\&quot;}&quot;},{&quot;__ref&quot;:&quot;Currency:{\&quot;code\&quot;:\&quot;SGD\&quot;}&quot;},{&quot;__ref&quot;:&quot;Currency:{\&quot;code\&quot;:\&quot;ZAR\&quot;}&quot;},{&quot;__ref&quot;:&quot;Currency:{\&quot;code\&quot;:\&quot;KRW\&quot;}&quot;},{&quot;__ref&quot;:&quot;Currency:{\&quot;code\&quot;:\&quot;SEK\&quot;}&quot;},{&quot;__ref&quot;:&quot;Currency:{\&quot;code\&quot;:\&quot;CHF\&quot;}&quot;},{&quot;__ref&quot;:&quot;Currency:{\&quot;code\&quot;:\&quot;THB\&quot;}&quot;},{&quot;__ref&quot;:&quot;Currency:{\&quot;code\&quot;:\&quot;TRY\&quot;}&quot;},{&quot;__ref&quot;:&quot;Currency:{\&quot;code\&quot;:\&quot;USD\&quot;}&quot;},{&quot;__ref&quot;:&quot;Currency:{\&quot;code\&quot;:\&quot;UAH\&quot;}&quot;},{&quot;__ref&quot;:&quot;Currency:{\&quot;code\&quot;:\&quot;AED\&quot;}&quot;},{&quot;__ref&quot;:&quot;Currency:{\&quot;code\&quot;:\&quot;XOF\&quot;}&quot;}],&quot;top&quot;:[{&quot;__ref&quot;:&quot;Currency:{\&quot;code\&quot;:\&quot;USD\&quot;}&quot;},{&quot;__ref&quot;:&quot;Currency:{\&quot;code\&quot;:\&quot;INR\&quot;}&quot;},{&quot;__ref&quot;:&quot;Currency:{\&quot;code\&quot;:\&quot;EUR\&quot;}&quot;},{&quot;__ref&quot;:&quot;Currency:{\&quot;code\&quot;:\&quot;GBP\&quot;}&quot;},{&quot;__ref&quot;:&quot;Currency:{\&quot;code\&quot;:\&quot;AUD\&quot;}&quot;},{&quot;__ref&quot;:&quot;Currency:{\&quot;code\&quot;:\&quot;CAD\&quot;}&quot;},{&quot;__ref&quot;:&quot;Currency:{\&quot;code\&quot;:\&quot;THB\&quot;}&quot;}]},&quot;guestAccount&quot;:null,&quot;affiliateSettings&quot;:null},&quot;incentiveQueries&quot;:{&quot;__typename&quot;:&quot;IncentiveQueries&quot;,&quot;IncentiveDetailsV1&quot;:{&quot;__typename&quot;:&quot;IncentiveDetails&quot;,&quot;isEmpty&quot;:true,&quot;autoApply&quot;:null,&quot;campaign_tag&quot;:null,&quot;coupon_code&quot;:null,&quot;source&quot;:null,&quot;componentsConfig&quot;:null}},&quot;merchComponents({\&quot;input\&quot;:{\&quot;pageInput\&quot;:{\&quot;searchResultsPageInput\&quot;:{\&quot;destId\&quot;:261060,\&quot;destType\&quot;:\&quot;LANDMARK\&quot;}},\&quot;regionsIds\&quot;:[\&quot;sr_global_alerts\&quot;]}})&quot;:{&quot;__typename&quot;:&quot;MerchComponentsResult&quot;,&quot;regions&quot;:[]}},&quot;SrPropertySustainabilityFacility:436&quot;:{&quot;id&quot;:436,&quot;__typename&quot;:&quot;SrPropertySustainabilityFacility&quot;},&quot;SrPropertySustainabilityFacility:445&quot;:{&quot;id&quot;:445,&quot;__typename&quot;:&quot;SrPropertySustainabilityFacility&quot;},&quot;SrPropertySustainabilityFacility:446&quot;:{&quot;id&quot;:446,&quot;__typename&quot;:&quot;SrPropertySustainabilityFacility&quot;},&quot;SrPropertySustainabilityFacility:502&quot;:{&quot;id&quot;:502,&quot;__typename&quot;:&quot;SrPropertySustainabilityFacility&quot;},&quot;SrPropertySustainabilityFacility:439&quot;:{&quot;id&quot;:439,&quot;__typename&quot;:&quot;SrPropertySustainabilityFacility&quot;},&quot;SrPropertySustainabilityFacility:440&quot;:{&quot;id&quot;:440,&quot;__typename&quot;:&quot;SrPropertySustainabilityFacility&quot;},&quot;SrPropertySustainabilityFacility:442&quot;:{&quot;id&quot;:442,&quot;__typename&quot;:&quot;SrPropertySustainabilityFacility&quot;},&quot;SrPropertySustainabilityFacility:443&quot;:{&quot;id&quot;:443,&quot;__typename&quot;:&quot;SrPropertySustainabilityFacility&quot;},&quot;SrPropertySustainabilityFacility:444&quot;:{&quot;id&quot;:444,&quot;__typename&quot;:&quot;SrPropertySustainabilityFacility&quot;},&quot;SrPropertySustainabilityFacility:448&quot;:{&quot;id&quot;:448,&quot;__typename&quot;:&quot;SrPropertySustainabilityFacility&quot;},&quot;SrPropertySustainabilityFacility:490&quot;:{&quot;id&quot;:490,&quot;__typename&quot;:&quot;SrPropertySustainabilityFacility&quot;},&quot;SrPropertySustainabilityFacility:491&quot;:{&quot;id&quot;:491,&quot;__typename&quot;:&quot;SrPropertySustainabilityFacility&quot;},&quot;SrPropertySustainabilityFacility:492&quot;:{&quot;id&quot;:492,&quot;__typename&quot;:&quot;SrPropertySustainabilityFacility&quot;},&quot;SrPropertySustainabilityFacility:493&quot;:{&quot;id&quot;:493,&quot;__typename&quot;:&quot;SrPropertySustainabilityFacility&quot;},&quot;SrPropertySustainabilityFacility:494&quot;:{&quot;id&quot;:494,&quot;__typename&quot;:&quot;SrPropertySustainabilityFacility&quot;},&quot;SrPropertySustainabilityFacility:496&quot;:{&quot;id&quot;:496,&quot;__typename&quot;:&quot;SrPropertySustainabilityFacility&quot;},&quot;SrPropertySustainabilityFacility:499&quot;:{&quot;id&quot;:499,&quot;__typename&quot;:&quot;SrPropertySustainabilityFacility&quot;},&quot;SrPropertySustainabilityFacility:503&quot;:{&quot;id&quot;:503,&quot;__typename&quot;:&quot;SrPropertySustainabilityFacility&quot;},&quot;SrPropertySustainabilityFacility:506&quot;:{&quot;id&quot;:506,&quot;__typename&quot;:&quot;SrPropertySustainabilityFacility&quot;},&quot;SrPropertySustainabilityFacility:182&quot;:{&quot;id&quot;:182,&quot;__typename&quot;:&quot;SrPropertySustainabilityFacility&quot;},&quot;SrPropertySustainabilityFacility:500&quot;:{&quot;id&quot;:500,&quot;__typename&quot;:&quot;SrPropertySustainabilityFacility&quot;},&quot;SrPropertySustainabilityFacility:489&quot;:{&quot;id&quot;:489,&quot;__typename&quot;:&quot;SrPropertySustainabilityFacility&quot;},&quot;SrPropertySustainabilityFacility:497&quot;:{&quot;id&quot;:497,&quot;__typename&quot;:&quot;SrPropertySustainabilityFacility&quot;},&quot;SrPropertySustainabilityFacility:505&quot;:{&quot;id&quot;:505,&quot;__typename&quot;:&quot;SrPropertySustainabilityFacility&quot;},&quot;SrPropertySustainabilityFacility:435&quot;:{&quot;id&quot;:435,&quot;__typename&quot;:&quot;SrPropertySustainabilityFacility&quot;},&quot;SrPropertySustainabilityFacility:441&quot;:{&quot;id&quot;:441,&quot;__typename&quot;:&quot;SrPropertySustainabilityFacility&quot;},&quot;SrPropertySustainabilityFacility:495&quot;:{&quot;id&quot;:495,&quot;__typename&quot;:&quot;SrPropertySustainabilityFacility&quot;},&quot;SrPropertySustainabilityFacility:504&quot;:{&quot;id&quot;:504,&quot;__typename&quot;:&quot;SrPropertySustainabilityFacility&quot;},&quot;Link:accommodations&quot;:{&quot;id&quot;:&quot;accommodations&quot;,&quot;__typename&quot;:&quot;Link&quot;,&quot;label&quot;:&quot;Stays&quot;,&quot;url&quot;:&quot;https://www.booking.com/index.html&quot;,&quot;icon&quot;:&quot;building_house&quot;},&quot;Link:flights&quot;:{&quot;id&quot;:&quot;flights&quot;,&quot;__typename&quot;:&quot;Link&quot;,&quot;label&quot;:&quot;Flights&quot;,&quot;url&quot;:&quot;https://booking.com/flights/index.html?sid=4d6ba12c187d02b81beec9d404a74d7f&quot;,&quot;icon&quot;:&quot;airplane&quot;},&quot;Link:packages&quot;:{&quot;id&quot;:&quot;packages&quot;,&quot;__typename&quot;:&quot;Link&quot;,&quot;label&quot;:&quot;Flight + Hotel&quot;,&quot;url&quot;:&quot;https://www.booking.com/packages.html?sid=4d6ba12c187d02b81beec9d404a74d7f\u0026aid=304142\u0026label=gen000nr-10CAQoggJCD2xhbmRtYXJrXzI2MTA2MEgzWARo7AGIAQGYATO4AQXIAQXYAQPoAQH4AQGIAgGoAgG4AtrfkKgGwAIB0gIkOWIzM2E5MTMtNDMwZC00YzZmLTg5Y2ItZmU2OWJjYjc3MDc02AIB4AIB\u0026_use_ampersand_separator=1\u0026_I_mean_really_use_ampersand_separator=1&quot;,&quot;icon&quot;:&quot;suitcase&quot;},&quot;Link:cars&quot;:{&quot;id&quot;:&quot;cars&quot;,&quot;__typename&quot;:&quot;Link&quot;,&quot;label&quot;:&quot;Car rentals&quot;,&quot;url&quot;:&quot;https://www.booking.com/cars/index.html&quot;,&quot;icon&quot;:&quot;car_front&quot;},&quot;Link:attractions&quot;:{&quot;id&quot;:&quot;attractions&quot;,&quot;__typename&quot;:&quot;Link&quot;,&quot;label&quot;:&quot;Attractions&quot;,&quot;url&quot;:&quot;https://www.booking.com/attractions/index.html&quot;,&quot;icon&quot;:&quot;attractions&quot;},&quot;Link:airport_taxis&quot;:{&quot;id&quot;:&quot;airport_taxis&quot;,&quot;__typename&quot;:&quot;Link&quot;,&quot;label&quot;:&quot;Airport taxis&quot;,&quot;url&quot;:&quot;https://www.booking.com/taxi/index.html&quot;,&quot;icon&quot;:&quot;taxi&quot;},&quot;Link:logo&quot;:{&quot;id&quot;:&quot;logo&quot;,&quot;__typename&quot;:&quot;Link&quot;,&quot;label&quot;:&quot;Booking.com&quot;,&quot;subLabel&quot;:null,&quot;url&quot;:&quot;https://www.booking.com/index.html&quot;,&quot;icon&quot;:&quot;logo&quot;,&quot;attributes&quot;:null},&quot;Link:sign_in&quot;:{&quot;id&quot;:&quot;sign_in&quot;,&quot;__typename&quot;:&quot;Link&quot;,&quot;label&quot;:&quot;Sign in&quot;,&quot;subLabel&quot;:null,&quot;url&quot;:&quot;https://account.booking.com/auth/oauth2&quot;,&quot;icon&quot;:&quot;user&quot;,&quot;attributes&quot;:{&quot;__typename&quot;:&quot;ShellAuthLinkAttributes&quot;,&quot;callback&quot;:null,&quot;clientId&quot;:&quot;vO1Kblk7xX9tUn2cpZLS&quot;,&quot;csrfToken&quot;:&quot;GmgEZQAAAAA=DCwzLSL8-Qc7wDCR_kNwN6W5y1aVcGmWBsi1qc0b_3pxcp6bWAShXRO2jX_Kx_s1OF8YszcSmVrVsYsrtlcl3xJMWNQ2bALLvVzP7mH2rjHMTLB6EGobBphx2qIDfko6JyL0iJGl5b5a-cJ-1l1CKTX8KzsLScpi_v7INm6_dTrxaRRozeAm9YZWWkwRFMgHltDkFrb7mGjl01Dz-gOgvDwsLp_nwkAfwjWfzg&quot;,&quot;redirectUri&quot;:&quot;https://www.booking.com/searchresults.html?dest_id=261060\u0026dest_type=landmark\u0026si=ai%2Cco%2Cci%2Cre%2Cla%2Cdi&quot;,&quot;state&quot;:null}},&quot;Link:register&quot;:{&quot;id&quot;:&quot;register&quot;,&quot;__typename&quot;:&quot;Link&quot;,&quot;label&quot;:&quot;Register&quot;,&quot;subLabel&quot;:null,&quot;url&quot;:&quot;https://account.booking.com/auth/oauth2&quot;,&quot;icon&quot;:null,&quot;attributes&quot;:{&quot;__typename&quot;:&quot;ShellAuthLinkAttributes&quot;,&quot;callback&quot;:null,&quot;clientId&quot;:&quot;vO1Kblk7xX9tUn2cpZLS&quot;,&quot;csrfToken&quot;:&quot;GmgEZQAAAAA=DCwzLSL8-Qc7wDCR_kNwN6W5y1aVcGmWBsi1qc0b_3pxcp6bWAShXRO2jX_Kx_s1OF8YszcSmVrVsYsrtlcl3xJMWNQ2bALLvVzP7mH2rjHMTLB6EGobBphx2qIDfko6JyL0iJGl5b5a-cJ-1l1CKTX8KzsLScpi_v7INm6_dTrxaRRozeAm9YZWWkwRFMgHltDkFrb7mGjl01Dz-gOgvDwsLp_nwkAfwjWfzg&quot;,&quot;redirectUri&quot;:&quot;https://www.booking.com/searchresults.html?dest_id=261060\u0026dest_type=landmark\u0026si=ai%2Cco%2Cci%2Cre%2Cla%2Cdi&quot;,&quot;state&quot;:null}},&quot;Link:sign_out&quot;:{&quot;id&quot;:&quot;sign_out&quot;,&quot;__typename&quot;:&quot;Link&quot;,&quot;label&quot;:&quot;Sign out&quot;,&quot;subLabel&quot;:null,&quot;url&quot;:&quot;https://account.booking.com/sso/logout/v2&quot;,&quot;icon&quot;:&quot;sign-out&quot;,&quot;attributes&quot;:{&quot;__typename&quot;:&quot;ShellAuthLinkAttributes&quot;,&quot;callback&quot;:&quot;https://secure.booking.com/login.html?op=oauth_return&quot;,&quot;clientId&quot;:&quot;vO1Kblk7xX9tUn2cpZLS&quot;,&quot;csrfToken&quot;:&quot;GmgEZQAAAAA=DCwzLSL8-Qc7wDCR_kNwN6W5y1aVcGmWBsi1qc0b_3pxcp6bWAShXRO2jX_Kx_s1OF8YszcSmVrVsYsrtlcl3xJMWNQ2bALLvVzP7mH2rjHMTLB6EGobBphx2qIDfko6JyL0iJGl5b5a-cJ-1l1CKTX8KzsLScpi_v7INm6_dTrxaRRozeAm9YZWWkwRFMgHltDkFrb7mGjl01Dz-gOgvDwsLp_nwkAfwjWfzg&quot;,&quot;redirectUri&quot;:&quot;https://www.booking.com/searchresults.html?dest_id=261060\u0026dest_type=landmark\u0026si=ai%2Cco%2Cci%2Cre%2Cla%2Cdi&quot;,&quot;state&quot;:&quot;UpgCnPCIIMj4ET_lfR8DARsauT1dTtJOFhFD0Pj7OhkfFVgDcOuDbAxvpFagS6YW6WebdSDImY62HpFrdk-m2KOaMG85tdDBIkaJDyxdT7wQLRoH_Rtpe57LHhz-PuU9CwGyO0ucZ1h1CLPNwYt_ZgQyZ1LQjD6D-k8542A5_NEEw6OsBEi6b0EexZMG7b4uZsYcXcDNMlef4dIogbjDUfQLvKKLdUS3fxeKZ8Xmqv6KgskCbKZ9KSKhB5FewmoxVZz6rQXGaGKwL4WQmkMOU_TWp--MkU8DmOYLsp7gofAF53NiiPNtehN0ZkscC_lhrqU7zqAMPCDQd4yBfSRj9JlNAljPBvBSGZuEt1PFlnTKxMhJrGn90BVqvw&quot;}},&quot;Link:dashboard&quot;:{&quot;id&quot;:&quot;dashboard&quot;,&quot;__typename&quot;:&quot;Link&quot;,&quot;label&quot;:&quot;My Dashboard&quot;,&quot;subLabel&quot;:null,&quot;url&quot;:&quot;https://secure.booking.com/mydashboard.html&quot;,&quot;icon&quot;:null,&quot;attributes&quot;:null},&quot;Link:settings&quot;:{&quot;id&quot;:&quot;settings&quot;,&quot;__typename&quot;:&quot;Link&quot;,&quot;label&quot;:&quot;Manage account&quot;,&quot;subLabel&quot;:null,&quot;url&quot;:&quot;https://secure.booking.com/mysettings.html&quot;,&quot;icon&quot;:null,&quot;attributes&quot;:null},&quot;Link:bookings&quot;:{&quot;id&quot;:&quot;bookings&quot;,&quot;__typename&quot;:&quot;Link&quot;,&quot;label&quot;:&quot;Bookings \u0026 Trips&quot;,&quot;subLabel&quot;:null,&quot;url&quot;:&quot;https://secure.booking.com/myreservations.html&quot;,&quot;icon&quot;:&quot;suitcase&quot;,&quot;attributes&quot;:null},&quot;Link:manage_your_trips&quot;:{&quot;id&quot;:&quot;manage_your_trips&quot;,&quot;__typename&quot;:&quot;Link&quot;,&quot;label&quot;:&quot;Manage your trips&quot;,&quot;subLabel&quot;:null,&quot;url&quot;:&quot;https://secure.booking.com/content/cs.html&quot;,&quot;icon&quot;:null,&quot;attributes&quot;:null},&quot;Link:rewards_wallet&quot;:{&quot;id&quot;:&quot;rewards_wallet&quot;,&quot;__typename&quot;:&quot;Link&quot;,&quot;label&quot;:&quot;Rewards \u0026 Wallet&quot;,&quot;subLabel&quot;:null,&quot;url&quot;:&quot;https://secure.booking.com/rewards_and_wallet.html&quot;,&quot;icon&quot;:&quot;wallet&quot;,&quot;attributes&quot;:null},&quot;Link:terms_and_conditions&quot;:{&quot;id&quot;:&quot;terms_and_conditions&quot;,&quot;__typename&quot;:&quot;Link&quot;,&quot;label&quot;:&quot;Terms \u0026 conditions&quot;,&quot;subLabel&quot;:null,&quot;url&quot;:&quot;https://www.booking.com/content/terms.html&quot;,&quot;icon&quot;:null,&quot;attributes&quot;:null},&quot;Link:privacy&quot;:{&quot;id&quot;:&quot;privacy&quot;,&quot;__typename&quot;:&quot;Link&quot;,&quot;label&quot;:&quot;Privacy \u0026 cookies&quot;,&quot;subLabel&quot;:null,&quot;url&quot;:&quot;https://www.booking.com/content/privacy.html&quot;,&quot;icon&quot;:null,&quot;attributes&quot;:null},&quot;Link:help_center&quot;:{&quot;id&quot;:&quot;help_center&quot;,&quot;__typename&quot;:&quot;Link&quot;,&quot;label&quot;:&quot;Customer Service help&quot;,&quot;subLabel&quot;:null,&quot;url&quot;:&quot;https://secure.booking.com/content/cs.html&quot;,&quot;icon&quot;:&quot;help_center&quot;,&quot;attributes&quot;:null},&quot;Link:travel_articles&quot;:{&quot;id&quot;:&quot;travel_articles&quot;,&quot;__typename&quot;:&quot;Link&quot;,&quot;label&quot;:&quot;Travel articles&quot;,&quot;subLabel&quot;:null,&quot;url&quot;:&quot;https://www.booking.com/articles.html&quot;,&quot;icon&quot;:&quot;book&quot;,&quot;attributes&quot;:null},&quot;Link:travel_communities&quot;:{&quot;id&quot;:&quot;travel_communities&quot;,&quot;__typename&quot;:&quot;Link&quot;,&quot;label&quot;:&quot;Travel communities&quot;,&quot;subLabel&quot;:null,&quot;url&quot;:&quot;https://community.booking.com/&quot;,&quot;icon&quot;:&quot;group&quot;,&quot;attributes&quot;:null},&quot;Link:about&quot;:{&quot;id&quot;:&quot;about&quot;,&quot;__typename&quot;:&quot;Link&quot;,&quot;label&quot;:&quot;About Booking.com&quot;,&quot;subLabel&quot;:null,&quot;url&quot;:&quot;https://www.booking.com/general.html&quot;,&quot;icon&quot;:&quot;info_sign&quot;,&quot;attributes&quot;:null},&quot;Link:careers&quot;:{&quot;id&quot;:&quot;careers&quot;,&quot;__typename&quot;:&quot;Link&quot;,&quot;label&quot;:&quot;Careers&quot;,&quot;subLabel&quot;:null,&quot;url&quot;:&quot;https://careers.booking.com&quot;,&quot;icon&quot;:&quot;job_search_profile&quot;,&quot;attributes&quot;:null},&quot;Link:press_center&quot;:{&quot;id&quot;:&quot;press_center&quot;,&quot;__typename&quot;:&quot;Link&quot;,&quot;label&quot;:&quot;Press center&quot;,&quot;subLabel&quot;:null,&quot;url&quot;:&quot;https://news.booking.com/en-us&quot;,&quot;icon&quot;:&quot;newspapers&quot;,&quot;attributes&quot;:null},&quot;Link:legal&quot;:{&quot;id&quot;:&quot;legal&quot;,&quot;__typename&quot;:&quot;Link&quot;,&quot;label&quot;:&quot;Legal&quot;,&quot;subLabel&quot;:null,&quot;url&quot;:&quot;https://www.booking.com/content/legal.html&quot;,&quot;icon&quot;:&quot;comparison&quot;,&quot;attributes&quot;:null},&quot;Link:covid19_info&quot;:{&quot;id&quot;:&quot;covid19_info&quot;,&quot;__typename&quot;:&quot;Link&quot;,&quot;label&quot;:&quot;Coronavirus (COVID-19) FAQs&quot;,&quot;subLabel&quot;:null,&quot;url&quot;:&quot;https://www.booking.com/covid_19.html&quot;,&quot;icon&quot;:null,&quot;attributes&quot;:null},&quot;Link:trust_and_safety&quot;:{&quot;id&quot;:&quot;trust_and_safety&quot;,&quot;__typename&quot;:&quot;Link&quot;,&quot;label&quot;:&quot;Safety Resource Center&quot;,&quot;subLabel&quot;:null,&quot;url&quot;:&quot;https://www.booking.com/trust_and_safety.html&quot;,&quot;icon&quot;:null,&quot;attributes&quot;:null},&quot;Link:genius_loyalty&quot;:{&quot;id&quot;:&quot;genius_loyalty&quot;,&quot;__typename&quot;:&quot;Link&quot;,&quot;label&quot;:&quot;Genius loyalty program&quot;,&quot;subLabel&quot;:null,&quot;url&quot;:&quot;https://www.booking.com/genius.html&quot;,&quot;icon&quot;:null,&quot;attributes&quot;:null},&quot;Link:deals_index&quot;:{&quot;id&quot;:&quot;deals_index&quot;,&quot;__typename&quot;:&quot;Link&quot;,&quot;label&quot;:&quot;Seasonal and holiday deals&quot;,&quot;subLabel&quot;:null,&quot;url&quot;:&quot;https://www.booking.com/deals_index.html&quot;,&quot;icon&quot;:null,&quot;attributes&quot;:null},&quot;Link:booking_business&quot;:{&quot;id&quot;:&quot;booking_business&quot;,&quot;__typename&quot;:&quot;Link&quot;,&quot;label&quot;:&quot;Booking.com for Business&quot;,&quot;subLabel&quot;:null,&quot;url&quot;:&quot;https://business.booking.com&quot;,&quot;icon&quot;:null,&quot;attributes&quot;:null},&quot;Link:extranet_login_footer&quot;:{&quot;id&quot;:&quot;extranet_login_footer&quot;,&quot;__typename&quot;:&quot;Link&quot;,&quot;label&quot;:&quot;Extranet login&quot;,&quot;subLabel&quot;:null,&quot;url&quot;:&quot;https://admin.booking.com&quot;,&quot;icon&quot;:null,&quot;attributes&quot;:null},&quot;Link:partner_help_footer&quot;:{&quot;id&quot;:&quot;partner_help_footer&quot;,&quot;__typename&quot;:&quot;Link&quot;,&quot;label&quot;:&quot;Partner help&quot;,&quot;subLabel&quot;:null,&quot;url&quot;:&quot;https://partner.booking.com/en-us&quot;,&quot;icon&quot;:null,&quot;attributes&quot;:null},&quot;Link:become_affiliate&quot;:{&quot;id&quot;:&quot;become_affiliate&quot;,&quot;__typename&quot;:&quot;Link&quot;,&quot;label&quot;:&quot;Become an affiliate&quot;,&quot;subLabel&quot;:null,&quot;url&quot;:&quot;https://www.booking.com/affiliate-program/v2/index.html&quot;,&quot;icon&quot;:null,&quot;attributes&quot;:null},&quot;Link:how_we_work&quot;:{&quot;id&quot;:&quot;how_we_work&quot;,&quot;__typename&quot;:&quot;Link&quot;,&quot;label&quot;:&quot;How We Work&quot;,&quot;subLabel&quot;:null,&quot;url&quot;:&quot;https://www.booking.com/content/how_we_work.html&quot;,&quot;icon&quot;:null,&quot;attributes&quot;:null},&quot;Link:sustainability&quot;:{&quot;id&quot;:&quot;sustainability&quot;,&quot;__typename&quot;:&quot;Link&quot;,&quot;label&quot;:&quot;Sustainability&quot;,&quot;subLabel&quot;:null,&quot;url&quot;:&quot;https://www.sustainability.booking.com/&quot;,&quot;icon&quot;:null,&quot;attributes&quot;:null},&quot;Link:investor_relations&quot;:{&quot;id&quot;:&quot;investor_relations&quot;,&quot;__typename&quot;:&quot;Link&quot;,&quot;label&quot;:&quot;Investor relations&quot;,&quot;subLabel&quot;:null,&quot;url&quot;:&quot;https://www.bookingholdings.com/&quot;,&quot;icon&quot;:null,&quot;attributes&quot;:null},&quot;Link:corp_contact&quot;:{&quot;id&quot;:&quot;corp_contact&quot;,&quot;__typename&quot;:&quot;Link&quot;,&quot;label&quot;:&quot;Corporate contact&quot;,&quot;subLabel&quot;:null,&quot;url&quot;:&quot;https://www.booking.com/content/contact-us.html&quot;,&quot;icon&quot;:null,&quot;attributes&quot;:null},&quot;Link:compliance_and_ethics&quot;:{&quot;id&quot;:&quot;compliance_and_ethics&quot;,&quot;__typename&quot;:&quot;Link&quot;,&quot;label&quot;:&quot;MSA statement&quot;,&quot;subLabel&quot;:null,&quot;url&quot;:&quot;https://www.bookingholdings.com/about/compliance-and-ethics/&quot;,&quot;icon&quot;:null,&quot;attributes&quot;:null},&quot;Link:dispute_resolution&quot;:{&quot;id&quot;:&quot;dispute_resolution&quot;,&quot;__typename&quot;:&quot;Link&quot;,&quot;label&quot;:&quot;Dispute resolution&quot;,&quot;subLabel&quot;:null,&quot;url&quot;:&quot;https://secure.booking.com/content/complaints.html&quot;,&quot;icon&quot;:null,&quot;attributes&quot;:null},&quot;Link:list_your_property_footer&quot;:{&quot;id&quot;:&quot;list_your_property_footer&quot;,&quot;__typename&quot;:&quot;Link&quot;,&quot;label&quot;:&quot;List your property&quot;,&quot;subLabel&quot;:null,&quot;url&quot;:&quot;https://join.booking.com&quot;,&quot;icon&quot;:null,&quot;attributes&quot;:null},&quot;Link:country&quot;:{&quot;id&quot;:&quot;country&quot;,&quot;__typename&quot;:&quot;Link&quot;,&quot;label&quot;:&quot;Countries&quot;,&quot;subLabel&quot;:null,&quot;url&quot;:&quot;https://www.booking.com/country.html&quot;,&quot;icon&quot;:null,&quot;attributes&quot;:null},&quot;Link:region&quot;:{&quot;id&quot;:&quot;region&quot;,&quot;__typename&quot;:&quot;Link&quot;,&quot;label&quot;:&quot;Regions&quot;,&quot;subLabel&quot;:null,&quot;url&quot;:&quot;https://www.booking.com/region.html&quot;,&quot;icon&quot;:null,&quot;attributes&quot;:null},&quot;Link:city&quot;:{&quot;id&quot;:&quot;city&quot;,&quot;__typename&quot;:&quot;Link&quot;,&quot;label&quot;:&quot;Cities&quot;,&quot;subLabel&quot;:null,&quot;url&quot;:&quot;https://www.booking.com/city.html&quot;,&quot;icon&quot;:null,&quot;attributes&quot;:null},&quot;Link:district&quot;:{&quot;id&quot;:&quot;district&quot;,&quot;__typename&quot;:&quot;Link&quot;,&quot;label&quot;:&quot;Districts&quot;,&quot;subLabel&quot;:null,&quot;url&quot;:&quot;https://www.booking.com/district.html&quot;,&quot;icon&quot;:null,&quot;attributes&quot;:null},&quot;Link:airport&quot;:{&quot;id&quot;:&quot;airport&quot;,&quot;__typename&quot;:&quot;Link&quot;,&quot;label&quot;:&quot;Airports&quot;,&quot;subLabel&quot;:null,&quot;url&quot;:&quot;https://www.booking.com/airport.html&quot;,&quot;icon&quot;:null,&quot;attributes&quot;:null},&quot;Link:hotel&quot;:{&quot;id&quot;:&quot;hotel&quot;,&quot;__typename&quot;:&quot;Link&quot;,&quot;label&quot;:&quot;Hotels&quot;,&quot;subLabel&quot;:null,&quot;url&quot;:&quot;https://www.booking.com/hotel/index.html&quot;,&quot;icon&quot;:null,&quot;attributes&quot;:null},&quot;Link:landmark&quot;:{&quot;id&quot;:&quot;landmark&quot;,&quot;__typename&quot;:&quot;Link&quot;,&quot;label&quot;:&quot;Places of interest&quot;,&quot;subLabel&quot;:null,&quot;url&quot;:&quot;https://www.booking.com/landmark.html&quot;,&quot;icon&quot;:null,&quot;attributes&quot;:null},&quot;Link:booking_home&quot;:{&quot;id&quot;:&quot;booking_home&quot;,&quot;__typename&quot;:&quot;Link&quot;,&quot;label&quot;:&quot;Vacation Homes&quot;,&quot;subLabel&quot;:null,&quot;url&quot;:&quot;https://www.booking.com/booking-home/index.html&quot;,&quot;icon&quot;:null,&quot;attributes&quot;:null},&quot;Link:apartments&quot;:{&quot;id&quot;:&quot;apartments&quot;,&quot;__typename&quot;:&quot;Link&quot;,&quot;label&quot;:&quot;Apartments&quot;,&quot;subLabel&quot;:null,&quot;url&quot;:&quot;https://www.booking.com/apartments/index.html&quot;,&quot;icon&quot;:null,&quot;attributes&quot;:null},&quot;Link:resorts&quot;:{&quot;id&quot;:&quot;resorts&quot;,&quot;__typename&quot;:&quot;Link&quot;,&quot;label&quot;:&quot;Resorts&quot;,&quot;subLabel&quot;:null,&quot;url&quot;:&quot;https://www.booking.com/resorts/index.html&quot;,&quot;icon&quot;:null,&quot;attributes&quot;:null},&quot;Link:villas&quot;:{&quot;id&quot;:&quot;villas&quot;,&quot;__typename&quot;:&quot;Link&quot;,&quot;label&quot;:&quot;Villas&quot;,&quot;subLabel&quot;:null,&quot;url&quot;:&quot;https://www.booking.com/villas/index.html&quot;,&quot;icon&quot;:null,&quot;attributes&quot;:null},&quot;Link:hostels&quot;:{&quot;id&quot;:&quot;hostels&quot;,&quot;__typename&quot;:&quot;Link&quot;,&quot;label&quot;:&quot;Hostels&quot;,&quot;subLabel&quot;:null,&quot;url&quot;:&quot;https://www.booking.com/hostels/index.html&quot;,&quot;icon&quot;:null,&quot;attributes&quot;:null},&quot;Link:bed_and_breakfast&quot;:{&quot;id&quot;:&quot;bed_and_breakfast&quot;,&quot;__typename&quot;:&quot;Link&quot;,&quot;label&quot;:&quot;B\u0026Bs&quot;,&quot;subLabel&quot;:null,&quot;url&quot;:&quot;https://www.booking.com/bed-and-breakfast/index.html&quot;,&quot;icon&quot;:null,&quot;attributes&quot;:null},&quot;Link:guest_house&quot;:{&quot;id&quot;:&quot;guest_house&quot;,&quot;__typename&quot;:&quot;Link&quot;,&quot;label&quot;:&quot;Guest houses&quot;,&quot;subLabel&quot;:null,&quot;url&quot;:&quot;https://www.booking.com/guest-house/index.html&quot;,&quot;icon&quot;:null,&quot;attributes&quot;:null},&quot;Link:unique_places&quot;:{&quot;id&quot;:&quot;unique_places&quot;,&quot;__typename&quot;:&quot;Link&quot;,&quot;label&quot;:&quot;Unique places to stay&quot;,&quot;subLabel&quot;:null,&quot;url&quot;:&quot;https://www.booking.com/accommodations.html&quot;,&quot;icon&quot;:null,&quot;attributes&quot;:null},&quot;Link:monthly_stays&quot;:{&quot;id&quot;:&quot;monthly_stays&quot;,&quot;__typename&quot;:&quot;Link&quot;,&quot;label&quot;:&quot;Discover monthly stays&quot;,&quot;subLabel&quot;:null,&quot;url&quot;:&quot;https://www.booking.com/extended-stays/index.html&quot;,&quot;icon&quot;:null,&quot;attributes&quot;:null},&quot;Link:reviews&quot;:{&quot;id&quot;:&quot;reviews&quot;,&quot;__typename&quot;:&quot;Link&quot;,&quot;label&quot;:&quot;Reviews&quot;,&quot;subLabel&quot;:null,&quot;url&quot;:&quot;https://www.booking.com/reviews.html&quot;,&quot;icon&quot;:null,&quot;attributes&quot;:null},&quot;Link:my_wishlist&quot;:{&quot;id&quot;:&quot;my_wishlist&quot;,&quot;__typename&quot;:&quot;Link&quot;,&quot;label&quot;:&quot;Saved&quot;,&quot;subLabel&quot;:null,&quot;url&quot;:&quot;https://www.booking.com/mywishlist.html&quot;,&quot;icon&quot;:null,&quot;attributes&quot;:null},&quot;Link:my_reviews&quot;:{&quot;id&quot;:&quot;my_reviews&quot;,&quot;__typename&quot;:&quot;Link&quot;,&quot;label&quot;:&quot;Reviews&quot;,&quot;subLabel&quot;:null,&quot;url&quot;:&quot;https://secure.booking.com/reviewtimeline.html&quot;,&quot;icon&quot;:null,&quot;attributes&quot;:null},&quot;Link:traveller_awards&quot;:{&quot;id&quot;:&quot;traveller_awards&quot;,&quot;__typename&quot;:&quot;Link&quot;,&quot;label&quot;:&quot;Traveller Review Awards&quot;,&quot;subLabel&quot;:null,&quot;url&quot;:&quot;https://www.booking.com/traveller-awards/index.html&quot;,&quot;icon&quot;:null,&quot;attributes&quot;:null},&quot;Link:car_hire&quot;:{&quot;id&quot;:&quot;car_hire&quot;,&quot;__typename&quot;:&quot;Link&quot;,&quot;label&quot;:&quot;Car rental&quot;,&quot;subLabel&quot;:null,&quot;url&quot;:&quot;https://cars.booking.com/Home.do?affiliateCode=booking-com\u0026adplat=footer&quot;,&quot;icon&quot;:null,&quot;attributes&quot;:null},&quot;Link:flight_finder&quot;:{&quot;id&quot;:&quot;flight_finder&quot;,&quot;__typename&quot;:&quot;Link&quot;,&quot;label&quot;:&quot;Flight finder&quot;,&quot;subLabel&quot;:null,&quot;url&quot;:&quot;https://booking.com/flights/index.html?sid=4d6ba12c187d02b81beec9d404a74d7f&quot;,&quot;icon&quot;:null,&quot;attributes&quot;:null},&quot;Link:restaurant_reservations&quot;:{&quot;id&quot;:&quot;restaurant_reservations&quot;,&quot;__typename&quot;:&quot;Link&quot;,&quot;label&quot;:&quot;Restaurant reservations&quot;,&quot;subLabel&quot;:null,&quot;url&quot;:&quot;http://www.opentable.com?ref=16087&quot;,&quot;icon&quot;:null,&quot;attributes&quot;:null},&quot;Link:travel_agents&quot;:{&quot;id&quot;:&quot;travel_agents&quot;,&quot;__typename&quot;:&quot;Link&quot;,&quot;label&quot;:&quot;Booking.com for Travel Agents&quot;,&quot;subLabel&quot;:null,&quot;url&quot;:&quot;https://www.booking.com/affiliate-program/v2/index.html&quot;,&quot;icon&quot;:null,&quot;attributes&quot;:null},&quot;Language:{\&quot;code\&quot;:\&quot;en-gb\&quot;}&quot;:{&quot;code&quot;:&quot;en-gb&quot;,&quot;__typename&quot;:&quot;Language&quot;,&quot;name&quot;:&quot;English (UK)&quot;,&quot;countryFlag&quot;:&quot;gb&quot;},&quot;Language:{\&quot;code\&quot;:\&quot;en-us\&quot;}&quot;:{&quot;code&quot;:&quot;en-us&quot;,&quot;__typename&quot;:&quot;Language&quot;,&quot;name&quot;:&quot;English (US)&quot;,&quot;countryFlag&quot;:&quot;us&quot;},&quot;Language:{\&quot;code\&quot;:\&quot;de\&quot;}&quot;:{&quot;code&quot;:&quot;de&quot;,&quot;__typename&quot;:&quot;Language&quot;,&quot;name&quot;:&quot;Deutsch&quot;,&quot;countryFlag&quot;:&quot;de&quot;},&quot;Language:{\&quot;code\&quot;:\&quot;nl\&quot;}&quot;:{&quot;code&quot;:&quot;nl&quot;,&quot;__typename&quot;:&quot;Language&quot;,&quot;name&quot;:&quot;Nederlands&quot;,&quot;countryFlag&quot;:&quot;nl&quot;},&quot;Language:{\&quot;code\&quot;:\&quot;fr\&quot;}&quot;:{&quot;code&quot;:&quot;fr&quot;,&quot;__typename&quot;:&quot;Language&quot;,&quot;name&quot;:&quot;Français&quot;,&quot;countryFlag&quot;:&quot;fr&quot;},&quot;Language:{\&quot;code\&quot;:\&quot;es\&quot;}&quot;:{&quot;code&quot;:&quot;es&quot;,&quot;__typename&quot;:&quot;Language&quot;,&quot;name&quot;:&quot;Español&quot;,&quot;countryFlag&quot;:&quot;es&quot;},&quot;Language:{\&quot;code\&quot;:\&quot;es-ar\&quot;}&quot;:{&quot;code&quot;:&quot;es-ar&quot;,&quot;__typename&quot;:&quot;Language&quot;,&quot;name&quot;:&quot;Español (AR)&quot;,&quot;countryFlag&quot;:&quot;ar&quot;},&quot;Language:{\&quot;code\&quot;:\&quot;es-mx\&quot;}&quot;:{&quot;code&quot;:&quot;es-mx&quot;,&quot;__typename&quot;:&quot;Language&quot;,&quot;name&quot;:&quot;Español (MX)&quot;,&quot;countryFlag&quot;:&quot;mx&quot;},&quot;Language:{\&quot;code\&quot;:\&quot;ca\&quot;}&quot;:{&quot;code&quot;:&quot;ca&quot;,&quot;__typename&quot;:&quot;Language&quot;,&quot;name&quot;:&quot;Català&quot;,&quot;countryFlag&quot;:&quot;catalonia&quot;},&quot;Language:{\&quot;code\&quot;:\&quot;it\&quot;}&quot;:{&quot;code&quot;:&quot;it&quot;,&quot;__typename&quot;:&quot;Language&quot;,&quot;name&quot;:&quot;Italiano&quot;,&quot;countryFlag&quot;:&quot;it&quot;},&quot;Language:{\&quot;code\&quot;:\&quot;pt-pt\&quot;}&quot;:{&quot;code&quot;:&quot;pt-pt&quot;,&quot;__typename&quot;:&quot;Language&quot;,&quot;name&quot;:&quot;Português (PT)&quot;,&quot;countryFlag&quot;:&quot;pt&quot;},&quot;Language:{\&quot;code\&quot;:\&quot;pt-br\&quot;}&quot;:{&quot;code&quot;:&quot;pt-br&quot;,&quot;__typename&quot;:&quot;Language&quot;,&quot;name&quot;:&quot;Português (BR)&quot;,&quot;countryFlag&quot;:&quot;br&quot;},&quot;Language:{\&quot;code\&quot;:\&quot;no\&quot;}&quot;:{&quot;code&quot;:&quot;no&quot;,&quot;__typename&quot;:&quot;Language&quot;,&quot;name&quot;:&quot;Norsk&quot;,&quot;countryFlag&quot;:&quot;no&quot;},&quot;Language:{\&quot;code\&quot;:\&quot;fi\&quot;}&quot;:{&quot;code&quot;:&quot;fi&quot;,&quot;__typename&quot;:&quot;Language&quot;,&quot;name&quot;:&quot;Suomi&quot;,&quot;countryFlag&quot;:&quot;fi&quot;},&quot;Language:{\&quot;code\&quot;:\&quot;sv\&quot;}&quot;:{&quot;code&quot;:&quot;sv&quot;,&quot;__typename&quot;:&quot;Language&quot;,&quot;name&quot;:&quot;Svenska&quot;,&quot;countryFlag&quot;:&quot;se&quot;},&quot;Language:{\&quot;code\&quot;:\&quot;da\&quot;}&quot;:{&quot;code&quot;:&quot;da&quot;,&quot;__typename&quot;:&quot;Language&quot;,&quot;name&quot;:&quot;Dansk&quot;,&quot;countryFlag&quot;:&quot;dk&quot;},&quot;Language:{\&quot;code\&quot;:\&quot;cs\&quot;}&quot;:{&quot;code&quot;:&quot;cs&quot;,&quot;__typename&quot;:&quot;Language&quot;,&quot;name&quot;:&quot;?eština&quot;,&quot;countryFlag&quot;:&quot;cz&quot;},&quot;Language:{\&quot;code\&quot;:\&quot;hu\&quot;}&quot;:{&quot;code&quot;:&quot;hu&quot;,&quot;__typename&quot;:&quot;Language&quot;,&quot;name&quot;:&quot;Magyar&quot;,&quot;countryFlag&quot;:&quot;hu&quot;},&quot;Language:{\&quot;code\&quot;:\&quot;ro\&quot;}&quot;:{&quot;code&quot;:&quot;ro&quot;,&quot;__typename&quot;:&quot;Language&quot;,&quot;name&quot;:&quot;Român?&quot;,&quot;countryFlag&quot;:&quot;ro&quot;},&quot;Language:{\&quot;code\&quot;:\&quot;ja\&quot;}&quot;:{&quot;code&quot;:&quot;ja&quot;,&quot;__typename&quot;:&quot;Language&quot;,&quot;name&quot;:&quot;???&quot;,&quot;countryFlag&quot;:&quot;jp&quot;},&quot;Language:{\&quot;code\&quot;:\&quot;zh-cn\&quot;}&quot;:{&quot;code&quot;:&quot;zh-cn&quot;,&quot;__typename&quot;:&quot;Language&quot;,&quot;name&quot;:&quot;????&quot;,&quot;countryFlag&quot;:&quot;cn&quot;},&quot;Language:{\&quot;code\&quot;:\&quot;zh-tw\&quot;}&quot;:{&quot;code&quot;:&quot;zh-tw&quot;,&quot;__typename&quot;:&quot;Language&quot;,&quot;name&quot;:&quot;????&quot;,&quot;countryFlag&quot;:&quot;z4&quot;},&quot;Language:{\&quot;code\&quot;:\&quot;pl\&quot;}&quot;:{&quot;code&quot;:&quot;pl&quot;,&quot;__typename&quot;:&quot;Language&quot;,&quot;name&quot;:&quot;Polski&quot;,&quot;countryFlag&quot;:&quot;pl&quot;},&quot;Language:{\&quot;code\&quot;:\&quot;el\&quot;}&quot;:{&quot;code&quot;:&quot;el&quot;,&quot;__typename&quot;:&quot;Language&quot;,&quot;name&quot;:&quot;????????&quot;,&quot;countryFlag&quot;:&quot;gr&quot;},&quot;Language:{\&quot;code\&quot;:\&quot;ru\&quot;}&quot;:{&quot;code&quot;:&quot;ru&quot;,&quot;__typename&quot;:&quot;Language&quot;,&quot;name&quot;:&quot;???????&quot;,&quot;countryFlag&quot;:&quot;ru&quot;},&quot;Language:{\&quot;code\&quot;:\&quot;tr\&quot;}&quot;:{&quot;code&quot;:&quot;tr&quot;,&quot;__typename&quot;:&quot;Language&quot;,&quot;name&quot;:&quot;Türkçe&quot;,&quot;countryFlag&quot;:&quot;tr&quot;},&quot;Language:{\&quot;code\&quot;:\&quot;bg\&quot;}&quot;:{&quot;code&quot;:&quot;bg&quot;,&quot;__typename&quot;:&quot;Language&quot;,&quot;name&quot;:&quot;?????????&quot;,&quot;countryFlag&quot;:&quot;bg&quot;},&quot;Language:{\&quot;code\&quot;:\&quot;ar\&quot;}&quot;:{&quot;code&quot;:&quot;ar&quot;,&quot;__typename&quot;:&quot;Language&quot;,&quot;name&quot;:&quot;???????&quot;,&quot;countryFlag&quot;:&quot;sa&quot;},&quot;Language:{\&quot;code\&quot;:\&quot;ko\&quot;}&quot;:{&quot;code&quot;:&quot;ko&quot;,&quot;__typename&quot;:&quot;Language&quot;,&quot;name&quot;:&quot;???&quot;,&quot;countryFlag&quot;:&quot;kr&quot;},&quot;Language:{\&quot;code\&quot;:\&quot;he\&quot;}&quot;:{&quot;code&quot;:&quot;he&quot;,&quot;__typename&quot;:&quot;Language&quot;,&quot;name&quot;:&quot;?????&quot;,&quot;countryFlag&quot;:&quot;il&quot;},&quot;Language:{\&quot;code\&quot;:\&quot;lv\&quot;}&quot;:{&quot;code&quot;:&quot;lv&quot;,&quot;__typename&quot;:&quot;Language&quot;,&quot;name&quot;:&quot;Latviski&quot;,&quot;countryFlag&quot;:&quot;lv&quot;},&quot;Language:{\&quot;code\&quot;:\&quot;uk\&quot;}&quot;:{&quot;code&quot;:&quot;uk&quot;,&quot;__typename&quot;:&quot;Language&quot;,&quot;name&quot;:&quot;??????????&quot;,&quot;countryFlag&quot;:&quot;ua&quot;},&quot;Language:{\&quot;code\&quot;:\&quot;hi\&quot;}&quot;:{&quot;code&quot;:&quot;hi&quot;,&quot;__typename&quot;:&quot;Language&quot;,&quot;name&quot;:&quot;??????&quot;,&quot;countryFlag&quot;:&quot;in&quot;},&quot;Language:{\&quot;code\&quot;:\&quot;id\&quot;}&quot;:{&quot;code&quot;:&quot;id&quot;,&quot;__typename&quot;:&quot;Language&quot;,&quot;name&quot;:&quot;Bahasa Indonesia&quot;,&quot;countryFlag&quot;:&quot;id&quot;},&quot;Language:{\&quot;code\&quot;:\&quot;ms\&quot;}&quot;:{&quot;code&quot;:&quot;ms&quot;,&quot;__typename&quot;:&quot;Language&quot;,&quot;name&quot;:&quot;Bahasa Malaysia&quot;,&quot;countryFlag&quot;:&quot;my&quot;},&quot;Language:{\&quot;code\&quot;:\&quot;th\&quot;}&quot;:{&quot;code&quot;:&quot;th&quot;,&quot;__typename&quot;:&quot;Language&quot;,&quot;name&quot;:&quot;???????&quot;,&quot;countryFlag&quot;:&quot;th&quot;},&quot;Language:{\&quot;code\&quot;:\&quot;et\&quot;}&quot;:{&quot;code&quot;:&quot;et&quot;,&quot;__typename&quot;:&quot;Language&quot;,&quot;name&quot;:&quot;Eesti&quot;,&quot;countryFlag&quot;:&quot;ee&quot;},&quot;Language:{\&quot;code\&quot;:\&quot;hr\&quot;}&quot;:{&quot;code&quot;:&quot;hr&quot;,&quot;__typename&quot;:&quot;Language&quot;,&quot;name&quot;:&quot;Hrvatski&quot;,&quot;countryFlag&quot;:&quot;hr&quot;},&quot;Language:{\&quot;code\&quot;:\&quot;lt\&quot;}&quot;:{&quot;code&quot;:&quot;lt&quot;,&quot;__typename&quot;:&quot;Language&quot;,&quot;name&quot;:&quot;Lietuvi?&quot;,&quot;countryFlag&quot;:&quot;lt&quot;},&quot;Language:{\&quot;code\&quot;:\&quot;sk\&quot;}&quot;:{&quot;code&quot;:&quot;sk&quot;,&quot;__typename&quot;:&quot;Language&quot;,&quot;name&quot;:&quot;Sloven?ina&quot;,&quot;countryFlag&quot;:&quot;sk&quot;},&quot;Language:{\&quot;code\&quot;:\&quot;sr\&quot;}&quot;:{&quot;code&quot;:&quot;sr&quot;,&quot;__typename&quot;:&quot;Language&quot;,&quot;name&quot;:&quot;Srpski&quot;,&quot;countryFlag&quot;:&quot;rs&quot;},&quot;Language:{\&quot;code\&quot;:\&quot;sl\&quot;}&quot;:{&quot;code&quot;:&quot;sl&quot;,&quot;__typename&quot;:&quot;Language&quot;,&quot;name&quot;:&quot;Slovenš?ina&quot;,&quot;countryFlag&quot;:&quot;si&quot;},&quot;Language:{\&quot;code\&quot;:\&quot;vi\&quot;}&quot;:{&quot;code&quot;:&quot;vi&quot;,&quot;__typename&quot;:&quot;Language&quot;,&quot;name&quot;:&quot;Ti?ng Vi?t&quot;,&quot;countryFlag&quot;:&quot;vn&quot;},&quot;Language:{\&quot;code\&quot;:\&quot;tl\&quot;}&quot;:{&quot;code&quot;:&quot;tl&quot;,&quot;__typename&quot;:&quot;Language&quot;,&quot;name&quot;:&quot;Filipino&quot;,&quot;countryFlag&quot;:&quot;ph&quot;},&quot;Language:{\&quot;code\&quot;:\&quot;is\&quot;}&quot;:{&quot;code&quot;:&quot;is&quot;,&quot;__typename&quot;:&quot;Language&quot;,&quot;name&quot;:&quot;Íslenska&quot;,&quot;countryFlag&quot;:&quot;is&quot;},&quot;Currency:{\&quot;code\&quot;:\&quot;hotel_currency\&quot;}&quot;:{&quot;code&quot;:&quot;hotel_currency&quot;,&quot;__typename&quot;:&quot;Currency&quot;,&quot;name&quot;:&quot;Property&#039;s Currency&quot;,&quot;encodedSymbol&quot;:&quot;\u0026#x20AC;\u0026#163;US$&quot;,&quot;symbol&quot;:&quot;€$£&quot;},&quot;Currency:{\&quot;code\&quot;:\&quot;ARS\&quot;}&quot;:{&quot;code&quot;:&quot;ARS&quot;,&quot;__typename&quot;:&quot;Currency&quot;,&quot;name&quot;:&quot;Argentine Peso&quot;,&quot;encodedSymbol&quot;:&quot;AR$&quot;,&quot;symbol&quot;:&quot;AR$&quot;},&quot;Currency:{\&quot;code\&quot;:\&quot;AUD\&quot;}&quot;:{&quot;code&quot;:&quot;AUD&quot;,&quot;__typename&quot;:&quot;Currency&quot;,&quot;name&quot;:&quot;Australian Dollar&quot;,&quot;encodedSymbol&quot;:&quot;AUD&quot;,&quot;symbol&quot;:&quot;AUD&quot;},&quot;Currency:{\&quot;code\&quot;:\&quot;AZN\&quot;}&quot;:{&quot;code&quot;:&quot;AZN&quot;,&quot;__typename&quot;:&quot;Currency&quot;,&quot;name&quot;:&quot;Azerbaijani Manat&quot;,&quot;encodedSymbol&quot;:&quot;AZN&quot;,&quot;symbol&quot;:&quot;???&quot;},&quot;Currency:{\&quot;code\&quot;:\&quot;BHD\&quot;}&quot;:{&quot;code&quot;:&quot;BHD&quot;,&quot;__typename&quot;:&quot;Currency&quot;,&quot;name&quot;:&quot;Bahraini Dinar&quot;,&quot;encodedSymbol&quot;:&quot;BHD&quot;,&quot;symbol&quot;:&quot;BD&quot;},&quot;Currency:{\&quot;code\&quot;:\&quot;BRL\&quot;}&quot;:{&quot;code&quot;:&quot;BRL&quot;,&quot;__typename&quot;:&quot;Currency&quot;,&quot;name&quot;:&quot;Brazilian Real&quot;,&quot;encodedSymbol&quot;:&quot;R$&quot;,&quot;symbol&quot;:&quot;R$&quot;},&quot;Currency:{\&quot;code\&quot;:\&quot;BGN\&quot;}&quot;:{&quot;code&quot;:&quot;BGN&quot;,&quot;__typename&quot;:&quot;Currency&quot;,&quot;name&quot;:&quot;Bulgarian Lev&quot;,&quot;encodedSymbol&quot;:&quot;BGN&quot;,&quot;symbol&quot;:&quot;??&quot;},&quot;Currency:{\&quot;code\&quot;:\&quot;CAD\&quot;}&quot;:{&quot;code&quot;:&quot;CAD&quot;,&quot;__typename&quot;:&quot;Currency&quot;,&quot;name&quot;:&quot;Canadian Dollar&quot;,&quot;encodedSymbol&quot;:&quot;CAD&quot;,&quot;symbol&quot;:&quot;CAN&quot;},&quot;Currency:{\&quot;code\&quot;:\&quot;CLP\&quot;}&quot;:{&quot;code&quot;:&quot;CLP&quot;,&quot;__typename&quot;:&quot;Currency&quot;,&quot;name&quot;:&quot;Chilean Peso&quot;,&quot;encodedSymbol&quot;:&quot;CL$&quot;,&quot;symbol&quot;:&quot;CH$&quot;},&quot;Currency:{\&quot;code\&quot;:\&quot;CNY\&quot;}&quot;:{&quot;code&quot;:&quot;CNY&quot;,&quot;__typename&quot;:&quot;Currency&quot;,&quot;name&quot;:&quot;Chinese Yuan&quot;,&quot;encodedSymbol&quot;:&quot;CNY&quot;,&quot;symbol&quot;:&quot;CY&quot;},&quot;Currency:{\&quot;code\&quot;:\&quot;COP\&quot;}&quot;:{&quot;code&quot;:&quot;COP&quot;,&quot;__typename&quot;:&quot;Currency&quot;,&quot;name&quot;:&quot;Colombian Peso&quot;,&quot;encodedSymbol&quot;:&quot;COP&quot;,&quot;symbol&quot;:&quot;COL$&quot;},&quot;Currency:{\&quot;code\&quot;:\&quot;CZK\&quot;}&quot;:{&quot;code&quot;:&quot;CZK&quot;,&quot;__typename&quot;:&quot;Currency&quot;,&quot;name&quot;:&quot;Czech Koruna&quot;,&quot;encodedSymbol&quot;:&quot;K\u0026#269;&quot;,&quot;symbol&quot;:&quot;CZK&quot;},&quot;Currency:{\&quot;code\&quot;:\&quot;DKK\&quot;}&quot;:{&quot;code&quot;:&quot;DKK&quot;,&quot;__typename&quot;:&quot;Currency&quot;,&quot;name&quot;:&quot;Danish Krone&quot;,&quot;encodedSymbol&quot;:&quot;DKK&quot;,&quot;symbol&quot;:&quot;DKR&quot;},&quot;Currency:{\&quot;code\&quot;:\&quot;EGP\&quot;}&quot;:{&quot;code&quot;:&quot;EGP&quot;,&quot;__typename&quot;:&quot;Currency&quot;,&quot;name&quot;:&quot;Egyptian Pound&quot;,&quot;encodedSymbol&quot;:&quot;EGP&quot;,&quot;symbol&quot;:&quot;£&quot;},&quot;Currency:{\&quot;code\&quot;:\&quot;EUR\&quot;}&quot;:{&quot;code&quot;:&quot;EUR&quot;,&quot;__typename&quot;:&quot;Currency&quot;,&quot;name&quot;:&quot;Euro&quot;,&quot;encodedSymbol&quot;:&quot;\u0026#x20AC;&quot;,&quot;symbol&quot;:&quot;EUR&quot;},&quot;Currency:{\&quot;code\&quot;:\&quot;FJD\&quot;}&quot;:{&quot;code&quot;:&quot;FJD&quot;,&quot;__typename&quot;:&quot;Currency&quot;,&quot;name&quot;:&quot;Fijian Dollar&quot;,&quot;encodedSymbol&quot;:&quot;FJD&quot;,&quot;symbol&quot;:&quot;FJ$&quot;},&quot;Currency:{\&quot;code\&quot;:\&quot;GEL\&quot;}&quot;:{&quot;code&quot;:&quot;GEL&quot;,&quot;__typename&quot;:&quot;Currency&quot;,&quot;name&quot;:&quot;Georgian Lari&quot;,&quot;encodedSymbol&quot;:&quot;GEL&quot;,&quot;symbol&quot;:&quot;GEL&quot;},&quot;Currency:{\&quot;code\&quot;:\&quot;HKD\&quot;}&quot;:{&quot;code&quot;:&quot;HKD&quot;,&quot;__typename&quot;:&quot;Currency&quot;,&quot;name&quot;:&quot;Hong Kong Dollar&quot;,&quot;encodedSymbol&quot;:&quot;HK$&quot;,&quot;symbol&quot;:&quot;HKD&quot;},&quot;Currency:{\&quot;code\&quot;:\&quot;HUF\&quot;}&quot;:{&quot;code&quot;:&quot;HUF&quot;,&quot;__typename&quot;:&quot;Currency&quot;,&quot;name&quot;:&quot;Hungarian Forint&quot;,&quot;encodedSymbol&quot;:&quot;HUF&quot;,&quot;symbol&quot;:&quot;FT&quot;},&quot;Currency:{\&quot;code\&quot;:\&quot;INR\&quot;}&quot;:{&quot;code&quot;:&quot;INR&quot;,&quot;__typename&quot;:&quot;Currency&quot;,&quot;name&quot;:&quot;Indian Rupee&quot;,&quot;encodedSymbol&quot;:&quot;Rs.&quot;,&quot;symbol&quot;:&quot;RS&quot;},&quot;Currency:{\&quot;code\&quot;:\&quot;IDR\&quot;}&quot;:{&quot;code&quot;:&quot;IDR&quot;,&quot;__typename&quot;:&quot;Currency&quot;,&quot;name&quot;:&quot;Indonesian Rupiah&quot;,&quot;encodedSymbol&quot;:&quot;Rp&quot;,&quot;symbol&quot;:&quot;RP&quot;},&quot;Currency:{\&quot;code\&quot;:\&quot;ILS\&quot;}&quot;:{&quot;code&quot;:&quot;ILS&quot;,&quot;__typename&quot;:&quot;Currency&quot;,&quot;name&quot;:&quot;Israeli New Shekel&quot;,&quot;encodedSymbol&quot;:&quot;\u0026#x20AA;&quot;,&quot;symbol&quot;:&quot;NIS&quot;},&quot;Currency:{\&quot;code\&quot;:\&quot;JPY\&quot;}&quot;:{&quot;code&quot;:&quot;JPY&quot;,&quot;__typename&quot;:&quot;Currency&quot;,&quot;name&quot;:&quot;Japanese Yen&quot;,&quot;encodedSymbol&quot;:&quot;\u0026#165;&quot;,&quot;symbol&quot;:&quot;Y&quot;},&quot;Currency:{\&quot;code\&quot;:\&quot;JOD\&quot;}&quot;:{&quot;code&quot;:&quot;JOD&quot;,&quot;__typename&quot;:&quot;Currency&quot;,&quot;name&quot;:&quot;Jordanian Dinar&quot;,&quot;encodedSymbol&quot;:&quot;JOD&quot;,&quot;symbol&quot;:&quot;JD&quot;},&quot;Currency:{\&quot;code\&quot;:\&quot;KZT\&quot;}&quot;:{&quot;code&quot;:&quot;KZT&quot;,&quot;__typename&quot;:&quot;Currency&quot;,&quot;name&quot;:&quot;Kazakhstani Tenge&quot;,&quot;encodedSymbol&quot;:&quot;KZT&quot;,&quot;symbol&quot;:&quot;KZT&quot;},&quot;Currency:{\&quot;code\&quot;:\&quot;KWD\&quot;}&quot;:{&quot;code&quot;:&quot;KWD&quot;,&quot;__typename&quot;:&quot;Currency&quot;,&quot;name&quot;:&quot;Kuwaiti Dinar&quot;,&quot;encodedSymbol&quot;:&quot;KWD&quot;,&quot;symbol&quot;:&quot;KD&quot;},&quot;Currency:{\&quot;code\&quot;:\&quot;MYR\&quot;}&quot;:{&quot;code&quot;:&quot;MYR&quot;,&quot;__typename&quot;:&quot;Currency&quot;,&quot;name&quot;:&quot;Malaysian Ringgit&quot;,&quot;encodedSymbol&quot;:&quot;MYR&quot;,&quot;symbol&quot;:&quot;RIN&quot;},&quot;Currency:{\&quot;code\&quot;:\&quot;MXN\&quot;}&quot;:{&quot;code&quot;:&quot;MXN&quot;,&quot;__typename&quot;:&quot;Currency&quot;,&quot;name&quot;:&quot;Mexican Peso&quot;,&quot;encodedSymbol&quot;:&quot;MXN&quot;,&quot;symbol&quot;:&quot;MEX&quot;},&quot;Currency:{\&quot;code\&quot;:\&quot;MDL\&quot;}&quot;:{&quot;code&quot;:&quot;MDL&quot;,&quot;__typename&quot;:&quot;Currency&quot;,&quot;name&quot;:&quot;Moldovan Leu&quot;,&quot;encodedSymbol&quot;:&quot;MDL&quot;,&quot;symbol&quot;:&quot;MDL&quot;},&quot;Currency:{\&quot;code\&quot;:\&quot;NAD\&quot;}&quot;:{&quot;code&quot;:&quot;NAD&quot;,&quot;__typename&quot;:&quot;Currency&quot;,&quot;name&quot;:&quot;Namibian Dollar&quot;,&quot;encodedSymbol&quot;:&quot;NAD&quot;,&quot;symbol&quot;:&quot;N$&quot;},&quot;Currency:{\&quot;code\&quot;:\&quot;TWD\&quot;}&quot;:{&quot;code&quot;:&quot;TWD&quot;,&quot;__typename&quot;:&quot;Currency&quot;,&quot;name&quot;:&quot;New Taiwan Dollar&quot;,&quot;encodedSymbol&quot;:&quot;TWD&quot;,&quot;symbol&quot;:&quot;NT$&quot;},&quot;Currency:{\&quot;code\&quot;:\&quot;NZD\&quot;}&quot;:{&quot;code&quot;:&quot;NZD&quot;,&quot;__typename&quot;:&quot;Currency&quot;,&quot;name&quot;:&quot;New Zealand Dollar&quot;,&quot;encodedSymbol&quot;:&quot;NZD&quot;,&quot;symbol&quot;:&quot;$NZ&quot;},&quot;Currency:{\&quot;code\&quot;:\&quot;NOK\&quot;}&quot;:{&quot;code&quot;:&quot;NOK&quot;,&quot;__typename&quot;:&quot;Currency&quot;,&quot;name&quot;:&quot;Norwegian Krone&quot;,&quot;encodedSymbol&quot;:&quot;NOK&quot;,&quot;symbol&quot;:&quot;NKR&quot;},&quot;Currency:{\&quot;code\&quot;:\&quot;OMR\&quot;}&quot;:{&quot;code&quot;:&quot;OMR&quot;,&quot;__typename&quot;:&quot;Currency&quot;,&quot;name&quot;:&quot;Omani Rial&quot;,&quot;encodedSymbol&quot;:&quot;OMR&quot;,&quot;symbol&quot;:&quot;RO&quot;},&quot;Currency:{\&quot;code\&quot;:\&quot;PLN\&quot;}&quot;:{&quot;code&quot;:&quot;PLN&quot;,&quot;__typename&quot;:&quot;Currency&quot;,&quot;name&quot;:&quot;Polish Z?oty&quot;,&quot;encodedSymbol&quot;:&quot;z\u0026#x0142;&quot;,&quot;symbol&quot;:&quot;ZL&quot;},&quot;Currency:{\&quot;code\&quot;:\&quot;GBP\&quot;}&quot;:{&quot;code&quot;:&quot;GBP&quot;,&quot;__typename&quot;:&quot;Currency&quot;,&quot;name&quot;:&quot;Pound Sterling&quot;,&quot;encodedSymbol&quot;:&quot;\u0026#163;&quot;,&quot;symbol&quot;:&quot;GBP&quot;},&quot;Currency:{\&quot;code\&quot;:\&quot;QAR\&quot;}&quot;:{&quot;code&quot;:&quot;QAR&quot;,&quot;__typename&quot;:&quot;Currency&quot;,&quot;name&quot;:&quot;Qatari Riyal&quot;,&quot;encodedSymbol&quot;:&quot;QAR&quot;,&quot;symbol&quot;:&quot;QR&quot;},&quot;Currency:{\&quot;code\&quot;:\&quot;RON\&quot;}&quot;:{&quot;code&quot;:&quot;RON&quot;,&quot;__typename&quot;:&quot;Currency&quot;,&quot;name&quot;:&quot;Romanian Leu&quot;,&quot;encodedSymbol&quot;:&quot;lei&quot;,&quot;symbol&quot;:&quot;&quot;},&quot;Currency:{\&quot;code\&quot;:\&quot;RUB\&quot;}&quot;:{&quot;code&quot;:&quot;RUB&quot;,&quot;__typename&quot;:&quot;Currency&quot;,&quot;name&quot;:&quot;Russian Ruble&quot;,&quot;encodedSymbol&quot;:&quot;RUB&quot;,&quot;symbol&quot;:&quot;RUB&quot;},&quot;Currency:{\&quot;code\&quot;:\&quot;SAR\&quot;}&quot;:{&quot;code&quot;:&quot;SAR&quot;,&quot;__typename&quot;:&quot;Currency&quot;,&quot;name&quot;:&quot;Saudi Arabian Riyal&quot;,&quot;encodedSymbol&quot;:&quot;SAR&quot;,&quot;symbol&quot;:&quot;SR&quot;},&quot;Currency:{\&quot;code\&quot;:\&quot;SGD\&quot;}&quot;:{&quot;code&quot;:&quot;SGD&quot;,&quot;__typename&quot;:&quot;Currency&quot;,&quot;name&quot;:&quot;Singaporean Dollar&quot;,&quot;encodedSymbol&quot;:&quot;S$&quot;,&quot;symbol&quot;:&quot;S$&quot;},&quot;Currency:{\&quot;code\&quot;:\&quot;ZAR\&quot;}&quot;:{&quot;code&quot;:&quot;ZAR&quot;,&quot;__typename&quot;:&quot;Currency&quot;,&quot;name&quot;:&quot;South African Rand&quot;,&quot;encodedSymbol&quot;:&quot;ZAR&quot;,&quot;symbol&quot;:&quot;R&quot;},&quot;Currency:{\&quot;code\&quot;:\&quot;KRW\&quot;}&quot;:{&quot;code&quot;:&quot;KRW&quot;,&quot;__typename&quot;:&quot;Currency&quot;,&quot;name&quot;:&quot;South Korean Won&quot;,&quot;encodedSymbol&quot;:&quot;KRW&quot;,&quot;symbol&quot;:&quot;W&quot;},&quot;Currency:{\&quot;code\&quot;:\&quot;SEK\&quot;}&quot;:{&quot;code&quot;:&quot;SEK&quot;,&quot;__typename&quot;:&quot;Currency&quot;,&quot;name&quot;:&quot;Swedish Krona&quot;,&quot;encodedSymbol&quot;:&quot;SEK&quot;,&quot;symbol&quot;:&quot;SKR&quot;},&quot;Currency:{\&quot;code\&quot;:\&quot;CHF\&quot;}&quot;:{&quot;code&quot;:&quot;CHF&quot;,&quot;__typename&quot;:&quot;Currency&quot;,&quot;name&quot;:&quot;Swiss Franc&quot;,&quot;encodedSymbol&quot;:&quot;CHF&quot;,&quot;symbol&quot;:&quot;CHF&quot;},&quot;Currency:{\&quot;code\&quot;:\&quot;THB\&quot;}&quot;:{&quot;code&quot;:&quot;THB&quot;,&quot;__typename&quot;:&quot;Currency&quot;,&quot;name&quot;:&quot;Thai Baht&quot;,&quot;encodedSymbol&quot;:&quot;THB&quot;,&quot;symbol&quot;:&quot;TB&quot;},&quot;Currency:{\&quot;code\&quot;:\&quot;TRY\&quot;}&quot;:{&quot;code&quot;:&quot;TRY&quot;,&quot;__typename&quot;:&quot;Currency&quot;,&quot;name&quot;:&quot;Turkish Lira&quot;,&quot;encodedSymbol&quot;:&quot;TL&quot;,&quot;symbol&quot;:&quot;YTL&quot;},&quot;Currency:{\&quot;code\&quot;:\&quot;USD\&quot;}&quot;:{&quot;code&quot;:&quot;USD&quot;,&quot;__typename&quot;:&quot;Currency&quot;,&quot;name&quot;:&quot;U.S. Dollar&quot;,&quot;encodedSymbol&quot;:&quot;$&quot;,&quot;symbol&quot;:&quot;US$&quot;},&quot;Currency:{\&quot;code\&quot;:\&quot;UAH\&quot;}&quot;:{&quot;code&quot;:&quot;UAH&quot;,&quot;__typename&quot;:&quot;Currency&quot;,&quot;name&quot;:&quot;Ukrainian Hryvnia&quot;,&quot;encodedSymbol&quot;:&quot;UAH&quot;,&quot;symbol&quot;:&quot;UAH&quot;},&quot;Currency:{\&quot;code\&quot;:\&quot;AED\&quot;}&quot;:{&quot;code&quot;:&quot;AED&quot;,&quot;__typename&quot;:&quot;Currency&quot;,&quot;name&quot;:&quot;United Arab Emirates Dirham&quot;,&quot;encodedSymbol&quot;:&quot;AED&quot;,&quot;symbol&quot;:&quot;UAE&quot;},&quot;Currency:{\&quot;code\&quot;:\&quot;XOF\&quot;}&quot;:{&quot;code&quot;:&quot;XOF&quot;,&quot;__typename&quot;:&quot;Currency&quot;,&quot;name&quot;:&quot;West African CFA Franc&quot;,&quot;encodedSymbol&quot;:&quot;XOF&quot;,&quot;symbol&quot;:&quot;XOF&quot;}}&lt;/script&gt;&lt;script nonce=&quot;Y346mIyU7Ic0W43&quot;&gt;window.Promise||document.write(&#039;&lt;script crossorigin=&quot;anonymous&quot; src=&quot;https://cf.bstatic.com/libs/promise/7.0.4/promise-7.0.4.min.js&quot; nonce=&quot;Y346mIyU7Ic0W43&quot;&gt;&lt;\/script&gt;&#039;)&lt;/script&gt;&lt;script nonce=&quot;Y346mIyU7Ic0W43&quot;&gt;&quot;currentScript&quot;in document||document.write(&#039;&lt;script src=&quot;https://cf.bstatic.com/libs/current-script-polyfill/1.0.0/current-script-polyfill.min.js&quot; nonce=&quot;Y346mIyU7Ic0W43&quot;&gt;&lt;\/script&gt;&#039;)&lt;/script&gt;&lt;script id=&quot;__LOADABLE_REQUIRED_CHUNKS__&quot; nonce=&quot;Y346mIyU7Ic0W43&quot; type=&quot;application/json&quot;&gt;[&quot;3adb9e25&quot;,&quot;34f2af62&quot;,&quot;fd1a5492&quot;,&quot;b71e2dc8&quot;,&quot;5ab48c7f&quot;,&quot;64feba51&quot;,&quot;66212866&quot;,&quot;d01efdaf&quot;,&quot;51308afc&quot;,&quot;3c0c92a2&quot;,&quot;861a93b6&quot;,&quot;9b319ccc&quot;,&quot;976086da&quot;,&quot;7eb49103&quot;,&quot;7e33f430&quot;]&lt;/script&gt;&lt;script id=&quot;__LOADABLE_REQUIRED_CHUNKS___ext&quot; nonce=&quot;Y346mIyU7Ic0W43&quot; type=&quot;application/json&quot;&gt;{&quot;namedChunks&quot;:[&quot;src-components-SearchBoxDesktopHorizontal-SearchBoxDesktopHorizontal&quot;,&quot;src-components-BreadCrumbsDesktop-BreadCrumbsDesktop&quot;,&quot;src-components-HeaderDesktop-HeaderDesktop&quot;,&quot;src-components-LeftColumnDesktop-LeftColumnDesktop&quot;,&quot;src-components-PropertiesListDesktop-PropertiesListDesktop&quot;,&quot;src-components-TripTypeRecommendations-TripTypeRecommendations&quot;,&quot;src-components-SortersDropdown-SortersDropdown&quot;,&quot;bookingcom-web-shell-header-mfe-components-AccommodationHeader-SearchResultHeader&quot;,&quot;src-components-GlobalAlerts-GlobalAlerts&quot;,&quot;src-components-PropertiesListMap-PropertiesListMap&quot;,&quot;bookingcom-marketing-rewards-ui-web-components-RewardsBanner&quot;,&quot;bookingcom-index-lp-web-mfe-components-WanderlistCarousel&quot;,&quot;bookingcom-survey-tracker-mfe-banner&quot;,&quot;common-genius-patterns-GeniusOnboardingSheet-GeniusOnboardingSheet&quot;,&quot;bookingcom-index-lp-web-mfe-components-GeniusSignInSheet&quot;]}&lt;/script&gt;&lt;script async=&quot;async&quot; crossorigin=&quot;anonymous&quot; data-chunk=&quot;client&quot; nonce=&quot;Y346mIyU7Ic0W43&quot; src=&quot;https://cf.bstatic.com/psb/capla/static/js/client.8d612168.js&quot;&gt;&lt;/script&gt;&lt;script async=&quot;async&quot; crossorigin=&quot;anonymous&quot; data-chunk=&quot;bootstrap&quot; nonce=&quot;Y346mIyU7Ic0W43&quot; src=&quot;https://cf.bstatic.com/psb/capla/static/js/5f950c3a.c4c3a61f.chunk.js&quot;&gt;&lt;/script&gt;&lt;script async=&quot;async&quot; crossorigin=&quot;anonymous&quot; data-chunk=&quot;App&quot; nonce=&quot;Y346mIyU7Ic0W43&quot; src=&quot;https://cf.bstatic.com/psb/capla/static/js/a922c109.db514c50.chunk.js&quot;&gt;&lt;/script&gt;&lt;script async=&quot;async&quot; crossorigin=&quot;anonymous&quot; data-chunk=&quot;src-components-SearchBoxDesktopHorizontal-SearchBoxDesktopHorizontal&quot; nonce=&quot;Y346mIyU7Ic0W43&quot; src=&quot;https://cf.bstatic.com/psb/capla/static/js/3adb9e25.16b3a84f.chunk.js&quot;&gt;&lt;/script&gt;&lt;script async=&quot;async&quot; crossorigin=&quot;anonymous&quot; data-chunk=&quot;src-components-BreadCrumbsDesktop-BreadCrumbsDesktop&quot; nonce=&quot;Y346mIyU7Ic0W43&quot; src=&quot;https://cf.bstatic.com/psb/capla/static/js/34f2af62.bcbd0076.chunk.js&quot;&gt;&lt;/script&gt;&lt;script async=&quot;async&quot; crossorigin=&quot;anonymous&quot; data-chunk=&quot;src-components-HeaderDesktop-HeaderDesktop&quot; nonce=&quot;Y346mIyU7Ic0W43&quot; src=&quot;https://cf.bstatic.com/psb/capla/static/js/fd1a5492.83588af8.chunk.js&quot;&gt;&lt;/script&gt;&lt;script async=&quot;async&quot; crossorigin=&quot;anonymous&quot; data-chunk=&quot;src-components-LeftColumnDesktop-LeftColumnDesktop&quot; nonce=&quot;Y346mIyU7Ic0W43&quot; src=&quot;https://cf.bstatic.com/psb/capla/static/js/b71e2dc8.73e2cb58.chunk.js&quot;&gt;&lt;/script&gt;&lt;script async=&quot;async&quot; crossorigin=&quot;anonymous&quot; data-chunk=&quot;src-components-PropertiesListDesktop-PropertiesListDesktop&quot; nonce=&quot;Y346mIyU7Ic0W43&quot; src=&quot;https://cf.bstatic.com/psb/capla/static/js/5ab48c7f.0139b346.chunk.js&quot;&gt;&lt;/script&gt;&lt;script async=&quot;async&quot; crossorigin=&quot;anonymous&quot; data-chunk=&quot;src-components-TripTypeRecommendations-TripTypeRecommendations&quot; nonce=&quot;Y346mIyU7Ic0W43&quot; src=&quot;https://cf.bstatic.com/psb/capla/static/js/64feba51.82f6ba42.chunk.js&quot;&gt;&lt;/script&gt;&lt;script async=&quot;async&quot; crossorigin=&quot;anonymous&quot; data-chunk=&quot;src-components-SortersDropdown-SortersDropdown&quot; nonce=&quot;Y346mIyU7Ic0W43&quot; src=&quot;https://cf.bstatic.com/psb/capla/static/js/66212866.fac51659.chunk.js&quot;&gt;&lt;/script&gt;&lt;script async=&quot;async&quot; crossorigin=&quot;anonymous&quot; data-chunk=&quot;bookingcom-web-shell-header-mfe-components-AccommodationHeader-SearchResultHeader&quot; nonce=&quot;Y346mIyU7Ic0W43&quot; src=&quot;https://cf.bstatic.com/psb/capla/static/js/d01efdaf.96358d36.chunk.js&quot;&gt;&lt;/script&gt;&lt;script async=&quot;async&quot; crossorigin=&quot;anonymous&quot; data-chunk=&quot;src-components-GlobalAlerts-GlobalAlerts&quot; nonce=&quot;Y346mIyU7Ic0W43&quot; src=&quot;https://cf.bstatic.com/psb/capla/static/js/51308afc.e7dadbce.chunk.js&quot;&gt;&lt;/script&gt;&lt;script async=&quot;async&quot; crossorigin=&quot;anonymous&quot; data-chunk=&quot;src-components-PropertiesListMap-PropertiesListMap&quot; nonce=&quot;Y346mIyU7Ic0W43&quot; src=&quot;https://cf.bstatic.com/psb/capla/static/js/3c0c92a2.6dae7f8d.chunk.js&quot;&gt;&lt;/script&gt;&lt;script async=&quot;async&quot; crossorigin=&quot;anonymous&quot; data-chunk=&quot;bookingcom-marketing-rewards-ui-web-components-RewardsBanner&quot; nonce=&quot;Y346mIyU7Ic0W43&quot; src=&quot;https://cf.bstatic.com/psb/capla/static/js/861a93b6.1bfee23d.chunk.js&quot;&gt;&lt;/script&gt;&lt;script async=&quot;async&quot; crossorigin=&quot;anonymous&quot; data-chunk=&quot;bookingcom-index-lp-web-mfe-components-WanderlistCarousel&quot; nonce=&quot;Y346mIyU7Ic0W43&quot; src=&quot;https://cf.bstatic.com/psb/capla/static/js/9b319ccc.503c6806.chunk.js&quot;&gt;&lt;/script&gt;&lt;script async=&quot;async&quot; crossorigin=&quot;anonymous&quot; data-chunk=&quot;bookingcom-survey-tracker-mfe-banner&quot; nonce=&quot;Y346mIyU7Ic0W43&quot; src=&quot;https://cf.bstatic.com/psb/capla/static/js/976086da.00c7dc02.chunk.js&quot;&gt;&lt;/script&gt;&lt;script async=&quot;async&quot; crossorigin=&quot;anonymous&quot; data-chunk=&quot;common-genius-patterns-GeniusOnboardingSheet-GeniusOnboardingSheet&quot; nonce=&quot;Y346mIyU7Ic0W43&quot; src=&quot;https://cf.bstatic.com/psb/capla/static/js/7eb49103.2cfa0acf.chunk.js&quot;&gt;&lt;/script&gt;&lt;script async=&quot;async&quot; crossorigin=&quot;anonymous&quot; data-chunk=&quot;bookingcom-index-lp-web-mfe-components-GeniusSignInSheet&quot; nonce=&quot;Y346mIyU7Ic0W43&quot; src=&quot;https://cf.bstatic.com/psb/capla/static/js/7e33f430.d78abf2d.chunk.js&quot;&gt;&lt;/script&gt;&lt;script id=&quot;__CAPLA_CHUNK_METADATA__b-search-web-searchresultsBXEQLBaN/SearchBoxDesktopHorizontal&quot; type=&quot;application/json&quot;&gt;{&quot;chunks&quot;:[],&quot;experimentTags&quot;:{},&quot;featureNames&quot;:{},&quot;copyTags&quot;:{}}&lt;/script&gt;&lt;script id=&quot;__CAPLA_CHUNK_METADATA__b-search-web-searchresultsBXEQLBaN/BreadCrumbsDesktop&quot; type=&quot;application/json&quot;&gt;{&quot;chunks&quot;:[],&quot;experimentTags&quot;:{},&quot;featureNames&quot;:{},&quot;copyTags&quot;:{}}&lt;/script&gt;&lt;script id=&quot;__CAPLA_CHUNK_METADATA__b-search-web-searchresultsBXEQLBaN/HeaderDesktop&quot; type=&quot;application/json&quot;&gt;{&quot;chunks&quot;:[],&quot;experimentTags&quot;:{},&quot;featureNames&quot;:{},&quot;copyTags&quot;:{}}&lt;/script&gt;&lt;script id=&quot;__CAPLA_CHUNK_METADATA__b-search-web-searchresultsBXEQLBaN/LeftColumnDesktop&quot; type=&quot;application/json&quot;&gt;{&quot;chunks&quot;:[],&quot;experimentTags&quot;:{},&quot;featureNames&quot;:{},&quot;copyTags&quot;:{}}&lt;/script&gt;&lt;script id=&quot;__CAPLA_CHUNK_METADATA__b-search-web-searchresultsBXEQLBaN/PropertiesListDesktop&quot; type=&quot;application/json&quot;&gt;{&quot;chunks&quot;:[],&quot;experimentTags&quot;:{},&quot;featureNames&quot;:{},&quot;copyTags&quot;:{}}&lt;/script&gt;&lt;script id=&quot;__CAPLA_CHUNK_METADATA__b-search-web-searchresultsBXEQLBaN/SearchBoxDesktop&quot; type=&quot;application/json&quot;&gt;{&quot;chunks&quot;:[],&quot;experimentTags&quot;:{},&quot;featureNames&quot;:{},&quot;copyTags&quot;:{}}&lt;/script&gt;&lt;script id=&quot;__CAPLA_CHUNK_METADATA__b-search-web-searchresultsBXEQLBaN/TripTypeRecommendations&quot; type=&quot;application/json&quot;&gt;{&quot;chunks&quot;:[],&quot;experimentTags&quot;:{},&quot;featureNames&quot;:{},&quot;copyTags&quot;:{}}&lt;/script&gt;&lt;script id=&quot;__CAPLA_CHUNK_METADATA__b-search-web-searchresultsBXEQLBaN/SortersBar&quot; type=&quot;application/json&quot;&gt;{&quot;chunks&quot;:[],&quot;experimentTags&quot;:{},&quot;featureNames&quot;:{},&quot;copyTags&quot;:{}}&lt;/script&gt;&lt;script id=&quot;__CAPLA_CHUNK_METADATA__b-search-web-searchresultsBXEQLBaN/TravellerHeader&quot; type=&quot;application/json&quot;&gt;{&quot;chunks&quot;:[],&quot;experimentTags&quot;:{},&quot;featureNames&quot;:{},&quot;copyTags&quot;:{}}&lt;/script&gt;&lt;script id=&quot;__CAPLA_CHUNK_METADATA__b-search-web-searchresultsBXEQLBaN/GlobalAlerts&quot; type=&quot;application/json&quot;&gt;{&quot;chunks&quot;:[],&quot;experimentTags&quot;:{},&quot;featureNames&quot;:{},&quot;copyTags&quot;:{}}&lt;/script&gt;&lt;script id=&quot;__CAPLA_CHUNK_METADATA__b-search-web-searchresultsBXEQLBaN/PropertiesListMap&quot; type=&quot;application/json&quot;&gt;{&quot;chunks&quot;:[],&quot;experimentTags&quot;:{},&quot;featureNames&quot;:{},&quot;copyTags&quot;:{}}&lt;/script&gt;&lt;script id=&quot;__CAPLA_CHUNK_METADATA__b-search-web-searchresultsBXEQLBaN/MapDesktop&quot; type=&quot;application/json&quot;&gt;{&quot;chunks&quot;:[],&quot;experimentTags&quot;:{},&quot;featureNames&quot;:{},&quot;copyTags&quot;:{}}&lt;/script&gt;
&lt;div id=&quot;notification_lightbox&quot; class=&quot;white&quot; style=&quot;display: none;&quot;
&gt;
&lt;div class=&quot;sf_container&quot;&gt;
&lt;div class=&quot;subsc_form&quot;&gt;
&lt;form action=&quot;https://www.booking.com/newslettersubscribe.html&quot;
method=&quot;post&quot;
data-component=&quot;emk/subscription-entry-point emk/subscription-entry-point-feedback-msg&quot;
data-emk-entry-point-label=&quot;bounce-intent-modal&quot;
data-emk-entry-point-view-event=&quot;emk-bounce-intent-modal:open&quot;
class=&quot;emk-subscription-entry-point &quot;
&gt;
&lt;div class=&quot;newsletter_form_fields&quot;&gt;
&lt;h4 class=&quot;subsc_title&quot;&gt;
Save big 
&lt;/h4&gt;
&lt;p&gt;
Get exclusive Booker deals by email
&lt;/p&gt;
&lt;input type=&quot;hidden&quot; name=&quot;label&quot; value=&quot;gen000nr-10CAQoggJCD2xhbmRtYXJrXzI2MTA2MEgzWARo7AGIAQGYATO4AQXIAQXYAQPoAQH4AQGIAgGoAgG4AtrfkKgGwAIB0gIkOWIzM2E5MTMtNDMwZC00YzZmLTg5Y2ItZmU2OWJjYjc3MDc02AIB4AIB&quot; /&gt;
&lt;input type=&quot;hidden&quot; name=&quot;lang&quot; value=&quot;en-us&quot; /&gt;
&lt;input type=&quot;hidden&quot; name=&quot;sid&quot; value=&quot;90259e8437c6096c4ee27fece820d9ea&quot; /&gt;
&lt;input type=&quot;hidden&quot; name=&quot;url&quot; value=&quot;&quot; /&gt;
&lt;input type=&quot;hidden&quot; name=&quot;hostname&quot; value=&quot;www.booking.com&quot; /&gt;
&lt;input type=&quot;hidden&quot; name=&quot;companyname&quot; value=&quot;Booking.com&quot; /&gt;
&lt;input type=&quot;hidden&quot; name=&quot;aid&quot; value=&quot;304142&quot; data-ajax-submit /&gt;
&lt;input type=&quot;hidden&quot; name=&quot;label&quot; value=&quot;gen000nr-10CAQoggJCD2xhbmRtYXJrXzI2MTA2MEgzWARo7AGIAQGYATO4AQXIAQXYAQPoAQH4AQGIAgGoAgG4AtrfkKgGwAIB0gIkOWIzM2E5MTMtNDMwZC00YzZmLTg5Y2ItZmU2OWJjYjc3MDc02AIB4AIB&quot; data-ajax-submit/&gt;
&lt;input type=&quot;hidden&quot; name=&quot;endpoint_url&quot; value=&quot;https://www.booking.com&amp;#47;searchresults.html?dest_id=261060;dest_type=landmark;si=ai%2Cco%2Cci%2Cre%2Cla%2Cdi&amp;amp;#emk-footer&quot; /&gt;
&lt;input type=&quot;hidden&quot; name=&quot;error_url&quot; value=&quot;https://www.booking.com&amp;#47;searchresults.html?dest_id=261060;dest_type=landmark;si=ai%2Cco%2Cci%2Cre%2Cla%2Cdi&amp;amp;#emk-footer&quot; /&gt;
&lt;input type=&quot;hidden&quot; name=&quot;dest_id&quot; value=&quot;261060&quot; data-ajax-submit /&gt;
&lt;input type=&quot;hidden&quot; name=&quot;subscribe_source&quot; value=&quot;landing_page_ajax_notif_searchresults&quot; data-ajax-submit /&gt;
&lt;input type=&quot;hidden&quot; name=&quot;opt_in&quot; value=&quot;1&quot; data-ajax-submit /&gt;
&lt;input type=&quot;hidden&quot; name=&quot;subscribe_notification&quot; value=&quot;1&quot; /&gt;
&lt;ul class=&quot;form_list&quot;&gt;
&lt;li class=&quot;email_field&quot;&gt;
&lt;input type=&quot;email&quot; name=&quot;to&quot; autocapitalize=&quot;off&quot; required=&quot;true&quot;
id=&quot;email&quot;
class=&quot;linedinput&quot;
placeholder=&quot;Your email address&quot;
title=&quot;&quot;
value=&quot;&quot;
data-ajax-submit /&gt;
&lt;/li&gt;
&lt;li&gt;
&lt;input type=&quot;submit&quot;
data-et-click=&quot;
&quot;
value=&quot;Get deals&quot;
class=&quot;subscribebutton&quot; /&gt;
&lt;/li&gt;
&lt;/ul&gt;
&lt;p&gt;
For a limited time only
&lt;/p&gt;
&lt;/div&gt;
&lt;p class=&quot;emk-feedback-msg use_sprites_no_back -invalid&quot; role=&quot;alert&quot; aria-live=&quot;assertive&quot;&gt;
&lt;span class=&quot;bicon-close&quot; aria-hidden=&quot;true&quot;&gt;&lt;/span&gt;
&lt;span class=&quot;invisible_spoken&quot;&gt;Error:&lt;/span&gt;
Please enter a valid email address.
&lt;/p&gt;
&lt;p class=&quot;emk-feedback-msg use_sprites_no_back -error&quot; role=&quot;alert&quot; aria-live=&quot;assertive&quot;&gt;
&lt;span class=&quot;bicon-close&quot; aria-hidden=&quot;true&quot;&gt;&lt;/span&gt;
&lt;span class=&quot;invisible_spoken&quot;&gt;Error:&lt;/span&gt;
Oops! An error has occurred.
&lt;/p&gt;
&lt;div class=&quot;replace-feedback-msg -success&quot;&gt;
&lt;h4&gt;
Awesome! You&#039;re now subscribed
&lt;/h4&gt;
&lt;br /&gt;
Soon you&#039;ll receive news about top-rated hotels, irresistible deals and exciting destinations!
&lt;/div&gt;
&lt;/form&gt;
&lt;/div&gt;
&lt;/div&gt;
&lt;/div&gt;
&lt;script nonce=&quot;Y346mIyU7Ic0W43&quot;&gt;
var B = window.B || { env: {} };
B.env.emk_bounce_intent_modal = true;
&lt;/script&gt;
&lt;div class=&quot;g-hidden&quot;&gt;
&lt;div class=&quot;js-user-access-menu-lightbox user-access-menu-lightbox--signin user-access-menu-lightbox--no-password-strength&quot;&gt;
&lt;svg class=&quot;bk-icon -logos-booking-logo&quot; height=&quot;42&quot; style=&quot;display:none;&quot; width=&quot;252&quot; viewBox=&quot;0 0 252 42&quot; role=&quot;presentation&quot; aria-hidden=&quot;true&quot; focusable=&quot;false&quot;&gt;
&lt;path d=&quot;M15.592 22.92C15.591 20.283 13.924 18.652 11.348 18.652H7.738C6.58 18.815 6.055 19.518 6.055 20.877V26.783L11.348 26.79C13.966 26.79 15.591 25.629 15.592 22.92ZM6.055 13.391H10.819C13.496 13.391 14.449 11.689 14.449 9.911C14.449 7.576 13.057 6.181 10.735 6.181H8.025C6.671 6.268 6.055 6.966 6.055 8.428V13.391ZM21.815 23.351C21.815 28.956 17.536 32.87 10.912 32.87H0V4.87C0.02 3.085 1.872 1.285 3.64 1.218H10.777C16.737 1.218 20.587 4.222 20.587 9.202C20.587 12.462 18.959 14.346 17.988 15.183L17.152 15.9L18.109 16.441C20.432 17.751 21.815 20.333 21.815 23.351V23.351ZM148.135 20.675C148.135 15.58 145.385 14.986 143.325 14.986C139.165 14.986 138.845 19.175 138.845 20.459C138.845 23.376 140.105 26.49 143.665 26.49C145.705 26.49 148.135 25.48 148.135 20.675V20.675ZM154.045 9.738L154.025 30.732C154.025 38.739 148.045 41.584 142.505 41.584C139.815 41.584 136.845 40.858 134.555 39.639L134.105 39.4L134.835 37.53L135.345 36.243C135.905 34.855 136.715 34.509 138.095 34.928C139.155 35.312 140.735 35.739 142.475 35.739C146.045 35.739 148.015 34.05 148.015 30.994V30.356L147.505 30.732C146.215 31.72 144.575 32.205 142.505 32.205C136.445 32.205 132.215 27.445 132.215 20.63C132.215 13.811 136.305 9.228 142.385 9.228C145.445 9.228 147.325 10.309 148.375 11.221L148.675 11.482L148.855 11.132C149.325 10.23 150.275 9.738 151.515 9.738H154.045V9.738ZM67.707 21.184C67.707 17.473 65.411 14.877 62.137 14.877C58.877 14.877 56.608 17.473 56.608 21.184C56.608 24.898 58.878 27.496 62.138 27.496C65.464 27.496 67.708 24.958 67.708 21.184H67.707ZM74.088 21.184C74.088 28.054 69.052 33.04 62.138 33.04C55.234 33.04 50.228 28.054 50.228 21.184C50.228 14.318 55.234 9.331 62.138 9.331C69.052 9.331 74.088 14.318 74.088 21.184ZM105.445 32.677V13.281C105.445 10.941 104.335 9.806 102.025 9.806L99.465 9.796L99.485 27.5H99.465L99.485 32.87H105.445V32.677ZM122.505 9.278C119.175 9.278 117.055 10.765 115.865 12.018L115.465 12.423L115.325 11.873C114.975 10.529 113.795 9.788 112.025 9.788H109.165L109.185 32.683H115.225V22.131C115.225 21.099 115.365 20.205 115.635 19.387C116.355 16.914 117.995 15.378 120.525 15.378C122.555 15.378 123.725 16.453 123.725 19.232V29.203C123.725 31.573 125.195 32.683 127.555 32.683H129.785V18.261C129.785 12.475 127.825 9.278 122.505 9.278V9.278ZM91.436 21.777C91.1964 21.3119 90.8928 20.8827 90.534 20.502L90.326 20.281L90.546 20.069C90.862 19.734 91.186 19.338 91.497 18.878L97.584 9.795H90.195L85.622 16.899C85.363 17.28 84.84 17.472 84.058 17.472H82.48V4.045C82.48 1.36 80.642 0 78.84 0H76.414L76.42 32.691H82.48V23.183H83.63C84.375 23.183 84.883 23.269 85.118 23.675L88.729 30.518C89.736 32.375 90.743 32.691 92.635 32.691H97.651L93.915 26.488L91.436 21.777ZM41.648 21.184C41.648 17.473 39.358 14.877 36.079 14.877C32.819 14.877 30.553 17.473 30.553 21.184C30.553 24.898 32.819 27.496 36.079 27.496C39.405 27.496 41.649 24.958 41.649 21.184H41.648ZM48.028 21.184C48.028 28.054 43.002 33.04 36.079 33.04C29.182 33.04 24.177 28.054 24.177 21.184C24.177 14.318 29.182 9.331 36.079 9.331C43.002 9.331 48.027 14.318 48.027 21.184H48.028ZM98.764 3.81C98.764 1.704 100.464 0 102.544 0C104.634 0 106.334 1.704 106.334 3.81C106.334 5.911 104.634 7.617 102.544 7.617C100.464 7.617 98.764 5.911 98.764 3.81Z&quot; fill=&quot;#003580&quot;/&gt;
&lt;path d=&quot;M187.08 25.067C187.06 25.088 184.38 27.915 180.87 27.915C177.66 27.915 174.42 25.941 174.42 21.538C174.42 17.73 176.93 15.071 180.53 15.071C181.7 15.071 183.02 15.492 183.23 16.198L183.26 16.318C183.74 17.919 185.19 18.001 185.47 18.001L188.88 18.005V15.021C188.88 11.085 183.89 9.65698 180.53 9.65698C173.35 9.65698 168.14 14.674 168.14 21.584C168.14 28.489 173.29 33.502 180.4 33.502C186.56 33.502 189.91 29.434 189.94 29.391L190.12 29.172L187.43 24.685L187.08 25.067ZM244.43 9.65698C241.73 9.65698 239.25 10.927 237.58 13.05L237.11 13.651L236.74 12.979C235.53 10.776 233.46 9.65698 230.57 9.65698C227.55 9.65698 225.53 11.35 224.58 12.358L223.97 13.024L223.73 12.144C223.39 10.877 222.26 10.178 220.56 10.178H218.06L218.04 32.984H224.01V22.917C224.01 22.036 224.12 21.163 224.34 20.248C224.93 17.816 226.56 15.202 229.3 15.462C230.99 15.626 231.81 16.936 231.81 19.466V32.984H237.44V22.917C237.44 21.813 237.55 20.99 237.79 20.162C238.3 17.842 240.37 15.459 243.02 15.459C244.93 15.459 245.93 16.545 245.93 19.466V29.649C245.93 31.954 247.28 32.984 249.57 32.984H251.99L252 18.424C252 12.607 249.45 9.65698 244.43 9.65698V9.65698ZM203.66 10.043C196.76 10.043 191.35 15.031 191.35 21.898C191.35 28.765 196.76 33.754 203.66 33.754C210.58 33.754 215.61 28.765 215.61 21.898C215.61 15.031 210.58 10.043 203.66 10.043V10.043ZM158.31 29.446C158.31 27.34 160 25.636 162.09 25.636C164.18 25.636 165.88 27.34 165.88 29.446C165.88 31.548 164.18 33.254 162.09 33.254C160 33.254 158.31 31.548 158.31 29.446ZM203.66 28.209C200.4 28.209 198.13 25.611 198.13 21.898C198.13 18.186 200.4 15.59 203.66 15.59C206.93 15.59 209.23 18.186 209.23 21.898C209.23 25.671 206.99 28.209 203.66 28.209Z&quot; fill=&quot;#0896FF&quot;/&gt;
&lt;/svg&gt;
&lt;svg class=&quot;bk-icon -iconset-close&quot; height=&quot;128&quot; style=&quot;display:none;&quot; width=&quot;128&quot; viewBox=&quot;0 0 128 128&quot; role=&quot;presentation&quot; aria-hidden=&quot;true&quot; focusable=&quot;false&quot;&gt;&lt;path d=&quot;M69.7 64l33.1-33.2a4 4 0 0 0-5.6-5.6L64 58.3 30.8 25.2a4 4 0 1 0-5.6 5.6L58.3 64 25.2 97.2a4 4 0 1 0 5.6 5.6L64 69.7l33.2 33.1a4 4 0 0 0 5.6-5.6z&quot;/&gt;&lt;/svg&gt;
&lt;div class=&quot;iam_account_access&quot;&gt;
&lt;div class=&quot;iam_card iam_login_form&quot;&gt;
&lt;div class=&quot;iam_login_text iam_login_text--header&quot;&gt;
Sign in to continue 
&lt;/div&gt;
&lt;a
href=&quot;https:&amp;#47;&amp;#47;account.booking.com&amp;#47;auth&amp;#47;oauth2?redirect_uri=https%3A%2F%2Fsecure.booking.com%2Flogin.html%3Fop%3Doauth_return&amp;amp;state=UocCnPCIIMj4ET9phSHK8f0t2I_cGOPtxT7pkUYL-Nb7EHwc3GYUDTDJnShCtj9Q7rb9z4-_Kr5rkKJx0lnLYEPABffePIC9Xk8Z0SGgcEQxxd4jcinw28KVwCRrRHEPKewhZVM1osE1HjhqbCxgbRyLC_2rSrhRUN6M6QX6P37xnPPz2QtlKY_tDF_DOWgZ2T9P5KtwEPP34LGEGgb0uFkm8cKjreu3_n7ZTywNCwjXnku9GbM5u-t3AmIb9vcy-AaXsz7K8khrwgYOqMXDG1YXrqf9Hpyro5Ve9Zo2lpJIEbBhGOHMPnQsJDuoeD7-rnDQyEOs9E_OA9Yj9yYt387PMPtVpZ2UeBQ&amp;amp;dt=1694773210&amp;amp;client_id=vO1Kblk7xX9tUn2cpZLS&amp;amp;response_type=code&amp;amp;bkng_action=searchresults&amp;amp;aid=304142&amp;amp;lang=en-us&quot;
class=&quot;iam_login_btn--email bui-button bui-button--large bui-button--wide bui-spacer&quot;
role=&quot;button&quot;
data-bui-component=&quot;Button&quot;
&gt;
&lt;span class=&quot;bui-button__text&quot;&gt;
Sign in to your account
&lt;/span&gt;
&lt;/a&gt;
&lt;div class=&quot;iam_login_or&quot;&gt;
&lt;div class=&quot;iam_login_or_divider&quot;&gt;&lt;/div&gt;
&lt;span class=&quot;iam_login_or_text&quot;&gt;or use one of these options&lt;/span&gt;
&lt;/div&gt;
&lt;div class=&quot;access-panel__social-buttons&quot;&gt;
&lt;a
href=&quot;https:&amp;#47;&amp;#47;account.booking.com&amp;#47;auth&amp;#47;oauth2?redirect_uri=https%3A%2F%2Fsecure.booking.com%2Flogin.html%3Fop%3Doauth_return&amp;amp;state=UocCnPCIIMj4ET9phSHK8f0t2I_cGOPtxT7pkUYL-Nb7EHwc3GYUDTDJnShCtj9Q7rb9z4-_Kr5rkKJx0lnLYEPABffePIC9Xk8Z0SGgcEQxxd4jcinw28KVwCRrRHEPKewhZVM1osE1HjhqbCxgbRyLC_2rSrhRUN6M6QX6P37xnPPz2QtlKY_tDF_DOWgZ2T9P5KtwEPP34LGEGgb0uFkm8cKjreu3_n7ZTywNCwjXnku9GbM5u-t3AmIb9vcy-AaXsz7K8khrwgYOqMXDG1YXrqf9Hpyro5Ve9Zo2lpJIEbBhGOHMPnQsJDuoeD7-rnDQyEOs9E_OA9Yj9yYt387PMPtVpZ2UeBQ&amp;amp;dt=1694773210&amp;amp;client_id=vO1Kblk7xX9tUn2cpZLS&amp;amp;response_type=code&amp;amp;bkng_action=searchresults&amp;amp;aid=304142&amp;amp;lang=en-us&amp;amp;prompt=facebook&quot;
data-popup-href=&quot;https:&amp;#47;&amp;#47;account.booking.com&amp;#47;auth&amp;#47;oauth2?dt=1694773210&amp;amp;client_id=vO1Kblk7xX9tUn2cpZLS&amp;amp;response_type=code&amp;amp;bkng_action=searchresults&amp;amp;aid=304142&amp;amp;lang=en-us&amp;amp;redirect_uri=https%3A%2F%2Fsecure.booking.com%2Flogin.html%3Fop%3Doauth_return&amp;amp;state=Ut8BnPCIIMj4ET8gZiXXYw9WVD7RHz5DOCVmWo-HZ7x5Zgotrrzt2X8JtG-iaZ5m01eB-5mzsk4EBt1ynrXI9FZytbgtDEqj22QNu25eAH-Y_4SmdV10DI97_ufMOJFZx_155WGJ0-q0JmaPZ0zMukFOySeiMnJcurpBfHqwuxgAZNgzY6oKF5YOwMN7cBGvvSiGzWjGVnVdLc3EnMl7jHv5uGqHS6vp4UnvbNLaNvSffvkBosdDN5m1zeC0xv9wEQe8ZXAZMYoWfQ0XqtozLifeCyDxJKrgNYAV2t5vvud3VA&amp;amp;popup=1&amp;amp;prompt=facebook&quot;
class=&quot;iam_login_form__social-button iam_login_form__social-button-facebook bui-button bui-button--secondary &quot;
title=&quot;Sign in with Facebook&quot;
aria-label=&quot;Sign in with Facebook&quot;
data-component=&quot;iam/social-button&quot;
data-mask=&quot;true&quot;
&gt;
&lt;div class=&quot;iam_login_form__social-button-content&quot;&gt;
&lt;div class=&quot;iam_login_form__social-button-image&quot;&gt;
&lt;svg class=&quot;bk-icon -social-providers-facebook&quot; height=&quot;24&quot; width=&quot;24&quot; viewBox=&quot;0 0 24 24&quot; role=&quot;presentation&quot; aria-hidden=&quot;true&quot; focusable=&quot;false&quot;&gt;&lt;path d=&quot;m22.675 0h-21.35c-.732 0-1.325.593-1.325 1.325v21.351c0 .731.593 1.324 1.325 1.324h11.495v-9.294h-3.128v-3.622h3.128v-2.671c0-3.1 1.893-4.788 4.659-4.788 1.325 0 2.463.099 2.795.143v3.24l-1.918.001c-1.504 0-1.795.715-1.795 1.763v2.313h3.587l-.467 3.622h-3.12v9.293h6.116c.73 0 1.323-.593 1.323-1.325v-21.35c0-.732-.593-1.325-1.325-1.325z&quot; fill=&quot;#4469b0&quot;/&gt;&lt;/svg&gt;
&lt;/div&gt;
&lt;/div&gt;
&lt;/a&gt;
&lt;a
href=&quot;https:&amp;#47;&amp;#47;account.booking.com&amp;#47;auth&amp;#47;oauth2?redirect_uri=https%3A%2F%2Fsecure.booking.com%2Flogin.html%3Fop%3Doauth_return&amp;amp;state=UocCnPCIIMj4ET9phSHK8f0t2I_cGOPtxT7pkUYL-Nb7EHwc3GYUDTDJnShCtj9Q7rb9z4-_Kr5rkKJx0lnLYEPABffePIC9Xk8Z0SGgcEQxxd4jcinw28KVwCRrRHEPKewhZVM1osE1HjhqbCxgbRyLC_2rSrhRUN6M6QX6P37xnPPz2QtlKY_tDF_DOWgZ2T9P5KtwEPP34LGEGgb0uFkm8cKjreu3_n7ZTywNCwjXnku9GbM5u-t3AmIb9vcy-AaXsz7K8khrwgYOqMXDG1YXrqf9Hpyro5Ve9Zo2lpJIEbBhGOHMPnQsJDuoeD7-rnDQyEOs9E_OA9Yj9yYt387PMPtVpZ2UeBQ&amp;amp;dt=1694773210&amp;amp;client_id=vO1Kblk7xX9tUn2cpZLS&amp;amp;response_type=code&amp;amp;bkng_action=searchresults&amp;amp;aid=304142&amp;amp;lang=en-us&amp;amp;prompt=google&quot;
data-popup-href=&quot;https:&amp;#47;&amp;#47;account.booking.com&amp;#47;auth&amp;#47;oauth2?dt=1694773210&amp;amp;client_id=vO1Kblk7xX9tUn2cpZLS&amp;amp;response_type=code&amp;amp;bkng_action=searchresults&amp;amp;aid=304142&amp;amp;lang=en-us&amp;amp;redirect_uri=https%3A%2F%2Fsecure.booking.com%2Flogin.html%3Fop%3Doauth_return&amp;amp;state=Ut8BnPCIIMj4ET8gZiXXYw9WVD7RHz5DOCVmWo-HZ7x5Zgotrrzt2X8JtG-iaZ5m01eB-5mzsk4EBt1ynrXI9FZytbgtDEqj22QNu25eAH-Y_4SmdV10DI97_ufMOJFZx_155WGJ0-q0JmaPZ0zMukFOySeiMnJcurpBfHqwuxgAZNgzY6oKF5YOwMN7cBGvvSiGzWjGVnVdLc3EnMl7jHv5uGqHS6vp4UnvbNLaNvSffvkBosdDN5m1zeC0xv9wEQe8ZXAZMYoWfQ0XqtozLifeCyDxJKrgNYAV2t5vvud3VA&amp;amp;popup=1&amp;amp;prompt=google&quot;
class=&quot;iam_login_form__social-button iam_login_form__social-button-google bui-button bui-button--secondary &quot;
title=&quot;Sign in with Google&quot;
aria-label=&quot;Sign in with Google&quot;
data-component=&quot;iam/social-button&quot;
data-mask=&quot;true&quot;
&gt;
&lt;div class=&quot;iam_login_form__social-button-content&quot;&gt;
&lt;div class=&quot;iam_login_form__social-button-image&quot;&gt;
&lt;svg class=&quot;bk-icon -social-providers-google&quot; height=&quot;24&quot; width=&quot;24&quot; viewBox=&quot;0 0 262 262&quot; role=&quot;presentation&quot; aria-hidden=&quot;true&quot; focusable=&quot;false&quot;&gt;&lt;path d=&quot;M255.878 133.451c0-10.734-.871-18.567-2.756-26.69H130.55v48.448h71.947c-1.45 12.04-9.283 30.172-26.69 42.356l-.244 1.622 38.755 30.023 2.685.268c24.659-22.774 38.875-56.282 38.875-96.027&quot; fill=&quot;#4285F4&quot;/&gt;&lt;path d=&quot;M130.55 261.1c35.248 0 64.839-11.605 86.453-31.622l-41.196-31.913c-11.024 7.688-25.82 13.055-45.257 13.055-34.523 0-63.824-22.773-74.269-54.25l-1.531.13-40.298 31.187-.527 1.465C35.393 231.798 79.49 261.1 130.55 261.1&quot; fill=&quot;#34A853&quot;/&gt;&lt;path d=&quot;M56.281 156.37c-2.756-8.123-4.351-16.827-4.351-25.82 0-8.994 1.595-17.697 4.206-25.82l-.073-1.73L15.26 71.312l-1.335.635C5.077 89.644 0 109.517 0 130.55s5.077 40.905 13.925 58.602l42.356-32.782&quot; fill=&quot;#FBBC05&quot;/&gt;&lt;path d=&quot;M130.55 50.479c24.514 0 41.05 10.589 50.479 19.438l36.844-35.974C195.245 12.91 165.798 0 130.55 0 79.49 0 35.393 29.301 13.925 71.947l42.211 32.783c10.59-31.477 39.891-54.251 74.414-54.251&quot; fill=&quot;#EB4335&quot;/&gt;&lt;/svg&gt;
&lt;/div&gt;
&lt;/div&gt;
&lt;/a&gt;
&lt;a
href=&quot;https:&amp;#47;&amp;#47;account.booking.com&amp;#47;auth&amp;#47;oauth2?redirect_uri=https%3A%2F%2Fsecure.booking.com%2Flogin.html%3Fop%3Doauth_return&amp;amp;state=UocCnPCIIMj4ET9phSHK8f0t2I_cGOPtxT7pkUYL-Nb7EHwc3GYUDTDJnShCtj9Q7rb9z4-_Kr5rkKJx0lnLYEPABffePIC9Xk8Z0SGgcEQxxd4jcinw28KVwCRrRHEPKewhZVM1osE1HjhqbCxgbRyLC_2rSrhRUN6M6QX6P37xnPPz2QtlKY_tDF_DOWgZ2T9P5KtwEPP34LGEGgb0uFkm8cKjreu3_n7ZTywNCwjXnku9GbM5u-t3AmIb9vcy-AaXsz7K8khrwgYOqMXDG1YXrqf9Hpyro5Ve9Zo2lpJIEbBhGOHMPnQsJDuoeD7-rnDQyEOs9E_OA9Yj9yYt387PMPtVpZ2UeBQ&amp;amp;dt=1694773210&amp;amp;client_id=vO1Kblk7xX9tUn2cpZLS&amp;amp;response_type=code&amp;amp;bkng_action=searchresults&amp;amp;aid=304142&amp;amp;lang=en-us&amp;amp;prompt=apple&quot;
data-popup-href=&quot;https:&amp;#47;&amp;#47;account.booking.com&amp;#47;auth&amp;#47;oauth2?dt=1694773210&amp;amp;client_id=vO1Kblk7xX9tUn2cpZLS&amp;amp;response_type=code&amp;amp;bkng_action=searchresults&amp;amp;aid=304142&amp;amp;lang=en-us&amp;amp;redirect_uri=https%3A%2F%2Fsecure.booking.com%2Flogin.html%3Fop%3Doauth_return&amp;amp;state=Ut8BnPCIIMj4ET8gZiXXYw9WVD7RHz5DOCVmWo-HZ7x5Zgotrrzt2X8JtG-iaZ5m01eB-5mzsk4EBt1ynrXI9FZytbgtDEqj22QNu25eAH-Y_4SmdV10DI97_ufMOJFZx_155WGJ0-q0JmaPZ0zMukFOySeiMnJcurpBfHqwuxgAZNgzY6oKF5YOwMN7cBGvvSiGzWjGVnVdLc3EnMl7jHv5uGqHS6vp4UnvbNLaNvSffvkBosdDN5m1zeC0xv9wEQe8ZXAZMYoWfQ0XqtozLifeCyDxJKrgNYAV2t5vvud3VA&amp;amp;popup=1&amp;amp;prompt=apple&quot;
class=&quot;iam_login_form__social-button iam_login_form__social-button-apple bui-button bui-button--secondary &quot;
title=&quot;Sign in with Apple&quot;
aria-label=&quot;Sign in with Apple&quot;
data-component=&quot;iam/social-button&quot;
data-mask=&quot;true&quot;
&gt;
&lt;div class=&quot;iam_login_form__social-button-content&quot;&gt;
&lt;div class=&quot;iam_login_form__social-button-image&quot;&gt;
&lt;svg class=&quot;bk-icon -social-providers-apple&quot; height=&quot;24&quot; width=&quot;24&quot; viewBox=&quot;0 0 170 170&quot; role=&quot;presentation&quot; aria-hidden=&quot;true&quot; focusable=&quot;false&quot;&gt;&lt;path d=&quot;M150.37 130.25c-2.45 5.66-5.35 10.87-8.71 15.66-4.58 6.53-8.33 11.05-11.22 13.56-4.48 4.12-9.28 6.23-14.42 6.35-3.69 0-8.14-1.05-13.32-3.18-5.197-2.12-9.973-3.17-14.34-3.17-4.58 0-9.492 1.05-14.746 3.17-5.262 2.13-9.501 3.24-12.742 3.35-4.929.21-9.842-1.96-14.746-6.52-3.13-2.73-7.045-7.41-11.735-14.04-5.032-7.08-9.169-15.29-12.41-24.65-3.471-10.11-5.211-19.9-5.211-29.378 0-10.857 2.346-20.221 7.045-28.068 3.693-6.303 8.606-11.275 14.755-14.925s12.793-5.51 19.948-5.629c3.915 0 9.049 1.211 15.429 3.591 6.362 2.388 10.447 3.599 12.238 3.599 1.339 0 5.877-1.416 13.57-4.239 7.275-2.618 13.415-3.702 18.445-3.275 13.63 1.1 23.87 6.473 30.68 16.153-12.19 7.386-18.22 17.731-18.1 31.002.11 10.337 3.86 18.939 11.23 25.769 3.34 3.17 7.07 5.62 11.22 7.36-.9 2.61-1.85 5.11-2.86 7.51zM119.11 7.24c0 8.102-2.96 15.667-8.86 22.669-7.12 8.324-15.732 13.134-25.071 12.375a25.222 25.222 0 0 1-.188-3.07c0-7.778 3.386-16.102 9.399-22.908 3.002-3.446 6.82-6.311 11.45-8.597 4.62-2.252 8.99-3.497 13.1-3.71.12 1.083.17 2.166.17 3.24z&quot;/&gt;&lt;/svg&gt;
&lt;/div&gt;
&lt;/div&gt;
&lt;/a&gt;
&lt;/div&gt;
&lt;div class=&quot;iam_login_text iam_login_text--footer&quot;&gt;
Don&#039;t have an account yet? &lt;a href=&quot;https:&amp;#47;&amp;#47;account.booking.com&amp;#47;auth&amp;#47;oauth2?redirect_uri=https%3A%2F%2Fsecure.booking.com%2Flogin.html%3Fop%3Doauth_return&amp;amp;state=UocCnPCIIMj4ET9phSHK8f0t2I_cGOPtxT7pkUYL-Nb7EHwc3GYUDTDJnShCtj9Q7rb9z4-_Kr5rkKJx0lnLYEPABffePIC9Xk8Z0SGgcEQxxd4jcinw28KVwCRrRHEPKewhZVM1osE1HjhqbCxgbRyLC_2rSrhRUN6M6QX6P37xnPPz2QtlKY_tDF_DOWgZ2T9P5KtwEPP34LGEGgb0uFkm8cKjreu3_n7ZTywNCwjXnku9GbM5u-t3AmIb9vcy-AaXsz7K8khrwgYOqMXDG1YXrqf9Hpyro5Ve9Zo2lpJIEbBhGOHMPnQsJDuoeD7-rnDQyEOs9E_OA9Yj9yYt387PMPtVpZ2UeBQ&amp;amp;dt=1694773210&amp;amp;client_id=vO1Kblk7xX9tUn2cpZLS&amp;amp;response_type=code&amp;amp;bkng_action=searchresults&amp;amp;aid=304142&amp;amp;lang=en-us&amp;prompt=register&quot;
class=&quot;iam_login_link&quot;
&gt;Create your account&lt;/a&gt;
&lt;/div&gt;
&lt;/div&gt;
&lt;/div&gt;
&lt;/div&gt;
&lt;/div&gt;
&lt;div style=&quot;display: none;&quot; id=&quot;logo-not-document-write&quot;&gt;&lt;/div&gt;
&lt;script type=&quot;text/javascript&quot; nonce=&quot;Y346mIyU7Ic0W43&quot;&gt;
setTimeout(function(){
var img = new Image(1,1);
img.src = &#039;/logo?ver=1&amp;sid=90259e8437c6096c4ee27fece820d9ea&amp;t=&#039;+1694773210+1;
},0);
&lt;/script&gt;
&lt;noscript&gt;
&lt;img style=&quot;display:none&quot; src=&quot;/logo?ver=0&amp;sid=90259e8437c6096c4ee27fece820d9ea&amp;t=1694773210&quot;&gt;
&lt;/noscript&gt;
&lt;svg class=&quot;bk-icon -iconset-close_circle&quot; height=&quot;128&quot; style=&quot;display:none;&quot; width=&quot;128&quot; viewBox=&quot;0 0 128 128&quot; role=&quot;presentation&quot; aria-hidden=&quot;true&quot; focusable=&quot;false&quot;&gt;&lt;path d=&quot;M64 8a56 56 0 1 0 56 56A56 56 0 0 0 64 8zm22.2 69.8a6 6 0 1 1-8.4 8.4L64 72.5 50.2 86.2a6 6 0 0 1-8.4-8.4L55.5 64 41.8 50.2a6 6 0 0 1 8.4-8.4L64 55.5l13.8-13.7a6 6 0 0 1 8.4 8.4L72.5 64z&quot;/&gt;&lt;/svg&gt;
&lt;svg class=&quot;bk-icon -iconset-close_bold&quot; height=&quot;128&quot; style=&quot;display:none;&quot; width=&quot;128&quot; viewBox=&quot;0 0 128 128&quot; role=&quot;presentation&quot; aria-hidden=&quot;true&quot; focusable=&quot;false&quot;&gt;&lt;path d=&quot;M75.3 64l26.4-26.3a8 8 0 0 0-11.4-11.4L64 52.7 37.7 26.3a8 8 0 0 0-11.4 11.4L52.7 64 26.3 90.3a8 8 0 0 0 11.3 11.4L64 75.3l26.3 26.4a8 8 0 0 0 11.4-11.4z&quot;/&gt;&lt;/svg&gt;
&lt;svg class=&quot;bk-icon -iconset-navarrow_right_bold&quot; height=&quot;128&quot; style=&quot;display:none;&quot; width=&quot;128&quot; viewBox=&quot;0 0 128 128&quot; role=&quot;presentation&quot; aria-hidden=&quot;true&quot; focusable=&quot;false&quot;&gt;&lt;path d=&quot;M48 104a8 8 0 0 1-5.7-13.7L68.7 64 42.3 37.7a8 8 0 0 1 11.4-11.4L91.3 64l-37.6 37.7A8 8 0 0 1 48 104z&quot;/&gt;&lt;/svg&gt;
&lt;svg class=&quot;bk-icon -iconset-navarrow_left_bold&quot; height=&quot;128&quot; style=&quot;display:none;&quot; width=&quot;128&quot; viewBox=&quot;0 0 128 128&quot; role=&quot;presentation&quot; aria-hidden=&quot;true&quot; focusable=&quot;false&quot;&gt;&lt;path d=&quot;M80 104a8 8 0 0 1-5.7-2.3L36.7 64l37.6-37.7a8 8 0 0 1 11.4 11.4L59.3 64l26.4 26.3A8 8 0 0 1 80 104z&quot;/&gt;&lt;/svg&gt;
&lt;svg class=&quot;bk-icon -iconset-clock&quot; height=&quot;128&quot; style=&quot;display:none;&quot; width=&quot;128&quot; viewBox=&quot;0 0 128 128&quot; role=&quot;presentation&quot; aria-hidden=&quot;true&quot; focusable=&quot;false&quot;&gt;&lt;path d=&quot;M64 8a56 56 0 1 0 56 56A56 56 0 0 0 64 8zm0 104a48 48 0 1 1 48-48 48 48 0 0 1-48 48zm24-44a4 4 0 0 1-4 4H56V36a4 4 0 0 1 8 0v28h20a4 4 0 0 1 4 4z&quot;/&gt;&lt;/svg&gt;
&lt;svg class=&quot;bk-icon -iconset-centermap&quot; height=&quot;128&quot; style=&quot;display:none;&quot; width=&quot;128&quot; viewBox=&quot;0 0 128 128&quot; role=&quot;presentation&quot; aria-hidden=&quot;true&quot; focusable=&quot;false&quot;&gt;&lt;path d=&quot;M64 78a14 14 0 1 1 14-14 14 14 0 0 1-14 14zM27.4 48.6A2 2 0 0 0 24 50v10H8v8h16v10.3a2 2 0 0 0 3.4 1.4l14.1-14.2a2 2 0 0 0 0-2.8zM120 60h-16V50a2 2 0 0 0-3.4-1.4L86.5 62.7a2 2 0 0 0 0 2.8l14.1 14.2a2 2 0 0 0 3.4-1.4V68h16zM65.4 86.6a2 2 0 0 0-2.8 0l-14.2 14.2a2 2 0 0 0 1.4 3.4H60V120h8v-15.8h10.2a2 2 0 0 0 1.4-3.4zm12.8-62.4H68V8h-8v16.1H49.9a2 2 0 0 0-1.5 3.4l14.2 14.2a2 2 0 0 0 2.8 0l14.2-14.2a2 2 0 0 0-1.4-3.4z&quot;/&gt;&lt;/svg&gt;
&lt;svg class=&quot;bk-icon -iconset-airplane&quot; height=&quot;128&quot; style=&quot;display:none;&quot; width=&quot;128&quot; viewBox=&quot;0 0 128 128&quot; role=&quot;presentation&quot; aria-hidden=&quot;true&quot; focusable=&quot;false&quot;&gt;&lt;path d=&quot;M8.3 83.1l2.8-2.8a1 1 0 0 1 .7-.3h27.3l16-17.5-41.7-32a4 4 0 0 1-1.1-5.3l1.3-2.8a4 4 0 0 1 5.1-1.6l55.5 21.1L98 16a28.6 28.6 0 0 1 18-8 4 4 0 0 1 4 4 28.6 28.6 0 0 1-8 18L86.6 53.4l21 55.3a4 4 0 0 1-1.6 5.1l-2.7 1.4A4 4 0 0 1 98 114L66 72.3 48 89v27.3a1 1 0 0 1-.3.7l-2.8 2.8a1 1 0 0 1-1.6-.2L30.7 97.3 8.5 84.7a1 1 0 0 1-.2-1.6z&quot;/&gt;&lt;/svg&gt;
&lt;svg class=&quot;bk-icon -iconset-landmark&quot; height=&quot;128&quot; style=&quot;display:none;&quot; width=&quot;128&quot; viewBox=&quot;0 0 128 128&quot; role=&quot;presentation&quot; aria-hidden=&quot;true&quot; focusable=&quot;false&quot;&gt;&lt;rect x=&quot;8&quot; y=&quot;106&quot; width=&quot;112&quot; height=&quot;10&quot; rx=&quot;2&quot; ry=&quot;2&quot;/&gt;&lt;path d=&quot;M24 60a2 2 0 0 0-2 1.8v34.4a2 2 0 0 0 2 1.8h8a2 2 0 0 0 2-1.8V61.8a2 2 0 0 0-2-1.8zm24 0a2 2 0 0 0-2 1.8v34.4a2 2 0 0 0 2 1.8h8a2 2 0 0 0 2-1.8V61.8a2 2 0 0 0-2-1.8zm24 0a2 2 0 0 0-2 1.8v34.4a2 2 0 0 0 2 1.8h8a2 2 0 0 0 2-1.8V61.8a2 2 0 0 0-2-1.8zm24 0a2 2 0 0 0-2 1.8v34.4a2 2 0 0 0 2 1.8h8a2 2 0 0 0 2-1.8V61.8a2 2 0 0 0-2-1.8zm-85.8-8h107.6a2 2 0 0 0 1.3-3.7L65 12.3a2 2 0 0 0-2.2 0l-53.9 36a2 2 0 0 0 1.3 3.7z&quot;/&gt;&lt;/svg&gt;
&lt;svg class=&quot;bk-icon -iconset-navarrow_left&quot; height=&quot;128&quot; style=&quot;display:none;&quot; width=&quot;128&quot; viewBox=&quot;0 0 128 128&quot; role=&quot;presentation&quot; aria-hidden=&quot;true&quot; focusable=&quot;false&quot;&gt;&lt;path d=&quot;M73.7 96a4 4 0 0 1-2.9-1.2L40 64l30.8-30.8a4 4 0 0 1 5.7 5.6L51.3 64l25.2 25.2a4 4 0 0 1-2.8 6.8z&quot;/&gt;&lt;/svg&gt;
&lt;svg class=&quot;bk-icon -iconset-navarrow_right&quot; height=&quot;128&quot; style=&quot;display:none;&quot; width=&quot;128&quot; viewBox=&quot;0 0 128 128&quot; role=&quot;presentation&quot; aria-hidden=&quot;true&quot; focusable=&quot;false&quot;&gt;&lt;path d=&quot;M54.3 96a4 4 0 0 1-2.8-6.8L76.7 64 51.5 38.8a4 4 0 0 1 5.7-5.6L88 64 57.2 94.8a4 4 0 0 1-2.9 1.2z&quot;/&gt;&lt;/svg&gt;
&lt;svg class=&quot;bk-icon -iconset-sort_filters&quot; height=&quot;128&quot; style=&quot;display:none;&quot; width=&quot;128&quot; viewBox=&quot;0 0 128 128&quot; role=&quot;presentation&quot; aria-hidden=&quot;true&quot; focusable=&quot;false&quot;&gt;&lt;path d=&quot;M40 88h8v32h-8v-8H16a8 8 0 0 1 0-16h24zm72 8H56v16h56a8 8 0 0 0 0-16zM16 72h72v8h8V48h-8v8H16a8 8 0 0 0 0 16zm96-16h-8v16h8a8 8 0 0 0 0-16zM16 32h40v8h8V8h-8v8H16a8 8 0 0 0 0 16zm104-8a8 8 0 0 0-8-8H72v16h40a8 8 0 0 0 8-8z&quot;/&gt;&lt;/svg&gt;
&lt;svg class=&quot;bk-icon -iconset-walk&quot; height=&quot;128&quot; style=&quot;display:none;&quot; width=&quot;128&quot; viewBox=&quot;0 0 128 128&quot; role=&quot;presentation&quot; aria-hidden=&quot;true&quot; focusable=&quot;false&quot;&gt;&lt;path d=&quot;M103.1 33.6c-1-8.7-2-22.2-12.3-25.2C80 5.2 75.5 21.9 73.3 29.3a96.3 96.3 0 0 0-3 29.5 4 4 0 0 0 3.4 3.8l19 2.6a4 4 0 0 0 4.3-2.6c3-8.6 7-20.9 6.1-29zM89 74.8l-13.7-1.9a4 4 0 0 0-4.5 3.7c-1.1 22.8 16.5 26.3 21.5 3a4 4 0 0 0-3.3-4.8zM54.7 53.6C50.2 46 43.7 34.3 33.1 36c-11 1.7-8.3 18.8-7.2 26.4a95.8 95.8 0 0 0 9.5 28 4 4 0 0 0 4.7 2l18.3-5.8a4 4 0 0 0 2.8-4.1c-.8-9-2.3-22-6.5-29zm-11.5 52.7c8.4 21.2 25.8 16.9 20.8-6.5a4 4 0 0 0-5-2.9L45.6 101a4 4 0 0 0-2.5 5.3z&quot;/&gt;&lt;/svg&gt;
&lt;svg class=&quot;bk-icon -iconset-train&quot; height=&quot;128&quot; style=&quot;display:none;&quot; width=&quot;128&quot; viewBox=&quot;0 0 128 128&quot; role=&quot;presentation&quot; aria-hidden=&quot;true&quot; focusable=&quot;false&quot;&gt;&lt;path d=&quot;M112 96V64c0-12-4.8-34-7-43.5a8 8 0 0 0-5.5-5.9C91.5 12.3 81.8 8 64 8s-27.4 4.3-35.5 6.6a8 8 0 0 0-5.6 6C20.8 30 16 52 16 64v32a8 8 0 0 0 8 8h11.8l-17.6 14.2a1 1 0 0 0 .6 1.8h12.8a1 1 0 0 0 .7-.3L48 104h32l15.7 15.7a1 1 0 0 0 .7.3h12.8a1 1 0 0 0 .6-1.8L92.2 104H104a8 8 0 0 0 8-8zM56 20a4 4 0 0 1 4-4h8a4 4 0 0 1 4 4 4 4 0 0 1-4 4h-8a4 4 0 0 1-4-4zM34 94a10 10 0 1 1 10-10 10 10 0 0 1-10 10zm-6-30a4 4 0 0 1-4-4.8l4.3-24a4 4 0 0 1 4-3.2h63.6a4 4 0 0 1 3.9 3l4 24a4 4 0 0 1-4 5zm66 30a10 10 0 1 1 10-10 10 10 0 0 1-10 10z&quot;/&gt;&lt;/svg&gt;
&lt;svg class=&quot;bk-icon -iconset-car_front&quot; height=&quot;128&quot; style=&quot;display:none;&quot; width=&quot;128&quot; viewBox=&quot;0 0 128 128&quot; role=&quot;presentation&quot; aria-hidden=&quot;true&quot; focusable=&quot;false&quot;&gt;&lt;path d=&quot;M109.2 48.9L100 26a16 16 0 0 0-14.8-10H42.8A16 16 0 0 0 28 26l-9.1 23A16 16 0 0 0 8 64v24a8 8 0 0 0 8 8v8a8 8 0 0 0 16 0v-8h64v8a8 8 0 0 0 16 0v-8a8 8 0 0 0 8-8V64a16 16 0 0 0-10.8-15.1zM35.4 29a8 8 0 0 1 7.4-5h42.4a8 8 0 0 1 7.4 5l7.6 19H27.8zM26 76a10 10 0 1 1 10-10 10 10 0 0 1-10 10zm76 0a10 10 0 1 1 10-10 10 10 0 0 1-10 10z&quot;/&gt;&lt;/svg&gt;
&lt;svg class=&quot;bk-icon -iconset-food_and_drink&quot; height=&quot;128&quot; style=&quot;display:none;&quot; width=&quot;128&quot; viewBox=&quot;0 0 128 128&quot; role=&quot;presentation&quot; aria-hidden=&quot;true&quot; focusable=&quot;false&quot;&gt;&lt;path d=&quot;M64 39.4c0-12.7-4-24-10.2-31.4H18.2A49.6 49.6 0 0 0 8 39.4c0 20.4 10.4 37.4 24 40.2V112H20a4 4 0 0 0 0 8h32a4 4 0 0 0 0-8H40V79.6c13.6-2.8 24-19.8 24-40.2zM22.2 16h27.6c4 6.2 6.2 14.5 6.2 23.4v.6H16v-.6c0-9 2.2-17.2 6.2-23.4zM120 44a12 12 0 0 1-12 12h-3.6l3.4 59.8a4 4 0 0 1-4 4.2h-7.6a4 4 0 0 1-4-4.2L95.6 56H92a12 12 0 0 1-12-12l3.9-35.1a1 1 0 0 1 1-.9H87a1 1 0 0 1 1 1v19a4 4 0 0 0 4 4h4.8L98 9a1 1 0 0 1 1-1h2a1 1 0 0 1 1 1l1.1 23h4.9a4 4 0 0 0 4-4V9a1 1 0 0 1 1-1h2.1a1 1 0 0 1 1 .9z&quot;/&gt;&lt;/svg&gt;
&lt;svg class=&quot;bk-icon -iconset-shopping_bag&quot; height=&quot;128&quot; style=&quot;display:none;&quot; width=&quot;128&quot; viewBox=&quot;0 0 128 128&quot; role=&quot;presentation&quot; aria-hidden=&quot;true&quot; focusable=&quot;false&quot;&gt;&lt;path d=&quot;M104 48c-.6-4-3.7-8-8-8H32c-4.3 0-7.5 3.4-8 8l-8 64a8.1 8.1 0 0 0 8 8h80a8.1 8.1 0 0 0 8-8zM48 62a6 6 0 0 1-6-6 6 6 0 1 1 6 6zm32 0a6 6 0 0 1-6-6 6 6 0 1 1 6 6zm5.6-32.5a21.6 21.6 0 0 0-43.2 0v2.6h6.8v-2.6a14.8 14.8 0 0 1 29.6 0v2.6h6.8v-2.6z&quot;/&gt;&lt;/svg&gt;
&lt;svg class=&quot;bk-icon -iconset-theater&quot; height=&quot;128&quot; style=&quot;display:none;&quot; width=&quot;128&quot; viewBox=&quot;0 0 128 128&quot; role=&quot;presentation&quot; aria-hidden=&quot;true&quot; focusable=&quot;false&quot;&gt;&lt;path d=&quot;M80 56.9V8H8v48.9C8 78.5 23.9 96 43.4 96h1.2C64 96 80 78.5 80 56.9zM44.6 88h-1.2C28.4 88 16 74 16 56.9V16h56v40.9C72 74 59.7 88 44.6 88zM120 32v48.9c0 21.6-15.9 39.1-35.4 39.1h-1.2c-12.2 0-23-6.8-29.3-17.2a40.8 40.8 0 0 0 7.8-2.7c5 7.2 12.8 11.9 21.5 11.9h1.2c15 0 27.4-14 27.4-31.1V40H88v-8zM30.8 42.8a4 4 0 0 1-5.6-5.6l8-8a4 4 0 0 1 5.6 5.6zM92 64a4 4 0 0 1-2.8-6.8l8-8a4 4 0 0 1 5.6 5.6l-8 8A4 4 0 0 1 92 64zM62.8 37.2a4 4 0 1 1-5.6 5.6l-8-8a4 4 0 1 1 5.6-5.6zm-3.6 20.4a4 4 0 0 1 .7 3.4A16.5 16.5 0 0 1 28 61a4 4 0 0 1 3.9-5h24a4 4 0 0 1 3.2 1.6zM84 79a16.4 16.4 0 0 1 15.9 12 4 4 0 0 1-3.9 5H72a4 4 0 0 1-3.9-5A16.4 16.4 0 0 1 84 79z&quot;/&gt;&lt;/svg&gt;
&lt;svg class=&quot;bk-icon -iconset-tree&quot; height=&quot;128&quot; style=&quot;display:none;&quot; width=&quot;128&quot; viewBox=&quot;0 0 128 128&quot; role=&quot;presentation&quot; aria-hidden=&quot;true&quot; focusable=&quot;false&quot;&gt;&lt;path d=&quot;M72 84.8V108a4 4 0 0 0 4 4h7.8a4.1 4.1 0 0 1 4.1 3.2A4 4 0 0 1 84 120H44a4 4 0 0 1-4-4.8 4.1 4.1 0 0 1 4.1-3.2H52a4 4 0 0 0 4-4V84.8a24 24 0 1 1-20.5-43.2 28.5 28.5 0 1 1 56.1-.4A24 24 0 1 1 72 84.8z&quot;/&gt;&lt;/svg&gt;
&lt;svg class=&quot;bk-icon -iconset-institution&quot; height=&quot;128&quot; style=&quot;display:none;&quot; width=&quot;128&quot; viewBox=&quot;0 0 128 128&quot; role=&quot;presentation&quot; aria-hidden=&quot;true&quot; focusable=&quot;false&quot;&gt;&lt;path d=&quot;M120 116a4 4 0 0 1-4 4H12a4 4 0 0 1 0-8h104a4 4 0 0 1 4 4zM16 92v8a4 4 0 0 0 8 0v-8a4 4 0 0 0-8 0zm16 0v8a4 4 0 0 0 8 0v-8a4 4 0 0 0-8 0zm16 0v8a4 4 0 0 0 8 0v-8a4 4 0 0 0-8 0zm24 0v8a4 4 0 0 0 8 0v-8a4 4 0 0 0-8 0zm16 0v8a4 4 0 0 0 8 0v-8a4 4 0 0 0-8 0zm16 0v8a4 4 0 0 0 8 0v-8a4 4 0 0 0-8 0zM12 80h104a4 4 0 0 0 2-7.6L68 56V35c10.8.9 25.4-9.6 36 0V12.2c-11.7-10.6-24.4 2.4-36 .4V12a4 4 0 0 0-8 0v44L10 72.4a4 4 0 0 0 2 7.6z&quot;/&gt;&lt;/svg&gt;
&lt;svg class=&quot;bk-icon -iconset-gallery&quot; height=&quot;128&quot; style=&quot;display:none;&quot; width=&quot;128&quot; viewBox=&quot;0 0 128 128&quot; role=&quot;presentation&quot; aria-hidden=&quot;true&quot; focusable=&quot;false&quot;&gt;&lt;path d=&quot;M64.2 8h-.4a7 7 0 1 0 .4 0zm-7.1 12.9L38 40l-2-2 19.6-19.6a9.7 9.7 0 0 0 1.5 2.5z&quot;/&gt;&lt;path d=&quot;M116.4 103.7c-.9-2-2-3.8-1.4-6 1.3-4.3 2.8-8.6 4-13a34.5 34.5 0 0 0 1-9.7c0-4.8-2.7-9.3-4-14-.6-2.1-1.7-4-.6-6.3s2.3-4.4 3.6-6.7c2-3.6.3-8.1-2-10-2.5-2-5.8-2-9-1-4 1.3-7 2-11 3a25.3 25.3 0 0 1-7 1c-2.5-.2-4-1.6-6-3a8.2 8.2 0 0 0-8-1c-2.8 1.1-5.5 2.3-8.3 3.3a9.8 9.8 0 0 1-7.4 0c-2.9-1-5.5-2.1-8.3-3.3a8.2 8.2 0 0 0-8 1c-2 1.4-3.5 2.8-6 3a25.3 25.3 0 0 1-7-1c-4-1-7-1.7-11-3-3.2-1-6.5-1-9 1-2.3 1.9-4 6.4-2 10l3.5 6.7c1.1 2.3 0 4.2-.5 6.3-1.3 4.6-4 9.2-4 14a34.5 34.5 0 0 0 1 9.8c1.2 4.3 2.7 8.6 4 12.9.5 2.1-.6 4-1.4 6a43.7 43.7 0 0 0-2.5 4.8C8 112 9 116 12 118a9 9 0 0 0 7.7 1.4L32 116a10.4 10.4 0 0 1 6.8-.2c2.2.7 4.3 1.8 6.5 2.6a28.6 28.6 0 0 0 4.4 1.4c2.8.6 5.2-.6 7.4-2C59 116.4 62 115 64 115s5 1.5 7 2.7c2.1 1.5 4.5 2.7 7.3 2.1a28.6 28.6 0 0 0 4.4-1.4c2.2-.8 4.3-1.9 6.5-2.6a10.4 10.4 0 0 1 6.8.2l12.3 3.5a9 9 0 0 0 7.7-1.5c3-2 4-6 2.8-9.6a43.7 43.7 0 0 0-2.4-4.7zM16.7 113a1.8 1.8 0 1 1 1.8-1.8 1.8 1.8 0 0 1-1.8 1.8zm0-66.5a1.8 1.8 0 1 1 1.8-1.8 1.8 1.8 0 0 1-1.8 1.8zM106 99a7 7 0 0 1-7 7H29a7 7 0 0 1-7-7V57a7 7 0 0 1 7-7h70a7 7 0 0 1 7 7zm5.3 14a1.8 1.8 0 1 1 1.7-1.8 1.8 1.8 0 0 1-1.7 1.8zm0-66.5a1.8 1.8 0 1 1 1.7-1.7 1.8 1.8 0 0 1-1.7 1.7z&quot;/&gt;&lt;path d=&quot;M70.8 20.9L90 40l2-2-19.6-19.6a9.7 9.7 0 0 1-1.6 2.5z&quot;/&gt;&lt;circle cx=&quot;85.2&quot; cy=&quot;66.8&quot; r=&quot;10.8&quot;/&gt;&lt;polygon points=&quot;99 102 81 84 73.8 91.2 55.8 73.2 27 102 99 102&quot;/&gt;&lt;/svg&gt;
&lt;svg class=&quot;bk-icon -iconset-attractions&quot; height=&quot;128&quot; style=&quot;display:none;&quot; width=&quot;128&quot; viewBox=&quot;0 0 128 128&quot; role=&quot;presentation&quot; aria-hidden=&quot;true&quot; focusable=&quot;false&quot;&gt;&lt;path d=&quot;M110 54a10 10 0 0 0-3 .5 43.7 43.7 0 0 0-5.9-14.2A10 10 0 1 0 87.6 27a43.7 43.7 0 0 0-14-5.8 10 10 0 1 0-19 0 43.7 43.7 0 0 0-14 5.8 10 10 0 1 0-13.7 13.4A43.7 43.7 0 0 0 21 54.5a10 10 0 1 0 0 19 43.7 43.7 0 0 0 5.8 14A10 10 0 1 0 40.3 101a43.8 43.8 0 0 0 10.3 4.9l-2 10.5a3 3 0 0 0 2.9 3.6h24.8a3 3 0 0 0 3-3.6L77.2 106a43.8 43.8 0 0 0 10.7-5 10 10 0 1 0 13.5-14 43.7 43.7 0 0 0 5.6-13.6 10 10 0 1 0 3-19.5zm-36.3 7.5a10 10 0 0 0-1.2-2.7l18.6-18.5a35.8 35.8 0 0 1 8.8 21.2zM69 55.3a10 10 0 0 0-2.5-1V28.1a35.8 35.8 0 0 1 21 8.7zm-7.5-1a10 10 0 0 0-2.6 1.1L40.3 37a35.8 35.8 0 0 1 21.2-8.9zM55.4 59a10 10 0 0 0-1 2.5H28a35.8 35.8 0 0 1 8.7-21zm-1 7.5a10 10 0 0 0 1 2.5L36.8 87.5a35.8 35.8 0 0 1-8.7-21zM91 87.3L72.6 69a10 10 0 0 0 1-2.5H100a35.8 35.8 0 0 1-8.1 20.4l-.7.4zm-50.8 3.8l18.5-18.5a10 10 0 0 0 2.7 1V90h-5.2a3 3 0 0 0-3 2.4l-1 5.6a36 36 0 0 1-12-7zm34.2 1.3a3 3 0 0 0-3-2.4h-5V73.7a10 10 0 0 0 2.7-1.1L87.6 91l-.1.3A36 36 0 0 1 75.6 98z&quot;/&gt;&lt;/svg&gt;
&lt;svg class=&quot;bk-icon -iconset-monument&quot; height=&quot;128&quot; style=&quot;display:none;&quot; width=&quot;128&quot; viewBox=&quot;0 0 128 128&quot; role=&quot;presentation&quot; aria-hidden=&quot;true&quot; focusable=&quot;false&quot;&gt;&lt;path d=&quot;M96 116a4 4 0 0 1-4 4H36a4 4 0 0 1 0-8h56a4 4 0 0 1 4 4zm-46-12h28a2 2 0 0 0 2-2.1l-3.9-77.6a2 2 0 0 0-.4-1l-10-14.5a2 2 0 0 0-3.3 0L52.3 23.2a2 2 0 0 0-.4 1.1L48 102a2 2 0 0 0 2 2.1z&quot;/&gt;&lt;/svg&gt;
&lt;svg class=&quot;bk-icon -iconset-triangle_down&quot; height=&quot;128&quot; style=&quot;display:none;&quot; width=&quot;128&quot; viewBox=&quot;0 0 128 128&quot; role=&quot;presentation&quot; aria-hidden=&quot;true&quot; focusable=&quot;false&quot;&gt;&lt;path d=&quot;m40 56 24 24 24-24z&quot;/&gt;&lt;/svg&gt;
&lt;svg class=&quot;bk-icon -iconset-magnifying_glass&quot; height=&quot;128&quot; style=&quot;display:none;&quot; width=&quot;128&quot; viewBox=&quot;0 0 128 128&quot; role=&quot;presentation&quot; aria-hidden=&quot;true&quot; focusable=&quot;false&quot;&gt;&lt;path d=&quot;M118.8 113.2l-31-31A4 4 0 0 0 85 81a44 44 0 1 0-4 4 4 4 0 0 0 1.2 2.8l31 31a4 4 0 0 0 5.6-5.7zM52 88a36 36 0 1 1 36-36 36 36 0 0 1-36 36z&quot;/&gt;&lt;/svg&gt;
&lt;svg class=&quot;bk-icon -streamline-magnifying_glass&quot; height=&quot;24&quot; style=&quot;display:none;&quot; width=&quot;24&quot; viewBox=&quot;0 0 24 24&quot; role=&quot;presentation&quot; aria-hidden=&quot;true&quot; focusable=&quot;false&quot;&gt;&lt;path d=&quot;M17.464 6.56a8.313 8.313 0 1 1-15.302 6.504A8.313 8.313 0 0 1 17.464 6.56zm1.38-.586C16.724.986 10.963-1.339 5.974.781.988 2.9-1.337 8.662.783 13.65c2.12 4.987 7.881 7.312 12.87 5.192 4.987-2.12 7.312-7.881 5.192-12.87zM15.691 16.75l7.029 7.03a.75.75 0 0 0 1.06-1.06l-7.029-7.03a.75.75 0 0 0-1.06 1.06z&quot;/&gt;&lt;/svg&gt;
&lt;svg class=&quot;bk-icon -streamline-close_circle&quot; height=&quot;24&quot; style=&quot;display:none;&quot; width=&quot;24&quot; viewBox=&quot;0 0 24 24&quot; role=&quot;presentation&quot; aria-hidden=&quot;true&quot; focusable=&quot;false&quot;&gt;&lt;path d=&quot;M22.5 11.999c0 5.799-4.701 10.5-10.5 10.5s-10.5-4.701-10.5-10.5 4.701-10.5 10.5-10.5 10.5 4.701 10.5 10.5zm1.5 0c0-6.627-5.373-12-12-12s-12 5.373-12 12 5.373 12 12 12 12-5.373 12-12zm-15.97 5.03l9-9a.75.75 0 0 0-1.06-1.06l-9 9a.75.75 0 1 0 1.06 1.06zm9-1.06l-9-9a.75.75 0 0 0-1.06 1.06l9 9a.75.75 0 1 0 1.06-1.06z&quot;/&gt;&lt;/svg&gt;
&lt;svg class=&quot;bk-icon -streamline-house&quot; height=&quot;24&quot; style=&quot;display:none;&quot; width=&quot;24&quot; viewBox=&quot;0 0 24 24&quot; role=&quot;presentation&quot; aria-hidden=&quot;true&quot; focusable=&quot;false&quot;&gt;&lt;path d=&quot;M3 18v3.75A2.25 2.25 0 0 0 5.25 24h4.5a.75.75 0 0 0 .75-.75v-6a.75.75 0 0 1 .75-.75h1.5a.75.75 0 0 1 .75.75v6c0 .414.336.75.75.75h4.5A2.25 2.25 0 0 0 21 21.75V18a.75.75 0 0 0-1.5 0v3.75a.75.75 0 0 1-.75.75h-4.5l.75.75v-6A2.25 2.25 0 0 0 12.75 15h-1.5A2.25 2.25 0 0 0 9 17.25v6l.75-.75h-4.5a.75.75 0 0 1-.75-.75V18A.75.75 0 0 0 3 18zm-1.72-.97L11.47 6.841a.75.75 0 0 1 1.06 0l10.19 10.19a.75.75 0 1 0 1.06-1.061L13.591 5.78a2.25 2.25 0 0 0-3.182 0L.219 15.97a.75.75 0 1 0 1.061 1.06zm15.97-7.28v-1.5L16.5 9h3.75l-.75-.75v5.25a.75.75 0 0 0 1.5 0V8.25a.75.75 0 0 0-.75-.75H16.5a.75.75 0 0 0-.75.75v1.5a.75.75 0 0 0 1.5 0zM16.522.3l-.407.543a1.793 1.793 0 0 0 .279 2.461c.12.102.14.28.045.406l-.411.548a.75.75 0 1 0 1.2.9l.407-.543a1.793 1.793 0 0 0-.279-2.461.295.295 0 0 1-.045-.406l.411-.548a.75.75 0 1 0-1.2-.9zm3.75 0l-.407.543a1.793 1.793 0 0 0 .279 2.461c.12.102.14.28.045.406l-.411.548a.75.75 0 1 0 1.2.9l.407-.543a1.793 1.793 0 0 0-.279-2.461.295.295 0 0 1-.045-.406l.411-.548a.75.75 0 1 0-1.2-.9z&quot;/&gt;&lt;/svg&gt;
&lt;svg class=&quot;bk-icon -streamline-city&quot; height=&quot;24&quot; style=&quot;display:none;&quot; width=&quot;24&quot; viewBox=&quot;0 0 24 24&quot; role=&quot;presentation&quot; aria-hidden=&quot;true&quot; focusable=&quot;false&quot;&gt;&lt;path d=&quot;M2.75 6h9.5a.25.25 0 0 1-.25-.25v17.5l.75-.75H2.25l.75.75V5.75a.25.25 0 0 1-.25.25zm0-1.5c-.69 0-1.25.56-1.25 1.25v17.5c0 .414.336.75.75.75h10.5a.75.75 0 0 0 .75-.75V5.75c0-.69-.56-1.25-1.25-1.25h-9.5zm3-1.5h3.5A.25.25 0 0 1 9 2.75v2.5l.75-.75h-4.5l.75.75v-2.5a.25.25 0 0 1-.25.25zm0-1.5c-.69 0-1.25.56-1.25 1.25v2.5c0 .414.336.75.75.75h4.5a.75.75 0 0 0 .75-.75v-2.5c0-.69-.56-1.25-1.25-1.25h-3.5zM5.25 9h4.5a.75.75 0 0 0 0-1.5h-4.5a.75.75 0 0 0 0 1.5zm0 3h4.5a.75.75 0 0 0 0-1.5h-4.5a.75.75 0 0 0 0 1.5zm0 3h4.5a.75.75 0 0 0 0-1.5h-4.5a.75.75 0 0 0 0 1.5zm0 3h4.5a.75.75 0 0 0 0-1.5h-4.5a.75.75 0 0 0 0 1.5zm0 3h4.5a.75.75 0 0 0 0-1.5h-4.5a.75.75 0 0 0 0 1.5zM7.5.75v1.5a.75.75 0 0 0 1.5 0V.75a.75.75 0 0 0-1.5 0zM15.75 24h6a.75.75 0 0 0 .75-.75V10.5A1.5 1.5 0 0 0 21 9h-4.5a1.5 1.5 0 0 0-1.5 1.5v12.75a.75.75 0 0 0 1.5 0V10.5H21v12.75l.75-.75h-6a.75.75 0 0 0 0 1.5zM19.5 8.25v1.5a.75.75 0 0 0 1.5 0v-1.5a.75.75 0 0 0-1.5 0zM.75 24h22.5a.75.75 0 0 0 0-1.5H.75a.75.75 0 0 0 0 1.5z&quot;/&gt;&lt;/svg&gt;
&lt;svg class=&quot;bk-icon -streamline-landmark&quot; height=&quot;24&quot; style=&quot;display:none;&quot; width=&quot;24&quot; viewBox=&quot;0 0 24 24&quot; role=&quot;presentation&quot; aria-hidden=&quot;true&quot; focusable=&quot;false&quot;&gt;&lt;path d=&quot;M4.5 8.911h3l-.75-.75v9l.75-.75h-3l.75.75v-9l-.75.75zm0-1.5a.75.75 0 0 0-.75.75v9c0 .414.336.75.75.75h3a.75.75 0 0 0 .75-.75v-9a.75.75 0 0 0-.75-.75h-3zm6 1.5h3l-.75-.75v9l.75-.75h-3l.75.75v-9l-.75.75zm0-1.5a.75.75 0 0 0-.75.75v9c0 .414.336.75.75.75h3a.75.75 0 0 0 .75-.75v-9a.75.75 0 0 0-.75-.75h-3zm6 1.5h3l-.75-.75v9l.75-.75h-3l.75.75v-9l-.75.75zm0-1.5a.75.75 0 0 0-.75.75v9c0 .414.336.75.75.75h3a.75.75 0 0 0 .75-.75v-9a.75.75 0 0 0-.75-.75h-3zm4.5 12H3l.75.75v-2.25h16.5v2.25l.75-.75zm0 1.5a.75.75 0 0 0 .75-.75v-2.25a1.5 1.5 0 0 0-1.5-1.5H3.75a1.5 1.5 0 0 0-1.5 1.5v2.25c0 .414.336.75.75.75h18zm-19.5 3h21a.75.75 0 0 0 0-1.5h-21a.75.75 0 0 0 0 1.5zm0-3h21a.75.75 0 0 0 0-1.5h-21a.75.75 0 0 0 0 1.5zm18.75-15.75v2.25H3.75v-2.25l-.415.67L12 1.5l8.665 4.332-.415-.671zm1.5 0a.75.75 0 0 0-.415-.67L12.67.157a1.503 1.503 0 0 0-1.34 0L2.666 4.49a.75.75 0 0 0-.415.671v2.25a1.5 1.5 0 0 0 1.5 1.5h16.5a1.5 1.5 0 0 0 1.5-1.5v-2.25zM3 5.911h18a.75.75 0 0 0 0-1.5H3a.75.75 0 0 0 0 1.5z&quot;/&gt;&lt;/svg&gt;
&lt;svg class=&quot;bk-icon -streamline-transport_airplane_depart&quot; height=&quot;24&quot; style=&quot;display:none;&quot; width=&quot;24&quot; viewBox=&quot;0 0 24 24&quot; role=&quot;presentation&quot; aria-hidden=&quot;true&quot; focusable=&quot;false&quot;&gt;&lt;path d=&quot;M18.33 3.57L5.7 9.955l.79.07-1.96-1.478a.75.75 0 0 0-.753-.087l-2.1.925C.73 9.856.359 10.967.817 11.88c.11.22.263.417.45.577l3.997 3.402a2.94 2.94 0 0 0 3.22.4l3.62-1.8-1.084-.671v5.587a1.833 1.833 0 0 0 2.654 1.657l1.88-.932a1.85 1.85 0 0 0 .975-1.226l1.87-7.839-.396.498 3.441-1.707a3.494 3.494 0 1 0-3.11-6.259zm.672 1.342a1.994 1.994 0 0 1 1.775 3.571l-3.44 1.707a.75.75 0 0 0-.396.498l-1.87 7.838a.35.35 0 0 1-.185.232l-1.88.932a.335.335 0 0 1-.486-.304V13.79a.75.75 0 0 0-1.084-.672l-3.62 1.8a1.44 1.44 0 0 1-1.578-.197l-3.997-3.402a.35.35 0 0 1 .073-.577l2.067-.91-.754-.087 1.96 1.478a.75.75 0 0 0 .79.07l12.63-6.383zm-3.272.319l-4.46-2.26a1.852 1.852 0 0 0-1.656-.001l-1.846.912a1.85 1.85 0 0 0-.295 3.128l2.573 1.955a.75.75 0 1 0 .908-1.194L8.38 5.816a.35.35 0 0 1 .055-.591l1.845-.912a.351.351 0 0 1 .315 0l4.456 2.256a.75.75 0 0 0 .678-1.338z&quot;/&gt;&lt;/svg&gt;
&lt;svg class=&quot;bk-icon -streamline-attractions&quot; height=&quot;24&quot; style=&quot;display:none;&quot; width=&quot;24&quot; viewBox=&quot;0 0 24 24&quot; role=&quot;presentation&quot; aria-hidden=&quot;true&quot; focusable=&quot;false&quot;&gt;&lt;path d=&quot;M13.5 3a1.5 1.5 0 1 1-3 0 1.5 1.5 0 0 1 3 0zM15 3a3 3 0 1 0-6 0 3 3 0 0 0 6 0zm6 4.5a1.5 1.5 0 1 1-3 0 1.5 1.5 0 0 1 3 0zm1.5 0a3 3 0 1 0-6 0 3 3 0 0 0 6 0zM6 7.5a1.5 1.5 0 1 1-3 0 1.5 1.5 0 0 1 3 0zm1.5 0a3 3 0 1 0-6 0 3 3 0 0 0 6 0zM21 15a1.5 1.5 0 1 1-3 0 1.5 1.5 0 0 1 3 0zm1.5 0a3 3 0 1 0-6 0 3 3 0 0 0 6 0zm-9-3.75a1.5 1.5 0 1 1-3 0 1.5 1.5 0 0 1 3 0zm1.5 0a3 3 0 1 0-6 0 3 3 0 0 0 6 0zM6 15a1.5 1.5 0 1 1-3 0 1.5 1.5 0 0 1 3 0zm1.5 0a3 3 0 1 0-6 0 3 3 0 0 0 6 0zm10.066 1.277a7.5 7.5 0 0 1-3.077 2.05.75.75 0 0 0 .498 1.415 9 9 0 0 0 3.693-2.46.75.75 0 1 0-1.114-1.005zm1.798-6.466c.177.922.183 1.869.015 2.792a.75.75 0 1 0 1.476.268c.2-1.106.194-2.24-.019-3.344a.75.75 0 1 0-1.472.284zm-5.337-5.784a7.5 7.5 0 0 1 3.54 2.196.75.75 0 0 0 1.113-1.004 9.002 9.002 0 0 0-4.247-2.636.75.75 0 1 0-.406 1.444zM6.434 6.223a7.5 7.5 0 0 1 3.539-2.196.75.75 0 1 0-.406-1.444A9.001 9.001 0 0 0 5.32 5.219a.75.75 0 0 0 1.114 1.004zM4.636 12.69a7.602 7.602 0 0 1 0-2.878.75.75 0 1 0-1.472-.284 9.102 9.102 0 0 0 0 3.446.75.75 0 0 0 1.472-.284zm4.876 5.639a7.517 7.517 0 0 1-3.035-2.005.75.75 0 0 0-1.106 1.014 9.017 9.017 0 0 0 3.641 2.405.75.75 0 1 0 .5-1.414zM7.31 21.872A1.5 1.5 0 0 0 8.672 24h6.656a1.5 1.5 0 0 0 1.362-2.128l-3.314-8.217c-.361-.785-1.252-1.114-2.005-.767a1.5 1.5 0 0 0-.733.734l-3.343 8.283zm1.377.595l3.328-8.25-.015.033 3.313 8.217.015.033H8.672z&quot;/&gt;&lt;/svg&gt;
&lt;svg class=&quot;bk-icon -streamline-pin&quot; height=&quot;24&quot; style=&quot;display:none;&quot; width=&quot;24&quot; viewBox=&quot;0 0 24 24&quot; role=&quot;presentation&quot; aria-hidden=&quot;true&quot; focusable=&quot;false&quot;&gt;&lt;path d=&quot;M15.25 7.5a3.75 3.75 0 1 1-7.5 0 3.75 3.75 0 0 1 7.5 0zm1.5 0a5.25 5.25 0 1 0-10.5 0 5.25 5.25 0 0 0 10.5 0zm-5.625-.75a.375.375 0 0 1-.375-.375.75.75 0 0 0 1.5 0c0-.621-.504-1.125-1.125-1.125a.75.75 0 0 0 0 1.5zm.375-.375a.375.375 0 0 1-.375.375.75.75 0 0 0 0-1.5c-.621 0-1.125.504-1.125 1.125a.75.75 0 0 0 1.5 0zM11.125 6c.207 0 .375.168.375.375a.75.75 0 0 0-1.5 0c0 .621.504 1.125 1.125 1.125a.75.75 0 0 0 0-1.5zm-.375.375c0-.207.168-.375.375-.375a.75.75 0 0 0 0 1.5c.621 0 1.125-.504 1.125-1.125a.75.75 0 0 0-1.5 0zm0 5.625v9a.75.75 0 0 0 1.5 0v-9a.75.75 0 0 0-1.5 0z&quot;/&gt;&lt;/svg&gt;
&lt;svg class=&quot;bk-icon -streamline-plus&quot; height=&quot;24&quot; style=&quot;display:none;&quot; width=&quot;24&quot; viewBox=&quot;0 0 24 24&quot; role=&quot;presentation&quot; aria-hidden=&quot;true&quot; focusable=&quot;false&quot;&gt;&lt;path d=&quot;M20.25 11.25h-7.5v-7.5a.75.75 0 0 0-1.5 0v7.5h-7.5a.75.75 0 0 0 0 1.5h7.5v7.5a.75.75 0 0 0 1.5 0v-7.5h7.5a.75.75 0 0 0 0-1.5z&quot;/&gt;&lt;/svg&gt;
&lt;svg class=&quot;bk-icon -streamline-close&quot; height=&quot;24&quot; style=&quot;display:none;&quot; width=&quot;24&quot; viewBox=&quot;0 0 24 24&quot; role=&quot;presentation&quot; aria-hidden=&quot;true&quot; focusable=&quot;false&quot;&gt;&lt;path d=&quot;M13.31 12l6.89-6.89a.93.93 0 1 0-1.31-1.31L12 10.69 5.11 3.8A.93.93 0 0 0 3.8 5.11L10.69 12 3.8 18.89a.93.93 0 0 0 1.31 1.31L12 13.31l6.89 6.89a.93.93 0 1 0 1.31-1.31z&quot;/&gt;&lt;/svg&gt;
&lt;svg class=&quot;bk-icon -streamline-transport_metro&quot; height=&quot;24&quot; style=&quot;display:none;&quot; width=&quot;24&quot; viewBox=&quot;0 0 24 24&quot; role=&quot;presentation&quot; aria-hidden=&quot;true&quot; focusable=&quot;false&quot;&gt;&lt;path d=&quot;M1.316 23.755l2.37-2.73a.75.75 0 0 0-1.132-.983l-2.37 2.73a.75.75 0 0 0 1.132.983zm22.5-.984l-2.37-2.729a.75.75 0 0 0-1.132.984l2.37 2.729a.75.75 0 0 0 1.132-.984zM21 9.013c0 5.765-4.036 12-9 12s-9-6.235-9-12c0-4.636 3.3-7.5 9-7.5s9 2.864 9 7.5zm1.5 0c0-5.516-4.016-9-10.5-9s-10.5 3.484-10.5 9c0 6.492 4.536 13.5 10.5 13.5s10.5-7.008 10.5-13.5zm-10.483 13.5a8.728 8.728 0 0 0 6.503-3.132.75.75 0 0 0 .162-.615c-.476-2.615-3.338-4.502-6.682-4.502-3.344 0-6.208 1.887-6.682 4.502a.75.75 0 0 0 .162.615 8.728 8.728 0 0 0 6.503 3.132zm0-1.5a7.228 7.228 0 0 1-5.385-2.594l.162.615c.33-1.822 2.527-3.27 5.206-3.27 2.679 0 4.875 1.448 5.206 3.27l.162-.615a7.228 7.228 0 0 1-5.385 2.594zm3.733-16.5h-7.5a3 3 0 0 0 0 6h7.5a3 3 0 1 0 0-6zm0 1.5a1.5 1.5 0 0 1 0 3h-7.5a1.5 1.5 0 1 1 0-3h7.5z&quot;/&gt;&lt;/svg&gt;
&lt;svg class=&quot;bk-icon -streamline-distance&quot; height=&quot;24&quot; style=&quot;display:none;&quot; width=&quot;24&quot; viewBox=&quot;0 0 24 24&quot; role=&quot;presentation&quot; aria-hidden=&quot;true&quot; focusable=&quot;false&quot;&gt;&lt;path d=&quot;M22.5 4.5c0 1.127-1.484 3.863-3.312 6.622a.375.375 0 0 1 .625 0C17.993 8.38 16.5 5.627 16.5 4.5a3 3 0 1 1 6 0zm1.5 0a4.5 4.5 0 1 0-9 0c0 1.574 1.512 4.362 3.563 7.45a1.126 1.126 0 0 0 1.875 0C22.498 8.842 24 6.074 24 4.5zm-4.5.375a.375.375 0 0 1-.375-.375.75.75 0 0 0 1.5 0c0-.621-.504-1.125-1.125-1.125a.75.75 0 0 0 0 1.5zm.375-.375a.375.375 0 0 1-.375.375.75.75 0 0 0 0-1.5c-.621 0-1.125.504-1.125 1.125a.75.75 0 0 0 1.5 0zm-.375-.375c.207 0 .375.168.375.375a.75.75 0 0 0-1.5 0c0 .621.504 1.125 1.125 1.125a.75.75 0 0 0 0-1.5zm-.375.375c0-.207.168-.375.375-.375a.75.75 0 0 0 0 1.5c.621 0 1.125-.504 1.125-1.125a.75.75 0 0 0-1.5 0zM5.25 13.125a.375.375 0 0 1-.375-.375.75.75 0 0 0 1.5 0c0-.621-.504-1.125-1.125-1.125a.75.75 0 0 0 0 1.5zm.375-.375a.375.375 0 0 1-.375.375.75.75 0 0 0 0-1.5c-.621 0-1.125.504-1.125 1.125a.75.75 0 0 0 1.5 0zm-.375-.375c.207 0 .375.168.375.375a.75.75 0 0 0-1.5 0c0 .621.504 1.125 1.125 1.125a.75.75 0 0 0 0-1.5zm-.375.375c0-.207.168-.375.375-.375a.75.75 0 0 0 0 1.5c.621 0 1.125-.504 1.125-1.125a.75.75 0 0 0-1.5 0zM5.25 9A3.75 3.75 0 0 1 9 12.75c0 1.302-1.62 3.954-3.75 6.676-2.132-2.728-3.75-5.374-3.75-6.676A3.75 3.75 0 0 1 5.25 9zm0-1.5A5.25 5.25 0 0 0 0 12.75c0 1.797 1.677 4.54 4.068 7.6a1.5 1.5 0 0 0 2.364 0c2.387-3.052 4.068-5.802 4.068-7.6 0-2.9-2.35-5.25-5.25-5.25zm1.907 16.38l12.75-8.25a.75.75 0 1 0-.814-1.26l-12.75 8.25a.75.75 0 0 0 .814 1.26z&quot;/&gt;&lt;/svg&gt;
&lt;svg class=&quot;bk-icon -streamline-arrow_menu&quot; height=&quot;24&quot; style=&quot;display:none;&quot; width=&quot;24&quot; viewBox=&quot;0 0 24 24&quot; role=&quot;presentation&quot; aria-hidden=&quot;true&quot; focusable=&quot;false&quot;&gt;&lt;path d=&quot;M12 20.09a1.24 1.24 0 0 1-.88-.36L6 14.61a.75.75 0 1 1 1.06-1.06L12 18.49l4.94-4.94A.75.75 0 0 1 18 14.61l-5.12 5.12a1.24 1.24 0 0 1-.88.36zm6-9.46a.75.75 0 0 0 0-1.06l-5.12-5.11a1.24 1.24 0 0 0-1.754-.006l-.006.006L6 9.57a.75.75 0 0 0 0 1.06.74.74 0 0 0 1.06 0L12 5.7l4.94 4.93a.73.73 0 0 0 .53.22c.2 0 .39-.078.53-.22z&quot;/&gt;&lt;/svg&gt;
&lt;svg class=&quot;bk-icon -streamline-heart_outline&quot; height=&quot;24&quot; style=&quot;display:none;&quot; width=&quot;24&quot; viewBox=&quot;0 0 24 24&quot; role=&quot;presentation&quot; aria-hidden=&quot;true&quot; focusable=&quot;false&quot;&gt;&lt;path d=&quot;M12.541 21.325l-9.588-10a4.923 4.923 0 1 1 6.95-6.976l1.567 1.566a.75.75 0 0 0 1.06 0l1.566-1.566a4.923 4.923 0 0 1 6.963 6.962l-9.6 10.014h1.082zm-1.082 1.038a.75.75 0 0 0 1.082 0l9.59-10.003a6.418 6.418 0 0 0-.012-9.07 6.423 6.423 0 0 0-9.083-.001L11.47 4.854h1.06l-1.566-1.566a6.423 6.423 0 1 0-9.082 9.086l9.577 9.99z&quot;/&gt;&lt;/svg&gt;
&lt;svg class=&quot;bk-icon -streamline-heart&quot; height=&quot;24&quot; style=&quot;display:none;&quot; width=&quot;24&quot; viewBox=&quot;0 0 24 24&quot; role=&quot;presentation&quot; aria-hidden=&quot;true&quot; focusable=&quot;false&quot;&gt;&lt;path d=&quot;M23.3 5.076a6.582 6.582 0 0 0-10.446-1.71L12 4.147l-.827-.753a6.522 6.522 0 0 0-5.688-1.806A6.472 6.472 0 0 0 .7 5.075a6.4 6.4 0 0 0 1.21 7.469l9.373 9.656a1 1 0 0 0 1.434 0l9.36-9.638A6.414 6.414 0 0 0 23.3 5.076z&quot;/&gt;&lt;/svg&gt;
&lt;svg class=&quot;bk-icon -streamline-info_sign&quot; height=&quot;24&quot; style=&quot;display:none;&quot; width=&quot;24&quot; viewBox=&quot;0 0 24 24&quot; role=&quot;presentation&quot; aria-hidden=&quot;true&quot; focusable=&quot;false&quot;&gt;&lt;path d=&quot;M14.25 15.75h-.75a.75.75 0 0 1-.75-.75v-3.75a1.5 1.5 0 0 0-1.5-1.5h-.75a.75.75 0 0 0 0 1.5h.75V15a2.25 2.25 0 0 0 2.25 2.25h.75a.75.75 0 0 0 0-1.5zM11.625 6a1.125 1.125 0 1 0 0 2.25 1.125 1.125 0 0 0 0-2.25.75.75 0 0 0 0 1.5.375.375 0 1 1 0-.75.375.375 0 0 1 0 .75.75.75 0 0 0 0-1.5zM22.5 12c0 5.799-4.701 10.5-10.5 10.5S1.5 17.799 1.5 12 6.201 1.5 12 1.5 22.5 6.201 22.5 12zm1.5 0c0-6.627-5.373-12-12-12S0 5.373 0 12s5.373 12 12 12 12-5.373 12-12z&quot;/&gt;&lt;/svg&gt;
&lt;svg class=&quot;bk-icon -streamline-transport_bike&quot; height=&quot;24&quot; style=&quot;display:none;&quot; width=&quot;24&quot; viewBox=&quot;0 0 24 24&quot; role=&quot;presentation&quot; aria-hidden=&quot;true&quot; focusable=&quot;false&quot;&gt;&lt;path d=&quot;M16.5 3.75a1.5 1.5 0 1 1-3 0 1.5 1.5 0 0 1 3 0zm1.5 0a3 3 0 1 0-6 0 3 3 0 0 0 6 0zm-10.5 15a3 3 0 1 1-6 0 3 3 0 0 1 6 0zm1.5 0a4.5 4.5 0 1 0-9 0 4.5 4.5 0 0 0 9 0zm13.5 0a3 3 0 1 1-6 0 3 3 0 0 1 6 0zm1.5 0a4.5 4.5 0 1 0-9 0 4.5 4.5 0 0 0 9 0zm-12 .75a.75.75 0 0 1-.75-.75 6.734 6.734 0 0 0-3.642-5.994.75.75 0 0 1-.167-1.207l4.043-3.842a.75.75 0 0 1 1.187.208c.062.116.143.252.263.429.197.289.429.577.697.848.8.809 1.758 1.308 2.869 1.308a.75.75 0 0 1 0 1.5 5.564 5.564 0 0 1-4.137-1.966.75.75 0 0 0-1.089-.058l-1.452 1.38a.75.75 0 0 0 .031 1.116 8.22 8.22 0 0 1 2.897 6.277.75.75 0 0 1-.75.751zm0 1.5a2.25 2.25 0 0 0 2.25-2.25 9.72 9.72 0 0 0-3.425-7.421l.03 1.114 1.453-1.38-1.089-.059a7.07 7.07 0 0 0 5.268 2.496A2.25 2.25 0 1 0 16.5 9c-.656 0-1.26-.315-1.803-.863a4.554 4.554 0 0 1-.695-.914 2.25 2.25 0 0 0-3.552-.604l-4.043 3.842a2.25 2.25 0 0 0 .51 3.626 5.236 5.236 0 0 1 2.833 4.662A2.25 2.25 0 0 0 12 21z&quot;/&gt;&lt;/svg&gt;
&lt;svg class=&quot;bk-icon -streamline-spa&quot; height=&quot;24&quot; style=&quot;display:none;&quot; width=&quot;24&quot; viewBox=&quot;0 0 24 24&quot; role=&quot;presentation&quot; aria-hidden=&quot;true&quot; focusable=&quot;false&quot;&gt;&lt;path d=&quot;M11.72 14.295A7.35 7.35 0 0 1 8.997 8.85a7.148 7.148 0 0 1 2.25-4.972c.005-.005-.004-.005-.01-.01a7.173 7.173 0 0 1 2.261 5.03 7.332 7.332 0 0 1-2.722 5.397h.944zm-.944 1.166a.75.75 0 0 0 .944 0 8.85 8.85 0 0 0 3.277-6.555 8.683 8.683 0 0 0-2.72-6.12 1.482 1.482 0 0 0-2.069.01 8.658 8.658 0 0 0-2.71 6.062 8.869 8.869 0 0 0 3.278 6.603zm3.813-7.013A7.807 7.807 0 0 1 19.023 7.1l.003-.001a7.17 7.17 0 0 1-1.959 5.142 7.332 7.332 0 0 1-5.74 1.891.75.75 0 0 0-.158 1.492 8.85 8.85 0 0 0 6.953-2.318 8.68 8.68 0 0 0 2.404-6.233A1.495 1.495 0 0 0 19.029 5.6a9.304 9.304 0 0 0-5.282 1.608.75.75 0 1 0 .842 1.24zM8.75 7.221A9.239 9.239 0 0 0 3.417 5.6c-.815-.001-1.484.664-1.49 1.488a8.652 8.652 0 0 0 2.37 6.184 8.95 8.95 0 0 0 7.031 2.35.75.75 0 1 0-.158-1.49 7.431 7.431 0 0 1-5.82-1.927 7.142 7.142 0 0 1-1.923-5.091L3.426 7.1a7.746 7.746 0 0 1 4.476 1.357.75.75 0 0 0 .848-1.236zm-4.944 3.966c-2.223.948-3.808 2.716-3.808 4.441 0 3.47 5.422 6 12 6a22.404 22.404 0 0 0 6.977-1.047.75.75 0 0 0 .523-.715v-3.488l-.75.75h4.383a.75.75 0 0 0 .715-.524c.1-.315.15-.643.152-.973 0-2.068-1.986-3.858-5.079-4.944a.75.75 0 1 0-.497 1.416c2.56.898 4.076 2.265 4.076 3.525 0 .176-.028.354-.082.524l.715.226v-.75h-4.383a.75.75 0 0 0-.75.75v3.488l.523-.715a20.922 20.922 0 0 1-6.516.977c-5.856 0-10.507-2.17-10.507-4.5 0-1.02 1.17-2.325 2.896-3.061a.75.75 0 0 0-.588-1.38z&quot;/&gt;&lt;/svg&gt;
&lt;svg class=&quot;bk-icon -streamline-food&quot; height=&quot;24&quot; style=&quot;display:none;&quot; width=&quot;24&quot; viewBox=&quot;0 0 24 24&quot; role=&quot;presentation&quot; aria-hidden=&quot;true&quot; focusable=&quot;false&quot;&gt;&lt;path d=&quot;M5.999.75v22.5a.75.75 0 0 0 1.5 0V.75a.75.75 0 0 0-1.5 0zm3 0V7.5a2.259 2.259 0 0 1-2.252 2.25 2.258 2.258 0 0 1-2.248-2.252V.75a.75.75 0 0 0-1.5 0V7.5a3.76 3.76 0 0 0 3.748 3.75 3.76 3.76 0 0 0 3.752-3.748V.75a.75.75 0 0 0-1.5 0zm6.75 15.75h3c1.183.046 2.203-.9 2.25-2.111a2.22 2.22 0 0 0 0-.168c-.25-6.672-.828-9.78-3.231-13.533a1.508 1.508 0 0 0-2.77.81V23.25a.75.75 0 0 0 1.5 0V1.503c0 .003.001 0 .003 0a.006.006 0 0 1 .008.002c2.21 3.45 2.75 6.354 2.99 12.773v.053a.696.696 0 0 1-.721.67L15.749 15a.75.75 0 0 0 0 1.5z&quot;/&gt;&lt;/svg&gt;
&lt;svg class=&quot;bk-icon -streamline-minus&quot; height=&quot;24&quot; style=&quot;display:none;&quot; width=&quot;24&quot; viewBox=&quot;0 0 24 24&quot; role=&quot;presentation&quot; aria-hidden=&quot;true&quot; focusable=&quot;false&quot;&gt;&lt;path d=&quot;M20.25 12.75H3.75a.75.75 0 0 1 0-1.5h16.5a.75.75 0 0 1 0 1.5z&quot;/&gt;&lt;/svg&gt;
&lt;svg class=&quot;bk-icon -streamline-beach&quot; height=&quot;24&quot; style=&quot;display:none;&quot; width=&quot;24&quot; viewBox=&quot;0 0 24 24&quot; role=&quot;presentation&quot; aria-hidden=&quot;true&quot; focusable=&quot;false&quot;&gt;&lt;path d=&quot;M.153 22.237l.85 1.117c.634.76 1.724.856 2.456.244.078-.066.15-.138.216-.217l.944-1.132a.228.228 0 0 1 .349.001l.944 1.13a1.728 1.728 0 0 0 2.651.001l.944-1.132a.228.228 0 0 1 .349.001l.95 1.132a1.728 1.728 0 0 0 2.65 0l.942-1.133a.228.228 0 0 1 .349.001l.942 1.13a1.728 1.728 0 0 0 2.651.001l.944-1.132a.228.228 0 0 1 .349.001l.94 1.13a1.728 1.728 0 0 0 2.652.001l.585-.7a.75.75 0 1 0-1.15-.962l-.585.7a.228.228 0 0 1-.35 0l-.94-1.13a1.728 1.728 0 0 0-2.652-.001l-.944 1.132a.228.228 0 0 1-.349-.001l-.942-1.13a1.728 1.728 0 0 0-2.651-.001l-.943 1.132a.228.228 0 0 1-.348-.001l-.95-1.132a1.726 1.726 0 0 0-2.65 0l-.944 1.133a.228.228 0 0 1-.349-.001l-.944-1.13a1.728 1.728 0 0 0-2.65 0l-.945 1.13a.228.228 0 0 1-.349-.001l-.828-1.09a.75.75 0 1 0-1.194.91zm11.335-2.68A7.161 7.161 0 0 1 15.77 18h7.481a.75.75 0 0 0 0-1.5h-7.5a8.673 8.673 0 0 0-5.196 1.884.75.75 0 1 0 .934 1.174zM22.285 7.969a1.729 1.729 0 0 0 .781-2.711C19.43.713 12.8-.022 8.256 3.614a10.536 10.536 0 0 0-3.952 8.171A1.73 1.73 0 0 0 6.6 13.427l15.684-5.459zm-.494-1.416L6.107 12.01a.229.229 0 0 1-.304-.218 9.036 9.036 0 0 1 16.09-5.599.228.228 0 0 1-.102.359zm-9.459-4.2L11.69.504a.75.75 0 1 0-1.416.492l.643 1.848a.75.75 0 1 0 1.416-.492zm1.156 7.883l2.527 7.262a.75.75 0 1 0 1.416-.494l-2.527-7.26a.75.75 0 1 0-1.416.492z&quot;/&gt;&lt;/svg&gt;
&lt;svg class=&quot;bk-icon -streamline-skilift&quot; height=&quot;24&quot; style=&quot;display:none;&quot; width=&quot;24&quot; viewBox=&quot;0 0 24 24&quot; role=&quot;presentation&quot; aria-hidden=&quot;true&quot; focusable=&quot;false&quot;&gt;&lt;path d=&quot;M12.75 22.5h-.766a5.234 5.234 0 0 1-5.234-5.234V10.5c0-2.9 2.35-5.25 5.25-5.25a.75.75 0 0 0 .75-.75V1.875a.75.75 0 0 0-1.5 0V4.5l.75-.75a6.75 6.75 0 0 0-6.75 6.75v6.766A6.734 6.734 0 0 0 11.984 24h.766a.75.75 0 0 0 0-1.5zm1.125-13.125a1.875 1.875 0 1 1-3.75 0 1.875 1.875 0 0 1 3.75 0zm1.5 0a3.375 3.375 0 1 0-6.75 0 3.375 3.375 0 0 0 6.75 0zM.825 3.746l22.5-2.25a.75.75 0 0 0-.15-1.492l-22.5 2.25a.75.75 0 0 0 .15 1.492zM17.25 22.5a.75.75 0 0 1-.75-.75v-1.5a.75.75 0 0 0-.75-.75h-3a2.25 2.25 0 0 1-2.25-2.25V15a.75.75 0 0 1 1.5 0v2.25c0 .414.336.75.75.75h3A2.25 2.25 0 0 1 18 20.25v1.5a.75.75 0 0 1-.75.75zm0 1.5a2.25 2.25 0 0 0 2.25-2.25v-1.5a3.75 3.75 0 0 0-3.75-3.75h-3l.75.75V15A2.25 2.25 0 0 0 9 15v2.25A3.75 3.75 0 0 0 12.75 21h3l-.75-.75v1.5A2.25 2.25 0 0 0 17.25 24z&quot;/&gt;&lt;/svg&gt;
&lt;div class=&quot;map_full_overlay__wrapper&quot;&gt;
&lt;div class=&quot;map_full_overlay__mask&quot;&gt;&lt;/div&gt;
&lt;div role=&quot;button&quot; class=&quot;map_full_overlay__close&quot; tabindex=&quot;0&quot; aria-label=&quot;Close map&quot;&gt;&lt;/div&gt;
&lt;div class=&quot;map_with_list__container&quot;&gt;
&lt;div class=&quot;map_left_filters__container&quot;&gt;
&lt;div class=&quot;map_left_filters&quot;&gt;&lt;/div&gt;
&lt;/div&gt;
&lt;div class=&quot;map_left_cards map_left_cards--v2&quot;&gt;
&lt;div data-capla-component-boundary=&quot;b-search-web-searchresults/PropertiesListMap&quot;&gt;&lt;div class=&quot;b7d7ae581d&quot;&gt;&lt;div class=&quot;bb284f2fda&quot; data-testid=&quot;loader-container&quot;&gt;&lt;div class=&quot;a4dea99de5&quot;&gt;&lt;div class=&quot;f2308392f4&quot;&gt;&lt;div class=&quot;a9932a3e99 ba4e4ce302 bc91340c18&quot; role=&quot;progressbar&quot;&gt;&lt;div class=&quot;dec0078e7c&quot;&gt;&lt;/div&gt;&lt;/div&gt;&lt;/div&gt;&lt;div class=&quot;ccb65902b2 e37243b5e9&quot;&gt;Loading properties...&lt;/div&gt;&lt;/div&gt;&lt;/div&gt;&lt;div&gt;&lt;/div&gt;&lt;/div&gt;&lt;/div&gt;
&lt;/div&gt;
&lt;div class=&quot;map_left_cards__collapse__button&quot;&gt;&lt;/div&gt;
&lt;div id=&quot;b_map_container&quot; class=&quot;b_map_br_zoom b_map_custom_zoom map_view&quot; role=&quot;dialog&quot; aria-modal=&quot;true&quot; aria-label=&quot;Map View&quot;&gt;
&lt;div class=&quot;b_map_controls_container&quot;&gt;&lt;/div&gt;
&lt;div id=&quot;js_searchbox_placeholder&quot;&gt;&lt;/div&gt;
&lt;div id=&quot;b_map_tiles&quot; &gt;
&lt;div id=&quot;b_gmap_inner&quot;&gt;&lt;/div&gt;
&lt;div id=&quot;b_overlay&quot;&gt;&lt;/div&gt;
&lt;div id=&quot;map_detail_overlay&quot;&gt;&lt;/div&gt;
&lt;/div&gt;
&lt;div id=&quot;b_map_legend_html&quot;&gt;&lt;/div&gt;
&lt;/div&gt;
&lt;/div&gt;
&lt;/div&gt;
&lt;div style=&quot;display: none;&quot;&gt;
&lt;svg class=&quot;bk-icon -fonticon-aclose&quot; height=&quot;32&quot; width=&quot;36&quot; viewBox=&quot;0 0 36 32&quot; role=&quot;presentation&quot; aria-hidden=&quot;true&quot; focusable=&quot;false&quot;&gt;
  &lt;path d=&quot;M34 3.2L30.8 0 18 12.8 5.2 0 2 3.2 14.8 16 2 28.8 5.2 32 18 19.2 30.8 32l3.2-3.2L21.2 16 34 3.2z&quot;/&gt;
&lt;/svg&gt;
&lt;svg class=&quot;bk-icon -fonticon-downchevron&quot; height=&quot;32&quot; width=&quot;51&quot; viewBox=&quot;0 0 51 32&quot; role=&quot;presentation&quot; aria-hidden=&quot;true&quot; focusable=&quot;false&quot;&gt;
  &lt;path d=&quot;M45.1.2L25.7 19.7 6.3.2 0 6.5l25.7 25.7L51.4 6.5z&quot;/&gt;
&lt;/svg&gt;
&lt;svg class=&quot;bk-icon -fonticon-upchevron&quot; height=&quot;32&quot; width=&quot;51&quot; viewBox=&quot;0 0 51 32&quot; role=&quot;presentation&quot; aria-hidden=&quot;true&quot; focusable=&quot;false&quot;&gt;
  &lt;path d=&quot;M6.3 32.2l19.4-19.5 19.4 19.5 6.3-6.3L25.7.2 0 25.9z&quot;/&gt;
&lt;/svg&gt;
&lt;svg class=&quot;bk-icon -fonticon-checkempty&quot; height=&quot;32&quot; width=&quot;32&quot; viewBox=&quot;0 0 32 32&quot; role=&quot;presentation&quot; aria-hidden=&quot;true&quot; focusable=&quot;false&quot;&gt;
  &lt;path d=&quot;M16 30c7.732 0 14-6.268 14-14S23.732 2 16 2 2 8.268 2 16s6.268 14 14 14zm0 2C7.163 32 0 24.837 0 16S7.163 0 16 0s16 7.163 16 16-7.163 16-16 16z&quot;/&gt;
&lt;/svg&gt;
&lt;svg class=&quot;bk-icon -fonticon-checkno2&quot; height=&quot;32&quot; width=&quot;32&quot; viewBox=&quot;0 0 32 32&quot; role=&quot;presentation&quot; aria-hidden=&quot;true&quot; focusable=&quot;false&quot;&gt;
  &lt;path d=&quot;M16 30c7.732 0 14-6.268 14-14S23.732 2 16 2 2 8.268 2 16s6.268 14 14 14zm0 2C7.163 32 0 24.837 0 16S7.163 0 16 0s16 7.163 16 16-7.163 16-16 16z&quot;/&gt;
  &lt;path d=&quot;M24.587 11.039L13.825 21.583c-.054.09-.12.182-.208.271l-.504.505c-.278.278-.607.403-.733.276l-5.125-5.366c-.126-.126-.002-.454.276-.732l.504-.505c.279-.279.607-.403.733-.277l3.842 4.022L23.073 9.525a.715.715 0 0 1 1.009 0l.505.505a.715.715 0 0 1 0 1.009z&quot;/&gt;
&lt;/svg&gt;
&lt;/div&gt;
&lt;span id=&quot;req_info&quot; style=&quot;display:none;&quot;&gt;1802880|4,1792820,1800860,1802880&lt;/span&gt;
&lt;/body&gt;
&lt;/html&gt;
&lt;div class=&quot;invisible_spoken&quot; aria-live=&quot;assertive&quot; role=&quot;alert&quot; aria-atomic=&quot;true&quot; aria-relevant=&quot;all&quot; id=&quot;aria-live-assertive&quot;&gt;&lt;/div&gt; 
Host info: host: &#039;PERU-METO&#039;, ip: &#039;192.168.1.37&#039;" type="org.openqa.selenium.SessionNotCreatedException">
      <![CDATA[org.openqa.selenium.SessionNotCreatedException: Could not start a new session. Unable to parse remote response: <!DOCTYPE html>
<!--
You know you could be getting paid to poke around in our code?
We're hiring designers and developers to work in Amsterdam:
https://careers.booking.com/
-->
<!-- wdot-802 -->
<script type="text/javascript" nonce="Y346mIyU7Ic0W43">
document.addEventListener('DOMContentLoaded', function () {
/**
* provides the current user's cookie consent
* in order to use it:
* 1. inline privacy/cookieConsent.js in the page you need to use it.
* please note that this library relies on window.PCM.isCountryNeedCookieBanner to be initialised
* before using (calling getValue function) it
* 2. in your js file:
*
* var privacyCookieConsent = B.require('privacyCookieConsent');
* var consent = privacyCookieConsent.getValue();
*/
B.define('privacyCookieConsent', function () {
var consentGroupIsAllowed = {
analytical: 'C0002%3A1',
marketing: 'C0004%3A1'
};
var optanonConsentCookieName = 'OptanonConsent';
var optanonBoxClosedCookieName = 'OptanonAlertBoxClosed';
var halfOfYearMillis = 180 * 24 * 60 * 60 * 1000;
function isDefined(value) {
return value && value !== "undefined";
}
function parseConsentToObject(consent) {
var result = {};
if (typeof consent === 'string') {
var parts = consent.split('&');
parts.forEach(function (part) {
var keyAndValue = part.split('=');
result[keyAndValue[0]] = keyAndValue[1];
});
}
return result;
}
function isConsentValid(consent, alertBoxClosed) {
return isDefined(consent) &&
isDefined(alertBoxClosed) &&
new Date() - new Date(alertBoxClosed) <= halfOfYearMillis;
}
function getCookie(name) {
name += "=";
var cookies = document.cookie.split(";");
for (var i = 0; i < cookies.length; i += 1) {
var cookie = cookies[i];
while (cookie.charAt(0) === " ") {
cookie = cookie.substring(1, cookie.length);
}
if (cookie.indexOf(name) === 0) {
return cookie.substring(name.length, cookie.length);
}
}
return null;
}
function doesGeolocationRequireBanner() {
// In case window.PCM is not defined, fallback to opt-out
return window.PCM ? window.PCM.isCountryNeedCookieBanner : true;
}
function getExplicitConsent() {
var consent = getCookie(optanonConsentCookieName);
var alertBoxClosed = getCookie(optanonBoxClosedCookieName);
if (isConsentValid(consent, alertBoxClosed)) {
var consentObject = parseConsentToObject(consent);
return Object
.keys(consentGroupIsAllowed)
.map(function (purpose) {
var result = {};
result[purpose] = consentObject.groups.indexOf(consentGroupIsAllowed[purpose]) > -1;
return result;
})
.reduce(
function (result, currentValue) {
return Object.assign(result, currentValue);
}, {
functional: true
}
);
}
}
function getImplicitConsent() {
var consentValue = !doesGeolocationRequireBanner();
return {
functional: true,
analytical: consentValue,
marketing: consentValue
};
}
function getValue() {
var consent = getExplicitConsent();
if (!consent) {
consent = getImplicitConsent();
}
return consent;
}
return {
getValue: getValue
};
});
//c360 javascript tracker first iteration
//sends a track request to c360 http tracker
//in order to use it:
//1. inline the c360Tracker.js in the page you need to use it
//2. in your js file:
//
// var c360Tracker = B.require('c360Tracker');
// var event = {
// action_name:"accommodation_checkout_confirmation_viewed",
// action_version :"0.2.0",
// content : { "transaction_id" : 123434},
// user : { "BKNG_user_id": 123434}
// };
// c360Tracker.track(event);
B.define('c360Tracker', function () {
var enrichedContext = {};
var EXPERIMENT_HASH_BATCHING = 'GfCDATBbLJbWRWEdTTcO';
var isExperimentBatching = B.et && B.et.track && B.et.track(EXPERIMENT_HASH_BATCHING) || 0;
var queue = [];
var queueTimeout = null;
var flushInterval = 1000;
var flushSize = 10;
var configuration = {
validateInput: false
};
var track = function (event) {
if (event == null) {
return "event object is null or empty";
} else {
var validationResult = new ValidationResult(true);
if (configuration.validateInput) {
validationResult = validateInput(event);
}
if (!validationResult.success) {
return validationResult.message;
}
if (isExperimentBatching) {
enqueue(event);
} else {
send([event]);
}
}
};
function enqueue(event) {
if (queue.length == 0) {
queueTimeout = setTimeout(flush, flushInterval);
}
queue.push(event);
if (queue.length >= flushSize) {
if (queueTimeout !== null) {
clearTimeout(queueTimeout);
}
flush();
return;
}
}
function flush() {
send(queue, true);
queue = [];
queueTimeout = null;
}
function withContextProvider(isFlush) {
var trackerVersion = '0.1.0'
if (isFlush) {
trackerVersion = '0.1.1';
}
return function (item) {
return Object.assign({}, item, {
context: enrichedContext,
tracker: {
tracker_name: 'C360JSTracker',
tracker_type: 'Client',
tracker_version: trackerVersion
}
});
}
}
function send(events, isFlush) {
var payload = {
events: events.map(withContextProvider(isFlush))
};
return $.ajax({
url: '/c360/v1/track',
type: 'POST',
dataType: 'json',
data: JSON.stringify(payload),
});
}
enrich();
var scheme =
{
"type": "object",
"properties": {
"action_name": {
"type": "string",
"description": "action name (ex. element viewed)",
},
"action_version": {
"type": "string",
"description": "action version"
},
"content": {
"type": "object",
"description": "content defined by the registered producer scheme"
}
}
};
function ValidationResult(success, message) {
this.success = success;
this.message = message;
}
function validateInput(event) {
var result = validateObject(event, scheme);
return result;
}
function validateObject(obj, scheme) {
if (scheme.properties != null) {
var propsArray = Object.getOwnPropertyNames(scheme.properties);
for (var i = 0; i < propsArray.length; i++) {
var propertyName = propsArray[i];
if (obj[propertyName] == null) {
return new ValidationResult(false, "property " + propertyName + " is not defined");
}
if (scheme.properties[propertyName].type == "object") {
var validationResult = validateObject(obj[propertyName], scheme.properties[propertyName]);
if (validationResult.success === false) {
return validationResult;
}
}
}
}
return new ValidationResult(true);
}
function enrich() {
enrichedContext = {
page: {
page_referrer: document.referrer,
page_url: window.location.href,
page_title: document.title
},
local: {
currency: B.env.b_selected_currency
},
};
//if (B.env.b_user_genius_status != null && B.env.b_user_genius_status.b_user_id != null)
// enrichedContext.userID = B.env.b_user_genius_status.b_user_id;
}
return {
track: track
};
});
})
</script>
<script type="text/javascript" nonce="Y346mIyU7Ic0W43">
window.PCM = {
isCountryNeedCookieBanner: 0,
isGpcSignalEnabled: 0,
loadStartedAt: 1694773210,
countryCode: 'us',
isUserLoggedIn: 0
}
</script>
<script type="text/javascript" nonce="Y346mIyU7Ic0W43" src="https://cf.bstatic.com/libs/privacy-consent/releases/2.1.43/customer/cookie-banner.min.js" data-domain-script="3ea94870-d4b1-483a-b1d2-faf1d982bb31"></script>
<link href="https://cf.bstatic.com" rel="dns-prefetch" crossorigin>
<link href="https://cf.bstatic.com" rel="dns-prefetch" crossorigin>
<link href="https://shelves.booking.com/" rel="preconnect" crossorigin>
<html lang="en-us" prefix="og: http://ogp.me/ns# fb: http://ogp.me/ns/fb# booking_com: http://ogp.me/ns/fb/booking_com#" class="noJS b_Unparsed b_Unparsed supports_fontface supports_hyphens " >
<head profile="http://a9.com/-/spec/opensearch/1.1/">
<meta name="referrer" content="origin">
<meta http-equiv="content-type" content="text/html; charset=utf-8" />
<script nonce="Y346mIyU7Ic0W43">
;(function(w){
var ts = +new Date();
w.PageLoadTimer = {};
w.PageLoadTimer.start = ts;
}(window));
</script>
<script nonce="Y346mIyU7Ic0W43"> function b_cors_check(supported) { var value = supported ? 1 : 0; if (!/(^|;)\s*cors_js=/.test(document.cookie)) { var d = new Date(); d.setTime(d.getTime() + 60 * 60 * 24 * 365 * 1000); var cookieDomain = '.booking.com' || '.booking.com'; document.cookie = 'cors_js=' + value +'; domain=' + cookieDomain + '; path=/; expires=' + d.toGMTString(); } if (!value) { location.reload(); } } </script>
<script nonce="Y346mIyU7Ic0W43">(function(d) { d.addEventListener('error', function(e) { if (e.target && e.target.classList.contains('crossorigin-check-js')) { b_cors_check(false); } }, true); })(document); </script>
<script class="crossorigin-check-js" src="https://cf.bstatic.com/static/js/crossorigin_check_cloudfront_sd/2454015045ef79168d452ff4e7f30bdadff0aa81.js" async crossorigin nonce="Y346mIyU7Ic0W43"></script>
<script nonce="Y346mIyU7Ic0W43"> 
;(function() {
window.b_early_errors = window.b_early_errors || [];
window.onerror = function() {
window.b_early_errors.push(arguments);
};
}());
 </script>
<link rel="stylesheet" id="main-css-preload" href="https://cf.bstatic.com/static/css/main_cloudfront_sd.iq_ltr/ee8c663159661f849c4a8188ebd4f756c0753603.css"  data-main-css="1" />
<script nonce="Y346mIyU7Ic0W43">
document.querySelector('#main-css-preload').addEventListener('load', function() {
window.mainCssWasLoaded = 1;
})
</script>
<link rel="stylesheet" href="https://cf.bstatic.com/static/css/main_exps_cloudfront_sd.iq_ltr/a83f129db7c508d4e48fc31a986f57fb071af54e.css"  />
<link rel="stylesheet" href="https://cf.bstatic.com/static/css/gprof_icons_cloudfront_sd.iq_ltr/4ba3a053b4980db63ac9203a90c619cd1a17110c.css" /> 
<link rel="stylesheet" type="text/css" href="https://cf.bstatic.com/static/css/searchresults_cloudfront_sd.iq_ltr/2bc146eb7d22f706cddb2587a34b867494e16c54.css"  media="screen" />
<link rel="_prefetch" data-defer-prefetch href="https://cf.bstatic.com/static/css/hotel_base_cloudfront_sd.iq_ltr/e85771696ab9164437c987a9c76997182bd6c75d.css">
<link rel="_prefetch" data-defer-prefetch href="https://cf.bstatic.com/static/css/hotel_experiments_cloudfront_sd.iq_ltr/b6ffad752cefb31b13b3abf783ee3b969110f1f6.css">
<link rel="_prefetch" data-defer-prefetch href="https://cf.bstatic.com/static/css/index_cloudfront_sd.iq_ltr/080aabc4c71f5a728b03b0019565c3680d829180.css">
<link rel="_prefetch" data-defer-prefetch href="https://cf.bstatic.com/static/css/xp-index-sb_cloudfront_sd.iq_ltr/7d56b924a6c248d579afe82a520d9a6abc96b9c7.css">
<link rel="stylesheet" type="text/css" href="https://cf.bstatic.com/static/css/incentives_cloudfront_sd.iq_ltr/f1558a6e9832a4eb8cfe1d3d14db176bd3564335.css"  media="screen" />
 <link rel="stylesheet" href="https://cf.bstatic.com/static/css/mlt_cloudfront_sd.iq_ltr.css" />  
 <style nonce="Y346mIyU7Ic0W43"> #basiclayout, .basiclayout { margin: 0; } #special_actions { margin: 3px 15px 3px 0; } .ticker_space { margin-top: 3px !important; } #logo_no_globe_new_logo { top: 14px; } .b_msie_6 #top, .b_msie_6 body.header_reshuffle #top {height:61px !important;} .b_msie_6 #special_actions { margin: 3px 15px 3px 0; overflow:visible; } body.header_reshuffle #top { min-height: 50px !important; height: auto !important; } .nobg { background: #fff url("https://cf.bstatic.com/static/img/nobg_all_blue_iq/b700d9e3067c1186a3364012df4fe1c48ae6da44.png") repeat-x; background-position: 0 -50px; } </style> 
<link rel="preload" as="script" href="https://cf.bstatic.com/static/js/core-deps-inlinedet_cloudfront_sd/6d177594fcf3d8acf87d6a208d7427779018df74.js" crossorigin nonce="Y346mIyU7Ic0W43">
<link rel="preload" as="script" href="https://cf.bstatic.com/static/js/jquery_cloudfront_sd/e1e8c0e862309cb4caf3c0d5fbea48bfb8eaad42.js" crossorigin nonce="Y346mIyU7Ic0W43">
<link rel="preload" as="script" href="https://cf.bstatic.com/static/js/main_cloudfront_sd/12c5fcd0dbebbaa05d253f10cf9b6b530eb49730.js" crossorigin nonce="Y346mIyU7Ic0W43">
<link rel="preload" as="script" href="https://cf.bstatic.com/static/js/searchresults_cloudfront_sd/3503d1dd3d02c580090e9e9483b9c41246bf2c38.js" crossorigin nonce="Y346mIyU7Ic0W43">
<link rel="preload" as="script" href="https://cf.bstatic.com/static/js/error_catcher_bec_cloudfront_sd/0acd2ada6c74d5dec978a04ea837952bdf050cd2.js" crossorigin nonce="Y346mIyU7Ic0W43">
<script nonce="Y346mIyU7Ic0W43"> if( window.performance && performance.measure && 'b-stylesheets') { performance.measure('b-stylesheets'); } </script> 
<title>Booking.com:
Search results.
Book your hotel now!
</title>
<meta name="keywords" content="Hotel,  Hotels, lodging, accommodation, special offers, packages, specials, weekend breaks, city breaks, deals, budget, cheap, discount, savings" />
<meta name="robots" content="index,follow" />
<link rel="canonical" href="https://www.booking.com/searchresults.html?dest_id=261060;dest_type=landmark;si=ai%252Cco%252Cci%252Cre%252Cla%252Cdi" />
<meta name="booking-verification" content="UmFuZG9tSVb-G3gmGLnF2GmgwbxayFii_CnEahut_59FnGSQzYCUynn7_zZy8P4HnoYH7IyvCWZOqj-3cVe6LgCCZKwKvSVGFYqUIvCgoj1PqD5hXItoFy6P5OoniwgLrS-PJwjYOQRKp-KugsBOl5Hp3v4eb2zaumT4FCmgizK-3Eu2Qly_sBzH7FNkIckvH3dkiNgTKLx4CR1WJzJZJ0H3bKAL-subppQbnJ9-FVDrgMZoifXviSFMp0AxueNSWgFNWizm5IV321bWQqd1d4TO2bAFXeYyh0AqM7brm0CZ0bq4oOHCAHxcDmEsmtofvvJs6SUXXZFp-xmJgNUDe4AHCKD7uBv3r0KHh1gTRSo4i7aBYyx2WPhK9Uhh8oJt" />
<meta name="twitter:app:id:iphone" content="367003839" />
<meta name="twitter:app:name:ipad" content="Booking.com Hotel Reservations Worldwide & Hotel Deals" />
<meta name="twitter:app:id:ipad" content="367003839" />
<meta name="twitter:app:name:googleplay" content="Booking.com Hotel Reservations" />
<meta name="twitter:app:id:googleplay" content="com.booking" />
<meta property="al:ios:app_store_id" content="367003839">
<meta property="al:ios:app_name" content="Booking.com Hotel Reservations">
<meta property="al:android:app_name" content="Booking.com Hotel Reservation">
<meta property="al:android:package" content="com.booking">
<meta name="p:domain_verify" content="ff7f0b90ebb93e5bf7c7cafe77640ec1"/>
<meta http-equiv="content-language" content="en-us" />
<meta http-equiv="content-script-type" content="text/javascript" />
<meta http-equiv="content-style-type" content="text/css" />
<meta http-equiv="window-target" content="_top" />
<meta property="fb:pages" content="131840030178250, 1425349334428496, 117615518393985, 1565844503706287, 517612321758712, 1668799180037291, 265097377176252, 1643712662515912, 303492549842824, 1638321783047271, 809709019119342, 959185470826086, 217466488652137, 641365839348517, 203741606405114">
<meta property="wb:webmaster" content="48970bbca45d28c2" />
<meta name="twitter:card" content="summary_large_image">
<meta name="twitter:site" content="@bookingcom">
<meta name="twitter:creator" content="@bookingcom">
<meta property="og:type" content="website" />
<meta property="og:title" content="Help! Which property is best?" />
<meta property="og:description" content="I found these great hotels on Booking.com and love them all. Help me decide which one to book!" />
<meta property="og:locale" content="en_US" />
<meta property="og:url" content="https://www.booking.com/searchresults.html?dest_id=261060;dest_type=landmark;si=ai%252Cco%252Cci%252Cre%252Cla%252Cdi" />
<meta property="og:site_name" content="Booking.com" />
<meta property="fb:app_id" content="145362478954725" />
<link rel="alternate" type="text/html" hreflang="en-gb" href="https://www.booking.com/searchresults.en-gb.html?dest_id=261060;dest_type=landmark;si=ai%2Cco%2Cci%2Cre%2Cla%2Cdi" title="English (UK)"/>
<link rel="alternate" type="text/html" hreflang="en-us" href="https://www.booking.com/searchresults.html?dest_id=261060;dest_type=landmark;si=ai%2Cco%2Cci%2Cre%2Cla%2Cdi" title="English (US)"/>
<link rel="alternate" type="text/html" hreflang="de" href="https://www.booking.com/searchresults.de.html?dest_id=261060;dest_type=landmark;si=ai%2Cco%2Cci%2Cre%2Cla%2Cdi" title="Deutsch"/>
<link rel="alternate" type="text/html" hreflang="nl" href="https://www.booking.com/searchresults.nl.html?dest_id=261060;dest_type=landmark;si=ai%2Cco%2Cci%2Cre%2Cla%2Cdi" title="Nederlands"/>
<link rel="alternate" type="text/html" hreflang="fr" href="https://www.booking.com/searchresults.fr.html?dest_id=261060;dest_type=landmark;si=ai%2Cco%2Cci%2Cre%2Cla%2Cdi" title="Français"/>
<link rel="alternate" type="text/html" hreflang="es" href="https://www.booking.com/searchresults.es.html?dest_id=261060;dest_type=landmark;si=ai%2Cco%2Cci%2Cre%2Cla%2Cdi" title="Español"/>
<link rel="alternate" type="text/html" hreflang="es-ar" href="https://www.booking.com/searchresults.es-ar.html?dest_id=261060;dest_type=landmark;si=ai%2Cco%2Cci%2Cre%2Cla%2Cdi" title="Español (AR)"/>
<link rel="alternate" type="text/html" hreflang="es-mx" href="https://www.booking.com/searchresults.es-mx.html?dest_id=261060;dest_type=landmark;si=ai%2Cco%2Cci%2Cre%2Cla%2Cdi" title="Español (MX)"/>
<link rel="alternate" type="text/html" hreflang="ca" href="https://www.booking.com/searchresults.ca.html?dest_id=261060;dest_type=landmark;si=ai%2Cco%2Cci%2Cre%2Cla%2Cdi" title="Català"/>
<link rel="alternate" type="text/html" hreflang="it" href="https://www.booking.com/searchresults.it.html?dest_id=261060;dest_type=landmark;si=ai%2Cco%2Cci%2Cre%2Cla%2Cdi" title="Italiano"/>
<link rel="alternate" type="text/html" hreflang="pt-pt" href="https://www.booking.com/searchresults.pt-pt.html?dest_id=261060;dest_type=landmark;si=ai%2Cco%2Cci%2Cre%2Cla%2Cdi" title="Português (PT)"/>
<link rel="alternate" type="text/html" hreflang="pt-br" href="https://www.booking.com/searchresults.pt-br.html?dest_id=261060;dest_type=landmark;si=ai%2Cco%2Cci%2Cre%2Cla%2Cdi" title="Português (BR)"/>
<link rel="alternate" type="text/html" hreflang="no" href="https://www.booking.com/searchresults.no.html?dest_id=261060;dest_type=landmark;si=ai%2Cco%2Cci%2Cre%2Cla%2Cdi" title="Norsk"/>
<link rel="alternate" type="text/html" hreflang="fi" href="https://www.booking.com/searchresults.fi.html?dest_id=261060;dest_type=landmark;si=ai%2Cco%2Cci%2Cre%2Cla%2Cdi" title="Suomi"/>
<link rel="alternate" type="text/html" hreflang="sv" href="https://www.booking.com/searchresults.sv.html?dest_id=261060;dest_type=landmark;si=ai%2Cco%2Cci%2Cre%2Cla%2Cdi" title="Svenska"/>
<link rel="alternate" type="text/html" hreflang="da" href="https://www.booking.com/searchresults.da.html?dest_id=261060;dest_type=landmark;si=ai%2Cco%2Cci%2Cre%2Cla%2Cdi" title="Dansk"/>
<link rel="alternate" type="text/html" hreflang="cs" href="https://www.booking.com/searchresults.cs.html?dest_id=261060;dest_type=landmark;si=ai%2Cco%2Cci%2Cre%2Cla%2Cdi" title="?eština"/>
<link rel="alternate" type="text/html" hreflang="hu" href="https://www.booking.com/searchresults.hu.html?dest_id=261060;dest_type=landmark;si=ai%2Cco%2Cci%2Cre%2Cla%2Cdi" title="Magyar"/>
<link rel="alternate" type="text/html" hreflang="ro" href="https://www.booking.com/searchresults.ro.html?dest_id=261060;dest_type=landmark;si=ai%2Cco%2Cci%2Cre%2Cla%2Cdi" title="Român?"/>
<link rel="alternate" type="text/html" hreflang="ja" href="https://www.booking.com/searchresults.ja.html?dest_id=261060;dest_type=landmark;si=ai%2Cco%2Cci%2Cre%2Cla%2Cdi" title="???"/>
<link rel="alternate" type="text/html" hreflang="zh-cn" href="https://www.booking.com/searchresults.zh-cn.html?dest_id=261060;dest_type=landmark;si=ai%2Cco%2Cci%2Cre%2Cla%2Cdi" title="????"/>
<link rel="alternate" type="text/html" hreflang="zh-tw" href="https://www.booking.com/searchresults.zh-tw.html?dest_id=261060;dest_type=landmark;si=ai%2Cco%2Cci%2Cre%2Cla%2Cdi" title="????"/>
<link rel="alternate" type="text/html" hreflang="pl" href="https://www.booking.com/searchresults.pl.html?dest_id=261060;dest_type=landmark;si=ai%2Cco%2Cci%2Cre%2Cla%2Cdi" title="Polski"/>
<link rel="alternate" type="text/html" hreflang="el" href="https://www.booking.com/searchresults.el.html?dest_id=261060;dest_type=landmark;si=ai%2Cco%2Cci%2Cre%2Cla%2Cdi" title="????????"/>
<link rel="alternate" type="text/html" hreflang="ru" href="https://www.booking.com/searchresults.ru.html?dest_id=261060;dest_type=landmark;si=ai%2Cco%2Cci%2Cre%2Cla%2Cdi" title="???????"/>
<link rel="alternate" type="text/html" hreflang="tr" href="https://www.booking.com/searchresults.tr.html?dest_id=261060;dest_type=landmark;si=ai%2Cco%2Cci%2Cre%2Cla%2Cdi" title="Türkçe"/>
<link rel="alternate" type="text/html" hreflang="bg" href="https://www.booking.com/searchresults.bg.html?dest_id=261060;dest_type=landmark;si=ai%2Cco%2Cci%2Cre%2Cla%2Cdi" title="?????????"/>
<link rel="alternate" type="text/html" hreflang="ar" href="https://www.booking.com/searchresults.ar.html?dest_id=261060;dest_type=landmark;si=ai%2Cco%2Cci%2Cre%2Cla%2Cdi" title="???????"/>
<link rel="alternate" type="text/html" hreflang="ko" href="https://www.booking.com/searchresults.ko.html?dest_id=261060;dest_type=landmark;si=ai%2Cco%2Cci%2Cre%2Cla%2Cdi" title="???"/>
<link rel="alternate" type="text/html" hreflang="he" href="https://www.booking.com/searchresults.he.html?dest_id=261060;dest_type=landmark;si=ai%2Cco%2Cci%2Cre%2Cla%2Cdi" title="?????"/>
<link rel="alternate" type="text/html" hreflang="lv" href="https://www.booking.com/searchresults.lv.html?dest_id=261060;dest_type=landmark;si=ai%2Cco%2Cci%2Cre%2Cla%2Cdi" title="Latviski"/>
<link rel="alternate" type="text/html" hreflang="uk" href="https://www.booking.com/searchresults.uk.html?dest_id=261060;dest_type=landmark;si=ai%2Cco%2Cci%2Cre%2Cla%2Cdi" title="??????????"/>
<link rel="alternate" type="text/html" hreflang="id" href="https://www.booking.com/searchresults.id.html?dest_id=261060;dest_type=landmark;si=ai%2Cco%2Cci%2Cre%2Cla%2Cdi" title="Bahasa Indonesia"/>
<link rel="alternate" type="text/html" hreflang="ms" href="https://www.booking.com/searchresults.ms.html?dest_id=261060;dest_type=landmark;si=ai%2Cco%2Cci%2Cre%2Cla%2Cdi" title="Bahasa Malaysia"/>
<link rel="alternate" type="text/html" hreflang="th" href="https://www.booking.com/searchresults.th.html?dest_id=261060;dest_type=landmark;si=ai%2Cco%2Cci%2Cre%2Cla%2Cdi" title="???????"/>
<link rel="alternate" type="text/html" hreflang="et" href="https://www.booking.com/searchresults.et.html?dest_id=261060;dest_type=landmark;si=ai%2Cco%2Cci%2Cre%2Cla%2Cdi" title="Eesti"/>
<link rel="alternate" type="text/html" hreflang="hr" href="https://www.booking.com/searchresults.hr.html?dest_id=261060;dest_type=landmark;si=ai%2Cco%2Cci%2Cre%2Cla%2Cdi" title="Hrvatski"/>
<link rel="alternate" type="text/html" hreflang="lt" href="https://www.booking.com/searchresults.lt.html?dest_id=261060;dest_type=landmark;si=ai%2Cco%2Cci%2Cre%2Cla%2Cdi" title="Lietuvi?"/>
<link rel="alternate" type="text/html" hreflang="sk" href="https://www.booking.com/searchresults.sk.html?dest_id=261060;dest_type=landmark;si=ai%2Cco%2Cci%2Cre%2Cla%2Cdi" title="Sloven?ina"/>
<link rel="alternate" type="text/html" hreflang="sr" href="https://www.booking.com/searchresults.sr.html?dest_id=261060;dest_type=landmark;si=ai%2Cco%2Cci%2Cre%2Cla%2Cdi" title="Srpski"/>
<link rel="alternate" type="text/html" hreflang="sl" href="https://www.booking.com/searchresults.sl.html?dest_id=261060;dest_type=landmark;si=ai%2Cco%2Cci%2Cre%2Cla%2Cdi" title="Slovenš?ina"/>
<link rel="alternate" type="text/html" hreflang="vi" href="https://www.booking.com/searchresults.vi.html?dest_id=261060;dest_type=landmark;si=ai%2Cco%2Cci%2Cre%2Cla%2Cdi" title="Ti?ng Vi?t"/>
<link rel="alternate" type="text/html" hreflang="tl" href="https://www.booking.com/searchresults.tl.html?dest_id=261060;dest_type=landmark;si=ai%2Cco%2Cci%2Cre%2Cla%2Cdi" title="Filipino"/>
<link rel="alternate" type="text/html" hreflang="is" href="https://www.booking.com/searchresults.is.html?dest_id=261060;dest_type=landmark;si=ai%2Cco%2Cci%2Cre%2Cla%2Cdi" title="Íslenska"/>
<link rel="icon" href="https://cf.bstatic.com/static/img/favicon/9ca83ba2a5a3293ff07452cb24949a5843af4592.svg" type="image/svg+xml">
<link rel="icon" href="https://cf.bstatic.com/static/img/favicon/4a3b40c4059be39cbf1ebaa5f97dbb7d150926b9.png" type="image/png" sizes="192x192">
<link rel="icon" href="https://cf.bstatic.com/static/img/favicon/40749a316c45e239a7149b6711ea4c48d10f8d89.ico" sizes="32x32">
<link rel="apple-touch-icon" href="https://cf.bstatic.com/static/img/apple-touch-icon/5db9fd30d96b1796883ee94be7dddce50b73bb38.png" />
<link rel="help" href="/faq.html&amp;" />
<link rel="search" type="application/opensearchdescription+xml" href="https://cf.bstatic.com/static/opensearch/en-us/e19e3ca297c466eb18e0b783736192a638f6a66e.xml" title="Booking.com Online Hotel Reservations" />
<link href="https://plus.google.com/105443419075154950489" rel="publisher" />
<script nonce="Y346mIyU7Ic0W43">
/*
*/
(function avoidingXSSviaLocationHash() {
var location = window.location,
hash = location.hash,
xss = /[<>'"]/;
if (
xss.test( decodeURIComponent( hash ) ) ||
xss.test( hash )
) {
location.hash = '';
}
})();
document.documentElement.className = document.documentElement.className.replace('noJS', '') + ' hasJS';
var b_experiments = {}, WIDTH, B = window.booking = {
_onfly: [], // "on the fly" functions, will be executed as soon as external js files were loaded
devTools: {
trackedExperiments: []
},
user: {
},
env : {
isRetina : window.devicePixelRatio > 1,
"b_gtt": 'dLYAeZFVJfNTBBFWZBMHMJBXVJfcfHCfBSSUdRKe',
"b_action" : 'searchresults',
"b_secure_domain" : 'https://secure.booking.com',
"b_site_type" : 'www',
"b_site_type_id": '1',
"b_travel_comm_url_with_lang": 'https://community.booking.com/?profile.language=en',
"b_calendar2" : '1',
"BHDTJdReLGMeEcYPffcVDZBZMO": true,
"b_max_los_data_for_prefilled_dest" : {"default_los":45,"has_extended_los":1,"max_allowed_los":90,"extended_los":90,"experiment":"BHDTJdReQHUYYOLEaMYYXO","is_fullon":0},
/*
*/
"b_partner_channel_id": '3',
"b_bookings_owned": '1',
"b_google_maps_key_params" : 'true&indexing=true',
"b_lang" : 'en',
"b_has_valid_dates": 0,
"b_countrycode" : 'ph',
"b_guest_country" : 'us',
"b_locale" : 'en-us',
"b_lang_for_url" : 'en-us',
"b_this_urchin" : '/searchresults.html?dest_id=261060&amp;dest_type=landmark&amp;si=ai%2Cco%2Cci%2Cre%2Cla%2Cdi&&',
"b_flag_to_suggest" : 'us',
"b_companyname" : 'Booking.com',
"b_partner_vertical" : 'channel_direct',
b_date_format: {"short_month_only":"{short_month_name}","short_weekday_only":"{short_weekday}","numeric_date_range_both_years":"{month}/{day_of_month}/{full_year} - {month_until}/{day_of_month_until}/{full_year_until}","numeric_date_range":"{month}/{day_of_month} - {month_until}/{day_of_month_until}","short_date":"{short_month_name} {day_of_month}, {full_year}","ux_day_month_on":"on {month_2} {day_2}","numeric_date":"{month}/{day_of_month}/{full_year}","day_month_other":"{month_name} {day_other}","day_short_month_year_time":"{short_month_name} {day_of_month}, {full_year}, {time}","numeric_day_month_year_from":"from {month_name_0}/{day_name_0}/{full_year}","short_date_without_year_range":"{short_month_name} {day_of_month} - {short_month_name_until} {day_of_month_until}","day_month":"{month_name} {day_name}","range_from_long_date_time_until_long_date_time":"from {month_name} {day_of_month}, {full_year} at {time} until {month_name_until} {day_of_month_until}, {full_year_until} at {time_until}","day_month_year_until":"until {month_name} {day_name}, {full_year}","day_short_month_year_time_between":"{short_month_name} {day_of_month}, {full_year}, {time} – {time_until}","day_short_month_year_from":"from {short_month_name} {day_name}, {full_year}","day_month_year_on":"on {month_name} {day_name}, {full_year}","day_month_year_from":"from {month_name} {day_name}, {full_year}","short_month_with_year":"{short_month_name} {full_year}","numeric_day_month_year_between":"between {month_name_0}/{day_name_0}/{full_year} and {month_name_0_until}/{day_name_0_until}/{full_year_until}","date_with_weekday_from":"{weekday_from}, {month_name_from} {day_of_month}, {full_year}","day_short_month_year_on":"on {short_month_name} {day_name}, {full_year}","day_month_until":"until {month_name} {day_name}","day_month_year_other":"{month_name} {day_other}, {full_year}","date_with_short_weekday_with_year":"{short_weekday}, {month_name} {day_of_month}, {full_year}","date_with_weekday_time_at":"date_with_weekday_time_at","day_short_month_year_other":"{short_month_name} {day_name_other}, {full_year}","short_date_with_weekday_without_year":"{short_weekday}, {short_month_name} {day_of_month}","day_month_on":"on {month_name} {day_name}","date_with_year":"{month_name} {day_of_month}, {full_year}","date_with_weekday_with_markers":"{weekday}, {begin_marker}{month_name} {day_of_month}{end_marker}, {full_year}","in_month_with_year":"in {month_name_in} {full_year}","day_of_month_only":"{day_of_month}","day_short_month_time_between":"{short_month_name} {day_of_month}, {time} – {time_until}","date_with_weekday":"{weekday}, {month_name} {day_of_month}, {full_year}","long_date_range_both_years":"{month_name} {day_of_month}, {full_year} – {month_name_until} {day_of_month_until}, {full_year_until}","month_name_only":"{month_name_nom}","day_short_month_year_between":"{short_month_name} {day_of_month}, {full_year} – {short_month_name_until} {day_of_month_until}, {full_year_until}","day_month_between":"between {month_name} {day_name} and {month_name_until} {day_name_until}","short_date_without_year":"{short_month_name} {day_of_month}","day_month_year":"{month_name} {day_name}, {full_year}","day_month_year_between":"between {month_name} {day_name}, {full_year} and {month_name_until} {day_name_until}, {full_year_until}","date_range_with_short_weekday_short_month":"{short_weekday}, {short_month_name} {day_of_month} – {short_weekday_until}, {short_month_name_until} {day_of_month_until} ","date_with_weekday_time_until":"{weekday}, {begin_marker}{month_name} {day_of_month}{end_marker}, {full_year} until {time}","date_with_weekday_time_from_until":"{weekday}, {begin_marker}{month_name} {day_of_month}{end_marker}, {full_year} from {time} until {time_until}","date_with_weekday_to":"{weekday_to} {day_of_month} {month_name_to} {full_year}","date_without_year":"{month_name} {day_of_month}","numeric_day_month_year_time_before":"before {time} on {month_name_0}/{day_name_0}/{full_year}","day_short_month_year_until":"until {short_month_name} {day_name}, {full_year}","numeric_day_month_year_on":"on {month_name_0}/{day_name_0}/{full_year}","day_month_year_time_before":"before {time} on {month_name} {day_name}, {year}","numeric_day_month_year_until":"until {month_name_0}/{day_name_0}/{full_year}","day_short_month_year":"{short_month_name} {day_name}, {full_year}","day_short_month_between":"{short_month_name} {day_of_month} – {short_month_name_until} \n{day_of_month_until} ","day_month_from":"from {month_name} {day_name}","short_date_with_weekday":"{short_weekday}, {short_month_name} {day_of_month}, {full_year}","date_with_short_weekday_without_year":"{short_weekday}, {month_name} {day_of_month} ","from_month_with_year":"since {month_name_from} {full_year}","month_with_year":"{month_name_with_year_only} {full_year}","numeric_day_month_year":"{month_name_0}/{day_name_0}/{full_year}","ux_day_month":"{month_1} {day_1}","day_short_month_time":"{short_month_name} {day_of_month}, {time}","date_with_weekday_time_from":"{weekday}, {begin_marker}{month_name} {day_of_month}{end_marker}, {full_year} from {time}"},
b_month_for_formatted_date: {"1":{"name_only":"January","to_month_lc":"to January","month_2":"January","on_day_month":"01","name_to":"January","month_1":"January","genitive_lc":"January","name_with_year_only":"January","name":"January","short_name":"Jan","short_name_only":"Jan","in_month_lc":"in January","genitive_uc":"January","day_to":"January","name_lc":"January","name_def_article_lc":"the January","name_from":"January","name_uc":"January","name_def_article_uc":"The January","short_name_uc":"January","name_in":"January","name_other":"January"},"10":{"short_name_only":"Oct","genitive_uc":"October","to_month_lc":"to October","name_only":"October","in_month_lc":"in October","name_def_article_lc":"the October","name_lc":"October","month_2":"October","name_to":"October","on_day_month":"10","month_1":"October","name_from":"October","name_uc":"October","genitive_lc":"October","name_in":"October","name_other":"October","name_def_article_uc":"The October","short_name_uc":"October","short_name":"Oct","name":"October","name_with_year_only":"October"},"11":{"on_day_month":"11","name_to":"November","month_2":"November","name_def_article_lc":"the November","name_lc":"November","name_only":"November","in_month_lc":"in November ","genitive_uc":"November ","to_month_lc":"to November ","short_name_only":"Nov","short_name":"Nov","name":"November","name_with_year_only":"November","short_name_uc":"November","name_def_article_uc":"The November","name_other":"November","name_in":"November","genitive_lc":"November ","name_uc":"November","name_from":"November","month_1":"November"},"12":{"genitive_lc":"December ","name_uc":"December","name_from":"December","month_1":"December","short_name":"Dec","name":"December","name_with_year_only":"December","name_def_article_uc":"The December","short_name_uc":"December","name_in":"December","name_other":"December","in_month_lc":"in December","name_only":"December","genitive_uc":"December","to_month_lc":"to December","short_name_only":"Dec","on_day_month":"12","name_to":"December","month_2":"December","name_def_article_lc":"the December","name_lc":"December"},"2":{"name_uc":"February","name_from":"February","short_name_uc":"February","name_def_article_uc":"The February","name_in":"February","name_other":"February","in_month_lc":"in February ","genitive_uc":"February ","day_to":"February","short_name_only":"Feb","name_lc":"February","name_def_article_lc":"the February","genitive_lc":"February ","month_1":"February","name_with_year_only":"February","name":"February","short_name":"Feb","name_only":"February","to_month_lc":"to February ","on_day_month":"02","name_to":"February","month_2":"February"},"3":{"month_2":"March","on_day_month":"03","name_to":"March","name_only":"March","to_month_lc":"to March","name_with_year_only":"March","name":"March","short_name":"Mar","month_1":"March","genitive_lc":"March","name_lc":"March","name_def_article_lc":"the March","short_name_only":"Mar","in_month_lc":"in March","genitive_uc":"March","day_to":"March","name_def_article_uc":"The March","short_name_uc":"March","name_other":"March","name_in":"March","name_from":"March","name_uc":"March"},"4":{"name_in":"April","name_other":"April","short_name_uc":"April","name_def_article_uc":"The April","name":"April","name_with_year_only":"April","short_name":"Apr","month_1":"April","name_from":"April","name_uc":"April","genitive_lc":"April","name_lc":"April","name_def_article_lc":"the April","month_2":"April","name_to":"April","on_day_month":"04","short_name_only":"Apr","to_month_lc":"to April","genitive_uc":"April","in_month_lc":"in April","name_only":"April"},"5":{"genitive_uc":"May","to_month_lc":"to May","in_month_lc":"in May","name_only":"May","short_name_only":"May","name_to":"May","on_day_month":"05","name_def_article_lc":"the May","name_lc":"May","month_2":"May","name_uc":"May","genitive_lc":"May","name_from":"May","month_1":"May","short_name":"May","name_with_year_only":"May","name":"May","name_other":"May","name_in":"May","short_name_uc":"May","name_def_article_uc":"The May"},"6":{"short_name_only":"Jun","to_month_lc":"to June","genitive_uc":"June","in_month_lc":"in June","name_only":"June","name_lc":"June","name_def_article_lc":"the June","month_2":"June","name_to":"June","on_day_month":"06","name_from":"June","month_1":"June","name_uc":"June","genitive_lc":"June","name_in":"June","name_other":"June","short_name_uc":"June","name_def_article_uc":"The June","name":"June","name_with_year_only":"June","short_name":"Jun"},"7":{"name_to":"July","on_day_month":"07","name_lc":"July","name_def_article_lc":"the July","month_2":"July","to_month_lc":"to July","genitive_uc":"July","name_only":"July","in_month_lc":"in July","short_name_only":"Jul","name_with_year_only":"July","name":"July","short_name":"Jul","name_in":"July","name_other":"July","name_def_article_uc":"The July","short_name_uc":"July","name_uc":"July","genitive_lc":"July","month_1":"July","name_from":"July"},"8":{"name_lc":"August","name_def_article_lc":"the August","month_2":"August","name_to":"August","on_day_month":"08","short_name_only":"Aug","to_month_lc":"to August","genitive_uc":"August","name_only":"August","in_month_lc":"in August","name_other":"August","name_in":"August","name_def_article_uc":"The August","short_name_uc":"August","name_with_year_only":"August","name":"August","short_name":"Aug","name_from":"August","month_1":"August","name_uc":"August","genitive_lc":"August"},"9":{"name_lc":"September","name_def_article_lc":"the September","month_2":"September","name_to":"September","on_day_month":"09","short_name_only":"Sep","to_month_lc":"to September","genitive_uc":"September","name_only":"September","in_month_lc":"in September","name_in":"September","name_other":"September","name_def_article_uc":"The September","short_name_uc":"September","name":"September","name_with_year_only":"September","short_name":"Sep","name_from":"September","month_1":"September","name_uc":"September","genitive_lc":"September"}},
b_weekday_formatted_date: {"1":{"name_on":"Monday","name_from_preposition":"From Monday","short":"Mon","name_lc":"Monday","name_to":"Monday","name_from":"Monday","shortest":"Mo","name_uc":"Monday","name_other":"Monday","name":"Monday","short_uc":"Mon","name_other_uc":"Monday"},"2":{"name_on":"Tuesday","name_to":"Tuesday","short":"Tue","name_lc":"Tuesday","name_from_preposition":"From Tuesday","name_uc":"Tuesday","name_from":"Tuesday","shortest":"Tu","short_uc":"Tue","name_other_uc":"Tuesday","name":"Tuesday","name_other":"Tuesday"},"3":{"name_from_preposition":"From Wednesday","name_lc":"Wednesday","short":"Wed","name_to":"Wednesday","name_on":"Wednesday","name_other":"Wednesday","name":"Wednesday","name_other_uc":"Wednesday","short_uc":"Wed","shortest":"We","name_from":"Wednesday","name_uc":"Wednesday"},"4":{"name_from":"Thursday","shortest":"Th","name_uc":"Thursday","name_other":"Thursday","short_uc":"Thu","name_other_uc":"Thursday","name":"Thursday","name_on":"Thursday","name_lc":"Thursday","short":"Thu","name_from_preposition":"From Thursday","name_to":"Thursday"},"5":{"short":"Fri","name_lc":"Friday","name_from_preposition":"From Friday","name_to":"Friday","name_on":"Friday","name_other":"Friday","name_other_uc":"Friday","short_uc":"Fri","name":"Friday","shortest":"Fr","name_from":"Friday","name_uc":"Friday"},"6":{"name_to":"Saturday","name_from_preposition":"From Saturday","short":"Sat","name_lc":"Saturday","name_on":"Saturday","name":"Saturday","name_other_uc":"Saturday","short_uc":"Sat","name_other":"Saturday","name_uc":"Saturday","shortest":"Sa","name_from":"Saturday"},"7":{"shortest":"Su","name_from":"Sunday","name_uc":"Sunday","name_other":"Sunday","name":"Sunday","name_other_uc":"Sunday","short_uc":"Sun","name_on":"Sunday","name_from_preposition":"From Sunday","name_lc":"Sunday","short":"Sun","name_to":"Sunday"},"8":{"name":"Every day","name_other_uc":"name_other_uc","short_uc":"short_uc","name_other":"name_other","name_uc":"name_uc","shortest":"shortest","name_from":"name_from","name_to":"name_to","name_from_preposition":"From any day","short":"short","name_lc":"every day","name_on":"name_on"}},
b_time_format: {"AM_symbol":{"name":"AM"},"PM_symbol":{"name":"PM"},"time":{"name":"{hour_12h_no0}:{minutes} {AM_PM}"},"time_12":{"name":"{hour_12h_no0}:{minutes} {AM_PM}"},"time_24":{"name":"{hour_24h_no0}:{minutes}"}},
"b_protocol": 'https',
b01: 1,
auth_level : "0",
b_user_auth_level_is_none : 1,
b_check_ot_consent : 1,
bui: {
color: {
bui_color_grayscale_dark: "#333333",
bui_color_grayscale: "#6B6B6B",
bui_color_grayscale_light: "#BDBDBD",
bui_color_grayscale_lighter: "#E6E6E6",
bui_color_grayscale_lightest: "#F5F5F5",
bui_color_primary_dark: "#00224F",
bui_color_primary: "#003580",
bui_color_primary_light: "#BAD4F7",
bui_color_primary_lighter: "#EBF3FF",
bui_color_primary_lightest: "#FAFCFF",
bui_color_complement_dark: "#CD8900",
bui_color_complement: "#FEBB02",
bui_color_complement_light: "#FFE08A",
bui_color_complement_lighter: "#FDF4D8",
bui_color_complement_lightest: "#FEFBF0",
bui_color_callout_dark: "#BC5B01",
bui_color_callout: "#FF8000",
bui_color_callout_light: "#FFC489",
bui_color_callout_lighter: "#FFF0E0",
bui_color_callout_lightest: "#FFF8F0",
bui_color_destructive_dark: "#A30000",
bui_color_destructive: "#CC0000",
bui_color_destructive_light: "#FCB4B4",
bui_color_destructive_lighter: "#FFEBEB",
bui_color_destructive_lightest: "#FFF0F0",
bui_color_constructive_dark: "#006607",
bui_color_constructive: "#008009",
bui_color_constructive_light: "#97E59C",
bui_color_constructive_lighter: "#E7FDE9",
bui_color_constructive_lightest: "#F1FEF2",
bui_color_action: "#0071C2",
bui_color_white: "#FFFFFF",
bui_color_black: "#000000"
}
},
bb: {
ibb: "",
uibb: "",
ibbta: "",
itp: "0",
iuibb: "",
bme: "",
euibb: "",
tp: "2"
},
b_run_map_sr_ajax: !!(window.history && window.history.pushState),
b_destination_fullname: 'Session Road',
b_growls_close_fast: 1,
fe_enable_login_with_phone_number: 1,
asyncLoader: {
async_assistant_entrypoint_css: 'https://cf.bstatic.com/static/css/assistant_entrypoint_cloudfront_sd.iq_ltr/611b70b00745fa4412a0101292fb0a1e4c97741e.css',
async_assistant_entrypoint_js: 'https://cf.bstatic.com/static/js/assistant_entrypoint_cloudfront_sd/598c75fa958f9dc500d198bd1a5c7d2555652cd3.js',
async_atlas_places_js: 'https://cf.bstatic.com/static/js/atlas_places_async_cloudfront_sd/9a9bcd998016ecc6409aa42c8605f7850a767a34.js',
async_atlas_v2_cn_js: 'https://cf.bstatic.com/static/js/async_atlas_v2_cn_cloudfront_sd/a358d388c8c90d9c0407d3da288742e93c38c2a6.js',
async_atlas_v2_non_cn_js: 'https://cf.bstatic.com/static/js/async_atlas_v2_non_cn_cloudfront_sd/db2ebeae76c7b51a7bc288822baac8ba5a2fba33.js',
image_gallery_js: 'https://cf.bstatic.com/static/js/ski_lp_overview_panel_cloudfront_sd/9d8e7cfd33a37ffb15285d98f6970024f06cf36d.js',
image_gallery_css: 'https://cf.bstatic.com/static/css/ski_lp_overview_panel_cloudfront_sd.iq_ltr/2b3350935410fe4e36d74efed93daf74f2b4ff70.css',
async_lists_js: 'https://cf.bstatic.com/static/js/async_lists_cloudfront_sd/0d8b91a663af04deaea0fec41b7cee7923d62eec.js',
async_atlas_css: 'https://cf.bstatic.com/static/css/async_atlas_sr_cloudfront_sd.iq_ltr/d0e9030b745cc667bc726c2a1321f0c36b8f6224.css',
async_sr_atlas_map_js: 'https://cf.bstatic.com/static/js/async_sr_atlas_map_cloudfront_sd/53f84967ac1c5fdfa686f7b08357761fe45313c4.js',
async_ski_interactive_map: 'https://cf.bstatic.com/static/js/async_ski_interactive_map_cloudfront_sd/c48ae21b2c3a2dd2f26616dc370daaa921b60330.js',
async_nouislider_css: 'https://cf.bstatic.com/mobile/css/async_nouislider_cloudfront_sd.iq_ltr/2a32b1f38119063da104b43614194fe70d377a05.css',
async_nouislider_js: 'https://cf.bstatic.com/mobile/js/async_nouislider_cloudfront_sd/65e580457b504e99b5475ed3093317626870204b.js',
async_wpm_overlay_css: 'https://cf.bstatic.com/static/css/async_wpm_overlay_assets_cloudfront_sd.iq_ltr/abb304bf3600a5cf5f7406a27f042cf1ce2429b1.css',
async_wpm_overlay_js: 'https://cf.bstatic.com/static/js/async_wpm_overlay_assets_cloudfront_sd/c6cb9b63eea61102d4e96fe72b7c8008652fe925.js',
async_slider_view_js: 'https://cf.bstatic.com/mobile/js/async_slider_view_cloudfront_sd/b99d37dd0f12a56f66e827b1f34dbf846a345b1f.js',
async_slider_view_css: 'https://cf.bstatic.com/mobile/css/async_slider_view_cloudfront_sd.iq_ltr/6139b93e39f06ca17bf572c4b68667c465df625d.css',
async_beach_team_pilot_js: 'https://cf.bstatic.com/mobile/js/async_beach_team_pilot_cloudfront_sd/4ad475e13980eaf3a159e590a2c3885e1c6a1723.js',
async_beach_team_pilot_css: 'https://cf.bstatic.com/mobile/css/async_beach_team_pilot_cloudfront_sd.iq_ltr/cc3fa26277c76552b616497f3a379cf7643633ac.css',
empty: ''
},
fe_enable_fps_goal_with_value: 1,
b_email_validation_regex : /^([\w-\.\+]+@([\w-]+\.)+[\w-]{2,14})?$/,
b_domain_end : '.booking.com',
b_original_url : 'https:&#47;&#47;www.booking.com&#47;searchresults.html?dest_id=261060;dest_type=landmark;si=ai%2Cco%2Cci%2Cre%2Cla%2Cdi',
b_this_url : '/searchresults.html?dest_id=261060;dest_type=landmark;si=ai%2Cco%2Cci%2Cre%2Cla%2Cdi&',
b_this_url_without_lang : '/searchresults.html?dest_id=261060;dest_type=landmark;si=ai%2Cco%2Cci%2Cre%2Cla%2Cdi&',
b_referrer : '',
b_acc_type : '',
b_req_login: '',
jst : {'loading': true},
keep_day_month: true,
b_timestamp : 1694773210,
scripts_tracking : {
atlas:{loaded:false,run:false},
atlas_cst:{loaded:false,run:false},
bhc:{loaded:false,run:false},
calendar2:{loaded:false,run:false},
jquery:{loaded:false,run:false},
main:{loaded:false,run:false},
searchresults:{loaded:false,run:false}
},
enable_scripts_tracking : 1,
b_ufi : '',
"setvar_affiliate_is_bookings2" : 1,
transl_close_x : 'close',
transl_checkin_title: 'Check-in date',
transl_checkout_title: 'Check-out date',
browser_lang: '',
b_hijri_calendar_available: false,
b_aid: '304142',
b_label: 'gen000nr-10CAQoggJCD2xhbmRtYXJrXzI2MTA2MEgzWARo7AGIAQGYATO4AQXIAQXYAQPoAQH4AQGIAgGoAgG4AtrfkKgGwAIB0gIkOWIzM2E5MTMtNDMwZC00YzZmLTg5Y2ItZmU2OWJjYjc3MDc02AIB4AIB',
b_sid: '90259e8437c6096c4ee27fece820d9ea',
b_dest_id: '261060',
ip_country: 'us',
country_currency: 'USD',
b_selected_currency: 'USD',
b_selected_currency_is_hotel_currency: "",
b_selected_language: 'en-us',
b_selected_language_country_flag: 'us',
b_dest_type: 'landmark',
b_filter_currency: '',
b_has_filters: 0,
inline_sort_headers: {
'star_track': {
sortHeader: 'Sort all properties by number of stars'
},
'big_review_score_detailed': {
sortHeader: 'Sort all properties by review score'
},
'address_text': {
sortHeader: 'Sort all properties by location'
},
'district_link': {
sortHeader: 'Sort all properties by location'
},
'smart_price_style': {
sortHeader: 'Sort all properties by price'
}
},
b_search_config: {"b_children_ages_total":[],"b_is_group_search":0,"traveller_segment":"couple","b_adults_total":2,"b_rooms":[{"b_children_ages":[],"b_children":0,"b_room_order":1,"b_adults":2.0}],"b_children_total":0,"b_nr_rooms_needed":1},
pageview_id: '7c9c48ada4eb027a',
aid: '304142',
b_csrf_token: 'GmgEZQAAAAA=KHQbciOBhwJlIvbUOMBz4O2VKYA_9C2yKYavXPCmx09fmBu0ywcZkKphUNWHsoVX3PCHY98INw1fNwVmBTaS0Zjmw0EO-jOoQNp1lggzk_LXz67m9FYnoRgZKLr9eK3SdpmZ-yeUbSUbjMkWECjjZVZN4vhr2EdT0K3OLz5g4OIve0IHxRGPb4AMqtDYMgmdU9bWtEBxIJ3oqQ_w',
b_show_user_accounts_features: 1,
b_browser: 'Unparsed',
et_debug_level: '0',
icons: '/static/img',
b_static_images: 'https://cf.bstatic.com/images/',
b_currency_url: '/general.html&amp;tmpl=currency_foldout&amp;cur_currency=USD&amp;cc1=ph',
b_currency_change_base_url: '/searchresults.html?dest_id=261060&dest_type=landmark&si=ai%2Cco%2Cci%2Cre%2Cla%2Cdi',
b_languages_url: '/general.html&amp;tmpl=language_foldout',
b_weekdays: [
{"b_is_weekend": parseInt( '' ),
"b_number": parseInt('1'),
"name": 'Monday',
"short": 'Mon',
"shorter": 'Mon',
"shortest": 'Mo'},
{"b_is_weekend": parseInt( '' ),
"b_number": parseInt('2'),
"name": 'Tuesday',
"short": 'Tue',
"shorter": 'Tue',
"shortest": 'Tu'},
{"b_is_weekend": parseInt( '' ),
"b_number": parseInt('3'),
"name": 'Wednesday',
"short": 'Wed',
"shorter": 'Wed',
"shortest": 'We'},
{"b_is_weekend": parseInt( '' ),
"b_number": parseInt('4'),
"name": 'Thursday',
"short": 'Thu',
"shorter": 'Thu',
"shortest": 'Th'},
{"b_is_weekend": parseInt( '' ),
"b_number": parseInt('5'),
"name": 'Friday',
"short": 'Fri',
"shorter": 'Fri',
"shortest": 'Fr'},
{"b_is_weekend": parseInt( '1' ),
"b_number": parseInt('6'),
"name": 'Saturday',
"short": 'Sat',
"shorter": 'Sat',
"shortest": 'Sa'},
{"b_is_weekend": parseInt( '1' ),
"b_number": parseInt('7'),
"name": 'Sunday',
"short": 'Sun',
"shorter": 'Sun',
"shortest": 'Su'},
{}],
b_group: [],
b_simple_weekdays: ['Mo','Tu','We','Th','Fr','Sa','Su'],
b_simple_weekdays_for_js: ['Mon','Tue','Wed','Thu','Fri','Sat','Sun'],
b_long_weekdays: ['Monday','Tuesday','Wednesday','Thursday','Friday','Saturday','Sunday'],
b_short_months: ['January','February','March','April','May','June','July','August','September','October','November','December'],
b_short_months_abbr: ['Jan','Feb','Mar','Apr','May','Jun','Jul','Aug','Sep','Oct','Nov','Dec'],
b_year_months: {
'2023-9': {'name': 'September 2023' },
'2023-10': {'name': 'October 2023' },
'2023-11': {'name': 'November 2023' },
'2023-12': {'name': 'December 2023' },
'2024-1': {'name': 'January 2024' },
'2024-2': {'name': 'February 2024' },
'2024-3': {'name': 'March 2024' },
'2024-4': {'name': 'April 2024' },
'2024-5': {'name': 'May 2024' },
'2024-6': {'name': 'June 2024' },
'2024-7': {'name': 'July 2024' },
'2024-8': {'name': 'August 2024' },
'2024-9': {'name': 'September 2024' },
'2024-10': {'name': 'October 2024' },
'2024-11': {'name': 'November 2024' },
'2024-12': {'name': 'December 2024' }
},
b_user_is_new: 1,
b_is_landing : 1,
b_user_auth_level_is_none: 1,
b_is_fb_safe: 1,
b_is_app: 1,
first_page_of_results: true,
b_partner_id: '1',
b_is_destination_finder_supported: 0,
b_is_dsf: 0,
b_pr_param: '',
/*
*/
feature_profile_split_sb_checkbox: 1,
usp_overlay: [{
title: "Book now, pay when you stay!",
body: "With FREE cancellation on most rooms"
},{
title: "Booking is safe",
body: "When you book with us your details are protected by a secure connection."
},{
title: "Unbiased reviews",
body: "293,930,000 verified reviews"
},
],
usp_sr_load_budget_title: "Access lower prices",
usp_sr_load_budget_body: "Sign in and look out for Secret Deals",
inandaround_more: "More",
b_signup_iframe_url: 'https://secure.booking.com' + '/login.html?tmpl=profile/signup_after_subscribe' + '&lang=en-us' ,
b_exclude_lang_firstname: 0,
enter_dates_to_see_prices: 'enter your check-in and check-out dates in the search box on the left to see the exact room prices for your stay and to be able to sort by price.',
b_available_hotels: 0,
view_prices_enter_dates: 'To view prices and availability, please enter your dates.',
b_total_selected_filters: "",
b_current_page_nr: 1,
b_order : "",
autocomplete_categories: {
city: 'Cities',
region: 'Regions',
airport: 'Airports',
hotel: 'Hotels',
landmark: 'Landmarks',
country: 'Countries',
district: 'Districts',
theme: 'Themes'
},
autocomplete_skip_suggestions: 'Search for more options',
autocomplete_counter_label: 'Properties nearby',
autocomplete : {
property_nearby: '1 property nearby',
properties_nearby: ' properties nearby',
hotel: 'property',
hotels: 'properties',
hotels_nearby: 'Properties nearby'
},
lists: {
collection: [
{
id: "0",
name: "My next trip",
hotels_count: "0"
}
]
},
touch_os: false,
calendar_days_allowed_number: 351,
b_search_max_months: 16,
b_run_ge_new_newsletter_login: 1,
b_password_strength_msg: ['Not long enough','Weak','Fair','Good','Strong','Very Strong'],
b_passwd_min_length_error: 'Password needs to be at least 8 characters long',
b_password_must_be_numeric: 'Your booking\'s PIN code should contain 4 digits. Please try again.',
b_bkng_nr_must_be_numeric: 'Your booking number should contain 9 digits. Please try again.',
b_blank_numeric_pin: 'Please enter your booking\'s PIN code.',
b_blank_bkng_nr: 'Please enter your booking number.',
password_cant_be_username: 'Your password can\'t be the same as your email address',
b_show_passwd: 'View password',
b_passwd_tooltip: 'Include capital letters, special characters, and numbers to increase your password strength',
account_error_add_password: 'Please add a password',
password_needs_8: 'Password needs to be at least 8 characters long',
error_sign_up_password_email_combo_01: 'Please check your email address or password and try again.',
social_plugins_footer: 1,
b_lazy_load_print_css: 1,
print_css_href: 'https://cf.bstatic.com/static/css/print/0cc4ce4b7108d42a9f293fc9b654f749d84ba4eb.css',
'component/dropdown-onload-shower/header_signin_prompt' : {
b_action: "searchresults"
},
b_hostname_signup: "www.booking.com",
b_nonsecure_hostname: "https://www.booking.com",
b_nonsecure_hostname_signup: "https://www.booking.com",
b_fd_searchresults_url_signup: "",
translation_customer_service_which_booking_no_specific: 'No specific reservation',
stored_past_and_upcoming_bookings: [
],
global_translation_tags: {"zwsp":"\u200b","rlm":"\u200f","lrm":"\u200e","line_break":"\u003cbr\u003e","one_dot_leader":"\u2024","nbsp":"&nbsp;"},
b_rackrates_monitoring_running: true,
b_wishlist_referrer : '',
b_reg_user_last_used_wishlist: "",
b_reg_user_wishlist_remaining: 1,
is_user_center_bar: 1,
b_site_experiment_user_center_bar: 1,
b_reg_user_is_genius : "",
profile_menu: {
b_user_auth_level: 0,
b_domain_for_app: "https://www.booking.com",
b_query_params_with_lang_no_ext: "",
b_travel_comm_url_with_lang: "https://community.booking.com/?profile.language=en",
b_action: "searchresults",
b_site_info: {"is_bookings_owned":1,"is_iam_auth_allowed":1},
b_site_type: "www",
b_companyname: "Booking.com",
b_reg_user_full_name: "",
b_is_genius_branded: "0",
b_reg_user_is_genius: "",
b_genius_dashboard_expiry_destfinder_url: "https://www.booking.com/destinationfinderdeals.html;genius_deals_mode=1&genius_next_weekend=1",
b_reg_user_last_used_wishlist: "",
b_genius_product_page_url: "https://www.booking.com/genius.html",
b_reg_user_five_bookings_challenge: "",
b_reg_user_detail_name_email_hash: "",
b_user_is_grap_eligible: "",
b_grap_remove_raf_checks: 1,
b_is_bbtool_admin: "",
b_is_bbtool_user: "",
fe_bbtool_permission_is_connected_to_bbtool: "",
fe_this_url_travel_purpose_business: "https://secure.booking.com/company/search.html",
fe_this_url_travel_purpose_leisure: "https://www.booking.com/index.html",
fe_reservations_url_travel_purpose_business: "https://secure.booking.com/company/reservations.html",
fe_reservations_url_travel_purpose_leisure: "https://secure.booking.com/myreservations.html",
fe_my_settings_url: "https://account.booking.com/oauth2/authorize?aid=304142;client_id=d1cDdLj40ACItEtxJLTo;redirect_uri=https%3A%2F%2Faccount.booking.com%2Fsettings%2Foauth_callback;response_type=code;state=UoICIu1Wawh6IYmrdWEynauLV4oLZBlohNiTvUV7SxZP7rHvIePriZ39InuJGgHWjpV5qctT3dlr5qGMKpiIADhN0Hm5X0vWdgT4T-lMniJl054AECVizfW-DUwZWwSuDfNEwy1zQJ55_9IwnwtikMyoYZ8qRujzOiULbdQL3np8EtRJv56oRXVXNwxHwey3wFZ5sfTZGGoUkR4jkx2s0xS7Fq8mG-RlZZHbAinN4gOI3ON4DW4Rx9BMzxLHh5oR9-8t5KO31AvQHJTW-6tjybruMfcMdKupAT-IfO9vitAluR6UMmfhjO418bPK2pRLFxO0aTET1XIAwzk443adyqwMIVLu",
fe_my_settings_url_travel_purpose_business: "https://secure.booking.com/mysettings.html",
fe_my_settings_url_travel_purpose_leisure: "https://secure.booking.com/mysettings.html",
fe_bbtool_can_see_tool_promos: "1",
fe_bbtool_can_see_tool_promos: "1",
fe_bbtool_blackout_user_company: "",
fe_bbtool_redirect_personal_to_index: 1,
b_reg_user_company_name: "",
b_reg_user_company_name_escaped: "",
b_reg_user_companyjoin_url: "",
b_bbtool_product_page_url: "https://www.booking.com/business.html",
b_is_ie7: "",
b_this_url: "/searchresults.html?dest_id=261060;dest_type=landmark;si=ai%2Cco%2Cci%2Cre%2Cla%2Cdi&",
b_lang_for_url: "en-us",
b_secure_hostname: "https://secure.booking.com",
b_nonsecure_hostname: "https://www.booking.com",
b_query_params_with_lang: ".html",
b_query_params_with_lang_no_ext: "",
b_travel_comm_url_with_lang: "https://community.booking.com/?profile.language=en",
b_query_params_delimiter: "&",
b_reg_user_detail_dashboard_url: "",
b_is_reg_user_city_guide_in_lang_available: "0",
b_aspiring_user_fifth_booking_ufi : "",
b_reg_user_aspiring_data: "",
b_dummy_var_for_trailing_comma: false,
b_ip_country: "",
b_guest_country: "us",
b_agent_is_no_robot: "",
b_page_name : "searchresults",
b_landingpage_theme_type: "",
b_brewards_account_details: "",
b_upcoming_rewards: "",
b_rewards_reminder_is_on: 1,
fe_rewards__game_over: "1",
loyalty_program_rules: "",
loyalty_program_status: "",
loyalty_program_bonus_url: "",
b_brewards_loyalty_program_account_type: "",
b_user_has_mobile_app: "",
b_aid: 304142,
b_label: "gen000nr-10CAQoggJCD2xhbmRtYXJrXzI2MTA2MEgzWARo7AGIAQGYATO4AQXIAQXYAQPoAQH4AQGIAgGoAgG4AtrfkKgGwAIB0gIkOWIzM2E5MTMtNDMwZC00YzZmLTg5Y2ItZmU2OWJjYjc3MDc02AIB4AIB",
fe_show_travel_communities_menu_item: 1,
fe_user_can_see_company_reservations: null,
b_oauth_client_id: "vO1Kblk7xX9tUn2cpZLS",
b_sso_logout_url: "",
b_sso_logout_callback_url: "",
fe_sso_logout_state: "",
fe_blackout_mydashboard: "",
fe_user_menu_aspiring_genius_link: false
},
accounting_config: {"symbol_position":{"RON":"after","CZK":"after","default":"before","PLN":"after"},"html_symbol":{"XPF":"CFP","IDR":"Rp","INR":"Rs.","CZK":"K&#269;","EUR":"&#x20AC;","SGD":"S$","PHP":"&#8369;","PLN":"z&#x0142;","BRL":"R$","ARS":"AR$","USD":"$","CLP":"CL$","ILS":"&#x20AA;","RON":"lei","TRY":"TL","JPY":"&#165;","HKD":"HK$","GBP":"&#163;"},"decimal_separator":{"default":"."},"currency_separator":{"USD":"","default":"&nbsp;","JPY":"","GBP":""},"num_decimals":{"PYG":0,"COP":0,"ISK":0,"OMR":3,"IQD":3,"KWD":3,"RWF":0,"CLP":0,"KRW":0,"HUF":0,"JOD":3,"XOF":0,"MZM":0,"DJF":0,"BHD":3,"BYR":0,"UGX":0,"JPY":0,"VND":0,"ECS":0,"RUB":0,"TWD":0,"GNF":0,"MGA":0,"VUV":0,"KMF":0,"AFA":0,"XPF":0,"IDR":0,"TMM":0,"TND":3,"LYD":3,"XAF":0,"TJR":0,"BIF":0,"default":2,"LAK":0},"group_separator":{"default":","}},
distance_config: "imperial_us",
is_user_from_us: 1,
is_listview_page: true,
b_this_weekend_checkin: "",
b_this_weekend_checkout: "",
b_next_weekend_checkin: "",
b_next_weekend_checkout: "",
b_official_continent: "",
b_deals_continents : "",
tpi_sr_squeaks: {
price_display_us: [
[
'cCcCcCFBaILQLbcZTTEZYUbBaPPYEIUVNKe',
'cCcCcCFBaILQLbcZTTEZYUbBbMeeBXO',
'cCcCcCFBaILQLbcZTTEZYUbBaHAYfcC'
],
[
'cCcCcCFBaILQLbcZTTEZYUbfaPPYEIUVNKe',
'cCcCcCFBaILQLbcZTTEZYUbfbMeeBXO',
'cCcCcCFBaILQLbcZTTEZYUbfaHAYfcC'
]
]
},
fe_feature_running_TPI_TEST_SR_PP_GLOBAL_SWITCH: 1,
b_messenger_url: '',
b_open_messenger: false,
b_is_asian_user: '',
b_days_to_checkin: '',
b_extra_ajax_headers: {},
et_debug_level: '0',
notification_squeaks: {
},
fe_is_cname_cobrand_header_available: '',
wl_squeak: {
open_wishlist_from_sr: 'ZQafLebbMTSWYO',
create_wishlist_from_sr: 'bYDXYFdKMDNdEPUUORe',
},
genius_vip_squeaks: {
gnsSpun_bannerView_sr: 'TDXRPCTOYESVCMIWIOQHFRYTKe',
gnsSpun_bannerCtaClick_sr: 'TDXRPCTOYESVCMIWIAHIcaWGNPZSCHT',
gnsSpun_bannerDismiss_sr: 'TDXRPCTOYESVCMIJeBObVIScORe',
gnsSpun_modalView_sr: 'TDXRPCTOYESEIEYXWCcYbaBORe',
gnsSpun_modalCtaClick_sr: 'TDXRPCTOYESEIEYXWIYKdVaQBYNZWYO',
gnsInsCrd_bannerView_sr: 'TDXRPVRBKKJVbFPbVCMIWIOQHFRYTKe',
gnsInsCrd_bannerCtaClick_sr: 'TDXRPVRBKKJVbFPbVCMIWIAHIcaWGNPZSCHT',
gnsInsCrd_bannerDismiss_sr: 'TDXRPVRBKKJVbFPbVCMIJeBObVIScORe',
gnsInsCrd_modalView_sr: 'TDXRPVRBKKJVbFPbEIEYXWCcYbaBORe',
gnsInsCrd_modalCtaClick_sr: 'TDXRPVRBKKJVbFPbEIEYXWIYKdVaQBYNZWYO',
gnsBkun_bannerView_sr: 'TDXRPVReBZAPXPRLaWNBALOCHT',
gnsBkun_bannerCtaClick_sr: 'TDXRPVReBZAPXPRLaWBXFJVGSBBNHUC',
gnsBkun_bannerDismiss_sr: 'TDXRPVReBZAPXPRLSZWcPXQUWYO',
gnsBkun_modalView_sr: 'TDXRPVReBZAZXDOXVaUSIcCWYO',
gnsBkun_modalCtaClick_sr: 'TDXRPVReBZAZXDOXVaSXbfIAbSOBYTKe',
gnsInsDisc_bannerView_sr: 'TDXRPVRBKKQUYBFLLREHGVaUSIcCWYO',
gnsInsDisc_bannerCtaClick_sr: 'TDXRPVRBKKQUYBFLLREHGVaSXbfIAbSOBYTKe',
gnsInsDisc_bannerDismiss_sr: 'TDXRPVRBKKQUYBFLLREHGbNHNERGeaUC',
gnsc_banner_view_from_sr: 'TDXRcJJKDKGbADNYTKe',
gnsc_banner_cta_click_from_sr: 'TDXRcJJKDKGdBfdJTSWYO',
gnsc_banner_dismiss_from_sr: 'TDXRcJJKDKGAYRGefUUORe',
gnsi_banner_view_from_sr: 'TDXReAJKDKGbADNYTKe',
gnsi_banner_cta_click_from_sr: 'TDXReAJKDKGdBfdJTSWYO',
gnsi_banner_dismiss_from_sr: 'TDXReAJKDKGAYRGefUUORe',
gnsOnbe_modalView_sr: 'TDXRPCTDfELZXDOXVaUSIcCWYO',
gnsOnbe_modalCtaClick_sr: 'TDXRPCTDfELZXDOXVaSXbfIAbSOBYTKe',
},
map_open_sr_hp_squeaks: {
mapOpenInSearchResultsOrHotelPage: 'YdXfTQdcLDWNXFBYT',
},
trip_types_squeaks : {
ski_sr_d_map_no_lift_markers:'cJaUWbTQCMVCDODXPdRe',
beach_sr_d_map_no_beach_markers:'YWYHaUWbTQCMYWYHfREFHT',
beach_sr_d_map_no_beaches_nearby:'YWYHaUWbTQCMYWYHAbASKFWe',
beach_sr_d_panel_response_error:'YWYHaUWbIXcYQFNSebRaTMDLfOFHe',
beach_sr_d_async_scripts_failed:'YWYHaUWbCFeZIJDeJYQTfPIEaFXPGO',
ski_sr_d_panel_response_error:'cJaUWbIXcYQFNSebRaTMDLfOFHe',
dummyvar:false
},
insurance_squeaks : {
mfe_ready: 'fFaMLVBGVPLXNWSLT',
quote_reference_received: 'fFaMLAeUVKZMRKIOfFRJXZMHbAae',
insurance_received: 'fFaMLVDERdafXdDEAJLT'
},
trackExperiment : function () {},
"error" : {}
},
ensureNamespaceExists: function (namespaceString) {
if (!booking[namespaceString]) {
booking[namespaceString] = {};
}
}, hotel: {}, experiments: {}, startup: {}, experiments_load: {}, startup_load: {}, promotions: {}, timestamp: new Date()};
function Tip() {};
(function (scope) {
booking.env.b_sb_autocomplete_predictions_url = '/autocomplete_csrf';
booking.env.b_sb_autocomplete_predictions_method = 'GET';
booking.env.b_sb_googleplaces_carrier_url = 'https://carrier.booking.com/google/places/webautocompletesimple';
booking.env.b_sb_googleplaces_carrier_method = 'POST';
var params = scope.search_autocomplete_params = {};
params.v = '1';
params.lang = 'en-us';
params.sid = '90259e8437c6096c4ee27fece820d9ea';
params.aid = '304142';
params.pid = '7c9c48ada4eb027a';
params.stype = '1';
params.src = 'searchresults';
params.eb = '0';
params.e_obj_labels = '1';
params.context_dest_type = 'city';
params.context_dest_id = '';
params.e_tclm = 1;
params.add_themes = '1';
params.themes_match_start = '1';
params.include_synonyms = '1';
}(window.autocomplete_vars || booking.env));
</script>
<script nonce="Y346mIyU7Ic0W43">var _gaq = _gaq || [];</script>
<!--[if IE]> <script nonce="Y346mIyU7Ic0W43"> document.createElement('time'); </script> <![endif]-->
<script nonce="Y346mIyU7Ic0W43">
booking.jset = {"f":{"TDXDPZDcVDFXBeVYHeaABTVZMYCdKNKNKWe":1,"AdZZdRdJceOAbWTEQAOFUIEFGWe":2,"TeCOeJPLccGSOROQSaWeVPBQeLT":1,"aaOCZFIMNRXQEFGQUSMOTaWYdcAKWLQLANUYKe":2,"YQKSXPTLKGBfSOEYfDeZNMLTKe":1,"BCVPeUIeLLWbTUTZCWTYKe":1,"HWAFYNFIYJKOFKe":1,"HMbdfOYFfdXUDPBSBOFO":1,"eWHMcCcCcCDSDVLHANDedLNNQecOfVQUcCAFC":1,"aaOCZDSSYZTNReKaKHeFUHDJbZJae":3,"TeCOeJPQWMMBTTBWWSccYAHYcGfHAFGSPRLRMLFSWe":1,"BHDTJdReQHUYPUAdQMWXZSPDECBKe":1,"HWAFYYNcJC":1,"eDTANZCLVXcfSJbQFdMdbDcHDQITFSYYBae":1,"HWAFYTbVDPBSEKXO":1,"PcVJZTOeTFVHPPYQKZabbUSUTIZQXbLVWCOOFPdaDHWFZDNLOLOLMO":1,"HMbBXafdZeNTTSbWNWe":1,"OaaKQZZMcTcaWQOcZbFHZRTYC":1,"YWYHfUDeATPRXUBO":2,"eWHMHMbMFJQPYVQOCaGGTUSGbHXe":1,"OaaKLXcCHHRHaNALMHWadMbHAcLRaO":1,"NVNZYeJeVYZXDMUBdAURAfPVT":1,"NAFQVUNOdOKBBIUJLMJLBWHcPTceMbVZEHe":1,"INLGPZPfECIAEKKUHAbECHTeYT":1,"AEJPECVVDWCPBfIHSHFTAcET":1,"cCHObdRdJJXRDVMDTEHAFPRJdUDEYIbaTaTaET":1,"OaaKQZZMcTcYNaXTbEdHOUfBOVXXe":1,"HWAFYBfPDBdRWMPNSICDdDSdVLT":1,"NAFQVUNOdOKBBIUJLMJGOGHaZFTeeLFXGDNYcKYO":1,"PUTVdBaUEIQWCHeLIZQTZOUdTWPHDDWe":1,"HCLeAeMUbZFVIQHNVCOBYPQBTbedcbOWSUISRe":1,"NVFVcfTbdNNSYHXTOJDNFIaUJdDBKFRURURHe":1,"YTBTRYPOHBdEPUUTDUAAdLOSbZHaO":2,"YTBUIHOdEaJPGAAQecGKSGOAIEHT":1,"eWfbWNZFXFBcEeYTBNZfAC":1,"dLcXJeITPMOfIWe":1,"OMZCBKeJfFdHMAZTfTLKGBfC":1,"bQbYWXFZEVWKMTUBVXaCNFOOIBTBFO":2,"NAREFcCcCcCFcFFWECHTeUVIZdRRT":1,"NVNZWUHVSeAcfeJWGaRBQBXRAXZZXIVXSKTNC":1,"HWAFYecGbRbVSWbIeZYO":1,"INQHUNRAZUffECIAEKKUHAbINOffNcUUZabSXT":1,"NAREDMDRSLQKQYENJePBdEeZONZXPKbSJUAFET":1,"aXTfHAEDCDWOOWbWOOFIEaFdOUZMBOHRXUbZFLMZGHCTRdIGZHT":1,"HMbAURAfPMEPSUNCMJbcHCGWVUNZdeLEcaDfecYTET":1,"OMEIZEHbaTaTaBdJdHPHFAUADHSdVXSAC":1,"OTfdASFXOVAUVSZYdFfGEXGO":1,"cLdOKVFJFJcGaNVKMNCSJTeCOMKGWe":1,"aaMLFHSWedNTUQODPMPSXWe":1,"bLdLOLOLOINUKVacWXT":1,"eWfbUTPIFbNXGDJEHJfNYTFIYREHGWXdIZDFC":1,"HWAFYbIeIPNQBDUMAPNZfAC":1,"eEBZFJZeOQZGfeAQJTZdbfZFXAWDOCTKe":1,"eDTANZIICNAAREaQRVOZXQEBJGdYO":1,"NNZVPXPLKNdQZfFZHDUFYQFMTfcQQCNBaFO":1,"adUAVYCdFNLBdLEccZHEHFDcHOReeYaAFZKXe":1,"BCIKSTPFeZKUIRSNWXFZEVC":1,"INLYMdbPDGYUJIVO":1,"BCEQAeMZeEOHGZGbDYBZeEGGNPbaae":1,"ODRdHUNZWODDRYGPCJKDKGNET":1,"HUJSESQUPMcPXPRQAURAfPMcCcCcCC":1,"IZVBETWRGEAJbVZTUPUOeMO":1,"eEBZFJZeOQPCbaTCMDedeFfeYDdLKFTEaXCfAMO":1,"IZVGPRFfEFKYOeeOZbNFbKHDHT":1,"ZHCDCaGbXDWPPYcGCHOfTDOCROMYWe":1,"BCdGNQbHVEZYeNbNEIIYIEbC":1,"IZVGHeCXLHbVFfFeNDYTUET":1,"NNSCZWXFGdVacDdMUNPYSbSCZC":1,"YRdUWRSAGWVCMIQZZFfJKDKe":1,"TfNZeFOBcQYIMdUKfbJWUIFebdaROKe":1,"AdPcRXUWLdTWeDfBAKTRe":1,"NAREFEJKaEcZGccARTKeeHRbdFIKe":1,"cCHObVZMYCECVVDJIGdYeNCFWXFZEVC":1,"cJaUFIMNSeCXYHMNfUUcJaXJVT":1,"ZHCDCaGbXDWPPNeJfebBGSEbdETfHFBOLO":1,"YTBYNJXCcTFDERXC":1,"dLYHMRFeRQePeEBARCLFNZfKXe":1,"OJVZABYfQPNTDEDRcQFRURURHe":1,"OOIBTBBLXOLDEZRdZbVeUPXKECHTeYT":1,"HWAFYEETfYPadRWSEUNPLHJdFO":1,"AdRYZDEfVCfLPJCQfC":1,"aXTbSFHMHHVbReIYaaTLbFFceHEVJZdLHNLLWXFZEVC":1,"BKeWIEcYTBHaZFbQaSINbEYULaIORe":1,"IZVBEJTVFbXUCeeDNQUZARYfYO":1,"NVNZWUaMZXRURNeJMBYGaePTWEUVVOHT":1,"ZOOKTfGCbLFcDUMAPYTcHVPHVFCcVTcVAWaWe":1,"NAZSNMKQKDJIHRXMJGBcNBRUDKe":1,"NVNZYeJOHSFAFfffPHZeKGNVFKaOLYANAadcHe":1,"HWAFYEETfYPadLCcAWTWMRPBMO":1,"aWQOcYTBYRYNZQdOFfQdIKGPAMXT":1,"AEUaYPZPXdMOfHYKPJUcdWCZAKfKdCHT":1,"eDUdGVHMLMBafJDIKdFHaO":1,"PPXGFRURURYTfeMcHBcGcIJKae":1,"TDUCDBOSEbWcXAcDTdUEcZIeZMC":1,"cCHObIVIADIBNGSdONbCNLOLOLOBFO":1,"aWQOcYTBbJfEDVacDdQeRHfAOZEVaNdCYO":1,"aXTfHAEDISIBTVZMYCEbWccPcNPMAOebQAC":2,"ZcSIcceNSeONWHJNbPMYRedfPIO":1,"eRYPHEDNPbVUXRBcXAUAQYT":1,"bQGBVIZdRJEUXPNMPdGIHYKAaaXe":1,"cJUJSBbSfURSSZRO":1,"IZVGPRFfEDdeZOHeYHe":1,"ODRdHUNZWODDRYGPCJKDKaT":1,"YTBHMGLLZBbKeHAcCOSPJTRHe":1,"YdXfTQNdeAWNTUMKHSYeGIGWRBQZXRT":1,"IZVTWRGEAFcFPIWDDJeVGTZVNWe":1,"OMeRQDSFXZNdMeOXbbFJFUWcaHEdQbUC":1,"aDMWRfDSdWUUHfLebbMPAFFLKZLXJOfAdIUFZZcO":1,"YdXfdKNKNKHUFVTELZWDTPMKSGTFBRe":1,"aWQOcYTBfFdHMePCefAEREHGSXVVQaWe":1,"ELSXPeJIPQJQVVdNZCALPFZHJKDKGZMO":1,"OMePCefAERXWeDfBAKae":2,"BIUJLMFQTXWDTRKecNfdRTKeeZSAGbSBOAIEHT":1,"cJUJDRSLQKLccGSOFSKe":1,"cQSXZaTaTaBfFdHMcQYIMdUaMEAbSAccTXYaC":1,"HMbBbOUOOJVfJFYNSOHXdRT":1,"ODRdHUYUBBCWbVBaMEAKe":1,"YdXfdKNKNKZNTbJRXFNMKdSQbFfdOKVSBbQbC":1,"HMbECYBZSBVKbXJbebZGRGEMEaXGbRbBOFO":1,"NAFLeOeJYTBeDUfWZJEbOMFcUNbLWZHOaO":1,"HWAFNeCTZGWJSJPaXfIbOYRLCFC":1,"aWQOcTEYDMYEPHeOZTZdDC":1,"BKATYFRURURYVcTQQDAdELHaO":1,"HMbCXJLbBBcPfSGXAFUTUeedHUHe":1,"ZdLNKZadWIRcNHTIHRXMJGET":1,"cCHObIPPQFFTaNFbNXGDJEBBVYYT":1,"OMTVBENYScXQOVZDOLbFZVGAZKe":1,"NAFLSRfdQBTFNRaJNVTUNfFHe":1,"UETTJbZWMZfPAJOBGDIcEbCGHfUNLJWe":1,"cCcCcCFRZIAKLRQaDHOeWWbedQDIVXO":1,"HMbMdIXdfdTRVKaMUPTLKGBfSCZC":1,"INFddKNKNKPfECIAEZKebJARGWe":2,"bQGBAWQNAcQaPUPcDORMTfLT":1,"eDSdUaSdFaLbFSMWdTXJbFbRILT":2,"NAFLfOdASUTbJFSEOUWDKe":1,"AdZZBOSdQPIMLHFAUADWe":1,"HWAFNRTKeeWe":1,"HWAFYTacWCcAeCQeJPVNLIGBSQHe":1,"AdREFHZUfFfFcYRQKe":1,"TUSGGWMPAZSEQPDcYWEDPeaHRbdFIbUdYSSae":1,"HCZANHDdLYBNPLbbHVJNSZWbECVVDC":1,"YdXfBYbWDbQMdEWGPOAcET":1,"fXGWECYJeVYSWeUKXYPMC":1,"HWAFYDEZRdJfdHdFeNfRDHT":1,"dDfPJNCFGfGfZbCEWZeEHJddEPXeC":1,"ELSXPeJIPLJPMZWLBebbAPLZDdDC":1,"HWAFYEEJWcRXZXe":1,"HMbTYWeLJFBBaMEATfedGbUZWNWe":1,"IZVTWRGddAbDZdbEWaPPPTJAONJBHe":1,"GfHOUbeKKZaaNRfBaFKbdKCFKVAFUJC":1,"cCHObOOYKYYaDcOdJeaILYDCDWOOC":1,"OAZOXPKSXZAGaaeUbDDJRWLXT":1,"HWAFYDEZREXOeFaQae":1,"KHYbYKCUUDNYSKDZSdSUWDaWeVZWNeHO":2,"aWQOcYTBXXQDZBMLaUC":1,"ZcSIcceNDSJVGGZYfPXPRLO":1,"GCSXHHVQIZDFJNLcOdHFOUJPNSIJNGEfZXXddOERe":1,"aWQOcabcRFYTBAZNdAYfIMOHDDZVSGHNAFSUCKXe":1,"HVPZdZGIGPefQPTdLBHJPCePWdJNQBUC":1,"aWQOcYTBbJfEDEIEYIcSTKe":1,"eEBZFJZeOQPPHFBddQSMaRKXBYCXbBHYBUcRe":1,"OMIZdFSUCKVBVYYdJTAcHe":1,"UaDEQSTWeIRdTSEOUWDbXLLXNWSLT":1,"NAREFcCcCcCDSJRNfbXUCeeWXFZEVC":1,"AEUaYPZZGbBXafdcaNYCLUWCPFDUC":1,"AEUaYPZZGbdUJFFSfLXT":1,"cJUJDRSLQKQScVIQHNMbZfFSfDGYUC":1,"HWAFNeOYJXAadKfXdfdTSfCSRBRT":1,"YdXfMTXEUDdHcXJEBSRVfBJZVcRO":1,"YdXfdKNKNKHUFKYOeeTQIPPSfDcdEWe":1,"HWAFNeOYDadJJYJO":1,"fefSCOJZfIZZRAbOOLVBHVaMEAKe":1,"IZENYPERAMDBcPOeFYeMOKe":1,"HWLMYCBYabdSOBNSJScFHRe":1,"HBOAIEcADDbdEPQBTKe":1,"fefSKeEFVFKOUYLQWXXdVLYLDcDaHYYfPHe":1,"aWQOcYTBfBZVNLbMBYGUXe":1,"OMHMbMPMZbFDSFSefWcHSWedNTUQODZSXT":1,"EGTUSGbIXRRBeaLdFMO":1,"YTcEJKaEcGdNOOEPFWJVcTC":1,"AZTaHZeDUHYaXFZPeZYUbQWe":1,"cCHObVZMYCAFFQZcNKNMC":2,"YCObQGWUJXDBWZPOeVSTEYT":1,"aaAJYBARWSECRAOAcEUC":1,"OOIBTCeMJYGIHRbdFIKe":1,"HWAFNeOYJIJUcO":1,"GCNJFZdOaBZCSZYXMPXMRUMVMXT":1,"AdZZBOSdQZEdHOUbIVFGWfdTUC":1,"cCEaLMWCJCCLOHVZBYWbMC":1,"BIUJLMWSUIQHeSAdCMdIXdfdTJTRNRfTUKe":1,"aXbSbcYWYHfAJYWYHacCbcMLaC":1,"IZTYBKFeaSLAZWAcJXZMbSFBO":1,"HMbVAbHT":1,"aXbISHcAaZEYbJeDIBLGafAPeHT":1,"OOGbIFBUMEfTQJNDYBFKYOeeIKdFHaO":1,"aXTbSFYTBHMHHVbReIYGYfPNPcRXJdDBKSaTfRe":1,"HWAFYDEZREPVIRPQJbSYT":1,"NAREFBCdEcXUFcNQFBNLJHYYfPHe":1,"eEBZFJZeOQPTJAAVceVbYANZTRbAOdZWfCUUC":2,"aWQOcYRYNPNDJdQJEcTeKHMeTC":1,"ODREGZUTPOOOCaJebTZWKNUMEfTRe":1,"ZOOYDLXAdcCcdOOdDC":1,"eWfaQFNYKdadNOODCLaAFZKXe":2,"bQGBbQGWFBaaeHGZOTPceYWDFRSGQCBYKe":1,"AdPcRXUSdEDeZVZMYCVXXe":2,"YNaXTbIVFGWfdTDPdJaEHOaT":1,"PPXGFRURURNFZFSOHeHQITC":1,"aXbSGNVXNRbDdJTLaKdLOLOLMO":1,"OTfdASFYTSUaRQMeBYaebCNZeOBO":1,"ZOOCfXVQEEMMcQeaREPYFMZZCLVXHT":1,"bQGBNPBFDHOIVBAQbHGAXJNbMSXe":1,"dDfPSBAcfLHNVaIDfRJLYfZYaO":1,"IZVSFVBPScWUWDdeEaQDKWe":1,"HMbICWVZEdOeecbXAbWNWe":1,"HMbKbHGeaQFNHfBQEQJBbeNBOFO":2,"AfPcCWbCNETAEVcTQQDXKFKe":1,"HVUBYBBVYUADDbdEcLcDNOLVYZET":2,"YNaXTbXdUFDVXVRIYLT":1,"HMbdcLFCeRbLMTMZUJBaKFBVKQPGO":1,"ZOBJZGDYeUaHBXLMSPRSQcfOEbMUO":1,"cCcCcCFZdOaBdSTNJKSCYSeHT":1,"NVNZYeJBIUJLMSCZFXLBKYO":1,"HWAFYJPASVZKHSYeGXT":1,"cCcCcCDPCDEOIWWTNUSIZIBLGTVYXO":2,"TDOOMUcCaaVRRbTXO":1,"IZVBEJTVFfFeNDYTUET":1,"IZbREZVPTLKGBfROQFJDDZCbMOVT":1,"BHDTJdReQHUYYOLEaMNSUC":1,"HMbKAcQJFYDTeCFEDYcaMEAbWNWe":2,"dLcXJeITPMObdTYMIfJaAKDKe":1,"TfNZeFcCDcTBeNJaSGadHNOLUNeZOSBZTNCMC":1,"ODREZfefTLKGBfFKJBKWUOfAYULMZZCGVKe":1,"HWAFNeOYJMDIfXILMSBSRe":1,"NVNZWUBIUJLMWGaRBQBXRAXZZOAGROXSZFNYDRUWJCVXGUaXEHT":1,"BKATYFRURURYVcTQQDAdBGXIZRe":1,"adUAVYCdFNLGfFWFKYOeeIKdFHaO":1,"NAFLeOeJOMOLJKFQVWFQUEJDXO":1,"bLEZfZLFZbZQXSFPbODAKC":2,"ZdZaYPZZGbMQfIOeZFNZRO":1,"aaMLFYEcNfDbAHLSGJO":1,"HWAFNeOYFWUJNVPNSXKFKe":1,"AEUaYPZZTLbeTQHFHDQISPJXcEBC":1,"NAFLfOdASUTbWTHNODZUBGScSUHHVPZC":1,"BPHAUbOJNOBYBdYQaWe":1,"HMbVXSAWXaUJIQNBOFO":1,"BIUJLMWSUIQHeSAdCMdIXdfdTJTRHe":2,"INLGPZPFBWDECQdHZVaAbHJGOGVTCGVTKe":1,"GfCDATBbLJbWRWEdTTcO":1,"IZVTWRGVXVNVYYSPIDUPOET":1,"bdZSAccTXYaWHFXedFIaQYaC":1,"TeCOeJPLKXGKSFZbGXPabSWUHbC":1,"bdPBQGObQPZPUOOIBBO":1,"HMbVacDNVAbcYTET":1,"dLYHMRFeRLLCBLTYSDSAVLQWFKe":1,"ZdZaYPZPBQJbLbOMFcZLWZHOfAURAfPVT":1,"AEAFSXZCTPVVGcHCbXfXe":1,"HMbBONPbaNYVXbdYeNeUZWNWe":1,"NDAFUTUeVPeUIeLREHGJBYLXASKe":1,"HWAFYDHIWDfSMBBMPIOWEbYfLVT":1,"YdXfMPXYHYYfPYPNLINBddeAWNIPPQFFECAFC":1,"HVPZELWbMVZALOCXSWOGdWYRJJNAPLRRJLT":1,"YTTHbXeeAeJINUFJUAcWMHTcfaNKe":1,"NAFLfOdASUTbFIMNFedZUDcJPae":1,"OAZOXHHHXFZPeZeNSVMPYWbHRTcOOIBBO":1,"HWAFYWEbCbcEJKaEcfaNKe":1,"OAZOXHHHXFZPeZeNSVMPYWbHRTHT":1,"aXbSbcBOXBYWYHbIODIVVO":1,"IZbREZVPTLKGBfWJSJcYaQWEYcZGO":1,"bQbYWXFZEVWKMTUBVXaCNFNADZWNWe":2,"dLcXJeITPVNeJMBYNaaSRe":1,"cCHObOTdRdJceHVREHGUWXFZEVFRURURHe":1,"bdHFBddQWRHZGSNdDSCZC":1,"UETTJbZWMZfPMPSXPSePAVaRKZVVLT":1,"eWfIFVNRXMFDFaT":1,"febdSAYYBXYFPEOcNSZBeLPZaTaTaET":1,"eWHMYTBbdbDNWeIALeUINCIHRJDDXIHERdaKe":1,"HBOAIEcGcEJDXO":1,"IZbREZVPTLKGBfWPBZOC":1,"NAFQQAFJZeOQZREKdZCFXSTHO":1,"aXTfHAEDBOSBGPfBKWOVZMYIO":1,"fefSKeESfBKQKAVULcMePKXGGFcCcCcCC":1,"PUTKdFfUYQNUTEYDVZVCGIcCcCcCC":1,"PUTKdFfUYQNUTEYDVZVCGIOOIBBO":1,"eDSdUfZPUMVBFUZCHQfBSdJRe":1,"fEOMbQbeHBcNADZWeAXBQTdPIZSUbEWOTYVOBOFO":1,"eEBZFJZeOQPbbFCeaPLLedRJcaT":1,"eDSdUbKHRJRSMDIWLdTNPBNOcXRBZUPGCFJVHWENRe":1,"cCHObVZMYCECVVDJYMNHFRURURHe":1,"TeCOeJPQRWSEXcBdHSPFRJeZMdQdFJO":1,"OQHUYGNdMGDZHXJbNXGDJae":1,"NAREFBCCUFFWeARfDRaRTCKWae":1,"OMHMbEdeAFSVAaT":1,"HCZANHDdLYBYeUINCdWbYdJBTaJBeTC":1,"NVNZYeJMeHGWORTeCISUZXDMUBdBJbXLIBVNLT":1,"cQZJALOdeEEBFfZLMYWbMRAOAcEUFRURURHe":1,"HWAFNJfJCQfUJeaILYJO":1,"eWHMHMbMFJQPYdNHWKAfPIdOHcIJDeQcJUXO":1,"fTHYPMPSXHSdNBJIREVC":2,"OMeRQWNAdBRUDaXdRT":1,"eRYZBQEKBeWecNfEDYOTDEIbeRT":1,"NVFVcfTbdNNJTOFaQEZYVNFJIeaUFRURURHe":1,"bQKPWLVRbYTVMeOJaVPbJNWWeHT":1,"UETTJbZWMZfPAJbWdALLbJeJHINeCeQcJWe":1,"HWAFNFCSDWQcaNYCLJBTcZJQcSBLfPDHCOLcO":1,"aXbSbcOQPCPRWXdBGZXeNLOLOLMO":2,"ZdZbaBBUcJPQGaWeUNSBYKe":1,"HWAFNeOYDeffBKdFDPBIFMZcO":1,"cCHObVXAZQNBdIcUKVQZSHVWTHYGZaTaTaET":1,"NAFQCJWZUaeZeZFZVBXBHYQeYWe":1,"eRYPHEPEKZINUFIdJGDC":1,"PPXGFRURURYNNZWdZBSeLT":1,"TZUfIICNXKeNJbeFNHC":1,"aWQOcYTBAZWEHGIfUYQZACYO":1,"INFdBOSEOCMHMZOXeHO":1,"ODREGZUTPOOOCaJebTZWKNUMEJXO":1,"HWAFNWTCUZceNGTOFceHEVDVRGCMC":2,"HMbEbWcBBeIaZZWIOIeMEfdWVMcOcYTET":1,"OOIBTBBLXOLDEZRdZbVeUPXKXKFKe":1,"aXTbSFHMHHVbReINWXXdVLNUUJYO":1,"INQHUNPIFddfLLFKWIFdCVaSPXe":1,"OMIZEPQBaFBddQJXDbYXaRIYAC":1,"aXbSGcSZJODXQEaKdLOLOLMO":1,"cCHObdRdJSYeJeDfbXJBZbcMaMEAKe":1,"TDXDPZWORTeCISUPYJObaTaTaET":1,"bQGBZabQEPFQFcdFBOOIBBO":1,"cCHObBYQfBNSWTDIPPQFFcSaXYRGMcCcCcCC":1,"BHDTJdReLGPRbdDXBWBKIeZYUVLcbdYICC":1,"aXbSbcOQQVWXdBGZXeNLOLOLMO":2,"HWAFNeOYFLDUaeVbaO":1,"aWQOcYTBOTfdASFbLYUbQHYYfPHe":1,"TfNZeFOBbNXGDJECUWOdMWe":1,"HWAFYBfPDBdLEDHIWDbAGaaeRfYO":2,"TeCOeJTJXUFNIYVSGeZKAAXDWRe":1,"INQHUYZIEPfLEZXZEcSaERMJDWXVXeRe":1,"aXbSbcBUYWYHaRMSAdRTUOOIBBO":1,"IZBTdFPfBKSAELSXZMdLdRMNURe":1,"HWAFYbIeIPNQBDVRGCMWebQGNQREdXJO":2,"HWAFYLJVWKGdUVYDGDZHbWHccHe":1,"eEBZFJZeOQPTJAAdbGIeFfMcCIXVKZYZAZSGaDfeHT":1,"HMbVZNOSPDTLLFSHAMCMVXAAHASCZC":1,"aWQOcYTBbJfEDVacDdQeRHfINFPIWBHT":1,"YdXfTQNdeAWNTUMKPRbdJNabIKdFHaO":1,"ZdZbaBBUcJZKCBHXGFbAGebDCSLSEQFZfC":2,"cQDJGPHAZaSdVXSADcTBZLO":1,"NVSGZadWIRcYbEfcWbQTZOUdTC":1,"TeCOeJcIXEQRbCACaWNLMBUIPbVaKbNVCMIQZfAC":1,"NVNZWUHVNdQeRHfILWXNGYPFQFcEYYUNZdeLEHT":2,"NAZZAMUWVcJNZGCOeFKefZdJZZHCdEREHGUC":1,"IZEZVPKBZTJVPfOXSdXMDDBARGRT":1,"VKGcCcCcCFEeNdDYBRXZXe":1,"NAFYYANAadTXaQAeEEMVbEICC":1,"aCTPCDCcVIPfLSHeQRfWPbISXWae":1,"OOGbIFBUdWKZGddfdLYVRT":1,"HOdIICNBUPFDUWBZcZbeKRJbJfEJO":1,"febdSAYYBXYFPEOcNSZBeLPHYYfPHe":1,"ZdZbaBBUVOIPBdGdfUFbWHC":1,"bQGBTFJNGLTLBGVPLDFCWPaDMC":1,"HMGLLYANAadMKZLIOGdCXOEKe":1,"aXbSGcSZJODXQEaKEBBVYYT":1,"eDSdUfbbdTYMIaDFcIAC":1,"YTBaXEbQFPIEEBBcFPIWRQYAPHe":1,"dDfPDBEYdOeRSaQfaHMVHSGFO":1,"ODRESHIfDWQIOLTLAPYcFZfHbJGbEHe":1,"IZbREZVPTLKGBfWKcBcaMEAaYWe":1,"OMNQEDOeAFaITUZTZCCQJET":1,"AdHUNFSUCKAQBFMeRT":1,"OMTVBENNQASXVVFNVBUKcTaWYZfefYSbC":1,"dLcXJeITPMObDQKIUDVRGCMC":1,"HBAERdOPRaffXJHSWedNDeQfFRWe":1,"PPXGSCZDDJLHFDIHcFITC":1,"aWQOcdLYHMRFeRQLOLOLOdQeRHfOPRALT":1,"cCEaLMDdMHfOJZVRPRBLfPdRT":1,"fefPGLKHAUNSTALYVJOUeUNfdUVZBbLBZC":1,"BIUJLMJVfNabBUUCIJDWHWOEXKQLNJC":1,"HWAFYAOEIEYXT":1,"TeCOeJYWbMDbfGYUHCcGHDALWbSaeFIJXcJceCTAWDKe":2,"VVOcNNDdONBBLXOQFMYCeVSCJXXT":1,"ZcSIcceNJMFcOeQNUPGUfJKDKaT":1,"PWBJMeHGSMeSNafXPRQVGNfMRCaVeKe":1,"HVUBYHDWNZGSRaPSZeDUHYbVSKHRbdFIKe":1,"AdZZBOSMPMaWQMAWTWEYT":1,"eDEMfSJbQJQRXZVUbQPBHHUHaO":1,"adUAVYCdIcPWWWeTabZNHC":2,"OOIBTBBLXOLWCGEfJcfNWOCeMJYGIWe":1,"PcVDPAAOCROKbCQBdSeSdUOeHAPXMBEALOLOLOOcMXT":1,"BHDTJdReQHUYYOLEaMYYXO":1,"HVUBYHDWNPMPSXPJJASECdUWBZEWaSEO":1,"febdSAYYBXYFPEOcYRISUaPZdMcCcCcCC":1,"OMHMbEdeVZVPKGC":1,"cCHObTYWeLJFaMEAaYLfDbaTaTaET":1,"IZVGHeCXLJTVFfFeNDYTUET":1,"VVOcTWYWZSVbaBZUHZJFaNcCXKFKe":1,"cQYIMdUYWEIFPBNQKAEYTKe":1,"OMeRQFCFeaRXUbZFLMZGHCTRdIeMeOXbbFJFC":1,"OLQQRTWfBNQKSQPCcCbPdBVGWe":1,"HWAFYTbVYOXKFKe":1,"bQGBHaZFTUbERVedSPDLfOFYBBVYYT":1,"cCHObVXAZQNBdIcUKVQZSHVWTHYGHYYfPHe":1,"IZVWCGTLDEZREATZdSGWUC":1,"NAFLfOdASUTbWXGdAecLUTdWNAIKGPAMIGDZHXRT":1,"HMeCJHAIDZVBNZfAAEZWSQZTcO":1,"HWAFNeOYFNbUPANNBUDLC":1,"ZCOBeITPBRWe":1,"eDTANZVVMMeHGDWLfEZfJfQfPIdOWe":1,"OTfdASFAdJYcDHBdJUKeYEGWe":1,"HBOMHJSORBYedLTebfcUO":2,"adUTWALdFSUCKVbceVPWXdAOVAZdYINGaVC":1,"TZUfdKNKNKHbCZIVScZOECQdHZVBEGNcXaO":1,"ABVYUYQJJYCBTWPHVNDZEdHOUfJJO":1,"febdSAYUPHBAAKdLOLOLMO":1,"bQKPRCBQAUaSJQRCMPaFTPTYUAJaASPYKe":1,"NAFLSRaRRefdQBTFNRaJNVTUNfFHe":1,"IZESaZEYZDEbeNBZXTQeFXUFcNQSYSBNaKe":1,"BIUJLMJXdDXFJZbUBVfJDFQWIXADOFRbQPRe":1,"HWAFYYNQBWFKe":1,"OOIBTVXOCZBKeJaDCCDFQFaLdPeGYO":1,"aWQOcYTBcJTPEIFDaHRGFffRC":1,"NQEDMVZALOdEfcFbC":2,"PcJJSJIRADMPIGUO":1,"aXTbSFYTBHMHHVbReIYBBVYUbFDaZDYaAFZKXe":1,"NAFQCJWZUbGSRaPSZXeCFNZWOEXKQLNJC":1,"cCHObECVVDWPHDDPRbdDKVZNMPHVC":1,"BCVRAAOHBdQAUFZbSae":1,"HWAFYTbYCJRLLeNcEVC":1,"dLYHMRFeRLPYKDcdDdONOefFNeJMBHOeFZOFHe":1,"cCHObMKdFEVcYSCKVZNMPHVC":1,"dLcXJeITPMObdTYMIKe":1,"HMbICWVZEdMODSOeecbXAbWNWe":1,"YZPTVOBDREeZKRVDMbTFAecbLZBdLHe":1,"IZVaCQLOLOLOECVVDJYMTSJYMTBNFecMEO":1,"aXbSFYTBHMHHVbReINLOLOLOINLSdMWSOPdFcEBcGKe":1,"eWHMZNONdPbIPHeAcaNYCLFRURURHe":1,"HWAFYAFPIEAZSAZBdWTNC":1,"IZVGHHPAJdSeEeCeDC":1,"HWAFYTfQfQAYaFAUADZGYO":1,"ZdZbaBOQFCESXGBUacWCHT":1,"NAFQCJWZUbXeCFNZSEOJcRAdJKe":1,"aXTfHAEDdUFFBSBbWUeMJeNBLFZbFKMBKISIBBO":1,"PWBJcQEHYbQGNDUQWUVCfLHGabaC":1,"cCHObTYWeLJFaMEAbKCBZYfNOQIXWYO":1,"HWAFYBfPDBEDHIWDbKIdDZBdSNOYRLCFWAUC":1,"dJLGHFBddQFQcEDeNPYZIecO":1,"NAREFcMEbJObYZffQLQBBO":1,"dLcXJeITPMOfIPJaAKDKe":1,"IZdHUNFSUCKVBAWeIALeUINCIHRJDJO":1,"HWAFYDEZREJWcRXZXe":1,"cCEaLMJeVPDdCAaGGbMWHT":1,"TeIdJEYNZeYO":1,"eWfaYHIeJYKabWTfTLKGBfC":1,"feaSLAZWAcFCNBTLEKXJYXT":1,"BIUJLMFPAAMbTBYbBHUSTDLO":1,"BHDTJdReLGMeEcYPffcVDZBZMO":1,"HWAFYDEZRdZbVeUZDYeJIRBcVSHT":1,"YTTHbXeeVeCFZAcbRbROfLMVNZTMPIMbIZDFWPHDDWe":1,"OOIBTVXMAcZEJWcWKVSSZRe":1,"cCHObVZMYCAFFQZcbNXGDJEbOMNMTbYIPfZET":1,"eDSdUfAJAZdJAINQWBOfWVWNYO":1,"TeCOeJNHRSLTFIQNNDZVVLLXT":1,"eDSdUfIZaPXKMdbDHT":1,"NAFQCJWZUbXeCFNZFQTXWDTSCUbbC":1,"HMGLLFCeRbLMTBLLFGO":2,"HWAFYBfPDBEDHIWDfQPdDSdVLT":2,"BKATYFRURURYVcTQQDAURAfPMfXC":1,"OMNNSCZFcYWCGEbIeIPHe":1,"HWAFYWMdXIeIPLSKJNGeEO":1,"HWAFYTaYbZNcTAcHe":1,"PcVFHMPaSdIeZNNAFLWEZfeKe":2,"YdXfdKNKNKZTLVcTQQJO":1,"NAFLeOeJdLeQeOYDESKfXdfdTSBGcfKLAEdNJLTBPTLKGBfC":1,"HMbARYfTeBZEWeZMRfYSbSCZC":1,"bZWMSGENIbfdeDcNeJXVWMDYLAVMeORTHT":1,"HWAFYTbSIAWTWEUcSbWRWCHJWe":1,"BCTHeUAFffbdfKQZGMKAaFYNLeRYVT":1,"bQGBVIZdRJVVPePPSPDHCOLcO":1,"ABVYUYNaXTaXHBYeNTDVXORe":1,"HWAFYDEZREFYMZTULHfNOKNIUXe":1,"AEAFSXZCTPKbHGSaEUcYO":1,"cQZQfDafDQNeSbSPSfdeBVOSeKe":1,"INLAFPKGUSVGPLLFKWILXcEQSQQHT":1,"HWAFYdbFJBGfIKe":1,"PcVFHMPbJARGPXAPEPYKDcdJLOdPOHT":1,"NAFQCJWZUbGQDaDFXXccBPKe":1,"GbJAHHEdQbTdFVNaDNLFNZfC":1,"bQGBbNXGDJEENLAcQaHNfLTRe":1,"OAZOXHHHXFZPeZeNWSCCCHRTHT":1,"PcVFHMPaQHDDZJARGPXAPEbPXQUJKDKaT":1,"HWAFNHUeRFKZbTZWKNecfZIVFZWPaDMC":1,"YTBUIHOdVLBQRMebfTINfTKe":1,"YTcEAJDTfeTHAUNSTAUOTKe":1,"aaVBBVYUPBOIHaZFTeCYbeLT":1,"ABVYUYNaXTfMPSXZFFfeNJXIHOReeHe":1,"IZbREZVPTLKGBfFcINGLae":1,"OOIBTKMDNdEPQDCWXIVXSKTNC":1,"NAFLeOeJdLeLTabcNVDWQIVBbFC":1,"NAFQCJWZUfNBVCBZSHeWaMSZXeCFNZC":1,"TeCOeJPQcLPLQOPfAFHYcYC":1,"YdXfdKNKNKPZPQPIUFZZZBYKe":1,"ABVYUYNaXTbQGNQJSFVfEQIJceVSRe":1,"TfNZeFcCWUNJZPAEGMObFQTXWDTWEYcZGO":1,"TZUfdKNKNKZVYOIWFcMXLFeERT":1,"eWffHEKfPBDOLSEefWMPdKZNJdQJFC":1,"HDDZOWNdOZBYTZcYWHXGWe":1,"BCdGNQbHVEZYeNbNEIIYIEbDbRT":1,"cCcCcCWPJeVYSLLeLHYO":1,"NAFQCJWZUfLeHGZLDeVO":1,"BCdGNePeEBAPIFddeOIKe":1,"IZALOLOLOICWRdGOHHABNaSdFaLbFC":1,"aXbSGNVXNRbDdJTLaKEBBVYYT":1,"BPHMAZTaHZXbSYbcLFcXAFUTUUO":1,"fEOMTDOOMNVLWPGGHWLUTMfXLMESGZXNRe":1,"HWAFNeOYJeaILYDMFFUKGZIUONSFTUQODWe":1,"eDSdUfHVbdWPHDDPACQXYSQOLWCGae":1,"PPXGSCZWPHDDZaaNRfXaIRdNRQedFNGVT":1,"HBMNbcSXcQSZBeLQOSRKXe":1,"BHDTJdReLBBVYUeYeFOCccNEIEYIVTIbYO":1,"HWAFNeOYDORMTfFTWWCQSFHVPHVATZdSGWUC":1,"HWAFYTfDHCOLZEJaKFEIHT":1,"aXTbSFYTBHMHHVbReIYDEZREAYVaNEbDHFAUADHRbdFIKe":1,"ZdZbaBOQJYcSaERMJDDaVHNPVT":1,"OOIBTBUPFfFFTMAOebQAC":1,"PPXGFRURURNRNPUOUAaDNRTKeeHRbdFIKe":1,"OMNNSCZDEDVacDIHSHFBO":1,"aWQOcYTBfFdHMePCefAEREHGFIdJGDC":1,"dLYHMRFeRQcDaIPaMNfQCcbNXGDJae":1,"IZVBETWRGfOJbVZTUPUOeMO":1,"HWAFNUVSZNZZJRZaTKe":1,"OOIBTBBLXOLRIYFTUZSTFZTHReIET":1,"aWOQKVUKeFbAdcDcdAXRCBQBBHFBddQC":1,"NAFLfOdASUTbJFJYBaQcWTNUC":1,"HWAFYTfNOSTUZXDCJFfaNbfFTUZSTHT":1,"OTfdASFGcEJDKBRUDbYHRYKe":1,"bQGBBOXBbQGWFBaaeHGGINYTFIHe":1,"ABVYUYNaXTfMPSXZFFfeNJXIXCEC":1,"fEOMfdbQdRIYdXFNPIITaYYfPHe":1,"OaaKQPcRXUSUdcPQUEZKHePLSIRLT":1,"HWAFYeNMZSPDeHbLae":1,"OMNNSCZJVdfUFcNFMYCeXe":1,"YdXfdKNKNKPZPdbYNaLScXQOVWe":1,"TAeObJNGLTLRENZDMQPNdcCJJaaSRe":1,"NAREFYTBacTTNAIOFWC":1,"fefSKeEDWHCJZARebFedZUDOdKNKNKWe":1,"fXSMLfdJHBOXT":1,"fXGWBHIBPLRCEHARe":1,"BIUJLMFPAAIISINfKBKBUHAABGOHaT":2,"ABVYUNNDEDdEUEGTUSGGO":1,"AEZVPTLKGBfWPBZOC":1,"HWAFYHNTQTNWRfDFO":1,"OMIZdFSdWPDGYUC":2,"aWQOcPOKHRFIFaTJWe":1,"aWQOcGfNGcQYIMdUfFaMLXe":1,"bZWMZfHbGdHSeONWHWPaDMWXFZEVC":1,"eUFJZVacKdZJVVUWPHDDWe":1,"HWAFYbIeIPYbeTQcaNYCLC":1,"INLYANAadONebEJJHMVGZUdSUHTRLdYFMdcHe":1,"IZdFSXIHERdaaXWXAHGO":1,"PPXGWPHDDZKZdKNJMNbcSXcRe":1,"OMTVBENNRYXcCHHRHbbLXMHO":1,"febdSANQWFaYUNZdeLEcPJZQMIKe":1,"eWHMHMbCTYATbJKYIYZEVWLAAOebQAYXT":1,"eWffQLQBTAURAfPMZaeWWUBBEcSCHRAOAcEUC":1,"PPXGSCZWPHDDZKPSCMBOHIcHOReeYaAFZKXe":2,"cCHObVZMYCVKKMadMUPORIPBLAUFRURURHe":1,"NAREFEJKaEcBUGCQAECHTeUVIZdRRT":1,"HWAFYNFIYJKOFbSdeUUNWe":1,"fefSCOJZfIZZRAbBaFKbLVBHVNVBUKcbWDTcZJQZIZfDHCOLcO":1,"BCEQVScXQOVPFOJKDKaT":1,"HWAFNeOYFWUFOWGSQZdWOGVO":1,"HWAJLGbbeLNJVSYeJfTaLSGDVdMVSDFVKZcdBKe":1,"GCSXHHVQIZDFJNLcOdHeHbBGbbeLBXe":1,"bQGBTFJNGLTLBGVPLDJZbDYBGVPRe":1,"HMbVAGfFaMLOQHUHe":1,"aWQOcYTBbJfEDdGUKCMeIKdFHaO":1,"BHDTJdReQHUYYOLEaMNcHe":1,"HWAFYWMdVZMYCEKKEQfKCUKORe":1,"bdPBQRSINfAONWeDeRTLcffWe":1,"AERXWeDfBAKTRe":1,"fefSCOJZfIZZRAbTXTMNZeUNFPCaNCDWOOC":1,"IZVGHeCXLEEJPMZeFTWePWe":1,"HHYPeNfEfFOWOVVLRZYLOVae":1,"AdeKbCcBUBBAeScYbEfcWfYSbC":2,"TfNZeFOBOZFbTVQWaHNBcQYIMdUADDbdae":1,"BCEQAeMZeEOHGZGbDNZEFfWSCCCHJDTKe":1,"YdXfCDWOOFeJHUWEYcZbIKdFHfCTAWDbfKe":1,"BIUJLMFPAABHeUNfGYKaPNZFZeaPLaAFZKXe":1,"HMbVacDNVZNMPHVC":1,"TeCOeJPLSPMKPEcBBMWQUeZOPXTbBWBIbQTNC":1,"bLdLOLOLOOTINUFDINFPIWBHT":1,"ZdZaYPZZGbEVdZXKGPEQbNBEBUSMTKe":2,"cCHObVKKMadMUPXPRQVOPdUXFRURURHe":1,"GbQUJWPHDDPWVaTOAdLXe":1,"eDSdUfOSWEYBZJJfeebZHGSIUC":1,"PeYJYJbVHRVVCScKFCJBYEXe":1,"NQEDIKELcNQKAENUEcDCacUO":1,"aWHMVKbTBPAAXTbdBcANKBYfBQWXXdVLYGGIZaTaTaET":1,"fefSKeEFcIADWHCDUFYQXUZC":1,"TZYBETfTWefPZXDCJFABKIWe":1,"HMeCJHAVXSASeONDTeJNHC":1,"TZYBETfTWeaQHVbOSKGO":1,"HWAFYeNcEVC":1,"dJLYMNVePbTQRTWZBNZGEaaWPROUIHeBAVZKWe":1,"AdREFZbFAYTZTbeQfYUXCEC":2,"YTTHbXeeVbSccbHSGVZKefACLO":1,"NAFQVUNOdOKBBIUJLMFIMNJLbFCeaPRe":1,"YdXfCDWOODSSCaIfWcHOReeHe":1,"NVNZWUBIUJLMWGaRBQBAWKAOARGBGQXBKTSdZPOKNCBJZGaDHT":1,"ABVYUYNaXTfIMLHDALDZIBOUdAHLAC":1,"TPOaXGPAJcPJYXQWVeADPTHO":1,"AdREFHZUfFfFcYRQaXdRT":1,"OMIZdFSAPVFfFAYTZTEeNGTOFMeRT":1,"HWAFNUVSZYIDKDIXIJYIWe":1,"UaDELaBWPVCBTMBaaO":1,"NAFLSRbWNPdQBTDeXNOAVdNHWTRTfIZKe":1,"OOGbIWSGAQdOBPBOIVNJJSVZGGO":1,"bQGBPZdOWcaTJZSAccTXYaWHC":1,"YdXfMOfZPDHCOLZIDeRRITfTLKGBfC":1,"eWfCDBOSVIHQcaMEAaRZEGcCSRPLSEdLRSUWe":1,"aXTbSFYTBHMHHVbReINLOLOLOAZfLdPUVIZdRRT":1,"OOIBTVXINLcMNQKAENJHe":1,"abPPWaZUAAVfDfNZFZeaPQeFedFKUddVCUC":2,"dLcXJeITPMObVcKNMfXLMEO":1,"BCEXFaGMXFSdCXJQLYXQdJGGVPHWPaDMWXFZEVC":1,"aXTfHAEDISIBTEVHWEcTNFEYTWXKYSSdadFQRMeXcVQSRe":1,"BCEQAeMZeEOHGZGbDYadFAPYRCEYedMcET":1,"cCHObOOYKYYaDcOdJeaILYDdKNKNKWe":1,"fefSKeEFKMBKEOcNSZBeLPHYYfPHe":1,"HWAFYEEBVbIeIPNQBSdVLT":1,"ABVYUaXAZfLdPcRXUJeaILYDCTBVKe":1,"YdXfCDOTTQVaJNEKSTQIcKe":1,"TeCOeJIUWUHcKKSTLGPAcADDbddRBQSCEDXFZSCZC":1,"OOIBTVXMAcZESHBZEVDZIET":1,"NAFLfOdASUTbJGOGcYO":1,"OMIZbRdWSYRQYAbLMTdBC":1,"ODREGZNbJAEceEDdEdaWYO":1,"aWQOcYTBbFFQLAZZCeOSbZHe":2,"YdXfdKNKNKZNTbLSKHRbdFIKe":1,"BCdGYBERBdSIFeDaHXFCVCGIZMO":1,"bQGBVIZdRJGINYTFIYaXROZEBBVYYT":2,"fefSKeEFKMBKEOcNSZBeLPZaTaTaET":1,"AdZZBOSVacDNdQZEdHOUKe":1,"HVUBYPYKDcdJdDBKDcIBaMEAbCTHO":1,"BPHAfaRJRSMSHPCYEIDESOZZbCEWWe":1,"aWQOcYTBbPMfBZVNLLAeEFSWe":1,"AEAFPIPDGYWHJXdDRALXMHO":1,"fXGWdUFEZaZLJHPLcSaERMJDDdWe":1,"aXbSFYTBHMHHVbReIYBBVYUAZfBcdCBTJZdLHNLLC":1,"cCHObMKdFEAQdOBfScdDRfBSCDWOOC":1,"VVOcTWYWZSVbaBZUHZJFaNcCBaQDabHaDHT":1,"cQSXZaTaTaBfFdHMcQYIMdUAZNdAYfNKOVCMIRe":2,"cCGaYSdEfEITNPfaSdFaLbFJNTeNSfCFADeKe":3,"HWAFYWMdEDRYFJYbTSZQMASWe":1,"HWAFNeOYDYEaNdNDYTUBXCEWOMTXEUDae":1,"HMeCJHAVXSAWPHDDPNSRDAJLT":1,"ObUDZMULAFEJKaEcaMEAfdSRfAAXe":1,"HWAFYDHIWDbKIdDZBdPUDZSMDIaUDdWe":1,"TWPABOSEIDSeWZMfUdOeVKGcEXGJC":1,"fERFYeVQIVOMbEC":1,"HWAFNRWMPNSMYZXUCeeC":1,"OMTVBETaLEPYKDcdJFRLRGO":1,"AEHAFPRFRURURNFSBMBAWTWEUAZfXAPae":1,"PWBJBMWASUJNVJKMFJQPYXcBdHC":1,"HMbEHRKOEIaHVQdOXAaXFZPeZeNSCZC":1,"NAFQOEfSPMHBcCcCcCDRUWFLcVCBeMBXZeKe":1,"eDSdUfDXVWJVEFASOEO":1,"HVPZEYdIbNEIEBFKCTXJMbfIZTfbJARGNKCFKXe":1,"eWfbWNZOdLUObUANTVacDYO":1,"HMbdDJXcMKAaFYNLWLdNHWTRTfIZfQHO":1,"OQWBObadWIRcOfAcQaZJCNQOVTLdaRO":1,"YdXfMTXEUDdSYFOLbOMFcHRbdFIaZPEEccaT":1,"OJVZAIWDdMSBSWCGVTfUUYLXASaYYfPHe":1,"NVNZYeJBBYZUeQKBBTZVGO":2,"OOIBTVXOCZBKeJHVPRbQfXJHMPHeXe":1,"bdPeBHMaGNYYcdHZcNSNWeDeRTLcffWe":1,"BIUJLMJVfNabMdLERENZDMQPNKTZIKdFHaO":1,"HCZANHDdLYBNWTCUZZOeGDPNeFGIYIYeFMeAFJBEJKaEcfEC":1,"BCBaQDbAMUVbCefAfdRe":1,"IZEeDdEOdUNdKAZeYO":1,"PPXGSCZFcAPUfSJbQFddDC":1,"INFddKNKNKHbdJMWBDLLXcBaOHe":2,"HMeMbNfHNTdNKaSeONFPWe":1,"HWAFYHHBcKZBEC":1,"YdXfCDWOOScWJcEWNEJYBMFFO":1,"GCNJFZdOaBZCSZYXMHO":1,"ZdZaYPZZGbdEHWXfVTNRJJRKe":1,"PWBJbeBaSPTaFIfMSJQFBBBcQYAIRKe":1,"bQKPWLVRbYTVMeOSMeSNaKe":1,"ELSXPeJIPLeQSAESPMEZaPXPRQdDWYO":1,"NVNZYeJeVYPXPZSMdbDcMWQYT":1,"aXbXDDZYfEYdMUcMOOIBBO":1,"IZBTdFPfBKSAELSXZDYPQBTaRXUbZFLMZGHCTRdIeDdeFCYVO":1,"PPXGSCZFRURURNWBOabFIRZZERT":2,"HMbBbOUOOJVfJFYNSOPLXT":2,"AdHUYWCGTLSdMWSOZEdHOUKe":1,"HWAFYDEZRdJbENeDBFdMOPXYJUCeae":1,"aWMeaHfYFHNLVBHVDBEXaWJPGO":1,"PPXGSCZFCROQFSdVbCLJNGO":1,"YTBOQcLPQLMHWadBJOTXNAUEJWcC":1,"PPXGSCZWPHDDZIYBRSEAKSFPXe":2,"OMIZbRdWSYJIAdEKQRVRT":1,"cCHObMKdFEKXFZEVWEYcZbBNTaSdFaLbFFRURURHe":1,"HWAFYbcZTTdWABTXNPUcCHPLecO":1,"PcJJdIVcDPePdJXDC":1,"NAFQVUNOdOKBBIUJLMDPVSfXPRQOCfPXO":1,"HWAFYScXQOVPOZJSSZdTYMIKe":1,"HWAFYTbeYSSEdaWYO":2,"NAFLeNQQANABaORbDdRJZGbGYJO":1,"HMbCTYAaZZWIeXUJAFC":1,"fefSKeEWKMTUBbQGWFRURURHe":1,"aXbXDDZYfEYdMUcMABVYYT":1,"NAZSNdKLfOKFXbaCEUMKAaFYNQcfEIRbDXe":1,"ABVYUaXAZfLdPcRXUFMNJQOOXeHO":1,"BPHAfaRIMJRBZdUWPaeKfNZFZeaPLDTLZOXRT":1,"ZHCDCaGbXDWPPNScTcZJFYWDHT":1,"cCcCcCDPCDCcACOJOMXdKYEaEASNHRUUO":1,"cCHObVKKMadMUPXPRQAVWPJSSAZfAC":1,"HVPZdZGIGPeaXYRJFDdHWYRIGFZMO":1,"OAZOXHHZJCEUaQYaONXKFKe":1,"dLYHMRFeRQLOLOLOdQUVRJHVPHVdNHRO":1,"TfNZeFcCFLUYYeFeHC":1,"YdXfCDWOOSYeJYdXfMOaLERJDTOeaNRe":1,"NAREFBUONOHHWcZZESCGVKe":1,"BPHAUfXAPEJPECHTeUZUYaTTUC":1,"cCHObTPeARAZUOebQAFQTXWDTRJJRKe":1,"NAREFBCAURAfPMcQYABKdBSYOVT":1,"HZUacMUIAZdJAINQZQNBJfBMIZebWNWe":1,"OOIBTVXINLcMYNaXTbXMOXQXVcKYO":1,"aWQOcdLYHMRFeRLBBVYUZbeKRJTDXbae":1,"NVFAHPEAZFOQRCSPbceXPIRcADUCWCDWOOC":1,"HCZEKQaRRYddBbNXGDJEcQMdBcAEHYO":1,"HWAFYTfVEdFYRZOFHBUBMDOHQC":1,"ABVYUOUdAHLAWXFZEVC":1,"NVNZWUBIUJLMWGaRBQBXRAXZZOAGROXSZFNYDRUWC":1,"HWAFYDHIWDfSMBBMPIOWEbYfLMbQGUIO":1,"OVYHSddeOIaONEVdZXbBPBRe":1,"eRQDdOCcaIXMTBEJISDaPdMIbQbAEDJeeKe":1,"cCcCcCRDfUFFEPQBaYaOdbLXaRIYAeLT":1,"PeYGIHRIZWNPKSXPIAABJbXLXT":2,"bZWOdASUTbDbeAPCbAeTSKe":1,"TeCOeJBIUJLMSKBZXaTFKGWe":1,"NVNZYeJKTYSfOUGfNQELEUZSHeWaMSeKe":1,"febdSANFRWdNHIQFRURURHe":2,"GdNIXCPTBcRZdbXdUKLaDWVcJNZGCOeFKebAZOHYO":1,"HMbVAGAZTbWNWe":1,"HMbVacDNVZNMPHVDZTaWe":1,"eDSdUbAPRYDaKFBfTIcKe":1,"bQGBPZdOWcaTJPabSWUHbDORMTfLT":2,"aXBNTfUWRFMeJAETfACQTPRXUTVTaRbdFIKe":1,"ZOCDWOOSfdQaUSHMEHTNHT":1,"HHYZeEfEYdMVZALOKTKIObIYUXRAXZcO":1,"NAFQCJWZUbGSRaPSZWeAQPXPRQXKFbGQDaYKe":1,"eWfCDBOSMVZALOeERbISfXPRQTDCOOJMFVTXSLfPIFXKeKe":1,"HWAFYWEQCLBMC":1,"aXbXDDZNPcRXFMMCKBaaSLGYfPHe":1,"fefSKeEFcIAWJSFOAGWdKNKNKWe":1,"VOTcHKcMKWMAcQPePAZZODEcBEccGSOC":1,"eEBZFJZeOQPPHFBddQSMfDYGHbOUC":1,"MeHGWcWZTDUZXbSYTUSGbVeKWe":1,"TfNZeFcCFQTXWDTRGGYLTRQScZGVKHT":1,"cCcCcCFRZIAKQUPMcZSATQdEHWXKe":1,"BOefWZJEdcAKWQQadeOJATXT":1,"OMHMbMPMZbDUXAYHNEbHeFUSeGDPNZRO":1,"NAFLSRaRRefdQBTDeXNOAVdNHWTRTfIZKe":1,"NADPFBbSFcFXeUNZNDbDAATSZIJIRASaYSJeRT":1,"MCIAFKKZaTaTaBBUUaXKe":1,"OOIBTBJcQEcNNPadLXe":1,"ODREGZUTPOCaJefFDEVDWSRe":2,"HMbOHNJObDGVRQYIUYTET":1,"HWAFNRYXMHO":1,"HMbAURAfPMPfSWBJOTXNAHUHe":1,"BHDTJdReQLOLOLOVZMYCVCMILRVVPKLZcO":3,"HWAFNQTJPAcSfCSRBRT":1,"HWAFYTfDHCOLZIHSHFTdbLcYFPWe":2,"BHDTJdReQLOLOLOOTdZBSeFdBfUPcC":1,"eDSdUbaaNRfXaIRdNDDC":1,"OTfdASFZQfBJATNWXdBGHDDESWOGVO":1,"eEBZFJZeOQHbUMIffSQJNZQVfLeYO":1,"eRYPHEDNPbVUbdaRbdFIKe":1,"dLYHMRFeRQPcRWTfQORNScTUDdWe":1,"BIUJLMJVfNafMUfBFGFVIZdRRT":1,"HMbOOTWVdNHWTRTfIZKe":1,"GCSXHHVQIZDFJNLcOdPDXSHAFfIVNRXMFDFaT":1,"aWQOcOLQQPFYcAQFJO":1,"AdREFdJdWTCUZceNGTORXZXe":2,"PcJJZGHMDALKe":1,"YdXfMOaKZIcFDSCdRKZXRT":1,"aXTfHAEDCDWOOJdDBKSOGXCcZYEIKaJTXRHe":1,"BKATYSCZWNOHeNCFJeHfLebbOceZXHe":1,"dLYHMRFeRLPYKDcdDdONVFbKCBPQCHT":1,"ZFNTefbBTJNGLERMPJNNDPSVT":1,"HMbTWVdNHWNOOdeBVOSZWNWe":1,"PcVFHMPaNKXMWBcAeSZcbdfIPFDUDTC":1,"HCZANHDdLYBNZfAAEAQMYaNVSDcRZTEUPHdGWe":1,"HVPZdZWMYXSUPWMPTeKbTDOCaJeKe":1,"AEAFPIPBcdCCWMTdKfXJZKNFbfBAC":1,"YdXfCDWOOScUSfBCWXFZEVC":1,"TeCOeJPLKXGKSFZbGXHRDOeMO":1,"INLYMNPPWGTSJRNYSbFXRC":1,"IZVTWRGbHbFaJBBbYWfeEDFO":1,"aWQOcTEYDBOSdUWXQBOabcNVDSfAUHcVT":1,"BHDTJdReLBBVYUfFdHMaMEAfXafJCfSLT":1,"NAREFHSCLeNIJWHSGQZacIJSBSRe":1,"NVPOFJcfFXPGWATUZSdcFHbcRe":1,"HWAFNeOYJEIeKBAWTWEYT":1,"BCEQAeMZeEOHGZGbDYZICFLcbAUC":1,"IZVTWRGXVWUDDJeVGTZVNWe":1,"HWAFYTbDOLbeTSLdaRO":1,"HWAFNLEJUALJTXGXfYO":1,"YdXfMOfDHCOLZBaQDfIOafVHLeNBLLT":1,"NAFQOVLScXQOVZadBeDVeUWe":1,"HBOAIEcHKCXTJGPebBGZXALKFTRFO":1,"aWHMVKbTBPAAXTbdBcANKBYfBQWXXdVLYGGIHYYfPHe":1,"AdZZBOSBBLXOQFMYCeVSCJXXT":1,"AEAFPIPBcdCCWMTdKfXJdPFAYTZTEFJYGO":1,"bQGBbQaSINacMSZRObOC":1,"INFddKNKNKPZZGbMPcNVBUKcbSXT":1,"aXTfHAEDBOSMeEfEITNPfaSdBULQEWHQHDDHYYfPHe":1,"NAFQCJWZUbRSdFQbMDefEWHZPEEZfKe":1,"HMbBQbFFDfaVcPFXbOdUMJaCNHUHe":1,"NVNZYeJBBMeHGUFQbMDOHQSGaT":1,"TDXbdeRRYJWcFVbCDVCBOPFHe":1,"HWAFNJbaOLPYKDcdJaHIHT":1,"aCTPTPeVATbSMcEbOMFcHZLGCCBUbXDCJFOOIBBO":1,"cCHObVKKMadMUPXPRQVOPdUXWPHDDWe":1,"aaAJYBVaAJDbAPQfQOHT":1,"BHDTJdReLBEHAFPROaSXWTNUTIGdAFUKKWe":1,"cJUJDRSLQKLccGSOFSfUWRC":1,"HMbKdFTHXSWEYcZbMSVXMPBOFO":1,"fefSKeEDWHCJZARebFedZUDOCDWOOC":1,"OOIBTVXAWbYSVGPLQSLfZDQXKNCRO":1,"HMbVXSAWXaUSCZC":1,"aXTfHAEDdQZXDOXFAHNBGPfBKWbWOOC":1,"cCcCcCDPCDCcBUHBZNXMRUMVMITAFfKDXNKe":1,"OAZOXHHHXFZPeZeNFfAXSPIaO":1,"HMbIXQRfAeQNQaAMCMVXAAHASCZC":1,"BCOHNFPBJYIYKcdKRSNcDHRbdFIKe":1,"IZVBdeHHOVFfFeNDYTUET":1,"cCHObCBWaEdIPPSfDcAZdJAINQLOLOLMWHT":1,"YdXfBOSTQTHBfPWLIZSVafVAPBWHAcLRfMHSUZGcBHe":1,"OMNNSCZFcNFMYCeAWIbAaLFSeKe":1,"cCHObVKKMadMUPXPRQINFPIWBccCcCcCC":1,"eWfaQDSWSGUQHMQOFfOBfC":1,"HBbMWcNHDKdeJMET":1,"NAFLSDBJWbOEfSPMHBaVTbYHbUTKe":1,"HWAFNeJOUJGPTLKGBfC":1,"YdXfMPXYZaTaTaBEUcKBSMFeJHUWEYcZbMKJZKe":1,"febdSANFRWEYBXYFPCDWOOC":1,"IZbREZVPTLKGBfSUaecfbVCMIRe":1,"HWAFYNFIYJKOFaYDJO":1,"PWBJZSHeWaMTOCaJPIHJWe":1,"TPOaXGPTGTbUEXODPFDC":1,"bOcGcCEaLMJeVPDdCATWbWOOC":1,"bQKPWLVRbYTVMeOJLBWHHT":1,"AESVJPMYKXNUJMFcNRfDRKe":1,"EGTUSGbEJHIXT":1,"cCGaYSdMbYSfcdReLbFZVGAZbaTaTaET":1,"HWAFNeOYRQWcDAVbBHMZYO":1,"feaXWXAHbAcQaefNDHT":1,"GCQKEaAJDbJANafabSWUHbWPHDDWe":2,"TZUfCDWOORFOFVfEeSHYSJeRT":1,"eWHJbQEJNCYWEYcZbBOFO":1,"NLJZCEQMULaDAEKKSLcSEO":1,"AdZZBOSINSQFSBUNJEREcbJfEJO":1,"HWAFNeOYFWURFCUBQae":1,"bQGBXVUcESGQCdEdJMO":1,"IULDEZREFcUcSTaWYEPBCYO":2,"aXTfHAEDdUFFBSBfWfecNfEDEZRdPcRXUWPHDDWe":1,"PPXGSCZDSSYZTNReKfdSDeSHRbdFIKe":1,"fefSKeESCOONdPGKNSCMHVPHVBBVYYT":1,"fEOMeRYLfIKdFHfBOFO":1,"YdXfdKNKNKZNTfVfdLaAFZKXe":1,"BKbVZWNZJFGbREfHYYfPNFFO":1,"fefSKeEFKMBKXIeIPQeJOPRaZOHbDNQLOLOLMO":1,"NVSGZadWIRcHINeCeQcJZedWIbAaLFSeKe":1,"bdPBQRSINfabSWUHbSGeFTYceMTXEUDae":1,"aWQOcYTBNVSZCaZDdPLbbdVT":1,"YdXfTQdeAWNdfXe":1,"OOIBTBUNJEREcZbeKRJOIZCBKeJVIZdRRT":1,"NAFQQAFJZeOQZXbSYJNeDHFMMWe":1,"eDSdUfIMLHLSGDBJbNWLEWXAdZRO":1,"bQbYWXFZEVWKMTUBVXaCNFNADPFDUC":2,"HCZANHDdLYBEfQYOUZJKYIYZEVSTHe":1,"eEBZDEQdASUTbWeDZQNUaNSVRaUC":1,"eWHMOOIBTBINFKPXfQeceHdZESNEeCRe":1,"NAFLeNLSSIBcbTYUSEKBeJcJUJSVCHAPFHaO":1,"OOIBTBGPfBKSOZdBZCBKeJELWe":1,"BbFDRdJcAQDIWSBaMYDNNLTSHaT":1,"HWAFNQTbVSGNVBUKcaZdPLeNLae":1,"NAFLeOeJOMOLJKFQMbZfWQIXe":1,"cCOTKBcIXEQWFPQLQBBO":1,"OTfdASFGWcOCbABHTcTHPGMYKe":1,"BIUJLMFPAABdeTcRJUCHVREHGC":1,"BPHMAZTaHPVAecNfEYYRQfSeHO":1,"bQbYWXFZEVWKMTUBNADPFEfbMTXEUDae":2,"OLTWRGNVBUKcTaRbdFIKe":1,"OTfdASFBPIabKeKeZQObdSVQZRO":1,"OMNQEDMdbDceMHVPHXe":1,"HWAFYBfPDBdRWMPNSIHSHFTMSAFET":1,"NVNZWUaMZXRURNeJMBYGaePTWEUdPC":1,"HWAFYDEZREbUObQGNLXTFWOVVWaIfXT":1,"PWBJMeHGSMeSNafXPRQMdBcAdQdOET":1,"bQGBOEIKZdJWXFZEVC":1,"NVNZWUaMZXRURNeJMBYGaePTWEUYTET":1,"fEOMeOSTIZJCNQOVTLUBYTPaCQbZBbEWOTYVOBOFO":1,"NVNZWUHVSeAcfeJWGGZTLGePTWHT":1,"bQGBbQGWFBaaeHGZOAcFMBRNHUHe":1,"PPXGSCZFCFcCZAScYKcPHe":1,"febdSANFRWdNHIQWPHDDWe":1,"aWQOcYTBBKbVHYYfPNQBUDbVT":1,"febdSANFRWEYBXYFPdKNKNKWe":1,"YdXfdKNKNKPWZJdUQWTCUZZAUGO":1,"ABVYUaXBOFYCeVScXQOVPACLO":1,"BCEQAeMZeEOHGZGbDYeNcEVDAMeMaDMC":1,"HVUBNNeRBNePeEBVUWVYREHGC":1,"OOIBTVXINLcMYNaXTbCBPGDDRTYC":1,"HMbdMJRTaXFZPeZeNRGEMEaXGbRbBOFO":1,"BCVVWaIIabUNfYaAFZKVcbRZSAcQWe":1,"AdPcRXUDEDOeWFeTKEcLOIWe":1,"aXbSbcBUcJaRMSAdRTUOOIBBO":1,"cCHObONdPbIZFbYSfDcfFdHMbNXGDJEBBVYYT":1,"NAFQCJWZUbaaNRfAKfKSceNECYBZSBVNRXMFDFaT":1,"PeYGIZWNPKSXZdCUMOZLOLcNbUPeDbHe":1,"aWQOcYRYNPDHCOLZOFBfWaPNSLERXSBRe":1,"IZVPVIRPLeUMZNYRBaGRe":1,"HWAFNJbaOLJDUWe":1,"TWfbaTaTaBOMNVRdJbVaAFZKXe":1,"XdKYEaEALMHWadVCMILScXQOVWe":1,"bdPTLKGBfFRRCAEXaWJPbCQMWC":1,"YdAeJXVNYHJfQAMOfNZDbAefQHO":1,"ZcSIcceNWNVaLQSHDJKDKaT":1,"BUHBNHDbUTPOfFRC":1,"BCEQAeMZeEOHGZGbDYJOUWe":1,"fefSKeEDWHCJZARebJXGePCOdLHYYfPHe":1,"NADPFBbSFcFXeUNZWPPLRENZFfBULQEWWe":1,"aXbSGYWYHbeNPIARTYT":1,"PWBJZSMFdWOGVedCFeZIJC":1,"eDSdUbSIPBEOOCROEFO":1,"adUAVYCdFNLGZaPQQSRPWdOQRTKeeHRbdFIKe":1,"VObdZZaBfCCdDeQfYYT":1,"HMbVacDNIXQRfAeQNQbWNWe":1,"febdSAYYBXYFPEOcYRISUaPZdMOOIBBO":1,"cPDQDPKSPUVDRHPacMGUbAXKXe":1,"UETTJcbTYUSCSXIeIPLFbAadJRe":1,"fefSCODGPIZZRAbOORAZDTRODBNLaPEbBBHT":1,"GCQKEaAJDbPXKDfabSWUHbDORMTfLT":1,"YTBaXAZfLdPcRXUFIMNWLdTC":1,"INFdCDOTEKBeJGbXHWbXaTFKGZSXT":1,"eWfaQRAOAcEUFQLNHRbdFIKe":2,"HWAFNeOYWbSaKVFVYBXYZICFLcaIdTC":1,"UETTJbZWMZfPAJNLJPGEbfWEBOWe":1,"aWQOcYTBTEYDcYdYFMdcHe":1,"NAREFcCcCcCDSRKBNHNdBaaafECHTeUVIZdRRT":1,"eRYYUBIUJLMSKBcUVDYMO":1,"YdXfdKNKNKPZZWLKVHNEQfKCUKXe":1,"HWAFNFHQVLHT":1,"NAFLeOeJdLeLTfVCdGESFDCGVKe":1,"TeCOeJOUeUNfEANCNIQNNFHeBQUdQadeORSLTFMeHGC":1,"HWAFYTaYbZNcTVWHT":1,"eWfbadWIRcZUYaTTFPZFJbBOFO":1,"HMbCTYAaZZWIeXUJAFSCZC":1,"PWBJEcNLGZGcBNPKFTdRNYYdAURAfPVT":1,"PPXGSCZWNOTEbWcKZIXXcffWe":2,"eDEMfSJbQJQRXZVUbQHbUMIKe":1,"AEAFSXZCTPVLWLdTC":1,"OaaKLRXFeSICZeQcJJIaLKKVWLKTRFO":1,"HWAFYEdPKFTdRNYYdVKMSPBMO":1,"NVNZYeJbFMOFIfGOaYdKTHHfIXbBHTNCMC":1,"IZBTdFPfBKSAELSXHXSHFdVfWIHCAdPeHT":1,"YWYHbLSUMUHeBMNZDJefDcfCeEUbQWe":1,"INFdBOSOTBMBPfRDcTLEXe":1,"YdXfMOfZHYYfPYGTUIXfNAURAfPVT":1,"HWAFYBfPDBEDHIWDbKIdDZBTfNZeLT":1,"PcVFHMPaRReaSdIeZNNAFLWEZfefSWe":1,"HWAFYYKSCRAUETKe":1,"aXbSbcOQPCPRWXdBGZXeYBBVYYT":1,"BCdGNQbHVEZYeNbNEIIYIEbFRFeQEHT":1,"cJNSCDOTMOBfSfVSdQfLCcVNJJYDdfae":1,"IaaVGGeaYPZZXeMFJKeKe":1,"HWAFYEdJbaOLUELMbBNLHZEWYO":1,"NNSCZWXFGdEaJPGAAQeccdNZDPBSBOFO":1,"OMYNaXTacMSHePLSIRSHT":1,"dLcXJcCcCcCJAJOTHGZDDUZXdUFDcHe":1,"NAFQVUNOdOKBBIUJLMJGOGZNCTYAbbLfPJaAKDKe":1,"OMaFbFDaHYfDZaGaVFHTdJcbWae":1,"OOIBTBBLXOQRTKeeWe":1,"BCdGNQGPLaAFZKAUdRXMFDFaT":1,"dLcXJeITPMObVcKYO":1,"HWAFYDEZRdZbVeUHFAUVcIO":1,"OLSHIfDWBZEWaSdVLC":1,"VMITcZJLCZBfaNKe":1,"YTBTRYZLWZDcJPEEIbLeYRAbfRVCFDOJFC":1,"TDXDPZWORTeCISUPYJOaYYfPHe":1,"GfCDATBfPbDACAJSWdfYeNGJC":1,"NAFYYANAadTXaQAeEEFDCKWIZXRHe":1,"fefSKeEWKMTUBbQGWWPHDDWe":1,"HMbMdIXdfdTFeSICZeQPXUXZePBOFO":1,"HWAFYEdJbRYWLbQVAHAbWTKe":1,"HMbVacDNOdRSCXJNBOFO":1,"HWAFYDEZRae":2,"HCZANHDdLYDEZREUNTWaRJTAcHe":1,"INLGHUDSJNQQdKBUPfECIAEcOHT":1,"OMYNaXTfPZXEZJQaEfWe":1,"HCZANHDdLYBYXBafISWESVIAFET":1,"eWHMOOIBTAURAfPMcBUceNVQUcCAFJXDbNJYBXe":1,"bQGBOEIKZdJWXFZEVJZbDHe":1,"BCEQAeMZeEOHGZGbDNZJFRHLLAC":1,"HWAFNRYTQWYQWeDZQNUZUYaTTC":1,"HWAFNRYdNHWBOCbbC":1,"ODREGZUTPTUaDSKBZVKFPaDWADWRe":1,"eDTANZCLVXcGbXHWbXaTFKGHNVLZHT":1,"THHSOJZTOeTFKMOaVRVKaMUHYbTLZBeMGKSaT":1,"HMbCaASBaRJZMFWBOFO":1,"HCZANHDdLYBYScXQOVZUdSUHTRLBJASObEWWe":1,"OMTVBENNFZFWfBQMAZEUcHCbXfVQLAVIWe":1,"OOGbIFBUXOVAZQXaTFKGHWNZKTQIZKe":1,"HMbXKFbWNWe":1,"aXbSbcOQecDKAJDKVHbVDZaTaTaET":1,"ZcSIcceNJNbdKCFKVWXATRe":1,"OTfdASFZFZGKZGfeCdWe":1,"eEBZFJZeOQZGbcGGTFHfOJcaT":1,"NAREDMJaAQLOebQAESPBDOLWBOfKYIIBcOUTUKUDZHe":1,"INLGHUDENVLeFOfMQcCVKLLHe":1,"fefSKeEFVFKOUYLLLDcDaZeVVKfGZaTaTaET":1,"HWAFYXMHO":1,"eDdHFENHQYffSQRTWZBNZMdLEBXe":1,"AdRNRWSdUPMcHZZWIeXFGBZFKMBXO":1,"HBbfBAJPNPTDCHT":1,"eDUdGVdNKEBXJNSVVWaIIKe":1,"GfBQDAMeUCXJYSGHAEUZSTTAIaO":1,"aaMRYBENYceJJVaCPfYHNPVT":1,"OOGbIFBUYRCOMIMEfTQUETQWYQSYHWVNMJO":1,"aXTfHAEDISIBTBXafdZeYO":1,"eEBZFJZeOQHFNKJKVfIdOUIFObWEYcZbMfRe":1,"PcVFHMPbJARGPXAPEPYKDcdJKDKGbPCfUaKBGO":1,"HWAFNeOYSBHATYJXAadIJNGae":1,"PPXGFRURURYNYUNZTeZFYRCENFeaYLTRRe":1,"OMIZbRdRMQIfNZFZeaPQWSYC":1,"BHDTJdReLBBVYUeYeFOCccNEIEYXT":1,"HWAFNeOYDDFFcNRe":1,"cCHObXKeNJAbIeWHQFRURURHe":1,"OaaKLRXFeSICZeQcJJIaLKKXe":1,"NAFQZMISRSOJaTfMDcGEfdbfZDVRGCMC":1,"fTHSQFUUZAfRIZTJYSGFZWVRSebQAC":4,"NAFQCJWZUaZeKGEOIBfaNKe":1,"IZBTdFPfBKSAELSXPHTaSWVacDTRTfIZKe":1,"OMYNaXTfFfDeHZTSRFdGCWae":1,"THHSODILJbbfYFZIJePICaeFYTET":1,"IZVBEHbVFbXUCeeDNQUZARYfYO":1,"BKOAZbbMVaIBWVUZWHSUHePLSISWIPPSfDHT":1,"cQDJGZaTaTaBYNYeVacDYO":2,"OMNQEDXYeQMMaXdRT":1,"IERBfaNbIUONSFOOIBBO":1,"HWAFNRNeXQCaZXALKFTRFO":1,"OOIBTCATAJRXJOeBLBbPTPAOZEVC":1,"ABVYUaXEbQFPIEEBBcFPIWWeDfBAKae":1,"BCEQAeMZeEOHGZGbDYWCHPJDIFAfPBHT":1,"YTBYNJXCcfTJXNALYPfdTSPWPHDDWe":1,"NAFQCJWZUbDOQRTWZBNHDFXXccBPKe":1,"fefSKeEFVFKOUYLLLDcDaZeVVKfGHYYfPHe":1,"NAFQVUNOdOKBBIUJLMJGOGNGEcADDbddeMWC":1,"eDSdUfRFEOVYbFZVGAZKe":1,"bQbYWXFZEVWKMTUBVXaCNFEUXPNMZQWe":2,"OMEIZEHbaTaTaBZbSCOIHSHFTINLRIYLT":1,"YdXfCDWOODCSVZNbIUONSFbYLT":1,"HMbVAGBOXBaXfMPXcRUSCZC":1,"YTBHMbAaBcHOGZWFfRbdPNZFZeaPQQDIVXO":1,"aXTfHAEDBOSdQZXDOXWXKYSSdadFQRMeXcIFUWbWOOC":1,"fefSCOJZfIZZRAbTYRQHAYWOAVXfZbGSFcNQSZBeRe":1,"NAFQCJWZUbGSRaPSPZBSMGaFNRdScYAZTRe":1,"INLGPZHLEZObTHT":1,"OOIBTKMDNdEPDGYWHRBcSbAGaaHFEIKe":1,"HWAFNRYQLaXTANZPSVWe":1,"PPXGSCZFcYUBXVfSTdaT":1,"aXbXDDZNPcRXJdGTTKdWZEYBBVYYT":1,"OOGbAZAdFcEDJIAdEKQRVJEBYJO":1,"HVPZdZGIGPefbfDGYUC":1,"YTceTUDVRGCMJPae":1,"YdXfdKNKNKZNTfQDXIeIceIKdFHaO":1,"NAREDMDRPGOaYdEKeBOZWDJDTKe":1,"ZdZfDHCOLZOTdfdRWSEXAbAJQTQPWZcYPYO":2,"cCHObVZMYCVKKMadMUPKAMUTUWZaRbdFIKe":1,"NAFQQAFJZeOQHNDTRYWMDHe":1,"NAREFBCdEcXUFcNQFBNLJWe":1,"HWAFYDEZREEdRWSdeJOUJGPXPRLO":1,"HWAFYBfPDBEDHIWDbKIdDZBAWTWMRHcWIMZIbYO":1,"BIUJLMJVfNabFXFBcEbJVKfLWe":1,"fefSKeEFVFKOUYLQWXXdVLYLDcDaZaTaTaET":1,"NAFLSDdcfeJRSYEVJDfdFcae":1,"HWAFYPONVDPQLTRe":1,"BPHAfaSdNTDIXacGKZCCVRSebQAC":1,"ccCGCFWRfGASOdMYAMTDTEZVXVdNHWTRTfIZKe":2,"eWfbWNZDTZULVATZdSGWUC":1,"HZUbWNZAABfWcDaebJRXFYO":1,"BCVLBLKNYVeeefEXLO":1,"HINZJLeUXSaZbCDWOODVcNVBUKcTKe":1,"HWAFYDGGBbdFO":1,"BPHOMJURJbcIUeBXe":1,"YTcNPbNffSLBGVPRe":1,"cCHObKdJfFdHMXCEFRURURHe":1,"HWAFNZJNSdCYO":1,"HMbKbHAYIFTdZfLLCcYTET":1,"IZbREZVPTLKGBfFQTXWDTSVbXQSdafbOCJO":1,"YdXfCDWOOScUDbMXAUAQUVIZdRRT":1,"OOGbIFBUNHDeHeIeNRSSIBVXLT":1,"febdSAYFcaFUYKGZeVABKTVfPfXIBccQNFSddUZSNdKNKNKHYYfPHe":1,"dDfPJcbWESSIdFDSPWLBeTfecNfTXC":2,"AEUaYZKZYYKdBcGcNHC":1,"AdZZBOSMPMZCBKeJHWAJLGbbeRe":1,"IZVTWRGTeDBWSFBBbYWfeEDSBSSMJEQbBBORT":1,"AZfHAEDBOSAKYBJYeEIBPNZWdDJcXe":1,"aWQOcfEWaZJAJTONIO":1,"bQbYFcIKSCYbcINHJNbOVVTYABOFO":1,"fefSKeEFKMBKEOcYRISUaPZdMOOIBBO":1,"HWAFYBfPDBEDHIWDbKIdDZBGcANdSSLT":1,"OLBEXfQYLSHFdAUOYO":1,"eWfaQDSFcFPIWWXVXeLaBVAVKCYO":1,"OMNNFHMPdTDJQHSFGJDZTKMbAae":2,"NAQGPLeMBBdUfPWRPJVSYZPTBWe":1,"HWAFNRWMPNSMYPPHZVaUAWTWMRWe":1,"NADPFBbSFcFXeUNZSOIOFSbLJbWRC":1,"IZbREZVPTLKGBfJebYFHMPHeVBae":1,"bQGBPZdOWcaTJHRDOeOMTXEUDae":1,"OOGbIFBUACBYQLJCaGHGabaUJBEfdfTRe":1,"UYIVaVbMVYNFPdNYKFFaMEAaUC":1,"bQKPWXVHVbedPMYGfVIeCPKSPHe":1,"AdREFdJEeRKTMObIUONSQecLUTBYKe":1,"cQDJGZaTaTaBIFIZbXDOXDPBFO":1,"bQKPRCBQAUaSJQRCMPaFTPTYUAJaASPYfBHHUHaO":1,"TeCOeJBIUJLMFQcGDZHXJNVBUKcKe":1,"TAeObJNGLTLRENZDMQPNdcCJJaaSLcPDYVWZFKbPLT":1,"INLGPMPSXPBccFRSTELFKWIFdCYO":1,"YdXfMTXEUDdULEFDVTbVSCWQQWe":1,"HMbECHTeUbLBZC":1,"ODRdZWdZRVKaMUHcWXT":1,"UETTJcJTPCXJLbBBcbFDaNSdfBPKe":1,"NAFQZMISRSOJaTfMDcGEfdbfZC":1,"aXbISHcAaZQAVLBQPeHT":1,"NAFQQAFJZeOQZdUWBLdFHOReeHe":1,"dLYHMRFeRQLOLOLOMLTbYIPfZBVXVLCOJdFMC":1,"HMbdDRJNGPbBfDUIEbfWCUfWLEXPBOFO":1,"ZcSIcceNWSUIQeYBPJTDfSMTVYXO":1,"GfHOUbeKKZafVfLeCaceYO":1,"AZNdAYbeDUPIVPZVIDRbLWZHOfXIZTOeTeLT":1,"NAREFeDUfMWCLXAdHcXJEbC":1,"bQGBfFaMLVSGDOaBANKBYfBQHUHe":1,"HWAFYYYeHQAXaIRdNC":1,"NVNZYeJKTYFGFfPfIVXBPKAC":1,"dLcXJeITPMObOVKGaLT":1,"AEAFZMdLEccGSODKPWcVIZdRRT":1,"YdXfCZNTaYPeYdFHWPbTPFeZKUIRCfPXeC":1,"OTfdASFNKNMUJBYdFZC":1,"eDUdGVdNEKDBGQKWOOZIZKe":1,"fefSKeEFNGBGQXBKTSdZPMGEJYO":1,"aXbXDDZNPcRXWcDaHFBddQWPHDDWe":1,"HWAFNUPAWUNVXGRcIJXcJcUO":1,"fEOMdLHOAcFNADHcKdZJVVUSCZC":1,"NReaHbdKfAHAHUYWbQOSbYGVVC":1,"BHDTJdReQHUYYOLEaMYWHT":1,"aXTbSFYTBHMHHVbReIYBBVYUfFdHMNQJTeERXWXFZEVC":1,"cCHObEfEITNPfbeQMITaSdFaLbFDXFZMIOOIBBO":1,"aXTfHAEDISIBTBaFKbdKCFKVeSNdJeCRe":1,"HWAFNRYWLQOSRSCReeQZRO":1,"NAFQCJWZUbXeCFNZJRbYWVWHWOEXKQLNJC":1,"OaaKQZZMcTcZdIAAVVWaIIacMSebdaNCFeLT":1,"BPHAUfXAPEJPECHTeUdeUbTZWKNYT":1,"YdXfdKNKNKPAJeGHSWedNDeQfYUedJYVT":1,"BPHAUaLEbOMFcZScTSDGISGaXe":1,"MCIAFKKZaTaTaBcJPQORYPOHMQMSeRe":1,"HWAFNeOYSUaecfbVCMILScXQOVWe":1,"adUAAIFBUTWWCQSFMNIRHcONNMOBfC":2,"BHDTJdReLSEETEVJLBWHcbFMOFIaRIZFCeaPRe":1,"BOeaGSSFBKROQSfPAdGUIRfVNPaXbBWPHDDWe":1,"NAFLeOeJOMOQeOYFCRFZMbYWMPSYaET":1,"UYIBGQXBKTSdZPCQCFeONFPZAGaaeRaO":1,"aXTbSFHMHHVbReINWXXdVLNUUJNMcTHT":1,"OAZOXHHHXFZPeZeNJILO":1,"feaSLAZWAcFCaNOcMXRfBXO":1,"HMbMYOdBXRBefPGLKcZAHUHe":1,"HWAFNFCSDWQcaNYCLJBTcZJQcSBLfPJaAKDKe":1,"PWBJBIUJLMFQbMOIXCEC":1,"PPXGWPHDDHUDUdQRNLQLAVIWe":1,"GCSXHHVQIZDFJNLcOdHFOUJPNSIHHZIBHXCbfZVO":1,"ZdZaYPZPTLKGBfSKBZVKFPbXZEBLcVT":1,"eRYPCfPZNJdQSBGeGddAbDPOHET":1,"HWAFNFRWEZffTLKGBfC":1,"eWHJdAQTTWYVYIPVZfWe":1,"BCTPFeZKUIFcJYeMHRNQMWSCCCHJDTbNeHT":1,"HWAFNeOYDPPHYKHGHNKe":1,"VVOcNNDdONVacDNdQZEdHOUKe":1,"OMaFbFDaHYbAHcMSPWZJae":1,"AdSRZBMBTVdVPaESLae":1,"cQZOdAfbXXddOERe":1,"BIUJLMSYTUFXReEIQWHJNGLTLdFYeVAZdYINGaVC":1,"eWfCDBOSVacDNOFBfDEHJFdLeAWTabSIbLO":1,"GCQKEaAJDbJANafabSWUHbDORMTfLT":1,"HWAFYDHIWDfSMHOReeHe":1,"cQHYYfPYJWcRXQFVYUYWTMcBTTEVC":1,"cCGaYSdMbYSfcdReLbFZVGAZaYYfPHe":1,"NVPOFJaNLDEINHSIVRBWe":1,"ZdZbaTaTaBBUcJPQfQAYfeDIVaKEcNTBPWZJae":1,"aXBNTfZHYHQDVCXdUFDeTQQVDaVYEO":1,"HWAFYYNQBWFfYSbC":1,"NAFQdGFEYKcbJVaYHbJcdYWTJUWEVWNCGVKe":1,"dLYHMRFeRQFSUCKAeOESSZXDOXWKHC":1,"eDSdUfbfKBZTSJeOXbbFFbJFSMZDaFFcae":1,"cCGaYSddOEGcHNAdUDUCRPQFAeJQFRURURNcHe":1,"cCEaLMWHFFEaRXe":1,"cCHObIPPQFFNcUWBZEWaSddKNKNKWe":1,"NVFVcfTbdNNDYAHZNQWMUPODZVGFdUOLBBVYYT":1,"fEOMNVLWPGGMRbBYWKOLBBVYYT":1,"HWAFYWMVbXEQFBYCMYWe":1,"TeCOeJIUWUHcKKSTLGPAcTPSUGADDbddRBQSCEDXFZSCZC":1,"NAFLfOdASUTbJNNFQHWVDdZRO":1,"ZOdKNKNKHbFPQRNQASRODOCYJWcC":2,"UETTJcbTYUSCUUWKWTJOfIYSYDCPZSTfcKe":1,"AdPcRXUJdDBKSdEDFDedPUcSKe":2,"HMbVAGaGbZEeeTYSCZC":1,"bQGBVIZdRJVVPePPSHNKXMC":1,"TeCOeJGDYLJZGNBeWe":1,"HMeVKJeGMXNZQMeYJNNQeHT":1,"AEUaYPZZGbBQMdBaFRYBJeEdUdZAXDKfKdXT":1,"aXbXDDZNPcRXFMMCKBaaSLBBVYYT":1,"cCHObOTdRdJceHVREHGUWXFZEVWPHDDWe":1,"YTBeWfCDBHeJOUTBSSPNLcSdeae":1,"ePCefAEaMCVKGPQLQBTdCYO":1,"IZVBETWRGfOJbARTKeePUcedJHBVUC":1,"UETTJbZWOIXYBYATKBTEIbeRT":1,"eRQWcIXdCcaIXMTBEJcCYeFVIQJGEVaUcJWe":1,"BbFDRdJadUECQeWUcVNcbSTHT":1,"NVNZWUATYDKPHHT":1,"dLYHMRFeRQLOLOLOBBPKIWSSIAZfAC":1,"PWBJfbHXSceIfeYINVXTUSGbEXKQLNJC":1,"cQZNDbDAATPFeZKUISYZPTBZbaTUSGGPTSJOeXKe":1,"AEAFSXZXdGVDZSdSUWDbCTHO":1,"eWHMHOWDDXBYHNeEfHcIJDeQcJUXO":1,"HHYPWMPdKPOMHBHVPRbQfXRT":2,"aWQOcTMGCBMBAADTeRT":1,"HMbBXafERWbSAPPaebWNWe":1,"bQGBbQGWDUNRERQZPPLafDeDC":1,"NAREFZGccVYMbNXGDJEXMbPXJOYO":1,"dLYHMRFeRLPYKDcdSOZdTYMIbXDOXDeLZBIQNNC":1,"HMbKdFTHXSWEYcZbMSVXMPBOSVfFfZdOUcO":1,"cCcCcCDPCDCcACOJOMGcZUYaTTC":1,"NAFQCJWZUfRFGdNECYBZSBVNRXMFDFaT":1,"IZVGZeWRBfEDdeZOHeYHe":1,"NVFVcfTbdNNRSCWffPNfAVeKBMOLDEZREBBVYYT":1,"NAFLeNLSSIBcbTYUSdfTfaRKXBeMPJCBXSTSEQbBaORbDdRRT":1,"IZBTdFPfBKSAELSXPBQGMEcSOLWEBJbQae":1,"IZVTWRGVZZQLPPPTJAONJBHe":1,"HWAFYDEZREFYMZTULHfYO":1,"OaaKQZZMcBfFdHMZQbDNFMYCeVDbPaT":1,"OOIBTBaKDDKAQbMeJeMTDUAVO":1,"NVNZYeJYQGARWSdZcIYUdSYO":1,"dLYHMRFeRLPYKDcdFceHEVFIMNSePTBPeGEEC":1,"BPHMaKBbTYWeLJFaMEAbFJGO":1,"HWAFYfEeNSBZQXKFKe":1,"BKeWIEcfDeOeXefNUGcNHDORMTfLT":1,"HVNKdFZbDdUYKe":1,"aXTbSFHMHHVbReIYBRRCaSddQeRHfAFZfWZffIKdFHaO":1,"cQZJALOdeEEBFfZLMBUXCEFRURURHe":1,"NAFLeNIJSeZRBUfFAeFHOReeYbOMFcHYKe":2,"ZVLLBGVPLWCHBRfOHfKXNWXFZEVC":1,"febIUONSFHBOAIEcVIZdRRT":1,"IZVGHeCXLHbVFbXUCeeDNQUZARYfYO":1,"YWYHaRMSAEWQLTLbRWKPC":1,"NVSGZdFDLOEaXCfAOCeTeBZEWWe":1,"YQKSXPTLKGBfSOaKecNfTRe":1,"HWAFYWMdAHdJQVVTHVC":1,"bOcGYAZERMZVBdWBObdKBQGMZMO":1,"INQHUYZIEPfLaMbAMHMZMQcCVKLLYaKXOYO":1,"YdXfTHBfPSYNJcHIfXIVXSKTNC":1,"BCEQAeMZeEOHGZGbDNFKFbbYPQBTKe":1,"HWAFYEdHeSaeZIHSHDaERVceAHHe":1,"cCcCcCSYeJfaNfPESHbfNFNVBUKcTKe":1,"aWQOcYTBOOIBTOeRYCBINQYfMZCTKe":1,"cCHObMPWAEeIcFARSYWPHDDWe":1,"IZVGPVUfEFKYOeeOZbNFbKHDHT":1,"PPXGSCZFRURURNRYZWDOCYKdECHTeUVIZdRRT":2,"aWQOcYTBbJfEDdDFQTXWDTDcCHfWe":1,"IZVTWRGMPOOAUaLeFfZC":1,"BCVPeUIeLLWbAZCdVAeFEcNLGZGcBNeRO":1,"aXTfHAEDCDWOOFcYBVaXTANZGCdQEKSHMRQSRe":1,"TWULHJEfHUNQbHVEZNcaNYCLWOTLO":1,"NVNZWUVVOcZFKIbLWeZQMZC":1,"BCOOOYOKZeSdVXZMKddbQJFYJO":1,"NAFQQADZQUAIIfOdASUTbC":1,"NAFQCJWZUbGQDaYfXPRQNCFeZIJDNSNC":1,"HWAFNSGWWWHFQZcVYYNcJC":1,"THHSODPNGZfSeUHMDMKdFbQKae":1,"HWAFNZWAdOZHbZC":1,"bQGWZUYaTTDcTBeNDZSdSUWDbWNWe":1,"aWQOcYTBYROdMfNLHSdDWe":1,"fXGWMQcCVKLLNeMZeEOHGGdOAGROXSZFNYC":1,"OMIZERWfbYXMHO":1,"XdKYEGFAZeVNLDJFFKMEcEQPDHCOLZCDWOOC":1,"ODRdHUYScXQOVZXPOXHeCLJUTGCdNWQIXe":1,"aWQOcTEWcfBQDPBFO":1,"IZBTdFPfBKSUaXSTBGCdKAPcaKBbBOSYLYT":1,"HMbECHTeUVIZdRRT":1,"YQecaXYRJLBWHcdXUC":1,"NAFQVUNOdOKBBIUJLMFfOYEQCBVScae":1,"aWHMVKbTBPAAdKLREcNBdEdFaGCfSCZC":2,"AEaBVcYSYeRT":1,"TWPAOPeIJDbXHVUdMAOEITKe":1,"ZcSIcceNJVGGZYfPXPRQdQeRHfCRO":1,"BCdGUKCMeBBJFEWAQHFBAXe":1,"IZbREZVPTLKGBfROQFJDDZCbVT":1,"cQZUdSUHTRLYANAadIeZNMKdSQbZET":2,"aaAJYBVaAJDbAHIDJNMTKe":1,"MCIAFKKZaTaTaBcJPGEbfFeTKe":2,"NaMPOFZYHUSUHYYfPYafDeDC":1,"cCcCcCSYAETfZPHcGRNSVZLWZHOfTDCeIXIRUXEHbC":1,"HHYPWMPdKZXDMKBQVIaDDZIBPbWe":1,"bZWMSGENIbfdeDcNeJXVWMDYCURQTTae":1,"UETTJcbTYUSMfefVUdBAFQJTeCYbeLT":1,"BCTPeMQIbNXGDJEEFHeMaJPSffUUGXKe":1,"BCEQAeMZeEOHGZGbDNZJFRHJPNOGFO":1,"OMTVBENNFZFWaHRHeeMZJeVPDdCNVKLHYO":1,"cCHObTULHfAFFQZcVIZdRJcCcCcCC":1,"ODREGZSIebcGZcVTPMVScfZWRC":1,"ZdLNKZJAEcbFDaPTJEPFWFQHT":1,"YTBeWfCDIXLSGbDaFSRfABNIPRaO":1,"VVOcNNDdOVZMYCdcQPUZCBKeJfQYLO":1,"TVBdHUNLOLOLOOTMfefVUdBJOTXNORe":1,"bQGBPGJIMADXDcVVPePHYYfPHe":1,"IZdFSAPVFfSOVHJaMEATKe":1,"ZOMTXEUDdQbHVEZYUaNZAZOHNBJOTXNAFBOUTUKUDfAMO":1,"XdKYEaEVTNeNcJPEcObECELHNBOSOJNET":3,"NAFQdGFEYKcbJVaYHSKUAZJAUbcARJcQAGO":1,"PcJJZGafIRVVSCZC":1,"NAFQCJWZUbXeCFNZFEZaHRdMDMSAFET":1,"ZcSIcceNSEYKDYWEIFPGUfSVGPQQCXHe":1,"HWAFYTbVYOIOWAUC":1,"ZdfbDBXSCFPCWOXaZPfYeHUHOBNHC":1,"OOIBTVXMAcZEWMMOOdbEWaHePLSIRLT":1,"IZbREZVPTLKGBfWKcBcaMEAbaTaTaET":1,"HWAFYSGPcVDZBTUbERVNUESGQCdeBVOSWe":1,"bLTQHUNWARfeSAAECNdHJeaILYJO":1,"OMHMbBLKBRJVBGVPLRQKe":1,"cCEaLMJXbJZbQLOLOLMO":1,"aXTfHAEDdUJFUFcUKMBKVZMYCISIBBO":1,"HWAFNPIFddWPPKFLFLNKe":1,"OOIBTVXMAcZEAHYcTEfWe":1,"NAFLeOeJOMeXPQeNCGVfSCMeDDae":1,"AEAFPQXRaeZCLDbUTPOfFRWXFZEVC":1,"BIUJLMJVfNafMUfBFGFOAIEcVIZdRRT":1,"eDXJNSacQSSPXPRQMbHAcLRfdAMTXEUDae":1,"UaDaBAdLeVRfXPRQIbNAURAfPVT":1,"cCcCcCFZdOaBMWQUIZDHTIcPWIXC":1,"fXGWdUDGNKJXcGBeDdeFCYAOIBZMZC":1,"VVOcdLeLWCGTLSdMWSOZEdHOUKe":1,"HMeCJHAVXSADORMTfFTdYVPEQDENDdNC":1,"fTZaTaTaBYNZSBJIREVSGDMSdC":1,"PPXGSCZFRURURNHPZAWe":2,"HWAFYBfPDBEDHIWDbKIdDZBHRXMJGET":1,"aXTfHAEDISIBTVZMYCBBLXOLATZdSfbCaceeRAcMcWe":1,"PPXGWPHDDZdSdBTWeWGVUO":1,"OaaKLZfefIMLefBcdCBTFHZRTYC":1,"aXfGEbfFRURURYAFHSdIeZNYO":4,"GCSXHHVQIZDFJNLcOdHKLYZWdKYaFPeNWOEXKQLNJC":1,"bLEBBVYUBUAZNdMAZdJAINRe":1,"INLcSaERMJDJFFKFZEHe":1,"OOGbOTdKNKNKPeYTWTUHDFbWHDCSVWe":1,"ZdLNKPQFAeDHRQRFHT":1,"OMIZdJNQcBBMHO":1,"NAFQVUNOdOKBBIUJLMFefPZEfKFWWfaGO":1,"HBOAIEcOGdCMOKe":1,"eEBZSYTAeALFePNBacHOdNTWZHT":1,"HWAFYEPMWIdfYeCIObTae":1,"HWAFNRYWLQOSRSCReeRe":1,"NQEDBcRJFBESWMXCEC":2,"ZcSIcceNRXSTQLeZdSPINUdNPIHe":1,"BIUJLMFPAACJWMdIKdFHaO":1,"YTTHbXeeVeCFZAcbRbROfLMVNZTMPIMbIZDFDORMTfLT":1,"febdSANFRWdNHIQJbYROKe":1,"ABVYUNNZVPXPLSdMWGMOIaMEAbKMPAfWe":1,"HCZVFaNZXCbYPTBVYScXQOVWe":1,"IZALOLOLOCDOHJPVCMILEEBXe":1,"HWAFYWMdICXBNSYSBNaKe":1,"HINZJLeUXSaZbdKNKNKPJdBJOTXNORe":1,"HWAFYBEYFbYOdPACLO":1,"eDSdUfYPQBcYZNMdbDcbOLRe":1,"OLGZUTPOOOCaJebTZWKNYT":1,"YTBeWfCDVAUVKfBLWeDZQNUTEYMO":1,"bLERMTGDCDHDbfGYUXdOMYaNfLTRe":1,"HWAFYWMdCCTQOZaDJPae":1,"cQZJALOdeEEBFfZLMYWbMRAOAcEUWPHDDWe":1,"cCHObBYQfBNSWTDIPPQFFcSaXYRGMOOIBBO":1,"HWAFYTfeZLHaO":1,"TfNZeFcCJeaILYDXeLfZfLT":1,"OaaKLRXFKOOSZDQXKCQMWWEYcZGO":1,"AEUaYPZHSQFUUHSUebQTZOUdTC":1,"dLcXJeITPVNeJMBZbeKRRT":1,"YTcEAJDTbAMITKe":1,"NAFLeOeJHVNTPeVZAHGaCGbbNZJFJadKbCTEQCZFbNXGDJae":1,"TeCOeJcCOTKBMEWLWXAEPfeZDaGaCGbbHe":1,"PWBJfbHXSceIabPOZRTeCIFHXCbfZVO":1,"HWAFYTfbacWXT":1,"HWAFNJbaOLPYKDcdSJXOTEdaWYO":1,"HWAFYDEZREeJIRBcVScbBNLPIHfSbfZALMO":1,"ABVYUaXEbQFHePLSIRFaRDPHe":1,"HMbVZMYCOeVKGcERQTfWcYTET":1,"HMbOCaJeaJERObWNWe":1,"NAREDMJaAQLOebQAESPBDOLWBOfKYIIBcVKDSET":1,"IZVBETWRGEAJbARTKeePUcedJHBVUC":1,"ELSXHWXWEHDDDSeONOXT":1,"YdXfdKNKNKZUTPTQTUMKPREFcEBYJO":1,"NVNZWUaMZXRURNeJMBYGaePTWEUOaaKRe":1,"aXbSbcOQQVWXdBGZXeYBBVYYT":1,"ELSXPeJIPQJQVVdNZTeCFEDYcHVPHAHUHe":1,"eDSdUbZRNWBOfWVWNYO":1,"IZALOLOLOCDOHJPBJXBHAPFPMdFO":1,"eEBZDEQdASUTbWeDZQNUaNSVRaUFIMNFcKfbHJLHFJO":1,"AdZZMQMLSWdRdJceBeWe":1,"IZdHUYWESdMWWHDCSVZXdGVDZSdSUWDbIUOYSIUC":1,"bQGBVIZdRJGINYTFIYaXROZdHUNcHe":1,"IZVBEHbVFfFeNDYTUET":1,"TZUfIFOcIYUIKPSCPEQeLVZQLNJcCWcYUcO":1,"NAFQOCUcLYANAadVeKZDYBLcOcOIIeSGTIKdFHaO":1,"fefSKeESCOONdPGKNSCMHVPHALOLOLMO":1,"HMbdJOPFNLcGKXCKZWNWe":1,"AEAFPDGYWEYcZbdBRXZXe":1,"YTBUIHOdVLBLBGVPQWIbdPXILMUC":1,"fXGWdJHBHVPHAYRKZZAXZLO":1,"HCZVFaNPBePYXeeBGXGOcbNXGDJae":1,"NAFQCJWZUfKIUSBGcCCWAOZEVC":1,"bOcGcCEaLMJeVPDdCATWPHDDWe":1,"cCcCcCDPCDCcACOJOMYPNdeBVOSWe":1,"HMbVVGBadQAQIZbWNWe":1,"aWQOcYTBTLEVDERdafNZFeeSdPXMPPWfZXRT":1,"HMbVAbcKfRPWXKfBKdHUHe":1,"cCEaLMRSLTSJEHbCGVKe":1,"eDUEcBIUJLMDPdWZIXXcffHHAcZMC":1,"NAFLeOeJOMOLZWDTPPFMLaDORTNJPBDdPIdJBZfUNLT":1,"HOdCLVXcNNDdONTYVOdQeRHfEIEYIbJfEJO":1,"OMaXaePLSIRSHT":1,"aWQOcYTBbJfEDVacDdQeRHfMFEFGO":1,"bQGBVIZdRJGINYTFIYaXROZEPYKDcdC":1,"HWAFYbIeIPNQBDVRGCMRXZXe":3,"OMHMbdQPeXIUEBFXBeVYZIUONSQecLUTBYKe":1,"NQEDAURAfPMVMIHVHYQSUPVTNSHNYO":1,"HCZVFaNPKGUJeaILYJO":1,"AZNdAYbeDUPDIUNZcNRbDbeQMITfdAHLT":1,"NAFLfOdASUTbRSYEVJDTKe":1,"OMTVBENNRYXcCHHRHbENHKKAGVT":1,"NAREFacTTNAIBaFOXT":1,"AEUaYPZZGbdEKQRVJcQYIMdUTSDPCJWXe":2,"cCPeYGIZSIeDUbRJCZaePXe":1,"eWHJdAQTEfEITNPffYSYNBYTET":1,"ODREBdZWTQCGVTaWeVHJefOBMXT":1,"NADPFBbSFcFXeUNZWPPLbSIPRLXe":1,"aWHMVKbTBPAAMFMZVAKLZWNWe":2,"fdJcVSdMWZBNaINKVTKe":1,"OMYdVNNRbGADDBDOLEPBPUJcXe":1,"HWAFYNFIYJKVSSVWe":2,"dOXKfQFAeJQFbJIVO":1,"PPXGSCZFRURURNLVBHVRVKaMUHGeFZBQIO":1,"YdXfMTXEUDdeOYSCaIfWcACVVLZPecOEO":1,"HWAFYBfPDBEDHIWDbKIdDZBAeScNVBUKcKe":1,"GCSXHHVQIZDFJNLcOdZSAcJHDFXXccBPKe":1,"YdXfdKNKNKHUSBAPBRYcFITC":1,"AEAFZdTYMIaYfPHZVUfCRe":1,"dLcXJeITPMObOVKGaFEJKaEHT":1,"BCVLBQFeaSGMWZNAOOMNXC":1,"bQGBIUeBAHUZeWNZJKbIYUNfSeVSTdTUC":1,"HMbOKNIUALcGKMFdHUHe":1,"eDSdUfNDJEFVWITRfSCMeRT":1,"NVNZYeJBBYZUeQKBBTZMcET":2,"HMGLLBLcMMeHGFceEDJIaYbIUONSQecLUBO":1,"NADPFBbSFcFXeUNZWPPLRENZFfBJfBMXT":1,"HMbdGFdKAcQJFfHPSOeKe":1,"AdZZBJOTXNOQZJFJadMXbIPRaO":2,"PcVFHMPaSdIeZNNAFLWEPYKDcdDDSTSEQGO":1,"HMbVZVCGCcYTET":1,"aXTfHAEDBOSOPRSAeUDUKVZFWbWOODPBFO":1,"HWAFNcLPLWITMSYNJUeAUCFcNcNKe":1,"eDSdUfMPSXZIUONSFTUQODPWAecDKORe":1,"YWYHaGfZOIZUEXODZJODKdCYO":1,"NAFQdGFEYKcbJVaQWBCYbSVbYSLbKAQGGLT":1,"cJZSIAGCbcLSbDaLSGDBXNEYT":1,"HWAFNeOYSGDMSCaIfXfQYT":1,"cCHObMKdFEVbFZVGAZaePLSISWTPWIfcdVT":1,"BbePdKNKNKZUTPOHHWcZZBLZWVBGCccQRCMZC":1,"HZUaQRSeBcKHSYeGXT":1,"HWAFYDEZRdJfeVAXNLaUNQJTedPUcYO":1,"TZUfIICNCNKBTKXYPaGKTIbYO":1,"bLEBBVYUIZdDMcMdPFKFBOPdQVMSdaHMVHSGFO":1,"OMYTBaWQOcbFDaZDNFMYCeXe":1,"cCHObECVVDDORMTfFbRZFJGO":1,"HWAFYYNQTbVSGAWTWMRPQJO":1,"febdSANWBOfYSYNBMbfRKIMbABOfPGLKcZXe":1,"OVYPUQWIbAaLFSebUMeFLO":1,"AdPcRXUDDFXPSAGRHDC":1,"bdPBQRSINfAONWeDeRTLcffPFDUC":1,"NVNZWUATYZBaccNFZVSKBMWeJdFGNGae":1,"ABVYUIYBdOFVNZOXEHe":1,"BPHMAbFWPJfYYNJBCC":1,"eWfbadWIRcTAFfKDXNfIOXHbZNHC":1,"NAFLeOeJNAFLJPECVVDJYMBMJIeFHe":1,"NAZZIfQAZFLMTeECUJCaTTKIKdFHaO":1,"EUXPNMPXKWBFZVLBLafANUYO":1,"HMbVAbcdJXIIHTPMObWNWe":1,"IZBTdFPfBKSAELSXZWQFOLQDRCAGZGXWUJNQQdKBUPIMLZYIPfZET":1,"NAZZIfQAZFLMTeECUSDPAABGXIZLTKe":1,"BOebGRZUTVGUVHNPMEUXPNMZKWe":1,"cCHObMKdFEAQdOBfScdDRfBSdKNKNKWe":1,"BIUJLMDSWPaDMWXFZEVC":1,"fefSKeEFcIADWHCDUFYQXUZWPHDDWe":1,"YTBYNJXCceEDdEAXNJCVXVVUC":1,"eRYPHbcGRcHWVdCdfaefcVDZBNPbNKe":1,"YTTHbXeeVeCFZAcbRbROfLMVYAFWe":2,"NAFQVUNOdOKBBIUJLMFfVUUADDRHYTKe":1,"eEBZFJZeOQPPHFBddQSMaXdRT":1,"cCHObECVVDDORMTfFEIZEHaZVUbCBMNLVT":1,"eWfbWNPPPTJEPFWFQcdXUC":1,"HWAFYEEBVcPDIaSGabRbSFMLaUC":1,"NAFQCJWZUbGSRaPSZWeAQPHbQRfAZbaeKe":1,"HVUBYBBVYUfFdHMTafPXPRQEdeXe":1,"aWQOcEFeLHNVVJPALCHT":1,"HWAFNeOYSUaecfbEIEYXT":1,"ISSfYWZWREfWBQBTUfBUPHe":2,"eWfaQRAOAcEUFKYOeeIKdFHaO":1,"fXGWOIbLJHPLcSaERMJDC":1,"HWAJLGbbeLbIeIPYBAFBVFTUZSdcDZVAMO":1,"BOeaGSSFBKROQSfPAdGUIRfVNPaXbBDORMTfLT":1,"HWAFNeOYSfXOEIYZEDNMfXLMEO":1,"aWQOcYTBVMXNPXPRLO":1,"ODREGHXFZPeZYSHIfDWQIORe":1,"TZUfdbYfTQULATZdSGWUFRURURHe":1,"aXTfHAEDBOSMbYdOBZHFHMPdTUC":1,"OAZOXHHZSOBQeEePQYT":1,"IZVBETWRGMMfEDdeZOHeYHe":1,"YWYHaUWPHDDPCbJODKPIPODWe":1,"PUTCDCcBUacEfBaUEIQJBeaT":1,"HMeCJHAdKeWUEEOdXNWfNJOET":1,"HMbMYOdAURAfBfSXIOCARSTRTfIZbWNWe":1,"HMbdDJXcMKAaFYNLWLdNHWTRTfIZfQPBOFO":1,"aXbSbcBUcJaRMSAdRTUcCcCcCC":1,"eDUdGVdNMKQKDJIOAIEcVIZdRRT":1,"dLcXJeITPMObDSDYPVIRPRe":1,"eWfCDBOSVIHQcaMEAbXcTCaIbSXT":2,"ZOBJZGTUWfaYYfPYTbGNEVdZOMO":1,"HMbBPMINPPKGUSCZC":1,"NAFQVUNOdOKBBIUJLMSKBZNdUDDFHJCdCIJRFHVFYTC":1,"dJQcIaOLBXe":1,"bLdLOLOLOdQeRHfCeYQCFeBAEXcBdHDMQPYO":1,"BCEQAeMZeEOHGZGbDYdaWeae":1,"HWAFYWLJWcWOTPeXe":1,"cCHObIVIADIBNGSdONbCNLOLOLMO":1,"aWQOcPcLHFDdKNKNKZGSRaPSZECEFSWe":2,"HMbBLKBRJVBGVPLRQKe":1,"GCQKEaAJDbPXKDfabSWUHbWPHDDWe":2,"OMNNSCZDEDdWSXePEaJPGAAQeHT":1,"febdSANSGDJQaCRbNZBUfJDVSKe":1,"aXbXDDZNPcRXWcDaHFBddQWbWOOC":1,"HWAFNeOYJXAadNONMOKe":1,"bLdLOLOLOTYVOVfLeVUcTAKVTQWUZbeKRJdPC":1,"fTPIMLPbTfBfAJEAHYGGET":1,"dLYHMRFeRLBBVYUTDXbEATZFPCSOONC":1,"NVNZYeJMEZCPXPRQdDSdAae":1,"OMeRQDSFLFZNAdBAFVNaLaETeDdWe":1,"BCdGNPcGZfdeQcUYSYHKJEWAQHFBAVPfC":1,"BCMdeLAbIBHXCbfZVO":1,"OOIBTBBLXOLXEOBTUSPJXCHT":1,"NAFQdGFEYKcbJVaQRSALZPIeANIHfCcMLaC":1,"ODREGZdaAYWXDHIcNQJBCC":2,"HMbIZJBANFMPQSTEDFaTbYBXe":1,"BIUJLMJVfNabXDCJSESbcGOIVNRXMFDFaT":1,"HMbVAANFTeSUbENHUHe":1,"HWAFYBfPDBdLEaBXe":1,"TeCOeJPQQBJLUUXVSfCSRBJNNfGPCDGHfYT":2,"GCLaYCKdFYFcCbNBOPVKFESTEYT":1,"INFdCDVZMYCAZbGcINNDaeKe":1,"HWAFNeOYFWUJNVPNFO":1,"cCHObVdBEUSPWRfQbDbEfXZQbC":1,"ODREWQcbdbfMHVTWRGNVBUKcTKe":1,"OMaFEcSOLBVYYdRT":1,"HWAFNeOYSBbQAJbcXCEC":1,"HWAJLGbbeLNJVJPZXAJIWRAQZfXILMUJINFeTXe":1,"HMbTYWeLJFBBaMEATbWNWe":1,"NAFLeOeJAdUKDbecMLaDBMdeOMWe":1,"NAFQCJWZUfJaAKDffSQRTWZBNHDFXXccBPKe":1,"aDMRDfUFFEPQBaYbTQFLGHOCUC":2,"HWAFNeOYSBVJSEFKXNJdUcOHT":1,"NAFLSDdcfeJJNWWNRJGdAFZfC":1,"BPHAfaRIMJRBHLdRTKeePeCdRbPYFJC":1,"OMNNSfCSRBDcNPbfVMDXAWEHVC":2,"NAREFacBLfPIHYKe":1,"HWAFNeOYSCaIbNfHZHT":1,"fEOMTDOOMNVLWPGGHWLUTMfXLMESGZeKKWe":1,"aWQOcHKdXdDPNDJdQJEcTeKHMeTC":1,"NAFLfOdASUTbDIdJcCJYOccCVDeKaNeWbXMbdRRT":1,"YNaXTaSdNBUYLMcXT":1,"HMbVacDNOdRSCXJNBOSMFMZNdCLYNZNZAGWe":1,"bLdHUNcbdQNcRbZEQDPJRWe":2,"aWQOcYTBbJfEDVacDdQeRHfVCMILaAFZKXe":1,"HOdCLVXcNNDdONINSQFSUCKVSVJPVT":1,"HWAFYRQfUUeDUfeSXfZdfVCMFDSFSWe":1,"HWAFYHVRFeRLeNGTOJERXLMLFSWe":1,"ODREBdFCSDWLKTPBXLAHSLdaRO":1,"aWQOcYTBNLJPSePVCMIRe":1,"BCdGNePeEBAcUYNTQWe":1,"PPXGSCZWaZXbSYbQMUPNZFZeaPRe":1,"adUAAdCYcPSBVHSCGVbaORe":1,"HWAFNWTCUZZOeGDdKFBKIBFBEEEJHO":1,"AdeKbOTdfdRMebfSPHIcNLRIGLT":1,"cCHObdGUKCMedEKRbdPfIVXBPKASYeJcCcCcCC":1,"fEOMfdbQdRIYdXFNPIITfDHCOLcO":1,"NVNZYeJGdAFZfWHSVCHCTeVUbQWe":1,"ODRETYeYCNOSHeCXQcaNYCLUSUZLFcFJdRKe":1,"TeCOeJPQPIFdCACfXPRLO":1,"bQGBVIZdRJBCJLWRHZGSNCDWOOC":1,"VVOcTRYZLWZWORTeCISUZEYYEO":1,"bQGBVIZdRJBCJLWRHZGSNMTXEUDae":1,"GCLaYCKdFYFcCbNBOPVKFESTEUOOIBBO":1,"HWAFYDEZRdJaWYfTRe":1,"TAeObWXFZEVDAQOAdZJScUC":1,"HWAFNRYWMVbXEQJaVWMDHe":1,"dLcXJeITPMObDQKIUC":1,"INLGPZPFBFKcFYdJVIQYfACLO":2,"BHDTJdReLLCBLZBeMbFMOFIbeDUHYKe":1,"cCHObMKdFEVRVVPKLZZVCMISLDTLZOXJOOIBBO":1,"cCHObTPeAREDRETWcfTOQKFUPTLKGBfC":1,"IZVTWRGaDKTSAaaVYYSPIDUPOBNTBdVPGFYEQKe":1,"VVOcMKMBYNFPdNYKFFTNOUbYfIYOHSedFLKIO":1,"bQbYWXFZEVWKMTUBNADPFEfbCDWOOC":2,"NaMPOUbAKeWJafdOLYdTWObYNYUO":1,"YTBbdHbdDEDBcfdFOKTBNHC":1,"bPFYTBMWOOVZMYCIXQeMEbaO":2,"eEBPBJFJZeOQPBOBTUWTNUC":1,"YTBYNJXCcNGEcHZFGLNZZTDCeMJYGIeKe":1,"YNaXTbXALKFTCWTUTZALSIWe":1,"ABVYUNAQGPQZZJRZaKe":1,"ZCaDMSGOHBTDOOMYTBaDMC":1,"bQGBANdSSFHPLPBQGMcNBOFO":1,"cCHObXKeNJAbIeWHQWPHDDWe":1,"OOIBTVXINLcMYNaXTfMZKPHOUKe":1,"bQGBPZdOWcaTJPabSWUHbWPHDDWe":2,"HWAFYRKGCfeZBNUcO":1,"HMbMdIXdfdTRKdSDeSeZBOFO":1,"HBAdWABTXNPUZaeUFDQYT":1,"UYIVaVbMVYNFPdNYKFFaMEAKe":1,"fefdLWEYQGXYIeBZSJOEIKZBACHBRaeKVVCLT":1,"NVNZWUBIUJLMJIAMdbDcbSTUXSaZbMOKe":2,"NAFQCJWZUaYJKSECYBZSBVNRXMFDFaT":1,"aWQOcYTBOOIBTBRfefWcYRfLVT":1,"eWITPOKSKBZNVVbcOAIEcNVFCHC":1,"dDfPJcbWEYANAadTDCaNUUDeQcJUXO":1,"YdXfdKNKNKPZZWLKVHNTXaJNAFfQXT":1,"BCTHeUAFfffXMPLVJGKTJVJBBPbBfC":1,"aWQOcTEYDCMYWfDdMaRIScdeUKe":1,"YdXfdKNKNKPZPVAecNfEHLeNBLFfZWLKVHYO":1,"fefdLWEBHVCFYGORNXWUIaaOae":1,"OMNNSCZWBZcZbSTBPMaMdAPVFfC":1,"UBKeJOMfFdHMbLYBUJcbTdDIXAeMdMSBFOEIEYXT":1,"NAFQQAFJZeOQZREKdZCJVcTC":1,"INLGPfECIAaKLHPPYHDESeRQFKYOeUO":1,"OOGbCDOTAZAdFcEEHJebAHYfWZJae":1,"YTBIZERWfbYXMPBUDLC":1,"YTTHbXeeVeCFZAcbRbROfLMVNRHe":1,"HKBAEBBZRFZBBTcO":1,"cQPHbcGRccQYIMdUfEJMFbFUIVTESMCC":1,"eDSdUbUOADfSUdfZeeELSEO":1,"cCHObMKdFEVRVVPKLZZVCMISLUDZSedLOLOLMO":1,"eUFJZVacKdZJVVUDORMTfLT":1,"MRLLLZcVXGXBONSLT":1,"ABVYUYNaXTfXAPEeNSBedFeWKUVHe":1,"IZVTWRGdJMTRILYYSPIDUPOET":1,"aWQOcYTBACKbCQMQRe":1,"eEBZFJZeOQPTJAAdbGIeFfMcCTPFeZKUIWcaICNRGLT":1,"UETTJbZWMZfPGOaYdBGQIZMO":2,"cCcCcCFLFHaZFdGdfTIEBFUINHC":1,"eWffHbcGRcTeCYbeFbINfHIDJNMTKe":1,"HWAFYYYRKGCaRXLMLRSUPRe":1,"UaDELaBWPVCBGWcOCfWPcC":1,"bLTLSHIfDSfdFSSBHHGGZWNWe":1,"YTBaXEbQFPIEEBBcFPIWJbHFRT":1,"HBISNFZFEUXPNMPKUGO":1,"YWYHaGfZOIZIVSEQUEQERZYGGeTC":2,"eRYPHdZcSBdLHXSGdNJeaILYJO":1,"YTTHbXeeVJWcWPaDMWOMHTcNSDEWCAWdPZKe":1,"eDSdUbJARGZaaNRaO":1,"fTJXNCSLFJZZVCBOPQORHe":1,"aXTfHAEDISIBTBBLXOQWBObbObSVHLeNBLLT":2,"aWQOcYTBHBTLEVDERdafNZFeeSdPXMPPWfZXRT":1,"BCEQAeMZeEOHGZGbDYDaKLITRe":1,"fefSKeEDWHCJZARebJXGePCOdLZaTaTaET":1,"YLXASfBPbdFDBPVOaDUC":1,"HMbVVGeDaZXOTJBETLISOSCZC":1,"HHYPFOWPHDDZFUdJVEFASOdICFHUeUae":1,"OOIBTVXINLcMZNEdZAGBfTKe":1,"BCdGNRAZYGccEbeTLaAFZKAUdRXMFDFaT":1,"AEAFPKIJSHXdRT":1,"eWHMcCcCcCSKBZXYRVceNMGBDNJeQDYBC":1,"PPXGSCZFCFcCZVdcSQBKQKe":1,"fTZaTaTaBfFdHMAZfeGEEC":1,"PcJDDJZGOXT":1,"PPXGSCZFGGYDVZNMPHVC":2,"dLYHMRFeRLeMXFZdTYMIbYTTNZObbC":1,"fTZaTaTaBAZTbYCTWZHT":1,"INFdBOSTPeVcDHBYAZERMC":1,"aaOCZFRYNYaKEeUOHSeEHNPVT":1,"ODRESfPeSEYHbAeaWNZCTALVT":1,"HWAFNRNHWMSXe":1,"fefSKeEFKMBKEOcYRISUaPZdMcCcCcCC":1,"BCOEfSPMHTcYTBGdAFUKKPdAHFOUTBSSWe":1,"TWBBeJYTBGaWXCFafEJPAXZQIKdFHaO":1,"PPXGSCZWPHDDZWDFbC":2,"NAFLeOeJOQeOYFCRFZMbYWMPSYaET":1,"IZVGHeCXLJTVFbXUCeeDNQUZARYfYO":1,"BHDTJdRNcfeJFQbMWeDZQNUaMEAKe":1,"HMbTYWeLJFaMEAfabSWEWZWNWe":1,"OLBEJVIcVOXT":1,"cCHObMKdFEVRVVPKLZZVCMISLUDZSeEBBVYYT":1,"YdXfCDWOOWNEaUPfSCMeJECBLeENKe":2,"NVFVcfTbdNNSYHXTOJDNFIaUJdDBKWPHDDWe":1,"YdXfCDWOOSCaIfWcUXWAcbEDGXe":1,"dLcXJeITPMObDSDHe":1,"eDSdUbKHfGBeTC":1,"HCZOKTfGCaNPHcXdKYEGHNfLae":1,"cQPHbcGRcEfFbaBYWEIFYbdbVfHPdMcQYIMdUPTHT":1,"OOIBTBGPfBKSOHYYIBPNFMYCeVPfC":1,"aWQOcOOIBTdQeRHfEXNUGUSHMaLMJYJbVWe":1,"OLZfebIYBFRZIAKLBJbQGWSVOZGBaeacWXT":1,"ODREBBVYUOLYeRODWITaNFEBYJO":1,"HWAFYWQJJSVHFAUVcIO":1,"HMbXLQAFRGEMEaXGbRbBOFO":1,"OMTVBENNFZFJFRLRGO":1,"YdXfMTXEUDdHcXJEBSRVfBJZVcWCTZQWe":1,"EUXPNMHfLebbMHSWedNDeQfYUXVaKBIecO":1,"cCHObdRdJJXCcaWQOcNNOaUALOLOLMO":1,"IZBTdFPfBKSAELSXPCbXbSYbcQcDKZVFRTKe":1,"HVUBYBBVYUMMfEFQTXWDTJKDKaT":1,"VOffSLYANAadKBFPTcAATIMZMTWGO":1,"OMGfHOUbeKKPXKNdKVWMDNPIHAdLVC":1,"cCHObONdPbIZFbYSfDcfFdHMbNXGDJdLOLOLMO":1,"aaMLFXLYSfDcHaZFYWEIFNVBUKcKe":1,"HWAFYTaYbZNHT":1,"HWAFYRKGCbGNMQMLPSCTaMO":2,"NAFLeOeJOLcLcDMbZfFccRVT":1,"aXTfOFJZMYeKTcABVYUHTQZTQUERBdSMHBaWQOHT":2,"cCHObTULHfAFFQZcVIZdRJOOIBBO":1,"IZbREZVPTLKGBfDeHeIeNJVEVC":1,"aXBNTfUWRFMeJAETfACQCALZUEXODPCcVIZdRRT":1,"YdXfMOaYYfPNFfQIYWYHKe":1,"OATBaYHHHUSFKCTPROET":1,"BPHAUbWNZXGOXUSHXT":1,"OTfdASFMNbQMdCNETWeZLO":1,"YdAeYdHWNOTMeAZcGcZUbSBLXe":1,"HWAFNeOYDUMAPYXMHO":1,"aWQOcYTBbJfEDELHfNEIEYXT":1,"HWAFYSGZXbTYC":1,"cCHObEfEITNPfbeQMITaSdFaLbFDXFZMIcCcCcCC":1,"NVNZWUATYZBZNVQZVTDdPfPPFPWe":1,"NAFLeOeJOMOLZWDTPPFMLaDORTNJPBDdWe":2,"TVLLUbELBbFDNCKBUYLAIO":1,"fXGWCafXJKDKaT":1,"HMbOOTWVdNHWTRTfIZbedSHfeRbEfKFWUC":1,"NReaHfUEYYPOCXDOET":1,"TWULDEZREHDWNZTLZBeMcQYIMdUAZdJAINRe":1,"IZVBEEEJPMZeFTWePWe":1,"fefSKeEFcIADWHCDUFYQXUZFRURURHe":1,"aXTbSFYTBHMHHVbReIYBBVYUYNaXfLSKDBMdeVaAFZKXe":1,"TfNZeFOBcDZDDUZeXT":1,"XdKYEaEVTNeNcJZWNHRbAMSEJCLfZYPXPRQEDaORe":1,"NAFQCJWZUbEXROEccQYIMdUTWfbGQDaYKe":1,"HMbVZVCGCcOOIBBO":1,"TWUQQbHVEZNePeEBVHDWNZGSRaPSZbXEIZBGaWXCFafae":1,"AEHAFPRFRURURYZVZWDWEbYbOWBcaKBGO":1,"MCIAFKKHYYfPNQAJLHFDdUUC":2,"aXbISHcAaPdAHFeMbFDaPKIC":1,"MRLQeIJDORMTfFOOIBTdLXbWe":1,"HWAFYWdPKeEeWXe":1,"aWQOcYTBOTfdASFbLYUbQHQHDDWe":1,"HWAFYDEZRdZbVeUZDYbIeIdKWFHcKdZJVVWAUC":1,"NVSGHKLOWWbBYOWEaXCfAMO":1,"HOdIICNBUPFDUSUICFceHEVFKMBKAPVFfC":1,"eRYZDYDYOIKdFHfVfFfZdOUcO":1,"GfHOUbeKKPXKNdKVWMDNPIHAdLVC":1,"OMHBABKHUcKPebBGZUdcCGZMWcbTFNeKe":1,"YdXfdKNKNKHUScWaPCUHMHeIWC":1,"TeCOeJePEJBMCCdGNROZdRJOcIYUNALOdPTDBSMDRXQHUHe":2,"GCSXHHVQIZDFJNLcOdZeYSSETYcbWEfZXXddOERe":1,"NAREDMFXeSCNZWMVC":1,"INQQMJJHMVGRCfWSFULXcLfIMbIZDFDNCXO":1,"fTZdEYaSdNELZHDeFNZNFTUQODWe":2,"HWAFYdeRQdCYO":1,"fXGWdUSYZTNReKfaKAOOVT":1,"IZVTWRGTZECUDDJeVGTZVNWe":1,"BIUJLMFQTXWDTSVbXQSIZGPECHTeUNPGJNZWPaDMC":1,"TAeObJNGLTLRENZDMQPNdcCJJaaSLPQBTfUIaNZXQYcO":1,"HWAFYBfPDBEDHIWDbKIdDZBXCEC":1,"cJUJDbfGYUXAUADbSMO":1,"HWACcMLaUJMFRTaWNcDfaNKe":1,"IZVGPVUfEDdeZOHeYHe":1,"BPHMAZTaHPeZBNUZMYXDcYEVfdZRO":1,"PWBJfbHXSceIbZRAbVcXdXDNEXKQLNJC":1,"cCcCcCDPCDCcfNYbOEYRAbYPbbTZWKNYT":1,"HWAFYTfbacWCcKbOFHe":1,"fTZaTaTaBYNZSINSQcaGKRRT":1,"HWAFNRYLJVDIDFKORe":1,"HCZANHDdLYJPCSIdTKeFHKZYDDOLBZTSWe":1,"HWAFNRNFSUCDBae":1,"IZBTdFPfBKSAELSXPYUFfDfeYAcOINGUZDMQPYO":1,"IZVBBVYUBUGKSGdSYO":1,"aWQOcYTBIZEVRNQcedPXPRLO":1,"AEAFSXZCTPMPMADDbddQHT":1,"cCHObTULHfAFFQZccWRBcCcCcCC":1,"eDSdUbKHQadTGJNBdIYBZJVcTC":1,"aXbSbcBUYWYHaRMSAdRTUcCcCcCC":1,"aWQOcYTBBKbVPFCWeDfBAKae":1,"eWfaIDJNMTabUHRbdFIKe":1,"OMNQEDIKELcNQKAENUEcDCacUO":1,"TDXbdLOLOLOCcTaJBHKZYQNTREWaEO":1,"OOIBTKMDNdEPDGYWHFfdQQXEScXQOVWe":1,"HWAFYRQTaNVbIeIPNJKe":2,"OOIBTBBLXOQcQBcPbZIVFGWfdTJbHT":1,"cQZJALOdeEEBFfZLMBUXCEWPHDDWe":1,"NAREFBCCUFFWeARfDRfEOLKe":1,"OMNNSCZSOGXCcZCBKeJbWPXXO":1,"eDSdUfPPART":1,"eDUdGVHMLMJdXMRfUWXFZEVC":1,"ABVYUaXAZfLdZGIGPZAWe":1,"OMNNSCZWDBTJXIIUIVBFAPYbIeIPHe":1,"HWAFNRTKeeZaWe":1,"eWHJdAQTEfEITNPffYSYNBdLHe":1,"bQGBVIZdRJVVPePPSHRReKe":1,"cCPeYGIZeVTNVQcfFKVbONebEWcDaWe":1,"AfPcCWbKMDNdEHXdRT":1,"bLTLSHIfDSfdFSSBHHGGPFDC":1,"HWAFNLOLOLOOAJeKZBfaNKe":1,"cCHObMKdFEVYQGXUGScOTVaAFZKXe":1,"bQEAHSGVTdWPBQGMZbeKRJdPWKPNET":1,"ZdZaYPZZGbAKXVGDPfQeFTcZJLCZBNcC":1,"aXTfHAEDBOSVZMYCBaFKbECHZfYCNHQJYNBaFKbdOSabcTBHYYfPHe":1,"bQGBVXGHVPHXe":1,"PcVFHMPaQHDDZECEQcLPLBGVPLeaHIKAHXe":1,"PPXGSCZWNTPFeZKUIJZTOeTWXFZEVC":1,"aXTaYYfPYLXSOeKe":1,"OMbMWcMdFRGbQfJNGLdDJIOUIC":2,"cCHObdRdJSfdQaRNFOSeDCJWMddKNKNKWe":1,"OaaKLecTYSHJAHTWTUZdaIOHT":1,"aXBNTaUWPWbdfAUdWVADaVYEO":1,"HMbBYYDdWQZQBOFO":1,"HWAFYPNLINBdICOXHe":1,"NVNZYeJGdAFZfFGEVSdVLT":1,"fefSCOJZfIZZRAbOORAZDTRODBNLaPEbBBcOOIBBO":1,"bLEBBVYUAZYIaWQIXe":1,"aWQOcYTBbdbDNDQVO":1,"HWAFYEEBAQTJPAcSfCSRBRT":1,"aXTfHAEDISIBTINLbeTLQSQZRO":1,"INLBdRAZUffECIAEKKUHAbINOffNcUUZabSXT":2,"YTBUIHOdAHFJcGEUcIJKXe":1,"cCHObdRdJSfdQaRNFOSeDCJWMdCDWOOC":1,"AdRYGMHOHNSBYQOSRKVfPENWCZVO":1,"bQGBVIZdRJVVPePPSHYYfPHe":1,"HMbCALZBYeRKTTWZcYTET":1,"HMbKAcQJFYDTeCFEDYcaMEAKe":2,"ZcSIcceNSEYKDYWEIFPGUfJIJUcO":1,"OMIZdFSXIHERdabCTHO":1,"ODREGZUTPAaNCWLUSIKFO":1,"YTBeWfCDEaJPGAAQecVKfBLWeDZQNUTEYMO":1,"YTBHMbEKBeWecNfEVSGFGZJESeHT":1,"HCZEIBSYPGTPdUFSbeCJEXcCHHQJbHFRT":1,"ABVYUaXAZfLdPcRXUJdFCDRTYC":1,"bQEWMdCPYLaALSGQCdBC":1,"AdZZBOSBaQDbXDOXC":1,"NAFQQAFJZeOQPeYTWTUPSCMeRT":1,"BOeaYYfPYNYHNPMMNIRHcEFeLHYO":1,"HWAFYRQYcNVDHZTdLTRe":1,"BHDTJdReLYOLEaMNcfAHHbfKe":1,"YLXASfBPbdFDOeecbXAKe":1,"VObdZZaBTYFGCeCVRJcTfMSPIeKTBHRAEIATXT":1,"HCZANHDdLYBEZOXGFDVCMILfPJaAKDKe":1,"cCHObVKKMadMUPXPRQBQMdBfDeLdEBJWPHDDWe":1,"OMTVBENNQASXVVFXdKYEaEVaETeDdHWNRHe":1,"fefSCOJZfIZZRAbTXTMNZeUNFPCNBEUXPNMWe":2,"aWQOcYTBbJfEDVacDdQeRHfAOZEVNET":1,"eDXJNSacQSSPXPRQMbHAcLRfdACDWOOC":1,"HWAFNQBJFJUEeRT":1,"NAREFcCcCcCDSJRNfaQOAZbfHfXe":1,"cCHObVKKMadMUPXPRQVLBQLOLOLMO":1,"GfHOUbeKKPHcVScZbeKRJdPC":1,"HWAFNLTLAYDNHOeWWGO":1},"r":{"fEOMeOSTIZJCNQOVTQFBNLJeKe":0,"aWQOcYTBeIfSeHO":0,"NAREFOLDaWcXIFYdXfMAWe":0,"HWAFNeOYSGDMDZdZeTDVLBRe":0,"NAREFOQeLPTVBNLTLJVFHT":0,"NAFLeOeJOOIBTEKZSVbYSLbKVDEZRdePeEBVJWcC":0,"cCHObTPeAeMJJfNQbHVEZYREHGWPHDDWe":0,"HWAFYHIEUXPNMWe":0,"ZOBOSKBZMJdDBKFaKdVceVbYANcGLAZdUUKe":0,"ZOBOSKBZMREYbdbEJeNYQbVceVbYANcGLAZdUUKe":0,"cQYIMdUTNOUbWNHYLFfAJYYeFEXO":0,"PPXGWPHDDZKCBPQCcTEYMO":0,"HWAJLGbbeLRcVWNIKLcEJWcJERXLMLFSUKTRdLCHT":0,"HWAFNeOYWKYVVMdddYMdMeeXe":0,"bPFTMGCVFPPKNAPcHMaXDORMTfLT":0,"NAREFOQeLPTVBNLTLdaWYO":0,"HWAFYFGeNBLScEXO":0,"fefSKeEFIMNJPdRfDRbaTaTaET":0,"HINZJLeUXSaZbdKNKNKZLWZHOfBRUDKe":0,"OLdaWELZQCDWOOC":0,"cCHObCaZHaSdFaLbFRKPXLEBBVYYT":0,"OMBKbVZAGDJZVePdJESDWe":0,"ABVYUNQJTeERXUFQcXCEC":0,"HWAFNeOYSVbXQFRWZXJNNVCLVUC":0,"HWAFNeOYDYEaNdNJKDKaT":0,"ZdZaYPZZGbESMQMLefNOSTUPICSSSXdHFEO":0,"aWQOcYTBABVYUEKCWNBOcaGPaXe":0,"YTTHbXeeVLDKZeVAZNdAYbQIdReLJWcC":0,"OLdaWELZQdKNKNKWe":0,"HINZJLeUXSaZbdKNKNKPZHSdINFPIWBHT":0,"cCHObCccQYIMdUTaJBBBMHO":0,"NAFLeOeJcCcCcCWNTRbAOdZWfBJfBZGPTcNHC":0,"eWHMbNXGDJdcSNDeMSPQQDVCUBPSdFDBCJRRIAfUUZaTaTaET":0,"HXedfUMRZWNHQHDDPIMLPDGYUFKMBKTVXBUPaMNKe":0,"eWHMbNXGDJdPIHAdLVBHVDEOONebEJKDKGcCcCcCC":0,"aXTfOFJZMYeKTcABVYUfFdHMPVWCGTQJQJET":0,"ZNTDVCDdPFCDJQaCRbNZBUbSQAbVET":0,"cCcCcCDPCDEOBXafEDNPbZYbeTSLQMALHGaAC":0,"cCHObdRdJWNBJZGWKZETTeMXCEWPHDDWe":0,"HWAFNLTLSPIDUPOET":0,"PZeQJTBJVedZTUSXRUdBaKDDKCDWOOC":0,"OAZOXHSdNECVVDJGOGbRWe":0,"eWfCDMeICKFNcfEEHFRT":0,"BPHOaBAZTabUBWSMTKe":0,"OAZOXPIMLebQfDbLITbTNTMJVdfUFVNaRe":0,"HMbICWCaePMZABQVT":0,"HWAFYTaFAUADZGNOHHWcZZMfXLMEO":0,"eWHMbNXGDJEdeRQTeCFEDeZVXZfAcbaTaTaET":0,"YNaXTbWNZeMNEceMdRYTYcbWaGO":0,"HWAJLGbbeLRcVJdDBKSGdACQdOTdTC":0,"HWAFNLdZCGRYbRSYO":0,"NAREFeDUfNeLLaAFZKXe":0,"BPHOaBaWQOcMMeMEADXKe":0,"aWQOcYTBTEYDMSAZDC":0,"HINZJLeUXSaZbdKNKNKPQfQOHT":0,"TWULFcSOZaTaTaBcQYIMdUELWdZXZTQQBC":0,"OOIBBQMALHYYfPNeOYRAOAcEUFLFTUbERVHe":0,"OOIBBQMALHYYfPNSYYfTULHfYO":0,"OOIBBQMALHYYfPYEMVbEICWBZEWaSEO":0,"HWAFYHIEJKaEHT":0,"aaMRYBENNQAJGOGYTLRQJRfRXe":0,"cCHObIPPQFFNcUWCZLIPALOLOLOBdIcUKVSESXAae":0,"INFddKNKNKHYPYYdbFDaeKe":0,"aXTfHAEDISIBTEIEYITeNJPRJdJKQXO":0,"aWQOcYTBGcYZBdIcZfDRXe":0,"aXTfOFJZMYeKTcABVYUaWQMdWKZGdTKEIVFcNRfDRKe":0,"aWQOcYTBABVYUaKFBfCeae":0,"aWQOcYTBOOIBTdMPBQGVT":0,"cCHObMPWAdFbXeZfWBZEWaSdCDWOOC":0,"YdXfCDWOOScUSAXKdcEIZTGSEJcBIfBYSGFO":0,"OAZOXPKSXPbNSNHRUeIBHAVO":0,"OAZOXHeCXLEdcSNDeMSWe":0,"cCGaYSddOEGcHNAEQfKCePBeZTPSeUFRURURHe":0,"TWULHJEfHUYbFDAVbBHMcO":0,"AEAFZGSRLGKVCMIQWSYC":0,"HWAFNeOYFFVNfeCIYYT":0,"aWQOcbJfEDBOSMKdFEAeRRYDEZREBBVYYT":0,"eDUaYDDOefRfMVMIAbFSBALOLOLMO":0,"aWQOcYTBOOIBTMXWHUSCNVAELXT":0,"eWfaYPXfQUESRbQfXRT":0,"bPFTMGCVFPPKNAPcHMaXWPHDDWe":0,"OOIBBQMALZJARGZaaNRfBYHe":0,"HMbCDWOOJGOGeMVOXT":0,"YdXfCDWOOWNECHTeUeaT":0,"HWAJLGbbeLRcVWNCCCGVaGeFZBQCBMRVC":0,"aWQOcYTBOOIBTCcMLaURARe":0,"NAFLeOeJAEHIOQLeKfWe":0,"TZUfCDWOODXaJPeTJLBWHZHT":0,"HWAFNRYLJVDXKe":0,"aWQOcbJfEDBOSMeeAFSUCKVeENKe":0,"YTBUIHOdTPeADYeNWSFDUVNaLBBVYYT":0,"HWAFYSGPRXe":0,"HINZJLeUXSaZbdKNKNKHUFXSBYQOWcfINKe":0,"OOIBBQMALPbfVbQXLQPaeKKe":0,"TZUfdKNKNKPeTcZVfTLScXQOVWe":0,"HWAFYYNQTbVSGAWTWMRPQDOJNET":0,"IZBTdFPfcCSAELSXZEfKFWSTGGFaNcZRVSOfCDEXT":0,"TDXbETfZHfLebbMIGDC":0,"cJHYPWZJEEZEBaRISHT":0,"YdXfdKNKNKZNTbJRXFNMKdSQbRBcSbSAcQWe":0,"cCHObdRdJSYeJaKBbVCMILaAFZKXe":0,"PcVFHMPbJARGPXAPEPYKDcdWPBcELWdZXZdNUNEIEBGPYSbC":0,"HMbVacDNOdRSCXJNBOSMUO":0,"NAREFBUONOHHWcZZVddOQbDZAPbKe":0,"cCHObdRdJDXaDJPdPPedLOLOLMO":0,"ZOCDKBZMREYbdbEJeNYQbVceVbYANcGLAZdUUKe":0,"cCHObdRdJJXRDVMDTEREHGURXZVBBVYYT":0,"HMbICWTFfFFNPbNKe":0,"IZVSFVTWRGfOSfAWDIcKe":0,"HWAFYHIYTdELT":0,"HINZJLeUXSaZbCDWOOJMSYZEINBKYO":0,"HZUaYZUTPEDRYYdIbYO":0,"cCHObdRdJDXaDJPdPPeEBBVYYT":0,"aWHMVKbTBPAAXTbdBcANKBYfBQJeLBBVYYT":0,"HWAFNeOYDXKe":0,"ABVYUYNaXTbXUCeeC":0,"aWHMVKbTBPAAdKLREcaNMFMZVAKLZWNWe":0,"NAREFOQFLFQPVT":0,"aaMRYBENNQADUMAPNHefKbAXDXKe":0,"OOIBBQMALHYYfPYeQSAdeMNKQdDfTLKGBfC":0,"TWUQPUAWQNMVYTBXOVVURDFKMBKIODdWe":0,"dLYHMRFeRQPcRWbdTYMIbXDOXC":0,"aaMRYBENNLZOedZSNMOBfC":0,"HWAFYTfJaAKDaFAUADZGNCURKIVUELae":0,"TfNZeFcCSHUKYaReKbQNPccObBdeQPXBcaRO":0,"fefSKeEFIMNJPdRfDRaYYfPHe":0,"OMIZdQbHGAXJKDKGHZUKe":0,"aWQOcYTBNbbLJeEdCVAZdUUKe":0,"VCTOFRURURYTfbacWCcYZMHBeZOEfSPMHTHT":0,"bPJAZNdAYbeDUZSQZXSMSeGEVUSZMSMGGTHHSOC":0,"OOIBBQMALHYYfPNeOYJLHFDIHcFITC":0,"OMBUVXFMNbQMdIbOCKe":0,"HZUaQSYeJPOKZeKSdJeQDYBC":0,"aXTfHAEDISIBTMMbYHFBddQC":0,"aXTfHAEDBOSISIBTIXIRcJIePYbECELbcZTTae":0,"NAREFOLTcAZdJAINRe":0,"PPXGWPHDDZKZKCBZdBdPWcDaWe":0,"YTBYNJXCcaWMGZCeNUSPFVWe":0,"HWAFNeOYDVJTWWCQSFafXe":0,"febdSAYUPHBAAKEBBVYYT":0,"BPHOaBaWQOcHMafOVLBQHKKAGVT":0,"HWAFYTabFIRZZBaSPTaFIacWXT":0,"NAFLeOeJOMEKCccTRLHe":0,"PcVFHMPbJARGPXAPEAEBLRSdSZHO":0,"YPNTUTZCWMMCFRBZIVFGWfdTUWBZcaMEATKe":0,"aWQOcYTBTEYDXGDSMSAZDC":0,"HWAFYTbGfeVTJALWQIXe":0,"aWQOcbJfEDBOSMKdFEAeRRYDEZRdLOLOLMO":0,"VCTOWPHDDHUJFWQIOQPFdRNeFBHDTJdReRe":0,"cQYIMdUTNOUbWNHYLFaUSfIFTWAJYYeFEXO":0,"HMbIKELcHOGZWFaYZGNTDICRO":0,"PeYGIHRIZWNPKSXHPeDUfIAAMRaYSUFUXe":0,"HWAFYTfCaSYeGIeMOeBRe":0,"HWAFYEEBVFJYbTDCHT":0,"HMbIKELcMRbBYWKAUVWSSIVeYRAbfSPWSSIAUKNVbdEKKBOFO":0,"BHDTJdReLAUeASHLUXe":0,"dLYHMRFeRLBBVYUHSCLREHGUSUZYEWBebfFVbIFZaaLT":0,"OOIBBQMALZWdQESEJCLfPYSbC":0,"cCHObCaZHaSdFaLbFRKPXLdLOLOLMO":0,"aXTfOFJZMYeKTcABVYUaWQMGcVNRebC":0,"cCGaYSddGFdMFFERTPZMNDDDeCRIPAUFRURURHe":0,"cCcCcCJXCSbcfFdHMTcZJFOHHAVKSYJdUDEYIKe":0,"HWAFYTbVFGLRWSSEJPVWSCZC":0,"cCGaYSddOEGcHNAEQfKCePBeZTPSeUWPHDDWe":0,"eWHMbNXGDJdcSbSFSZNaSLAZWAcC":0,"cCHObdKDLBDbMAZdJAINLTaYYfPHe":0,"cCHObdKDLBDbMAZdJAINLTbaTaTaET":0,"HWAFYAFPXILMWHJKPFYRKGCTaXdRT":0,"INFddKNKNKPCbeVZdXdDPTJBbcGcNEMO":0,"YTTHbXeeVJWcWPaDMWOMHTccTBLWCAWdPZKe":0,"cQYIMdUTNOUbWNHYLFfMPSXZDDUPRXe":0,"fefSCOJZfIZZRAbOOWTCUZceNGTODORMTfLT":0,"cCcCcCWPDYGGcQYIMdUTNOUfAJEXO":0,"aWQOcYTBNVSZCaZDdPLbbdMeAKaXYBBVYYT":0,"BKbVZWNZJFGbRdeFIbQbAdPMTAcHe":0,"aXTfHAEDEVHWEcTNSVbXQFRWZXJTZUFPTWHT":0,"NAFLeOeJYTBNAFQBcJMaMEAKe":0,"BecHXVIBOcNBMDSBGRNQHUHe":0,"TeCOeJePEJBMCCdGNROZdRJOcIYUNALOMDRXLEFDXGDSBOFO":0,"cQYIMdUTNOUbWNHYLFfAJUXWAcaYbDDUPRXe":0,"HWAFYAFPXILMWHFGEVUC":0,"eWfaQJVfYceDFbZNRTKeeHRbdFIKe":0,"cCHObCccQYIMdUTaJBBBMPdKNKNKWe":0,"BPHOaBAZTbXPKVYJWcSXVVQaWe":0,"HWAFYecGbRbEQMRYeWWBBO":0,"HINZJLeUXSaZbdKNKNKHFBddQDVcMLaC":0,"cCHObdRdJWNBJZGWKZETTeMXCEFRURURHe":0,"OAZOXHHHOdCYO":0,"ZOMPGfFdHMaMEAfGTJJbMFJQPYUbUKe":0,"cJPWZJEEZEBaRISHT":0,"HWAFYTaFAUADZGNOHHWcZZMTXEUDae":0,"OOIBTKBOMDZIBNDRMET":0,"HWAFNRYHXT":0,"HZUaYPMPSXZVYMO":0,"cCHObMPWAdFbXeZfWBZEWaSddKNKNKWe":0,"TZUfdKNKNKPRVfEeSPGOaYdYO":0,"aaOCZFVNaLJMEBUWCHcCbZXSZFNYDbEbeAGO":0,"IZVSFAeHHOBJbCMALC":0,"aWQOcabcRFYTBAZNdAYfIMOeaDFfdXUC":0,"ABVYUIYBdOFVYGUPTAeEJUC":0,"PcVJZTOeTFcSBebJTGWDAAQUYdOBeQPQIaGeFZBQCdKNKNKWe":0},"m":"UmFuZG9tSVYkc2RlIyh9YSYxVzxjGa3Dzs3mWAGVKbsZUaI7Id6ICkV5DmToI-idwodtP9XchWMuOoXfQck9MlwoS7VYmFntY0ezEHh57ZznrWA-W5UC_8gkR0XdVFV3SGrwuIw7nsoNRvJ3-NHO3Tt_qFcyX0ujGmWeL-EVLN1AvadQEdvY3NXtvzbxIbIQ7QNg0e2r0uQxQhUA9e7V4iMTJyMPsuu8Y9ZcNQYej-YQX-Vqn1qCz8TNIX2eE80lMYk9oWeDo1P8tzanKW0TOg","t":{"XdKYEaEVTNeNcJZWNHRbAMSEJCLfZYPXPRQEDaORe":1,"YdXfdKNKNKZNTbLSKHRbdFIKe":1,"eDSdUaSdFaLbFSMWdTXJbFbRILT":1,"YdXfdKNKNKZNTbJRXFNMKdSQbFfdOKVSBbQbC":1,"dLcXJeITPMObVcKYO":1,"TDXbETfZHfLebbMIGDC":1,"ZOOYDLXAdcCcdOOdDC":1,"HMeVKJeGMXNZQMeYJNNQeHT":1,"BHDTJdReLLCBLZBeMbFMOFIbeDUHYKe":5,"BPHAUbWNZXGOXUSHXT":1,"dLYHMRFeRQcDaIPaMNfQCcbNXGDJae":1,"YdXfdKNKNKZNTbJRXFNMKdSQbRBcSbSAcQWe":1,"BHDTJdReLGMeEcYPffcVDZBZMO":1,"EUXPNMHfLebbMHSWedNDeQfYUXVaKBIecO":13,"NLJZCEQMULaDAEKKSLcSEO":5,"VMITcZJLCZBfaNKe":11,"YdXfdKNKNKZNTfQDXIeIceIKdFHaO":1,"INLGHUDSJNQQdKBUPfECIAEcOHT":2,"TDXbdLOLOLOCcTaJBHKZYQNTREWaEO":139,"NVNZYeJBBYZUeQKBBTZMcET":1,"ISSfYWZWREfWBQBTUfBUPHe":1,"BHDTJdReQHUYYOLEaMYYXO":1,"BHDTJdReQHUYYOLEaMNSUC":1,"ZOBJZGDYeUaHBXLMSPRSQcfOEbMUO":1,"OAZOXPKSXZAGaaeUbDDJRWLXT":1,"HWAFYDEZRae":3,"YdXfdKNKNKZNTfVfdLaAFZKXe":1}};
var jst = {"YdXfdKNKNKZNTbLSKHRbdFIKe":1,"YdXfdKNKNKZNTbJRXFNMKdSQbRBcSbSAcQWe":0,"GfCDATBbLJbWRWEdTTcO":1,"YdXfdKNKNKZNTfQDXIeIceIKdFHaO":1,"THHSOJZTOeTFKMOaVRVKaMUHYbTLZBeMGKSaT":1,"BHDTJdReLGMeEcYPffcVDZBZMO":1,"YdXfdKNKNKZNTbJRXFNMKdSQbFfdOKVSBbQbC":1,"dLYHMRFeRQcDaIPaMNfQCcbNXGDJae":1,"BHDTJdReLLCBLZBeMbFMOFIbeDUHYKe":1,"YdXfdKNKNKZNTfVfdLaAFZKXe":1,"aDMWRfDSdWUUHfLebbMPAFFLKZLXJOfAdIUFZZcO":1,"aXbSbcBUYWYHaRMSAdRTUcCcCcCC":1};
var jsdt = {"dLYHMRFeRQcDaIPaMNfQCcbNXGDJae":1,"aDMWRfDSdWUUHfLebbMPAFFLKZLXJOfAdIUFZZcO":1,"BHDTJdReLLCBLZBeMbFMOFIbeDUHYKe":1,"YdXfdKNKNKZNTfVfdLaAFZKXe":1,"aXbSbcBUYWYHaRMSAdRTUcCcCcCC":1,"YdXfdKNKNKZNTbJRXFNMKdSQbFfdOKVSBbQbC":1,"YdXfdKNKNKZNTfQDXIeIceIKdFHaO":1,"THHSOJZTOeTFKMOaVRVKaMUHYbTLZBeMGKSaT":1,"BHDTJdReLGMeEcYPffcVDZBZMO":1,"YdXfdKNKNKZNTbLSKHRbdFIKe":1,"GfCDATBbLJbWRWEdTTcO":1};
booking.jst = jst;
booking.jsdt = jsdt;
booking.env.b_fragment_url_html = "/fragment.html";
booking.env.b_fragment_url_json = "/fragment.json";
booking.ensureNamespaceExists('affiliate');
booking.affiliate.platform = {
isHybrid: 0,
isCobrand: 0
};
booking.affiliate.settings = {
showSignUpPrompt: 0
};
booking.affiliate.variables = {
userLoggedIn: 0
};
booking.affiliate.params = {
destinationFinderSignUpPrompt: 0
};
</script>
<script nonce="Y346mIyU7Ic0W43">
(function(){
document.addEventListener('DOMContentLoaded', function(e) {
window._pxAppId = 'PXikKuL2RM';
setTimeout(function() {
var pxs = document.createElement('script');
pxs.crossOrigin = 'anonymous';
pxs.nonce = 'Y346mIyU7Ic0W43';
pxs.src = 'https://cf.bstatic.com/libs/perimeterx/px.v7.6.9.min.js';
document.head.appendChild(pxs);
}, 750);
});
}());
</script>
<script nonce="Y346mIyU7Ic0W43">
(function(){
var delayMs = 0;
document.addEventListener('DOMContentLoaded', function(e) {
setTimeout(function() {
var script = document.createElement('script');
script.nonce = 'Y346mIyU7Ic0W43';
script.src = '/87sduif98q3rijax';
script.async = true;
document.head.appendChild(script);
}, delayMs);
});
}());
</script>
<script type="text/javascript" nonce="Y346mIyU7Ic0W43">
window.cspViolationsCount = 0;
if ('SecurityPolicyViolationEvent' in window) {
document.addEventListener("securitypolicyviolation", (e) => {
if (navigator.userAgent.indexOf('Safari') != -1 && navigator.userAgent.indexOf('Chrome') == -1) {
window.cspViolationsCount++;
} else if (e.disposition === 'enforce') {
window.cspViolationsCount++;
}
});
}
</script>
<link nonce="Y346mIyU7Ic0W43" data-chunk="client" rel="stylesheet" href="https://cf.bstatic.com/psb/capla/static/css/client.21208861.css"><link nonce="Y346mIyU7Ic0W43" data-chunk="src-components-SearchBoxDesktopHorizontal-SearchBoxDesktopHorizontal" rel="stylesheet" href="https://cf.bstatic.com/psb/capla/static/css/3adb9e25.77e685cc.chunk.css"><link nonce="Y346mIyU7Ic0W43" data-chunk="src-components-BreadCrumbsDesktop-BreadCrumbsDesktop" rel="stylesheet" href="https://cf.bstatic.com/psb/capla/static/css/34f2af62.307cb874.chunk.css"><link nonce="Y346mIyU7Ic0W43" data-chunk="src-components-HeaderDesktop-HeaderDesktop" rel="stylesheet" href="https://cf.bstatic.com/psb/capla/static/css/fd1a5492.fa0b8bc7.chunk.css"><link nonce="Y346mIyU7Ic0W43" data-chunk="src-components-LeftColumnDesktop-LeftColumnDesktop" rel="stylesheet" href="https://cf.bstatic.com/psb/capla/static/css/b71e2dc8.ee8555aa.chunk.css"><link nonce="Y346mIyU7Ic0W43" data-chunk="src-components-PropertiesListDesktop-PropertiesListDesktop" rel="stylesheet" href="https://cf.bstatic.com/psb/capla/static/css/5ab48c7f.8714a7a6.chunk.css"><link nonce="Y346mIyU7Ic0W43" data-chunk="src-components-TripTypeRecommendations-TripTypeRecommendations" rel="stylesheet" href="https://cf.bstatic.com/psb/capla/static/css/64feba51.0f5c3aee.chunk.css"><link nonce="Y346mIyU7Ic0W43" data-chunk="src-components-SortersDropdown-SortersDropdown" rel="stylesheet" href="https://cf.bstatic.com/psb/capla/static/css/66212866.b234b82d.chunk.css"><link nonce="Y346mIyU7Ic0W43" data-chunk="bookingcom-web-shell-header-mfe-components-AccommodationHeader-SearchResultHeader" rel="stylesheet" href="https://cf.bstatic.com/psb/capla/static/css/d01efdaf.92aa361a.chunk.css"><link nonce="Y346mIyU7Ic0W43" data-chunk="src-components-GlobalAlerts-GlobalAlerts" rel="stylesheet" href="https://cf.bstatic.com/psb/capla/static/css/51308afc.967d267e.chunk.css"><link nonce="Y346mIyU7Ic0W43" data-chunk="src-components-PropertiesListMap-PropertiesListMap" rel="stylesheet" href="https://cf.bstatic.com/psb/capla/static/css/3c0c92a2.11919aed.chunk.css"><link nonce="Y346mIyU7Ic0W43" data-chunk="bookingcom-marketing-rewards-ui-web-components-RewardsBanner" rel="stylesheet" href="https://cf.bstatic.com/psb/capla/static/css/861a93b6.a07f4bce.chunk.css"><link nonce="Y346mIyU7Ic0W43" data-chunk="bookingcom-index-lp-web-mfe-components-WanderlistCarousel" rel="stylesheet" href="https://cf.bstatic.com/psb/capla/static/css/9b319ccc.74034a16.chunk.css"><link nonce="Y346mIyU7Ic0W43" data-chunk="bookingcom-survey-tracker-mfe-banner" rel="stylesheet" href="https://cf.bstatic.com/psb/capla/static/css/976086da.e5d316e4.chunk.css"><link nonce="Y346mIyU7Ic0W43" data-chunk="common-genius-patterns-GeniusOnboardingSheet-GeniusOnboardingSheet" rel="stylesheet" href="https://cf.bstatic.com/psb/capla/static/css/7eb49103.2ba13104.chunk.css"><link nonce="Y346mIyU7Ic0W43" data-chunk="bookingcom-index-lp-web-mfe-components-GeniusSignInSheet" rel="stylesheet" href="https://cf.bstatic.com/psb/capla/static/css/7e33f430.2ba13104.chunk.css">
</head>
<body
data-bui-theme="traveller-light"
id="b2searchresultsPage"
class="bookings2 b2 searchresults en lang_is_ltr header_reshuffle no_bg_img nobg user_center app_user_center sb_gradient_border b-sprite-3 ds-traveller-header lx_cwv_font_swap bigblue_std_sm bigblue_std_lg iconfont_is_loading  system-font iq-x-bar iq-x-bar-new ">
<div style="display:none;">Gog_sr_cc_less</div>
<div class="bypass_menu" tabindex="0">
<a href="#basiclayout" class="bui-list-item" tabindex="0">
<div class="bui-inline-container bui-inline-container--align bui-inline-container--size-small">
<div class="bui-inline-container__main">Skip to main content</div>
</div>
</a>
</div>
<script type="text/javascript" nonce="Y346mIyU7Ic0W43">
window.utag_data = {
site: 'bookings2',
stypeid: '1',
action: 'searchresults',
crt: '1',
fbp: '1',
exp1: '',
exp2: '0',
bem: '0',
bip: '0',
exp_rmkt_test: 'global_on',
exp_google_tag_manager: '1',
ns: '1',
nsc: '0',
famem: '-1',
famfn: '-1',
fampn: '-1',
gcem: '-1',
gcpn: '-1',
gwcur: '-1',
gwcuc: '-1',
rb: '1',
gst: '1',
fbqs: '',
sage: '0',
alev: '0',
atid: '',
atnm: '',
atnm_en: '',
pt_en: '',
biz_s: '2',
biz_p: '',
bo: '1',
browser: 'Unparsed',
browser_ver: '0',
bstage: '',
emksho: '1',
is_subscribed_to_newsletter: '',
genis: '',
glev: '',
n_b: '',
sid: '90259e8437c6096c4ee27fece820d9ea',
ui: '',
is_aid_mcc_level_tracked: '',
partner_channel_id: '3',
ttv: '',
ttv_uc: '',
p1: '0',
preferred_neighborhoods: [],
hotel_name: '',
channel_id: '3',
partner_id: '1',
ai: '304142',
tsmp: '1694773210',
adults: '2',
book_window: '',
children: '0',
district_name: '-1',
city_name: '-1',
region_name: '-1',
country_name: 'Philippines',
currency: 'USD',
date_in: '-1',
cul: '0',
mnns: '0',
date_out: '-1',
dayofwk: '-1',
depth: '1',
dest_type: '-1',
dest_id: '-1',
dest_cc: 'ph',
dest_ufi: '-1',
dest_name: 'Session Road',
hotel_count: '0',
hotel_id: '0',
hotel_id_list: '',
hr: '-1',
i1: '',
i2: '',
i3: '',
isfd: '',
isnl: '',
label: 'gen000nr-10CAQoggJCD2xhbmRtYXJrXzI2MTA2MEgzWARo7AGIAQGYATO4AQXIAQXYAQPoAQH4AQGIAgGoAgG4AtrfkKgGwAIB0gIkOWIzM2E5MTMtNDMwZC00YzZmLTg5Y2ItZmU2OWJjYjc3MDc02AIB4AIB',
language: 'en-us',
logged_in: '0',
nights: '-1',
cv: '-1',
ordv: '-1',
rooms: '1',
seed: 'a2kn21z2EYkhtdATET1Chg',
sid_dyna: '0065042fda04d9ee713a3731da7171c4f2_1694772000',
srord: '-1',
sub: '0',
ui_a: '1',
user_location: 'us',
cip: '181.66.151.1',
cua: 'appium/8.3.0 (selenium/4.12.1 (java windows))',
pid: '',
stid: '304142',
gaclientid: '',
bkng_cookie_identifier: 'UmFuZG9tSVYkc2RlIyh9YeXKWxo4vn0nm4EZBunhNeLPGT6mlJumLq_iLKZ7OkNP',
tag_cdn: 'tags.tiqcdn.com',
cspn: 'Y346mIyU7Ic0W43',
rmk_var: '-1',
rbda: '-1',
isnv: '1',
isrtv: '0',
israv: '0',
commaud: '-1'
};
window.dataLayer = [{
site: 'bookings2',
stypeid: '1',
action: 'searchresults',
crt: '1',
fbp: '1',
exp1: '',
exp2: '0',
bem: '0',
bip: '0',
exp_rmkt_test: 'global_on',
exp_google_tag_manager: '1',
ns: '1',
nsc: '0',
famem: '-1',
famfn: '-1',
fampn: '-1',
gcem: '-1',
gcpn: '-1',
gwcur: '-1',
gwcuc: '-1',
rb: '1',
gst: '1',
fbqs: '',
sage: '0',
alev: '0',
atid: '',
atnm: '',
atnm_en: '',
pt_en: '',
biz_s: '2',
biz_p: '',
bo: '1',
browser: 'Unparsed',
browser_ver: '0',
bstage: '',
emksho: '1',
is_subscribed_to_newsletter: '',
genis: '',
glev: '',
n_b: '',
sid: '90259e8437c6096c4ee27fece820d9ea',
ui: '',
is_aid_mcc_level_tracked: '',
partner_channel_id: '3',
ttv: '',
ttv_uc: '',
p1: '0',
preferred_neighborhoods: [],
hotel_name: '',
channel_id: '3',
partner_id: '1',
ai: '304142',
tsmp: '1694773210',
adults: '2',
book_window: '',
children: '0',
district_name: '-1',
city_name: '-1',
region_name: '-1',
country_name: 'Philippines',
currency: 'USD',
date_in: '-1',
cul: '0',
mnns: '0',
date_out: '-1',
dayofwk: '-1',
depth: '1',
dest_type: '-1',
dest_id: '-1',
dest_cc: 'ph',
dest_ufi: '-1',
dest_name: 'Session Road',
hotel_count: '0',
hotel_id: '0',
hotel_id_list: '',
hr: '-1',
i1: '',
i2: '',
i3: '',
isfd: '',
isnl: '',
label: 'gen000nr-10CAQoggJCD2xhbmRtYXJrXzI2MTA2MEgzWARo7AGIAQGYATO4AQXIAQXYAQPoAQH4AQGIAgGoAgG4AtrfkKgGwAIB0gIkOWIzM2E5MTMtNDMwZC00YzZmLTg5Y2ItZmU2OWJjYjc3MDc02AIB4AIB',
language: 'en-us',
logged_in: '0',
nights: '-1',
cv: '-1',
ordv: '-1',
rooms: '1',
seed: 'a2kn21z2EYkhtdATET1Chg',
sid_dyna: '0065042fda04d9ee713a3731da7171c4f2_1694772000',
srord: '-1',
sub: '0',
ui_a: '1',
user_location: 'us',
cip: '181.66.151.1',
cua: 'appium/8.3.0 (selenium/4.12.1 (java windows))',
pid: '',
stid: '304142',
gaclientid: '',
bkng_cookie_identifier: 'UmFuZG9tSVYkc2RlIyh9YeXKWxo4vn0nm4EZBunhNeLPGT6mlJumLq_iLKZ7OkNP',
tag_cdn: 'tags.tiqcdn.com',
cspn: 'Y346mIyU7Ic0W43',
rmk_var: '-1',
rbda: '-1',
isnv: '1',
isrtv: '0',
israv: '0',
commaud: '-1'
}] || window.dataLayer;
(function(a,b,c,d){
if (window.location.search.indexOf('gitlab_runner') > -1 || document.cookie.indexOf('gitlab_runner') > -1) return;
var w = window || {};
function loadTagContainer(){
if(B && B.et && B.et.stage) {
B.et.stage('aaTBNZZJRLESPIDNJC', 1);
B.et.stage('aaTBNZZJRLdQANAFQFaLESPIDNJC', 1);
B.et.stage('aaTBNZZJRLESPIDNJDPVBC', 1);
B.et.stage('aaTBNZZJRLESPIDNJDPVBC', 3);
}
(function(w,d,s,l,i){w[l]=w[l]||[];w[l].push({'gtm.start':
new Date().getTime(),event:'gtm.js'});var f=d.getElementsByTagName(s)[0],
j=d.createElement(s),dl=l!='dataLayer'?'&l='+l:'';j.nonce='Y346mIyU7Ic0W43';j.async=true;j.src=
'https://www.googletagmanager.com/gtm.js?id=GTM-5Q664QZ';f.parentNode.insertBefore(j,f);
})(window,document,'script','dataLayer', 'GTM-5Q664QZ');
};
if(w.addEventListener){
w.addEventListener('load', loadTagContainer, false);
} else if(w.attachEvent){
w.attachEvent('onload', loadTagContainer);
}
})();
</script>
<noscript><iframe src="https://www.googletagmanager.com/ns.html?id=GTM-5Q664QZ" height="0" width="0" style="display:none;visibility:hidden"></iframe></noscript>
<div data-capla-component-boundary="b-search-web-searchresults/TravellerHeader"><div class="web-shell-header-mfe" data-testid="web-shell-header-mfe"><header class=" b4ea8459d6"><nav class="c20fd9b542"><div class="f9966e6860"><div class="a945757098"><span data-testid="header-logo"><a data-testid="header-booking-logo" aria-label="Booking.com" href="https://www.booking.com/index.html" class="a83ed08757"><svg xmlns="http://www.w3.org/2000/svg" fill="none" viewBox="0 0 180 30"><path fill="#fff" d="M70.6 2.73999C70.602 2.19808 70.7646 1.66892 71.0673 1.21943C71.3701 0.769947 71.7993 0.420321 72.3007 0.214768C72.8021 0.00921437 73.3532 -0.0430342 73.8843 0.064629C74.4155 0.172292 74.9027 0.435032 75.2845 0.819622C75.6663 1.20421 75.9255 1.69338 76.0293 2.22527C76.133 2.75716 76.0768 3.30788 75.8676 3.80779C75.6584 4.3077 75.3056 4.73434 74.8539 5.03377C74.4022 5.3332 73.8719 5.49197 73.33 5.48999C72.9702 5.48868 72.6141 5.41651 72.2822 5.2776C71.9503 5.13869 71.649 4.93576 71.3955 4.6804C71.1419 4.42504 70.9412 4.12225 70.8047 3.78931C70.6683 3.45637 70.5987 3.09982 70.6 2.73999V2.73999ZM116.5 23.77C117.044 23.772 117.577 23.6124 118.031 23.3114C118.484 23.0104 118.838 22.5816 119.048 22.0793C119.257 21.577 119.313 21.0238 119.208 20.4897C119.103 19.9555 118.842 19.4646 118.458 19.079C118.074 18.6934 117.584 18.4305 117.05 18.3236C116.516 18.2167 115.963 18.2705 115.46 18.4784C114.957 18.6862 114.527 19.0387 114.224 19.4911C113.922 19.9436 113.76 20.4757 113.76 21.02C113.76 21.7476 114.048 22.4456 114.562 22.961C115.075 23.4764 115.772 23.7673 116.5 23.77V23.77ZM25.7 6.72999C24.0129 6.74775 22.3688 7.26426 20.9746 8.21447C19.5805 9.16469 18.4986 10.5061 17.8653 12.0699C17.2319 13.6337 17.0754 15.3499 17.4154 17.0025C17.7554 18.6551 18.5767 20.1701 19.776 21.3569C20.9752 22.5436 22.4988 23.349 24.1548 23.6717C25.8108 23.9944 27.5253 23.8199 29.0824 23.1702C30.6395 22.5205 31.9695 21.4247 32.9051 20.0206C33.8406 18.6166 34.3399 16.9672 34.34 15.28C34.3768 14.1396 34.1778 13.0038 33.7555 11.9438C33.3331 10.8839 32.6965 9.92248 31.8855 9.11989C31.0744 8.3173 30.1064 7.69078 29.0421 7.27955C27.9778 6.86831 26.84 6.68122 25.7 6.72999V6.72999ZM25.7 19.83C23.35 19.83 21.7 17.96 21.7 15.28C21.7 12.6 23.34 10.73 25.7 10.73C28.06 10.73 29.7 12.6 29.7 15.28C29.7 17.96 28.11 19.83 25.7 19.83ZM65.3 15.71C65.1321 15.3716 64.9128 15.0613 64.65 14.79L64.5 14.63L64.66 14.48C64.9116 14.2078 65.1423 13.917 65.35 13.61L69.74 7.05999H64.41L61.1 12.19C60.9586 12.3442 60.782 12.4621 60.5852 12.5334C60.3885 12.6048 60.1774 12.6277 59.97 12.6H59.22V2.90999C59.22 0.979993 58.01 0.709993 56.71 0.709993H54.48V23.58H59.21V16.72H59.65C60.19 16.72 60.56 16.78 60.73 17.08L63.35 21.97C63.5773 22.5089 63.9785 22.9563 64.4895 23.2408C65.0006 23.5253 65.5922 23.6306 66.17 23.54H69.8L67.09 19.07L65.3 15.71ZM88.27 6.68999C87.3747 6.67014 86.4851 6.83782 85.6584 7.18226C84.8318 7.5267 84.0863 8.04028 83.47 8.68999L83.18 8.97999L83.08 8.57999C82.9261 8.08803 82.6021 7.66692 82.166 7.39207C81.7299 7.11723 81.2102 7.0066 80.7 7.07999H78.57V23.57H83.29V15.97C83.275 15.2919 83.373 14.6159 83.58 13.97C83.7979 13.1302 84.2923 12.3883 84.9836 11.8639C85.6748 11.3396 86.5225 11.0634 87.39 11.08C88.85 11.08 89.39 11.85 89.39 13.86V21.05C89.335 21.3921 89.3619 21.7424 89.4686 22.072C89.5753 22.4017 89.7586 22.7013 90.0036 22.9463C90.2487 23.1914 90.5483 23.3747 90.878 23.4814C91.2076 23.5881 91.5579 23.615 91.9 23.56H94.12V13.07C94.15 8.89999 92.12 6.68999 88.27 6.68999V6.68999ZM73.39 7.05999H71.17V23.58H75.87V9.57999C75.9234 9.24041 75.8964 8.89304 75.7913 8.56576C75.6862 8.23848 75.5058 7.94038 75.2647 7.69537C75.0236 7.45037 74.7284 7.26527 74.4028 7.15493C74.0773 7.04459 73.7304 7.01208 73.39 7.05999V7.05999ZM44.16 6.72999C42.4729 6.74775 40.8288 7.26426 39.4346 8.21447C38.0405 9.16469 36.9586 10.5061 36.3253 12.0699C35.6919 13.6337 35.5354 15.3499 35.8754 17.0025C36.2154 18.6551 37.0367 20.1701 38.236 21.3569C39.4352 22.5436 40.9588 23.349 42.6148 23.6717C44.2708 23.9944 45.9853 23.8199 47.5424 23.1702C49.0995 22.5205 50.4295 21.4247 51.3651 20.0206C52.3006 18.6166 52.7999 16.9672 52.8 15.28C52.8368 14.1396 52.6378 13.0038 52.2155 11.9438C51.7931 10.8839 51.1565 9.92248 50.3455 9.11989C49.5344 8.3173 48.5664 7.69078 47.5021 7.27955C46.4378 6.86831 45.3 6.68122 44.16 6.72999V6.72999ZM44.16 19.83C41.81 19.83 40.16 17.96 40.16 15.28C40.16 12.6 41.8 10.73 44.16 10.73C46.52 10.73 48.16 12.6 48.16 15.28C48.16 17.96 46.57 19.83 44.16 19.83ZM144.89 6.72999C143.203 6.74775 141.559 7.26426 140.165 8.21447C138.77 9.16469 137.689 10.5061 137.055 12.0699C136.422 13.6337 136.265 15.3499 136.605 17.0025C136.945 18.6551 137.767 20.1701 138.966 21.3569C140.165 22.5436 141.689 23.349 143.345 23.6717C145.001 23.9944 146.715 23.8199 148.272 23.1702C149.829 22.5205 151.16 21.4247 152.095 20.0206C153.031 18.6166 153.53 16.9672 153.53 15.28C153.567 14.1396 153.368 13.0038 152.945 11.9438C152.523 10.8839 151.887 9.92248 151.075 9.11989C150.264 8.3173 149.296 7.69078 148.232 7.27955C147.168 6.86831 146.03 6.68122 144.89 6.72999V6.72999ZM144.89 19.83C142.54 19.83 140.89 17.96 140.89 15.28C140.89 12.6 142.53 10.73 144.89 10.73C147.25 10.73 148.89 12.6 148.89 15.28C148.89 17.96 147.3 19.83 144.89 19.83ZM109.74 7.01999C109.356 6.98285 108.97 7.05749 108.627 7.23491C108.285 7.41233 108.001 7.68497 107.81 8.01999L107.69 8.26999L107.47 8.07999C106.253 7.08344 104.711 6.57072 103.14 6.63999C98.75 6.63999 95.78 9.94999 95.78 14.87C95.78 19.79 98.85 23.22 103.23 23.22C104.521 23.2791 105.795 22.9061 106.85 22.16L107.21 21.88V22.34C107.21 24.55 105.78 25.77 103.21 25.77C102.131 25.755 101.062 25.5555 100.05 25.18C99.8562 25.0813 99.6419 25.0295 99.4244 25.0287C99.2069 25.0279 98.9923 25.0782 98.7977 25.1754C98.6032 25.2727 98.4342 25.4143 98.3043 25.5887C98.1745 25.7632 98.0874 25.9657 98.05 26.18L97.14 28.46L97.47 28.63C99.2593 29.5195 101.232 29.9783 103.23 29.97C107.23 29.97 111.9 27.91 111.9 22.14V7.01999H109.74ZM104.06 19.11C101.5 19.11 100.58 16.86 100.58 14.76C100.58 13.83 100.81 10.76 103.81 10.76C105.3 10.76 107.3 11.18 107.3 14.86C107.3 18.38 105.54 19.11 104.06 19.11ZM13.09 11.85L12.4 11.47L13 10.97C13.6103 10.4334 14.0951 9.76919 14.42 9.02435C14.7449 8.27951 14.9019 7.47231 14.88 6.65999C14.88 3.05999 12.09 0.739993 7.79 0.739993H2.31C1.69606 0.762953 1.11431 1.02048 0.684566 1.45953C0.254821 1.89857 0.00981021 2.48571 0 3.09999L0 23.5H7.88C12.67 23.5 15.77 20.89 15.77 16.84C15.8104 15.8446 15.583 14.8566 15.1116 13.9789C14.6403 13.1012 13.9421 12.3661 13.09 11.85V11.85ZM4.37 6.07999C4.37 5.01999 4.82 4.51999 5.8 4.45999H7.8C8.16093 4.42761 8.52456 4.47504 8.8651 4.59892C9.20565 4.7228 9.51476 4.9201 9.77052 5.17681C10.0263 5.43353 10.2224 5.74338 10.345 6.08438C10.4676 6.42538 10.5137 6.78919 10.48 7.14999C10.5194 7.51629 10.4791 7.88679 10.3616 8.23598C10.2442 8.58517 10.0524 8.90477 9.79964 9.17277C9.54684 9.44077 9.23898 9.65082 8.89723 9.78844C8.55549 9.92606 8.18798 9.988 7.82 9.96999H4.37V6.07999ZM8.2 19.64H4.37V15.06C4.37 14.06 4.76 13.57 5.59 13.45H8.2C8.99043 13.4949 9.7337 13.8406 10.2774 14.4161C10.8211 14.9916 11.124 15.7533 11.124 16.545C11.124 17.3367 10.8211 18.0984 10.2774 18.6739C9.7337 19.2494 8.99043 19.595 8.2 19.64ZM174.53 6.73999C173.558 6.74366 172.6 6.96575 171.726 7.38984C170.852 7.81393 170.084 8.42915 169.48 9.18999L169.14 9.62999L168.87 9.13999C168.437 8.355 167.787 7.71128 166.998 7.2857C166.209 6.86012 165.314 6.67067 164.42 6.73999C163.604 6.75328 162.798 6.93308 162.054 7.26838C161.309 7.60368 160.641 8.08742 160.09 8.68999L159.65 9.16999L159.48 8.53999C159.323 8.07152 159.008 7.67282 158.587 7.41334C158.167 7.15386 157.669 7.05005 157.18 7.11999H155.18V23.57H159.64V16.31C159.646 15.6629 159.727 15.0187 159.88 14.39C160.31 12.63 161.49 10.74 163.47 10.93C164.69 11.05 165.29 11.99 165.29 13.82V23.57H169.81V16.31C169.791 15.6345 169.875 14.9601 170.06 14.31C170.42 12.64 171.65 10.92 173.56 10.92C174.94 10.92 175.45 11.7 175.45 13.81V21.17C175.45 22.83 176.19 23.57 177.85 23.57H180V13.07C180 8.86999 178.15 6.73999 174.53 6.73999ZM133.69 17.86C132.51 19.095 130.913 19.8471 129.21 19.97C128.593 20.0073 127.974 19.914 127.395 19.6962C126.816 19.4784 126.29 19.141 125.85 18.706C125.41 18.271 125.067 17.7482 124.843 17.1716C124.619 16.5951 124.519 15.9778 124.55 15.36C124.498 14.7504 124.575 14.1365 124.776 13.5588C124.978 12.981 125.299 12.4524 125.719 12.0076C126.14 11.5629 126.649 11.212 127.215 10.978C127.78 10.744 128.388 10.6322 129 10.65C129.84 10.65 130.8 10.95 130.95 11.46V11.55C131.048 11.8986 131.258 12.2056 131.547 12.424C131.835 12.6425 132.188 12.7605 132.55 12.76H135V10.61C135 7.76999 131.39 6.73999 129 6.73999C123.81 6.73999 120 10.37 120 15.35C120 20.33 123.73 23.97 128.86 23.97C130.178 23.9562 131.479 23.6722 132.683 23.1355C133.887 22.5989 134.969 21.821 135.86 20.85L134 17.58L133.69 17.86Z"></path></svg></a></span></div></div><div class="aca0ade214 aaf30230d9 c2931f4182 e7d9f93f4d faf8b5d9a5"><span class="f419a93f12"><button aria-expanded="false" data-testid="header-currency-picker-trigger" aria-label="Prices in U.S. Dollar" type="button" class="a83ed08757 c21c56c305 f38b6daa18 f671049264 deab83296e fd3248769f"><span class="e4adce92df">USD</span></button></span><span class="f419a93f12"><button aria-expanded="false" data-testid="header-language-picker-trigger" aria-label="Language: English (US)" type="button" class="a83ed08757 c21c56c305 f38b6daa18 f671049264 deab83296e fd3248769f"><span class="e4adce92df"><div class="c82435a4b8 b7e47c7391 f53e278e95 f89f0b5683 bf1d1f48fe" style="--bui_box_padding--s:0"><picture class="e5a3812a75 b3f31bb1be"><img class="e3fa9175ee d354f8f44f ed3971de08" src="https://t-cf.bstatic.com/design-assets/assets/v3.85.0/images-flags/Us@3x.png" alt="" role="presentation" loading="lazy"/></picture></div></span></button></span><span class="f419a93f12"><a aria-expanded="false" aria-label="Customer support" data-testid="header-help-center" href="https://secure.booking.com/content/cs.html?src=header_question_mark" class="a83ed08757 c21c56c305 f38b6daa18 d691166b09 f671049264 deab83296e fd3248769f"><span class="eedba9e88a"><span class="fcd9eec8fb c2cc050fb8" aria-hidden="true"><svg xmlns="http://www.w3.org/2000/svg" viewBox="0 0 24 24"><path d="M9.75 9a2.25 2.25 0 1 1 3 2.122 2.25 2.25 0 0 0-1.5 2.122v1.006a.75.75 0 0 0 1.5 0v-1.006c0-.318.2-.602.5-.708A3.75 3.75 0 1 0 8.25 9a.75.75 0 1 0 1.5 0zM12 16.5a1.125 1.125 0 1 0 0 2.25 1.125 1.125 0 0 0 0-2.25.75.75 0 0 0 0 1.5.375.375 0 1 1 0-.75.375.375 0 0 1 0 .75.75.75 0 0 0 0-1.5zM22.5 12c0 5.799-4.701 10.5-10.5 10.5S1.5 17.799 1.5 12 6.201 1.5 12 1.5 22.5 6.201 22.5 12zm1.5 0c0-6.627-5.373-12-12-12S0 5.373 0 12s5.373 12 12 12 12-5.373 12-12z"></path></svg></span></span></a></span><a data-testid="header-custom-action-button" href="https://join.booking.com/?utm_source=topbar" class="a83ed08757 c21c56c305 f38b6daa18 f671049264 deab83296e fd3248769f"><span class="e4adce92df">List your property</span></a><a data-testid="header-sign-up-button" aria-label="Create an account" href="https://account.booking.com/auth/oauth2?client_id=vO1Kblk7xX9tUn2cpZLS&amp;redirect_uri=https%3A%2F%2Fsecure.booking.com%2Flogin.html%3Fop%3Doauth_return&amp;response_type=code&amp;lang=en-us&amp;aid=304142&amp;bkng_action=searchresults_irene&amp;prompt=signin&amp;state=UpQCnPCIIMj4ET9lcETuIb6LxmwAG9JPUemHeLaj4ZHsN-DTKfLaBjwFmvz4lEoxtMpFb4NB2qeDJxOOYoOhGf2DqGVKGMME_lGgj6IMwAV2boHZVP9KD0t6eyzzAUP9g2mOLef2CuSsEeGk6IgO9PL77tUyP3piD5lF-zxkWol9qRuTu6xaTOESA-GsBRD0BvZi9e2WmKMToDdEmqouNISvJekuDigGMLRsnMlW7j4JzgDIPJY8eSN9kWsoJJJnXAc2VetTXtYEW6nrRNm_qsmRbpT0nctSEEcsBeb29ASJ8_v9R9_SOHkuzyQhJV8M1WQ_1cTN74bLTspi2jUqKbt_yAM6FMoiw4UPS2paQ60wg4L421tZ*eyJpZCI6InRyYXZlbGxlcl9oZWFkZXIifQ%3D%3D" class="a83ed08757 c21c56c305 bf0537ecb5 ab98298258 deab83296e af7297d90d js-header-login-link"><span class="e4adce92df">Register</span></a><div class="abcc616ec7 c180176d40"><a data-testid="header-sign-in-button" aria-label="Sign in" href="https://account.booking.com/auth/oauth2?client_id=vO1Kblk7xX9tUn2cpZLS&amp;redirect_uri=https%3A%2F%2Fsecure.booking.com%2Flogin.html%3Fop%3Doauth_return&amp;response_type=code&amp;lang=en-us&amp;aid=304142&amp;bkng_action=searchresults_irene&amp;prompt=signin&amp;state=UpQCnPCIIMj4ET9lcETuIb6LxmwAG9JPUemHeLaj4ZHsN-DTKfLaBjwFmvz4lEoxtMpFb4NB2qeDJxOOYoOhGf2DqGVKGMME_lGgj6IMwAV2boHZVP9KD0t6eyzzAUP9g2mOLef2CuSsEeGk6IgO9PL77tUyP3piD5lF-zxkWol9qRuTu6xaTOESA-GsBRD0BvZi9e2WmKMToDdEmqouNISvJekuDigGMLRsnMlW7j4JzgDIPJY8eSN9kWsoJJJnXAc2VetTXtYEW6nrRNm_qsmRbpT0nctSEEcsBeb29ASJ8_v9R9_SOHkuzyQhJV8M1WQ_1cTN74bLTspi2jUqKbt_yAM6FMoiw4UPS2paQ60wg4L421tZ*eyJpZCI6InRyYXZlbGxlcl9oZWFkZXIifQ%3D%3D" class="a83ed08757 c21c56c305 bf0537ecb5 ab98298258 deab83296e af7297d90d js-header-login-link"><span class="e4adce92df">Sign in</span></a></div></div></nav><nav data-testid="header-xpb" aria-label="What are you looking for?" aria-owns="accommodations flights packages cars attractions airport_taxis" class="d48f1af7a3 f61b048379 d1b8520945"><div class="b4db3523c5 f6dc3df772"><ul class="c6e9d1599e"><li class="d37611a2e0 d0607887c7"><a id="accommodations" aria-current="page" aria-controls="accommodations" tabindex="0" href="https://www.booking.com/index.html" class="a83ed08757 f3441ccb97 a9c42d2cff ec66406250"><span class="fcd9eec8fb bfe53e640d c2cc050fb8" aria-hidden="true"><svg xmlns="http://www.w3.org/2000/svg" viewBox="0 0 24 24"><path d="M2.75 12h18.5c.69 0 1.25.56 1.25 1.25V18l.75-.75H.75l.75.75v-4.75c0-.69.56-1.25 1.25-1.25zm0-1.5A2.75 2.75 0 0 0 0 13.25V18c0 .414.336.75.75.75h22.5A.75.75 0 0 0 24 18v-4.75a2.75 2.75 0 0 0-2.75-2.75H2.75zM0 18v3a.75.75 0 0 0 1.5 0v-3A.75.75 0 0 0 0 18zm22.5 0v3a.75.75 0 0 0 1.5 0v-3a.75.75 0 0 0-1.5 0zm-.75-6.75V4.5a2.25 2.25 0 0 0-2.25-2.25h-15A2.25 2.25 0 0 0 2.25 4.5v6.75a.75.75 0 0 0 1.5 0V4.5a.75.75 0 0 1 .75-.75h15a.75.75 0 0 1 .75.75v6.75a.75.75 0 0 0 1.5 0zm-13.25-3h7a.25.25 0 0 1 .25.25v2.75l.75-.75h-9l.75.75V8.5a.25.25 0 0 1 .25-.25zm0-1.5A1.75 1.75 0 0 0 6.75 8.5v2.75c0 .414.336.75.75.75h9a.75.75 0 0 0 .75-.75V8.5a1.75 1.75 0 0 0-1.75-1.75h-7z"></path></svg></span><div class="aca0ade214 aaf30230d9 c2931f4182 e7d9f93f4d"><span class="a53cbfa6de">Stays</span></div></a></li><li class="d37611a2e0"><a id="flights" aria-controls="flights" tabindex="0" href="https://booking.com/flights/index.html" class="a83ed08757 f3441ccb97 ec66406250"><span class="fcd9eec8fb bfe53e640d c2cc050fb8" aria-hidden="true"><svg xmlns="http://www.w3.org/2000/svg" viewBox="0 0 24 24"><path d="M20.505 7.5l-15.266.022.672.415-1.1-2.2a.75.75 0 0 0-.638-.414l-2.293-.1C.82 5.228-.003 6.06.003 7.083c.002.243.051.484.146.709l2.072 4.68a2.947 2.947 0 0 0 2.701 1.778h4.043l-.676-1.075-2.484 5.168A1.831 1.831 0 0 0 7.449 21h2.099a1.85 1.85 0 0 0 1.419-.664l5.165-6.363-.582.277h4.956c1.82.09 3.399-1.341 3.49-3.198l.004-.134a3.426 3.426 0 0 0-3.44-3.419l-.074.001zm.02 1.5h.042a1.924 1.924 0 0 1 1.933 1.914l-.002.065a1.866 1.866 0 0 1-1.955 1.772l-4.993-.001a.75.75 0 0 0-.582.277l-5.16 6.355a.346.346 0 0 1-.26.118h-2.1a.336.336 0 0 1-.3-.49l2.493-5.185a.75.75 0 0 0-.676-1.075H4.924a1.45 1.45 0 0 1-1.328-.878l-2.07-4.676a.35.35 0 0 1 .326-.474l2.255.1-.638-.415 1.1 2.2a.75.75 0 0 0 .672.415L20.507 9zM16.323 7.76l-2.992-4.02A1.851 1.851 0 0 0 11.85 3H9.783a1.85 1.85 0 0 0-1.654 2.672l1.439 2.91a.75.75 0 0 0 1.344-.664L9.472 5.007a.351.351 0 0 1 .312-.507h2.066a.35.35 0 0 1 .279.14l2.99 4.017a.75.75 0 1 0 1.203-.896z"></path></svg></span><div class="aca0ade214 aaf30230d9 c2931f4182 e7d9f93f4d"><span class="a53cbfa6de">Flights</span></div></a></li><li class="d37611a2e0"><a id="packages" aria-controls="packages" tabindex="0" href="https://www.booking.com/packages.html" class="a83ed08757 f3441ccb97 ec66406250"><span class="fcd9eec8fb bfe53e640d c2cc050fb8" aria-hidden="true"><svg xmlns="http://www.w3.org/2000/svg" viewBox="0 0 24 24" data-rtl-flip="true"><path d="M6.306 17.25a8.25 8.25 0 1 1 11.69-7.502.75.75 0 1 0 1.5 0A9.75 9.75 0 0 0 13.812.889C8.917-1.356 3.13.791.884 5.685-1.36 10.58.786 16.367 5.68 18.613a.75.75 0 0 0 .626-1.364zM3.756 3.5l5.28 2a.75.75 0 0 1 .475.851l-.313 1.57a.75.75 0 0 1-.554.58l-2.08.518a.75.75 0 0 0-.514.45l-1.154 2.884a2.242 2.242 0 0 1-.84 1.037l-1.84 1.263a.75.75 0 1 0 .85 1.236l1.83-1.257a3.731 3.731 0 0 0 1.393-1.722l1.153-2.884-.514.449 2.079-.52a2.25 2.25 0 0 0 1.661-1.74l.314-1.57a2.25 2.25 0 0 0-1.417-2.548l-5.277-2a.75.75 0 1 0-.532 1.403zm11.565-.57l-1.467 2.926a2.25 2.25 0 0 0-.122 1.718l.557 1.663a.75.75 0 1 0 1.422-.476L15.154 7.1a.75.75 0 0 1 .041-.572l1.466-2.924a.75.75 0 1 0-1.34-.672zm7.175 16.192v2.625a.75.75 0 0 1-.75.75h-10.5a.75.75 0 0 1-.75-.75v-5.25a.75.75 0 0 1 .75-.75h10.5a.75.75 0 0 1 .75.75v2.625zm1.5 0v-2.625a2.25 2.25 0 0 0-2.25-2.25h-10.5a2.25 2.25 0 0 0-2.25 2.25v5.25a2.25 2.25 0 0 0 2.25 2.25h10.5a2.25 2.25 0 0 0 2.25-2.25v-2.625zm-12-4.125v8.25a.75.75 0 0 0 1.5 0v-8.25a.75.75 0 0 0-1.5 0zm7.5 0v8.25a.75.75 0 0 0 1.5 0v-8.25a.75.75 0 0 0-1.5 0zm-4.5.002v-.75a1.5 1.5 0 0 1 3 0V15a.75.75 0 0 0 1.5 0v-.75a3 3 0 1 0-6 0V15a.75.75 0 0 0 1.5 0z"></path></svg></span><div class="aca0ade214 aaf30230d9 c2931f4182 e7d9f93f4d"><span class="a53cbfa6de">Flight + Hotel</span></div></a></li><li class="d37611a2e0"><a id="cars" aria-controls="cars" tabindex="0" href="https://www.booking.com/cars/index.html" class="a83ed08757 f3441ccb97 ec66406250"><span class="fcd9eec8fb bfe53e640d c2cc050fb8" aria-hidden="true"><svg xmlns="http://www.w3.org/2000/svg" viewBox="0 0 24 24"><path d="M21.684 9.443l-1.7-3.79c-.42-1.128-1.542-1.905-2.794-1.903H6.809a2.999 2.999 0 0 0-2.811 1.947L2.316 9.443a.75.75 0 1 0 1.368.614l1.7-3.79c.238-.63.798-1.018 1.424-1.017h10.383a1.5 1.5 0 0 1 1.407.973l1.718 3.834a.75.75 0 1 0 1.368-.614zM.75 16.468V18a2.25 2.25 0 0 0 4.5 0v-1.5a.75.75 0 0 0-1.5 0V18a.75.75 0 0 1-1.5 0v-1.532a.75.75 0 0 0-1.5 0zm21 0V18a.75.75 0 0 1-1.5 0v-1.5a.75.75 0 0 0-1.5 0V18a2.25 2.25 0 0 0 4.5 0v-1.532a.75.75 0 0 0-1.5 0zM19.875 13.5a.375.375 0 0 1-.375-.375.75.75 0 0 0 1.5 0c0-.621-.504-1.125-1.125-1.125a.75.75 0 0 0 0 1.5zm.375-.375a.375.375 0 0 1-.375.375.75.75 0 0 0 0-1.5c-.621 0-1.125.504-1.125 1.125a.75.75 0 0 0 1.5 0zm-.375-.375c.207 0 .375.168.375.375a.75.75 0 0 0-1.5 0c0 .621.504 1.125 1.125 1.125a.75.75 0 0 0 0-1.5zm-.375.375c0-.207.168-.375.375-.375a.75.75 0 0 0 0 1.5c.621 0 1.125-.504 1.125-1.125a.75.75 0 0 0-1.5 0zM4.125 12C3.504 12 3 12.504 3 13.125a.75.75 0 0 0 1.5 0 .375.375 0 0 1-.375.375.75.75 0 0 0 0-1.5zm1.125 1.125c0-.621-.504-1.125-1.125-1.125a.75.75 0 0 0 0 1.5.375.375 0 0 1-.375-.375.75.75 0 0 0 1.5 0zM4.125 14.25c.621 0 1.125-.504 1.125-1.125a.75.75 0 0 0-1.5 0c0-.207.168-.375.375-.375a.75.75 0 0 0 0 1.5zM3 13.125c0 .621.504 1.125 1.125 1.125a.75.75 0 0 0 0-1.5c.207 0 .375.168.375.375a.75.75 0 0 0-1.5 0zM2.75 10.5h18.5c.69 0 1.25.56 1.25 1.25v3.75a.25.25 0 0 1-.25.25H1.75a.25.25 0 0 1-.25-.25v-3.75c0-.69.56-1.25 1.25-1.25zm0-1.5A2.75 2.75 0 0 0 0 11.75v3.75c0 .966.784 1.75 1.75 1.75h20.5A1.75 1.75 0 0 0 24 15.5v-3.75A2.75 2.75 0 0 0 21.25 9H2.75z"></path></svg></span><div class="aca0ade214 aaf30230d9 c2931f4182 e7d9f93f4d"><span class="a53cbfa6de">Car rentals</span></div></a></li><li class="d37611a2e0"><a id="attractions" aria-controls="attractions" tabindex="0" href="https://www.booking.com/attractions/index.html" class="a83ed08757 f3441ccb97 ec66406250"><span class="fcd9eec8fb bfe53e640d c2cc050fb8" aria-hidden="true"><svg xmlns="http://www.w3.org/2000/svg" viewBox="0 0 24 24"><path d="M13.5 3a1.5 1.5 0 1 1-3 0 1.5 1.5 0 0 1 3 0zM15 3a3 3 0 1 0-6 0 3 3 0 0 0 6 0zm6 4.5a1.5 1.5 0 1 1-3 0 1.5 1.5 0 0 1 3 0zm1.5 0a3 3 0 1 0-6 0 3 3 0 0 0 6 0zM6 7.5a1.5 1.5 0 1 1-3 0 1.5 1.5 0 0 1 3 0zm1.5 0a3 3 0 1 0-6 0 3 3 0 0 0 6 0zM21 15a1.5 1.5 0 1 1-3 0 1.5 1.5 0 0 1 3 0zm1.5 0a3 3 0 1 0-6 0 3 3 0 0 0 6 0zm-9-3.75a1.5 1.5 0 1 1-3 0 1.5 1.5 0 0 1 3 0zm1.5 0a3 3 0 1 0-6 0 3 3 0 0 0 6 0zM6 15a1.5 1.5 0 1 1-3 0 1.5 1.5 0 0 1 3 0zm1.5 0a3 3 0 1 0-6 0 3 3 0 0 0 6 0zm10.066 1.277a7.5 7.5 0 0 1-3.077 2.05.75.75 0 0 0 .498 1.415 9 9 0 0 0 3.693-2.46.75.75 0 1 0-1.114-1.005zm1.798-6.466c.177.922.183 1.869.015 2.792a.75.75 0 1 0 1.476.268c.2-1.106.194-2.24-.019-3.344a.75.75 0 1 0-1.472.284zm-5.337-5.784a7.5 7.5 0 0 1 3.54 2.196.75.75 0 0 0 1.113-1.004 9.002 9.002 0 0 0-4.247-2.636.75.75 0 1 0-.406 1.444zM6.434 6.223a7.5 7.5 0 0 1 3.539-2.196.75.75 0 1 0-.406-1.444A9.001 9.001 0 0 0 5.32 5.219a.75.75 0 0 0 1.114 1.004zM4.636 12.69a7.602 7.602 0 0 1 0-2.878.75.75 0 1 0-1.472-.284 9.102 9.102 0 0 0 0 3.446.75.75 0 0 0 1.472-.284zm4.876 5.639a7.517 7.517 0 0 1-3.035-2.005.75.75 0 0 0-1.106 1.014 9.017 9.017 0 0 0 3.641 2.405.75.75 0 1 0 .5-1.414zM7.31 21.872A1.5 1.5 0 0 0 8.672 24h6.656a1.5 1.5 0 0 0 1.362-2.128l-3.314-8.217c-.361-.785-1.252-1.114-2.005-.767a1.5 1.5 0 0 0-.733.734l-3.343 8.283zm1.377.595l3.328-8.25-.015.033 3.313 8.217.015.033H8.672z"></path></svg></span><div class="aca0ade214 aaf30230d9 c2931f4182 e7d9f93f4d"><span class="a53cbfa6de">Attractions</span></div></a></li><li class="d37611a2e0"><a id="airport_taxis" aria-controls="airport_taxis" tabindex="0" href="https://www.booking.com/taxi/index.html" class="a83ed08757 f3441ccb97 ec66406250"><span class="fcd9eec8fb bfe53e640d c2cc050fb8" aria-hidden="true"><svg xmlns="http://www.w3.org/2000/svg" viewBox="0 0 24 24"><path d="M21.75 15.5V8a.75.75 0 0 0-1.5 0v7.5a.75.75 0 0 0 1.5 0zm-16.5 0V8a.75.75 0 0 0-1.5 0v7.5a.75.75 0 0 0 1.5 0zM3 8.75h3a.75.75 0 0 0 0-1.5H3a.75.75 0 0 0 0 1.5zm6.75 6.75v-6a.75.75 0 0 1 1.5 0v6a.75.75 0 0 0 1.5 0v-6a2.25 2.25 0 0 0-4.5 0v6a.75.75 0 0 0 1.5 0zM9 13.25h3a.75.75 0 0 0 0-1.5H9a.75.75 0 0 0 0 1.5zm5.304-4.971l3 7.5a.75.75 0 0 0 1.392-.557l-3-7.5a.75.75 0 0 0-1.392.557zm3-.558l-3 7.5a.75.75 0 0 0 1.392.557l3-7.5a.75.75 0 0 0-1.392-.557zM.75 5h22.5a.75.75 0 0 0 0-1.5H.75a.75.75 0 0 0 0 1.5zm0 15h22.5a.75.75 0 0 0 0-1.5H.75a.75.75 0 0 0 0 1.5z"></path></svg></span><div class="aca0ade214 aaf30230d9 c2931f4182 e7d9f93f4d"><span class="a53cbfa6de">Airport taxis</span></div></a></li><li class="d37611a2e0 b4dfbcc93e" role="presentation"><span class="f419a93f12 dae4be712d"><button aria-expanded="false" class="f3441ccb97" type="button" role="tab">More<span class="fcd9eec8fb eed881e674 bf9a32efa5" aria-hidden="true"><svg xmlns="http://www.w3.org/2000/svg" viewBox="0 0 24 24"><path d="M12 20.09a1.24 1.24 0 0 1-.88-.36L6 14.61a.75.75 0 1 1 1.06-1.06L12 18.49l4.94-4.94A.75.75 0 0 1 18 14.61l-5.12 5.12a1.24 1.24 0 0 1-.88.36zm6-9.46a.75.75 0 0 0 0-1.06l-5.12-5.11a1.24 1.24 0 0 0-1.754-.006l-.006.006L6 9.57a.75.75 0 0 0 0 1.06.74.74 0 0 0 1.06 0L12 5.7l4.94 4.93a.73.73 0 0 0 .53.22c.2 0 .39-.078.53-.22z"></path></svg></span></button></span></li></ul></div></nav></header></div></div>
<div>
<div data-capla-component-boundary="b-search-web-searchresults/SearchBoxDesktopHorizontal"><div class="a6e267116d"><div class="f29a6defed"><form class="" action="https://www.booking.com/searchresults.html" method="GET"><div class="ffb9c3d6a3 db27349d3a cc9bf48a25"><div class="f9cf783bde"><div class="a5761ae4af"><div class="ab090fee6e d6e01b74ce" data-testid="destination-container"><div class="a53cbfa6de ac9267e216 a20293ec70"><div class="b9b84f4305"><div class="e000754250"><div class="eac0b6e5ba"><span class="fcd9eec8fb d24fc26e73 c696a7d242" aria-hidden="true"><svg xmlns="http://www.w3.org/2000/svg" viewBox="0 0 24 24"><path d="M2.75 12h18.5c.69 0 1.25.56 1.25 1.25V18l.75-.75H.75l.75.75v-4.75c0-.69.56-1.25 1.25-1.25zm0-1.5A2.75 2.75 0 0 0 0 13.25V18c0 .414.336.75.75.75h22.5A.75.75 0 0 0 24 18v-4.75a2.75 2.75 0 0 0-2.75-2.75H2.75zM0 18v3a.75.75 0 0 0 1.5 0v-3A.75.75 0 0 0 0 18zm22.5 0v3a.75.75 0 0 0 1.5 0v-3a.75.75 0 0 0-1.5 0zm-.75-6.75V4.5a2.25 2.25 0 0 0-2.25-2.25h-15A2.25 2.25 0 0 0 2.25 4.5v6.75a.75.75 0 0 0 1.5 0V4.5a.75.75 0 0 1 .75-.75h15a.75.75 0 0 1 .75.75v6.75a.75.75 0 0 0 1.5 0zm-13.25-3h7a.25.25 0 0 1 .25.25v2.75l.75-.75h-9l.75.75V8.5a.25.25 0 0 1 .25-.25zm0-1.5A1.75 1.75 0 0 0 6.75 8.5v2.75c0 .414.336.75.75.75h9a.75.75 0 0 0 .75-.75V8.5a1.75 1.75 0 0 0-1.75-1.75h-7z"></path></svg></span></div><input name="ss" class="eb46370fe1" placeholder="Where are you going?" data-destination="1" autoComplete="off" id=":Rkj1:" value="Session Road"/><div class="e7e5251f68 b8c4387f70"></div><div class="eac0b6e5ba"><span data-testid="input-clear" class="fcd9eec8fb bf9a32efa5" aria-hidden="true"><svg viewBox="0 0 128 128" width="1em" height="1em"><path d="M69.7 64l33.1-33.2a4 4 0 0 0-5.6-5.6L64 58.3 30.8 25.2a4 4 0 1 0-5.6 5.6L58.3 64 25.2 97.2a4 4 0 1 0 5.6 5.6L64 69.7l33.2 33.1a4 4 0 0 0 5.6-5.6z"></path></svg></span></div></div></div></div><div class="a7631de79e"></div></div></div></div><div class="f9cf783bde"><div tabindex="-1" class="d606c76c5a"><div class="b91c144835" role="none" data-testid="searchbox-dates-container"><span class="fcd9eec8fb a804864eef c2cc050fb8 c696a7d242" aria-hidden="true"><svg xmlns="http://www.w3.org/2000/svg" viewBox="0 0 24 24"><path d="M22.5 13.5v8.25a.75.75 0 0 1-.75.75H2.25a.75.75 0 0 1-.75-.75V5.25a.75.75 0 0 1 .75-.75h19.5a.75.75 0 0 1 .75.75v8.25zm1.5 0V5.25A2.25 2.25 0 0 0 21.75 3H2.25A2.25 2.25 0 0 0 0 5.25v16.5A2.25 2.25 0 0 0 2.25 24h19.5A2.25 2.25 0 0 0 24 21.75V13.5zm-23.25-3h22.5a.75.75 0 0 0 0-1.5H.75a.75.75 0 0 0 0 1.5zM7.5 6V.75a.75.75 0 0 0-1.5 0V6a.75.75 0 0 0 1.5 0zM18 6V.75a.75.75 0 0 0-1.5 0V6A.75.75 0 0 0 18 6zM5.095 14.03a.75.75 0 1 0 1.06-1.06.75.75 0 0 0-1.06 1.06zm.53-1.28a1.125 1.125 0 1 0 0 2.25 1.125 1.125 0 0 0 0-2.25.75.75 0 0 0 0 1.5.375.375 0 1 1 0-.75.375.375 0 0 1 0 .75.75.75 0 0 0 0-1.5zm-.53 6.53a.75.75 0 1 0 1.06-1.06.75.75 0 0 0-1.06 1.06zm.53-1.28a1.125 1.125 0 1 0 0 2.25 1.125 1.125 0 0 0 0-2.25.75.75 0 0 0 0 1.5.375.375 0 1 1 0-.75.375.375 0 0 1 0 .75.75.75 0 0 0 0-1.5zm5.845-3.97a.75.75 0 1 0 1.06-1.06.75.75 0 0 0-1.06 1.06zm.53-1.28A1.125 1.125 0 1 0 12 15a1.125 1.125 0 0 0 0-2.25.75.75 0 0 0 0 1.5.375.375 0 1 1 0-.75.375.375 0 0 1 0 .75.75.75 0 0 0 0-1.5zm-.53 6.53a.75.75 0 1 0 1.06-1.06.75.75 0 0 0-1.06 1.06zM12 18a1.125 1.125 0 1 0 0 2.25A1.125 1.125 0 0 0 12 18a.75.75 0 0 0 0 1.5.375.375 0 1 1 0-.75.375.375 0 0 1 0 .75.75.75 0 0 0 0-1.5zm5.845-3.97a.75.75 0 1 0 1.06-1.06.75.75 0 0 0-1.06 1.06zm.53-1.28a1.125 1.125 0 1 0 0 2.25 1.125 1.125 0 0 0 0-2.25.75.75 0 0 0 0 1.5.375.375 0 1 1 0-.75.375.375 0 0 1 0 .75.75.75 0 0 0 0-1.5zm-.53 6.53a.75.75 0 1 0 1.06-1.06.75.75 0 0 0-1.06 1.06zm.53-1.28a1.125 1.125 0 1 0 0 2.25 1.125 1.125 0 0 0 0-2.25.75.75 0 0 0 0 1.5.375.375 0 1 1 0-.75.375.375 0 0 1 0 .75.75.75 0 0 0 0-1.5z"></path></svg></span><button type="button" data-testid="date-display-field-start" class="d47738b911 e246f833f7 fe211c0731">Check-in Date</button><span class="a77cb49759"> — </span><button type="button" data-testid="date-display-field-end" class="d47738b911 e246f833f7 fe211c0731">Check-out Date</button></div><div class="dec3155a06" data-testid="searchbox-datepicker"><div class="a97110d8d3 b603b9c864 a031c463c5 d6a5f7a388"><nav data-testid="datepicker-tabs" class="d48f1af7a3 f214e2d2f6 d3ce2af2cd"><div class="b4db3523c5 a861df9be1"><ul class="c6e9d1599e" role="tablist"><li class="d37611a2e0 d0607887c7" role="presentation" style="width:50%"><button role="tab" aria-selected="true" aria-controls="calendar-searchboxdatepicker" tabindex="0" type="button" class="a83ed08757 f3441ccb97 a9c42d2cff ec66406250"><div class="aca0ade214 aaf30230d9 c2931f4182 e7d9f93f4d"><span class="a53cbfa6de">Calendar</span></div></button></li><li class="d37611a2e0" role="presentation" style="width:50%"><button role="tab" aria-selected="false" aria-controls="flexible-searchboxdatepicker" tabindex="-1" type="button" class="a83ed08757 f3441ccb97 ec66406250"><div class="aca0ade214 aaf30230d9 c2931f4182 e7d9f93f4d"><span class="a53cbfa6de">I&#x27;m flexible</span></div></button></li><li class="d37611a2e0 b4dfbcc93e" role="presentation" style="width:50%"><span class="f419a93f12 dae4be712d"><button aria-expanded="false" class="f3441ccb97" type="button" role="tab"><span class="fcd9eec8fb eed881e674 bf9a32efa5" aria-hidden="true"><svg xmlns="http://www.w3.org/2000/svg" viewBox="0 0 24 24"><path d="M12 20.09a1.24 1.24 0 0 1-.88-.36L6 14.61a.75.75 0 1 1 1.06-1.06L12 18.49l4.94-4.94A.75.75 0 0 1 18 14.61l-5.12 5.12a1.24 1.24 0 0 1-.88.36zm6-9.46a.75.75 0 0 0 0-1.06l-5.12-5.11a1.24 1.24 0 0 0-1.754-.006l-.006.006L6 9.57a.75.75 0 0 0 0 1.06.74.74 0 0 0 1.06 0L12 5.7l4.94 4.93a.73.73 0 0 0 .53.22c.2 0 .39-.078.53-.22z"></path></svg></span></button></span></li></ul></div><div role="tabpanel" id="calendar-searchboxdatepicker" class="c187c54338 b920e43bfe"><div class="f92dfc7e1a"><div tabindex="-1" data-testid="searchbox-datepicker-calendar" class="a10b0e2d13 efea941f13"><button type="button" class="a83ed08757 c21c56c305 f38b6daa18 d691166b09 f671049264 deab83296e f4552b6561 dc72a8413c f073249358"><span class="eedba9e88a"><span class="fcd9eec8fb c2cc050fb8" aria-hidden="true"><svg xmlns="http://www.w3.org/2000/svg" viewBox="0 0 24 24" data-rtl-flip="true"><path d="M8.91289 19.2361C9.03226 19.2367 9.15054 19.2134 9.2608 19.1676C9.37105 19.1219 9.47105 19.0546 9.55493 18.9696L15.612 12.9125C15.7367 12.7891 15.8353 12.6418 15.9018 12.4795C15.9684 12.3172 16.0017 12.1431 15.9997 11.9676C16.0075 11.6171 15.877 11.2776 15.6362 11.0227L9.57916 4.96566C9.40881 4.79552 9.17788 4.69995 8.93711 4.69995C8.69634 4.69995 8.46542 4.79552 8.29506 4.96566C8.20935 5.04918 8.14122 5.14902 8.09471 5.25929C8.04819 5.36957 8.02423 5.48803 8.02423 5.60771C8.02423 5.72739 8.04819 5.84586 8.09471 5.95613C8.14122 6.0664 8.20935 6.16624 8.29506 6.24976L13.9887 11.9676L8.27084 17.6855C8.18512 17.769 8.117 17.8689 8.07048 17.9792C8.02396 18.0894 8 18.2079 8 18.3276C8 18.4473 8.02396 18.5657 8.07048 18.676C8.117 18.7863 8.18512 18.8861 8.27084 18.9696C8.3543 19.0551 8.45423 19.1228 8.56458 19.1686C8.67493 19.2144 8.79341 19.2374 8.91289 19.2361Z"></path></svg></span></span></button><div class="d4babb55ef"><div class="d358556c65"><h3 aria-live="polite" class="e1eebb6a1e ee7ec6b631">September<!-- --> <!-- -->2023</h3><table class="eb03f3f27f" role="grid"><thead aria-hidden="true"><tr><th scope="col" class="b766923492"><div class="a53cbfa6de f45d8e4c32">Su</div></th><th scope="col" class="b766923492"><div class="a53cbfa6de f45d8e4c32">Mo</div></th><th scope="col" class="b766923492"><div class="a53cbfa6de f45d8e4c32">Tu</div></th><th scope="col" class="b766923492"><div class="a53cbfa6de f45d8e4c32">We</div></th><th scope="col" class="b766923492"><div class="a53cbfa6de f45d8e4c32">Th</div></th><th scope="col" class="b766923492"><div class="a53cbfa6de f45d8e4c32">Fr</div></th><th scope="col" class="b766923492"><div class="a53cbfa6de f45d8e4c32">Sa</div></th></tr></thead><tbody><tr><td class="b80d5adb18" aria-hidden="true"></td><td class="b80d5adb18" aria-hidden="true"></td><td class="b80d5adb18" aria-hidden="true"></td><td class="b80d5adb18" aria-hidden="true"></td><td class="b80d5adb18" aria-hidden="true"></td><td role="gridcell" class="b80d5adb18"><span tabindex="-1" class="cf06f772fa fa1e2a2fae" data-date="2023-09-01" aria-checked="false" role="checkbox" aria-label="1 September 2023"><span>1</span></span></td><td role="gridcell" class="b80d5adb18"><span tabindex="-1" class="cf06f772fa fa1e2a2fae" data-date="2023-09-02" aria-checked="false" role="checkbox" aria-label="2 September 2023"><span>2</span></span></td></tr><tr><td role="gridcell" class="b80d5adb18"><span tabindex="-1" class="cf06f772fa fa1e2a2fae" data-date="2023-09-03" aria-checked="false" role="checkbox" aria-label="3 September 2023"><span>3</span></span></td><td role="gridcell" class="b80d5adb18"><span tabindex="-1" class="cf06f772fa fa1e2a2fae" data-date="2023-09-04" aria-checked="false" role="checkbox" aria-label="4 September 2023"><span>4</span></span></td><td role="gridcell" class="b80d5adb18"><span tabindex="-1" class="cf06f772fa fa1e2a2fae" data-date="2023-09-05" aria-checked="false" role="checkbox" aria-label="5 September 2023"><span>5</span></span></td><td role="gridcell" class="b80d5adb18"><span tabindex="-1" class="cf06f772fa fa1e2a2fae" data-date="2023-09-06" aria-checked="false" role="checkbox" aria-label="6 September 2023"><span>6</span></span></td><td role="gridcell" class="b80d5adb18"><span tabindex="-1" class="cf06f772fa fa1e2a2fae" data-date="2023-09-07" aria-checked="false" role="checkbox" aria-label="7 September 2023"><span>7</span></span></td><td role="gridcell" class="b80d5adb18"><span tabindex="-1" class="cf06f772fa fa1e2a2fae" data-date="2023-09-08" aria-checked="false" role="checkbox" aria-label="8 September 2023"><span>8</span></span></td><td role="gridcell" class="b80d5adb18"><span tabindex="-1" class="cf06f772fa fa1e2a2fae" data-date="2023-09-09" aria-checked="false" role="checkbox" aria-label="9 September 2023"><span>9</span></span></td></tr><tr><td role="gridcell" class="b80d5adb18"><span tabindex="-1" class="cf06f772fa fa1e2a2fae" data-date="2023-09-10" aria-checked="false" role="checkbox" aria-label="10 September 2023"><span>10</span></span></td><td role="gridcell" class="b80d5adb18"><span tabindex="-1" class="cf06f772fa fa1e2a2fae" data-date="2023-09-11" aria-checked="false" role="checkbox" aria-label="11 September 2023"><span>11</span></span></td><td role="gridcell" class="b80d5adb18"><span tabindex="-1" class="cf06f772fa fa1e2a2fae" data-date="2023-09-12" aria-checked="false" role="checkbox" aria-label="12 September 2023"><span>12</span></span></td><td role="gridcell" class="b80d5adb18"><span tabindex="-1" class="cf06f772fa fa1e2a2fae" data-date="2023-09-13" aria-checked="false" role="checkbox" aria-label="13 September 2023"><span>13</span></span></td><td role="gridcell" class="b80d5adb18"><span tabindex="-1" class="cf06f772fa" data-date="2023-09-14" aria-checked="false" role="checkbox" aria-label="14 September 2023"><span>14</span></span></td><td role="gridcell" class="b80d5adb18"><span tabindex="-1" class="cf06f772fa" data-date="2023-09-15" aria-checked="false" role="checkbox" aria-label="15 September 2023"><span>15</span></span></td><td role="gridcell" class="b80d5adb18"><span tabindex="-1" class="cf06f772fa" data-date="2023-09-16" aria-checked="false" role="checkbox" aria-label="16 September 2023"><span>16</span></span></td></tr><tr><td role="gridcell" class="b80d5adb18"><span tabindex="-1" class="cf06f772fa" data-date="2023-09-17" aria-checked="false" role="checkbox" aria-label="17 September 2023"><span>17</span></span></td><td role="gridcell" class="b80d5adb18"><span tabindex="-1" class="cf06f772fa" data-date="2023-09-18" aria-checked="false" role="checkbox" aria-label="18 September 2023"><span>18</span></span></td><td role="gridcell" class="b80d5adb18"><span tabindex="-1" class="cf06f772fa" data-date="2023-09-19" aria-checked="false" role="checkbox" aria-label="19 September 2023"><span>19</span></span></td><td role="gridcell" class="b80d5adb18"><span tabindex="-1" class="cf06f772fa" data-date="2023-09-20" aria-checked="false" role="checkbox" aria-label="20 September 2023"><span>20</span></span></td><td role="gridcell" class="b80d5adb18"><span tabindex="-1" class="cf06f772fa" data-date="2023-09-21" aria-checked="false" role="checkbox" aria-label="21 September 2023"><span>21</span></span></td><td role="gridcell" class="b80d5adb18"><span tabindex="-1" class="cf06f772fa" data-date="2023-09-22" aria-checked="false" role="checkbox" aria-label="22 September 2023"><span>22</span></span></td><td role="gridcell" class="b80d5adb18"><span tabindex="-1" class="cf06f772fa" data-date="2023-09-23" aria-checked="false" role="checkbox" aria-label="23 September 2023"><span>23</span></span></td></tr><tr><td role="gridcell" class="b80d5adb18"><span tabindex="-1" class="cf06f772fa" data-date="2023-09-24" aria-checked="false" role="checkbox" aria-label="24 September 2023"><span>24</span></span></td><td role="gridcell" class="b80d5adb18"><span tabindex="-1" class="cf06f772fa" data-date="2023-09-25" aria-checked="false" role="checkbox" aria-label="25 September 2023"><span>25</span></span></td><td role="gridcell" class="b80d5adb18"><span tabindex="-1" class="cf06f772fa" data-date="2023-09-26" aria-checked="false" role="checkbox" aria-label="26 September 2023"><span>26</span></span></td><td role="gridcell" class="b80d5adb18"><span tabindex="-1" class="cf06f772fa" data-date="2023-09-27" aria-checked="false" role="checkbox" aria-label="27 September 2023"><span>27</span></span></td><td role="gridcell" class="b80d5adb18"><span tabindex="-1" class="cf06f772fa" data-date="2023-09-28" aria-checked="false" role="checkbox" aria-label="28 September 2023"><span>28</span></span></td><td role="gridcell" class="b80d5adb18"><span tabindex="-1" class="cf06f772fa" data-date="2023-09-29" aria-checked="false" role="checkbox" aria-label="29 September 2023"><span>29</span></span></td><td role="gridcell" class="b80d5adb18"><span tabindex="-1" class="cf06f772fa" data-date="2023-09-30" aria-checked="false" role="checkbox" aria-label="30 September 2023"><span>30</span></span></td></tr></tbody></table></div><div class="d358556c65"><h3 aria-live="polite" class="e1eebb6a1e ee7ec6b631">October<!-- --> <!-- -->2023</h3><table class="eb03f3f27f" role="grid"><thead aria-hidden="true"><tr><th scope="col" class="b766923492"><div class="a53cbfa6de f45d8e4c32">Su</div></th><th scope="col" class="b766923492"><div class="a53cbfa6de f45d8e4c32">Mo</div></th><th scope="col" class="b766923492"><div class="a53cbfa6de f45d8e4c32">Tu</div></th><th scope="col" class="b766923492"><div class="a53cbfa6de f45d8e4c32">We</div></th><th scope="col" class="b766923492"><div class="a53cbfa6de f45d8e4c32">Th</div></th><th scope="col" class="b766923492"><div class="a53cbfa6de f45d8e4c32">Fr</div></th><th scope="col" class="b766923492"><div class="a53cbfa6de f45d8e4c32">Sa</div></th></tr></thead><tbody><tr><td role="gridcell" class="b80d5adb18"><span tabindex="-1" class="cf06f772fa" data-date="2023-10-01" aria-checked="false" role="checkbox" aria-label="1 October 2023"><span>1</span></span></td><td role="gridcell" class="b80d5adb18"><span tabindex="-1" class="cf06f772fa" data-date="2023-10-02" aria-checked="false" role="checkbox" aria-label="2 October 2023"><span>2</span></span></td><td role="gridcell" class="b80d5adb18"><span tabindex="-1" class="cf06f772fa" data-date="2023-10-03" aria-checked="false" role="checkbox" aria-label="3 October 2023"><span>3</span></span></td><td role="gridcell" class="b80d5adb18"><span tabindex="-1" class="cf06f772fa" data-date="2023-10-04" aria-checked="false" role="checkbox" aria-label="4 October 2023"><span>4</span></span></td><td role="gridcell" class="b80d5adb18"><span tabindex="-1" class="cf06f772fa" data-date="2023-10-05" aria-checked="false" role="checkbox" aria-label="5 October 2023"><span>5</span></span></td><td role="gridcell" class="b80d5adb18"><span tabindex="-1" class="cf06f772fa" data-date="2023-10-06" aria-checked="false" role="checkbox" aria-label="6 October 2023"><span>6</span></span></td><td role="gridcell" class="b80d5adb18"><span tabindex="-1" class="cf06f772fa" data-date="2023-10-07" aria-checked="false" role="checkbox" aria-label="7 October 2023"><span>7</span></span></td></tr><tr><td role="gridcell" class="b80d5adb18"><span tabindex="-1" class="cf06f772fa" data-date="2023-10-08" aria-checked="false" role="checkbox" aria-label="8 October 2023"><span>8</span></span></td><td role="gridcell" class="b80d5adb18"><span tabindex="-1" class="cf06f772fa" data-date="2023-10-09" aria-checked="false" role="checkbox" aria-label="9 October 2023"><span>9</span></span></td><td role="gridcell" class="b80d5adb18"><span tabindex="-1" class="cf06f772fa" data-date="2023-10-10" aria-checked="false" role="checkbox" aria-label="10 October 2023"><span>10</span></span></td><td role="gridcell" class="b80d5adb18"><span tabindex="-1" class="cf06f772fa" data-date="2023-10-11" aria-checked="false" role="checkbox" aria-label="11 October 2023"><span>11</span></span></td><td role="gridcell" class="b80d5adb18"><span tabindex="-1" class="cf06f772fa" data-date="2023-10-12" aria-checked="false" role="checkbox" aria-label="12 October 2023"><span>12</span></span></td><td role="gridcell" class="b80d5adb18"><span tabindex="-1" class="cf06f772fa" data-date="2023-10-13" aria-checked="false" role="checkbox" aria-label="13 October 2023"><span>13</span></span></td><td role="gridcell" class="b80d5adb18"><span tabindex="-1" class="cf06f772fa" data-date="2023-10-14" aria-checked="false" role="checkbox" aria-label="14 October 2023"><span>14</span></span></td></tr><tr><td role="gridcell" class="b80d5adb18"><span tabindex="-1" class="cf06f772fa" data-date="2023-10-15" aria-checked="false" role="checkbox" aria-label="15 October 2023"><span>15</span></span></td><td role="gridcell" class="b80d5adb18"><span tabindex="-1" class="cf06f772fa" data-date="2023-10-16" aria-checked="false" role="checkbox" aria-label="16 October 2023"><span>16</span></span></td><td role="gridcell" class="b80d5adb18"><span tabindex="-1" class="cf06f772fa" data-date="2023-10-17" aria-checked="false" role="checkbox" aria-label="17 October 2023"><span>17</span></span></td><td role="gridcell" class="b80d5adb18"><span tabindex="-1" class="cf06f772fa" data-date="2023-10-18" aria-checked="false" role="checkbox" aria-label="18 October 2023"><span>18</span></span></td><td role="gridcell" class="b80d5adb18"><span tabindex="-1" class="cf06f772fa" data-date="2023-10-19" aria-checked="false" role="checkbox" aria-label="19 October 2023"><span>19</span></span></td><td role="gridcell" class="b80d5adb18"><span tabindex="-1" class="cf06f772fa" data-date="2023-10-20" aria-checked="false" role="checkbox" aria-label="20 October 2023"><span>20</span></span></td><td role="gridcell" class="b80d5adb18"><span tabindex="-1" class="cf06f772fa" data-date="2023-10-21" aria-checked="false" role="checkbox" aria-label="21 October 2023"><span>21</span></span></td></tr><tr><td role="gridcell" class="b80d5adb18"><span tabindex="-1" class="cf06f772fa" data-date="2023-10-22" aria-checked="false" role="checkbox" aria-label="22 October 2023"><span>22</span></span></td><td role="gridcell" class="b80d5adb18"><span tabindex="-1" class="cf06f772fa" data-date="2023-10-23" aria-checked="false" role="checkbox" aria-label="23 October 2023"><span>23</span></span></td><td role="gridcell" class="b80d5adb18"><span tabindex="-1" class="cf06f772fa" data-date="2023-10-24" aria-checked="false" role="checkbox" aria-label="24 October 2023"><span>24</span></span></td><td role="gridcell" class="b80d5adb18"><span tabindex="-1" class="cf06f772fa" data-date="2023-10-25" aria-checked="false" role="checkbox" aria-label="25 October 2023"><span>25</span></span></td><td role="gridcell" class="b80d5adb18"><span tabindex="-1" class="cf06f772fa" data-date="2023-10-26" aria-checked="false" role="checkbox" aria-label="26 October 2023"><span>26</span></span></td><td role="gridcell" class="b80d5adb18"><span tabindex="-1" class="cf06f772fa" data-date="2023-10-27" aria-checked="false" role="checkbox" aria-label="27 October 2023"><span>27</span></span></td><td role="gridcell" class="b80d5adb18"><span tabindex="-1" class="cf06f772fa" data-date="2023-10-28" aria-checked="false" role="checkbox" aria-label="28 October 2023"><span>28</span></span></td></tr><tr><td role="gridcell" class="b80d5adb18"><span tabindex="-1" class="cf06f772fa" data-date="2023-10-29" aria-checked="false" role="checkbox" aria-label="29 October 2023"><span>29</span></span></td><td role="gridcell" class="b80d5adb18"><span tabindex="-1" class="cf06f772fa" data-date="2023-10-30" aria-checked="false" role="checkbox" aria-label="30 October 2023"><span>30</span></span></td><td role="gridcell" class="b80d5adb18"><span tabindex="-1" class="cf06f772fa" data-date="2023-10-31" aria-checked="false" role="checkbox" aria-label="31 October 2023"><span>31</span></span></td></tr></tbody></table></div></div></div><div><div class="e8831c9192" data-testid="datepicker-footer"><div data-testid="flexible-dates-container" role="region" class="e567fd4fff dbf27a7228"><ul class="fc49408fea ba4306d436" id=":R2kpl31:" tabindex="0" aria-atomic="false"><li class="b0932df2e7 e375bc2404"><label class="faefc93c6f c737ebb2b7"><input class="ac4a7896c7 bdfe71a871" name="" type="checkbox" checked="" value="exact"/><span class="dfb0833038"><span class="ccb65902b2">Exact dates</span></span></label></li><li class="b0932df2e7 e375bc2404"><label class="faefc93c6f"><input class="ac4a7896c7 bdfe71a871" name="" type="checkbox" value="1"/><span class="dfb0833038"><span class="fcd9eec8fb a07dcf7ef3 bf9a32efa5" aria-hidden="true"><span class="fcd9eec8fb bf9a32efa5" aria-hidden="true"><svg xmlns="http://www.w3.org/2000/svg" viewBox="0 0 24 24"><path d="M21.14 22.94a1 1 0 0 1-1 1H3.86a1 1 0 1 1 0-2h16.28a1 1 0 0 1 1 1ZM4 10h7v7a1 1 0 0 0 2 0v-7h7a1 1 0 0 0 0-2h-7V1a1 1 0 0 0-2 0v7H4a1 1 0 0 0 0 2Z"></path></svg></span></span><span class="ccb65902b2">1 day</span></span></label></li><li class="b0932df2e7 e375bc2404"><label class="faefc93c6f"><input class="ac4a7896c7 bdfe71a871" name="" type="checkbox" value="2"/><span class="dfb0833038"><span class="fcd9eec8fb a07dcf7ef3 bf9a32efa5" aria-hidden="true"><span class="fcd9eec8fb bf9a32efa5" aria-hidden="true"><svg xmlns="http://www.w3.org/2000/svg" viewBox="0 0 24 24"><path d="M21.14 22.94a1 1 0 0 1-1 1H3.86a1 1 0 1 1 0-2h16.28a1 1 0 0 1 1 1ZM4 10h7v7a1 1 0 0 0 2 0v-7h7a1 1 0 0 0 0-2h-7V1a1 1 0 0 0-2 0v7H4a1 1 0 0 0 0 2Z"></path></svg></span></span><span class="ccb65902b2">2 days</span></span></label></li><li class="b0932df2e7 e375bc2404"><label class="faefc93c6f"><input class="ac4a7896c7 bdfe71a871" name="" type="checkbox" value="3"/><span class="dfb0833038"><span class="fcd9eec8fb a07dcf7ef3 bf9a32efa5" aria-hidden="true"><span class="fcd9eec8fb bf9a32efa5" aria-hidden="true"><svg xmlns="http://www.w3.org/2000/svg" viewBox="0 0 24 24"><path d="M21.14 22.94a1 1 0 0 1-1 1H3.86a1 1 0 1 1 0-2h16.28a1 1 0 0 1 1 1ZM4 10h7v7a1 1 0 0 0 2 0v-7h7a1 1 0 0 0 0-2h-7V1a1 1 0 0 0-2 0v7H4a1 1 0 0 0 0 2Z"></path></svg></span></span><span class="ccb65902b2">3 days</span></span></label></li><li class="b0932df2e7 e375bc2404"><label class="faefc93c6f"><input class="ac4a7896c7 bdfe71a871" name="" type="checkbox" value="7"/><span class="dfb0833038"><span class="fcd9eec8fb a07dcf7ef3 bf9a32efa5" aria-hidden="true"><span class="fcd9eec8fb bf9a32efa5" aria-hidden="true"><svg xmlns="http://www.w3.org/2000/svg" viewBox="0 0 24 24"><path d="M21.14 22.94a1 1 0 0 1-1 1H3.86a1 1 0 1 1 0-2h16.28a1 1 0 0 1 1 1ZM4 10h7v7a1 1 0 0 0 2 0v-7h7a1 1 0 0 0 0-2h-7V1a1 1 0 0 0-2 0v7H4a1 1 0 0 0 0 2Z"></path></svg></span></span><span class="ccb65902b2">7 days</span></span></label></li></ul><div class="c7a2b2cb75"><button aria-label="" aria-controls=":R2kpl31:" type="button" class="a83ed08757 c21c56c305 bd3a1c7108 d691166b09 ab98298258 deab83296e fe94449254 f7e840d934 a27b97ef1e"><span class="eedba9e88a"><span class="fcd9eec8fb bf9a32efa5" aria-hidden="true"><svg xmlns="http://www.w3.org/2000/svg" viewBox="0 0 24 24" data-rtl-flip="true"><path d="M15.0871 19.2361C14.9677 19.2367 14.8495 19.2134 14.7392 19.1676C14.629 19.1219 14.5289 19.0546 14.4451 18.9696L8.38799 12.9125C8.26332 12.7891 8.16475 12.6418 8.09815 12.4795C8.03156 12.3172 7.99829 12.1431 8.00034 11.9676C7.99246 11.6171 8.12303 11.2776 8.36376 11.0227L14.4208 4.96566C14.5912 4.79552 14.8221 4.69995 15.0629 4.69995C15.3037 4.69995 15.5346 4.79552 15.7049 4.96566C15.7907 5.04918 15.8588 5.14902 15.9053 5.25929C15.9518 5.36957 15.9758 5.48803 15.9758 5.60771C15.9758 5.72739 15.9518 5.84586 15.9053 5.95613C15.8588 6.0664 15.7907 6.16624 15.7049 6.24976L10.0113 11.9676L15.7292 17.6855C15.8149 17.769 15.883 17.8689 15.9295 17.9792C15.976 18.0894 16 18.2079 16 18.3276C16 18.4473 15.976 18.5657 15.9295 18.676C15.883 18.7863 15.8149 18.8861 15.7292 18.9696C15.6457 19.0551 15.5458 19.1228 15.4354 19.1686C15.3251 19.2144 15.2066 19.2374 15.0871 19.2361Z"></path></svg></span></span></button><button aria-label="" aria-controls=":R2kpl31:" type="button" class="a83ed08757 c21c56c305 bd3a1c7108 d691166b09 ab98298258 deab83296e fe94449254 f7e840d934 a27b97ef1e"><span class="eedba9e88a"><span class="fcd9eec8fb bf9a32efa5" aria-hidden="true"><svg xmlns="http://www.w3.org/2000/svg" viewBox="0 0 24 24" data-rtl-flip="true"><path d="M8.91289 19.2361C9.03226 19.2367 9.15054 19.2134 9.2608 19.1676C9.37105 19.1219 9.47105 19.0546 9.55493 18.9696L15.612 12.9125C15.7367 12.7891 15.8353 12.6418 15.9018 12.4795C15.9684 12.3172 16.0017 12.1431 15.9997 11.9676C16.0075 11.6171 15.877 11.2776 15.6362 11.0227L9.57916 4.96566C9.40881 4.79552 9.17788 4.69995 8.93711 4.69995C8.69634 4.69995 8.46542 4.79552 8.29506 4.96566C8.20935 5.04918 8.14122 5.14902 8.09471 5.25929C8.04819 5.36957 8.02423 5.48803 8.02423 5.60771C8.02423 5.72739 8.04819 5.84586 8.09471 5.95613C8.14122 6.0664 8.20935 6.16624 8.29506 6.24976L13.9887 11.9676L8.27084 17.6855C8.18512 17.769 8.117 17.8689 8.07048 17.9792C8.02396 18.0894 8 18.2079 8 18.3276C8 18.4473 8.02396 18.5657 8.07048 18.676C8.117 18.7863 8.18512 18.8861 8.27084 18.9696C8.3543 19.0551 8.45423 19.1228 8.56458 19.1686C8.67493 19.2144 8.79341 19.2374 8.91289 19.2361Z"></path></svg></span></span></button></div></div></div></div></div></div></nav></div></div></div></div><div class="f9cf783bde"><div class="d67edddcf0" tabindex="-1"><button type="button" data-testid="occupancy-config" class="d47738b911 b7d08821c3"><span data-testid="occupancy-config-icon" class="fcd9eec8fb ca4f2a5850 c2cc050fb8 c696a7d242" aria-hidden="true"><svg xmlns="http://www.w3.org/2000/svg" viewBox="0 0 24 24"><path d="M16.5 6a4.5 4.5 0 1 1-9 0 4.5 4.5 0 0 1 9 0zM18 6A6 6 0 1 0 6 6a6 6 0 0 0 12 0zM3 23.25a9 9 0 1 1 18 0 .75.75 0 0 0 1.5 0c0-5.799-4.701-10.5-10.5-10.5S1.5 17.451 1.5 23.25a.75.75 0 0 0 1.5 0z"></path></svg></span>2 adults · 0 children · 1 room<span data-testid="searchbox-form-button-icon" class="fcd9eec8fb f8931b3e81 bf9a32efa5" aria-hidden="true"><svg xmlns="http://www.w3.org/2000/svg" viewBox="0 0 24 24"><path d="M19.2681 8.91288C19.2687 9.03226 19.2454 9.15054 19.1996 9.26079C19.1539 9.37105 19.0865 9.47105 19.0016 9.55493L12.9445 15.612C12.8211 15.7367 12.6738 15.8353 12.5115 15.9018C12.3491 15.9684 12.1751 16.0017 11.9996 15.9997C11.6491 16.0075 11.3096 15.877 11.0547 15.6362L4.99764 9.57916C4.8275 9.40881 4.73193 9.17788 4.73193 8.93711C4.73193 8.69634 4.8275 8.46542 4.99764 8.29506C5.08117 8.20935 5.18101 8.14122 5.29128 8.09471C5.40155 8.04819 5.52002 8.02423 5.6397 8.02423C5.75937 8.02423 5.87784 8.04819 5.98811 8.09471C6.09838 8.14122 6.19822 8.20935 6.28175 8.29506L11.9996 13.9887L17.7175 8.27084C17.801 8.18512 17.9009 8.11699 18.0111 8.07048C18.1214 8.02396 18.2399 8 18.3596 8C18.4792 8 18.5977 8.02396 18.708 8.07048C18.8182 8.11699 18.9181 8.18512 19.0016 8.27084C19.0871 8.3543 19.1548 8.45422 19.2006 8.56457C19.2464 8.67492 19.2694 8.79341 19.2681 8.91288Z"></path></svg></span></button></div></div><div class="f9cf783bde"><button type="submit" class="a83ed08757 c21c56c305 a4c1805887 f671049264 d2529514af c082d89982 aa11d0d5cd"><span class="e4adce92df">Search</span></button></div></div><div class="dfdd8e04de"></div><input type="hidden" name="ssne" value="Session Road"/><input type="hidden" name="ssne_untouched" value="Session Road"/></form></div></div></div>
</div>
<div id="bodyconstraint" class="   ">
<div id="bodyconstraint-inner">
<div>
<div data-capla-component-boundary="b-search-web-searchresults/BreadCrumbsDesktop"><div class="cde81c6f0c cef07b55fc" data-testid="breadcrumbs"><nav aria-label="Navigation history menu (breadcrumbs)" class="abf093bdfe"><ol class="aca0ade214 a5f1aae5b2 c2931f4182 a857d92783"><li class=""><span class="c3ccde2c36"><a href="https://www.booking.com/index.en-us.html" class="a83ed08757 f88a5204c2 b98133fb50"><span>Home</span></a></span></li><li class=""><span class="c3ccde2c36"><span class="fcd9eec8fb fea50ae303 bf9a32efa5" aria-hidden="true"><svg xmlns="http://www.w3.org/2000/svg" viewBox="0 0 24 24" data-rtl-flip="true"><path d="M8.91289 19.2361C9.03226 19.2367 9.15054 19.2134 9.2608 19.1676C9.37105 19.1219 9.47105 19.0546 9.55493 18.9696L15.612 12.9125C15.7367 12.7891 15.8353 12.6418 15.9018 12.4795C15.9684 12.3172 16.0017 12.1431 15.9997 11.9676C16.0075 11.6171 15.877 11.2776 15.6362 11.0227L9.57916 4.96566C9.40881 4.79552 9.17788 4.69995 8.93711 4.69995C8.69634 4.69995 8.46542 4.79552 8.29506 4.96566C8.20935 5.04918 8.14122 5.14902 8.09471 5.25929C8.04819 5.36957 8.02423 5.48803 8.02423 5.60771C8.02423 5.72739 8.04819 5.84586 8.09471 5.95613C8.14122 6.0664 8.20935 6.16624 8.29506 6.24976L13.9887 11.9676L8.27084 17.6855C8.18512 17.769 8.117 17.8689 8.07048 17.9792C8.02396 18.0894 8 18.2079 8 18.3276C8 18.4473 8.02396 18.5657 8.07048 18.676C8.117 18.7863 8.18512 18.8861 8.27084 18.9696C8.3543 19.0551 8.45423 19.1228 8.56458 19.1686C8.67493 19.2144 8.79341 19.2374 8.91289 19.2361Z"></path></svg></span><a href="https://www.booking.com/country/ph.en-us.html" class="a83ed08757 f88a5204c2 b98133fb50"><span>Philippines</span></a></span></li><li class=""><span class="c3ccde2c36"><span class="fcd9eec8fb fea50ae303 bf9a32efa5" aria-hidden="true"><svg xmlns="http://www.w3.org/2000/svg" viewBox="0 0 24 24" data-rtl-flip="true"><path d="M8.91289 19.2361C9.03226 19.2367 9.15054 19.2134 9.2608 19.1676C9.37105 19.1219 9.47105 19.0546 9.55493 18.9696L15.612 12.9125C15.7367 12.7891 15.8353 12.6418 15.9018 12.4795C15.9684 12.3172 16.0017 12.1431 15.9997 11.9676C16.0075 11.6171 15.877 11.2776 15.6362 11.0227L9.57916 4.96566C9.40881 4.79552 9.17788 4.69995 8.93711 4.69995C8.69634 4.69995 8.46542 4.79552 8.29506 4.96566C8.20935 5.04918 8.14122 5.14902 8.09471 5.25929C8.04819 5.36957 8.02423 5.48803 8.02423 5.60771C8.02423 5.72739 8.04819 5.84586 8.09471 5.95613C8.14122 6.0664 8.20935 6.16624 8.29506 6.24976L13.9887 11.9676L8.27084 17.6855C8.18512 17.769 8.117 17.8689 8.07048 17.9792C8.02396 18.0894 8 18.2079 8 18.3276C8 18.4473 8.02396 18.5657 8.07048 18.676C8.117 18.7863 8.18512 18.8861 8.27084 18.9696C8.3543 19.0551 8.45423 19.1228 8.56458 19.1686C8.67493 19.2144 8.79341 19.2374 8.91289 19.2361Z"></path></svg></span><a href="https://www.booking.com/region/ph/luzon.en-us.html" class="a83ed08757 f88a5204c2 b98133fb50"><span>Luzon</span></a></span></li><li class=""><span class="c3ccde2c36"><span class="fcd9eec8fb fea50ae303 bf9a32efa5" aria-hidden="true"><svg xmlns="http://www.w3.org/2000/svg" viewBox="0 0 24 24" data-rtl-flip="true"><path d="M8.91289 19.2361C9.03226 19.2367 9.15054 19.2134 9.2608 19.1676C9.37105 19.1219 9.47105 19.0546 9.55493 18.9696L15.612 12.9125C15.7367 12.7891 15.8353 12.6418 15.9018 12.4795C15.9684 12.3172 16.0017 12.1431 15.9997 11.9676C16.0075 11.6171 15.877 11.2776 15.6362 11.0227L9.57916 4.96566C9.40881 4.79552 9.17788 4.69995 8.93711 4.69995C8.69634 4.69995 8.46542 4.79552 8.29506 4.96566C8.20935 5.04918 8.14122 5.14902 8.09471 5.25929C8.04819 5.36957 8.02423 5.48803 8.02423 5.60771C8.02423 5.72739 8.04819 5.84586 8.09471 5.95613C8.14122 6.0664 8.20935 6.16624 8.29506 6.24976L13.9887 11.9676L8.27084 17.6855C8.18512 17.769 8.117 17.8689 8.07048 17.9792C8.02396 18.0894 8 18.2079 8 18.3276C8 18.4473 8.02396 18.5657 8.07048 18.676C8.117 18.7863 8.18512 18.8861 8.27084 18.9696C8.3543 19.0551 8.45423 19.1228 8.56458 19.1686C8.67493 19.2144 8.79341 19.2374 8.91289 19.2361Z"></path></svg></span><a href="https://www.booking.com/city/ph/baguio.en-us.html" class="a83ed08757 f88a5204c2 b98133fb50"><span>Baguio</span></a></span></li><li class=""><span class="c3ccde2c36"><span class="fcd9eec8fb fea50ae303 bf9a32efa5" aria-hidden="true"><svg xmlns="http://www.w3.org/2000/svg" viewBox="0 0 24 24" data-rtl-flip="true"><path d="M8.91289 19.2361C9.03226 19.2367 9.15054 19.2134 9.2608 19.1676C9.37105 19.1219 9.47105 19.0546 9.55493 18.9696L15.612 12.9125C15.7367 12.7891 15.8353 12.6418 15.9018 12.4795C15.9684 12.3172 16.0017 12.1431 15.9997 11.9676C16.0075 11.6171 15.877 11.2776 15.6362 11.0227L9.57916 4.96566C9.40881 4.79552 9.17788 4.69995 8.93711 4.69995C8.69634 4.69995 8.46542 4.79552 8.29506 4.96566C8.20935 5.04918 8.14122 5.14902 8.09471 5.25929C8.04819 5.36957 8.02423 5.48803 8.02423 5.60771C8.02423 5.72739 8.04819 5.84586 8.09471 5.95613C8.14122 6.0664 8.20935 6.16624 8.29506 6.24976L13.9887 11.9676L8.27084 17.6855C8.18512 17.769 8.117 17.8689 8.07048 17.9792C8.02396 18.0894 8 18.2079 8 18.3276C8 18.4473 8.02396 18.5657 8.07048 18.676C8.117 18.7863 8.18512 18.8861 8.27084 18.9696C8.3543 19.0551 8.45423 19.1228 8.56458 19.1686C8.67493 19.2144 8.79341 19.2374 8.91289 19.2361Z"></path></svg></span><a href="https://www.booking.com/landmark/ph/session-road.en-us.html" class="a83ed08757 f88a5204c2 b98133fb50"><span>Session Road</span></a></span></li><li class=""><span class="c3ccde2c36"><span class="fcd9eec8fb fea50ae303 bf9a32efa5" aria-hidden="true"><svg xmlns="http://www.w3.org/2000/svg" viewBox="0 0 24 24" data-rtl-flip="true"><path d="M8.91289 19.2361C9.03226 19.2367 9.15054 19.2134 9.2608 19.1676C9.37105 19.1219 9.47105 19.0546 9.55493 18.9696L15.612 12.9125C15.7367 12.7891 15.8353 12.6418 15.9018 12.4795C15.9684 12.3172 16.0017 12.1431 15.9997 11.9676C16.0075 11.6171 15.877 11.2776 15.6362 11.0227L9.57916 4.96566C9.40881 4.79552 9.17788 4.69995 8.93711 4.69995C8.69634 4.69995 8.46542 4.79552 8.29506 4.96566C8.20935 5.04918 8.14122 5.14902 8.09471 5.25929C8.04819 5.36957 8.02423 5.48803 8.02423 5.60771C8.02423 5.72739 8.04819 5.84586 8.09471 5.95613C8.14122 6.0664 8.20935 6.16624 8.29506 6.24976L13.9887 11.9676L8.27084 17.6855C8.18512 17.769 8.117 17.8689 8.07048 17.9792C8.02396 18.0894 8 18.2079 8 18.3276C8 18.4473 8.02396 18.5657 8.07048 18.676C8.117 18.7863 8.18512 18.8861 8.27084 18.9696C8.3543 19.0551 8.45423 19.1228 8.56458 19.1686C8.67493 19.2144 8.79341 19.2374 8.91289 19.2361Z"></path></svg></span><div class="abf093bdfe">Search results</div></span></li></ol></nav></div></div>
</div>
<div data-block-id="header_survey">
</div>
<div data-capla-component-boundary="b-search-web-searchresults/GlobalAlerts"></div>
<svg class="bk-icon -genius-new_identity-genius_badge" height="174" style="display:none;" width="434" viewBox="0 0 434 174" role="presentation" aria-hidden="true" focusable="false">
<g>
<path d="M418.964 0H14.6335C6.65829 0 0.193115 6.46518 0.193115 14.4404V158.844C0.193115 166.819 6.65829 173.285 14.6335 173.285H418.964C426.939 173.285 433.404 166.819 433.404 158.844V14.4404C433.404 6.46518 426.939 0 418.964 0Z" fill="#004CB8"/>
<path d="M375.643 112.057C375.651 112.911 375.418 113.75 374.971 114.478C374.524 115.206 373.881 115.793 373.116 116.173C371.061 117.213 368.774 117.71 366.473 117.617C363.367 117.862 360.262 117.13 357.592 115.523C355.323 114.154 353.571 112.072 352.611 109.602C352.551 109.35 352.431 109.116 352.26 108.921C352.09 108.726 351.874 108.575 351.632 108.483C351.39 108.39 351.129 108.358 350.871 108.39C350.614 108.421 350.368 108.515 350.156 108.664L341.13 112.635C340.869 112.706 340.627 112.837 340.425 113.019C340.223 113.2 340.067 113.426 339.969 113.679C339.87 113.932 339.833 114.205 339.859 114.475C339.885 114.745 339.975 115.005 340.12 115.234C342.038 119.7 345.325 123.441 349.506 125.92C354.638 128.933 360.527 130.412 366.473 130.18C372.448 130.368 378.324 128.621 383.224 125.198C385.473 123.727 387.315 121.711 388.577 119.338C389.839 116.965 390.481 114.312 390.444 111.624C390.444 101.997 383.657 96.1488 370.083 94.079C366.842 93.6288 363.696 92.6533 360.769 91.1909C358.603 90.1801 356.148 88.8082 356.148 87.2198C356.194 86.4783 356.458 85.7669 356.908 85.1757C357.358 84.5845 357.973 84.14 358.676 83.8985C360.848 83.0046 363.187 82.5861 365.535 82.6711C367.779 82.6622 370.001 83.1271 372.054 84.0353C374.107 84.9435 375.945 86.2747 377.448 87.9418C377.63 88.1318 377.849 88.283 378.09 88.3863C378.332 88.4896 378.593 88.5429 378.856 88.5429C379.119 88.5429 379.379 88.4896 379.621 88.3863C379.863 88.283 380.082 88.1318 380.264 87.9418L386.69 82.1657C386.936 82.0362 387.148 81.8492 387.307 81.6204C387.466 81.3917 387.568 81.128 387.603 80.8517C387.639 80.5754 387.607 80.2946 387.511 80.0331C387.415 79.7717 387.257 79.5373 387.051 79.3498C382.053 74.4653 375.569 71.3872 368.625 70.6026C361.681 69.8179 354.673 71.3716 348.712 75.0177C346.74 76.4007 345.146 78.2548 344.074 80.4112C343.002 82.5675 342.487 84.9577 342.574 87.3642C342.567 89.4267 343.001 91.4669 343.848 93.3475C344.695 95.2281 345.935 96.9054 347.484 98.2667C351.292 101.398 355.888 103.422 360.769 104.115C364.771 104.676 368.681 105.769 372.394 107.364C373.334 107.744 374.143 108.391 374.72 109.225C375.297 110.059 375.618 111.043 375.643 112.057Z" fill="white"/>
<path d="M282.575 107.509C282.412 110.486 282.839 113.467 283.83 116.279C284.821 119.092 286.358 121.681 288.351 123.899C290.419 125.929 292.885 127.51 295.594 128.541C298.303 129.573 301.196 130.032 304.091 129.891C306.536 129.936 308.973 129.595 311.311 128.881C313.006 128.39 314.631 127.686 316.149 126.787C317.577 125.778 318.951 124.693 320.264 123.538L321.636 126.859C321.861 127.389 322.248 127.834 322.74 128.132C323.232 128.43 323.806 128.566 324.38 128.52H333.766C334.021 128.556 334.281 128.532 334.525 128.451C334.769 128.369 334.991 128.232 335.173 128.05C335.355 127.868 335.493 127.646 335.574 127.401C335.656 127.157 335.679 126.897 335.643 126.642V73.7906C335.635 73.5591 335.579 73.3319 335.478 73.1236C335.377 72.9152 335.233 72.7303 335.056 72.5807C334.879 72.4312 334.673 72.3202 334.451 72.255C334.229 72.1898 333.996 72.1718 333.766 72.2021H321.853C321.598 72.166 321.338 72.1897 321.094 72.2712C320.849 72.3528 320.627 72.49 320.445 72.6721C320.263 72.8542 320.126 73.0761 320.044 73.3203C319.963 73.5646 319.939 73.8244 319.975 74.0794V110.18C318.697 112.152 316.942 113.768 314.871 114.879C312.801 115.99 310.484 116.559 308.134 116.534C306.791 116.632 305.442 116.423 304.191 115.922C302.94 115.422 301.82 114.644 300.914 113.646C299.138 111.504 298.235 108.771 298.387 105.993V73.7906C298.387 72.5631 297.665 71.9133 296.365 71.9133H284.596C283.297 71.9133 282.575 72.5631 282.575 73.7906V107.509Z" fill="white"/>
<path d="M253.983 54.1515C253.968 55.5821 254.25 57.0002 254.809 58.3172C255.368 59.6341 256.193 60.8214 257.232 61.8049C259.299 63.8464 262.088 64.9912 264.993 64.9912C267.899 64.9912 270.688 63.8464 272.755 61.8049C273.786 60.8145 274.606 59.6261 275.166 58.3109C275.726 56.9958 276.015 55.581 276.015 54.1515C276.015 52.722 275.726 51.3073 275.166 49.9921C274.606 48.677 273.786 47.4885 272.755 46.4981C270.688 44.4566 267.899 43.3119 264.993 43.3119C262.088 43.3119 259.299 44.4566 257.232 46.4981C256.193 47.4816 255.368 48.669 254.809 49.9859C254.25 51.3028 253.968 52.7209 253.983 54.1515Z" fill="#FEBB02"/>
<path d="M247.413 90.7576C247.576 88.0348 247.187 85.307 246.269 82.7384C245.351 80.1699 243.922 77.8137 242.07 75.8118C239.996 73.9613 237.574 72.5422 234.946 71.6373C232.318 70.7324 229.536 70.3597 226.763 70.5411C220.636 70.5809 214.743 72.897 210.229 77.0393L208.64 73.7902C208.475 73.2445 208.126 72.7731 207.652 72.4569C207.177 72.1408 206.608 71.9995 206.041 72.0573H196.366C195.066 72.0573 194.344 72.6349 194.344 73.8624V126.714C194.344 127.942 195.066 128.591 196.366 128.591H208.207C209.507 128.591 210.229 127.942 210.229 126.714V90.6132C211.612 88.8509 213.33 87.3788 215.283 86.2811C217.277 85.0359 219.574 84.3617 221.925 84.3316C228.423 84.3316 231.745 87.7973 231.745 94.8009V126.714C231.745 127.212 231.942 127.69 232.295 128.042C232.647 128.394 233.124 128.591 233.622 128.591H245.68C246.178 128.591 246.655 128.394 247.007 128.042C247.359 127.69 247.557 127.212 247.557 126.714L247.413 90.7576Z" fill="white"/>
<path d="M187.268 102.527C187.268 103.826 186.691 104.404 185.391 104.404H144.597C145.345 107.742 147.142 110.752 149.723 112.996C152.483 115.254 155.981 116.412 159.543 116.245C161.98 116.337 164.397 115.785 166.552 114.644C168.707 113.503 170.523 111.814 171.817 109.747C172.25 109.025 173.045 108.953 174.055 109.747L184.236 113.935C185.391 114.368 185.68 115.018 185.03 116.029C182.534 120.559 178.83 124.307 174.33 126.857C169.831 129.406 164.711 130.657 159.543 130.469C151.507 130.607 143.735 127.602 137.882 122.094C134.918 119.341 132.584 115.98 131.038 112.242C129.493 108.503 128.774 104.475 128.929 100.433C128.765 96.3962 129.473 92.3715 131.005 88.6333C132.538 84.8952 134.859 81.5317 137.81 78.7724C140.626 76.0576 143.952 73.9264 147.595 72.5015C151.238 71.0765 155.127 70.3858 159.037 70.4692C162.9 70.2694 166.761 70.8864 170.369 72.2798C173.977 73.6732 177.25 75.8117 179.976 78.5558C184.948 84.1113 187.541 91.3968 187.196 98.8446L187.268 102.527ZM167.702 86.6424C165.206 84.7434 162.173 83.682 159.037 83.61C155.941 83.4943 152.894 84.4084 150.373 86.2092C148.049 87.9161 146.288 90.2799 145.319 92.9962H172.539C171.782 90.3459 170.055 88.0777 167.702 86.6424Z" fill="white"/>
<path d="M122.936 116.823C122.929 117.364 122.802 117.897 122.565 118.384C122.328 118.87 121.986 119.299 121.565 119.638C112.67 126.472 101.733 130.109 90.5177 129.963C78.5996 130.454 66.9709 126.213 58.1662 118.166C49.3615 110.119 44.0949 98.9172 43.5143 87.0032C44.1137 75.0649 49.3736 63.8383 58.1632 55.7373C66.9528 47.6363 78.5702 43.3077 90.5177 43.6821C101.588 43.6164 112.362 47.2503 121.131 54.0069C121.497 54.318 121.729 54.7572 121.781 55.2344C121.822 55.481 121.804 55.7338 121.729 55.9722C121.653 56.2105 121.523 56.4278 121.348 56.6062L112.756 66.4979C112.394 66.838 111.917 67.0274 111.42 67.0274C110.924 67.0274 110.446 66.838 110.084 66.4979C104.621 61.8534 97.6885 59.2953 90.5177 59.2777C83.1063 59.1579 75.9408 61.9357 70.5467 67.0197C65.1526 72.1037 61.9558 79.0923 61.637 86.4978C61.9931 93.8334 65.223 100.734 70.6278 105.706C76.0327 110.679 83.1779 113.323 90.5177 113.068C96.4716 113.09 102.308 111.412 107.341 108.231V96.8227H93.5502C93.3104 96.833 93.071 96.7935 92.8473 96.7065C92.6236 96.6195 92.4204 96.4869 92.2506 96.3173C92.0713 96.151 91.9277 95.9501 91.8284 95.7267C91.7291 95.5033 91.6762 95.2621 91.6729 95.0176V83.4653C91.6949 82.9748 91.9012 82.5107 92.2506 82.1657C92.6133 81.8537 93.072 81.6753 93.5502 81.6603H120.698C121.184 81.6599 121.651 81.8478 122.001 82.1843C122.351 82.5209 122.557 82.9801 122.575 83.4653L122.936 116.823Z" fill="white"/>
<path d="M264.597 72.2018H258.604C258.106 72.2018 257.629 72.3995 257.276 72.7516C256.924 73.1037 256.727 73.5811 256.727 74.079V127.075C256.727 127.573 256.924 128.051 257.276 128.403C257.629 128.755 258.106 128.952 258.604 128.952H271.384C271.882 128.952 272.359 128.755 272.711 128.403C273.063 128.051 273.261 127.573 273.261 127.075V80.866C273.446 79.686 273.35 78.4789 272.98 77.3432C272.61 76.2075 271.977 75.1753 271.132 74.3307C270.287 73.4861 269.255 72.853 268.119 72.4831C266.984 72.1131 265.777 72.0167 264.597 72.2018Z" fill="white"/>
</g>
</svg>
<svg class="bk-icon -streamline-square_rating" height="128" style="display:none;" width="112" viewBox="0 0 112 128" role="presentation" aria-hidden="true" focusable="false"><path d="M96 8H16A16 16 0 0 0 0 24v96h96a16 16 0 0 0 16-16V24A16 16 0 0 0 96 8zM56 88a24 24 0 1 1 24-24 24 24 0 0 1-24 24z"/></svg>
<svg class="bk-icon -streamline-circle" height="24" style="display:none;" width="24" viewBox="0 0 24 24" role="presentation" aria-hidden="true" focusable="false"><path d="M24 12c0 6.627-5.373 12-12 12S0 18.627 0 12 5.373 0 12 0s12 5.373 12 12z"/></svg>
<svg class="bk-icon -streamline-circle_half" height="128" style="display:none;" width="128" viewBox="0 0 128 128" role="presentation" aria-hidden="true" focusable="false"><path d="M64 0C28.654 0 0 28.654 0 64c0 35.346 28.654 64 64 64 35.346 0 64-28.654 64-64 0-35.346-28.654-64-64-64zm0 120V8c30.928 0 56 25.072 56 56s-25.072 56-56 56z"/></svg>
<svg class="bk-icon -streamline-star" height="24" style="display:none;" width="24" viewBox="0 0 24 24" role="presentation" aria-hidden="true" focusable="false"><path d="M23.555 8.729a1.505 1.505 0 0 0-1.406-.98h-6.087a.5.5 0 0 1-.472-.334l-2.185-6.193a1.5 1.5 0 0 0-2.81 0l-.005.016-2.18 6.177a.5.5 0 0 1-.471.334H1.85A1.5 1.5 0 0 0 .887 10.4l5.184 4.3a.5.5 0 0 1 .155.543l-2.178 6.531a1.5 1.5 0 0 0 2.31 1.684l5.346-3.92a.5.5 0 0 1 .591 0l5.344 3.919a1.5 1.5 0 0 0 2.312-1.683l-2.178-6.535a.5.5 0 0 1 .155-.543l5.194-4.306a1.5 1.5 0 0 0 .433-1.661z"/></svg>
<svg class="bk-icon -streamline-star_half" height="128" style="display:none;" width="128" viewBox="0 0 128 128" role="presentation" aria-hidden="true" focusable="false"><path d="M126.76 45.92a11.75 11.75 0 0 0-10.93-7.6H85.77L74.93 7.58A11.67 11.67 0 0 0 64 0h-.82c-.23 0-.45 0-.68.07-.23.07-.28 0-.42.06l-.72.15L61 .4c-.36.1-.71.21-1.07.34a11.65 11.65 0 0 0-6.83 6.84L42.25 38.31H12.18a11.67 11.67 0 0 0-11.13 8.18A11.39 11.39 0 0 0 .52 50a11.65 11.65 0 0 0 4.19 9l25.71 21.24-10.81 32.41c-2.024 6.113 1.282 12.711 7.39 14.75.4.13.81.23 1.21.32l.31.06c.39.082.783.139 1.18.17h1.59c.388-.017.776-.054 1.16-.11h.06a9.704 9.704 0 0 0 1.18-.26l.31-.08c.383-.114.76-.247 1.13-.4q.55-.24 1.11-.54l.26-.15c.365-.208.719-.435 1.06-.68L64 106.35l26.43 19.38a11.563 11.563 0 0 0 6.88 2.27c.596.001 1.19-.042 1.78-.13 6.367-.967 10.744-6.911 9.778-13.278-.1-.659-.257-1.309-.468-1.942L97.59 80.22l25.8-21.39a11.7 11.7 0 0 0 3.37-12.91zm-8.52 6.79l-26.52 22a6.59 6.59 0 0 0-2 7.11l11.12 33.37a3.66 3.66 0 0 1-2.95 4.81 3.578 3.578 0 0 1-2.72-.68l-27.29-20-.14-.08a6.781 6.781 0 0 0-.76-.47c-.16-.08-.33-.14-.49-.21-.16-.07-.3-.13-.46-.18-.16-.05-.39-.1-.58-.15L64.06 8a3.61 3.61 0 0 1 3.35 2.3l11.15 31.63a6.58 6.58 0 0 0 6.19 4.38h31.07a3.7 3.7 0 0 1 3.44 2.39 3.66 3.66 0 0 1-1.02 4.01z"/></svg>
<div
data-trans-from="from"
id="searchresultsTmpl"
class="
sr_align_title_icons
"
>
<div id="basiclayout"  style="position: relative;"  class=""
>
<div id="right" class="rlt-right maps-overlay-sr-container" role="main">
<div data-component="arp-header">
<div data-capla-component-boundary="b-search-web-searchresults/HeaderDesktop"><div class="efdb2b543b e4b7a69a57"><h1 aria-live="assertive" aria-label="Search results updated. Session Road: 571 properties found." class="f6431b446c d5f78961c3">Session Road: 571 properties found</h1></div></div>
</div>
<div data-capla-component-boundary="b-search-web-searchresults/TripTypeRecommendations"></div>
<div data-block-id="sr_messages">
</div>
<div id="ajaxsrwrap">
<div data-block-id="sr_warnings" class="sr_top_warnings_bui_colors">
</div>
<div class="hotellist_wrap tracked shorten_property_block" id="search_results_table" data-block-id="hotel_list"
>
<div data-component="genius-vip/tracking" data-capla-project-name="search-web" data-service-name="searchresults" data-tracking-enabled="1"></div>
<div data-arp-properties-list="1">
<div data-capla-component-boundary="b-search-web-searchresults/PropertiesListDesktop"><div class="dcf496a7b9 bb2746aad9"><div><span class="f419a93f12"><button aria-expanded="false" data-testid="sorters-dropdown-trigger" data-selected-sorter="popularity" type="button" class="a83ed08757 faefc93c6f b94d37c0c4"><span class="fcd9eec8fb a07dcf7ef3 bf9a32efa5" aria-hidden="true"><svg xmlns="http://www.w3.org/2000/svg" viewBox="0 0 24 24"><path d="M10.28 15.22a.75.75 0 0 1 0 1.06l-4.5 4.5a.78.78 0 0 1-.24.16.73.73 0 0 1-.58 0 .78.78 0 0 1-.24-.16l-4.5-4.5a.75.75 0 1 1 1.06-1.06l3.22 3.22V3.75a.75.75 0 0 1 1.5 0v14.69l3.22-3.22a.75.75 0 0 1 1.06 0zm13.5-7.5l-4.5-4.5a.78.78 0 0 0-.28-.16.73.73 0 0 0-.58 0 .78.78 0 0 0-.24.16l-4.5 4.5a.75.75 0 1 0 1.06 1.06L18 5.56v14.69a.75.75 0 0 0 1.5 0V5.56l3.22 3.22a.75.75 0 0 0 1.06 0 .75.75 0 0 0 0-1.06z"></path></svg></span><span class="ccb65902b2">Sort by:<!-- --> <!-- -->Our Top Picks</span><span class="fcd9eec8fb d9229705b4 bf9a32efa5" aria-hidden="true"><svg xmlns="http://www.w3.org/2000/svg" viewBox="0 0 24 24"><path d="M12 20.09a1.24 1.24 0 0 1-.88-.36L6 14.61a.75.75 0 1 1 1.06-1.06L12 18.49l4.94-4.94A.75.75 0 0 1 18 14.61l-5.12 5.12a1.24 1.24 0 0 1-.88.36zm6-9.46a.75.75 0 0 0 0-1.06l-5.12-5.11a1.24 1.24 0 0 0-1.754-.006l-.006.006L6 9.57a.75.75 0 0 0 0 1.06.74.74 0 0 0 1.06 0L12 5.7l4.94 4.93a.73.73 0 0 0 .53.22c.2 0 .39-.078.53-.22z"></path></svg></span></button></span></div><div class="c733693b78"><div></div></div><div class="d4924c9e74"><h2 class="ac4a7896c7">Browse the results for Session Road</h2><div class="bea018f16c"><div></div></div><div data-testid="property-card" class="c82435a4b8 a178069f51 a6ae3c2b40 a18aeea94d d794b7a0f7 f53e278e95 da89aeb942" style="--bui_box_padding--s:4"><div class="d20f4628d0"><div class="f9d4f2568d"><div class="c90a25d457"><a href="https://www.booking.com/hotel/ph/metro-pines-inn.html?ucfs=1&amp;arphpl=1&amp;dest_id=261060&amp;dest_type=landmark&amp;group_adults=2&amp;req_adults=2&amp;no_rooms=1&amp;group_children=0&amp;req_children=0&amp;hpos=1&amp;hapos=1&amp;sr_order=popularity&amp;srpvid=7c9c48ada4eb027a&amp;srepoch=1694773211&amp;from=searchresults#hotelTmpl" target="_blank" rel="noopener noreferrer" tabindex="-1" aria-hidden="true" data-testid="property-card-desktop-single-image"><img src="https://cf.bstatic.com/xdata/images/hotel/square200/458350208.jpg?k=39260f9f2cfd28f10a99936ba49068ccd931f610e8424be53cc04a5067b1d404&amp;o=" alt="Metro Pines Inn" width="200" height="200" class="b8b0793b0e" data-testid="image"/></a><div class="d226e2f1b9"><span class="f419a93f12"><button class="f41101cd39" aria-expanded="false" data-testid="wishlist-button"><span data-testid="wishlist-icon" class="fcd9eec8fb c422d77911 d24fc26e73" aria-hidden="true"><svg viewBox="0 0 128 128" width="1em" height="1em"><path d="M64 112a3.6 3.6 0 0 1-2-.5 138.8 138.8 0 0 1-44.2-38c-10-14.4-10.6-26-9.4-33.2a29 29 0 0 1 22.9-23.7c11.9-2.4 24 2.5 32.7 13a33.7 33.7 0 0 1 32.7-13 29 29 0 0 1 22.8 23.7c1.3 7.2.6 18.8-9.3 33.3-9.1 13.1-24 25.9-44.2 37.9a3.6 3.6 0 0 1-2 .5z"></path></svg></span></button></span></div></div></div><div class="b978843432"><div class="aca0ade214 aaf30230d9 cd2e7d62b0 f996d8c258"><div class=""><div class="aca0ade214 c9835feea9 c2931f4182 d79e71457a d14b211b4f"><div class="aaee4e7cd3 e7a57abb1e"><div class="aca0ade214 a5f1aae5b2 cd2e7d62b0"><div><div class="dd023375f5"><h3 class="a4225678b2"><a href="https://www.booking.com/hotel/ph/metro-pines-inn.html?ucfs=1&amp;arphpl=1&amp;dest_id=261060&amp;dest_type=landmark&amp;group_adults=2&amp;req_adults=2&amp;no_rooms=1&amp;group_children=0&amp;req_children=0&amp;hpos=1&amp;hapos=1&amp;sr_order=popularity&amp;srpvid=7c9c48ada4eb027a&amp;srepoch=1694773211&amp;from=searchresults#hotelTmpl" class="e13098a59f" target="_blank" rel="noopener noreferrer" data-testid="title-link"><div data-testid="title" class="f6431b446c a23c043802">Metro Pines Inn</div><div class="ac4a7896c7">Opens in new window</div></a></h3><span class="f419a93f12"><span aria-expanded="false" tabindex="0" role="button" data-testid="preferred-badge"><span role="img" class="fcd9eec8fb c79b3cbed2 c2cc050fb8 e410954d4b" aria-label="This property is part of our Preferred Partner Program. It&#x27;s committed to providing excellent service and good value. It’ll pay us a higher commission if you make a booking."><svg viewBox="0 0 128 128" width="1em" height="1em"><path d="M112 8H16a8 8 0 0 0-8 8v96a8 8 0 0 0 8 8h96a8 8 0 0 0 8-8V16a8 8 0 0 0-8-8zM48 96H24V58h24zm56-25a8.7 8.7 0 0 1-2 6 8.9 8.9 0 0 1 1 4 6.9 6.9 0 0 1-5 7c-.5 4-4.8 8-9 8H56V58l10.3-23.3a5.4 5.4 0 0 1 10.1 2.7 10.3 10.3 0 0 1-.6 2.7L72 52h23c4.5 0 9 3.5 9 8a9.2 9.2 0 0 1-2 5.3 7.5 7.5 0 0 1 2 5.7z"></path></svg></span></span></span></div></div><div><div class="abf093bdfe a1fbd102d9"><a target="_blank" rel="noopener noreferrer" href="https://www.booking.com/hotel/ph/metro-pines-inn.html?ucfs=1&amp;arphpl=1&amp;dest_id=261060&amp;dest_type=landmark&amp;group_adults=2&amp;req_adults=2&amp;no_rooms=1&amp;group_children=0&amp;req_children=0&amp;hpos=1&amp;hapos=1&amp;sr_order=popularity&amp;srpvid=7c9c48ada4eb027a&amp;srepoch=1694773211&amp;from=searchresults&amp;map=1" class="a83ed08757 f88a5204c2 e0e11a8307 b98133fb50"><span><span class="f4bd0794db b4273d69aa" data-testid="address">Baguio</span><span class="f4bd0794db b4273d69aa">Show on map</span></span></a><span class="f4bd0794db"><span class="f419a93f12"><span aria-expanded="false" data-testid="distance">0.4 miles from Session Road</span></span></span></div></div><div class="abf093bdfe">Located in Baguio, within a 4-minute walk of Burnham Park and 0.8 miles of SM City Baguio, Metro Pines Inn has accommodations with a terrace and free WiFi throughout the property as well as free...</div></div></div><div class=""><div class="aca0ade214 ebac6e22e9 cd2e7d62b0 f920833fe5"><div class=""><div class="aca0ade214 a5f1aae5b2 cd2e7d62b0"><a target="_blank" rel="noopener noreferrer" data-testid="review-score-link" href="https://www.booking.com/hotel/ph/metro-pines-inn.html?ucfs=1&amp;arphpl=1&amp;dest_id=261060&amp;dest_type=landmark&amp;group_adults=2&amp;req_adults=2&amp;no_rooms=1&amp;group_children=0&amp;req_children=0&amp;hpos=1&amp;hapos=1&amp;sr_order=popularity&amp;srpvid=7c9c48ada4eb027a&amp;srepoch=1694773211&amp;from=searchresults#hotelTmpl" class="a83ed08757 f88a5204c2 aeccf0d865 b98133fb50"><span><div data-testid="review-score" class="aca0ade214 aaf30230d9 e1ffac4e41 e7d9f93f4d d79e71457a d5fd510f01 dc7f26e57f"><div aria-label="Scored 7.5 " class="a3b8729ab1 d86cee9b25">7.5</div><div class="aaee4e7cd3 e7a57abb1e a29749fd9f"><div aria-label="Good" class="a3b8729ab1 e6208ee469 cb2cbb3ccb">Good<!-- --> </div><div class="abf093bdfe f45d8e4c32 d935416c47">903 reviews</div></div></div></span></a></div></div><div><span class="f419a93f12"><button aria-expanded="false" type="button" class="a83ed08757 c21c56c305 a4c1805887 ab98298258 deab83296e c082d89982"><span class="e4adce92df">Show prices</span></button></span></div></div></div></div></div></div></div></div><div class="ea6e492f88"></div></div><div class="bea018f16c"><div></div></div><div data-testid="property-card" class="c82435a4b8 a178069f51 a6ae3c2b40 a18aeea94d d794b7a0f7 f53e278e95 da89aeb942" style="--bui_box_padding--s:4"><div class="d20f4628d0"><div class="f9d4f2568d"><div class="c90a25d457"><a href="https://www.booking.com/hotel/ph/g1lodge.html?ucfs=1&amp;arphpl=1&amp;dest_id=261060&amp;dest_type=landmark&amp;group_adults=2&amp;req_adults=2&amp;no_rooms=1&amp;group_children=0&amp;req_children=0&amp;hpos=2&amp;hapos=2&amp;sr_order=popularity&amp;srpvid=7c9c48ada4eb027a&amp;srepoch=1694773211&amp;from=searchresults#hotelTmpl" target="_blank" rel="noopener noreferrer" tabindex="-1" aria-hidden="true" data-testid="property-card-desktop-single-image"><img src="https://cf.bstatic.com/xdata/images/hotel/square200/144260728.jpg?k=0b637d88f0c5c77cf238acf0f9bb7c91d6cc7157f581097cf778869ceebf1484&amp;o=" alt="G1 Lodge" width="200" height="200" class="b8b0793b0e" data-testid="image"/></a><div class="d226e2f1b9"><span class="f419a93f12"><button class="f41101cd39" aria-expanded="false" data-testid="wishlist-button"><span data-testid="wishlist-icon" class="fcd9eec8fb c422d77911 d24fc26e73" aria-hidden="true"><svg viewBox="0 0 128 128" width="1em" height="1em"><path d="M64 112a3.6 3.6 0 0 1-2-.5 138.8 138.8 0 0 1-44.2-38c-10-14.4-10.6-26-9.4-33.2a29 29 0 0 1 22.9-23.7c11.9-2.4 24 2.5 32.7 13a33.7 33.7 0 0 1 32.7-13 29 29 0 0 1 22.8 23.7c1.3 7.2.6 18.8-9.3 33.3-9.1 13.1-24 25.9-44.2 37.9a3.6 3.6 0 0 1-2 .5z"></path></svg></span></button></span></div></div></div><div class="b978843432"><div class="aca0ade214 aaf30230d9 cd2e7d62b0 f996d8c258"><div class=""><div class="aca0ade214 c9835feea9 c2931f4182 d79e71457a d14b211b4f"><div class="aaee4e7cd3 e7a57abb1e"><div class="aca0ade214 a5f1aae5b2 cd2e7d62b0"><div><div class="dd023375f5"><h3 class="a4225678b2"><a href="https://www.booking.com/hotel/ph/g1lodge.html?ucfs=1&amp;arphpl=1&amp;dest_id=261060&amp;dest_type=landmark&amp;group_adults=2&amp;req_adults=2&amp;no_rooms=1&amp;group_children=0&amp;req_children=0&amp;hpos=2&amp;hapos=2&amp;sr_order=popularity&amp;srpvid=7c9c48ada4eb027a&amp;srepoch=1694773211&amp;from=searchresults#hotelTmpl" class="e13098a59f" target="_blank" rel="noopener noreferrer" data-testid="title-link"><div data-testid="title" class="f6431b446c a23c043802">G1 Lodge</div><div class="ac4a7896c7">Opens in new window</div></a></h3><span class="f419a93f12"><span aria-expanded="false" tabindex="0" role="button" data-testid="preferred-badge"><span role="img" class="fcd9eec8fb c79b3cbed2 c2cc050fb8 e410954d4b" aria-label="This property is part of our Preferred Partner Program. It&#x27;s committed to providing excellent service and good value. It’ll pay us a higher commission if you make a booking."><svg viewBox="0 0 128 128" width="1em" height="1em"><path d="M112 8H16a8 8 0 0 0-8 8v96a8 8 0 0 0 8 8h96a8 8 0 0 0 8-8V16a8 8 0 0 0-8-8zM48 96H24V58h24zm56-25a8.7 8.7 0 0 1-2 6 8.9 8.9 0 0 1 1 4 6.9 6.9 0 0 1-5 7c-.5 4-4.8 8-9 8H56V58l10.3-23.3a5.4 5.4 0 0 1 10.1 2.7 10.3 10.3 0 0 1-.6 2.7L72 52h23c4.5 0 9 3.5 9 8a9.2 9.2 0 0 1-2 5.3 7.5 7.5 0 0 1 2 5.7z"></path></svg></span></span></span></div></div><div><div class="abf093bdfe a1fbd102d9"><a target="_blank" rel="noopener noreferrer" href="https://www.booking.com/hotel/ph/g1lodge.html?ucfs=1&amp;arphpl=1&amp;dest_id=261060&amp;dest_type=landmark&amp;group_adults=2&amp;req_adults=2&amp;no_rooms=1&amp;group_children=0&amp;req_children=0&amp;hpos=2&amp;hapos=2&amp;sr_order=popularity&amp;srpvid=7c9c48ada4eb027a&amp;srepoch=1694773211&amp;from=searchresults&amp;map=1" class="a83ed08757 f88a5204c2 e0e11a8307 b98133fb50"><span><span class="f4bd0794db b4273d69aa" data-testid="address">Baguio</span><span class="f4bd0794db b4273d69aa">Show on map</span></span></a><span class="f4bd0794db"><span class="f419a93f12"><span aria-expanded="false" data-testid="distance">0.2 miles from Session Road</span></span></span></div></div><div class="abf093bdfe">Featuring a garden, G1 Lodge is located in Baguio in the Luzon region, a 3-minute walk from SM City Baguio and 0.7 miles from Mines View Park. </div></div></div><div class=""><div class="aca0ade214 ebac6e22e9 cd2e7d62b0 f920833fe5"><div class=""><div class="aca0ade214 a5f1aae5b2 cd2e7d62b0"><a target="_blank" rel="noopener noreferrer" data-testid="review-score-link" href="https://www.booking.com/hotel/ph/g1lodge.html?ucfs=1&amp;arphpl=1&amp;dest_id=261060&amp;dest_type=landmark&amp;group_adults=2&amp;req_adults=2&amp;no_rooms=1&amp;group_children=0&amp;req_children=0&amp;hpos=2&amp;hapos=2&amp;sr_order=popularity&amp;srpvid=7c9c48ada4eb027a&amp;srepoch=1694773211&amp;from=searchresults#hotelTmpl" class="a83ed08757 f88a5204c2 aeccf0d865 b98133fb50"><span><div data-testid="review-score" class="aca0ade214 aaf30230d9 e1ffac4e41 e7d9f93f4d d79e71457a d5fd510f01 dc7f26e57f"><div aria-label="Scored 8.3 " class="a3b8729ab1 d86cee9b25">8.3</div><div class="aaee4e7cd3 e7a57abb1e a29749fd9f"><div aria-label="Very Good" class="a3b8729ab1 e6208ee469 cb2cbb3ccb">Very Good<!-- --> </div><div class="abf093bdfe f45d8e4c32 d935416c47">529 reviews</div></div></div></span></a><div><a target="_blank" rel="noopener noreferrer" data-testid="secondary-review-score-link" aria-label="Location: Scored 9.5 " href="https://www.booking.com/hotel/ph/g1lodge.html?ucfs=1&amp;arphpl=1&amp;dest_id=261060&amp;dest_type=landmark&amp;group_adults=2&amp;req_adults=2&amp;no_rooms=1&amp;group_children=0&amp;req_children=0&amp;hpos=2&amp;hapos=2&amp;sr_order=popularity&amp;srpvid=7c9c48ada4eb027a&amp;srepoch=1694773211&amp;from=searchresults#hotelTmpl" class="a83ed08757 f88a5204c2 b98133fb50"><span><span class="a3332d346a">Location<!-- --> <!-- -->9.5</span></span></a></div></div></div><div><span class="f419a93f12"><button aria-expanded="false" type="button" class="a83ed08757 c21c56c305 a4c1805887 ab98298258 deab83296e c082d89982"><span class="e4adce92df">Show prices</span></button></span></div></div></div></div></div></div></div></div><div class="ea6e492f88"></div></div><div class="bea018f16c"><div></div></div><div data-testid="property-card" class="c82435a4b8 a178069f51 a6ae3c2b40 a18aeea94d d794b7a0f7 f53e278e95 da89aeb942" style="--bui_box_padding--s:4"><div class="d20f4628d0"><div class="f9d4f2568d"><div class="c90a25d457"><a href="https://www.booking.com/hotel/ph/a-baguio.html?ucfs=1&amp;arphpl=1&amp;dest_id=261060&amp;dest_type=landmark&amp;group_adults=2&amp;req_adults=2&amp;no_rooms=1&amp;group_children=0&amp;req_children=0&amp;hpos=3&amp;hapos=3&amp;sr_order=popularity&amp;srpvid=7c9c48ada4eb027a&amp;srepoch=1694773211&amp;from=searchresults#hotelTmpl" target="_blank" rel="noopener noreferrer" tabindex="-1" aria-hidden="true" data-testid="property-card-desktop-single-image"><img src="https://cf.bstatic.com/xdata/images/hotel/square200/66408751.jpg?k=f3b37a1f3cc7267e0db49f62be96873a6e3c1395d74b793abc525712d76f466f&amp;o=" alt="A Hotel Baguio" width="200" height="200" class="b8b0793b0e" data-testid="image"/></a><div class="d226e2f1b9"><span class="f419a93f12"><button class="f41101cd39" aria-expanded="false" data-testid="wishlist-button"><span data-testid="wishlist-icon" class="fcd9eec8fb c422d77911 d24fc26e73" aria-hidden="true"><svg viewBox="0 0 128 128" width="1em" height="1em"><path d="M64 112a3.6 3.6 0 0 1-2-.5 138.8 138.8 0 0 1-44.2-38c-10-14.4-10.6-26-9.4-33.2a29 29 0 0 1 22.9-23.7c11.9-2.4 24 2.5 32.7 13a33.7 33.7 0 0 1 32.7-13 29 29 0 0 1 22.8 23.7c1.3 7.2.6 18.8-9.3 33.3-9.1 13.1-24 25.9-44.2 37.9a3.6 3.6 0 0 1-2 .5z"></path></svg></span></button></span></div></div></div><div class="b978843432"><div class="aca0ade214 aaf30230d9 cd2e7d62b0 f996d8c258"><div class=""><div class="aca0ade214 c9835feea9 c2931f4182 d79e71457a d14b211b4f"><div class="aaee4e7cd3 e7a57abb1e"><div class="aca0ade214 a5f1aae5b2 cd2e7d62b0"><div><div class="dd023375f5"><h3 class="a4225678b2"><a href="https://www.booking.com/hotel/ph/a-baguio.html?ucfs=1&amp;arphpl=1&amp;dest_id=261060&amp;dest_type=landmark&amp;group_adults=2&amp;req_adults=2&amp;no_rooms=1&amp;group_children=0&amp;req_children=0&amp;hpos=3&amp;hapos=3&amp;sr_order=popularity&amp;srpvid=7c9c48ada4eb027a&amp;srepoch=1694773211&amp;from=searchresults#hotelTmpl" class="e13098a59f" target="_blank" rel="noopener noreferrer" data-testid="title-link"><div data-testid="title" class="f6431b446c a23c043802">A Hotel Baguio</div><div class="ac4a7896c7">Opens in new window</div></a></h3><span class="f419a93f12"><span aria-expanded="false" tabindex="0" role="button" data-testid="preferred-badge"><span role="img" class="fcd9eec8fb c79b3cbed2 c2cc050fb8 e410954d4b" aria-label="This property is part of our Preferred Partner Program. It&#x27;s committed to providing excellent service and good value. It’ll pay us a higher commission if you make a booking."><svg viewBox="0 0 128 128" width="1em" height="1em"><path d="M112 8H16a8 8 0 0 0-8 8v96a8 8 0 0 0 8 8h96a8 8 0 0 0 8-8V16a8 8 0 0 0-8-8zM48 96H24V58h24zm56-25a8.7 8.7 0 0 1-2 6 8.9 8.9 0 0 1 1 4 6.9 6.9 0 0 1-5 7c-.5 4-4.8 8-9 8H56V58l10.3-23.3a5.4 5.4 0 0 1 10.1 2.7 10.3 10.3 0 0 1-.6 2.7L72 52h23c4.5 0 9 3.5 9 8a9.2 9.2 0 0 1-2 5.3 7.5 7.5 0 0 1 2 5.7z"></path></svg></span></span></span></div></div><div><div class="abf093bdfe a1fbd102d9"><a target="_blank" rel="noopener noreferrer" href="https://www.booking.com/hotel/ph/a-baguio.html?ucfs=1&amp;arphpl=1&amp;dest_id=261060&amp;dest_type=landmark&amp;group_adults=2&amp;req_adults=2&amp;no_rooms=1&amp;group_children=0&amp;req_children=0&amp;hpos=3&amp;hapos=3&amp;sr_order=popularity&amp;srpvid=7c9c48ada4eb027a&amp;srepoch=1694773211&amp;from=searchresults&amp;map=1" class="a83ed08757 f88a5204c2 e0e11a8307 b98133fb50"><span><span class="f4bd0794db b4273d69aa" data-testid="address">Baguio</span><span class="f4bd0794db b4273d69aa">Show on map</span></span></a><span class="f4bd0794db"><span class="f419a93f12"><span aria-expanded="false" data-testid="distance">0.3 miles from Session Road</span></span></span></div></div><div class="abf093bdfe">Located in the Baguio, 8-minute walk to Burnham Park and 2625 feet from Mines View Park, featuring a restaurant on site, free parking, and a 24-hour front desk. </div></div></div><div class=""><div class="aca0ade214 ebac6e22e9 cd2e7d62b0 f920833fe5"><div class=""><div class="aca0ade214 a5f1aae5b2 cd2e7d62b0"><a target="_blank" rel="noopener noreferrer" data-testid="review-score-link" href="https://www.booking.com/hotel/ph/a-baguio.html?ucfs=1&amp;arphpl=1&amp;dest_id=261060&amp;dest_type=landmark&amp;group_adults=2&amp;req_adults=2&amp;no_rooms=1&amp;group_children=0&amp;req_children=0&amp;hpos=3&amp;hapos=3&amp;sr_order=popularity&amp;srpvid=7c9c48ada4eb027a&amp;srepoch=1694773211&amp;from=searchresults#hotelTmpl" class="a83ed08757 f88a5204c2 aeccf0d865 b98133fb50"><span><div data-testid="review-score" class="aca0ade214 aaf30230d9 e1ffac4e41 e7d9f93f4d d79e71457a d5fd510f01 dc7f26e57f"><div aria-label="Scored 7.7 " class="a3b8729ab1 d86cee9b25">7.7</div><div class="aaee4e7cd3 e7a57abb1e a29749fd9f"><div aria-label="Good" class="a3b8729ab1 e6208ee469 cb2cbb3ccb">Good<!-- --> </div><div class="abf093bdfe f45d8e4c32 d935416c47">298 reviews</div></div></div></span></a></div></div><div><span class="f419a93f12"><button aria-expanded="false" type="button" class="a83ed08757 c21c56c305 a4c1805887 ab98298258 deab83296e c082d89982"><span class="e4adce92df">Show prices</span></button></span></div></div></div></div></div></div></div></div><div class="ea6e492f88"></div></div><div></div><div class="bea018f16c"><div></div></div><div data-testid="property-card" class="c82435a4b8 a178069f51 a6ae3c2b40 a18aeea94d d794b7a0f7 f53e278e95 da89aeb942" style="--bui_box_padding--s:4"><div class="d20f4628d0"><div class="f9d4f2568d"><div class="c90a25d457"><a href="https://www.booking.com/hotel/ph/cedar-peak-condominium-by-tripsters-hub.html?ucfs=1&amp;arphpl=1&amp;dest_id=261060&amp;dest_type=landmark&amp;group_adults=2&amp;req_adults=2&amp;no_rooms=1&amp;group_children=0&amp;req_children=0&amp;hpos=4&amp;hapos=4&amp;sr_order=popularity&amp;srpvid=7c9c48ada4eb027a&amp;srepoch=1694773211&amp;from=searchresults#hotelTmpl" target="_blank" rel="noopener noreferrer" tabindex="-1" aria-hidden="true" data-testid="property-card-desktop-single-image"><img src="https://cf.bstatic.com/xdata/images/hotel/square200/149647987.jpg?k=4629ea876742996f55c6f74d78422d44ff317203b7be74fb20a080f2ef2a6df1&amp;o=" alt="Cedar Peak Condominium by Tripsters Hub" width="200" height="200" class="b8b0793b0e" data-testid="image"/></a><div class="d226e2f1b9"><span class="f419a93f12"><button class="f41101cd39" aria-expanded="false" data-testid="wishlist-button"><span data-testid="wishlist-icon" class="fcd9eec8fb c422d77911 d24fc26e73" aria-hidden="true"><svg viewBox="0 0 128 128" width="1em" height="1em"><path d="M64 112a3.6 3.6 0 0 1-2-.5 138.8 138.8 0 0 1-44.2-38c-10-14.4-10.6-26-9.4-33.2a29 29 0 0 1 22.9-23.7c11.9-2.4 24 2.5 32.7 13a33.7 33.7 0 0 1 32.7-13 29 29 0 0 1 22.8 23.7c1.3 7.2.6 18.8-9.3 33.3-9.1 13.1-24 25.9-44.2 37.9a3.6 3.6 0 0 1-2 .5z"></path></svg></span></button></span></div></div></div><div class="b978843432"><div class="aca0ade214 aaf30230d9 cd2e7d62b0 f996d8c258"><div class=""><div class="aca0ade214 c9835feea9 c2931f4182 d79e71457a d14b211b4f"><div class="aaee4e7cd3 e7a57abb1e"><div class="aca0ade214 a5f1aae5b2 cd2e7d62b0"><div><div class="dd023375f5"><h3 class="a4225678b2"><a href="https://www.booking.com/hotel/ph/cedar-peak-condominium-by-tripsters-hub.html?ucfs=1&amp;arphpl=1&amp;dest_id=261060&amp;dest_type=landmark&amp;group_adults=2&amp;req_adults=2&amp;no_rooms=1&amp;group_children=0&amp;req_children=0&amp;hpos=4&amp;hapos=4&amp;sr_order=popularity&amp;srpvid=7c9c48ada4eb027a&amp;srepoch=1694773211&amp;from=searchresults#hotelTmpl" class="e13098a59f" target="_blank" rel="noopener noreferrer" data-testid="title-link"><div data-testid="title" class="f6431b446c a23c043802">Cedar Peak Condominium by Tripsters Hub</div><div class="ac4a7896c7">Opens in new window</div></a></h3><span class="f419a93f12"><span aria-expanded="false" tabindex="0" role="button" data-testid="preferred-badge"><span role="img" class="fcd9eec8fb c79b3cbed2 c2cc050fb8 e410954d4b" aria-label="This property is part of our Preferred Partner Program. It&#x27;s committed to providing excellent service and good value. It’ll pay us a higher commission if you make a booking."><svg viewBox="0 0 128 128" width="1em" height="1em"><path d="M112 8H16a8 8 0 0 0-8 8v96a8 8 0 0 0 8 8h96a8 8 0 0 0 8-8V16a8 8 0 0 0-8-8zM48 96H24V58h24zm56-25a8.7 8.7 0 0 1-2 6 8.9 8.9 0 0 1 1 4 6.9 6.9 0 0 1-5 7c-.5 4-4.8 8-9 8H56V58l10.3-23.3a5.4 5.4 0 0 1 10.1 2.7 10.3 10.3 0 0 1-.6 2.7L72 52h23c4.5 0 9 3.5 9 8a9.2 9.2 0 0 1-2 5.3 7.5 7.5 0 0 1 2 5.7z"></path></svg></span></span></span></div></div><div><div class="abf093bdfe a1fbd102d9"><a target="_blank" rel="noopener noreferrer" href="https://www.booking.com/hotel/ph/cedar-peak-condominium-by-tripsters-hub.html?ucfs=1&amp;arphpl=1&amp;dest_id=261060&amp;dest_type=landmark&amp;group_adults=2&amp;req_adults=2&amp;no_rooms=1&amp;group_children=0&amp;req_children=0&amp;hpos=4&amp;hapos=4&amp;sr_order=popularity&amp;srpvid=7c9c48ada4eb027a&amp;srepoch=1694773211&amp;from=searchresults&amp;map=1" class="a83ed08757 f88a5204c2 e0e11a8307 b98133fb50"><span><span class="f4bd0794db b4273d69aa" data-testid="address">Baguio</span><span class="f4bd0794db b4273d69aa">Show on map</span></span></a><span class="f4bd0794db"><span class="f419a93f12"><span aria-expanded="false" data-testid="distance">0.2 miles from Session Road</span></span></span></div></div><div class="abf093bdfe">Located in Baguio, a 7-minute walk from Burnham Park and half a mile from SM City Baguio, Cedar Peak Condominium by Tripsters Hub provides a restaurant, city views and free Wifi. </div></div></div><div class=""><div class="aca0ade214 ebac6e22e9 cd2e7d62b0 f920833fe5"><div class=""><div class="aca0ade214 a5f1aae5b2 cd2e7d62b0"><a target="_blank" rel="noopener noreferrer" data-testid="review-score-link" href="https://www.booking.com/hotel/ph/cedar-peak-condominium-by-tripsters-hub.html?ucfs=1&amp;arphpl=1&amp;dest_id=261060&amp;dest_type=landmark&amp;group_adults=2&amp;req_adults=2&amp;no_rooms=1&amp;group_children=0&amp;req_children=0&amp;hpos=4&amp;hapos=4&amp;sr_order=popularity&amp;srpvid=7c9c48ada4eb027a&amp;srepoch=1694773211&amp;from=searchresults#hotelTmpl" class="a83ed08757 f88a5204c2 aeccf0d865 b98133fb50"><span><div data-testid="review-score" class="aca0ade214 aaf30230d9 e1ffac4e41 e7d9f93f4d d79e71457a d5fd510f01 dc7f26e57f"><div aria-label="Scored 7.7 " class="a3b8729ab1 d86cee9b25">7.7</div><div class="aaee4e7cd3 e7a57abb1e a29749fd9f"><div aria-label="Good" class="a3b8729ab1 e6208ee469 cb2cbb3ccb">Good<!-- --> </div><div class="abf093bdfe f45d8e4c32 d935416c47">269 reviews</div></div></div></span></a></div></div><div><span class="f419a93f12"><button aria-expanded="false" type="button" class="a83ed08757 c21c56c305 a4c1805887 ab98298258 deab83296e c082d89982"><span class="e4adce92df">Show prices</span></button></span></div></div></div></div></div></div></div></div><div class="ea6e492f88"></div></div><div class="bea018f16c"><div></div></div><div data-testid="property-card" class="c82435a4b8 a178069f51 a6ae3c2b40 a18aeea94d d794b7a0f7 f53e278e95 da89aeb942" style="--bui_box_padding--s:4"><div class="d20f4628d0"><div class="f9d4f2568d"><div class="c90a25d457"><a href="https://www.booking.com/hotel/ph/microtel-baguio.html?ucfs=1&amp;arphpl=1&amp;dest_id=261060&amp;dest_type=landmark&amp;group_adults=2&amp;req_adults=2&amp;no_rooms=1&amp;group_children=0&amp;req_children=0&amp;hpos=5&amp;hapos=5&amp;sr_order=popularity&amp;srpvid=7c9c48ada4eb027a&amp;srepoch=1694773211&amp;from_sustainable_property_sr=1&amp;from=searchresults#hotelTmpl" target="_blank" rel="noopener noreferrer" tabindex="-1" aria-hidden="true" data-testid="property-card-desktop-single-image"><img src="https://cf.bstatic.com/xdata/images/hotel/square200/435833372.jpg?k=f5427a01bac15ccd27be003de561e2535e28e0775a735e043ec6cb04a00b7963&amp;o=" alt="Microtel by Wyndham Baguio" width="200" height="200" class="b8b0793b0e" data-testid="image"/></a><div class="d226e2f1b9"><span class="f419a93f12"><button class="f41101cd39" aria-expanded="false" data-testid="wishlist-button"><span data-testid="wishlist-icon" class="fcd9eec8fb c422d77911 d24fc26e73" aria-hidden="true"><svg viewBox="0 0 128 128" width="1em" height="1em"><path d="M64 112a3.6 3.6 0 0 1-2-.5 138.8 138.8 0 0 1-44.2-38c-10-14.4-10.6-26-9.4-33.2a29 29 0 0 1 22.9-23.7c11.9-2.4 24 2.5 32.7 13a33.7 33.7 0 0 1 32.7-13 29 29 0 0 1 22.8 23.7c1.3 7.2.6 18.8-9.3 33.3-9.1 13.1-24 25.9-44.2 37.9a3.6 3.6 0 0 1-2 .5z"></path></svg></span></button></span></div></div></div><div class="b978843432"><div class="aca0ade214 aaf30230d9 cd2e7d62b0 f996d8c258"><div class=""><div class="aca0ade214 c9835feea9 c2931f4182 d79e71457a d14b211b4f"><div class="aaee4e7cd3 e7a57abb1e"><div class="aca0ade214 a5f1aae5b2 cd2e7d62b0"><div><div class="dd023375f5"><h3 class="a4225678b2"><a href="https://www.booking.com/hotel/ph/microtel-baguio.html?ucfs=1&amp;arphpl=1&amp;dest_id=261060&amp;dest_type=landmark&amp;group_adults=2&amp;req_adults=2&amp;no_rooms=1&amp;group_children=0&amp;req_children=0&amp;hpos=5&amp;hapos=5&amp;sr_order=popularity&amp;srpvid=7c9c48ada4eb027a&amp;srepoch=1694773211&amp;from_sustainable_property_sr=1&amp;from=searchresults#hotelTmpl" class="e13098a59f" target="_blank" rel="noopener noreferrer" data-testid="title-link"><div data-testid="title" class="f6431b446c a23c043802">Microtel by Wyndham Baguio</div><div class="ac4a7896c7">Opens in new window</div></a></h3><span class="f419a93f12"><span aria-expanded="false" tabindex="0" role="button" data-testid="preferred-badge"><span role="img" class="fcd9eec8fb c79b3cbed2 c2cc050fb8 e410954d4b" aria-label="This property is part of our Preferred Partner Program. It&#x27;s committed to providing excellent service and good value. It’ll pay us a higher commission if you make a booking."><svg viewBox="0 0 128 128" width="1em" height="1em"><path d="M112 8H16a8 8 0 0 0-8 8v96a8 8 0 0 0 8 8h96a8 8 0 0 0 8-8V16a8 8 0 0 0-8-8zM48 96H24V58h24zm56-25a8.7 8.7 0 0 1-2 6 8.9 8.9 0 0 1 1 4 6.9 6.9 0 0 1-5 7c-.5 4-4.8 8-9 8H56V58l10.3-23.3a5.4 5.4 0 0 1 10.1 2.7 10.3 10.3 0 0 1-.6 2.7L72 52h23c4.5 0 9 3.5 9 8a9.2 9.2 0 0 1-2 5.3 7.5 7.5 0 0 1 2 5.7z"></path></svg></span></span></span></div></div><div><div class="abf093bdfe a1fbd102d9"><a target="_blank" rel="noopener noreferrer" href="https://www.booking.com/hotel/ph/microtel-baguio.html?ucfs=1&amp;arphpl=1&amp;dest_id=261060&amp;dest_type=landmark&amp;group_adults=2&amp;req_adults=2&amp;no_rooms=1&amp;group_children=0&amp;req_children=0&amp;hpos=5&amp;hapos=5&amp;sr_order=popularity&amp;srpvid=7c9c48ada4eb027a&amp;srepoch=1694773211&amp;from_sustainable_property_sr=1&amp;from=searchresults&amp;map=1" class="a83ed08757 f88a5204c2 e0e11a8307 b98133fb50"><span><span class="f4bd0794db b4273d69aa" data-testid="address">Baguio</span><span class="f4bd0794db b4273d69aa">Show on map</span></span></a><span class="f4bd0794db"><span class="f419a93f12"><span aria-expanded="false" data-testid="distance">0.5 miles from Session Road</span></span></span></div></div><div><span data-testid="badge-sustainability" class="abf093bdfe c147fc6dd1 b81491d8c4 d18b4a6026"><span class="b30f8eb2d6"><div class="fba3ab9fd6"><span class="fcd9eec8fb f8ecfc5adb bf9a32efa5 a229b4a525" aria-hidden="true"><svg xmlns="http://www.w3.org/2000/svg" viewBox="0 0 72 24"><path d="M16.29 19.72c4.22-4.22 8.4-17.56 6.7-19.26S7.95 2.93 3.73 7.16C.67 10.22.62 15.58 3.5 18.98L15.62 6.86c.29-.29.77-.29 1.06 0s.29.77 0 1.06L4.57 20.03l-2.14 2.14c-.29.29-.29.77 0 1.06s.77.29 1.06 0l2.34-2.34c3.34 1.88 7.78 1.51 10.46-1.17ZM70.99.46c-1.15-1.16-6.85.55-8.56 1.11-2.26.73-7.83 2.73-10.7 5.6-1.5 1.5-2.36 3.69-2.35 6.01 0 2.18.76 4.21 2.12 5.81l-3.18 3.18c-.29.29-.29.77 0 1.06.15.15.34.22.53.22s.38-.07.53-.22l3.18-3.18c1.64 1.35 3.72 2.04 5.78 2.04 2.2 0 4.37-.78 5.94-2.35 2.87-2.87 4.87-8.44 5.6-10.7.55-1.72 2.27-7.41 1.1-8.57Zm-7.76 18.21c-2.21 2.21-6.54 2.77-9.6.31L64.68 7.93c.29-.29.29-.77 0-1.06s-.77-.29-1.06 0L52.56 17.93c-1.08-1.31-1.67-2.97-1.68-4.75 0-1.93.69-3.73 1.91-4.95 3.87-3.87 14.19-6.68 16.78-6.68.13 0 .24 0 .33.02.31 1.85-2.59 13.03-6.67 17.11ZM40.29 19.72c4.23-4.23 8.41-17.56 6.7-19.26s-15.04 2.48-19.26 6.7c-3.06 3.06-3.11 8.42-.23 11.82L39.62 6.86c.29-.29.77-.29 1.06 0s.29.77 0 1.06L28.57 20.03l-2.14 2.14c-.29.29-.29.77 0 1.06s.77.29 1.06 0l2.34-2.34c3.34 1.88 7.78 1.51 10.46-1.17Z"></path></svg></span><span class="abf093bdfe d068504c75 be09c104ad">Travel Sustainable Level 2</span></div></span></span></div><div class="abf093bdfe">Centrally located in Baguio City, 1.2 mi from Camp John Hay and 1.7 mi from Wright Park, Microtel by Wyndham Baguio features an on site restaurant and free WiFi throughout the property. </div></div></div><div class=""><div class="aca0ade214 ebac6e22e9 cd2e7d62b0 f920833fe5"><div class=""><div class="aca0ade214 a5f1aae5b2 cd2e7d62b0"><a target="_blank" rel="noopener noreferrer" data-testid="review-score-link" href="https://www.booking.com/hotel/ph/microtel-baguio.html?ucfs=1&amp;arphpl=1&amp;dest_id=261060&amp;dest_type=landmark&amp;group_adults=2&amp;req_adults=2&amp;no_rooms=1&amp;group_children=0&amp;req_children=0&amp;hpos=5&amp;hapos=5&amp;sr_order=popularity&amp;srpvid=7c9c48ada4eb027a&amp;srepoch=1694773211&amp;from_sustainable_property_sr=1&amp;from=searchresults#hotelTmpl" class="a83ed08757 f88a5204c2 aeccf0d865 b98133fb50"><span><div data-testid="review-score" class="aca0ade214 aaf30230d9 e1ffac4e41 e7d9f93f4d d79e71457a d5fd510f01 dc7f26e57f"><div aria-label="Scored 8.0 " class="a3b8729ab1 d86cee9b25">8.0</div><div class="aaee4e7cd3 e7a57abb1e a29749fd9f"><div aria-label="Very Good" class="a3b8729ab1 e6208ee469 cb2cbb3ccb">Very Good<!-- --> </div><div class="abf093bdfe f45d8e4c32 d935416c47">553 reviews</div></div></div></span></a></div></div><div><span class="f419a93f12"><button aria-expanded="false" type="button" class="a83ed08757 c21c56c305 a4c1805887 ab98298258 deab83296e c082d89982"><span class="e4adce92df">Show prices</span></button></span></div></div></div></div></div></div></div></div><div class="ea6e492f88"></div></div><div class="bea018f16c"><div></div></div><div data-testid="property-card" class="c82435a4b8 a178069f51 a6ae3c2b40 a18aeea94d d794b7a0f7 f53e278e95 da89aeb942" style="--bui_box_padding--s:4"><div class="d20f4628d0"><div class="f9d4f2568d"><div class="c90a25d457"><a href="https://www.booking.com/hotel/ph/456.html?ucfs=1&amp;arphpl=1&amp;dest_id=261060&amp;dest_type=landmark&amp;group_adults=2&amp;req_adults=2&amp;no_rooms=1&amp;group_children=0&amp;req_children=0&amp;hpos=6&amp;hapos=6&amp;sr_order=popularity&amp;srpvid=7c9c48ada4eb027a&amp;srepoch=1694773211&amp;from_sustainable_property_sr=1&amp;from=searchresults#hotelTmpl" target="_blank" rel="noopener noreferrer" tabindex="-1" aria-hidden="true" data-testid="property-card-desktop-single-image"><img src="https://cf.bstatic.com/xdata/images/hotel/square200/244064110.jpg?k=a5ec2d55a2dc8bff4da5dac2a10be23df0896ee0dc1e73217d0df7b4f029bf5f&amp;o=" alt="456 Hotel" width="200" height="200" class="b8b0793b0e" data-testid="image"/></a><div class="d226e2f1b9"><span class="f419a93f12"><button class="f41101cd39" aria-expanded="false" data-testid="wishlist-button"><span data-testid="wishlist-icon" class="fcd9eec8fb c422d77911 d24fc26e73" aria-hidden="true"><svg viewBox="0 0 128 128" width="1em" height="1em"><path d="M64 112a3.6 3.6 0 0 1-2-.5 138.8 138.8 0 0 1-44.2-38c-10-14.4-10.6-26-9.4-33.2a29 29 0 0 1 22.9-23.7c11.9-2.4 24 2.5 32.7 13a33.7 33.7 0 0 1 32.7-13 29 29 0 0 1 22.8 23.7c1.3 7.2.6 18.8-9.3 33.3-9.1 13.1-24 25.9-44.2 37.9a3.6 3.6 0 0 1-2 .5z"></path></svg></span></button></span></div></div></div><div class="b978843432"><div class="aca0ade214 aaf30230d9 cd2e7d62b0 f996d8c258"><div class=""><div class="aca0ade214 c9835feea9 c2931f4182 d79e71457a d14b211b4f"><div class="aaee4e7cd3 e7a57abb1e"><div class="aca0ade214 a5f1aae5b2 cd2e7d62b0"><div><div class="dd023375f5"><h3 class="a4225678b2"><a href="https://www.booking.com/hotel/ph/456.html?ucfs=1&amp;arphpl=1&amp;dest_id=261060&amp;dest_type=landmark&amp;group_adults=2&amp;req_adults=2&amp;no_rooms=1&amp;group_children=0&amp;req_children=0&amp;hpos=6&amp;hapos=6&amp;sr_order=popularity&amp;srpvid=7c9c48ada4eb027a&amp;srepoch=1694773211&amp;from_sustainable_property_sr=1&amp;from=searchresults#hotelTmpl" class="e13098a59f" target="_blank" rel="noopener noreferrer" data-testid="title-link"><div data-testid="title" class="f6431b446c a23c043802">456 Hotel</div><div class="ac4a7896c7">Opens in new window</div></a></h3><span class="f419a93f12"><span aria-expanded="false" tabindex="0" role="button" data-testid="preferred-badge"><span role="img" class="fcd9eec8fb c79b3cbed2 c2cc050fb8 e410954d4b" aria-label="This property is part of our Preferred Partner Program. It&#x27;s committed to providing excellent service and good value. It’ll pay us a higher commission if you make a booking."><svg viewBox="0 0 128 128" width="1em" height="1em"><path d="M112 8H16a8 8 0 0 0-8 8v96a8 8 0 0 0 8 8h96a8 8 0 0 0 8-8V16a8 8 0 0 0-8-8zM48 96H24V58h24zm56-25a8.7 8.7 0 0 1-2 6 8.9 8.9 0 0 1 1 4 6.9 6.9 0 0 1-5 7c-.5 4-4.8 8-9 8H56V58l10.3-23.3a5.4 5.4 0 0 1 10.1 2.7 10.3 10.3 0 0 1-.6 2.7L72 52h23c4.5 0 9 3.5 9 8a9.2 9.2 0 0 1-2 5.3 7.5 7.5 0 0 1 2 5.7z"></path></svg></span></span></span></div></div><div><div class="abf093bdfe a1fbd102d9"><a target="_blank" rel="noopener noreferrer" href="https://www.booking.com/hotel/ph/456.html?ucfs=1&amp;arphpl=1&amp;dest_id=261060&amp;dest_type=landmark&amp;group_adults=2&amp;req_adults=2&amp;no_rooms=1&amp;group_children=0&amp;req_children=0&amp;hpos=6&amp;hapos=6&amp;sr_order=popularity&amp;srpvid=7c9c48ada4eb027a&amp;srepoch=1694773211&amp;from_sustainable_property_sr=1&amp;from=searchresults&amp;map=1" class="a83ed08757 f88a5204c2 e0e11a8307 b98133fb50"><span><span class="f4bd0794db b4273d69aa" data-testid="address">Baguio</span><span class="f4bd0794db b4273d69aa">Show on map</span></span></a><span class="f4bd0794db"><span class="f419a93f12"><span aria-expanded="false" data-testid="distance">0.5 miles from Session Road</span></span></span></div></div><div><span data-testid="badge-sustainability" class="abf093bdfe c147fc6dd1 b81491d8c4 d18b4a6026"><span class="b30f8eb2d6"><div class="fba3ab9fd6"><span class="fcd9eec8fb f8ecfc5adb bf9a32efa5 a229b4a525" aria-hidden="true"><svg xmlns="http://www.w3.org/2000/svg" viewBox="0 0 72 24"><path d="M16.29 19.72c4.22-4.22 8.4-17.56 6.7-19.26S7.95 2.93 3.73 7.16C.67 10.22.62 15.58 3.5 18.98L15.62 6.86c.29-.29.77-.29 1.06 0s.29.77 0 1.06L4.57 20.03l-2.14 2.14c-.29.29-.29.77 0 1.06s.77.29 1.06 0l2.34-2.34c3.34 1.88 7.78 1.51 10.46-1.17ZM46.99.46c-1.15-1.16-6.85.55-8.56 1.11-2.26.73-7.83 2.73-10.7 5.6-1.5 1.5-2.36 3.69-2.35 6.01 0 2.18.76 4.21 2.12 5.81l-3.18 3.18c-.29.29-.29.77 0 1.06.15.15.34.22.53.22s.38-.07.53-.22l3.18-3.18c1.64 1.35 3.72 2.04 5.78 2.04 2.2 0 4.37-.78 5.94-2.35 2.87-2.87 4.87-8.44 5.6-10.7.55-1.72 2.27-7.41 1.1-8.57Zm-7.76 18.21c-2.21 2.21-6.54 2.77-9.6.31L40.68 7.93c.29-.29.29-.77 0-1.06s-.77-.29-1.06 0L28.56 17.93c-1.08-1.31-1.67-2.97-1.68-4.75 0-1.93.69-3.73 1.91-4.95 3.87-3.87 14.19-6.68 16.78-6.68.13 0 .24 0 .33.02.31 1.85-2.59 13.03-6.67 17.11ZM70.99.46c-1.15-1.16-6.85.55-8.56 1.11-2.26.73-7.83 2.73-10.7 5.6-1.5 1.5-2.36 3.69-2.35 6.01 0 2.18.76 4.21 2.12 5.81l-3.18 3.18c-.29.29-.29.77 0 1.06.15.15.34.22.53.22s.38-.07.53-.22l3.18-3.18c1.64 1.35 3.72 2.04 5.78 2.04 2.2 0 4.37-.78 5.94-2.35 2.87-2.87 4.87-8.44 5.6-10.7.55-1.72 2.27-7.41 1.1-8.57Zm-7.76 18.21c-2.21 2.21-6.54 2.77-9.6.31L64.68 7.93c.29-.29.29-.77 0-1.06s-.77-.29-1.06 0L52.56 17.93c-1.08-1.31-1.67-2.97-1.68-4.75 0-1.93.69-3.73 1.91-4.95 3.87-3.87 14.19-6.68 16.78-6.68.13 0 .24 0 .33.02.31 1.85-2.59 13.03-6.67 17.11Z"></path></svg></span><span class="abf093bdfe d068504c75 be09c104ad">Travel Sustainable Level 1</span></div></span></span></div><div class="abf093bdfe">Located in Baguio, a 9-minute walk from Burnham Park, 456 Hotel has accommodations with a garden, free private parking, a terrace and a bar. </div></div></div><div class=""><div class="aca0ade214 ebac6e22e9 cd2e7d62b0 f920833fe5"><div class=""><div class="aca0ade214 a5f1aae5b2 cd2e7d62b0"><a target="_blank" rel="noopener noreferrer" data-testid="review-score-link" href="https://www.booking.com/hotel/ph/456.html?ucfs=1&amp;arphpl=1&amp;dest_id=261060&amp;dest_type=landmark&amp;group_adults=2&amp;req_adults=2&amp;no_rooms=1&amp;group_children=0&amp;req_children=0&amp;hpos=6&amp;hapos=6&amp;sr_order=popularity&amp;srpvid=7c9c48ada4eb027a&amp;srepoch=1694773211&amp;from_sustainable_property_sr=1&amp;from=searchresults#hotelTmpl" class="a83ed08757 f88a5204c2 aeccf0d865 b98133fb50"><span><div data-testid="review-score" class="aca0ade214 aaf30230d9 e1ffac4e41 e7d9f93f4d d79e71457a d5fd510f01 dc7f26e57f"><div aria-label="Scored 7.2 " class="a3b8729ab1 d86cee9b25">7.2</div><div class="aaee4e7cd3 e7a57abb1e a29749fd9f"><div aria-label="Good" class="a3b8729ab1 e6208ee469 cb2cbb3ccb">Good<!-- --> </div><div class="abf093bdfe f45d8e4c32 d935416c47">710 reviews</div></div></div></span></a></div></div><div><span class="f419a93f12"><button aria-expanded="false" type="button" class="a83ed08757 c21c56c305 a4c1805887 ab98298258 deab83296e c082d89982"><span class="e4adce92df">Show prices</span></button></span></div></div></div></div></div></div></div></div><div class="ea6e492f88"></div></div><div class="bea018f16c"><div></div></div><div data-testid="property-card" class="c82435a4b8 a178069f51 a6ae3c2b40 a18aeea94d d794b7a0f7 f53e278e95 da89aeb942" style="--bui_box_padding--s:4"><div class="d20f4628d0"><div class="f9d4f2568d"><div class="c90a25d457"><a href="https://www.booking.com/hotel/ph/venus-parkview.html?ucfs=1&amp;arphpl=1&amp;dest_id=261060&amp;dest_type=landmark&amp;group_adults=2&amp;req_adults=2&amp;no_rooms=1&amp;group_children=0&amp;req_children=0&amp;hpos=7&amp;hapos=7&amp;sr_order=popularity&amp;srpvid=7c9c48ada4eb027a&amp;srepoch=1694773211&amp;from_sustainable_property_sr=1&amp;from=searchresults#hotelTmpl" target="_blank" rel="noopener noreferrer" tabindex="-1" aria-hidden="true" data-testid="property-card-desktop-single-image"><img src="https://cf.bstatic.com/xdata/images/hotel/square200/218909813.jpg?k=a973fd3c2313458d3377dc4f9f9567340aca2d26e3b4cf5190ab13dd93393aad&amp;o=" alt="Venus Parkview Hotel" width="200" height="200" class="b8b0793b0e" data-testid="image"/></a><div class="d226e2f1b9"><span class="f419a93f12"><button class="f41101cd39" aria-expanded="false" data-testid="wishlist-button"><span data-testid="wishlist-icon" class="fcd9eec8fb c422d77911 d24fc26e73" aria-hidden="true"><svg viewBox="0 0 128 128" width="1em" height="1em"><path d="M64 112a3.6 3.6 0 0 1-2-.5 138.8 138.8 0 0 1-44.2-38c-10-14.4-10.6-26-9.4-33.2a29 29 0 0 1 22.9-23.7c11.9-2.4 24 2.5 32.7 13a33.7 33.7 0 0 1 32.7-13 29 29 0 0 1 22.8 23.7c1.3 7.2.6 18.8-9.3 33.3-9.1 13.1-24 25.9-44.2 37.9a3.6 3.6 0 0 1-2 .5z"></path></svg></span></button></span></div></div></div><div class="b978843432"><div class="aca0ade214 aaf30230d9 cd2e7d62b0 f996d8c258"><div class=""><div class="aca0ade214 c9835feea9 c2931f4182 d79e71457a d14b211b4f"><div class="aaee4e7cd3 e7a57abb1e"><div class="aca0ade214 a5f1aae5b2 cd2e7d62b0"><div><div class="dd023375f5"><h3 class="a4225678b2"><a href="https://www.booking.com/hotel/ph/venus-parkview.html?ucfs=1&amp;arphpl=1&amp;dest_id=261060&amp;dest_type=landmark&amp;group_adults=2&amp;req_adults=2&amp;no_rooms=1&amp;group_children=0&amp;req_children=0&amp;hpos=7&amp;hapos=7&amp;sr_order=popularity&amp;srpvid=7c9c48ada4eb027a&amp;srepoch=1694773211&amp;from_sustainable_property_sr=1&amp;from=searchresults#hotelTmpl" class="e13098a59f" target="_blank" rel="noopener noreferrer" data-testid="title-link"><div data-testid="title" class="f6431b446c a23c043802">Venus Parkview Hotel</div><div class="ac4a7896c7">Opens in new window</div></a></h3><span class="f419a93f12"><span aria-expanded="false" tabindex="0" role="button" data-testid="preferred-badge"><span role="img" class="fcd9eec8fb c79b3cbed2 c2cc050fb8 e410954d4b" aria-label="This property is part of our Preferred Partner Program. It&#x27;s committed to providing excellent service and good value. It’ll pay us a higher commission if you make a booking."><svg viewBox="0 0 128 128" width="1em" height="1em"><path d="M112 8H16a8 8 0 0 0-8 8v96a8 8 0 0 0 8 8h96a8 8 0 0 0 8-8V16a8 8 0 0 0-8-8zM48 96H24V58h24zm56-25a8.7 8.7 0 0 1-2 6 8.9 8.9 0 0 1 1 4 6.9 6.9 0 0 1-5 7c-.5 4-4.8 8-9 8H56V58l10.3-23.3a5.4 5.4 0 0 1 10.1 2.7 10.3 10.3 0 0 1-.6 2.7L72 52h23c4.5 0 9 3.5 9 8a9.2 9.2 0 0 1-2 5.3 7.5 7.5 0 0 1 2 5.7z"></path></svg></span></span></span></div></div><div><div class="abf093bdfe a1fbd102d9"><a target="_blank" rel="noopener noreferrer" href="https://www.booking.com/hotel/ph/venus-parkview.html?ucfs=1&amp;arphpl=1&amp;dest_id=261060&amp;dest_type=landmark&amp;group_adults=2&amp;req_adults=2&amp;no_rooms=1&amp;group_children=0&amp;req_children=0&amp;hpos=7&amp;hapos=7&amp;sr_order=popularity&amp;srpvid=7c9c48ada4eb027a&amp;srepoch=1694773211&amp;from_sustainable_property_sr=1&amp;from=searchresults&amp;map=1" class="a83ed08757 f88a5204c2 e0e11a8307 b98133fb50"><span><span class="f4bd0794db b4273d69aa" data-testid="address">Baguio</span><span class="f4bd0794db b4273d69aa">Show on map</span></span></a><span class="f4bd0794db"><span class="f419a93f12"><span aria-expanded="false" data-testid="distance">0.4 miles from Session Road</span></span></span></div></div><div><span data-testid="badge-sustainability" class="abf093bdfe c147fc6dd1 b81491d8c4 d18b4a6026"><span class="b30f8eb2d6"><div class="fba3ab9fd6"><span class="fcd9eec8fb f8ecfc5adb bf9a32efa5 a229b4a525" aria-hidden="true"><svg xmlns="http://www.w3.org/2000/svg" viewBox="0 0 72 24"><path d="M16.29 19.72c4.22-4.22 8.4-17.56 6.7-19.26S7.95 2.93 3.73 7.16C.67 10.22.62 15.58 3.5 18.98L15.62 6.86c.29-.29.77-.29 1.06 0s.29.77 0 1.06L4.57 20.03l-2.14 2.14c-.29.29-.29.77 0 1.06s.77.29 1.06 0l2.34-2.34c3.34 1.88 7.78 1.51 10.46-1.17ZM46.99.46c-1.15-1.16-6.85.55-8.56 1.11-2.26.73-7.83 2.73-10.7 5.6-1.5 1.5-2.36 3.69-2.35 6.01 0 2.18.76 4.21 2.12 5.81l-3.18 3.18c-.29.29-.29.77 0 1.06.15.15.34.22.53.22s.38-.07.53-.22l3.18-3.18c1.64 1.35 3.72 2.04 5.78 2.04 2.2 0 4.37-.78 5.94-2.35 2.87-2.87 4.87-8.44 5.6-10.7.55-1.72 2.27-7.41 1.1-8.57Zm-7.76 18.21c-2.21 2.21-6.54 2.77-9.6.31L40.68 7.93c.29-.29.29-.77 0-1.06s-.77-.29-1.06 0L28.56 17.93c-1.08-1.31-1.67-2.97-1.68-4.75 0-1.93.69-3.73 1.91-4.95 3.87-3.87 14.19-6.68 16.78-6.68.13 0 .24 0 .33.02.31 1.85-2.59 13.03-6.67 17.11ZM70.99.46c-1.15-1.16-6.85.55-8.56 1.11-2.26.73-7.83 2.73-10.7 5.6-1.5 1.5-2.36 3.69-2.35 6.01 0 2.18.76 4.21 2.12 5.81l-3.18 3.18c-.29.29-.29.77 0 1.06.15.15.34.22.53.22s.38-.07.53-.22l3.18-3.18c1.64 1.35 3.72 2.04 5.78 2.04 2.2 0 4.37-.78 5.94-2.35 2.87-2.87 4.87-8.44 5.6-10.7.55-1.72 2.27-7.41 1.1-8.57Zm-7.76 18.21c-2.21 2.21-6.54 2.77-9.6.31L64.68 7.93c.29-.29.29-.77 0-1.06s-.77-.29-1.06 0L52.56 17.93c-1.08-1.31-1.67-2.97-1.68-4.75 0-1.93.69-3.73 1.91-4.95 3.87-3.87 14.19-6.68 16.78-6.68.13 0 .24 0 .33.02.31 1.85-2.59 13.03-6.67 17.11Z"></path></svg></span><span class="abf093bdfe d068504c75 be09c104ad">Travel Sustainable Level 1</span></div></span></span></div><div class="abf093bdfe">Featuring free WiFi throughout the property, Venus Parkview Hotel is located in Baguio, 656 feet from Burnham Park. An in-house restaurant is available, while free parking is provided on site. </div></div></div><div class=""><div class="aca0ade214 ebac6e22e9 cd2e7d62b0 f920833fe5"><div class=""><div class="aca0ade214 a5f1aae5b2 cd2e7d62b0"><a target="_blank" rel="noopener noreferrer" data-testid="review-score-link" href="https://www.booking.com/hotel/ph/venus-parkview.html?ucfs=1&amp;arphpl=1&amp;dest_id=261060&amp;dest_type=landmark&amp;group_adults=2&amp;req_adults=2&amp;no_rooms=1&amp;group_children=0&amp;req_children=0&amp;hpos=7&amp;hapos=7&amp;sr_order=popularity&amp;srpvid=7c9c48ada4eb027a&amp;srepoch=1694773211&amp;from_sustainable_property_sr=1&amp;from=searchresults#hotelTmpl" class="a83ed08757 f88a5204c2 aeccf0d865 b98133fb50"><span><div data-testid="review-score" class="aca0ade214 aaf30230d9 e1ffac4e41 e7d9f93f4d d79e71457a d5fd510f01 dc7f26e57f"><div aria-label="Scored 8.2 " class="a3b8729ab1 d86cee9b25">8.2</div><div class="aaee4e7cd3 e7a57abb1e a29749fd9f"><div aria-label="Very Good" class="a3b8729ab1 e6208ee469 cb2cbb3ccb">Very Good<!-- --> </div><div class="abf093bdfe f45d8e4c32 d935416c47">170 reviews</div></div></div></span></a></div></div><div><span class="f419a93f12"><button aria-expanded="false" type="button" class="a83ed08757 c21c56c305 a4c1805887 ab98298258 deab83296e c082d89982"><span class="e4adce92df">Show prices</span></button></span></div></div></div></div></div></div></div></div><div class="ea6e492f88"></div></div><div class="bea018f16c"><div></div></div><div data-testid="property-card" class="c82435a4b8 a178069f51 a6ae3c2b40 a18aeea94d d794b7a0f7 f53e278e95 da89aeb942" style="--bui_box_padding--s:4"><div class="d20f4628d0"><div class="f9d4f2568d"><div class="c90a25d457"><a href="https://www.booking.com/hotel/ph/the-golden-pine.html?ucfs=1&amp;arphpl=1&amp;dest_id=261060&amp;dest_type=landmark&amp;group_adults=2&amp;req_adults=2&amp;no_rooms=1&amp;group_children=0&amp;req_children=0&amp;hpos=8&amp;hapos=8&amp;sr_order=popularity&amp;srpvid=7c9c48ada4eb027a&amp;srepoch=1694773211&amp;from=searchresults#hotelTmpl" target="_blank" rel="noopener noreferrer" tabindex="-1" aria-hidden="true" data-testid="property-card-desktop-single-image"><img src="https://cf.bstatic.com/xdata/images/hotel/square200/5075687.jpg?k=c6038582a41e4f7b37ca1c2cc21893d2cd66b7b0c72ae8f4764fb9aab31857c5&amp;o=" alt="The Golden Pine Hotel" width="200" height="200" class="b8b0793b0e" data-testid="image"/></a><div class="d226e2f1b9"><span class="f419a93f12"><button class="f41101cd39" aria-expanded="false" data-testid="wishlist-button"><span data-testid="wishlist-icon" class="fcd9eec8fb c422d77911 d24fc26e73" aria-hidden="true"><svg viewBox="0 0 128 128" width="1em" height="1em"><path d="M64 112a3.6 3.6 0 0 1-2-.5 138.8 138.8 0 0 1-44.2-38c-10-14.4-10.6-26-9.4-33.2a29 29 0 0 1 22.9-23.7c11.9-2.4 24 2.5 32.7 13a33.7 33.7 0 0 1 32.7-13 29 29 0 0 1 22.8 23.7c1.3 7.2.6 18.8-9.3 33.3-9.1 13.1-24 25.9-44.2 37.9a3.6 3.6 0 0 1-2 .5z"></path></svg></span></button></span></div></div></div><div class="b978843432"><div class="aca0ade214 aaf30230d9 cd2e7d62b0 f996d8c258"><div class=""><div class="aca0ade214 c9835feea9 c2931f4182 d79e71457a d14b211b4f"><div class="aaee4e7cd3 e7a57abb1e"><div class="aca0ade214 a5f1aae5b2 cd2e7d62b0"><div><div class="dd023375f5"><h3 class="a4225678b2"><a href="https://www.booking.com/hotel/ph/the-golden-pine.html?ucfs=1&amp;arphpl=1&amp;dest_id=261060&amp;dest_type=landmark&amp;group_adults=2&amp;req_adults=2&amp;no_rooms=1&amp;group_children=0&amp;req_children=0&amp;hpos=8&amp;hapos=8&amp;sr_order=popularity&amp;srpvid=7c9c48ada4eb027a&amp;srepoch=1694773211&amp;from=searchresults#hotelTmpl" class="e13098a59f" target="_blank" rel="noopener noreferrer" data-testid="title-link"><div data-testid="title" class="f6431b446c a23c043802">The Golden Pine Hotel</div><div class="ac4a7896c7">Opens in new window</div></a></h3><span class="f419a93f12"><span aria-expanded="false" tabindex="0" role="button" data-testid="preferred-badge"><span role="img" class="fcd9eec8fb c79b3cbed2 c2cc050fb8 e410954d4b" aria-label="This property is part of our Preferred Partner Program. It&#x27;s committed to providing excellent service and good value. It’ll pay us a higher commission if you make a booking."><svg viewBox="0 0 128 128" width="1em" height="1em"><path d="M112 8H16a8 8 0 0 0-8 8v96a8 8 0 0 0 8 8h96a8 8 0 0 0 8-8V16a8 8 0 0 0-8-8zM48 96H24V58h24zm56-25a8.7 8.7 0 0 1-2 6 8.9 8.9 0 0 1 1 4 6.9 6.9 0 0 1-5 7c-.5 4-4.8 8-9 8H56V58l10.3-23.3a5.4 5.4 0 0 1 10.1 2.7 10.3 10.3 0 0 1-.6 2.7L72 52h23c4.5 0 9 3.5 9 8a9.2 9.2 0 0 1-2 5.3 7.5 7.5 0 0 1 2 5.7z"></path></svg></span></span></span></div></div><div><div class="abf093bdfe a1fbd102d9"><a target="_blank" rel="noopener noreferrer" href="https://www.booking.com/hotel/ph/the-golden-pine.html?ucfs=1&amp;arphpl=1&amp;dest_id=261060&amp;dest_type=landmark&amp;group_adults=2&amp;req_adults=2&amp;no_rooms=1&amp;group_children=0&amp;req_children=0&amp;hpos=8&amp;hapos=8&amp;sr_order=popularity&amp;srpvid=7c9c48ada4eb027a&amp;srepoch=1694773211&amp;from=searchresults&amp;map=1" class="a83ed08757 f88a5204c2 e0e11a8307 b98133fb50"><span><span class="f4bd0794db b4273d69aa" data-testid="address">Baguio</span><span class="f4bd0794db b4273d69aa">Show on map</span></span></a><span class="f4bd0794db"><span class="f419a93f12"><span aria-expanded="false" data-testid="distance">0.5 miles from Session Road</span></span></span></div></div><div class="abf093bdfe">Offering rooms in the cool mountain city of Baguio, The Golden Pine Hotel is just a 5 minute walk from popular Burnham Park. It offers free Wi-Fi and free parking. </div></div></div><div class=""><div class="aca0ade214 ebac6e22e9 cd2e7d62b0 f920833fe5"><div class=""><div class="aca0ade214 a5f1aae5b2 cd2e7d62b0"><a target="_blank" rel="noopener noreferrer" data-testid="review-score-link" href="https://www.booking.com/hotel/ph/the-golden-pine.html?ucfs=1&amp;arphpl=1&amp;dest_id=261060&amp;dest_type=landmark&amp;group_adults=2&amp;req_adults=2&amp;no_rooms=1&amp;group_children=0&amp;req_children=0&amp;hpos=8&amp;hapos=8&amp;sr_order=popularity&amp;srpvid=7c9c48ada4eb027a&amp;srepoch=1694773211&amp;from=searchresults#hotelTmpl" class="a83ed08757 f88a5204c2 aeccf0d865 b98133fb50"><span><div data-testid="review-score" class="aca0ade214 aaf30230d9 e1ffac4e41 e7d9f93f4d d79e71457a d5fd510f01 dc7f26e57f"><div aria-label="Scored 7.7 " class="a3b8729ab1 d86cee9b25">7.7</div><div class="aaee4e7cd3 e7a57abb1e a29749fd9f"><div aria-label="Good" class="a3b8729ab1 e6208ee469 cb2cbb3ccb">Good<!-- --> </div><div class="abf093bdfe f45d8e4c32 d935416c47">76 reviews</div></div></div></span></a></div></div><div><span class="f419a93f12"><button aria-expanded="false" type="button" class="a83ed08757 c21c56c305 a4c1805887 ab98298258 deab83296e c082d89982"><span class="e4adce92df">Show prices</span></button></span></div></div></div></div></div></div></div></div><div class="ea6e492f88"></div></div><div class="bea018f16c"><div></div></div><div data-testid="property-card" class="c82435a4b8 a178069f51 a6ae3c2b40 a18aeea94d d794b7a0f7 f53e278e95 da89aeb942" style="--bui_box_padding--s:4"><div class="d20f4628d0"><div class="f9d4f2568d"><div class="c90a25d457"><a href="https://www.booking.com/hotel/ph/rl-veranda-suite.html?ucfs=1&amp;arphpl=1&amp;dest_id=261060&amp;dest_type=landmark&amp;group_adults=2&amp;req_adults=2&amp;no_rooms=1&amp;group_children=0&amp;req_children=0&amp;hpos=9&amp;hapos=9&amp;sr_order=popularity&amp;srpvid=7c9c48ada4eb027a&amp;srepoch=1694773211&amp;from=searchresults#hotelTmpl" target="_blank" rel="noopener noreferrer" tabindex="-1" aria-hidden="true" data-testid="property-card-desktop-single-image"><img src="https://cf.bstatic.com/xdata/images/hotel/square200/338016275.jpg?k=d86cff8b726026afeb3e9860912f2b49e156ab3060ad5767462ae553bdf0336a&amp;o=" alt="RL Veranda Suite" width="200" height="200" class="b8b0793b0e" data-testid="image"/></a><div class="d226e2f1b9"><span class="f419a93f12"><button class="f41101cd39" aria-expanded="false" data-testid="wishlist-button"><span data-testid="wishlist-icon" class="fcd9eec8fb c422d77911 d24fc26e73" aria-hidden="true"><svg viewBox="0 0 128 128" width="1em" height="1em"><path d="M64 112a3.6 3.6 0 0 1-2-.5 138.8 138.8 0 0 1-44.2-38c-10-14.4-10.6-26-9.4-33.2a29 29 0 0 1 22.9-23.7c11.9-2.4 24 2.5 32.7 13a33.7 33.7 0 0 1 32.7-13 29 29 0 0 1 22.8 23.7c1.3 7.2.6 18.8-9.3 33.3-9.1 13.1-24 25.9-44.2 37.9a3.6 3.6 0 0 1-2 .5z"></path></svg></span></button></span></div></div></div><div class="b978843432"><div class="aca0ade214 aaf30230d9 cd2e7d62b0 f996d8c258"><div class=""><div class="aca0ade214 c9835feea9 c2931f4182 d79e71457a d14b211b4f"><div class="aaee4e7cd3 e7a57abb1e"><div class="aca0ade214 a5f1aae5b2 cd2e7d62b0"><div><div class="dd023375f5"><h3 class="a4225678b2"><a href="https://www.booking.com/hotel/ph/rl-veranda-suite.html?ucfs=1&amp;arphpl=1&amp;dest_id=261060&amp;dest_type=landmark&amp;group_adults=2&amp;req_adults=2&amp;no_rooms=1&amp;group_children=0&amp;req_children=0&amp;hpos=9&amp;hapos=9&amp;sr_order=popularity&amp;srpvid=7c9c48ada4eb027a&amp;srepoch=1694773211&amp;from=searchresults#hotelTmpl" class="e13098a59f" target="_blank" rel="noopener noreferrer" data-testid="title-link"><div data-testid="title" class="f6431b446c a23c043802">RL Veranda Suite</div><div class="ac4a7896c7">Opens in new window</div></a></h3><span class="f419a93f12"><span aria-expanded="false" tabindex="0" role="button" data-testid="preferred-badge"><span role="img" class="fcd9eec8fb c79b3cbed2 c2cc050fb8 e410954d4b" aria-label="This property is part of our Preferred Partner Program. It&#x27;s committed to providing excellent service and good value. It’ll pay us a higher commission if you make a booking."><svg viewBox="0 0 128 128" width="1em" height="1em"><path d="M112 8H16a8 8 0 0 0-8 8v96a8 8 0 0 0 8 8h96a8 8 0 0 0 8-8V16a8 8 0 0 0-8-8zM48 96H24V58h24zm56-25a8.7 8.7 0 0 1-2 6 8.9 8.9 0 0 1 1 4 6.9 6.9 0 0 1-5 7c-.5 4-4.8 8-9 8H56V58l10.3-23.3a5.4 5.4 0 0 1 10.1 2.7 10.3 10.3 0 0 1-.6 2.7L72 52h23c4.5 0 9 3.5 9 8a9.2 9.2 0 0 1-2 5.3 7.5 7.5 0 0 1 2 5.7z"></path></svg></span></span></span></div></div><div><div class="abf093bdfe a1fbd102d9"><a target="_blank" rel="noopener noreferrer" href="https://www.booking.com/hotel/ph/rl-veranda-suite.html?ucfs=1&amp;arphpl=1&amp;dest_id=261060&amp;dest_type=landmark&amp;group_adults=2&amp;req_adults=2&amp;no_rooms=1&amp;group_children=0&amp;req_children=0&amp;hpos=9&amp;hapos=9&amp;sr_order=popularity&amp;srpvid=7c9c48ada4eb027a&amp;srepoch=1694773211&amp;from=searchresults&amp;map=1" class="a83ed08757 f88a5204c2 e0e11a8307 b98133fb50"><span><span class="f4bd0794db b4273d69aa" data-testid="address">Baguio</span><span class="f4bd0794db b4273d69aa">Show on map</span></span></a><span class="f4bd0794db"><span class="f419a93f12"><span aria-expanded="false" data-testid="distance">0.6 miles from Session Road</span></span></span></div></div><div class="abf093bdfe">Located in Baguio, a 9-minute walk from Burnham Park, RL Veranda Suite has accommodations with a garden, free private parking, a shared lounge and a terrace. </div></div></div><div class=""><div class="aca0ade214 ebac6e22e9 cd2e7d62b0 f920833fe5"><div class=""><div class="aca0ade214 a5f1aae5b2 cd2e7d62b0"><a target="_blank" rel="noopener noreferrer" data-testid="review-score-link" href="https://www.booking.com/hotel/ph/rl-veranda-suite.html?ucfs=1&amp;arphpl=1&amp;dest_id=261060&amp;dest_type=landmark&amp;group_adults=2&amp;req_adults=2&amp;no_rooms=1&amp;group_children=0&amp;req_children=0&amp;hpos=9&amp;hapos=9&amp;sr_order=popularity&amp;srpvid=7c9c48ada4eb027a&amp;srepoch=1694773211&amp;from=searchresults#hotelTmpl" class="a83ed08757 f88a5204c2 aeccf0d865 b98133fb50"><span><div data-testid="review-score" class="aca0ade214 aaf30230d9 e1ffac4e41 e7d9f93f4d d79e71457a d5fd510f01 dc7f26e57f"><div aria-label="Scored 8.7 " class="a3b8729ab1 d86cee9b25">8.7</div><div class="aaee4e7cd3 e7a57abb1e a29749fd9f"><div aria-label="Excellent" class="a3b8729ab1 e6208ee469 cb2cbb3ccb">Excellent<!-- --> </div><div class="abf093bdfe f45d8e4c32 d935416c47">277 reviews</div></div></div></span></a></div></div><div><span class="f419a93f12"><button aria-expanded="false" type="button" class="a83ed08757 c21c56c305 a4c1805887 ab98298258 deab83296e c082d89982"><span class="e4adce92df">Show prices</span></button></span></div></div></div></div></div></div></div></div><div class="ea6e492f88"></div></div><div class="bea018f16c"><div></div></div><div data-testid="property-card" class="c82435a4b8 a178069f51 a6ae3c2b40 a18aeea94d d794b7a0f7 f53e278e95 da89aeb942" style="--bui_box_padding--s:4"><div class="d20f4628d0"><div class="f9d4f2568d"><div class="c90a25d457"><a href="https://www.booking.com/hotel/ph/45.html?ucfs=1&amp;arphpl=1&amp;dest_id=261060&amp;dest_type=landmark&amp;group_adults=2&amp;req_adults=2&amp;no_rooms=1&amp;group_children=0&amp;req_children=0&amp;hpos=10&amp;hapos=10&amp;sr_order=popularity&amp;srpvid=7c9c48ada4eb027a&amp;srepoch=1694773211&amp;from=searchresults#hotelTmpl" target="_blank" rel="noopener noreferrer" tabindex="-1" aria-hidden="true" data-testid="property-card-desktop-single-image"><img src="https://cf.bstatic.com/xdata/images/hotel/square200/145244312.jpg?k=3e7ebfc1b5f85e1e3bb009105aec40fcf40a69a323e73b206d1f626c9664e317&amp;o=" alt="Hotel 45" width="200" height="200" class="b8b0793b0e" data-testid="image"/></a><div class="d226e2f1b9"><span class="f419a93f12"><button class="f41101cd39" aria-expanded="false" data-testid="wishlist-button"><span data-testid="wishlist-icon" class="fcd9eec8fb c422d77911 d24fc26e73" aria-hidden="true"><svg viewBox="0 0 128 128" width="1em" height="1em"><path d="M64 112a3.6 3.6 0 0 1-2-.5 138.8 138.8 0 0 1-44.2-38c-10-14.4-10.6-26-9.4-33.2a29 29 0 0 1 22.9-23.7c11.9-2.4 24 2.5 32.7 13a33.7 33.7 0 0 1 32.7-13 29 29 0 0 1 22.8 23.7c1.3 7.2.6 18.8-9.3 33.3-9.1 13.1-24 25.9-44.2 37.9a3.6 3.6 0 0 1-2 .5z"></path></svg></span></button></span></div></div></div><div class="b978843432"><div class="aca0ade214 aaf30230d9 cd2e7d62b0 f996d8c258"><div class=""><div class="aca0ade214 c9835feea9 c2931f4182 d79e71457a d14b211b4f"><div class="aaee4e7cd3 e7a57abb1e"><div class="aca0ade214 a5f1aae5b2 cd2e7d62b0"><div><div class="dd023375f5"><h3 class="a4225678b2"><a href="https://www.booking.com/hotel/ph/45.html?ucfs=1&amp;arphpl=1&amp;dest_id=261060&amp;dest_type=landmark&amp;group_adults=2&amp;req_adults=2&amp;no_rooms=1&amp;group_children=0&amp;req_children=0&amp;hpos=10&amp;hapos=10&amp;sr_order=popularity&amp;srpvid=7c9c48ada4eb027a&amp;srepoch=1694773211&amp;from=searchresults#hotelTmpl" class="e13098a59f" target="_blank" rel="noopener noreferrer" data-testid="title-link"><div data-testid="title" class="f6431b446c a23c043802">Hotel 45</div><div class="ac4a7896c7">Opens in new window</div></a></h3></div></div><div><div class="abf093bdfe a1fbd102d9"><a target="_blank" rel="noopener noreferrer" href="https://www.booking.com/hotel/ph/45.html?ucfs=1&amp;arphpl=1&amp;dest_id=261060&amp;dest_type=landmark&amp;group_adults=2&amp;req_adults=2&amp;no_rooms=1&amp;group_children=0&amp;req_children=0&amp;hpos=10&amp;hapos=10&amp;sr_order=popularity&amp;srpvid=7c9c48ada4eb027a&amp;srepoch=1694773211&amp;from=searchresults&amp;map=1" class="a83ed08757 f88a5204c2 e0e11a8307 b98133fb50"><span><span class="f4bd0794db b4273d69aa" data-testid="address">Baguio</span><span class="f4bd0794db b4273d69aa">Show on map</span></span></a><span class="f4bd0794db"><span class="f419a93f12"><span aria-expanded="false" data-testid="distance">0.2 miles from Session Road</span></span></span></div></div><div class="abf093bdfe">Featuring a bar, Hotel 45 is located in Baguio in the Luzon region, a 5-minute walk from SM City Baguio and 0.6 miles from Mines View Park. </div></div></div><div class=""><div class="aca0ade214 ebac6e22e9 cd2e7d62b0 f920833fe5"><div class=""><div class="aca0ade214 a5f1aae5b2 cd2e7d62b0"><a target="_blank" rel="noopener noreferrer" data-testid="review-score-link" href="https://www.booking.com/hotel/ph/45.html?ucfs=1&amp;arphpl=1&amp;dest_id=261060&amp;dest_type=landmark&amp;group_adults=2&amp;req_adults=2&amp;no_rooms=1&amp;group_children=0&amp;req_children=0&amp;hpos=10&amp;hapos=10&amp;sr_order=popularity&amp;srpvid=7c9c48ada4eb027a&amp;srepoch=1694773211&amp;from=searchresults#hotelTmpl" class="a83ed08757 f88a5204c2 aeccf0d865 b98133fb50"><span><div data-testid="review-score" class="aca0ade214 aaf30230d9 e1ffac4e41 e7d9f93f4d d79e71457a d5fd510f01 dc7f26e57f"><div aria-label="Scored 7.1 " class="a3b8729ab1 d86cee9b25">7.1</div><div class="aaee4e7cd3 e7a57abb1e a29749fd9f"><div aria-label="Good" class="a3b8729ab1 e6208ee469 cb2cbb3ccb">Good<!-- --> </div><div class="abf093bdfe f45d8e4c32 d935416c47">537 reviews</div></div></div></span></a></div></div><div><span class="f419a93f12"><button aria-expanded="false" type="button" class="a83ed08757 c21c56c305 a4c1805887 ab98298258 deab83296e c082d89982"><span class="e4adce92df">Show prices</span></button></span></div></div></div></div></div></div></div></div><div class="ea6e492f88"></div></div><div class="bea018f16c"><div></div></div><div data-testid="property-card" class="c82435a4b8 a178069f51 a6ae3c2b40 a18aeea94d d794b7a0f7 f53e278e95 da89aeb942" style="--bui_box_padding--s:4"><div class="d20f4628d0"><div class="f9d4f2568d"><div class="c90a25d457"><a href="https://www.booking.com/hotel/ph/3bu-hostel.html?ucfs=1&amp;arphpl=1&amp;dest_id=261060&amp;dest_type=landmark&amp;group_adults=2&amp;req_adults=2&amp;no_rooms=1&amp;group_children=0&amp;req_children=0&amp;hpos=11&amp;hapos=11&amp;sr_order=popularity&amp;srpvid=7c9c48ada4eb027a&amp;srepoch=1694773211&amp;from=searchresults#hotelTmpl" target="_blank" rel="noopener noreferrer" tabindex="-1" aria-hidden="true" data-testid="property-card-desktop-single-image"><img src="https://cf.bstatic.com/xdata/images/hotel/square200/438565909.jpg?k=1955683b617c736814bcd342f454b5611256e01fa3cd5fe31ae7e0ea3bf5327c&amp;o=" alt="3BU Hostel Baguio - Bonifacio" width="200" height="200" class="b8b0793b0e" data-testid="image"/></a><div class="d226e2f1b9"><span class="f419a93f12"><button class="f41101cd39" aria-expanded="false" data-testid="wishlist-button"><span data-testid="wishlist-icon" class="fcd9eec8fb c422d77911 d24fc26e73" aria-hidden="true"><svg viewBox="0 0 128 128" width="1em" height="1em"><path d="M64 112a3.6 3.6 0 0 1-2-.5 138.8 138.8 0 0 1-44.2-38c-10-14.4-10.6-26-9.4-33.2a29 29 0 0 1 22.9-23.7c11.9-2.4 24 2.5 32.7 13a33.7 33.7 0 0 1 32.7-13 29 29 0 0 1 22.8 23.7c1.3 7.2.6 18.8-9.3 33.3-9.1 13.1-24 25.9-44.2 37.9a3.6 3.6 0 0 1-2 .5z"></path></svg></span></button></span></div></div></div><div class="b978843432"><div class="aca0ade214 aaf30230d9 cd2e7d62b0 f996d8c258"><div class=""><div class="aca0ade214 c9835feea9 c2931f4182 d79e71457a d14b211b4f"><div class="aaee4e7cd3 e7a57abb1e"><div class="aca0ade214 a5f1aae5b2 cd2e7d62b0"><div><div class="dd023375f5"><h3 class="a4225678b2"><a href="https://www.booking.com/hotel/ph/3bu-hostel.html?ucfs=1&amp;arphpl=1&amp;dest_id=261060&amp;dest_type=landmark&amp;group_adults=2&amp;req_adults=2&amp;no_rooms=1&amp;group_children=0&amp;req_children=0&amp;hpos=11&amp;hapos=11&amp;sr_order=popularity&amp;srpvid=7c9c48ada4eb027a&amp;srepoch=1694773211&amp;from=searchresults#hotelTmpl" class="e13098a59f" target="_blank" rel="noopener noreferrer" data-testid="title-link"><div data-testid="title" class="f6431b446c a23c043802">3BU Hostel Baguio - Bonifacio</div><div class="ac4a7896c7">Opens in new window</div></a></h3></div></div><div><div class="abf093bdfe a1fbd102d9"><a target="_blank" rel="noopener noreferrer" href="https://www.booking.com/hotel/ph/3bu-hostel.html?ucfs=1&amp;arphpl=1&amp;dest_id=261060&amp;dest_type=landmark&amp;group_adults=2&amp;req_adults=2&amp;no_rooms=1&amp;group_children=0&amp;req_children=0&amp;hpos=11&amp;hapos=11&amp;sr_order=popularity&amp;srpvid=7c9c48ada4eb027a&amp;srepoch=1694773211&amp;from=searchresults&amp;map=1" class="a83ed08757 f88a5204c2 e0e11a8307 b98133fb50"><span><span class="f4bd0794db b4273d69aa" data-testid="address">Baguio</span><span class="f4bd0794db b4273d69aa">Show on map</span></span></a><span class="f4bd0794db"><span class="f419a93f12"><span aria-expanded="false" data-testid="distance">0.2 miles from Session Road</span></span></span></div></div><div class="abf093bdfe">Located in Baguio, a 5-minute walk from Mines View Park, 3BU Hostel Baguio - Bonifacio has air-conditioned accommodations and a shared lounge. </div></div></div><div class=""><div class="aca0ade214 ebac6e22e9 cd2e7d62b0 f920833fe5"><div class=""><div class="aca0ade214 a5f1aae5b2 cd2e7d62b0"><a target="_blank" rel="noopener noreferrer" data-testid="review-score-link" href="https://www.booking.com/hotel/ph/3bu-hostel.html?ucfs=1&amp;arphpl=1&amp;dest_id=261060&amp;dest_type=landmark&amp;group_adults=2&amp;req_adults=2&amp;no_rooms=1&amp;group_children=0&amp;req_children=0&amp;hpos=11&amp;hapos=11&amp;sr_order=popularity&amp;srpvid=7c9c48ada4eb027a&amp;srepoch=1694773211&amp;from=searchresults#hotelTmpl" class="a83ed08757 f88a5204c2 aeccf0d865 b98133fb50"><span><div data-testid="review-score" class="aca0ade214 aaf30230d9 e1ffac4e41 e7d9f93f4d d79e71457a d5fd510f01 dc7f26e57f"><div aria-label="Scored 8.2 " class="a3b8729ab1 d86cee9b25">8.2</div><div class="aaee4e7cd3 e7a57abb1e a29749fd9f"><div aria-label="Very Good" class="a3b8729ab1 e6208ee469 cb2cbb3ccb">Very Good<!-- --> </div><div class="abf093bdfe f45d8e4c32 d935416c47">235 reviews</div></div></div></span></a></div></div><div><span class="f419a93f12"><button aria-expanded="false" type="button" class="a83ed08757 c21c56c305 a4c1805887 ab98298258 deab83296e c082d89982"><span class="e4adce92df">Show prices</span></button></span></div></div></div></div></div></div></div></div><div class="ea6e492f88"></div></div><div class="bea018f16c"><div></div></div><div data-testid="property-card" class="c82435a4b8 a178069f51 a6ae3c2b40 a18aeea94d d794b7a0f7 f53e278e95 da89aeb942" style="--bui_box_padding--s:4"><div class="d20f4628d0"><div class="f9d4f2568d"><div class="c90a25d457"><a href="https://www.booking.com/hotel/ph/45-extension.html?ucfs=1&amp;arphpl=1&amp;dest_id=261060&amp;dest_type=landmark&amp;group_adults=2&amp;req_adults=2&amp;no_rooms=1&amp;group_children=0&amp;req_children=0&amp;hpos=12&amp;hapos=12&amp;sr_order=popularity&amp;srpvid=7c9c48ada4eb027a&amp;srepoch=1694773211&amp;from=searchresults#hotelTmpl" target="_blank" rel="noopener noreferrer" tabindex="-1" aria-hidden="true" data-testid="property-card-desktop-single-image"><img src="https://cf.bstatic.com/xdata/images/hotel/square200/143862179.jpg?k=03ab41a073fe4425fea030fe846ebc2c72e9d4883827ca56a5d89593f7db2737&amp;o=" alt="Hotel 45 Extension" width="200" height="200" class="b8b0793b0e" data-testid="image"/></a><div class="d226e2f1b9"><span class="f419a93f12"><button class="f41101cd39" aria-expanded="false" data-testid="wishlist-button"><span data-testid="wishlist-icon" class="fcd9eec8fb c422d77911 d24fc26e73" aria-hidden="true"><svg viewBox="0 0 128 128" width="1em" height="1em"><path d="M64 112a3.6 3.6 0 0 1-2-.5 138.8 138.8 0 0 1-44.2-38c-10-14.4-10.6-26-9.4-33.2a29 29 0 0 1 22.9-23.7c11.9-2.4 24 2.5 32.7 13a33.7 33.7 0 0 1 32.7-13 29 29 0 0 1 22.8 23.7c1.3 7.2.6 18.8-9.3 33.3-9.1 13.1-24 25.9-44.2 37.9a3.6 3.6 0 0 1-2 .5z"></path></svg></span></button></span></div></div></div><div class="b978843432"><div class="aca0ade214 aaf30230d9 cd2e7d62b0 f996d8c258"><div class=""><div class="aca0ade214 c9835feea9 c2931f4182 d79e71457a d14b211b4f"><div class="aaee4e7cd3 e7a57abb1e"><div class="aca0ade214 a5f1aae5b2 cd2e7d62b0"><div><div class="dd023375f5"><h3 class="a4225678b2"><a href="https://www.booking.com/hotel/ph/45-extension.html?ucfs=1&amp;arphpl=1&amp;dest_id=261060&amp;dest_type=landmark&amp;group_adults=2&amp;req_adults=2&amp;no_rooms=1&amp;group_children=0&amp;req_children=0&amp;hpos=12&amp;hapos=12&amp;sr_order=popularity&amp;srpvid=7c9c48ada4eb027a&amp;srepoch=1694773211&amp;from=searchresults#hotelTmpl" class="e13098a59f" target="_blank" rel="noopener noreferrer" data-testid="title-link"><div data-testid="title" class="f6431b446c a23c043802">Hotel 45 Extension</div><div class="ac4a7896c7">Opens in new window</div></a></h3></div></div><div><div class="abf093bdfe a1fbd102d9"><a target="_blank" rel="noopener noreferrer" href="https://www.booking.com/hotel/ph/45-extension.html?ucfs=1&amp;arphpl=1&amp;dest_id=261060&amp;dest_type=landmark&amp;group_adults=2&amp;req_adults=2&amp;no_rooms=1&amp;group_children=0&amp;req_children=0&amp;hpos=12&amp;hapos=12&amp;sr_order=popularity&amp;srpvid=7c9c48ada4eb027a&amp;srepoch=1694773211&amp;from=searchresults&amp;map=1" class="a83ed08757 f88a5204c2 e0e11a8307 b98133fb50"><span><span class="f4bd0794db b4273d69aa" data-testid="address">Baguio</span><span class="f4bd0794db b4273d69aa">Show on map</span></span></a><span class="f4bd0794db"><span class="f419a93f12"><span aria-expanded="false" data-testid="distance">0.2 miles from Session Road</span></span></span></div></div><div class="abf093bdfe">Located within 1.7 miles of Camp John Hay and 2.1 miles of Lourdes Grotto, Hotel 45 Extension has rooms in Baguio. </div></div></div><div class=""><div class="aca0ade214 ebac6e22e9 cd2e7d62b0 f920833fe5"><div class=""><div class="aca0ade214 a5f1aae5b2 cd2e7d62b0"><a target="_blank" rel="noopener noreferrer" data-testid="review-score-link" href="https://www.booking.com/hotel/ph/45-extension.html?ucfs=1&amp;arphpl=1&amp;dest_id=261060&amp;dest_type=landmark&amp;group_adults=2&amp;req_adults=2&amp;no_rooms=1&amp;group_children=0&amp;req_children=0&amp;hpos=12&amp;hapos=12&amp;sr_order=popularity&amp;srpvid=7c9c48ada4eb027a&amp;srepoch=1694773211&amp;from=searchresults#hotelTmpl" class="a83ed08757 f88a5204c2 aeccf0d865 b98133fb50"><span><div data-testid="review-score" class="aca0ade214 aaf30230d9 e1ffac4e41 e7d9f93f4d d79e71457a d5fd510f01 dc7f26e57f"><div aria-label="Scored 8.1 " class="a3b8729ab1 d86cee9b25">8.1</div><div class="aaee4e7cd3 e7a57abb1e a29749fd9f"><div aria-label="Very Good" class="a3b8729ab1 e6208ee469 cb2cbb3ccb">Very Good<!-- --> </div><div class="abf093bdfe f45d8e4c32 d935416c47">72 reviews</div></div></div></span></a><div><a target="_blank" rel="noopener noreferrer" data-testid="secondary-review-score-link" aria-label="Location: Scored 9.7 " href="https://www.booking.com/hotel/ph/45-extension.html?ucfs=1&amp;arphpl=1&amp;dest_id=261060&amp;dest_type=landmark&amp;group_adults=2&amp;req_adults=2&amp;no_rooms=1&amp;group_children=0&amp;req_children=0&amp;hpos=12&amp;hapos=12&amp;sr_order=popularity&amp;srpvid=7c9c48ada4eb027a&amp;srepoch=1694773211&amp;from=searchresults#hotelTmpl" class="a83ed08757 f88a5204c2 b98133fb50"><span><span class="a3332d346a">Location<!-- --> <!-- -->9.7</span></span></a></div></div></div><div><span class="f419a93f12"><button aria-expanded="false" type="button" class="a83ed08757 c21c56c305 a4c1805887 ab98298258 deab83296e c082d89982"><span class="e4adce92df">Show prices</span></button></span></div></div></div></div></div></div></div></div><div class="ea6e492f88"></div></div><div class="bea018f16c"><div></div></div><div data-testid="property-card" class="c82435a4b8 a178069f51 a6ae3c2b40 a18aeea94d d794b7a0f7 f53e278e95 da89aeb942" style="--bui_box_padding--s:4"><div class="d20f4628d0"><div class="f9d4f2568d"><div class="c90a25d457"><a href="https://www.booking.com/hotel/ph/paladin.html?ucfs=1&amp;arphpl=1&amp;dest_id=261060&amp;dest_type=landmark&amp;group_adults=2&amp;req_adults=2&amp;no_rooms=1&amp;group_children=0&amp;req_children=0&amp;hpos=13&amp;hapos=13&amp;sr_order=popularity&amp;srpvid=7c9c48ada4eb027a&amp;srepoch=1694773211&amp;from=searchresults#hotelTmpl" target="_blank" rel="noopener noreferrer" tabindex="-1" aria-hidden="true" data-testid="property-card-desktop-single-image"><img src="https://cf.bstatic.com/xdata/images/hotel/square200/389380911.jpg?k=591be031ec583c06d406d8d17505b7b4ed7ed4fbea3aec9d136a6c2bcc211c26&amp;o=" alt="Paladin Hotel" width="200" height="200" class="b8b0793b0e" data-testid="image"/></a><div class="d226e2f1b9"><span class="f419a93f12"><button class="f41101cd39" aria-expanded="false" data-testid="wishlist-button"><span data-testid="wishlist-icon" class="fcd9eec8fb c422d77911 d24fc26e73" aria-hidden="true"><svg viewBox="0 0 128 128" width="1em" height="1em"><path d="M64 112a3.6 3.6 0 0 1-2-.5 138.8 138.8 0 0 1-44.2-38c-10-14.4-10.6-26-9.4-33.2a29 29 0 0 1 22.9-23.7c11.9-2.4 24 2.5 32.7 13a33.7 33.7 0 0 1 32.7-13 29 29 0 0 1 22.8 23.7c1.3 7.2.6 18.8-9.3 33.3-9.1 13.1-24 25.9-44.2 37.9a3.6 3.6 0 0 1-2 .5z"></path></svg></span></button></span></div></div></div><div class="b978843432"><div class="aca0ade214 aaf30230d9 cd2e7d62b0 f996d8c258"><div class=""><div class="aca0ade214 c9835feea9 c2931f4182 d79e71457a d14b211b4f"><div class="aaee4e7cd3 e7a57abb1e"><div class="aca0ade214 a5f1aae5b2 cd2e7d62b0"><div><div class="dd023375f5"><h3 class="a4225678b2"><a href="https://www.booking.com/hotel/ph/paladin.html?ucfs=1&amp;arphpl=1&amp;dest_id=261060&amp;dest_type=landmark&amp;group_adults=2&amp;req_adults=2&amp;no_rooms=1&amp;group_children=0&amp;req_children=0&amp;hpos=13&amp;hapos=13&amp;sr_order=popularity&amp;srpvid=7c9c48ada4eb027a&amp;srepoch=1694773211&amp;from=searchresults#hotelTmpl" class="e13098a59f" target="_blank" rel="noopener noreferrer" data-testid="title-link"><div data-testid="title" class="f6431b446c a23c043802">Paladin Hotel</div><div class="ac4a7896c7">Opens in new window</div></a></h3><span class="f419a93f12"><span aria-expanded="false" tabindex="0" role="button" data-testid="preferred-badge"><span role="img" class="fcd9eec8fb c79b3cbed2 c2cc050fb8 e410954d4b" aria-label="This property is part of our Preferred Partner Program. It&#x27;s committed to providing excellent service and good value. It’ll pay us a higher commission if you make a booking."><svg viewBox="0 0 128 128" width="1em" height="1em"><path d="M112 8H16a8 8 0 0 0-8 8v96a8 8 0 0 0 8 8h96a8 8 0 0 0 8-8V16a8 8 0 0 0-8-8zM48 96H24V58h24zm56-25a8.7 8.7 0 0 1-2 6 8.9 8.9 0 0 1 1 4 6.9 6.9 0 0 1-5 7c-.5 4-4.8 8-9 8H56V58l10.3-23.3a5.4 5.4 0 0 1 10.1 2.7 10.3 10.3 0 0 1-.6 2.7L72 52h23c4.5 0 9 3.5 9 8a9.2 9.2 0 0 1-2 5.3 7.5 7.5 0 0 1 2 5.7z"></path></svg></span></span></span></div></div><div><div class="abf093bdfe a1fbd102d9"><a target="_blank" rel="noopener noreferrer" href="https://www.booking.com/hotel/ph/paladin.html?ucfs=1&amp;arphpl=1&amp;dest_id=261060&amp;dest_type=landmark&amp;group_adults=2&amp;req_adults=2&amp;no_rooms=1&amp;group_children=0&amp;req_children=0&amp;hpos=13&amp;hapos=13&amp;sr_order=popularity&amp;srpvid=7c9c48ada4eb027a&amp;srepoch=1694773211&amp;from=searchresults&amp;map=1" class="a83ed08757 f88a5204c2 e0e11a8307 b98133fb50"><span><span class="f4bd0794db b4273d69aa" data-testid="address">Baguio</span><span class="f4bd0794db b4273d69aa">Show on map</span></span></a><span class="f4bd0794db"><span class="f419a93f12"><span aria-expanded="false" data-testid="distance">0.4 miles from Session Road</span></span></span></div></div><div class="abf093bdfe">Paladin Hotel is located in Baguio, just 5 minutes&#x27; walk from Burnham Park and 20 minutes&#x27; walk from SM Baguio Mall. Offering free Wi-Fi and parking, it has massage services and a 24-hour front desk. </div></div></div><div class=""><div class="aca0ade214 ebac6e22e9 cd2e7d62b0 f920833fe5"><div class=""><div class="aca0ade214 a5f1aae5b2 cd2e7d62b0"><a target="_blank" rel="noopener noreferrer" data-testid="review-score-link" href="https://www.booking.com/hotel/ph/paladin.html?ucfs=1&amp;arphpl=1&amp;dest_id=261060&amp;dest_type=landmark&amp;group_adults=2&amp;req_adults=2&amp;no_rooms=1&amp;group_children=0&amp;req_children=0&amp;hpos=13&amp;hapos=13&amp;sr_order=popularity&amp;srpvid=7c9c48ada4eb027a&amp;srepoch=1694773211&amp;from=searchresults#hotelTmpl" class="a83ed08757 f88a5204c2 aeccf0d865 b98133fb50"><span><div data-testid="review-score" class="aca0ade214 aaf30230d9 e1ffac4e41 e7d9f93f4d d79e71457a d5fd510f01 dc7f26e57f"><div aria-label="Scored 7.4 " class="a3b8729ab1 d86cee9b25">7.4</div><div class="aaee4e7cd3 e7a57abb1e a29749fd9f"><div aria-label="Good" class="a3b8729ab1 e6208ee469 cb2cbb3ccb">Good<!-- --> </div><div class="abf093bdfe f45d8e4c32 d935416c47">136 reviews</div></div></div></span></a></div></div><div><span class="f419a93f12"><button aria-expanded="false" type="button" class="a83ed08757 c21c56c305 a4c1805887 ab98298258 deab83296e c082d89982"><span class="e4adce92df">Show prices</span></button></span></div></div></div></div></div></div></div></div><div class="ea6e492f88"></div></div><div class="bea018f16c"><div></div></div><div data-testid="property-card" class="c82435a4b8 a178069f51 a6ae3c2b40 a18aeea94d d794b7a0f7 f53e278e95 da89aeb942" style="--bui_box_padding--s:4"><div class="d20f4628d0"><div class="f9d4f2568d"><div class="c90a25d457"><a href="https://www.booking.com/hotel/ph/angelo-39-s-transient-house.html?ucfs=1&amp;arphpl=1&amp;dest_id=261060&amp;dest_type=landmark&amp;group_adults=2&amp;req_adults=2&amp;no_rooms=1&amp;group_children=0&amp;req_children=0&amp;hpos=14&amp;hapos=14&amp;sr_order=popularity&amp;srpvid=7c9c48ada4eb027a&amp;srepoch=1694773211&amp;from=searchresults#hotelTmpl" target="_blank" rel="noopener noreferrer" tabindex="-1" aria-hidden="true" data-testid="property-card-desktop-single-image"><img src="https://cf.bstatic.com/xdata/images/hotel/square200/491551366.jpg?k=97a8da9a33c4303f849d7d092628d8d4b3052eb5497f5744644ea1c6ec76b37a&amp;o=" alt="JCGA Apartments (Angelo&#x27;s Burnham)" width="200" height="200" class="b8b0793b0e" data-testid="image"/></a><div class="d226e2f1b9"><span class="f419a93f12"><button class="f41101cd39" aria-expanded="false" data-testid="wishlist-button"><span data-testid="wishlist-icon" class="fcd9eec8fb c422d77911 d24fc26e73" aria-hidden="true"><svg viewBox="0 0 128 128" width="1em" height="1em"><path d="M64 112a3.6 3.6 0 0 1-2-.5 138.8 138.8 0 0 1-44.2-38c-10-14.4-10.6-26-9.4-33.2a29 29 0 0 1 22.9-23.7c11.9-2.4 24 2.5 32.7 13a33.7 33.7 0 0 1 32.7-13 29 29 0 0 1 22.8 23.7c1.3 7.2.6 18.8-9.3 33.3-9.1 13.1-24 25.9-44.2 37.9a3.6 3.6 0 0 1-2 .5z"></path></svg></span></button></span></div></div></div><div class="b978843432"><div class="aca0ade214 aaf30230d9 cd2e7d62b0 f996d8c258"><div class=""><div class="aca0ade214 c9835feea9 c2931f4182 d79e71457a d14b211b4f"><div class="aaee4e7cd3 e7a57abb1e"><div class="aca0ade214 a5f1aae5b2 cd2e7d62b0"><div><div class="dd023375f5"><h3 class="a4225678b2"><a href="https://www.booking.com/hotel/ph/angelo-39-s-transient-house.html?ucfs=1&amp;arphpl=1&amp;dest_id=261060&amp;dest_type=landmark&amp;group_adults=2&amp;req_adults=2&amp;no_rooms=1&amp;group_children=0&amp;req_children=0&amp;hpos=14&amp;hapos=14&amp;sr_order=popularity&amp;srpvid=7c9c48ada4eb027a&amp;srepoch=1694773211&amp;from=searchresults#hotelTmpl" class="e13098a59f" target="_blank" rel="noopener noreferrer" data-testid="title-link"><div data-testid="title" class="f6431b446c a23c043802">JCGA Apartments (Angelo&#x27;s Burnham)</div><div class="ac4a7896c7">Opens in new window</div></a></h3></div></div><div><div class="abf093bdfe a1fbd102d9"><a target="_blank" rel="noopener noreferrer" href="https://www.booking.com/hotel/ph/angelo-39-s-transient-house.html?ucfs=1&amp;arphpl=1&amp;dest_id=261060&amp;dest_type=landmark&amp;group_adults=2&amp;req_adults=2&amp;no_rooms=1&amp;group_children=0&amp;req_children=0&amp;hpos=14&amp;hapos=14&amp;sr_order=popularity&amp;srpvid=7c9c48ada4eb027a&amp;srepoch=1694773211&amp;from=searchresults&amp;map=1" class="a83ed08757 f88a5204c2 e0e11a8307 b98133fb50"><span><span class="f4bd0794db b4273d69aa" data-testid="address">Baguio</span><span class="f4bd0794db b4273d69aa">Show on map</span></span></a><span class="f4bd0794db"><span class="f419a93f12"><span aria-expanded="false" data-testid="distance">0.4 miles from Session Road</span></span></span></div></div><div class="abf093bdfe">Offering a garden, Angelo&#x27;s Transient House is located in Baguio, 656 feet from Burnham Park. Session Road is 1969 feet from the property. Free private parking is available on site. </div></div></div><div class=""><div class="aca0ade214 ebac6e22e9 cd2e7d62b0 f920833fe5"><div class=""><div class="aca0ade214 a5f1aae5b2 cd2e7d62b0"><a target="_blank" rel="noopener noreferrer" data-testid="review-score-link" href="https://www.booking.com/hotel/ph/angelo-39-s-transient-house.html?ucfs=1&amp;arphpl=1&amp;dest_id=261060&amp;dest_type=landmark&amp;group_adults=2&amp;req_adults=2&amp;no_rooms=1&amp;group_children=0&amp;req_children=0&amp;hpos=14&amp;hapos=14&amp;sr_order=popularity&amp;srpvid=7c9c48ada4eb027a&amp;srepoch=1694773211&amp;from=searchresults#hotelTmpl" class="a83ed08757 f88a5204c2 aeccf0d865 b98133fb50"><span><div data-testid="review-score" class="aca0ade214 aaf30230d9 e1ffac4e41 e7d9f93f4d d79e71457a d5fd510f01 dc7f26e57f"><div aria-label="Scored 9.2 " class="a3b8729ab1 d86cee9b25">9.2</div><div class="aaee4e7cd3 e7a57abb1e a29749fd9f"><div aria-label="Wonderful" class="a3b8729ab1 e6208ee469 cb2cbb3ccb">Wonderful<!-- --> </div><div class="abf093bdfe f45d8e4c32 d935416c47">482 reviews</div></div></div></span></a><div><a target="_blank" rel="noopener noreferrer" data-testid="secondary-review-score-link" aria-label="Location: Scored 9.6 " href="https://www.booking.com/hotel/ph/angelo-39-s-transient-house.html?ucfs=1&amp;arphpl=1&amp;dest_id=261060&amp;dest_type=landmark&amp;group_adults=2&amp;req_adults=2&amp;no_rooms=1&amp;group_children=0&amp;req_children=0&amp;hpos=14&amp;hapos=14&amp;sr_order=popularity&amp;srpvid=7c9c48ada4eb027a&amp;srepoch=1694773211&amp;from=searchresults#hotelTmpl" class="a83ed08757 f88a5204c2 b98133fb50"><span><span class="a3332d346a">Location<!-- --> <!-- -->9.6</span></span></a></div></div></div><div><span class="f419a93f12"><button aria-expanded="false" type="button" class="a83ed08757 c21c56c305 a4c1805887 ab98298258 deab83296e c082d89982"><span class="e4adce92df">Show prices</span></button></span></div></div></div></div></div></div></div></div><div class="ea6e492f88"></div></div><div class="bea018f16c"><div></div></div><div data-testid="property-card" class="c82435a4b8 a178069f51 a6ae3c2b40 a18aeea94d d794b7a0f7 f53e278e95 da89aeb942" style="--bui_box_padding--s:4"><div class="d20f4628d0"><div class="f9d4f2568d"><div class="c90a25d457"><a href="https://www.booking.com/hotel/ph/zenmist-properties-at-the-zonevill-bldg-g.html?ucfs=1&amp;arphpl=1&amp;dest_id=261060&amp;dest_type=landmark&amp;group_adults=2&amp;req_adults=2&amp;no_rooms=1&amp;group_children=0&amp;req_children=0&amp;hpos=15&amp;hapos=15&amp;sr_order=popularity&amp;srpvid=7c9c48ada4eb027a&amp;srepoch=1694773211&amp;from=searchresults#hotelTmpl" target="_blank" rel="noopener noreferrer" tabindex="-1" aria-hidden="true" data-testid="property-card-desktop-single-image"><img src="https://cf.bstatic.com/xdata/images/hotel/square200/452780380.jpg?k=948f3a3f011fcddf5642eb066792103b2e9e761cac2f73e2e2d5a284f6ba30bf&amp;o=" alt="Zenmist Properties- 2 Bedroom Deluxe" width="200" height="200" class="b8b0793b0e" data-testid="image"/></a><div class="d226e2f1b9"><span class="f419a93f12"><button class="f41101cd39" aria-expanded="false" data-testid="wishlist-button"><span data-testid="wishlist-icon" class="fcd9eec8fb c422d77911 d24fc26e73" aria-hidden="true"><svg viewBox="0 0 128 128" width="1em" height="1em"><path d="M64 112a3.6 3.6 0 0 1-2-.5 138.8 138.8 0 0 1-44.2-38c-10-14.4-10.6-26-9.4-33.2a29 29 0 0 1 22.9-23.7c11.9-2.4 24 2.5 32.7 13a33.7 33.7 0 0 1 32.7-13 29 29 0 0 1 22.8 23.7c1.3 7.2.6 18.8-9.3 33.3-9.1 13.1-24 25.9-44.2 37.9a3.6 3.6 0 0 1-2 .5z"></path></svg></span></button></span></div></div></div><div class="b978843432"><div class="aca0ade214 aaf30230d9 cd2e7d62b0 f996d8c258"><div class=""><div class="aca0ade214 c9835feea9 c2931f4182 d79e71457a d14b211b4f"><div class="aaee4e7cd3 e7a57abb1e"><div class="aca0ade214 a5f1aae5b2 cd2e7d62b0"><div><div class="dd023375f5"><h3 class="a4225678b2"><a href="https://www.booking.com/hotel/ph/zenmist-properties-at-the-zonevill-bldg-g.html?ucfs=1&amp;arphpl=1&amp;dest_id=261060&amp;dest_type=landmark&amp;group_adults=2&amp;req_adults=2&amp;no_rooms=1&amp;group_children=0&amp;req_children=0&amp;hpos=15&amp;hapos=15&amp;sr_order=popularity&amp;srpvid=7c9c48ada4eb027a&amp;srepoch=1694773211&amp;from=searchresults#hotelTmpl" class="e13098a59f" target="_blank" rel="noopener noreferrer" data-testid="title-link"><div data-testid="title" class="f6431b446c a23c043802">Zenmist Properties- 2 Bedroom Deluxe</div><div class="ac4a7896c7">Opens in new window</div></a></h3></div></div><div><div class="abf093bdfe a1fbd102d9"><a target="_blank" rel="noopener noreferrer" href="https://www.booking.com/hotel/ph/zenmist-properties-at-the-zonevill-bldg-g.html?ucfs=1&amp;arphpl=1&amp;dest_id=261060&amp;dest_type=landmark&amp;group_adults=2&amp;req_adults=2&amp;no_rooms=1&amp;group_children=0&amp;req_children=0&amp;hpos=15&amp;hapos=15&amp;sr_order=popularity&amp;srpvid=7c9c48ada4eb027a&amp;srepoch=1694773211&amp;from=searchresults&amp;map=1" class="a83ed08757 f88a5204c2 e0e11a8307 b98133fb50"><span><span class="f4bd0794db b4273d69aa" data-testid="address">Baguio</span><span class="f4bd0794db b4273d69aa">Show on map</span></span></a><span class="f4bd0794db"><span class="f419a93f12"><span aria-expanded="false" data-testid="distance">0.6 miles from Session Road</span></span></span></div></div><div class="abf093bdfe">Located in Baguio in the Luzon region, with Burnham Park and SM City Baguio nearby, Zenmist Properties- 2 Bedroom Deluxe provides accommodations with free Wifi and free private parking. </div></div></div><div class=""><div class="aca0ade214 ebac6e22e9 cd2e7d62b0 f920833fe5"><div class=""><div class="aca0ade214 a5f1aae5b2 cd2e7d62b0"><a target="_blank" rel="noopener noreferrer" data-testid="review-score-link" href="https://www.booking.com/hotel/ph/zenmist-properties-at-the-zonevill-bldg-g.html?ucfs=1&amp;arphpl=1&amp;dest_id=261060&amp;dest_type=landmark&amp;group_adults=2&amp;req_adults=2&amp;no_rooms=1&amp;group_children=0&amp;req_children=0&amp;hpos=15&amp;hapos=15&amp;sr_order=popularity&amp;srpvid=7c9c48ada4eb027a&amp;srepoch=1694773211&amp;from=searchresults#hotelTmpl" class="a83ed08757 f88a5204c2 aeccf0d865 b98133fb50"><span><div data-testid="review-score" class="aca0ade214 aaf30230d9 e1ffac4e41 e7d9f93f4d d79e71457a d5fd510f01 dc7f26e57f"><div aria-label="Scored 8.0 " class="a3b8729ab1 d86cee9b25">8.0</div><div class="aaee4e7cd3 e7a57abb1e a29749fd9f"><div aria-label="Very Good" class="a3b8729ab1 e6208ee469 cb2cbb3ccb">Very Good<!-- --> </div><div class="abf093bdfe f45d8e4c32 d935416c47">149 reviews</div></div></div></span></a></div></div><div><span class="f419a93f12"><button aria-expanded="false" type="button" class="a83ed08757 c21c56c305 a4c1805887 ab98298258 deab83296e c082d89982"><span class="e4adce92df">Show prices</span></button></span></div></div></div></div></div></div></div></div><div class="ea6e492f88"></div></div><div class="bea018f16c"><div></div></div><div data-testid="property-card" class="c82435a4b8 a178069f51 a6ae3c2b40 a18aeea94d d794b7a0f7 f53e278e95 da89aeb942" style="--bui_box_padding--s:4"><div class="d20f4628d0"><div class="f9d4f2568d"><div class="c90a25d457"><a href="https://www.booking.com/hotel/ph/french-nest-at-baguio.html?ucfs=1&amp;arphpl=1&amp;dest_id=261060&amp;dest_type=landmark&amp;group_adults=2&amp;req_adults=2&amp;no_rooms=1&amp;group_children=0&amp;req_children=0&amp;hpos=16&amp;hapos=16&amp;sr_order=popularity&amp;srpvid=7c9c48ada4eb027a&amp;srepoch=1694773211&amp;from_sustainable_property_sr=1&amp;from=searchresults#hotelTmpl" target="_blank" rel="noopener noreferrer" tabindex="-1" aria-hidden="true" data-testid="property-card-desktop-single-image"><img src="https://cf.bstatic.com/xdata/images/hotel/square200/346888156.jpg?k=ec08542e5ff979c795045bf99de0fb82a692f8aae55b8be52c714caa7540b6a1&amp;o=" alt="French Nest at Baguio- Megatower Residences" width="200" height="200" class="b8b0793b0e" data-testid="image"/></a><div class="d226e2f1b9"><span class="f419a93f12"><button class="f41101cd39" aria-expanded="false" data-testid="wishlist-button"><span data-testid="wishlist-icon" class="fcd9eec8fb c422d77911 d24fc26e73" aria-hidden="true"><svg viewBox="0 0 128 128" width="1em" height="1em"><path d="M64 112a3.6 3.6 0 0 1-2-.5 138.8 138.8 0 0 1-44.2-38c-10-14.4-10.6-26-9.4-33.2a29 29 0 0 1 22.9-23.7c11.9-2.4 24 2.5 32.7 13a33.7 33.7 0 0 1 32.7-13 29 29 0 0 1 22.8 23.7c1.3 7.2.6 18.8-9.3 33.3-9.1 13.1-24 25.9-44.2 37.9a3.6 3.6 0 0 1-2 .5z"></path></svg></span></button></span></div></div></div><div class="b978843432"><div class="aca0ade214 aaf30230d9 cd2e7d62b0 f996d8c258"><div class=""><div class="aca0ade214 c9835feea9 c2931f4182 d79e71457a d14b211b4f"><div class="aaee4e7cd3 e7a57abb1e"><div class="aca0ade214 a5f1aae5b2 cd2e7d62b0"><div><div class="dd023375f5"><h3 class="a4225678b2"><a href="https://www.booking.com/hotel/ph/french-nest-at-baguio.html?ucfs=1&amp;arphpl=1&amp;dest_id=261060&amp;dest_type=landmark&amp;group_adults=2&amp;req_adults=2&amp;no_rooms=1&amp;group_children=0&amp;req_children=0&amp;hpos=16&amp;hapos=16&amp;sr_order=popularity&amp;srpvid=7c9c48ada4eb027a&amp;srepoch=1694773211&amp;from_sustainable_property_sr=1&amp;from=searchresults#hotelTmpl" class="e13098a59f" target="_blank" rel="noopener noreferrer" data-testid="title-link"><div data-testid="title" class="f6431b446c a23c043802">French Nest at Baguio- Megatower Residences</div><div class="ac4a7896c7">Opens in new window</div></a></h3><span class="f419a93f12"><span aria-expanded="false" tabindex="0" role="button" data-testid="preferred-badge"><span role="img" class="fcd9eec8fb c79b3cbed2 c2cc050fb8 e410954d4b" aria-label="This property is part of our Preferred Partner Program. It&#x27;s committed to providing excellent service and good value. It’ll pay us a higher commission if you make a booking."><svg viewBox="0 0 128 128" width="1em" height="1em"><path d="M112 8H16a8 8 0 0 0-8 8v96a8 8 0 0 0 8 8h96a8 8 0 0 0 8-8V16a8 8 0 0 0-8-8zM48 96H24V58h24zm56-25a8.7 8.7 0 0 1-2 6 8.9 8.9 0 0 1 1 4 6.9 6.9 0 0 1-5 7c-.5 4-4.8 8-9 8H56V58l10.3-23.3a5.4 5.4 0 0 1 10.1 2.7 10.3 10.3 0 0 1-.6 2.7L72 52h23c4.5 0 9 3.5 9 8a9.2 9.2 0 0 1-2 5.3 7.5 7.5 0 0 1 2 5.7z"></path></svg></span></span></span></div></div><div><div class="abf093bdfe a1fbd102d9"><a target="_blank" rel="noopener noreferrer" href="https://www.booking.com/hotel/ph/french-nest-at-baguio.html?ucfs=1&amp;arphpl=1&amp;dest_id=261060&amp;dest_type=landmark&amp;group_adults=2&amp;req_adults=2&amp;no_rooms=1&amp;group_children=0&amp;req_children=0&amp;hpos=16&amp;hapos=16&amp;sr_order=popularity&amp;srpvid=7c9c48ada4eb027a&amp;srepoch=1694773211&amp;from_sustainable_property_sr=1&amp;from=searchresults&amp;map=1" class="a83ed08757 f88a5204c2 e0e11a8307 b98133fb50"><span><span class="f4bd0794db b4273d69aa" data-testid="address">Baguio</span><span class="f4bd0794db b4273d69aa">Show on map</span></span></a><span class="f4bd0794db"><span class="f419a93f12"><span aria-expanded="false" data-testid="distance">0.1 miles from Session Road</span></span></span></div></div><div><span data-testid="badge-sustainability" class="abf093bdfe c147fc6dd1 b81491d8c4 d18b4a6026"><span class="b30f8eb2d6"><div class="fba3ab9fd6"><span class="fcd9eec8fb f8ecfc5adb bf9a32efa5 a229b4a525" aria-hidden="true"><svg xmlns="http://www.w3.org/2000/svg" viewBox="0 0 72 24"><path d="M16.29 19.72c4.22-4.22 8.4-17.56 6.7-19.26S7.95 2.93 3.73 7.16C.67 10.22.62 15.58 3.5 18.98L15.62 6.86c.29-.29.77-.29 1.06 0s.29.77 0 1.06L4.57 20.03l-2.14 2.14c-.29.29-.29.77 0 1.06s.77.29 1.06 0l2.34-2.34c3.34 1.88 7.78 1.51 10.46-1.17ZM46.99.46c-1.15-1.16-6.85.55-8.56 1.11-2.26.73-7.83 2.73-10.7 5.6-1.5 1.5-2.36 3.69-2.35 6.01 0 2.18.76 4.21 2.12 5.81l-3.18 3.18c-.29.29-.29.77 0 1.06.15.15.34.22.53.22s.38-.07.53-.22l3.18-3.18c1.64 1.35 3.72 2.04 5.78 2.04 2.2 0 4.37-.78 5.94-2.35 2.87-2.87 4.87-8.44 5.6-10.7.55-1.72 2.27-7.41 1.1-8.57Zm-7.76 18.21c-2.21 2.21-6.54 2.77-9.6.31L40.68 7.93c.29-.29.29-.77 0-1.06s-.77-.29-1.06 0L28.56 17.93c-1.08-1.31-1.67-2.97-1.68-4.75 0-1.93.69-3.73 1.91-4.95 3.87-3.87 14.19-6.68 16.78-6.68.13 0 .24 0 .33.02.31 1.85-2.59 13.03-6.67 17.11ZM70.99.46c-1.15-1.16-6.85.55-8.56 1.11-2.26.73-7.83 2.73-10.7 5.6-1.5 1.5-2.36 3.69-2.35 6.01 0 2.18.76 4.21 2.12 5.81l-3.18 3.18c-.29.29-.29.77 0 1.06.15.15.34.22.53.22s.38-.07.53-.22l3.18-3.18c1.64 1.35 3.72 2.04 5.78 2.04 2.2 0 4.37-.78 5.94-2.35 2.87-2.87 4.87-8.44 5.6-10.7.55-1.72 2.27-7.41 1.1-8.57Zm-7.76 18.21c-2.21 2.21-6.54 2.77-9.6.31L64.68 7.93c.29-.29.29-.77 0-1.06s-.77-.29-1.06 0L52.56 17.93c-1.08-1.31-1.67-2.97-1.68-4.75 0-1.93.69-3.73 1.91-4.95 3.87-3.87 14.19-6.68 16.78-6.68.13 0 .24 0 .33.02.31 1.85-2.59 13.03-6.67 17.11Z"></path></svg></span><span class="abf093bdfe d068504c75 be09c104ad">Travel Sustainable Level 1</span></div></span></span></div><div class="abf093bdfe">French Nest at Baguio offers accommodations in Baguio, 656 feet from Session Road and 2.7 mi from Mines View Park. The unit is 1969 feet from Burnham Park. </div></div></div><div class=""><div class="aca0ade214 ebac6e22e9 cd2e7d62b0 f920833fe5"><div class=""><div class="aca0ade214 a5f1aae5b2 cd2e7d62b0"><a target="_blank" rel="noopener noreferrer" data-testid="review-score-link" href="https://www.booking.com/hotel/ph/french-nest-at-baguio.html?ucfs=1&amp;arphpl=1&amp;dest_id=261060&amp;dest_type=landmark&amp;group_adults=2&amp;req_adults=2&amp;no_rooms=1&amp;group_children=0&amp;req_children=0&amp;hpos=16&amp;hapos=16&amp;sr_order=popularity&amp;srpvid=7c9c48ada4eb027a&amp;srepoch=1694773211&amp;from_sustainable_property_sr=1&amp;from=searchresults#hotelTmpl" class="a83ed08757 f88a5204c2 aeccf0d865 b98133fb50"><span><div data-testid="review-score" class="aca0ade214 aaf30230d9 e1ffac4e41 e7d9f93f4d d79e71457a d5fd510f01 dc7f26e57f"><div aria-label="Scored 8.6 " class="a3b8729ab1 d86cee9b25">8.6</div><div class="aaee4e7cd3 e7a57abb1e a29749fd9f"><div aria-label="Excellent" class="a3b8729ab1 e6208ee469 cb2cbb3ccb">Excellent<!-- --> </div><div class="abf093bdfe f45d8e4c32 d935416c47">104 reviews</div></div></div></span></a><div><a target="_blank" rel="noopener noreferrer" data-testid="secondary-review-score-link" aria-label="Location: Scored 9.5 " href="https://www.booking.com/hotel/ph/french-nest-at-baguio.html?ucfs=1&amp;arphpl=1&amp;dest_id=261060&amp;dest_type=landmark&amp;group_adults=2&amp;req_adults=2&amp;no_rooms=1&amp;group_children=0&amp;req_children=0&amp;hpos=16&amp;hapos=16&amp;sr_order=popularity&amp;srpvid=7c9c48ada4eb027a&amp;srepoch=1694773211&amp;from_sustainable_property_sr=1&amp;from=searchresults#hotelTmpl" class="a83ed08757 f88a5204c2 b98133fb50"><span><span class="a3332d346a">Location<!-- --> <!-- -->9.5</span></span></a></div></div></div><div><span class="f419a93f12"><button aria-expanded="false" type="button" class="a83ed08757 c21c56c305 a4c1805887 ab98298258 deab83296e c082d89982"><span class="e4adce92df">Show prices</span></button></span></div></div></div></div></div></div></div></div><div class="ea6e492f88"></div></div><div class="bea018f16c"><div></div></div><div data-testid="property-card" class="c82435a4b8 a178069f51 a6ae3c2b40 a18aeea94d d794b7a0f7 f53e278e95 da89aeb942" style="--bui_box_padding--s:4"><div class="d20f4628d0"><div class="f9d4f2568d"><div class="c90a25d457"><a href="https://www.booking.com/hotel/ph/finteo-skylands-premium.html?ucfs=1&amp;arphpl=1&amp;dest_id=261060&amp;dest_type=landmark&amp;group_adults=2&amp;req_adults=2&amp;no_rooms=1&amp;group_children=0&amp;req_children=0&amp;hpos=17&amp;hapos=17&amp;sr_order=popularity&amp;srpvid=7c9c48ada4eb027a&amp;srepoch=1694773211&amp;from=searchresults#hotelTmpl" target="_blank" rel="noopener noreferrer" tabindex="-1" aria-hidden="true" data-testid="property-card-desktop-single-image"><img src="https://cf.bstatic.com/xdata/images/hotel/square200/334021328.jpg?k=5e7a71e60daf8bf2bb2c3a19c8dc0280960c06e46138f05cd439e69dced03760&amp;o=" alt="Finteo Skylands Premium" width="200" height="200" class="b8b0793b0e" data-testid="image"/></a><div class="d226e2f1b9"><span class="f419a93f12"><button class="f41101cd39" aria-expanded="false" data-testid="wishlist-button"><span data-testid="wishlist-icon" class="fcd9eec8fb c422d77911 d24fc26e73" aria-hidden="true"><svg viewBox="0 0 128 128" width="1em" height="1em"><path d="M64 112a3.6 3.6 0 0 1-2-.5 138.8 138.8 0 0 1-44.2-38c-10-14.4-10.6-26-9.4-33.2a29 29 0 0 1 22.9-23.7c11.9-2.4 24 2.5 32.7 13a33.7 33.7 0 0 1 32.7-13 29 29 0 0 1 22.8 23.7c1.3 7.2.6 18.8-9.3 33.3-9.1 13.1-24 25.9-44.2 37.9a3.6 3.6 0 0 1-2 .5z"></path></svg></span></button></span></div></div></div><div class="b978843432"><div class="aca0ade214 aaf30230d9 cd2e7d62b0 f996d8c258"><div class=""><div class="aca0ade214 c9835feea9 c2931f4182 d79e71457a d14b211b4f"><div class="aaee4e7cd3 e7a57abb1e"><div class="aca0ade214 a5f1aae5b2 cd2e7d62b0"><div><div class="dd023375f5"><h3 class="a4225678b2"><a href="https://www.booking.com/hotel/ph/finteo-skylands-premium.html?ucfs=1&amp;arphpl=1&amp;dest_id=261060&amp;dest_type=landmark&amp;group_adults=2&amp;req_adults=2&amp;no_rooms=1&amp;group_children=0&amp;req_children=0&amp;hpos=17&amp;hapos=17&amp;sr_order=popularity&amp;srpvid=7c9c48ada4eb027a&amp;srepoch=1694773211&amp;from=searchresults#hotelTmpl" class="e13098a59f" target="_blank" rel="noopener noreferrer" data-testid="title-link"><div data-testid="title" class="f6431b446c a23c043802">Finteo Skylands Premium</div><div class="ac4a7896c7">Opens in new window</div></a></h3></div></div><div><div class="abf093bdfe a1fbd102d9"><a target="_blank" rel="noopener noreferrer" href="https://www.booking.com/hotel/ph/finteo-skylands-premium.html?ucfs=1&amp;arphpl=1&amp;dest_id=261060&amp;dest_type=landmark&amp;group_adults=2&amp;req_adults=2&amp;no_rooms=1&amp;group_children=0&amp;req_children=0&amp;hpos=17&amp;hapos=17&amp;sr_order=popularity&amp;srpvid=7c9c48ada4eb027a&amp;srepoch=1694773211&amp;from=searchresults&amp;map=1" class="a83ed08757 f88a5204c2 e0e11a8307 b98133fb50"><span><span class="f4bd0794db b4273d69aa" data-testid="address">Baguio</span><span class="f4bd0794db b4273d69aa">Show on map</span></span></a><span class="f4bd0794db"><span class="f419a93f12"><span aria-expanded="false" data-testid="distance">0.6 miles from Session Road</span></span></span></div></div><div class="abf093bdfe">Located in Baguio, Finteo Skylands Premium has accommodations 1.5 miles from Mines View Park and 2.4 miles from Camp John Hay. Private parking is available on site. </div></div></div><div class=""><div class="aca0ade214 ebac6e22e9 cd2e7d62b0 f920833fe5"><div class=""><div class="aca0ade214 a5f1aae5b2 cd2e7d62b0"><a target="_blank" rel="noopener noreferrer" data-testid="review-score-link" href="https://www.booking.com/hotel/ph/finteo-skylands-premium.html?ucfs=1&amp;arphpl=1&amp;dest_id=261060&amp;dest_type=landmark&amp;group_adults=2&amp;req_adults=2&amp;no_rooms=1&amp;group_children=0&amp;req_children=0&amp;hpos=17&amp;hapos=17&amp;sr_order=popularity&amp;srpvid=7c9c48ada4eb027a&amp;srepoch=1694773211&amp;from=searchresults#hotelTmpl" class="a83ed08757 f88a5204c2 aeccf0d865 b98133fb50"><span><div data-testid="review-score" class="aca0ade214 aaf30230d9 e1ffac4e41 e7d9f93f4d d79e71457a d5fd510f01 dc7f26e57f"><div aria-label="Scored 8.0 " class="a3b8729ab1 d86cee9b25">8.0</div><div class="aaee4e7cd3 e7a57abb1e a29749fd9f"><div aria-label="Very Good" class="a3b8729ab1 e6208ee469 cb2cbb3ccb">Very Good<!-- --> </div><div class="abf093bdfe f45d8e4c32 d935416c47">273 reviews</div></div></div></span></a></div></div><div><span class="f419a93f12"><button aria-expanded="false" type="button" class="a83ed08757 c21c56c305 a4c1805887 ab98298258 deab83296e c082d89982"><span class="e4adce92df">Show prices</span></button></span></div></div></div></div></div></div></div></div><div class="ea6e492f88"></div></div><div class="bea018f16c"><div></div></div><div data-testid="property-card" class="c82435a4b8 a178069f51 a6ae3c2b40 a18aeea94d d794b7a0f7 f53e278e95 da89aeb942" style="--bui_box_padding--s:4"><div class="d20f4628d0"><div class="f9d4f2568d"><div class="c90a25d457"><a href="https://www.booking.com/hotel/ph/dangwa-terminal-transient-house.html?ucfs=1&amp;arphpl=1&amp;dest_id=261060&amp;dest_type=landmark&amp;group_adults=2&amp;req_adults=2&amp;no_rooms=1&amp;group_children=0&amp;req_children=0&amp;hpos=18&amp;hapos=18&amp;sr_order=popularity&amp;srpvid=7c9c48ada4eb027a&amp;srepoch=1694773211&amp;from_sustainable_property_sr=1&amp;from=searchresults#hotelTmpl" target="_blank" rel="noopener noreferrer" tabindex="-1" aria-hidden="true" data-testid="property-card-desktop-single-image"><img src="https://cf.bstatic.com/xdata/images/hotel/square200/378326364.jpg?k=bfc4ab8a764509fec5d6a85d24925362dd8fb7fda2be5ea2abb214ce87dd9f83&amp;o=" alt="Dangwa Terminal Transient House" width="200" height="200" class="b8b0793b0e" data-testid="image"/></a><div class="d226e2f1b9"><span class="f419a93f12"><button class="f41101cd39" aria-expanded="false" data-testid="wishlist-button"><span data-testid="wishlist-icon" class="fcd9eec8fb c422d77911 d24fc26e73" aria-hidden="true"><svg viewBox="0 0 128 128" width="1em" height="1em"><path d="M64 112a3.6 3.6 0 0 1-2-.5 138.8 138.8 0 0 1-44.2-38c-10-14.4-10.6-26-9.4-33.2a29 29 0 0 1 22.9-23.7c11.9-2.4 24 2.5 32.7 13a33.7 33.7 0 0 1 32.7-13 29 29 0 0 1 22.8 23.7c1.3 7.2.6 18.8-9.3 33.3-9.1 13.1-24 25.9-44.2 37.9a3.6 3.6 0 0 1-2 .5z"></path></svg></span></button></span></div></div></div><div class="b978843432"><div class="aca0ade214 aaf30230d9 cd2e7d62b0 f996d8c258"><div class=""><div class="aca0ade214 c9835feea9 c2931f4182 d79e71457a d14b211b4f"><div class="aaee4e7cd3 e7a57abb1e"><div class="aca0ade214 a5f1aae5b2 cd2e7d62b0"><div><div class="dd023375f5"><h3 class="a4225678b2"><a href="https://www.booking.com/hotel/ph/dangwa-terminal-transient-house.html?ucfs=1&amp;arphpl=1&amp;dest_id=261060&amp;dest_type=landmark&amp;group_adults=2&amp;req_adults=2&amp;no_rooms=1&amp;group_children=0&amp;req_children=0&amp;hpos=18&amp;hapos=18&amp;sr_order=popularity&amp;srpvid=7c9c48ada4eb027a&amp;srepoch=1694773211&amp;from_sustainable_property_sr=1&amp;from=searchresults#hotelTmpl" class="e13098a59f" target="_blank" rel="noopener noreferrer" data-testid="title-link"><div data-testid="title" class="f6431b446c a23c043802">Dangwa Terminal Transient House</div><div class="ac4a7896c7">Opens in new window</div></a></h3><span class="f419a93f12"><span aria-expanded="false" tabindex="0" role="button" data-testid="preferred-badge"><span role="img" class="fcd9eec8fb c79b3cbed2 fe53650a13 c2cc050fb8 e410954d4b" aria-label="This property is part of our Preferred Plus Program. It&#x27;s committed to providing outstanding service and excellent value. It&#x27;ll pay us a higher commission if you make a booking."><svg xmlns="http://www.w3.org/2000/svg" viewBox="0 0 32 18"><path fill="#FEBB02" fill-rule="evenodd" d="M6.73157e-08 2.25225C6.73157e-08 1.00912 1.00688 0 2.25225 0H15.7478C15.8167 0 15.885 0.00310154 15.9524 0.00917326C16.0199 0.00310178 16.0882 0 16.1572 0H29.6528C30.8959 0 31.905 1.00688 31.905 2.25225V15.7478C31.905 16.9909 30.8981 18 29.6528 18H16.1572C16.0888 18 16.0207 17.9969 15.9531 17.9908C15.8855 17.9969 15.817 18 15.7478 18H2.25225C1.65487 18.0002 1.08192 17.7629 0.659507 17.3405C0.237096 16.9181 -0.000145899 16.3451 6.73157e-08 15.7478V2.25225ZM7.335 13.545H12.1364C13.5486 13.545 13.5486 12.416 13.5486 12.416C14.6783 11.8516 14.1134 10.7226 14.1134 10.7226C14.9607 9.8759 14.1134 9.02919 14.1134 9.02919C14.6783 8.18247 14.1134 7.33576 13.2661 7.33576H9.59447L10.1593 5.36009C10.7242 3.66666 9.02961 3.10218 8.46474 5.07785L7.335 8.46471V13.545ZM3.915 8.46V13.545H6.705V8.46H3.915ZM21.99 6C21.99 5.56698 21.99 5.35048 22.0538 5.17732C22.1585 4.89281 22.3828 4.66855 22.6673 4.56377C22.8405 4.5 23.057 4.5 23.49 4.5C23.923 4.5 24.1395 4.5 24.3127 4.56377C24.5972 4.66855 24.8215 4.89281 24.9262 5.17732C24.99 5.35048 24.99 5.56698 24.99 6V7.5H26.49C26.923 7.5 27.1395 7.5 27.3127 7.56377C27.5972 7.66855 27.8215 7.89281 27.9262 8.17732C27.99 8.35048 27.99 8.56698 27.99 9C27.99 9.43302 27.99 9.64952 27.9262 9.82268C27.8215 10.1072 27.5972 10.3315 27.3127 10.4362C27.1395 10.5 26.923 10.5 26.49 10.5H24.99V12C24.99 12.433 24.99 12.6495 24.9262 12.8227C24.8215 13.1072 24.5972 13.3315 24.3127 13.4362C24.1395 13.5 23.923 13.5 23.49 13.5C23.057 13.5 22.8405 13.5 22.6673 13.4362C22.3828 13.3315 22.1585 13.1072 22.0538 12.8227C21.99 12.6495 21.99 12.433 21.99 12V10.5H20.49C20.057 10.5 19.8405 10.5 19.6673 10.4362C19.3828 10.3315 19.1585 10.1072 19.0538 9.82268C18.99 9.64952 18.99 9.43302 18.99 9C18.99 8.56698 18.99 8.35048 19.0538 8.17732C19.1585 7.89281 19.3828 7.66855 19.6673 7.56377C19.8405 7.5 20.057 7.5 20.49 7.5H21.99V6Z" clip-rule="evenodd"></path></svg></span></span></span></div></div><div><div class="abf093bdfe a1fbd102d9"><a target="_blank" rel="noopener noreferrer" href="https://www.booking.com/hotel/ph/dangwa-terminal-transient-house.html?ucfs=1&amp;arphpl=1&amp;dest_id=261060&amp;dest_type=landmark&amp;group_adults=2&amp;req_adults=2&amp;no_rooms=1&amp;group_children=0&amp;req_children=0&amp;hpos=18&amp;hapos=18&amp;sr_order=popularity&amp;srpvid=7c9c48ada4eb027a&amp;srepoch=1694773211&amp;from_sustainable_property_sr=1&amp;from=searchresults&amp;map=1" class="a83ed08757 f88a5204c2 e0e11a8307 b98133fb50"><span><span class="f4bd0794db b4273d69aa" data-testid="address">Baguio</span><span class="f4bd0794db b4273d69aa">Show on map</span></span></a><span class="f4bd0794db"><span class="f419a93f12"><span aria-expanded="false" data-testid="distance">0.2 miles from Session Road</span></span></span></div></div><div><span data-testid="badge-sustainability" class="abf093bdfe c147fc6dd1 b81491d8c4 d18b4a6026"><span class="b30f8eb2d6"><div class="fba3ab9fd6"><span class="fcd9eec8fb f8ecfc5adb bf9a32efa5 a229b4a525" aria-hidden="true"><svg xmlns="http://www.w3.org/2000/svg" viewBox="0 0 72 24"><path d="M16.29 19.72c4.22-4.22 8.4-17.56 6.7-19.26S7.95 2.93 3.73 7.16C.67 10.22.62 15.58 3.5 18.98L15.62 6.86c.29-.29.77-.29 1.06 0s.29.77 0 1.06L4.57 20.03l-2.14 2.14c-.29.29-.29.77 0 1.06s.77.29 1.06 0l2.34-2.34c3.34 1.88 7.78 1.51 10.46-1.17ZM46.99.46c-1.15-1.16-6.85.55-8.56 1.11-2.26.73-7.83 2.73-10.7 5.6-1.5 1.5-2.36 3.69-2.35 6.01 0 2.18.76 4.21 2.12 5.81l-3.18 3.18c-.29.29-.29.77 0 1.06.15.15.34.22.53.22s.38-.07.53-.22l3.18-3.18c1.64 1.35 3.72 2.04 5.78 2.04 2.2 0 4.37-.78 5.94-2.35 2.87-2.87 4.87-8.44 5.6-10.7.55-1.72 2.27-7.41 1.1-8.57Zm-7.76 18.21c-2.21 2.21-6.54 2.77-9.6.31L40.68 7.93c.29-.29.29-.77 0-1.06s-.77-.29-1.06 0L28.56 17.93c-1.08-1.31-1.67-2.97-1.68-4.75 0-1.93.69-3.73 1.91-4.95 3.87-3.87 14.19-6.68 16.78-6.68.13 0 .24 0 .33.02.31 1.85-2.59 13.03-6.67 17.11ZM70.99.46c-1.15-1.16-6.85.55-8.56 1.11-2.26.73-7.83 2.73-10.7 5.6-1.5 1.5-2.36 3.69-2.35 6.01 0 2.18.76 4.21 2.12 5.81l-3.18 3.18c-.29.29-.29.77 0 1.06.15.15.34.22.53.22s.38-.07.53-.22l3.18-3.18c1.64 1.35 3.72 2.04 5.78 2.04 2.2 0 4.37-.78 5.94-2.35 2.87-2.87 4.87-8.44 5.6-10.7.55-1.72 2.27-7.41 1.1-8.57Zm-7.76 18.21c-2.21 2.21-6.54 2.77-9.6.31L64.68 7.93c.29-.29.29-.77 0-1.06s-.77-.29-1.06 0L52.56 17.93c-1.08-1.31-1.67-2.97-1.68-4.75 0-1.93.69-3.73 1.91-4.95 3.87-3.87 14.19-6.68 16.78-6.68.13 0 .24 0 .33.02.31 1.85-2.59 13.03-6.67 17.11Z"></path></svg></span><span class="abf093bdfe d068504c75 be09c104ad">Travel Sustainable Level 1</span></div></span></span></div><div class="abf093bdfe">Dangwa Terminal Transient House features city views, free Wifi and free private parking, located in Baguio, a 11-minute walk from Burnham Park. </div></div></div><div class=""><div class="aca0ade214 ebac6e22e9 cd2e7d62b0 f920833fe5"><div class=""><div class="aca0ade214 a5f1aae5b2 cd2e7d62b0"><a target="_blank" rel="noopener noreferrer" data-testid="review-score-link" href="https://www.booking.com/hotel/ph/dangwa-terminal-transient-house.html?ucfs=1&amp;arphpl=1&amp;dest_id=261060&amp;dest_type=landmark&amp;group_adults=2&amp;req_adults=2&amp;no_rooms=1&amp;group_children=0&amp;req_children=0&amp;hpos=18&amp;hapos=18&amp;sr_order=popularity&amp;srpvid=7c9c48ada4eb027a&amp;srepoch=1694773211&amp;from_sustainable_property_sr=1&amp;from=searchresults#hotelTmpl" class="a83ed08757 f88a5204c2 aeccf0d865 b98133fb50"><span><div data-testid="review-score" class="aca0ade214 aaf30230d9 e1ffac4e41 e7d9f93f4d d79e71457a d5fd510f01 dc7f26e57f"><div aria-label="Scored 6.9 " class="a3b8729ab1 d86cee9b25">6.9</div><div class="aaee4e7cd3 e7a57abb1e a29749fd9f"><div aria-label="Review score" class="a3b8729ab1 e6208ee469 cb2cbb3ccb">Review score<!-- --> </div><div class="abf093bdfe f45d8e4c32 d935416c47">19 reviews</div></div></div></span></a></div></div><div><span class="f419a93f12"><button aria-expanded="false" type="button" class="a83ed08757 c21c56c305 a4c1805887 ab98298258 deab83296e c082d89982"><span class="e4adce92df">Show prices</span></button></span></div></div></div></div></div></div></div></div><div class="ea6e492f88"></div></div><div class="bea018f16c"><div></div></div><div data-testid="property-card" class="c82435a4b8 a178069f51 a6ae3c2b40 a18aeea94d d794b7a0f7 f53e278e95 da89aeb942" style="--bui_box_padding--s:4"><div class="d20f4628d0"><div class="f9d4f2568d"><div class="c90a25d457"><a href="https://www.booking.com/hotel/ph/cedar-peak-condominium.html?ucfs=1&amp;arphpl=1&amp;dest_id=261060&amp;dest_type=landmark&amp;group_adults=2&amp;req_adults=2&amp;no_rooms=1&amp;group_children=0&amp;req_children=0&amp;hpos=19&amp;hapos=19&amp;sr_order=popularity&amp;srpvid=7c9c48ada4eb027a&amp;srepoch=1694773211&amp;from=searchresults#hotelTmpl" target="_blank" rel="noopener noreferrer" tabindex="-1" aria-hidden="true" data-testid="property-card-desktop-single-image"><img src="https://cf.bstatic.com/xdata/images/hotel/square200/114741993.jpg?k=b6067185eed0c47187ff0516dc579a31cc8295f6bf7f86d942cf75e6c0a3bef0&amp;o=" alt="Cedar Peak Condo - Close to Session Road City Center" width="200" height="200" class="b8b0793b0e" data-testid="image"/></a><div class="d226e2f1b9"><span class="f419a93f12"><button class="f41101cd39" aria-expanded="false" data-testid="wishlist-button"><span data-testid="wishlist-icon" class="fcd9eec8fb c422d77911 d24fc26e73" aria-hidden="true"><svg viewBox="0 0 128 128" width="1em" height="1em"><path d="M64 112a3.6 3.6 0 0 1-2-.5 138.8 138.8 0 0 1-44.2-38c-10-14.4-10.6-26-9.4-33.2a29 29 0 0 1 22.9-23.7c11.9-2.4 24 2.5 32.7 13a33.7 33.7 0 0 1 32.7-13 29 29 0 0 1 22.8 23.7c1.3 7.2.6 18.8-9.3 33.3-9.1 13.1-24 25.9-44.2 37.9a3.6 3.6 0 0 1-2 .5z"></path></svg></span></button></span></div></div></div><div class="b978843432"><div class="aca0ade214 aaf30230d9 cd2e7d62b0 f996d8c258"><div class=""><div class="aca0ade214 c9835feea9 c2931f4182 d79e71457a d14b211b4f"><div class="aaee4e7cd3 e7a57abb1e"><div class="aca0ade214 a5f1aae5b2 cd2e7d62b0"><div><div class="dd023375f5"><h3 class="a4225678b2"><a href="https://www.booking.com/hotel/ph/cedar-peak-condominium.html?ucfs=1&amp;arphpl=1&amp;dest_id=261060&amp;dest_type=landmark&amp;group_adults=2&amp;req_adults=2&amp;no_rooms=1&amp;group_children=0&amp;req_children=0&amp;hpos=19&amp;hapos=19&amp;sr_order=popularity&amp;srpvid=7c9c48ada4eb027a&amp;srepoch=1694773211&amp;from=searchresults#hotelTmpl" class="e13098a59f" target="_blank" rel="noopener noreferrer" data-testid="title-link"><div data-testid="title" class="f6431b446c a23c043802">Cedar Peak Condo - Close to Session Road City Center</div><div class="ac4a7896c7">Opens in new window</div></a></h3><span class="f419a93f12"><span aria-expanded="false" tabindex="0" role="button" data-testid="preferred-badge"><span role="img" class="fcd9eec8fb c79b3cbed2 c2cc050fb8 e410954d4b" aria-label="This property is part of our Preferred Partner Program. It&#x27;s committed to providing excellent service and good value. It’ll pay us a higher commission if you make a booking."><svg viewBox="0 0 128 128" width="1em" height="1em"><path d="M112 8H16a8 8 0 0 0-8 8v96a8 8 0 0 0 8 8h96a8 8 0 0 0 8-8V16a8 8 0 0 0-8-8zM48 96H24V58h24zm56-25a8.7 8.7 0 0 1-2 6 8.9 8.9 0 0 1 1 4 6.9 6.9 0 0 1-5 7c-.5 4-4.8 8-9 8H56V58l10.3-23.3a5.4 5.4 0 0 1 10.1 2.7 10.3 10.3 0 0 1-.6 2.7L72 52h23c4.5 0 9 3.5 9 8a9.2 9.2 0 0 1-2 5.3 7.5 7.5 0 0 1 2 5.7z"></path></svg></span></span></span></div></div><div><div class="abf093bdfe a1fbd102d9"><a target="_blank" rel="noopener noreferrer" href="https://www.booking.com/hotel/ph/cedar-peak-condominium.html?ucfs=1&amp;arphpl=1&amp;dest_id=261060&amp;dest_type=landmark&amp;group_adults=2&amp;req_adults=2&amp;no_rooms=1&amp;group_children=0&amp;req_children=0&amp;hpos=19&amp;hapos=19&amp;sr_order=popularity&amp;srpvid=7c9c48ada4eb027a&amp;srepoch=1694773211&amp;from=searchresults&amp;map=1" class="a83ed08757 f88a5204c2 e0e11a8307 b98133fb50"><span><span class="f4bd0794db b4273d69aa" data-testid="address">Baguio</span><span class="f4bd0794db b4273d69aa">Show on map</span></span></a><span class="f4bd0794db"><span class="f419a93f12"><span aria-expanded="false" data-testid="distance">0.2 miles from Session Road</span></span></span></div></div><div class="abf093bdfe">Cedar Peak Condo - Close to Session Road City Center is located in Baguio, 164 feet from Session Road. Mines View Park is 2.5 mi from the property. Free WiFi is offered . </div></div></div><div class=""><div class="aca0ade214 ebac6e22e9 cd2e7d62b0 f920833fe5"><div class=""><div class="aca0ade214 a5f1aae5b2 cd2e7d62b0"><a target="_blank" rel="noopener noreferrer" data-testid="review-score-link" href="https://www.booking.com/hotel/ph/cedar-peak-condominium.html?ucfs=1&amp;arphpl=1&amp;dest_id=261060&amp;dest_type=landmark&amp;group_adults=2&amp;req_adults=2&amp;no_rooms=1&amp;group_children=0&amp;req_children=0&amp;hpos=19&amp;hapos=19&amp;sr_order=popularity&amp;srpvid=7c9c48ada4eb027a&amp;srepoch=1694773211&amp;from=searchresults#hotelTmpl" class="a83ed08757 f88a5204c2 aeccf0d865 b98133fb50"><span><div data-testid="review-score" class="aca0ade214 aaf30230d9 e1ffac4e41 e7d9f93f4d d79e71457a d5fd510f01 dc7f26e57f"><div aria-label="Scored 7.6 " class="a3b8729ab1 d86cee9b25">7.6</div><div class="aaee4e7cd3 e7a57abb1e a29749fd9f"><div aria-label="Good" class="a3b8729ab1 e6208ee469 cb2cbb3ccb">Good<!-- --> </div><div class="abf093bdfe f45d8e4c32 d935416c47">128 reviews</div></div></div></span></a></div></div><div><span class="f419a93f12"><button aria-expanded="false" type="button" class="a83ed08757 c21c56c305 a4c1805887 ab98298258 deab83296e c082d89982"><span class="e4adce92df">Show prices</span></button></span></div></div></div></div></div></div></div></div><div class="ea6e492f88"></div></div><div class="bea018f16c"><div></div></div><div data-testid="property-card" class="c82435a4b8 a178069f51 a6ae3c2b40 a18aeea94d d794b7a0f7 f53e278e95 da89aeb942" style="--bui_box_padding--s:4"><div class="d20f4628d0"><div class="f9d4f2568d"><div class="c90a25d457"><a href="https://www.booking.com/hotel/ph/finteo-skylands.html?ucfs=1&amp;arphpl=1&amp;dest_id=261060&amp;dest_type=landmark&amp;group_adults=2&amp;req_adults=2&amp;no_rooms=1&amp;group_children=0&amp;req_children=0&amp;hpos=20&amp;hapos=20&amp;sr_order=popularity&amp;srpvid=7c9c48ada4eb027a&amp;srepoch=1694773211&amp;from=searchresults#hotelTmpl" target="_blank" rel="noopener noreferrer" tabindex="-1" aria-hidden="true" data-testid="property-card-desktop-single-image"><img src="https://cf.bstatic.com/xdata/images/hotel/square200/80361704.jpg?k=fc800a25c5a83c6da1d18816072971404a9fa6cff942f9702ef65c730780dc86&amp;o=" alt="Finteo Skylands" width="200" height="200" class="b8b0793b0e" data-testid="image"/></a><div class="d226e2f1b9"><span class="f419a93f12"><button class="f41101cd39" aria-expanded="false" data-testid="wishlist-button"><span data-testid="wishlist-icon" class="fcd9eec8fb c422d77911 d24fc26e73" aria-hidden="true"><svg viewBox="0 0 128 128" width="1em" height="1em"><path d="M64 112a3.6 3.6 0 0 1-2-.5 138.8 138.8 0 0 1-44.2-38c-10-14.4-10.6-26-9.4-33.2a29 29 0 0 1 22.9-23.7c11.9-2.4 24 2.5 32.7 13a33.7 33.7 0 0 1 32.7-13 29 29 0 0 1 22.8 23.7c1.3 7.2.6 18.8-9.3 33.3-9.1 13.1-24 25.9-44.2 37.9a3.6 3.6 0 0 1-2 .5z"></path></svg></span></button></span></div></div></div><div class="b978843432"><div class="aca0ade214 aaf30230d9 cd2e7d62b0 f996d8c258"><div class=""><div class="aca0ade214 c9835feea9 c2931f4182 d79e71457a d14b211b4f"><div class="aaee4e7cd3 e7a57abb1e"><div class="aca0ade214 a5f1aae5b2 cd2e7d62b0"><div><div class="dd023375f5"><h3 class="a4225678b2"><a href="https://www.booking.com/hotel/ph/finteo-skylands.html?ucfs=1&amp;arphpl=1&amp;dest_id=261060&amp;dest_type=landmark&amp;group_adults=2&amp;req_adults=2&amp;no_rooms=1&amp;group_children=0&amp;req_children=0&amp;hpos=20&amp;hapos=20&amp;sr_order=popularity&amp;srpvid=7c9c48ada4eb027a&amp;srepoch=1694773211&amp;from=searchresults#hotelTmpl" class="e13098a59f" target="_blank" rel="noopener noreferrer" data-testid="title-link"><div data-testid="title" class="f6431b446c a23c043802">Finteo Skylands</div><div class="ac4a7896c7">Opens in new window</div></a></h3></div></div><div><div class="abf093bdfe a1fbd102d9"><a target="_blank" rel="noopener noreferrer" href="https://www.booking.com/hotel/ph/finteo-skylands.html?ucfs=1&amp;arphpl=1&amp;dest_id=261060&amp;dest_type=landmark&amp;group_adults=2&amp;req_adults=2&amp;no_rooms=1&amp;group_children=0&amp;req_children=0&amp;hpos=20&amp;hapos=20&amp;sr_order=popularity&amp;srpvid=7c9c48ada4eb027a&amp;srepoch=1694773211&amp;from=searchresults&amp;map=1" class="a83ed08757 f88a5204c2 e0e11a8307 b98133fb50"><span><span class="f4bd0794db b4273d69aa" data-testid="address">Baguio</span><span class="f4bd0794db b4273d69aa">Show on map</span></span></a><span class="f4bd0794db"><span class="f419a93f12"><span aria-expanded="false" data-testid="distance">0.6 miles from Session Road</span></span></span></div></div><div class="abf093bdfe">Located in Baguio, 1640 feet from Burnham Park and 2953 feet from Session Road, Finteo Skylands offers city views. Complimentary private parking is available on site. </div></div></div><div class=""><div class="aca0ade214 ebac6e22e9 cd2e7d62b0 f920833fe5"><div class=""><div class="aca0ade214 a5f1aae5b2 cd2e7d62b0"><a target="_blank" rel="noopener noreferrer" data-testid="review-score-link" href="https://www.booking.com/hotel/ph/finteo-skylands.html?ucfs=1&amp;arphpl=1&amp;dest_id=261060&amp;dest_type=landmark&amp;group_adults=2&amp;req_adults=2&amp;no_rooms=1&amp;group_children=0&amp;req_children=0&amp;hpos=20&amp;hapos=20&amp;sr_order=popularity&amp;srpvid=7c9c48ada4eb027a&amp;srepoch=1694773211&amp;from=searchresults#hotelTmpl" class="a83ed08757 f88a5204c2 aeccf0d865 b98133fb50"><span><div data-testid="review-score" class="aca0ade214 aaf30230d9 e1ffac4e41 e7d9f93f4d d79e71457a d5fd510f01 dc7f26e57f"><div aria-label="Scored 8.2 " class="a3b8729ab1 d86cee9b25">8.2</div><div class="aaee4e7cd3 e7a57abb1e a29749fd9f"><div aria-label="Very Good" class="a3b8729ab1 e6208ee469 cb2cbb3ccb">Very Good<!-- --> </div><div class="abf093bdfe f45d8e4c32 d935416c47">644 reviews</div></div></div></span></a></div></div><div><span class="f419a93f12"><button aria-expanded="false" type="button" class="a83ed08757 c21c56c305 a4c1805887 ab98298258 deab83296e c082d89982"><span class="e4adce92df">Show prices</span></button></span></div></div></div></div></div></div></div></div><div class="ea6e492f88"></div></div><div class="bea018f16c"><div></div></div><div data-testid="property-card" class="c82435a4b8 a178069f51 a6ae3c2b40 a18aeea94d d794b7a0f7 f53e278e95 da89aeb942" style="--bui_box_padding--s:4"><div class="d20f4628d0"><div class="f9d4f2568d"><div class="c90a25d457"><a href="https://www.booking.com/hotel/ph/olive-town-center-and.html?ucfs=1&amp;arphpl=1&amp;dest_id=261060&amp;dest_type=landmark&amp;group_adults=2&amp;req_adults=2&amp;no_rooms=1&amp;group_children=0&amp;req_children=0&amp;hpos=21&amp;hapos=21&amp;sr_order=popularity&amp;srpvid=7c9c48ada4eb027a&amp;srepoch=1694773211&amp;from=searchresults#hotelTmpl" target="_blank" rel="noopener noreferrer" tabindex="-1" aria-hidden="true" data-testid="property-card-desktop-single-image"><img src="https://cf.bstatic.com/xdata/images/hotel/square200/335584592.jpg?k=35bd5b776e64d88f0a6dff3d2c3a9675af1f4d30f01f7c4dbe0f0b0b483f72db&amp;o=" alt="Olive Town Center and Hotel" width="200" height="200" class="b8b0793b0e" data-testid="image"/></a><div class="d226e2f1b9"><span class="f419a93f12"><button class="f41101cd39" aria-expanded="false" data-testid="wishlist-button"><span data-testid="wishlist-icon" class="fcd9eec8fb c422d77911 d24fc26e73" aria-hidden="true"><svg viewBox="0 0 128 128" width="1em" height="1em"><path d="M64 112a3.6 3.6 0 0 1-2-.5 138.8 138.8 0 0 1-44.2-38c-10-14.4-10.6-26-9.4-33.2a29 29 0 0 1 22.9-23.7c11.9-2.4 24 2.5 32.7 13a33.7 33.7 0 0 1 32.7-13 29 29 0 0 1 22.8 23.7c1.3 7.2.6 18.8-9.3 33.3-9.1 13.1-24 25.9-44.2 37.9a3.6 3.6 0 0 1-2 .5z"></path></svg></span></button></span></div></div></div><div class="b978843432"><div class="aca0ade214 aaf30230d9 cd2e7d62b0 f996d8c258"><div class=""><div class="aca0ade214 c9835feea9 c2931f4182 d79e71457a d14b211b4f"><div class="aaee4e7cd3 e7a57abb1e"><div class="aca0ade214 a5f1aae5b2 cd2e7d62b0"><div><div class="dd023375f5"><h3 class="a4225678b2"><a href="https://www.booking.com/hotel/ph/olive-town-center-and.html?ucfs=1&amp;arphpl=1&amp;dest_id=261060&amp;dest_type=landmark&amp;group_adults=2&amp;req_adults=2&amp;no_rooms=1&amp;group_children=0&amp;req_children=0&amp;hpos=21&amp;hapos=21&amp;sr_order=popularity&amp;srpvid=7c9c48ada4eb027a&amp;srepoch=1694773211&amp;from=searchresults#hotelTmpl" class="e13098a59f" target="_blank" rel="noopener noreferrer" data-testid="title-link"><div data-testid="title" class="f6431b446c a23c043802">Olive Town Center and Hotel</div><div class="ac4a7896c7">Opens in new window</div></a></h3></div></div><div><div class="abf093bdfe a1fbd102d9"><a target="_blank" rel="noopener noreferrer" href="https://www.booking.com/hotel/ph/olive-town-center-and.html?ucfs=1&amp;arphpl=1&amp;dest_id=261060&amp;dest_type=landmark&amp;group_adults=2&amp;req_adults=2&amp;no_rooms=1&amp;group_children=0&amp;req_children=0&amp;hpos=21&amp;hapos=21&amp;sr_order=popularity&amp;srpvid=7c9c48ada4eb027a&amp;srepoch=1694773211&amp;from=searchresults&amp;map=1" class="a83ed08757 f88a5204c2 e0e11a8307 b98133fb50"><span><span class="f4bd0794db b4273d69aa" data-testid="address">Baguio</span><span class="f4bd0794db b4273d69aa">Show on map</span></span></a><span class="f4bd0794db"><span class="f419a93f12"><span aria-expanded="false" data-testid="distance">0.2 miles from Session Road</span></span></span></div></div><div class="abf093bdfe">Located in Baguio, within a 9-minute walk of SM City Baguio and half a mile of Burnham Park, Olive Town Center and Hotel has accommodations with a terrace and free WiFi as well as free private parking...</div></div></div><div class=""><div class="aca0ade214 ebac6e22e9 cd2e7d62b0 f920833fe5"><div class=""><div class="aca0ade214 a5f1aae5b2 cd2e7d62b0"><a target="_blank" rel="noopener noreferrer" data-testid="review-score-link" href="https://www.booking.com/hotel/ph/olive-town-center-and.html?ucfs=1&amp;arphpl=1&amp;dest_id=261060&amp;dest_type=landmark&amp;group_adults=2&amp;req_adults=2&amp;no_rooms=1&amp;group_children=0&amp;req_children=0&amp;hpos=21&amp;hapos=21&amp;sr_order=popularity&amp;srpvid=7c9c48ada4eb027a&amp;srepoch=1694773211&amp;from=searchresults#hotelTmpl" class="a83ed08757 f88a5204c2 aeccf0d865 b98133fb50"><span><div data-testid="review-score" class="aca0ade214 aaf30230d9 e1ffac4e41 e7d9f93f4d d79e71457a d5fd510f01 dc7f26e57f"><div aria-label="Scored 8.5 " class="a3b8729ab1 d86cee9b25">8.5</div><div class="aaee4e7cd3 e7a57abb1e a29749fd9f"><div aria-label="Very Good" class="a3b8729ab1 e6208ee469 cb2cbb3ccb">Very Good<!-- --> </div><div class="abf093bdfe f45d8e4c32 d935416c47">221 reviews</div></div></div></span></a></div></div><div><span class="f419a93f12"><button aria-expanded="false" type="button" class="a83ed08757 c21c56c305 a4c1805887 ab98298258 deab83296e c082d89982"><span class="e4adce92df">Show prices</span></button></span></div></div></div></div></div></div></div></div><div class="ea6e492f88"></div></div><div class="bea018f16c"><div></div></div><div data-testid="property-card" class="c82435a4b8 a178069f51 a6ae3c2b40 a18aeea94d d794b7a0f7 f53e278e95 da89aeb942" style="--bui_box_padding--s:4"><div class="d20f4628d0"><div class="f9d4f2568d"><div class="c90a25d457"><a href="https://www.booking.com/hotel/ph/jcga-apartments-megatower-residences-iv.html?ucfs=1&amp;arphpl=1&amp;dest_id=261060&amp;dest_type=landmark&amp;group_adults=2&amp;req_adults=2&amp;no_rooms=1&amp;group_children=0&amp;req_children=0&amp;hpos=22&amp;hapos=22&amp;sr_order=popularity&amp;srpvid=7c9c48ada4eb027a&amp;srepoch=1694773211&amp;from=searchresults#hotelTmpl" target="_blank" rel="noopener noreferrer" tabindex="-1" aria-hidden="true" data-testid="property-card-desktop-single-image"><img src="https://cf.bstatic.com/xdata/images/hotel/square200/482691434.jpg?k=a79b448b0786a4534f735890d8d6768f5fefa4be89cc75cfd56c816111e7adee&amp;o=" alt="JCGA Apartments at Megatower Residences IV - Near SM &amp; Session Rd" width="200" height="200" class="b8b0793b0e" data-testid="image"/></a><div class="d226e2f1b9"><span class="f419a93f12"><button class="f41101cd39" aria-expanded="false" data-testid="wishlist-button"><span data-testid="wishlist-icon" class="fcd9eec8fb c422d77911 d24fc26e73" aria-hidden="true"><svg viewBox="0 0 128 128" width="1em" height="1em"><path d="M64 112a3.6 3.6 0 0 1-2-.5 138.8 138.8 0 0 1-44.2-38c-10-14.4-10.6-26-9.4-33.2a29 29 0 0 1 22.9-23.7c11.9-2.4 24 2.5 32.7 13a33.7 33.7 0 0 1 32.7-13 29 29 0 0 1 22.8 23.7c1.3 7.2.6 18.8-9.3 33.3-9.1 13.1-24 25.9-44.2 37.9a3.6 3.6 0 0 1-2 .5z"></path></svg></span></button></span></div></div></div><div class="b978843432"><div class="aca0ade214 aaf30230d9 cd2e7d62b0 f996d8c258"><div class=""><div class="aca0ade214 c9835feea9 c2931f4182 d79e71457a d14b211b4f"><div class="aaee4e7cd3 e7a57abb1e"><div class="aca0ade214 a5f1aae5b2 cd2e7d62b0"><div><div class="dd023375f5"><h3 class="a4225678b2"><a href="https://www.booking.com/hotel/ph/jcga-apartments-megatower-residences-iv.html?ucfs=1&amp;arphpl=1&amp;dest_id=261060&amp;dest_type=landmark&amp;group_adults=2&amp;req_adults=2&amp;no_rooms=1&amp;group_children=0&amp;req_children=0&amp;hpos=22&amp;hapos=22&amp;sr_order=popularity&amp;srpvid=7c9c48ada4eb027a&amp;srepoch=1694773211&amp;from=searchresults#hotelTmpl" class="e13098a59f" target="_blank" rel="noopener noreferrer" data-testid="title-link"><div data-testid="title" class="f6431b446c a23c043802">JCGA Apartments at Megatower Residences IV - Near SM &amp; Session Rd</div><div class="ac4a7896c7">Opens in new window</div></a></h3></div></div><div><div class="abf093bdfe a1fbd102d9"><a target="_blank" rel="noopener noreferrer" href="https://www.booking.com/hotel/ph/jcga-apartments-megatower-residences-iv.html?ucfs=1&amp;arphpl=1&amp;dest_id=261060&amp;dest_type=landmark&amp;group_adults=2&amp;req_adults=2&amp;no_rooms=1&amp;group_children=0&amp;req_children=0&amp;hpos=22&amp;hapos=22&amp;sr_order=popularity&amp;srpvid=7c9c48ada4eb027a&amp;srepoch=1694773211&amp;from=searchresults&amp;map=1" class="a83ed08757 f88a5204c2 e0e11a8307 b98133fb50"><span><span class="f4bd0794db b4273d69aa" data-testid="address">Baguio</span><span class="f4bd0794db b4273d69aa">Show on map</span></span></a><span class="f4bd0794db"><span class="f419a93f12"><span aria-expanded="false" data-testid="distance">0.2 miles from Session Road</span></span></span></div></div><div class="abf093bdfe">Located in Baguio, JCGA Apartments at Megatower Residences IV - Near SM &amp; Session Rd provides accommodations 1.8 miles from Camp John Hay and 2.1 miles from Lourdes Grotto. </div></div></div><div class=""><div class="aca0ade214 ebac6e22e9 cd2e7d62b0 f920833fe5"><div class=""><div class="aca0ade214 a5f1aae5b2 cd2e7d62b0"><a target="_blank" rel="noopener noreferrer" data-testid="review-score-link" href="https://www.booking.com/hotel/ph/jcga-apartments-megatower-residences-iv.html?ucfs=1&amp;arphpl=1&amp;dest_id=261060&amp;dest_type=landmark&amp;group_adults=2&amp;req_adults=2&amp;no_rooms=1&amp;group_children=0&amp;req_children=0&amp;hpos=22&amp;hapos=22&amp;sr_order=popularity&amp;srpvid=7c9c48ada4eb027a&amp;srepoch=1694773211&amp;from=searchresults#hotelTmpl" class="a83ed08757 f88a5204c2 aeccf0d865 b98133fb50"><span><div data-testid="review-score" class="aca0ade214 aaf30230d9 e1ffac4e41 e7d9f93f4d d79e71457a d5fd510f01 dc7f26e57f"><div aria-label="Scored 8.7 " class="a3b8729ab1 d86cee9b25">8.7</div><div class="aaee4e7cd3 e7a57abb1e a29749fd9f"><div aria-label="Excellent" class="a3b8729ab1 e6208ee469 cb2cbb3ccb">Excellent<!-- --> </div><div class="abf093bdfe f45d8e4c32 d935416c47">6 reviews</div></div></div></span></a><div><a target="_blank" rel="noopener noreferrer" data-testid="secondary-review-score-link" aria-label="Location: Scored 10 " href="https://www.booking.com/hotel/ph/jcga-apartments-megatower-residences-iv.html?ucfs=1&amp;arphpl=1&amp;dest_id=261060&amp;dest_type=landmark&amp;group_adults=2&amp;req_adults=2&amp;no_rooms=1&amp;group_children=0&amp;req_children=0&amp;hpos=22&amp;hapos=22&amp;sr_order=popularity&amp;srpvid=7c9c48ada4eb027a&amp;srepoch=1694773211&amp;from=searchresults#hotelTmpl" class="a83ed08757 f88a5204c2 b98133fb50"><span><span class="a3332d346a">Location<!-- --> <!-- -->10</span></span></a></div><span class="abf093bdfe c147fc6dd1 d8d1f2a629"><span class="b30f8eb2d6">New to Booking.com</span></span></div></div><div><span class="f419a93f12"><button aria-expanded="false" type="button" class="a83ed08757 c21c56c305 a4c1805887 ab98298258 deab83296e c082d89982"><span class="e4adce92df">Show prices</span></button></span></div></div></div></div></div></div></div></div><div class="ea6e492f88"></div></div><div class="bea018f16c"><div></div></div><div data-testid="property-card" class="c82435a4b8 a178069f51 a6ae3c2b40 a18aeea94d d794b7a0f7 f53e278e95 da89aeb942" style="--bui_box_padding--s:4"><div class="d20f4628d0"><div class="f9d4f2568d"><div class="c90a25d457"><a href="https://www.booking.com/hotel/ph/megatower-residences-baguio.html?ucfs=1&amp;arphpl=1&amp;dest_id=261060&amp;dest_type=landmark&amp;group_adults=2&amp;req_adults=2&amp;no_rooms=1&amp;group_children=0&amp;req_children=0&amp;hpos=23&amp;hapos=23&amp;sr_order=popularity&amp;srpvid=7c9c48ada4eb027a&amp;srepoch=1694773211&amp;from=searchresults#hotelTmpl" target="_blank" rel="noopener noreferrer" tabindex="-1" aria-hidden="true" data-testid="property-card-desktop-single-image"><img src="https://cf.bstatic.com/xdata/images/hotel/square200/160823934.jpg?k=4a7b560340ce7c3afddf3f110f8a2ea27584a1717e0188c9951e9b6f00cafa13&amp;o=" alt="Daichi Place Megatower Residences" width="200" height="200" class="b8b0793b0e" data-testid="image"/></a><div class="d226e2f1b9"><span class="f419a93f12"><button class="f41101cd39" aria-expanded="false" data-testid="wishlist-button"><span data-testid="wishlist-icon" class="fcd9eec8fb c422d77911 d24fc26e73" aria-hidden="true"><svg viewBox="0 0 128 128" width="1em" height="1em"><path d="M64 112a3.6 3.6 0 0 1-2-.5 138.8 138.8 0 0 1-44.2-38c-10-14.4-10.6-26-9.4-33.2a29 29 0 0 1 22.9-23.7c11.9-2.4 24 2.5 32.7 13a33.7 33.7 0 0 1 32.7-13 29 29 0 0 1 22.8 23.7c1.3 7.2.6 18.8-9.3 33.3-9.1 13.1-24 25.9-44.2 37.9a3.6 3.6 0 0 1-2 .5z"></path></svg></span></button></span></div></div></div><div class="b978843432"><div class="aca0ade214 aaf30230d9 cd2e7d62b0 f996d8c258"><div class=""><div class="aca0ade214 c9835feea9 c2931f4182 d79e71457a d14b211b4f"><div class="aaee4e7cd3 e7a57abb1e"><div class="aca0ade214 a5f1aae5b2 cd2e7d62b0"><div><div class="dd023375f5"><h3 class="a4225678b2"><a href="https://www.booking.com/hotel/ph/megatower-residences-baguio.html?ucfs=1&amp;arphpl=1&amp;dest_id=261060&amp;dest_type=landmark&amp;group_adults=2&amp;req_adults=2&amp;no_rooms=1&amp;group_children=0&amp;req_children=0&amp;hpos=23&amp;hapos=23&amp;sr_order=popularity&amp;srpvid=7c9c48ada4eb027a&amp;srepoch=1694773211&amp;from=searchresults#hotelTmpl" class="e13098a59f" target="_blank" rel="noopener noreferrer" data-testid="title-link"><div data-testid="title" class="f6431b446c a23c043802">Daichi Place Megatower Residences</div><div class="ac4a7896c7">Opens in new window</div></a></h3><span class="f419a93f12"><span aria-expanded="false" tabindex="0" role="button" data-testid="preferred-badge"><span role="img" class="fcd9eec8fb c79b3cbed2 c2cc050fb8 e410954d4b" aria-label="This property is part of our Preferred Partner Program. It&#x27;s committed to providing excellent service and good value. It’ll pay us a higher commission if you make a booking."><svg viewBox="0 0 128 128" width="1em" height="1em"><path d="M112 8H16a8 8 0 0 0-8 8v96a8 8 0 0 0 8 8h96a8 8 0 0 0 8-8V16a8 8 0 0 0-8-8zM48 96H24V58h24zm56-25a8.7 8.7 0 0 1-2 6 8.9 8.9 0 0 1 1 4 6.9 6.9 0 0 1-5 7c-.5 4-4.8 8-9 8H56V58l10.3-23.3a5.4 5.4 0 0 1 10.1 2.7 10.3 10.3 0 0 1-.6 2.7L72 52h23c4.5 0 9 3.5 9 8a9.2 9.2 0 0 1-2 5.3 7.5 7.5 0 0 1 2 5.7z"></path></svg></span></span></span></div></div><div><div class="abf093bdfe a1fbd102d9"><a target="_blank" rel="noopener noreferrer" href="https://www.booking.com/hotel/ph/megatower-residences-baguio.html?ucfs=1&amp;arphpl=1&amp;dest_id=261060&amp;dest_type=landmark&amp;group_adults=2&amp;req_adults=2&amp;no_rooms=1&amp;group_children=0&amp;req_children=0&amp;hpos=23&amp;hapos=23&amp;sr_order=popularity&amp;srpvid=7c9c48ada4eb027a&amp;srepoch=1694773211&amp;from=searchresults&amp;map=1" class="a83ed08757 f88a5204c2 e0e11a8307 b98133fb50"><span><span class="f4bd0794db b4273d69aa" data-testid="address">Baguio</span><span class="f4bd0794db b4273d69aa">Show on map</span></span></a><span class="f4bd0794db"><span class="f419a93f12"><span aria-expanded="false" data-testid="distance">0.2 miles from Session Road</span></span></span></div></div><div class="abf093bdfe">Offering a terrace and city view, Daichi Place Megatower Residences is located in Baguio, a 11-minute walk from Mines View Park and 0.6 miles from Burnham Park. </div></div></div><div class=""><div class="aca0ade214 ebac6e22e9 cd2e7d62b0 f920833fe5"><div class=""><div class="aca0ade214 a5f1aae5b2 cd2e7d62b0"><a target="_blank" rel="noopener noreferrer" data-testid="review-score-link" href="https://www.booking.com/hotel/ph/megatower-residences-baguio.html?ucfs=1&amp;arphpl=1&amp;dest_id=261060&amp;dest_type=landmark&amp;group_adults=2&amp;req_adults=2&amp;no_rooms=1&amp;group_children=0&amp;req_children=0&amp;hpos=23&amp;hapos=23&amp;sr_order=popularity&amp;srpvid=7c9c48ada4eb027a&amp;srepoch=1694773211&amp;from=searchresults#hotelTmpl" class="a83ed08757 f88a5204c2 aeccf0d865 b98133fb50"><span><div data-testid="review-score" class="aca0ade214 aaf30230d9 e1ffac4e41 e7d9f93f4d d79e71457a d5fd510f01 dc7f26e57f"><div aria-label="Scored 8.8 " class="a3b8729ab1 d86cee9b25">8.8</div><div class="aaee4e7cd3 e7a57abb1e a29749fd9f"><div aria-label="Excellent" class="a3b8729ab1 e6208ee469 cb2cbb3ccb">Excellent<!-- --> </div><div class="abf093bdfe f45d8e4c32 d935416c47">55 reviews</div></div></div></span></a><div><a target="_blank" rel="noopener noreferrer" data-testid="secondary-review-score-link" aria-label="Location: Scored 9.4 " href="https://www.booking.com/hotel/ph/megatower-residences-baguio.html?ucfs=1&amp;arphpl=1&amp;dest_id=261060&amp;dest_type=landmark&amp;group_adults=2&amp;req_adults=2&amp;no_rooms=1&amp;group_children=0&amp;req_children=0&amp;hpos=23&amp;hapos=23&amp;sr_order=popularity&amp;srpvid=7c9c48ada4eb027a&amp;srepoch=1694773211&amp;from=searchresults#hotelTmpl" class="a83ed08757 f88a5204c2 b98133fb50"><span><span class="a3332d346a">Location<!-- --> <!-- -->9.4</span></span></a></div></div></div><div><span class="f419a93f12"><button aria-expanded="false" type="button" class="a83ed08757 c21c56c305 a4c1805887 ab98298258 deab83296e c082d89982"><span class="e4adce92df">Show prices</span></button></span></div></div></div></div></div></div></div></div><div class="ea6e492f88"></div></div><div class="bea018f16c"><div></div></div><div data-testid="property-card" class="c82435a4b8 a178069f51 a6ae3c2b40 a18aeea94d d794b7a0f7 f53e278e95 da89aeb942" style="--bui_box_padding--s:4"><div class="d20f4628d0"><div class="f9d4f2568d"><div class="c90a25d457"><a href="https://www.booking.com/hotel/ph/paragon-and-suites.html?ucfs=1&amp;arphpl=1&amp;dest_id=261060&amp;dest_type=landmark&amp;group_adults=2&amp;req_adults=2&amp;no_rooms=1&amp;group_children=0&amp;req_children=0&amp;hpos=24&amp;hapos=24&amp;sr_order=popularity&amp;srpvid=7c9c48ada4eb027a&amp;srepoch=1694773211&amp;from=searchresults#hotelTmpl" target="_blank" rel="noopener noreferrer" tabindex="-1" aria-hidden="true" data-testid="property-card-desktop-single-image"><img src="https://cf.bstatic.com/xdata/images/hotel/square200/466646787.jpg?k=1a58311ebb129ce187243a6c49584a47c5b156ac66d37ee8f17ed5d3cbc74dbf&amp;o=" alt="Paragon Hotel and Suites" width="200" height="200" class="b8b0793b0e" data-testid="image"/></a><div class="d226e2f1b9"><span class="f419a93f12"><button class="f41101cd39" aria-expanded="false" data-testid="wishlist-button"><span data-testid="wishlist-icon" class="fcd9eec8fb c422d77911 d24fc26e73" aria-hidden="true"><svg viewBox="0 0 128 128" width="1em" height="1em"><path d="M64 112a3.6 3.6 0 0 1-2-.5 138.8 138.8 0 0 1-44.2-38c-10-14.4-10.6-26-9.4-33.2a29 29 0 0 1 22.9-23.7c11.9-2.4 24 2.5 32.7 13a33.7 33.7 0 0 1 32.7-13 29 29 0 0 1 22.8 23.7c1.3 7.2.6 18.8-9.3 33.3-9.1 13.1-24 25.9-44.2 37.9a3.6 3.6 0 0 1-2 .5z"></path></svg></span></button></span></div></div></div><div class="b978843432"><div class="aca0ade214 aaf30230d9 cd2e7d62b0 f996d8c258"><div class=""><div class="aca0ade214 c9835feea9 c2931f4182 d79e71457a d14b211b4f"><div class="aaee4e7cd3 e7a57abb1e"><div class="aca0ade214 a5f1aae5b2 cd2e7d62b0"><div><div class="dd023375f5"><h3 class="a4225678b2"><a href="https://www.booking.com/hotel/ph/paragon-and-suites.html?ucfs=1&amp;arphpl=1&amp;dest_id=261060&amp;dest_type=landmark&amp;group_adults=2&amp;req_adults=2&amp;no_rooms=1&amp;group_children=0&amp;req_children=0&amp;hpos=24&amp;hapos=24&amp;sr_order=popularity&amp;srpvid=7c9c48ada4eb027a&amp;srepoch=1694773211&amp;from=searchresults#hotelTmpl" class="e13098a59f" target="_blank" rel="noopener noreferrer" data-testid="title-link"><div data-testid="title" class="f6431b446c a23c043802">Paragon Hotel and Suites</div><div class="ac4a7896c7">Opens in new window</div></a></h3></div></div><div><div class="abf093bdfe a1fbd102d9"><a target="_blank" rel="noopener noreferrer" href="https://www.booking.com/hotel/ph/paragon-and-suites.html?ucfs=1&amp;arphpl=1&amp;dest_id=261060&amp;dest_type=landmark&amp;group_adults=2&amp;req_adults=2&amp;no_rooms=1&amp;group_children=0&amp;req_children=0&amp;hpos=24&amp;hapos=24&amp;sr_order=popularity&amp;srpvid=7c9c48ada4eb027a&amp;srepoch=1694773211&amp;from=searchresults&amp;map=1" class="a83ed08757 f88a5204c2 e0e11a8307 b98133fb50"><span><span class="f4bd0794db b4273d69aa" data-testid="address">Baguio</span><span class="f4bd0794db b4273d69aa">Show on map</span></span></a><span class="f4bd0794db"><span class="f419a93f12"><span aria-expanded="false" data-testid="distance">0.4 miles from Session Road</span></span></span></div></div><div class="abf093bdfe">Featuring 3-star accommodations, Paragon Hotel and Suites is located in Baguio, a 5-minute walk from Burnham Park and 0.8 miles from SM City Baguio. </div></div></div><div class=""><div class="aca0ade214 ebac6e22e9 cd2e7d62b0 f920833fe5"><div class=""><div class="aca0ade214 a5f1aae5b2 cd2e7d62b0"><a target="_blank" rel="noopener noreferrer" data-testid="review-score-link" href="https://www.booking.com/hotel/ph/paragon-and-suites.html?ucfs=1&amp;arphpl=1&amp;dest_id=261060&amp;dest_type=landmark&amp;group_adults=2&amp;req_adults=2&amp;no_rooms=1&amp;group_children=0&amp;req_children=0&amp;hpos=24&amp;hapos=24&amp;sr_order=popularity&amp;srpvid=7c9c48ada4eb027a&amp;srepoch=1694773211&amp;from=searchresults#hotelTmpl" class="a83ed08757 f88a5204c2 aeccf0d865 b98133fb50"><span><div data-testid="review-score" class="aca0ade214 aaf30230d9 e1ffac4e41 e7d9f93f4d d79e71457a d5fd510f01 dc7f26e57f"><div aria-label="Scored 8.0 " class="a3b8729ab1 d86cee9b25">8.0</div><div class="aaee4e7cd3 e7a57abb1e a29749fd9f"><div aria-label="Very Good" class="a3b8729ab1 e6208ee469 cb2cbb3ccb">Very Good<!-- --> </div><div class="abf093bdfe f45d8e4c32 d935416c47">99 reviews</div></div></div></span></a></div></div><div><span class="f419a93f12"><button aria-expanded="false" type="button" class="a83ed08757 c21c56c305 a4c1805887 ab98298258 deab83296e c082d89982"><span class="e4adce92df">Show prices</span></button></span></div></div></div></div></div></div></div></div><div class="ea6e492f88"></div></div><div class="bea018f16c"><div></div></div><div data-testid="property-card" class="c82435a4b8 a178069f51 a6ae3c2b40 a18aeea94d d794b7a0f7 f53e278e95 da89aeb942" style="--bui_box_padding--s:4"><div class="d20f4628d0"><div class="f9d4f2568d"><div class="c90a25d457"><a href="https://www.booking.com/hotel/ph/krystalclaine-homestay.html?ucfs=1&amp;arphpl=1&amp;dest_id=261060&amp;dest_type=landmark&amp;group_adults=2&amp;req_adults=2&amp;no_rooms=1&amp;group_children=0&amp;req_children=0&amp;hpos=25&amp;hapos=25&amp;sr_order=popularity&amp;srpvid=7c9c48ada4eb027a&amp;srepoch=1694773211&amp;from_sustainable_property_sr=1&amp;from=searchresults#hotelTmpl" target="_blank" rel="noopener noreferrer" tabindex="-1" aria-hidden="true" data-testid="property-card-desktop-single-image"><img src="https://cf.bstatic.com/xdata/images/hotel/square200/351548981.jpg?k=2d8deb96fb19aa7c63f547ad153f89808593c2dfdec6a9efa3f8d13c7d6f043f&amp;o=" alt="Krystal Claine Homestay-BURNHAM HILL" width="200" height="200" class="b8b0793b0e" data-testid="image"/></a><div class="d226e2f1b9"><span class="f419a93f12"><button class="f41101cd39" aria-expanded="false" data-testid="wishlist-button"><span data-testid="wishlist-icon" class="fcd9eec8fb c422d77911 d24fc26e73" aria-hidden="true"><svg viewBox="0 0 128 128" width="1em" height="1em"><path d="M64 112a3.6 3.6 0 0 1-2-.5 138.8 138.8 0 0 1-44.2-38c-10-14.4-10.6-26-9.4-33.2a29 29 0 0 1 22.9-23.7c11.9-2.4 24 2.5 32.7 13a33.7 33.7 0 0 1 32.7-13 29 29 0 0 1 22.8 23.7c1.3 7.2.6 18.8-9.3 33.3-9.1 13.1-24 25.9-44.2 37.9a3.6 3.6 0 0 1-2 .5z"></path></svg></span></button></span></div></div></div><div class="b978843432"><div class="aca0ade214 aaf30230d9 cd2e7d62b0 f996d8c258"><div class=""><div class="aca0ade214 c9835feea9 c2931f4182 d79e71457a d14b211b4f"><div class="aaee4e7cd3 e7a57abb1e"><div class="aca0ade214 a5f1aae5b2 cd2e7d62b0"><div><div class="dd023375f5"><h3 class="a4225678b2"><a href="https://www.booking.com/hotel/ph/krystalclaine-homestay.html?ucfs=1&amp;arphpl=1&amp;dest_id=261060&amp;dest_type=landmark&amp;group_adults=2&amp;req_adults=2&amp;no_rooms=1&amp;group_children=0&amp;req_children=0&amp;hpos=25&amp;hapos=25&amp;sr_order=popularity&amp;srpvid=7c9c48ada4eb027a&amp;srepoch=1694773211&amp;from_sustainable_property_sr=1&amp;from=searchresults#hotelTmpl" class="e13098a59f" target="_blank" rel="noopener noreferrer" data-testid="title-link"><div data-testid="title" class="f6431b446c a23c043802">Krystal Claine Homestay-BURNHAM HILL</div><div class="ac4a7896c7">Opens in new window</div></a></h3><span class="f419a93f12"><span aria-expanded="false" tabindex="0" role="button" data-testid="preferred-badge"><span role="img" class="fcd9eec8fb c79b3cbed2 c2cc050fb8 e410954d4b" aria-label="This property is part of our Preferred Partner Program. It&#x27;s committed to providing excellent service and good value. It’ll pay us a higher commission if you make a booking."><svg viewBox="0 0 128 128" width="1em" height="1em"><path d="M112 8H16a8 8 0 0 0-8 8v96a8 8 0 0 0 8 8h96a8 8 0 0 0 8-8V16a8 8 0 0 0-8-8zM48 96H24V58h24zm56-25a8.7 8.7 0 0 1-2 6 8.9 8.9 0 0 1 1 4 6.9 6.9 0 0 1-5 7c-.5 4-4.8 8-9 8H56V58l10.3-23.3a5.4 5.4 0 0 1 10.1 2.7 10.3 10.3 0 0 1-.6 2.7L72 52h23c4.5 0 9 3.5 9 8a9.2 9.2 0 0 1-2 5.3 7.5 7.5 0 0 1 2 5.7z"></path></svg></span></span></span></div></div><div><div class="abf093bdfe a1fbd102d9"><a target="_blank" rel="noopener noreferrer" href="https://www.booking.com/hotel/ph/krystalclaine-homestay.html?ucfs=1&amp;arphpl=1&amp;dest_id=261060&amp;dest_type=landmark&amp;group_adults=2&amp;req_adults=2&amp;no_rooms=1&amp;group_children=0&amp;req_children=0&amp;hpos=25&amp;hapos=25&amp;sr_order=popularity&amp;srpvid=7c9c48ada4eb027a&amp;srepoch=1694773211&amp;from_sustainable_property_sr=1&amp;from=searchresults&amp;map=1" class="a83ed08757 f88a5204c2 e0e11a8307 b98133fb50"><span><span class="f4bd0794db b4273d69aa" data-testid="address">Baguio</span><span class="f4bd0794db b4273d69aa">Show on map</span></span></a><span class="f4bd0794db"><span class="f419a93f12"><span aria-expanded="false" data-testid="distance">0.3 miles from Session Road</span></span></span></div></div><div><span data-testid="badge-sustainability" class="abf093bdfe c147fc6dd1 b81491d8c4 d18b4a6026"><span class="b30f8eb2d6"><div class="fba3ab9fd6"><span class="fcd9eec8fb f8ecfc5adb bf9a32efa5 a229b4a525" aria-hidden="true"><svg xmlns="http://www.w3.org/2000/svg" viewBox="0 0 72 24"><path d="M16.29 19.72c4.22-4.22 8.4-17.56 6.7-19.26S7.95 2.93 3.73 7.16C.67 10.22.62 15.58 3.5 18.98L15.62 6.86c.29-.29.77-.29 1.06 0s.29.77 0 1.06L4.57 20.03l-2.14 2.14c-.29.29-.29.77 0 1.06s.77.29 1.06 0l2.34-2.34c3.34 1.88 7.78 1.51 10.46-1.17ZM70.99.46c-1.15-1.16-6.85.55-8.56 1.11-2.26.73-7.83 2.73-10.7 5.6-1.5 1.5-2.36 3.69-2.35 6.01 0 2.18.76 4.21 2.12 5.81l-3.18 3.18c-.29.29-.29.77 0 1.06.15.15.34.22.53.22s.38-.07.53-.22l3.18-3.18c1.64 1.35 3.72 2.04 5.78 2.04 2.2 0 4.37-.78 5.94-2.35 2.87-2.87 4.87-8.44 5.6-10.7.55-1.72 2.27-7.41 1.1-8.57Zm-7.76 18.21c-2.21 2.21-6.54 2.77-9.6.31L64.68 7.93c.29-.29.29-.77 0-1.06s-.77-.29-1.06 0L52.56 17.93c-1.08-1.31-1.67-2.97-1.68-4.75 0-1.93.69-3.73 1.91-4.95 3.87-3.87 14.19-6.68 16.78-6.68.13 0 .24 0 .33.02.31 1.85-2.59 13.03-6.67 17.11ZM40.29 19.72c4.23-4.23 8.41-17.56 6.7-19.26s-15.04 2.48-19.26 6.7c-3.06 3.06-3.11 8.42-.23 11.82L39.62 6.86c.29-.29.77-.29 1.06 0s.29.77 0 1.06L28.57 20.03l-2.14 2.14c-.29.29-.29.77 0 1.06s.77.29 1.06 0l2.34-2.34c3.34 1.88 7.78 1.51 10.46-1.17Z"></path></svg></span><span class="abf093bdfe d068504c75 be09c104ad">Travel Sustainable Level 2</span></div></span></span></div><div class="abf093bdfe">Krystal Claine Homestay-BURNHAM HILL is located in Baguio, a 3-minute walk from Burnham Park, 0.7 miles from SM City Baguio, as well as one mile from Mines View Park. </div></div></div><div class=""><div class="aca0ade214 ebac6e22e9 cd2e7d62b0 f920833fe5"><div class=""><div class="aca0ade214 a5f1aae5b2 cd2e7d62b0"><a target="_blank" rel="noopener noreferrer" data-testid="review-score-link" href="https://www.booking.com/hotel/ph/krystalclaine-homestay.html?ucfs=1&amp;arphpl=1&amp;dest_id=261060&amp;dest_type=landmark&amp;group_adults=2&amp;req_adults=2&amp;no_rooms=1&amp;group_children=0&amp;req_children=0&amp;hpos=25&amp;hapos=25&amp;sr_order=popularity&amp;srpvid=7c9c48ada4eb027a&amp;srepoch=1694773211&amp;from_sustainable_property_sr=1&amp;from=searchresults#hotelTmpl" class="a83ed08757 f88a5204c2 aeccf0d865 b98133fb50"><span><div data-testid="review-score" class="aca0ade214 aaf30230d9 e1ffac4e41 e7d9f93f4d d79e71457a d5fd510f01 dc7f26e57f"><div aria-label="Scored 8.5 " class="a3b8729ab1 d86cee9b25">8.5</div><div class="aaee4e7cd3 e7a57abb1e a29749fd9f"><div aria-label="Very Good" class="a3b8729ab1 e6208ee469 cb2cbb3ccb">Very Good<!-- --> </div><div class="abf093bdfe f45d8e4c32 d935416c47">34 reviews</div></div></div></span></a></div></div><div><span class="f419a93f12"><button aria-expanded="false" type="button" class="a83ed08757 c21c56c305 a4c1805887 ab98298258 deab83296e c082d89982"><span class="e4adce92df">Show prices</span></button></span></div></div></div></div></div></div></div></div><div class="ea6e492f88"></div></div></div><div class="d7a0553560"><div class="d8f77e681c">Session Road: 571 properties found</div><div data-testid="pagination" class="c82435a4b8 a178069f51 a6ae3c2b40 a18aeea94d d794b7a0f7 f53e278e95 e49b423746" style="--bui_box_padding--s:0"><nav class="faf15ac93e"><div class="ef2dbaeb17" role="group"><div class="b16a89683f b01f80d01e a959f03bba"><button aria-label="Previous page" type="button" disabled="" class="a83ed08757 c21c56c305 f38b6daa18 d691166b09 ab98298258 deab83296e a16ddf9c57"><span class="eedba9e88a"><span class="fcd9eec8fb bf9a32efa5" aria-hidden="true"><svg xmlns="http://www.w3.org/2000/svg" viewBox="0 0 24 24" data-rtl-flip="true"><path d="M15.0871 19.2361C14.9677 19.2367 14.8495 19.2134 14.7392 19.1676C14.629 19.1219 14.5289 19.0546 14.4451 18.9696L8.38799 12.9125C8.26332 12.7891 8.16475 12.6418 8.09815 12.4795C8.03156 12.3172 7.99829 12.1431 8.00034 11.9676C7.99246 11.6171 8.12303 11.2776 8.36376 11.0227L14.4208 4.96566C14.5912 4.79552 14.8221 4.69995 15.0629 4.69995C15.3037 4.69995 15.5346 4.79552 15.7049 4.96566C15.7907 5.04918 15.8588 5.14902 15.9053 5.25929C15.9518 5.36957 15.9758 5.48803 15.9758 5.60771C15.9758 5.72739 15.9518 5.84586 15.9053 5.95613C15.8588 6.0664 15.7907 6.16624 15.7049 6.24976L10.0113 11.9676L15.7292 17.6855C15.8149 17.769 15.883 17.8689 15.9295 17.9792C15.976 18.0894 16 18.2079 16 18.3276C16 18.4473 15.976 18.5657 15.9295 18.676C15.883 18.7863 15.8149 18.8861 15.7292 18.9696C15.6457 19.0551 15.5458 19.1228 15.4354 19.1686C15.3251 19.2144 15.2066 19.2374 15.0871 19.2361Z"></path></svg></span></span></button></div><div class="ab95b25344"><ol class="ef2dbaeb17"><li class="b16a89683f ce06be16cb"><button aria-label=" 1" aria-current="page" type="button" class="a83ed08757 a2028338ea">1</button></li><li class="b16a89683f"><button aria-label=" 2" type="button" class="a83ed08757 a2028338ea">2</button></li><li class="b16a89683f" aria-hidden="true"><span class="a2f4a5e019">…</span></li><li class="b16a89683f"><button aria-label=" 23" type="button" class="a83ed08757 a2028338ea">23</button></li></ol></div><div class="b16a89683f cab1524053"><button aria-label="Next page" type="button" class="a83ed08757 c21c56c305 f38b6daa18 d691166b09 ab98298258 deab83296e bb803d8689 a16ddf9c57"><span class="eedba9e88a"><span class="fcd9eec8fb bf9a32efa5" aria-hidden="true"><svg xmlns="http://www.w3.org/2000/svg" viewBox="0 0 24 24" data-rtl-flip="true"><path d="M8.91289 19.2361C9.03226 19.2367 9.15054 19.2134 9.2608 19.1676C9.37105 19.1219 9.47105 19.0546 9.55493 18.9696L15.612 12.9125C15.7367 12.7891 15.8353 12.6418 15.9018 12.4795C15.9684 12.3172 16.0017 12.1431 15.9997 11.9676C16.0075 11.6171 15.877 11.2776 15.6362 11.0227L9.57916 4.96566C9.40881 4.79552 9.17788 4.69995 8.93711 4.69995C8.69634 4.69995 8.46542 4.79552 8.29506 4.96566C8.20935 5.04918 8.14122 5.14902 8.09471 5.25929C8.04819 5.36957 8.02423 5.48803 8.02423 5.60771C8.02423 5.72739 8.04819 5.84586 8.09471 5.95613C8.14122 6.0664 8.20935 6.16624 8.29506 6.24976L13.9887 11.9676L8.27084 17.6855C8.18512 17.769 8.117 17.8689 8.07048 17.9792C8.02396 18.0894 8 18.2079 8 18.3276C8 18.4473 8.02396 18.5657 8.07048 18.676C8.117 18.7863 8.18512 18.8861 8.27084 18.9696C8.3543 19.0551 8.45423 19.1228 8.56458 19.1686C8.67493 19.2144 8.79341 19.2374 8.91289 19.2361Z"></path></svg></span></span></button></div></div></nav><div class="f3942475b4 a312d3fe67 bd4784f2d6 d6b5cc954e"><div class="be933f8f9e"><span class="a7c436bd0b">Showing 1 – 25</span></div></div></div></div></div></div>
</div>
</div>
</div> <!-- /ajaxsrwrap -->
<div class='viewed_hotels_sr_wrapper'></div>
<div style="display: none;">
<div id="help_preferred_property">
<script type='track_copy' data-hash='ZOOYDLXAdcCcdOOdDC'></script>This property is part of our Preferred Partner Program. It's committed to providing excellent service and good value. It’ll pay us a higher commission if you make a booking.
</div>
</div>
</div>
<div id="left" class="rlt-left leftsmall" role="complementary">
<div id="left_col_wrapper" style="z-index: 101;">
<div data-component="arp-left-column">
<div data-capla-component-boundary="b-search-web-searchresults/LeftColumnDesktop"><div class="b546c9ed2b"><div class="c1aac87ff7 edff2772e1 c60e80d6a6 e5c543a0db" role="none" data-testid="map-trigger"><div class="c75185f3e8"><span class="d0438f59a5" data-testid="map-entry-pin-icon"><span class="e75db87696"><span class="b56c581c9f"></span><svg viewBox="-1 -1 26 32" class="b2873bf9cb"><path d="M24 12.4286C24 19.2927 12 29 12 29C12 29 0 19.2927 0 12.4286C0 5.56446 5.37258 0 12 0C18.6274 0 24 5.56446 24 12.4286Z"></path></svg></span><svg class="ae0a00836a" viewBox="0 0 12 4"><ellipse cx="6" cy="2" rx="6" ry="2"></ellipse></svg></span></div><button type="button" class="a83ed08757 c21c56c305 a4c1805887 ab98298258 deab83296e c082d89982 d2c52b10ce"><span class="e4adce92df">Show on map</span></button></div></div><div><div></div></div><div data-testid="filters-sidebar" class="ffb9c3d6a3 c9c3c66a7d f7d4209a37"><div class="f2cf178bcd eb7954a872"><h2 class="e1eebb6a1e e6208ee469 d0caee4251">Filter by:</h2></div><div data-filters-group="SustainablePropertyFilter" data-testid="filters-group" id="filter_group_SustainablePropertyFilter_:Rpl4:" class="ffb9c3d6a3 ad9a06523f"><div><div></div></div><div class="f2cf178bcd f6b5094aa4"><h3 class="a3332d346a e6208ee469 d0caee4251">Sustainability</h3></div><div class="c733693b78"><div></div></div><div data-filters-item="SustainablePropertyFilter:SustainablePropertyFilter=1" class="a53cbfa6de ac9267e216 d8eb520c4e a244b31530 a2d2507aff b0d8afeab2"><input aria-label="Travel Sustainable properties: 138 properties" id=":R5f8pl4:" class="f0b6754c38" type="checkbox" name="SustainablePropertyFilter=1" value="SustainablePropertyFilter=1"/><label for=":R5f8pl4:" class="aca0ade214 aaf30230d9 c2931f4182 d79e71457a bd597ff2d8"><span class="ff5328eb35"></span><span class="ef785aa7f4"><span class="fcd9eec8fb b27b51da7f bf9a32efa5" aria-hidden="true"><svg xmlns="http://www.w3.org/2000/svg" viewBox="0 0 128 128"><path d="M56.33 102a6 6 0 0 1-4.24-1.75L19.27 67.54A6.014 6.014 0 1 1 27.74 59l27.94 27.88 44-58.49a6 6 0 1 1 9.58 7.22l-48.17 64a5.998 5.998 0 0 1-4.34 2.39z"></path></svg></span></span><span class="aaee4e7cd3 e7a57abb1e"><div class="a53cbfa6de e6208ee469"><div data-testid="filters-group-label-container" class="dcd1ccc0b6" aria-hidden="true"><div data-testid="filters-group-label-content" class="a53cbfa6de cb475f8063">Travel Sustainable properties</div> <span class="abf093bdfe a414c2b280">138</span></div><div class="d771c18238">Properties taking steps to make your stay more sustainable</div></div></span></label></div></div><hr aria-hidden="true" data-testid="filters-group-divider" class="b9bfeba2b4 b288f61df6 abe36eb989"/><div data-filters-group="class" data-testid="filters-group" id="filter_group_class_:R19l4:" class="ffb9c3d6a3 ad9a06523f"><div class="f2cf178bcd f6b5094aa4"><h3 class="a3332d346a e6208ee469 d0caee4251">Property rating</h3><div class="abf093bdfe f45d8e4c32 df64fda51b">Includes stars and other ratings</div></div><div class="c733693b78"><div></div></div><div data-filters-item="class:class=1" class="a53cbfa6de ac9267e216 d8eb520c4e a244b31530 a2d2507aff b0d8afeab2"><input aria-label="1 star: 19 properties" id=":Rhf99l4:" class="f0b6754c38" type="checkbox" name="class=1" value="class=1"/><label for=":Rhf99l4:" class="aca0ade214 aaf30230d9 c2931f4182 d79e71457a bd597ff2d8"><span class="ff5328eb35"></span><span class="ef785aa7f4"><span class="fcd9eec8fb b27b51da7f bf9a32efa5" aria-hidden="true"><svg xmlns="http://www.w3.org/2000/svg" viewBox="0 0 128 128"><path d="M56.33 102a6 6 0 0 1-4.24-1.75L19.27 67.54A6.014 6.014 0 1 1 27.74 59l27.94 27.88 44-58.49a6 6 0 1 1 9.58 7.22l-48.17 64a5.998 5.998 0 0 1-4.34 2.39z"></path></svg></span></span><span class="aaee4e7cd3 e7a57abb1e"><div class="a53cbfa6de e6208ee469"><div data-testid="filters-group-label-container" class="dcd1ccc0b6" aria-hidden="true"><div data-testid="filters-group-label-content" class="a53cbfa6de cb475f8063"><div class="aca0ade214 aaf30230d9 c2931f4182 e7d9f93f4d d1764ea78b"><div class="">1 star</div></div></div> <span class="abf093bdfe a414c2b280">19</span></div></div></span></label></div><div class="c733693b78"><div></div></div><div data-filters-item="class:class=2" class="a53cbfa6de ac9267e216 d8eb520c4e a244b31530 a2d2507aff b0d8afeab2"><input aria-label="2 stars: 20 properties" id=":Rif99l4:" class="f0b6754c38" type="checkbox" name="class=2" value="class=2"/><label for=":Rif99l4:" class="aca0ade214 aaf30230d9 c2931f4182 d79e71457a bd597ff2d8"><span class="ff5328eb35"></span><span class="ef785aa7f4"><span class="fcd9eec8fb b27b51da7f bf9a32efa5" aria-hidden="true"><svg xmlns="http://www.w3.org/2000/svg" viewBox="0 0 128 128"><path d="M56.33 102a6 6 0 0 1-4.24-1.75L19.27 67.54A6.014 6.014 0 1 1 27.74 59l27.94 27.88 44-58.49a6 6 0 1 1 9.58 7.22l-48.17 64a5.998 5.998 0 0 1-4.34 2.39z"></path></svg></span></span><span class="aaee4e7cd3 e7a57abb1e"><div class="a53cbfa6de e6208ee469"><div data-testid="filters-group-label-container" class="dcd1ccc0b6" aria-hidden="true"><div data-testid="filters-group-label-content" class="a53cbfa6de cb475f8063"><div class="aca0ade214 aaf30230d9 c2931f4182 e7d9f93f4d d1764ea78b"><div class="">2 stars</div></div></div> <span class="abf093bdfe a414c2b280">20</span></div></div></span></label></div><div class="c733693b78"><div></div></div><div data-filters-item="class:class=3" class="a53cbfa6de ac9267e216 d8eb520c4e a244b31530 a2d2507aff b0d8afeab2"><input aria-label="3 stars: 278 properties" id=":Rjf99l4:" class="f0b6754c38" type="checkbox" name="class=3" value="class=3"/><label for=":Rjf99l4:" class="aca0ade214 aaf30230d9 c2931f4182 d79e71457a bd597ff2d8"><span class="ff5328eb35"></span><span class="ef785aa7f4"><span class="fcd9eec8fb b27b51da7f bf9a32efa5" aria-hidden="true"><svg xmlns="http://www.w3.org/2000/svg" viewBox="0 0 128 128"><path d="M56.33 102a6 6 0 0 1-4.24-1.75L19.27 67.54A6.014 6.014 0 1 1 27.74 59l27.94 27.88 44-58.49a6 6 0 1 1 9.58 7.22l-48.17 64a5.998 5.998 0 0 1-4.34 2.39z"></path></svg></span></span><span class="aaee4e7cd3 e7a57abb1e"><div class="a53cbfa6de e6208ee469"><div data-testid="filters-group-label-container" class="dcd1ccc0b6" aria-hidden="true"><div data-testid="filters-group-label-content" class="a53cbfa6de cb475f8063"><div class="aca0ade214 aaf30230d9 c2931f4182 e7d9f93f4d d1764ea78b"><div class="">3 stars</div></div></div> <span class="abf093bdfe a414c2b280">278</span></div></div></span></label></div><div class="c733693b78"><div></div></div><div data-filters-item="class:class=4" class="a53cbfa6de ac9267e216 d8eb520c4e a244b31530 a2d2507aff b0d8afeab2"><input aria-label="4 stars: 18 properties" id=":Rkf99l4:" class="f0b6754c38" type="checkbox" name="class=4" value="class=4"/><label for=":Rkf99l4:" class="aca0ade214 aaf30230d9 c2931f4182 d79e71457a bd597ff2d8"><span class="ff5328eb35"></span><span class="ef785aa7f4"><span class="fcd9eec8fb b27b51da7f bf9a32efa5" aria-hidden="true"><svg xmlns="http://www.w3.org/2000/svg" viewBox="0 0 128 128"><path d="M56.33 102a6 6 0 0 1-4.24-1.75L19.27 67.54A6.014 6.014 0 1 1 27.74 59l27.94 27.88 44-58.49a6 6 0 1 1 9.58 7.22l-48.17 64a5.998 5.998 0 0 1-4.34 2.39z"></path></svg></span></span><span class="aaee4e7cd3 e7a57abb1e"><div class="a53cbfa6de e6208ee469"><div data-testid="filters-group-label-container" class="dcd1ccc0b6" aria-hidden="true"><div data-testid="filters-group-label-content" class="a53cbfa6de cb475f8063"><div class="aca0ade214 aaf30230d9 c2931f4182 e7d9f93f4d d1764ea78b"><div class="">4 stars</div></div></div> <span class="abf093bdfe a414c2b280">18</span></div></div></span></label></div><div class="c733693b78"><div></div></div><div data-filters-item="class:class=5" class="a53cbfa6de ac9267e216 d8eb520c4e a244b31530 a2d2507aff b0d8afeab2"><input aria-label="5 stars: 4 properties" id=":Rlf99l4:" class="f0b6754c38" type="checkbox" name="class=5" value="class=5"/><label for=":Rlf99l4:" class="aca0ade214 aaf30230d9 c2931f4182 d79e71457a bd597ff2d8"><span class="ff5328eb35"></span><span class="ef785aa7f4"><span class="fcd9eec8fb b27b51da7f bf9a32efa5" aria-hidden="true"><svg xmlns="http://www.w3.org/2000/svg" viewBox="0 0 128 128"><path d="M56.33 102a6 6 0 0 1-4.24-1.75L19.27 67.54A6.014 6.014 0 1 1 27.74 59l27.94 27.88 44-58.49a6 6 0 1 1 9.58 7.22l-48.17 64a5.998 5.998 0 0 1-4.34 2.39z"></path></svg></span></span><span class="aaee4e7cd3 e7a57abb1e"><div class="a53cbfa6de e6208ee469"><div data-testid="filters-group-label-container" class="dcd1ccc0b6" aria-hidden="true"><div data-testid="filters-group-label-content" class="a53cbfa6de cb475f8063"><div class="aca0ade214 aaf30230d9 c2931f4182 e7d9f93f4d d1764ea78b"><div class="">5 stars</div></div></div> <span class="abf093bdfe a414c2b280">4</span></div></div></span></label></div><div class="c733693b78"><div></div></div><div data-filters-item="class:class=0" class="a53cbfa6de ac9267e216 d8eb520c4e a244b31530 a2d2507aff b0d8afeab2"><input aria-label="Unrated: 232 properties" id=":Rmf99l4:" class="f0b6754c38" type="checkbox" name="class=0" value="class=0"/><label for=":Rmf99l4:" class="aca0ade214 aaf30230d9 c2931f4182 d79e71457a bd597ff2d8"><span class="ff5328eb35"></span><span class="ef785aa7f4"><span class="fcd9eec8fb b27b51da7f bf9a32efa5" aria-hidden="true"><svg xmlns="http://www.w3.org/2000/svg" viewBox="0 0 128 128"><path d="M56.33 102a6 6 0 0 1-4.24-1.75L19.27 67.54A6.014 6.014 0 1 1 27.74 59l27.94 27.88 44-58.49a6 6 0 1 1 9.58 7.22l-48.17 64a5.998 5.998 0 0 1-4.34 2.39z"></path></svg></span></span><span class="aaee4e7cd3 e7a57abb1e"><div class="a53cbfa6de e6208ee469"><div data-testid="filters-group-label-container" class="dcd1ccc0b6" aria-hidden="true"><div data-testid="filters-group-label-content" class="a53cbfa6de cb475f8063"><div class="aca0ade214 aaf30230d9 c2931f4182 e7d9f93f4d d1764ea78b"><div class="">Unrated</div></div></div> <span class="abf093bdfe a414c2b280">232</span></div></div></span></label></div></div><hr aria-hidden="true" data-testid="filters-group-divider" class="b9bfeba2b4 b288f61df6 abe36eb989"/><div data-filters-group="distance" data-testid="filters-group" id="filter_group_distance_:R1pl4:" class="ffb9c3d6a3 ad9a06523f"><div class="f2cf178bcd f6b5094aa4"><h3 class="a3332d346a e6208ee469 d0caee4251">Distance from Session Road</h3></div><div class="c733693b78"><div></div></div><div data-filters-item="distance:distance=805" class="a53cbfa6de ac9267e216 d8eb520c4e a244b31530 a2d2507aff b0d8afeab2"><input aria-label="Less than 1/2 mile: 146 properties" id=":R9f9pl4:" class="f0b6754c38" type="checkbox" name="distance=805" value="distance=805"/><label for=":R9f9pl4:" class="aca0ade214 aaf30230d9 c2931f4182 d79e71457a bd597ff2d8"><span class="ff5328eb35"></span><span class="ef785aa7f4"><span class="fcd9eec8fb b27b51da7f bf9a32efa5" aria-hidden="true"><svg xmlns="http://www.w3.org/2000/svg" viewBox="0 0 128 128"><path d="M56.33 102a6 6 0 0 1-4.24-1.75L19.27 67.54A6.014 6.014 0 1 1 27.74 59l27.94 27.88 44-58.49a6 6 0 1 1 9.58 7.22l-48.17 64a5.998 5.998 0 0 1-4.34 2.39z"></path></svg></span></span><span class="aaee4e7cd3 e7a57abb1e"><div class="a53cbfa6de e6208ee469"><div data-testid="filters-group-label-container" class="dcd1ccc0b6" aria-hidden="true"><div data-testid="filters-group-label-content" class="a53cbfa6de cb475f8063">Less than 1/2 mile</div> <span class="abf093bdfe a414c2b280">146</span></div></div></span></label></div><div class="c733693b78"><div></div></div><div data-filters-item="distance:distance=1610" class="a53cbfa6de ac9267e216 d8eb520c4e a244b31530 a2d2507aff b0d8afeab2"><input aria-label="Less than 1 mile: 250 properties" id=":Raf9pl4:" class="f0b6754c38" type="checkbox" name="distance=1610" value="distance=1610"/><label for=":Raf9pl4:" class="aca0ade214 aaf30230d9 c2931f4182 d79e71457a bd597ff2d8"><span class="ff5328eb35"></span><span class="ef785aa7f4"><span class="fcd9eec8fb b27b51da7f bf9a32efa5" aria-hidden="true"><svg xmlns="http://www.w3.org/2000/svg" viewBox="0 0 128 128"><path d="M56.33 102a6 6 0 0 1-4.24-1.75L19.27 67.54A6.014 6.014 0 1 1 27.74 59l27.94 27.88 44-58.49a6 6 0 1 1 9.58 7.22l-48.17 64a5.998 5.998 0 0 1-4.34 2.39z"></path></svg></span></span><span class="aaee4e7cd3 e7a57abb1e"><div class="a53cbfa6de e6208ee469"><div data-testid="filters-group-label-container" class="dcd1ccc0b6" aria-hidden="true"><div data-testid="filters-group-label-content" class="a53cbfa6de cb475f8063">Less than 1 mile</div> <span class="abf093bdfe a414c2b280">250</span></div></div></span></label></div><div class="c733693b78"><div></div></div><div data-filters-item="distance:distance=3220" class="a53cbfa6de ac9267e216 d8eb520c4e a244b31530 a2d2507aff b0d8afeab2"><input aria-label="Less than 2 miles: 493 properties" id=":Rbf9pl4:" class="f0b6754c38" type="checkbox" name="distance=3220" value="distance=3220"/><label for=":Rbf9pl4:" class="aca0ade214 aaf30230d9 c2931f4182 d79e71457a bd597ff2d8"><span class="ff5328eb35"></span><span class="ef785aa7f4"><span class="fcd9eec8fb b27b51da7f bf9a32efa5" aria-hidden="true"><svg xmlns="http://www.w3.org/2000/svg" viewBox="0 0 128 128"><path d="M56.33 102a6 6 0 0 1-4.24-1.75L19.27 67.54A6.014 6.014 0 1 1 27.74 59l27.94 27.88 44-58.49a6 6 0 1 1 9.58 7.22l-48.17 64a5.998 5.998 0 0 1-4.34 2.39z"></path></svg></span></span><span class="aaee4e7cd3 e7a57abb1e"><div class="a53cbfa6de e6208ee469"><div data-testid="filters-group-label-container" class="dcd1ccc0b6" aria-hidden="true"><div data-testid="filters-group-label-content" class="a53cbfa6de cb475f8063">Less than 2 miles</div> <span class="abf093bdfe a414c2b280">493</span></div></div></span></label></div></div><hr aria-hidden="true" data-testid="filters-group-divider" class="b9bfeba2b4 b288f61df6 abe36eb989"/><div data-filters-group="popular_activities" data-testid="filters-group" id="filter_group_popular_activities_:R29l4:" class="ffb9c3d6a3 ad9a06523f"><div></div><div class="f2cf178bcd f6b5094aa4"><h3 class="a3332d346a e6208ee469 d0caee4251">Fun Things To Do</h3></div><div class="c733693b78"><div></div></div><div data-filters-item="popular_activities:popular_activities=12" class="a53cbfa6de ac9267e216 d8eb520c4e a244b31530 a2d2507aff b0d8afeab2"><input aria-label="Golf course (within 2 miles): 45 properties" id=":Rhfa9l4:" class="f0b6754c38" type="checkbox" name="popular_activities=12" value="popular_activities=12"/><label for=":Rhfa9l4:" class="aca0ade214 aaf30230d9 c2931f4182 d79e71457a bd597ff2d8"><span class="ff5328eb35"></span><span class="ef785aa7f4"><span class="fcd9eec8fb b27b51da7f bf9a32efa5" aria-hidden="true"><svg xmlns="http://www.w3.org/2000/svg" viewBox="0 0 128 128"><path d="M56.33 102a6 6 0 0 1-4.24-1.75L19.27 67.54A6.014 6.014 0 1 1 27.74 59l27.94 27.88 44-58.49a6 6 0 1 1 9.58 7.22l-48.17 64a5.998 5.998 0 0 1-4.34 2.39z"></path></svg></span></span><span class="aaee4e7cd3 e7a57abb1e"><div class="a53cbfa6de e6208ee469"><div data-testid="filters-group-label-container" class="dcd1ccc0b6" aria-hidden="true"><div data-testid="filters-group-label-content" class="a53cbfa6de cb475f8063">Golf course (within 2 miles)</div> <span class="abf093bdfe a414c2b280">45</span></div></div></span></label></div><div class="c733693b78"><div></div></div><div data-filters-item="popular_activities:popular_activities=70" class="a53cbfa6de ac9267e216 d8eb520c4e a244b31530 a2d2507aff b0d8afeab2"><input aria-label="Hiking: 45 properties" id=":Rifa9l4:" class="f0b6754c38" type="checkbox" name="popular_activities=70" value="popular_activities=70"/><label for=":Rifa9l4:" class="aca0ade214 aaf30230d9 c2931f4182 d79e71457a bd597ff2d8"><span class="ff5328eb35"></span><span class="ef785aa7f4"><span class="fcd9eec8fb b27b51da7f bf9a32efa5" aria-hidden="true"><svg xmlns="http://www.w3.org/2000/svg" viewBox="0 0 128 128"><path d="M56.33 102a6 6 0 0 1-4.24-1.75L19.27 67.54A6.014 6.014 0 1 1 27.74 59l27.94 27.88 44-58.49a6 6 0 1 1 9.58 7.22l-48.17 64a5.998 5.998 0 0 1-4.34 2.39z"></path></svg></span></span><span class="aaee4e7cd3 e7a57abb1e"><div class="a53cbfa6de e6208ee469"><div data-testid="filters-group-label-container" class="dcd1ccc0b6" aria-hidden="true"><div data-testid="filters-group-label-content" class="a53cbfa6de cb475f8063">Hiking</div> <span class="abf093bdfe a414c2b280">45</span></div></div></span></label></div><div class="c733693b78"><div></div></div><div data-filters-item="popular_activities:popular_activities=86" class="a53cbfa6de ac9267e216 d8eb520c4e a244b31530 a2d2507aff b0d8afeab2"><input aria-label="Horseback riding: 40 properties" id=":Rjfa9l4:" class="f0b6754c38" type="checkbox" name="popular_activities=86" value="popular_activities=86"/><label for=":Rjfa9l4:" class="aca0ade214 aaf30230d9 c2931f4182 d79e71457a bd597ff2d8"><span class="ff5328eb35"></span><span class="ef785aa7f4"><span class="fcd9eec8fb b27b51da7f bf9a32efa5" aria-hidden="true"><svg xmlns="http://www.w3.org/2000/svg" viewBox="0 0 128 128"><path d="M56.33 102a6 6 0 0 1-4.24-1.75L19.27 67.54A6.014 6.014 0 1 1 27.74 59l27.94 27.88 44-58.49a6 6 0 1 1 9.58 7.22l-48.17 64a5.998 5.998 0 0 1-4.34 2.39z"></path></svg></span></span><span class="aaee4e7cd3 e7a57abb1e"><div class="a53cbfa6de e6208ee469"><div data-testid="filters-group-label-container" class="dcd1ccc0b6" aria-hidden="true"><div data-testid="filters-group-label-content" class="a53cbfa6de cb475f8063">Horseback riding</div> <span class="abf093bdfe a414c2b280">40</span></div></div></span></label></div><div class="c733693b78"><div></div></div><div data-filters-item="popular_activities:popular_activities=55" class="a53cbfa6de ac9267e216 d8eb520c4e a244b31530 a2d2507aff b0d8afeab2"><input aria-label="Massage: 25 properties" id=":Rkfa9l4:" class="f0b6754c38" type="checkbox" name="popular_activities=55" value="popular_activities=55"/><label for=":Rkfa9l4:" class="aca0ade214 aaf30230d9 c2931f4182 d79e71457a bd597ff2d8"><span class="ff5328eb35"></span><span class="ef785aa7f4"><span class="fcd9eec8fb b27b51da7f bf9a32efa5" aria-hidden="true"><svg xmlns="http://www.w3.org/2000/svg" viewBox="0 0 128 128"><path d="M56.33 102a6 6 0 0 1-4.24-1.75L19.27 67.54A6.014 6.014 0 1 1 27.74 59l27.94 27.88 44-58.49a6 6 0 1 1 9.58 7.22l-48.17 64a5.998 5.998 0 0 1-4.34 2.39z"></path></svg></span></span><span class="aaee4e7cd3 e7a57abb1e"><div class="a53cbfa6de e6208ee469"><div data-testid="filters-group-label-container" class="dcd1ccc0b6" aria-hidden="true"><div data-testid="filters-group-label-content" class="a53cbfa6de cb475f8063">Massage</div> <span class="abf093bdfe a414c2b280">25</span></div></div></span></label></div><div class="c733693b78"><div></div></div><div data-filters-item="popular_activities:popular_activities=56" class="a53cbfa6de ac9267e216 d8eb520c4e a244b31530 a2d2507aff b0d8afeab2"><input aria-label="Playground: 24 properties" id=":Rlfa9l4:" class="f0b6754c38" type="checkbox" name="popular_activities=56" value="popular_activities=56"/><label for=":Rlfa9l4:" class="aca0ade214 aaf30230d9 c2931f4182 d79e71457a bd597ff2d8"><span class="ff5328eb35"></span><span class="ef785aa7f4"><span class="fcd9eec8fb b27b51da7f bf9a32efa5" aria-hidden="true"><svg xmlns="http://www.w3.org/2000/svg" viewBox="0 0 128 128"><path d="M56.33 102a6 6 0 0 1-4.24-1.75L19.27 67.54A6.014 6.014 0 1 1 27.74 59l27.94 27.88 44-58.49a6 6 0 1 1 9.58 7.22l-48.17 64a5.998 5.998 0 0 1-4.34 2.39z"></path></svg></span></span><span class="aaee4e7cd3 e7a57abb1e"><div class="a53cbfa6de e6208ee469"><div data-testid="filters-group-label-container" class="dcd1ccc0b6" aria-hidden="true"><div data-testid="filters-group-label-content" class="a53cbfa6de cb475f8063">Playground</div> <span class="abf093bdfe a414c2b280">24</span></div></div></span></label></div></div><hr aria-hidden="true" data-testid="filters-group-divider" class="b9bfeba2b4 b288f61df6 abe36eb989"/><div data-filters-group="privacy_type_no_date" data-testid="filters-group" id="filter_group_privacy_type_no_date_:R2pl4:" class="ffb9c3d6a3 ad9a06523f"><div class="f2cf178bcd f6b5094aa4"><h3 class="a3332d346a e6208ee469 d0caee4251">Entire places</h3></div><div class="c733693b78"><div></div></div><div data-filters-item="privacy_type_no_date:privacy_type_no_date=4" class="a53cbfa6de ac9267e216 d8eb520c4e a244b31530 a2d2507aff b0d8afeab2"><input aria-label="Entire homes &amp; apartments: 657 properties" id=":R5fapl4:" class="f0b6754c38" type="checkbox" name="privacy_type_no_date=4" value="privacy_type_no_date=4"/><label for=":R5fapl4:" class="aca0ade214 aaf30230d9 c2931f4182 d79e71457a bd597ff2d8"><span class="ff5328eb35"></span><span class="ef785aa7f4"><span class="fcd9eec8fb b27b51da7f bf9a32efa5" aria-hidden="true"><svg xmlns="http://www.w3.org/2000/svg" viewBox="0 0 128 128"><path d="M56.33 102a6 6 0 0 1-4.24-1.75L19.27 67.54A6.014 6.014 0 1 1 27.74 59l27.94 27.88 44-58.49a6 6 0 1 1 9.58 7.22l-48.17 64a5.998 5.998 0 0 1-4.34 2.39z"></path></svg></span></span><span class="aaee4e7cd3 e7a57abb1e"><div class="a53cbfa6de e6208ee469"><div data-testid="filters-group-label-container" class="dcd1ccc0b6" aria-hidden="true"><div data-testid="filters-group-label-content" class="a53cbfa6de cb475f8063">Entire homes &amp; apartments</div> <span class="abf093bdfe a414c2b280">657</span></div></div></span></label></div></div><hr aria-hidden="true" data-testid="filters-group-divider" class="b9bfeba2b4 b288f61df6 abe36eb989"/><div data-filters-group="ht_id" data-testid="filters-group" id="filter_group_ht_id_:R39l4:" class="ffb9c3d6a3 ad9a06523f"><div class="c733693b78"><div></div></div><div class="f2cf178bcd f6b5094aa4"><h3 class="a3332d346a e6208ee469 d0caee4251">Property Type</h3></div><div class="c733693b78"><div></div></div><div data-filters-item="ht_id:ht_id=201" class="a53cbfa6de ac9267e216 d8eb520c4e a244b31530 a2d2507aff b0d8afeab2"><input aria-label="Apartments: 380 properties" id=":Rhfb9l4:" class="f0b6754c38" type="checkbox" name="ht_id=201" value="ht_id=201"/><label for=":Rhfb9l4:" class="aca0ade214 aaf30230d9 c2931f4182 d79e71457a bd597ff2d8"><span class="ff5328eb35"></span><span class="ef785aa7f4"><span class="fcd9eec8fb b27b51da7f bf9a32efa5" aria-hidden="true"><svg xmlns="http://www.w3.org/2000/svg" viewBox="0 0 128 128"><path d="M56.33 102a6 6 0 0 1-4.24-1.75L19.27 67.54A6.014 6.014 0 1 1 27.74 59l27.94 27.88 44-58.49a6 6 0 1 1 9.58 7.22l-48.17 64a5.998 5.998 0 0 1-4.34 2.39z"></path></svg></span></span><span class="aaee4e7cd3 e7a57abb1e"><div class="a53cbfa6de e6208ee469"><div data-testid="filters-group-label-container" class="dcd1ccc0b6" aria-hidden="true"><div data-testid="filters-group-label-content" class="a53cbfa6de cb475f8063">Apartments</div> <span class="abf093bdfe a414c2b280">380</span></div></div></span></label></div><div class="c733693b78"><div></div></div><div data-filters-item="ht_id:ht_id=204" class="a53cbfa6de ac9267e216 d8eb520c4e a244b31530 a2d2507aff b0d8afeab2"><input aria-label="Hotels: 157 properties" id=":Rifb9l4:" class="f0b6754c38" type="checkbox" name="ht_id=204" value="ht_id=204"/><label for=":Rifb9l4:" class="aca0ade214 aaf30230d9 c2931f4182 d79e71457a bd597ff2d8"><span class="ff5328eb35"></span><span class="ef785aa7f4"><span class="fcd9eec8fb b27b51da7f bf9a32efa5" aria-hidden="true"><svg xmlns="http://www.w3.org/2000/svg" viewBox="0 0 128 128"><path d="M56.33 102a6 6 0 0 1-4.24-1.75L19.27 67.54A6.014 6.014 0 1 1 27.74 59l27.94 27.88 44-58.49a6 6 0 1 1 9.58 7.22l-48.17 64a5.998 5.998 0 0 1-4.34 2.39z"></path></svg></span></span><span class="aaee4e7cd3 e7a57abb1e"><div class="a53cbfa6de e6208ee469"><div data-testid="filters-group-label-container" class="dcd1ccc0b6" aria-hidden="true"><div data-testid="filters-group-label-content" class="a53cbfa6de cb475f8063">Hotels</div> <span class="abf093bdfe a414c2b280">157</span></div></div></span></label></div><div class="c733693b78"><div></div></div><div data-filters-item="ht_id:ht_id=220" class="a53cbfa6de ac9267e216 d8eb520c4e a244b31530 a2d2507aff b0d8afeab2"><input aria-label="Vacation Homes: 53 properties" id=":Rjfb9l4:" class="f0b6754c38" type="checkbox" name="ht_id=220" value="ht_id=220"/><label for=":Rjfb9l4:" class="aca0ade214 aaf30230d9 c2931f4182 d79e71457a bd597ff2d8"><span class="ff5328eb35"></span><span class="ef785aa7f4"><span class="fcd9eec8fb b27b51da7f bf9a32efa5" aria-hidden="true"><svg xmlns="http://www.w3.org/2000/svg" viewBox="0 0 128 128"><path d="M56.33 102a6 6 0 0 1-4.24-1.75L19.27 67.54A6.014 6.014 0 1 1 27.74 59l27.94 27.88 44-58.49a6 6 0 1 1 9.58 7.22l-48.17 64a5.998 5.998 0 0 1-4.34 2.39z"></path></svg></span></span><span class="aaee4e7cd3 e7a57abb1e"><div class="a53cbfa6de e6208ee469"><div data-testid="filters-group-label-container" class="dcd1ccc0b6" aria-hidden="true"><div data-testid="filters-group-label-content" class="a53cbfa6de cb475f8063">Vacation Homes</div> <span class="abf093bdfe a414c2b280">53</span></div></div></span></label></div><div class="c733693b78"><div></div></div><div data-filters-item="ht_id:ht_id=222" class="a53cbfa6de ac9267e216 d8eb520c4e a244b31530 a2d2507aff b0d8afeab2"><input aria-label="Homestays: 21 properties" id=":Rkfb9l4:" class="f0b6754c38" type="checkbox" name="ht_id=222" value="ht_id=222"/><label for=":Rkfb9l4:" class="aca0ade214 aaf30230d9 c2931f4182 d79e71457a bd597ff2d8"><span class="ff5328eb35"></span><span class="ef785aa7f4"><span class="fcd9eec8fb b27b51da7f bf9a32efa5" aria-hidden="true"><svg xmlns="http://www.w3.org/2000/svg" viewBox="0 0 128 128"><path d="M56.33 102a6 6 0 0 1-4.24-1.75L19.27 67.54A6.014 6.014 0 1 1 27.74 59l27.94 27.88 44-58.49a6 6 0 1 1 9.58 7.22l-48.17 64a5.998 5.998 0 0 1-4.34 2.39z"></path></svg></span></span><span class="aaee4e7cd3 e7a57abb1e"><div class="a53cbfa6de e6208ee469"><div data-testid="filters-group-label-container" class="dcd1ccc0b6" aria-hidden="true"><div data-testid="filters-group-label-content" class="a53cbfa6de cb475f8063">Homestays</div> <span class="abf093bdfe a414c2b280">21</span></div></div></span></label></div><div class="c733693b78"><div></div></div><div data-filters-item="ht_id:ht_id=216" class="a53cbfa6de ac9267e216 d8eb520c4e a244b31530 a2d2507aff b0d8afeab2"><input aria-label="Guesthouses: 20 properties" id=":Rlfb9l4:" class="f0b6754c38" type="checkbox" name="ht_id=216" value="ht_id=216"/><label for=":Rlfb9l4:" class="aca0ade214 aaf30230d9 c2931f4182 d79e71457a bd597ff2d8"><span class="ff5328eb35"></span><span class="ef785aa7f4"><span class="fcd9eec8fb b27b51da7f bf9a32efa5" aria-hidden="true"><svg xmlns="http://www.w3.org/2000/svg" viewBox="0 0 128 128"><path d="M56.33 102a6 6 0 0 1-4.24-1.75L19.27 67.54A6.014 6.014 0 1 1 27.74 59l27.94 27.88 44-58.49a6 6 0 1 1 9.58 7.22l-48.17 64a5.998 5.998 0 0 1-4.34 2.39z"></path></svg></span></span><span class="aaee4e7cd3 e7a57abb1e"><div class="a53cbfa6de e6208ee469"><div data-testid="filters-group-label-container" class="dcd1ccc0b6" aria-hidden="true"><div data-testid="filters-group-label-content" class="a53cbfa6de cb475f8063">Guesthouses</div> <span class="abf093bdfe a414c2b280">20</span></div></div></span></label></div><button aria-controls="filter_group_ht_id_:R39l4:" aria-expanded="false" data-testid="filters-group-expand-collapse" type="button" class="a83ed08757 f88a5204c2 d65b7d20ae b98133fb50"><span>Show all 13<span data-testid="filters-group-expand" class="fcd9eec8fb d24fc26e73 b3ef400590" aria-hidden="true"><svg xmlns="http://www.w3.org/2000/svg" viewBox="0 0 24 24"><path d="M19.2681 8.91288C19.2687 9.03226 19.2454 9.15054 19.1996 9.26079C19.1539 9.37105 19.0865 9.47105 19.0016 9.55493L12.9445 15.612C12.8211 15.7367 12.6738 15.8353 12.5115 15.9018C12.3491 15.9684 12.1751 16.0017 11.9996 15.9997C11.6491 16.0075 11.3096 15.877 11.0547 15.6362L4.99764 9.57916C4.8275 9.40881 4.73193 9.17788 4.73193 8.93711C4.73193 8.69634 4.8275 8.46542 4.99764 8.29506C5.08117 8.20935 5.18101 8.14122 5.29128 8.09471C5.40155 8.04819 5.52002 8.02423 5.6397 8.02423C5.75937 8.02423 5.87784 8.04819 5.98811 8.09471C6.09838 8.14122 6.19822 8.20935 6.28175 8.29506L11.9996 13.9887L17.7175 8.27084C17.801 8.18512 17.9009 8.11699 18.0111 8.07048C18.1214 8.02396 18.2399 8 18.3596 8C18.4792 8 18.5977 8.02396 18.708 8.07048C18.8182 8.11699 18.9181 8.18512 19.0016 8.27084C19.0871 8.3543 19.1548 8.45422 19.2006 8.56457C19.2464 8.67492 19.2694 8.79341 19.2681 8.91288Z"></path></svg></span></span></button></div><hr aria-hidden="true" data-testid="filters-group-divider" class="b9bfeba2b4 b288f61df6 abe36eb989"/><div data-filters-group="popular_nearby_landmarks" data-testid="filters-group" id="filter_group_popular_nearby_landmarks_:R3pl4:" class="ffb9c3d6a3 ad9a06523f"><div class="f2cf178bcd f6b5094aa4"><h3 class="a3332d346a e6208ee469 d0caee4251">Landmarks</h3></div><div class="c733693b78"><div></div></div><div data-filters-item="popular_nearby_landmarks:popular_nearby_landmarks=261059" class="a53cbfa6de ac9267e216 d8eb520c4e a244b31530 a2d2507aff b0d8afeab2"><input aria-label="Burnham Park: 192 properties" id=":Rhfbpl4:" class="f0b6754c38" type="checkbox" name="popular_nearby_landmarks=261059" value="popular_nearby_landmarks=261059"/><label for=":Rhfbpl4:" class="aca0ade214 aaf30230d9 c2931f4182 d79e71457a bd597ff2d8"><span class="ff5328eb35"></span><span class="ef785aa7f4"><span class="fcd9eec8fb b27b51da7f bf9a32efa5" aria-hidden="true"><svg xmlns="http://www.w3.org/2000/svg" viewBox="0 0 128 128"><path d="M56.33 102a6 6 0 0 1-4.24-1.75L19.27 67.54A6.014 6.014 0 1 1 27.74 59l27.94 27.88 44-58.49a6 6 0 1 1 9.58 7.22l-48.17 64a5.998 5.998 0 0 1-4.34 2.39z"></path></svg></span></span><span class="aaee4e7cd3 e7a57abb1e"><div class="a53cbfa6de e6208ee469"><div data-testid="filters-group-label-container" class="dcd1ccc0b6" aria-hidden="true"><div data-testid="filters-group-label-content" class="a53cbfa6de cb475f8063">Burnham Park</div> <span class="abf093bdfe a414c2b280">192</span></div></div></span></label></div><div class="c733693b78"><div></div></div><div data-filters-item="popular_nearby_landmarks:popular_nearby_landmarks=261060" class="a53cbfa6de ac9267e216 d8eb520c4e a244b31530 a2d2507aff b0d8afeab2"><input aria-label="Session Road: 178 properties" id=":Rifbpl4:" class="f0b6754c38" type="checkbox" name="popular_nearby_landmarks=261060" value="popular_nearby_landmarks=261060"/><label for=":Rifbpl4:" class="aca0ade214 aaf30230d9 c2931f4182 d79e71457a bd597ff2d8"><span class="ff5328eb35"></span><span class="ef785aa7f4"><span class="fcd9eec8fb b27b51da7f bf9a32efa5" aria-hidden="true"><svg xmlns="http://www.w3.org/2000/svg" viewBox="0 0 128 128"><path d="M56.33 102a6 6 0 0 1-4.24-1.75L19.27 67.54A6.014 6.014 0 1 1 27.74 59l27.94 27.88 44-58.49a6 6 0 1 1 9.58 7.22l-48.17 64a5.998 5.998 0 0 1-4.34 2.39z"></path></svg></span></span><span class="aaee4e7cd3 e7a57abb1e"><div class="a53cbfa6de e6208ee469"><div data-testid="filters-group-label-container" class="dcd1ccc0b6" aria-hidden="true"><div data-testid="filters-group-label-content" class="a53cbfa6de cb475f8063">Session Road</div> <span class="abf093bdfe a414c2b280">178</span></div></div></span></label></div><div class="c733693b78"><div></div></div><div data-filters-item="popular_nearby_landmarks:popular_nearby_landmarks=209151" class="a53cbfa6de ac9267e216 d8eb520c4e a244b31530 a2d2507aff b0d8afeab2"><input aria-label="Mines View Park: 159 properties" id=":Rjfbpl4:" class="f0b6754c38" type="checkbox" name="popular_nearby_landmarks=209151" value="popular_nearby_landmarks=209151"/><label for=":Rjfbpl4:" class="aca0ade214 aaf30230d9 c2931f4182 d79e71457a bd597ff2d8"><span class="ff5328eb35"></span><span class="ef785aa7f4"><span class="fcd9eec8fb b27b51da7f bf9a32efa5" aria-hidden="true"><svg xmlns="http://www.w3.org/2000/svg" viewBox="0 0 128 128"><path d="M56.33 102a6 6 0 0 1-4.24-1.75L19.27 67.54A6.014 6.014 0 1 1 27.74 59l27.94 27.88 44-58.49a6 6 0 1 1 9.58 7.22l-48.17 64a5.998 5.998 0 0 1-4.34 2.39z"></path></svg></span></span><span class="aaee4e7cd3 e7a57abb1e"><div class="a53cbfa6de e6208ee469"><div data-testid="filters-group-label-container" class="dcd1ccc0b6" aria-hidden="true"><div data-testid="filters-group-label-content" class="a53cbfa6de cb475f8063">Mines View Park</div> <span class="abf093bdfe a414c2b280">159</span></div></div></span></label></div><div class="c733693b78"><div></div></div><div data-filters-item="popular_nearby_landmarks:popular_nearby_landmarks=261062" class="a53cbfa6de ac9267e216 d8eb520c4e a244b31530 a2d2507aff b0d8afeab2"><input aria-label="Wright Park: 41 properties" id=":Rkfbpl4:" class="f0b6754c38" type="checkbox" name="popular_nearby_landmarks=261062" value="popular_nearby_landmarks=261062"/><label for=":Rkfbpl4:" class="aca0ade214 aaf30230d9 c2931f4182 d79e71457a bd597ff2d8"><span class="ff5328eb35"></span><span class="ef785aa7f4"><span class="fcd9eec8fb b27b51da7f bf9a32efa5" aria-hidden="true"><svg xmlns="http://www.w3.org/2000/svg" viewBox="0 0 128 128"><path d="M56.33 102a6 6 0 0 1-4.24-1.75L19.27 67.54A6.014 6.014 0 1 1 27.74 59l27.94 27.88 44-58.49a6 6 0 1 1 9.58 7.22l-48.17 64a5.998 5.998 0 0 1-4.34 2.39z"></path></svg></span></span><span class="aaee4e7cd3 e7a57abb1e"><div class="a53cbfa6de e6208ee469"><div data-testid="filters-group-label-container" class="dcd1ccc0b6" aria-hidden="true"><div data-testid="filters-group-label-content" class="a53cbfa6de cb475f8063">Wright Park</div> <span class="abf093bdfe a414c2b280">41</span></div></div></span></label></div><div class="c733693b78"><div></div></div><div data-filters-item="popular_nearby_landmarks:popular_nearby_landmarks=261061" class="a53cbfa6de ac9267e216 d8eb520c4e a244b31530 a2d2507aff b0d8afeab2"><input aria-label="Camp John Hay: 19 properties" id=":Rlfbpl4:" class="f0b6754c38" type="checkbox" name="popular_nearby_landmarks=261061" value="popular_nearby_landmarks=261061"/><label for=":Rlfbpl4:" class="aca0ade214 aaf30230d9 c2931f4182 d79e71457a bd597ff2d8"><span class="ff5328eb35"></span><span class="ef785aa7f4"><span class="fcd9eec8fb b27b51da7f bf9a32efa5" aria-hidden="true"><svg xmlns="http://www.w3.org/2000/svg" viewBox="0 0 128 128"><path d="M56.33 102a6 6 0 0 1-4.24-1.75L19.27 67.54A6.014 6.014 0 1 1 27.74 59l27.94 27.88 44-58.49a6 6 0 1 1 9.58 7.22l-48.17 64a5.998 5.998 0 0 1-4.34 2.39z"></path></svg></span></span><span class="aaee4e7cd3 e7a57abb1e"><div class="a53cbfa6de e6208ee469"><div data-testid="filters-group-label-container" class="dcd1ccc0b6" aria-hidden="true"><div data-testid="filters-group-label-content" class="a53cbfa6de cb475f8063">Camp John Hay</div> <span class="abf093bdfe a414c2b280">19</span></div></div></span></label></div></div><hr aria-hidden="true" data-testid="filters-group-divider" class="b9bfeba2b4 b288f61df6 abe36eb989"/><div data-filters-group="review_score" data-testid="filters-group" id="filter_group_review_score_:R49l4:" class="ffb9c3d6a3 ad9a06523f"><div class="f2cf178bcd f6b5094aa4"><h3 class="a3332d346a e6208ee469 d0caee4251">Review Score</h3></div><div class="c733693b78"><div></div></div><div data-filters-item="review_score:review_score=90" class="a53cbfa6de ac9267e216 d8eb520c4e a244b31530 a2d2507aff b0d8afeab2"><input aria-label="Wonderful: 9+: 136 properties" id=":Rhfc9l4:" class="f0b6754c38" type="checkbox" name="review_score=90" value="review_score=90"/><label for=":Rhfc9l4:" class="aca0ade214 aaf30230d9 c2931f4182 d79e71457a bd597ff2d8"><span class="ff5328eb35"></span><span class="ef785aa7f4"><span class="fcd9eec8fb b27b51da7f bf9a32efa5" aria-hidden="true"><svg xmlns="http://www.w3.org/2000/svg" viewBox="0 0 128 128"><path d="M56.33 102a6 6 0 0 1-4.24-1.75L19.27 67.54A6.014 6.014 0 1 1 27.74 59l27.94 27.88 44-58.49a6 6 0 1 1 9.58 7.22l-48.17 64a5.998 5.998 0 0 1-4.34 2.39z"></path></svg></span></span><span class="aaee4e7cd3 e7a57abb1e"><div class="a53cbfa6de e6208ee469"><div data-testid="filters-group-label-container" class="dcd1ccc0b6" aria-hidden="true"><div data-testid="filters-group-label-content" class="a53cbfa6de cb475f8063">Wonderful: 9+</div> <span class="abf093bdfe a414c2b280">136</span></div></div></span></label></div><div class="c733693b78"><div></div></div><div data-filters-item="review_score:review_score=80" class="a53cbfa6de ac9267e216 d8eb520c4e a244b31530 a2d2507aff b0d8afeab2"><input aria-label="Very Good: 8+: 281 properties" id=":Rifc9l4:" class="f0b6754c38" type="checkbox" name="review_score=80" value="review_score=80"/><label for=":Rifc9l4:" class="aca0ade214 aaf30230d9 c2931f4182 d79e71457a bd597ff2d8"><span class="ff5328eb35"></span><span class="ef785aa7f4"><span class="fcd9eec8fb b27b51da7f bf9a32efa5" aria-hidden="true"><svg xmlns="http://www.w3.org/2000/svg" viewBox="0 0 128 128"><path d="M56.33 102a6 6 0 0 1-4.24-1.75L19.27 67.54A6.014 6.014 0 1 1 27.74 59l27.94 27.88 44-58.49a6 6 0 1 1 9.58 7.22l-48.17 64a5.998 5.998 0 0 1-4.34 2.39z"></path></svg></span></span><span class="aaee4e7cd3 e7a57abb1e"><div class="a53cbfa6de e6208ee469"><div data-testid="filters-group-label-container" class="dcd1ccc0b6" aria-hidden="true"><div data-testid="filters-group-label-content" class="a53cbfa6de cb475f8063">Very Good: 8+</div> <span class="abf093bdfe a414c2b280">281</span></div></div></span></label></div><div class="c733693b78"><div></div></div><div data-filters-item="review_score:review_score=70" class="a53cbfa6de ac9267e216 d8eb520c4e a244b31530 a2d2507aff b0d8afeab2"><input aria-label="Good: 7+: 357 properties" id=":Rjfc9l4:" class="f0b6754c38" type="checkbox" name="review_score=70" value="review_score=70"/><label for=":Rjfc9l4:" class="aca0ade214 aaf30230d9 c2931f4182 d79e71457a bd597ff2d8"><span class="ff5328eb35"></span><span class="ef785aa7f4"><span class="fcd9eec8fb b27b51da7f bf9a32efa5" aria-hidden="true"><svg xmlns="http://www.w3.org/2000/svg" viewBox="0 0 128 128"><path d="M56.33 102a6 6 0 0 1-4.24-1.75L19.27 67.54A6.014 6.014 0 1 1 27.74 59l27.94 27.88 44-58.49a6 6 0 1 1 9.58 7.22l-48.17 64a5.998 5.998 0 0 1-4.34 2.39z"></path></svg></span></span><span class="aaee4e7cd3 e7a57abb1e"><div class="a53cbfa6de e6208ee469"><div data-testid="filters-group-label-container" class="dcd1ccc0b6" aria-hidden="true"><div data-testid="filters-group-label-content" class="a53cbfa6de cb475f8063">Good: 7+</div> <span class="abf093bdfe a414c2b280">357</span></div></div></span></label></div><div class="c733693b78"><div></div></div><div data-filters-item="review_score:review_score=60" class="a53cbfa6de ac9267e216 d8eb520c4e a244b31530 a2d2507aff b0d8afeab2"><input aria-label="Pleasant: 6+: 391 properties" id=":Rkfc9l4:" class="f0b6754c38" type="checkbox" name="review_score=60" value="review_score=60"/><label for=":Rkfc9l4:" class="aca0ade214 aaf30230d9 c2931f4182 d79e71457a bd597ff2d8"><span class="ff5328eb35"></span><span class="ef785aa7f4"><span class="fcd9eec8fb b27b51da7f bf9a32efa5" aria-hidden="true"><svg xmlns="http://www.w3.org/2000/svg" viewBox="0 0 128 128"><path d="M56.33 102a6 6 0 0 1-4.24-1.75L19.27 67.54A6.014 6.014 0 1 1 27.74 59l27.94 27.88 44-58.49a6 6 0 1 1 9.58 7.22l-48.17 64a5.998 5.998 0 0 1-4.34 2.39z"></path></svg></span></span><span class="aaee4e7cd3 e7a57abb1e"><div class="a53cbfa6de e6208ee469"><div data-testid="filters-group-label-container" class="dcd1ccc0b6" aria-hidden="true"><div data-testid="filters-group-label-content" class="a53cbfa6de cb475f8063">Pleasant: 6+</div> <span class="abf093bdfe a414c2b280">391</span></div></div></span></label></div></div><hr aria-hidden="true" data-testid="filters-group-divider" class="b9bfeba2b4 b288f61df6 abe36eb989"/><div data-filters-group="hotelfacility" data-testid="filters-group" id="filter_group_hotelfacility_:R4pl4:" class="ffb9c3d6a3 ad9a06523f"><div class="c733693b78"><div></div></div><div class="f2cf178bcd f6b5094aa4"><h3 class="a3332d346a e6208ee469 d0caee4251">Amenities</h3></div><div class="c733693b78"><div></div></div><div data-filters-item="hotelfacility:hotelfacility=2" class="a53cbfa6de ac9267e216 d8eb520c4e a244b31530 a2d2507aff b0d8afeab2"><input aria-label="Parking: 482 properties" id=":Rhfcpl4:" class="f0b6754c38" type="checkbox" name="hotelfacility=2" value="hotelfacility=2"/><label for=":Rhfcpl4:" class="aca0ade214 aaf30230d9 c2931f4182 d79e71457a bd597ff2d8"><span class="ff5328eb35"></span><span class="ef785aa7f4"><span class="fcd9eec8fb b27b51da7f bf9a32efa5" aria-hidden="true"><svg xmlns="http://www.w3.org/2000/svg" viewBox="0 0 128 128"><path d="M56.33 102a6 6 0 0 1-4.24-1.75L19.27 67.54A6.014 6.014 0 1 1 27.74 59l27.94 27.88 44-58.49a6 6 0 1 1 9.58 7.22l-48.17 64a5.998 5.998 0 0 1-4.34 2.39z"></path></svg></span></span><span class="aaee4e7cd3 e7a57abb1e"><div class="a53cbfa6de e6208ee469"><div data-testid="filters-group-label-container" class="dcd1ccc0b6" aria-hidden="true"><div data-testid="filters-group-label-content" class="a53cbfa6de cb475f8063">Parking</div> <span class="abf093bdfe a414c2b280">482</span></div></div></span></label></div><div class="c733693b78"><div></div></div><div data-filters-item="hotelfacility:hotelfacility=107" class="a53cbfa6de ac9267e216 d8eb520c4e a244b31530 a2d2507aff b0d8afeab2"><input aria-label="Free WiFi: 494 properties" id=":Rifcpl4:" class="f0b6754c38" type="checkbox" name="hotelfacility=107" value="hotelfacility=107"/><label for=":Rifcpl4:" class="aca0ade214 aaf30230d9 c2931f4182 d79e71457a bd597ff2d8"><span class="ff5328eb35"></span><span class="ef785aa7f4"><span class="fcd9eec8fb b27b51da7f bf9a32efa5" aria-hidden="true"><svg xmlns="http://www.w3.org/2000/svg" viewBox="0 0 128 128"><path d="M56.33 102a6 6 0 0 1-4.24-1.75L19.27 67.54A6.014 6.014 0 1 1 27.74 59l27.94 27.88 44-58.49a6 6 0 1 1 9.58 7.22l-48.17 64a5.998 5.998 0 0 1-4.34 2.39z"></path></svg></span></span><span class="aaee4e7cd3 e7a57abb1e"><div class="a53cbfa6de e6208ee469"><div data-testid="filters-group-label-container" class="dcd1ccc0b6" aria-hidden="true"><div data-testid="filters-group-label-content" class="a53cbfa6de cb475f8063">Free WiFi</div> <span class="abf093bdfe a414c2b280">494</span></div></div></span></label></div><div class="c733693b78"><div></div></div><div data-filters-item="hotelfacility:hotelfacility=3" class="a53cbfa6de ac9267e216 d8eb520c4e a244b31530 a2d2507aff b0d8afeab2"><input aria-label="Restaurant: 74 properties" id=":Rjfcpl4:" class="f0b6754c38" type="checkbox" name="hotelfacility=3" value="hotelfacility=3"/><label for=":Rjfcpl4:" class="aca0ade214 aaf30230d9 c2931f4182 d79e71457a bd597ff2d8"><span class="ff5328eb35"></span><span class="ef785aa7f4"><span class="fcd9eec8fb b27b51da7f bf9a32efa5" aria-hidden="true"><svg xmlns="http://www.w3.org/2000/svg" viewBox="0 0 128 128"><path d="M56.33 102a6 6 0 0 1-4.24-1.75L19.27 67.54A6.014 6.014 0 1 1 27.74 59l27.94 27.88 44-58.49a6 6 0 1 1 9.58 7.22l-48.17 64a5.998 5.998 0 0 1-4.34 2.39z"></path></svg></span></span><span class="aaee4e7cd3 e7a57abb1e"><div class="a53cbfa6de e6208ee469"><div data-testid="filters-group-label-container" class="dcd1ccc0b6" aria-hidden="true"><div data-testid="filters-group-label-content" class="a53cbfa6de cb475f8063">Restaurant</div> <span class="abf093bdfe a414c2b280">74</span></div></div></span></label></div><div class="c733693b78"><div></div></div><div data-filters-item="hotelfacility:hotelfacility=4" class="a53cbfa6de ac9267e216 d8eb520c4e a244b31530 a2d2507aff b0d8afeab2"><input aria-label="Pet friendly: 179 properties" id=":Rkfcpl4:" class="f0b6754c38" type="checkbox" name="hotelfacility=4" value="hotelfacility=4"/><label for=":Rkfcpl4:" class="aca0ade214 aaf30230d9 c2931f4182 d79e71457a bd597ff2d8"><span class="ff5328eb35"></span><span class="ef785aa7f4"><span class="fcd9eec8fb b27b51da7f bf9a32efa5" aria-hidden="true"><svg xmlns="http://www.w3.org/2000/svg" viewBox="0 0 128 128"><path d="M56.33 102a6 6 0 0 1-4.24-1.75L19.27 67.54A6.014 6.014 0 1 1 27.74 59l27.94 27.88 44-58.49a6 6 0 1 1 9.58 7.22l-48.17 64a5.998 5.998 0 0 1-4.34 2.39z"></path></svg></span></span><span class="aaee4e7cd3 e7a57abb1e"><div class="a53cbfa6de e6208ee469"><div data-testid="filters-group-label-container" class="dcd1ccc0b6" aria-hidden="true"><div data-testid="filters-group-label-content" class="a53cbfa6de cb475f8063">Pet friendly</div> <span class="abf093bdfe a414c2b280">179</span></div></div></span></label></div><div class="c733693b78"><div></div></div><div data-filters-item="hotelfacility:hotelfacility=5" class="a53cbfa6de ac9267e216 d8eb520c4e a244b31530 a2d2507aff b0d8afeab2"><input aria-label="Room service: 57 properties" id=":Rlfcpl4:" class="f0b6754c38" type="checkbox" name="hotelfacility=5" value="hotelfacility=5"/><label for=":Rlfcpl4:" class="aca0ade214 aaf30230d9 c2931f4182 d79e71457a bd597ff2d8"><span class="ff5328eb35"></span><span class="ef785aa7f4"><span class="fcd9eec8fb b27b51da7f bf9a32efa5" aria-hidden="true"><svg xmlns="http://www.w3.org/2000/svg" viewBox="0 0 128 128"><path d="M56.33 102a6 6 0 0 1-4.24-1.75L19.27 67.54A6.014 6.014 0 1 1 27.74 59l27.94 27.88 44-58.49a6 6 0 1 1 9.58 7.22l-48.17 64a5.998 5.998 0 0 1-4.34 2.39z"></path></svg></span></span><span class="aaee4e7cd3 e7a57abb1e"><div class="a53cbfa6de e6208ee469"><div data-testid="filters-group-label-container" class="dcd1ccc0b6" aria-hidden="true"><div data-testid="filters-group-label-content" class="a53cbfa6de cb475f8063">Room service</div> <span class="abf093bdfe a414c2b280">57</span></div></div></span></label></div><button aria-controls="filter_group_hotelfacility_:R4pl4:" aria-expanded="false" data-testid="filters-group-expand-collapse" type="button" class="a83ed08757 f88a5204c2 d65b7d20ae b98133fb50"><span>Show all 14<span data-testid="filters-group-expand" class="fcd9eec8fb d24fc26e73 b3ef400590" aria-hidden="true"><svg xmlns="http://www.w3.org/2000/svg" viewBox="0 0 24 24"><path d="M19.2681 8.91288C19.2687 9.03226 19.2454 9.15054 19.1996 9.26079C19.1539 9.37105 19.0865 9.47105 19.0016 9.55493L12.9445 15.612C12.8211 15.7367 12.6738 15.8353 12.5115 15.9018C12.3491 15.9684 12.1751 16.0017 11.9996 15.9997C11.6491 16.0075 11.3096 15.877 11.0547 15.6362L4.99764 9.57916C4.8275 9.40881 4.73193 9.17788 4.73193 8.93711C4.73193 8.69634 4.8275 8.46542 4.99764 8.29506C5.08117 8.20935 5.18101 8.14122 5.29128 8.09471C5.40155 8.04819 5.52002 8.02423 5.6397 8.02423C5.75937 8.02423 5.87784 8.04819 5.98811 8.09471C6.09838 8.14122 6.19822 8.20935 6.28175 8.29506L11.9996 13.9887L17.7175 8.27084C17.801 8.18512 17.9009 8.11699 18.0111 8.07048C18.1214 8.02396 18.2399 8 18.3596 8C18.4792 8 18.5977 8.02396 18.708 8.07048C18.8182 8.11699 18.9181 8.18512 19.0016 8.27084C19.0871 8.3543 19.1548 8.45422 19.2006 8.56457C19.2464 8.67492 19.2694 8.79341 19.2681 8.91288Z"></path></svg></span></span></button></div><hr aria-hidden="true" data-testid="filters-group-divider" class="b9bfeba2b4 b288f61df6 abe36eb989"/><div data-filters-group="roomfacility" data-testid="filters-group" id="filter_group_roomfacility_:R59l4:" class="ffb9c3d6a3 ad9a06523f"><div class="f2cf178bcd f6b5094aa4"><h3 class="a3332d346a e6208ee469 d0caee4251">Room amenities</h3></div><div class="c733693b78"><div></div></div><div data-filters-item="roomfacility:roomfacility=999" class="a53cbfa6de ac9267e216 d8eb520c4e a244b31530 a2d2507aff b0d8afeab2"><input aria-label="Kitchen/Kitchenette: 459 properties" id=":Rhfd9l4:" class="f0b6754c38" type="checkbox" name="roomfacility=999" value="roomfacility=999"/><label for=":Rhfd9l4:" class="aca0ade214 aaf30230d9 c2931f4182 d79e71457a bd597ff2d8"><span class="ff5328eb35"></span><span class="ef785aa7f4"><span class="fcd9eec8fb b27b51da7f bf9a32efa5" aria-hidden="true"><svg xmlns="http://www.w3.org/2000/svg" viewBox="0 0 128 128"><path d="M56.33 102a6 6 0 0 1-4.24-1.75L19.27 67.54A6.014 6.014 0 1 1 27.74 59l27.94 27.88 44-58.49a6 6 0 1 1 9.58 7.22l-48.17 64a5.998 5.998 0 0 1-4.34 2.39z"></path></svg></span></span><span class="aaee4e7cd3 e7a57abb1e"><div class="a53cbfa6de e6208ee469"><div data-testid="filters-group-label-container" class="dcd1ccc0b6" aria-hidden="true"><div data-testid="filters-group-label-content" class="a53cbfa6de cb475f8063">Kitchen/Kitchenette</div> <span class="abf093bdfe a414c2b280">459</span></div></div></span></label></div><div class="c733693b78"><div></div></div><div data-filters-item="roomfacility:roomfacility=38" class="a53cbfa6de ac9267e216 d8eb520c4e a244b31530 a2d2507aff b0d8afeab2"><input aria-label="Private bathroom: 373 properties" id=":Rifd9l4:" class="f0b6754c38" type="checkbox" name="roomfacility=38" value="roomfacility=38"/><label for=":Rifd9l4:" class="aca0ade214 aaf30230d9 c2931f4182 d79e71457a bd597ff2d8"><span class="ff5328eb35"></span><span class="ef785aa7f4"><span class="fcd9eec8fb b27b51da7f bf9a32efa5" aria-hidden="true"><svg xmlns="http://www.w3.org/2000/svg" viewBox="0 0 128 128"><path d="M56.33 102a6 6 0 0 1-4.24-1.75L19.27 67.54A6.014 6.014 0 1 1 27.74 59l27.94 27.88 44-58.49a6 6 0 1 1 9.58 7.22l-48.17 64a5.998 5.998 0 0 1-4.34 2.39z"></path></svg></span></span><span class="aaee4e7cd3 e7a57abb1e"><div class="a53cbfa6de e6208ee469"><div data-testid="filters-group-label-container" class="dcd1ccc0b6" aria-hidden="true"><div data-testid="filters-group-label-content" class="a53cbfa6de cb475f8063">Private bathroom</div> <span class="abf093bdfe a414c2b280">373</span></div></div></span></label></div><div class="c733693b78"><div></div></div><div data-filters-item="roomfacility:roomfacility=23" class="a53cbfa6de ac9267e216 d8eb520c4e a244b31530 a2d2507aff b0d8afeab2"><input aria-label="Desk: 201 properties" id=":Rjfd9l4:" class="f0b6754c38" type="checkbox" name="roomfacility=23" value="roomfacility=23"/><label for=":Rjfd9l4:" class="aca0ade214 aaf30230d9 c2931f4182 d79e71457a bd597ff2d8"><span class="ff5328eb35"></span><span class="ef785aa7f4"><span class="fcd9eec8fb b27b51da7f bf9a32efa5" aria-hidden="true"><svg xmlns="http://www.w3.org/2000/svg" viewBox="0 0 128 128"><path d="M56.33 102a6 6 0 0 1-4.24-1.75L19.27 67.54A6.014 6.014 0 1 1 27.74 59l27.94 27.88 44-58.49a6 6 0 1 1 9.58 7.22l-48.17 64a5.998 5.998 0 0 1-4.34 2.39z"></path></svg></span></span><span class="aaee4e7cd3 e7a57abb1e"><div class="a53cbfa6de e6208ee469"><div data-testid="filters-group-label-container" class="dcd1ccc0b6" aria-hidden="true"><div data-testid="filters-group-label-content" class="a53cbfa6de cb475f8063">Desk</div> <span class="abf093bdfe a414c2b280">201</span></div></div></span></label></div><div class="c733693b78"><div></div></div><div data-filters-item="roomfacility:roomfacility=5" class="a53cbfa6de ac9267e216 d8eb520c4e a244b31530 a2d2507aff b0d8afeab2"><input aria-label="Bathtub: 88 properties" id=":Rkfd9l4:" class="f0b6754c38" type="checkbox" name="roomfacility=5" value="roomfacility=5"/><label for=":Rkfd9l4:" class="aca0ade214 aaf30230d9 c2931f4182 d79e71457a bd597ff2d8"><span class="ff5328eb35"></span><span class="ef785aa7f4"><span class="fcd9eec8fb b27b51da7f bf9a32efa5" aria-hidden="true"><svg xmlns="http://www.w3.org/2000/svg" viewBox="0 0 128 128"><path d="M56.33 102a6 6 0 0 1-4.24-1.75L19.27 67.54A6.014 6.014 0 1 1 27.74 59l27.94 27.88 44-58.49a6 6 0 1 1 9.58 7.22l-48.17 64a5.998 5.998 0 0 1-4.34 2.39z"></path></svg></span></span><span class="aaee4e7cd3 e7a57abb1e"><div class="a53cbfa6de e6208ee469"><div data-testid="filters-group-label-container" class="dcd1ccc0b6" aria-hidden="true"><div data-testid="filters-group-label-content" class="a53cbfa6de cb475f8063">Bathtub</div> <span class="abf093bdfe a414c2b280">88</span></div></div></span></label></div><div class="c733693b78"><div></div></div><div data-filters-item="roomfacility:roomfacility=123" class="a53cbfa6de ac9267e216 d8eb520c4e a244b31530 a2d2507aff b0d8afeab2"><input aria-label="Terrace: 232 properties" id=":Rlfd9l4:" class="f0b6754c38" type="checkbox" name="roomfacility=123" value="roomfacility=123"/><label for=":Rlfd9l4:" class="aca0ade214 aaf30230d9 c2931f4182 d79e71457a bd597ff2d8"><span class="ff5328eb35"></span><span class="ef785aa7f4"><span class="fcd9eec8fb b27b51da7f bf9a32efa5" aria-hidden="true"><svg xmlns="http://www.w3.org/2000/svg" viewBox="0 0 128 128"><path d="M56.33 102a6 6 0 0 1-4.24-1.75L19.27 67.54A6.014 6.014 0 1 1 27.74 59l27.94 27.88 44-58.49a6 6 0 1 1 9.58 7.22l-48.17 64a5.998 5.998 0 0 1-4.34 2.39z"></path></svg></span></span><span class="aaee4e7cd3 e7a57abb1e"><div class="a53cbfa6de e6208ee469"><div data-testid="filters-group-label-container" class="dcd1ccc0b6" aria-hidden="true"><div data-testid="filters-group-label-content" class="a53cbfa6de cb475f8063">Terrace</div> <span class="abf093bdfe a414c2b280">232</span></div></div></span></label></div><button aria-controls="filter_group_roomfacility_:R59l4:" aria-expanded="false" data-testid="filters-group-expand-collapse" type="button" class="a83ed08757 f88a5204c2 d65b7d20ae b98133fb50"><span>Show all 10<span data-testid="filters-group-expand" class="fcd9eec8fb d24fc26e73 b3ef400590" aria-hidden="true"><svg xmlns="http://www.w3.org/2000/svg" viewBox="0 0 24 24"><path d="M19.2681 8.91288C19.2687 9.03226 19.2454 9.15054 19.1996 9.26079C19.1539 9.37105 19.0865 9.47105 19.0016 9.55493L12.9445 15.612C12.8211 15.7367 12.6738 15.8353 12.5115 15.9018C12.3491 15.9684 12.1751 16.0017 11.9996 15.9997C11.6491 16.0075 11.3096 15.877 11.0547 15.6362L4.99764 9.57916C4.8275 9.40881 4.73193 9.17788 4.73193 8.93711C4.73193 8.69634 4.8275 8.46542 4.99764 8.29506C5.08117 8.20935 5.18101 8.14122 5.29128 8.09471C5.40155 8.04819 5.52002 8.02423 5.6397 8.02423C5.75937 8.02423 5.87784 8.04819 5.98811 8.09471C6.09838 8.14122 6.19822 8.20935 6.28175 8.29506L11.9996 13.9887L17.7175 8.27084C17.801 8.18512 17.9009 8.11699 18.0111 8.07048C18.1214 8.02396 18.2399 8 18.3596 8C18.4792 8 18.5977 8.02396 18.708 8.07048C18.8182 8.11699 18.9181 8.18512 19.0016 8.27084C19.0871 8.3543 19.1548 8.45422 19.2006 8.56457C19.2464 8.67492 19.2694 8.79341 19.2681 8.91288Z"></path></svg></span></span></button></div><hr aria-hidden="true" data-testid="filters-group-divider" class="b9bfeba2b4 b288f61df6 abe36eb989"/><div data-filters-group="chaincode" data-testid="filters-group" id="filter_group_chaincode_:R5pl4:" class="ffb9c3d6a3 ad9a06523f"><div class="f2cf178bcd f6b5094aa4"><h3 class="a3332d346a e6208ee469 d0caee4251">Brands</h3></div><div class="c733693b78"><div></div></div><div data-filters-item="chaincode:chaincode=2111" class="a53cbfa6de ac9267e216 d8eb520c4e a244b31530 a2d2507aff b0d8afeab2"><input aria-label="Microtel Inns &amp; Suites: 1 property" id=":R5fdpl4:" class="f0b6754c38" type="checkbox" name="chaincode=2111" value="chaincode=2111"/><label for=":R5fdpl4:" class="aca0ade214 aaf30230d9 c2931f4182 d79e71457a bd597ff2d8"><span class="ff5328eb35"></span><span class="ef785aa7f4"><span class="fcd9eec8fb b27b51da7f bf9a32efa5" aria-hidden="true"><svg xmlns="http://www.w3.org/2000/svg" viewBox="0 0 128 128"><path d="M56.33 102a6 6 0 0 1-4.24-1.75L19.27 67.54A6.014 6.014 0 1 1 27.74 59l27.94 27.88 44-58.49a6 6 0 1 1 9.58 7.22l-48.17 64a5.998 5.998 0 0 1-4.34 2.39z"></path></svg></span></span><span class="aaee4e7cd3 e7a57abb1e"><div class="a53cbfa6de e6208ee469"><div data-testid="filters-group-label-container" class="dcd1ccc0b6" aria-hidden="true"><div data-testid="filters-group-label-content" class="a53cbfa6de cb475f8063">Microtel Inns &amp; Suites</div> <span class="abf093bdfe a414c2b280">1</span></div></div></span></label></div></div><hr aria-hidden="true" data-testid="filters-group-divider" class="b9bfeba2b4 b288f61df6 abe36eb989"/><div data-filters-group="accessible_facilities" data-testid="filters-group" id="filter_group_accessible_facilities_:R69l4:" class="ffb9c3d6a3 ad9a06523f"><div class="f2cf178bcd f6b5094aa4"><h3 class="a3332d346a e6208ee469 d0caee4251">Property Accessibility</h3></div><div class="c733693b78"><div></div></div><div data-filters-item="accessible_facilities:accessible_facilities=185" class="a53cbfa6de ac9267e216 d8eb520c4e a244b31530 a2d2507aff b0d8afeab2"><input aria-label="Wheelchair accessible: 47 properties" id=":Rhfe9l4:" class="f0b6754c38" type="checkbox" name="accessible_facilities=185" value="accessible_facilities=185"/><label for=":Rhfe9l4:" class="aca0ade214 aaf30230d9 c2931f4182 d79e71457a bd597ff2d8"><span class="ff5328eb35"></span><span class="ef785aa7f4"><span class="fcd9eec8fb b27b51da7f bf9a32efa5" aria-hidden="true"><svg xmlns="http://www.w3.org/2000/svg" viewBox="0 0 128 128"><path d="M56.33 102a6 6 0 0 1-4.24-1.75L19.27 67.54A6.014 6.014 0 1 1 27.74 59l27.94 27.88 44-58.49a6 6 0 1 1 9.58 7.22l-48.17 64a5.998 5.998 0 0 1-4.34 2.39z"></path></svg></span></span><span class="aaee4e7cd3 e7a57abb1e"><div class="a53cbfa6de e6208ee469"><div data-testid="filters-group-label-container" class="dcd1ccc0b6" aria-hidden="true"><div data-testid="filters-group-label-content" class="a53cbfa6de cb475f8063">Wheelchair accessible</div> <span class="abf093bdfe a414c2b280">47</span></div></div></span></label></div><div class="c733693b78"><div></div></div><div data-filters-item="accessible_facilities:accessible_facilities=186" class="a53cbfa6de ac9267e216 d8eb520c4e a244b31530 a2d2507aff b0d8afeab2"><input aria-label="Toilet with grab rails: 11 properties" id=":Rife9l4:" class="f0b6754c38" type="checkbox" name="accessible_facilities=186" value="accessible_facilities=186"/><label for=":Rife9l4:" class="aca0ade214 aaf30230d9 c2931f4182 d79e71457a bd597ff2d8"><span class="ff5328eb35"></span><span class="ef785aa7f4"><span class="fcd9eec8fb b27b51da7f bf9a32efa5" aria-hidden="true"><svg xmlns="http://www.w3.org/2000/svg" viewBox="0 0 128 128"><path d="M56.33 102a6 6 0 0 1-4.24-1.75L19.27 67.54A6.014 6.014 0 1 1 27.74 59l27.94 27.88 44-58.49a6 6 0 1 1 9.58 7.22l-48.17 64a5.998 5.998 0 0 1-4.34 2.39z"></path></svg></span></span><span class="aaee4e7cd3 e7a57abb1e"><div class="a53cbfa6de e6208ee469"><div data-testid="filters-group-label-container" class="dcd1ccc0b6" aria-hidden="true"><div data-testid="filters-group-label-content" class="a53cbfa6de cb475f8063">Toilet with grab rails</div> <span class="abf093bdfe a414c2b280">11</span></div></div></span></label></div><div class="c733693b78"><div></div></div><div data-filters-item="accessible_facilities:accessible_facilities=187" class="a53cbfa6de ac9267e216 d8eb520c4e a244b31530 a2d2507aff b0d8afeab2"><input aria-label="Raised toilet: 9 properties" id=":Rjfe9l4:" class="f0b6754c38" type="checkbox" name="accessible_facilities=187" value="accessible_facilities=187"/><label for=":Rjfe9l4:" class="aca0ade214 aaf30230d9 c2931f4182 d79e71457a bd597ff2d8"><span class="ff5328eb35"></span><span class="ef785aa7f4"><span class="fcd9eec8fb b27b51da7f bf9a32efa5" aria-hidden="true"><svg xmlns="http://www.w3.org/2000/svg" viewBox="0 0 128 128"><path d="M56.33 102a6 6 0 0 1-4.24-1.75L19.27 67.54A6.014 6.014 0 1 1 27.74 59l27.94 27.88 44-58.49a6 6 0 1 1 9.58 7.22l-48.17 64a5.998 5.998 0 0 1-4.34 2.39z"></path></svg></span></span><span class="aaee4e7cd3 e7a57abb1e"><div class="a53cbfa6de e6208ee469"><div data-testid="filters-group-label-container" class="dcd1ccc0b6" aria-hidden="true"><div data-testid="filters-group-label-content" class="a53cbfa6de cb475f8063">Raised toilet</div> <span class="abf093bdfe a414c2b280">9</span></div></div></span></label></div><div class="c733693b78"><div></div></div><div data-filters-item="accessible_facilities:accessible_facilities=188" class="a53cbfa6de ac9267e216 d8eb520c4e a244b31530 a2d2507aff b0d8afeab2"><input aria-label="Lowered sink: 7 properties" id=":Rkfe9l4:" class="f0b6754c38" type="checkbox" name="accessible_facilities=188" value="accessible_facilities=188"/><label for=":Rkfe9l4:" class="aca0ade214 aaf30230d9 c2931f4182 d79e71457a bd597ff2d8"><span class="ff5328eb35"></span><span class="ef785aa7f4"><span class="fcd9eec8fb b27b51da7f bf9a32efa5" aria-hidden="true"><svg xmlns="http://www.w3.org/2000/svg" viewBox="0 0 128 128"><path d="M56.33 102a6 6 0 0 1-4.24-1.75L19.27 67.54A6.014 6.014 0 1 1 27.74 59l27.94 27.88 44-58.49a6 6 0 1 1 9.58 7.22l-48.17 64a5.998 5.998 0 0 1-4.34 2.39z"></path></svg></span></span><span class="aaee4e7cd3 e7a57abb1e"><div class="a53cbfa6de e6208ee469"><div data-testid="filters-group-label-container" class="dcd1ccc0b6" aria-hidden="true"><div data-testid="filters-group-label-content" class="a53cbfa6de cb475f8063">Lowered sink</div> <span class="abf093bdfe a414c2b280">7</span></div></div></span></label></div><div class="c733693b78"><div></div></div><div data-filters-item="accessible_facilities:accessible_facilities=189" class="a53cbfa6de ac9267e216 d8eb520c4e a244b31530 a2d2507aff b0d8afeab2"><input aria-label="Bathroom emergency cord: 1 property" id=":Rlfe9l4:" class="f0b6754c38" type="checkbox" name="accessible_facilities=189" value="accessible_facilities=189"/><label for=":Rlfe9l4:" class="aca0ade214 aaf30230d9 c2931f4182 d79e71457a bd597ff2d8"><span class="ff5328eb35"></span><span class="ef785aa7f4"><span class="fcd9eec8fb b27b51da7f bf9a32efa5" aria-hidden="true"><svg xmlns="http://www.w3.org/2000/svg" viewBox="0 0 128 128"><path d="M56.33 102a6 6 0 0 1-4.24-1.75L19.27 67.54A6.014 6.014 0 1 1 27.74 59l27.94 27.88 44-58.49a6 6 0 1 1 9.58 7.22l-48.17 64a5.998 5.998 0 0 1-4.34 2.39z"></path></svg></span></span><span class="aaee4e7cd3 e7a57abb1e"><div class="a53cbfa6de e6208ee469"><div data-testid="filters-group-label-container" class="dcd1ccc0b6" aria-hidden="true"><div data-testid="filters-group-label-content" class="a53cbfa6de cb475f8063">Bathroom emergency cord</div> <span class="abf093bdfe a414c2b280">1</span></div></div></span></label></div><div class="c733693b78"><div></div></div><div data-filters-item="accessible_facilities:accessible_facilities=213" class="a53cbfa6de ac9267e216 d8eb520c4e a244b31530 a2d2507aff b0d8afeab2"><input aria-label="Auditory guidance: 1 property" id=":Rmfe9l4:" class="f0b6754c38" type="checkbox" name="accessible_facilities=213" value="accessible_facilities=213"/><label for=":Rmfe9l4:" class="aca0ade214 aaf30230d9 c2931f4182 d79e71457a bd597ff2d8"><span class="ff5328eb35"></span><span class="ef785aa7f4"><span class="fcd9eec8fb b27b51da7f bf9a32efa5" aria-hidden="true"><svg xmlns="http://www.w3.org/2000/svg" viewBox="0 0 128 128"><path d="M56.33 102a6 6 0 0 1-4.24-1.75L19.27 67.54A6.014 6.014 0 1 1 27.74 59l27.94 27.88 44-58.49a6 6 0 1 1 9.58 7.22l-48.17 64a5.998 5.998 0 0 1-4.34 2.39z"></path></svg></span></span><span class="aaee4e7cd3 e7a57abb1e"><div class="a53cbfa6de e6208ee469"><div data-testid="filters-group-label-container" class="dcd1ccc0b6" aria-hidden="true"><div data-testid="filters-group-label-content" class="a53cbfa6de cb475f8063">Auditory guidance</div> <span class="abf093bdfe a414c2b280">1</span></div></div></span></label></div></div><hr aria-hidden="true" data-testid="filters-group-divider" class="b9bfeba2b4 b288f61df6 abe36eb989"/><div data-filters-group="accessible_room_facilities" data-testid="filters-group" id="filter_group_accessible_room_facilities_:R6pl4:" class="ffb9c3d6a3 ad9a06523f"><div class="f2cf178bcd f6b5094aa4"><h3 class="a3332d346a e6208ee469 d0caee4251">Room Accessibility</h3></div><div class="c733693b78"><div></div></div><div data-filters-item="accessible_room_facilities:accessible_room_facilities=131" class="a53cbfa6de ac9267e216 d8eb520c4e a244b31530 a2d2507aff b0d8afeab2"><input aria-label="Entire unit located on ground floor: 53 properties" id=":R11fepl4:" class="f0b6754c38" type="checkbox" name="accessible_room_facilities=131" value="accessible_room_facilities=131"/><label for=":R11fepl4:" class="aca0ade214 aaf30230d9 c2931f4182 d79e71457a bd597ff2d8"><span class="ff5328eb35"></span><span class="ef785aa7f4"><span class="fcd9eec8fb b27b51da7f bf9a32efa5" aria-hidden="true"><svg xmlns="http://www.w3.org/2000/svg" viewBox="0 0 128 128"><path d="M56.33 102a6 6 0 0 1-4.24-1.75L19.27 67.54A6.014 6.014 0 1 1 27.74 59l27.94 27.88 44-58.49a6 6 0 1 1 9.58 7.22l-48.17 64a5.998 5.998 0 0 1-4.34 2.39z"></path></svg></span></span><span class="aaee4e7cd3 e7a57abb1e"><div class="a53cbfa6de e6208ee469"><div data-testid="filters-group-label-container" class="dcd1ccc0b6" aria-hidden="true"><div data-testid="filters-group-label-content" class="a53cbfa6de cb475f8063">Entire unit located on ground floor</div> <span class="abf093bdfe a414c2b280">53</span></div></div></span></label></div><div class="c733693b78"><div></div></div><div data-filters-item="accessible_room_facilities:accessible_room_facilities=132" class="a53cbfa6de ac9267e216 d8eb520c4e a244b31530 a2d2507aff b0d8afeab2"><input aria-label="Upper floors accessible by elevator: 144 properties" id=":R12fepl4:" class="f0b6754c38" type="checkbox" name="accessible_room_facilities=132" value="accessible_room_facilities=132"/><label for=":R12fepl4:" class="aca0ade214 aaf30230d9 c2931f4182 d79e71457a bd597ff2d8"><span class="ff5328eb35"></span><span class="ef785aa7f4"><span class="fcd9eec8fb b27b51da7f bf9a32efa5" aria-hidden="true"><svg xmlns="http://www.w3.org/2000/svg" viewBox="0 0 128 128"><path d="M56.33 102a6 6 0 0 1-4.24-1.75L19.27 67.54A6.014 6.014 0 1 1 27.74 59l27.94 27.88 44-58.49a6 6 0 1 1 9.58 7.22l-48.17 64a5.998 5.998 0 0 1-4.34 2.39z"></path></svg></span></span><span class="aaee4e7cd3 e7a57abb1e"><div class="a53cbfa6de e6208ee469"><div data-testid="filters-group-label-container" class="dcd1ccc0b6" aria-hidden="true"><div data-testid="filters-group-label-content" class="a53cbfa6de cb475f8063">Upper floors accessible by elevator</div> <span class="abf093bdfe a414c2b280">144</span></div></div></span></label></div><div class="c733693b78"><div></div></div><div data-filters-item="accessible_room_facilities:accessible_room_facilities=134" class="a53cbfa6de ac9267e216 d8eb520c4e a244b31530 a2d2507aff b0d8afeab2"><input aria-label="Entire unit wheelchair accessible: 126 properties" id=":R13fepl4:" class="f0b6754c38" type="checkbox" name="accessible_room_facilities=134" value="accessible_room_facilities=134"/><label for=":R13fepl4:" class="aca0ade214 aaf30230d9 c2931f4182 d79e71457a bd597ff2d8"><span class="ff5328eb35"></span><span class="ef785aa7f4"><span class="fcd9eec8fb b27b51da7f bf9a32efa5" aria-hidden="true"><svg xmlns="http://www.w3.org/2000/svg" viewBox="0 0 128 128"><path d="M56.33 102a6 6 0 0 1-4.24-1.75L19.27 67.54A6.014 6.014 0 1 1 27.74 59l27.94 27.88 44-58.49a6 6 0 1 1 9.58 7.22l-48.17 64a5.998 5.998 0 0 1-4.34 2.39z"></path></svg></span></span><span class="aaee4e7cd3 e7a57abb1e"><div class="a53cbfa6de e6208ee469"><div data-testid="filters-group-label-container" class="dcd1ccc0b6" aria-hidden="true"><div data-testid="filters-group-label-content" class="a53cbfa6de cb475f8063">Entire unit wheelchair accessible</div> <span class="abf093bdfe a414c2b280">126</span></div></div></span></label></div><div class="c733693b78"><div></div></div><div data-filters-item="accessible_room_facilities:accessible_room_facilities=147" class="a53cbfa6de ac9267e216 d8eb520c4e a244b31530 a2d2507aff b0d8afeab2"><input aria-label="Toilet with grab rails: 18 properties" id=":R14fepl4:" class="f0b6754c38" type="checkbox" name="accessible_room_facilities=147" value="accessible_room_facilities=147"/><label for=":R14fepl4:" class="aca0ade214 aaf30230d9 c2931f4182 d79e71457a bd597ff2d8"><span class="ff5328eb35"></span><span class="ef785aa7f4"><span class="fcd9eec8fb b27b51da7f bf9a32efa5" aria-hidden="true"><svg xmlns="http://www.w3.org/2000/svg" viewBox="0 0 128 128"><path d="M56.33 102a6 6 0 0 1-4.24-1.75L19.27 67.54A6.014 6.014 0 1 1 27.74 59l27.94 27.88 44-58.49a6 6 0 1 1 9.58 7.22l-48.17 64a5.998 5.998 0 0 1-4.34 2.39z"></path></svg></span></span><span class="aaee4e7cd3 e7a57abb1e"><div class="a53cbfa6de e6208ee469"><div data-testid="filters-group-label-container" class="dcd1ccc0b6" aria-hidden="true"><div data-testid="filters-group-label-content" class="a53cbfa6de cb475f8063">Toilet with grab rails</div> <span class="abf093bdfe a414c2b280">18</span></div></div></span></label></div><div class="c733693b78"><div></div></div><div data-filters-item="accessible_room_facilities:accessible_room_facilities=148" class="a53cbfa6de ac9267e216 d8eb520c4e a244b31530 a2d2507aff b0d8afeab2"><input aria-label="Adapted bath: 6 properties" id=":R15fepl4:" class="f0b6754c38" type="checkbox" name="accessible_room_facilities=148" value="accessible_room_facilities=148"/><label for=":R15fepl4:" class="aca0ade214 aaf30230d9 c2931f4182 d79e71457a bd597ff2d8"><span class="ff5328eb35"></span><span class="ef785aa7f4"><span class="fcd9eec8fb b27b51da7f bf9a32efa5" aria-hidden="true"><svg xmlns="http://www.w3.org/2000/svg" viewBox="0 0 128 128"><path d="M56.33 102a6 6 0 0 1-4.24-1.75L19.27 67.54A6.014 6.014 0 1 1 27.74 59l27.94 27.88 44-58.49a6 6 0 1 1 9.58 7.22l-48.17 64a5.998 5.998 0 0 1-4.34 2.39z"></path></svg></span></span><span class="aaee4e7cd3 e7a57abb1e"><div class="a53cbfa6de e6208ee469"><div data-testid="filters-group-label-container" class="dcd1ccc0b6" aria-hidden="true"><div data-testid="filters-group-label-content" class="a53cbfa6de cb475f8063">Adapted bath</div> <span class="abf093bdfe a414c2b280">6</span></div></div></span></label></div><div class="c733693b78"><div></div></div><div data-filters-item="accessible_room_facilities:accessible_room_facilities=149" class="a53cbfa6de ac9267e216 d8eb520c4e a244b31530 a2d2507aff b0d8afeab2"><input aria-label="Roll-in shower: 7 properties" id=":R16fepl4:" class="f0b6754c38" type="checkbox" name="accessible_room_facilities=149" value="accessible_room_facilities=149"/><label for=":R16fepl4:" class="aca0ade214 aaf30230d9 c2931f4182 d79e71457a bd597ff2d8"><span class="ff5328eb35"></span><span class="ef785aa7f4"><span class="fcd9eec8fb b27b51da7f bf9a32efa5" aria-hidden="true"><svg xmlns="http://www.w3.org/2000/svg" viewBox="0 0 128 128"><path d="M56.33 102a6 6 0 0 1-4.24-1.75L19.27 67.54A6.014 6.014 0 1 1 27.74 59l27.94 27.88 44-58.49a6 6 0 1 1 9.58 7.22l-48.17 64a5.998 5.998 0 0 1-4.34 2.39z"></path></svg></span></span><span class="aaee4e7cd3 e7a57abb1e"><div class="a53cbfa6de e6208ee469"><div data-testid="filters-group-label-container" class="dcd1ccc0b6" aria-hidden="true"><div data-testid="filters-group-label-content" class="a53cbfa6de cb475f8063">Roll-in shower</div> <span class="abf093bdfe a414c2b280">7</span></div></div></span></label></div><div class="c733693b78"><div></div></div><div data-filters-item="accessible_room_facilities:accessible_room_facilities=150" class="a53cbfa6de ac9267e216 d8eb520c4e a244b31530 a2d2507aff b0d8afeab2"><input aria-label="Walk-in shower: 65 properties" id=":R17fepl4:" class="f0b6754c38" type="checkbox" name="accessible_room_facilities=150" value="accessible_room_facilities=150"/><label for=":R17fepl4:" class="aca0ade214 aaf30230d9 c2931f4182 d79e71457a bd597ff2d8"><span class="ff5328eb35"></span><span class="ef785aa7f4"><span class="fcd9eec8fb b27b51da7f bf9a32efa5" aria-hidden="true"><svg xmlns="http://www.w3.org/2000/svg" viewBox="0 0 128 128"><path d="M56.33 102a6 6 0 0 1-4.24-1.75L19.27 67.54A6.014 6.014 0 1 1 27.74 59l27.94 27.88 44-58.49a6 6 0 1 1 9.58 7.22l-48.17 64a5.998 5.998 0 0 1-4.34 2.39z"></path></svg></span></span><span class="aaee4e7cd3 e7a57abb1e"><div class="a53cbfa6de e6208ee469"><div data-testid="filters-group-label-container" class="dcd1ccc0b6" aria-hidden="true"><div data-testid="filters-group-label-content" class="a53cbfa6de cb475f8063">Walk-in shower</div> <span class="abf093bdfe a414c2b280">65</span></div></div></span></label></div><div class="c733693b78"><div></div></div><div data-filters-item="accessible_room_facilities:accessible_room_facilities=151" class="a53cbfa6de ac9267e216 d8eb520c4e a244b31530 a2d2507aff b0d8afeab2"><input aria-label="Raised toilet: 31 properties" id=":R18fepl4:" class="f0b6754c38" type="checkbox" name="accessible_room_facilities=151" value="accessible_room_facilities=151"/><label for=":R18fepl4:" class="aca0ade214 aaf30230d9 c2931f4182 d79e71457a bd597ff2d8"><span class="ff5328eb35"></span><span class="ef785aa7f4"><span class="fcd9eec8fb b27b51da7f bf9a32efa5" aria-hidden="true"><svg xmlns="http://www.w3.org/2000/svg" viewBox="0 0 128 128"><path d="M56.33 102a6 6 0 0 1-4.24-1.75L19.27 67.54A6.014 6.014 0 1 1 27.74 59l27.94 27.88 44-58.49a6 6 0 1 1 9.58 7.22l-48.17 64a5.998 5.998 0 0 1-4.34 2.39z"></path></svg></span></span><span class="aaee4e7cd3 e7a57abb1e"><div class="a53cbfa6de e6208ee469"><div data-testid="filters-group-label-container" class="dcd1ccc0b6" aria-hidden="true"><div data-testid="filters-group-label-content" class="a53cbfa6de cb475f8063">Raised toilet</div> <span class="abf093bdfe a414c2b280">31</span></div></div></span></label></div><div class="c733693b78"><div></div></div><div data-filters-item="accessible_room_facilities:accessible_room_facilities=152" class="a53cbfa6de ac9267e216 d8eb520c4e a244b31530 a2d2507aff b0d8afeab2"><input aria-label="Lower sink: 26 properties" id=":R19fepl4:" class="f0b6754c38" type="checkbox" name="accessible_room_facilities=152" value="accessible_room_facilities=152"/><label for=":R19fepl4:" class="aca0ade214 aaf30230d9 c2931f4182 d79e71457a bd597ff2d8"><span class="ff5328eb35"></span><span class="ef785aa7f4"><span class="fcd9eec8fb b27b51da7f bf9a32efa5" aria-hidden="true"><svg xmlns="http://www.w3.org/2000/svg" viewBox="0 0 128 128"><path d="M56.33 102a6 6 0 0 1-4.24-1.75L19.27 67.54A6.014 6.014 0 1 1 27.74 59l27.94 27.88 44-58.49a6 6 0 1 1 9.58 7.22l-48.17 64a5.998 5.998 0 0 1-4.34 2.39z"></path></svg></span></span><span class="aaee4e7cd3 e7a57abb1e"><div class="a53cbfa6de e6208ee469"><div data-testid="filters-group-label-container" class="dcd1ccc0b6" aria-hidden="true"><div data-testid="filters-group-label-content" class="a53cbfa6de cb475f8063">Lower sink</div> <span class="abf093bdfe a414c2b280">26</span></div></div></span></label></div><div class="c733693b78"><div></div></div><div data-filters-item="accessible_room_facilities:accessible_room_facilities=153" class="a53cbfa6de ac9267e216 d8eb520c4e a244b31530 a2d2507aff b0d8afeab2"><input aria-label="Emergency cord in bathroom: 11 properties" id=":R1afepl4:" class="f0b6754c38" type="checkbox" name="accessible_room_facilities=153" value="accessible_room_facilities=153"/><label for=":R1afepl4:" class="aca0ade214 aaf30230d9 c2931f4182 d79e71457a bd597ff2d8"><span class="ff5328eb35"></span><span class="ef785aa7f4"><span class="fcd9eec8fb b27b51da7f bf9a32efa5" aria-hidden="true"><svg xmlns="http://www.w3.org/2000/svg" viewBox="0 0 128 128"><path d="M56.33 102a6 6 0 0 1-4.24-1.75L19.27 67.54A6.014 6.014 0 1 1 27.74 59l27.94 27.88 44-58.49a6 6 0 1 1 9.58 7.22l-48.17 64a5.998 5.998 0 0 1-4.34 2.39z"></path></svg></span></span><span class="aaee4e7cd3 e7a57abb1e"><div class="a53cbfa6de e6208ee469"><div data-testid="filters-group-label-container" class="dcd1ccc0b6" aria-hidden="true"><div data-testid="filters-group-label-content" class="a53cbfa6de cb475f8063">Emergency cord in bathroom</div> <span class="abf093bdfe a414c2b280">11</span></div></div></span></label></div><div class="c733693b78"><div></div></div><div data-filters-item="accessible_room_facilities:accessible_room_facilities=154" class="a53cbfa6de ac9267e216 d8eb520c4e a244b31530 a2d2507aff b0d8afeab2"><input aria-label="Shower chair: 4 properties" id=":R1bfepl4:" class="f0b6754c38" type="checkbox" name="accessible_room_facilities=154" value="accessible_room_facilities=154"/><label for=":R1bfepl4:" class="aca0ade214 aaf30230d9 c2931f4182 d79e71457a bd597ff2d8"><span class="ff5328eb35"></span><span class="ef785aa7f4"><span class="fcd9eec8fb b27b51da7f bf9a32efa5" aria-hidden="true"><svg xmlns="http://www.w3.org/2000/svg" viewBox="0 0 128 128"><path d="M56.33 102a6 6 0 0 1-4.24-1.75L19.27 67.54A6.014 6.014 0 1 1 27.74 59l27.94 27.88 44-58.49a6 6 0 1 1 9.58 7.22l-48.17 64a5.998 5.998 0 0 1-4.34 2.39z"></path></svg></span></span><span class="aaee4e7cd3 e7a57abb1e"><div class="a53cbfa6de e6208ee469"><div data-testid="filters-group-label-container" class="dcd1ccc0b6" aria-hidden="true"><div data-testid="filters-group-label-content" class="a53cbfa6de cb475f8063">Shower chair</div> <span class="abf093bdfe a414c2b280">4</span></div></div></span></label></div></div></div><div id="popular-filters-go-here"></div></div>
</div>
</div>
<div class="visuallyhidden"
aria-live="assertive"
role="status" id="filter_a11y_live"></div>
<div data-block-id="filter_popup">
</div>
</div>
<div class="clear"></div>
</div> <!-- /basiclayout -->
<div class="bottom_of_basiclayout" style="margin-top: -20px;"></div>
<div style="position: absolute;" id="calendar" class="calendar"></div>
<div
id="x_sr_compset_arp"
class=" similar_destination sr_compset_grid track_similar_destination "
style="display: none;"
></div>
</div>
<svg class="bk-icon -streamline-arrow_nav_left" height="24" style="display:none;" width="24" viewBox="0 0 24 24" role="presentation" aria-hidden="true" focusable="false"><path d="M14.55 18a.74.74 0 0 1-.53-.22l-5-5A1.08 1.08 0 0 1 8.7 12a1.1 1.1 0 0 1 .3-.78l5-5a.75.75 0 0 1 1.06 0 .74.74 0 0 1 0 1.06L10.36 12l4.72 4.72a.74.74 0 0 1 0 1.06.73.73 0 0 1-.53.22zm-4.47-5.72zm0-.57z"/></svg>
<svg class="bk-icon -streamline-arrow_nav_right" height="24" style="display:none;" width="24" viewBox="0 0 24 24" role="presentation" aria-hidden="true" focusable="false"><path d="M9.45 6c.2 0 .39.078.53.22l5 5c.208.206.323.487.32.78a1.1 1.1 0 0 1-.32.78l-5 5a.75.75 0 0 1-1.06 0 .74.74 0 0 1 0-1.06L13.64 12 8.92 7.28a.74.74 0 0 1 0-1.06.73.73 0 0 1 .53-.22zm4.47 5.72zm0 .57z"/></svg>
</div>
</div>
<div class="slinks">
</div>
<div
id="footer_menu_track"
class="footerconstraint cnd-onview-anchor footer_no_lang_track a11y_fix_footer_contrast_footerconstraint "
role="contentinfo"
>
<div id="newsletter_form_footer_container"
class="newsletter_subscribe_with_sprites "
role="region"
aria-label="Subscribe to our newsletter for the best deals - footer"
data-emk-subscription-success-remove
>
<form action="https:&#47;&#47;www.booking.com&#47;newslettersubscribe.html"
method="post"
name="newsletterform"
id="emk-footer"
class="footerForm emk-subscription-entry-point "
data-component="emk/subscription-entry-point emk/subscription-entry-point-feedback-msg"
data-emk-entry-point-label="footer"
data-ga4-track="newsletter_sign_up"
>
<input type="hidden" name="label" value="gen000nr-10CAQoggJCD2xhbmRtYXJrXzI2MTA2MEgzWARo7AGIAQGYATO4AQXIAQXYAQPoAQH4AQGIAgGoAgG4AtrfkKgGwAIB0gIkOWIzM2E5MTMtNDMwZC00YzZmLTg5Y2ItZmU2OWJjYjc3MDc02AIB4AIB" />
<input type="hidden" name="lang" value="en-us" />
<input type="hidden" name="sid" value="90259e8437c6096c4ee27fece820d9ea" />
<input type="hidden" name="url" value="" />
<input type="hidden" name="hostname" value="www.booking.com" />
<input type="hidden" name="companyname" value="Booking.com" />
<input type="hidden" name="aid" value="304142" data-ajax-submit />
<input type="hidden" name="label" value="gen000nr-10CAQoggJCD2xhbmRtYXJrXzI2MTA2MEgzWARo7AGIAQGYATO4AQXIAQXYAQPoAQH4AQGIAgGoAgG4AtrfkKgGwAIB0gIkOWIzM2E5MTMtNDMwZC00YzZmLTg5Y2ItZmU2OWJjYjc3MDc02AIB4AIB" data-ajax-submit/>
<input type="hidden" name="endpoint_url" value="https://www.booking.com&#47;searchresults.html?dest_id=261060;dest_type=landmark;si=ai%2Cco%2Cci%2Cre%2Cla%2Cdi&amp;#emk-footer" />
<input type="hidden" name="error_url" value="https://www.booking.com&#47;searchresults.html?dest_id=261060;dest_type=landmark;si=ai%2Cco%2Cci%2Cre%2Cla%2Cdi&amp;#emk-footer" />
<input type="hidden" name="dest_id" value="261060" data-ajax-submit />
<input type="hidden" name="subscribe_source" value="footer_searchresults" data-ajax-submit />
<input type="hidden" name="opt_in" value="1" data-ajax-submit />
<div class="emk_footer_update emk_footer_centered emk_footer_update_space ">
<div class="footerconstraint-inner">
<div class="emk_footer_banner_block">
<h2>Save time, save money!</h2>
</div>
<div class="emk_footer_subbanner_block">
Sign up and we&#39;ll send the best deals to you
</div>
<div class="clearfix"></div>
<div class="emk_footer_form_layout">
<label for="newsletter_to" class="invisible_spoken">
Enter your email address and we&#39;ll send you our best deals
</label>
<div class="subscription_form_wrap">
<input type="email" name="to" autocapitalize="off" required="true"
id="newsletter_to"
class="input_newsletter_subscription_to"
placeholder="Your email address"
title=""
value=""
data-ajax-submit />
<button id="newsletter_button_footer" data-et-click="">
Subscribe
</button>
</div>
<div data-et-view="dLYHMRFeRQcDaIPaMNfQCcbNXGDJae:1"></div>
</div>
<p class="emk-feedback-msg use_sprites_no_back -invalid" role="alert" aria-live="assertive">
<span class="bicon-close" aria-hidden="true"></span>
<span class="invisible_spoken">Error:</span>
Please enter a valid email address.
</p>
<p class="emk-feedback-msg use_sprites_no_back -error" role="alert" aria-live="assertive">
<span class="bicon-close" aria-hidden="true"></span>
<span class="invisible_spoken">Error:</span>
Oops! An error has occurred.
</p>
<p class="emk-feedback-msg use_sprites_no_back -success" role="status" aria-live="assertive">
<span class="bicon-checkyes" aria-hidden="true"></span>
Thanks! We've sent you an email so you can confirm your subscription
</p>
</div>
<input name="recaptcha_enabled" value="1" type="hidden" data-ajax-submit>
<script nonce="Y346mIyU7Ic0W43">
window.onLoadRecaptchaV3Callback = function() {
grecaptcha.ready(function() {
grecaptcha.execute('6LfzopcUAAAAAPh4ue2iRjzP6XdxDVpwJigtlmeD', {action: 'searchresults'}).then(function(token) {
var target = $('[data-component*="emk/subscription-entry-point"]');
target.append("<input type=hidden name=recaptcha_token value=" + token +" data-ajax-submit>");
target.closest('form').submit(function() {
$('.grecaptcha-badge').show().css('visibility', 'visible');
});
});
});
};
</script>
<style nonce="Y346mIyU7Ic0W43">.grecaptcha-badge { display: none; bottom: 90px !important; }</style>
<div data-component="core/recaptcha/v3" data-key="6LfzopcUAAAAAPh4ue2iRjzP6XdxDVpwJigtlmeD" data-onload="onLoadRecaptchaV3Callback"
data-delay-load="load"
></div>
</div>
</form>
</div>
<div style="clear: both;"></div>
<div id="booking-footer" class="footer-wrapper">
<div id="footer_top_menu" class="footer-top-menu">
<div class="footer-top-partners clearfix js-footer-top-menu">
<div class="footerconstraint-inner clearfix">
<div id="footertopnav-partners" role="navigation">
<p class="footer-top-partner-text footer-top-partner-buttons">
<a
ref="nofollow"
href="https://join.booking.com/?lang=en-us&amp;aid=304142&amp;utm_source=footer_menu&amp;utm_medium=frontend&amp;label=gen000nr-10CAQoggJCD2xhbmRtYXJrXzI2MTA2MEgzWARo7AGIAQGYATO4AQXIAQXYAQPoAQH4AQGIAgGoAgG4AtrfkKgGwAIB0gIkOWIzM2E5MTMtNDMwZC00YzZmLTg5Y2ItZmU2OWJjYjc3MDc02AIB4AIB"
target="_blank"
data-ga-track="click|pageview:/internallink/partner/footer/hotellink/searchresults/en-us"
data-et-click="
customGoal:YTTHbXeeVLCBLfZUTPdKNKNKWe:1
"
class="footer-top-button"
data-qa="joinapp_ep"
>
List your property
</a>
</p>
</div>
</div>
</div>
<div class="footerconstraint-inner clearfix">
<div id="footertopnav" role="navigation">
<ul class="footer-top-links-list">
<li class="footer-top-link">
<a rel="nofollow" href="https://www.booking.com/searchresults.html?dest_id=261060&amp;dest_type=landmark&amp;si=ai%2Cco%2Cci%2Cre%2Cla%2Cdi">Mobile version</a>
</li>
<li class="footer-top-link">
<a href="https://account.booking.com/auth/oauth2?response_type=code&amp;bkng_action=searchresults&amp;client_id=vO1Kblk7xX9tUn2cpZLS&amp;dt=1694773210&amp;lang=en-us&amp;aid=304142&amp;redirect_uri=https%3A%2F%2Fsecure.booking.com%2Flogin.html%3Fop%3Doauth_return&amp;state=UpwCnPCIIMj4ET_ggafFXyvtUUbnHFrsXtQX4yVDD38aknkUHdK_IFEPQvEDQffbC7vRMnQ7zjEzLLJ9tEwzs4RFuQ2s2BOds3mH14XGZZHdmGFl1-5uzIVqR62-Ocdz-0-XnzMhaSJS9WjbQBUo8Nm6c83ZgItBgS1YAaY4Pm-sHc09NN8KvKyOn7uHtAq9Qr_lBY-Xvy0WFZFLCPLYEcO0TzDKaySUicHp0nzyS2CNe70-JE1uVOjp58SF--u_imXbP81_yTMukj2B9UTchHxYrLPO7wSWL2T8lgzO66Gv-Cpp1avHH8Gsj19ziUAaifnDpScv_OFI_DKkOYuqyzfSvGMxRh8HhAHz1tzGLMbj2BVMEnltOkTgutvH7k4">
Your account
</a>
</li>
<li class="footer-top-link">
<a class="manage" href="https://secure.booking.com/content/cs.html" class="tracked">
Make changes online to your booking
</a>
</li>
<li
class="footer-top-link"
data-ga-track="click|CSIR|CS|footer_top_customer_service_help"
>
<a
class="cuca"
href="https://secure.booking.com/help.html#/?source=blue_footer"
data-ga-track="click|Click|Action: searchresults|hc_entrypoint_blue_footer"
data-bui-component="Tooltip"
title="Your reference ID is &ldquo;90259E8&rdquo;"
data-et-click="customGoal:YTTHbXeeVLCBLfZUTPdKNKNKWe:3"
>
Customer Service Help
</a>
</li>
<script nonce="Y346mIyU7Ic0W43">
document.querySelector('.cuca').addEventListener('blur', function() {
window.BUI.getInstance(this, 'Tooltip').hide();
})
</script>
<li class="footer-top-link">
<a
href="
https://www.booking.com/affiliate-program/v2/index.html
"
data-bui-component="Tooltip"
title="Become an affiliate"
class="footer_become_affiliate"
data-ga-track="click|pageview:/internallink/partner/footer/affiliatelink/searchresults/en-us"
data-et-click="customGoal:YTTHbXeeVLCBLfZUTPdKNKNKWe:4"
>
Become an affiliate
</a>
<script nonce="Y346mIyU7Ic0W43">
document.querySelector('.footer_become_affiliate').addEventListener('blur', function() {
window.BUI.getInstance(this, 'Tooltip').hide();
})
</script>
</li>
<li class="footer-top-link">
<a
href="https://business.booking.com/"
class="tracked"
data-google-track="Click/Action: searchresults/BBTool Footer BBZ"
data-et-click="customGoal:YTTHbXeeVLCBLfZUTPdKNKNKWe:5"
>
Booking.com for Business
</a>
</li>
</ul>
</div>
</div>
</div>
<div class="footerconstraint-inner">
<div id="footer" class="footer-navigation-links-wrapper clearfix" role="navigation">
<div id="footer_links" class="footer-navigation-links">
<div class="footer-navigation-links-column footer-seo-links-to-html-sitemaps">
<ul class="footer-navigation-links-list">
<li class="footer-navigation-link">
<a href="https://www.booking.com/country.html" data-ga="seoindexlinks" rel="nofollow">
Countries
</a>
</li>
<li class="footer-navigation-link">
<a href="https://www.booking.com/region.html" data-ga="seoindexlinks" rel="nofollow">
Regions
</a>
</li>
<li class="footer-navigation-link">
<a href="https://www.booking.com/city.html" data-ga="seoindexlinks" rel="nofollow">
Cities
</a>
</li>
<li class="footer-navigation-link">
<a href="https://www.booking.com/district.html" data-ga="seoindexlinks" rel="nofollow">
Districts
</a>
</li>
<li class="footer-navigation-link">
<a href="https://www.booking.com/airport.html" data-ga="seoindexlinks" rel="nofollow">
Airports
</a>
</li>
<li class="footer-navigation-link">
<a href="https://www.booking.com/hotel/index.html" data-ga="seoindexlinks" rel="nofollow">
Hotels
</a>
</li>
<li class="footer-navigation-link">
<a href="https://www.booking.com/landmark.html" data-ga="seoindexlinks" rel="nofollow">
Places of interest
</a>
</li>
</ul>
</div>
<div class="footer-navigation-links-column">
<ul class="footer-navigation-links-list footer-seo-links-to-index">
<li class="footer-navigation-link">
<a href="https://www.booking.com/booking-home/index.html" data-ga="booking-home">
Homes
</a>
</li>
<li class="footer-navigation-link">
<a href="https://www.booking.com/apartments/index.html" data-ga="apartments">
Apartments
</a>
</li>
<li class="footer-navigation-link">
<a href="https://www.booking.com/resorts/index.html" data-ga="resorts">
Resorts
</a>
</li>
<li class="footer-navigation-link">
<a href="https://www.booking.com/villas/index.html" data-ga="villas">
Villas
</a>
</li>
<li class="footer-navigation-link">
<a href="https://www.booking.com/hostels/index.html" data-ga="hostels">
Hostels
</a>
</li>
<li class="footer-navigation-link">
<a href="https://www.booking.com/bed-and-breakfast/index.html" data-ga="bed_and_breakfast">
B&amp;Bs
</a>
</li>
<li class="footer-navigation-link">
<a href="https://www.booking.com/guest-house/index.html" data-ga="guest_house">
Guest houses
</a>
</li>
</ul>
</div>
<div class="footer-navigation-links-column">
<ul class="footer-navigation-links-list">
<li class="footer-navigation-link">
<a href="https://www.booking.com/accommodations.html" data-ga="accommodations">
Unique places to stay
</a>
</li>
<li class="footer-navigation-link">
<a href="https://www.booking.com/reviews
.html
" data-ga="seoindexlinks" class="js-reviews-footer-link">
Reviews
</a>
</li>
<div data-et-view="  BHDTJdReLLCBLZBeMbFMOFIbeDUHYKe:1 BHDTJdReLLCBLZBeMbFMOFIbeDUHYKe:3 "></div>
<li class="footer-navigation-link">
<a href="https://www.booking.com/extended-stays/index.html" data-ga="extended-stays">
Discover monthly stays
</a>
</li>
<li class="footer-navigation-link">
<a href="https://booking.com/articles.html" type="nav" location="main-site-footer" category="articles-link">
Unpacked: Travel articles
</a>
</li>
<li class="footer-navigation-link">
<a href="https://www.booking.com/deals/index.html"
title="Seasonal and holiday deals">
Seasonal and holiday deals
</a>
</li>
<li class="footer-navigation-link">
<a href="https://www.booking.com/traveller-awards/index.html">
Traveller Review Awards
</a>
</li>
</ul>
</div>
<div class="footer-navigation-links-column">
<ul class="footer-navigation-links-list">
<li class="footer-navigation-link">
<a rel="nofollow" href="http://cars.booking.com/Home.do?affiliateCode=booking-com&adplat=footer&preflang=en" target="_blank" data-google-track="Click/Rental cars footer link click (loy_footer_rentalcars_copy: 0)/searchresults" data-ga-track="click|pageview:/outgoinglink/traveljigsaw/en">
Car rental
</a>
</li>
<li class="footer-navigation-link">
<a rel="nofollow" href="https://booking.com/pxgo?url=https%3A%2F%2Fbooking.kayak.com%2Fin&lang=en&aid=304142&token=UmFuZG9tSVYkc2RlIyh9YY_oTPIGnIwxsTOANoogQKFnLgOF5Le9MfbI2ztS601FR63WZET0qTv_LdtVh28GtIqqQhOArA-dPGAokKS99V5rINeV3iBz4jMgKvGCdmSMRuHQlCAzXAZIyZj71giiKjxzmJs5GS7sxxr_EpCLNj1P6JIWcgQKhcmDNDEanJ_HZAQG-UhB0BTBJVeTBdCDdqMqINgbzuh9d8r237Yy24ver_TJmdS0bieXM2d5DIDLSo_xhzqzxPJj9OnrOIInwnilhiEtTp2EDfix7EX9p5gsQP-VeNU-6rEhA_lEFnbem7YRqZhc5aA5x4RvDlwJiCaLFlgpkOWp" target="_blank"
data-google-track="Click/Kayak footer link/searchresults"
data-ga-track="click|pageview:/outgoinglink/kayaklink"
>
Flight finder
</a>
</li>
<li class="footer-navigation-link">
<a rel="nofollow" href="http://www.opentable.com?ref=16087" target="_blank" data-google-track="Click/Opentable footer link/searchresults" data-ga-track="click|pageview:/outgoinglink/opentablelink">
Restaurant reservations
</a>
</li>
<li class="footer-navigation-link">
<a href="
https://www.booking.com/affiliate-program/v2/index.html
" title="Booking.com for Travel Advisers" data-ga-track="click|pageview:/internallink/partner/footer/adviserslink/searchresults/en-us">
Booking.com for Travel Agents
</a>
</li>
</ul>
</div>
<div class="footer-navigation-links-column">
<ul class="footer-navigation-links-list">
<li class="footer-navigation-link">
<a href="https://www.booking.com/covid-19-booking-faqs.html">
Coronavirus (COVID-19) FAQs
</a>
</li>
<li class="footer-navigation-link">
<a href="https://www.booking.com/content/about.html">About Booking.com</a>
</li>
<li class="footer-navigation-link">
<a
href="https:&#47;&#47;secure.booking.com&#47;help.html#/?source=footer_navigation"
data-et-click="customGoal:YTTHbXeeVLCBLfZUTPdKNKNKWe:3"
data-ga-track="click|Click|Action: searchresults|hc_entrypoint_footer_navigation"
>
Customer Service Help
</a>
</li>
<li class="footer-navigation-link">
<a href="https://partner.booking.com/en-gb?utm_campaign=footer_list&amp;utm_medium=frontend_footer&amp;utm_source=booking.com">
Partner help
</a>
</li>
<li class="footer-navigation-link">
<a href="https://careers.booking.com/?utm_source=corporate&utm_medium=footer" data-ga-track="click|pageview:/outgoinglink/footer/careerlink/en-us">
Careers
</a>
</li>
<li class="footer-navigation-link">
<a href="https://sustainability.booking.com/" data-ga-track="click|pageview:/outgoinglink/footer/sustainabilitylink/en-us">
Sustainability
</a>
</li>
<li class="footer-navigation-link">
<a class="tracked" data-google-track="Click/Action: about_us/press" href="https://news.booking.com/en-us/">
Press Center
</a>
</li>
<li class="footer-navigation-link">
<a
href="https://www.booking.com/trust-and-safety.html"
class="tracked"
>
Safety Resource Center
</a>
</li>
<li class="footer-navigation-link">
<a class="tracked" data-google-track="Click/Action: about_us/investor_relations" href="https://www.bookingholdings.com/">
Investor relations
</a>
</li>
<li class="footer-navigation-link">
<a href="https://www.booking.com/content/terms.html">
Terms &amp; Conditions
</a>
</li>
<li class="footer-navigation-link">
<a href="https://secure.booking.com/content/complaints.html">
Partner dispute
</a>
</li>
<li class="footer-navigation-link">
<a href="https://www.booking.com/content/how_we_work.html">
How We Work
</a>
</li>
<li class="footer-navigation-link">
<a href="https://www.booking.com/content/privacy.html">
Privacy & cookie statement
</a>
</li>
<li class="footer-navigation-link">
<a href="https://www.bookingholdings.com/about/compliance-and-ethics/">
MSA statement
</a>
</li>
<li
class="footer-navigation-link"
data-ga-track="click|CSIR|CS|footer_link_contact_us"
>
<a href="https://www.booking.com/content/contact-us.html">
Corporate contact
</a>
</li>
<li class="footer-navigation-link">
<a href="https://www.booking.com/content-moderation-policy/overview-page.html" data-et-click="customGoal:THHSOJZTOeTFKMOaVRVKaMUHYbTLZBeMGKSaT:1">
Content guidelines
</a>
</li>
</ul>
</div>
</div>
</div></div>
<div role="region" aria-label="Get the FREE Booking.com app now" class="local_info_bot footerconstraint-inner"><div class="local_info_bot_inner">
<div class="extranet_link_container">
<a
class="extranet_link"
href="https://admin.booking.com/?lang=xu&utm_source=extranet_login_footer&utm_medium=frontend&utm_campaign=login_footer_v0"
data-ga-track="click|Footer|Click - Extranet login|searchresults"
data-et-click="customGoal:YTTHbXeeVLCBLfZUTPdKNKNKWe:2"
>
Extranet Log-in
</a>
</div>
<div class="footercopyright ">
<div class="whitebar">
<div class="copyright_text">
Copyright &copy; 1996&ndash;2023
Booking.com&trade;. All rights reserved.
</div>
</div>
</div>
</div>
<div style="clear:both;">&#160;</div>
</div>
<div class="footer-logos footerconstraint-inner">
<div class="footer__priceline">
<p class="footer__priceline__title">Booking.com is part of Booking Holdings Inc., the world leader in online travel and related services.
</p>
<div class="footer__priceline__list">
<ul>
<li>
<img
src="https://cf.bstatic.com/static/img/tfl/group_logos/logo_booking/27c8d1832de6a3123b6ee45b59ae2f81b0d9d0d0.png" 
title="Booking.com"
alt="Booking.com"
height="26"
width="91"
>
</img>
</li>
<li>
<img
src="https://cf.bstatic.com/static/img/tfl/group_logos/logo_priceline/f80e129541f2a952d470df2447373390f3dd4e44.png" 
title="Priceline"
alt="Priceline"
height="26"
width="91"
>
</li>
<li>
<img
src="https://cf.bstatic.com/static/img/tfl/group_logos/logo_kayak/83ef7122074473a6566094e957ff834badb58ce6.png" 
title="Kayak"
alt="Kayak"
height="26"
width="79"
>
</li>
<li>
<img
src="https://cf.bstatic.com/static/img/tfl/group_logos/logo_agoda/1c9191b6a3651bf030e41e99a153b64f449845ed.png" 
title="Agoda"
alt="Agoda"
height="26"
width="70"
>
</li>
<li>
<img
src="https://cf.bstatic.com/static/img/tfl/group_logos/logo_rentalcars/6bc5ec89d870111592a378bbe7a2086f0b01abc4.png" 
title="Rentalcars"
alt="Rentalcars"
height="26"
width="109"
>
</li>
<li>
<img
src="https://cf.bstatic.com/static/img/tfl/group_logos/logo_opentable/a4b50503eda6c15773d6e61c238230eb42fb050d.png" 
title="OpenTable"
alt="OpenTable"
height="26"
width="95"
>
</li>
</ul>
</div>
</div>
</div>
</div>
</div>
</div>
<div
id="revc_write_a_review_login_intro"
style="display:none;"
tabindex="-1"
>
<span class="invisible_spoken">Start of dialog content</span>
<div class="intro_header">
<h2 class="bui-modal__title">Verified reviews from real guests.</h2>
<p class="bui-modal__paragraph">We have more than 70 million property reviews, all from <strong>real, verified guests</strong>.</p>
</div>
<div class="rlp-intro">
<div class="rlp-intro__container clearfix">
<h2 class="rlp-intro__title rlp-intro__a11y-exp-title">How does it work?</h2>
<ul class="rlp-intro-how a11y_contrast_blue_gray">
<li class="rlp-intro-how__item fl">
<div class="rlp-intro-how__container rlp-intro-how__container--tickfull">
<div class="rlp-intro-how__sub-container">
<p class="rlp-intro-how__num rlp-intro-how__num--tickfull">1</p>
<p class="rlp-intro-how__icon bicon-tickfull" aria-hidden="true"></p>
</div>
</div>
<h3 class="rlp-intro-how__title rlp-intro-how__a11y-exp-title">It starts with a booking</h3>
<span class="rlp-intro-how__title rlp-intro-how__caption">It starts with a booking</span>
<p class="rlp-intro-how__desc">The only way to leave a review is to first make a booking. That's how we know our reviews come from real guests who have stayed at the property.</p>
</li>
<li class="rlp-intro-how__arrow fl" aria-hidden="true">
<p class="rlp-intro-how__arrow-icon bicon-rightchevron"></p>
</li>
<li class="rlp-intro-how__item fl">
<div class="rlp-intro-how__container rlp-intro-how__container--citytrip">
<div class="rlp-intro-how__sub-container">
<p class="rlp-intro-how__num rlp-intro-how__num--citytrip">2</p>
<p class="rlp-intro-how__icon bicon-citytrip" aria-hidden="true"></p>
</div>
</div>
<h3 class="rlp-intro-how__title rlp-intro-how__a11y-exp-title">Followed by a trip</h3>
<span class="rlp-intro-how__title rlp-intro-how__caption">Followed by a trip</span>
<p class="rlp-intro-how__desc">When guests stay at the property, they check out how quiet the room is, how friendly the staff is, and more.</p>
</li>
<li class="rlp-intro-how__arrow fl" aria-hidden="true">
<p class="rlp-intro-how__arrow-icon bicon-rightchevron"></p>
</li>
<li class="rlp-intro-how__item fl">
<div class="rlp-intro-how__container rlp-intro-how__container--feedback">
<div class="rlp-intro-how__sub-container">
<p class="rlp-intro-how__num rlp-intro-how__num--feedback">3</p>
<p class="rlp-intro-how__icon bicon-feedback" aria-hidden="true"></p>
</div>
</div>
<h3 class="rlp-intro-how__title rlp-intro-how__a11y-exp-title">And finally, a review</h3>
<span class="rlp-intro-how__title rlp-intro-how__caption">And finally, a review</span>
<p class="rlp-intro-how__desc">After their trip, guests tell us about their stay. We check for naughty words and verify the authenticity of all guest reviews before adding them to our site.</p>
</li>
</ul>
</div>
</div>
<p>If you booked through us and want to leave a review, please sign in first.</p>
<div class="intro_footer">
<a href="https://secure.booking.com/reviewtimeline.html" class="revc_write_a_review_login_button">Sign in and leave a review</a>
</div>
<span class="invisible_spoken">End of dialog content</span>
</div>
<div id="calendar_popup" class="newcalendar singleCalendar" style="display:none; ">
<div class="calendar_popup_title"><p id="calendar_check_in_title">Check-in date</p>
<p id="calendar_check_out_title">Check-out date</p>
</div>
<div class="browseCalendar" >
<a href="#" class="prevmonth disabled"><span>&laquo;</span></a>
<select title="Check-in date/Check-out date">
<option class="b_months" value="2023-9">
</option>
<option class="b_months" value="2023-10">
</option>
<option class="b_months" value="2023-11">
</option>
<option class="b_months" value="2023-12">
</option>
<option class="b_months" value="2024-1">
</option>
<option class="b_months" value="2024-2">
</option>
<option class="b_months" value="2024-3">
</option>
<option class="b_months" value="2024-4">
</option>
<option class="b_months" value="2024-5">
</option>
<option class="b_months" value="2024-6">
</option>
<option class="b_months" value="2024-7">
</option>
<option class="b_months" value="2024-8">
</option>
<option class="b_months" value="2024-9">
</option>
<option class="b_months" value="2024-10">
</option>
<option class="b_months" value="2024-11">
</option>
<option class="b_months" value="2024-12">
</option>
</select>
<a href="#" class="nextmonth"><span>&raquo;</span></a>
</div>
<table>
<tbody>
<tr>
<th>Su</th>
<th>Mo</th>
<th>Tu</th>
<th>We</th>
<th>Th</th>
<th>Fr</th>
<th>Sa</th>
</tr>
<tr><td class="wk">&nbsp;</td><td>&nbsp;</td><td>&nbsp;</td><td>&nbsp;</td><td>&nbsp;</td><td class="wk_ar">&nbsp;</td><td class="wk wk_ar">&nbsp;</td></tr>
<tr><td class="wk">&nbsp;</td><td>&nbsp;</td><td>&nbsp;</td><td>&nbsp;</td><td>&nbsp;</td><td class="wk_ar">&nbsp;</td><td class="wk wk_ar">&nbsp;</td></tr>
<tr><td class="wk">&nbsp;</td><td>&nbsp;</td><td>&nbsp;</td><td>&nbsp;</td><td>&nbsp;</td><td class="wk_ar">&nbsp;</td><td class="wk wk_ar">&nbsp;</td></tr>
<tr><td class="wk">&nbsp;</td><td>&nbsp;</td><td>&nbsp;</td><td>&nbsp;</td><td>&nbsp;</td><td class="wk_ar">&nbsp;</td><td class="wk wk_ar">&nbsp;</td></tr>
<tr><td class="wk">&nbsp;</td><td>&nbsp;</td><td>&nbsp;</td><td>&nbsp;</td><td>&nbsp;</td><td class="wk_ar">&nbsp;</td><td class="wk wk_ar">&nbsp;</td></tr>
<tr><td class="wk">&nbsp;</td><td>&nbsp;</td><td>&nbsp;</td><td>&nbsp;</td><td>&nbsp;</td><td class="wk_ar">&nbsp;</td><td class="wk wk_ar">&nbsp;</td></tr>
</tbody>
</table>
<span class="calendar_close">Close calendar</span>
</div>
<script nonce="Y346mIyU7Ic0W43"> if( window.performance && performance.measure && 'b-pre-scripts') { performance.measure('b-pre-scripts'); } </script> 
<script nonce="Y346mIyU7Ic0W43">
var B = booking = window.booking || {};
var booking_extra = {
pageview_id: '7c9c48ada4eb027a',
b_aid: '304142',
b_stid: '304142',
b_lang_for_url: 'en-us',
b01: 1,
b_gtt: "dLYAeZFVJfNTBBFWZBMHMJBXVJfcfHCfBSSUdRKe",
b_ch: 'd',
b_site_type_id: '1',
b_action: 'searchresults'
};
</script>
<script nonce="Y346mIyU7Ic0W43">
if ('serviceWorker' in navigator && navigator.serviceWorker.getRegistrations) {
navigator.serviceWorker.getRegistrations().then(function(registrations) {
registrations.forEach(function(registration) {
registration.unregister();
});
});
}
</script>
<script nonce="Y346mIyU7Ic0W43">
(function(){
(function(){
var et=function(){"use strict";var s,c={level:0},f={experiment:"e",stage:"s",goal:"g",customGoal:"cg",goalWithValue:"gwv"},r=[],o=function(){var n,r={},o="";function t(){var e,t=o;o=Object.keys(r).join(","),(n||(n=document.getElementById("req_info")))&&(n.innerHTML!==t&&(e=n.innerHTML,r=e.split(",").reduce(function(e,t){return e[t]=!0,e},r),o=Object.keys(r).join(",")),n.innerHTML=o)}function i(e){r[e]=!0}return{populate:function(e){i(e),"string"==typeof e?(i(e),t()):e instanceof Array&&(e.forEach(i),t())}}}(),i=function(){var r,o=!1,i=[],n=[],e=0;function a(){c.level&&c.report(c.events.BEACON_SENT,i),o=!1,e=0,r=null,i.length&&l()}function u(){o=!1,r=null,10<=++e?n=[]:(i=i.concat(n),n=[],r=window.setTimeout(l,100*e))}function l(){c.level&&c.report(c.events.SEND_BEACON,i.slice(0)),o=!0;var e=s+"&"+function(e){for(var t,n=[],r=[],o=[],i=[],a=[],u=0,l=e.length;u<l;++u)switch((t=e[u]).what){case f.experiment:n.push(t.hash);break;case f.stage:a.push(t.hash+"|"+t.id);break;case f.goal:r.push(t.hash);break;case f.customGoal:o.push(t.hash+"|"+t.id);break;case f.goalWithValue:var s=b(t.hash);s&&i.push(s);break;default:c.level&&c.report(c.events.UNABLE_TO_STRINGIFY,t)}return"ete="+n.join(",")+"&etg="+r.join(",")+"&etcg="+o.join(",")+"&ets="+a.join(",")+"&etgwv="+i.join(",")}(n=i);N.m&&(e+="&m="+encodeURIComponent(N.m)),i=[];try{!function(e){var t,n=e.url,r=e.complete||function(){},o=e.headers||{},i=XMLHttpRequest.DONE||4,a=new XMLHttpRequest;if(!n)return;if(a.open("GET",n,!0),o)for(t in o)o.hasOwnProperty(t)&&a.setRequestHeader(t,"function"==typeof o[t]?o[t].call():o[t]);a.onreadystatechange=function(){a.readyState===i&&r(a,a.status)},a.send()}({url:e,complete:function(e,t){200===t?a():u()},headers:w})}catch(e){var t=new Image;t.onload=a,t.onerror=u,t.src=s}}return function(e,t,n){c.level&&c.report(c.events.INIT_BEACON,e,t,n),i.push({what:e,hash:t,id:n}),o||r?c.level&&c.report(c.events.DEFER_BEACON,i):r=window.setTimeout(l,0)}}(),a={},h=300,u=!1,p={},v=[],g=!1,l=!1,d=!1,m=!1,w={},T=!1,E=!1,n=!1,N={r:{},t:{},f:{}};N.r||(N.r={}),N.f||(N.f={}),N.t||(N.t={});var _={},y=50;function b(e){if(_[e]&&_[e][0].length){var t=_[e][0],n=_[e][1],r=[e,t.join(":")];return n.length&&r.push(n.join(":")),[].push.apply(n,t.splice(0,t.length)),r.join("|")}}function A(e,t,n){return(e===f.experiment||e===f.goal?[e,t]:[e,t,n]).join("-")}function I(e){if(!d)return e;if(a[e])return a[e];for(var t=2166136261,n=0,r=e.length;n<r;++n)t+=(t<<1)+(t<<4)+(t<<7)+(t<<8)+(t<<24),t^=e.charCodeAt(n);return a[e]=(t>>>0).toString(16)}function O(e,t,n){if(c.level&&c.report(c.events.TRACKING_ATTEMPT,{what:e,hash:t,id:n,variant:(e===f.experiment||e===f.stage)&&W(t)}),R(e,t,n))switch(e){case f.experiment:C(f.experiment,t),o.populate(t),N.m&&r.push(t),i(f.experiment,t);break;case f.stage:C(f.stage,t,n),o.populate(t+"|"+n),N.m&&r.push(t+"|"+n),i(f.stage,t,n);break;case f.goal:C(f.goal,t),i(f.goal,t);break;case f.customGoal:C(f.customGoal,t,n),i(f.customGoal,t,n);break;case f.goalWithValue:(function(e,t){_[e]||(_[e]=[[],[]]);var n=_[e][0];if(_[e][1].length<=y+10)return n.push(t),!0})(t,n)&&i(f.goalWithValue,t,n);break;default:c.level&&c.report(c.events.TRACK_UNKNOWN_ITEM,e,t,n)}return e!==f.experiment||W(t)}function C(e,t,n){p[A(e,t,n)]=!0}function R(e,t,n){if(m)return!1;c.level&&c.report(c.events.SHOULD_TRACK,e,t,n);var r,o,i={what:e,hash:t,id:n,variant:(e===f.experiment||e===f.stage)&&W(t)};if(p[A(e,t,n)])return c.level&&c.report(c.events.NOT_TRACKING_WAS_TRACKED,i),!1;if(e===f.experiment||e===f.stage){if(o=1<<(n||0),r=I(t),N.f[r])return c.level&&c.report(c.events.NOT_TRACKING_FULLON,i),!1;if(void 0===N.r[r])return c.level&&c.report(c.events.NOT_TRACKING_NOT_RUNNING,i),!1;if(N.t[r]&o)return C(e,t,n),c.level&&c.report(c.events.NOT_TRACKING_WAS_TRACKED,i),!1}else if(e===f.customGoal){if(r=I(t),N.f[r])return c.level&&c.report(c.events.NOT_TRACKING_FULLON,i),!1;if(void 0===N.r[r])return c.level&&c.report(c.events.NOT_TRACKING_NOT_RUNNING,i),!1}return!0}function G(n,e,r,o,i){c.level&&c.report(c.events.ADD_EVENT_LISTENER,n,e,r,o,i);var a=function(e){{if("string"==typeof e)return M(document.querySelectorAll(e));if(e instanceof HTMLCollection)return M(e);if(e instanceof NodeList)return M(e);if(e instanceof Element)return[e];if("[object Array]"===Object.prototype.toString.call(e))return e;if(window.jQuery&&e instanceof jQuery)return e.toArray()}return[]}(e);if(0<a.length)if("view"===n)!function(e,t,n,r){c.level&&c.report(c.events.ADD_DEBOUNCED_VIEW_HANDLER,e,t,n,r);var o=A(t,n,r);if(p[o])return;v.push([e,t,n,r]),g||(c.level&&c.report(c.events.ATTACH_VIEW_LISTENER,v),L(window,"scroll",k),L(window,"resize",k),L(window,"wheel",k),L(window,"load",j),window.setTimeout(k,h),T&&T(k),g=!0)}(a[0],r,o,i);else for(var t=0,u=a.length;t<u;t++)L(a[t],n,l);else c.level&&c.report(c.events.NOT_EXISTING_ELEMENT_WONT_ADD_LISTENER,r,o,i);function l(){O(r,o,i);for(var e=0,t=a.length;e<t;e++)V(a[e],n,l)}}function j(){window.setTimeout(k,h)}function k(){if(l){if(u)return;u=setTimeout(function(){u=!1,k()},h)}l=!0;var e,t=[];c.level&&c.report(c.events.CHECK_IF_VISIBLE,v);for(var n=0,r=v.length;n<r;++n)(e=v[n])&&S(e[0])?(c.level&&c.report(c.events.ONVIEW_TRACKING_TRIGGERED,e[1],e[2],e[3]),O(e[1],e[2],e[3])):t.push(e);v=t,c.level&&c.report(c.events.VISIBLE_CHECK_FINISHED,v),0===v.length&&(g=!1,V(window,"scroll",k),V(window,"resize",k),V(window,"load",j),E&&E(k),c.level&&c.report(c.events.DETACH_VIEW_LISTENER)),window.setTimeout(function(){l=!1},h)}function S(e){var t,n,r;return!!e&&(!!e.parentElement&&(!e.getBoundingClientRect||(t=e.getBoundingClientRect(),n=window.innerHeight||document.documentElement.clientHeight,r=window.innerWidth||document.documentElement.clientWidth,!(t.right<0||t.left>r||0===t.top&&0===t.left&&0===t.right&&0===t.bottom)&&t.top<n)))}function L(e,t,n){e.attachEvent?(e["e"+t+n]=n,e[t+n]=function(){e["e"+t+n](window.event)},e.attachEvent("on"+t,e[t+n])):e.addEventListener(t,n,!1)}function V(e,t,n){e.detachEvent?e[t+n]&&(e.detachEvent("on"+t,e[t+n]),e[t+n]=null):e.removeEventListener(t,n,!1)}function B(n,r,o){return function(e,t){R(o,e,t)?G(n,r,o,e,t):c.level&&c.report(c.events.WONT_ATTACH_EVENT_TRACKING,n,r,o,e,t)}}function D(e,t){return{track:B(e,t,f.experiment),stage:B(e,t,f.stage),goal:B(e,t,f.goal),customGoal:B(e,t,f.customGoal)}}function t(e,t){for(var n in t)t.hasOwnProperty(n)&&(e[n]=t[n])}function H(e){N.f=e.f||{},t(N.r,e.r||{}),t(N.t,e.t||{}),e.m&&!N.m&&(N.m=e.m,r=[])}function W(e){var t=I(e);return N.r[t]||N.f[t]||0}function K(e){if(1<arguments.length)throw"Track only accept one parameter";if(e)return O(f.experiment,e);if(n)throw"B.et.track: hash value should be a non-empty string";return 0}function x(e){var t,n=/^(?:(goal|customGoal):)?([a-zA-Z]\w+)?(?::([\d]))?$/,r=[];for(e=e.split(/\s+/),t=0;t<e.length;t++){var o=e[t].match(n),i=o&&o[2],a=o&&o[3],u=o&&o[1]||(a?"stage":"track");u&&r.push({hash:i,value:a,action:u})}return r}function M(e){var t,n=[],r=e.length;for(t=0;t<r;t++)n.push(e[t]);return n}function e(){}return e.prototype.track=K,e.prototype.stage=function(e,t){if(!e){if(n)throw"B.et.trackStage: hash value should be a non-empty string";return!1}if(void 0===t){if(n)throw"B.et.trackStage: stage number should be a number between 1 and 9";return!1}if(0===t)return K(e);if(/^[1-9]$/.test(t))return O(f.stage,e,t);if(n)throw"B.et.trackStage: stage number should be a number between 1 and 9";return!1},e.prototype.goal=function(e){if(e)return O(f.goal,e);if(n)throw"B.et.goal: name should be a non-empty string";return!1},e.prototype.customGoal=function(e,t){if(e&&t&&/^[1-5]$/.test(t))return O(f.customGoal,e,t);if(n){if(!e)throw"B.et.customGoal: hash value should be a non-empty string";if(!t||!/^[1-5]$/.test(t))throw"B.et.customGoal: custom goal number should be a number between 1 and 5"}return!1},e.prototype.goalWithValue=function(e,t){if(/^js_/.test(e)&&/^-?[0-9]+$/.test(t))return O(f.goalWithValue,e,t);if(n){if(!/^js_/.test(e))throw"B.et.goalWithValue: name should be a non-empty string with prefix js_";if(!/^-?[0-9]+$/.test(t))throw"B.et.goalWithValue: value should be an integer"}return!1},e.prototype.on=D,e.prototype.set=H,e.prototype.Trackables=f,e.prototype.configure=function(e){e.url&&(s=e.url),e.jset&&H(e.jset),void 0!==e.useFNV&&(d=e.useFNV),void 0!==e.ajaxHeaders&&(w=e.ajaxHeaders),void 0!==e.snt&&(m=e.snt),"function"==typeof e.bindOnView&&(T=e.bindOnView),"function"==typeof e.unbindOnView&&(E=e.unbindOnView),e.isDevServer&&(n=!0)},e.prototype.initAttributesTracking=function(i){var a,u,l,s=["change","click","mouseenter","focus","view"];!function(){if(i&&0!==i.length?i.length&&(i=i[0]):i=document,i&&i.querySelectorAll)for(a=0;a<s.length;a++){l="data-et-"+(u=s[a]);for(var e=i.querySelectorAll("["+l+"]"),t=0;t<e.length;t++){var n=e[t],r=x(n.getAttribute(l)),o=D(u,n);r.forEach(function(e){o&&o[e.action]&&o[e.action](e.hash,e.value)})}}}()},e.prototype.tracked=function(){return r.join(",")},e.prototype.registerDebug=function(e){if(0==c.level){var t=!isNaN(e.level),n="object"==typeof e.events,r="function"==typeof e.report;t&&n&&r&&(c.level=e.level,c.events=e.events,c.report=e.report)}},new e}();
B.et = et;
}());
var ViewTrackingEvents = (function() {
var desktopEvents = [
'GENERAL:dom_changed',
'GENERAL:layout_changed',
'GENERAL:throttled_scroll',
'GENERAL:throttled_resize',
'tab-opened',
'user_access_menu_register_tab',
'user_access_menu_login_tab',
'uc_popover_showed',
'rt-lightbox-open',
'rt-lightbox-closed',
'tooltip:show',
'reviews-sliding:scroll',
'et-scroll-observer:scroll'
];
var mdotEvents = [
'HP.MAP.OPEN.COMPLETE',
'HP.block.expand',
'tabbed_nav:opened',
'RT.room.page.scrolls',
'RT.room.expand',
// START xroom_m_searchbox_rooms_before_guests
'hp_dates_popup_show',
// END xroom_m_searchbox_rooms_before_guests
'RT.room.select.done',
'k2.sub.page.opened',
'k2.sub.page.scrolls',
'k2.drawerWithNavigation.scrolls'
];
return [].concat(desktopEvents, mdotEvents);
}());
var ajaxHeaders = {
'X-Booking-AID': '304142',
'X-Booking-CSRF': 'GmgEZQAAAAA=KHQbciOBhwJlIvbUOMBz4O2VKYA_9C2yKYavXPCmx09fmBu0ywcZkKphUNWHsoVX3PCHY98INw1fNwVmBTaS0Zjmw0EO-jOoQNp1lggzk_LXz67m9FYnoRgZKLr9eK3SdpmZ-yeUbSUbjMkWECjjZVZN4vhr2EdT0K3OLz5g4OIve0IHxRGPb4AMqtDYMgmdU9bWtEBxIJ3oqQ_w',
'X-Booking-Info': function(){ return (document && document.getElementById('req_info')) ? document.getElementById('req_info').innerHTML : '' },
'X-Booking-Client-Info': function() { return B.et.tracked() },
'X-Booking-Label': encodeURIComponent('gen000nr-10CAQoggJCD2xhbmRtYXJrXzI2MTA2MEgzWARo7AGIAQGYATO4AQXIAQXYAQPoAQH4AQGIAgGoAgG4AtrfkKgGwAIB0gIkOWIzM2E5MTMtNDMwZC00YzZmLTg5Y2ItZmU2OWJjYjc3MDc02AIB4AIB'),
'X-Booking-Language-Code': 'en-us',
'X-Booking-Pageview-Id': '7c9c48ada4eb027a',
'X-Booking-Session-Id': '90259e8437c6096c4ee27fece820d9ea',
'X-Booking-SiteType-Id': '1',
'X-Partner-Channel-Id': '3',
'X-Requested-With': 'XMLHttpRequest'
};
var extraAjaxHeaders = {};
for (var extraAjaxHeader in extraAjaxHeaders) {
if (Object.prototype.hasOwnProperty.call(extraAjaxHeaders, extraAjaxHeader)) {
ajaxHeaders[extraAjaxHeader] = extraAjaxHeaders[extraAjaxHeader];
}
}
var eventsBindedAlready = false;
function bindViewTrackingEvents(onViewHandler) {
if (B.eventEmitter && !eventsBindedAlready) {
for (var i = 0; i < ViewTrackingEvents.length; i++) {
B.eventEmitter.bind(ViewTrackingEvents[i], onViewHandler);
}
window.addEventListener('wheel', onViewHandler)
eventsBindedAlready = true;
}
}
B.et.configure({
url: "/js_tracking",
noJqueryAjax: true,
noJqueryOn: true,
ajaxHeaders: ajaxHeaders,
snt: true,
bindOnView: function(onViewHandler) {
bindViewTrackingEvents(onViewHandler);
if(document.addEventListener) {
document.addEventListener('DOMContentLoaded', function() {
bindViewTrackingEvents(onViewHandler);
});
}
},
unbindOnView: function(onViewHandler) {
if (B.eventEmitter) {
for (var i = 0; i < ViewTrackingEvents.length; i++) {
B.eventEmitter.unbind(ViewTrackingEvents[i], onViewHandler);
}
window.removeEventListener('wheel', onViewHandler)
}
},
jset: B.jset || { r: {}, t: {}, f: {}}
});
window.setTimeout(function() {
B.et.initAttributesTracking();
}, 4);
}());
</script>
<script nonce="Y346mIyU7Ic0W43">(function() { function fireJqueryLoadError() { if(!document.getElementById('req_info')){ setTimeout(fireJqueryLoadError, 100); return; } window.onerror('3rd_JQUERY: load error - ' + 'https://cf.bstatic.com/static/js/jquery_cloudfront_sd/e1e8c0e862309cb4caf3c0d5fbea48bfb8eaad42.js', 1, 1); }; document.addEventListener('error', function(e) { if (e.target && e.target.classList.contains('jquery-script-tag')) { fireJqueryLoadError(); } }, true); })(); </script>
<script src="https://cf.bstatic.com/static/js/jquery_cloudfront_sd/e1e8c0e862309cb4caf3c0d5fbea48bfb8eaad42.js" class="jquery-script-tag" crossorigin nonce="Y346mIyU7Ic0W43"></script>
<script nonce="Y346mIyU7Ic0W43"> if ( this.$ && $.fn && $.fn.bind ) { $( this.document.body ).bind( 'submit', function( evt ) { var win = Function( 'return this' )(), token = 'GmgEZQAAAAA=KHQbciOBhwJlIvbUOMBz4O2VKYA_9C2yKYavXPCmx09fmBu0ywcZkKphUNWHsoVX3PCHY98INw1fNwVmBTaS0Zjmw0EO-jOoQNp1lggzk_LXz67m9FYnoRgZKLr9eK3SdpmZ-yeUbSUbjMkWECjjZVZN4vhr2EdT0K3OLz5g4OIve0IHxRGPb4AMqtDYMgmdU9bWtEBxIJ3oqQ_w', input = win.document.createElement( 'input' ), check = win.document.createElement( 'input' ), form = $( evt.target ); if ( ! form.find( '[name="bhc_csrf_token"]' ).length && ( form.attr( 'method' ) || '' ).toLowerCase() === 'post' ) { input.type = 'hidden'; input.value = token; input.name = 'bhc_csrf_token'; check.type = 'hidden'; check.value = 1; check.name = 'bhc_csrf_token_check'; form.append( input ).append( check ); } }); } (function(){ if (window.self !== window.top) { $.ajax({ type: 'POST', url: 'https://www.booking.com/_frdtcr?aid=304142', data: { 'pid': '7c9c48ada4eb027a', 'ref': document.referrer, 'url': document.location.href } }); } }()); </script> 
<script src="https://cf.bstatic.com/static/js/core-deps-inlinedet_cloudfront_sd/6d177594fcf3d8acf87d6a208d7427779018df74.js" crossorigin nonce="Y346mIyU7Ic0W43"></script>
 <script nonce="Y346mIyU7Ic0W43">
;(function(){
var envData = B.require('tmpl_data');
if (!envData) return;
envData({"b_sid":"90259e8437c6096c4ee27fece820d9ea","b_site_type_id":1,"b_lang_for_url":"en-us","pageview_id":"7c9c48ada4eb027a","b_aid":304142,"b_action":"searchresults"});
}());
</script>
<script nonce="Y346mIyU7Ic0W43">
if (B.env) {
B.env.search_box_keep_children_ages_order = true;
}
B.require('tmpl_data')({"b_search_config":{"b_children_ages_total":[],"b_is_group_search":0,"traveller_segment":"couple","b_adults_total":2,"b_rooms":[{"b_children_ages":[],"b_children":0,"b_room_order":1,"b_adults":2.0}],"b_children_total":0,"b_nr_rooms_needed":1}});
</script>
<script nonce="Y346mIyU7Ic0W43">
/**/ (function () { 'use strict'; if (!B.define) { return; } B.define('searchresults/env', ['require'], function (require) { var events = require('searchresults/events'); var env; env = { /* jshint ignore:start */
'b_dest_id': 261060,
'b_dest_type': "landmark",
'b_search_config': JSON.parse('{"b_children_ages_total":[],"b_is_group_search":0,"traveller_segment":"couple","b_adults_total":2,"b_rooms":[{"b_children_ages":[],"b_children":0,"b_room_order":1,"b_adults":2.0}],"b_children_total":0,"b_nr_rooms_needed":1}' || '{}'),
'b_destination_fullname': "Session Road",
'b_current_page_nr': 1,
'b_selected_nflt_url_param_decoded': "",
'b_bh_nflt_filters': "",
'b_total_selected_filters': "",
'b_nr_hotels_available': 0,
'b_sr_filter_by_price_enabled': "",
'b_user_is_business_booker': "",
'b_sr_is_address_search': 0,
'b_did_bigger_search': 0,
'b_did_auto_extend_radius': "",
'b_primary_search_nr_hotels_available': ""
/* jshint ignore:end */ }; function get(item) { return item ? env[item] : undefined; } function keys() { return Object.keys(env); } events.on(events.DATA_ENVIRONMENT_CHANGED, function (data) { events.trigger(events.DATA_ENVIRONMENT_BEFORE_UPDATE, data); if (data) { var keys = Object.keys(data); for (var i = keys.length; --i >= 0;) { env[keys[i]] = data[keys[i]]; } events.trigger(events.DATA_ENVIRONMENT_UPDATED, data); } }); return { get: get, keys: keys }; }); }()); /**/
</script>
<script nonce="Y346mIyU7Ic0W43">
;(function(){
var exportedVars = JSON.parse('{\"fe_arp_d_sr_properties_list_cond\":1,\"fe_feature_running_WEBSHELL_UX_ENABLE_HEADER_BP_WEB_VITALS\":0,\"fe_pp_web_shell_exp_tracking_allowed\":\"\",\"track_skip_links\":1,\"fe_arp_searchbox_replatformed\":1,\"fe_atlas_map_with_list_enabled\":1,\"fe_location_www_sr_capla_map_cond\":\"1\",\"show_rocketmiles_av_frontend\":0,\"fe_pers_purpose\":2,\"b_site_info\":{\"is_bookings_owned\":1,\"is_iam_auth_allowed\":1},\"fe_sr_card_open_in_new_tab\":1,\"fe_run_google_one_tap\":\"1\",\"fe_universal_perf_tracking_pp_full\":1,\"fe_sso_logout_state\":\"\",\"fe_seasonality_hybrid\":\"-1\",\"sp_use_loyalty_api\":0,\"b_sso_logout_url\":\"\",\"fe_b_is_beach_trip\":\"\",\"fe_gtm_src\":\"https://www.googletagmanager.com/gtm.js?id=GTM-5Q664QZ\",\"fe_enable_GA4_TRACKING_ON_LEGACY\":\"1\",\"fe_is_non_pilot_beach_ufi\":\"\",\"fe_sp_enable_basic_inventory\":\"0\",\"fe_extend_stay_banner_fetch_data\":\"\",\"fe_is_tt_d_sr_hp_show_all_beaches_in_map\":\"\",\"hcs_4_hotels\":1,\"fe_previous_searches\":[],\"genius_one_tap_addon\":\"1\",\"fe_tt_blackout_map_entry_cn\":\"\",\"b_dqs_server\":0,\"b_oauth_client_id\":\"vO1Kblk7xX9tUn2cpZLS\",\"fe_pers_layout_id\":0,\"fe_ba_link_capla\":\"\",\"js_tracking_url\":\"/js_tracking\",\"fe_pers_upcoming\":\"\",\"fe_is_beach_ufi\":\"\",\"b_time_spent_track\":1,\"fe_b_beach_ufi\":\"261060\",\"fe_is_incentives_ga_tracking_enabled\":1,\"fe_universal_perf_tracking_enabled\":1,\"fe_is_ski_ufi\":\"\",\"fe_is_platinum_gold_amer_partner_id\":\"\",\"fe_is_wishlist_login_exp\":1,\"fe_universal_perf_tracking_pp_coin_toss\":1,\"fe_universal_perf_tracking_enabled_expanded\":1,\"fe_is_cname_cobrand_header_available\":0,\"fe_pers_days_until_checkin\":\"\",\"b_analytics_tracking_string\":\"/searchresults.html?dest_id=261060&dest_type=landmark&si=ai%2Cco%2Cci%2Cre%2Cla%2Cdi\",\"fe_use_header_mfe\":1,\"b_sso_logout_callback_url\":\"\",\"fe_arp_d_sr_properties_list\":\"1\",\"fe_bhc_show_er_on_map\":\"0\",\"fe_is_pilot_beach_ufi\":\"\"}' || '{}');
Object.assign(B.env, exportedVars);
var elm = document.currentScript;
if (elm) {
elm.parentElement.removeChild(elm);
}
})();
</script>
<script src="https://cf.bstatic.com/static/js/main_cloudfront_sd/12c5fcd0dbebbaa05d253f10cf9b6b530eb49730.js" crossorigin nonce="Y346mIyU7Ic0W43"></script>
<script nonce="Y346mIyU7Ic0W43">
B.env.b_personalized_layout_sr_json = '[]';
</script>
<script nonce="Y346mIyU7Ic0W43">
window.onload = function () {
var elements = document.querySelectorAll('[data-defer-prefetch]');
Array.prototype.forEach.call(elements, function(el){
el.setAttribute('rel', 'prefetch');
});
};
</script>
<link rel="_prefetch" data-defer-prefetch href="https://cf.bstatic.com/static/js/hotel_cloudfront_sd/f5d835ab503aea87e8d5a713ad6184c5177fe443.js" nonce="Y346mIyU7Ic0W43">
<link rel="_prefetch" data-defer-prefetch href="https://cf.bstatic.com/static/js/index_cloudfront_sd/75816e8206c1d0e047d71dfe85be7ee0dec70675.js" nonce="Y346mIyU7Ic0W43">
<link rel="_prefetch" data-defer-prefetch href="https://cf.bstatic.com/static/js/landingpage_cloudfront_sd/de3ae1596f1a6490844471e1193f13f54b4da34d.js" nonce="Y346mIyU7Ic0W43">
<script src="https://cf.bstatic.com/static/js/searchresults_cloudfront_sd/3503d1dd3d02c580090e9e9483b9c41246bf2c38.js" crossorigin nonce="Y346mIyU7Ic0W43"></script>
<script crossorigin type="text/javascript" src="https://cf.bstatic.com/static/js/sp-on-maps_cloudfront_sd/d30eef4dc5202875d4c3301b8a0e8ff09f9a0e28.js" nonce="Y346mIyU7Ic0W43"></script>
<script nonce="Y346mIyU7Ic0W43">
booking.env.b_query_params_with_lang = '.html';
booking.env.b_ufi = '';
booking.env.b_has_valid_dates_not_in_past = '0';
booking.env.b_dest_type = 'landmark';
</script>
<script nonce="Y346mIyU7Ic0W43">
B.env.is_rooms_table_splitter = true;
</script>
<script nonce="Y346mIyU7Ic0W43">
booking.ensureNamespaceExists('env');
booking.env.b_map_google_static_thumbnail_zoom_level = 14;
booking.env.b_map_google_bounding_box = '120.583287589487,16.417559078801,120.605001,16.39289';
booking.env.b_query_params_no_ext = '';
booking.env.b_server_role='app';
</script>
<script nonce="Y346mIyU7Ic0W43">
;(function (){
var maps = booking.maps || booking.atlas;
if (!maps) {
return;
}
/**/ ;(function () { 'use strict'; if (!B.atlas || !B.atlas.define) { return; } B.atlas.define('util-env', function () { var env = { /* jshint ignore:start *//*
*/ markersOnMapURL: '/markers_on_map?;aid=304142;dest_id=261060;dest_type=landmark;sr_id=;ref=searchresults;limit=100;stype=1;lang=en-us;ssm=1;ngp=1;room1=A,A;maps_opened=1;esf=1;sr_countrycode=ph;sr_lat=;sr_long=;dba=1;dbc=1;srh=;alr=1;lm_id=261060;somp=1;mdimb=1 ;tp=1 ;img_size=270x200 ;avl=1 ;nor=1 ;spc=1 ;rmd=1 ;slpnd=1 ;sbr=1;dfd=1;at=1 ;sat=1 ;ssu=1;srocc=1', markerDetailsURL: '/hotels_onmap_detail?;lang=en-us;act=d-searchresults;detail=0;currency=USD;av=1;c=1;stype=1;cc1=us;aid=304142;dest_id=261060;dest_type=landmark;img_size=90;localize_format=1;gfa=1 ;rr=1 ;rp=1;fav_hot_mins=1;g=0;room1=A,A;v=1;no_cc=1;tr=1;rpr=1;blsd=1;ig=1;deals=1;pt=1;nbmh=1;srocc=1', googleMapsUrl: 'https://maps.googleapis.com/maps/api/js?callback=GLOBAL_ATLAS_GOOGLE_MAPS_CALLBACK&channel=booking_accommodations_desktop&language=en-us&region=en-us&v=3.47&libraries=places&key=AIzaSyDXrqUc7k84GZ0W6P5sMFrKFMVIdN-Nd0w', yandexMapsUrl: '', destinationType: 'landmark', destinationId: '261060', destinationTypeSr: 'landmark', destinationIdSr: '261060', destinationAtlasId: 'landmark_261060', destinationName: 'Home', isPlaceIdUsed: '' === '1', checkinCheckoutInterval: '', checkinCheckoutIntervalInWeeks: '', killSwitch: !!'', mapTrackKillSwitch: !!'', googleBoundingBox: '120.583287589487,16.417559078801,120.605001,16.39289', isWithUpcomingBooking: '', isVacationRental: '', copyFdSoldOut: '', copyMapOccupancyDisclaimer1: '', leafletURL: 'https://cf.bstatic.com/static/js/atlas-leaflet_1_2_0_cloudfront_sd/f0106108a6f86fffdab2ee29f3ef1e613646d6ac.js', mapboxGlURL: 'https://cf.bstatic.com/static/js/atlas-mapbox_cloudfront_sd/f9a1942f34949ba26453b97c11c67d8987216b2d.js', mapboxURL: 'https://api.mapbox.com/mapbox.js/v3.1.1/mapbox.js', mapboxAccessToken: 'pk.eyJ1IjoibWFwYm94LWJvb2tpbmciLCJhIjoiY2o2eDR6cTJjMXBhbTJxbHBjbHFoYjM1cSJ9.5ILI4me1N2YZOdzDbl4gRw', tilesProjection: '', tilesLabelroadmap: '', tilesURLroadmap: '', tilesCopyrightroadmap: '', tilesMaxZoomroadmap: 18, tilesMinZoomroadmap: 2, tilesLabelsatellite: '', tilesURLsatellite: '', tilesURLOverlaysatellite: '', tilesCopyrightsatellite: '', tilesMaxZoomsatellite: 18, tilesMinZoomsatellite: 2, ufi: '', b_dest_id: '261060', aid: '304142', defaultBoundingBox: '', defaultCoordinates: ['', ''], isRTL: '', isLP: !!'', action: 'searchresults', tdot: '0' === '1', ddot: '0' !== '1', hasValidDates: '0' === '1', isPartner413084: !!'', isVillaSite: !!'', bookingWindow: '', isCustomZoom: '', returningStatus: '1', isLandOrAddrMarkerEnabled: '1', districtId: '', enableDistrictPolyFromSRLink: '', isGeniusUser: '', isDomesticBooker: '0' === '1', pricePerXNightsTxt: '', providerName: 'google', isNotIE9AndBelow: '1', isNotIE11AndBelow: '1', isProviderMapBox: '', isMapSrAjax: '1', map_copy_fd_sold_out: 'Sold out', map_occupancy_disclaimer_1: 'Sorry, this property cannot accommodate your group size ', totalHotels: '0', availableHotels: '0', paramNflt: '', urlParamNflt: '', srPageviewId: '7c9c48ada4eb027a', nights: '', lang: 'en', currency: 'USD', bbtoolPromoPageURL: 'https://www.booking.com/business.html', adultsTotal: '2', childrenTotal: '0', nrRooms: '1', nrProperties: '0', isGroupSearch: '0', checkinDay : '', checkinMonthShort : '', checkoutDay : '', checkoutMonthShort : '', bookWindow: '', checkinDate: '', checkoutDate: '', hasMapFavicon: '', inCityName: '', cityName: '', airportLatitude: '', airportLongitude: '', landmarkLatitude: '', landmarkLongitude: '', addressLatitude: '', addressLongitude: '', b_review_score_detailed: '', fe_sp_load_maps_component: '1',destinationFullName: 'Session Road',fe_atlas_map_with_list_enabled: true,bbtoolMap: '', travelPurpose: '2', bbtool_fv : '', isBusinessBooker : '', fe_bbtool_can_see_tool_promos: '1', b_guest_country: 'us', b_selected_language: 'en-us',b_countrycode: 'ph', fe_china_estimated_rating: '', triggerAutoOpen: '' || /[;?&]+map=1/gi.test(location.search), disablePlaces: '',searchboxEnabled: true,isSkiArea: '', b_is_in_beach_ufi: '', fe_is_resort_heavy_ufi: '', b_hotel_name_en_with_translation: '',hotelBbox: '0,0,0,0',b_companyname: "Booking.com",b_site_info:{"is_bookings_owned":1,"is_iam_auth_allowed":1},b_updated_bbox:false,b_hotel_id_to_wishlists_count:{},LOCATION_DISPUTED_TERRITORIES:true, b_district_ids_to_polygon:{}, b_filter_bboxes:{}, b_site_type: 'www', b_search_config:{"b_children_ages_total":[],"b_is_group_search":0,"traveller_segment":"couple","b_adults_total":2,"b_rooms":[{"b_children_ages":[],"b_children":0,"b_room_order":1,"b_adults":2.0}],"b_children_total":0,"b_nr_rooms_needed":1}, b_feature_running_LOCATION_MAP_GOALS_WITH_VALUES: !!+'1',withSorter: true, b_order:"", b_sort_bar_options:"", enabledSorters: ['popularity', 'price', 'review_score_and_price', 'class', 'bayesian_review_score'],b_dest_type: 'landmark', b_param_map: '', fe_bhc_show_er_on_map:false, fe_bhc_show_er_on_map_hash: 'NAREFacBLfZNKe', fe_bhc_show_ntb_on_map:false, fe_bhc_show_ntb_on_map_hash: 'NAREFacTTNAIBeaT', is_bookings_owned: '1' === '1', debug:0/**/
/* jshint ignore:end */ }; B.atlas.__env__ = env; function get(item) { return item ? env[item] : undefined; } /**/ setTimeout(function() { var events = B.require('searchresults/events'); events.on(events.DATA_MAP_ENVIRONMENT_CHANGED, function (data) { if (data) { var keys = Object.keys(data); for (var i = keys.length; --i >= 0;) { env[keys[i]] = data[keys[i]]; } events.trigger(events.DATA_MAP_ENVIRONMENT_UPDATED, data); } }); }, 500); /**/ return { get: get }; }); }()); /**/
maps.assert = {
'tdot': false,
'tdot_using_desktop': false,
'sr': true,
'hp': false,
'wl': false,
'lp': false,
'ieGt7': false,
'disambiguation': false,
'corsCapable': true
};
(function() {
var maps = booking.maps || booking.atlas;
var env = maps.require('util-env');
if (!maps) {
return;
}
booking.env.b_lang = 'en';
booking.env.b_map_dest_type = 'landmark';
booking.env.b_map_dest_id = '261060';
booking.env.current_hotel = '';
booking.env.map_more_params = '';
booking.env.autocomplete_more_params = '';
booking.env.touch_map_infowindow_close = '';
booking.env.b_icons_url = 'https://cf.bstatic.com/static/img';
booking.env.b_map_nights = '';
booking.env.b_domestic_booker = '0';
booking.env.b_guest_country = 'us';
booking.env.b_city_has_metro_access = '';
booking.env.b_city_has_rail_access = '';
booking.env.b_has_valid_dates = '0';
booking.env.b_has_valid_dates_not_in_past = '0';
booking.env.b_is_high_value_customer_ski_exp = '';
booking.env.b_is_potential_high_value_customer_ski_exp = '';
booking.env.b_is_low_present_value_customer_ski_exp = '';
booking.env.b_is_new_value_customer_ski_exp = '';
booking.env.b_is_no_fusion_match_value_customer_ski_exp = '';
maps.EXPERIMENTS = [
{
name: 'YdXfdKNKNKZNTbJRXFNMKdSQbRBcSbSAcQWe',
cond: '1',
stages: [
{
stage: 1,
event: 'ready',
},
{
stage: 3,
event: 'ready',
cond: ''
}
]
},
{
name: 'YdXfdKNKNKZNTbJRXFNMKdSQbFfdOKVSBbQbC',
cond: '1',
stages: [
{
stage: 1,
event: 'ready',
},
{
stage: 3,
event: 'ready',
cond: ''
}
]
},
{
name: 'YdXfdKNKNKZNTbLSKHRbdFIKe',
cond: '1',
stages: [
{
stage: 1,
event: 'ready',
},
{
stage: 3,
event: 'ready',
cond: ''
}
]
},
{
name: 'YdXfdKNKNKZNTfQDXIeIceIKdFHaO',
cond: '1',
stages: [
{
stage: 1,
event: 'ready',
},
{
stage: 3,
event: 'ready',
cond: ''
}
]
},
{
name: 'YdXfdKNKNKZNTfVfdLaAFZKXe',
cond: '1',
stages: [
{
stage: 1,
event: 'ready',
cond: '1'
},
{
stage: 2,
event: 'map-sorter-used'
},
{
stage: 3,
event: 'map-sorter-used',
cond: function(e) {
return e.sorter === 'popularity';
}
},
{
stage: 4,
event: 'map-sorter-used',
cond: function(e) {
return e.sorter === 'price';
}
},
{
stage: 5,
event: 'map-sorter-used',
cond: function(e) {
return e.sorter === 'review_score_and_price';
}
},
{
stage: 6,
event: 'map-sorter-used',
cond: function(e) {
return e.sorter === 'class';
}
},
{
stage: 7,
event: 'map-sorter-used',
cond: function(e) {
return e.sorter === 'bayesian_review_score';
}
},
{
stage: 8,
event: 'ready',
cond: ''
},
]
},
{
name: 'YdXfdKNKNKPZZKCBZGLGWe',
cond: '',
stages: [
{
stage: 1,
event: 'ready'
}
]
},
{
name: 'BHDTJdReQLOLOLOOTVVHQRSZYFbBCdDdZNTKe',
cond: env.get('can_track_BHDTJdReQLOLOLOOTVVHQRSZYFbBCdDdZNTKe'),
stages: [
{
stage: 2,
event: 'fixed-iw-open',
cond: function (e) {
return e.property.b_number_of_restaurants_markets;
}
},
{
stage: 3,
event: 'fixed-iw-open',
cond: function (e) {
return e.property.b_number_of_restaurants_markets && env.get('has_wifi_BHDTJdReQLOLOLOOTVVHQRSZYFbBCdDdZNTKe');
}
},
],
goals: [
{
goal: 2,
event: 'fixed-iw-open',
}
],
},
{
name: 'PUTIFOLNYWLHJYWYHAbVNURe',
cond: '',
stages: [
{
stage: 1,
event: 'markers-ready'
},
{
stage: 2,
event: 'markers-ready',
cond: ''
},
{
stage: 3,
event: 'markers-ready',
cond: ''
},
{
stage: 4,
event: 'markers-ready',
cond: '1'
},
{
stage: 5,
event: 'markers-ready',
cond: ''
},
{
stage: 6,
event: 'markers-ready',
cond: ''
},
{
stage: 7,
event: 'markers-ready',
cond: ''
},
{
stage: 8,
event: 'markers-ready',
cond: ''
},
{
stage: 9,
event: 'markers-ready',
cond: ''
}
],
goals: [
{
goal: 1,
event: 'marker-click',
cond: function(e){
return e.type === 'beach';
}
},
{
goal: 2,
event: 'marker-click',
cond: function(e){
return e.type === 'hotel';
}
},
{
goal: 3,
event: 'marker-hover',
cond: function(e){
return e.type === 'beach';
}
},
{
goal: 4,
event: 'marker-hover',
cond: function(e){
return e.type === 'hotel';
}
}
]
},
// start: wishlist AAs
{
name: 'BKATYDORMTfFIdOccPDXKe',
cond: `
1
`,
stages: [
{
stage: 3,
event: 'ready',
cond: '1'
},
{
stage: 4,
event: 'ready',
cond: ''
},
{
stage: 7,
event: 'ready',
cond: ''
},
]
},
{
name: 'BKATYDORMTfFIdOccPDXafBQEQJET',
cond: `
`,
stages: [
{
stage: 5,
event: 'ready',
cond: ''
}
]
},
{
name: 'BKATYDORMTfFIdOccPDXafBQEQSVWe',
cond: `
1
`,
stages: [
{
stage: 5,
event: 'ready',
cond: ''
}
]
},
// end: wishlist AAs
// start: location_www_sr_map_visual_changes
{
name: 'YdXfdKNKNKHUScRDFeNZfHZHT',
cond: `
1
`,
stages: [
{
stage: 1,
event: 'ready',
},
{
stage: 2,
event: 'ready',
cond: '1'
},
{
stage: 3,
event: 'ready',
cond: ''
},
{
stage: 5,
event: 'ready',
cond: ''
},
{
stage: 6,
event: 'ready',
cond: ''
},
{
stage: 7,
event: 'ready',
cond: '1'
}
]
},
// end: location_www_sr_map_visual_changes
].map(function(exp) {
exp.mapId = exp.mapId || 'default';
return exp;
});
}());
maps.TEMPLATES = {};
}());
booking.env.b_url_start = 'https://www.booking.com';
// Counting login page visitors
B.env.static_hostnames = ['https://cf.bstatic.com'];
B.env.b_newcomer_by_cookie = 1;
booking.env.b_is_domestic = 0;
booking.env.b_param_raw_dest_type = 'landmark';
B.env.growls = {
defer_treshold : (B.env.b_newcomer_by_cookie ? 1 : 0)
};
var calendar = new Object();
var tr = new Object();
tr.nextMonth = "Next month";
tr.prevMonth = "Previous month";
tr.closeCalendar = "Close calendar";
tr.pressCtlD = "Press control-D or choose bookmarks/add or favorites/add in your browser";
tr.pressCtlP = "Press control-P or choose file/print in your browser";
tr.url = "https://www.booking.com/searchresults.html?dest_id=261060;dest_type=landmark;si=ai%2Cco%2Cci%2Cre%2Cla%2Cdi&";
tr.title = "Booking.com Welcome";
tr.icons = "https://cf.bstatic.com/static/img";
var months = ['January','February','March','April','May','June','July','August','September','October','November','December'];
var $t_hotels = 'Hotels'.toLowerCase();
var $t_hotels_around = 'Properties Nearby'.toLowerCase().replace(/ /g, '&#160;');
var b_today = "Today";
if ( document.getElementById ) {
var shown = new Array();
}
function blocktoggle(sToggle) {
var sToggleId = '#blocktoggle' + sToggle;
$(sToggleId).toggle();
}
function blockdisplay(i) {
var body = $( document.body );
if (document.getElementById("blockdisplay" + i)) {
for (var j = 1; j <= 4; j++) {
if (document.getElementById('blockdisplay' + j)) {
document.getElementById('blockdisplay' + j).style.display = (j === i) ? 'block' : 'none';
}
}
body.trigger((i == 4) ? 'ReviewsTab_onOpen' : 'ReviewsTab_onClose')
.trigger( 'RT:reset' );
( booking.eventEmitter || $( window ) )
.trigger( 'BLOCKDISPLAY' + i + '.OPEN' );
if (i === 1 && typeof bMovableBookNowButton != "undefined") {
bMovableBookNowButton.init();
}
if (i == 4) {
$(".toggle_overview").show();
$(".toggle_review").hide();
} else {
$(".toggle_review").show();
$(".toggle_overview").hide();
}
}
}
function popup( url, w, h ) {
newWindow = window.open( url, 'popupWindow', 'width=' + w + ',height=' + h + ',menubar=no,toolbar=no,location=no,bookmarks=no,status=no,scrollbars=yes,resizable=yes' );
if ( window.focus ) {
newWindow.focus();
}
}
booking.ensureNamespaceExists( 'env' );
booking.env.b_checkin_date = '';
booking.env.b_session_checkin_date = '';
booking.env.b_checkout_date = '';
booking.env.b_session_checkout_date = '';
booking.env.b_no_dates_mode = '';
booking.env.b_months = [{"b_number": +"9","name":'September'},{"b_number": +"10","name":'October'},{"b_number": +"11","name":'November'},{"b_number": +"12","name":'December'},{"b_number": +"1","name":'January'},{"b_number": +"2","name":'February'},{"b_number": +"3","name":'March'},{"b_number": +"4","name":'April'},{"b_number": +"5","name":'May'},{"b_number": +"6","name":'June'},{"b_number": +"7","name":'July'},{"b_number": +"8","name":'August'},{"b_number": +"9","name":'September'},{"b_number": +"10","name":'October'},{"b_number": +"11","name":'November'},{"b_number": +"12","name":'December'}];
(function() {
var months = booking.env.b_months;
if ( months.length >= 12 ) {
booking.env.b_months = months.slice( 0, 12 );
}
})();
booking.env.b_this_year4 = 2023;
booking.env.b_this_month = 9;
booking.env.b_this_day = 15;
booking.env.date_format_acronym = "YYYY-MM-DD";
booking.env.day = "day";
booking.env.sbox_day = "Day";
booking.env.sbox_month = "Month";
booking.env.error.checkin_date_in_the_past = {
"name" : "Your selected check-in date is in the past. Please check your dates and try again. "
};
booking.env.error.checkin_date_invalid = {
"name" : "Your check-in date is invalid."
};
booking.env.error.checkin_date_to_far_in_the_future = {
"name" : "Your selected check-in date is too far in the future. Please try again."
};
booking.env.error.checkout_date_invalid = {
"name" : "Your departure date is invalid."
};
booking.env.error.checkout_date_more_than_30_days_after_checkin = {
"name" : "Your check-out date is more than 30 nights after your check-in date. Bookings can only be made for a maximum of 30 nights. Please enter different dates and try again."
};
booking.env.error.checkout_date_not_after_checkin_date = {
"name" : "Your check-out date is before your check-in date. Have another look at your dates and try again."
};
booking.env.error.not_specific_enough = {
"name" : "Oops! We need at least part of the name to start searching."
};
booking.env.error.checkin_in_past_error_suggest_tonight = {
"name" : "This check-in date is in the past. You can search for tonight or enter new dates below."
};
booking.env.month = "Month";
booking.env.please_enter_your_check_in_date = "Please enter your check-in date.";
booking.env.please_enter_your_check_out_date = "Please enter your check-out date.";
booking.env.s_value_checkin_year_month = '';
booking.env.s_value_checkout_year_month = '';
booking.env.sb_flexi_srch_month_validation = "Select a month";
booking.env.to_check_availability_please_enter_your_dates_of_stay = "Please enter dates to check availability.";
booking.env.checkout_date_not_after_checkin_date = "Please check your dates, the check-out date appears to be before the check-in date.";
booking.env.b_room_groups = [];
booking.env.b_room_extrabeds = [];
booking.env.b_show_all_inclusive_switch = 1;
booking.env.error.hp_dates_in_the_past = {
"name" : "Please select current or future dates for check-in and check-out."
};
booking.env.error.hp_same_day_checkin_checkout = {
"name" : "Make sure your check-out date is at least 1 day after check-in."
};
booking.env.domain_for_book = 'https://secure.booking.com';
booking.env.b_query_params_with_lang = '.html';
booking.env.b_canonical_url = 'https:&#47;&#47;www.booking.com&#47;searchresults.html?dest_id=261060;dest_type=landmark;si=ai%252Cco%252Cci%252Cre%252Cla%252Cdi';
booking.env.b_canonical_url_delimiter = ';';
booking.env.b_query_params_delimiter = '&amp;';
booking.env.group_room = 'Room';
booking.env.group_remove = 'Remove';
booking.env.s_value_ss = "";
booking.env.s_value_ss_raw = "";
booking.env.close_button = "CLOSE";
booking.env.next_button = "Next";
booking.env.prev_button = "Previous";
booking.env.book_button = "Book now";
booking.env.date_format_acronym = "YYYY-MM-DD";
booking.env.sunday_first = 1;
booking.env.experiment_popups_close = 'Close';
booking.env.a11y_dialog_content_start_text = 'Start of dialog content';
booking.env.a11y_dialog_content_end_text = 'End of dialog content';
booking.env.city_name_en = '';
booking.env.b_urlcity = '';
booking.env.child_age_text = "Enter all children\'s ages using numbers from 0 to 17.";
booking.env.b_stid = 304142;
booking.env.b_new_ga_track = 1;
booking.env.prd_bpg_overlay_cs_link = '<a class="bui-link" href="https://secure.booking.com/help.html#/?source=price_match" target="_blank" data-ga-track="click|Click|Action: searchresults|hc_entrypoint_price_match">';
</script>
<script nonce="Y346mIyU7Ic0W43">
if (window.performance && performance.setResourceTimingBufferSize) {
performance.setResourceTimingBufferSize(500);
}
;(function nav_timing(w){ 'use strict'; function validMetric(value) { return !isNaN(value) && value >= 0 && value < 150000 || false; } function callback() { var performance = w.performance || w.mozPerformance || w.msPerformance || w.webkitPerformance || {}, navigation = performance.navigation, timing = performance.timing, hasGetEntries = !!performance.getEntriesByType, userTiming = []; if ( typeof timing !== 'object' || typeof navigation !== 'object') { return; } if ( timing.loadEventEnd == 0 ) { setTimeout(callback, 1000); return; } var domain = validMetric(timing.domainLookupEnd - timing.domainLookupStart), connect = validMetric( timing.connectEnd - timing.connectStart), response = validMetric( timing.responseEnd - timing.responseStart), dom = validMetric( timing.domComplete - timing.domLoading), load = validMetric( timing.loadEventEnd - timing.loadEventStart); if ( !domain || !connect || !response || !dom || !load || w._phantom || w.callPhantom || w.__phantomas || window.Buffer || window.emit || window.spawn ) { return false; } if (typeof RUMSpeedIndex === 'function') { var speedIndex; try { speedIndex = Math.round(RUMSpeedIndex()); } catch (e) { B.reportError && B.reportError(e, 'speedindex'); } if (speedIndex) { if (window.ga) { setTimeout(function(){ ga('send', 'timing', 'Performance', 'SpeedIndex', speedIndex, B.env['b_action']); }, 100); } userTiming.push('speedindex:' + speedIndex); } } if (hasGetEntries) { var utMetrics = performance.getEntriesByType('measure') || []; for ( var _tmp, _i = 0, _l = utMetrics.length; _i < _l; _i++ ) { _tmp = utMetrics[_i]; userTiming.push(_tmp['name'] + ':' + Math.round(_tmp['duration'])); } } var navTimesHost = '/navigation_times', navTimesQuery = 'sid=90259e8437c6096c4ee27fece820d9ea&pid=7c9c48ada4eb027a&nts=' + navigation.type + ',' + navigation.redirectCount + ',' + timing.navigationStart + ',' + timing.unloadEventStart + ',' + timing.unloadEventEnd + ',' + timing.redirectStart + ',' + timing.redirectEnd + ',' + timing.fetchStart + ',' + timing.domainLookupStart + ',' + timing.domainLookupEnd + ',' + timing.connectStart + ',' + timing.connectEnd + ',' + timing.secureConnectionStart + ',' + timing.requestStart + ',' + timing.responseStart + ',' + timing.responseEnd + ',' + timing.domLoading + ',' + timing.domInteractive + ',' + timing.domContentLoadedEventStart + ',' + timing.domContentLoadedEventEnd + ',' + timing.domComplete + ',' + timing.loadEventStart + ',' + timing.loadEventEnd + ',0' + '&first=' + '&cdn=cf' + '&dc=32' + '&bo=3' + '&lang=en-us' + '&ref_action=searchresults' + '&aid=304142' + '&stype=1' + '&route=' + '&ua=82' + '&ch=d' + '&lt=' + '&css_load=' + (window.mainCssWasLoaded || 0) + '&wn=0' ; var navTimesBody = 'utiming=' + userTiming.join(','); var _req = new XMLHttpRequest(); _req.open('POST', navTimesHost + '?' + navTimesQuery); _req.setRequestHeader('Content-Type','application/x-www-form-urlencoded'); _req.setRequestHeader('X-Booking-CSRF', 'GmgEZQAAAAA=KHQbciOBhwJlIvbUOMBz4O2VKYA_9C2yKYavXPCmx09fmBu0ywcZkKphUNWHsoVX3PCHY98INw1fNwVmBTaS0Zjmw0EO-jOoQNp1lggzk_LXz67m9FYnoRgZKLr9eK3SdpmZ-yeUbSUbjMkWECjjZVZN4vhr2EdT0K3OLz5g4OIve0IHxRGPb4AMqtDYMgmdU9bWtEBxIJ3oqQ_w'); if (1 && !B.env.fe_force_perf_tracking) { return; } _req.send(navTimesBody); if (window.B && window.B.env) { B.env.fe_force_perf_tracking = false; } }; B.env.fe_new_perf_tracking = { version: '2', web_vitals: '1', first_visit: '', params: { cdn: 'cf', dc: '32', bo: '3', route: '' } }; w.sendNavigationTiming = callback; if ( typeof w.attachEvent != "undefined" ) { w.attachEvent("onload", callback); } else if ( w.addEventListener ) { w.addEventListener("load", callback, false); } })(window); </script> 
<svg class="bk-icon -iconset-heart" height="128" style="display:none;" width="128" viewBox="0 0 128 128" role="presentation" aria-hidden="true" focusable="false"><path d="M64 112a3.6 3.6 0 0 1-2-.5 138.8 138.8 0 0 1-44.2-38c-10-14.4-10.6-26-9.4-33.2a29 29 0 0 1 22.9-23.7c11.9-2.4 24 2.5 32.7 13a33.7 33.7 0 0 1 32.7-13 29 29 0 0 1 22.8 23.7c1.3 7.2.6 18.8-9.3 33.3-9.1 13.1-24 25.9-44.2 37.9a3.6 3.6 0 0 1-2 .5z"/></svg>
<svg class="bk-icon -iconset-heart_outline" height="128" style="display:none;" width="128" viewBox="0 0 128 128" role="presentation" aria-hidden="true" focusable="false"><path d="M119.5 40.3a29 29 0 0 0-22.8-23.7 33.8 33.8 0 0 0-32.7 13 33.7 33.7 0 0 0-32.7-13A29 29 0 0 0 8.5 40.3c-1.3 7.2-.6 18.8 9.4 33.3A140 140 0 0 0 62 111.5a3.7 3.7 0 0 0 4 0c20.2-12 35-24.8 44.1-38 10-14.4 10.7-26 9.5-33.2zm-55.5 63c-33-20.1-50.8-43-47.7-61.6A20.7 20.7 0 0 1 33 24.3a22.3 22.3 0 0 1 4.5-.4c8.8 0 17.3 5.2 23.2 14.6a4 4 0 0 0 3.4 1.8 4 4 0 0 0 3.4-1.8c6-9.4 14.4-14.6 23.2-14.6a22.3 22.3 0 0 1 4.5.5 20.7 20.7 0 0 1 16.6 17.2c3 18.6-14.8 41.6-47.8 61.7z"/></svg>
<svg class="bk-icon -streamline-loading" height="24" style="display:none;" width="24" viewBox="0 0 24 24" role="presentation" aria-hidden="true" focusable="false"><path d="M11.25.747v3.75a.75.75 0 0 0 1.5 0V.747a.75.75 0 0 0-1.5 0zm1.5 22.5v-3.75a.75.75 0 0 0-1.5 0v3.75a.75.75 0 0 0 1.5 0zM3.515 4.572l2.652 2.652a.75.75 0 0 0 1.06-1.06L4.575 3.512a.75.75 0 0 0-1.06 1.06zm16.97 14.85l-2.652-2.651a.75.75 0 1 0-1.06 1.06l2.652 2.651a.75.75 0 1 0 1.06-1.06zM.75 12.747H4.5a.75.75 0 0 0 0-1.5H.75a.75.75 0 0 0 0 1.5zm22.5-1.5H19.5a.75.75 0 0 0 0 1.5h3.75a.75.75 0 0 0 0-1.5zM4.575 20.482l2.652-2.65a.75.75 0 1 0-1.06-1.061l-2.652 2.65a.75.75 0 1 0 1.06 1.061zm14.85-16.97l-2.652 2.652a.75.75 0 0 0 1.06 1.06l2.652-2.652a.75.75 0 0 0-1.06-1.06z"/></svg>
<svg class="bk-icon -iconset-navarrow_down_bold" height="128" style="display:none;" width="128" viewBox="0 0 128 128" role="presentation" aria-hidden="true" focusable="false"><path d="M101.7 42.3a8 8 0 0 0-11.4 0L64 68.7 37.7 42.3a8 8 0 0 0-11.4 11.4L64 91.3l37.7-37.6a8 8 0 0 0 0-11.4z"/></svg>
<svg class="bk-icon -iconset-loading" height="128" style="display:none;" width="128" viewBox="0 0 128 128" role="presentation" aria-hidden="true" focusable="false"><path d="m64 8a4.67 4.67 0 0 1 4.67 4.67v18.66a4.67 4.67 0 0 1 -4.67 4.67 4.67 4.67 0 0 1 -4.67-4.67v-18.66a4.67 4.67 0 0 1 4.67-4.67z" opacity=".75"/><path d="m92 15.48a4.67 4.67 0 0 1 1.71 6.37l-9.34 16.15a4.67 4.67 0 0 1 -6.37 1.72 4.67 4.67 0 0 1 -1.71-6.37l9.33-16.17a4.67 4.67 0 0 1 6.38-1.7z" opacity=".2"/><path d="m112.52 36a4.67 4.67 0 0 1 -1.71 6.37l-16.16 9.34a4.67 4.67 0 0 1 -6.37-1.71 4.67 4.67 0 0 1 1.72-6.37l16.17-9.33a4.67 4.67 0 0 1 6.35 1.7z" opacity=".25"/><path d="m120 64a4.67 4.67 0 0 1 -4.67 4.67h-18.66a4.67 4.67 0 0 1 -4.67-4.67 4.67 4.67 0 0 1 4.67-4.67h18.67a4.67 4.67 0 0 1 4.66 4.67z" opacity=".3"/><path d="m112.52 92a4.67 4.67 0 0 1 -6.37 1.71l-16.15-9.34a4.67 4.67 0 0 1 -1.72-6.37 4.67 4.67 0 0 1 6.37-1.71l16.17 9.33a4.67 4.67 0 0 1 1.7 6.38z" opacity=".35"/><path d="m92 112.52a4.67 4.67 0 0 1 -6.37-1.71l-9.34-16.16a4.67 4.67 0 0 1 1.71-6.37 4.67 4.67 0 0 1 6.37 1.72l9.33 16.17a4.67 4.67 0 0 1 -1.7 6.35z" opacity=".4"/><path d="m64 120a4.67 4.67 0 0 1 -4.67-4.67v-18.66a4.67 4.67 0 0 1 4.67-4.67 4.67 4.67 0 0 1 4.67 4.67v18.67a4.67 4.67 0 0 1 -4.67 4.66z" opacity=".45"/><path d="m36 112.52a4.67 4.67 0 0 1 -1.71-6.37l9.34-16.15a4.67 4.67 0 0 1 6.37-1.72 4.67 4.67 0 0 1 1.71 6.37l-9.33 16.17a4.67 4.67 0 0 1 -6.38 1.7z" opacity=".5"/><path d="m15.48 92a4.67 4.67 0 0 1 1.71-6.37l16.17-9.33a4.67 4.67 0 0 1 6.36 1.7 4.67 4.67 0 0 1 -1.72 6.37l-16.15 9.34a4.67 4.67 0 0 1 -6.37-1.71z" opacity=".55"/><path d="m8 64a4.67 4.67 0 0 1 4.67-4.67h18.66a4.67 4.67 0 0 1 4.67 4.67 4.67 4.67 0 0 1 -4.67 4.67h-18.66a4.67 4.67 0 0 1 -4.67-4.67z" opacity=".6"/><path d="m15.48 36a4.67 4.67 0 0 1 6.37-1.71l16.15 9.34a4.67 4.67 0 0 1 1.72 6.37 4.67 4.67 0 0 1 -6.37 1.71l-16.17-9.34a4.67 4.67 0 0 1 -1.7-6.37z" opacity=".65"/><path d="m36 15.48a4.67 4.67 0 0 1 6.37 1.71l9.33 16.17a4.67 4.67 0 0 1 -1.7 6.36 4.67 4.67 0 0 1 -6.37-1.72l-9.34-16.15a4.67 4.67 0 0 1 1.71-6.37z" opacity=".7"/></svg>
<script type='text/javascript' nonce="Y346mIyU7Ic0W43">
booking.jstmpl('lists_hotel_dropdown', (function () { var T = ["\n","\n\u003cdiv class=\"preloader-state-icon\"\u003e\n","iconset/loading","\n\u003c/div\u003e\n","\n\u003cdiv class=\"wl-dropdown-saved-to-message\" aria-hidden=\"true\"\u003e\n","/private/cdm_web_sr_compare_checkbox_saved/name","\n\u003ca href=\"","\" class=\"js-open-list\" target=\"_blank\"\u003e\n","\n\u003c/a\u003e\n","\n\u003cdiv class=\"dmw_sr_wl_dd_expand_trigger\"\u003e\n\u003ca href=\"#0\" class=\"bui-link bui-link--secondary js-sr-wl-expand-trigger\"\u003eChange\u003c/a\u003e\n","iconset/navarrow_down_bold","smaller","\n\u003c/div\u003e\n\u003cdiv class=\"dmw_sr_wl_dd_collapsed\"\u003e\n","\n\u003cdiv class=\"bui-group\" role=\"group\"\u003e\n","\n\u003clabel\nclass=\"\nwl-dropdown-item\njs-wl-dropdown-item\n","\nwl-dropdown-item_shared\n","\nbui-checkbox\n","\nwl-dropdown-item--added\n","\n\"\naria-label=\"","/private/a11y_hp_bookmarks_shared/name","\"\n\u003e\n\u003cinput\ntype=\"checkbox\"\ndata-list-id=\"","\"\nid=\"wl_item_","\"\nclass=\"js-wl-dropdown-item-checkbox wl-dropdown-item__checkbox bui-checkbox__input\"\n","checked=\"checked\"","\n/\u003e\n\u003cspan id=\"wl_checkbox_label_","\" class=\"bui-checkbox__label\n","wl-dropdown-item__name--last-used","\"\u003e\n","\n\u003c/span\u003e\n\u003cspan\nclass=\"\nwl-dropdown-link-wrapper\n","g-hidden","g-hidden-2","\n\"\n\u003e\n"," - ","\n\u003ca\nclass=\"","wl-dropdown-link js-open-list ","\"\ntarget=\"_blank\"\nhref=\"","\"\naria-describedby=\"wl_checkbox_label_","\"\n\u003e\n","\n\u003cspan aria-label=\"","\"\u003e\u003c/span\u003e\n\u003c/a\u003e\n\u003c/span\u003e\n\u003c/label\u003e\n","\n\u003clabel class=\"wl-dropdown-item wl-dropdown-item_new js-wl-dropdown-item-new bui-checkbox\"\u003e\n\u003cinput\ntype=\"checkbox\"\ndata-list-id=\"\"\ndisabled=\"disabled\"\nclass=\"js-wl-dropdown-item-checkbox wl-dropdown-item__checkbox bui-checkbox__input\"\naria-hidden=\"true\"\n/\u003e\n\u003cspan class=\"bui-checkbox__label\"\u003e\n\u003cinput\ntype=\"text\"\nplaceholder=\"","\"\nclass=\"js-wl-dropdown-item-text force-focusable wl-dropdown-item__text bui-form__control\"\naria-label=\"","/private/a11y_hp_bookmarks_name_new/name","\"\n\u003e\n\u003c/span\u003e\n\u003c/label\u003e\n"], V = ["loading_list","lists","fe_show_saved_message","fe_wl_sr_saw_dropdow","b_user_auth_level_is_low_or_high","is_collaborated","selected","name","id","lastUsed","b_action","b_is_tdot_traffic","url","go_to_list","wishlist_create_new","b_reg_user_wishlist_remaining"], WV, LV, VA; return function (VS) { var s = '', r = this.fn; s += T[0]; if (r.MJ(r.MB(V[0]))) { s += [ T[1],             ( VS.unshift({'name': T[2]}), (VA = r.HELPER("icon", VS[0])), VS.shift(), VA ) , T[3] ].join( '' ); } s += T[0]; if (! (r.MD(V[0]))) { s += T[0]; if (r.MD(V[2])) { s += [ T[4], r.ME(T[5], r.MB, r.MN, null), T[0] ].join( '' ); { var LA= ( r.MC(V[1]) || [] ); VS.unshift({'list': null}); for(var LC=1, LM= LA.length, LV_list; LC <= LM; LC++) { VS[0]['list']= LV_list= LA[LC - 1]; s += T[0]; if (r.MJ(r.MG((LV_list || {})["selected"] ))) { s += [ T[6], r.F['html']((LV_list || {})["url"]), T[7], r.F['js'](r.F['html']((LV_list || {})["name"])), T[8] ].join( '' ); } s += T[0]; } VS.shift(); } s += T[3]; } s += T[0]; if (( ( r.MJ(r.MB(V[2])) && r.MJ(r.MB(V[3])) ) && r.MJ(r.MC(V[4])) )) { s += [ T[9],                 ( VS.unshift({'color': "#000000", 'name': T[10], 'size': T[11]}), (VA = r.HELPER("icon", VS[0])), VS.shift(), VA ) , T[12] ].join( '' ); } s += T[13]; { var LA= ( r.MC(V[1]) || [] ); VS.unshift(null); for(var LC=1, LM= LA.length; LC <= LM; LC++) { VS[0]= LA[LC - 1]; s += T[14]; if (r.MD(V[5])) { s += T[15]; } s += T[16]; if (r.MD(V[6])) { s += T[17]; } s += T[18]; s += [ r.F['js'](r.F['html'](r.MB(V[7]))), T[0] ].join( '' ); if (r.MD(V[5])) { s += [ r.ME(T[19], r.MB, r.MN, null), T[0] ].join( '' ); } s += [ T[20], r.F['js'](r.F['html'](r.MB(V[8]))), T[21], r.F['js'](r.F['html'](r.MB(V[8]))), T[22] ].join( '' ); if (r.MD(V[6])) { s += T[23]; } s += [ T[24], r.F['js'](r.F['html'](r.MB(V[8]))), T[25] ].join( '' ); if (r.MD(V[9])) { s += T[26]; } s += [ T[27], r.F['js'](r.F['html'](r.MB(V[7]))), T[28] ].join( '' ); if (! (r.MD(V[6]))) { s += T[29]; } s += T[0]; if ((r.MJ( r.MC(V[10])  + "" === "" +  "searchresults" ))) { s += T[30]; } s += T[31]; if (r.MK(r.MC(V[11]))) { s += T[32]; } s += T[33]; s += T[34]; s += [ T[35], r.F['html'](r.MB(V[12])), T[36], r.F['js'](r.F['html'](r.MB(V[8]))), T[37], r.F['js'](r.F['html'](r.MB(V[13]))), T[38], r.F['js'](r.F['html'](r.MB(V[7]))), T[39] ].join( '' ); } VS.shift(); } s += T[0]; if (( r.MJ(r.MC(V[4])) && (r.MJ( r.MC(V[15])  >  0 )) )) { s += [ T[40], r.F['js'](r.F['html'](r.MB(V[14]))), T[41], r.ME(T[42], r.MB, r.MN, null), T[43] ].join( '' ); } s += T[3]; if (( ( r.MJ(r.MB(V[2])) && r.MJ(r.MB(V[3])) ) && r.MJ(r.MC(V[4])) )) { s += T[3]; } s += T[0]; } s += T[0]; return s; }; } )());
</script>
<script type='text/javascript' nonce="Y346mIyU7Ic0W43">
booking.jstmpl('lists_hotel_dropdown_removed', (function () { var T = ["\n","\n\u003cdiv class=\"preloader-state-icon\"\u003e\n","iconset/loading","\n\u003c/div\u003e\n","\n\u003cdiv class=\"wl-dropdown-removed-title bui_font_body\"\u003e\n","/private/wl_removed_from/name","\n\u003ca\nclass=\"bui-link bui-link--primary bui_font_body wl-dropdown-removed-list__link js-open-list\"\ntarget=\"_blank\"\nhref=\"","\"\n\u003e\n","\n\u003cspan aria-label=\"","\"\u003e\u003c/span\u003e\n\u003c/a\u003e\n","\n\u003cspan class=\"wl-dropdown-removed-title bui_font_body\"\u003e\n","\n\u003c/span\u003e\n\u003cul class=\"bui-list bui-list--unordered wl-dropdown-removed-list\"\u003e\n","\n\u003cli class=\"bui-list__item wl-dropdown-removed-list-item\"\u003e\n","\n\u003c/li\u003e\n","\n\u003c/ul\u003e\n"], V = ["loading_list","lists","url","list_name","name"], WV, LV, VA; return function (VS) { var s = '', r = this.fn; function link_block1(s) { s += [ T[6], r.F['html'](r.MB(V[2])), T[7], r.F['js'](r.F['html'](r.MC(V[3]))), T[8], r.F['js'](r.F['html'](r.MB(V[3]))), T[9] ].join( '' ); return s; } s += T[0]; s += T[0]; if (r.MJ(r.MB(V[0]))) { s += [ T[1],             ( VS.unshift({'name': T[2]}), (VA = r.HELPER("icon", VS[0])), VS.shift(), VA ) , T[3] ].join( '' ); } s += T[0]; if (! (r.MD(V[0]))) { s += T[0]; if ((r.MJ( r.array_length(r.MB(V[1]))  ==  1 ))) { s += [ T[4], r.ME(T[5], r.MB, r.MN, null), T[0] ].join( '' ); { var LA= ( r.MC(V[1]) || [] ); VS.unshift(null); for(var LC=1, LM= LA.length; LC <= LM; LC++) { VS[0]= LA[LC - 1]; s += T[0]; { VS.unshift({'list_name': r.MB(V[4]), 'url': r.MB(V[2])}); s = link_block1(s); VS.shift(); } s += T[0]; } VS.shift(); } s += T[3]; } else  { s += [ T[10], r.ME(T[5], r.MB, r.MN, null), T[11] ].join( '' ); { var LA= ( r.MC(V[1]) || [] ); VS.unshift(null); for(var LC=1, LM= LA.length; LC <= LM; LC++) { VS[0]= LA[LC - 1]; s += T[12]; { VS.unshift({'list_name': r.MB(V[4]), 'url': r.MB(V[2])}); s = link_block1(s); VS.shift(); } s += T[13]; } VS.shift(); } s += T[14]; } s += T[0]; } s += T[0]; return s; }; } )());
</script>
<script nonce="Y346mIyU7Ic0W43">booking.jstmpl('searchbox_number_of_nights', (function () { var T = ["","\n","/private/sbox_dates_num_nights_1/name"], V = ["b_interval","b_lang"], WV, LV, VA; return function (VS) { var s = '', r = this.fn; function searchbox_partial_length_of_stay_string_inc1(s) { s += [ T[1], '', T[1],         ( VS.unshift({'num_nights': r.MC(V[0])}), (VA = r.ME(T[2], r.MB, r.MN, r.MO(r.MC(V[0]), null, T[2]))), VS.shift(), VA ) , T[1], '' ].join( '' ); return s; } s += T[0]; { VS.unshift({'b_interval': r.MC(V[0]), 'b_lang': r.MC(V[1])}); s = searchbox_partial_length_of_stay_string_inc1(s); VS.shift(); } return s; }; } )());
</script>
<script nonce="Y346mIyU7Ic0W43">booking.jstmpl('searchbox_children_ages_tooltip', (function () { var T = ["","\u003ch3\u003e","/private/sbox_age_of_child_popup_header/name","\u003c/h3\u003e\n\u003cp class=\"searchbox_children_ages_tooltip__text\"\u003e","/private/sbox_age_of_child_popup_best_price/name","\u003c/p\u003e"], V = [], WV, LV, VA; return function (VS) { var s = '', r = this.fn; function bookings2components_search_group_children_ages_tooltip_inc1(s) { s += [ T[1], r.ME(T[2], r.MB, r.MN, null), T[3], r.ME(T[4], r.MB, r.MN, null), T[5] ].join( '' ); return s; } s += T[0]; s = bookings2components_search_group_children_ages_tooltip_inc1(s); return s; }; } )());
</script>
<script nonce="Y346mIyU7Ic0W43">booking.jstmpl('searchbox_children_ages_default_12_tooltip', (function () { var T = ["","/private/groups_sr_undefined_ages_msg/name","\u003cspan class=\"fly-dropdown-close fly-dropdown-close-icon\"\u003e\u003c/span\u003e\n\u003cp class=\"searchbox_children_age_default_12_dropdown__text\"\u003e","\u003c/p\u003e\n"], V = ["fe_children_age_warning_text"], WV, LV, VA; return function (VS) { var s = '', r = this.fn; function searchbox_sb_gs_empty_children_age_default_12_inc1(s) { s += T[0]; r.MN(V[0],r.ME(T[1], r.MB, r.MN, null)); s += [ T[2], r.F['entities'](r.MC(V[0])), T[3] ].join( '' ); return s; } s += T[0]; s = searchbox_sb_gs_empty_children_age_default_12_inc1(s); return s; }; } )());
</script>
<script nonce="Y346mIyU7Ic0W43">booking.jstmpl('length_of_stay_detailed', (function () { var T = ["","\n\u003cspan class=\"c2-calendar-footer__inner-wrap\"\u003e\n","sbox_calendar_num_nights_2","\u003c/strong\u003e","\u003cstrong\u003e","\n\u003c/span\u003e\n"], V = ["b_interval","b_checkin_date_formatted","b_checkout_date_formatted"], WV, LV, VA; return function (VS) { var s = '', r = this.fn; function searchbox_partial_length_of_stay_detailed_string_inc1(s) { s += [ T[1],         ( VS.unshift({'checkin_date': r.MC(V[1]), 'checkout_date': r.MC(V[2]), 'end_bold': T[3], 'num_nights': r.MC(V[0]), 'start_bold': T[4]}), (VA = r.VP(T[2], r.MO(r.MC(V[0]), null, T[2]))), VS.shift(), VA ) , T[5] ].join( '' ); return s; } s += T[0]; s = searchbox_partial_length_of_stay_detailed_string_inc1(s); return s; }; } )());
</script>
<script nonce="Y346mIyU7Ic0W43">booking.jstmpl('calendar_footer_error_above_30_days', (function () { var T = ["\n","/private/sbox_error_30_night_res/name","data-","=\"","\""," data-","\u003cdiv data-component=\"onview-animate\" data-anim-type=\"fadeInBottom\"\u003e ","\u003cdiv class=\"fe_banner fe_banner__accessible ","fe_banner__scale_small ","fe_banner__w-icon ","fe_banner__w-dismiss ","fe_banner__"," ","fe_banner__w-icon-","fe_banner__bp fe_banner__inherit_font_size "," \" ","id=\"","\" ","role=\"alert\"","\u003e ","\u003ci class=\"fe_banner__icon ","\" aria-hidden=\"true\"\u003e\u003c/i\u003e ","\u003cimg class=\"fe_banner__icon\" src=\"","\"\u003e ","\u003cspan class=\"","fe_banner__icon"," \u003c/span\u003e ","\u003cdiv class=\"fe_banner__btn_container\"\u003e \u003cdiv class=\"fe_banner__btn_container_content\"\u003e ","\u003ch3 class=\"fe_banner__title\"\u003e "," \u003c/h3\u003e ","\u003cdiv class=\"fe_banner__message\"\u003e "," \u003c/div\u003e ","\u003c/div\u003e \u003cdiv class=\"fe_banner__button\"\u003e ","\u003c/div\u003e ","\u003cspan class=\"fe_banner__dismiss js-close\" role=\"button\" tabindex=\"1\" aria-label=\"","/private/a11y_cta_close_banner_new/name","\"\u003e\u003ci class=\"bicon-btnclose\"\u003e\u003c/i\u003e\u003c/span\u003e ","0","red"], V = ["fe_error_message","fe_banner__data","fe_banner__data_id","fe_banner__data_value","fe_banner__data_id_2","fe_banner__data_value_2","fe_banner__data_id_3","fe_banner__data_value_3","fe_banner__data_id_4","fe_banner__data_value_4","fe_banner__data_id_5","fe_banner__data_value_5","fe_banner__animate","fe_banner__scale","fe_banner__icon_class","fe_banner__icon_img_url","fe_banner__icon_svg","fe_banner__close_button","fe_banner__color_scheme","fe_banner__color_scheme_classes","fe_banner__icon_size","b_action","fe_banner__extra_classes","fe_banner__id","fe_banner__aria_alert","fe_banner__icon_svg_class","fe_banner__btn_include","fe_banner__title_text","fe_banner__message_text","fe_banner__banners_count"], WV, LV, VA; return function (VS) { var s = '', r = this.fn; function bookings2tmpl_inc_modules_banner_inc1(s) { s += [ '', T[0] ].join( '' ); if (r.MD(V[28])) { s += T[0]; if (r.MD(V[2])) { s += T[0]; r.MN(V[1],[ T[2], r.MB(V[2]), T[3], r.MB(V[3]), T[4] ].join( '' )); s += T[0]; } s += T[0]; if (r.MD(V[4])) { s += T[0]; r.MN(V[1],[ r.MB(V[1]), T[5], r.MB(V[4]), T[3], r.MB(V[5]), T[4] ].join( '' )); s += T[0]; } s += T[0]; if (r.MD(V[6])) { s += T[0]; r.MN(V[1],[ r.MB(V[1]), T[5], r.MB(V[6]), T[3], r.MB(V[7]), T[4] ].join( '' )); s += T[0]; } s += T[0]; if (r.MD(V[8])) { s += T[0]; r.MN(V[1],[ r.MB(V[1]), T[5], r.MB(V[8]), T[3], r.MB(V[9]), T[4] ].join( '' )); s += T[0]; } s += T[0]; if (r.MD(V[10])) { s += T[0]; r.MN(V[1],[ r.MB(V[1]), T[5], r.MB(V[10]), T[3], r.MB(V[11]), T[4] ].join( '' )); s += T[0]; } s += T[0]; if (r.MD(V[12])) { s += T[6]; } s += T[7]; { var CV = r.MB(V[13]); if ((r.MJ( CV  + "" === "" +  "small" ))) { s += T[8]; } else { } } if (( ( r.MJ(r.MB(V[14])) || r.MJ(r.MB(V[15])) ) || r.MJ(r.MB(V[16])) )) { s += T[9]; } if (r.MD(V[17])) { s += T[10]; } if (r.MJ(r.MB(V[18]))) { s += [ T[11], r.F['entities'](r.MC(V[18])), r.F['entities'](r.MC(V[19])), T[12] ].join( '' ); } if (( r.MJ(r.MB(V[14])) && r.MJ(r.MB(V[20])) )) { s += [ T[13], r.F['entities'](r.MC(V[20])), T[12] ].join( '' ); } if (( (r.MJ( r.MC(V[21])  + "" === "" +  "book" )) || (r.MJ( r.MC(V[21])  + "" === "" +  "tpi_book" )) )) { s += T[14]; } s += [ r.F['entities'](r.MC(V[22])), T[15] ].join( '' ); if (r.MD(V[23])) { s += [ T[16], r.F['entities'](r.MC(V[23])), T[17] ].join( '' ); } if (r.MD(V[1])) { s += [ r.MC(V[1]), T[12] ].join( '' ); } if (r.MD(V[24])) { s += T[18]; } s += T[19]; if (r.MD(V[14])) { s += [ T[20], r.F['entities'](r.MC(V[14])), T[21] ].join( '' ); } else if (r.MD(V[15])) { s += [ T[22], r.F['entities'](r.MC(V[15])), T[23] ].join( '' ); } else if (r.MD(V[16])) { s += T[24]; if (r.MD(V[25])) { s += r.F['entities'](r.MC(V[25])); } else  { s += T[25]; } s += [ T[23], r.MC(V[16]), T[26] ].join( '' ); } if (r.MD(V[26])) { s += T[27]; } if (r.MD(V[27])) { s += [ T[28], r.MC(V[27]), T[29] ].join( '' ); } if (r.MD(V[28])) { s += [ T[30], r.MC(V[28]), T[31] ].join( '' ); } if (r.MD(V[26])) { s += [ T[32], r.MC(V[26]), T[31] ].join( '' ); } if (r.MD(V[26])) { s += T[33]; } if (r.MD(V[17])) { s += [ T[34], r.ME(T[35], r.MB, r.MN, null), T[36] ].join( '' ); } s += T[33]; if (r.MD(V[12])) { s += T[33]; } s += T[0]; } s += T[0]; r.MN(V[18], undefined); s += T[0]; r.MN(V[14], undefined); s += T[0]; r.MN(V[15], undefined); s += T[0]; r.MN(V[16], undefined); s += T[0]; r.MN(V[20], undefined); s += T[0]; r.MN(V[27], undefined); s += T[0]; r.MN(V[28], undefined); s += T[0]; r.MN(V[26], undefined); s += T[0]; r.MN(V[17], undefined); s += T[0]; r.MN(V[23], undefined); s += T[0]; r.MN(V[22], undefined); s += T[0]; r.MN(V[13], undefined); s += T[0]; r.MN(V[2], undefined); s += T[0]; r.MN(V[3], undefined); s += T[0]; r.MN(V[4], undefined); s += T[0]; r.MN(V[5], undefined); s += T[0]; r.MN(V[6], undefined); s += T[0]; r.MN(V[7], undefined); s += T[0]; r.MN(V[8], undefined); s += T[0]; r.MN(V[9], undefined); s += T[0]; r.MN(V[10], undefined); s += T[0]; r.MN(V[11], undefined); s += T[0]; r.MN(V[19], undefined); s += T[0]; r.MN(V[1], undefined); s += T[0]; r.MN("fe_banner__banners_count", (r.MI( r.MB(V[29]) ) + r.MI( 1 ))); s += T[0]; if (( (r.MJ( r.MC(V[21])  + "" === "" +  "book" )) && r.MJ(r.track_experiment_stage("HBaMEAbXDMUBdOYZbKZTSfXPRQYO", 2)) )) { s += T[0]; } else if (r.MJ(r.track_experiment_stage("HBaMEAbXDMUBdOYZbKZTSfXPRQYO", 1))) { s += T[0]; } s += [ T[0], '', T[0] ].join( '' ); return s; } s += T[0]; r.MN(V[0],[ T[0], r.ME(T[1], r.MB, r.MN, null), T[0] ].join( '' )); s += T[0]; { VS.unshift({'fe_banner__close_button': T[37], 'fe_banner__color_scheme': T[38], 'fe_banner__message_text': r.MB(V[0])}); s = bookings2tmpl_inc_modules_banner_inc1(s); VS.shift(); } s += T[0]; return s; }; } )());
</script>
<script type='text/javascript' nonce="Y346mIyU7Ic0W43">
booking.jstmpl('viewed_hotels_sr', (function () { var T = ["\n","\n\u003cdiv class=\"sr_ivhw\"\u003e\n\u003ch2 class=\"lp_sr_viewed_hotels_header\"\u003e\n","/private/lp_your_viewed_properties_header/name","\n\u003c/h2\u003e\n","\u003cdiv class=\"sr-viewed-alert\"\u003e\n\u003cspan class=\"sr-viewed-alert__icon\"\u003e\n\u003cspan class=\"bicon-alertsquare\"\u003e\u003c/span\u003e\n\u003c/span\u003e\n\u003cspan class=\"sr-viewed-alert__content\"\u003e\n","/private/x_now_sold_out_compliant_sold_out/name","\n\u003c/span\u003e\n\u003c/div\u003e","\n\u003cul class=\"sr_ivhl\"\u003e\n",";frindrecv=1","\n\u003cli class=\"sr_ivhl_i ","sr_ivhl_i_even","\"\ndata-component=\"clickable-block\"\u003e\n\u003cdiv class=\"sr_ivhl_i_iw\"\u003e\n\u003ca href=\"","\" target=\"_blank\"\u003e\n\u003cimg src=\"","\" alt=\"","\" /\u003e\n\u003c/a\u003e\n\u003c/div\u003e\n\u003cdiv class=\"sr_ivhl_i_fw\"\u003e\n\u003ca href=\"","\" target=\"_blank\" class=\"sr_ivhl_i_name\"\u003e","\u003c/a\u003e\n\u003cdiv class=\"sr_ivhl_i_rw\"\u003e\n","\n\u003cdiv style=\"color:#fff;background:#ff0000;padding:0.5em;border-radius:0.5em;max-width:30em;\"\u003eUh oh! looks like you are giving me a formatted score value, please give me a non formatted one\u003c/div\u003e\n","","none","auto","num_reviews_sr_page"," ","/private/review_adj_superb/name","review-score-widget__","review-score-widget__score-only ","review-score-widget__12 ","review-score-widget__14 ","review-score-widget__20 ","review-score-widget__24 "," review-score-widget "," review-score-widget__no-subtext"," review-score-widget__flipped","id=\"","\"","\n\u003c","a href=\""," target=\"","span"," class=\"review-score-widget__text\" aria-label=\"","/private/a11y_adjective_rating/name","\"\u003e\n","\n\u003c/","a","\u003e\n","span\n"," class=\"review-score-widget__subtext\" aria-label=\"","/private/acc_sr_review_score_rated_with_score_end/name","\"\n\u003e\n","\n\u003cspan\n","\nclass=\""," review-score-widget__debug","\"\n","\ndata-et-view=\"","\n\u003e\n"," class=\"review-score-badge\" aria-label=\"","/private/a11y_rating_score_for_screenreader/name","\n\u003cspan class=\"review-score-widget__body\"\u003e\n","\n\u003c/span\u003e\n","small","\n\u003cp class=\"sr_ivhl_i_pw\"\u003e","\u003c/p\u003e\n","\n\u003cdiv\u003e\n\u003c/div\u003e\n\u003c/li\u003e\n","\n\u003c/ul\u003e\n\u003c/div\u003e\n"], V = ["b_soldout_seen_hotels_count","b_hotel_history","_url","b_url","b_image_url_square128","b_title","b_dev_server","score","dont_format_score","fe_text","text","fe_subtext","subtext","fe_widget_subtext","sample_size","fe_formatted_sample_size","align","wrapper_tag_name","fe_review_score_word_class_list","fe_review_score","custom_class","review_adj_very_poor","review_adj_poor","review_adj_disappointing","review_adj_average_passable","review_adj_average_okay","review_adj_pleasant","low_score_adjectives","fd_lp_header_rs","review_adj_good","review_adj_very_good","review_adj_fabulous","fe_review_score_word_copy","review_adj_exceptional","fe_widget_text","prepend_text","append_text","fe_score","prefix","fe_score_word_name","suffix","fe_classname","fe_widget_style","style","score_only","fe_widget_layout","layout","fe_widget_align","fe_widget_size","size","fe_badge_style","fe_widget_class","flip","extra_classes","fe_widget_id","widget_id","fe_rating","fe_widget_text_element","text_link_url","text_link_target","fe_rating_adj","fe_widget_subtext_element","subtext_link_url","subtext_link_target","review_score_widget","b_site_type","extra_attributes","track_view","prepend_html","badge_link_url","badge_link_target","fe_formatted_score","fe_is_alt_version","append_html","render","b_review_nr","b_review_score_detailed","lp_your_viewed_properties_price","b_has_valid_dates_not_in_past","b_price","loc_sr_viewed_properties_prices_from","b_cheapest_price_double_selected_currency","b_lang"], WV, LV, VA; return function (VS) { var s = '', r = this.fn; function bookings2components_reviews_review_score_widget_a11y_adjective_variables_inc1(s) { r.MN("fe_rating", (r.MI( r.MB(V[7]) ) + r.MI( 0 ))); s += T[0]; r.MN("fe_rating_adj", ""); s += T[0]; if (( (r.MJ( r.MB(V[56])  >=  0 )) && (r.MJ( r.MB(V[56])  <  3 )) )) { s += T[0]; r.MN("fe_rating_adj", "1"); s += T[0]; } s += T[0]; if (( (r.MJ( r.MB(V[56])  >=  3 )) && (r.MJ( r.MB(V[56])  <  4 )) )) { s += T[0]; r.MN("fe_rating_adj", "2"); s += T[0]; } s += T[0]; if (( (r.MJ( r.MB(V[56])  >=  4 )) && (r.MJ( r.MB(V[56])  <  5 )) )) { s += T[0]; r.MN("fe_rating_adj", "3"); s += T[0]; } s += T[0]; if (( (r.MJ( r.MB(V[56])  >=  5 )) && (r.MJ( r.MB(V[56])  <  5.6 )) )) { s += T[0]; r.MN("fe_rating_adj", "4"); s += T[0]; } s += T[0]; if (( (r.MJ( r.MB(V[56])  >=  5.6 )) && (r.MJ( r.MB(V[56])  <  6 )) )) { s += T[0]; r.MN("fe_rating_adj", "5"); s += T[0]; } s += T[0]; if (( (r.MJ( r.MB(V[56])  >=  6 )) && (r.MJ( r.MB(V[56])  <  7 )) )) { s += T[0]; r.MN("fe_rating_adj", "6"); s += T[0]; } s += T[0]; if (( (r.MJ( r.MB(V[56])  >=  7 )) && (r.MJ( r.MB(V[56])  <  8 )) )) { s += T[0]; r.MN("fe_rating_adj", "7"); s += T[0]; } s += T[0]; if (( (r.MJ( r.MB(V[56])  >=  8 )) && (r.MJ( r.MB(V[56])  <  8.6 )) )) { s += T[0]; r.MN("fe_rating_adj", "8"); s += T[0]; } s += T[0]; if (( (r.MJ( r.MB(V[56])  >=  8.6 )) && (r.MJ( r.MB(V[56])  <  9 )) )) { s += T[0]; r.MN("fe_rating_adj", "9"); s += T[0]; } s += T[0]; if (( (r.MJ( r.MB(V[56])  >=  9 )) && (r.MJ( r.MB(V[56])  <  9.5 )) )) { s += T[0]; r.MN("fe_rating_adj", "10"); s += T[0]; } s += T[0]; if ((r.MJ( r.MB(V[56])  >=  9.5 ))) { s += T[0]; r.MN("fe_rating_adj", "11"); s += T[0]; } return s; } function bookings2components_reviews_review_score_widget_review_score_widget_inc1(s) { s += T[0]; if (( r.MJ(r.MC(V[6])) && (r.MJ( /,/ .test( r.MB(V[7]) ))) )) { s += T[17]; } s += T[0]; if (( r.MJ(r.MB(V[8])) || (r.MJ( /,/ .test( r.MB(V[7]) ))) )) { s += T[0]; r.MN("fe_formatted_score", r.MB(V[7])); s += T[0]; } else  { s += T[0]; r.MN("fe_formatted_score", r.format_review_score_plain((r.MI( 0 ) + r.MI( r.MB(V[7]) )))); s += T[0]; } s += T[0]; { var v= ''; v += T[18]; if (r.MJ(r.MB(V[10]))) { v += r.MB(V[10]); } else  { v += T[19]; } v += T[18]; r.MN(V[9],v); } s += T[0]; { var v= ''; v += T[18]; if (r.MJ(r.MB(V[12]))) { v += T[18]; if (( (r.MJ( r.MB(V[12])  + "" !== "" +  "none" )) && (r.MJ( r.MB(V[9])  + "" === "" +  "none" )) )) { v += T[20]; } else  { v += [ T[18], r.MB(V[12]), T[18] ].join( '' ); } v += T[18]; } else  { v += T[19]; } v += T[18]; r.MN(V[11],v); } s += T[0]; { var v= ''; v += T[18]; if (( ( ( r.MJ(r.MB(V[12])) && (r.MJ( r.MB(V[12])  + "" === "" +  "auto" )) ) || r.MK(r.MB(V[12])) ) && r.MJ(r.MB(V[14])) )) { v += T[18]; r.MN("fe_formatted_sample_size", r.format_number(r.MB(V[14]))); v += [ T[18],                             ( VS.unshift({'num_reviews': r.MB(V[15])}), (VA = r.VP(T[21], r.MO((r.MI( r.MC(V[14]) ) + r.MI( 0 )), null, T[21]))), VS.shift(), VA ) , T[18] ].join( '' ); } else if (( (r.MJ( r.MB(V[12])  + "" !== "" +  "none" )) && (r.MJ( r.MB(V[12])  + "" !== "" +  "auto" )) )) { v += [ T[18], r.MB(V[12]), T[18] ].join( '' ); } v += T[18]; r.MN(V[13],v); } s += T[0]; r.MN("fe_is_alt_version", (r.MJ( r.MB(V[16])  + "" === "" +  "right" ))); s += T[0]; { VS.unshift({'low_score_adjectives': r.MB(V[27]), 'score': (r.MI( 0 ) + r.MI( r.MB(V[7]) ))}); s = bookings2components_reviews_shared_review_score_word_review_score_word_inc1(s); VS.shift(); } s += T[0]; { var v= ''; v += T[18]; if (( ( r.MJ(r.MB(V[10])) && (r.MJ( r.MB(V[10])  + "" === "" +  "auto" )) ) || ( ( r.MK(r.MB(V[10])) || (r.MJ( r.MB(V[10])  + "" === "" +  "none" )) ) && (r.MJ( r.MB(V[13])  + "" !== "" +  "" )) ) )) { v += [ T[18], r.MB(V[32]), T[18] ].join( '' ); } else if (( r.MJ(r.MB(V[10])) && (r.MJ( r.MB(V[10])  + "" !== "" +  "none" )) )) { v += [ T[18], r.MB(V[10]), T[18] ].join( '' ); } v += T[18]; r.MN(V[34],v); } s += T[0]; if (r.MD(V[34])) { s += T[0]; r.MN("fe_widget_text", ( ( r.MB(V[35])  + "" +  r.MB(V[34]) )  + "" +  r.MB(V[36]) )); s += T[0]; } s += T[0]; r.MN("score_only", ( (r.MJ( r.MB(V[34])  + "" === "" +  "" ))  &&  (r.MJ( r.MB(V[13])  + "" === "" +  "" )) )); s += T[0]; { VS.unshift({'prefix': T[24], 'score': (r.MI( 0 ) + r.MI( r.MB(V[7]) ))}); s = bookings2components_reviews_shared_review_score_classname_review_score_classname_inc1(s); VS.shift(); } s += T[0]; r.MN("fe_widget_class", r.MB(V[41])); s += T[0]; if ((r.MJ( r.MB(V[7])  <  1 ))) { s += T[0]; r.MN("fe_widget_class", "review-score-widget__empty"); s += T[0]; } s += T[0]; { var v= ''; if (r.MD(V[43])) { v += [ T[24], r.F['entities'](r.MB(V[43])), T[22] ].join( '' ); } if (r.MD(V[44])) { v += T[25]; } r.MN(V[42],v); } s += T[0]; { var v= ''; if (( r.MJ(r.MB(V[46])) && r.MK(r.MB(V[44])) )) { v += [ T[24], r.F['entities'](r.MB(V[46])), T[22] ].join( '' ); } r.MN(V[45],v); } s += T[0]; { var v= ''; if (( (r.MJ( r.MB(V[16])  + "" === "" +  "right" )) && r.MK(r.MB(V[44])) )) { v += [ T[24], r.F['entities'](r.MB(V[16])), T[22] ].join( '' ); } r.MN(V[47],v); } s += T[0]; { var v= ''; if ((r.MJ( r.MB(V[49])  + "" === "" +  "smaller" ))) { v += T[26]; } else if ((r.MJ( r.MB(V[49])  + "" === "" +  "small" ))) { v += T[27]; } else if ((r.MJ( r.MB(V[49])  + "" === "" +  "large" ))) { v += T[28]; } else if ((r.MJ( r.MB(V[49])  + "" === "" +  "larger" ))) { v += T[29]; } else  { } r.MN(V[48],v); } s += T[0]; { var v= ''; if (( (r.MJ( r.MB(V[43])  + "" === "" +  "outlined" )) || (r.MJ( r.MB(V[43])  + "" === "" +  "text-only" )) )) { v += [ r.F['entities'](r.MB(V[43])), T[22] ].join( '' ); } r.MN(V[50],v); } s += T[0]; { var v= ''; v += [ T[30], r.F['entities'](r.MB(V[51])), T[22], r.F['entities'](r.MB(V[42])), T[22], r.F['entities'](r.MB(V[45])), T[22], r.F['entities'](r.MB(V[47])), T[22], r.F['entities'](r.MB(V[48])), T[22] ].join( '' ); if (r.MK(r.MB(V[13]))) { v += T[31]; } v += T[22]; if (r.MD(V[52])) { v += T[32]; } v += T[22]; if (r.MD(V[53])) { v += [ T[22], r.F['entities'](r.MB(V[53])) ].join( '' ); } v += T[22]; r.MN(V[51],v); } s += T[0]; { var v= ''; if (r.MD(V[55])) { v += [ T[33], r.MB(V[55]), T[34] ].join( '' ); } r.MN(V[54],v); } s += T[0]; s = bookings2components_reviews_review_score_widget_a11y_adjective_variables_inc1(s); s += T[0]; s += T[0]; { var v= ''; v += T[0]; if (r.MD(V[34])) { v += T[35]; if (r.MD(V[58])) { v += [ T[36], r.MB(V[58]), T[34] ].join( '' ); if (r.MD(V[59])) { v += [ T[37], r.MB(V[59]), T[34] ].join( '' ); } } else  { v += T[38]; } v += [ T[39],                             ( VS.unshift({'rating_adjective': r.MB(V[60])}), (VA = r.ME(T[40], r.MB, r.MN, null)), VS.shift(), VA ) , T[41], r.MB(V[34]), T[42] ].join( '' ); if (r.MD(V[58])) { v += T[43]; } else  { v += T[38]; } v += T[44]; } v += T[0]; r.MN(V[57],v); } s += T[0]; { var v= ''; v += T[0]; if (r.MD(V[13])) { v += T[35]; if (r.MD(V[62])) { v += [ T[36], r.MB(V[62]), T[34] ].join( '' ); if (r.MD(V[63])) { v += [ T[37], r.MB(V[63]), T[34] ].join( '' ); } } else  { v += T[45]; } v += [ T[46],                             ( VS.unshift({'num_reviews': r.MB(V[15])}), (VA = r.ME(T[47], r.MB, r.MN, null)), VS.shift(), VA ) , T[48], r.F['entities'](r.MB(V[13])), T[42] ].join( '' ); if (r.MD(V[62])) { v += T[43]; } else  { v += T[38]; } v += T[44]; } v += T[0]; r.MN(V[61],v); } s += T[0]; { var v= ''; v += [ T[49], r.MB(V[54]), T[50] ].join( '' ); v += r.F['entities'](r.MB(V[51])); if (( r.MJ(r.MC(V[6])) && ( (r.MJ( r.MC(V[65])  + "" === "" +  "www" )) && (r.MJ( 1  ==  2 )) ) )) { v += T[51]; } v += T[52]; if (r.MD(V[66])) { v += [ T[0], r.MB(V[66]), T[0] ].join( '' ); } v += T[0]; if (r.MD(V[67])) { v += [ T[53], r.MC(V[67]), T[52] ].join( '' ); } v += T[54]; if ((r.MJ( r.MB(V[7])  <  1 ))) { v += T[0]; } else  { v += T[0]; if (r.MD(V[68])) { v += [ T[0], r.MB(V[68]), T[0] ].join( '' ); } v += T[0]; if (r.MD(V[72])) { v += T[0]; if ((r.MJ( r.MB(V[46])  + "" === "" +  "inline" ))) { v += [ T[0], r.MB(V[61]), T[0], r.MB(V[57]), T[0] ].join( '' ); v = fe_review_score_badge_element1(v); v += T[0]; } else  { v += T[0]; if ((r.MJ( r.MB(V[43])  + "" === "" +  "text-only" ))) { v += [ T[0], r.MB(V[57]), T[0] ].join( '' ); v = fe_review_score_badge_element2(v); v += [ T[0], r.MB(V[61]), T[0] ].join( '' ); } else  { v += T[0]; if (( r.MJ(r.MB(V[34])) || r.MJ(r.MB(V[13])) )) { v += [ T[57], r.MB(V[57]), T[0], r.MB(V[61]), T[58] ].join( '' ); } v += T[0]; v = fe_review_score_badge_element2(v); v += T[0]; } v += T[0]; } v += T[0]; } else  { v += T[0]; if (( (r.MJ( r.MB(V[43])  + "" === "" +  "text-only" )) || (r.MJ( r.MB(V[46])  + "" === "" +  "inline" )) )) { v += T[0]; v = fe_review_score_badge_element1(v); v += [ T[0], r.MB(V[57]), T[0], r.MB(V[61]), T[0] ].join( '' ); } else  { v += T[0]; v = fe_review_score_badge_element1(v); v += T[0]; if (( r.MJ(r.MB(V[34])) || r.MJ(r.MB(V[13])) )) { v += [ T[57], r.MB(V[57]), T[0], r.MB(V[61]), T[58] ].join( '' ); } v += T[0]; } v += T[0]; } v += T[0]; if (r.MD(V[73])) { v += [ T[0], r.MB(V[73]), T[0] ].join( '' ); } v += T[0]; } v += T[58]; r.MN(V[64],v); } s += T[0]; r.MN(V[10], undefined); s += T[0]; r.MN(V[12], undefined); s += T[0]; r.MN(V[7], undefined); s += T[0]; r.MN(V[14], undefined); s += T[0]; r.MN(V[74], undefined); s += T[0]; r.MN(V[53], undefined); s += T[0]; r.MN(V[66], undefined); s += T[0]; r.MN(V[49], undefined); s += T[0]; r.MN(V[43], undefined); s += T[0]; r.MN(V[46], undefined); s += T[0]; r.MN(V[16], undefined); s += T[0]; r.MN(V[27], undefined); s += T[0]; r.MN(V[55], undefined); s += T[0]; if ((r.MJ( r.MB(V[74])  + "" === "" +  "no" ))) { s += T[0]; } else  { s += [ T[0], r.MB(V[64]), T[0] ].join( '' ); } s += T[0]; return s; } function bookings2components_reviews_shared_review_score_word_review_score_word_inc1(s) { s += T[0]; r.MN("fe_review_score", (r.MI( r.MB(V[7]) ) + r.MI( 0 ))); s += T[0]; r.MN("fe_review_score_word_tag", ( r.MB(V[17]) || "p" )); s += T[0]; r.MN("fe_review_score_word_class_list", "review-score-word"); s += T[0]; if ((r.MJ( r.MB(V[19])  >=  7 ))) { s += T[0]; r.MN("fe_review_score_word_class_list", ( r.MB(V[18])  + "" +  " review-score-word--highlighted" )); s += T[0]; } s += T[0]; if (r.MD(V[20])) { s += T[0]; r.MN("fe_review_score_word_class_list", ( ( r.MB(V[18])  + "" +  " " )  + "" +  r.MB(V[20]) )); s += T[0]; } s += T[0]; if (r.MD(V[27])) { s += T[0]; if (( (r.MJ( r.MB(V[19])  >=  0 )) && (r.MJ( r.MB(V[19])  <  3 )) )) { s += T[22]; r.MN("fe_review_score_word_copy", r.MB(V[21])); s += T[22]; } s += T[0]; if (( (r.MJ( r.MB(V[19])  >=  3 )) && (r.MJ( r.MB(V[19])  <  4 )) )) { s += T[22]; r.MN("fe_review_score_word_copy", r.MB(V[22])); s += T[22]; } s += T[0]; if (( (r.MJ( r.MB(V[19])  >=  4 )) && (r.MJ( r.MB(V[19])  <  5 )) )) { s += T[22]; r.MN("fe_review_score_word_copy", r.MB(V[23])); s += T[22]; } s += T[0]; if (( (r.MJ( r.MB(V[19])  >=  5 )) && (r.MJ( r.MB(V[19])  <  5.6 )) )) { s += T[22]; r.MN("fe_review_score_word_copy", r.MB(V[24])); s += T[22]; } s += T[0]; if (( (r.MJ( r.MB(V[19])  >=  5.6 )) && (r.MJ( r.MB(V[19])  <  6 )) )) { s += T[22]; r.MN("fe_review_score_word_copy", r.MB(V[25])); s += T[22]; } s += T[0]; if (( (r.MJ( r.MB(V[19])  >=  6 )) && (r.MJ( r.MB(V[19])  <  7 )) )) { s += T[22]; r.MN("fe_review_score_word_copy", r.MB(V[26])); s += T[22]; } s += T[0]; } else  { s += T[0]; if (( (r.MJ( r.MB(V[19])  >=  0 )) && (r.MJ( r.MB(V[19])  <  7 )) )) { s += T[22]; r.MN("fe_review_score_word_copy", r.MB(V[28])); s += T[22]; } s += T[0]; } s += T[0]; if (( (r.MJ( r.MB(V[19])  >=  7 )) && (r.MJ( r.MB(V[19])  <  8 )) )) { s += T[22]; r.MN("fe_review_score_word_copy", r.MB(V[29])); s += T[22]; } s += T[0]; if (( (r.MJ( r.MB(V[19])  >=  8 )) && (r.MJ( r.MB(V[19])  <  8.6 )) )) { s += T[22]; r.MN("fe_review_score_word_copy", r.MB(V[30])); s += T[22]; } s += T[0]; if (( (r.MJ( r.MB(V[19])  >=  8.6 )) && (r.MJ( r.MB(V[19])  <  9 )) )) { s += T[22]; r.MN("fe_review_score_word_copy", r.MB(V[31])); s += T[22]; } s += T[0]; if (( (r.MJ( r.MB(V[19])  >=  9 )) && (r.MJ( r.MB(V[19])  <  9.5 )) )) { s += T[22]; r.MN(V[32],r.ME(T[23], r.MB, r.MN, null)); s += T[22]; } s += T[0]; if ((r.MJ( r.MB(V[19])  >=  9.5 ))) { s += T[22]; r.MN("fe_review_score_word_copy", r.MB(V[33])); s += T[22]; } s += T[0]; s += T[0]; return s; } function bookings2components_reviews_shared_review_score_classname_review_score_classname_inc1(s) { s += T[0]; r.MN("fe_score", (r.MI( r.MB(V[7]) ) + r.MI( 0 ))); s += T[0]; r.MN("fe_score_word_name", ""); s += T[0]; if (( (r.MJ( r.MB(V[37])  >=  0 )) && (r.MJ( r.MB(V[37])  <  3 )) )) { s += T[0]; r.MN("fe_score_word_name", "very_poor"); s += T[0]; } s += T[0]; if (( (r.MJ( r.MB(V[37])  >=  3 )) && (r.MJ( r.MB(V[37])  <  4 )) )) { s += T[0]; r.MN("fe_score_word_name", "poor"); s += T[0]; } s += T[0]; if (( (r.MJ( r.MB(V[37])  >=  4 )) && (r.MJ( r.MB(V[37])  <  5 )) )) { s += T[0]; r.MN("fe_score_word_name", "disappointing"); s += T[0]; } s += T[0]; if (( (r.MJ( r.MB(V[37])  >=  5 )) && (r.MJ( r.MB(V[37])  <  5.6 )) )) { s += T[0]; r.MN("fe_score_word_name", "average_passable"); s += T[0]; } s += T[0]; if (( (r.MJ( r.MB(V[37])  >=  5.6 )) && (r.MJ( r.MB(V[37])  <  6 )) )) { s += T[0]; r.MN("fe_score_word_name", "average_okay"); s += T[0]; } s += T[0]; if (( (r.MJ( r.MB(V[37])  >=  6 )) && (r.MJ( r.MB(V[37])  <  7 )) )) { s += T[0]; r.MN("fe_score_word_name", "pleasant"); s += T[0]; } s += T[0]; if (( (r.MJ( r.MB(V[37])  >=  7 )) && (r.MJ( r.MB(V[37])  <  8 )) )) { s += T[0]; r.MN("fe_score_word_name", "good"); s += T[0]; } s += T[0]; if (( (r.MJ( r.MB(V[37])  >=  8 )) && (r.MJ( r.MB(V[37])  <  8.6 )) )) { s += T[0]; r.MN("fe_score_word_name", "very_good"); s += T[0]; } s += T[0]; if (( (r.MJ( r.MB(V[37])  >=  8.6 )) && (r.MJ( r.MB(V[37])  <  9 )) )) { s += T[0]; r.MN("fe_score_word_name", "fabulous"); s += T[0]; } s += T[0]; if (( (r.MJ( r.MB(V[37])  >=  9 )) && (r.MJ( r.MB(V[37])  <  9.5 )) )) { s += T[0]; r.MN("fe_score_word_name", "superb"); s += T[0]; } s += T[0]; if ((r.MJ( r.MB(V[37])  >=  9.5 ))) { s += T[0]; r.MN("fe_score_word_name", "exceptional"); s += T[0]; } s += T[0]; r.MN("fe_classname", ""); s += T[0]; if (( (r.MJ( r.MB(V[37])  >=  0 )) && (r.MJ( r.MB(V[37])  <=  10 )) )) { s += T[0]; r.MN("fe_classname", ( ( r.MB(V[38])  + "" +  r.MB(V[39]) )  + "" +  r.MB(V[40]) )); s += T[0]; if ((r.MJ( r.MB(V[37])  <  7 ))) { s += T[0]; r.MN("fe_classname", ( ( ( ( r.MB(V[41])  + "" +  " " )  + "" +  r.MB(V[38]) )  + "" +  "low" )  + "" +  r.MB(V[40]) )); s += T[0]; } s += T[0]; } s += T[0]; return s; } function fe_review_score_badge_element2(s) { s += T[35]; if (r.MD(V[69])) { s += [ T[36], r.MB(V[69]), T[34] ].join( '' ); if (r.MD(V[70])) { s += [ T[37], r.MB(V[70]), T[34] ].join( '' ); } } else  { s += T[38]; } s += [ T[55],                                         ( VS.unshift({'review_score_number': r.MB(V[71])}), (VA = r.ME(T[56], r.MB, r.MN, null)), VS.shift(), VA ) , T[41], r.F['entities'](r.MB(V[71])), T[42] ].join( '' ); if (r.MD(V[69])) { s += T[43]; } else  { s += T[38]; } s += T[44]; return s; } function fe_review_score_badge_element1(s) { s += T[35]; if (r.MD(V[69])) { s += [ T[36], r.MB(V[69]), T[34] ].join( '' ); if (r.MD(V[70])) { s += [ T[37], r.MB(V[70]), T[34] ].join( '' ); } } else  { s += T[38]; } s += [ T[55],                                     ( VS.unshift({'review_score_number': r.MB(V[71])}), (VA = r.ME(T[56], r.MB, r.MN, null)), VS.shift(), VA ) , T[41], r.F['entities'](r.MB(V[71])), T[42] ].join( '' ); if (r.MD(V[69])) { s += T[43]; } else  { s += T[38]; } s += T[44]; return s; } function bookings2tmpl_inc_searchresults_lp_sr_inject_viewed_hotels_inc1(s) { s += [ T[1], r.ME(T[2], r.MB, r.MN, null), T[3] ].join( '' ); if (r.MJ(r.MC(V[0]))) { s += T[0]; s = exp_puf_d_sr_seen_hotels_soldout_inc1(s); s += T[0]; } s += T[7]; { var LA= ( r.MC(V[1]) || [] ); VS.unshift(null); for(var LC=1, LM= LA.length; LC <= LM; LC++) { VS[0]= LA[LC - 1]; s += T[0]; r.MN(V[2],[ r.MC(V[3]), T[8] ].join( '' )); s += T[9]; if ((r.MJ( (r.MI( LC ) % r.MI( 2 ))  ==  0 ))) { s += T[10]; } s += [ T[11], r.MB(V[2]), T[12], r.STATIC_HOSTNAME(r.MC(V[4]), 0,0,0,0), T[13], r.F['html'](r.MC(V[5])), T[14], r.MB(V[2]), T[15], r.F['html'](r.MC(V[5])), T[16] ].join( '' ); if (r.MD(V[76])) { s += T[0]; { VS.unshift({'sample_size': r.MC(V[75]), 'score': r.MC(V[76]), 'size': T[59]}); s = bookings2components_reviews_review_score_widget_review_score_widget_inc1(s); VS.shift(); } s += T[0]; } s += T[0]; if (( r.MJ(r.MC(V[78])) && r.MJ(r.MC(V[79])) )) { s += [ T[60], r.MB(V[77]), T[61] ].join( '' ); } else if (( r.MJ(r.MC(V[78])) && r.MJ(r.MC(V[81])) )) { s += T[0]; if ((r.MJ( r.MC(V[82])  + "" !== "" +  "ja" ))) { s += [ T[60],                         ( VS.unshift({'b_price': r.MC(V[81])}), (VA = r.MB(V[80])), VS.shift(), VA ) , T[61] ].join( '' ); } else  { s += [ T[60],                         ( VS.unshift({'b_price': r.MC(V[81])}), (VA = r.MB(V[77])), VS.shift(), VA ) , T[61] ].join( '' ); } s += T[0]; } s += T[62]; } VS.shift(); } s += T[63]; return s; } function exp_puf_d_sr_seen_hotels_soldout_inc1(s) { s += [ T[4],             ( VS.unshift({'num_sold_out': r.MC(V[0])}), (VA = r.ME(T[5], r.MB, r.MN, null)), VS.shift(), VA ) , T[6] ].join( '' ); return s; } s += T[0]; s = bookings2tmpl_inc_searchresults_lp_sr_inject_viewed_hotels_inc1(s); s += T[0]; return s; }; } )());
</script>
<script type='text/javascript' nonce="Y346mIyU7Ic0W43">
booking.jstmpl('lists_recently_viewed', (function () { var T = ["\n","'","\n\u003cdiv class=\"save-recently-viewed-container\"\u003e\n\u003cdiv class=\"save-recently-viewed-button-container\"\u003e\n\u003cp\u003e","\u003c/p\u003e\n\u003cbutton class=\"b-button b-button_primary save-recently-viewed js-save-recently-viewed ","disabled","\"\ntype=\"submit\"\ntitle=\"","\"\u003e\n\u003cspan class=\"b-button__text\"\u003e","\u003c/span\u003e\n\u003c/button\u003e\n\u003cimg class=\"js-add-recently-viewed-to-list-loader loader g-hidden\" src=\"","\" /\u003e\n\u003c/div\u003e\n\u003cdiv class=\"save-recently-viewed-container-clear\"\u003e\u003c/div\u003e\n\u003cdiv class=\"wl-oz wl-anim wl-wrap\" id=\"wl-saved-recently-viewed-message\" ","style=\"height:auto;\""," \u003e\n\u003cp class=\"wl-msg wl-msg-ok\"\u003e\n\u003cspan class=\"js-added-recently-viewed-message\"\u003e","\u003c/span\u003e.\n\u003ca href=\"","\" class=\"js-open-list\"\u003e","\u003c/a\u003e.\n\u003c/p\u003e\n\u003c/div\u003e\n\u003c/div\u003e\n"], V = ["name_of_list","recently_viewed_list_name","recently_viewed_list_button_text","recently_viewed_list_v3","recently_viewed_list_saved_text","recently_viewed_list_variableopt_2","properties_length","recently_viewed_list_v4","recently_viewed_list_variableopt_1","recently_viewed_list_v2","success","wl_recently_viewed_loader","recently_viewed_list_url","recently_viewed_list_v7"], WV, LV, VA; return function (VS) { var s = '', r = this.fn; function bookings2components_lists_lists_recently_viewed_lists_recently_viewed_inc1(s) { r.MN(V[0],[ T[1], r.MB(V[1]), T[1] ].join( '' )); s += T[0]; if ((r.MJ( r.MB(V[6])  >  1 ))) { s += T[0]; r.MN(V[2],r.MB(V[3])); s += T[0]; r.MN(V[4],r.MB(V[5])); s += T[0]; } else  { s += T[0]; r.MN(V[2],r.MB(V[7])); s += T[0]; r.MN(V[4],r.MB(V[8])); s += T[0]; } s += [ T[2], r.MB(V[9]), T[3] ].join( '' ); if (r.MD(V[10])) { s += T[4]; } s += [ T[5], r.MB(V[2]), T[6], r.MB(V[2]), T[7], r.MB(V[11]), T[8] ].join( '' ); if (r.MD(V[10])) { s += T[9]; } s += [ T[10], r.MB(V[4]), T[11], r.MB(V[12]), T[12], r.MB(V[13]), T[13] ].join( '' ); return s; } s += T[0]; s = bookings2components_lists_lists_recently_viewed_lists_recently_viewed_inc1(s); s += T[0]; return s; }; } )());
</script>
<script type='text/javascript' nonce="Y346mIyU7Ic0W43">
booking.jstmpl('virtual_3d_tour_container', (function () { var T = ["\n\u003cdiv class=\"txp-vt-wrap\"\u003e\n","\n\u003cdiv class=\"txp-vt-help-wrap\"\u003e\n\u003cspan class=\"txp-vt-help\"\u003e\n\u003ci class=\"txp-vt-help-icn\"\u003e\n","\n","streamline/arrow_right","streamline/arrow_left","\n\u003c/i\u003e\n\u003cp class=\"txp-vt-help-copy\"\u003e\n","/private/bhpmc_gallery_virtual_tour_instructions/name","\n\u003c/p\u003e\n\u003ci class=\"txp-vt-help-icn\"\u003e\n","\n\u003c/i\u003e\n\u003c/span\u003e\n\u003c/div\u003e\n","\n\u003ciframe frameborder=\"0\" width=\"","\" height=\"","\" allowfullscreen src=\"","\" \u003e\u003c/iframe\u003e\n\u003c/div\u003e\n"], V = ["lang","show_help_message","width","height","url"], WV, LV, VA; return function (VS) { var s = '', r = this.fn; s += T[0]; if (r.MD(V[1])) { s += T[1]; if (r.MJ(r.MB(V[0]))) { s += [ T[2],                 ( VS.unshift({'name': T[3]}), (VA = r.HELPER("icon", VS[0])), VS.shift(), VA ) , T[2] ].join( '' ); } else  { s += [ T[2],                 ( VS.unshift({'name': T[4]}), (VA = r.HELPER("icon", VS[0])), VS.shift(), VA ) , T[2] ].join( '' ); } s += [ T[5], r.ME(T[6], r.MB, r.MN, null), T[7] ].join( '' ); if (r.MJ(r.MB(V[0]))) { s += [ T[2],                 ( VS.unshift({'name': T[4]}), (VA = r.HELPER("icon", VS[0])), VS.shift(), VA ) , T[2] ].join( '' ); } else  { s += [ T[2],                 ( VS.unshift({'name': T[3]}), (VA = r.HELPER("icon", VS[0])), VS.shift(), VA ) , T[2] ].join( '' ); } s += T[8]; } s += [ T[9], r.F['entities'](r.MB(V[2])), T[10], r.F['entities'](r.MB(V[3])), T[11], r.F['entities'](r.MB(V[4])), T[12] ].join( '' ); return s; }; } )());
</script>
<script type='text/javascript' nonce="Y346mIyU7Ic0W43">
booking.jstmpl('virtual_tour_help_banner', (function () { var T = ["\n\u003cdiv class=\"txp-vt-help-wrap\"\u003e\n\u003cspan id="," class=\"txp-vt-help\"\u003e\n\u003ci class=\"txp-vt-help-icn\"\u003e\n","\n","streamline/arrow_right","streamline/arrow_left","\n\u003c/i\u003e\n\u003cp class=\"txp-vt-help-copy\"\u003e\n","/private/bhpmc_gallery_virtual_tour_instructions/name","\n\u003c/p\u003e\n\u003ci class=\"txp-vt-help-icn\"\u003e\n","\n\u003c/i\u003e\n\u003c/span\u003e\n\u003c/div\u003e\n"], V = ["message_id","lang"], WV, LV, VA; return function (VS) { var s = '', r = this.fn; s += [ T[0], r.F['entities'](r.MB(V[0])), T[1] ].join( '' ); if (r.MJ(r.MB(V[1]))) { s += [ T[2],             ( VS.unshift({'name': T[3]}), (VA = r.HELPER("icon", VS[0])), VS.shift(), VA ) , T[2] ].join( '' ); } else  { s += [ T[2],             ( VS.unshift({'name': T[4]}), (VA = r.HELPER("icon", VS[0])), VS.shift(), VA ) , T[2] ].join( '' ); } s += [ T[5], r.ME(T[6], r.MB, r.MN, null), T[7] ].join( '' ); if (r.MJ(r.MB(V[1]))) { s += [ T[2],             ( VS.unshift({'name': T[4]}), (VA = r.HELPER("icon", VS[0])), VS.shift(), VA ) , T[2] ].join( '' ); } else  { s += [ T[2],             ( VS.unshift({'name': T[3]}), (VA = r.HELPER("icon", VS[0])), VS.shift(), VA ) , T[2] ].join( '' ); } s += T[8]; return s; }; } )());
</script>
<script nonce="Y346mIyU7Ic0W43">
(function(B){
var tmp = B._onfly || [], fn;
for (var i = 0, l = tmp.length; i < l; i++) {
if (typeof tmp[i] === 'function') tmp[i].call(B);
}
B._onfly = null;
}(booking));
</script>
<script nonce="Y346mIyU7Ic0W43">
(function(B){
var jstmpl = B && B.jstmpl,
translations = jstmpl && jstmpl.translations;
translations && translations.set && translations.set({"rocketmiles_components":{"language_exception_cobrand_default_1_header_rt":{"header_rt":"{fe_program_name} deals on {n_rooms} room"},"cobrand_default":{"header_rt":"Special Offers from {start_bold}{fe_program_name}{end_bold}","header_sr":"{num} properties feature {start_bold}Special Offers{end_bold}","badge_discount":"Enjoy {reward_amount}% off","header_tooltip_badge":"Booking.com gives you a greater choice by featuring Special Offers from our trusted partner {fe_program_name}.","badge_cashback":"Earn {reward_amount} back","badge_discount_special_offer":"Special Offer","badge_miles":"Earn {reward_amount} miles"},"language_exception_cobrand_default_1_badge_cashback":{"badge_cashback":"Earn {reward_amount} back"},"language_exception_cobrand_default_1_badge_discount":{"badge_discount":"Enjoy {reward_amount}% off"},"language_exception_cobrand_default_1_badge_miles":{"badge_miles":"Earn {reward_amount} mile"},"language_exception_cobrand_default_1_header_sr":{"header_sr":"{num} property features {start_bold}Special Offers{end_bold}"}},"private":{"review_score":"Top Reviewed","ski_dc_airport__distance_new_tag_web":"{airport_name} ({airport_code}) – {airport_distance}","raf_friend_lightbox_step_3":"Step 3","bb_srcard_distance_from_current":"{distance_from_current} from {city_name}","ski_weather_typical_weather_in_month_header":"Usual weather {/month_for_formatted_date/[month]/in_month_lc}","paycom_validate_tpv_billing_address_state_or_province":"Enter a valid state/province","a11y_cta_close_banner_new":"Close banner","auth_next_step_error_wrong_verification_code":"Enter a valid verification code","maps_free_capitals_cancellation":"Free cancellation","language_exception_ski_multi_resort_dc_back_to_properties_1":"Back to property","d_dmw_wl_sign_in_save_properties_multi_device_subhead":"{start_link_1}Sign in{end_link_1} or {start_link_2}register{end_link_2} to sync your saved properties to any device","iq_sbox_error_cars_departure_date_too_far_future":"Your pick-up date was too far in the future – try again.","beach_review_adj_disappointing":"Disappointing beach","raf_desktop_friend_modal_step_one_header":"Book Your Accommodations","language_exception_bh_m_sxp_calendar_date_select_num_weeks_1":"({num_weeks} week)","raf_friend_landing_modal_after_saving_button":"Remove this reward","gsb_hp_book_now_cta_holiday":"{num} vacation homes for {group_recommendation_price}","language_exception_bh_gwe_sr_privacy_private_room_1":"Private room","language_exception_ski_sr_date_reco_num_properties_1":"{num_properties} property available","language_exception_bh_gwe_sr_privacy_shared_bathroom_room_1":"Room with shared bathroom","search_sbox_abandoned_search_open_tab_message_refresh_cta":"Refresh now","msg_cancelled_booking_label":"Canceled","sr_sbox_flex_dates_choose_days_footer":"Select preferred days","lists_save_this_list":"Do you want to save this list?","loc_sr_filter_budget_applied_filter_from_to":"From {from_value} - to {to_value}","bbt_sr_legend_address":"Saved Address","sr_ss_sbox_no_text_error":"Type what you need to perform your search.","bbg_sr_business_filter_save":"Save these business filters?","raf_desktop_friend_modal_step_three":"Get Your Cash","deals_price_watch1":"Price Watch","bbg_sr_business_filter_select_desc":"Find perfect properties faster with custom business filters.","language_exception_iq_sbox_flights_travellers_1":"{num_travellers} traveler","list_my_lists_onbaording_box_save":"Save","lp_sxp_sb_calendar_drop_off":"Drop-off","language_exception_bh_gwe_sr_privacy_private_apartment_1":"Private apartment","maps_none_available_search_different":"Search for a different location","language_exception_destination_finder_theme_endorsements_1":"{start_style}1{end_style} guest has endorsed this place for {start_style}\"{theme_name}\"{end_style}","ski_sr_overlay_ski_resorts_trail_distance":"{trail_distance} of trails","d_dmw_wl_select_dates_view_prices_cta":"Select dates to see prices","maps_city_centre_indicator":"Downtown/center of {city_name}","checkout_form_cardholder_name":"Cardholder's Name","language_exception_bh_prd_sr_card_weeks_above_price_1":"{num_weeks} week","d_dmw_wl_simple_steps_head":"Here are 3 simple steps to get you started:","beach_property_banner_beachesnearby":"Beaches nearby","auth_next_step_send_code_cta":"Resend verification code","bhee_sr_extend_stay_banner_body":"{num}% of properties in {city_name} are unavailable for 1 night stays on your dates. Click the suggested dates to extend your stay and discover these properties.","ski_weather_type_overcast":"Overcast","checkout_pay_bs3_error_no_reason":"Sorry, we were not able to take your payment.","language_exception_sbox_num_children_0":"{num_children} children","language_exception_gsb_hp_book_now_cta_chalet_1":"{num} chalet for {group_recommendation_price}","sbox_age_of_child_popup_header":"Find the Best Deals","language_exception_m_ski_overlay_machine_cover_1":"{number_snow_cannons} snow machine covering {percentage_of_covering}% of the slopes ","language_exception_tdot_sr_from_centre_location_1":"1 mi from the center","auth_2fa_recovery_flow_confirm_phone_number_header":"Confirm Phone Number","lists_add_to_list":"Save the property","language_exception_pex_flights_sb_num_travellers_1":"{num_travel} traveler","beach_sr_recovery_banner_header":"Surfing, swimming, sunsets, and more – discover your perfect beach destination","language_exception_bh_gwe_sr_card_entire_unit_suite_1":"Entire suites","comp_fd_lp_header_rs":"Review score","language_exception_sbox_calendar_num_nights_2_1":"from {start_bold}{checkin_date}{end_bold} to {start_bold}{checkout_date}{end_bold} ({num_nights}-night stay).","language_exception_sxp_lp_sbox_num_adults_1":"{num_adults} Adult","lp_your_viewed_properties_price":"Total price from {b_price}","group_change":"Change","ar_islamic_calendar_two_months":"{first_hijri_month}/{second_hijri_month} {year}","search_xp_sb_manual_tooltip_year":"Year of stay","checkout_success_card_saved":"Your card has been saved","raf_desktop_friend_modal_step_two_header":"Enjoy Your Stay","lists_room_type_lightbox_hotel":"{number_of_rooms} room types available","bh_sr_quality_explanationv3":"Awarded to {start_bold}home and apartment-like properties{end_bold} by {b_companyname}. These represent quality ratings based on factors like facilities, size, location, and service.","iq_sbox_accomm_check_out":"Check-out","language_exception_bh_gwe_sr_privacy_entire_bungalow_1":"Entire bungalow","language_exception_hotel_header_new_num_reviews_1":"1 review","msg_lc_notification_in_browser":"{agentname} from Customer Service","ar_islamic_calendar_muharram":"Muharram","hp_book_button_reserve":"Book now","ski_maps_ddot_lift_name":"Ski lift","raf_instant_discount_flex_modal_cta_signin_register":"Sign in or register","lists_sign_in_to_see_2":"Sign in to keep properties bookmarked on all devices.","raf_desktop_friend_landing_banner_minimum_spend":"*Minimum spend of {minimum_spend}","bh_gwe_sr_card_entire_unit_villa":"{num} entire villas","sr_star_rating_tooltip_legal":"Accommodation's star rating displayed on Booking.com is not determined by Booking.com – learn more by viewing our Terms & Conditions.","msg_privacy_policy_en_only":"Privacy Policy and Terms of Use","vm_pb_details_earn_voucher_title":"{start_bold}You'll earn a{end_bold} {start_style}{amount_with_currency_post} voucher{end_style}","wl_view_list":"View list","lp_your_viewed_properties_header":"Your Viewed Properties","search_sbox_abandoned_search_open_tab_message":"Whoops – something went wrong. Let's refresh this page to get things up and running again.","maps_none_available_try_following":"Try the following to get results:","iq_sbox_cars_year_of_arrival":"Year of drop-off","lists_room_type_lightbox_room":"{number_of_rooms} more room types","pb_google_place_art_gallery":"Art gallery","iq_sbox_cars_month_of_arrival":"Month of drop-off","pd_rt_credit_message_in_total_column":"Earn {amount_with_currency} Credits","paycom_form_new_card":"Use new card","vm_pb_rewards_header_voucher":"{amount_with_currency_post} voucher","paycom_validate_tpv_billing_address_street":"Enter a valid street address","ar_islamic_calendar_ramadan":"Ramadan","bh_gwe_sr_privacy_shared_dorm_room":"{num} shared dorm rooms","raf_desktop_friend_modal_subhead_no_name":"Your friend is giving you {value_friend} if you book and stay with us. Check it out!","bh_gwe_sr_privacy_no_descriptor_mobile_home_one":"{num} mobile home","map_loading_properties":"Loading ...","beach_sr_loading_sort_beach_distance_subhead":"Properties closest to the beach will appear first","extl_reviews_no_bcom_reviews":"{total_num_reviews} external reviews","language_exception_beach_sr_header_see_beaches_1":"See beach","m_sr_distance_from_centre_city":"{distanceInKmFromCentre} from downtown/center of {city_name} ","share_list_with_friend_3_zhtw":"Copy this link and send it to your friends so they can see my list","language_exception_price_for_x_nights_0":"Price for {num_nights} nights","yes":"Yes","msg_lc_toast_open":"Open ","a11y_pd_rt_price_generic":"Price","vm_pb_rewards_header_credits":"{amount_with_currency_post} in Credits","bh_gwe_sr_privacy_entire_apartment_one":"{num} entire apartment","list_my_lists_onbaording_box_book_msg":"Book your perfect stay!","raf_friend_lightbox_step_1":"Step 1","bbg_sr_business_filter_saved":"{company_name} filters saved!","review_adj_above_average":"Above average","ss_search_box_search_property_type":"{property_type} in {destination}","a11y_index_autocomplete_suggested_destinations":"You can choose from suggested destinations below","auth_2fa_recovery_flow_confirm_phone_number_explanation":"If you don't have your phone on hand, you can finish the verification process by first confirming the phone number associated with this account.","bh_gwe_sr_privacy_entire_villa":"{num} entire villas","raf_flex_shutdown_influencers":"This campaign is over. You can make a booking, but you won't be eligible for a reward.","raf_deals_easter19_subheader_cc":"Get an extra 20% off (or more!) when you book an Easter Deal","rewards_firstuse_taxi_emailflow_error_generic_header":"We couldn’t activate your voucher","m_ski_overlay_level_percentage":"{level_percentage}%","ski_sr_date_reco_price_per_night":"From {price} per night","a11y_hp_bookmarks_shared":"This is a shared list","lists_cta_button_v1":"More info","review_adj_disappointing":"Disappointing","lists_wishlist_write_note":"Write your note here","rates_rocket_discount_badge":"{percent}% discount","m_ski_overlay_ski_lifts":"Ski lifts","wl_lists_funnel_edit":"Change","raf_desktop_friend_modal_subhead_percent":"{user_first_name} is giving you {value_percent_friend}% back if you book and stay with us. Check it out!","lists_email_success_message":"Nice! Your message was sent. ","language_exception_sbox_num_adults_1":"1 adult,","ski_weather_precipitation_amount":"Precipitation: {amount}","pb_google_place_stadium":"Stadium","hours":"hours","language_exception_gsb_hp_book_now_cta_holiday_1":"{num} vacation home for {group_recommendation_price}","search_xp_sb_manual_tooltip_day":"Date of stay","share_list_with_friend_1":"Share with friends","bbg_sr_business_filter_saving":"Saving...","sbox_rooms":"Rooms","gsb_hp_book_now_cta_apartments":"{num} apartments for {group_recommendation_price}","ar_islamic_calendar_hijri_off":"Hide Hijri","welcome_to_your_lists_compare":"Compare properties and find your perfect stay!","maps_sorter_our_top_picks":"Our Top Picks","star_rating_2":"2-star hotel","search":"Search","checkout_form_less_options":"Less options","bh_gwe_sr_privacy_private_suite_one":"{num} private suite","rewards_firstuse_taxi_emailflow_error_expired_header":"Sorry, this voucher expired","t_ge_percent_benefits":"Geniuses get a {num_percent}% discount on select rooms.","wl_removed_from":"Removed from:","msg_wlm_screen_start_button_fb":"Continue with Messenger","bh_gwe_sr_privacy_no_descriptor_tent":"{num} tents","bh_gsb_search_box_checkout_age":"Child's age on {date}","iq_sbox_flights_to":"To where?","iq_sbox_flights_year_of_return":"Year of return","a11y_gallery_image_screenreader_total_in_gallery":"{number} images in this gallery","hp_map_sbox_dropdown_city_centre":"City center","distance_from_destination":"{distanceInKm} from {userDestination}","ski_multi_resort_dc_closest_airport":"Closest airport: ","raf_desktop_invalid_link_no_reward":"This Refer a Friend link is invalid! You can still book a property but you won’t get the reward.","xtl_reviews_no_bcom_sr_reviews_tooltip_transparent_legal_update":"The {review_score} review score is based on reviews for this property left by guests on several other travel websites, converted to the {b_companyname} 10-point scale.","raf_instant_discount_flex_modal_step3_paynow_percent":"Pay now and get a {value_percent_friend}% discount.","bh_gwe_sr_privacy_entire_chalet_one":{"experiment_hash":"ZOBJZGDYeUaHBXLMSPRSQcfOEbMUO","value":"{num} entire cabin"},"beach_review_adj_good":"Good beach","pd_sr_credit_badge_tooltip_body_scenario_two_p2":"Use your Credits on all attractions, taxis paid in advance, and select stays on {b_companyname}.","pb_google_place_park":"Park","sr_unofficial_star_or_dot_rating_tooltip":"This rating is a reflection of how the property compares to the industry standard when it comes to price, facilities and services available. It's based on a self-evaluation by the property. Use this rating to help choose your stay!","pp_index_popup_bpg_how_to_2":"Look for {start_format}Found this room cheaper somewhere else?{end_format} on your confirmation page or in {start_format}View all bookings{end_format}.","paycom_billing_address_street":"Street address","deals_price_watch6":"Watch it","incentives_emk_employee_banner_text":"Unfortunately, for tax and legal reasons, we can't pay out rewards to Booking.com employees. Got feedback? Share it in the Rewards and Engagement Workplace group.","lists_compare_got_it":"Got it, thanks!","bbg_sr_business_filter_select_cta":"Add business filters","acc_index_choose_checkin_date_arrowkeys":"Select your check-in date using the arrow keys","bh_gwe_sr_privacy_entire_villa_one":"{num} entire villa","lists_map_from":"From {start_style}{localised_price}{end_style}","language_exception_vm_bp_rewards_bottom_sheet_desc_3_1":"You have {num_months} month to use your {amount_with_currency} voucher on all attractions and select stays on {b_companyname}.","language_exception_bh_gwe_sr_privacy_no_descriptor_bed_in_dorm_1":"Bed in dorm","bh_gwe_sr_unit_privacy_colon_holder":"{unit_privacy}:","iq_sbox_accomm_check_in":"Check-in","language_exception_comp_num_reviews_sr_page_1":"{num_reviews} review","language_exception_sbox_error_num_night_res_1":"Sorry, reservations for more than {num} night aren't possible.","rewards_firstuse_taxi_emailflow_error_user_cta":"Got it","convert_incentives_index_card_copy_cta_copied":"Copied!","vm_earn_voucher_badge_name_pd":"Earn {amount_with_currency} voucher","recently_viewed_list_name_header_cta":"Show recently viewed properties ","iq_sbox_flights_roundtrip":"Round-trip","sal_verify_phone_popup_code_incorrect_code":"Double-check the code and try again.","language_exception_ski_sr_overlay_ski_resorts_near_city_1":"We found {number_resorts} ski resort near {city_name}","m_sxp_calendar_date_select_num_nights":"({num_nights} nights)","beach_explore_beach_panel_overview_header":"{beach_name} overview","m_genius_saving_percent":"You're saving an extra {num_percent}% on this hotel because you're a Booking Genius","language_exception_gsb_hp_book_now_cta_chalet_3":"{num} domki za {group_recommendation_price}","d_dmw_wl_simple_steps_cta":"Start searching","bh_gwe_sr_card_entire_unit_bungalow":"{num} entire bungalows","sp_rewards_instant_reward_badge":"Get {reward_value} off","ar_islamic_calendar_safar":"Safar","geo_beach_waves_strong":"Strong Waves","ppd_survey_oct18_price_clarity_cp_outro":"Thanks for your feedback! ","pdi_index_popup_wpm_bullet_bbasic":"If your current Booking.com booking is a Partner offer (i.e. an offer that's labeled as \"Partner Offer\" on our platform and made available by Booking.com partner companies) or if you're comparing the other offer with one of these Partner Offers on our platform.","deals_flexi_calendar_error":"We're sorry, something went wrong. Please reload the page or try again later.","pob_sr_maps_your_search_results_divider":"Your search results:","pd_bp_block_credit_message_title":"Earn {start_bold}{amount_with_currency} Credits{end_bold}","pp_index_popup_bpg_how_to_1":"Found your booking cheaper somewhere else?","ski_sr_date_reco_num_nights":"{number_nights} nights","language_exception_clear_urgency_only_x_rooms_left_1":"Only {amountRooms} room left on our site!","deals_landing_blackfriday2022_hero_countdown_days":"Offer ends in {num_days} days","bh_ss_sxp_index_sbox_calendar_num_week_stay":"({num_weeks}-week stay)","pb_google_place_bar":"Bar","lists_wishlist_remove_note":"Remove","list_dropdown_email_first_name":"First name","language_exception_ls_error_max_los_exceeded_p2_1":"Bookings can only be made for a maximum of {max_num_nights} night – enter alternative dates and try again.","language_exception_m_genius_saving_percent_1":"You're saving an extra {num_percent}% on this hotel because you're a Booking Genius","raf_self_landing_alert_index_button_refer":"Learn more about our referral program","app_marketing_sr_mdot_banner_header_incentive_subheader_promo":"To claim your reward, use the code {promo_code} when providing your payment details.","pdi_index_popup_wpm_bullet_2":"The other offer needs to have the same check-in and check-out dates.","sr_sbox_flex_dates_choose_months_footer":"Select preferred months","raf_friend_landing_modal_save_for_later_cta":"Save for later","bhpmc_gallery_virtual_tour_instructions":"Click and drag to tour property","pb_google_place_sightseeing":"Sightseeing","checkout_form_4_digit_cvc":"Enter the 4-digit security code located on the front of your card","language_exception_deals_countdown_singlesday19_days_1":"DAY","raf_self_landing_alert_index_subtext_1":"Remember – you're not eligible for a reward if you book using your own referral link.","language_exception_x_now_sold_out_compliant_sold_out_1":"The property you recently viewed is now sold out on our site","bh_gwe_sr_privacy_no_descriptor_tent_one":"{num} tent","vm_single_savings_badge_name_pd":"{num_percent}% off","raf_unfification_header_refer_friends_earn":"Refer Friends & Earn","auth_2fa_recovery_flow_confirm_phone_number_cta":"Confirm phone","paycom_validate_tpv_billing_address_postal_code":"Enter a valid zip code","m_sxp_calendar_date_select_date_range":"{checkin_date} - {checkout_date}","checkout_form_invalid_cc":"Invalid card number","iq_sbox_error_cars_departure_date_invalid":"Your pick-up date is invalid.","language_exception_bbg_sr_business_filter_saved_desc_1":"has been saved as a preferred business filter","language_exception_prd_sr_card_children_above_price_1":"{n_of_children} child","list_dropdown_email_first_name_example":"John","acc_cal_closed_closed":"You've closed the calendar widget","language_exception_bdot_x_rooms_left_urgency_1":"We only have {num_left} left on our site!","vm_earn_credits_desc_1_months_badge_tooltip_pd":"You'll earn {start_bold}{amount_with_currency_post} Credits{end_bold}. They'll be added to your Wallet 14 days after your stay and expire in {num_months} months.","ar_islamic_calendar_rabiul_awwal":"Rabi'ul Awwal","pb_google_place_department_store":"Department store","desktop_x_looking_at_this_moment":"{number_of_users} people are looking right now","iq_sbox_error_flights_group_size":"We can search flights for groups of up to 6 people at a time. Please adjust your group size.","paycom_validate_tpv_billing_address_country":"Enter a valid country/region","lists_cta_button_v2":"Find out more","incentives_index_landing_error_link_used_subtext":"No worries – you can still find other great deals on our site","vm_pb_details_earn_rewards_title":"{start_bold}You'll earn{end_bold} {start_style}{amount_with_currency_post} in rewards{end_style}","raf_flex_post_signin_modal_subtext_percent_wallet":"Find a place to stay and get back {value_percent_friend}% of your booking in travel credit.","language_exception_lists_unit_distance_metric_1":"1 kilometre from the centre of {ufi}","b_conf_number_of_rooms":"{numRooms} rooms,","genius_member_status_sign_up_tooltip":"Book this and enjoy these Genius member perks during your stay:","rewards_firstuse_taxi_emailflow_error_expired_body":"Keep an eye on your inbox for future rewards and deals","convert_incentives_index_card_more_information_ok_cta":"Okay, got it","m_ski_overlay_from_price_incl":"Starting at {price}","pob_sr_maps_message_intro":"You already have {num_overlapping_bookings} bookings from {short_date_start} to {short_date_end}:","pb_google_place_car_rental":"Car rental","incentives_index_landing_error_link_expired_cta":"Got it","language_exception_deals_landing_blackfriday2022_hero_countdown_timer_0":"Offer ends in {countdown}","prd_sr_card_nights_adults_children_parent":"{prd_sr_card_nights_above_price}, {prd_sr_card_adults_above_price}, {prd_sr_card_children_above_price}","sxp_sbox_num_properties_left_of_cta_v2":"{num_properties} properties found for your search","d_dmw_wl_sign_in_save_properties_multi_device_head":"View your saved properties on the go","beach_side_header_closest":"Closest beaches","language_exception_desktop_x_looking_at_this_moment_1":"{number_of_users} person is looking right now","language_exception_gsb_hp_book_now_cta_apartments_1":"{num} apartment for {group_recommendation_price}","ar_islamic_calendar_rabiul_akhir":"Rabi'ul Akhir","iq_sbox_flights_month_of_return":"Month of return","iq_sbox_error_flights_return_after_departure":"Select a return date that comes after your departure date.","m_gex_google_popup_email":"Sign in to unlock deals and discounts!","extl_reviews_no_bcom_sr_reviews_modal_second_body_legal_update":"Some properties—such as those new to our site—don’t have any reviews from {b_companyname} guests. Until these properties get their first {b_companyname} guest review, we calculate their review score using guest reviews from some of the other travel sites they’re listed on. Whenever these external reviews are scored out of 5, we adjust them to a 10-point scale. {b_companyname} can’t verify these reviews to confirm that the reviewer meets {b_companyname} review criteria.","ski_sr_more_options_banner_sat2sat":"Get more options for these dates:","bh_gwe_sr_privacy_no_descriptor_mobile_home":"{num} mobile homes","lists_lightbox_dates_reveal_price_error_message":"No rooms are available. Try different dates. ","d_maps_loading_properties":"Loading properties...","m_ski_overlay_altitude":"Altitude","language_exception_bh_gwe_sr_card_entire_unit_bungalow_1":"Entire bungalow","language_exception_lists_room_type_lightbox_hotel_1":"1 room type available ","ski_dc_lift_ticket_child":"Child from {pass_price}","ski_dis_see_less__web":"See less","language_exception_sp_rewards_instant_reward_badge_1":"Get {reward_value} off","iq_sbox_flights_month_of_departure":"Month of departure","acc_cal_selected_you":"You've selected","clear_urgency_list_not_available":"We don't have availability on our site for: ","ski_weather_type_snow_fall":"Snowfall","ar_islamic_calendar_jumadal_ula":"Jumadal Ula","msg_wlm_page_privacy_policy_agree":"By using the Booking Assistant, you agree to the Booking.com Privacy Policy","clear_urgency_only_x_rooms_left":"Only {amountRooms} rooms left on our site!","language_exception_prd_sr_card_adults_above_price_1":"{n_of_adults} adult","raf_friendlanding_index_lightbox_headline_fixed_cc":"Earn {value_friend} Cash Reward","language_exception_bh_gwe_sr_privacy_no_descriptor_mobile_home_1":"Mobile home","language_exception_bh_gwe_sr_privacy_entire_apartment_1":"Entire apartment","language_exception_d_dmw_wl_calendar_occupancy_adults_1":"{num_adults} adult","ski_weather_todays_weather_header":"Today's weather","welcome_to_your_lists_all_devices":"Want to access them on all your devices? Just sign in.","language_exception_ppd_survey_oct18_price_clarity_num_of_total_1":"{num} of {total_num}","language_exception_bh_gwe_sr_card_entire_unit_apartment_1":"Entire apartment","sbox_error_45_night_res":"Reservations longer than 45 nights aren't possible.","rewards_firstuse_taxi_emailflow_error_expired_cta":"Got it","language_exception_vm_bp_block_voucher_desc_1_1":"It'll be added to your Wallet up to 14 days after your stay and will expire in {num_months} month.","sr_sbox_flex_dates_choose_days_months_footer":"Select days and months","a11y_aria_label_carousel_next_previous":"Next","language_exception_ski_sr_date_reco_num_nights_1":"{number_nights} night","recently_viewed_list_back_to_other_list":"Back to {list_name}","deals_page_outstanding":"An outstanding value on these dates","language_exception_deals_countdown_singlesday19_minutes_1":"MINUTE","a11y_hp_bookmarks_added":"Property added to {list_name}","language_exception_price_watch_sorry_1_1":"Sorry, you can only watch 1 price.","loading":"Loading","sbox_dates_num_nights_1":"{num_nights}-night stay","deals_countdown_singlesday19_hours":"HOURS","geo_beach_water_quality_excellent":"Excellent Water Quality","paycom_validate_tpv_billing_address_city":"Enter a valid city name","d_dmw_wl_simple_steps_2":"Tap the heart icon when you find a property you like","sxp_lp_sbox_num_adults":"{num_adults} Adults","checkout_form_incorrect_expiration":"Enter an expiration date to make sure your card is still valid after your reservation","lp_percent_reserved_2a":"reserved","trip_types_property_next_to":"Property is next to a beach","loc_social_connect_google_sign_up":"Sign up with Google","iq_sbox_rentalcars_drop_off":"Drop-off","maps_none_available_change_dates":"Change your dates","msg_lc_tab_new":"(1) New chat message – Booking.com","bbg_sr_business_filter_select":"What's important to you when you travel?","bbt_sr_legend_favourite":"Company Favorite","loc_hp_map_sbox_placeholder":"See distance from","pb_google_place_bicycle_store":"Bike shop","language_exception_iq_sbox_accommodation_num_rooms_1":"{num_rooms} room","pb_google_place_casino":"Casino","rewards_firstuse_taxi_emailflow_error_generic_body":"Something went wrong – try clicking \"Activate your taxi voucher\" again in a few minutes.","iq_sbox_rentalcars_pick_up":"Pickup","raf_validation_error_modal_employee_button":"Got it","language_exception_sxp_lp_sbox_num_children_0":"{num_children} children","list_dropdown_email_add_message_example":"Hey there! I just created a list of properties on {b_companyname} that you might like. ","pd_sr_credit_badge_exploration":"Earn {amount_with_currency} Credits","recently_viewed_list_variableopt_2":"Properties have been saved in the \"{name_of_list}\" list","vpm_hp_no_dates_add_dates_button":"Add dates to see prices","loc_sbox_children_age_plural":"Ages of children at check-out","ski_hp_entry_panel_back_2_hp_cta":"Back to property","raf_instant_discount_flex_modal_headline_percent":"Save {value_percent_friend}% on your booking","msg_wlm_screen_start_button":"Continue","auth_2fa_recovery_flow_confirm_phone_number_input_label":"Enter the phone number associated with this account:","conf_email_num_nights":"{num_nights} nights","msg_www_ask_a_question":"Booking Assistant","www_maps_areas_feature_city_centre_header":"City Center","vm_bp_rewards_bottom_sheet_desc_3":"You have {num_months} months to use your {amount_with_currency} voucher on all attractions and select stays on {b_companyname}.","iq_sbox_cars_date_of_arrival":"Date of drop-off","seconds":"seconds","bbg_sr_business_filter_budget_apply":"Apply","sr_sbox_flex_dates_custom_selection_no_num_nights":"nights","language_exception_msg_lc_alt_messaging_platform_0":"Open messaging","language_exception_bh_gwe_sr_privacy_entire_studio_1":"Entire studio","vm_single_savings_badge_multiple_deals_description_tooltip_pd":"You’re getting {num_percent}% off the original price due to multiple deals and benefits.","list_icon_tooltip_list_view":"List view","sal_verify_phone_popup_enter_error":"Enter a valid {provider} number","raf_desktop_friend_modal_step_two_subhead":"Kick back, relax, and enjoy your getaway","m_sxp_calendar_date_select_choose_checkin":"Select a check-in date","language_exception_ng_map_price_for_x_nights_1":"Price for 1 night","rates_rocket_sr_num_results_accom_partners":"Showing all properties plus {num} exclusive deals from <b>{rocket_brand_name} </b>","language_exception_sr_calendar_min_night_stay_tooltip_info_1":"Min. {num_nights}-night stay","ng_map_price_for_x_nights":"Price for {num_nights} nights","wishlist_create_new":"Create a list","list_my_lists_onbaording_box_line1":"Use My Lists to save and compare properties, so you only book the best!","auth_next_step_sms_enter_code_cta":"Enter your verification code:","ski_autocomplete_ski_resort":"Ski Resort","m_ski_overlay_easy":"Easy","checkout_form_select_payment_method":"Select a secure payment method to continue","book_from_list_select_dates":"Select the dates you'd like to stay","bbt_notifications_new_join_configure":"{start_bold}{user_name}{end_bold} just joined the company account. If you want to customize what admins and travel organizers can do on the account, head to the Settings page.","account_sign_in_one_tap_verifying_header":"Verifying...","bb_sr_theme_urban":"Urban","pb_google_place_amusement_park":"Amusement park","vm_earn_voucher_desc_2_badge_tooltip_pd":"Use your voucher on all attractions and select stays on {b_companyname}.","pb_google_place_electronics_store":"Electronics store","m_bh_sr_num_bedrooms":"{num_bedrooms} bedrooms","maps_hp_sr_sorry_unavailable_legal":"Unavailable for your dates on our site","d_dmw_wl_no_review_score_info":"We need at least {min_num_reviews} reviews before we can calculate a review score. If you book and review your stay, you can help {property_name} meet this goal.","price_display_credit_source_genius_vip_part":"Of the {total_credit_amount} in Credits, {vip_credit_amount} is a Genius VIP reward.","wl_lists_create_failed":"Couldn't create new list – try again later.","paycom_billing_address_needed_modal_body_web":"A billing address is required to use this card. Add this info or select a different payment method.","lists_email_invalid_first_name_error":"Please enter a first name","sr_sbox_flex_dates_three_months_footer":"{month_name_1}, {month_name_2}, {month_name_3}","dda_reset_password_cancel_button":"Cancel","checkout_form_no_postal_code":"Enter a zip/postal code","pd_bp_credit_block_after_stay_p1":"It'll be added to your Wallet 14 days after your stay and expires in one year.","a11y_sr_filters_loading_screen":"Applying filter","trip_types_property_next_to_period":"Property is next to a beach.","bhqc_sr_qc_desc_tooltip_affiliate":"This property is rated {num_rating} out of 5 compared to other homes and apartments on our site. This rating is based on overall quality including factors like review score, facilities, size, location, and service.","msg_entry_cancelled_booking":"You don't have any messages right now. Book your next trip and use the Booking Assistant to answer any questions you have!","beach_explore_panel_map_header":"Beaches {in_city_name}","bbt_sr_legend":"Legend","sxp_index_sbox_horizontal_adults":"{num_adults} adults","vm_bp_block_rewards_message_title_bold":"Earn {start_bold}{amount_with_currency} in rewards{end_bold}","prd_sr_card_nights_adults_parent":"{prd_sr_card_nights_above_price}, {prd_sr_card_adults_above_price}","beach_review_adj_very_good":"Very good beach","language_exception_hp_saved_to_num_lists_1":"Saved to one list","m_ski_overlay_artificial_snow":"Artificial snow-making available","d_dmw_wl_view_property":"View property","auth_2fa_recovery_flow_code_sent_header":"Verification Code Sent","current_location":"Current Location","list_my_lists_onbaording_box_comp_msg":"Select dates and then compare prices and availability for properties you've listed.","minutes":"minutes","language_exception_sbox_num_children_1":"1 child","gsb_hp_book_now_cta_alt":"{num} units for {group_recommendation_price}","wl_new_list":"New list","ski_multi_resort_dc_sorter":"Resort size (largest first)","df_sold_out_hotels_explain":"We've reserved our last available room at this property for your selected dates","pd_bp_credit_bottom_sheet_rung_two_all_taxi":"You have one year to use your Credits on all attractions, taxis paid in advance, and select stays on {b_companyname}","raf_desktop_friend_modal_cta_button":"Start searching","raf_flex_post_signin_modal_subtext_fixed_cc":"Find a place to stay and get {value_friend} back.","pb_google_place_cafe":"Café","language_exception_generalised_num_properties_1":"{num_hotels} property","checkout_form_invalid_postal_code":"Use a valid zip/postal code","sbox_num_children":"{num_children} children","ar_islamic_calendar_jumadal_ukhra":"Jumadal Ukhra","acc_settings_section_2fa_enrollment_phone_number_field_placeholder":"Enter your phone number","language_exception_tt_beach_review_language_1":"{num} review in your language","comp_reviews_no_comments":"There are no comments available for this review","prd_sr_card_total_at_checkout":"Total price","geo_beach_lifeguard":"On-Site Lifeguard","paycom_form_cvc":"CVC","sbox_calendar_num_nights_2":"from {start_bold}{checkin_date}{end_bold} to {start_bold}{checkout_date}{end_bold} ({num_nights}-night stay)","ss_sxp_index_sbox_calendar_num_night_stay":"({num_nights}-night stay)","pb_google_place_jewelry_store":"Jewelry store","m_bh_sr_num_beds":"{num_beds} beds","m_ski_overlay_intermediate":"Intermediate","language_exception_sxp_sbox_num_properties_on_cta_v1_1":"{num_properties} property","language_exception_bh_gwe_sr_privacy_no_descriptor_tent_1":"Tent","searchbox_error_msg_need_date":"Please enter dates to check availability.","ace_wishlist_name_your_list":"Name your list","bh_gwe_sr_privacy_entire_holiday_home_one":"{num} entire vacation home","ski_sr_overlay_show_more":"Show more","language_exception_bbl_bonus_how_module_steps_1":"Step {num_step} of 3","auth_next_step_error_wrong_email":"Enter a valid email address","language_exception_sr_sbox_flex_dates_days_months_footer_1":"{days} in {month_names}","raf_instant_discount_flex_modal_step3_paylater_percent":"Pay at the property and get {value_percent_friend}% back after your trip.","msg_lc_alt_messaging_platform":"Check {number} new messages","raf_flex_post_signin_modal_headline_name":"You're booking with {advocate_name}'s reward","bb_business_or_leasure_cta_bt":"Mark as business trip","m_ski_overlay_reviews_from_our_guests":"Reviews from our guests","ski_dc_terrain_header":"Ski terrain","price_for_x_nights":"Price for {num_nights} nights","recently_viewed_list_v7":"Go to the list","groups_sr_undefined_ages_msg":"Your children's ages are preset to 12 years old – but if you enter their actual ages, you might find a better price!","acc_cal_open_notification":"You've opened the calendar to select dates for your stay","m_loc_sr_hc_travel_time_hours":"{num_hours} h","beach_property_page_banner_beachnearby":"Beach nearby","pp_index_popup_bpg_how_to_4":"You can also contact our {start_link}Customer Care{end_link} team.","pd_sr_deals_badges_grouped":"+ {num}","gsb_hp_book_now_cta_chalet":"{num} chalets for {group_recommendation_price}","language_exception_sbox_num_adults_no_comma_1":"1 adult","language_exception_bh_gwe_sr_privacy_entire_chalet_1":"Entire chalet","bbg_sr_business_filter_save_cta":"Save","review_adj_average_okay":"Okay","please_enter_your_check_out_date":"Please enter your check-out date.","deals_price_watch5":"See sample","iq_sbox_error_cars_arrival_date_invalid":"Your drop-off date is invalid.","list_dropdown_email_add_message":"Add a message","hp_saved_to_num_lists":"Saved to {num_wishlists_16} lists","deals_countdown_singlesday19_minutes":"MINUTES","m_ski_overlay_cross_country":"Cross-country","language_exception_d_dmw_wl_num_properties_saved_1":"{num_properties_saved} property saved","list_dropdown_why":"When you see a place you like, save it to a list so you can find it later.","sbox_error_num_night_res":"Sorry, reservations for more than {num} nights aren't possible.","checkout_form_new_card":"Use new card","recently_viewed_list_name_dropdown_explanation_box_subheader":"You can now see a list of {start_link}your recently viewed properties.{end_link} ","language_exception_beach_explore_panel_map_header_1":"Beach {in_city_name}","no_review_score_tab_header":"No review score yet...","beach_review_adj_superb":"Wonderful beach","geo_beach_water_quality_good":"Good Water Quality","geo_hp_nearby_beaches_popular_header":"Popular Beaches Nearby","deals_countdown_singlesday19_seconds":"SECONDS","latest_booking_elapsedtime_ago":"Latest Booking: {elapsedTime} ago","iq_sbox_flights_from":"From where?","checkout_pay_fe_bp_hybrid_payment_step_3":"If your payment is successful, you'll receive your booking confirmation","m_ski_overlay_night_skiing":"Night skiing","ski_multi_resort_dc_back_to_properties":"Back to properties","lists_added_to_x_lists":"Saved to {num_wishlists_16} lists","ski_weather_type_very_cloudy":"Very cloudy","list_dropdown_email_header":"Send \"{list_name}\" to a friend so they can check out your list","cashback_badge_tooltip_copy":"The final amount of your cashback can vary based on currency conversion rates. Taxes and other fees/charges may not be included when calculating your cashback.","wl_saved_to":"Saved to: {start_link}{list_name}{end_link}","bhee_sr_extend_stay_banner_head":"Discover up to {num} extra properties in {city_name} by adding 1 night to your stay","a11y_gallery_image_screenreader_placeholder":"Gallery image of this property","star_rating_dots_tooltip_zhcn":"??","checkout_success_payment_completed_generic":"Your payment has been taken","acc_index_checkin_calendar_opened":"You opened the check-in calendar ","ls_error_max_los_exceeded_p1":"Your check-out date is more than {max_num_nights} nights after your check-in date.","language_exception_acc_sr_review_score_rated_with_score_end_1":" from {num_reviews} review","acc_sr_review_score_rated_with_score_end":" from {num_reviews} reviews","incentives_engage_reward_modal_got_it_cta":"Got it","paycom_form_cardholder_name":"Cardholder's Name","language_exception_sxp_sbox_num_properties_left_of_cta_v2_1":"{num_properties} property found for your search","language_exception_a11y_gallery_image_screenreader_total_in_gallery_1":"{number} image in this gallery","paycom_billing_address_city":"City","language_exception_lists_added_to_x_lists_1":"Saved to one list","booking":"booking","vm_bp_block_voucher_desc_1":"It'll be added to your Wallet up to 14 days after your stay and will expire in {num_months} months.","language_exception_deals_countdown_singlesday19_hours_1":"HOUR","m_sxp_calendar_date_select_choose_checkout":"Select a check-out date","pob_sr_map_days_until_your_stay":"{num_days} days until your stay","gsb_hp_book_now_cta_villa":"{num} villas for {group_recommendation_price}","bh_gwe_sr_privacy_entire_bungalow_one":"{num} entire bungalow","list_dropdown_add_email":"Add email address","iq_sbox_error_flights_from_to_same":"Your \"From where?\" and \"To where?\" airports have to be different.","sbox_error_checkout_after":"Select a check-out date that comes after your check-in date.","top_3_reasons_to_visit":"Top reasons to visit: {theme_01}, {theme_02}, and {theme_03}","language_exception_sr_sbox_flex_dates_custom_selection_no_num_nights_1":"night","incentives_index_landing_error_link_expired_subtext":"No worries – you can still find other great deals on our site","msg_web_entry_new_messages":"New messages","geo_beach_accessibility":"Accessible ","review_adj_fabulous":"Excellent","help_preferred_property":{"experiment_hash":"ZOOYDLXAdcCcdOOdDC","value":"This property is part of our Preferred Partner Program. It's committed to providing excellent service and good value. It’ll pay us a higher commission if you make a booking."},"incentives_index_landing_error_link_expired_header":"This link expired","beach_review_adj_fabulous":"Excellent beach","wish_lists_be_almost_first":"Be one of the first to add","raf_desktop_friend_modal_step_three_subhead_percent":"After we confirm your stay with the property, you’ll get {value_percent_friend}% back!","m_ski_overlay_things_to_do":"Things to do","language_exception_m_sxp_calendar_date_select_num_nights_1":"({num_nights} night)","pb_google_place_night_club":"Nightclub","message":"Message","search_box_result_your_search":"Showing results for \"{user_searched_term}\"","a11y_auth_2fa_recovery_flow_confirm_phone_number_country_select_label":"Select your country","bbt_notifications_new_join_configure_link":"Start customizing","beach_review_adj_pleasant":"Pleasant beach","ski_weather_type_rain":"Rain","raf_friend_lightbox_button_text":"Let's do this","maps_none_available_zoom_out":"Zoom out on the map","recently_viewed_list_v4":"Save this property to a list","lists_undo_option_basic":"Undo","language_exception_conf_email_num_nights_1":"{num_nights} night","checkout_form_postal_code":"Zip/Postal Code","destination_finder_theme_endorsements":"{start_style}{num_endorsement_guests}{end_style} guests have endorsed this place for {start_style}\"{theme_name}\"{end_style}","deals_countdown_singlesday19_days":"DAYS","m_ski_overlay_winter_hiking":"Winter hiking","ski_hp_part_of_ski_resort_web":"Part of {ski_resort_name}","loc_social_connect_facebook_sign_up":"Sign up with Facebook","checkout_form_expiry_date":"Expiration Date","pb_google_place_spa":"Spa","bh_gwe_sr_privacy_private_room_one":"{num} private room","raf_flex_modal_optin_tickbox":"Notify me about referral rewards","language_exception_gsb_hp_book_now_cta_alt_1":"{num} unit for {group_recommendation_price}","bh_gwe_sr_privacy_hotel_room_one":"{num} hotel room","acc_settings_section_2fa_enrollment_success":"You are now protected by Two Factor Authentication","paycom_billing_address_explanation":"Your billing address is the one your card is registered to.","list_dropdown_send_button":"Send","language_exception_num_hotels_1":"1 hotel","rates_rocket_sr_num_results_accom_partners_tooltip":"Properties with highlighted borders are from our accommodation partner {rocket_brand_name}, which provides exclusive deals on select properties.","vm_bp_details_earn_voucher_desc":"It'll be added to your Wallet up to 14 days after your stay and will expire in {num_months} months. Use your voucher on all attractions and select stays on {b_companyname}.","bh_gwe_sr_privacy_hotel_room":"{num} hotel rooms","hp_roomtable_rackrate_tooltip_06_dehotel":"The crossed-out prices you see are based on prices currently being quoted by the property for a 30-day window around your check-in date. To ensure we're making a fair comparison, we always use the same booking conditions (meals, cancellation policy and room type).","msg_entry_meet_assistant_header":"Meet the Booking Assistant","wl_new_list_hint":"Name of new list","do_you_want_to_save":"Do you want to save this property for later?","sbox_error_30_night_res":"Reservations longer than 30 nights are not possible.","sr_map_searchbox_placeholder":"Search on map","extl_reviews_no_bcom_sr_reviews_tooltip_transparent":"The {review_score} review score is based on reviews from other trusted travel websites","sr_lists_saved_notification":"Saved!","language_exception_maps_google_distances_hours_1":"{num_hours} hour","msg_multithread_messages_header":"Messages","paycom_billing_address":"Billing Address","pb_google_place_meal_takeaway":"Takeout bar","ar_islamic_calendar_hijri_on":"Show Hijri","ski_dc_snow_difficult":"Difficult","beach_review_adj_average_okay":"Okay beach","ski_dc_airport_distance_tooltip":"This is the straight-line distance on the map. Actual travel distance may vary.","list_percent_off_value":"-{percent_off_value}%","language_exception_bh_gwe_sr_card_entire_unit_villa_1":"Entire villa","bh_gwe_sr_privacy_private_studio":"{num} private studios","ext_modal_loading":"Loading...","share_list_with_friend_3":"Copy this link to share this list","bh_gwe_sr_privacy_no_descriptor_empty_spot_one":"{num} empty spot","lists_lightbox_dates_reveal_price_cta":"Select dates","list_check_availability_of_all":"Check availability of all properties","map_breadcrumb_top_districts":"Top Districts","m_ge_deepen_conf_page_benefits":"Free breakfast","language_exception_m_loc_sr_hc_travel_time_hours_1":"{num_hours} h","preferred_programme_new_tooltip_preferred":"This is a Preferred property. Preferred properties meet {b_companyname}'s quality standards and pay {b_companyname} to be in this program.","ge_hp_room_table_discount_cma_generic":"Genius room-rate discount included","loc_sr_viewed_properties_prices_from":"Prices from {b_price}","language_exception_acc_cal_week_number_1":"Week {week_number}","sr_sbox_flex_dates_choose_days_a_week":"A week","a11y_announce_sorting_in_progress":"Sorting","maps_better_value_comparison":"Better value than current property","bh_gwe_sr_privacy_private_suite":"{num} private suites","night":"Night","d_dmw_wl_simple_steps_3":"You'll find everything you've saved here","iq_sbox_flights_current_location":"Closest airport to me","pp_index_popup_bpg_how_to_3":"No account? Log in with your booking number and PIN.","language_exception_deals_countdown_singlesday19_seconds_1":"SECOND","sbox_age_of_child_popup_best_price":"To see the best prices for your group, don't forget to complete this step!","beach_sr_distance_from_beach_m":"{distance} m from beach","ski_sr_date_reco_num_properties":"{num_properties} properties available","rewards_a11y_promo_code_more_details_open":"Open pop-up for more details","checkout_pay_fe_bp_hybrid_payment_step_1":"You'll be redirected to {pay_method}","language_exception_ski_sr_dc_number_resorts_nearby_1":"{num_resorts} ski resort nearby","districts":"Districts","sal_verify_phone_popup_code_issues":"Something went wrong – try again later.","lists_save_this_list_no":"No, thanks","maps_sr_iw_real_heart_tooltip":"This is one of our most popular locations, according to independent guest reviews.","star_rating_2_half":"2.5 star hotel","cdm_web_sr_compare_checkbox_saved":"Saved to:","sr_search_card_plus_taxes_and_charges":"+ taxes and charges","fe_cc_distance_tooltip_sr":"This is the straight-line distance on the map. Actual travel distance may vary.","android_sr_ski_cta":"Show properties","language_exception_bh_gwe_sr_privacy_no_descriptor_empty_spot_1":"Empty spot","lists_map_see_more":"See more","language_exception_deals_landing_blackfriday2022_hero_countdown_days_0":"Offer ends in {num_days} days","beach_review_adj_poor":"Bad beach","header_my_lists":"Saved","sxp_sbox_num_properties_on_cta_v1":"{num_properties} properties","ski_sr_overlay_largest_resort":"Largest ski resort near {city_name}","bb_sr_theme_beach":"Beach","raf_friend_lightbox_step_1_description":"Find and book the perfect accommodations anywhere in the world","checkout_form_no_name_entered":"Enter a cardholder name","lists_distance_metric_1":"{distance} mi from the center of {ufi}","sr_sbox_flex_dates_choose_days_a_weekend":"A weekend","language_exception_vm_bp_details_earn_voucher_desc_1":"It'll be added to your Wallet up to 14 days after your stay and will expire in {num_months} month. Use your voucher on all attractions and select stays on {b_companyname}.","bhgwe_sr_show_bh_bathroom_num":"{num_bathrooms} bathrooms","language_exception_extl_reviews_no_bcom_reviews_1":"{total_num_reviews} external review","iq_sbox_flights_return":"Return date","ski_dc_lift_ticket_youth":"Youth from {pass_price}","ski_dc_closest_airport":"Closest airport","checkout_date":"Check-out date","language_exception_bh_gwe_sr_privacy_shared_dorm_room_1":"Shared dorm room","map_marker_current_property":"Current Property","go_to_list":"Go to list","ar_islamic_calendar_shaban":"Sha'ban","language_exception_vm_earn_credits_desc_1_months_badge_tooltip_pd_1":"You'll earn {start_bold}{amount_with_currency_post} Credits{end_bold}. They'll be added to your Wallet 14 days after your stay and expire in {num_months} month.","vm_bp_rewards_bottom_sheet_intro":"Complete this booking to get your Credits and voucher added to your Wallet up to 14 days after check-out.","ski_sr_overlay_show_less":"Show less","iq_sbox_rental_cars_drop_off_date":"Drop-off date","ski_extranet_ski_lifts_seats_tag":"{number_of_seats} seats","star_rating_1_half":"1.5 star hotel","iq_sbox_flights_year_of_departure":"Year of departure","language_exception_maps_google_distances_minutes_1":"{num_minutes} minute","app_marketing_www_landing_anti_fraud_cta_error_generic":"Try again.","raf_desktop_friend_modal_subhead":"{user_first_name} is giving you {value_friend} if you book and stay with us. Check it out!","pd_sr_credit_badge_tooltip_title":"Earn Credits","language_exception_bhgwe_sr_show_bh_bathroom_num_1":"{num_bathrooms} bathroom","checkout_form_select_bank_dropdown":"Select bank","geo_beach_waves_calm":"Calm Water","pb_google_place_taxi_stand":"Taxi stand","iq_sbox_accommodation_num_rooms":"{num_rooms} rooms","language_exception_bh_gwe_sr_card_entire_unit_holidayhome_1":"Entire vacation home","auth_next_step_error_wrong_phone":"Enter a valid phone number","ar_islamic_calendar_shawwal":"Shawwal","raf_flex_modal_button_signin_register":"Sign in or register","incentives_index_landing_error_link_used_cta":"Got it","paycom_billing_address_edit":"Edit","lists_map_empty":"This list is empty","reward_mini_tcs_complete_tcs_link":"Full terms and conditions apply","pdi_index_popup_wpm_bullet_3":"The other offer must have the same cancellation policy and conditions.","raf_friendlanding_index_lightbox_headline_fixed_wallet":"Earn {value_friend} in Wallet Credit","raf_self_landing_alert_index_headline":"You clicked your own link","bbg_sr_business_filter_save_desc":"Always see properties that match your needs.","ppd_survey_oct18_price_clarity_hp_outro":"Thanks! ","raf_friend_lightbox_step_2_description":"Enjoy your stay!","gex_sr_sign_in_register_google_title":"Sign in or register to unlock deals and discounts!","bh_bp_dates_num_weeks":"Total length of stay: {num_weeks} weeks","bh_gwe_sr_privacy_private_studio_one":"{num} private studio","d_dmw_wl_distance_from_centre":"{distanceInKm} from center","lists_save_this_list_yes":"Yes","bh_gwe_sr_card_entire_unit_chalet":{"value":"{num} entire cabins","experiment_hash":"ZOBJZGDYeUaHBXLMSPRSQcfOEbMUO"},"star_rating_3_half":"3.5 star hotel","iq_sbox_error_flights_return_date_invalid":"Your return date is invalid.","lists_wishlist_add_note":"Make a note","title":"{b_companyname} Welcome","list_icon_tooltip_map_view":"Map view","list_show_prices_of_all":"Show prices for all properties","bbg_sr_business_filter_saved_desc":"have been saved as preferred business filters.","map_sr_filter_loading_head":"Applying Filters...","sp_sr_hotel_card_cashback":"{currency_amount} cashback","language_exception_m_loc_sr_hc_travel_time_minutes_1":"{num_minutes} min","paycom_form_toggle_save_card_for_future":"Save card for future purchases","genius_get_a_discount_select_rooms":"{num_percent}% discount","msg_entry_notification_unread_message":"You have unread messages","bdot_x_rooms_left_urgency":"We only have {num_left} left on our site!","bhpse_key_collect_error_refresh_page":"Something went wrong – {link_start}please refresh the page{link_end}.","days":"days","msg_lc_notification_name":"{agentname} from Customer Service","rewards_firstuse_taxi_emailflow_error_user_header":"Sorry, this voucher is for another user","list_my_lists_onbaording_box_book":"Book","pb_google_place_bowling_alley":"Bowling alley","sbox_index_gsb_child_age":"age at check-out","bb_sr_theme_waterfront":"Waterfront","beach_review_adj_exceptional":"Exceptional beach","vm_bp_block_voucher_desc_2":"Use your voucher on all attractions and select stays on {b_companyname}.","welcome_to_your_lists":"Make your life easier with Lists!","ski_weather_type_thunderstorms":"Thunderstorms","review_adj_bad":"Bad","filter_hide":"hide","language_exception_d_dmw_wl_calendar_occupancy_children_1":"{num_children} child","d_dmw_wl_calendar_occupancy_apply_cta":"Apply","ar_islamic_calendar_no_month_change":"{hijri_month} {year}","trip_types_beachfront":"Beachfront","sbox_error_checkin_future":"Select a check-in date that's in the future.","tdot_sr_from_centre_location":"{total_distance_from_property} from the center","list_my_lists_onbaording_box_sign_in":"To permanently save a list, and access your lists from a mobile or tablet, {start_link1}sign in{end_link1} or {start_link2}create an account{end_link2}.","ls_flex_search_28_radio":"A month","a11y_pd_rt_price_current":"Current price","language_exception_ski_dc_ski_lift_num_lifts_1":"{total_num_lifts} ski lift","m_ski_overlay_machine_cover":"{number_snow_cannons} snow machines covering {percentage_of_covering}% of the slopes ","ski_weather_type_cloudy":"Cloudy","acc_cal_open_open":"You've opened the calendar widget","pdi_index_popup_wpm_bullet_5":"If the other offer is part of a loyalty or rewards program.","m_ski_overlay_from_price":"From","pb_room_disclaimer":"This is a sample picture of this room type. Individual rooms may vary.","beach_sr_loading_sort_beach_distance_header":"Just a sec – we’re updating your results \n","www_surveygizmo_intro_yes":"Take survey","ski_weather_forecast_date_header":"Weather for {forecast_date}","bhc_sr_new_to_bcom_badge":"New to {b_companyname}","sxp_lp_sbox_num_children":"{num_children} children","lp_sxp_sb_calendar_pick_up":"Pickup","language_exception_num_reviews_sr_page_1":"{num_reviews} review","rewards_firstuse_taxi_emailflow_error_generic_cta":"Got it","check_availability":"Check availability","language_exception_beach_sr_left_side_module_show_all_beaches_1":"Show beach","d_dmw_wl_calendar_occupancy_children":"{num_children} children","language_exception_sr_calendar_min_night_stay_footer_1":"There's a minimum length of stay of {num_nights} night from your check-in date","m_loc_sr_hc_travel_time_minutes":"{num_minutes} min","review_adj_average":"Average","iq_sbox_rental_cars_location":"Pick-up location","ski_weather_type_fair":"Fair","ar_islamic_calendar_dhul_hijjah":"Dhul Hijjah","sr_sbox_flex_dates_select_preferences_footer":"Select preferences","bh_gwe_sr_privacy_no_descriptor_empty_spot":"{num} empty spots","iq_sbox_cars_year_of_departure":"Year of pick-up","pob_sr_map_your_total_price":"Your total price:","ski_related_error_message_web":"Whoops! Something went wrong – please try again later.","extl_reviews_yes_bcom_sr_reviews_modal_second_body_transparent":"Some properties—like those new to our website—don’t have any reviews from {b_companyname} guests. In this case, we calculate a review score using reviews from guests who booked the same property on other trusted travel websites.","language_exception_m_bh_sr_num_beds_1":"{num_beds} bed","recently_viewed_list_v3":"Save these properties to a list","review_adj_very_good":"Very Good","ski_dc_airport_drive_time":"{drive_time} drive","language_exception_m_bh_sr_num_bedrooms_1":"{num_bedrooms} bedroom","a11y_adjective_rating":"Rated {/adjectives/[rating_adjective]/name}","language_exception_b_conf_number_of_rooms_1":"1 room,","prd_sr_card_nights_above_price":"{n_of_nights} nights","pb_google_place_museum":"Museum","acc_index_checkout_calendar_opened":"You opened the check-out calendar","ski_dc_lift_ticket_adult":"Adult from {pass_price}","pb_google_place_convenience_store":"Convenience store","cdm_hp_quick_share_save":"Save","list_not_available":"Not available on:","bb_business_or_leasure_cta_lt":"Mark as leisure trip","m_wl_saved_view":"View","paycom_billing_address_country":"Country/Region","review_adj_superb":"Wonderful","checkout_pay_fe_bp_hybrid_payment_step_2":"Make sure you complete all the steps with {pay_method} to confirm your booking","language_exception_bh_gwe_sr_bed_config_up_to_1":"{num_beds} bed","please_enter_your_check_in_date":"Please enter your check-in date.","reward_mini_tcs_title":"Terms & Conditions","convert_incentives_landing_modal_cta":"Book with your reward","per_night":"per night","sr_calendar_checkout_only_tooltip_info":"Check-out only","language_exception_sxp_lp_sbox_num_children_1":"{num_children} child","raf_flex_post_signin_modal_headline_noname":"You're booking with your friend's reward","iq_sbox_cars_current_location":"My current location","m_ski_overlay_from_apt":"From {airport_name} airport ({airport_iata})","bh_gwe_sr_bed_config_up_to":"Up to {num_beds} beds","genius_free_room_upgrade_frube_tooltip":"Free room upgrade","review_adj_average_passable":"Fair","incentives_engage_reward_banner_loading":"Loading...","incentives_index_landing_error_link_used_header":"This link has already been used","preferred_programme_new_tooltip_pref_plus":"This is a Preferred Plus property. Preferred Plus properties provide excellent value, meet {b_companyname}'s quality standards, and pay {b_companyname} to be in this program.","class":"Class","raf_desktop_friend_modal_subhead_percent_no_name":"Your friend is giving you {value_percent_friend}% back if you book and stay with us. Check it out!","iq_sbox_rental_cars_pick_up_date":"Pick-up date","bh_gwe_sr_privacy_private_apartment_one":"{num} private apartment","pb_google_place_clothing_store":"Clothing store","checkout_experiences_attractions_code_activation_cvc":"CVC","beach_sr_left_side_module_beach_details":"More details","m_ski_overlay_adults":"Adults","bbl_bonus_how_module_steps":"Step {num_step} of 3","gsb_hp_book_now_cta_room":"{num} rooms for {group_recommendation_price}","deepen_sr_benefits_header_not_rate_related":"Genius benefits on select options:","iq_sbox_accommodation_where":"Where are you going?","bh_gwe_sr_card_entire_unit_holidayhome":"{num} entire vacation homes","sr_star_property":"{rating_score} stars","beach_sr_left_side_module_show_all_beaches":"Show all {num_beaches} beaches","language_exception_beach_side_header_closest_1":"Closest beach","maps_sr_iw_real_heart":"The Real Heart of {destination_name}","a11y_announce_sorting_complete_simple":"Sorting complete.","lists_save_this_list_signin":"Do you want to save this list? You'll need to sign in or create an account first.","pdi_index_popup_wpm_contact":"Just remember to contact us after booking and at least 24 hours before your check-in date.","language_exception_vm_bp_block_credits_desc_1_months_1":"They'll be added to your Wallet 14 days after your stay and expire in {num_months} month.","geo_beach_waves_moderate":"Moderate Waves","dsf_rename_list_dialogue":"Enter a new name for this list","destination_finder_num_endorsements":"{num_endorsement_count} recommendations","sr_hp_taxes_and_charges_exception":"Additional charges may apply","ski_dc_ski_lift_num_lifts":"{total_num_lifts} ski lifts","ski_multi_resort_dc_airport_info":"{airport_name} ({airport_distance})","m_ski_overlay_how_to_get_there":"How to get there","checkout_form_no_cc":"Enter a card number","iq_sbox_error_cars_1_hour_future":"Your pick-up time has to be at least 1 hour from now.","triptypes_ski":"Ski","maps_hp_sr_youre_too_late":"You're too late!","language_exception_bh_gwe_sr_privacy_entire_holiday_home_1":"Entire vacation home","maps_none_available_refresh":"Refresh results","bh_m_sxp_calendar_date_select_num_weeks":"({num_weeks} weeks)","bh_gwe_sr_card_entire_unit_apartment":"{num} entire apartments","maps_none_available_sorry":"Sorry, no results","ppd_survey_oct18_price_clarity_num_of_total":"{num} of {total_num}","lists_map_list_name":"List name","language_exception_vm_single_savings_badge_multiple_deals_description_tooltip_pd_1":"You’re getting {num_percent}% off the original price due to multiple deals and benefits.","raf_instant_discount_flex_modal_step1":"Sign in to {b_companyname} or create an account","lists_unit_distance_metric":"{distance} km from the center of {ufi}","iq_sbox_cars_date_of_departure":"Date of pick-up","lists_email_invalid_email_error":"Whoops, this isn't a valid email address – please enter another.","real_login_signin":"Sign in","sbox_num_adults":"{num_adults} adults,","language_exception_msg_lc_tab_new_1":"({number}) new chat message – Booking.com","sxp_sbox_property_count_flexible":"(± {num})","iq_sbox_flights_return_date":"Return","sbox_children":"Children","sr_calendar_min_night_stay_tooltip_info":"Min. {num_nights}-night stay","deals_price_watch2":"Don’t miss out on the lowest price. Start a price watch and we’ll alert you if the rate changes.","m_ski_overlay_youth":"Youth","language_exception_bh_gwe_sr_card_entire_unit_studio_1":"Entire studio","bb_sr_remove_filter":"Remove","sr_calendar_min_night_stay_footer":"There's a minimum length of stay of {num_nights} nights from your check-in date","sr_official_star_rating_tooltip":"This is the official star rating given to the property by an independent third party, the Hotelstars Union. The property is compared to the industry standard and scored based on price, facilities and services available. Use the star rating to help choose your stay!","a11y_sr_close_calendar_icon":"Close calendar","bb_srcard_same_city":"Property in your city","language_exception_bhee_sr_extend_stay_banner_body_1":"{num}% of properties in {city_name} are unavailable for 1 night stays on your dates. Click the dates to extend your stay and discover these properties.","pod_sr_split_free_cancellation":"FREE cancellation","pd_sr_credit_badge_tooltip_body_scenario_two_p1":"You'll earn {start_bold}{amount_with_currency_post} Credits{end_bold}. They'll be added to your Wallet 14 days after your stay and expire in one year.","convert_incentives_index_card_more_info_cta":"More info","language_exception_bh_bp_dates_num_weeks_1":"Total length of stay: {num_weeks} week","a11y_aria_label_carousel_previous":"Previous","extl_reviews_no_bcom_sr_reviews_modal_first_body":"We give properties on our site a review score out of 10. To make it more accurate, we always calculate the score using at least three reviews.","pod_sr_split_no_prepayment_needed":"No prepayment needed","vm_bp_block_credits_desc_1_months":"They'll be added to your Wallet 14 days after your stay and expire in {num_months} months.","language_exception_prd_sr_card_nights_above_price_1":"{n_of_nights} night","list_dropdown_header":"You can save properties to lists","sbox_num_adults_no_comma":"{num_adults} adults","raf_instant_discount_flex_modal_step3_paynow_fixed":"Pay now and get a {value_friend} discount.","star_rating_5":"5-star hotel","language_exception_price_for_x_nights_1":"Price for {num_nights} night","beach_hp_sidecard_more_nearby_button":"More area info","m_bh_sr_num_living_rooms":"{num_living_rooms} living rooms","ski_dc_lift_ticket_header":"Lift passes (1-day tickets)","bh_gwe_sr_privacy_no_descriptor_bed_in_dorm_one":"{num} bed in dorm","star_rating_4":"4-star hotel","paycom_billing_address_postal_code":"Billing zip code","review_adj_very_poor":"Very Poor","copy_maps_hp_back_to_property":"Back to property","deals_landing_blackfriday2022_hero_countdown_timer":"Offer ends in {countdown}","beach_review_adj_average_passable":"Fair beach","name":"Name","checkout_form_invalid_expiration":"Your card has to have a valid expiration date","months":"months","language_exception_vm_single_savings_badge_name_pd_1":"{num_percent}% off","pb_google_place_bus_station":"Bus station","raf_desktop_friend_modal_step_one_subhead":"From cozy apartment stays and chic villas to luxury hotels, find and book your perfect accommodations anywhere in the world","raf_friendlanding_index_lightbox_headline_percent_wallet":"Get {value_percent_friend}% Back in Wallet Credit","lists_lightbox_dates_reveal_price":"Select dates to reveal price and availability.","ski_weather_type_sunny":"Sunny","sr_just_added_label":"Just added!","language_exception_pob_sr_maps_message_intro_1":"You already have {num_overlapping_bookings} booking from {short_date_start} to {short_date_end}:","ski_sr_overlay_ski_resorts_near_city":"We found {number_resorts} ski resorts near {city_name}","ios_ace_wishlist_unavailable_for_dates":"Unavailable for your dates on our site","language_exception_rates_rocket_sr_num_results_accom_partners_1":"Showing all properties plus {num} deal from <b>{rocket_brand_name} </b>","pb_google_place_airport":"Airport","iq_sbox_accommodation_holiday_rental":"Vacation rental","raf_desktop_friend_modal_faq":"{start_link}Frequently asked questions{end_link}","lists_wishlist_note-saved":"Saved!","raf_deals_easter19_cta":"View deals","search_guest_type_adults":"Adults","ski_sr_dc_number_resorts_nearby":"{num_resorts} ski resorts nearby","review_adj_pleasant":"Pleasant","app_marketing_www_landing_anti_fraud_voice_ac2":"Security check complete – release and wait. ","raf_flex_post_signin_modal_button":"Browse places to stay","beach_sr_distance_from_beach_ft":"{distance} ft from beach","lists_endorsement_highly_rated":"{ufi_name} is highly rated for {interest_point}.","wish_lists_be_first":"Be the first to add this","checkout_form_card_number":"Card Number","extl_reviews_no_bcom_sr_reviews_modal_second_body_transparent":"Some properties—like those new to our website—don’t have any reviews from {b_companyname} guests. In this case, we calculate a review score using reviews from guests who booked the same property on other trusted travel websites.","checkout_form_cvc_tooltip_3_digit":"Your 3-digit security code is printed on the signature strip","ski_lift_distance_pop_up_map":"{distance_localized} from property","d_dmw_wl_simple_steps_1":"Search for a place to stay","reward_mini_tcs_fulltcs_cta_link":"Terms and conditions","m_ski_overlay_difficult":"Difficult","settings_page_error_message":"Sorry, something went wrong. Please try again.","bh_gwe_sr_privacy_private_apartment":"{num} private apartments","raf_desktop_cannot_book_property":"You can’t book this property with the Refer a Friend Program. Try searching for another property.","checkout_form_more_options":"More options","pdi_index_wpm_popup_cant_claim":"When can you not make a claim?","sbox_error_enter_dest":"Enter a destination to start searching.","bbg_account_activity_no_activity":"You have no notifications","pdi_index_popup_wpm_bullet_1":"The other offer has to be for the same property and accommodation type.","m_ski_overlay_snow_reliable":"Snow details","geo_beach_food_and_drink":"On-Site Food & Drink","paycom_billing_address_state_or_province":"State/Province","language_exception_x_now_sold_out_compliant_1":"The property you recently viewed is now unavailable on our site","notifications_percent_reserved_cta":"Continue your search","rates_rocket_gating_popup_error":"Enter a valid code.","bh_gwe_sr_card_entire_unit_studio":"{num} entire studios","ski_dc_elevation_range":"{lowest_elevation}–{highest_elevation} elevation","content":"Content","m_ski_overlay_ski_trails":"Ski trails","vm_earn_voucher_desc_1_bold_badge_tooltip_pd":"You'll earn a {start_bold}{amount_with_currency_post} voucher{end_bold}. It'll be added to your Wallet 14 days after your stay and will expire in {num_months} months.","loc_sr_filter_budget_applied_filter_to":"To {to_value}","language_exception_iq_sbox_accommodation_num_guests_1":"{num_guests} guest","ski_dis_see_more__web":"See more","language_exception_genius_get_a_discount_select_rooms_1":"Up to {num_percent}% discount","a11y_travheader_view_notifications_count":"You have {num_notifications} unread notifications","convert_incentives_index_card_copy_cta":"Copy","sr_sbox_flex_dates_two_months_footer":"{month_name_1}, {month_name_2}","checkout_form_enter_cvc_code":"Enter your 3 or 4-digit security code","iq_sbox_flights_depart_date":"Depart","app_marketing_www_landing_anti_fraud_voice_ac1":"Press and hold to send link to your phone.","gex_w_sr_meta_landing_sign_in_card_toast":"Discounts applied to all Genius properties","language_exception_d_dmw_wl_calendar_occupancy_rooms_1":"{num_rooms} room","m_ski_overlay_lift_tickets_body_copy":"Lift tickets","hp_go_to_book_button_ja":"Go to book","language_exception_ss_sxp_index_sbox_calendar_num_night_stay_1":"({num_nights}-night stay)","sr_calendar_approx_prices_info_multi_day_stay":"Approximate price per night in {currency} for a stay starting on {date}","raf_friend_lightbox_subtitle_noname":"(And don't forget to thank your friend!)","num_reviews_sr_page":"{num_reviews} reviews","ar_islamic_calendar_rajab":"Rajab","price_watch_sorry_1":"You can only watch up to {max_number_properties} prices.","beach_explore_panel_ave_cost":"Average cost per night","search_xp_sb_manual_tooltip_month":"Month of stay","language_exception_lists_distance_metric_1_1":"1 mile from the centre of {ufi}","maps_none_available_remove_all_filters":"Remove all filters","beach_sr_header_see_beaches":"See all beaches","language_exception_beach_sr_distance_from_beach_ft_1":"{distance} ft from beach","maps_none_available_change_filters":"Change your filters","extl_reviews_no_bcom_sr_reviews_tooltip_cta":"Learn more about external reviews","iq_sbox_error_cars_arrival_after_departure":"Select a drop-off date that comes after your pick-up date.","price_display_credit_source_genius_vip_all":"You're getting Credits because you're a Genius VIP.","paycom_billing_address_house_number_or_name":"Apartment/Unit number","raf_friendlanding_index_lightbox_step3_description_cc":"Get your reward on your credit card.","ski_weather_type_snow_sleet":"Sleet","language_exception_vm_earn_voucher_desc_1_bold_badge_tooltip_pd_1":"You'll earn a {start_bold}{amount_with_currency_post} voucher{end_bold}. It'll be added to your Wallet 14 days after your stay and will expire in {num_months} month.","app_marketing_www_landing_anti_fraud_cta":"Press & hold to send link","bh_gwe_sr_privacy_no_descriptor_bed_in_dorm":"{num} beds in dorms","d_dmw_wl_calendar_occupancy_rooms":"{num_rooms} rooms","lists_email_invalid_last_name_error":"Please enter a last name","ski_dc_trail_intermediate":"Intermediate","comp_num_reviews_sr_page":"{num_reviews} reviews","pb_google_place_florist":"Florist","pb_google_place_zoo":"Zoo","maps_none_available_no_props_avail_here":"Sorry, there aren't any properties available here","wl_lists_max_tooltip":"You reached the max number of lists","maps_google_distances_hours":"{num_hours} hours","language_exception_a11y_travheader_view_notifications_count_1":"You have {num_notifications} unread notification","rewards_firstuse_taxi_emailflow_error_used_header":"Sorry, this voucher has already been used","language_exception_bh_gwe_sr_card_entire_unit_chalet_1":"Entire chalet","bb_sr_theme_activities":"Activities ","bh_gwe_sr_privacy_entire_studio":"{num} entire studios","all_deals_1":"Great value","raf_flex_post_signin_modal_subtext_fixed_wallet":"Find a place to stay and get {value_friend} back in travel credit.","raf_friend_lightbox_step_3_description":"Claim your cash reward.","beach_hp_explore_nearby_panel_header":"Around {property_name}","bh_prd_sr_card_weeks_above_price":"{num_weeks} weeks","www_surveygizmo_intro_no":"Not now","genius_frube_tooltip_benefits":"Your Genius Perks:","lists_wishlist_save_note":"Save","pb_google_place_grocery_or_supermarket":"Supermarket/grocery store","beach_sr_distance_beachfront":"Beachfront","language_exception_bhgwe_sr_show_bh_bathroom_num_0":"{num_bathrooms} bathrooms","list_dropdown_email_last_name_example":"Smith","rates_rocket_gating_popup_technical_error":"Something went wrong – try again later.","iq_sbox_flights_date_of_return":"Date of return","msg_cta_lets_get_started":"Let's get started","hotel":"Hotel","pd_cp_credit_after_stay_block_header":"You’ll earn {start_bold}{amount_with_currency_post} Credits{end_bold}","my_list_date_button_v2":"Apply dates to see availability","language_exception_a11y_hp_bookmarks_button_saved_1":"This property is saved to {num_lists} of your lists","vm_earn_voucher_badge_tooltip_pd":"Earn a voucher","raf_deals_easter19_subheader_wallet":"With Easter Deals savings of at least 20%, now is the time book!","acc_cal_week_number":"Week {week_number}","list_wishlist_send_to_friends":"Share the list","rates_rocket_hp_tooltip":"Our accommodation partner {rocket_brand_name} provides exclusive deals on select properties.","deals_price_watch9":"Stop watching","pdi_index_wpm_popup_desc":"{startBold}You can claim a refund for the difference if you find your reservation cheaper on another website.{endBold} ","m_ski_overlay_lift_tickets_header":"Lift tickets","language_exception_msg_lc_alt_messaging_platform_1":"Check your new message","iq_sbox_flights_one_way":"One-way","iq_sbox_error_flights_departure_date_too_far_future":"Your departure date was too far in the future – try again.","a11y_hp_bookmarks_add_to":"Add property to your lists","ge_deepen_free_breakfast_benefits_tooltip":"Free breakfast","language_exception_sr_sbox_flex_dates_days_months_footer_0":"{days} in {month_names}","desktop_maps_zoom_to_city_tip":"Zoom to view {cityName}","bb_business_or_leasure_tooltip_lt":"Mark this booking as a leisure trip","bh_gwe_sr_privacy_shared_bathroom_room":"{num} rooms with shared bathrooms","sr_sbox_flex_dates_checkin_checkout_preferred_dates":"Preferred dates","language_exception_ski_multi_resort_dc_see_properties_1":"See property nearby","pdi_index_popup_wpm_bullet_4":"If the other offer is on a website that doesn’t reveal the property or accommodation type you’ll be staying in until after booking.","acc_index_choose_checkout_date_arrowkeys":"Select your check-out date using the arrow keys","raf_instant_discount_flex_modal_step3_paylater_fixed":"Pay at the property and get {value_friend} back after your trip.","language_exception_sbox_dates_num_nights_1_1":"1-night stay","ski_sr_more_options_sat2sat_subheader":"Many ski properties become available during the weekend","rewards_firstuse_taxi_emailflow_error_used_body":"Keep an eye on your inbox for future rewards and deals","sbox_adults":"Adults","iq_sbox_accommodation_num_guests":"{num_guests} guests","sr_sbox_flex_dates_days_months_footer":"{days} in {month_names}","checkout_form_pay_method":"{/payment_method/[method]/name} Payment","star_rating_4_half":"4.5 star hotel","beach_sr_left_side_module_header":"Find your perfect beach","trip_types_distance_property":"{distance_localized} from property","deals_price_watch_2":"You're subscribed to price watch emails for this property, so you get the best deal out there.","bh_gwe_sr_privacy_entire_apartment":"{num} entire apartments","pdi_index_popup_wpm_checklist_contact_2":"You'll have to give us the link to the other offer and it needs to be online and available when we check. ","m_wl_removed_from":"Removed from {list_name}","sr_sbox_flex_dates_custom_selection_nights":"{num_nights} nights","language_exception_deals_landing_blackfriday2022_hero_countdown_days_1":"Offer ends in {num_days} day","sr_search_card_includes_taxes_charges":"Includes taxes and fees","d_dmw_wl_num_properties_saved":"{num_properties_saved} properties saved","raf_instant_discount_flex_modal_subtext_name":"(and don't forget to thank {advocate_name}!)","prd_sr_card_children_above_price":"{n_of_children} children","convert_incentives_landing_modal_tcs_cta":"Terms and conditions","auth_2fa_recovery_flow_code_sent_explanation":"When you added Two Factor Authentication to your account, we asked you to provide us with a recovery email address in case you didn't have your phone on hand.","ski_weather_type_snow_showers":"Snow showers","raf_friend_lightbox_subtitle":"(And don't forget to thank {friend_name}!)","checkout_form_incorrect_name_type":"Enter your name as it appears on your card","language_exception_sr_star_property_1":"1 star","checkout_form_cvc_tooltip_4_digit":"Your 4-digit security code is printed above the card number","geo_beach_swimming":"Swimming Allowed ","raf_instant_discount_flex_modal_step2":"Find a place to stay","language_exception_lists_room_type_lightbox_room_1":"1 more room type","pb_google_place_bakery":"Bakery","language_exception_gsb_hp_book_now_cta_villa_1":"{num} villa for {group_recommendation_price}","checkout_form_payment_method":"Payment Methods","loc_character_comma":", {zwsp}","iq_sbox_flights_date_of_departure":"Date of departure","pb_google_place_aquarium":"Aquarium","review_adj_exceptional":"Exceptional","ski_weather_type_rain_shower":"Rain shower","language_exception_bhee_sr_extend_stay_banner_head_1":"Discover up to {num} extra property in {city_name} by adding 1 night to your stay","checkout_form_3_digit_cvc":"Enter the 3-digit security code located on the back of your card","pb_google_place_subway_station":"Subway/metro station","recently_viewed_list_v2":"Don't lose track of your favorite property.","ls_error_max_los_exceeded_p2":"Bookings can only be made for a maximum of {max_num_nights} nights – enter alternative dates and try again.","wishlist_delete_prompt":"Are you sure? This can't be undone.","review_adj_good":"Good","language_exception_list_percent_off_value_1":"-1%","m_ski_overlay_distance_airport":"{distance_km_formatted} away","raf_friendlanding_index_lightbox_headline_percent_cc":"Get {value_percent_friend}% Back in Cash Rewards","bh_gwe_sr_privacy_entire_holiday_home":"{num} entire vacation homes","sr_search_card_plus_taxes_and_charges_amount_v2":"+{sum_taxes_charges} taxes and charges","bh_gwe_sr_privacy_private_room":"{num} private rooms","beach_sr_distance_to_beach":"{distance_to_beach} from beach","tpi_sr_banner_filter_tooltip":"Cheaper, but with limited availability and more restrictions because they're provided by wholesale partners.","maps_hp_sr_reviews_after":"Based on {start_bold}{num_reviews}{end_bold} real guest reviews","iq_sbox_cars_month_of_departure":"Month of pick-up","search_box_cal_checkin_date":"Check-in Date","ar_islamic_calendar_two_years":"{first_hijri_month} {first_year}/{second_hijri_month} {second_year}","iq_sbox_error_flights_departure_date_invalid":"Your departure date is invalid.","list_dropdown_email_example":"name@example.com; name@example.com","sal_verify_phone_popup_enter_ineligible":"Enter a {provider} number to participate in the promotion.","sal_verify_phone_popup_code_expired_code":"This code is expired. Click \"Resend code\" to try again.","fe_cc_transport_info_general":"Transportation Information","x_now_sold_out_compliant_sold_out":"{num_sold_out} properties you recently viewed are now sold out on our site","loc_m_social_connect_naver_sign_up":"Sign up with Naver","m_ski_overlay_half_pipe":"Half pipe","hotel_header_new_num_reviews":"{num_reviews} reviews","a11y_cta_close":"Close","language_exception_bh_gwe_sr_privacy_private_studio_1":"Private studio","bh_gwe_sr_privacy_entire_bungalow":"{num} entire bungalows","vm_earn_rewards_badge_name_pd":"Earn {amount_with_currency} in rewards","a11y_hp_bookmarks_button_hover":"Your lists","maps_sold_out_copy_with_dates_correct":"{start_syle}{Sold_out}{end_style} ({short_month_name} {start_day_of_month}-{end_day_of_month})","close":"Close","sr_dates_cta_choose_room":"Select your room","maps_explore_sidebar_top_things_to_do_header":"Top Things to Do","geo_beach_water_quality_great":"Great Water Quality","loc_m_social_connect_naver_sign_in":"Sign in with Naver","a11y_announce_sorting_complete":"Results sorted by {sort_option_name}.","language_exception_destination_finder_num_endorsements_1":"{num_endorsement_count} recommendation","generalised_num_properties":"{num_hotels} properties","raf_desktop_friend_modal_how_it_works_header":"How It Works","language_exception_sxp_index_sbox_horizontal_adults_1":"{num_adults} adult","nights":"nights","language_exception_deals_landing_blackfriday2022_hero_countdown_timer_1":"Offer ends in {countdown}","do_you_want_to_save_cta":"Save this property to this list","iq_sbox_flights_departure":"Departure date","map_distance_from_property":"{distance_localised} from property","m_wl_saved_to":"Saved to {list_name}","bb_sr_theme_countryside":"Countryside","language_exception_bh_gwe_sr_privacy_private_suite_1":"Private suite","language_exception_bh_gwe_sr_privacy_entire_villa_1":"Entire villa","book_button_now":"Book now","account_sign_in_one_tap_verifying_body":"Signing in to {b_companyname}","ppd_survey_oct18_price_clarity_progress":"Progress","gex_google_popup_email":"Sign in to unlock deals and discounts!","a11y_pd_rt_price_original":"Original price","language_exception_beach_sr_distance_from_beach_m_1":"{distance} m from beach","loc_social_connect_google_sign_in":"Sign in with Google","pb_google_place_restaurant":"Restaurant","language_exception_a11y_gallery_image_screenreader_total_in_gallery_0":"No images in this gallery","dsf_rename_list_dialogue_zhtw":"Enter a new name for this list","ar_islamic_calendar_warning_message":"Please note : Only the Gregorian date will be submitted in the reservation.","paycom_billing_address_save_card_and_address":"Save card and billing address for faster future payments","pb_google_place_shoe_store":"Shoe store","language_exception_pob_sr_map_days_until_your_stay_1":"{num_days} day until your stay","checkout_form_booking_process_yy":"YY","raf_desktop_friend_modal_header":"Hi there! Welcome to {b_companyname}","tt_beach_review_language":"{num} reviews in your language","raf_friend_lightbox_step_2":"Step 2","iq_sbox_error_dates":"Please enter a date in the future.","bh_gwe_sr_card_entire_unit_suite":"{num} entire suites","auth_next_step_error_empty_verification_code":"Enter a verification code","language_exception_bh_ss_sxp_index_sbox_calendar_num_week_stay_1":"({num_weeks}-week stay)","m_ski_overlay_children":"Children","prd_sr_card_adults_above_price":"{n_of_adults} adults","checkin_date":"Check-in date","pb_google_place_shopping_mall":"Shopping mall","my_list_date_button_v1":"Check availability and prices","search_box_cal_checout_date":"Check-out Date","star_rating_1":"1-star hotel","pb_google_place_library":"Library","pdi_index_popup_wpm_bullet_6":"If the other offer is a special promotion or deal.","ski_dc_trail_easy":"Easy","language_exception_ski_extranet_ski_lifts_seats_tag_1":"1 seat","raf_desktop_friend_modal_step_three_subhead":"After we’ve confirmed your stay with the property, you’ll get {value_friend}!","ski_weather_type_snow_drizzle":"Drizzle","loc_sr_filter_budget_applied_filter_from":"From {from_value}","www_msg_welcome_value_prop":"Need a parking space, late check-out or something else? Our virtual assistant can help.","raf_instant_discount_flex_modal_subtext_noname":"(and don't forget to thank your friend!)","bb_sr_theme_nature":"Nature","pex_flights_sb_num_travellers":"{num_travel} travelers","language_exception_sr_sbox_flex_dates_custom_selection_nights_1":"{num_nights} night","share_tooltip":"Share","raf_flex_post_signin_modal_subtext_percent_cc":"Find a place to stay and get back {value_percent_friend}% of your booking.","lms_srp_percentage":"With extra last-minute discounts of up to {num_saving}% off!","lists_map_list_name_zhtw":"List name","map_view_check_availability":"Check availability","bb_business_or_leasure_success_notification":"Your travel details have been successfully saved ","ppd_survey_oct18_price_clarity_complete_cta":"Complete survey","language_exception_gsb_hp_book_now_cta_room_1":"{num} room for {group_recommendation_price}","ios_ace_wishlist_show_on_map":"Show on map","lists_endorsement_perfect_stay":"Find your perfect stay!","www_maps_areas_feature_explore_title":"Explore","star_rating_3":"3-star hotel","lists_sign_in_to_see_click_here":"Sign in","wl_select_a_list":"Select a list","ski_dc_resort_card_more_details":"More details","bh_gwe_sr_privacy_shared_bathroom_room_one":"{num} room with shared bathroom","map_sr_filter_loading_sub":"You'll see your results on the map","loc_instalments_card_check":"The card you've selected doesn't allow instalments.","pb_google_place_movie_theater":"Movie theater","iq_sbox_rentalcars_current_location":"Current Location","pb_google_place_train_station":"Train station","please_take_a_few_seconds":"Please take a few seconds to give us your opinion in a {quick_surveyLink}quick survey{endLink}.","vm_bp_block_voucher_message_title_bold":"Earn {start_bold}{amount_with_currency} voucher{end_bold}","num_hotels":"{num} hotels","maps_explore_sidebar_top_things_to_do_subheader":"Discover the best {city_name} has to offer.","a11y_index_autocomplete_suggested_destinations_list":"List of suggested destinations ","help_preferred_plus_property":{"value":"This property is part of our Preferred Plus Program. It's committed to providing outstanding service and excellent value. It'll pay us a higher commission if you make a booking.","experiment_hash":"ZOOYDLXAdcCcdOOdDC"},"loc_social_connect_facebook_sign_in":"Sign in with Facebook","beach_review_adj_very_poor":"Very bad beach","sr_last_room_reserved":"We've reserved our last available room at this property","search_guest_type_children":"Children","pdi_index_wpm_popup_checklist":"We Price Match Checklist","free_capitals_cancellation":"Free cancellation","lists_endorsement_perfect_stay_people_from":"{ufi_name} is highly rated for {interest_point} by people {from_country_name}.","sp_gating_sms_third_party_cookies_error_message":"Allow third-party cookies in your browser settings to continue.","maps_sold_out_copy_with_dates_crossover_correct":"{start_style}{Sold_out}{end_style} ({start_short_month_name} {start_day_of_month} - {end_short_month_name} {end_day_of_month})","pb_google_place_food":"Food","language_exception_ls_error_max_los_exceeded_p1_1":"Your check-out date is more than {max_num_nights} night after your check-in date.","auth_2fa_recovery_flow_code_sent_status":"We've sent a temporary verification code that will let you access your account","last_chance":"Last chance!","checkout_form_cvc_code_title":"Security Code","ski_dc_total_trail_length":"{trail_distance} of trails","ski_multi_resort_dc_see_properties":"See properties nearby","d_dmw_wl_calendar_occupancy_adults":"{num_adults} adults","list_dropdown_email_last_name":"Last name","language_exception_m_bh_sr_num_living_rooms_1":"{num_living_rooms} living room","ski_dc_ski_lift_header":"Ski lift info","language_exception_bh_gwe_sr_privacy_hotel_room_1":"Hotel room","bh_gsb_search_box_checkout_age_plural":"Children's ages on {date}","maps_sr_iw_best_price_yet":"Best price you've seen so far!","a11y_link_content_change_dialog_box":"Dialog box content has changed","checkout_form_booking_process_mm":"MM","iq_sbox_flights_travellers":"{num_travellers} travelers","m_ski_overlay_toboggan":"Toboggan","beach_sr_left_side_module_beach_properties":"Show closest properties","ar_islamic_calendar_dhul_qaadah":"Dhul Qa'adah","m_ski_overlay_snow_park":"Snow park","rates_rocket_hp_rooms_table_boost_message":"Pay more to earn more","extl_reviews_no_bcom_sr_reviews_modal_header":"External review score","raf_instant_discount_flex_modal_headline_fixed":"Save {value_friend} on your booking","d_dmw_wl_just_added_label":"Just added!","a11y_rating_score_for_screenreader":"Scored {review_score_number} ","list_my_lists_onbaording_box_comp":"Compare","bh_gwe_sr_privacy_entire_chalet":{"value":"{num} entire cabins","experiment_hash":"ZOBJZGDYeUaHBXLMSPRSQcfOEbMUO"},"maps_google_distances_minutes":"{num_minutes} minutes","rewards_firstuse_taxi_emailflow_error_user_body":"Sign up for our newsletters to get rewards delivered straight to your inbox","x_now_sold_out_compliant":"{num_sold_out} properties you recently viewed are now unavailable on our site","pb_google_place_liquor_store":"Liquor store","genius_icon_tooltip":"You're saving an extra 10% on this property because you're a Booking Genius!","list_my_lists_onbaording_box_save_msg":"Save your favorite properties in a list so you can refer back to them or book – anytime.","bh_gwe_sr_privacy_shared_dorm_room_one":"{num} shared dormitory room","ski_weather_type_snow_fog":"Fog","a11y_hp_bookmarks_name_new":"Type the name of your list and press enter to add","raf_friend_landing_save_for_later_cta":"Save for later","bb_business_or_leasure_tooltip_bt":"Mark this booking as a business trip","wl_cta_button_table_reserve":"Reserve","raf_friend_lightbox_title":"Earn a {value} Cash Reward","www_maps_areas_feature_city_centre_generic":"The heart of {city_name}, home to many of the city's best attractions, restaurants, and shopping. ","recently_viewed_list_name_dropdown_explanation_box_header":"No more losing track!","checkout_storing_credit_card_details_11":"Add this card to your account for faster booking","loc_sbox_children_age_singular":"Age of child at check-out","all_deals_3":"Last-minute Deal","fd_lp_header_rs":"Review score","bh_gwe_sr_privacy_entire_studio_one":"{num} entire studio","wl_no_availability_change_dates_cta":"Change dates","rewards_firstuse_taxi_emailflow_error_used_generic":"Got it","raf_friendlanding_index_lightbox_step3_description_wallet":"Get your reward in Wallet credit.","review_adj_poor":"Poor","pd_bp_credit_block_after_stay_p2":"Use your Credits on all attractions, taxis paid in advance, and select stays on {b_companyname}.","recently_viewed_list_variableopt_1":"A property has been saved in the \"{name_of_list}\" list","d_dmw_wl_calendar_dates_apply_cta":"Apply","raf_friend_landing_shut_down_modal_body":"Our referral program is closed. You can go ahead and make a booking, but you won’t be eligible for a referral reward.","d_dmw_wl_taxes_and_charges_may_vary":"taxes and charges may vary","paycom_validate_tpv_billing_address_house_number_or_name":"Enter a valid apartment/unit number","a11y_hp_bookmarks_button_saved":"This property is saved to {num_lists} of your lists","anonymous":"Anonymous","m_ski_overlay_ski_terrain":"Ski terrain","language_exception_maps_hp_sr_reviews_after_1":"Based on {start_bold}{num_reviews}{end_bold} real guest review","m_ge_deepen_hp_benefits":"Free breakfast","no":"No","welcome_to_your_lists_save_them":"Save your favorite properties on this computer."},"flight_class":{"5":{"name_with_class":"Any class"},"4":{"name":"First class"},"3":{"name":"Business"},"2":{"name":"Premium economy"},"1":{"name":"Economy"}},"country":{"xa":{"name":"Abkhazia"},"ge":{"name":"Georgia"}},"Ski_lifts_types":{"9":{"name":"Funicular lift"},"3":{"name":"Hybrid lift"},"6":{"name":"J-bar lift"},"5":{"name":"T-bar lift"},"11":{"name":"Funicular lift"},"10":{"name":"Cablecar lift"},"2":{"name":"Chairlift"},"4":{"name":"Drag lift"},"8":{"name":"Magic carpet lift"},"7":{"name":"Rope tow"},"1":{"name":"Gondola lift"}},"error":{"checkin_date_invalid":{"name":"Your check-in date is invalid."},"checkout_date_more_than_30_days_after_checkin":{"name":"Your check-out date is more than 30 nights after your check-in date. Bookings can only be made for a maximum of 30 nights. Please enter different dates and try again."},"checkout_date_more_than_45_days_after_checkin":{"name":"Your check-out date is more than 45 nights after your check-in date. Bookings can only be made for a maximum of 45 nights. Please enter different dates and try again."}}});
}(window.booking));
</script>
<script nonce="Y346mIyU7Ic0W43">
booking.env.priceWatch = {
b_price_alert_canceled: "",
b_price_alert_all_canceled: ""
};
</script>
<script nonce="Y346mIyU7Ic0W43"> if( window.performance && performance.measure && 'b-post-scripts') { performance.measure('b-post-scripts'); } </script> 
<script nonce="Y346mIyU7Ic0W43" src="https://cf.bstatic.com/static/js/raf_cloudfront_sd/45d8698d75530fb1caf4234ae781820e86c68a9a.js" crossorigin></script>
<div id="__CAPLA_APP_ROOT__"><div data-capla-component="b-search-web-searchresults/SearchBoxDesktopHorizontal/BreadCrumbsDesktop/HeaderDesktop/LeftColumnDesktop/PropertiesListDesktop/SearchBoxDesktop/TripTypeRecommendations/SortersBar/TravellerHeader/GlobalAlerts/PropertiesListMap/MapDesktop" data-capla-namespace="b-search-web-searchresultsBXEQLBaN"></div></div>
<script data-capla-application-context="data-capla-application-context" nonce="Y346mIyU7Ic0W43" type="application/json">{"publicPath":"https://cf.bstatic.com/psb/capla/","cdnOrigin":"https://cf.bstatic.com","bplatformEnvironment":"prod","cspNonce":"Y346mIyU7Ic0W43","acceptHeader":"*/*","language":"en-us","basePageUrl":"https://www.booking.com/searchresults.html?dest_id=261060\u0026dest_type=landmark\u0026si=ai%2Cco%2Cci%2Cre%2Cla%2Cdi","currency":"USD","visitorIP":"181.66.151.1","visitorCountry":"us","visitorCountryRegion":"lma","visitorUfi":-352647,"affiliate":{"id":304142,"isBookingOwned":true,"isCobrand":false,"isBookingBranded":false,"isHybrid":false,"label":"gen000nr-10CAQoggJCD2xhbmRtYXJrXzI2MTA2MEgzWARo7AGIAQGYATO4AQXIAQXYAQPoAQH4AQGIAgGoAgG4AtrfkKgGwAIB0gIkOWIzM2E5MTMtNDMwZC00YzZmLTg5Y2ItZmU2OWJjYjc3MDc02AIB4AIB","isGeniusAffiliate":true,"partnerId":1},"isInternal":false,"isInternalIp":false,"isInternalUser":false,"pageviewId":"7c9c48ada4eb027a","actionName":"searchresults_irene","userAgent":{"deviceType":"unparsed_ua","browserName":"Unparsed","uaGroupId":82,"userAgent":"appium/8.3.0 (selenium/4.12.1 (java windows))"},"sessions":[{"type":"frontend","id":"4d6ba12c187d02b81beec9d404a74d7f"}],"etSerializedState":"EVykwGKBrCVkvURqu81-v-LsplT1IvEryku7j90i3DfIjGmAYEYR9j35nWDJkXk7xQyLC6C1wKH6cDUr3H6g2FQ","encryptedCommonOauthState":"UpQCnPCIIMj4ET9lcETuIb6LxmwAG9JPUemHeLaj4ZHsN-DTKfLaBjwFmvz4lEoxtMpFb4NB2qeDJxOOYoOhGf2DqGVKGMME_lGgj6IMwAV2boHZVP9KD0t6eyzzAUP9g2mOLef2CuSsEeGk6IgO9PL77tUyP3piD5lF-zxkWol9qRuTu6xaTOESA-GsBRD0BvZi9e2WmKMToDdEmqouNISvJekuDigGMLRsnMlW7j4JzgDIPJY8eSN9kWsoJJJnXAc2VetTXtYEW6nrRNm_qsmRbpT0nctSEEcsBeb29ASJ8_v9R9_SOHkuzyQhJV8M1WQ_1cTN74bLTspi2jUqKbt_yAM6FMoiw4UPS2paQ60wg4L421tZ","isNormalRequest":false,"isRobotRequest":true,"isLanding":true,"siteType":"WWW","siteId":1,"csrfToken":"eyJhbGciOiJIUzUxMiJ9.eyJpc3MiOiJjb250ZXh0LWVucmljaG1lbnQtYXBpIiwic3ViIjoiY3NyZi10b2tlbiIsImlhdCI6MTY5NDc3MzIxMCwiZXhwIjoxNjk0ODU5NjEwfQ.xn6nESSQ3_QDYhBbQwJJg8mtremjmkbnsM-Na3u80G0ntQOAsRXQMvFZhYTXy_FV4R1reGEjCqhMSSYpdLcjjQ"}</script><script id="__CAPLA_CHUNK_METADATA__b-search-web-searchresultsBXEQLBaN__CAPLA_APP_ROOT__" type="application/json">{"chunks":["3adb9e25","34f2af62","fd1a5492","b71e2dc8","5ab48c7f","64feba51","66212866","d01efdaf","51308afc","3c0c92a2","861a93b6","9b319ccc","976086da","7eb49103","7e33f430","7fe37de8","5f950c3a","a922c109"],"experimentTags":{"ODREYFbYALUZCGVTfeBHMacHSCZC":1,"NAFLeOeJcCcCcCFdRaaKdGJQDZOKZEHe":0,"ODREBdJBCDcFGHT":0,"TZUfdKNKNKPRVfEeSPGOaYdYO":0,"TZUfdKNKNKPeTcZVfTLScXQOVWe":0,"TZUfCDWOODXaJPeTJLBWHZHT":0,"TZUfCDWOODUeQFaJefTLKGBfC":0,"INFddKNKNKHYPYYdbFDaeKe":0,"VCTOWPHDDPeTFfAZCCZKXe":0,"VCTOFRURURYeSZVJNWWNRRT":0,"ODREBEDaWMLUTUbERVHe":1,"INFddKNKNKPBDJJHMVGPLTLReASdVLT":0,"bPFTMGCVFPPKNAPcHMaXDORMTfLT":0,"bPFTMGCVFPPKNAPcHMaXWPHDDWe":0,"TZUfIFOcIYUIKPSCPEQeLVZQLNJcCWcYUcO":1,"aXTfOFJZMYeKTcABVYUfFdHMPVWCGTQJQJET":0,"aXTfOFJZMYeKTcABVYUfEFfVacDNEQEDC":0,"BHDTJdReLBBVYUIeTJZYGTXT":0,"BHDTJdReLAUeASHLUXe":0,"eWfaYPZPIEKeAEGUPdOSBXAFUTUeeae":0,"eWHMYTBADDbdEcLcDNTVXVeUOHSeEeRYOTUNQQHT":0,"eWHMYTBADDbddPKFTdRNYYdXGBbLPNOUJBNZDNTfLLXT":0,"eWHMcCcCcCWEYcZbMQMLebPXKXXGPNSOUJBYASOWNIHHZCJNRe":0,"ODRdLOLOLOCcMEfTLEPYNSGJLBWHHT":0,"TZUfdKNKNKHbCZIVScZOAaNCWLcYC":0,"TZUfdKNKNKHbCZIVScZOECQdHZVBEGNcXaO":1,"YdXfdKNKNKPWZJdUQWTCUZZAUGO":1,"YdXfCDWOODCSVZNbIUONSFbYLT":1,"fBTeecNAWIHQaBAWeLFTdWe":0,"NAREFBCdCNTNMbPCFO":1,"ODREBEdaWNAcfDZBfFHcYBCeUC":0,"ODREGPKBbLEdaWEIEYIEHe":0,"VCTOFRURURYTfbacWCcYZMHBeZOEfSPMHTHT":0,"VCTOWPHDDHUJFWQIOQPFdRNeFBHDTJdReRe":0,"GfCDATBaXKTBBOGNVJYEVbCbZUWe":0,"ODRdLOLOLOASKFZJODXQEHNPVT":0,"ZOMPGfFdHMaMEAfGTJJbMFJQPYUbUKe":0,"TWRGYTBOQQbHVEZYPfIZFKFeacWXT":0,"HINZJLeUXSaZbCDWOOWQIAZcaOaaO":0,"ODRdHUYDZHFBXVWUWCHOYO":0,"ODREGHcWIADDbdEKfPBDORe":0,"OLdaWELZQdKNKNKWe":0,"OLdaWELZQCDWOOC":0,"ODREGZEOTOCaIeJYKabWTacWXT":0,"HINZJLeUXLCddLOLOLOCcAZdJAINRe":0,"ODREGHXYRFKUAAZFLMUWCPbfBJEUZC":1,"ODRdLOLOLOCGVTbScaCJSUWe":1,"NAFLeOeJOMeXPQeNCGVfSCMeDDae":1,"ODREBEPVIRPLbeTLdaRO":0,"ODRdHUYRDIFIeTJHcWXT":0,"NAFLeOeJAETbSbcYGfPKNCGVKe":0,"NAFLeOeJOMOQZQNBAVYRUWQIXe":0,"ODRdLOLOLOCcADDbdEeQSAETWRbHT":0,"HBbfBAJPNPTDCHT":1,"cQYIMdUTNOUbWNHYLFfAJUXWAcaYbDDUPRXe":0,"cQYIMdUTNOUbWNHYLFfAJYYeFEXO":0,"cQYIMdUTNOUbWNHYLFfMPSXZDDUPRXe":0,"cQYIMdUTNOUbWNHYLFaUSfIFTWAJYYeFEXO":0,"OLHIYTLRQJRbWdWOGVO":0,"NAREFOLDaWcXIFYdXfMAWe":0,"NAREFOQFLFQPVT":0,"NAFLeOeJYTBOLPTdMZbGXZUBPTVfITUSEDELO":0,"NAREFOLXZaTBSSLSEAHRdMDCUC":0,"ODRELDbIaMEAbeEPdfPbBYQUSLUbQZaTaTaET":0,"ODREBdRASSTMDUKVZFSIJaOMZFaO":0,"HINZJLeUXSaZbdKNKNKHUJKDKGMLaC":0,"cCHObCccQYIMdUTaJBBBMHO":0,"NVFAHPEAPFBPFUZFVdJcCcCcCWPHDDWe":0,"NAFLeOeJYTBNAFQBcJMaMEAKe":0,"cCHObdRdJWNBJZGWKZETTeMXCEFRURURHe":0,"cCHObCaZHaSdFaLbFRKPXLdLOLOLMO":0,"UaDaBcCcCcCFGbJEbOMNMTbAMIKe":0,"cCHObCBWaEdIPPSfDcORe":0,"cCHObCccQYIMdUTaJBBBMPdKNKNKWe":0,"GfHMYYBQJaYbBZeQHVODKe":0,"XdKYEaEVTNeNcJZWNHRbAMSEJCLfZYPXPRQEDaORe":1,"TZUfdKNKNKHeabDHaOMVFeCSLREHGC":1,"ODRdLOLOLOVWBLEINYO":1,"TDXbETfZHfLebbMIGDC":0,"INFddKNKNKHUDENECQdHZVaAbHJGOaT":0,"HINZJLeUXSaZbXKBebfDUFYQFXSBYQOWHT":0,"ODRdHUYTaSKUAZJAUbcARJEBYJO":0,"ODRdLOLOLOCcTeCYbWcfIMIfWZJae":0,"MCIAFKKZaTaTaBOQRTDbfXYcLcJO":0,"HINZJLeUXSaZbCcBUeCVZOEZTdcaNYCLC":0,"INFddKNKNKPfECIAEZKebJARGWe":2,"ELSXZQXbLVWXMRUMVMINPbfVMDXAWEZUZLWZHOfYO":0,"NAFLeOeJcCcCcCDJZMVOZYAVaKbMXC":0,"YTBOQcLPQLMHWadBJOTXNAUEJWcC":1,"cCcCcCDPCDCcbNXGDJEaXTANZGCdQEKSHMRQRe":0,"cCcCcCDPCDCcANdSSFeHbPPeQYccPONUSMDeWe":0,"NAFLeOeJOQeUYCSJdWTNSHUdCbYHXT":0,"TZUfdbYfTLBbPTPdKNKNKPKUbKbHe":0,"NAREFOQeLPTVBNLTLdaWYO":0,"NAREFOQeLPTVBNLTLJVFHT":0,"NAREFOLTcAZdJAINRe":0,"NAFLeOeJcCcCcCWNKTbLJBMLaWPBHT":0,"VDGbSdadOeFKefPPDGYUC":0,"HINZJLeUXSaZbCcEXO":0,"HINZJLeUXSaZbCcBUEXO":0,"HINZJLeUXSaZbONdPGNbSGOLHXT":0,"cCHObEJcQYIMdUcHCXFZRJNGPbBfC":0,"HINZJLeUXSaZbdKNKNKHUFXSBYQOWcfINKe":0,"NAFLeOeJcQEcVOdWNeYZdfdbJae":0,"NAFLeOeJcLdYZGQDaRNFOSeDdKNKNKWe":0,"aXbSbcOLHbVDPYSbFRURURHe":0,"aXbSbcOLHbVDPYSbWPHDDWe":0,"aXbSbcOLPIbbWEYGbENZZJRLdLOLOLMO":0,"ODRdLOLOLOBYfXKBNTaSdFaLbFFKEeHO":0,"YTTHbXeeVLDKZeVAZNdAYbQIdReLJWcC":0,"aWHMVKbTBPAAXTbdBcANKBYfBQWXXdVLYGGIHYYfPHe":1,"aWHMVKbTBPAAXTbdBcANKBYfBQWXXdVLYGGIZaTaTaET":1,"YTTHbXeeVJWcWPaDMWOMHTccTBLWCAWdPZKe":0,"YTTHbXeeVJWcWPaDMWOMHTcYeIHcUJPUFO":0,"aWHMVKbTBPAAXTbdBcANKBYfBQJeLBBVYYT":0,"YTTHbXeeVeCFZAcbRbROfLMVYAFWe":2,"NAREFacBLfZNKe":0,"NAREFacTTNAIBeaT":0,"TWULHJEfHUNQbHVEZNPIcCSZCIBeaT":0,"cCHObdKDLBDbMAZdJAINLTaYYfPHe":0,"cCHObdKDLBDbMAZdJAINLTbaTaTaET":0,"GfHMYYBLDEZREBASdecYICPRe":0,"GfHMYYBLbOMFcHYbBZeQHVODKe":0,"HZUaQWNCeAYNSRKALRe":0,"YdXfdKNKNKHUFKYOeeTLO":0,"HOReeYGMMWRTCJZeEGDJNQQdOBfHbCRVSdPYSbC":0,"HOReeYGMMWRTCJZeEECAUNZJCDSQdOBfHbCRVSdPYSbC":0},"featureNames":{"cZbRAPPeEfWe":true,"PcVJKDKGYYeFORe":false,"cQYIMdUTNOUaYLFbWNHUWORTeCISUZIYBAae":true,"cQYIMdUTNOUaYLFbWNHUJKDKGHSCWGO":true,"cQYIMdUTNOUaYLFbIJfRfQCBOFO":true,"ODREXTUSGbBMIVIQHNAAREaQXMDMWUC":false,"cQYIMdUTNOUbWNZHbXNLBGbVJWcFAVDXDGMYTET":true,"IeZXXDNFVFKOUYLLFJYbCceMNPVbPSUabSccETKe":false,"EBDIbIbXDeBGGTcZJFfHbeMPET":true,"IePFbJMFVFKOUYLLHNOVRe":true,"HZUfDHCOLZVfDaFBdcEUWQIOQWBOILT":true,"HZUaYYfPYWMdIPPSfDcMLaUFAHYGWe":true},"copyTags":{"lp_hp_no_dates_selected_error":"Enter your dates to check availability.","sbox_error_num_night_res":{"type":"plural","plural":{"one":"Sorry, reservations for more than {num} night aren't possible.","other":"Sorry, reservations for more than {num} nights aren't possible."}},"sr_calendar_min_night_stay_footer":{"type":"plural","plural":{"one":"There's a minimum length of stay of {num_nights} night from your check-in date","other":"There's a minimum length of stay of {num_nights} nights from your check-in date"}},"m_search_close":"Close","m_sxp_sbox_overlay_generic_cta":"Done","sr_sbox_select_dates_cta":"Select dates","bh_sbox_general_dates_num_weeks":{"type":"plural","plural":{"one":"{num_weeks}-week stay","other":"{num_weeks}-week stay"}},"sbox_general_dates_num_nights_1":{"type":"plural","plural":{"one":"{num_nights}-night stay","other":"{num_nights}-night stay"}},"search_box_cal_checkin_date":"Check-in Date","search_box_cal_checout_date":"Check-out Date","num_days":{"type":"plural","plural":{"one":"{num} day","other":"{num} days"}},"sr_flex_dates_exact_dates":"Exact dates","sr_sbox_flex_dates_tab_calendar":"Calendar","sr_sbox_flex_dates_tab_im_flexible":"I'm flexible","sr_sbox_flex_dates_select_dates_cta":"Select dates","sr_sbox_flex_dates_choose_days_head":"How long do you want to stay?","sr_sbox_flex_dates_custom_selection_no_num_nights":{"type":"plural","plural":{"one":"night","other":"nights"}},"sr_sbox_flex_dates_choose_months_head":"When do you want to go?","sr_sbox_flex_dates_select_months_error_2":"Select up to 3 months","sr_sbox_flex_dates_choose_days_footer":"Select preferred days","sr_sbox_flex_dates_choose_days_months_footer":"Select days and months","sr_sbox_flex_dates_choose_months_footer":"Select preferred months","sr_sbox_flex_dates_custom_selection_nights":{"type":"plural","plural":{"one":"{num_nights} night","other":"{num_nights} nights"}},"sr_sbox_flex_dates_days_months_footer":{"type":"plural","plural":{"one":"{days} in {month_names}","other":"{days} in {month_names}"}},"sr_sbox_flex_dates_three_months_footer":"{month_name_1}, {month_name_2}, {month_name_3}","sr_sbox_flex_dates_two_months_footer":"{month_name_1}, {month_name_2}","search_box_guest_num_popup_done":"Done","fame_search_age_explain":{"type":"plural","plural":{"one":"To find you a place to stay that fits your entire group along with correct prices, we need to know how old your child will be at check-out","other":"To find a place to stay that fits your entire group along with correct prices, we need to know how old your children will be at check-out"}},"fame_w_mandatory_ages_explain":"Correct ages help us show the best options and prices for your family","fame_w_mandatory_ages_head":"Age of children at check-out","fame_w_mandatory_ages_head_required":"(required)","fame_w_mandatory_ages_no_head_explain":"Add correct ages so we can show the best options and prices for your family","fame_search_age_needed":"Age needed","sxp_index_sbox_num_years_old":{"type":"plural","plural":{"one":"{num_years} year old","other":"{num_years} years old"}},"iq_sbox_accommodation_num_rooms":{"type":"plural","plural":{"one":"{num_rooms} room","other":"{num_rooms} rooms"}},"sxp_index_sbox_horizontal_adults":{"type":"plural","plural":{"one":"{num_adults} adult","other":"{num_adults} adults"}},"sxp_lp_sbox_num_children":{"type":"plural","plural":{"one":"{num_children} child","other":"{num_children} children"}},"a11y_sr_check_in_day_selector":"Check-in day","a11y_sr_check_in_month_selector":"Check-in month","a11y_sr_check_out_day_selector":"Check-out day","a11y_sr_check_out_month_selector":"Check-out month","bb_sbox_work_text_4":"If you select this option, we'll show you popular business travel features like breakfast, WiFi and free parking.","bh_gwe_privacy_entire_home_tickbox_header_filter":"I'm looking for an entire home or apartment","bh_gwe_privacy_entire_home_tickbox_header_tooltip_filter":"We'll show you stays where you can have the entire place to yourself","checkin_date":"Check-in date","checkout_date":"Check-out date","iq_sbox_accommodation_where":"Where are you going?","sbox_adults":"Adults","sbox_children":"Children","sbox_error_enter_dest":"Enter a destination to start searching.","sbox_rooms":"Rooms","searchbox_button_sr":"Search","searchbox_microcopy_where_question_dehotelize":"Destination/property name:","sr_sbox_checkin_checkout_head":"Check-in/out","sr_sbox_header":"Search","sr_sbox_update_search_cta":"Update search","sxp_index_sbox_results_in_map":"Your results will be shown on the map.","sxp_sr_sbox_travelling_for_work":"I'm traveling for work","www_bh_gwe_privacy_entire_home_tickbox_short_header_filter":"Entire homes \u0026 apartments","xsell_init_show_flights_in_new_tab_accom_page":"I’m looking for flights","date_format/short_date_with_weekday_without_year":{"type":"list","items":{"1":"{short_weekday}, {short_month_name} {day_of_month}","date_with_weekday_time_at":"short_date_with_weekday_without_year","other":""}},"date_format/short_date":{"type":"list","items":{"1":"{short_month_name} {day_of_month}, {full_year}","date_with_weekday_time_at":"short_date","other":""}},"month_for_formatted_date/name_with_year_only":{"type":"list","items":{"1":"January","2":"February","3":"March","4":"April","5":"May","6":"June","7":"July","8":"August","9":"September","10":"October","11":"November","12":"December","other":""}},"time_format/name":{"type":"list","items":{"AM_symbol":"AM","PM_symbol":"PM","other":"","time":"{hour_12h_no0}:{minutes} {AM_PM}","time_12":"{hour_12h_no0}:{minutes} {AM_PM}","time_24":"{hour_24h_no0}:{minutes}"}},"month_for_formatted_date/name":{"type":"list","items":{"1":"January","2":"February","3":"March","4":"April","5":"May","6":"June","7":"July","8":"August","9":"September","10":"October","11":"November","12":"December","other":""}},"month_for_formatted_date/genitive_lc":{"type":"list","items":{"1":"January","2":"February ","3":"March","4":"April","5":"May","6":"June","7":"July","8":"August","9":"September","10":"October","11":"November ","12":"December ","other":""}},"month_for_formatted_date/genitive_uc":{"type":"list","items":{"1":"January","2":"February ","3":"March","4":"April","5":"May","6":"June","7":"July","8":"August","9":"September","10":"October","11":"November ","12":"December","other":""}},"month_for_formatted_date/name_only":{"type":"list","items":{"1":"January","2":"February","3":"March","4":"April","5":"May","6":"June","7":"July","8":"August","9":"September","10":"October","11":"November","12":"December","other":""}},"month_for_formatted_date/name_in":{"type":"list","items":{"1":"January","2":"February","3":"March","4":"April","5":"May","6":"June","7":"July","8":"August","9":"September","10":"October","11":"November","12":"December","other":""}},"month_for_formatted_date/name_from":{"type":"list","items":{"1":"January","2":"February","3":"March","4":"April","5":"May","6":"June","7":"July","8":"August","9":"September","10":"October","11":"November","12":"December","other":""}},"month_for_formatted_date/name_to":{"type":"list","items":{"1":"January","2":"February","3":"March","4":"April","5":"May","6":"June","7":"July","8":"August","9":"September","10":"October","11":"November","12":"December","other":""}},"month_for_formatted_date/name_def_article_lc":{"type":"list","items":{"1":"the January","2":"the February","3":"the March","4":"the April","5":"the May","6":"the June","7":"the July","8":"the August","9":"the September","10":"the October","11":"the November","12":"the December","other":""}},"month_for_formatted_date/in_month_lc":{"type":"list","items":{"1":"in January","2":"in February ","3":"in March","4":"in April","5":"in May","6":"in June","7":"in July","8":"in August","9":"in September","10":"in October","11":"in November ","12":"in December","other":""}},"month_for_formatted_date/name_lc":{"type":"list","items":{"1":"January","2":"February","3":"March","4":"April","5":"May","6":"June","7":"July","8":"August","9":"September","10":"October","11":"November","12":"December","other":""}},"month_for_formatted_date/to_month_lc":{"type":"list","items":{"1":"to January","2":"to February ","3":"to March","4":"to April","5":"to May","6":"to June","7":"to July","8":"to August","9":"to September","10":"to October","11":"to November ","12":"to December","other":""}},"month_for_formatted_date/short_name":{"type":"list","items":{"1":"Jan","2":"Feb","3":"Mar","4":"Apr","5":"May","6":"Jun","7":"Jul","8":"Aug","9":"Sep","10":"Oct","11":"Nov","12":"Dec","other":""}},"month_for_formatted_date/short_name_uc":{"type":"list","items":{"1":"January","2":"February","3":"March","4":"April","5":"May","6":"June","7":"July","8":"August","9":"September","10":"October","11":"November","12":"December","other":""}},"weekday_formatted_date/name":{"type":"list","items":{"1":"Monday","2":"Tuesday","3":"Wednesday","4":"Thursday","5":"Friday","6":"Saturday","7":"Sunday","8":"Every day","other":""}},"weekday_formatted_date/name_on":{"type":"list","items":{"1":"Monday","2":"Tuesday","3":"Wednesday","4":"Thursday","5":"Friday","6":"Saturday","7":"Sunday","8":"name_on","other":""}},"weekday_formatted_date/name_from":{"type":"list","items":{"1":"Monday","2":"Tuesday","3":"Wednesday","4":"Thursday","5":"Friday","6":"Saturday","7":"Sunday","8":"name_from","other":""}},"weekday_formatted_date/name_to":{"type":"list","items":{"1":"Monday","2":"Tuesday","3":"Wednesday","4":"Thursday","5":"Friday","6":"Saturday","7":"Sunday","8":"name_to","other":""}},"weekday_formatted_date/short":{"type":"list","items":{"1":"Mon","2":"Tue","3":"Wed","4":"Thu","5":"Fri","6":"Sat","7":"Sun","8":"short","other":""}},"day_for_formatted_date/day_from":{"type":"list","items":{"1":"1","2":"2","3":"3","4":"4","5":"5","6":"6","7":"7","8":"8","9":"9","10":"10","11":"11","12":"12","13":"13","14":"14","15":"15","16":"16","17":"17","18":"18","19":"19","20":"20","21":"21","22":"22","23":"23","24":"24","25":"25","26":"26","27":"27","28":"28","29":"29","30":"30","31":"31","other":""}},"day_for_formatted_date/day_on":{"type":"list","items":{"1":"1st","2":"2nd","3":"3rd","4":"4th","5":"5th","6":"6th","7":"7th","8":"8th","9":"9th","10":"10th","11":"11th","12":"12th","13":"13th","14":"14th","15":"15th","16":"16th","17":"17th","18":"18th","19":"19th","20":"20th","21":"21st","22":"22nd","23":"23rd","24":"24th","25":"25th","26":"26th","27":"27th","28":"28th","29":"29th","30":"30th","31":"31st","other":""}},"day_for_formatted_date/day_other":{"type":"list","items":{"1":"1\u003csup\u003est\u003c/sup\u003e","2":"2\u003csup\u003end\u003c/sup\u003e","3":"3\u003csup\u003erd\u003c/sup\u003e","4":"4\u003csup\u003eth\u003c/sup\u003e","5":"5\u003csup\u003eth\u003c/sup\u003e","6":"6\u003csup\u003eth\u003c/sup\u003e","7":"7\u003csup\u003eth\u003c/sup\u003e","8":"8\u003csup\u003eth\u003c/sup\u003e","9":"9\u003csup\u003eth\u003c/sup\u003e","10":"10\u003csup\u003eth\u003c/sup\u003e","11":"11\u003csup\u003eth\u003c/sup\u003e","12":"12\u003csup\u003eth\u003c/sup\u003e","13":"13\u003csup\u003eth\u003c/sup\u003e","14":"14\u003csup\u003eth\u003c/sup\u003e","15":"15\u003csup\u003eth\u003c/sup\u003e","16":"16\u003csup\u003eth\u003c/sup\u003e","17":"17\u003csup\u003eth\u003c/sup\u003e","18":"18\u003csup\u003eth\u003c/sup\u003e","19":"19\u003csup\u003eth\u003c/sup\u003e","20":"20\u003csup\u003eth\u003c/sup\u003e","21":"21\u003csup\u003est\u003c/sup\u003e","22":"22\u003csup\u003end\u003c/sup\u003e","23":"23\u003csup\u003erd\u003c/sup\u003e","24":"24\u003csup\u003eth\u003c/sup\u003e","25":"25\u003csup\u003eth\u003c/sup\u003e","26":"26\u003csup\u003eth\u003c/sup\u003e","27":"27\u003csup\u003eth\u003c/sup\u003e","28":"28\u003csup\u003eth\u003c/sup\u003e","29":"29\u003csup\u003eth\u003c/sup\u003e","30":"30\u003csup\u003eth\u003c/sup\u003e","31":"31\u003csup\u003est\u003c/sup\u003e","other":""}},"day_for_formatted_date/day_until":{"type":"list","items":{"1":"1","2":"2","3":"3","4":"4","5":"5","6":"6","7":"7","8":"8","9":"9","10":"10","11":"11","12":"12","13":"13","14":"14","15":"15","16":"16","17":"17","18":"18","19":"19","20":"20","21":"21","22":"22","23":"23","24":"24","25":"25","26":"26","27":"27","28":"28","29":"29","30":"30","31":"31","other":""}},"day_for_formatted_date/name":{"type":"list","items":{"1":"1","2":"2","3":"3","4":"4","5":"5","6":"6","7":"7","8":"8","9":"9","10":"10","11":"11","12":"12","13":"13","14":"14","15":"15","16":"16","17":"17","18":"18","19":"19","20":"20","21":"21","22":"22","23":"23","24":"24","25":"25","26":"26","27":"27","28":"28","29":"29","30":"30","31":"31","other":""}},"day_for_formatted_date/day_1":{"type":"list","items":{"1":"1","2":"2","3":"3","4":"4","5":"5","6":"6","7":"7","8":"8","9":"9","10":"10","11":"11","12":"12","13":"13","14":"14","15":"15","16":"16","17":"17","18":"18","19":"19","20":"20","21":"21","22":"22","23":"23","24":"24","25":"25","26":"26","27":"27","28":"28","29":"29","30":"30","31":"31","other":""}},"day_for_formatted_date/day_2":{"type":"list","items":{"1":"1","2":"2","3":"3","4":"4","5":"5","6":"6","7":"7","8":"8","9":"9","10":"10","11":"11","12":"12","13":"13","14":"14","15":"15","16":"16","17":"17","18":"18","19":"19","20":"20","21":"21","22":"22","23":"23","24":"24","25":"25","26":"26","27":"27","28":"28","29":"29","30":"30","31":"31","other":""}},"web_index_bh_gwe_epu_checkbox_show_hr":"Show me vacation rentals","web_sr_pp_bh_gwe_epu_checkbox_show_hr":"Show me vacation rentals","sr_sbox_dates_popover_no_dates":"Add dates to your search to see prices.","weekday_formatted_date/shortest":{"type":"list","items":{"1":"Mo","2":"Tu","3":"We","4":"Th","5":"Fr","6":"Sa","7":"Su","8":"shortest","other":""}},"ls_flex_search_28_radio":"A month","sr_sbox_flex_dates_choose_days_a_week":"A week","sr_sbox_flex_dates_choose_days_a_weekend":"A weekend","sr_sbox_flex_dates_choose_days_other_2":"Other","month/short":{"type":"list","items":{"1":"Jan","2":"Feb","3":"Mar","4":"Apr","5":"May","6":"Jun","7":"Jul","8":"Aug","9":"Sep","10":"Oct","11":"Nov","12":"Dec","other":""}},"weekday_formatted_date/name_from_preposition":{"type":"list","items":{"1":"From Monday","2":"From Tuesday","3":"From Wednesday","4":"From Thursday","5":"From Friday","6":"From Saturday","7":"From Sunday","8":"From any day","other":""}},"m_ss_ac_around_current_location":"Around current location","ss_ac_popular_nearby_destinations":"Popular destinations nearby","a11y_aria_label_breadcrumb":"Navigation history menu (breadcrumbs)","home":"Home","search_results":"Search results","sr_show_on_map_top":"Show on map","comp_num_reviews_sr_page":{"type":"plural","plural":{"one":"{num_reviews} review","other":"{num_reviews} reviews"}},"extl_reviews_no_bcom_reviews":{"type":"plural","plural":{"one":"{total_num_reviews} external review","other":"{total_num_reviews} external reviews"}},"sr_prop_card_location_rating_header_superb":"Wonderful location","date_format/short_date_without_year":{"type":"list","items":{"1":"{short_month_name} {day_of_month}","date_with_weekday_time_at":"short_date_without_year","other":""}},"ls_sr_filter_budget_price_per_night_slider_toggle":"Show price per night","sr_filter_budget_customise_a11y_max_price":"Maximum price","sr_filter_budget_customise_a11y_min_price":"Minimum price","sr_filter_budget_customise_max_price":"Max price","sr_filter_budget_customise_min_price":"Min price","m_sr_filters_collapse":"Show less","m_sr_filters_expand":{"type":"plural","plural":{"one":"Show one","other":"Show all {num_of_filters}"}},"m_sr_price_slider_scenario_3":"{min_price_selected} – {max_price_selected}","sr_filter_budget_customise_1":"Set your own budget","sr_num_properties":{"type":"plural","plural":{"one":"{num_properties} property","other":"{num_properties} properties"}},"geo_sr_nearby_beaches_header":{"type":"plural","plural":{"one":"Nearby Beach:","other":"Nearby Beaches:"}},"a11y_new_hotel_listings_screen_loading_success":"Search results updated","bks_pm_analytics_ranking_compset_position":"{ranking} out of {total_num}","sr_applied_filters":"Applied filters:","sr_header_no_destination_name":"{num_properties} properties are available in and around this destination","sr_header_num_properties_frontloaded_destination":{"type":"plural","plural":{"one":"{destination}: {num_properties} property found","other":"{destination}: {num_properties} properties found"}},"sr_results_no_properties_main_head":"{destination}: no properties found","sr_filter_box":"Filter by:","bhro_ob_email_price_max":"Max.","bhro_ob_email_price_min":"Min.","bh_awareness_also_millions_homes_interstitial":"We also have millions of homes","b_lite_sr_sort_loader_loading":"Loading properties...","hotel_omit_hmpg_why_use_usp_num_hotels_rev_v1":"Unbiased reviews","hotel_page_secure_connection":"When you book with us your details are protected by a secure connection.","hp_usp_booking_is_safe":"Booking is safe","index_book_now_pay_later_usp_1a":"Book now, pay when you stay!","index_book_now_pay_later_usp_2":"With FREE cancellation on most rooms","index_reviews_usp_header":{"type":"plural","plural":{"one":"{num_verified_reviews} verified review","other":"{num_verified_reviews} verified reviews"}},"m_last_minute_deals_loading_screen_v2":"Looking for the best last-minute deals for you...","map_loading_message_generic":"Finding the best properties for your stay...","sr_loc_instant_confirmation_popup_header":"Instant confirmation right after booking","sr_loc_instant_confirmation_popup_subheader":"No need to wait. Accommodations will immediately give you the confirmation right after your booking.","gc_banner_accessibility_close":"Close","genius_vip_mlp_onboarding_full_screen_body":{"type":"plural","plural":{"one":"Say hello to extra benefits. Enjoy them on top of your Genius rewards until {end_date}. Available only for our top customers like you.","other":"Say hello to extra benefits. Enjoy them on top of your Genius rewards until {end_date}. Available only for our top customers like you."}},"genius_vip_mlp_onboarding_full_screen_cta_primary":"Discover your VIP benefits","genius_vip_mlp_onboarding_full_screen_cta_secondary":"Browse {b_companyname}","genius_vip_mlp_onboarding_full_screen_level":"Genius Level {genius_level}","genius_vip_mlp_onboarding_full_screen_title":"New! Genius VIP status unlocked","a11y_hp_bookmarks_button_saved":{"type":"plural","plural":{"one":"This property is saved to {num_lists} of your lists","other":"This property is saved to {num_lists} of your lists"}},"cdm_hp_quick_share_save":"Save","wl_lists_funnel_edit":"Change","wl_saved_to":"Saved to: {start_link}{list_name}{end_link}","wl_removed_from":"Removed from:","wishlist_create_new":"Create a list","sr_filter_all_trips_button":"All trips","loc_em_sr_crimea_clarification":"We’re sorry, it's not possible to make leisure reservations in Crimea at this time on our website.","a11y_cta_close":"Close","rocketmiles_components/header_sr":{"type":"list","items":{"avianca_rocketmiles":"{num} properties feature {start_bold}Special Offers for Avianca Members, highlighted with a yellow border{end_bold}","banco_ripley":"header_sr","bank_china":"header_sr","claro_clube":"{num} properties feature Special Offers for Claro Clube customers highlighted with a yellow border","cobrand_default":{"plural":{"one":"{num} property features {start_bold}Special Offers{end_bold}","other":"{num} properties feature {start_bold}Special Offers{end_bold}"},"type":"plural"},"cobrand_default_emea":{"plural":{"one":"{num} property features {start_bold}Special Offers{end_bold}","other":"{num} properties feature {start_bold}Special Offers{end_bold}"},"type":"plural"},"cobrand_default_points":"header_sr","flighthub_rocket":{"plural":{"one":"{num} property features {start_bold}FlightHub Offers{end_bold}","other":"{num} properties feature {start_bold}FlightHub Offers{end_bold}"},"type":"plural"},"hybrid_american_airlines":{"plural":{"one":"{num} property with {fe_program_name}® Base Mile","other":"{num} properties with {fe_program_name}® Base Miles"},"type":"plural"},"hybrid_southwest":{"plural":{"one":"Showing {num} {fe_program_name} Points Plus property","other":"Showing {num} {fe_program_name} Points Plus properties"},"type":"plural"},"hybrid_tmobile":"header_sr","justfly_rocket":{"plural":{"one":"{num} property features {start_bold}Justfly Offers{end_bold}","other":"{num} properties feature {start_bold}Justfly Offers{end_bold}"},"type":"plural"},"o2_priority":"{num} properties feature {start_bold}O2 Priority rates{end_bold}","other":"","paypal_rm":"{num} properties feature {start_bold}PayPal Offers{end_bold}","paypal_rocketmiles":{"plural":{"one":"{num} property features {start_bold}PayPal Offers{end_bold}","other":"{num} properties feature {start_bold}PayPal Offers{end_bold}"},"type":"plural"},"rm_paypal_emea":{"plural":{"one":"{num} property features {start_bold}PayPal Offers{end_bold}","other":"{num} properties feature {start_bold}PayPal Offers{end_bold}"},"type":"plural"},"rocketmiles_amex":{"plural":{"one":"Showing all properties plus {num} exclusive deal for eligible American Express Card Members, highlighted with a yellow border.","other":"Showing all properties plus {num} exclusive deals for eligible American Express Card Members, highlighted with a yellow border."},"type":"plural"},"telus_business":{"plural":{"one":"{num} property features {start_bold}TELUS Owner Perks{end_bold}","other":"{num} properties feature {start_bold}TELUS Owner Perks{end_bold}"},"type":"plural"},"telus_consumer":"TELUS offer","telus_rewards":"TELUS Rewards","travelclub_rocket":"header_sr","virginred":"header_sr"}},"rocketmiles_components/header_tooltip":{"type":"list","items":{"banco_ripley":"header_tooltip","bank_china":"header_tooltip","claro_clube":"header_tooltip","cobrand_default":"Booking.com gives you a greater choice by featuring Special Offers from our trusted partner {fe_program_name}.","cobrand_default_emea":"Booking.com gives you a greater choice by featuring Special Offers from our trusted partner {fe_program_name}.","cobrand_default_points":"header_tooltip","flighthub_rocket":"Booking.com gives you a greater choice by featuring FlightHub Offers from our trusted partner {fe_program_name}.","hybrid_american_airlines":"Your {fe_program_name}® Base Miles will be awarded 1-2 weeks after your stay has been completed.","hybrid_southwest":"Every time you book a {fe_program_name} Points Plus property, at least 500 {fe_program_name} Points will be added to your account within 8 weeks after your stay. All {fe_program_name} Rules and Regulations apply.","hybrid_tmobile":{"plural":{"one":"You'll receive your points {pay_after} day after check-out.","other":"You'll receive your points {pay_after} days after check-out."},"type":"plural"},"justfly_rocket":"Booking.com gives you a greater choice by featuring Justfly Offers from our trusted partner {fe_program_name}.","o2_priority":"Booking.com gives you a greater choice by featuring O2 Priority rates from our trusted partner Rocket Travel.","other":"","paypal_rm":"Booking.com gives you more choices by featuring PayPal Offers from our trusted partner Rocket Travel.","paypal_rocketmiles":"Booking.com gives you a greater choice by featuring PayPal Offers from our trusted partner Rocket Travel.","rm_paypal_emea":"Booking.com gives you more choices by featuring PayPal Offers from our trusted partner Rocket Travel.","rocketmiles_amex":"To enjoy American Express Card special offers, look for properties highlighted in yellow.","telus_business":"Booking.com gives you a greater choice by featuring TELUS Owner Perks from our trusted partner {fe_program_name}.","telus_consumer":"Booking.com gives you a greater choice by featuring TELUS offers from our trusted partner {fe_program_name}.","telus_rewards":"Booking.com gives you a greater choice by featuring TELUS Rewards from our trusted partner {fe_program_name}.","travelclub_rocket":"header_tooltip","virginred":"Booking gives you a greater choice by featuring Special Offers from our trusted partner Rocket Travel"}},"rocketmiles_components/loader_sr":{"type":"list","items":{"banco_ripley":"loader_sr","bank_china":"loader_sr","claro_clube":"loader_sr","cobrand_default":"Special Offers coming up...","cobrand_default_emea":"Special Offers coming up...","cobrand_default_points":"loader_sr","flighthub_rocket":"FlightHub Offers coming up...","hybrid_american_airlines":"Loading properties with {fe_program_name}® Base Miles","hybrid_southwest":"Loading {fe_program_name} Points Plus properties...","hybrid_tmobile":"loader_sr","justfly_rocket":"Justfly Offers coming up...","o2_priority":"O2 Priority rates coming up...","other":"","paypal_rm":"PayPal Offers coming up...","paypal_rocketmiles":"PayPal Offers coming up...","rm_paypal_emea":"PayPal Offers coming up...","rocketmiles_amex":"Loading exclusive deals for American Express Card Members","telus_business":"TELUS Owner Perks coming up...","telus_consumer":"TELUS offers coming up...","telus_rewards":"TELUS Rewards coming up...","travelclub_rocket":"loader_sr","virginred":"loader_sr"}},"rocketmiles_components/name":{"type":"list","items":{"banco_ripley":"name","bank_china":"name","claro_clube":"name","cobrand_default_emea":"name","cobrand_default_points":"name","flighthub_rocket":"name","hybrid_american_airlines":"name","hybrid_southwest":"name","hybrid_tmobile":"name","justfly_rocket":"name","o2_priority":"name","other":"","paypal_rm":"name","rm_paypal_emea":"name","rocketmiles_amex":"name","telus_business":"name","telus_consumer":"name","telus_rewards":"name","travelclub_rocket":"name","virginred":"name"}},"breakfast_included":"Breakfast included","sr_search_card_includes_taxes_charges":"Includes taxes and fees","rocketmiles_components/badge_discount":{"type":"list","items":{"banco_ripley":"badge_discount","bank_china":"badge_discount","claro_clube":"badge_discount","cobrand_default":{"plural":{"one":"Enjoy {reward_amount}% off","other":"Enjoy {reward_amount}% off"},"type":"plural"},"cobrand_default_emea":"{start_bold}Special Offer{end_bold}","cobrand_default_points":"badge_discount","flighthub_rocket":"badge_discount","hybrid_american_airlines":"badge_discount","hybrid_southwest":"Enjoy {reward_amount}% off","hybrid_tmobile":"Enjoy {reward_amount}% off","justfly_rocket":"badge_discount","o2_priority":"{start_bold}O2 Priority rate{end_bold}","other":"","paypal_rm":"badge_discount","paypal_rocketmiles":"Enjoy {reward_amount}% off","rm_paypal_emea":"badge_discount","rocketmiles_amex":"{reward_amount}% off with AMEX","telus_business":"badge_discount","telus_consumer":"badge_discount","telus_rewards":"badge_discount","travelclub_rocket":"badge_discount","virginred":"badge_discount"}},"rocketmiles_components/badge_miles":{"type":"list","items":{"banco_ripley":"badge_miles","bank_china":"badge_miles","claro_clube":"badge_miles","cobrand_default":{"plural":{"one":"Earn {reward_amount} mile","other":"Earn {reward_amount} miles"},"type":"plural"},"cobrand_default_emea":{"plural":{"one":"Earn {reward_amount} mile","other":"Earn {reward_amount} miles"},"type":"plural"},"cobrand_default_points":{"plural":{"one":"Earn {reward_amount} point","other":"Earn {reward_amount} points"},"type":"plural"},"flighthub_rocket":"badge_miles","hybrid_american_airlines":{"plural":{"one":"Earn {reward_amount} Base Mile","other":"Earn {reward_amount} Base Miles"},"type":"plural"},"hybrid_southwest":{"plural":{"one":"Earn {reward_amount} point","other":"Earn {reward_amount} points"},"type":"plural"},"hybrid_tmobile":"badge_miles","justfly_rocket":"badge_miles","myperks":"Earn {reward_amount} myPerks perks","o2_priority":"badge_miles","other":"","paypal_rm":"badge_miles","paypal_rocketmiles":"Earn {reward_amount} miles","rm_paypal_emea":"badge_miles","rocketmiles_amex":"badge_miles","telus_business":"badge_miles","telus_consumer":"badge_miles","telus_rewards":"badge_miles","travelclub_rocket":{"plural":{"one":"Earn {reward_amount} Travel Club Point","other":"Earn {reward_amount} Travel Club Points"},"type":"plural"},"virginred":"Earn {reward_amount} Virgin Points"}},"bp_selection_not_available_cta":"See other options","bp_selection_not_available_header":"Sorry, your selection is no longer available","bp_selection_not_available_subhead_1":"{property_name} no longer has availability on our site for your selected dates.","bp_selection_some_options_subhead_2":"We redirected you so you can check other options that still fit your needs.","bh_web_top_all_selected_title_v2":"Place type: Any","pss_fix_sr_only_x_beds_left_like_this":{"type":"plural","plural":{"one":"Only {num_rooms} bed like this left on our site","other":"Only {num_rooms} beds like this left on our site"}},"pss_fix_sr_only_x_left_like_this":{"type":"plural","plural":{"one":"Only {num_rooms} like this left on our site","other":"Only {num_rooms} like this left on our site"}},"pss_fix_sr_only_x_rooms_left_like_this":{"type":"plural","plural":{"one":"Only {num_rooms} room like this left on our site","other":"Only {num_rooms} rooms like this left on our site"}},"pss_fix_sr_xleft_price_beds":{"type":"plural","plural":{"one":"Only {num_rooms} bed left at this price on our site","other":"Only {num_rooms} beds left at this price on our site"}},"pss_fix_sr_xleft_price_gen":{"type":"plural","plural":{"one":"Only {num_rooms} left at this price on our site","other":"Only {num_rooms} left at this price on our site"}},"pss_fix_sr_xleft_price_rooms":{"type":"plural","plural":{"one":"Only {num_rooms} room left at this price on our site","other":"Only {num_rooms} rooms left at this price on our site"}},"bed_type/name_lowercase":{"type":"list","items":{"1":"twin beds","2":{"plural":{"one":"double bed","other":"double beds"},"type":"plural"},"3":{"plural":{"one":"extra-large double bed","other":"extra-large double beds"},"type":"plural"},"4":{"plural":{"one":"bunk bed","other":"bunk beds"},"type":"plural"},"5":{"plural":{"one":"sofa bed","other":"sofa beds"},"type":"plural"},"6":{"plural":{"one":"large double bed","other":"large double beds"},"type":"plural"},"7":{"plural":{"one":"futon bed","other":"futon beds"},"type":"plural"},"8":{"plural":{"one":"double bunk bed","other":"double bunk beds"},"type":"plural"},"9":"name_lowercase","other":""}},"bed_type/name_lowercase_nobed":{"type":"list","items":{"1":"twins","2":{"plural":{"one":"double","other":"doubles"},"type":"plural"},"3":{"plural":{"one":"extra-large double","other":"extra-large doubles"},"type":"plural"},"4":{"plural":{"one":"bunk bed","other":"bunk beds"},"type":"plural"},"5":{"plural":{"one":"sofa bed","other":"sofa beds"},"type":"plural"},"6":{"plural":{"one":"large double","other":"large doubles"},"type":"plural"},"7":{"plural":{"one":"futon","other":"futons"},"type":"plural"},"8":{"plural":{"one":"double bunk bed","other":"double bunk beds"},"type":"plural"},"9":"name_lowercase_nobed","other":""}},"bed_type/name_withnumber":{"type":"list","items":{"1":{"plural":{"one":"{bed_count} twin bed","other":"{bed_count} twin beds"},"type":"plural"},"2":{"plural":{"one":"{bed_count} full bed","other":"{bed_count} full beds"},"type":"plural"},"3":{"plural":{"one":"{bed_count} king bed","other":"{bed_count} king beds"},"type":"plural"},"4":{"plural":{"one":"{bed_count} bunk bed","other":"{bed_count} bunk beds"},"type":"plural"},"5":{"plural":{"one":"{bed_count} sofa bed","other":"{bed_count} sofa beds"},"type":"plural"},"6":{"plural":{"one":"{bed_count} queen bed","other":"{bed_count} queen beds"},"type":"plural"},"7":{"plural":{"one":"{bed_count} futon bed","other":"{bed_count} futon beds"},"type":"plural"},"8":{"plural":{"one":"{bed_count} double bunk bed","other":"{bed_count} double bunk beds"},"type":"plural"},"9":"bed","other":""}},"st_certified_badge_three_plus":"Travel Sustainable Level 3+","st_certified_badge_three_plus_new":"Travel Sustainable Level 3+","sustainability_sr_ts_badge_levels":"Travel Sustainable Level {num}","sustainability_sr_ts_badge_levels_new":"Travel Sustainable Level {num}","pd_sr_credit_badge_exploration":"Earn {amount_with_currency} Credits","pd_sr_credit_badge_tooltip_body_scenario_one_p1":"You'll earn {start_bold}{amount_with_currency_instant} Credits{end_bold}. They'll be added to your Wallet instantly and expire in one year.","pd_sr_credit_badge_tooltip_body_scenario_one_p2":"Use your Credits on all attractions, taxis paid in advance, and select stays on {b_companyname}.","pd_sr_credit_badge_tooltip_body_scenario_three_p1":"You'll earn {start_bold}{amount_with_currency_instant} Credits{end_bold} instantly, plus {start_bold}{amount_with_currency_post} Credits{end_bold} 14 days after your stay. They'll be added to your Wallet and expire in one year.","pd_sr_credit_badge_tooltip_body_scenario_three_p2":"Use your Credits on all attractions, taxis paid in advance, and select stays on {b_companyname}.","pd_sr_credit_badge_tooltip_body_scenario_two_p1":"You'll earn {start_bold}{amount_with_currency_post} Credits{end_bold}. They'll be added to your Wallet 14 days after your stay and expire in one year.","pd_sr_credit_badge_tooltip_body_scenario_two_p2":"Use your Credits on all attractions, taxis paid in advance, and select stays on {b_companyname}.","pd_sr_credit_badge_tooltip_title":"Earn Credits","price_display_credit_source_genius_vip_all":"You're getting Credits because you're a Genius VIP.","price_display_credit_source_genius_vip_part":"Of the {total_credit_amount} in Credits, {vip_credit_amount} is a Genius VIP reward.","vm_bp_rewards_bottom_sheet_intro":"Complete this booking to get your Credits and voucher added to your Wallet up to 14 days after check-out.","vm_earn_credits_desc_1_months_badge_tooltip_pd":{"type":"plural","plural":{"one":"You'll earn {start_bold}{amount_with_currency_post} Credits{end_bold}. They'll be added to your Wallet 14 days after your stay and expire in {num_months} month.","other":"You'll earn {start_bold}{amount_with_currency_post} Credits{end_bold}. They'll be added to your Wallet 14 days after your stay and expire in {num_months} months."}},"vm_earn_rewards_badge_name_pd":"Earn {amount_with_currency} in rewards","vm_earn_voucher_badge_name_pd":"Earn {amount_with_currency} voucher","vm_earn_voucher_badge_tooltip_pd":"Earn a voucher","vm_earn_voucher_desc_1_bold_badge_tooltip_pd":{"type":"plural","plural":{"one":"You'll earn a {start_bold}{amount_with_currency_post} voucher{end_bold}. It'll be added to your Wallet 14 days after your stay and will expire in {num_months} month.","other":"You'll earn a {start_bold}{amount_with_currency_post} voucher{end_bold}. It'll be added to your Wallet 14 days after your stay and will expire in {num_months} months."}},"vm_earn_voucher_desc_2_badge_tooltip_pd":"Use your voucher on all attractions and select stays on {b_companyname}.","vm_pb_rewards_header_credits":"{amount_with_currency_post} in Credits","vm_pb_rewards_header_voucher":"{amount_with_currency_post} voucher","bh_gwe_sr_bed_choice_single_bunk_double_colon_hardcode":"Beds: 1 double, 2 twins, or 1 bunk bed","bh_gwe_sr_bed_choice_single_double_colon_hardcode":"Beds: 1 double or 2 twins","bh_sr_num_bed_type_without_bed_bunk":{"type":"plural","plural":{"one":"{num} bunk bed","other":"{num} bunk beds"}},"bh_sr_num_bed_type_without_bed_double":{"type":"plural","plural":{"one":"{num} full","other":"{num} fulls"}},"bh_sr_num_bed_type_without_bed_double_bunk":{"type":"plural","plural":{"one":"{num} double bunk bed","other":"{num} double bunk beds"}},"bh_sr_num_bed_type_without_bed_futon":{"type":"plural","plural":{"one":"{num} futon","other":"{num} futons"}},"bh_sr_num_bed_type_without_bed_large":{"type":"plural","plural":{"one":"{num} queen","other":"{num} queens"}},"bh_sr_num_bed_type_without_bed_single":{"type":"plural","plural":{"one":"{num} twin","other":"{num} twins"}},"bh_sr_num_bed_type_without_bed_sofa":{"type":"plural","plural":{"one":"{num} sofa bed","other":"{num} sofa beds"}},"bh_sr_num_bed_type_without_bed_xl_double":{"type":"plural","plural":{"one":"{num} king","other":"{num} kings"}},"bhwge_sr_bed_multi_unit_2_choice":"Choice of beds: {/bed_type/[type_1]/name_lowercase_nobed} or {/bed_type/[type_2]/name_lowercase_nobed}","bhwge_sr_bed_multi_unit_3_choice":"Choice of beds: {/bed_type/[type_1]/name_lowercase_nobed}, {/bed_type/[type_2]/name_lowercase_nobed}, or {/bed_type/[type_3]/name_lowercase_nobed}","bhwge_sr_num_bed_choice":"Multiple bed types","m_bh_sr_num_beds":{"type":"plural","plural":{"one":"{num_beds} bed","other":"{num_beds} beds"}},"rc_desc_bedroom":{"type":"plural","plural":{"one":"Bedroom:","other":"Bedroom {bed_num}:"}},"rc_desc_bedroom_one_only":"Bedroom:","rc_desc_living":"Living room:","rc_desc_living_multy":"Living room {lr_num}:","acc_sr_subhead_scrread_browse_ufi":"Browse the results for {ufi_name}","web_ge_generic_signature_with_link":"{b_companyname}'s loyalty program. {start_link}Learn more{end_link}","web_ge_generic_signature_without_link":"{b_companyname}'s loyalty program","www_ge_screenreader_generic_logo":"blue Genius logo","genius_vip_mlp_lp_benefits_glance_ps_des":"Skip the wait. Your calls and messages will move to the front of the line for a faster response.","genius_vip_mlp_lp_benefits_glance_ps_title":"Highest priority Customer Service","genius_vip_mlp_lp_discount_benefits_des_2_upper_limit":"You hit the limit and can no longer enjoy this reward.","genius_vip_mlp_lp_discount_reward_learn_more_sheet_des_2_2":"This is on top of any other discounts.","genius_vip_mlp_sr_btm_sheet_discount_des":"Just look for the \"VIP reward\" label when booking your stays before {end_date}.","genius_vip_mlp_sr_btm_sheet_discount_title":"Save {num_percent}% or more on stays","genius_vip_mlp_sr_btm_sheet_subheader":"Your VIP status gives you access to extra benefits to enjoy on top of your Genius level","www_genius_vip_mlp_sr_modal_header":"Your Genius VIP reward","genius_vip_mlp_sr_btm_cta":"Got it","bp_distance_miles":{"type":"plural","plural":{"one":"1 mile","other":"{distance} miles"}},"hotelfacility/name":{"type":"list","items":{"1":"Swimming pool","2":"Parking","3":"Restaurant","4":"Pet friendly","5":"Room service","6":"Meeting/Banquet facilities","7":"Bar","8":"24-hour front desk","9":"Tennis court","10":"Sauna","11":"Fitness center","12":"Golf course (within 2 miles)","13":"Newspapers","14":"Garden","15":"Terrace","16":"Non-smoking rooms","17":"Airport shuttle","19":"Fishing","20":"Business center","21":"Babysitting/Child services","22":"Laundry","23":"Dry cleaning","24":"Continental breakfast","25":"Facilities for disabled guests","26":"Skiing","27":"Hair/Beauty salon","28":"Family rooms","29":"Game room","30":"Casino","41":"VIP room facilities","43":"Breakfast in the room","44":"Ironing service","45":"Honeymoon suite","46":"Free parking","47":"Internet","48":"Elevator","49":"Express check-in/out","50":"Solarium","51":"Safe","52":"Valet parking","53":"Currency exchange","54":"Spa","55":"Massage","56":"Playground","57":"Pool table","58":"Ping-pong","59":"Karaoke","60":"Gift shop","61":"Windsurfing","62":"Darts","63":"Hot tub/Jacuzzi","64":"Soundproof rooms","65":"Bicycle rental (additional charge)","66":"Library","67":"Shoeshine","69":"Canoeing","70":"Hiking","71":"Chapel/Shrine","72":"BBQ facilities","73":"Packed lunches","75":"Car rental","76":"Cycling","77":"Bowling","78":"Tour desk","79":"Turkish/Steam Bath","80":"Heating","81":"Fax/Photocopying","82":"Diving","86":"Horseback riding","87":"Racquetball","88":"Designer Hotel","89":"Ticket service","90":"Snorkeling","91":"Baggage storage","92":"Shops on site","96":"WiFi","97":"Mini golf","98":"Gay Friendly","99":"Ski storage","100":"Ski school","101":"Hypoallergenic room available","102":"Breakfast Buffet","103":"Indoor pool","104":"Outdoor pool","107":"Free WiFi","108":"Smoke-free property","109":"Air conditioning","110":"Designated smoking area","111":"ATM on site","114":"Private beach area","115":"Restaurant","116":"Buffet","117":"Snack bar","118":"Sun deck","119":"Outdoor pool (year-round)","120":"Outdoor pool (seasonal)","121":"Indoor pool (year-round)","122":"Indoor pool (seasonal)","123":"Bikes available (free)","124":"Concierge","125":"Entertainment staff","126":"Nightclub/DJ","127":"Private check-in/out","128":"Shuttle service (free)","129":"Shuttle service (additional charge)","130":"Ski rental on site","131":"Ski pass vendor","132":"Ski-in, ski-out access","133":"Special diet meals (on request)","134":"Suit press","135":"Vending machine (drinks)","136":"Vending machine (snacks)","137":"Water sports facilities on site","138":"Hot spring bath","139":"Airport shuttle (free)","140":"Airport shuttle (additional charge)","141":"Shared kitchen","142":"Lockers","143":"Shared lounge/TV area","144":"Kids' club","145":"Convenience store on site","146":"Beachfront","147":"Evening entertainment","148":"Water park","149":"Adults only","150":"Detached - Entire property","151":"Semi-detached","152":"Privately-owned apartment","153":"Ground floor (private access)","154":"Ground floor (shared access)","155":"Upper floor - elevator","156":"Upper floor - stairs","157":"Wheelchair accessible","158":"Daily housekeeping","159":"Grocery deliveries","160":"Parking on site","161":"Private Parking","162":"Misc parking","163":"WiFi in all areas","164":"Paid WiFi","165":"Michelin-star Dining","166":"Open-air bath","167":"Public Bath","168":"Waterslide","169":"Swimming pool toys","170":"Board games/Puzzles","171":"Books, DVDs \u0026 music for kids","172":"Indoor play area","173":"Outdoor play equipment for kids","174":"Baby safety gates","175":"Kids' TV channels","176":"Kids' meals","177":"Kid-friendly buffet","178":"Sofa Bed","179":"Secure parking","180":"Street parking","181":"Parking garage","182":"Electric vehicle charging station","183":"Public transit tickets","184":"Accessible parking","185":"Wheelchair accessible","186":"Toilet with grab rails","187":"Raised toilet","188":"Lowered sink","189":"Bathroom emergency cord","192":"Rooftop pool","193":"Infinity pool","194":"Pool with view","195":"Heated pool","196":"Saltwater pool","197":"Plunge pool","198":"Pool/Beach towels","199":"Pool bar","200":"Shallow end","201":"Pool cover","203":"Wine/Champagne","204":"Bottle of water","205":"Fruit","206":"Chocolate/Cookies","207":"Tickets to shows/attractions","209":"Airport pickup","210":"Airport drop-off","211":"Visual aids (Braille)","212":"Visual aids (tactile signs)","213":"Auditory guidance","214":"Strollers","215":"Tennis equipment","216":"Badminton equipment","217":"Pet basket","218":"Pet bowls","219":"Coffee house on site","220":"Beach chairs/Loungers","221":"Beach umbrellas","222":"Outdoor furniture","223":"Fenced pool","224":"Picnic area","225":"Outdoor fireplace","226":"Beauty services","227":"Facial treatments","228":"Waxing services","229":"Makeup services","230":"Hair treatments","231":"Manicure","232":"Pedicure","233":"Haircut","234":"Hair coloring","235":"Hairstyling","236":"Body treatments","237":"Body scrub","238":"Body wrap","239":"Light therapy","240":"Spa facilities","241":"Steam room","242":"Spa lounge/Relaxation area","243":"Foot bath","244":"Spa/Wellness packages","245":"Back massage","246":"Neck massage","247":"Foot massage","248":"Couples' massage","249":"Head massage","250":"Hand massage","251":"Full-body massage","252":"Massage chair","253":"Fitness","254":"Yoga classes","255":"Fitness classes","256":"Personal trainer","257":"Locker rooms","258":"Kids' pool","301":"Swimming pool","302":"Beach","303":"Special baths","304":"Shuttle service","305":"Breakfast options","306":"Game drives","307":"The Big Five","308":"Walking Safari","309":"Bush Dinner","310":"Game Drives","311":"The Big Five","312":"Walking Safari","313":"Bush Dinner","400":"Temporary art galleries","401":"Bar crawls","402":"Stand-up comedy","403":"Movie nights","404":"Walking tours","405":"Bike tours","406":"Themed dinners","407":"Happy hour","408":"Tour or class about local culture","409":"Cooking class","410":"Live music/Performance","411":"Live sports events (broadcast)","412":"Archery","413":"Aerobics","414":"Bingo","415":"Downhill Skiing","418":"24-hour security","419":"Key access","420":"Key card access","421":"Security alarm","422":"Smoke alarms","423":"CCTV in common areas","424":"CCTV outside property","425":"Fire extinguishers","426":"Bicycle parking","427":"Telephone","428":"Postal service","429":"Laundry room","430":"Ski shuttle","431":"Bath/Hot spring","432":"Private bath","433":"Swimming pool","434":"No single-use plastics","435":"Have you removed (or never offered) all single-use plastic miniature shampoo, conditioner, and body wash bottles?","436":"Guests have the option to reuse towels","437":"Carbon monoxide detector","438":"Carbon monoxide sources","439":"Have you removed (or never offered) all plastic straws?","440":"Have you removed (or never offered) all plastic cups?","441":"Have you removed (or never offered) all plastic water bottles?","442":"Have you removed (or never offered) all plastic bottles for other drinks?","443":"Have you removed (or never offered) all plastic cutlery and tableware?","444":"Key card or motion-controlled electricity for guests","445":"Guests can opt out of daily cleaning service","446":"Water cooler/dispenser","447":"Bicycle rental","448":"Have you removed (or never offered) all plastic stirrers?","449":"Use of cleaning chemicals that are effective against coronavirus","450":"Linens, towels, and laundry washed in accordance with local authority guidelines","451":"Guest accommodation disinfected between stays","452":"Guest accommodation sealed after cleaning","453":"Physical distancing in dining areas","454":"Food can be delivered to guest accommodation","455":"Staff follow all safety protocols as directed by local authorities","456":"Shared stationery (e.g. printed menus, magazines, pens, paper) removed","457":"Hand sanitizer in guest accommodation and common areas","458":"Process in place to check health of guests","459":"First aid kits available","460":"Contactless check-in/out","461":"Cashless payment available","462":"Physical distancing rules followed","463":"Mobile app for room service","464":"Screens or physical barriers between staff and guests in appropriate areas","465":"Invoice provided","466":"Property cleaned by professional cleaning companies","467":"All plates, cutlery, glasses, and other tableware sanitized","468":"Guests have the option to cancel any cleaning services for their accommodation during their stay","470":"Passport/ID info collected online before you arrive","471":"Check-in kiosk in the lobby","472":"Lockbox key collection at the property","473":"Lockbox key collection near the property","474":"Digital key access","484":"Breakfast to-go containers","485":"Delivered food covered securely","486":"Access to healthcare professionals","487":"Thermometers for guests provided by property","488":"Face masks for guests available","489":"Wild (non-domesticated) animals aren't displayed or interacted with while kept at the property, nor are they harvested, consumed, or sold.","490":"Recycling bins are available to guests and waste is recycled","491":"At least 80% of food is sourced from your region","492":"At least 80% of lighting uses energy-efficient LED bulbs","493":"Only using water-efficient toilets (e.g. low-flow toilets, dual flush toilets)","494":"Only using water-efficient showers (e.g smart showers, low-flow shower heads)","495":"All windows are double-glazed","496":"Food waste policy in place that includes education, food waste prevention, reduction, recycling, and disposal","497":"A percentage of revenue is invested back into community or sustainability projects","498":"Compensate for at least 10% of total annual carbon emissions by purchasing certified carbon offsets","499":"Tours and activities organized by local guides and businesses","500":"Vegetarian menu options available","501":"Vegan menu options available","502":"Green spaces like (rooftop) gardens at the property","503":"At least 80% of provided food is organic","504":"100% renewable electricity used throughout the property","505":"Local artists are offered a platform to display their talents","506":"Provide guests with info about local ecosystems, history, culture, and visitor etiquette","507":"100% renewable energy is used throughout the property","508":"Local artists are offered a platform to display their talents","509":"Provide guests with information regarding local ecosystems, heritage and culture, as well as visitor etiquette","510":"Provide guests with information regarding local ecosystems, heritage and culture, as well as visitor etiquette","511":"Indoor fireplace","512":"Breakfast to go","513":"Breakfast to go","514":"Breakfast to go","other":""}},"review_question/name":{"type":"list","items":{"hotel_bath":"Bathroom","hotel_clean":"Cleanliness","hotel_comfort":"Comfort","hotel_location":"Location","hotel_services":"Facilities","hotel_staff":"Staff","hotel_value":"Value for money","hotel_wifi":"WiFi","other":"","review_rating_beach":"Beach","review_rating_bed_comfort":"Bed Comfort","review_rating_breakfast":"Breakfast","review_rating_coffee":"Coffee","review_rating_facilities":"Facilities","review_rating_gym":"Fitness Center","review_rating_parking":"Parking","review_rating_pool":"Swimming Pool","review_rating_restaurant":"On-site Restaurant","review_rating_room":"Room","review_rating_room_size":"Room Size","review_rating_score":"Guest Rating","review_rating_shuttle":"Shuttle Service","review_rating_spa":"Spa","review_rating_view":"View","review_rating_wifi_paid":"Paid WiFi","room_service":"Room Service","sleep_quality":"Quality of sleep","total":"Total"}},"date_format/date_with_year":{"type":"list","items":{"1":"{month_name} {day_of_month}, {full_year}","date_with_weekday_time_at":"date_with_year","other":""}},"bh_gwe_sr_hr_banner_cta":"Show vacation rentals","bh_gwe_sr_hr_banner_header":"Want an entire place to yourself?","bh_gwe_sr_hr_banner_subtext":"Vacation rentals can make you feel right at home with extra privacy","bh_gwe_sr_privacy_banner_cta":"Show entire homes \u0026 apartments","bh_gwe_sr_privacy_banner_header":"Looking for a space of your own?","bh_gwe_sr_privacy_banner_subtext":"Find privacy and peace of mind with an entire home or apartment to yourself","a11y_cta_close_banner_new":"Close banner","review_index_copy":"How was {start_bold}{property_name}{end_bold}?","accs_sr_sign_in_num_members_deals":{"type":"plural","plural":{"one":"Sign in to reveal {num_members_deals} members-only deal","other":"Sign in to reveal {num_members_deals} members-only deals"}},"accs_sr_sign_in_num_members_deals_cta":"Sign in","sr_search_adjustment_filter_block_change_dates_cta":"Change dates","sr_search_adjustment_filter_block_change_dest_cta":"Change destination","sr_search_adjustment_filter_block_clear_cta":"Clear filters","sr_search_adjustment_filter_block_head":"Take control of your search","sr_search_adjustment_filter_block_subhead":"Maximize availability using one of these options:","a11y_gmega_genius_logo_participating_properties":"Genius discounts available at this property.","a11y_help_preferred_plus_property":"This property is part of our Preferred Plus Program. It's committed to providing outstanding service and excellent value. It'll pay us a higher commission if you make a booking.","a11y_help_preferred_property":"This property is part of our Preferred Partner Program. It's committed to providing excellent service and good value. It’ll pay us a higher commission if you make a booking.","a11y_preferred_programme_new_tooltip_pref_plus":"This is a Preferred Plus property. Preferred Plus properties provide excellent value, meet {b_companyname}'s quality standards, and pay {b_companyname} to be in this program.","a11y_preferred_programme_new_tooltip_preferred":"This is a Preferred property. Preferred properties meet {b_companyname}'s quality standards and pay {b_companyname} to be in this program.","a11y_sr_open_new_window":"Opens in new window","a11y_sr_property_soldout_aria_label":"This property is unavailable on our site for your dates","bas_about_this_ad_contents_legal_entity_desktop":"This slot is a paid ad by {legal_entity}. You're seeing this ad because of several factors, including advertiser bid and relevance to your search criteria, such as travel destination and dates.","bh_nontrader_property":"Managed by a private host","china_cn_sr_hotel_card_ad":"Ad","help_preferred_plus_property":"This property is part of our Preferred Plus Program. It's committed to providing outstanding service and excellent value. It'll pay us a higher commission if you make a booking.","help_preferred_property":"This property is part of our Preferred Partner Program. It's committed to providing excellent service and good value. It’ll pay us a higher commission if you make a booking.","preferred_programme_new_tooltip_pref_plus":"This is a Preferred Plus property. Preferred Plus properties provide excellent value, meet {b_companyname}'s quality standards, and pay {b_companyname} to be in this program.","preferred_programme_new_tooltip_preferred":"This is a Preferred property. Preferred properties meet {b_companyname}'s quality standards and pay {b_companyname} to be in this program.","preferred_programme_new_tooltip_vb":"This property pays additional commission to increase their visibility on our platform","ranking_vb_promoted":"Featured","ranking_vb_promoted_tooltip":"This property matches your criteria and may be ranked higher in your search results. It will pay us a higher commission if you make a booking.","usm_promoted_hotel_badge_copy":"Ad","usm_promoted_hotel_badge_tooltip":"This property spends a little extra to appear in this spot, and it matches your search criteria.","wallet_label":"Pay with Wallet","beach_sr_distance_beachfront":"Beachfront","fe_cc_distance_tooltip_sr":"This is the straight-line distance on the map. Actual travel distance may vary.","ge_boost_sr_city_centre":"In the city center","loc_sr_subway_access":"Subway Access","map_show_on":"Show on map","maps_sr_beach_nearby":"Beach Nearby","maps_sr_beach_nearby_list_separator":", ","maps_sr_beach_nearby_tooltip":"Not far from: {list_of_beaches}","distance_from_destination":"{distanceInKm} from {userDestination}","distance_map_centre":"{distance} from map center","m_sr_distance_from_centre":"{distanceInKmFromCentre} from center","loc_sr_want_installments_min_required":{"type":"plural","plural":{"one":"{start_style}Want to pay in {num_installments}x installment?{end_style} This option is available at this property for bookings over {instalment_min_pay}.","other":"{start_style}Want to pay in {num_installments}x installments?{end_style} This option is available at this property for bookings over {instalment_min_pay}."}},"loc_sr_want_installments_no_min":{"type":"plural","plural":{"one":"{start_style}Want to pay in {num_installments} installment?{end_style} This option is available at this property.","other":"{start_style}Want to pay in {num_installments} installments?{end_style} This option is available at this property."}},"a11y_rating_score_for_screenreader":"Scored {review_score_number} ","bhc_sr_new_to_bcom_badge":"New to {b_companyname}","comp_fd_lp_header_rs":"Review score","enter_dates_to_see_prices":"enter your check-in and check-out dates in the search box on the left to see the exact room prices for your stay and to be able to sort by price.","sr_nodates_show_prices":"Show prices","sr_property_card_tooltip_no_dates":"To see room prices, enter your check-in and check-out dates in the search box.","extl_reviews_no_bcom_sr_reviews_modal_first_body_legal_update":"We give properties on our site a review score out of 10.","extl_reviews_no_bcom_sr_reviews_modal_header":"External review score","extl_reviews_no_bcom_sr_reviews_modal_second_body_legal_update":"Some properties—such as those new to our site—don’t have any reviews from {b_companyname} guests. Until these properties get their first {b_companyname} guest review, we calculate their review score using guest reviews from some of the other travel sites they’re listed on. Whenever these external reviews are scored out of 5, we adjust them to a 10-point scale. {b_companyname} can’t verify these reviews to confirm that the reviewer meets {b_companyname} review criteria.","extl_reviews_no_bcom_sr_reviews_tooltip_cta":"Learn more about external reviews","extl_reviews_yes_bcom_sr_reviews_modal_second_body_transparent":"Some properties—like those new to our website—don’t have any reviews from {b_companyname} guests. In this case, we calculate a review score using reviews from guests who booked the same property on other trusted travel websites.","xtl_reviews_no_bcom_sr_reviews_tooltip_transparent_legal_update":"The {review_score} review score is based on reviews for this property left by guests on several other travel websites, converted to the {b_companyname} 10-point scale.","bh_prd_sr_card_weeks_above_price":{"type":"plural","plural":{"one":"{num_weeks} week","other":"{num_weeks} weeks"}},"m_prd_sr_card_adults_above_price":{"type":"plural","plural":{"one":"{n_of_adults} adult","other":"{n_of_adults} adults"}},"m_prd_sr_card_nights_adults_children_nights_parent":"Price for {m_prd_sr_card_adults_above_price}, {m_prd_sr_card_children_above_price}, {m_prd_sr_card_nights_above_price}","m_prd_sr_card_nights_adults_parent":"Price for {m_prd_sr_card_adults_above_price}, {m_prd_sr_card_nights_above_price}","m_sr_hp_price_for_x_nights_bold":{"type":"plural","plural":{"one":"Price for {start_bold}{num_nights} night{end_bold}:","other":"Price for {start_bold}{num_nights} nights{end_bold}:"}},"prd_sr_card_adults_above_price":{"type":"plural","plural":{"one":"{n_of_adults} adult","other":"{n_of_adults} adults"}},"prd_sr_card_children_above_price":{"type":"plural","plural":{"one":"{n_of_children} child","other":"{n_of_children} children"}},"prd_sr_card_nights_above_price":{"type":"plural","plural":{"one":"{n_of_nights} night","other":"{n_of_nights} nights"}},"prd_sr_card_nights_adults_children_parent":"{prd_sr_card_nights_above_price}, {prd_sr_card_adults_above_price}, {prd_sr_card_children_above_price}","prd_sr_card_nights_adults_parent":"{prd_sr_card_nights_above_price}, {prd_sr_card_adults_above_price}","a11y_vm_sr_rt_generic_price_currency":"Price {generic_price_with_currency}","a11y_vm_sr_rt_original_current_price_currency":{"type":"plural","plural":{"one":"Original price {original_price_with_currency}. Current price {current_price_with_currency}.","other":"Original price {original_price_with_currency}. Current price {current_price_with_currency}."}},"vm_single_savings_badge_name_pd":"{num_percent}% off","sr_pd_breakdown_price_summary":"Price Summary","pd_sr_deals_badges_grouped":"+ {num}","fame_sr_group_rec_header":"Recommended for your group","fame_sr_group_rec_header_apartment":"Whole apartment for your family","fame_sr_group_rec_header_cheapest":"Lowest price at this property","fame_sr_group_rec_header_cheapest_fc":"Lowest price with free cancellation at this property","fame_sr_group_rec_header_family":"Recommended for your family","fame_sr_group_rec_header_less_rooms":{"type":"plural","plural":{"one":"{num_rooms} room for your family","other":"{num_rooms} rooms for your family"}},"fame_sr_group_rec_header_more_rooms":{"type":"plural","plural":{"one":"Extra space – {num_rooms} room for your family","other":"Extra space – {num_rooms} rooms for your family"}},"bhage_hp_bed_comma_separator":",","fame_free_child_rt":"Free stay for your child","fame_sr_free_cot_requested_for_you":"Free crib requested for you","free_cancellation_before":"before {cancellation_date}","ge_deepen_free_breakfast_sr_card_4":"Breakfast is free for Genius members like you! You'll get the same breakfast as other guests, but you won't have to pay for it.","wtpex_npp_decap_1":"{start_bold}{start_green}No prepayment needed{end_green}{end_bold} – pay at the property","transactional_policies/name":{"type":"list","items":{"cxl_fc_name":"{start_bold}Free cancellation{end_bold}","other":""}},"bhgwe_sr_show_bh_bathroom_num":{"type":"plural","plural":{"one":"{num_bathrooms} bathroom","other":"{num_bathrooms} bathrooms"}},"m_bh_sr_num_bedrooms":{"type":"plural","plural":{"one":"{num_bedrooms} bedroom","other":"{num_bedrooms} bedrooms"}},"m_bh_sr_num_living_rooms":{"type":"plural","plural":{"one":"{num_living_rooms} living room","other":"{num_living_rooms} living rooms"}},"www_bh_age_sr_unit_config_kitchen":{"type":"plural","plural":{"one":"{num} kitchen","other":"{num} kitchens"}},"bh_gwe_sr_bed_config_up_to":{"type":"plural","plural":{"one":"{num_beds} bed","other":"Up to {num_beds} beds"}},"m_bh_sr_num_private_pool":{"type":"plural","plural":{"one":"Private pool","other":"{num} private pools"}},"loc_hp_rt_up_to_x_installments":{"type":"plural","plural":{"one":"up to {num_installments}x","other":"up to {num_installments}x"}},"sr_dates_cta_choose_room":"Select your room","sr_hc_cta_see_availability":"See availability","background_image":"Background Image","rates_rocket_gating_popup_button":"Send","rates_rocket_gating_popup_message_limited_offer":"This is a limited offer.","rates_rocket_gating_success_popup_cta":"Got it","rates_rocket_gating_success_popup_desc":"You unlocked special deals that you can find in your search results.","rates_rocket_gating_success_popup_header":"Congrats!","sp_ext_cashback_expand_index_details":"See promotion details","sp_miles_may_vary":"The number shown above is for reference only. The final amount awarded may vary slightly due to exchange rates.","sp_reward_coupon_bs_box_earn":"Here's what you'll get for this booking","sp_reward_coupon_bs_box_header":"Your reward","sp_loyalty_see_terms_and_conditions":"See terms and conditions","loyalty_banner_sentences/name":{"type":"list","items":{"header_general_terms":"General terms","header_multiple_rewards":"Up for a rewarding trip?","other":""}},"csi_srt_button_copy_details":"Copy details","chains_sr_bundle_rates_extras_badge":"Rates with extras available","sr_mdot_facility_type_closed_from_until":"{facility_type} closed from {start_date} until {end_date}","gex_w_sr_meta_landing_sign_in_card":"Get a member-only discount on this price – {start_link}sign in{end_link}","bh_gps_bb_program_action_module_stage_2_amenities_desk":"Desk or table to work at","bhbb_sr_pp_workfriendly_badge":"Work-friendly","bhbb_work_friendly_tooltip_essentials":"Essentials: Towels, pillows, linens, and toiletries","bhbb_work_friendly_tooltip_invoice":"Invoice available upon request","bhbb_work_friendly_tooltip_wifi":"Free WiFi","gc_parkfly_sr_badge":"Park \u0026 Fly","sr_unavailable_property_temp_closed_no_res":"Sorry, this property isn't taking reservations on our site right now.","bex_bl_sr_badge_payment_method_accepted":"Accepts {payment_method}","iq_bui_next_page":"Next page","iq_bui_previous_page":"Previous page","sr_footer_num_properties_frontloaded_destination":{"type":"plural","plural":{"one":"{destination}: {num_properties} property found","other":"{destination}: {num_properties} properties found"}},"sr_showing_results_footer":{"type":"plural","plural":{"one":"Showing {first_num_results} – {last_num_results}","other":"Showing {first_num_results} – {last_num_results}"}},"sr_sort_by_action_label":"Sort by:","triptypes_hp_guests_generic_recommend_header":"Our guests love these destinations","triptypes_hp_personalised_recommend_header":"Recommended by travelers like you","triptypes_hp_recommend_header":"Get inspiration for your next trip","sxp_carousel_accessibility_next":"Next","sxp_carousel_accessibility_previous":"Previous","a11y_travheader_view_notifications":"View your notifications","android_preferences_notifications_forweb":"Notifications","a11y_travheader_msg":"Open messaging","msg_lc_alt_messaging_platform":{"type":"plural","plural":{"one":"Check your new message","other":"Check {number} new messages"}},"a11y_traveller_header_account_genius_lev1":"Genius Level 1","a11y_traveller_header_account_genius_lev2":"Genius Level 2","a11y_traveller_header_account_genius_lev3":"Genius Level 3","a11y_traveller_header_close_menu":"Close the menu","a11y_webshell_close_account_menu":"Close account menu","a11y_webshell_close_currency_selector":"Close currency selector","a11y_webshell_close_language_selector":"Close language selector","a11y_webshell_close_menu":"Close menu","a11y_webshell_header_tools_account_menu_genius":"Your account menu {user_name} {genius_level}","a11y_webshell_header_tools_account_menu_no_genius":"Your account menu {user_name}","a11y_webshell_header_tools_currency":"Prices in {selected_currency}","a11y_webshell_header_tools_language":"Language: {selected_lang}","a11y_webshell_header_tools_register":"Create an account","a11y_webshell_header_tools_sign_in":"Sign in","a11y_webshell_header_tools_support":"Customer support","a11y_webshell_logged_in_menu":"Menu","a11y_webshell_logged_in_my_account":"My account","a11y_webshell_logged_out_account":"Log in or create an account","a11y_webshell_tab_bar_intro":"What are you looking for?","header_menu_cs_help":"Customer Service help","traveller_header_account_currency_all":"All currencies","traveller_header_account_currency_most_often":"Suggested for you","traveller_header_account_header_help":"Help and support","traveller_header_account_lang_all":"All languages","traveller_header_account_lang_most_often":"Suggested for you","traveller_header_account_more":"More","traveller_header_account_select_language":"Select your language","traveller_header_account_select_your_currency":"Select your currency","traveller_header_xbar_more":"More","traveller_header_account_more_header_discover":"Inspiration","traveller_header_account_more_header_settings":"Settings and legal","a11y_traveller_header_close_profile_menu":"Close the profile menu","traveller_header_account_sign_out":"Sign out","fx_piyoc_funnel_currency_selector":"Where applicable, prices will be converted to—and shown in—the currency you select. The currency you pay in may differ based on your reservation, and a service fee may also apply.","fx_piyoc_funnel_room_table":"Prices converted to {user_currency}","fx_piyoc_funnel_room_table_tooltip":"Prices have been converted from {property_currency} to show the approximate cost based on our latest exchange rate. Includes a service fee.","in_cooperation_with":"In cooperation with","sp_funnel_trusted_affiliate":"Trusted Affiliate","sp_partnership_with_another_company":"In partnership with","mobile_header_icon_go_back":"Go back","a11y_ace_global_alert_disruptive_label":"Important travel alert","a11y_ace_global_alert_normal_label":"Travel alert","a11y_ace_global_alert_num":{"type":"plural","plural":{"one":"{num_alerts} travel alert","other":"{num_alerts} travel alerts"}},"webcore_shell_global_alert_turkey_body":"Unfortunately, it isn't possible for our customers in Turkey to book domestically, but you can still book international properties with us. We apologize for any inconvenience and are constantly working to extend our range of services within Turkey.","webcore_shell_global_alert_turkey_title":"Unable to book within Turkey","webcore_shell_global_alert_ukraine_body_1":"To make an informed decision, review official travel guidelines for the area you intend to visit. We recommend booking a free cancellation option in case your travel plans change.","webcore_shell_global_alert_ukraine_body_2":"To support the humanitarian response to the war in Ukraine, make your donation to reputable aid organizations for maximum impact.","webcore_shell_global_alert_ukraine_title":"Safety concerns in Ukraine","bh_gwe_sr_privacy_entire_apartment":{"type":"plural","plural":{"one":"Entire apartment","other":"{num} entire apartments"}},"bh_gwe_sr_privacy_entire_apartment_one":"{num} entire apartment","bh_gwe_sr_privacy_entire_bungalow":{"type":"plural","plural":{"one":"Entire bungalow","other":"{num} entire bungalows"}},"bh_gwe_sr_privacy_entire_bungalow_one":"{num} entire bungalow","bh_gwe_sr_privacy_entire_chalet":{"type":"plural","plural":{"one":"Entire chalet","other":"{num} entire chalets"}},"bh_gwe_sr_privacy_entire_chalet_one":"{num} entire chalet","bh_gwe_sr_privacy_entire_holiday_home":{"type":"plural","plural":{"one":"Entire vacation home","other":"{num} entire vacation homes"}},"bh_gwe_sr_privacy_entire_holiday_home_one":"{num} entire vacation home","bh_gwe_sr_privacy_entire_studio":{"type":"plural","plural":{"one":"Entire studio","other":"{num} entire studios"}},"bh_gwe_sr_privacy_entire_studio_one":"{num} entire studio","bh_gwe_sr_privacy_entire_villa":{"type":"plural","plural":{"one":"Entire villa","other":"{num} entire villas"}},"bh_gwe_sr_privacy_entire_villa_one":"{num} entire villa","bh_gwe_sr_privacy_hotel_room":{"type":"plural","plural":{"one":"Hotel room","other":"{num} hotel rooms"}},"bh_gwe_sr_privacy_hotel_room_one":"{num} hotel room","bh_gwe_sr_privacy_no_descriptor_bed_in_dorm":{"type":"plural","plural":{"one":"Bed in dorm","other":"{num} beds in dorms"}},"bh_gwe_sr_privacy_no_descriptor_bed_in_dorm_one":"{num} bed in dorm","bh_gwe_sr_privacy_no_descriptor_empty_spot":{"type":"plural","plural":{"one":"Empty spot","other":"{num} empty spots"}},"bh_gwe_sr_privacy_no_descriptor_empty_spot_one":"{num} empty spot","bh_gwe_sr_privacy_no_descriptor_mobile_home":{"type":"plural","plural":{"one":"Mobile home","other":"{num} mobile homes"}},"bh_gwe_sr_privacy_no_descriptor_mobile_home_one":"{num} mobile home","bh_gwe_sr_privacy_no_descriptor_tent":{"type":"plural","plural":{"one":"Tent","other":"{num} tents"}},"bh_gwe_sr_privacy_no_descriptor_tent_one":"{num} tent","bh_gwe_sr_privacy_private_apartment":{"type":"plural","plural":{"one":"Private apartment","other":"{num} private apartments"}},"bh_gwe_sr_privacy_private_apartment_one":"{num} private apartment","bh_gwe_sr_privacy_private_room":{"type":"plural","plural":{"one":"Private room","other":"{num} private rooms"}},"bh_gwe_sr_privacy_private_room_one":"{num} private room","bh_gwe_sr_privacy_private_studio":{"type":"plural","plural":{"one":"Private studio","other":"{num} private studios"}},"bh_gwe_sr_privacy_private_studio_one":"{num} private studio","bh_gwe_sr_privacy_private_suite":{"type":"plural","plural":{"one":"Private suite","other":"{num} private suites"}},"bh_gwe_sr_privacy_private_suite_one":"{num} private suite","bh_gwe_sr_privacy_shared_bathroom_room":{"type":"plural","plural":{"one":"Room with shared bathroom","other":"{num} rooms with shared bathrooms"}},"bh_gwe_sr_privacy_shared_bathroom_room_one":"{num} room with shared bathroom","bh_gwe_sr_privacy_shared_dorm_room":{"type":"plural","plural":{"one":"Shared dorm room","other":"{num} shared dorm rooms"}},"bh_gwe_sr_privacy_shared_dorm_room_one":"{num} shared dormitory room","beach_sr_distance_from_beach_ft":{"type":"plural","plural":{"one":"{distance} ft from beach","other":"{distance} ft from beach"}},"beach_sr_distance_from_beach_m":{"type":"plural","plural":{"one":"{distance} m from beach","other":"{distance} m from beach"}},"beach_sr_distance_to_beach":"{distance_to_beach} from beach","gte_web_sr_maps_hotel_card_genius_free_breakfast":"Free breakfast","gte_web_sr_maps_hotel_card_genius_free_room_upgrade":"Free room upgrade","maps_hp_sr_sorry_unavailable_legal":"Unavailable for your dates on our site","vpm_hp_no_dates_add_dates_button":"Add dates to see prices","a11y_adjective_rating":"Rated {/adjectives/[rating_adjective]/name}","review_adj_above_average":"Above average","review_adj_average":"Average","review_adj_disappointing":"Disappointing","review_adj_exceptional":"Exceptional","review_adj_fabulous":"Excellent","review_adj_good":"Good","review_adj_pleasant":"Pleasant","review_adj_poor":"Poor","review_adj_superb":"Wonderful","review_adj_very_good":"Very Good","review_adj_very_poor":"Very Poor","adjectives/adj_fem_plu":{"type":"list","items":{"1":"very poor","2":"poor","3":"disappointing","4":"fair","5":"okay","6":"pleasant","7":"good","8":"very good","9":"excellent","10":"wonderful","11":"exceptional","adj_masc_sing":"x","other":""}},"adjectives/adj_fem_sing":{"type":"list","items":{"1":"very poor","2":"poor","3":"disappointing","4":"fair","5":"okay","6":"pleasant","7":"good","8":"very good","9":"excellent","10":"wonderful","11":"exceptional","adj_masc_sing":"x","other":""}},"adjectives/adj_masc_plu_acc":{"type":"list","items":{"1":"very poor","2":"poor","3":"disappointing","4":"fair","5":"okay","6":"pleasant","7":"good","8":"very good","9":"excellent","10":"wonderful","11":"exceptional","adj_masc_sing":"x","other":""}},"adjectives/adj_masc_sing_acc":{"type":"list","items":{"1":"very poor","2":"poor","3":"disappointing","4":"fair","5":"okay","6":"pleasant","7":"good","8":"very good","9":"excellent","10":"wonderful","11":"exceptional","adj_masc_sing":"x","other":""}},"adjectives/adj_neut_sing":{"type":"list","items":{"1":"very poor","2":"poor","3":"disappointing","4":"fair","5":"okay","6":"pleasant","7":"good","8":"very good","9":"excellent","10":"wonderful","11":"exceptional","adj_masc_sing":"x","other":""}},"adjectives/adj_neut_sing_acc":{"type":"list","items":{"1":"very poor","2":"poor","3":"disappointing","4":"fair","5":"okay","6":"pleasant","7":"good","8":"very good","9":"excellent","10":"wonderful","11":"exceptional","adj_masc_sing":"x","other":""}},"adjectives/name":{"type":"list","items":{"1":"very poor","2":"poor","3":"disappointing","4":"fair","5":"okay","6":"pleasant","7":"good","8":"very good","9":"excellent","10":"wonderful","11":"exceptional","adj_masc_sing":"x","other":""}},"m_pp_num_reviews_entry":{"type":"plural","plural":{"one":"{num_reviews} review","other":"{num_reviews} reviews"}},"maps_none_available_change_dates":"Change your dates","maps_none_available_change_filters":"Change your filters","maps_none_available_no_props_avail_here":"Sorry, there aren't any properties available here","maps_none_available_refresh":"Refresh results","maps_none_available_remove_all_filters":"Remove all filters","maps_none_available_search_different":"Search for a different location","maps_none_available_sorry":"Sorry, no results","maps_none_available_try_following":"Try the following to get results:","maps_none_available_zoom_out":"Zoom out on the map","d_maps_loading_properties":"Loading properties...","num_reviews_sr_page":{"type":"plural","plural":{"one":"{num_reviews} review","other":"{num_reviews} reviews"}},"sr_hp_taxes_and_charges_exception":"Additional charges may apply","sr_search_card_plus_taxes_and_charges":"+ taxes and charges","sr_search_card_plus_taxes_and_charges_amount_v2":"+{sum_taxes_charges} taxes and charges","convert_incentives_index_card_more_information_tcs":"Terms and conditions","incentives_engage_reward_modal_got_it_cta":"Got it","reward_mini_tcs_complete_tcs_link":"Full terms and conditions apply","reward_mini_tcs_title":"Terms \u0026 Conditions","m_sr_autoextend_carousel_starting_from":"Starting from","webcore_trans_wanderlist_show_props_cta":"Show properties","webcore_xm_survey_index_modal_aria_label_close":"Close","webcore_xm_survey_index_modal_notification":"Thanks for helping us create better experiences for everyone","webcore_xm_survey_index_modal_cta_submit":"Submit","webcore_xm_survey_index_modal_likert_1":"Very unsatisfied","webcore_xm_survey_index_modal_likert_2":"Unsatisfied","webcore_xm_survey_index_modal_likert_3":"Neutral","webcore_xm_survey_index_modal_likert_4":"Satisfied","webcore_xm_survey_index_modal_likert_5":"Very satisfied","webcore_xm_survey_index_modal_likert_agree_1":"Strongly agree","webcore_xm_survey_index_modal_likert_agree_2":"Agree","webcore_xm_survey_index_modal_likert_agree_3":"Neutral","webcore_xm_survey_index_modal_likert_agree_4":"Disagree","webcore_xm_survey_index_modal_likert_agree_5":"Strongly disagree","webcore_xm_survey_index_modal_q1":"How satisfied are you with your experience today?\n","webcore_xm_survey_index_modal_v2_q1":"It's easy to find what I’m looking for"}}</script><script data-capla-namespace="b-search-web-searchresultsBXEQLBaN" data-capla-store-data="apollo" type="application/json">{"ROOT_QUERY":{"__typename":"Query","checkin":"2023-09-15","checkout":"2023-09-16","popularDestinations({\"input\":{\"maxResults\":5,\"requestType\":\"BY_REGION\"}})":{"__typename":"PopularDestinationsOutput","results":[{"__typename":"PopularDestinationResult","destType":"CITY","destId":-354044,"destinationName":"Máncora","countryName":"Peru","maxLengthOfStay":90,"resultType":"BY_REGION"},{"__typename":"PopularDestinationResult","destType":"CITY","destId":-367472,"destinationName":"Vichayito","countryName":"Peru","maxLengthOfStay":90,"resultType":"BY_REGION"},{"__typename":"PopularDestinationResult","destType":"CITY","destId":-339582,"destinationName":"Canoas de Punta Sal","countryName":"Peru","maxLengthOfStay":90,"resultType":"BY_REGION"},{"__typename":"PopularDestinationResult","destType":"CITY","destId":-353444,"destinationName":"Los Órganos","countryName":"Peru","maxLengthOfStay":90,"resultType":"BY_REGION"},{"__typename":"PopularDestinationResult","destType":"CITY","destId":-368708,"destinationName":"Zorritos","countryName":"Peru","maxLengthOfStay":90,"resultType":"BY_REGION"}]},"searchQueries":{"__typename":"SearchQueries","search({\"input\":{\"acidCarouselContext\":null,\"doAvailabilityCheck\":false,\"enableCampaigns\":true,\"encodedAutocompleteMeta\":null,\"filters\":{},\"forcedBlocks\":null,\"location\":{\"destId\":261060,\"destType\":\"LANDMARK\"},\"metaContext\":null,\"needsRoomsMatch\":false,\"optionalFeatures\":{\"forceArpExperiments\":true,\"testProperties\":false},\"pagination\":{\"offset\":0,\"rowsPerPage\":25},\"rawQueryForSession\":\"/searchresults.html?\",\"referrerBlock\":null,\"sbCalendarOpen\":false,\"seoThemeIds\":[],\"showAparthotelAsHotel\":true,\"sorters\":{\"referenceGeoId\":null,\"selectedSorter\":null,\"tripTypeIntentId\":null},\"travelPurpose\":2,\"useSearchParamsFromSession\":true}})":{"__typename":"SearchQueryOutput","banners":[{"__typename":"Banner","name":"incentives","type":"banner","isDismissible":null,"showAfterDismissedDuration":null,"position":2,"requestAlternativeDates":null,"title":null,"imageUrl":null,"paragraphs":null,"metadata":null,"pendingReviewInfo":null,"nbDeals":null,"primaryAction":null,"secondaryAction":null,"iconName":null,"flexibleFilterOptions":[],"trackOnView":[],"dateFlexQueryOptions":[]},{"__typename":"Banner","name":"cx_tracker","type":"custom","isDismissible":true,"showAfterDismissedDuration":null,"position":25,"requestAlternativeDates":null,"title":null,"imageUrl":null,"paragraphs":null,"metadata":null,"pendingReviewInfo":null,"nbDeals":null,"primaryAction":null,"secondaryAction":null,"iconName":null,"flexibleFilterOptions":[],"trackOnView":[],"dateFlexQueryOptions":[]}],"breadcrumbs":[{"__typename":"LandingPageBreadcrumb","destType":"COUNTRY","name":"Philippines","urlParts":["ph"]},{"__typename":"LandingPageBreadcrumb","destType":"REGION","name":"Luzon","urlParts":["ph","luzon"]},{"__typename":"LandingPageBreadcrumb","destType":"CITY","name":"Baguio","urlParts":["ph","baguio"]},{"__typename":"LandingPageBreadcrumb","destType":"LANDMARK","name":"Session Road","urlParts":["ph","session-road"]}],"carousels":[],"destinationLocation":{"__typename":"DestinationLocation","name":{"__typename":"TextWithTranslationTag","text":"Session Road"},"inName":{"__typename":"TextWithTranslationTag","text":""},"countryCode":"ph"},"entireHomesSearchEnabled":false,"dateFlexibilityOptions":{"__typename":"DateFlexibilityOptions","enabled":true},"filters":[{"__typename":"Filter","trackOnView":[],"trackOnClick":[],"name":"SustainablePropertyFilter","field":"SustainablePropertyFilter","category":"SustainablePropertyFilter","filterStyle":"CHECKBOX","title":{"__typename":"TextWithTranslationTag","text":"","translationTag":{"__typename":"TranslationTag","translation":"Sustainability"}},"subtitle":"","options":[{"__typename":"Option","trackOnView":[],"trackOnClick":[],"trackOnSelect":[],"trackOnDeSelect":[],"trackOnViewPopular":[],"trackOnClickPopular":[],"trackOnSelectPopular":[],"trackOnDeSelectPopular":[],"id":1,"count":138,"selected":false,"urlId":"SustainablePropertyFilter=1","additionalLabel":{"__typename":"TextWithTranslationTag","text":"Properties taking steps to make your stay more sustainable","translationTag":{"__typename":"TranslationTag","translation":null}},"value":{"__typename":"TextWithTranslationTag","text":"","translationTag":{"__typename":"TranslationTag","translation":"Travel Sustainable properties"}},"starRating":{"__typename":"StarRating","value":0,"symbol":"STARS","caption":{"__typename":"TranslationTag","translation":null},"showAdditionalInfoIcon":false}}],"filterLayout":{"__typename":"FilterLayout","isCollapsable":false,"collapsedCount":5},"stepperOptions":[],"sliderOptions":{"__typename":"SliderOptions","min":"0","max":"0","minSelected":"0","maxSelected":"0","minPriceStep":"0","minSelectedFormatted":null,"currency":"","histogram":[],"selectedRange":null,"title":""},"sliderOptionsPerStay":{"__typename":"SliderOptions","min":"0","max":"0","minSelected":"0","maxSelected":"0","minPriceStep":"0","minSelectedFormatted":null,"currency":"","histogram":[],"selectedRange":null,"title":""}},{"__typename":"Filter","trackOnView":[],"trackOnClick":[],"name":"quality_rating_and_class","field":"class","category":"class","filterStyle":"CHECKBOX","title":{"__typename":"TextWithTranslationTag","text":"Property rating","translationTag":{"__typename":"TranslationTag","translation":null}},"subtitle":"Includes stars and other ratings","options":[{"__typename":"Option","trackOnView":[],"trackOnClick":[],"trackOnSelect":[],"trackOnDeSelect":[],"trackOnViewPopular":[],"trackOnClickPopular":[],"trackOnSelectPopular":[],"trackOnDeSelectPopular":[],"id":1,"count":19,"selected":false,"urlId":"class=1","additionalLabel":{"__typename":"TextWithTranslationTag","text":"","translationTag":{"__typename":"TranslationTag","translation":null}},"value":{"__typename":"TextWithTranslationTag","text":"1 star","translationTag":{"__typename":"TranslationTag","translation":null}},"starRating":{"__typename":"StarRating","value":0,"symbol":"STARS","caption":{"__typename":"TranslationTag","translation":"1 star"},"showAdditionalInfoIcon":false}},{"__typename":"Option","trackOnView":[],"trackOnClick":[],"trackOnSelect":[],"trackOnDeSelect":[],"trackOnViewPopular":[],"trackOnClickPopular":[],"trackOnSelectPopular":[],"trackOnDeSelectPopular":[],"id":2,"count":20,"selected":false,"urlId":"class=2","additionalLabel":{"__typename":"TextWithTranslationTag","text":"","translationTag":{"__typename":"TranslationTag","translation":null}},"value":{"__typename":"TextWithTranslationTag","text":"2 stars","translationTag":{"__typename":"TranslationTag","translation":null}},"starRating":{"__typename":"StarRating","value":0,"symbol":"STARS","caption":{"__typename":"TranslationTag","translation":"2 stars"},"showAdditionalInfoIcon":false}},{"__typename":"Option","trackOnView":[],"trackOnClick":[],"trackOnSelect":[],"trackOnDeSelect":[],"trackOnViewPopular":[],"trackOnClickPopular":[],"trackOnSelectPopular":[],"trackOnDeSelectPopular":[],"id":3,"count":278,"selected":false,"urlId":"class=3","additionalLabel":{"__typename":"TextWithTranslationTag","text":"","translationTag":{"__typename":"TranslationTag","translation":null}},"value":{"__typename":"TextWithTranslationTag","text":"3 stars","translationTag":{"__typename":"TranslationTag","translation":null}},"starRating":{"__typename":"StarRating","value":0,"symbol":"STARS","caption":{"__typename":"TranslationTag","translation":"3 stars"},"showAdditionalInfoIcon":false}},{"__typename":"Option","trackOnView":[],"trackOnClick":[],"trackOnSelect":[],"trackOnDeSelect":[],"trackOnViewPopular":[],"trackOnClickPopular":[],"trackOnSelectPopular":[],"trackOnDeSelectPopular":[],"id":4,"count":18,"selected":false,"urlId":"class=4","additionalLabel":{"__typename":"TextWithTranslationTag","text":"","translationTag":{"__typename":"TranslationTag","translation":null}},"value":{"__typename":"TextWithTranslationTag","text":"4 stars","translationTag":{"__typename":"TranslationTag","translation":null}},"starRating":{"__typename":"StarRating","value":0,"symbol":"STARS","caption":{"__typename":"TranslationTag","translation":"4 stars"},"showAdditionalInfoIcon":false}},{"__typename":"Option","trackOnView":[],"trackOnClick":[],"trackOnSelect":[],"trackOnDeSelect":[],"trackOnViewPopular":[],"trackOnClickPopular":[],"trackOnSelectPopular":[],"trackOnDeSelectPopular":[],"id":5,"count":4,"selected":false,"urlId":"class=5","additionalLabel":{"__typename":"TextWithTranslationTag","text":"","translationTag":{"__typename":"TranslationTag","translation":null}},"value":{"__typename":"TextWithTranslationTag","text":"5 stars","translationTag":{"__typename":"TranslationTag","translation":null}},"starRating":{"__typename":"StarRating","value":0,"symbol":"STARS","caption":{"__typename":"TranslationTag","translation":"5 stars"},"showAdditionalInfoIcon":false}},{"__typename":"Option","trackOnView":[],"trackOnClick":[],"trackOnSelect":[],"trackOnDeSelect":[],"trackOnViewPopular":[],"trackOnClickPopular":[],"trackOnSelectPopular":[],"trackOnDeSelectPopular":[],"id":0,"count":232,"selected":false,"urlId":"class=0","additionalLabel":{"__typename":"TextWithTranslationTag","text":"","translationTag":{"__typename":"TranslationTag","translation":null}},"value":{"__typename":"TextWithTranslationTag","text":"Unrated","translationTag":{"__typename":"TranslationTag","translation":null}},"starRating":{"__typename":"StarRating","value":0,"symbol":"STARS","caption":{"__typename":"TranslationTag","translation":"Unrated"},"showAdditionalInfoIcon":false}}],"filterLayout":{"__typename":"FilterLayout","isCollapsable":false,"collapsedCount":5},"stepperOptions":[],"sliderOptions":{"__typename":"SliderOptions","min":"0","max":"0","minSelected":"0","maxSelected":"0","minPriceStep":"0","minSelectedFormatted":null,"currency":"","histogram":[],"selectedRange":null,"title":""},"sliderOptionsPerStay":{"__typename":"SliderOptions","min":"0","max":"0","minSelected":"0","maxSelected":"0","minPriceStep":"0","minSelectedFormatted":null,"currency":"","histogram":[],"selectedRange":null,"title":""}},{"__typename":"Filter","trackOnView":[],"trackOnClick":[],"name":"distance","field":"distance","category":"distance","filterStyle":"CHECKBOX","title":{"__typename":"TextWithTranslationTag","text":"","translationTag":{"__typename":"TranslationTag","translation":"Distance from Session Road"}},"subtitle":"","options":[{"__typename":"Option","trackOnView":[],"trackOnClick":[],"trackOnSelect":[],"trackOnDeSelect":[],"trackOnViewPopular":[],"trackOnClickPopular":[],"trackOnSelectPopular":[],"trackOnDeSelectPopular":[],"id":805,"count":146,"selected":false,"urlId":"distance=805","additionalLabel":{"__typename":"TextWithTranslationTag","text":"","translationTag":{"__typename":"TranslationTag","translation":null}},"value":{"__typename":"TextWithTranslationTag","text":"","translationTag":{"__typename":"TranslationTag","translation":"Less than 1/2 mile"}},"starRating":{"__typename":"StarRating","value":0,"symbol":"STARS","caption":{"__typename":"TranslationTag","translation":null},"showAdditionalInfoIcon":false}},{"__typename":"Option","trackOnView":[],"trackOnClick":[],"trackOnSelect":[],"trackOnDeSelect":[],"trackOnViewPopular":[],"trackOnClickPopular":[],"trackOnSelectPopular":[],"trackOnDeSelectPopular":[],"id":1610,"count":250,"selected":false,"urlId":"distance=1610","additionalLabel":{"__typename":"TextWithTranslationTag","text":"","translationTag":{"__typename":"TranslationTag","translation":null}},"value":{"__typename":"TextWithTranslationTag","text":"","translationTag":{"__typename":"TranslationTag","translation":"Less than 1 mile"}},"starRating":{"__typename":"StarRating","value":0,"symbol":"STARS","caption":{"__typename":"TranslationTag","translation":null},"showAdditionalInfoIcon":false}},{"__typename":"Option","trackOnView":[],"trackOnClick":[],"trackOnSelect":[],"trackOnDeSelect":[],"trackOnViewPopular":[],"trackOnClickPopular":[],"trackOnSelectPopular":[],"trackOnDeSelectPopular":[],"id":3220,"count":493,"selected":false,"urlId":"distance=3220","additionalLabel":{"__typename":"TextWithTranslationTag","text":"","translationTag":{"__typename":"TranslationTag","translation":null}},"value":{"__typename":"TextWithTranslationTag","text":"","translationTag":{"__typename":"TranslationTag","translation":"Less than 2 miles"}},"starRating":{"__typename":"StarRating","value":0,"symbol":"STARS","caption":{"__typename":"TranslationTag","translation":null},"showAdditionalInfoIcon":false}}],"filterLayout":{"__typename":"FilterLayout","isCollapsable":false,"collapsedCount":5},"stepperOptions":[],"sliderOptions":{"__typename":"SliderOptions","min":"0","max":"0","minSelected":"0","maxSelected":"0","minPriceStep":"0","minSelectedFormatted":null,"currency":"","histogram":[],"selectedRange":null,"title":""},"sliderOptionsPerStay":{"__typename":"SliderOptions","min":"0","max":"0","minSelected":"0","maxSelected":"0","minPriceStep":"0","minSelectedFormatted":null,"currency":"","histogram":[],"selectedRange":null,"title":""}},{"__typename":"Filter","trackOnView":[],"trackOnClick":[],"name":"similar_facility_id","field":"popular_activities","category":"popular_activities","filterStyle":"CHECKBOX","title":{"__typename":"TextWithTranslationTag","text":"","translationTag":{"__typename":"TranslationTag","translation":"Fun Things To Do"}},"subtitle":"","options":[{"__typename":"Option","trackOnView":[],"trackOnClick":[],"trackOnSelect":[],"trackOnDeSelect":[],"trackOnViewPopular":[],"trackOnClickPopular":[],"trackOnSelectPopular":[],"trackOnDeSelectPopular":[],"id":12,"count":45,"selected":false,"urlId":"popular_activities=12","additionalLabel":{"__typename":"TextWithTranslationTag","text":"","translationTag":{"__typename":"TranslationTag","translation":null}},"value":{"__typename":"TextWithTranslationTag","text":"Golf course (within 2 miles)","translationTag":{"__typename":"TranslationTag","translation":null}},"starRating":{"__typename":"StarRating","value":0,"symbol":"STARS","caption":{"__typename":"TranslationTag","translation":null},"showAdditionalInfoIcon":false}},{"__typename":"Option","trackOnView":[],"trackOnClick":[],"trackOnSelect":[],"trackOnDeSelect":[],"trackOnViewPopular":[],"trackOnClickPopular":[],"trackOnSelectPopular":[],"trackOnDeSelectPopular":[],"id":70,"count":45,"selected":false,"urlId":"popular_activities=70","additionalLabel":{"__typename":"TextWithTranslationTag","text":"","translationTag":{"__typename":"TranslationTag","translation":null}},"value":{"__typename":"TextWithTranslationTag","text":"Hiking","translationTag":{"__typename":"TranslationTag","translation":null}},"starRating":{"__typename":"StarRating","value":0,"symbol":"STARS","caption":{"__typename":"TranslationTag","translation":null},"showAdditionalInfoIcon":false}},{"__typename":"Option","trackOnView":[],"trackOnClick":[],"trackOnSelect":[],"trackOnDeSelect":[],"trackOnViewPopular":[],"trackOnClickPopular":[],"trackOnSelectPopular":[],"trackOnDeSelectPopular":[],"id":86,"count":40,"selected":false,"urlId":"popular_activities=86","additionalLabel":{"__typename":"TextWithTranslationTag","text":"","translationTag":{"__typename":"TranslationTag","translation":null}},"value":{"__typename":"TextWithTranslationTag","text":"Horseback riding","translationTag":{"__typename":"TranslationTag","translation":null}},"starRating":{"__typename":"StarRating","value":0,"symbol":"STARS","caption":{"__typename":"TranslationTag","translation":null},"showAdditionalInfoIcon":false}},{"__typename":"Option","trackOnView":[],"trackOnClick":[],"trackOnSelect":[],"trackOnDeSelect":[],"trackOnViewPopular":[],"trackOnClickPopular":[],"trackOnSelectPopular":[],"trackOnDeSelectPopular":[],"id":55,"count":25,"selected":false,"urlId":"popular_activities=55","additionalLabel":{"__typename":"TextWithTranslationTag","text":"","translationTag":{"__typename":"TranslationTag","translation":null}},"value":{"__typename":"TextWithTranslationTag","text":"Massage","translationTag":{"__typename":"TranslationTag","translation":null}},"starRating":{"__typename":"StarRating","value":0,"symbol":"STARS","caption":{"__typename":"TranslationTag","translation":null},"showAdditionalInfoIcon":false}},{"__typename":"Option","trackOnView":[],"trackOnClick":[],"trackOnSelect":[],"trackOnDeSelect":[],"trackOnViewPopular":[],"trackOnClickPopular":[],"trackOnSelectPopular":[],"trackOnDeSelectPopular":[],"id":56,"count":24,"selected":false,"urlId":"popular_activities=56","additionalLabel":{"__typename":"TextWithTranslationTag","text":"","translationTag":{"__typename":"TranslationTag","translation":null}},"value":{"__typename":"TextWithTranslationTag","text":"Playground","translationTag":{"__typename":"TranslationTag","translation":null}},"starRating":{"__typename":"StarRating","value":0,"symbol":"STARS","caption":{"__typename":"TranslationTag","translation":null},"showAdditionalInfoIcon":false}}],"filterLayout":{"__typename":"FilterLayout","isCollapsable":false,"collapsedCount":5},"stepperOptions":[],"sliderOptions":{"__typename":"SliderOptions","min":"0","max":"0","minSelected":"0","maxSelected":"0","minPriceStep":"0","minSelectedFormatted":null,"currency":"","histogram":[],"selectedRange":null,"title":""},"sliderOptionsPerStay":{"__typename":"SliderOptions","min":"0","max":"0","minSelected":"0","maxSelected":"0","minPriceStep":"0","minSelectedFormatted":null,"currency":"","histogram":[],"selectedRange":null,"title":""}},{"__typename":"Filter","trackOnView":[],"trackOnClick":[],"name":"privacy_type_no_date","field":"privacy_type_no_date","category":"privacy_type_no_date","filterStyle":"CHECKBOX","title":{"__typename":"TextWithTranslationTag","text":"","translationTag":{"__typename":"TranslationTag","translation":"Entire places"}},"subtitle":"","options":[{"__typename":"Option","trackOnView":[{"__typename":"ExperimentTracking","type":0,"experimentHash":"NAFLeOeJcCcCcCFdRaaKdGJQDZOKZEHe","value":4}],"trackOnClick":[],"trackOnSelect":[{"__typename":"ExperimentTracking","type":1,"experimentHash":"NAFLeOeJcCcCcCFdRaaKdGJQDZOKZEHe","value":2}],"trackOnDeSelect":[],"trackOnViewPopular":[],"trackOnClickPopular":[],"trackOnSelectPopular":[],"trackOnDeSelectPopular":[],"id":4,"count":657,"selected":false,"urlId":"privacy_type_no_date=4","additionalLabel":{"__typename":"TextWithTranslationTag","text":"","translationTag":{"__typename":"TranslationTag","translation":null}},"value":{"__typename":"TextWithTranslationTag","text":"","translationTag":{"__typename":"TranslationTag","translation":"Entire homes \u0026 apartments"}},"starRating":{"__typename":"StarRating","value":0,"symbol":"STARS","caption":{"__typename":"TranslationTag","translation":null},"showAdditionalInfoIcon":false}}],"filterLayout":{"__typename":"FilterLayout","isCollapsable":false,"collapsedCount":5},"stepperOptions":[],"sliderOptions":{"__typename":"SliderOptions","min":"0","max":"0","minSelected":"0","maxSelected":"0","minPriceStep":"0","minSelectedFormatted":null,"currency":"","histogram":[],"selectedRange":null,"title":""},"sliderOptionsPerStay":{"__typename":"SliderOptions","min":"0","max":"0","minSelected":"0","maxSelected":"0","minPriceStep":"0","minSelectedFormatted":null,"currency":"","histogram":[],"selectedRange":null,"title":""}},{"__typename":"Filter","trackOnView":[{"__typename":"ExperimentTracking","type":0,"experimentHash":"ODRdHUYDZHFBXVWUWCHOYO","value":1},{"__typename":"ExperimentTracking","type":0,"experimentHash":"NAFLeOeJdLeLTfJeVfWRYKadCLRSQcfOCGVTKe","value":7}],"trackOnClick":[],"name":"similar_accommodationtype_id","field":"ht_id","category":"hoteltype","filterStyle":"CHECKBOX","title":{"__typename":"TextWithTranslationTag","text":"","translationTag":{"__typename":"TranslationTag","translation":"Property Type"}},"subtitle":"","options":[{"__typename":"Option","trackOnView":[],"trackOnClick":[],"trackOnSelect":[],"trackOnDeSelect":[],"trackOnViewPopular":[],"trackOnClickPopular":[],"trackOnSelectPopular":[],"trackOnDeSelectPopular":[],"id":201,"count":380,"selected":false,"urlId":"ht_id=201","additionalLabel":{"__typename":"TextWithTranslationTag","text":"","translationTag":{"__typename":"TranslationTag","translation":null}},"value":{"__typename":"TextWithTranslationTag","text":"Apartments","translationTag":{"__typename":"TranslationTag","translation":null}},"starRating":{"__typename":"StarRating","value":0,"symbol":"STARS","caption":{"__typename":"TranslationTag","translation":null},"showAdditionalInfoIcon":false}},{"__typename":"Option","trackOnView":[{"__typename":"ExperimentTracking","type":1,"experimentHash":"ODRdHUYDZHFBXVWUWCHOYO","value":3}],"trackOnClick":[],"trackOnSelect":[{"__typename":"ExperimentTracking","type":1,"experimentHash":"ODRdHUYDZHFBXVWUWCHOYO","value":1}],"trackOnDeSelect":[{"__typename":"ExperimentTracking","type":1,"experimentHash":"ODRdHUYDZHFBXVWUWCHOYO","value":2}],"trackOnViewPopular":[],"trackOnClickPopular":[],"trackOnSelectPopular":[],"trackOnDeSelectPopular":[],"id":204,"count":157,"selected":false,"urlId":"ht_id=204","additionalLabel":{"__typename":"TextWithTranslationTag","text":"","translationTag":{"__typename":"TranslationTag","translation":null}},"value":{"__typename":"TextWithTranslationTag","text":"Hotels","translationTag":{"__typename":"TranslationTag","translation":null}},"starRating":{"__typename":"StarRating","value":0,"symbol":"STARS","caption":{"__typename":"TranslationTag","translation":null},"showAdditionalInfoIcon":false}},{"__typename":"Option","trackOnView":[],"trackOnClick":[],"trackOnSelect":[],"trackOnDeSelect":[],"trackOnViewPopular":[],"trackOnClickPopular":[],"trackOnSelectPopular":[],"trackOnDeSelectPopular":[],"id":220,"count":53,"selected":false,"urlId":"ht_id=220","additionalLabel":{"__typename":"TextWithTranslationTag","text":"","translationTag":{"__typename":"TranslationTag","translation":null}},"value":{"__typename":"TextWithTranslationTag","text":"Vacation Homes","translationTag":{"__typename":"TranslationTag","translation":null}},"starRating":{"__typename":"StarRating","value":0,"symbol":"STARS","caption":{"__typename":"TranslationTag","translation":null},"showAdditionalInfoIcon":false}},{"__typename":"Option","trackOnView":[],"trackOnClick":[],"trackOnSelect":[],"trackOnDeSelect":[],"trackOnViewPopular":[],"trackOnClickPopular":[],"trackOnSelectPopular":[],"trackOnDeSelectPopular":[],"id":222,"count":21,"selected":false,"urlId":"ht_id=222","additionalLabel":{"__typename":"TextWithTranslationTag","text":"","translationTag":{"__typename":"TranslationTag","translation":null}},"value":{"__typename":"TextWithTranslationTag","text":"Homestays","translationTag":{"__typename":"TranslationTag","translation":null}},"starRating":{"__typename":"StarRating","value":0,"symbol":"STARS","caption":{"__typename":"TranslationTag","translation":null},"showAdditionalInfoIcon":false}},{"__typename":"Option","trackOnView":[],"trackOnClick":[],"trackOnSelect":[],"trackOnDeSelect":[],"trackOnViewPopular":[],"trackOnClickPopular":[],"trackOnSelectPopular":[],"trackOnDeSelectPopular":[],"id":216,"count":20,"selected":false,"urlId":"ht_id=216","additionalLabel":{"__typename":"TextWithTranslationTag","text":"","translationTag":{"__typename":"TranslationTag","translation":null}},"value":{"__typename":"TextWithTranslationTag","text":"Guesthouses","translationTag":{"__typename":"TranslationTag","translation":null}},"starRating":{"__typename":"StarRating","value":0,"symbol":"STARS","caption":{"__typename":"TranslationTag","translation":null},"showAdditionalInfoIcon":false}},{"__typename":"Option","trackOnView":[],"trackOnClick":[],"trackOnSelect":[],"trackOnDeSelect":[],"trackOnViewPopular":[],"trackOnClickPopular":[],"trackOnSelectPopular":[],"trackOnDeSelectPopular":[],"id":208,"count":10,"selected":false,"urlId":"ht_id=208","additionalLabel":{"__typename":"TextWithTranslationTag","text":"","translationTag":{"__typename":"TranslationTag","translation":null}},"value":{"__typename":"TextWithTranslationTag","text":"Bed and Breakfasts","translationTag":{"__typename":"TranslationTag","translation":null}},"starRating":{"__typename":"StarRating","value":0,"symbol":"STARS","caption":{"__typename":"TranslationTag","translation":null},"showAdditionalInfoIcon":false}},{"__typename":"Option","trackOnView":[],"trackOnClick":[],"trackOnSelect":[],"trackOnDeSelect":[],"trackOnViewPopular":[],"trackOnClickPopular":[],"trackOnSelectPopular":[],"trackOnDeSelectPopular":[],"id":203,"count":7,"selected":false,"urlId":"ht_id=203","additionalLabel":{"__typename":"TextWithTranslationTag","text":"","translationTag":{"__typename":"TranslationTag","translation":null}},"value":{"__typename":"TextWithTranslationTag","text":"Hostels","translationTag":{"__typename":"TranslationTag","translation":null}},"starRating":{"__typename":"StarRating","value":0,"symbol":"STARS","caption":{"__typename":"TranslationTag","translation":null},"showAdditionalInfoIcon":false}},{"__typename":"Option","trackOnView":[],"trackOnClick":[],"trackOnSelect":[],"trackOnDeSelect":[],"trackOnViewPopular":[],"trackOnClickPopular":[],"trackOnSelectPopular":[],"trackOnDeSelectPopular":[],"id":213,"count":4,"selected":false,"urlId":"ht_id=213","additionalLabel":{"__typename":"TextWithTranslationTag","text":"","translationTag":{"__typename":"TranslationTag","translation":null}},"value":{"__typename":"TextWithTranslationTag","text":"Villas","translationTag":{"__typename":"TranslationTag","translation":null}},"starRating":{"__typename":"StarRating","value":0,"symbol":"STARS","caption":{"__typename":"TranslationTag","translation":null},"showAdditionalInfoIcon":false}},{"__typename":"Option","trackOnView":[],"trackOnClick":[],"trackOnSelect":[],"trackOnDeSelect":[],"trackOnViewPopular":[],"trackOnClickPopular":[],"trackOnSelectPopular":[],"trackOnDeSelectPopular":[],"id":221,"count":2,"selected":false,"urlId":"ht_id=221","additionalLabel":{"__typename":"TextWithTranslationTag","text":"","translationTag":{"__typename":"TranslationTag","translation":null}},"value":{"__typename":"TextWithTranslationTag","text":"Lodges","translationTag":{"__typename":"TranslationTag","translation":null}},"starRating":{"__typename":"StarRating","value":0,"symbol":"STARS","caption":{"__typename":"TranslationTag","translation":null},"showAdditionalInfoIcon":false}},{"__typename":"Option","trackOnView":[],"trackOnClick":[],"trackOnSelect":[],"trackOnDeSelect":[],"trackOnViewPopular":[],"trackOnClickPopular":[],"trackOnSelectPopular":[],"trackOnDeSelectPopular":[],"id":205,"count":1,"selected":false,"urlId":"ht_id=205","additionalLabel":{"__typename":"TextWithTranslationTag","text":"","translationTag":{"__typename":"TranslationTag","translation":null}},"value":{"__typename":"TextWithTranslationTag","text":"Motels","translationTag":{"__typename":"TranslationTag","translation":null}},"starRating":{"__typename":"StarRating","value":0,"symbol":"STARS","caption":{"__typename":"TranslationTag","translation":null},"showAdditionalInfoIcon":false}},{"__typename":"Option","trackOnView":[],"trackOnClick":[],"trackOnSelect":[],"trackOnDeSelect":[],"trackOnViewPopular":[],"trackOnClickPopular":[],"trackOnSelectPopular":[],"trackOnDeSelectPopular":[],"id":210,"count":1,"selected":false,"urlId":"ht_id=210","additionalLabel":{"__typename":"TextWithTranslationTag","text":"","translationTag":{"__typename":"TranslationTag","translation":null}},"value":{"__typename":"TextWithTranslationTag","text":"Farm Stays","translationTag":{"__typename":"TranslationTag","translation":null}},"starRating":{"__typename":"StarRating","value":0,"symbol":"STARS","caption":{"__typename":"TranslationTag","translation":null},"showAdditionalInfoIcon":false}},{"__typename":"Option","trackOnView":[],"trackOnClick":[],"trackOnSelect":[],"trackOnDeSelect":[],"trackOnViewPopular":[],"trackOnClickPopular":[],"trackOnSelectPopular":[],"trackOnDeSelectPopular":[],"id":214,"count":1,"selected":false,"urlId":"ht_id=214","additionalLabel":{"__typename":"TextWithTranslationTag","text":"","translationTag":{"__typename":"TranslationTag","translation":null}},"value":{"__typename":"TextWithTranslationTag","text":"Campgrounds","translationTag":{"__typename":"TranslationTag","translation":null}},"starRating":{"__typename":"StarRating","value":0,"symbol":"STARS","caption":{"__typename":"TranslationTag","translation":null},"showAdditionalInfoIcon":false}},{"__typename":"Option","trackOnView":[],"trackOnClick":[],"trackOnSelect":[],"trackOnDeSelect":[],"trackOnViewPopular":[],"trackOnClickPopular":[],"trackOnSelectPopular":[],"trackOnDeSelectPopular":[],"id":223,"count":1,"selected":false,"urlId":"ht_id=223","additionalLabel":{"__typename":"TextWithTranslationTag","text":"","translationTag":{"__typename":"TranslationTag","translation":null}},"value":{"__typename":"TextWithTranslationTag","text":"Country Houses","translationTag":{"__typename":"TranslationTag","translation":null}},"starRating":{"__typename":"StarRating","value":0,"symbol":"STARS","caption":{"__typename":"TranslationTag","translation":null},"showAdditionalInfoIcon":false}}],"filterLayout":{"__typename":"FilterLayout","isCollapsable":true,"collapsedCount":5},"stepperOptions":[],"sliderOptions":{"__typename":"SliderOptions","min":"0","max":"0","minSelected":"0","maxSelected":"0","minPriceStep":"0","minSelectedFormatted":null,"currency":"","histogram":[],"selectedRange":null,"title":""},"sliderOptionsPerStay":{"__typename":"SliderOptions","min":"0","max":"0","minSelected":"0","maxSelected":"0","minPriceStep":"0","minSelectedFormatted":null,"currency":"","histogram":[],"selectedRange":null,"title":""}},{"__typename":"Filter","trackOnView":[],"trackOnClick":[],"name":"popular_nearby_landmarks","field":"popular_nearby_landmarks","category":"popular_nearby_landmarks","filterStyle":"CHECKBOX","title":{"__typename":"TextWithTranslationTag","text":"","translationTag":{"__typename":"TranslationTag","translation":"Landmarks"}},"subtitle":"","options":[{"__typename":"Option","trackOnView":[],"trackOnClick":[],"trackOnSelect":[],"trackOnDeSelect":[],"trackOnViewPopular":[],"trackOnClickPopular":[],"trackOnSelectPopular":[],"trackOnDeSelectPopular":[],"id":261059,"count":192,"selected":false,"urlId":"popular_nearby_landmarks=261059","additionalLabel":{"__typename":"TextWithTranslationTag","text":"","translationTag":{"__typename":"TranslationTag","translation":null}},"value":{"__typename":"TextWithTranslationTag","text":"Burnham Park","translationTag":{"__typename":"TranslationTag","translation":null}},"starRating":{"__typename":"StarRating","value":0,"symbol":"STARS","caption":{"__typename":"TranslationTag","translation":null},"showAdditionalInfoIcon":false}},{"__typename":"Option","trackOnView":[],"trackOnClick":[],"trackOnSelect":[],"trackOnDeSelect":[],"trackOnViewPopular":[],"trackOnClickPopular":[],"trackOnSelectPopular":[],"trackOnDeSelectPopular":[],"id":261060,"count":178,"selected":false,"urlId":"popular_nearby_landmarks=261060","additionalLabel":{"__typename":"TextWithTranslationTag","text":"","translationTag":{"__typename":"TranslationTag","translation":null}},"value":{"__typename":"TextWithTranslationTag","text":"Session Road","translationTag":{"__typename":"TranslationTag","translation":null}},"starRating":{"__typename":"StarRating","value":0,"symbol":"STARS","caption":{"__typename":"TranslationTag","translation":null},"showAdditionalInfoIcon":false}},{"__typename":"Option","trackOnView":[],"trackOnClick":[],"trackOnSelect":[],"trackOnDeSelect":[],"trackOnViewPopular":[],"trackOnClickPopular":[],"trackOnSelectPopular":[],"trackOnDeSelectPopular":[],"id":209151,"count":159,"selected":false,"urlId":"popular_nearby_landmarks=209151","additionalLabel":{"__typename":"TextWithTranslationTag","text":"","translationTag":{"__typename":"TranslationTag","translation":null}},"value":{"__typename":"TextWithTranslationTag","text":"Mines View Park","translationTag":{"__typename":"TranslationTag","translation":null}},"starRating":{"__typename":"StarRating","value":0,"symbol":"STARS","caption":{"__typename":"TranslationTag","translation":null},"showAdditionalInfoIcon":false}},{"__typename":"Option","trackOnView":[],"trackOnClick":[],"trackOnSelect":[],"trackOnDeSelect":[],"trackOnViewPopular":[],"trackOnClickPopular":[],"trackOnSelectPopular":[],"trackOnDeSelectPopular":[],"id":261062,"count":41,"selected":false,"urlId":"popular_nearby_landmarks=261062","additionalLabel":{"__typename":"TextWithTranslationTag","text":"","translationTag":{"__typename":"TranslationTag","translation":null}},"value":{"__typename":"TextWithTranslationTag","text":"Wright Park","translationTag":{"__typename":"TranslationTag","translation":null}},"starRating":{"__typename":"StarRating","value":0,"symbol":"STARS","caption":{"__typename":"TranslationTag","translation":null},"showAdditionalInfoIcon":false}},{"__typename":"Option","trackOnView":[],"trackOnClick":[],"trackOnSelect":[],"trackOnDeSelect":[],"trackOnViewPopular":[],"trackOnClickPopular":[],"trackOnSelectPopular":[],"trackOnDeSelectPopular":[],"id":261061,"count":19,"selected":false,"urlId":"popular_nearby_landmarks=261061","additionalLabel":{"__typename":"TextWithTranslationTag","text":"","translationTag":{"__typename":"TranslationTag","translation":null}},"value":{"__typename":"TextWithTranslationTag","text":"Camp John Hay","translationTag":{"__typename":"TranslationTag","translation":null}},"starRating":{"__typename":"StarRating","value":0,"symbol":"STARS","caption":{"__typename":"TranslationTag","translation":null},"showAdditionalInfoIcon":false}}],"filterLayout":{"__typename":"FilterLayout","isCollapsable":true,"collapsedCount":5},"stepperOptions":[],"sliderOptions":{"__typename":"SliderOptions","min":"0","max":"0","minSelected":"0","maxSelected":"0","minPriceStep":"0","minSelectedFormatted":null,"currency":"","histogram":[],"selectedRange":null,"title":""},"sliderOptionsPerStay":{"__typename":"SliderOptions","min":"0","max":"0","minSelected":"0","maxSelected":"0","minPriceStep":"0","minSelectedFormatted":null,"currency":"","histogram":[],"selectedRange":null,"title":""}},{"__typename":"Filter","trackOnView":[],"trackOnClick":[],"name":"bucket_review_score_total_1_review_inc_external","field":"review_score","category":"review","filterStyle":"CHECKBOX","title":{"__typename":"TextWithTranslationTag","text":"","translationTag":{"__typename":"TranslationTag","translation":"Review Score"}},"subtitle":"","options":[{"__typename":"Option","trackOnView":[],"trackOnClick":[],"trackOnSelect":[],"trackOnDeSelect":[],"trackOnViewPopular":[],"trackOnClickPopular":[],"trackOnSelectPopular":[],"trackOnDeSelectPopular":[],"id":90,"count":136,"selected":false,"urlId":"review_score=90","additionalLabel":{"__typename":"TextWithTranslationTag","text":"","translationTag":{"__typename":"TranslationTag","translation":null}},"value":{"__typename":"TextWithTranslationTag","text":"","translationTag":{"__typename":"TranslationTag","translation":"Wonderful: 9+"}},"starRating":{"__typename":"StarRating","value":0,"symbol":"STARS","caption":{"__typename":"TranslationTag","translation":null},"showAdditionalInfoIcon":false}},{"__typename":"Option","trackOnView":[],"trackOnClick":[],"trackOnSelect":[],"trackOnDeSelect":[],"trackOnViewPopular":[],"trackOnClickPopular":[],"trackOnSelectPopular":[],"trackOnDeSelectPopular":[],"id":80,"count":281,"selected":false,"urlId":"review_score=80","additionalLabel":{"__typename":"TextWithTranslationTag","text":"","translationTag":{"__typename":"TranslationTag","translation":null}},"value":{"__typename":"TextWithTranslationTag","text":"","translationTag":{"__typename":"TranslationTag","translation":"Very Good: 8+"}},"starRating":{"__typename":"StarRating","value":0,"symbol":"STARS","caption":{"__typename":"TranslationTag","translation":null},"showAdditionalInfoIcon":false}},{"__typename":"Option","trackOnView":[],"trackOnClick":[],"trackOnSelect":[],"trackOnDeSelect":[],"trackOnViewPopular":[],"trackOnClickPopular":[],"trackOnSelectPopular":[],"trackOnDeSelectPopular":[],"id":70,"count":357,"selected":false,"urlId":"review_score=70","additionalLabel":{"__typename":"TextWithTranslationTag","text":"","translationTag":{"__typename":"TranslationTag","translation":null}},"value":{"__typename":"TextWithTranslationTag","text":"","translationTag":{"__typename":"TranslationTag","translation":"Good: 7+"}},"starRating":{"__typename":"StarRating","value":0,"symbol":"STARS","caption":{"__typename":"TranslationTag","translation":null},"showAdditionalInfoIcon":false}},{"__typename":"Option","trackOnView":[],"trackOnClick":[],"trackOnSelect":[],"trackOnDeSelect":[],"trackOnViewPopular":[],"trackOnClickPopular":[],"trackOnSelectPopular":[],"trackOnDeSelectPopular":[],"id":60,"count":391,"selected":false,"urlId":"review_score=60","additionalLabel":{"__typename":"TextWithTranslationTag","text":"","translationTag":{"__typename":"TranslationTag","translation":null}},"value":{"__typename":"TextWithTranslationTag","text":"","translationTag":{"__typename":"TranslationTag","translation":"Pleasant: 6+"}},"starRating":{"__typename":"StarRating","value":0,"symbol":"STARS","caption":{"__typename":"TranslationTag","translation":null},"showAdditionalInfoIcon":false}}],"filterLayout":{"__typename":"FilterLayout","isCollapsable":false,"collapsedCount":5},"stepperOptions":[],"sliderOptions":{"__typename":"SliderOptions","min":"0","max":"0","minSelected":"0","maxSelected":"0","minPriceStep":"0","minSelectedFormatted":null,"currency":"","histogram":[],"selectedRange":null,"title":""},"sliderOptionsPerStay":{"__typename":"SliderOptions","min":"0","max":"0","minSelected":"0","maxSelected":"0","minPriceStep":"0","minSelectedFormatted":null,"currency":"","histogram":[],"selectedRange":null,"title":""}},{"__typename":"Filter","trackOnView":[{"__typename":"ExperimentTracking","type":0,"experimentHash":"ODREGHcWIADDbdEKfPBDORe","value":1},{"__typename":"ExperimentTracking","type":0,"experimentHash":"ODREGHcWIADDbdEKfPBDORe","value":2}],"trackOnClick":[],"name":"similar_facility_id","field":"hotelfacility","category":"facilities","filterStyle":"CHECKBOX","title":{"__typename":"TextWithTranslationTag","text":"Amenities","translationTag":{"__typename":"TranslationTag","translation":null}},"subtitle":"","options":[{"__typename":"Option","trackOnView":[],"trackOnClick":[],"trackOnSelect":[],"trackOnDeSelect":[],"trackOnViewPopular":[],"trackOnClickPopular":[],"trackOnSelectPopular":[],"trackOnDeSelectPopular":[],"id":2,"count":482,"selected":false,"urlId":"hotelfacility=2","additionalLabel":{"__typename":"TextWithTranslationTag","text":"","translationTag":{"__typename":"TranslationTag","translation":null}},"value":{"__typename":"TextWithTranslationTag","text":"Parking","translationTag":{"__typename":"TranslationTag","translation":null}},"starRating":{"__typename":"StarRating","value":0,"symbol":"STARS","caption":{"__typename":"TranslationTag","translation":null},"showAdditionalInfoIcon":false}},{"__typename":"Option","trackOnView":[],"trackOnClick":[],"trackOnSelect":[],"trackOnDeSelect":[],"trackOnViewPopular":[],"trackOnClickPopular":[],"trackOnSelectPopular":[],"trackOnDeSelectPopular":[],"id":107,"count":494,"selected":false,"urlId":"hotelfacility=107","additionalLabel":{"__typename":"TextWithTranslationTag","text":"","translationTag":{"__typename":"TranslationTag","translation":null}},"value":{"__typename":"TextWithTranslationTag","text":"Free WiFi","translationTag":{"__typename":"TranslationTag","translation":null}},"starRating":{"__typename":"StarRating","value":0,"symbol":"STARS","caption":{"__typename":"TranslationTag","translation":null},"showAdditionalInfoIcon":false}},{"__typename":"Option","trackOnView":[],"trackOnClick":[],"trackOnSelect":[],"trackOnDeSelect":[],"trackOnViewPopular":[],"trackOnClickPopular":[],"trackOnSelectPopular":[],"trackOnDeSelectPopular":[],"id":3,"count":74,"selected":false,"urlId":"hotelfacility=3","additionalLabel":{"__typename":"TextWithTranslationTag","text":"","translationTag":{"__typename":"TranslationTag","translation":null}},"value":{"__typename":"TextWithTranslationTag","text":"Restaurant","translationTag":{"__typename":"TranslationTag","translation":null}},"starRating":{"__typename":"StarRating","value":0,"symbol":"STARS","caption":{"__typename":"TranslationTag","translation":null},"showAdditionalInfoIcon":false}},{"__typename":"Option","trackOnView":[],"trackOnClick":[],"trackOnSelect":[],"trackOnDeSelect":[],"trackOnViewPopular":[],"trackOnClickPopular":[],"trackOnSelectPopular":[],"trackOnDeSelectPopular":[],"id":4,"count":179,"selected":false,"urlId":"hotelfacility=4","additionalLabel":{"__typename":"TextWithTranslationTag","text":"","translationTag":{"__typename":"TranslationTag","translation":null}},"value":{"__typename":"TextWithTranslationTag","text":"Pet friendly","translationTag":{"__typename":"TranslationTag","translation":null}},"starRating":{"__typename":"StarRating","value":0,"symbol":"STARS","caption":{"__typename":"TranslationTag","translation":null},"showAdditionalInfoIcon":false}},{"__typename":"Option","trackOnView":[],"trackOnClick":[],"trackOnSelect":[],"trackOnDeSelect":[],"trackOnViewPopular":[],"trackOnClickPopular":[],"trackOnSelectPopular":[],"trackOnDeSelectPopular":[],"id":5,"count":57,"selected":false,"urlId":"hotelfacility=5","additionalLabel":{"__typename":"TextWithTranslationTag","text":"","translationTag":{"__typename":"TranslationTag","translation":null}},"value":{"__typename":"TextWithTranslationTag","text":"Room service","translationTag":{"__typename":"TranslationTag","translation":null}},"starRating":{"__typename":"StarRating","value":0,"symbol":"STARS","caption":{"__typename":"TranslationTag","translation":null},"showAdditionalInfoIcon":false}},{"__typename":"Option","trackOnView":[],"trackOnClick":[],"trackOnSelect":[],"trackOnDeSelect":[],"trackOnViewPopular":[],"trackOnClickPopular":[],"trackOnSelectPopular":[],"trackOnDeSelectPopular":[],"id":8,"count":146,"selected":false,"urlId":"hotelfacility=8","additionalLabel":{"__typename":"TextWithTranslationTag","text":"","translationTag":{"__typename":"TranslationTag","translation":null}},"value":{"__typename":"TextWithTranslationTag","text":"24-hour front desk","translationTag":{"__typename":"TranslationTag","translation":null}},"starRating":{"__typename":"StarRating","value":0,"symbol":"STARS","caption":{"__typename":"TranslationTag","translation":null},"showAdditionalInfoIcon":false}},{"__typename":"Option","trackOnView":[],"trackOnClick":[],"trackOnSelect":[],"trackOnDeSelect":[],"trackOnViewPopular":[],"trackOnClickPopular":[],"trackOnSelectPopular":[],"trackOnDeSelectPopular":[],"id":11,"count":19,"selected":false,"urlId":"hotelfacility=11","additionalLabel":{"__typename":"TextWithTranslationTag","text":"","translationTag":{"__typename":"TranslationTag","translation":null}},"value":{"__typename":"TextWithTranslationTag","text":"Fitness center","translationTag":{"__typename":"TranslationTag","translation":null}},"starRating":{"__typename":"StarRating","value":0,"symbol":"STARS","caption":{"__typename":"TranslationTag","translation":null},"showAdditionalInfoIcon":false}},{"__typename":"Option","trackOnView":[],"trackOnClick":[],"trackOnSelect":[],"trackOnDeSelect":[],"trackOnViewPopular":[],"trackOnClickPopular":[],"trackOnSelectPopular":[],"trackOnDeSelectPopular":[],"id":16,"count":342,"selected":false,"urlId":"hotelfacility=16","additionalLabel":{"__typename":"TextWithTranslationTag","text":"","translationTag":{"__typename":"TranslationTag","translation":null}},"value":{"__typename":"TextWithTranslationTag","text":"Non-smoking rooms","translationTag":{"__typename":"TranslationTag","translation":null}},"starRating":{"__typename":"StarRating","value":0,"symbol":"STARS","caption":{"__typename":"TranslationTag","translation":null},"showAdditionalInfoIcon":false}},{"__typename":"Option","trackOnView":[],"trackOnClick":[],"trackOnSelect":[],"trackOnDeSelect":[],"trackOnViewPopular":[],"trackOnClickPopular":[],"trackOnSelectPopular":[],"trackOnDeSelectPopular":[],"id":17,"count":17,"selected":false,"urlId":"hotelfacility=17","additionalLabel":{"__typename":"TextWithTranslationTag","text":"","translationTag":{"__typename":"TranslationTag","translation":null}},"value":{"__typename":"TextWithTranslationTag","text":"Airport shuttle","translationTag":{"__typename":"TranslationTag","translation":null}},"starRating":{"__typename":"StarRating","value":0,"symbol":"STARS","caption":{"__typename":"TranslationTag","translation":null},"showAdditionalInfoIcon":false}},{"__typename":"Option","trackOnView":[],"trackOnClick":[],"trackOnSelect":[],"trackOnDeSelect":[],"trackOnViewPopular":[],"trackOnClickPopular":[],"trackOnSelectPopular":[],"trackOnDeSelectPopular":[],"id":25,"count":53,"selected":false,"urlId":"hotelfacility=25","additionalLabel":{"__typename":"TextWithTranslationTag","text":"","translationTag":{"__typename":"TranslationTag","translation":null}},"value":{"__typename":"TextWithTranslationTag","text":"Facilities for disabled guests","translationTag":{"__typename":"TranslationTag","translation":null}},"starRating":{"__typename":"StarRating","value":0,"symbol":"STARS","caption":{"__typename":"TranslationTag","translation":null},"showAdditionalInfoIcon":false}},{"__typename":"Option","trackOnView":[],"trackOnClick":[],"trackOnSelect":[],"trackOnDeSelect":[],"trackOnViewPopular":[],"trackOnClickPopular":[],"trackOnSelectPopular":[],"trackOnDeSelectPopular":[],"id":28,"count":293,"selected":false,"urlId":"hotelfacility=28","additionalLabel":{"__typename":"TextWithTranslationTag","text":"","translationTag":{"__typename":"TranslationTag","translation":null}},"value":{"__typename":"TextWithTranslationTag","text":"Family rooms","translationTag":{"__typename":"TranslationTag","translation":null}},"starRating":{"__typename":"StarRating","value":0,"symbol":"STARS","caption":{"__typename":"TranslationTag","translation":null},"showAdditionalInfoIcon":false}},{"__typename":"Option","trackOnView":[],"trackOnClick":[],"trackOnSelect":[],"trackOnDeSelect":[],"trackOnViewPopular":[],"trackOnClickPopular":[],"trackOnSelectPopular":[],"trackOnDeSelectPopular":[],"id":54,"count":12,"selected":false,"urlId":"hotelfacility=54","additionalLabel":{"__typename":"TextWithTranslationTag","text":"","translationTag":{"__typename":"TranslationTag","translation":null}},"value":{"__typename":"TextWithTranslationTag","text":"Spa","translationTag":{"__typename":"TranslationTag","translation":null}},"starRating":{"__typename":"StarRating","value":0,"symbol":"STARS","caption":{"__typename":"TranslationTag","translation":null},"showAdditionalInfoIcon":false}},{"__typename":"Option","trackOnView":[],"trackOnClick":[],"trackOnSelect":[],"trackOnDeSelect":[],"trackOnViewPopular":[],"trackOnClickPopular":[],"trackOnSelectPopular":[],"trackOnDeSelectPopular":[],"id":182,"count":7,"selected":false,"urlId":"hotelfacility=182","additionalLabel":{"__typename":"TextWithTranslationTag","text":"","translationTag":{"__typename":"TranslationTag","translation":null}},"value":{"__typename":"TextWithTranslationTag","text":"Electric vehicle charging station","translationTag":{"__typename":"TranslationTag","translation":null}},"starRating":{"__typename":"StarRating","value":0,"symbol":"STARS","caption":{"__typename":"TranslationTag","translation":null},"showAdditionalInfoIcon":false}},{"__typename":"Option","trackOnView":[],"trackOnClick":[],"trackOnSelect":[],"trackOnDeSelect":[],"trackOnViewPopular":[],"trackOnClickPopular":[],"trackOnSelectPopular":[],"trackOnDeSelectPopular":[],"id":433,"count":4,"selected":false,"urlId":"hotelfacility=433","additionalLabel":{"__typename":"TextWithTranslationTag","text":"","translationTag":{"__typename":"TranslationTag","translation":null}},"value":{"__typename":"TextWithTranslationTag","text":"Swimming pool","translationTag":{"__typename":"TranslationTag","translation":null}},"starRating":{"__typename":"StarRating","value":0,"symbol":"STARS","caption":{"__typename":"TranslationTag","translation":null},"showAdditionalInfoIcon":false}}],"filterLayout":{"__typename":"FilterLayout","isCollapsable":true,"collapsedCount":5},"stepperOptions":[],"sliderOptions":{"__typename":"SliderOptions","min":"0","max":"0","minSelected":"0","maxSelected":"0","minPriceStep":"0","minSelectedFormatted":null,"currency":"","histogram":[],"selectedRange":null,"title":""},"sliderOptionsPerStay":{"__typename":"SliderOptions","min":"0","max":"0","minSelected":"0","maxSelected":"0","minPriceStep":"0","minSelectedFormatted":null,"currency":"","histogram":[],"selectedRange":null,"title":""}},{"__typename":"Filter","trackOnView":[],"trackOnClick":[],"name":"roomfacility","field":"roomfacility","category":"roomfacilities","filterStyle":"CHECKBOX","title":{"__typename":"TextWithTranslationTag","text":"Room amenities","translationTag":{"__typename":"TranslationTag","translation":null}},"subtitle":"","options":[{"__typename":"Option","trackOnView":[],"trackOnClick":[],"trackOnSelect":[],"trackOnDeSelect":[],"trackOnViewPopular":[],"trackOnClickPopular":[],"trackOnSelectPopular":[],"trackOnDeSelectPopular":[],"id":999,"count":459,"selected":false,"urlId":"roomfacility=999","additionalLabel":{"__typename":"TextWithTranslationTag","text":"","translationTag":{"__typename":"TranslationTag","translation":null}},"value":{"__typename":"TextWithTranslationTag","text":"","translationTag":{"__typename":"TranslationTag","translation":"Kitchen/Kitchenette"}},"starRating":{"__typename":"StarRating","value":0,"symbol":"STARS","caption":{"__typename":"TranslationTag","translation":null},"showAdditionalInfoIcon":false}},{"__typename":"Option","trackOnView":[],"trackOnClick":[],"trackOnSelect":[],"trackOnDeSelect":[],"trackOnViewPopular":[],"trackOnClickPopular":[],"trackOnSelectPopular":[],"trackOnDeSelectPopular":[],"id":38,"count":373,"selected":false,"urlId":"roomfacility=38","additionalLabel":{"__typename":"TextWithTranslationTag","text":"","translationTag":{"__typename":"TranslationTag","translation":null}},"value":{"__typename":"TextWithTranslationTag","text":"","translationTag":{"__typename":"TranslationTag","translation":"Private bathroom"}},"starRating":{"__typename":"StarRating","value":0,"symbol":"STARS","caption":{"__typename":"TranslationTag","translation":null},"showAdditionalInfoIcon":false}},{"__typename":"Option","trackOnView":[],"trackOnClick":[],"trackOnSelect":[],"trackOnDeSelect":[],"trackOnViewPopular":[],"trackOnClickPopular":[],"trackOnSelectPopular":[],"trackOnDeSelectPopular":[],"id":23,"count":201,"selected":false,"urlId":"roomfacility=23","additionalLabel":{"__typename":"TextWithTranslationTag","text":"","translationTag":{"__typename":"TranslationTag","translation":null}},"value":{"__typename":"TextWithTranslationTag","text":"Desk","translationTag":{"__typename":"TranslationTag","translation":null}},"starRating":{"__typename":"StarRating","value":0,"symbol":"STARS","caption":{"__typename":"TranslationTag","translation":null},"showAdditionalInfoIcon":false}},{"__typename":"Option","trackOnView":[],"trackOnClick":[],"trackOnSelect":[],"trackOnDeSelect":[],"trackOnViewPopular":[],"trackOnClickPopular":[],"trackOnSelectPopular":[],"trackOnDeSelectPopular":[],"id":5,"count":88,"selected":false,"urlId":"roomfacility=5","additionalLabel":{"__typename":"TextWithTranslationTag","text":"","translationTag":{"__typename":"TranslationTag","translation":null}},"value":{"__typename":"TextWithTranslationTag","text":"Bathtub","translationTag":{"__typename":"TranslationTag","translation":null}},"starRating":{"__typename":"StarRating","value":0,"symbol":"STARS","caption":{"__typename":"TranslationTag","translation":null},"showAdditionalInfoIcon":false}},{"__typename":"Option","trackOnView":[],"trackOnClick":[],"trackOnSelect":[],"trackOnDeSelect":[],"trackOnViewPopular":[],"trackOnClickPopular":[],"trackOnSelectPopular":[],"trackOnDeSelectPopular":[],"id":123,"count":232,"selected":false,"urlId":"roomfacility=123","additionalLabel":{"__typename":"TextWithTranslationTag","text":"","translationTag":{"__typename":"TranslationTag","translation":null}},"value":{"__typename":"TextWithTranslationTag","text":"Terrace","translationTag":{"__typename":"TranslationTag","translation":null}},"starRating":{"__typename":"StarRating","value":0,"symbol":"STARS","caption":{"__typename":"TranslationTag","translation":null},"showAdditionalInfoIcon":false}},{"__typename":"Option","trackOnView":[],"trackOnClick":[],"trackOnSelect":[],"trackOnDeSelect":[],"trackOnViewPopular":[],"trackOnClickPopular":[],"trackOnSelectPopular":[],"trackOnDeSelectPopular":[],"id":17,"count":337,"selected":false,"urlId":"roomfacility=17","additionalLabel":{"__typename":"TextWithTranslationTag","text":"","translationTag":{"__typename":"TranslationTag","translation":null}},"value":{"__typename":"TextWithTranslationTag","text":"Balcony","translationTag":{"__typename":"TranslationTag","translation":null}},"starRating":{"__typename":"StarRating","value":0,"symbol":"STARS","caption":{"__typename":"TranslationTag","translation":null},"showAdditionalInfoIcon":false}},{"__typename":"Option","trackOnView":[],"trackOnClick":[],"trackOnSelect":[],"trackOnDeSelect":[],"trackOnViewPopular":[],"trackOnClickPopular":[],"trackOnSelectPopular":[],"trackOnDeSelectPopular":[],"id":75,"count":472,"selected":false,"urlId":"roomfacility=75","additionalLabel":{"__typename":"TextWithTranslationTag","text":"","translationTag":{"__typename":"TranslationTag","translation":null}},"value":{"__typename":"TextWithTranslationTag","text":"Flat-screen TV","translationTag":{"__typename":"TranslationTag","translation":null}},"starRating":{"__typename":"StarRating","value":0,"symbol":"STARS","caption":{"__typename":"TranslationTag","translation":null},"showAdditionalInfoIcon":false}},{"__typename":"Option","trackOnView":[],"trackOnClick":[],"trackOnSelect":[],"trackOnDeSelect":[],"trackOnViewPopular":[],"trackOnClickPopular":[],"trackOnSelectPopular":[],"trackOnDeSelectPopular":[],"id":81,"count":330,"selected":false,"urlId":"roomfacility=81","additionalLabel":{"__typename":"TextWithTranslationTag","text":"","translationTag":{"__typename":"TranslationTag","translation":null}},"value":{"__typename":"TextWithTranslationTag","text":"View","translationTag":{"__typename":"TranslationTag","translation":null}},"starRating":{"__typename":"StarRating","value":0,"symbol":"STARS","caption":{"__typename":"TranslationTag","translation":null},"showAdditionalInfoIcon":false}},{"__typename":"Option","trackOnView":[],"trackOnClick":[],"trackOnSelect":[],"trackOnDeSelect":[],"trackOnViewPopular":[],"trackOnClickPopular":[],"trackOnSelectPopular":[],"trackOnDeSelectPopular":[],"id":86,"count":341,"selected":false,"urlId":"roomfacility=86","additionalLabel":{"__typename":"TextWithTranslationTag","text":"","translationTag":{"__typename":"TranslationTag","translation":null}},"value":{"__typename":"TextWithTranslationTag","text":"Electric kettle","translationTag":{"__typename":"TranslationTag","translation":null}},"starRating":{"__typename":"StarRating","value":0,"symbol":"STARS","caption":{"__typename":"TranslationTag","translation":null},"showAdditionalInfoIcon":false}},{"__typename":"Option","trackOnView":[],"trackOnClick":[],"trackOnSelect":[],"trackOnDeSelect":[],"trackOnViewPopular":[],"trackOnClickPopular":[],"trackOnSelectPopular":[],"trackOnDeSelectPopular":[],"id":998,"count":362,"selected":false,"urlId":"roomfacility=998","additionalLabel":{"__typename":"TextWithTranslationTag","text":"","translationTag":{"__typename":"TranslationTag","translation":null}},"value":{"__typename":"TextWithTranslationTag","text":"","translationTag":{"__typename":"TranslationTag","translation":"Coffee/Tea maker"}},"starRating":{"__typename":"StarRating","value":0,"symbol":"STARS","caption":{"__typename":"TranslationTag","translation":null},"showAdditionalInfoIcon":false}}],"filterLayout":{"__typename":"FilterLayout","isCollapsable":true,"collapsedCount":5},"stepperOptions":[],"sliderOptions":{"__typename":"SliderOptions","min":"0","max":"0","minSelected":"0","maxSelected":"0","minPriceStep":"0","minSelectedFormatted":null,"currency":"","histogram":[],"selectedRange":null,"title":""},"sliderOptionsPerStay":{"__typename":"SliderOptions","min":"0","max":"0","minSelected":"0","maxSelected":"0","minPriceStep":"0","minSelectedFormatted":null,"currency":"","histogram":[],"selectedRange":null,"title":""}},{"__typename":"Filter","trackOnView":[],"trackOnClick":[],"name":"brand_id","field":"chaincode","category":"chains","filterStyle":"CHECKBOX","title":{"__typename":"TextWithTranslationTag","text":"Brands","translationTag":{"__typename":"TranslationTag","translation":null}},"subtitle":"","options":[{"__typename":"Option","trackOnView":[],"trackOnClick":[],"trackOnSelect":[],"trackOnDeSelect":[],"trackOnViewPopular":[],"trackOnClickPopular":[],"trackOnSelectPopular":[],"trackOnDeSelectPopular":[],"id":2111,"count":1,"selected":false,"urlId":"chaincode=2111","additionalLabel":{"__typename":"TextWithTranslationTag","text":"","translationTag":{"__typename":"TranslationTag","translation":null}},"value":{"__typename":"TextWithTranslationTag","text":"Microtel Inns \u0026 Suites","translationTag":{"__typename":"TranslationTag","translation":null}},"starRating":{"__typename":"StarRating","value":0,"symbol":"STARS","caption":{"__typename":"TranslationTag","translation":null},"showAdditionalInfoIcon":false}}],"filterLayout":{"__typename":"FilterLayout","isCollapsable":true,"collapsedCount":10},"stepperOptions":[],"sliderOptions":{"__typename":"SliderOptions","min":"0","max":"0","minSelected":"0","maxSelected":"0","minPriceStep":"0","minSelectedFormatted":null,"currency":"","histogram":[],"selectedRange":null,"title":""},"sliderOptionsPerStay":{"__typename":"SliderOptions","min":"0","max":"0","minSelected":"0","maxSelected":"0","minPriceStep":"0","minSelectedFormatted":null,"currency":"","histogram":[],"selectedRange":null,"title":""}},{"__typename":"Filter","trackOnView":[],"trackOnClick":[],"name":"similar_facility_id","field":"accessible_facilities","category":"accessible_facilities","filterStyle":"CHECKBOX","title":{"__typename":"TextWithTranslationTag","text":"","translationTag":{"__typename":"TranslationTag","translation":"Property Accessibility"}},"subtitle":"","options":[{"__typename":"Option","trackOnView":[],"trackOnClick":[],"trackOnSelect":[],"trackOnDeSelect":[],"trackOnViewPopular":[],"trackOnClickPopular":[],"trackOnSelectPopular":[],"trackOnDeSelectPopular":[],"id":185,"count":47,"selected":false,"urlId":"accessible_facilities=185","additionalLabel":{"__typename":"TextWithTranslationTag","text":"","translationTag":{"__typename":"TranslationTag","translation":null}},"value":{"__typename":"TextWithTranslationTag","text":"Wheelchair accessible","translationTag":{"__typename":"TranslationTag","translation":null}},"starRating":{"__typename":"StarRating","value":0,"symbol":"STARS","caption":{"__typename":"TranslationTag","translation":null},"showAdditionalInfoIcon":false}},{"__typename":"Option","trackOnView":[],"trackOnClick":[],"trackOnSelect":[],"trackOnDeSelect":[],"trackOnViewPopular":[],"trackOnClickPopular":[],"trackOnSelectPopular":[],"trackOnDeSelectPopular":[],"id":186,"count":11,"selected":false,"urlId":"accessible_facilities=186","additionalLabel":{"__typename":"TextWithTranslationTag","text":"","translationTag":{"__typename":"TranslationTag","translation":null}},"value":{"__typename":"TextWithTranslationTag","text":"Toilet with grab rails","translationTag":{"__typename":"TranslationTag","translation":null}},"starRating":{"__typename":"StarRating","value":0,"symbol":"STARS","caption":{"__typename":"TranslationTag","translation":null},"showAdditionalInfoIcon":false}},{"__typename":"Option","trackOnView":[],"trackOnClick":[],"trackOnSelect":[],"trackOnDeSelect":[],"trackOnViewPopular":[],"trackOnClickPopular":[],"trackOnSelectPopular":[],"trackOnDeSelectPopular":[],"id":187,"count":9,"selected":false,"urlId":"accessible_facilities=187","additionalLabel":{"__typename":"TextWithTranslationTag","text":"","translationTag":{"__typename":"TranslationTag","translation":null}},"value":{"__typename":"TextWithTranslationTag","text":"Raised toilet","translationTag":{"__typename":"TranslationTag","translation":null}},"starRating":{"__typename":"StarRating","value":0,"symbol":"STARS","caption":{"__typename":"TranslationTag","translation":null},"showAdditionalInfoIcon":false}},{"__typename":"Option","trackOnView":[],"trackOnClick":[],"trackOnSelect":[],"trackOnDeSelect":[],"trackOnViewPopular":[],"trackOnClickPopular":[],"trackOnSelectPopular":[],"trackOnDeSelectPopular":[],"id":188,"count":7,"selected":false,"urlId":"accessible_facilities=188","additionalLabel":{"__typename":"TextWithTranslationTag","text":"","translationTag":{"__typename":"TranslationTag","translation":null}},"value":{"__typename":"TextWithTranslationTag","text":"Lowered sink","translationTag":{"__typename":"TranslationTag","translation":null}},"starRating":{"__typename":"StarRating","value":0,"symbol":"STARS","caption":{"__typename":"TranslationTag","translation":null},"showAdditionalInfoIcon":false}},{"__typename":"Option","trackOnView":[],"trackOnClick":[],"trackOnSelect":[],"trackOnDeSelect":[],"trackOnViewPopular":[],"trackOnClickPopular":[],"trackOnSelectPopular":[],"trackOnDeSelectPopular":[],"id":189,"count":1,"selected":false,"urlId":"accessible_facilities=189","additionalLabel":{"__typename":"TextWithTranslationTag","text":"","translationTag":{"__typename":"TranslationTag","translation":null}},"value":{"__typename":"TextWithTranslationTag","text":"Bathroom emergency cord","translationTag":{"__typename":"TranslationTag","translation":null}},"starRating":{"__typename":"StarRating","value":0,"symbol":"STARS","caption":{"__typename":"TranslationTag","translation":null},"showAdditionalInfoIcon":false}},{"__typename":"Option","trackOnView":[],"trackOnClick":[],"trackOnSelect":[],"trackOnDeSelect":[],"trackOnViewPopular":[],"trackOnClickPopular":[],"trackOnSelectPopular":[],"trackOnDeSelectPopular":[],"id":213,"count":1,"selected":false,"urlId":"accessible_facilities=213","additionalLabel":{"__typename":"TextWithTranslationTag","text":"","translationTag":{"__typename":"TranslationTag","translation":null}},"value":{"__typename":"TextWithTranslationTag","text":"Auditory guidance","translationTag":{"__typename":"TranslationTag","translation":null}},"starRating":{"__typename":"StarRating","value":0,"symbol":"STARS","caption":{"__typename":"TranslationTag","translation":null},"showAdditionalInfoIcon":false}}],"filterLayout":{"__typename":"FilterLayout","isCollapsable":false,"collapsedCount":5},"stepperOptions":[],"sliderOptions":{"__typename":"SliderOptions","min":"0","max":"0","minSelected":"0","maxSelected":"0","minPriceStep":"0","minSelectedFormatted":null,"currency":"","histogram":[],"selectedRange":null,"title":""},"sliderOptionsPerStay":{"__typename":"SliderOptions","min":"0","max":"0","minSelected":"0","maxSelected":"0","minPriceStep":"0","minSelectedFormatted":null,"currency":"","histogram":[],"selectedRange":null,"title":""}},{"__typename":"Filter","trackOnView":[],"trackOnClick":[],"name":"accessible_room_facilities","field":"accessible_room_facilities","category":"accessible_room_facilities","filterStyle":"CHECKBOX","title":{"__typename":"TextWithTranslationTag","text":"","translationTag":{"__typename":"TranslationTag","translation":"Room Accessibility"}},"subtitle":"","options":[{"__typename":"Option","trackOnView":[],"trackOnClick":[],"trackOnSelect":[],"trackOnDeSelect":[],"trackOnViewPopular":[],"trackOnClickPopular":[],"trackOnSelectPopular":[],"trackOnDeSelectPopular":[],"id":131,"count":53,"selected":false,"urlId":"accessible_room_facilities=131","additionalLabel":{"__typename":"TextWithTranslationTag","text":"","translationTag":{"__typename":"TranslationTag","translation":null}},"value":{"__typename":"TextWithTranslationTag","text":"Entire unit located on ground floor","translationTag":{"__typename":"TranslationTag","translation":null}},"starRating":{"__typename":"StarRating","value":0,"symbol":"STARS","caption":{"__typename":"TranslationTag","translation":null},"showAdditionalInfoIcon":false}},{"__typename":"Option","trackOnView":[],"trackOnClick":[],"trackOnSelect":[],"trackOnDeSelect":[],"trackOnViewPopular":[],"trackOnClickPopular":[],"trackOnSelectPopular":[],"trackOnDeSelectPopular":[],"id":132,"count":144,"selected":false,"urlId":"accessible_room_facilities=132","additionalLabel":{"__typename":"TextWithTranslationTag","text":"","translationTag":{"__typename":"TranslationTag","translation":null}},"value":{"__typename":"TextWithTranslationTag","text":"Upper floors accessible by elevator","translationTag":{"__typename":"TranslationTag","translation":null}},"starRating":{"__typename":"StarRating","value":0,"symbol":"STARS","caption":{"__typename":"TranslationTag","translation":null},"showAdditionalInfoIcon":false}},{"__typename":"Option","trackOnView":[],"trackOnClick":[],"trackOnSelect":[],"trackOnDeSelect":[],"trackOnViewPopular":[],"trackOnClickPopular":[],"trackOnSelectPopular":[],"trackOnDeSelectPopular":[],"id":134,"count":126,"selected":false,"urlId":"accessible_room_facilities=134","additionalLabel":{"__typename":"TextWithTranslationTag","text":"","translationTag":{"__typename":"TranslationTag","translation":null}},"value":{"__typename":"TextWithTranslationTag","text":"Entire unit wheelchair accessible","translationTag":{"__typename":"TranslationTag","translation":null}},"starRating":{"__typename":"StarRating","value":0,"symbol":"STARS","caption":{"__typename":"TranslationTag","translation":null},"showAdditionalInfoIcon":false}},{"__typename":"Option","trackOnView":[],"trackOnClick":[],"trackOnSelect":[],"trackOnDeSelect":[],"trackOnViewPopular":[],"trackOnClickPopular":[],"trackOnSelectPopular":[],"trackOnDeSelectPopular":[],"id":147,"count":18,"selected":false,"urlId":"accessible_room_facilities=147","additionalLabel":{"__typename":"TextWithTranslationTag","text":"","translationTag":{"__typename":"TranslationTag","translation":null}},"value":{"__typename":"TextWithTranslationTag","text":"Toilet with grab rails","translationTag":{"__typename":"TranslationTag","translation":null}},"starRating":{"__typename":"StarRating","value":0,"symbol":"STARS","caption":{"__typename":"TranslationTag","translation":null},"showAdditionalInfoIcon":false}},{"__typename":"Option","trackOnView":[],"trackOnClick":[],"trackOnSelect":[],"trackOnDeSelect":[],"trackOnViewPopular":[],"trackOnClickPopular":[],"trackOnSelectPopular":[],"trackOnDeSelectPopular":[],"id":148,"count":6,"selected":false,"urlId":"accessible_room_facilities=148","additionalLabel":{"__typename":"TextWithTranslationTag","text":"","translationTag":{"__typename":"TranslationTag","translation":null}},"value":{"__typename":"TextWithTranslationTag","text":"Adapted bath","translationTag":{"__typename":"TranslationTag","translation":null}},"starRating":{"__typename":"StarRating","value":0,"symbol":"STARS","caption":{"__typename":"TranslationTag","translation":null},"showAdditionalInfoIcon":false}},{"__typename":"Option","trackOnView":[],"trackOnClick":[],"trackOnSelect":[],"trackOnDeSelect":[],"trackOnViewPopular":[],"trackOnClickPopular":[],"trackOnSelectPopular":[],"trackOnDeSelectPopular":[],"id":149,"count":7,"selected":false,"urlId":"accessible_room_facilities=149","additionalLabel":{"__typename":"TextWithTranslationTag","text":"","translationTag":{"__typename":"TranslationTag","translation":null}},"value":{"__typename":"TextWithTranslationTag","text":"Roll-in shower","translationTag":{"__typename":"TranslationTag","translation":null}},"starRating":{"__typename":"StarRating","value":0,"symbol":"STARS","caption":{"__typename":"TranslationTag","translation":null},"showAdditionalInfoIcon":false}},{"__typename":"Option","trackOnView":[],"trackOnClick":[],"trackOnSelect":[],"trackOnDeSelect":[],"trackOnViewPopular":[],"trackOnClickPopular":[],"trackOnSelectPopular":[],"trackOnDeSelectPopular":[],"id":150,"count":65,"selected":false,"urlId":"accessible_room_facilities=150","additionalLabel":{"__typename":"TextWithTranslationTag","text":"","translationTag":{"__typename":"TranslationTag","translation":null}},"value":{"__typename":"TextWithTranslationTag","text":"Walk-in shower","translationTag":{"__typename":"TranslationTag","translation":null}},"starRating":{"__typename":"StarRating","value":0,"symbol":"STARS","caption":{"__typename":"TranslationTag","translation":null},"showAdditionalInfoIcon":false}},{"__typename":"Option","trackOnView":[],"trackOnClick":[],"trackOnSelect":[],"trackOnDeSelect":[],"trackOnViewPopular":[],"trackOnClickPopular":[],"trackOnSelectPopular":[],"trackOnDeSelectPopular":[],"id":151,"count":31,"selected":false,"urlId":"accessible_room_facilities=151","additionalLabel":{"__typename":"TextWithTranslationTag","text":"","translationTag":{"__typename":"TranslationTag","translation":null}},"value":{"__typename":"TextWithTranslationTag","text":"Raised toilet","translationTag":{"__typename":"TranslationTag","translation":null}},"starRating":{"__typename":"StarRating","value":0,"symbol":"STARS","caption":{"__typename":"TranslationTag","translation":null},"showAdditionalInfoIcon":false}},{"__typename":"Option","trackOnView":[],"trackOnClick":[],"trackOnSelect":[],"trackOnDeSelect":[],"trackOnViewPopular":[],"trackOnClickPopular":[],"trackOnSelectPopular":[],"trackOnDeSelectPopular":[],"id":152,"count":26,"selected":false,"urlId":"accessible_room_facilities=152","additionalLabel":{"__typename":"TextWithTranslationTag","text":"","translationTag":{"__typename":"TranslationTag","translation":null}},"value":{"__typename":"TextWithTranslationTag","text":"Lower sink","translationTag":{"__typename":"TranslationTag","translation":null}},"starRating":{"__typename":"StarRating","value":0,"symbol":"STARS","caption":{"__typename":"TranslationTag","translation":null},"showAdditionalInfoIcon":false}},{"__typename":"Option","trackOnView":[],"trackOnClick":[],"trackOnSelect":[],"trackOnDeSelect":[],"trackOnViewPopular":[],"trackOnClickPopular":[],"trackOnSelectPopular":[],"trackOnDeSelectPopular":[],"id":153,"count":11,"selected":false,"urlId":"accessible_room_facilities=153","additionalLabel":{"__typename":"TextWithTranslationTag","text":"","translationTag":{"__typename":"TranslationTag","translation":null}},"value":{"__typename":"TextWithTranslationTag","text":"Emergency cord in bathroom","translationTag":{"__typename":"TranslationTag","translation":null}},"starRating":{"__typename":"StarRating","value":0,"symbol":"STARS","caption":{"__typename":"TranslationTag","translation":null},"showAdditionalInfoIcon":false}},{"__typename":"Option","trackOnView":[],"trackOnClick":[],"trackOnSelect":[],"trackOnDeSelect":[],"trackOnViewPopular":[],"trackOnClickPopular":[],"trackOnSelectPopular":[],"trackOnDeSelectPopular":[],"id":154,"count":4,"selected":false,"urlId":"accessible_room_facilities=154","additionalLabel":{"__typename":"TextWithTranslationTag","text":"","translationTag":{"__typename":"TranslationTag","translation":null}},"value":{"__typename":"TextWithTranslationTag","text":"Shower chair","translationTag":{"__typename":"TranslationTag","translation":null}},"starRating":{"__typename":"StarRating","value":0,"symbol":"STARS","caption":{"__typename":"TranslationTag","translation":null},"showAdditionalInfoIcon":false}}],"filterLayout":{"__typename":"FilterLayout","isCollapsable":false,"collapsedCount":5},"stepperOptions":[],"sliderOptions":{"__typename":"SliderOptions","min":"0","max":"0","minSelected":"0","maxSelected":"0","minPriceStep":"0","minSelectedFormatted":null,"currency":"","histogram":[],"selectedRange":null,"title":""},"sliderOptionsPerStay":{"__typename":"SliderOptions","min":"0","max":"0","minSelected":"0","maxSelected":"0","minPriceStep":"0","minSelectedFormatted":null,"currency":"","histogram":[],"selectedRange":null,"title":""}}],"appliedFilterOptions":[],"recommendedFilterOptions":[],"pagination":{"__typename":"SearchResultsPagination","nbResultsPerPage":25,"nbResultsTotal":571},"tripTypes":null,"results":[{"__typename":"SearchResultProperty","priceDisplayInfoIrene":null,"licenseDetails":null,"inferredLocationScore":0,"trackOnView":[],"topPhotos":[],"acceptsWalletCredit":false,"basicPropertyData":{"__typename":"BasicPropertyData","accommodationTypeId":218,"id":3912359,"isTestProperty":false,"location":{"__typename":"Location","address":"20 Otek Street, Benguet","city":"Baguio","countryCode":"ph"},"pageName":"metro-pines-inn","ufi":-2410361,"photos":{"__typename":"PropertyPhotos","main":{"__typename":"Photo","highResUrl":{"__typename":"PhotoResource","relativeUrl":"/xdata/images/hotel/square600/458350208.webp?k=27602d2c3d8d7ba84d99f1529c2bb3885ab3e4714ccbf9a0cf3ef3d839ae0fe1\u0026o="},"lowResUrl":{"__typename":"PhotoResource","relativeUrl":"/xdata/images/hotel/square200/458350208.webp?k=27602d2c3d8d7ba84d99f1529c2bb3885ab3e4714ccbf9a0cf3ef3d839ae0fe1\u0026o="},"highResJpegUrl":{"__typename":"PhotoResource","relativeUrl":"/xdata/images/hotel/square600/458350208.jpg?k=39260f9f2cfd28f10a99936ba49068ccd931f610e8424be53cc04a5067b1d404\u0026o="},"lowResJpegUrl":{"__typename":"PhotoResource","relativeUrl":"/xdata/images/hotel/square200/458350208.jpg?k=39260f9f2cfd28f10a99936ba49068ccd931f610e8424be53cc04a5067b1d404\u0026o="}}},"reviews":{"__typename":"Reviews","totalScore":7.5,"reviewsCount":903,"totalScoreTextTag":{"__typename":"TranslationTag","translation":"Good"},"showScore":true,"secondaryScore":0,"secondaryTextTag":{"__typename":"TranslationTag","translation":null},"showSecondaryScore":false},"externalReviews":null,"alternativeExternalReviews":null,"starRating":{"__typename":"StarRating","value":3,"symbol":"NONE","caption":{"__typename":"TranslationTag","translation":null},"tocLink":{"__typename":"TranslationTag","translation":null},"showAdditionalInfoIcon":false},"isClosed":false,"paymentConfig":{"__typename":"PaymentConfig","installments":null}},"badges":[],"customBadges":{"__typename":"CustomBadges","showIsWorkFriendly":false,"showParkAndFly":false,"showSkiToDoor":false,"showBhTravelCreditBadge":false,"showOnlineCheckinBadge":null},"description":{"__typename":"TextWithTranslationTag","text":"Located in Baguio, within a 4-minute walk of Burnham Park and 0.8 miles of SM City Baguio, Metro Pines Inn has accommodations with a terrace and free WiFi throughout the property as well as free..."},"displayName":{"__typename":"TextWithTranslationTag","text":"Metro Pines Inn","translationTag":{"__typename":"TranslationTag","translation":null}},"geniusInfo":null,"isInCompanyBudget":null,"location":{"__typename":"SearchResultsPropertyLocation","displayLocation":"Baguio","mainDistance":"0.4 miles from Session Road","publicTransportDistanceDescription":null,"skiLiftDistance":null,"beachDistance":null,"nearbyBeachNames":[],"beachWalkingTime":null,"geoDistanceMeters":null},"mealPlanIncluded":null,"persuasion":{"__typename":"SearchResultPersuasion","autoextended":false,"geniusRateAvailable":false,"highlighted":false,"preferred":true,"preferredPlus":false,"showNativeAdLabel":false,"nativeAdId":null,"nativeAdsCpc":null,"nativeAdsTracking":null,"bookedXTimesMessage":null,"sponsoredAdsData":null},"policies":{"__typename":"Policies","showFreeCancellation":false,"showNoPrepayment":false,"enableJapaneseUsersSpecialCase":null},"ribbon":null,"recommendedDate":{"__typename":"RecommendedDate","checkin":"","checkout":"","lengthOfStay":0},"showGeniusLoginMessage":false,"showPrivateHostMessage":false,"soldOutInfo":{"__typename":"SoldOutInfo","isSoldOut":false,"messages":[],"alternativeDatesMessages":[]},"nbWishlists":0,"visibilityBoosterEnabled":null,"showAdLabel":false,"isNewlyOpened":false,"propertySustainability":{"__typename":"SrPropertySustainability","isSustainable":false,"tier":{"__typename":"SrPropertySustainabilityTier","type":"NONE"},"facilities":[{"__ref":"SrPropertySustainabilityFacility:436"},{"__ref":"SrPropertySustainabilityFacility:445"},{"__ref":"SrPropertySustainabilityFacility:446"}],"certifications":null,"chainProgrammes":null,"levelId":"L0"},"seoThemes":[],"relocationMode":null,"bundleRatesAvailable":null,"recommendedDatesLabel":null,"matchingUnitConfigurations":null,"blocks":[],"bookerExperienceContentUIComponentProps":[]},{"__typename":"SearchResultProperty","priceDisplayInfoIrene":null,"licenseDetails":null,"inferredLocationScore":0,"trackOnView":[],"topPhotos":[],"acceptsWalletCredit":false,"basicPropertyData":{"__typename":"BasicPropertyData","accommodationTypeId":204,"id":3198047,"isTestProperty":false,"location":{"__typename":"Location","address":"2 Leonard Wood Road, Benguet","city":"Baguio","countryCode":"ph"},"pageName":"g1lodge","ufi":-2410361,"photos":{"__typename":"PropertyPhotos","main":{"__typename":"Photo","highResUrl":{"__typename":"PhotoResource","relativeUrl":"/xdata/images/hotel/square600/144260728.webp?k=7e84b07bef72ed6f950044d40ac9e8924fe3ddd95b60188e7b11f7952805d61d\u0026o="},"lowResUrl":{"__typename":"PhotoResource","relativeUrl":"/xdata/images/hotel/square200/144260728.webp?k=7e84b07bef72ed6f950044d40ac9e8924fe3ddd95b60188e7b11f7952805d61d\u0026o="},"highResJpegUrl":{"__typename":"PhotoResource","relativeUrl":"/xdata/images/hotel/square600/144260728.jpg?k=0b637d88f0c5c77cf238acf0f9bb7c91d6cc7157f581097cf778869ceebf1484\u0026o="},"lowResJpegUrl":{"__typename":"PhotoResource","relativeUrl":"/xdata/images/hotel/square200/144260728.jpg?k=0b637d88f0c5c77cf238acf0f9bb7c91d6cc7157f581097cf778869ceebf1484\u0026o="}}},"reviews":{"__typename":"Reviews","totalScore":8.3,"reviewsCount":529,"totalScoreTextTag":{"__typename":"TranslationTag","translation":"Very Good"},"showScore":true,"secondaryScore":9.5,"secondaryTextTag":{"__typename":"TranslationTag","translation":"Location"},"showSecondaryScore":true},"externalReviews":null,"alternativeExternalReviews":null,"starRating":{"__typename":"StarRating","value":3,"symbol":"NONE","caption":{"__typename":"TranslationTag","translation":null},"tocLink":{"__typename":"TranslationTag","translation":null},"showAdditionalInfoIcon":false},"isClosed":false,"paymentConfig":null},"badges":[],"customBadges":{"__typename":"CustomBadges","showIsWorkFriendly":false,"showParkAndFly":false,"showSkiToDoor":false,"showBhTravelCreditBadge":false,"showOnlineCheckinBadge":null},"description":{"__typename":"TextWithTranslationTag","text":"Featuring a garden, G1 Lodge is located in Baguio in the Luzon region, a 3-minute walk from SM City Baguio and 0.7 miles from Mines View Park. "},"displayName":{"__typename":"TextWithTranslationTag","text":"G1 Lodge","translationTag":{"__typename":"TranslationTag","translation":null}},"geniusInfo":null,"isInCompanyBudget":null,"location":{"__typename":"SearchResultsPropertyLocation","displayLocation":"Baguio","mainDistance":"0.2 miles from Session Road","publicTransportDistanceDescription":null,"skiLiftDistance":null,"beachDistance":null,"nearbyBeachNames":[],"beachWalkingTime":null,"geoDistanceMeters":null},"mealPlanIncluded":null,"persuasion":{"__typename":"SearchResultPersuasion","autoextended":false,"geniusRateAvailable":false,"highlighted":false,"preferred":true,"preferredPlus":false,"showNativeAdLabel":false,"nativeAdId":null,"nativeAdsCpc":null,"nativeAdsTracking":null,"bookedXTimesMessage":null,"sponsoredAdsData":null},"policies":{"__typename":"Policies","showFreeCancellation":false,"showNoPrepayment":false,"enableJapaneseUsersSpecialCase":null},"ribbon":null,"recommendedDate":{"__typename":"RecommendedDate","checkin":"","checkout":"","lengthOfStay":0},"showGeniusLoginMessage":false,"showPrivateHostMessage":false,"soldOutInfo":{"__typename":"SoldOutInfo","isSoldOut":false,"messages":[],"alternativeDatesMessages":[]},"nbWishlists":0,"visibilityBoosterEnabled":null,"showAdLabel":false,"isNewlyOpened":false,"propertySustainability":{"__typename":"SrPropertySustainability","isSustainable":false,"tier":{"__typename":"SrPropertySustainabilityTier","type":"NONE"},"facilities":null,"certifications":null,"chainProgrammes":null,"levelId":"L0"},"seoThemes":[],"relocationMode":null,"bundleRatesAvailable":null,"recommendedDatesLabel":null,"matchingUnitConfigurations":null,"blocks":[],"bookerExperienceContentUIComponentProps":[]},{"__typename":"SearchResultProperty","priceDisplayInfoIrene":null,"licenseDetails":null,"inferredLocationScore":0,"trackOnView":[],"topPhotos":[],"acceptsWalletCredit":false,"basicPropertyData":{"__typename":"BasicPropertyData","accommodationTypeId":204,"id":1705854,"isTestProperty":false,"location":{"__typename":"Location","address":"Abanao Street corner Shagem Street, Benguet","city":"Baguio","countryCode":"ph"},"pageName":"a-baguio","ufi":-2410361,"photos":{"__typename":"PropertyPhotos","main":{"__typename":"Photo","highResUrl":{"__typename":"PhotoResource","relativeUrl":"/xdata/images/hotel/square600/66408751.webp?k=e35ecd36da0ad81d27ca90239da006669d358d1374fbb7af8369a3362771aa6b\u0026o="},"lowResUrl":{"__typename":"PhotoResource","relativeUrl":"/xdata/images/hotel/square200/66408751.webp?k=e35ecd36da0ad81d27ca90239da006669d358d1374fbb7af8369a3362771aa6b\u0026o="},"highResJpegUrl":{"__typename":"PhotoResource","relativeUrl":"/xdata/images/hotel/square600/66408751.jpg?k=f3b37a1f3cc7267e0db49f62be96873a6e3c1395d74b793abc525712d76f466f\u0026o="},"lowResJpegUrl":{"__typename":"PhotoResource","relativeUrl":"/xdata/images/hotel/square200/66408751.jpg?k=f3b37a1f3cc7267e0db49f62be96873a6e3c1395d74b793abc525712d76f466f\u0026o="}}},"reviews":{"__typename":"Reviews","totalScore":7.7,"reviewsCount":298,"totalScoreTextTag":{"__typename":"TranslationTag","translation":"Good"},"showScore":true,"secondaryScore":0,"secondaryTextTag":{"__typename":"TranslationTag","translation":null},"showSecondaryScore":false},"externalReviews":null,"alternativeExternalReviews":null,"starRating":{"__typename":"StarRating","value":3,"symbol":"NONE","caption":{"__typename":"TranslationTag","translation":null},"tocLink":{"__typename":"TranslationTag","translation":null},"showAdditionalInfoIcon":false},"isClosed":false,"paymentConfig":null},"badges":[],"customBadges":{"__typename":"CustomBadges","showIsWorkFriendly":false,"showParkAndFly":false,"showSkiToDoor":false,"showBhTravelCreditBadge":false,"showOnlineCheckinBadge":null},"description":{"__typename":"TextWithTranslationTag","text":"Located in the Baguio, 8-minute walk to Burnham Park and 2625 feet from Mines View Park, featuring a restaurant on site, free parking, and a 24-hour front desk. "},"displayName":{"__typename":"TextWithTranslationTag","text":"A Hotel Baguio","translationTag":{"__typename":"TranslationTag","translation":null}},"geniusInfo":null,"isInCompanyBudget":null,"location":{"__typename":"SearchResultsPropertyLocation","displayLocation":"Baguio","mainDistance":"0.3 miles from Session Road","publicTransportDistanceDescription":null,"skiLiftDistance":null,"beachDistance":null,"nearbyBeachNames":[],"beachWalkingTime":null,"geoDistanceMeters":null},"mealPlanIncluded":null,"persuasion":{"__typename":"SearchResultPersuasion","autoextended":false,"geniusRateAvailable":false,"highlighted":false,"preferred":true,"preferredPlus":false,"showNativeAdLabel":false,"nativeAdId":null,"nativeAdsCpc":null,"nativeAdsTracking":null,"bookedXTimesMessage":null,"sponsoredAdsData":null},"policies":{"__typename":"Policies","showFreeCancellation":false,"showNoPrepayment":false,"enableJapaneseUsersSpecialCase":null},"ribbon":null,"recommendedDate":{"__typename":"RecommendedDate","checkin":"","checkout":"","lengthOfStay":0},"showGeniusLoginMessage":false,"showPrivateHostMessage":false,"soldOutInfo":{"__typename":"SoldOutInfo","isSoldOut":false,"messages":[],"alternativeDatesMessages":[]},"nbWishlists":0,"visibilityBoosterEnabled":null,"showAdLabel":false,"isNewlyOpened":false,"propertySustainability":{"__typename":"SrPropertySustainability","isSustainable":false,"tier":{"__typename":"SrPropertySustainabilityTier","type":"NONE"},"facilities":[{"__ref":"SrPropertySustainabilityFacility:436"},{"__ref":"SrPropertySustainabilityFacility:445"},{"__ref":"SrPropertySustainabilityFacility:502"}],"certifications":null,"chainProgrammes":null,"levelId":"L0"},"seoThemes":[],"relocationMode":null,"bundleRatesAvailable":null,"recommendedDatesLabel":null,"matchingUnitConfigurations":null,"blocks":[],"bookerExperienceContentUIComponentProps":[]},{"__typename":"SearchResultProperty","priceDisplayInfoIrene":null,"licenseDetails":null,"inferredLocationScore":0,"trackOnView":[],"topPhotos":[],"acceptsWalletCredit":false,"basicPropertyData":{"__typename":"BasicPropertyData","accommodationTypeId":201,"id":3702127,"isTestProperty":false,"location":{"__typename":"Location","address":"Mabini St. Corner General Luna Road, Benguet","city":"Baguio","countryCode":"ph"},"pageName":"cedar-peak-condominium-by-tripsters-hub","ufi":-2410361,"photos":{"__typename":"PropertyPhotos","main":{"__typename":"Photo","highResUrl":{"__typename":"PhotoResource","relativeUrl":"/xdata/images/hotel/square600/149647987.webp?k=d9b6a8a68e25087abdc97872df7c5560a79840fac50be3f9d45615244dc01a22\u0026o="},"lowResUrl":{"__typename":"PhotoResource","relativeUrl":"/xdata/images/hotel/square200/149647987.webp?k=d9b6a8a68e25087abdc97872df7c5560a79840fac50be3f9d45615244dc01a22\u0026o="},"highResJpegUrl":{"__typename":"PhotoResource","relativeUrl":"/xdata/images/hotel/square600/149647987.jpg?k=4629ea876742996f55c6f74d78422d44ff317203b7be74fb20a080f2ef2a6df1\u0026o="},"lowResJpegUrl":{"__typename":"PhotoResource","relativeUrl":"/xdata/images/hotel/square200/149647987.jpg?k=4629ea876742996f55c6f74d78422d44ff317203b7be74fb20a080f2ef2a6df1\u0026o="}}},"reviews":{"__typename":"Reviews","totalScore":7.7,"reviewsCount":269,"totalScoreTextTag":{"__typename":"TranslationTag","translation":"Good"},"showScore":true,"secondaryScore":0,"secondaryTextTag":{"__typename":"TranslationTag","translation":null},"showSecondaryScore":false},"externalReviews":{"__typename":"ExternalReviews","totalScore":10,"reviewsCount":186,"showScore":true,"totalScoreTextTag":{"__typename":"TranslationTag","translation":"Exceptional"}},"alternativeExternalReviews":null,"starRating":{"__typename":"StarRating","value":3,"symbol":"NONE","caption":{"__typename":"TranslationTag","translation":null},"tocLink":{"__typename":"TranslationTag","translation":null},"showAdditionalInfoIcon":false},"isClosed":false,"paymentConfig":{"__typename":"PaymentConfig","installments":null}},"badges":[],"customBadges":{"__typename":"CustomBadges","showIsWorkFriendly":false,"showParkAndFly":false,"showSkiToDoor":false,"showBhTravelCreditBadge":false,"showOnlineCheckinBadge":null},"description":{"__typename":"TextWithTranslationTag","text":"Located in Baguio, a 7-minute walk from Burnham Park and half a mile from SM City Baguio, Cedar Peak Condominium by Tripsters Hub provides a restaurant, city views and free Wifi. "},"displayName":{"__typename":"TextWithTranslationTag","text":"Cedar Peak Condominium by Tripsters Hub","translationTag":{"__typename":"TranslationTag","translation":null}},"geniusInfo":null,"isInCompanyBudget":null,"location":{"__typename":"SearchResultsPropertyLocation","displayLocation":"Baguio","mainDistance":"0.2 miles from Session Road","publicTransportDistanceDescription":null,"skiLiftDistance":null,"beachDistance":null,"nearbyBeachNames":[],"beachWalkingTime":null,"geoDistanceMeters":null},"mealPlanIncluded":null,"persuasion":{"__typename":"SearchResultPersuasion","autoextended":false,"geniusRateAvailable":false,"highlighted":false,"preferred":true,"preferredPlus":false,"showNativeAdLabel":false,"nativeAdId":null,"nativeAdsCpc":null,"nativeAdsTracking":null,"bookedXTimesMessage":null,"sponsoredAdsData":null},"policies":{"__typename":"Policies","showFreeCancellation":false,"showNoPrepayment":false,"enableJapaneseUsersSpecialCase":null},"ribbon":null,"recommendedDate":{"__typename":"RecommendedDate","checkin":"","checkout":"","lengthOfStay":0},"showGeniusLoginMessage":false,"showPrivateHostMessage":false,"soldOutInfo":{"__typename":"SoldOutInfo","isSoldOut":false,"messages":[],"alternativeDatesMessages":[]},"nbWishlists":0,"visibilityBoosterEnabled":null,"showAdLabel":false,"isNewlyOpened":false,"propertySustainability":{"__typename":"SrPropertySustainability","isSustainable":false,"tier":{"__typename":"SrPropertySustainabilityTier","type":"NONE"},"facilities":null,"certifications":null,"chainProgrammes":null,"levelId":"L0"},"seoThemes":[],"relocationMode":null,"bundleRatesAvailable":null,"recommendedDatesLabel":null,"matchingUnitConfigurations":null,"blocks":[],"bookerExperienceContentUIComponentProps":[]},{"__typename":"SearchResultProperty","priceDisplayInfoIrene":null,"licenseDetails":null,"inferredLocationScore":0,"trackOnView":[],"topPhotos":[],"acceptsWalletCredit":false,"basicPropertyData":{"__typename":"BasicPropertyData","accommodationTypeId":204,"id":253144,"isTestProperty":false,"location":{"__typename":"Location","address":"Upper Session Road, Benguet","city":"Baguio","countryCode":"ph"},"pageName":"microtel-baguio","ufi":-2410361,"photos":{"__typename":"PropertyPhotos","main":{"__typename":"Photo","highResUrl":{"__typename":"PhotoResource","relativeUrl":"/xdata/images/hotel/square600/435833372.webp?k=7fe8d3680aa88936ee82e78f80f1dd82fab17d11cc54f487e16f372e96300e14\u0026o="},"lowResUrl":{"__typename":"PhotoResource","relativeUrl":"/xdata/images/hotel/square200/435833372.webp?k=7fe8d3680aa88936ee82e78f80f1dd82fab17d11cc54f487e16f372e96300e14\u0026o="},"highResJpegUrl":{"__typename":"PhotoResource","relativeUrl":"/xdata/images/hotel/square600/435833372.jpg?k=f5427a01bac15ccd27be003de561e2535e28e0775a735e043ec6cb04a00b7963\u0026o="},"lowResJpegUrl":{"__typename":"PhotoResource","relativeUrl":"/xdata/images/hotel/square200/435833372.jpg?k=f5427a01bac15ccd27be003de561e2535e28e0775a735e043ec6cb04a00b7963\u0026o="}}},"reviews":{"__typename":"Reviews","totalScore":8,"reviewsCount":553,"totalScoreTextTag":{"__typename":"TranslationTag","translation":"Very Good"},"showScore":true,"secondaryScore":0,"secondaryTextTag":{"__typename":"TranslationTag","translation":null},"showSecondaryScore":false},"externalReviews":null,"alternativeExternalReviews":null,"starRating":{"__typename":"StarRating","value":3,"symbol":"NONE","caption":{"__typename":"TranslationTag","translation":null},"tocLink":{"__typename":"TranslationTag","translation":null},"showAdditionalInfoIcon":false},"isClosed":false,"paymentConfig":{"__typename":"PaymentConfig","installments":null}},"badges":[],"customBadges":{"__typename":"CustomBadges","showIsWorkFriendly":false,"showParkAndFly":false,"showSkiToDoor":false,"showBhTravelCreditBadge":false,"showOnlineCheckinBadge":null},"description":{"__typename":"TextWithTranslationTag","text":"Centrally located in Baguio City, 1.2 mi from Camp John Hay and 1.7 mi from Wright Park, Microtel by Wyndham Baguio features an on site restaurant and free WiFi throughout the property. "},"displayName":{"__typename":"TextWithTranslationTag","text":"Microtel by Wyndham Baguio","translationTag":{"__typename":"TranslationTag","translation":null}},"geniusInfo":null,"isInCompanyBudget":null,"location":{"__typename":"SearchResultsPropertyLocation","displayLocation":"Baguio","mainDistance":"0.5 miles from Session Road","publicTransportDistanceDescription":null,"skiLiftDistance":null,"beachDistance":null,"nearbyBeachNames":[],"beachWalkingTime":null,"geoDistanceMeters":null},"mealPlanIncluded":null,"persuasion":{"__typename":"SearchResultPersuasion","autoextended":false,"geniusRateAvailable":false,"highlighted":false,"preferred":true,"preferredPlus":false,"showNativeAdLabel":false,"nativeAdId":null,"nativeAdsCpc":null,"nativeAdsTracking":null,"bookedXTimesMessage":null,"sponsoredAdsData":null},"policies":{"__typename":"Policies","showFreeCancellation":false,"showNoPrepayment":false,"enableJapaneseUsersSpecialCase":null},"ribbon":null,"recommendedDate":{"__typename":"RecommendedDate","checkin":"","checkout":"","lengthOfStay":0},"showGeniusLoginMessage":false,"showPrivateHostMessage":false,"soldOutInfo":{"__typename":"SoldOutInfo","isSoldOut":false,"messages":[],"alternativeDatesMessages":[]},"nbWishlists":0,"visibilityBoosterEnabled":null,"showAdLabel":false,"isNewlyOpened":false,"propertySustainability":{"__typename":"SrPropertySustainability","isSustainable":true,"tier":{"__typename":"SrPropertySustainabilityTier","type":"SILVER"},"facilities":[{"__ref":"SrPropertySustainabilityFacility:436"},{"__ref":"SrPropertySustainabilityFacility:439"},{"__ref":"SrPropertySustainabilityFacility:440"},{"__ref":"SrPropertySustainabilityFacility:442"},{"__ref":"SrPropertySustainabilityFacility:443"},{"__ref":"SrPropertySustainabilityFacility:444"},{"__ref":"SrPropertySustainabilityFacility:445"},{"__ref":"SrPropertySustainabilityFacility:446"},{"__ref":"SrPropertySustainabilityFacility:448"},{"__ref":"SrPropertySustainabilityFacility:490"},{"__ref":"SrPropertySustainabilityFacility:491"},{"__ref":"SrPropertySustainabilityFacility:492"},{"__ref":"SrPropertySustainabilityFacility:493"},{"__ref":"SrPropertySustainabilityFacility:494"},{"__ref":"SrPropertySustainabilityFacility:496"},{"__ref":"SrPropertySustainabilityFacility:499"},{"__ref":"SrPropertySustainabilityFacility:502"},{"__ref":"SrPropertySustainabilityFacility:503"},{"__ref":"SrPropertySustainabilityFacility:506"}],"certifications":null,"chainProgrammes":null,"levelId":"L2"},"seoThemes":[],"relocationMode":null,"bundleRatesAvailable":null,"recommendedDatesLabel":null,"matchingUnitConfigurations":null,"blocks":[],"bookerExperienceContentUIComponentProps":[]},{"__typename":"SearchResultProperty","priceDisplayInfoIrene":null,"licenseDetails":null,"inferredLocationScore":0,"trackOnView":[],"topPhotos":[],"acceptsWalletCredit":false,"basicPropertyData":{"__typename":"BasicPropertyData","accommodationTypeId":204,"id":5309555,"isTestProperty":false,"location":{"__typename":"Location","address":"Legarda Road","city":"Baguio","countryCode":"ph"},"pageName":"456","ufi":-2410361,"photos":{"__typename":"PropertyPhotos","main":{"__typename":"Photo","highResUrl":{"__typename":"PhotoResource","relativeUrl":"/xdata/images/hotel/square600/244064110.webp?k=2a4f224f93a4d55265536f348fab606afacea9bfa3c048c526c8fc98d0a9a1a1\u0026o="},"lowResUrl":{"__typename":"PhotoResource","relativeUrl":"/xdata/images/hotel/square200/244064110.webp?k=2a4f224f93a4d55265536f348fab606afacea9bfa3c048c526c8fc98d0a9a1a1\u0026o="},"highResJpegUrl":{"__typename":"PhotoResource","relativeUrl":"/xdata/images/hotel/square600/244064110.jpg?k=a5ec2d55a2dc8bff4da5dac2a10be23df0896ee0dc1e73217d0df7b4f029bf5f\u0026o="},"lowResJpegUrl":{"__typename":"PhotoResource","relativeUrl":"/xdata/images/hotel/square200/244064110.jpg?k=a5ec2d55a2dc8bff4da5dac2a10be23df0896ee0dc1e73217d0df7b4f029bf5f\u0026o="}}},"reviews":{"__typename":"Reviews","totalScore":7.2,"reviewsCount":710,"totalScoreTextTag":{"__typename":"TranslationTag","translation":"Good"},"showScore":true,"secondaryScore":0,"secondaryTextTag":{"__typename":"TranslationTag","translation":null},"showSecondaryScore":false},"externalReviews":null,"alternativeExternalReviews":null,"starRating":{"__typename":"StarRating","value":3,"symbol":"NONE","caption":{"__typename":"TranslationTag","translation":null},"tocLink":{"__typename":"TranslationTag","translation":null},"showAdditionalInfoIcon":false},"isClosed":false,"paymentConfig":{"__typename":"PaymentConfig","installments":null}},"badges":[],"customBadges":{"__typename":"CustomBadges","showIsWorkFriendly":false,"showParkAndFly":false,"showSkiToDoor":false,"showBhTravelCreditBadge":false,"showOnlineCheckinBadge":null},"description":{"__typename":"TextWithTranslationTag","text":"Located in Baguio, a 9-minute walk from Burnham Park, 456 Hotel has accommodations with a garden, free private parking, a terrace and a bar. "},"displayName":{"__typename":"TextWithTranslationTag","text":"456 Hotel","translationTag":{"__typename":"TranslationTag","translation":null}},"geniusInfo":null,"isInCompanyBudget":null,"location":{"__typename":"SearchResultsPropertyLocation","displayLocation":"Baguio","mainDistance":"0.5 miles from Session Road","publicTransportDistanceDescription":null,"skiLiftDistance":null,"beachDistance":null,"nearbyBeachNames":[],"beachWalkingTime":null,"geoDistanceMeters":null},"mealPlanIncluded":null,"persuasion":{"__typename":"SearchResultPersuasion","autoextended":false,"geniusRateAvailable":false,"highlighted":false,"preferred":true,"preferredPlus":false,"showNativeAdLabel":false,"nativeAdId":null,"nativeAdsCpc":null,"nativeAdsTracking":null,"bookedXTimesMessage":null,"sponsoredAdsData":null},"policies":{"__typename":"Policies","showFreeCancellation":false,"showNoPrepayment":false,"enableJapaneseUsersSpecialCase":null},"ribbon":null,"recommendedDate":{"__typename":"RecommendedDate","checkin":"","checkout":"","lengthOfStay":0},"showGeniusLoginMessage":false,"showPrivateHostMessage":false,"soldOutInfo":{"__typename":"SoldOutInfo","isSoldOut":false,"messages":[],"alternativeDatesMessages":[]},"nbWishlists":0,"visibilityBoosterEnabled":null,"showAdLabel":false,"isNewlyOpened":false,"propertySustainability":{"__typename":"SrPropertySustainability","isSustainable":true,"tier":{"__typename":"SrPropertySustainabilityTier","type":"BRONZE"},"facilities":[{"__ref":"SrPropertySustainabilityFacility:182"},{"__ref":"SrPropertySustainabilityFacility:444"},{"__ref":"SrPropertySustainabilityFacility:445"},{"__ref":"SrPropertySustainabilityFacility:446"},{"__ref":"SrPropertySustainabilityFacility:492"},{"__ref":"SrPropertySustainabilityFacility:493"},{"__ref":"SrPropertySustainabilityFacility:494"},{"__ref":"SrPropertySustainabilityFacility:496"},{"__ref":"SrPropertySustainabilityFacility:500"},{"__ref":"SrPropertySustainabilityFacility:502"}],"certifications":null,"chainProgrammes":null,"levelId":"L1"},"seoThemes":[],"relocationMode":null,"bundleRatesAvailable":null,"recommendedDatesLabel":null,"matchingUnitConfigurations":null,"blocks":[],"bookerExperienceContentUIComponentProps":[]},{"__typename":"SearchResultProperty","priceDisplayInfoIrene":null,"licenseDetails":null,"inferredLocationScore":0,"trackOnView":[],"topPhotos":[],"acceptsWalletCredit":false,"basicPropertyData":{"__typename":"BasicPropertyData","accommodationTypeId":204,"id":1820336,"isTestProperty":false,"location":{"__typename":"Location","address":"19 Kisad Road, Benguet","city":"Baguio","countryCode":"ph"},"pageName":"venus-parkview","ufi":-2410361,"photos":{"__typename":"PropertyPhotos","main":{"__typename":"Photo","highResUrl":{"__typename":"PhotoResource","relativeUrl":"/xdata/images/hotel/square600/218909813.webp?k=1f56d858e4db2a8c7289712c64af9d421cd10c9f2bed06b2c11b4c1cd0773910\u0026o="},"lowResUrl":{"__typename":"PhotoResource","relativeUrl":"/xdata/images/hotel/square200/218909813.webp?k=1f56d858e4db2a8c7289712c64af9d421cd10c9f2bed06b2c11b4c1cd0773910\u0026o="},"highResJpegUrl":{"__typename":"PhotoResource","relativeUrl":"/xdata/images/hotel/square600/218909813.jpg?k=a973fd3c2313458d3377dc4f9f9567340aca2d26e3b4cf5190ab13dd93393aad\u0026o="},"lowResJpegUrl":{"__typename":"PhotoResource","relativeUrl":"/xdata/images/hotel/square200/218909813.jpg?k=a973fd3c2313458d3377dc4f9f9567340aca2d26e3b4cf5190ab13dd93393aad\u0026o="}}},"reviews":{"__typename":"Reviews","totalScore":8.2,"reviewsCount":170,"totalScoreTextTag":{"__typename":"TranslationTag","translation":"Very Good"},"showScore":true,"secondaryScore":0,"secondaryTextTag":{"__typename":"TranslationTag","translation":null},"showSecondaryScore":false},"externalReviews":null,"alternativeExternalReviews":null,"starRating":{"__typename":"StarRating","value":4,"symbol":"NONE","caption":{"__typename":"TranslationTag","translation":null},"tocLink":{"__typename":"TranslationTag","translation":null},"showAdditionalInfoIcon":false},"isClosed":false,"paymentConfig":{"__typename":"PaymentConfig","installments":null}},"badges":[],"customBadges":{"__typename":"CustomBadges","showIsWorkFriendly":false,"showParkAndFly":false,"showSkiToDoor":false,"showBhTravelCreditBadge":false,"showOnlineCheckinBadge":null},"description":{"__typename":"TextWithTranslationTag","text":"Featuring free WiFi throughout the property, Venus Parkview Hotel is located in Baguio, 656 feet from Burnham Park. An in-house restaurant is available, while free parking is provided on site. "},"displayName":{"__typename":"TextWithTranslationTag","text":"Venus Parkview Hotel","translationTag":{"__typename":"TranslationTag","translation":null}},"geniusInfo":null,"isInCompanyBudget":null,"location":{"__typename":"SearchResultsPropertyLocation","displayLocation":"Baguio","mainDistance":"0.4 miles from Session Road","publicTransportDistanceDescription":null,"skiLiftDistance":null,"beachDistance":null,"nearbyBeachNames":[],"beachWalkingTime":null,"geoDistanceMeters":null},"mealPlanIncluded":null,"persuasion":{"__typename":"SearchResultPersuasion","autoextended":false,"geniusRateAvailable":false,"highlighted":false,"preferred":true,"preferredPlus":false,"showNativeAdLabel":false,"nativeAdId":null,"nativeAdsCpc":null,"nativeAdsTracking":null,"bookedXTimesMessage":null,"sponsoredAdsData":null},"policies":{"__typename":"Policies","showFreeCancellation":false,"showNoPrepayment":false,"enableJapaneseUsersSpecialCase":null},"ribbon":null,"recommendedDate":{"__typename":"RecommendedDate","checkin":"","checkout":"","lengthOfStay":0},"showGeniusLoginMessage":false,"showPrivateHostMessage":false,"soldOutInfo":{"__typename":"SoldOutInfo","isSoldOut":false,"messages":[],"alternativeDatesMessages":[]},"nbWishlists":0,"visibilityBoosterEnabled":null,"showAdLabel":false,"isNewlyOpened":false,"propertySustainability":{"__typename":"SrPropertySustainability","isSustainable":true,"tier":{"__typename":"SrPropertySustainabilityTier","type":"BRONZE"},"facilities":[{"__ref":"SrPropertySustainabilityFacility:436"},{"__ref":"SrPropertySustainabilityFacility:439"},{"__ref":"SrPropertySustainabilityFacility:440"},{"__ref":"SrPropertySustainabilityFacility:444"},{"__ref":"SrPropertySustainabilityFacility:445"},{"__ref":"SrPropertySustainabilityFacility:446"},{"__ref":"SrPropertySustainabilityFacility:489"},{"__ref":"SrPropertySustainabilityFacility:490"},{"__ref":"SrPropertySustainabilityFacility:491"},{"__ref":"SrPropertySustainabilityFacility:496"},{"__ref":"SrPropertySustainabilityFacility:497"},{"__ref":"SrPropertySustainabilityFacility:499"},{"__ref":"SrPropertySustainabilityFacility:503"},{"__ref":"SrPropertySustainabilityFacility:505"},{"__ref":"SrPropertySustainabilityFacility:506"}],"certifications":null,"chainProgrammes":null,"levelId":"L1"},"seoThemes":[],"relocationMode":null,"bundleRatesAvailable":null,"recommendedDatesLabel":null,"matchingUnitConfigurations":null,"blocks":[],"bookerExperienceContentUIComponentProps":[]},{"__typename":"SearchResultProperty","priceDisplayInfoIrene":null,"licenseDetails":null,"inferredLocationScore":0,"trackOnView":[],"topPhotos":[],"acceptsWalletCredit":false,"basicPropertyData":{"__typename":"BasicPropertyData","accommodationTypeId":204,"id":324352,"isTestProperty":false,"location":{"__typename":"Location","address":"Corner Carino and Yandoc Street, Benguet","city":"Baguio","countryCode":"ph"},"pageName":"the-golden-pine","ufi":-2410361,"photos":{"__typename":"PropertyPhotos","main":{"__typename":"Photo","highResUrl":{"__typename":"PhotoResource","relativeUrl":"/xdata/images/hotel/square600/5075687.webp?k=a411a97bc9e1970b435ab7639c7f9a9b84075bc064a8b66d05ee96ec5f7ffaf1\u0026o="},"lowResUrl":{"__typename":"PhotoResource","relativeUrl":"/xdata/images/hotel/square200/5075687.webp?k=a411a97bc9e1970b435ab7639c7f9a9b84075bc064a8b66d05ee96ec5f7ffaf1\u0026o="},"highResJpegUrl":{"__typename":"PhotoResource","relativeUrl":"/xdata/images/hotel/square600/5075687.jpg?k=c6038582a41e4f7b37ca1c2cc21893d2cd66b7b0c72ae8f4764fb9aab31857c5\u0026o="},"lowResJpegUrl":{"__typename":"PhotoResource","relativeUrl":"/xdata/images/hotel/square200/5075687.jpg?k=c6038582a41e4f7b37ca1c2cc21893d2cd66b7b0c72ae8f4764fb9aab31857c5\u0026o="}}},"reviews":{"__typename":"Reviews","totalScore":7.7,"reviewsCount":76,"totalScoreTextTag":{"__typename":"TranslationTag","translation":"Good"},"showScore":true,"secondaryScore":0,"secondaryTextTag":{"__typename":"TranslationTag","translation":null},"showSecondaryScore":false},"externalReviews":null,"alternativeExternalReviews":null,"starRating":{"__typename":"StarRating","value":3,"symbol":"NONE","caption":{"__typename":"TranslationTag","translation":null},"tocLink":{"__typename":"TranslationTag","translation":null},"showAdditionalInfoIcon":false},"isClosed":false,"paymentConfig":{"__typename":"PaymentConfig","installments":null}},"badges":[],"customBadges":{"__typename":"CustomBadges","showIsWorkFriendly":false,"showParkAndFly":false,"showSkiToDoor":false,"showBhTravelCreditBadge":false,"showOnlineCheckinBadge":null},"description":{"__typename":"TextWithTranslationTag","text":"Offering rooms in the cool mountain city of Baguio, The Golden Pine Hotel is just a 5 minute walk from popular Burnham Park. It offers free Wi-Fi and free parking. "},"displayName":{"__typename":"TextWithTranslationTag","text":"The Golden Pine Hotel","translationTag":{"__typename":"TranslationTag","translation":null}},"geniusInfo":null,"isInCompanyBudget":null,"location":{"__typename":"SearchResultsPropertyLocation","displayLocation":"Baguio","mainDistance":"0.5 miles from Session Road","publicTransportDistanceDescription":null,"skiLiftDistance":null,"beachDistance":null,"nearbyBeachNames":[],"beachWalkingTime":null,"geoDistanceMeters":null},"mealPlanIncluded":null,"persuasion":{"__typename":"SearchResultPersuasion","autoextended":false,"geniusRateAvailable":false,"highlighted":false,"preferred":true,"preferredPlus":false,"showNativeAdLabel":false,"nativeAdId":null,"nativeAdsCpc":null,"nativeAdsTracking":null,"bookedXTimesMessage":null,"sponsoredAdsData":null},"policies":{"__typename":"Policies","showFreeCancellation":false,"showNoPrepayment":false,"enableJapaneseUsersSpecialCase":null},"ribbon":null,"recommendedDate":{"__typename":"RecommendedDate","checkin":"","checkout":"","lengthOfStay":0},"showGeniusLoginMessage":false,"showPrivateHostMessage":false,"soldOutInfo":{"__typename":"SoldOutInfo","isSoldOut":false,"messages":[],"alternativeDatesMessages":[]},"nbWishlists":0,"visibilityBoosterEnabled":null,"showAdLabel":false,"isNewlyOpened":false,"propertySustainability":{"__typename":"SrPropertySustainability","isSustainable":false,"tier":{"__typename":"SrPropertySustainabilityTier","type":"NONE"},"facilities":null,"certifications":null,"chainProgrammes":null,"levelId":"L0"},"seoThemes":[],"relocationMode":null,"bundleRatesAvailable":null,"recommendedDatesLabel":null,"matchingUnitConfigurations":null,"blocks":[],"bookerExperienceContentUIComponentProps":[]},{"__typename":"SearchResultProperty","priceDisplayInfoIrene":null,"licenseDetails":null,"inferredLocationScore":0,"trackOnView":[],"topPhotos":[],"acceptsWalletCredit":false,"basicPropertyData":{"__typename":"BasicPropertyData","accommodationTypeId":218,"id":2789430,"isTestProperty":false,"location":{"__typename":"Location","address":"84 Palma Street, Benguet","city":"Baguio","countryCode":"ph"},"pageName":"rl-veranda-suite","ufi":-2410361,"photos":{"__typename":"PropertyPhotos","main":{"__typename":"Photo","highResUrl":{"__typename":"PhotoResource","relativeUrl":"/xdata/images/hotel/square600/338016275.webp?k=6202fc03f38a9c8ba54c669fa32510376dff3af8a60958416cd91ee76abe87e6\u0026o="},"lowResUrl":{"__typename":"PhotoResource","relativeUrl":"/xdata/images/hotel/square200/338016275.webp?k=6202fc03f38a9c8ba54c669fa32510376dff3af8a60958416cd91ee76abe87e6\u0026o="},"highResJpegUrl":{"__typename":"PhotoResource","relativeUrl":"/xdata/images/hotel/square600/338016275.jpg?k=d86cff8b726026afeb3e9860912f2b49e156ab3060ad5767462ae553bdf0336a\u0026o="},"lowResJpegUrl":{"__typename":"PhotoResource","relativeUrl":"/xdata/images/hotel/square200/338016275.jpg?k=d86cff8b726026afeb3e9860912f2b49e156ab3060ad5767462ae553bdf0336a\u0026o="}}},"reviews":{"__typename":"Reviews","totalScore":8.7,"reviewsCount":277,"totalScoreTextTag":{"__typename":"TranslationTag","translation":"Excellent"},"showScore":true,"secondaryScore":0,"secondaryTextTag":{"__typename":"TranslationTag","translation":null},"showSecondaryScore":false},"externalReviews":null,"alternativeExternalReviews":null,"starRating":{"__typename":"StarRating","value":2,"symbol":"NONE","caption":{"__typename":"TranslationTag","translation":null},"tocLink":{"__typename":"TranslationTag","translation":null},"showAdditionalInfoIcon":false},"isClosed":false,"paymentConfig":{"__typename":"PaymentConfig","installments":null}},"badges":[],"customBadges":{"__typename":"CustomBadges","showIsWorkFriendly":false,"showParkAndFly":false,"showSkiToDoor":false,"showBhTravelCreditBadge":false,"showOnlineCheckinBadge":null},"description":{"__typename":"TextWithTranslationTag","text":"Located in Baguio, a 9-minute walk from Burnham Park, RL Veranda Suite has accommodations with a garden, free private parking, a shared lounge and a terrace. "},"displayName":{"__typename":"TextWithTranslationTag","text":"RL Veranda Suite","translationTag":{"__typename":"TranslationTag","translation":null}},"geniusInfo":null,"isInCompanyBudget":null,"location":{"__typename":"SearchResultsPropertyLocation","displayLocation":"Baguio","mainDistance":"0.6 miles from Session Road","publicTransportDistanceDescription":null,"skiLiftDistance":null,"beachDistance":null,"nearbyBeachNames":[],"beachWalkingTime":null,"geoDistanceMeters":null},"mealPlanIncluded":null,"persuasion":{"__typename":"SearchResultPersuasion","autoextended":false,"geniusRateAvailable":false,"highlighted":false,"preferred":true,"preferredPlus":false,"showNativeAdLabel":false,"nativeAdId":null,"nativeAdsCpc":null,"nativeAdsTracking":null,"bookedXTimesMessage":null,"sponsoredAdsData":null},"policies":{"__typename":"Policies","showFreeCancellation":false,"showNoPrepayment":false,"enableJapaneseUsersSpecialCase":null},"ribbon":null,"recommendedDate":{"__typename":"RecommendedDate","checkin":"","checkout":"","lengthOfStay":0},"showGeniusLoginMessage":false,"showPrivateHostMessage":false,"soldOutInfo":{"__typename":"SoldOutInfo","isSoldOut":false,"messages":[],"alternativeDatesMessages":[]},"nbWishlists":0,"visibilityBoosterEnabled":null,"showAdLabel":false,"isNewlyOpened":false,"propertySustainability":{"__typename":"SrPropertySustainability","isSustainable":false,"tier":{"__typename":"SrPropertySustainabilityTier","type":"NONE"},"facilities":[{"__ref":"SrPropertySustainabilityFacility:436"},{"__ref":"SrPropertySustainabilityFacility:445"},{"__ref":"SrPropertySustainabilityFacility:446"}],"certifications":null,"chainProgrammes":null,"levelId":"L0"},"seoThemes":[],"relocationMode":null,"bundleRatesAvailable":null,"recommendedDatesLabel":null,"matchingUnitConfigurations":null,"blocks":[],"bookerExperienceContentUIComponentProps":[]},{"__typename":"SearchResultProperty","priceDisplayInfoIrene":null,"licenseDetails":null,"inferredLocationScore":0,"trackOnView":[],"topPhotos":[],"acceptsWalletCredit":false,"basicPropertyData":{"__typename":"BasicPropertyData","accommodationTypeId":204,"id":2768476,"isTestProperty":false,"location":{"__typename":"Location","address":"Bagumbayan Road 18","city":"Baguio","countryCode":"ph"},"pageName":"45","ufi":-2410361,"photos":{"__typename":"PropertyPhotos","main":{"__typename":"Photo","highResUrl":{"__typename":"PhotoResource","relativeUrl":"/xdata/images/hotel/square600/145244312.webp?k=c317e5cf8c106eb1b9fe71db8e44bb310a46eeac7bb608d9da2bfeaf08b7e38e\u0026o="},"lowResUrl":{"__typename":"PhotoResource","relativeUrl":"/xdata/images/hotel/square200/145244312.webp?k=c317e5cf8c106eb1b9fe71db8e44bb310a46eeac7bb608d9da2bfeaf08b7e38e\u0026o="},"highResJpegUrl":{"__typename":"PhotoResource","relativeUrl":"/xdata/images/hotel/square600/145244312.jpg?k=3e7ebfc1b5f85e1e3bb009105aec40fcf40a69a323e73b206d1f626c9664e317\u0026o="},"lowResJpegUrl":{"__typename":"PhotoResource","relativeUrl":"/xdata/images/hotel/square200/145244312.jpg?k=3e7ebfc1b5f85e1e3bb009105aec40fcf40a69a323e73b206d1f626c9664e317\u0026o="}}},"reviews":{"__typename":"Reviews","totalScore":7.1,"reviewsCount":537,"totalScoreTextTag":{"__typename":"TranslationTag","translation":"Good"},"showScore":true,"secondaryScore":0,"secondaryTextTag":{"__typename":"TranslationTag","translation":null},"showSecondaryScore":false},"externalReviews":null,"alternativeExternalReviews":null,"starRating":{"__typename":"StarRating","value":2,"symbol":"NONE","caption":{"__typename":"TranslationTag","translation":null},"tocLink":{"__typename":"TranslationTag","translation":null},"showAdditionalInfoIcon":false},"isClosed":false,"paymentConfig":null},"badges":[],"customBadges":{"__typename":"CustomBadges","showIsWorkFriendly":false,"showParkAndFly":false,"showSkiToDoor":false,"showBhTravelCreditBadge":false,"showOnlineCheckinBadge":null},"description":{"__typename":"TextWithTranslationTag","text":"Featuring a bar, Hotel 45 is located in Baguio in the Luzon region, a 5-minute walk from SM City Baguio and 0.6 miles from Mines View Park. "},"displayName":{"__typename":"TextWithTranslationTag","text":"Hotel 45","translationTag":{"__typename":"TranslationTag","translation":null}},"geniusInfo":null,"isInCompanyBudget":null,"location":{"__typename":"SearchResultsPropertyLocation","displayLocation":"Baguio","mainDistance":"0.2 miles from Session Road","publicTransportDistanceDescription":null,"skiLiftDistance":null,"beachDistance":null,"nearbyBeachNames":[],"beachWalkingTime":null,"geoDistanceMeters":null},"mealPlanIncluded":null,"persuasion":{"__typename":"SearchResultPersuasion","autoextended":false,"geniusRateAvailable":false,"highlighted":false,"preferred":false,"preferredPlus":false,"showNativeAdLabel":false,"nativeAdId":null,"nativeAdsCpc":null,"nativeAdsTracking":null,"bookedXTimesMessage":null,"sponsoredAdsData":null},"policies":{"__typename":"Policies","showFreeCancellation":false,"showNoPrepayment":false,"enableJapaneseUsersSpecialCase":null},"ribbon":null,"recommendedDate":{"__typename":"RecommendedDate","checkin":"","checkout":"","lengthOfStay":0},"showGeniusLoginMessage":false,"showPrivateHostMessage":false,"soldOutInfo":{"__typename":"SoldOutInfo","isSoldOut":false,"messages":[],"alternativeDatesMessages":[]},"nbWishlists":0,"visibilityBoosterEnabled":null,"showAdLabel":false,"isNewlyOpened":false,"propertySustainability":{"__typename":"SrPropertySustainability","isSustainable":false,"tier":{"__typename":"SrPropertySustainabilityTier","type":"NONE"},"facilities":null,"certifications":null,"chainProgrammes":null,"levelId":"L0"},"seoThemes":[],"relocationMode":null,"bundleRatesAvailable":null,"recommendedDatesLabel":null,"matchingUnitConfigurations":null,"blocks":[],"bookerExperienceContentUIComponentProps":[]},{"__typename":"SearchResultProperty","priceDisplayInfoIrene":null,"licenseDetails":null,"inferredLocationScore":0,"trackOnView":[],"topPhotos":[],"acceptsWalletCredit":false,"basicPropertyData":{"__typename":"BasicPropertyData","accommodationTypeId":203,"id":4151941,"isTestProperty":false,"location":{"__typename":"Location","address":"121 Upper Bonifacio Street","city":"Baguio","countryCode":"ph"},"pageName":"3bu-hostel","ufi":-2410361,"photos":{"__typename":"PropertyPhotos","main":{"__typename":"Photo","highResUrl":{"__typename":"PhotoResource","relativeUrl":"/xdata/images/hotel/square600/438565909.webp?k=7146d51405ef02f9c97b5c0e7de5573c3562d2cc1393df56f998c003af07b9e0\u0026o="},"lowResUrl":{"__typename":"PhotoResource","relativeUrl":"/xdata/images/hotel/square200/438565909.webp?k=7146d51405ef02f9c97b5c0e7de5573c3562d2cc1393df56f998c003af07b9e0\u0026o="},"highResJpegUrl":{"__typename":"PhotoResource","relativeUrl":"/xdata/images/hotel/square600/438565909.jpg?k=1955683b617c736814bcd342f454b5611256e01fa3cd5fe31ae7e0ea3bf5327c\u0026o="},"lowResJpegUrl":{"__typename":"PhotoResource","relativeUrl":"/xdata/images/hotel/square200/438565909.jpg?k=1955683b617c736814bcd342f454b5611256e01fa3cd5fe31ae7e0ea3bf5327c\u0026o="}}},"reviews":{"__typename":"Reviews","totalScore":8.2,"reviewsCount":235,"totalScoreTextTag":{"__typename":"TranslationTag","translation":"Very Good"},"showScore":true,"secondaryScore":0,"secondaryTextTag":{"__typename":"TranslationTag","translation":null},"showSecondaryScore":false},"externalReviews":{"__typename":"ExternalReviews","totalScore":9,"reviewsCount":15,"showScore":true,"totalScoreTextTag":{"__typename":"TranslationTag","translation":"Wonderful"}},"alternativeExternalReviews":null,"starRating":{"__typename":"StarRating","value":1,"symbol":"NONE","caption":{"__typename":"TranslationTag","translation":null},"tocLink":{"__typename":"TranslationTag","translation":null},"showAdditionalInfoIcon":false},"isClosed":false,"paymentConfig":{"__typename":"PaymentConfig","installments":null}},"badges":[],"customBadges":{"__typename":"CustomBadges","showIsWorkFriendly":false,"showParkAndFly":false,"showSkiToDoor":false,"showBhTravelCreditBadge":false,"showOnlineCheckinBadge":null},"description":{"__typename":"TextWithTranslationTag","text":"Located in Baguio, a 5-minute walk from Mines View Park, 3BU Hostel Baguio - Bonifacio has air-conditioned accommodations and a shared lounge. "},"displayName":{"__typename":"TextWithTranslationTag","text":"3BU Hostel Baguio - Bonifacio","translationTag":{"__typename":"TranslationTag","translation":null}},"geniusInfo":null,"isInCompanyBudget":null,"location":{"__typename":"SearchResultsPropertyLocation","displayLocation":"Baguio","mainDistance":"0.2 miles from Session Road","publicTransportDistanceDescription":null,"skiLiftDistance":null,"beachDistance":null,"nearbyBeachNames":[],"beachWalkingTime":null,"geoDistanceMeters":null},"mealPlanIncluded":null,"persuasion":{"__typename":"SearchResultPersuasion","autoextended":false,"geniusRateAvailable":false,"highlighted":false,"preferred":false,"preferredPlus":false,"showNativeAdLabel":false,"nativeAdId":null,"nativeAdsCpc":null,"nativeAdsTracking":null,"bookedXTimesMessage":null,"sponsoredAdsData":null},"policies":{"__typename":"Policies","showFreeCancellation":false,"showNoPrepayment":false,"enableJapaneseUsersSpecialCase":null},"ribbon":null,"recommendedDate":{"__typename":"RecommendedDate","checkin":"","checkout":"","lengthOfStay":0},"showGeniusLoginMessage":false,"showPrivateHostMessage":false,"soldOutInfo":{"__typename":"SoldOutInfo","isSoldOut":false,"messages":[],"alternativeDatesMessages":[]},"nbWishlists":0,"visibilityBoosterEnabled":null,"showAdLabel":false,"isNewlyOpened":false,"propertySustainability":{"__typename":"SrPropertySustainability","isSustainable":false,"tier":{"__typename":"SrPropertySustainabilityTier","type":"NONE"},"facilities":[{"__ref":"SrPropertySustainabilityFacility:436"}],"certifications":null,"chainProgrammes":null,"levelId":"L0"},"seoThemes":[],"relocationMode":null,"bundleRatesAvailable":null,"recommendedDatesLabel":null,"matchingUnitConfigurations":null,"blocks":[],"bookerExperienceContentUIComponentProps":[]},{"__typename":"SearchResultProperty","priceDisplayInfoIrene":null,"licenseDetails":null,"inferredLocationScore":0,"trackOnView":[],"topPhotos":[],"acceptsWalletCredit":false,"basicPropertyData":{"__typename":"BasicPropertyData","accommodationTypeId":204,"id":2768496,"isTestProperty":false,"location":{"__typename":"Location","address":"Bagumbayan Road 18, Benguet","city":"Baguio","countryCode":"ph"},"pageName":"45-extension","ufi":-2410361,"photos":{"__typename":"PropertyPhotos","main":{"__typename":"Photo","highResUrl":{"__typename":"PhotoResource","relativeUrl":"/xdata/images/hotel/square600/143862179.webp?k=b325848f022ba0e8d81ddeb45d7ed28d38d0f13f2b3f6175bfa3290694fdcb2e\u0026o="},"lowResUrl":{"__typename":"PhotoResource","relativeUrl":"/xdata/images/hotel/square200/143862179.webp?k=b325848f022ba0e8d81ddeb45d7ed28d38d0f13f2b3f6175bfa3290694fdcb2e\u0026o="},"highResJpegUrl":{"__typename":"PhotoResource","relativeUrl":"/xdata/images/hotel/square600/143862179.jpg?k=03ab41a073fe4425fea030fe846ebc2c72e9d4883827ca56a5d89593f7db2737\u0026o="},"lowResJpegUrl":{"__typename":"PhotoResource","relativeUrl":"/xdata/images/hotel/square200/143862179.jpg?k=03ab41a073fe4425fea030fe846ebc2c72e9d4883827ca56a5d89593f7db2737\u0026o="}}},"reviews":{"__typename":"Reviews","totalScore":8.1,"reviewsCount":72,"totalScoreTextTag":{"__typename":"TranslationTag","translation":"Very Good"},"showScore":true,"secondaryScore":9.7,"secondaryTextTag":{"__typename":"TranslationTag","translation":"Location"},"showSecondaryScore":true},"externalReviews":null,"alternativeExternalReviews":null,"starRating":null,"isClosed":false,"paymentConfig":null},"badges":[],"customBadges":{"__typename":"CustomBadges","showIsWorkFriendly":false,"showParkAndFly":false,"showSkiToDoor":false,"showBhTravelCreditBadge":false,"showOnlineCheckinBadge":null},"description":{"__typename":"TextWithTranslationTag","text":"Located within 1.7 miles of Camp John Hay and 2.1 miles of Lourdes Grotto, Hotel 45 Extension has rooms in Baguio. "},"displayName":{"__typename":"TextWithTranslationTag","text":"Hotel 45 Extension","translationTag":{"__typename":"TranslationTag","translation":null}},"geniusInfo":null,"isInCompanyBudget":null,"location":{"__typename":"SearchResultsPropertyLocation","displayLocation":"Baguio","mainDistance":"0.2 miles from Session Road","publicTransportDistanceDescription":null,"skiLiftDistance":null,"beachDistance":null,"nearbyBeachNames":[],"beachWalkingTime":null,"geoDistanceMeters":null},"mealPlanIncluded":null,"persuasion":{"__typename":"SearchResultPersuasion","autoextended":false,"geniusRateAvailable":false,"highlighted":false,"preferred":false,"preferredPlus":false,"showNativeAdLabel":false,"nativeAdId":null,"nativeAdsCpc":null,"nativeAdsTracking":null,"bookedXTimesMessage":null,"sponsoredAdsData":null},"policies":{"__typename":"Policies","showFreeCancellation":false,"showNoPrepayment":false,"enableJapaneseUsersSpecialCase":null},"ribbon":null,"recommendedDate":{"__typename":"RecommendedDate","checkin":"","checkout":"","lengthOfStay":0},"showGeniusLoginMessage":false,"showPrivateHostMessage":false,"soldOutInfo":{"__typename":"SoldOutInfo","isSoldOut":false,"messages":[],"alternativeDatesMessages":[]},"nbWishlists":0,"visibilityBoosterEnabled":null,"showAdLabel":false,"isNewlyOpened":false,"propertySustainability":{"__typename":"SrPropertySustainability","isSustainable":false,"tier":{"__typename":"SrPropertySustainabilityTier","type":"NONE"},"facilities":null,"certifications":null,"chainProgrammes":null,"levelId":"L0"},"seoThemes":[],"relocationMode":null,"bundleRatesAvailable":null,"recommendedDatesLabel":null,"matchingUnitConfigurations":null,"blocks":[],"bookerExperienceContentUIComponentProps":[]},{"__typename":"SearchResultProperty","priceDisplayInfoIrene":null,"licenseDetails":null,"inferredLocationScore":0,"trackOnView":[],"topPhotos":[],"acceptsWalletCredit":false,"basicPropertyData":{"__typename":"BasicPropertyData","accommodationTypeId":204,"id":320368,"isTestProperty":false,"location":{"__typename":"Location","address":"136 Abanao Extension cor. Carino Street, Benguet","city":"Baguio","countryCode":"ph"},"pageName":"paladin","ufi":-2410361,"photos":{"__typename":"PropertyPhotos","main":{"__typename":"Photo","highResUrl":{"__typename":"PhotoResource","relativeUrl":"/xdata/images/hotel/square600/389380911.webp?k=41359bff1eebc19d25997bbee8da745873e7dc92f6faef6ccba4bdcd9c65feab\u0026o="},"lowResUrl":{"__typename":"PhotoResource","relativeUrl":"/xdata/images/hotel/square200/389380911.webp?k=41359bff1eebc19d25997bbee8da745873e7dc92f6faef6ccba4bdcd9c65feab\u0026o="},"highResJpegUrl":{"__typename":"PhotoResource","relativeUrl":"/xdata/images/hotel/square600/389380911.jpg?k=591be031ec583c06d406d8d17505b7b4ed7ed4fbea3aec9d136a6c2bcc211c26\u0026o="},"lowResJpegUrl":{"__typename":"PhotoResource","relativeUrl":"/xdata/images/hotel/square200/389380911.jpg?k=591be031ec583c06d406d8d17505b7b4ed7ed4fbea3aec9d136a6c2bcc211c26\u0026o="}}},"reviews":{"__typename":"Reviews","totalScore":7.4,"reviewsCount":136,"totalScoreTextTag":{"__typename":"TranslationTag","translation":"Good"},"showScore":true,"secondaryScore":0,"secondaryTextTag":{"__typename":"TranslationTag","translation":null},"showSecondaryScore":false},"externalReviews":null,"alternativeExternalReviews":null,"starRating":{"__typename":"StarRating","value":3,"symbol":"NONE","caption":{"__typename":"TranslationTag","translation":null},"tocLink":{"__typename":"TranslationTag","translation":null},"showAdditionalInfoIcon":false},"isClosed":false,"paymentConfig":{"__typename":"PaymentConfig","installments":null}},"badges":[],"customBadges":{"__typename":"CustomBadges","showIsWorkFriendly":false,"showParkAndFly":false,"showSkiToDoor":false,"showBhTravelCreditBadge":false,"showOnlineCheckinBadge":null},"description":{"__typename":"TextWithTranslationTag","text":"Paladin Hotel is located in Baguio, just 5 minutes' walk from Burnham Park and 20 minutes' walk from SM Baguio Mall. Offering free Wi-Fi and parking, it has massage services and a 24-hour front desk. "},"displayName":{"__typename":"TextWithTranslationTag","text":"Paladin Hotel","translationTag":{"__typename":"TranslationTag","translation":null}},"geniusInfo":null,"isInCompanyBudget":null,"location":{"__typename":"SearchResultsPropertyLocation","displayLocation":"Baguio","mainDistance":"0.4 miles from Session Road","publicTransportDistanceDescription":null,"skiLiftDistance":null,"beachDistance":null,"nearbyBeachNames":[],"beachWalkingTime":null,"geoDistanceMeters":null},"mealPlanIncluded":null,"persuasion":{"__typename":"SearchResultPersuasion","autoextended":false,"geniusRateAvailable":false,"highlighted":false,"preferred":true,"preferredPlus":false,"showNativeAdLabel":false,"nativeAdId":null,"nativeAdsCpc":null,"nativeAdsTracking":null,"bookedXTimesMessage":null,"sponsoredAdsData":null},"policies":{"__typename":"Policies","showFreeCancellation":false,"showNoPrepayment":false,"enableJapaneseUsersSpecialCase":null},"ribbon":null,"recommendedDate":{"__typename":"RecommendedDate","checkin":"","checkout":"","lengthOfStay":0},"showGeniusLoginMessage":false,"showPrivateHostMessage":false,"soldOutInfo":{"__typename":"SoldOutInfo","isSoldOut":false,"messages":[],"alternativeDatesMessages":[]},"nbWishlists":0,"visibilityBoosterEnabled":null,"showAdLabel":false,"isNewlyOpened":false,"propertySustainability":{"__typename":"SrPropertySustainability","isSustainable":false,"tier":{"__typename":"SrPropertySustainabilityTier","type":"NONE"},"facilities":null,"certifications":null,"chainProgrammes":null,"levelId":"L0"},"seoThemes":[],"relocationMode":null,"bundleRatesAvailable":null,"recommendedDatesLabel":null,"matchingUnitConfigurations":null,"blocks":[],"bookerExperienceContentUIComponentProps":[]},{"__typename":"SearchResultProperty","priceDisplayInfoIrene":null,"licenseDetails":null,"inferredLocationScore":0,"trackOnView":[],"topPhotos":[],"acceptsWalletCredit":false,"basicPropertyData":{"__typename":"BasicPropertyData","accommodationTypeId":201,"id":2195010,"isTestProperty":false,"location":{"__typename":"Location","address":"70 Kisad Road, Benguet","city":"Baguio","countryCode":"ph"},"pageName":"angelo-39-s-transient-house","ufi":-2410361,"photos":{"__typename":"PropertyPhotos","main":{"__typename":"Photo","highResUrl":{"__typename":"PhotoResource","relativeUrl":"/xdata/images/hotel/square600/491551366.webp?k=e6414cf59cafcacb45955380333c410514981101e088d1a18d652d7a736cbe23\u0026o="},"lowResUrl":{"__typename":"PhotoResource","relativeUrl":"/xdata/images/hotel/square200/491551366.webp?k=e6414cf59cafcacb45955380333c410514981101e088d1a18d652d7a736cbe23\u0026o="},"highResJpegUrl":{"__typename":"PhotoResource","relativeUrl":"/xdata/images/hotel/square600/491551366.jpg?k=97a8da9a33c4303f849d7d092628d8d4b3052eb5497f5744644ea1c6ec76b37a\u0026o="},"lowResJpegUrl":{"__typename":"PhotoResource","relativeUrl":"/xdata/images/hotel/square200/491551366.jpg?k=97a8da9a33c4303f849d7d092628d8d4b3052eb5497f5744644ea1c6ec76b37a\u0026o="}}},"reviews":{"__typename":"Reviews","totalScore":9.2,"reviewsCount":482,"totalScoreTextTag":{"__typename":"TranslationTag","translation":"Wonderful"},"showScore":true,"secondaryScore":9.6,"secondaryTextTag":{"__typename":"TranslationTag","translation":"Location"},"showSecondaryScore":true},"externalReviews":null,"alternativeExternalReviews":null,"starRating":{"__typename":"StarRating","value":2,"symbol":"NONE","caption":{"__typename":"TranslationTag","translation":null},"tocLink":{"__typename":"TranslationTag","translation":null},"showAdditionalInfoIcon":false},"isClosed":false,"paymentConfig":{"__typename":"PaymentConfig","installments":null}},"badges":[],"customBadges":{"__typename":"CustomBadges","showIsWorkFriendly":false,"showParkAndFly":false,"showSkiToDoor":false,"showBhTravelCreditBadge":false,"showOnlineCheckinBadge":null},"description":{"__typename":"TextWithTranslationTag","text":"Offering a garden, Angelo's Transient House is located in Baguio, 656 feet from Burnham Park. Session Road is 1969 feet from the property. Free private parking is available on site. "},"displayName":{"__typename":"TextWithTranslationTag","text":"JCGA Apartments (Angelo's Burnham)","translationTag":{"__typename":"TranslationTag","translation":null}},"geniusInfo":null,"isInCompanyBudget":null,"location":{"__typename":"SearchResultsPropertyLocation","displayLocation":"Baguio","mainDistance":"0.4 miles from Session Road","publicTransportDistanceDescription":null,"skiLiftDistance":null,"beachDistance":null,"nearbyBeachNames":[],"beachWalkingTime":null,"geoDistanceMeters":null},"mealPlanIncluded":null,"persuasion":{"__typename":"SearchResultPersuasion","autoextended":false,"geniusRateAvailable":false,"highlighted":false,"preferred":false,"preferredPlus":false,"showNativeAdLabel":false,"nativeAdId":null,"nativeAdsCpc":null,"nativeAdsTracking":null,"bookedXTimesMessage":null,"sponsoredAdsData":null},"policies":{"__typename":"Policies","showFreeCancellation":false,"showNoPrepayment":false,"enableJapaneseUsersSpecialCase":null},"ribbon":null,"recommendedDate":{"__typename":"RecommendedDate","checkin":"","checkout":"","lengthOfStay":0},"showGeniusLoginMessage":false,"showPrivateHostMessage":false,"soldOutInfo":{"__typename":"SoldOutInfo","isSoldOut":false,"messages":[],"alternativeDatesMessages":[]},"nbWishlists":0,"visibilityBoosterEnabled":null,"showAdLabel":false,"isNewlyOpened":false,"propertySustainability":{"__typename":"SrPropertySustainability","isSustainable":false,"tier":{"__typename":"SrPropertySustainabilityTier","type":"NONE"},"facilities":null,"certifications":null,"chainProgrammes":null,"levelId":"L0"},"seoThemes":[],"relocationMode":null,"bundleRatesAvailable":null,"recommendedDatesLabel":null,"matchingUnitConfigurations":null,"blocks":[],"bookerExperienceContentUIComponentProps":[]},{"__typename":"SearchResultProperty","priceDisplayInfoIrene":null,"licenseDetails":null,"inferredLocationScore":0,"trackOnView":[{"__typename":"ExperimentTracking","experimentTag":"bhc_sr_representative_main_photo"}],"topPhotos":[],"acceptsWalletCredit":false,"basicPropertyData":{"__typename":"BasicPropertyData","accommodationTypeId":219,"id":7136269,"isTestProperty":false,"location":{"__typename":"Location","address":"#48 kisad rd, montinola subd,","city":"Baguio City","countryCode":"ph"},"pageName":"zenmist-properties-at-the-zonevill-bldg-g","ufi":-2410361,"photos":{"__typename":"PropertyPhotos","main":{"__typename":"Photo","highResUrl":{"__typename":"PhotoResource","relativeUrl":"/xdata/images/hotel/square600/452780380.webp?k=b076167985d41efb6cc9f45e12e1ce12f87b224a167e6fe4fc610caafb27fa98\u0026o="},"lowResUrl":{"__typename":"PhotoResource","relativeUrl":"/xdata/images/hotel/square200/452780380.webp?k=b076167985d41efb6cc9f45e12e1ce12f87b224a167e6fe4fc610caafb27fa98\u0026o="},"highResJpegUrl":{"__typename":"PhotoResource","relativeUrl":"/xdata/images/hotel/square600/452780380.jpg?k=948f3a3f011fcddf5642eb066792103b2e9e761cac2f73e2e2d5a284f6ba30bf\u0026o="},"lowResJpegUrl":{"__typename":"PhotoResource","relativeUrl":"/xdata/images/hotel/square200/452780380.jpg?k=948f3a3f011fcddf5642eb066792103b2e9e761cac2f73e2e2d5a284f6ba30bf\u0026o="}}},"reviews":{"__typename":"Reviews","totalScore":8,"reviewsCount":149,"totalScoreTextTag":{"__typename":"TranslationTag","translation":"Very Good"},"showScore":true,"secondaryScore":0,"secondaryTextTag":{"__typename":"TranslationTag","translation":null},"showSecondaryScore":false},"externalReviews":{"__typename":"ExternalReviews","totalScore":7,"reviewsCount":5,"showScore":true,"totalScoreTextTag":{"__typename":"TranslationTag","translation":"Good"}},"alternativeExternalReviews":null,"starRating":{"__typename":"StarRating","value":3,"symbol":"NONE","caption":{"__typename":"TranslationTag","translation":null},"tocLink":{"__typename":"TranslationTag","translation":null},"showAdditionalInfoIcon":false},"isClosed":false,"paymentConfig":null},"badges":[],"customBadges":{"__typename":"CustomBadges","showIsWorkFriendly":false,"showParkAndFly":false,"showSkiToDoor":false,"showBhTravelCreditBadge":false,"showOnlineCheckinBadge":null},"description":{"__typename":"TextWithTranslationTag","text":"Located in Baguio in the Luzon region, with Burnham Park and SM City Baguio nearby, Zenmist Properties- 2 Bedroom Deluxe provides accommodations with free Wifi and free private parking. "},"displayName":{"__typename":"TextWithTranslationTag","text":"Zenmist Properties- 2 Bedroom Deluxe","translationTag":{"__typename":"TranslationTag","translation":null}},"geniusInfo":null,"isInCompanyBudget":null,"location":{"__typename":"SearchResultsPropertyLocation","displayLocation":"Baguio","mainDistance":"0.6 miles from Session Road","publicTransportDistanceDescription":null,"skiLiftDistance":null,"beachDistance":null,"nearbyBeachNames":[],"beachWalkingTime":null,"geoDistanceMeters":null},"mealPlanIncluded":null,"persuasion":{"__typename":"SearchResultPersuasion","autoextended":false,"geniusRateAvailable":false,"highlighted":false,"preferred":false,"preferredPlus":false,"showNativeAdLabel":false,"nativeAdId":null,"nativeAdsCpc":null,"nativeAdsTracking":null,"bookedXTimesMessage":null,"sponsoredAdsData":null},"policies":{"__typename":"Policies","showFreeCancellation":false,"showNoPrepayment":false,"enableJapaneseUsersSpecialCase":null},"ribbon":null,"recommendedDate":{"__typename":"RecommendedDate","checkin":"","checkout":"","lengthOfStay":0},"showGeniusLoginMessage":false,"showPrivateHostMessage":false,"soldOutInfo":{"__typename":"SoldOutInfo","isSoldOut":false,"messages":[],"alternativeDatesMessages":[]},"nbWishlists":0,"visibilityBoosterEnabled":null,"showAdLabel":false,"isNewlyOpened":false,"propertySustainability":{"__typename":"SrPropertySustainability","isSustainable":false,"tier":{"__typename":"SrPropertySustainabilityTier","type":"NONE"},"facilities":null,"certifications":null,"chainProgrammes":null,"levelId":"L0"},"seoThemes":[],"relocationMode":null,"bundleRatesAvailable":null,"recommendedDatesLabel":null,"matchingUnitConfigurations":null,"blocks":[],"bookerExperienceContentUIComponentProps":[]},{"__typename":"SearchResultProperty","priceDisplayInfoIrene":null,"licenseDetails":null,"inferredLocationScore":0,"trackOnView":[],"topPhotos":[],"acceptsWalletCredit":false,"basicPropertyData":{"__typename":"BasicPropertyData","accommodationTypeId":201,"id":2300224,"isTestProperty":false,"location":{"__typename":"Location","address":"Unit 2B-32 Mega Tower Residences, Sandico Street","city":"Baguio","countryCode":"ph"},"pageName":"french-nest-at-baguio","ufi":-2410361,"photos":{"__typename":"PropertyPhotos","main":{"__typename":"Photo","highResUrl":{"__typename":"PhotoResource","relativeUrl":"/xdata/images/hotel/square600/346888156.webp?k=fcb7f7f91ae13dd14e04ab6f68fa24101b6f286c30b2d49a73cebdf50ae9addb\u0026o="},"lowResUrl":{"__typename":"PhotoResource","relativeUrl":"/xdata/images/hotel/square200/346888156.webp?k=fcb7f7f91ae13dd14e04ab6f68fa24101b6f286c30b2d49a73cebdf50ae9addb\u0026o="},"highResJpegUrl":{"__typename":"PhotoResource","relativeUrl":"/xdata/images/hotel/square600/346888156.jpg?k=ec08542e5ff979c795045bf99de0fb82a692f8aae55b8be52c714caa7540b6a1\u0026o="},"lowResJpegUrl":{"__typename":"PhotoResource","relativeUrl":"/xdata/images/hotel/square200/346888156.jpg?k=ec08542e5ff979c795045bf99de0fb82a692f8aae55b8be52c714caa7540b6a1\u0026o="}}},"reviews":{"__typename":"Reviews","totalScore":8.6,"reviewsCount":104,"totalScoreTextTag":{"__typename":"TranslationTag","translation":"Excellent"},"showScore":true,"secondaryScore":9.5,"secondaryTextTag":{"__typename":"TranslationTag","translation":"Location"},"showSecondaryScore":true},"externalReviews":{"__typename":"ExternalReviews","totalScore":9,"reviewsCount":90,"showScore":true,"totalScoreTextTag":{"__typename":"TranslationTag","translation":"Wonderful"}},"alternativeExternalReviews":null,"starRating":{"__typename":"StarRating","value":3,"symbol":"NONE","caption":{"__typename":"TranslationTag","translation":null},"tocLink":{"__typename":"TranslationTag","translation":null},"showAdditionalInfoIcon":false},"isClosed":false,"paymentConfig":null},"badges":[],"customBadges":{"__typename":"CustomBadges","showIsWorkFriendly":false,"showParkAndFly":false,"showSkiToDoor":false,"showBhTravelCreditBadge":false,"showOnlineCheckinBadge":null},"description":{"__typename":"TextWithTranslationTag","text":"French Nest at Baguio offers accommodations in Baguio, 656 feet from Session Road and 2.7 mi from Mines View Park. The unit is 1969 feet from Burnham Park. "},"displayName":{"__typename":"TextWithTranslationTag","text":"French Nest at Baguio- Megatower Residences","translationTag":{"__typename":"TranslationTag","translation":null}},"geniusInfo":null,"isInCompanyBudget":null,"location":{"__typename":"SearchResultsPropertyLocation","displayLocation":"Baguio","mainDistance":"0.1 miles from Session Road","publicTransportDistanceDescription":null,"skiLiftDistance":null,"beachDistance":null,"nearbyBeachNames":[],"beachWalkingTime":null,"geoDistanceMeters":null},"mealPlanIncluded":null,"persuasion":{"__typename":"SearchResultPersuasion","autoextended":false,"geniusRateAvailable":false,"highlighted":false,"preferred":true,"preferredPlus":false,"showNativeAdLabel":false,"nativeAdId":null,"nativeAdsCpc":null,"nativeAdsTracking":null,"bookedXTimesMessage":null,"sponsoredAdsData":null},"policies":{"__typename":"Policies","showFreeCancellation":false,"showNoPrepayment":false,"enableJapaneseUsersSpecialCase":null},"ribbon":null,"recommendedDate":{"__typename":"RecommendedDate","checkin":"","checkout":"","lengthOfStay":0},"showGeniusLoginMessage":false,"showPrivateHostMessage":false,"soldOutInfo":{"__typename":"SoldOutInfo","isSoldOut":false,"messages":[],"alternativeDatesMessages":[]},"nbWishlists":0,"visibilityBoosterEnabled":null,"showAdLabel":false,"isNewlyOpened":false,"propertySustainability":{"__typename":"SrPropertySustainability","isSustainable":true,"tier":{"__typename":"SrPropertySustainabilityTier","type":"BRONZE"},"facilities":[{"__ref":"SrPropertySustainabilityFacility:435"},{"__ref":"SrPropertySustainabilityFacility:436"},{"__ref":"SrPropertySustainabilityFacility:439"},{"__ref":"SrPropertySustainabilityFacility:440"},{"__ref":"SrPropertySustainabilityFacility:441"},{"__ref":"SrPropertySustainabilityFacility:442"},{"__ref":"SrPropertySustainabilityFacility:443"},{"__ref":"SrPropertySustainabilityFacility:445"},{"__ref":"SrPropertySustainabilityFacility:448"},{"__ref":"SrPropertySustainabilityFacility:489"},{"__ref":"SrPropertySustainabilityFacility:502"}],"certifications":null,"chainProgrammes":null,"levelId":"L1"},"seoThemes":[],"relocationMode":null,"bundleRatesAvailable":null,"recommendedDatesLabel":null,"matchingUnitConfigurations":null,"blocks":[],"bookerExperienceContentUIComponentProps":[]},{"__typename":"SearchResultProperty","priceDisplayInfoIrene":null,"licenseDetails":null,"inferredLocationScore":0,"trackOnView":[],"topPhotos":[],"acceptsWalletCredit":false,"basicPropertyData":{"__typename":"BasicPropertyData","accommodationTypeId":201,"id":8091273,"isTestProperty":false,"location":{"__typename":"Location","address":"96 Doctor Carino Street","city":"Baguio City","countryCode":"ph"},"pageName":"finteo-skylands-premium","ufi":-2410361,"photos":{"__typename":"PropertyPhotos","main":{"__typename":"Photo","highResUrl":{"__typename":"PhotoResource","relativeUrl":"/xdata/images/hotel/square600/334021328.webp?k=47da1f7dd4c1b9cd065f3ad1b33ee17712c0d9f22f8e82dcc74ff47eb64619fb\u0026o="},"lowResUrl":{"__typename":"PhotoResource","relativeUrl":"/xdata/images/hotel/square200/334021328.webp?k=47da1f7dd4c1b9cd065f3ad1b33ee17712c0d9f22f8e82dcc74ff47eb64619fb\u0026o="},"highResJpegUrl":{"__typename":"PhotoResource","relativeUrl":"/xdata/images/hotel/square600/334021328.jpg?k=5e7a71e60daf8bf2bb2c3a19c8dc0280960c06e46138f05cd439e69dced03760\u0026o="},"lowResJpegUrl":{"__typename":"PhotoResource","relativeUrl":"/xdata/images/hotel/square200/334021328.jpg?k=5e7a71e60daf8bf2bb2c3a19c8dc0280960c06e46138f05cd439e69dced03760\u0026o="}}},"reviews":{"__typename":"Reviews","totalScore":8,"reviewsCount":273,"totalScoreTextTag":{"__typename":"TranslationTag","translation":"Very Good"},"showScore":true,"secondaryScore":0,"secondaryTextTag":{"__typename":"TranslationTag","translation":null},"showSecondaryScore":false},"externalReviews":null,"alternativeExternalReviews":null,"starRating":{"__typename":"StarRating","value":3,"symbol":"NONE","caption":{"__typename":"TranslationTag","translation":null},"tocLink":{"__typename":"TranslationTag","translation":null},"showAdditionalInfoIcon":false},"isClosed":false,"paymentConfig":{"__typename":"PaymentConfig","installments":null}},"badges":[],"customBadges":{"__typename":"CustomBadges","showIsWorkFriendly":false,"showParkAndFly":false,"showSkiToDoor":false,"showBhTravelCreditBadge":false,"showOnlineCheckinBadge":null},"description":{"__typename":"TextWithTranslationTag","text":"Located in Baguio, Finteo Skylands Premium has accommodations 1.5 miles from Mines View Park and 2.4 miles from Camp John Hay. Private parking is available on site. "},"displayName":{"__typename":"TextWithTranslationTag","text":"Finteo Skylands Premium","translationTag":{"__typename":"TranslationTag","translation":null}},"geniusInfo":null,"isInCompanyBudget":null,"location":{"__typename":"SearchResultsPropertyLocation","displayLocation":"Baguio","mainDistance":"0.6 miles from Session Road","publicTransportDistanceDescription":null,"skiLiftDistance":null,"beachDistance":null,"nearbyBeachNames":[],"beachWalkingTime":null,"geoDistanceMeters":null},"mealPlanIncluded":null,"persuasion":{"__typename":"SearchResultPersuasion","autoextended":false,"geniusRateAvailable":false,"highlighted":false,"preferred":false,"preferredPlus":false,"showNativeAdLabel":false,"nativeAdId":null,"nativeAdsCpc":null,"nativeAdsTracking":null,"bookedXTimesMessage":null,"sponsoredAdsData":null},"policies":{"__typename":"Policies","showFreeCancellation":false,"showNoPrepayment":false,"enableJapaneseUsersSpecialCase":null},"ribbon":null,"recommendedDate":{"__typename":"RecommendedDate","checkin":"","checkout":"","lengthOfStay":0},"showGeniusLoginMessage":false,"showPrivateHostMessage":false,"soldOutInfo":{"__typename":"SoldOutInfo","isSoldOut":false,"messages":[],"alternativeDatesMessages":[]},"nbWishlists":0,"visibilityBoosterEnabled":null,"showAdLabel":false,"isNewlyOpened":false,"propertySustainability":{"__typename":"SrPropertySustainability","isSustainable":false,"tier":{"__typename":"SrPropertySustainabilityTier","type":"NONE"},"facilities":null,"certifications":null,"chainProgrammes":null,"levelId":"L0"},"seoThemes":[],"relocationMode":null,"bundleRatesAvailable":null,"recommendedDatesLabel":null,"matchingUnitConfigurations":null,"blocks":[],"bookerExperienceContentUIComponentProps":[]},{"__typename":"SearchResultProperty","priceDisplayInfoIrene":null,"licenseDetails":null,"inferredLocationScore":0,"trackOnView":[],"topPhotos":[],"acceptsWalletCredit":false,"basicPropertyData":{"__typename":"BasicPropertyData","accommodationTypeId":201,"id":8868767,"isTestProperty":false,"location":{"__typename":"Location","address":"3rd floor, Dangwa Terminal bldg.,Rajah Matanda Street,brgy. Kagitingan,Baguio City","city":"Baguio","countryCode":"ph"},"pageName":"dangwa-terminal-transient-house","ufi":-2410361,"photos":{"__typename":"PropertyPhotos","main":{"__typename":"Photo","highResUrl":{"__typename":"PhotoResource","relativeUrl":"/xdata/images/hotel/square600/378326364.webp?k=13358b612f5534aab13414184c922f14f66e14d66da474d0eda082c91c17d414\u0026o="},"lowResUrl":{"__typename":"PhotoResource","relativeUrl":"/xdata/images/hotel/square200/378326364.webp?k=13358b612f5534aab13414184c922f14f66e14d66da474d0eda082c91c17d414\u0026o="},"highResJpegUrl":{"__typename":"PhotoResource","relativeUrl":"/xdata/images/hotel/square600/378326364.jpg?k=bfc4ab8a764509fec5d6a85d24925362dd8fb7fda2be5ea2abb214ce87dd9f83\u0026o="},"lowResJpegUrl":{"__typename":"PhotoResource","relativeUrl":"/xdata/images/hotel/square200/378326364.jpg?k=bfc4ab8a764509fec5d6a85d24925362dd8fb7fda2be5ea2abb214ce87dd9f83\u0026o="}}},"reviews":{"__typename":"Reviews","totalScore":6.9,"reviewsCount":19,"totalScoreTextTag":{"__typename":"TranslationTag","translation":"Review score"},"showScore":true,"secondaryScore":0,"secondaryTextTag":{"__typename":"TranslationTag","translation":null},"showSecondaryScore":false},"externalReviews":{"__typename":"ExternalReviews","totalScore":9,"reviewsCount":8,"showScore":true,"totalScoreTextTag":{"__typename":"TranslationTag","translation":"Wonderful"}},"alternativeExternalReviews":null,"starRating":{"__typename":"StarRating","value":3,"symbol":"NONE","caption":{"__typename":"TranslationTag","translation":null},"tocLink":{"__typename":"TranslationTag","translation":null},"showAdditionalInfoIcon":false},"isClosed":false,"paymentConfig":{"__typename":"PaymentConfig","installments":null}},"badges":[],"customBadges":{"__typename":"CustomBadges","showIsWorkFriendly":false,"showParkAndFly":false,"showSkiToDoor":false,"showBhTravelCreditBadge":false,"showOnlineCheckinBadge":null},"description":{"__typename":"TextWithTranslationTag","text":"Dangwa Terminal Transient House features city views, free Wifi and free private parking, located in Baguio, a 11-minute walk from Burnham Park. "},"displayName":{"__typename":"TextWithTranslationTag","text":"Dangwa Terminal Transient House","translationTag":{"__typename":"TranslationTag","translation":null}},"geniusInfo":null,"isInCompanyBudget":null,"location":{"__typename":"SearchResultsPropertyLocation","displayLocation":"Baguio","mainDistance":"0.2 miles from Session Road","publicTransportDistanceDescription":null,"skiLiftDistance":null,"beachDistance":null,"nearbyBeachNames":[],"beachWalkingTime":null,"geoDistanceMeters":null},"mealPlanIncluded":null,"persuasion":{"__typename":"SearchResultPersuasion","autoextended":false,"geniusRateAvailable":false,"highlighted":false,"preferred":true,"preferredPlus":true,"showNativeAdLabel":false,"nativeAdId":null,"nativeAdsCpc":null,"nativeAdsTracking":null,"bookedXTimesMessage":null,"sponsoredAdsData":null},"policies":{"__typename":"Policies","showFreeCancellation":false,"showNoPrepayment":false,"enableJapaneseUsersSpecialCase":null},"ribbon":null,"recommendedDate":{"__typename":"RecommendedDate","checkin":"","checkout":"","lengthOfStay":0},"showGeniusLoginMessage":false,"showPrivateHostMessage":false,"soldOutInfo":{"__typename":"SoldOutInfo","isSoldOut":false,"messages":[],"alternativeDatesMessages":[]},"nbWishlists":0,"visibilityBoosterEnabled":null,"showAdLabel":false,"isNewlyOpened":false,"propertySustainability":{"__typename":"SrPropertySustainability","isSustainable":true,"tier":{"__typename":"SrPropertySustainabilityTier","type":"BRONZE"},"facilities":[{"__ref":"SrPropertySustainabilityFacility:436"},{"__ref":"SrPropertySustainabilityFacility:439"},{"__ref":"SrPropertySustainabilityFacility:440"},{"__ref":"SrPropertySustainabilityFacility:446"},{"__ref":"SrPropertySustainabilityFacility:489"},{"__ref":"SrPropertySustainabilityFacility:490"},{"__ref":"SrPropertySustainabilityFacility:491"},{"__ref":"SrPropertySustainabilityFacility:492"},{"__ref":"SrPropertySustainabilityFacility:494"},{"__ref":"SrPropertySustainabilityFacility:495"},{"__ref":"SrPropertySustainabilityFacility:496"},{"__ref":"SrPropertySustainabilityFacility:505"}],"certifications":null,"chainProgrammes":null,"levelId":"L1"},"seoThemes":[],"relocationMode":null,"bundleRatesAvailable":null,"recommendedDatesLabel":null,"matchingUnitConfigurations":null,"blocks":[],"bookerExperienceContentUIComponentProps":[]},{"__typename":"SearchResultProperty","priceDisplayInfoIrene":null,"licenseDetails":null,"inferredLocationScore":0,"trackOnView":[{"__typename":"ExperimentTracking","experimentTag":"bhc_sr_representative_main_photo"}],"topPhotos":[],"acceptsWalletCredit":false,"basicPropertyData":{"__typename":"BasicPropertyData","accommodationTypeId":201,"id":2728526,"isTestProperty":false,"location":{"__typename":"Location","address":"Mabini St","city":"Baguio","countryCode":"ph"},"pageName":"cedar-peak-condominium","ufi":-2410361,"photos":{"__typename":"PropertyPhotos","main":{"__typename":"Photo","highResUrl":{"__typename":"PhotoResource","relativeUrl":"/xdata/images/hotel/square600/114741993.webp?k=3391bb3f833b178632491d33981e225c3890ef1a115c8bfae4f4ae9a03c56be0\u0026o="},"lowResUrl":{"__typename":"PhotoResource","relativeUrl":"/xdata/images/hotel/square200/114741993.webp?k=3391bb3f833b178632491d33981e225c3890ef1a115c8bfae4f4ae9a03c56be0\u0026o="},"highResJpegUrl":{"__typename":"PhotoResource","relativeUrl":"/xdata/images/hotel/square600/114741993.jpg?k=b6067185eed0c47187ff0516dc579a31cc8295f6bf7f86d942cf75e6c0a3bef0\u0026o="},"lowResJpegUrl":{"__typename":"PhotoResource","relativeUrl":"/xdata/images/hotel/square200/114741993.jpg?k=b6067185eed0c47187ff0516dc579a31cc8295f6bf7f86d942cf75e6c0a3bef0\u0026o="}}},"reviews":{"__typename":"Reviews","totalScore":7.6,"reviewsCount":128,"totalScoreTextTag":{"__typename":"TranslationTag","translation":"Good"},"showScore":true,"secondaryScore":0,"secondaryTextTag":{"__typename":"TranslationTag","translation":null},"showSecondaryScore":false},"externalReviews":{"__typename":"ExternalReviews","totalScore":9,"reviewsCount":76,"showScore":true,"totalScoreTextTag":{"__typename":"TranslationTag","translation":"Wonderful"}},"alternativeExternalReviews":null,"starRating":{"__typename":"StarRating","value":2,"symbol":"NONE","caption":{"__typename":"TranslationTag","translation":null},"tocLink":{"__typename":"TranslationTag","translation":null},"showAdditionalInfoIcon":false},"isClosed":false,"paymentConfig":{"__typename":"PaymentConfig","installments":null}},"badges":[],"customBadges":{"__typename":"CustomBadges","showIsWorkFriendly":false,"showParkAndFly":false,"showSkiToDoor":false,"showBhTravelCreditBadge":false,"showOnlineCheckinBadge":null},"description":{"__typename":"TextWithTranslationTag","text":"Cedar Peak Condo - Close to Session Road City Center is located in Baguio, 164 feet from Session Road. Mines View Park is 2.5 mi from the property. Free WiFi is offered . "},"displayName":{"__typename":"TextWithTranslationTag","text":"Cedar Peak Condo - Close to Session Road City Center","translationTag":{"__typename":"TranslationTag","translation":null}},"geniusInfo":null,"isInCompanyBudget":null,"location":{"__typename":"SearchResultsPropertyLocation","displayLocation":"Baguio","mainDistance":"0.2 miles from Session Road","publicTransportDistanceDescription":null,"skiLiftDistance":null,"beachDistance":null,"nearbyBeachNames":[],"beachWalkingTime":null,"geoDistanceMeters":null},"mealPlanIncluded":null,"persuasion":{"__typename":"SearchResultPersuasion","autoextended":false,"geniusRateAvailable":false,"highlighted":false,"preferred":true,"preferredPlus":false,"showNativeAdLabel":false,"nativeAdId":null,"nativeAdsCpc":null,"nativeAdsTracking":null,"bookedXTimesMessage":null,"sponsoredAdsData":null},"policies":{"__typename":"Policies","showFreeCancellation":false,"showNoPrepayment":false,"enableJapaneseUsersSpecialCase":null},"ribbon":null,"recommendedDate":{"__typename":"RecommendedDate","checkin":"","checkout":"","lengthOfStay":0},"showGeniusLoginMessage":false,"showPrivateHostMessage":false,"soldOutInfo":{"__typename":"SoldOutInfo","isSoldOut":false,"messages":[],"alternativeDatesMessages":[]},"nbWishlists":0,"visibilityBoosterEnabled":null,"showAdLabel":false,"isNewlyOpened":false,"propertySustainability":{"__typename":"SrPropertySustainability","isSustainable":false,"tier":{"__typename":"SrPropertySustainabilityTier","type":"NONE"},"facilities":[{"__ref":"SrPropertySustainabilityFacility:436"}],"certifications":null,"chainProgrammes":null,"levelId":"L0"},"seoThemes":[],"relocationMode":null,"bundleRatesAvailable":null,"recommendedDatesLabel":null,"matchingUnitConfigurations":null,"blocks":[],"bookerExperienceContentUIComponentProps":[]},{"__typename":"SearchResultProperty","priceDisplayInfoIrene":null,"licenseDetails":null,"inferredLocationScore":0,"trackOnView":[],"topPhotos":[],"acceptsWalletCredit":false,"basicPropertyData":{"__typename":"BasicPropertyData","accommodationTypeId":201,"id":1991961,"isTestProperty":false,"location":{"__typename":"Location","address":"99 Finteo Skylands, Dr. Cariño, Benguet","city":"Baguio","countryCode":"ph"},"pageName":"finteo-skylands","ufi":-2410361,"photos":{"__typename":"PropertyPhotos","main":{"__typename":"Photo","highResUrl":{"__typename":"PhotoResource","relativeUrl":"/xdata/images/hotel/square600/80361704.webp?k=c0c4376c5e3c7636d3d66521363767051d8b51c08dd71f4d58cb91b5055524d6\u0026o="},"lowResUrl":{"__typename":"PhotoResource","relativeUrl":"/xdata/images/hotel/square200/80361704.webp?k=c0c4376c5e3c7636d3d66521363767051d8b51c08dd71f4d58cb91b5055524d6\u0026o="},"highResJpegUrl":{"__typename":"PhotoResource","relativeUrl":"/xdata/images/hotel/square600/80361704.jpg?k=fc800a25c5a83c6da1d18816072971404a9fa6cff942f9702ef65c730780dc86\u0026o="},"lowResJpegUrl":{"__typename":"PhotoResource","relativeUrl":"/xdata/images/hotel/square200/80361704.jpg?k=fc800a25c5a83c6da1d18816072971404a9fa6cff942f9702ef65c730780dc86\u0026o="}}},"reviews":{"__typename":"Reviews","totalScore":8.2,"reviewsCount":644,"totalScoreTextTag":{"__typename":"TranslationTag","translation":"Very Good"},"showScore":true,"secondaryScore":0,"secondaryTextTag":{"__typename":"TranslationTag","translation":null},"showSecondaryScore":false},"externalReviews":null,"alternativeExternalReviews":null,"starRating":{"__typename":"StarRating","value":1,"symbol":"NONE","caption":{"__typename":"TranslationTag","translation":null},"tocLink":{"__typename":"TranslationTag","translation":null},"showAdditionalInfoIcon":false},"isClosed":false,"paymentConfig":{"__typename":"PaymentConfig","installments":null}},"badges":[],"customBadges":{"__typename":"CustomBadges","showIsWorkFriendly":false,"showParkAndFly":false,"showSkiToDoor":false,"showBhTravelCreditBadge":false,"showOnlineCheckinBadge":null},"description":{"__typename":"TextWithTranslationTag","text":"Located in Baguio, 1640 feet from Burnham Park and 2953 feet from Session Road, Finteo Skylands offers city views. Complimentary private parking is available on site. "},"displayName":{"__typename":"TextWithTranslationTag","text":"Finteo Skylands","translationTag":{"__typename":"TranslationTag","translation":null}},"geniusInfo":null,"isInCompanyBudget":null,"location":{"__typename":"SearchResultsPropertyLocation","displayLocation":"Baguio","mainDistance":"0.6 miles from Session Road","publicTransportDistanceDescription":null,"skiLiftDistance":null,"beachDistance":null,"nearbyBeachNames":[],"beachWalkingTime":null,"geoDistanceMeters":null},"mealPlanIncluded":null,"persuasion":{"__typename":"SearchResultPersuasion","autoextended":false,"geniusRateAvailable":false,"highlighted":false,"preferred":false,"preferredPlus":false,"showNativeAdLabel":false,"nativeAdId":null,"nativeAdsCpc":null,"nativeAdsTracking":null,"bookedXTimesMessage":null,"sponsoredAdsData":null},"policies":{"__typename":"Policies","showFreeCancellation":false,"showNoPrepayment":false,"enableJapaneseUsersSpecialCase":null},"ribbon":null,"recommendedDate":{"__typename":"RecommendedDate","checkin":"","checkout":"","lengthOfStay":0},"showGeniusLoginMessage":false,"showPrivateHostMessage":false,"soldOutInfo":{"__typename":"SoldOutInfo","isSoldOut":false,"messages":[],"alternativeDatesMessages":[]},"nbWishlists":0,"visibilityBoosterEnabled":null,"showAdLabel":false,"isNewlyOpened":false,"propertySustainability":{"__typename":"SrPropertySustainability","isSustainable":false,"tier":{"__typename":"SrPropertySustainabilityTier","type":"NONE"},"facilities":null,"certifications":null,"chainProgrammes":null,"levelId":"L0"},"seoThemes":[],"relocationMode":null,"bundleRatesAvailable":null,"recommendedDatesLabel":null,"matchingUnitConfigurations":null,"blocks":[],"bookerExperienceContentUIComponentProps":[]},{"__typename":"SearchResultProperty","priceDisplayInfoIrene":null,"licenseDetails":null,"inferredLocationScore":0,"trackOnView":[],"topPhotos":[],"acceptsWalletCredit":false,"basicPropertyData":{"__typename":"BasicPropertyData","accommodationTypeId":204,"id":8126172,"isTestProperty":false,"location":{"__typename":"Location","address":"Lower General Luna","city":"Baguio City","countryCode":"ph"},"pageName":"olive-town-center-and","ufi":-2410361,"photos":{"__typename":"PropertyPhotos","main":{"__typename":"Photo","highResUrl":{"__typename":"PhotoResource","relativeUrl":"/xdata/images/hotel/square600/335584592.webp?k=b8fb8533c594f82ba05a3766fd32a41396dbc16bec945b32e0f01b2f580af4f0\u0026o="},"lowResUrl":{"__typename":"PhotoResource","relativeUrl":"/xdata/images/hotel/square200/335584592.webp?k=b8fb8533c594f82ba05a3766fd32a41396dbc16bec945b32e0f01b2f580af4f0\u0026o="},"highResJpegUrl":{"__typename":"PhotoResource","relativeUrl":"/xdata/images/hotel/square600/335584592.jpg?k=35bd5b776e64d88f0a6dff3d2c3a9675af1f4d30f01f7c4dbe0f0b0b483f72db\u0026o="},"lowResJpegUrl":{"__typename":"PhotoResource","relativeUrl":"/xdata/images/hotel/square200/335584592.jpg?k=35bd5b776e64d88f0a6dff3d2c3a9675af1f4d30f01f7c4dbe0f0b0b483f72db\u0026o="}}},"reviews":{"__typename":"Reviews","totalScore":8.5,"reviewsCount":221,"totalScoreTextTag":{"__typename":"TranslationTag","translation":"Very Good"},"showScore":true,"secondaryScore":0,"secondaryTextTag":{"__typename":"TranslationTag","translation":null},"showSecondaryScore":false},"externalReviews":null,"alternativeExternalReviews":null,"starRating":null,"isClosed":false,"paymentConfig":null},"badges":[],"customBadges":{"__typename":"CustomBadges","showIsWorkFriendly":false,"showParkAndFly":false,"showSkiToDoor":false,"showBhTravelCreditBadge":false,"showOnlineCheckinBadge":null},"description":{"__typename":"TextWithTranslationTag","text":"Located in Baguio, within a 9-minute walk of SM City Baguio and half a mile of Burnham Park, Olive Town Center and Hotel has accommodations with a terrace and free WiFi as well as free private parking..."},"displayName":{"__typename":"TextWithTranslationTag","text":"Olive Town Center and Hotel","translationTag":{"__typename":"TranslationTag","translation":null}},"geniusInfo":null,"isInCompanyBudget":null,"location":{"__typename":"SearchResultsPropertyLocation","displayLocation":"Baguio","mainDistance":"0.2 miles from Session Road","publicTransportDistanceDescription":null,"skiLiftDistance":null,"beachDistance":null,"nearbyBeachNames":[],"beachWalkingTime":null,"geoDistanceMeters":null},"mealPlanIncluded":null,"persuasion":{"__typename":"SearchResultPersuasion","autoextended":false,"geniusRateAvailable":false,"highlighted":false,"preferred":false,"preferredPlus":false,"showNativeAdLabel":false,"nativeAdId":null,"nativeAdsCpc":null,"nativeAdsTracking":null,"bookedXTimesMessage":null,"sponsoredAdsData":null},"policies":{"__typename":"Policies","showFreeCancellation":false,"showNoPrepayment":false,"enableJapaneseUsersSpecialCase":null},"ribbon":null,"recommendedDate":{"__typename":"RecommendedDate","checkin":"","checkout":"","lengthOfStay":0},"showGeniusLoginMessage":false,"showPrivateHostMessage":false,"soldOutInfo":{"__typename":"SoldOutInfo","isSoldOut":false,"messages":[],"alternativeDatesMessages":[]},"nbWishlists":0,"visibilityBoosterEnabled":null,"showAdLabel":false,"isNewlyOpened":false,"propertySustainability":{"__typename":"SrPropertySustainability","isSustainable":false,"tier":{"__typename":"SrPropertySustainabilityTier","type":"NONE"},"facilities":[{"__ref":"SrPropertySustainabilityFacility:436"},{"__ref":"SrPropertySustainabilityFacility:439"},{"__ref":"SrPropertySustainabilityFacility:440"},{"__ref":"SrPropertySustainabilityFacility:441"},{"__ref":"SrPropertySustainabilityFacility:442"},{"__ref":"SrPropertySustainabilityFacility:443"},{"__ref":"SrPropertySustainabilityFacility:445"},{"__ref":"SrPropertySustainabilityFacility:446"},{"__ref":"SrPropertySustainabilityFacility:448"},{"__ref":"SrPropertySustainabilityFacility:491"}],"certifications":null,"chainProgrammes":null,"levelId":"L0"},"seoThemes":[],"relocationMode":null,"bundleRatesAvailable":null,"recommendedDatesLabel":null,"matchingUnitConfigurations":null,"blocks":[],"bookerExperienceContentUIComponentProps":[]},{"__typename":"SearchResultProperty","priceDisplayInfoIrene":null,"licenseDetails":null,"inferredLocationScore":0,"trackOnView":[],"topPhotos":[],"acceptsWalletCredit":false,"basicPropertyData":{"__typename":"BasicPropertyData","accommodationTypeId":219,"id":10425691,"isTestProperty":false,"location":{"__typename":"Location","address":"Sandico Street","city":"Baguio","countryCode":"ph"},"pageName":"jcga-apartments-megatower-residences-iv","ufi":-2410361,"photos":{"__typename":"PropertyPhotos","main":{"__typename":"Photo","highResUrl":{"__typename":"PhotoResource","relativeUrl":"/xdata/images/hotel/square600/482691434.webp?k=17c56b5f4a4a207c1e164c6a0f58411be30114e29f9c3dedd8e3c9cc7ed1941d\u0026o="},"lowResUrl":{"__typename":"PhotoResource","relativeUrl":"/xdata/images/hotel/square200/482691434.webp?k=17c56b5f4a4a207c1e164c6a0f58411be30114e29f9c3dedd8e3c9cc7ed1941d\u0026o="},"highResJpegUrl":{"__typename":"PhotoResource","relativeUrl":"/xdata/images/hotel/square600/482691434.jpg?k=a79b448b0786a4534f735890d8d6768f5fefa4be89cc75cfd56c816111e7adee\u0026o="},"lowResJpegUrl":{"__typename":"PhotoResource","relativeUrl":"/xdata/images/hotel/square200/482691434.jpg?k=a79b448b0786a4534f735890d8d6768f5fefa4be89cc75cfd56c816111e7adee\u0026o="}}},"reviews":{"__typename":"Reviews","totalScore":8.7,"reviewsCount":6,"totalScoreTextTag":{"__typename":"TranslationTag","translation":"Excellent"},"showScore":true,"secondaryScore":10,"secondaryTextTag":{"__typename":"TranslationTag","translation":"Location"},"showSecondaryScore":true},"externalReviews":null,"alternativeExternalReviews":null,"starRating":{"__typename":"StarRating","value":3,"symbol":"NONE","caption":{"__typename":"TranslationTag","translation":null},"tocLink":{"__typename":"TranslationTag","translation":null},"showAdditionalInfoIcon":false},"isClosed":false,"paymentConfig":null},"badges":[],"customBadges":{"__typename":"CustomBadges","showIsWorkFriendly":false,"showParkAndFly":false,"showSkiToDoor":false,"showBhTravelCreditBadge":false,"showOnlineCheckinBadge":null},"description":{"__typename":"TextWithTranslationTag","text":"Located in Baguio, JCGA Apartments at Megatower Residences IV - Near SM \u0026 Session Rd provides accommodations 1.8 miles from Camp John Hay and 2.1 miles from Lourdes Grotto. "},"displayName":{"__typename":"TextWithTranslationTag","text":"JCGA Apartments at Megatower Residences IV - Near SM \u0026 Session Rd","translationTag":{"__typename":"TranslationTag","translation":null}},"geniusInfo":null,"isInCompanyBudget":null,"location":{"__typename":"SearchResultsPropertyLocation","displayLocation":"Baguio","mainDistance":"0.2 miles from Session Road","publicTransportDistanceDescription":null,"skiLiftDistance":null,"beachDistance":null,"nearbyBeachNames":[],"beachWalkingTime":null,"geoDistanceMeters":null},"mealPlanIncluded":null,"persuasion":{"__typename":"SearchResultPersuasion","autoextended":false,"geniusRateAvailable":false,"highlighted":false,"preferred":false,"preferredPlus":false,"showNativeAdLabel":false,"nativeAdId":null,"nativeAdsCpc":null,"nativeAdsTracking":null,"bookedXTimesMessage":null,"sponsoredAdsData":null},"policies":{"__typename":"Policies","showFreeCancellation":false,"showNoPrepayment":false,"enableJapaneseUsersSpecialCase":null},"ribbon":null,"recommendedDate":{"__typename":"RecommendedDate","checkin":"","checkout":"","lengthOfStay":0},"showGeniusLoginMessage":false,"showPrivateHostMessage":false,"soldOutInfo":{"__typename":"SoldOutInfo","isSoldOut":false,"messages":[],"alternativeDatesMessages":[]},"nbWishlists":0,"visibilityBoosterEnabled":null,"showAdLabel":false,"isNewlyOpened":true,"propertySustainability":{"__typename":"SrPropertySustainability","isSustainable":false,"tier":{"__typename":"SrPropertySustainabilityTier","type":"NONE"},"facilities":[{"__ref":"SrPropertySustainabilityFacility:489"},{"__ref":"SrPropertySustainabilityFacility:502"}],"certifications":null,"chainProgrammes":null,"levelId":"L0"},"seoThemes":[],"relocationMode":null,"bundleRatesAvailable":null,"recommendedDatesLabel":null,"matchingUnitConfigurations":null,"blocks":[],"bookerExperienceContentUIComponentProps":[]},{"__typename":"SearchResultProperty","priceDisplayInfoIrene":null,"licenseDetails":null,"inferredLocationScore":0,"trackOnView":[],"topPhotos":[],"acceptsWalletCredit":false,"basicPropertyData":{"__typename":"BasicPropertyData","accommodationTypeId":201,"id":2747142,"isTestProperty":false,"location":{"__typename":"Location","address":"3F-39 megatower residences sandico street salud brgy salud mitra","city":"baguio","countryCode":"ph"},"pageName":"megatower-residences-baguio","ufi":-2410361,"photos":{"__typename":"PropertyPhotos","main":{"__typename":"Photo","highResUrl":{"__typename":"PhotoResource","relativeUrl":"/xdata/images/hotel/square600/160823934.webp?k=4e03266b6b4a7034cd3b43f18542aee29cda6f79faca1235f7ec4e941f3ac6db\u0026o="},"lowResUrl":{"__typename":"PhotoResource","relativeUrl":"/xdata/images/hotel/square200/160823934.webp?k=4e03266b6b4a7034cd3b43f18542aee29cda6f79faca1235f7ec4e941f3ac6db\u0026o="},"highResJpegUrl":{"__typename":"PhotoResource","relativeUrl":"/xdata/images/hotel/square600/160823934.jpg?k=4a7b560340ce7c3afddf3f110f8a2ea27584a1717e0188c9951e9b6f00cafa13\u0026o="},"lowResJpegUrl":{"__typename":"PhotoResource","relativeUrl":"/xdata/images/hotel/square200/160823934.jpg?k=4a7b560340ce7c3afddf3f110f8a2ea27584a1717e0188c9951e9b6f00cafa13\u0026o="}}},"reviews":{"__typename":"Reviews","totalScore":8.8,"reviewsCount":55,"totalScoreTextTag":{"__typename":"TranslationTag","translation":"Excellent"},"showScore":true,"secondaryScore":9.4,"secondaryTextTag":{"__typename":"TranslationTag","translation":"Location"},"showSecondaryScore":true},"externalReviews":{"__typename":"ExternalReviews","totalScore":9,"reviewsCount":122,"showScore":true,"totalScoreTextTag":{"__typename":"TranslationTag","translation":"Wonderful"}},"alternativeExternalReviews":null,"starRating":{"__typename":"StarRating","value":3,"symbol":"NONE","caption":{"__typename":"TranslationTag","translation":null},"tocLink":{"__typename":"TranslationTag","translation":null},"showAdditionalInfoIcon":false},"isClosed":false,"paymentConfig":{"__typename":"PaymentConfig","installments":null}},"badges":[],"customBadges":{"__typename":"CustomBadges","showIsWorkFriendly":false,"showParkAndFly":false,"showSkiToDoor":false,"showBhTravelCreditBadge":false,"showOnlineCheckinBadge":null},"description":{"__typename":"TextWithTranslationTag","text":"Offering a terrace and city view, Daichi Place Megatower Residences is located in Baguio, a 11-minute walk from Mines View Park and 0.6 miles from Burnham Park. "},"displayName":{"__typename":"TextWithTranslationTag","text":"Daichi Place Megatower Residences","translationTag":{"__typename":"TranslationTag","translation":null}},"geniusInfo":null,"isInCompanyBudget":null,"location":{"__typename":"SearchResultsPropertyLocation","displayLocation":"Baguio","mainDistance":"0.2 miles from Session Road","publicTransportDistanceDescription":null,"skiLiftDistance":null,"beachDistance":null,"nearbyBeachNames":[],"beachWalkingTime":null,"geoDistanceMeters":null},"mealPlanIncluded":null,"persuasion":{"__typename":"SearchResultPersuasion","autoextended":false,"geniusRateAvailable":false,"highlighted":false,"preferred":true,"preferredPlus":false,"showNativeAdLabel":false,"nativeAdId":null,"nativeAdsCpc":null,"nativeAdsTracking":null,"bookedXTimesMessage":null,"sponsoredAdsData":null},"policies":{"__typename":"Policies","showFreeCancellation":false,"showNoPrepayment":false,"enableJapaneseUsersSpecialCase":null},"ribbon":null,"recommendedDate":{"__typename":"RecommendedDate","checkin":"","checkout":"","lengthOfStay":0},"showGeniusLoginMessage":false,"showPrivateHostMessage":false,"soldOutInfo":{"__typename":"SoldOutInfo","isSoldOut":false,"messages":[],"alternativeDatesMessages":[]},"nbWishlists":0,"visibilityBoosterEnabled":null,"showAdLabel":false,"isNewlyOpened":false,"propertySustainability":{"__typename":"SrPropertySustainability","isSustainable":false,"tier":{"__typename":"SrPropertySustainabilityTier","type":"NONE"},"facilities":null,"certifications":null,"chainProgrammes":null,"levelId":"L0"},"seoThemes":[],"relocationMode":null,"bundleRatesAvailable":null,"recommendedDatesLabel":null,"matchingUnitConfigurations":null,"blocks":[],"bookerExperienceContentUIComponentProps":[]},{"__typename":"SearchResultProperty","priceDisplayInfoIrene":null,"licenseDetails":null,"inferredLocationScore":0,"trackOnView":[],"topPhotos":[],"acceptsWalletCredit":false,"basicPropertyData":{"__typename":"BasicPropertyData","accommodationTypeId":204,"id":1820263,"isTestProperty":false,"location":{"__typename":"Location","address":"14-16 Otek Street, Rizal Monument, Benguet","city":"Baguio","countryCode":"ph"},"pageName":"paragon-and-suites","ufi":-2410361,"photos":{"__typename":"PropertyPhotos","main":{"__typename":"Photo","highResUrl":{"__typename":"PhotoResource","relativeUrl":"/xdata/images/hotel/square600/466646787.webp?k=8419a2dab38c8a2dd47a6181dc76a295a9afb56f04c03c8415d6deaf525c75cc\u0026o="},"lowResUrl":{"__typename":"PhotoResource","relativeUrl":"/xdata/images/hotel/square200/466646787.webp?k=8419a2dab38c8a2dd47a6181dc76a295a9afb56f04c03c8415d6deaf525c75cc\u0026o="},"highResJpegUrl":{"__typename":"PhotoResource","relativeUrl":"/xdata/images/hotel/square600/466646787.jpg?k=1a58311ebb129ce187243a6c49584a47c5b156ac66d37ee8f17ed5d3cbc74dbf\u0026o="},"lowResJpegUrl":{"__typename":"PhotoResource","relativeUrl":"/xdata/images/hotel/square200/466646787.jpg?k=1a58311ebb129ce187243a6c49584a47c5b156ac66d37ee8f17ed5d3cbc74dbf\u0026o="}}},"reviews":{"__typename":"Reviews","totalScore":8,"reviewsCount":99,"totalScoreTextTag":{"__typename":"TranslationTag","translation":"Very Good"},"showScore":true,"secondaryScore":0,"secondaryTextTag":{"__typename":"TranslationTag","translation":null},"showSecondaryScore":false},"externalReviews":null,"alternativeExternalReviews":null,"starRating":{"__typename":"StarRating","value":3,"symbol":"NONE","caption":{"__typename":"TranslationTag","translation":null},"tocLink":{"__typename":"TranslationTag","translation":null},"showAdditionalInfoIcon":false},"isClosed":false,"paymentConfig":{"__typename":"PaymentConfig","installments":null}},"badges":[],"customBadges":{"__typename":"CustomBadges","showIsWorkFriendly":false,"showParkAndFly":false,"showSkiToDoor":false,"showBhTravelCreditBadge":false,"showOnlineCheckinBadge":null},"description":{"__typename":"TextWithTranslationTag","text":"Featuring 3-star accommodations, Paragon Hotel and Suites is located in Baguio, a 5-minute walk from Burnham Park and 0.8 miles from SM City Baguio. "},"displayName":{"__typename":"TextWithTranslationTag","text":"Paragon Hotel and Suites","translationTag":{"__typename":"TranslationTag","translation":null}},"geniusInfo":null,"isInCompanyBudget":null,"location":{"__typename":"SearchResultsPropertyLocation","displayLocation":"Baguio","mainDistance":"0.4 miles from Session Road","publicTransportDistanceDescription":null,"skiLiftDistance":null,"beachDistance":null,"nearbyBeachNames":[],"beachWalkingTime":null,"geoDistanceMeters":null},"mealPlanIncluded":null,"persuasion":{"__typename":"SearchResultPersuasion","autoextended":false,"geniusRateAvailable":false,"highlighted":false,"preferred":false,"preferredPlus":false,"showNativeAdLabel":false,"nativeAdId":null,"nativeAdsCpc":null,"nativeAdsTracking":null,"bookedXTimesMessage":null,"sponsoredAdsData":null},"policies":{"__typename":"Policies","showFreeCancellation":false,"showNoPrepayment":false,"enableJapaneseUsersSpecialCase":null},"ribbon":null,"recommendedDate":{"__typename":"RecommendedDate","checkin":"","checkout":"","lengthOfStay":0},"showGeniusLoginMessage":false,"showPrivateHostMessage":false,"soldOutInfo":{"__typename":"SoldOutInfo","isSoldOut":false,"messages":[],"alternativeDatesMessages":[]},"nbWishlists":0,"visibilityBoosterEnabled":null,"showAdLabel":false,"isNewlyOpened":false,"propertySustainability":{"__typename":"SrPropertySustainability","isSustainable":false,"tier":{"__typename":"SrPropertySustainabilityTier","type":"NONE"},"facilities":null,"certifications":null,"chainProgrammes":null,"levelId":"L0"},"seoThemes":[],"relocationMode":null,"bundleRatesAvailable":null,"recommendedDatesLabel":null,"matchingUnitConfigurations":null,"blocks":[],"bookerExperienceContentUIComponentProps":[]},{"__typename":"SearchResultProperty","priceDisplayInfoIrene":null,"licenseDetails":null,"inferredLocationScore":0,"trackOnView":[],"topPhotos":[],"acceptsWalletCredit":false,"basicPropertyData":{"__typename":"BasicPropertyData","accommodationTypeId":222,"id":8170080,"isTestProperty":false,"location":{"__typename":"Location","address":"35a Montinola Subd. Burnham Hill condo Legarda Rd.","city":"Baguio","countryCode":"ph"},"pageName":"krystalclaine-homestay","ufi":-2410361,"photos":{"__typename":"PropertyPhotos","main":{"__typename":"Photo","highResUrl":{"__typename":"PhotoResource","relativeUrl":"/xdata/images/hotel/square600/351548981.webp?k=608923504cfb6ce791a60f972ebd54718f513cbfbcafeef5c2716ff87d879da6\u0026o="},"lowResUrl":{"__typename":"PhotoResource","relativeUrl":"/xdata/images/hotel/square200/351548981.webp?k=608923504cfb6ce791a60f972ebd54718f513cbfbcafeef5c2716ff87d879da6\u0026o="},"highResJpegUrl":{"__typename":"PhotoResource","relativeUrl":"/xdata/images/hotel/square600/351548981.jpg?k=2d8deb96fb19aa7c63f547ad153f89808593c2dfdec6a9efa3f8d13c7d6f043f\u0026o="},"lowResJpegUrl":{"__typename":"PhotoResource","relativeUrl":"/xdata/images/hotel/square200/351548981.jpg?k=2d8deb96fb19aa7c63f547ad153f89808593c2dfdec6a9efa3f8d13c7d6f043f\u0026o="}}},"reviews":{"__typename":"Reviews","totalScore":8.5,"reviewsCount":34,"totalScoreTextTag":{"__typename":"TranslationTag","translation":"Very Good"},"showScore":true,"secondaryScore":0,"secondaryTextTag":{"__typename":"TranslationTag","translation":null},"showSecondaryScore":false},"externalReviews":null,"alternativeExternalReviews":null,"starRating":null,"isClosed":false,"paymentConfig":{"__typename":"PaymentConfig","installments":null}},"badges":[],"customBadges":{"__typename":"CustomBadges","showIsWorkFriendly":false,"showParkAndFly":false,"showSkiToDoor":false,"showBhTravelCreditBadge":false,"showOnlineCheckinBadge":null},"description":{"__typename":"TextWithTranslationTag","text":"Krystal Claine Homestay-BURNHAM HILL is located in Baguio, a 3-minute walk from Burnham Park, 0.7 miles from SM City Baguio, as well as one mile from Mines View Park. "},"displayName":{"__typename":"TextWithTranslationTag","text":"Krystal Claine Homestay-BURNHAM HILL","translationTag":{"__typename":"TranslationTag","translation":null}},"geniusInfo":null,"isInCompanyBudget":null,"location":{"__typename":"SearchResultsPropertyLocation","displayLocation":"Baguio","mainDistance":"0.3 miles from Session Road","publicTransportDistanceDescription":null,"skiLiftDistance":null,"beachDistance":null,"nearbyBeachNames":[],"beachWalkingTime":null,"geoDistanceMeters":null},"mealPlanIncluded":null,"persuasion":{"__typename":"SearchResultPersuasion","autoextended":false,"geniusRateAvailable":false,"highlighted":false,"preferred":true,"preferredPlus":false,"showNativeAdLabel":false,"nativeAdId":null,"nativeAdsCpc":null,"nativeAdsTracking":null,"bookedXTimesMessage":null,"sponsoredAdsData":null},"policies":{"__typename":"Policies","showFreeCancellation":false,"showNoPrepayment":false,"enableJapaneseUsersSpecialCase":null},"ribbon":null,"recommendedDate":{"__typename":"RecommendedDate","checkin":"","checkout":"","lengthOfStay":0},"showGeniusLoginMessage":false,"showPrivateHostMessage":false,"soldOutInfo":{"__typename":"SoldOutInfo","isSoldOut":false,"messages":[],"alternativeDatesMessages":[]},"nbWishlists":0,"visibilityBoosterEnabled":null,"showAdLabel":false,"isNewlyOpened":false,"propertySustainability":{"__typename":"SrPropertySustainability","isSustainable":true,"tier":{"__typename":"SrPropertySustainabilityTier","type":"SILVER"},"facilities":[{"__ref":"SrPropertySustainabilityFacility:435"},{"__ref":"SrPropertySustainabilityFacility:436"},{"__ref":"SrPropertySustainabilityFacility:439"},{"__ref":"SrPropertySustainabilityFacility:440"},{"__ref":"SrPropertySustainabilityFacility:441"},{"__ref":"SrPropertySustainabilityFacility:442"},{"__ref":"SrPropertySustainabilityFacility:443"},{"__ref":"SrPropertySustainabilityFacility:445"},{"__ref":"SrPropertySustainabilityFacility:446"},{"__ref":"SrPropertySustainabilityFacility:491"},{"__ref":"SrPropertySustainabilityFacility:492"},{"__ref":"SrPropertySustainabilityFacility:493"},{"__ref":"SrPropertySustainabilityFacility:504"}],"certifications":null,"chainProgrammes":null,"levelId":"L2"},"seoThemes":[],"relocationMode":null,"bundleRatesAvailable":null,"recommendedDatesLabel":null,"matchingUnitConfigurations":null,"blocks":[],"bookerExperienceContentUIComponentProps":[]}],"searchMeta":{"__typename":"SearchMeta","availabilityInfo":{"__typename":"AvailabilityInfo","hasLowAvailability":false,"unavailabilityPercent":0,"totalAvailableNotAutoextended":571},"boundingBoxes":[{"__typename":"BoundingBox","swLat":16.345181,"swLon":120.47289180000001,"neLat":16.5006725,"neLon":120.689005,"type":"SMART_AV"},{"__typename":"BoundingBox","swLat":16.4042383035276,"swLon":120.58870822191193,"neLat":16.415815898812,"neLon":120.60249209403992,"type":"MARKERS_ON_MAP"}],"childrenAges":[],"dates":null,"destId":261060,"destType":"LANDMARK","maxLengthOfStayInDays":90,"nbRooms":1,"nbAdults":2,"nbChildren":0,"userHasSelectedFilters":false,"customerValueStatus":"","affiliatePartnerChannelId":3,"affiliateVerticalType":"CHANNEL_DIRECT","affiliateName":"Bookings internal"},"sorters":[{"__typename":"Sorter","option":{"__typename":"SorterOption","name":"popularity","captionTranslationTag":{"__typename":"TranslationTag","translation":"Our Top Picks"},"tooltipTranslationTag":{"__typename":"TranslationTag","translation":null},"selected":true}},{"__typename":"Sorter","option":{"__typename":"SorterOption","name":"upsort_bh","captionTranslationTag":{"__typename":"TranslationTag","translation":"Homes \u0026 apartments first"},"tooltipTranslationTag":{"__typename":"TranslationTag","translation":"Looking for privacy? See entire places first"},"selected":false}},{"__typename":"Sorter","option":{"__typename":"SorterOption","name":"class","captionTranslationTag":{"__typename":"TranslationTag","translation":"Property rating (high to low)"},"tooltipTranslationTag":{"__typename":"TranslationTag","translation":null},"selected":false}},{"__typename":"Sorter","option":{"__typename":"SorterOption","name":"class_asc","captionTranslationTag":{"__typename":"TranslationTag","translation":"Property rating (low to high)"},"tooltipTranslationTag":{"__typename":"TranslationTag","translation":null},"selected":false}},{"__typename":"Sorter","option":{"__typename":"SorterOption","name":"distance_from_search","captionTranslationTag":{"__typename":"TranslationTag","translation":"Distance from landmark"},"tooltipTranslationTag":{"__typename":"TranslationTag","translation":null},"selected":false}},{"__typename":"Sorter","option":{"__typename":"SorterOption","name":"score","captionTranslationTag":{"__typename":"TranslationTag","translation":"Top Reviewed"},"tooltipTranslationTag":{"__typename":"TranslationTag","translation":null},"selected":false}}],"oneOfThreeDeal":null,"zeroResultsSection":{"__typename":"ZeroResultsSection","title":null,"primaryAction":null,"paragraphs":[],"type":null},"rocketmilesSearchUuid":null,"previousSearches":null,"frontierThemes":null}},"geniusVipEnrolledProgram({\"input\":{\"enableEnroll\":true,\"page\":\"SEARCH_RESULTS\"}})":{"__typename":"GeniusVipNoEnrolledProgram"},"productShell({\"input\":{\"product\":\"ACCOMMODATIONS\"}})":{"__typename":"ProductShellOutput","products":[{"__ref":"Link:accommodations"},{"__ref":"Link:flights"},{"__ref":"Link:packages"},{"__ref":"Link:cars"},{"__ref":"Link:attractions"},{"__ref":"Link:airport_taxis"}],"links":[{"__ref":"Link:logo"},{"__ref":"Link:sign_in"},{"__ref":"Link:register"},{"__ref":"Link:sign_out"},{"__ref":"Link:dashboard"},{"__ref":"Link:settings"},{"__ref":"Link:bookings"},{"__ref":"Link:manage_your_trips"},{"__ref":"Link:rewards_wallet"},{"__ref":"Link:terms_and_conditions"},{"__ref":"Link:privacy"},{"__ref":"Link:help_center"},{"__ref":"Link:travel_articles"},{"__ref":"Link:travel_communities"},{"__ref":"Link:about"},{"__ref":"Link:careers"},{"__ref":"Link:press_center"},{"__ref":"Link:legal"},{"__ref":"Link:covid19_info"},{"__ref":"Link:trust_and_safety"},{"__ref":"Link:genius_loyalty"},{"__ref":"Link:deals_index"},{"__ref":"Link:booking_business"},{"__ref":"Link:extranet_login_footer"},{"__ref":"Link:partner_help_footer"},{"__ref":"Link:become_affiliate"},{"__ref":"Link:how_we_work"},{"__ref":"Link:sustainability"},{"__ref":"Link:investor_relations"},{"__ref":"Link:corp_contact"},{"__ref":"Link:compliance_and_ethics"},{"__ref":"Link:dispute_resolution"},{"__ref":"Link:list_your_property_footer"},{"__ref":"Link:country"},{"__ref":"Link:region"},{"__ref":"Link:city"},{"__ref":"Link:district"},{"__ref":"Link:airport"},{"__ref":"Link:hotel"},{"__ref":"Link:landmark"},{"__ref":"Link:booking_home"},{"__ref":"Link:apartments"},{"__ref":"Link:resorts"},{"__ref":"Link:villas"},{"__ref":"Link:hostels"},{"__ref":"Link:bed_and_breakfast"},{"__ref":"Link:guest_house"},{"__ref":"Link:unique_places"},{"__ref":"Link:monthly_stays"},{"__ref":"Link:reviews"},{"__ref":"Link:my_wishlist"},{"__ref":"Link:my_reviews"},{"__ref":"Link:traveller_awards"},{"__ref":"Link:car_hire"},{"__ref":"Link:flight_finder"},{"__ref":"Link:restaurant_reservations"},{"__ref":"Link:travel_agents"}],"languages":{"__typename":"Languages","all":[{"__ref":"Language:{\"code\":\"en-gb\"}"},{"__ref":"Language:{\"code\":\"en-us\"}"},{"__ref":"Language:{\"code\":\"de\"}"},{"__ref":"Language:{\"code\":\"nl\"}"},{"__ref":"Language:{\"code\":\"fr\"}"},{"__ref":"Language:{\"code\":\"es\"}"},{"__ref":"Language:{\"code\":\"es-ar\"}"},{"__ref":"Language:{\"code\":\"es-mx\"}"},{"__ref":"Language:{\"code\":\"ca\"}"},{"__ref":"Language:{\"code\":\"it\"}"},{"__ref":"Language:{\"code\":\"pt-pt\"}"},{"__ref":"Language:{\"code\":\"pt-br\"}"},{"__ref":"Language:{\"code\":\"no\"}"},{"__ref":"Language:{\"code\":\"fi\"}"},{"__ref":"Language:{\"code\":\"sv\"}"},{"__ref":"Language:{\"code\":\"da\"}"},{"__ref":"Language:{\"code\":\"cs\"}"},{"__ref":"Language:{\"code\":\"hu\"}"},{"__ref":"Language:{\"code\":\"ro\"}"},{"__ref":"Language:{\"code\":\"ja\"}"},{"__ref":"Language:{\"code\":\"zh-cn\"}"},{"__ref":"Language:{\"code\":\"zh-tw\"}"},{"__ref":"Language:{\"code\":\"pl\"}"},{"__ref":"Language:{\"code\":\"el\"}"},{"__ref":"Language:{\"code\":\"ru\"}"},{"__ref":"Language:{\"code\":\"tr\"}"},{"__ref":"Language:{\"code\":\"bg\"}"},{"__ref":"Language:{\"code\":\"ar\"}"},{"__ref":"Language:{\"code\":\"ko\"}"},{"__ref":"Language:{\"code\":\"he\"}"},{"__ref":"Language:{\"code\":\"lv\"}"},{"__ref":"Language:{\"code\":\"uk\"}"},{"__ref":"Language:{\"code\":\"hi\"}"},{"__ref":"Language:{\"code\":\"id\"}"},{"__ref":"Language:{\"code\":\"ms\"}"},{"__ref":"Language:{\"code\":\"th\"}"},{"__ref":"Language:{\"code\":\"et\"}"},{"__ref":"Language:{\"code\":\"hr\"}"},{"__ref":"Language:{\"code\":\"lt\"}"},{"__ref":"Language:{\"code\":\"sk\"}"},{"__ref":"Language:{\"code\":\"sr\"}"},{"__ref":"Language:{\"code\":\"sl\"}"},{"__ref":"Language:{\"code\":\"vi\"}"},{"__ref":"Language:{\"code\":\"tl\"}"},{"__ref":"Language:{\"code\":\"is\"}"}],"popular":[{"__ref":"Language:{\"code\":\"en-us\"}"},{"__ref":"Language:{\"code\":\"en-gb\"}"},{"__ref":"Language:{\"code\":\"es\"}"},{"__ref":"Language:{\"code\":\"zh-cn\"}"},{"__ref":"Language:{\"code\":\"ru\"}"},{"__ref":"Language:{\"code\":\"ja\"}"}],"selectedLanguage":"en-us"},"currencies":{"__typename":"Currencies","all":[{"__ref":"Currency:{\"code\":\"hotel_currency\"}"},{"__ref":"Currency:{\"code\":\"ARS\"}"},{"__ref":"Currency:{\"code\":\"AUD\"}"},{"__ref":"Currency:{\"code\":\"AZN\"}"},{"__ref":"Currency:{\"code\":\"BHD\"}"},{"__ref":"Currency:{\"code\":\"BRL\"}"},{"__ref":"Currency:{\"code\":\"BGN\"}"},{"__ref":"Currency:{\"code\":\"CAD\"}"},{"__ref":"Currency:{\"code\":\"CLP\"}"},{"__ref":"Currency:{\"code\":\"CNY\"}"},{"__ref":"Currency:{\"code\":\"COP\"}"},{"__ref":"Currency:{\"code\":\"CZK\"}"},{"__ref":"Currency:{\"code\":\"DKK\"}"},{"__ref":"Currency:{\"code\":\"EGP\"}"},{"__ref":"Currency:{\"code\":\"EUR\"}"},{"__ref":"Currency:{\"code\":\"FJD\"}"},{"__ref":"Currency:{\"code\":\"GEL\"}"},{"__ref":"Currency:{\"code\":\"HKD\"}"},{"__ref":"Currency:{\"code\":\"HUF\"}"},{"__ref":"Currency:{\"code\":\"INR\"}"},{"__ref":"Currency:{\"code\":\"IDR\"}"},{"__ref":"Currency:{\"code\":\"ILS\"}"},{"__ref":"Currency:{\"code\":\"JPY\"}"},{"__ref":"Currency:{\"code\":\"JOD\"}"},{"__ref":"Currency:{\"code\":\"KZT\"}"},{"__ref":"Currency:{\"code\":\"KWD\"}"},{"__ref":"Currency:{\"code\":\"MYR\"}"},{"__ref":"Currency:{\"code\":\"MXN\"}"},{"__ref":"Currency:{\"code\":\"MDL\"}"},{"__ref":"Currency:{\"code\":\"NAD\"}"},{"__ref":"Currency:{\"code\":\"TWD\"}"},{"__ref":"Currency:{\"code\":\"NZD\"}"},{"__ref":"Currency:{\"code\":\"NOK\"}"},{"__ref":"Currency:{\"code\":\"OMR\"}"},{"__ref":"Currency:{\"code\":\"PLN\"}"},{"__ref":"Currency:{\"code\":\"GBP\"}"},{"__ref":"Currency:{\"code\":\"QAR\"}"},{"__ref":"Currency:{\"code\":\"RON\"}"},{"__ref":"Currency:{\"code\":\"RUB\"}"},{"__ref":"Currency:{\"code\":\"SAR\"}"},{"__ref":"Currency:{\"code\":\"SGD\"}"},{"__ref":"Currency:{\"code\":\"ZAR\"}"},{"__ref":"Currency:{\"code\":\"KRW\"}"},{"__ref":"Currency:{\"code\":\"SEK\"}"},{"__ref":"Currency:{\"code\":\"CHF\"}"},{"__ref":"Currency:{\"code\":\"THB\"}"},{"__ref":"Currency:{\"code\":\"TRY\"}"},{"__ref":"Currency:{\"code\":\"USD\"}"},{"__ref":"Currency:{\"code\":\"UAH\"}"},{"__ref":"Currency:{\"code\":\"AED\"}"},{"__ref":"Currency:{\"code\":\"XOF\"}"}],"top":[{"__ref":"Currency:{\"code\":\"USD\"}"},{"__ref":"Currency:{\"code\":\"INR\"}"},{"__ref":"Currency:{\"code\":\"EUR\"}"},{"__ref":"Currency:{\"code\":\"GBP\"}"},{"__ref":"Currency:{\"code\":\"AUD\"}"},{"__ref":"Currency:{\"code\":\"CAD\"}"},{"__ref":"Currency:{\"code\":\"THB\"}"}]},"guestAccount":null,"affiliateSettings":null},"incentiveQueries":{"__typename":"IncentiveQueries","IncentiveDetailsV1":{"__typename":"IncentiveDetails","isEmpty":true,"autoApply":null,"campaign_tag":null,"coupon_code":null,"source":null,"componentsConfig":null}},"merchComponents({\"input\":{\"pageInput\":{\"searchResultsPageInput\":{\"destId\":261060,\"destType\":\"LANDMARK\"}},\"regionsIds\":[\"sr_global_alerts\"]}})":{"__typename":"MerchComponentsResult","regions":[]}},"SrPropertySustainabilityFacility:436":{"id":436,"__typename":"SrPropertySustainabilityFacility"},"SrPropertySustainabilityFacility:445":{"id":445,"__typename":"SrPropertySustainabilityFacility"},"SrPropertySustainabilityFacility:446":{"id":446,"__typename":"SrPropertySustainabilityFacility"},"SrPropertySustainabilityFacility:502":{"id":502,"__typename":"SrPropertySustainabilityFacility"},"SrPropertySustainabilityFacility:439":{"id":439,"__typename":"SrPropertySustainabilityFacility"},"SrPropertySustainabilityFacility:440":{"id":440,"__typename":"SrPropertySustainabilityFacility"},"SrPropertySustainabilityFacility:442":{"id":442,"__typename":"SrPropertySustainabilityFacility"},"SrPropertySustainabilityFacility:443":{"id":443,"__typename":"SrPropertySustainabilityFacility"},"SrPropertySustainabilityFacility:444":{"id":444,"__typename":"SrPropertySustainabilityFacility"},"SrPropertySustainabilityFacility:448":{"id":448,"__typename":"SrPropertySustainabilityFacility"},"SrPropertySustainabilityFacility:490":{"id":490,"__typename":"SrPropertySustainabilityFacility"},"SrPropertySustainabilityFacility:491":{"id":491,"__typename":"SrPropertySustainabilityFacility"},"SrPropertySustainabilityFacility:492":{"id":492,"__typename":"SrPropertySustainabilityFacility"},"SrPropertySustainabilityFacility:493":{"id":493,"__typename":"SrPropertySustainabilityFacility"},"SrPropertySustainabilityFacility:494":{"id":494,"__typename":"SrPropertySustainabilityFacility"},"SrPropertySustainabilityFacility:496":{"id":496,"__typename":"SrPropertySustainabilityFacility"},"SrPropertySustainabilityFacility:499":{"id":499,"__typename":"SrPropertySustainabilityFacility"},"SrPropertySustainabilityFacility:503":{"id":503,"__typename":"SrPropertySustainabilityFacility"},"SrPropertySustainabilityFacility:506":{"id":506,"__typename":"SrPropertySustainabilityFacility"},"SrPropertySustainabilityFacility:182":{"id":182,"__typename":"SrPropertySustainabilityFacility"},"SrPropertySustainabilityFacility:500":{"id":500,"__typename":"SrPropertySustainabilityFacility"},"SrPropertySustainabilityFacility:489":{"id":489,"__typename":"SrPropertySustainabilityFacility"},"SrPropertySustainabilityFacility:497":{"id":497,"__typename":"SrPropertySustainabilityFacility"},"SrPropertySustainabilityFacility:505":{"id":505,"__typename":"SrPropertySustainabilityFacility"},"SrPropertySustainabilityFacility:435":{"id":435,"__typename":"SrPropertySustainabilityFacility"},"SrPropertySustainabilityFacility:441":{"id":441,"__typename":"SrPropertySustainabilityFacility"},"SrPropertySustainabilityFacility:495":{"id":495,"__typename":"SrPropertySustainabilityFacility"},"SrPropertySustainabilityFacility:504":{"id":504,"__typename":"SrPropertySustainabilityFacility"},"Link:accommodations":{"id":"accommodations","__typename":"Link","label":"Stays","url":"https://www.booking.com/index.html","icon":"building_house"},"Link:flights":{"id":"flights","__typename":"Link","label":"Flights","url":"https://booking.com/flights/index.html?sid=4d6ba12c187d02b81beec9d404a74d7f","icon":"airplane"},"Link:packages":{"id":"packages","__typename":"Link","label":"Flight + Hotel","url":"https://www.booking.com/packages.html?sid=4d6ba12c187d02b81beec9d404a74d7f\u0026aid=304142\u0026label=gen000nr-10CAQoggJCD2xhbmRtYXJrXzI2MTA2MEgzWARo7AGIAQGYATO4AQXIAQXYAQPoAQH4AQGIAgGoAgG4AtrfkKgGwAIB0gIkOWIzM2E5MTMtNDMwZC00YzZmLTg5Y2ItZmU2OWJjYjc3MDc02AIB4AIB\u0026_use_ampersand_separator=1\u0026_I_mean_really_use_ampersand_separator=1","icon":"suitcase"},"Link:cars":{"id":"cars","__typename":"Link","label":"Car rentals","url":"https://www.booking.com/cars/index.html","icon":"car_front"},"Link:attractions":{"id":"attractions","__typename":"Link","label":"Attractions","url":"https://www.booking.com/attractions/index.html","icon":"attractions"},"Link:airport_taxis":{"id":"airport_taxis","__typename":"Link","label":"Airport taxis","url":"https://www.booking.com/taxi/index.html","icon":"taxi"},"Link:logo":{"id":"logo","__typename":"Link","label":"Booking.com","subLabel":null,"url":"https://www.booking.com/index.html","icon":"logo","attributes":null},"Link:sign_in":{"id":"sign_in","__typename":"Link","label":"Sign in","subLabel":null,"url":"https://account.booking.com/auth/oauth2","icon":"user","attributes":{"__typename":"ShellAuthLinkAttributes","callback":null,"clientId":"vO1Kblk7xX9tUn2cpZLS","csrfToken":"GmgEZQAAAAA=DCwzLSL8-Qc7wDCR_kNwN6W5y1aVcGmWBsi1qc0b_3pxcp6bWAShXRO2jX_Kx_s1OF8YszcSmVrVsYsrtlcl3xJMWNQ2bALLvVzP7mH2rjHMTLB6EGobBphx2qIDfko6JyL0iJGl5b5a-cJ-1l1CKTX8KzsLScpi_v7INm6_dTrxaRRozeAm9YZWWkwRFMgHltDkFrb7mGjl01Dz-gOgvDwsLp_nwkAfwjWfzg","redirectUri":"https://www.booking.com/searchresults.html?dest_id=261060\u0026dest_type=landmark\u0026si=ai%2Cco%2Cci%2Cre%2Cla%2Cdi","state":null}},"Link:register":{"id":"register","__typename":"Link","label":"Register","subLabel":null,"url":"https://account.booking.com/auth/oauth2","icon":null,"attributes":{"__typename":"ShellAuthLinkAttributes","callback":null,"clientId":"vO1Kblk7xX9tUn2cpZLS","csrfToken":"GmgEZQAAAAA=DCwzLSL8-Qc7wDCR_kNwN6W5y1aVcGmWBsi1qc0b_3pxcp6bWAShXRO2jX_Kx_s1OF8YszcSmVrVsYsrtlcl3xJMWNQ2bALLvVzP7mH2rjHMTLB6EGobBphx2qIDfko6JyL0iJGl5b5a-cJ-1l1CKTX8KzsLScpi_v7INm6_dTrxaRRozeAm9YZWWkwRFMgHltDkFrb7mGjl01Dz-gOgvDwsLp_nwkAfwjWfzg","redirectUri":"https://www.booking.com/searchresults.html?dest_id=261060\u0026dest_type=landmark\u0026si=ai%2Cco%2Cci%2Cre%2Cla%2Cdi","state":null}},"Link:sign_out":{"id":"sign_out","__typename":"Link","label":"Sign out","subLabel":null,"url":"https://account.booking.com/sso/logout/v2","icon":"sign-out","attributes":{"__typename":"ShellAuthLinkAttributes","callback":"https://secure.booking.com/login.html?op=oauth_return","clientId":"vO1Kblk7xX9tUn2cpZLS","csrfToken":"GmgEZQAAAAA=DCwzLSL8-Qc7wDCR_kNwN6W5y1aVcGmWBsi1qc0b_3pxcp6bWAShXRO2jX_Kx_s1OF8YszcSmVrVsYsrtlcl3xJMWNQ2bALLvVzP7mH2rjHMTLB6EGobBphx2qIDfko6JyL0iJGl5b5a-cJ-1l1CKTX8KzsLScpi_v7INm6_dTrxaRRozeAm9YZWWkwRFMgHltDkFrb7mGjl01Dz-gOgvDwsLp_nwkAfwjWfzg","redirectUri":"https://www.booking.com/searchresults.html?dest_id=261060\u0026dest_type=landmark\u0026si=ai%2Cco%2Cci%2Cre%2Cla%2Cdi","state":"UpgCnPCIIMj4ET_lfR8DARsauT1dTtJOFhFD0Pj7OhkfFVgDcOuDbAxvpFagS6YW6WebdSDImY62HpFrdk-m2KOaMG85tdDBIkaJDyxdT7wQLRoH_Rtpe57LHhz-PuU9CwGyO0ucZ1h1CLPNwYt_ZgQyZ1LQjD6D-k8542A5_NEEw6OsBEi6b0EexZMG7b4uZsYcXcDNMlef4dIogbjDUfQLvKKLdUS3fxeKZ8Xmqv6KgskCbKZ9KSKhB5FewmoxVZz6rQXGaGKwL4WQmkMOU_TWp--MkU8DmOYLsp7gofAF53NiiPNtehN0ZkscC_lhrqU7zqAMPCDQd4yBfSRj9JlNAljPBvBSGZuEt1PFlnTKxMhJrGn90BVqvw"}},"Link:dashboard":{"id":"dashboard","__typename":"Link","label":"My Dashboard","subLabel":null,"url":"https://secure.booking.com/mydashboard.html","icon":null,"attributes":null},"Link:settings":{"id":"settings","__typename":"Link","label":"Manage account","subLabel":null,"url":"https://secure.booking.com/mysettings.html","icon":null,"attributes":null},"Link:bookings":{"id":"bookings","__typename":"Link","label":"Bookings \u0026 Trips","subLabel":null,"url":"https://secure.booking.com/myreservations.html","icon":"suitcase","attributes":null},"Link:manage_your_trips":{"id":"manage_your_trips","__typename":"Link","label":"Manage your trips","subLabel":null,"url":"https://secure.booking.com/content/cs.html","icon":null,"attributes":null},"Link:rewards_wallet":{"id":"rewards_wallet","__typename":"Link","label":"Rewards \u0026 Wallet","subLabel":null,"url":"https://secure.booking.com/rewards_and_wallet.html","icon":"wallet","attributes":null},"Link:terms_and_conditions":{"id":"terms_and_conditions","__typename":"Link","label":"Terms \u0026 conditions","subLabel":null,"url":"https://www.booking.com/content/terms.html","icon":null,"attributes":null},"Link:privacy":{"id":"privacy","__typename":"Link","label":"Privacy \u0026 cookies","subLabel":null,"url":"https://www.booking.com/content/privacy.html","icon":null,"attributes":null},"Link:help_center":{"id":"help_center","__typename":"Link","label":"Customer Service help","subLabel":null,"url":"https://secure.booking.com/content/cs.html","icon":"help_center","attributes":null},"Link:travel_articles":{"id":"travel_articles","__typename":"Link","label":"Travel articles","subLabel":null,"url":"https://www.booking.com/articles.html","icon":"book","attributes":null},"Link:travel_communities":{"id":"travel_communities","__typename":"Link","label":"Travel communities","subLabel":null,"url":"https://community.booking.com/","icon":"group","attributes":null},"Link:about":{"id":"about","__typename":"Link","label":"About Booking.com","subLabel":null,"url":"https://www.booking.com/general.html","icon":"info_sign","attributes":null},"Link:careers":{"id":"careers","__typename":"Link","label":"Careers","subLabel":null,"url":"https://careers.booking.com","icon":"job_search_profile","attributes":null},"Link:press_center":{"id":"press_center","__typename":"Link","label":"Press center","subLabel":null,"url":"https://news.booking.com/en-us","icon":"newspapers","attributes":null},"Link:legal":{"id":"legal","__typename":"Link","label":"Legal","subLabel":null,"url":"https://www.booking.com/content/legal.html","icon":"comparison","attributes":null},"Link:covid19_info":{"id":"covid19_info","__typename":"Link","label":"Coronavirus (COVID-19) FAQs","subLabel":null,"url":"https://www.booking.com/covid_19.html","icon":null,"attributes":null},"Link:trust_and_safety":{"id":"trust_and_safety","__typename":"Link","label":"Safety Resource Center","subLabel":null,"url":"https://www.booking.com/trust_and_safety.html","icon":null,"attributes":null},"Link:genius_loyalty":{"id":"genius_loyalty","__typename":"Link","label":"Genius loyalty program","subLabel":null,"url":"https://www.booking.com/genius.html","icon":null,"attributes":null},"Link:deals_index":{"id":"deals_index","__typename":"Link","label":"Seasonal and holiday deals","subLabel":null,"url":"https://www.booking.com/deals_index.html","icon":null,"attributes":null},"Link:booking_business":{"id":"booking_business","__typename":"Link","label":"Booking.com for Business","subLabel":null,"url":"https://business.booking.com","icon":null,"attributes":null},"Link:extranet_login_footer":{"id":"extranet_login_footer","__typename":"Link","label":"Extranet login","subLabel":null,"url":"https://admin.booking.com","icon":null,"attributes":null},"Link:partner_help_footer":{"id":"partner_help_footer","__typename":"Link","label":"Partner help","subLabel":null,"url":"https://partner.booking.com/en-us","icon":null,"attributes":null},"Link:become_affiliate":{"id":"become_affiliate","__typename":"Link","label":"Become an affiliate","subLabel":null,"url":"https://www.booking.com/affiliate-program/v2/index.html","icon":null,"attributes":null},"Link:how_we_work":{"id":"how_we_work","__typename":"Link","label":"How We Work","subLabel":null,"url":"https://www.booking.com/content/how_we_work.html","icon":null,"attributes":null},"Link:sustainability":{"id":"sustainability","__typename":"Link","label":"Sustainability","subLabel":null,"url":"https://www.sustainability.booking.com/","icon":null,"attributes":null},"Link:investor_relations":{"id":"investor_relations","__typename":"Link","label":"Investor relations","subLabel":null,"url":"https://www.bookingholdings.com/","icon":null,"attributes":null},"Link:corp_contact":{"id":"corp_contact","__typename":"Link","label":"Corporate contact","subLabel":null,"url":"https://www.booking.com/content/contact-us.html","icon":null,"attributes":null},"Link:compliance_and_ethics":{"id":"compliance_and_ethics","__typename":"Link","label":"MSA statement","subLabel":null,"url":"https://www.bookingholdings.com/about/compliance-and-ethics/","icon":null,"attributes":null},"Link:dispute_resolution":{"id":"dispute_resolution","__typename":"Link","label":"Dispute resolution","subLabel":null,"url":"https://secure.booking.com/content/complaints.html","icon":null,"attributes":null},"Link:list_your_property_footer":{"id":"list_your_property_footer","__typename":"Link","label":"List your property","subLabel":null,"url":"https://join.booking.com","icon":null,"attributes":null},"Link:country":{"id":"country","__typename":"Link","label":"Countries","subLabel":null,"url":"https://www.booking.com/country.html","icon":null,"attributes":null},"Link:region":{"id":"region","__typename":"Link","label":"Regions","subLabel":null,"url":"https://www.booking.com/region.html","icon":null,"attributes":null},"Link:city":{"id":"city","__typename":"Link","label":"Cities","subLabel":null,"url":"https://www.booking.com/city.html","icon":null,"attributes":null},"Link:district":{"id":"district","__typename":"Link","label":"Districts","subLabel":null,"url":"https://www.booking.com/district.html","icon":null,"attributes":null},"Link:airport":{"id":"airport","__typename":"Link","label":"Airports","subLabel":null,"url":"https://www.booking.com/airport.html","icon":null,"attributes":null},"Link:hotel":{"id":"hotel","__typename":"Link","label":"Hotels","subLabel":null,"url":"https://www.booking.com/hotel/index.html","icon":null,"attributes":null},"Link:landmark":{"id":"landmark","__typename":"Link","label":"Places of interest","subLabel":null,"url":"https://www.booking.com/landmark.html","icon":null,"attributes":null},"Link:booking_home":{"id":"booking_home","__typename":"Link","label":"Vacation Homes","subLabel":null,"url":"https://www.booking.com/booking-home/index.html","icon":null,"attributes":null},"Link:apartments":{"id":"apartments","__typename":"Link","label":"Apartments","subLabel":null,"url":"https://www.booking.com/apartments/index.html","icon":null,"attributes":null},"Link:resorts":{"id":"resorts","__typename":"Link","label":"Resorts","subLabel":null,"url":"https://www.booking.com/resorts/index.html","icon":null,"attributes":null},"Link:villas":{"id":"villas","__typename":"Link","label":"Villas","subLabel":null,"url":"https://www.booking.com/villas/index.html","icon":null,"attributes":null},"Link:hostels":{"id":"hostels","__typename":"Link","label":"Hostels","subLabel":null,"url":"https://www.booking.com/hostels/index.html","icon":null,"attributes":null},"Link:bed_and_breakfast":{"id":"bed_and_breakfast","__typename":"Link","label":"B\u0026Bs","subLabel":null,"url":"https://www.booking.com/bed-and-breakfast/index.html","icon":null,"attributes":null},"Link:guest_house":{"id":"guest_house","__typename":"Link","label":"Guest houses","subLabel":null,"url":"https://www.booking.com/guest-house/index.html","icon":null,"attributes":null},"Link:unique_places":{"id":"unique_places","__typename":"Link","label":"Unique places to stay","subLabel":null,"url":"https://www.booking.com/accommodations.html","icon":null,"attributes":null},"Link:monthly_stays":{"id":"monthly_stays","__typename":"Link","label":"Discover monthly stays","subLabel":null,"url":"https://www.booking.com/extended-stays/index.html","icon":null,"attributes":null},"Link:reviews":{"id":"reviews","__typename":"Link","label":"Reviews","subLabel":null,"url":"https://www.booking.com/reviews.html","icon":null,"attributes":null},"Link:my_wishlist":{"id":"my_wishlist","__typename":"Link","label":"Saved","subLabel":null,"url":"https://www.booking.com/mywishlist.html","icon":null,"attributes":null},"Link:my_reviews":{"id":"my_reviews","__typename":"Link","label":"Reviews","subLabel":null,"url":"https://secure.booking.com/reviewtimeline.html","icon":null,"attributes":null},"Link:traveller_awards":{"id":"traveller_awards","__typename":"Link","label":"Traveller Review Awards","subLabel":null,"url":"https://www.booking.com/traveller-awards/index.html","icon":null,"attributes":null},"Link:car_hire":{"id":"car_hire","__typename":"Link","label":"Car rental","subLabel":null,"url":"https://cars.booking.com/Home.do?affiliateCode=booking-com\u0026adplat=footer","icon":null,"attributes":null},"Link:flight_finder":{"id":"flight_finder","__typename":"Link","label":"Flight finder","subLabel":null,"url":"https://booking.com/flights/index.html?sid=4d6ba12c187d02b81beec9d404a74d7f","icon":null,"attributes":null},"Link:restaurant_reservations":{"id":"restaurant_reservations","__typename":"Link","label":"Restaurant reservations","subLabel":null,"url":"http://www.opentable.com?ref=16087","icon":null,"attributes":null},"Link:travel_agents":{"id":"travel_agents","__typename":"Link","label":"Booking.com for Travel Agents","subLabel":null,"url":"https://www.booking.com/affiliate-program/v2/index.html","icon":null,"attributes":null},"Language:{\"code\":\"en-gb\"}":{"code":"en-gb","__typename":"Language","name":"English (UK)","countryFlag":"gb"},"Language:{\"code\":\"en-us\"}":{"code":"en-us","__typename":"Language","name":"English (US)","countryFlag":"us"},"Language:{\"code\":\"de\"}":{"code":"de","__typename":"Language","name":"Deutsch","countryFlag":"de"},"Language:{\"code\":\"nl\"}":{"code":"nl","__typename":"Language","name":"Nederlands","countryFlag":"nl"},"Language:{\"code\":\"fr\"}":{"code":"fr","__typename":"Language","name":"Français","countryFlag":"fr"},"Language:{\"code\":\"es\"}":{"code":"es","__typename":"Language","name":"Español","countryFlag":"es"},"Language:{\"code\":\"es-ar\"}":{"code":"es-ar","__typename":"Language","name":"Español (AR)","countryFlag":"ar"},"Language:{\"code\":\"es-mx\"}":{"code":"es-mx","__typename":"Language","name":"Español (MX)","countryFlag":"mx"},"Language:{\"code\":\"ca\"}":{"code":"ca","__typename":"Language","name":"Català","countryFlag":"catalonia"},"Language:{\"code\":\"it\"}":{"code":"it","__typename":"Language","name":"Italiano","countryFlag":"it"},"Language:{\"code\":\"pt-pt\"}":{"code":"pt-pt","__typename":"Language","name":"Português (PT)","countryFlag":"pt"},"Language:{\"code\":\"pt-br\"}":{"code":"pt-br","__typename":"Language","name":"Português (BR)","countryFlag":"br"},"Language:{\"code\":\"no\"}":{"code":"no","__typename":"Language","name":"Norsk","countryFlag":"no"},"Language:{\"code\":\"fi\"}":{"code":"fi","__typename":"Language","name":"Suomi","countryFlag":"fi"},"Language:{\"code\":\"sv\"}":{"code":"sv","__typename":"Language","name":"Svenska","countryFlag":"se"},"Language:{\"code\":\"da\"}":{"code":"da","__typename":"Language","name":"Dansk","countryFlag":"dk"},"Language:{\"code\":\"cs\"}":{"code":"cs","__typename":"Language","name":"?eština","countryFlag":"cz"},"Language:{\"code\":\"hu\"}":{"code":"hu","__typename":"Language","name":"Magyar","countryFlag":"hu"},"Language:{\"code\":\"ro\"}":{"code":"ro","__typename":"Language","name":"Român?","countryFlag":"ro"},"Language:{\"code\":\"ja\"}":{"code":"ja","__typename":"Language","name":"???","countryFlag":"jp"},"Language:{\"code\":\"zh-cn\"}":{"code":"zh-cn","__typename":"Language","name":"????","countryFlag":"cn"},"Language:{\"code\":\"zh-tw\"}":{"code":"zh-tw","__typename":"Language","name":"????","countryFlag":"z4"},"Language:{\"code\":\"pl\"}":{"code":"pl","__typename":"Language","name":"Polski","countryFlag":"pl"},"Language:{\"code\":\"el\"}":{"code":"el","__typename":"Language","name":"????????","countryFlag":"gr"},"Language:{\"code\":\"ru\"}":{"code":"ru","__typename":"Language","name":"???????","countryFlag":"ru"},"Language:{\"code\":\"tr\"}":{"code":"tr","__typename":"Language","name":"Türkçe","countryFlag":"tr"},"Language:{\"code\":\"bg\"}":{"code":"bg","__typename":"Language","name":"?????????","countryFlag":"bg"},"Language:{\"code\":\"ar\"}":{"code":"ar","__typename":"Language","name":"???????","countryFlag":"sa"},"Language:{\"code\":\"ko\"}":{"code":"ko","__typename":"Language","name":"???","countryFlag":"kr"},"Language:{\"code\":\"he\"}":{"code":"he","__typename":"Language","name":"?????","countryFlag":"il"},"Language:{\"code\":\"lv\"}":{"code":"lv","__typename":"Language","name":"Latviski","countryFlag":"lv"},"Language:{\"code\":\"uk\"}":{"code":"uk","__typename":"Language","name":"??????????","countryFlag":"ua"},"Language:{\"code\":\"hi\"}":{"code":"hi","__typename":"Language","name":"??????","countryFlag":"in"},"Language:{\"code\":\"id\"}":{"code":"id","__typename":"Language","name":"Bahasa Indonesia","countryFlag":"id"},"Language:{\"code\":\"ms\"}":{"code":"ms","__typename":"Language","name":"Bahasa Malaysia","countryFlag":"my"},"Language:{\"code\":\"th\"}":{"code":"th","__typename":"Language","name":"???????","countryFlag":"th"},"Language:{\"code\":\"et\"}":{"code":"et","__typename":"Language","name":"Eesti","countryFlag":"ee"},"Language:{\"code\":\"hr\"}":{"code":"hr","__typename":"Language","name":"Hrvatski","countryFlag":"hr"},"Language:{\"code\":\"lt\"}":{"code":"lt","__typename":"Language","name":"Lietuvi?","countryFlag":"lt"},"Language:{\"code\":\"sk\"}":{"code":"sk","__typename":"Language","name":"Sloven?ina","countryFlag":"sk"},"Language:{\"code\":\"sr\"}":{"code":"sr","__typename":"Language","name":"Srpski","countryFlag":"rs"},"Language:{\"code\":\"sl\"}":{"code":"sl","__typename":"Language","name":"Slovenš?ina","countryFlag":"si"},"Language:{\"code\":\"vi\"}":{"code":"vi","__typename":"Language","name":"Ti?ng Vi?t","countryFlag":"vn"},"Language:{\"code\":\"tl\"}":{"code":"tl","__typename":"Language","name":"Filipino","countryFlag":"ph"},"Language:{\"code\":\"is\"}":{"code":"is","__typename":"Language","name":"Íslenska","countryFlag":"is"},"Currency:{\"code\":\"hotel_currency\"}":{"code":"hotel_currency","__typename":"Currency","name":"Property's Currency","encodedSymbol":"\u0026#x20AC;\u0026#163;US$","symbol":"€$£"},"Currency:{\"code\":\"ARS\"}":{"code":"ARS","__typename":"Currency","name":"Argentine Peso","encodedSymbol":"AR$","symbol":"AR$"},"Currency:{\"code\":\"AUD\"}":{"code":"AUD","__typename":"Currency","name":"Australian Dollar","encodedSymbol":"AUD","symbol":"AUD"},"Currency:{\"code\":\"AZN\"}":{"code":"AZN","__typename":"Currency","name":"Azerbaijani Manat","encodedSymbol":"AZN","symbol":"???"},"Currency:{\"code\":\"BHD\"}":{"code":"BHD","__typename":"Currency","name":"Bahraini Dinar","encodedSymbol":"BHD","symbol":"BD"},"Currency:{\"code\":\"BRL\"}":{"code":"BRL","__typename":"Currency","name":"Brazilian Real","encodedSymbol":"R$","symbol":"R$"},"Currency:{\"code\":\"BGN\"}":{"code":"BGN","__typename":"Currency","name":"Bulgarian Lev","encodedSymbol":"BGN","symbol":"??"},"Currency:{\"code\":\"CAD\"}":{"code":"CAD","__typename":"Currency","name":"Canadian Dollar","encodedSymbol":"CAD","symbol":"CAN"},"Currency:{\"code\":\"CLP\"}":{"code":"CLP","__typename":"Currency","name":"Chilean Peso","encodedSymbol":"CL$","symbol":"CH$"},"Currency:{\"code\":\"CNY\"}":{"code":"CNY","__typename":"Currency","name":"Chinese Yuan","encodedSymbol":"CNY","symbol":"CY"},"Currency:{\"code\":\"COP\"}":{"code":"COP","__typename":"Currency","name":"Colombian Peso","encodedSymbol":"COP","symbol":"COL$"},"Currency:{\"code\":\"CZK\"}":{"code":"CZK","__typename":"Currency","name":"Czech Koruna","encodedSymbol":"K\u0026#269;","symbol":"CZK"},"Currency:{\"code\":\"DKK\"}":{"code":"DKK","__typename":"Currency","name":"Danish Krone","encodedSymbol":"DKK","symbol":"DKR"},"Currency:{\"code\":\"EGP\"}":{"code":"EGP","__typename":"Currency","name":"Egyptian Pound","encodedSymbol":"EGP","symbol":"£"},"Currency:{\"code\":\"EUR\"}":{"code":"EUR","__typename":"Currency","name":"Euro","encodedSymbol":"\u0026#x20AC;","symbol":"EUR"},"Currency:{\"code\":\"FJD\"}":{"code":"FJD","__typename":"Currency","name":"Fijian Dollar","encodedSymbol":"FJD","symbol":"FJ$"},"Currency:{\"code\":\"GEL\"}":{"code":"GEL","__typename":"Currency","name":"Georgian Lari","encodedSymbol":"GEL","symbol":"GEL"},"Currency:{\"code\":\"HKD\"}":{"code":"HKD","__typename":"Currency","name":"Hong Kong Dollar","encodedSymbol":"HK$","symbol":"HKD"},"Currency:{\"code\":\"HUF\"}":{"code":"HUF","__typename":"Currency","name":"Hungarian Forint","encodedSymbol":"HUF","symbol":"FT"},"Currency:{\"code\":\"INR\"}":{"code":"INR","__typename":"Currency","name":"Indian Rupee","encodedSymbol":"Rs.","symbol":"RS"},"Currency:{\"code\":\"IDR\"}":{"code":"IDR","__typename":"Currency","name":"Indonesian Rupiah","encodedSymbol":"Rp","symbol":"RP"},"Currency:{\"code\":\"ILS\"}":{"code":"ILS","__typename":"Currency","name":"Israeli New Shekel","encodedSymbol":"\u0026#x20AA;","symbol":"NIS"},"Currency:{\"code\":\"JPY\"}":{"code":"JPY","__typename":"Currency","name":"Japanese Yen","encodedSymbol":"\u0026#165;","symbol":"Y"},"Currency:{\"code\":\"JOD\"}":{"code":"JOD","__typename":"Currency","name":"Jordanian Dinar","encodedSymbol":"JOD","symbol":"JD"},"Currency:{\"code\":\"KZT\"}":{"code":"KZT","__typename":"Currency","name":"Kazakhstani Tenge","encodedSymbol":"KZT","symbol":"KZT"},"Currency:{\"code\":\"KWD\"}":{"code":"KWD","__typename":"Currency","name":"Kuwaiti Dinar","encodedSymbol":"KWD","symbol":"KD"},"Currency:{\"code\":\"MYR\"}":{"code":"MYR","__typename":"Currency","name":"Malaysian Ringgit","encodedSymbol":"MYR","symbol":"RIN"},"Currency:{\"code\":\"MXN\"}":{"code":"MXN","__typename":"Currency","name":"Mexican Peso","encodedSymbol":"MXN","symbol":"MEX"},"Currency:{\"code\":\"MDL\"}":{"code":"MDL","__typename":"Currency","name":"Moldovan Leu","encodedSymbol":"MDL","symbol":"MDL"},"Currency:{\"code\":\"NAD\"}":{"code":"NAD","__typename":"Currency","name":"Namibian Dollar","encodedSymbol":"NAD","symbol":"N$"},"Currency:{\"code\":\"TWD\"}":{"code":"TWD","__typename":"Currency","name":"New Taiwan Dollar","encodedSymbol":"TWD","symbol":"NT$"},"Currency:{\"code\":\"NZD\"}":{"code":"NZD","__typename":"Currency","name":"New Zealand Dollar","encodedSymbol":"NZD","symbol":"$NZ"},"Currency:{\"code\":\"NOK\"}":{"code":"NOK","__typename":"Currency","name":"Norwegian Krone","encodedSymbol":"NOK","symbol":"NKR"},"Currency:{\"code\":\"OMR\"}":{"code":"OMR","__typename":"Currency","name":"Omani Rial","encodedSymbol":"OMR","symbol":"RO"},"Currency:{\"code\":\"PLN\"}":{"code":"PLN","__typename":"Currency","name":"Polish Z?oty","encodedSymbol":"z\u0026#x0142;","symbol":"ZL"},"Currency:{\"code\":\"GBP\"}":{"code":"GBP","__typename":"Currency","name":"Pound Sterling","encodedSymbol":"\u0026#163;","symbol":"GBP"},"Currency:{\"code\":\"QAR\"}":{"code":"QAR","__typename":"Currency","name":"Qatari Riyal","encodedSymbol":"QAR","symbol":"QR"},"Currency:{\"code\":\"RON\"}":{"code":"RON","__typename":"Currency","name":"Romanian Leu","encodedSymbol":"lei","symbol":""},"Currency:{\"code\":\"RUB\"}":{"code":"RUB","__typename":"Currency","name":"Russian Ruble","encodedSymbol":"RUB","symbol":"RUB"},"Currency:{\"code\":\"SAR\"}":{"code":"SAR","__typename":"Currency","name":"Saudi Arabian Riyal","encodedSymbol":"SAR","symbol":"SR"},"Currency:{\"code\":\"SGD\"}":{"code":"SGD","__typename":"Currency","name":"Singaporean Dollar","encodedSymbol":"S$","symbol":"S$"},"Currency:{\"code\":\"ZAR\"}":{"code":"ZAR","__typename":"Currency","name":"South African Rand","encodedSymbol":"ZAR","symbol":"R"},"Currency:{\"code\":\"KRW\"}":{"code":"KRW","__typename":"Currency","name":"South Korean Won","encodedSymbol":"KRW","symbol":"W"},"Currency:{\"code\":\"SEK\"}":{"code":"SEK","__typename":"Currency","name":"Swedish Krona","encodedSymbol":"SEK","symbol":"SKR"},"Currency:{\"code\":\"CHF\"}":{"code":"CHF","__typename":"Currency","name":"Swiss Franc","encodedSymbol":"CHF","symbol":"CHF"},"Currency:{\"code\":\"THB\"}":{"code":"THB","__typename":"Currency","name":"Thai Baht","encodedSymbol":"THB","symbol":"TB"},"Currency:{\"code\":\"TRY\"}":{"code":"TRY","__typename":"Currency","name":"Turkish Lira","encodedSymbol":"TL","symbol":"YTL"},"Currency:{\"code\":\"USD\"}":{"code":"USD","__typename":"Currency","name":"U.S. Dollar","encodedSymbol":"$","symbol":"US$"},"Currency:{\"code\":\"UAH\"}":{"code":"UAH","__typename":"Currency","name":"Ukrainian Hryvnia","encodedSymbol":"UAH","symbol":"UAH"},"Currency:{\"code\":\"AED\"}":{"code":"AED","__typename":"Currency","name":"United Arab Emirates Dirham","encodedSymbol":"AED","symbol":"UAE"},"Currency:{\"code\":\"XOF\"}":{"code":"XOF","__typename":"Currency","name":"West African CFA Franc","encodedSymbol":"XOF","symbol":"XOF"}}</script><script nonce="Y346mIyU7Ic0W43">window.Promise||document.write('<script crossorigin="anonymous" src="https://cf.bstatic.com/libs/promise/7.0.4/promise-7.0.4.min.js" nonce="Y346mIyU7Ic0W43"><\/script>')</script><script nonce="Y346mIyU7Ic0W43">"currentScript"in document||document.write('<script src="https://cf.bstatic.com/libs/current-script-polyfill/1.0.0/current-script-polyfill.min.js" nonce="Y346mIyU7Ic0W43"><\/script>')</script><script id="__LOADABLE_REQUIRED_CHUNKS__" nonce="Y346mIyU7Ic0W43" type="application/json">["3adb9e25","34f2af62","fd1a5492","b71e2dc8","5ab48c7f","64feba51","66212866","d01efdaf","51308afc","3c0c92a2","861a93b6","9b319ccc","976086da","7eb49103","7e33f430"]</script><script id="__LOADABLE_REQUIRED_CHUNKS___ext" nonce="Y346mIyU7Ic0W43" type="application/json">{"namedChunks":["src-components-SearchBoxDesktopHorizontal-SearchBoxDesktopHorizontal","src-components-BreadCrumbsDesktop-BreadCrumbsDesktop","src-components-HeaderDesktop-HeaderDesktop","src-components-LeftColumnDesktop-LeftColumnDesktop","src-components-PropertiesListDesktop-PropertiesListDesktop","src-components-TripTypeRecommendations-TripTypeRecommendations","src-components-SortersDropdown-SortersDropdown","bookingcom-web-shell-header-mfe-components-AccommodationHeader-SearchResultHeader","src-components-GlobalAlerts-GlobalAlerts","src-components-PropertiesListMap-PropertiesListMap","bookingcom-marketing-rewards-ui-web-components-RewardsBanner","bookingcom-index-lp-web-mfe-components-WanderlistCarousel","bookingcom-survey-tracker-mfe-banner","common-genius-patterns-GeniusOnboardingSheet-GeniusOnboardingSheet","bookingcom-index-lp-web-mfe-components-GeniusSignInSheet"]}</script><script async="async" crossorigin="anonymous" data-chunk="client" nonce="Y346mIyU7Ic0W43" src="https://cf.bstatic.com/psb/capla/static/js/client.8d612168.js"></script><script async="async" crossorigin="anonymous" data-chunk="bootstrap" nonce="Y346mIyU7Ic0W43" src="https://cf.bstatic.com/psb/capla/static/js/5f950c3a.c4c3a61f.chunk.js"></script><script async="async" crossorigin="anonymous" data-chunk="App" nonce="Y346mIyU7Ic0W43" src="https://cf.bstatic.com/psb/capla/static/js/a922c109.db514c50.chunk.js"></script><script async="async" crossorigin="anonymous" data-chunk="src-components-SearchBoxDesktopHorizontal-SearchBoxDesktopHorizontal" nonce="Y346mIyU7Ic0W43" src="https://cf.bstatic.com/psb/capla/static/js/3adb9e25.16b3a84f.chunk.js"></script><script async="async" crossorigin="anonymous" data-chunk="src-components-BreadCrumbsDesktop-BreadCrumbsDesktop" nonce="Y346mIyU7Ic0W43" src="https://cf.bstatic.com/psb/capla/static/js/34f2af62.bcbd0076.chunk.js"></script><script async="async" crossorigin="anonymous" data-chunk="src-components-HeaderDesktop-HeaderDesktop" nonce="Y346mIyU7Ic0W43" src="https://cf.bstatic.com/psb/capla/static/js/fd1a5492.83588af8.chunk.js"></script><script async="async" crossorigin="anonymous" data-chunk="src-components-LeftColumnDesktop-LeftColumnDesktop" nonce="Y346mIyU7Ic0W43" src="https://cf.bstatic.com/psb/capla/static/js/b71e2dc8.73e2cb58.chunk.js"></script><script async="async" crossorigin="anonymous" data-chunk="src-components-PropertiesListDesktop-PropertiesListDesktop" nonce="Y346mIyU7Ic0W43" src="https://cf.bstatic.com/psb/capla/static/js/5ab48c7f.0139b346.chunk.js"></script><script async="async" crossorigin="anonymous" data-chunk="src-components-TripTypeRecommendations-TripTypeRecommendations" nonce="Y346mIyU7Ic0W43" src="https://cf.bstatic.com/psb/capla/static/js/64feba51.82f6ba42.chunk.js"></script><script async="async" crossorigin="anonymous" data-chunk="src-components-SortersDropdown-SortersDropdown" nonce="Y346mIyU7Ic0W43" src="https://cf.bstatic.com/psb/capla/static/js/66212866.fac51659.chunk.js"></script><script async="async" crossorigin="anonymous" data-chunk="bookingcom-web-shell-header-mfe-components-AccommodationHeader-SearchResultHeader" nonce="Y346mIyU7Ic0W43" src="https://cf.bstatic.com/psb/capla/static/js/d01efdaf.96358d36.chunk.js"></script><script async="async" crossorigin="anonymous" data-chunk="src-components-GlobalAlerts-GlobalAlerts" nonce="Y346mIyU7Ic0W43" src="https://cf.bstatic.com/psb/capla/static/js/51308afc.e7dadbce.chunk.js"></script><script async="async" crossorigin="anonymous" data-chunk="src-components-PropertiesListMap-PropertiesListMap" nonce="Y346mIyU7Ic0W43" src="https://cf.bstatic.com/psb/capla/static/js/3c0c92a2.6dae7f8d.chunk.js"></script><script async="async" crossorigin="anonymous" data-chunk="bookingcom-marketing-rewards-ui-web-components-RewardsBanner" nonce="Y346mIyU7Ic0W43" src="https://cf.bstatic.com/psb/capla/static/js/861a93b6.1bfee23d.chunk.js"></script><script async="async" crossorigin="anonymous" data-chunk="bookingcom-index-lp-web-mfe-components-WanderlistCarousel" nonce="Y346mIyU7Ic0W43" src="https://cf.bstatic.com/psb/capla/static/js/9b319ccc.503c6806.chunk.js"></script><script async="async" crossorigin="anonymous" data-chunk="bookingcom-survey-tracker-mfe-banner" nonce="Y346mIyU7Ic0W43" src="https://cf.bstatic.com/psb/capla/static/js/976086da.00c7dc02.chunk.js"></script><script async="async" crossorigin="anonymous" data-chunk="common-genius-patterns-GeniusOnboardingSheet-GeniusOnboardingSheet" nonce="Y346mIyU7Ic0W43" src="https://cf.bstatic.com/psb/capla/static/js/7eb49103.2cfa0acf.chunk.js"></script><script async="async" crossorigin="anonymous" data-chunk="bookingcom-index-lp-web-mfe-components-GeniusSignInSheet" nonce="Y346mIyU7Ic0W43" src="https://cf.bstatic.com/psb/capla/static/js/7e33f430.d78abf2d.chunk.js"></script><script id="__CAPLA_CHUNK_METADATA__b-search-web-searchresultsBXEQLBaN/SearchBoxDesktopHorizontal" type="application/json">{"chunks":[],"experimentTags":{},"featureNames":{},"copyTags":{}}</script><script id="__CAPLA_CHUNK_METADATA__b-search-web-searchresultsBXEQLBaN/BreadCrumbsDesktop" type="application/json">{"chunks":[],"experimentTags":{},"featureNames":{},"copyTags":{}}</script><script id="__CAPLA_CHUNK_METADATA__b-search-web-searchresultsBXEQLBaN/HeaderDesktop" type="application/json">{"chunks":[],"experimentTags":{},"featureNames":{},"copyTags":{}}</script><script id="__CAPLA_CHUNK_METADATA__b-search-web-searchresultsBXEQLBaN/LeftColumnDesktop" type="application/json">{"chunks":[],"experimentTags":{},"featureNames":{},"copyTags":{}}</script><script id="__CAPLA_CHUNK_METADATA__b-search-web-searchresultsBXEQLBaN/PropertiesListDesktop" type="application/json">{"chunks":[],"experimentTags":{},"featureNames":{},"copyTags":{}}</script><script id="__CAPLA_CHUNK_METADATA__b-search-web-searchresultsBXEQLBaN/SearchBoxDesktop" type="application/json">{"chunks":[],"experimentTags":{},"featureNames":{},"copyTags":{}}</script><script id="__CAPLA_CHUNK_METADATA__b-search-web-searchresultsBXEQLBaN/TripTypeRecommendations" type="application/json">{"chunks":[],"experimentTags":{},"featureNames":{},"copyTags":{}}</script><script id="__CAPLA_CHUNK_METADATA__b-search-web-searchresultsBXEQLBaN/SortersBar" type="application/json">{"chunks":[],"experimentTags":{},"featureNames":{},"copyTags":{}}</script><script id="__CAPLA_CHUNK_METADATA__b-search-web-searchresultsBXEQLBaN/TravellerHeader" type="application/json">{"chunks":[],"experimentTags":{},"featureNames":{},"copyTags":{}}</script><script id="__CAPLA_CHUNK_METADATA__b-search-web-searchresultsBXEQLBaN/GlobalAlerts" type="application/json">{"chunks":[],"experimentTags":{},"featureNames":{},"copyTags":{}}</script><script id="__CAPLA_CHUNK_METADATA__b-search-web-searchresultsBXEQLBaN/PropertiesListMap" type="application/json">{"chunks":[],"experimentTags":{},"featureNames":{},"copyTags":{}}</script><script id="__CAPLA_CHUNK_METADATA__b-search-web-searchresultsBXEQLBaN/MapDesktop" type="application/json">{"chunks":[],"experimentTags":{},"featureNames":{},"copyTags":{}}</script>
<div id="notification_lightbox" class="white" style="display: none;"
>
<div class="sf_container">
<div class="subsc_form">
<form action="https://www.booking.com/newslettersubscribe.html"
method="post"
data-component="emk/subscription-entry-point emk/subscription-entry-point-feedback-msg"
data-emk-entry-point-label="bounce-intent-modal"
data-emk-entry-point-view-event="emk-bounce-intent-modal:open"
class="emk-subscription-entry-point "
>
<div class="newsletter_form_fields">
<h4 class="subsc_title">
Save big 
</h4>
<p>
Get exclusive Booker deals by email
</p>
<input type="hidden" name="label" value="gen000nr-10CAQoggJCD2xhbmRtYXJrXzI2MTA2MEgzWARo7AGIAQGYATO4AQXIAQXYAQPoAQH4AQGIAgGoAgG4AtrfkKgGwAIB0gIkOWIzM2E5MTMtNDMwZC00YzZmLTg5Y2ItZmU2OWJjYjc3MDc02AIB4AIB" />
<input type="hidden" name="lang" value="en-us" />
<input type="hidden" name="sid" value="90259e8437c6096c4ee27fece820d9ea" />
<input type="hidden" name="url" value="" />
<input type="hidden" name="hostname" value="www.booking.com" />
<input type="hidden" name="companyname" value="Booking.com" />
<input type="hidden" name="aid" value="304142" data-ajax-submit />
<input type="hidden" name="label" value="gen000nr-10CAQoggJCD2xhbmRtYXJrXzI2MTA2MEgzWARo7AGIAQGYATO4AQXIAQXYAQPoAQH4AQGIAgGoAgG4AtrfkKgGwAIB0gIkOWIzM2E5MTMtNDMwZC00YzZmLTg5Y2ItZmU2OWJjYjc3MDc02AIB4AIB" data-ajax-submit/>
<input type="hidden" name="endpoint_url" value="https://www.booking.com&#47;searchresults.html?dest_id=261060;dest_type=landmark;si=ai%2Cco%2Cci%2Cre%2Cla%2Cdi&amp;#emk-footer" />
<input type="hidden" name="error_url" value="https://www.booking.com&#47;searchresults.html?dest_id=261060;dest_type=landmark;si=ai%2Cco%2Cci%2Cre%2Cla%2Cdi&amp;#emk-footer" />
<input type="hidden" name="dest_id" value="261060" data-ajax-submit />
<input type="hidden" name="subscribe_source" value="landing_page_ajax_notif_searchresults" data-ajax-submit />
<input type="hidden" name="opt_in" value="1" data-ajax-submit />
<input type="hidden" name="subscribe_notification" value="1" />
<ul class="form_list">
<li class="email_field">
<input type="email" name="to" autocapitalize="off" required="true"
id="email"
class="linedinput"
placeholder="Your email address"
title=""
value=""
data-ajax-submit />
</li>
<li>
<input type="submit"
data-et-click="
"
value="Get deals"
class="subscribebutton" />
</li>
</ul>
<p>
For a limited time only
</p>
</div>
<p class="emk-feedback-msg use_sprites_no_back -invalid" role="alert" aria-live="assertive">
<span class="bicon-close" aria-hidden="true"></span>
<span class="invisible_spoken">Error:</span>
Please enter a valid email address.
</p>
<p class="emk-feedback-msg use_sprites_no_back -error" role="alert" aria-live="assertive">
<span class="bicon-close" aria-hidden="true"></span>
<span class="invisible_spoken">Error:</span>
Oops! An error has occurred.
</p>
<div class="replace-feedback-msg -success">
<h4>
Awesome! You're now subscribed
</h4>
<br />
Soon you'll receive news about top-rated hotels, irresistible deals and exciting destinations!
</div>
</form>
</div>
</div>
</div>
<script nonce="Y346mIyU7Ic0W43">
var B = window.B || { env: {} };
B.env.emk_bounce_intent_modal = true;
</script>
<div class="g-hidden">
<div class="js-user-access-menu-lightbox user-access-menu-lightbox--signin user-access-menu-lightbox--no-password-strength">
<svg class="bk-icon -logos-booking-logo" height="42" style="display:none;" width="252" viewBox="0 0 252 42" role="presentation" aria-hidden="true" focusable="false">
<path d="M15.592 22.92C15.591 20.283 13.924 18.652 11.348 18.652H7.738C6.58 18.815 6.055 19.518 6.055 20.877V26.783L11.348 26.79C13.966 26.79 15.591 25.629 15.592 22.92ZM6.055 13.391H10.819C13.496 13.391 14.449 11.689 14.449 9.911C14.449 7.576 13.057 6.181 10.735 6.181H8.025C6.671 6.268 6.055 6.966 6.055 8.428V13.391ZM21.815 23.351C21.815 28.956 17.536 32.87 10.912 32.87H0V4.87C0.02 3.085 1.872 1.285 3.64 1.218H10.777C16.737 1.218 20.587 4.222 20.587 9.202C20.587 12.462 18.959 14.346 17.988 15.183L17.152 15.9L18.109 16.441C20.432 17.751 21.815 20.333 21.815 23.351V23.351ZM148.135 20.675C148.135 15.58 145.385 14.986 143.325 14.986C139.165 14.986 138.845 19.175 138.845 20.459C138.845 23.376 140.105 26.49 143.665 26.49C145.705 26.49 148.135 25.48 148.135 20.675V20.675ZM154.045 9.738L154.025 30.732C154.025 38.739 148.045 41.584 142.505 41.584C139.815 41.584 136.845 40.858 134.555 39.639L134.105 39.4L134.835 37.53L135.345 36.243C135.905 34.855 136.715 34.509 138.095 34.928C139.155 35.312 140.735 35.739 142.475 35.739C146.045 35.739 148.015 34.05 148.015 30.994V30.356L147.505 30.732C146.215 31.72 144.575 32.205 142.505 32.205C136.445 32.205 132.215 27.445 132.215 20.63C132.215 13.811 136.305 9.228 142.385 9.228C145.445 9.228 147.325 10.309 148.375 11.221L148.675 11.482L148.855 11.132C149.325 10.23 150.275 9.738 151.515 9.738H154.045V9.738ZM67.707 21.184C67.707 17.473 65.411 14.877 62.137 14.877C58.877 14.877 56.608 17.473 56.608 21.184C56.608 24.898 58.878 27.496 62.138 27.496C65.464 27.496 67.708 24.958 67.708 21.184H67.707ZM74.088 21.184C74.088 28.054 69.052 33.04 62.138 33.04C55.234 33.04 50.228 28.054 50.228 21.184C50.228 14.318 55.234 9.331 62.138 9.331C69.052 9.331 74.088 14.318 74.088 21.184ZM105.445 32.677V13.281C105.445 10.941 104.335 9.806 102.025 9.806L99.465 9.796L99.485 27.5H99.465L99.485 32.87H105.445V32.677ZM122.505 9.278C119.175 9.278 117.055 10.765 115.865 12.018L115.465 12.423L115.325 11.873C114.975 10.529 113.795 9.788 112.025 9.788H109.165L109.185 32.683H115.225V22.131C115.225 21.099 115.365 20.205 115.635 19.387C116.355 16.914 117.995 15.378 120.525 15.378C122.555 15.378 123.725 16.453 123.725 19.232V29.203C123.725 31.573 125.195 32.683 127.555 32.683H129.785V18.261C129.785 12.475 127.825 9.278 122.505 9.278V9.278ZM91.436 21.777C91.1964 21.3119 90.8928 20.8827 90.534 20.502L90.326 20.281L90.546 20.069C90.862 19.734 91.186 19.338 91.497 18.878L97.584 9.795H90.195L85.622 16.899C85.363 17.28 84.84 17.472 84.058 17.472H82.48V4.045C82.48 1.36 80.642 0 78.84 0H76.414L76.42 32.691H82.48V23.183H83.63C84.375 23.183 84.883 23.269 85.118 23.675L88.729 30.518C89.736 32.375 90.743 32.691 92.635 32.691H97.651L93.915 26.488L91.436 21.777ZM41.648 21.184C41.648 17.473 39.358 14.877 36.079 14.877C32.819 14.877 30.553 17.473 30.553 21.184C30.553 24.898 32.819 27.496 36.079 27.496C39.405 27.496 41.649 24.958 41.649 21.184H41.648ZM48.028 21.184C48.028 28.054 43.002 33.04 36.079 33.04C29.182 33.04 24.177 28.054 24.177 21.184C24.177 14.318 29.182 9.331 36.079 9.331C43.002 9.331 48.027 14.318 48.027 21.184H48.028ZM98.764 3.81C98.764 1.704 100.464 0 102.544 0C104.634 0 106.334 1.704 106.334 3.81C106.334 5.911 104.634 7.617 102.544 7.617C100.464 7.617 98.764 5.911 98.764 3.81Z" fill="#003580"/>
<path d="M187.08 25.067C187.06 25.088 184.38 27.915 180.87 27.915C177.66 27.915 174.42 25.941 174.42 21.538C174.42 17.73 176.93 15.071 180.53 15.071C181.7 15.071 183.02 15.492 183.23 16.198L183.26 16.318C183.74 17.919 185.19 18.001 185.47 18.001L188.88 18.005V15.021C188.88 11.085 183.89 9.65698 180.53 9.65698C173.35 9.65698 168.14 14.674 168.14 21.584C168.14 28.489 173.29 33.502 180.4 33.502C186.56 33.502 189.91 29.434 189.94 29.391L190.12 29.172L187.43 24.685L187.08 25.067ZM244.43 9.65698C241.73 9.65698 239.25 10.927 237.58 13.05L237.11 13.651L236.74 12.979C235.53 10.776 233.46 9.65698 230.57 9.65698C227.55 9.65698 225.53 11.35 224.58 12.358L223.97 13.024L223.73 12.144C223.39 10.877 222.26 10.178 220.56 10.178H218.06L218.04 32.984H224.01V22.917C224.01 22.036 224.12 21.163 224.34 20.248C224.93 17.816 226.56 15.202 229.3 15.462C230.99 15.626 231.81 16.936 231.81 19.466V32.984H237.44V22.917C237.44 21.813 237.55 20.99 237.79 20.162C238.3 17.842 240.37 15.459 243.02 15.459C244.93 15.459 245.93 16.545 245.93 19.466V29.649C245.93 31.954 247.28 32.984 249.57 32.984H251.99L252 18.424C252 12.607 249.45 9.65698 244.43 9.65698V9.65698ZM203.66 10.043C196.76 10.043 191.35 15.031 191.35 21.898C191.35 28.765 196.76 33.754 203.66 33.754C210.58 33.754 215.61 28.765 215.61 21.898C215.61 15.031 210.58 10.043 203.66 10.043V10.043ZM158.31 29.446C158.31 27.34 160 25.636 162.09 25.636C164.18 25.636 165.88 27.34 165.88 29.446C165.88 31.548 164.18 33.254 162.09 33.254C160 33.254 158.31 31.548 158.31 29.446ZM203.66 28.209C200.4 28.209 198.13 25.611 198.13 21.898C198.13 18.186 200.4 15.59 203.66 15.59C206.93 15.59 209.23 18.186 209.23 21.898C209.23 25.671 206.99 28.209 203.66 28.209Z" fill="#0896FF"/>
</svg>
<svg class="bk-icon -iconset-close" height="128" style="display:none;" width="128" viewBox="0 0 128 128" role="presentation" aria-hidden="true" focusable="false"><path d="M69.7 64l33.1-33.2a4 4 0 0 0-5.6-5.6L64 58.3 30.8 25.2a4 4 0 1 0-5.6 5.6L58.3 64 25.2 97.2a4 4 0 1 0 5.6 5.6L64 69.7l33.2 33.1a4 4 0 0 0 5.6-5.6z"/></svg>
<div class="iam_account_access">
<div class="iam_card iam_login_form">
<div class="iam_login_text iam_login_text--header">
Sign in to continue 
</div>
<a
href="https:&#47;&#47;account.booking.com&#47;auth&#47;oauth2?redirect_uri=https%3A%2F%2Fsecure.booking.com%2Flogin.html%3Fop%3Doauth_return&amp;state=UocCnPCIIMj4ET9phSHK8f0t2I_cGOPtxT7pkUYL-Nb7EHwc3GYUDTDJnShCtj9Q7rb9z4-_Kr5rkKJx0lnLYEPABffePIC9Xk8Z0SGgcEQxxd4jcinw28KVwCRrRHEPKewhZVM1osE1HjhqbCxgbRyLC_2rSrhRUN6M6QX6P37xnPPz2QtlKY_tDF_DOWgZ2T9P5KtwEPP34LGEGgb0uFkm8cKjreu3_n7ZTywNCwjXnku9GbM5u-t3AmIb9vcy-AaXsz7K8khrwgYOqMXDG1YXrqf9Hpyro5Ve9Zo2lpJIEbBhGOHMPnQsJDuoeD7-rnDQyEOs9E_OA9Yj9yYt387PMPtVpZ2UeBQ&amp;dt=1694773210&amp;client_id=vO1Kblk7xX9tUn2cpZLS&amp;response_type=code&amp;bkng_action=searchresults&amp;aid=304142&amp;lang=en-us"
class="iam_login_btn--email bui-button bui-button--large bui-button--wide bui-spacer"
role="button"
data-bui-component="Button"
>
<span class="bui-button__text">
Sign in to your account
</span>
</a>
<div class="iam_login_or">
<div class="iam_login_or_divider"></div>
<span class="iam_login_or_text">or use one of these options</span>
</div>
<div class="access-panel__social-buttons">
<a
href="https:&#47;&#47;account.booking.com&#47;auth&#47;oauth2?redirect_uri=https%3A%2F%2Fsecure.booking.com%2Flogin.html%3Fop%3Doauth_return&amp;state=UocCnPCIIMj4ET9phSHK8f0t2I_cGOPtxT7pkUYL-Nb7EHwc3GYUDTDJnShCtj9Q7rb9z4-_Kr5rkKJx0lnLYEPABffePIC9Xk8Z0SGgcEQxxd4jcinw28KVwCRrRHEPKewhZVM1osE1HjhqbCxgbRyLC_2rSrhRUN6M6QX6P37xnPPz2QtlKY_tDF_DOWgZ2T9P5KtwEPP34LGEGgb0uFkm8cKjreu3_n7ZTywNCwjXnku9GbM5u-t3AmIb9vcy-AaXsz7K8khrwgYOqMXDG1YXrqf9Hpyro5Ve9Zo2lpJIEbBhGOHMPnQsJDuoeD7-rnDQyEOs9E_OA9Yj9yYt387PMPtVpZ2UeBQ&amp;dt=1694773210&amp;client_id=vO1Kblk7xX9tUn2cpZLS&amp;response_type=code&amp;bkng_action=searchresults&amp;aid=304142&amp;lang=en-us&amp;prompt=facebook"
data-popup-href="https:&#47;&#47;account.booking.com&#47;auth&#47;oauth2?dt=1694773210&amp;client_id=vO1Kblk7xX9tUn2cpZLS&amp;response_type=code&amp;bkng_action=searchresults&amp;aid=304142&amp;lang=en-us&amp;redirect_uri=https%3A%2F%2Fsecure.booking.com%2Flogin.html%3Fop%3Doauth_return&amp;state=Ut8BnPCIIMj4ET8gZiXXYw9WVD7RHz5DOCVmWo-HZ7x5Zgotrrzt2X8JtG-iaZ5m01eB-5mzsk4EBt1ynrXI9FZytbgtDEqj22QNu25eAH-Y_4SmdV10DI97_ufMOJFZx_155WGJ0-q0JmaPZ0zMukFOySeiMnJcurpBfHqwuxgAZNgzY6oKF5YOwMN7cBGvvSiGzWjGVnVdLc3EnMl7jHv5uGqHS6vp4UnvbNLaNvSffvkBosdDN5m1zeC0xv9wEQe8ZXAZMYoWfQ0XqtozLifeCyDxJKrgNYAV2t5vvud3VA&amp;popup=1&amp;prompt=facebook"
class="iam_login_form__social-button iam_login_form__social-button-facebook bui-button bui-button--secondary "
title="Sign in with Facebook"
aria-label="Sign in with Facebook"
data-component="iam/social-button"
data-mask="true"
>
<div class="iam_login_form__social-button-content">
<div class="iam_login_form__social-button-image">
<svg class="bk-icon -social-providers-facebook" height="24" width="24" viewBox="0 0 24 24" role="presentation" aria-hidden="true" focusable="false"><path d="m22.675 0h-21.35c-.732 0-1.325.593-1.325 1.325v21.351c0 .731.593 1.324 1.325 1.324h11.495v-9.294h-3.128v-3.622h3.128v-2.671c0-3.1 1.893-4.788 4.659-4.788 1.325 0 2.463.099 2.795.143v3.24l-1.918.001c-1.504 0-1.795.715-1.795 1.763v2.313h3.587l-.467 3.622h-3.12v9.293h6.116c.73 0 1.323-.593 1.323-1.325v-21.35c0-.732-.593-1.325-1.325-1.325z" fill="#4469b0"/></svg>
</div>
</div>
</a>
<a
href="https:&#47;&#47;account.booking.com&#47;auth&#47;oauth2?redirect_uri=https%3A%2F%2Fsecure.booking.com%2Flogin.html%3Fop%3Doauth_return&amp;state=UocCnPCIIMj4ET9phSHK8f0t2I_cGOPtxT7pkUYL-Nb7EHwc3GYUDTDJnShCtj9Q7rb9z4-_Kr5rkKJx0lnLYEPABffePIC9Xk8Z0SGgcEQxxd4jcinw28KVwCRrRHEPKewhZVM1osE1HjhqbCxgbRyLC_2rSrhRUN6M6QX6P37xnPPz2QtlKY_tDF_DOWgZ2T9P5KtwEPP34LGEGgb0uFkm8cKjreu3_n7ZTywNCwjXnku9GbM5u-t3AmIb9vcy-AaXsz7K8khrwgYOqMXDG1YXrqf9Hpyro5Ve9Zo2lpJIEbBhGOHMPnQsJDuoeD7-rnDQyEOs9E_OA9Yj9yYt387PMPtVpZ2UeBQ&amp;dt=1694773210&amp;client_id=vO1Kblk7xX9tUn2cpZLS&amp;response_type=code&amp;bkng_action=searchresults&amp;aid=304142&amp;lang=en-us&amp;prompt=google"
data-popup-href="https:&#47;&#47;account.booking.com&#47;auth&#47;oauth2?dt=1694773210&amp;client_id=vO1Kblk7xX9tUn2cpZLS&amp;response_type=code&amp;bkng_action=searchresults&amp;aid=304142&amp;lang=en-us&amp;redirect_uri=https%3A%2F%2Fsecure.booking.com%2Flogin.html%3Fop%3Doauth_return&amp;state=Ut8BnPCIIMj4ET8gZiXXYw9WVD7RHz5DOCVmWo-HZ7x5Zgotrrzt2X8JtG-iaZ5m01eB-5mzsk4EBt1ynrXI9FZytbgtDEqj22QNu25eAH-Y_4SmdV10DI97_ufMOJFZx_155WGJ0-q0JmaPZ0zMukFOySeiMnJcurpBfHqwuxgAZNgzY6oKF5YOwMN7cBGvvSiGzWjGVnVdLc3EnMl7jHv5uGqHS6vp4UnvbNLaNvSffvkBosdDN5m1zeC0xv9wEQe8ZXAZMYoWfQ0XqtozLifeCyDxJKrgNYAV2t5vvud3VA&amp;popup=1&amp;prompt=google"
class="iam_login_form__social-button iam_login_form__social-button-google bui-button bui-button--secondary "
title="Sign in with Google"
aria-label="Sign in with Google"
data-component="iam/social-button"
data-mask="true"
>
<div class="iam_login_form__social-button-content">
<div class="iam_login_form__social-button-image">
<svg class="bk-icon -social-providers-google" height="24" width="24" viewBox="0 0 262 262" role="presentation" aria-hidden="true" focusable="false"><path d="M255.878 133.451c0-10.734-.871-18.567-2.756-26.69H130.55v48.448h71.947c-1.45 12.04-9.283 30.172-26.69 42.356l-.244 1.622 38.755 30.023 2.685.268c24.659-22.774 38.875-56.282 38.875-96.027" fill="#4285F4"/><path d="M130.55 261.1c35.248 0 64.839-11.605 86.453-31.622l-41.196-31.913c-11.024 7.688-25.82 13.055-45.257 13.055-34.523 0-63.824-22.773-74.269-54.25l-1.531.13-40.298 31.187-.527 1.465C35.393 231.798 79.49 261.1 130.55 261.1" fill="#34A853"/><path d="M56.281 156.37c-2.756-8.123-4.351-16.827-4.351-25.82 0-8.994 1.595-17.697 4.206-25.82l-.073-1.73L15.26 71.312l-1.335.635C5.077 89.644 0 109.517 0 130.55s5.077 40.905 13.925 58.602l42.356-32.782" fill="#FBBC05"/><path d="M130.55 50.479c24.514 0 41.05 10.589 50.479 19.438l36.844-35.974C195.245 12.91 165.798 0 130.55 0 79.49 0 35.393 29.301 13.925 71.947l42.211 32.783c10.59-31.477 39.891-54.251 74.414-54.251" fill="#EB4335"/></svg>
</div>
</div>
</a>
<a
href="https:&#47;&#47;account.booking.com&#47;auth&#47;oauth2?redirect_uri=https%3A%2F%2Fsecure.booking.com%2Flogin.html%3Fop%3Doauth_return&amp;state=UocCnPCIIMj4ET9phSHK8f0t2I_cGOPtxT7pkUYL-Nb7EHwc3GYUDTDJnShCtj9Q7rb9z4-_Kr5rkKJx0lnLYEPABffePIC9Xk8Z0SGgcEQxxd4jcinw28KVwCRrRHEPKewhZVM1osE1HjhqbCxgbRyLC_2rSrhRUN6M6QX6P37xnPPz2QtlKY_tDF_DOWgZ2T9P5KtwEPP34LGEGgb0uFkm8cKjreu3_n7ZTywNCwjXnku9GbM5u-t3AmIb9vcy-AaXsz7K8khrwgYOqMXDG1YXrqf9Hpyro5Ve9Zo2lpJIEbBhGOHMPnQsJDuoeD7-rnDQyEOs9E_OA9Yj9yYt387PMPtVpZ2UeBQ&amp;dt=1694773210&amp;client_id=vO1Kblk7xX9tUn2cpZLS&amp;response_type=code&amp;bkng_action=searchresults&amp;aid=304142&amp;lang=en-us&amp;prompt=apple"
data-popup-href="https:&#47;&#47;account.booking.com&#47;auth&#47;oauth2?dt=1694773210&amp;client_id=vO1Kblk7xX9tUn2cpZLS&amp;response_type=code&amp;bkng_action=searchresults&amp;aid=304142&amp;lang=en-us&amp;redirect_uri=https%3A%2F%2Fsecure.booking.com%2Flogin.html%3Fop%3Doauth_return&amp;state=Ut8BnPCIIMj4ET8gZiXXYw9WVD7RHz5DOCVmWo-HZ7x5Zgotrrzt2X8JtG-iaZ5m01eB-5mzsk4EBt1ynrXI9FZytbgtDEqj22QNu25eAH-Y_4SmdV10DI97_ufMOJFZx_155WGJ0-q0JmaPZ0zMukFOySeiMnJcurpBfHqwuxgAZNgzY6oKF5YOwMN7cBGvvSiGzWjGVnVdLc3EnMl7jHv5uGqHS6vp4UnvbNLaNvSffvkBosdDN5m1zeC0xv9wEQe8ZXAZMYoWfQ0XqtozLifeCyDxJKrgNYAV2t5vvud3VA&amp;popup=1&amp;prompt=apple"
class="iam_login_form__social-button iam_login_form__social-button-apple bui-button bui-button--secondary "
title="Sign in with Apple"
aria-label="Sign in with Apple"
data-component="iam/social-button"
data-mask="true"
>
<div class="iam_login_form__social-button-content">
<div class="iam_login_form__social-button-image">
<svg class="bk-icon -social-providers-apple" height="24" width="24" viewBox="0 0 170 170" role="presentation" aria-hidden="true" focusable="false"><path d="M150.37 130.25c-2.45 5.66-5.35 10.87-8.71 15.66-4.58 6.53-8.33 11.05-11.22 13.56-4.48 4.12-9.28 6.23-14.42 6.35-3.69 0-8.14-1.05-13.32-3.18-5.197-2.12-9.973-3.17-14.34-3.17-4.58 0-9.492 1.05-14.746 3.17-5.262 2.13-9.501 3.24-12.742 3.35-4.929.21-9.842-1.96-14.746-6.52-3.13-2.73-7.045-7.41-11.735-14.04-5.032-7.08-9.169-15.29-12.41-24.65-3.471-10.11-5.211-19.9-5.211-29.378 0-10.857 2.346-20.221 7.045-28.068 3.693-6.303 8.606-11.275 14.755-14.925s12.793-5.51 19.948-5.629c3.915 0 9.049 1.211 15.429 3.591 6.362 2.388 10.447 3.599 12.238 3.599 1.339 0 5.877-1.416 13.57-4.239 7.275-2.618 13.415-3.702 18.445-3.275 13.63 1.1 23.87 6.473 30.68 16.153-12.19 7.386-18.22 17.731-18.1 31.002.11 10.337 3.86 18.939 11.23 25.769 3.34 3.17 7.07 5.62 11.22 7.36-.9 2.61-1.85 5.11-2.86 7.51zM119.11 7.24c0 8.102-2.96 15.667-8.86 22.669-7.12 8.324-15.732 13.134-25.071 12.375a25.222 25.222 0 0 1-.188-3.07c0-7.778 3.386-16.102 9.399-22.908 3.002-3.446 6.82-6.311 11.45-8.597 4.62-2.252 8.99-3.497 13.1-3.71.12 1.083.17 2.166.17 3.24z"/></svg>
</div>
</div>
</a>
</div>
<div class="iam_login_text iam_login_text--footer">
Don't have an account yet? <a href="https:&#47;&#47;account.booking.com&#47;auth&#47;oauth2?redirect_uri=https%3A%2F%2Fsecure.booking.com%2Flogin.html%3Fop%3Doauth_return&amp;state=UocCnPCIIMj4ET9phSHK8f0t2I_cGOPtxT7pkUYL-Nb7EHwc3GYUDTDJnShCtj9Q7rb9z4-_Kr5rkKJx0lnLYEPABffePIC9Xk8Z0SGgcEQxxd4jcinw28KVwCRrRHEPKewhZVM1osE1HjhqbCxgbRyLC_2rSrhRUN6M6QX6P37xnPPz2QtlKY_tDF_DOWgZ2T9P5KtwEPP34LGEGgb0uFkm8cKjreu3_n7ZTywNCwjXnku9GbM5u-t3AmIb9vcy-AaXsz7K8khrwgYOqMXDG1YXrqf9Hpyro5Ve9Zo2lpJIEbBhGOHMPnQsJDuoeD7-rnDQyEOs9E_OA9Yj9yYt387PMPtVpZ2UeBQ&amp;dt=1694773210&amp;client_id=vO1Kblk7xX9tUn2cpZLS&amp;response_type=code&amp;bkng_action=searchresults&amp;aid=304142&amp;lang=en-us&prompt=register"
class="iam_login_link"
>Create your account</a>
</div>
</div>
</div>
</div>
</div>
<div style="display: none;" id="logo-not-document-write"></div>
<script type="text/javascript" nonce="Y346mIyU7Ic0W43">
setTimeout(function(){
var img = new Image(1,1);
img.src = '/logo?ver=1&sid=90259e8437c6096c4ee27fece820d9ea&t='+1694773210+1;
},0);
</script>
<noscript>
<img style="display:none" src="/logo?ver=0&sid=90259e8437c6096c4ee27fece820d9ea&t=1694773210">
</noscript>
<svg class="bk-icon -iconset-close_circle" height="128" style="display:none;" width="128" viewBox="0 0 128 128" role="presentation" aria-hidden="true" focusable="false"><path d="M64 8a56 56 0 1 0 56 56A56 56 0 0 0 64 8zm22.2 69.8a6 6 0 1 1-8.4 8.4L64 72.5 50.2 86.2a6 6 0 0 1-8.4-8.4L55.5 64 41.8 50.2a6 6 0 0 1 8.4-8.4L64 55.5l13.8-13.7a6 6 0 0 1 8.4 8.4L72.5 64z"/></svg>
<svg class="bk-icon -iconset-close_bold" height="128" style="display:none;" width="128" viewBox="0 0 128 128" role="presentation" aria-hidden="true" focusable="false"><path d="M75.3 64l26.4-26.3a8 8 0 0 0-11.4-11.4L64 52.7 37.7 26.3a8 8 0 0 0-11.4 11.4L52.7 64 26.3 90.3a8 8 0 0 0 11.3 11.4L64 75.3l26.3 26.4a8 8 0 0 0 11.4-11.4z"/></svg>
<svg class="bk-icon -iconset-navarrow_right_bold" height="128" style="display:none;" width="128" viewBox="0 0 128 128" role="presentation" aria-hidden="true" focusable="false"><path d="M48 104a8 8 0 0 1-5.7-13.7L68.7 64 42.3 37.7a8 8 0 0 1 11.4-11.4L91.3 64l-37.6 37.7A8 8 0 0 1 48 104z"/></svg>
<svg class="bk-icon -iconset-navarrow_left_bold" height="128" style="display:none;" width="128" viewBox="0 0 128 128" role="presentation" aria-hidden="true" focusable="false"><path d="M80 104a8 8 0 0 1-5.7-2.3L36.7 64l37.6-37.7a8 8 0 0 1 11.4 11.4L59.3 64l26.4 26.3A8 8 0 0 1 80 104z"/></svg>
<svg class="bk-icon -iconset-clock" height="128" style="display:none;" width="128" viewBox="0 0 128 128" role="presentation" aria-hidden="true" focusable="false"><path d="M64 8a56 56 0 1 0 56 56A56 56 0 0 0 64 8zm0 104a48 48 0 1 1 48-48 48 48 0 0 1-48 48zm24-44a4 4 0 0 1-4 4H56V36a4 4 0 0 1 8 0v28h20a4 4 0 0 1 4 4z"/></svg>
<svg class="bk-icon -iconset-centermap" height="128" style="display:none;" width="128" viewBox="0 0 128 128" role="presentation" aria-hidden="true" focusable="false"><path d="M64 78a14 14 0 1 1 14-14 14 14 0 0 1-14 14zM27.4 48.6A2 2 0 0 0 24 50v10H8v8h16v10.3a2 2 0 0 0 3.4 1.4l14.1-14.2a2 2 0 0 0 0-2.8zM120 60h-16V50a2 2 0 0 0-3.4-1.4L86.5 62.7a2 2 0 0 0 0 2.8l14.1 14.2a2 2 0 0 0 3.4-1.4V68h16zM65.4 86.6a2 2 0 0 0-2.8 0l-14.2 14.2a2 2 0 0 0 1.4 3.4H60V120h8v-15.8h10.2a2 2 0 0 0 1.4-3.4zm12.8-62.4H68V8h-8v16.1H49.9a2 2 0 0 0-1.5 3.4l14.2 14.2a2 2 0 0 0 2.8 0l14.2-14.2a2 2 0 0 0-1.4-3.4z"/></svg>
<svg class="bk-icon -iconset-airplane" height="128" style="display:none;" width="128" viewBox="0 0 128 128" role="presentation" aria-hidden="true" focusable="false"><path d="M8.3 83.1l2.8-2.8a1 1 0 0 1 .7-.3h27.3l16-17.5-41.7-32a4 4 0 0 1-1.1-5.3l1.3-2.8a4 4 0 0 1 5.1-1.6l55.5 21.1L98 16a28.6 28.6 0 0 1 18-8 4 4 0 0 1 4 4 28.6 28.6 0 0 1-8 18L86.6 53.4l21 55.3a4 4 0 0 1-1.6 5.1l-2.7 1.4A4 4 0 0 1 98 114L66 72.3 48 89v27.3a1 1 0 0 1-.3.7l-2.8 2.8a1 1 0 0 1-1.6-.2L30.7 97.3 8.5 84.7a1 1 0 0 1-.2-1.6z"/></svg>
<svg class="bk-icon -iconset-landmark" height="128" style="display:none;" width="128" viewBox="0 0 128 128" role="presentation" aria-hidden="true" focusable="false"><rect x="8" y="106" width="112" height="10" rx="2" ry="2"/><path d="M24 60a2 2 0 0 0-2 1.8v34.4a2 2 0 0 0 2 1.8h8a2 2 0 0 0 2-1.8V61.8a2 2 0 0 0-2-1.8zm24 0a2 2 0 0 0-2 1.8v34.4a2 2 0 0 0 2 1.8h8a2 2 0 0 0 2-1.8V61.8a2 2 0 0 0-2-1.8zm24 0a2 2 0 0 0-2 1.8v34.4a2 2 0 0 0 2 1.8h8a2 2 0 0 0 2-1.8V61.8a2 2 0 0 0-2-1.8zm24 0a2 2 0 0 0-2 1.8v34.4a2 2 0 0 0 2 1.8h8a2 2 0 0 0 2-1.8V61.8a2 2 0 0 0-2-1.8zm-85.8-8h107.6a2 2 0 0 0 1.3-3.7L65 12.3a2 2 0 0 0-2.2 0l-53.9 36a2 2 0 0 0 1.3 3.7z"/></svg>
<svg class="bk-icon -iconset-navarrow_left" height="128" style="display:none;" width="128" viewBox="0 0 128 128" role="presentation" aria-hidden="true" focusable="false"><path d="M73.7 96a4 4 0 0 1-2.9-1.2L40 64l30.8-30.8a4 4 0 0 1 5.7 5.6L51.3 64l25.2 25.2a4 4 0 0 1-2.8 6.8z"/></svg>
<svg class="bk-icon -iconset-navarrow_right" height="128" style="display:none;" width="128" viewBox="0 0 128 128" role="presentation" aria-hidden="true" focusable="false"><path d="M54.3 96a4 4 0 0 1-2.8-6.8L76.7 64 51.5 38.8a4 4 0 0 1 5.7-5.6L88 64 57.2 94.8a4 4 0 0 1-2.9 1.2z"/></svg>
<svg class="bk-icon -iconset-sort_filters" height="128" style="display:none;" width="128" viewBox="0 0 128 128" role="presentation" aria-hidden="true" focusable="false"><path d="M40 88h8v32h-8v-8H16a8 8 0 0 1 0-16h24zm72 8H56v16h56a8 8 0 0 0 0-16zM16 72h72v8h8V48h-8v8H16a8 8 0 0 0 0 16zm96-16h-8v16h8a8 8 0 0 0 0-16zM16 32h40v8h8V8h-8v8H16a8 8 0 0 0 0 16zm104-8a8 8 0 0 0-8-8H72v16h40a8 8 0 0 0 8-8z"/></svg>
<svg class="bk-icon -iconset-walk" height="128" style="display:none;" width="128" viewBox="0 0 128 128" role="presentation" aria-hidden="true" focusable="false"><path d="M103.1 33.6c-1-8.7-2-22.2-12.3-25.2C80 5.2 75.5 21.9 73.3 29.3a96.3 96.3 0 0 0-3 29.5 4 4 0 0 0 3.4 3.8l19 2.6a4 4 0 0 0 4.3-2.6c3-8.6 7-20.9 6.1-29zM89 74.8l-13.7-1.9a4 4 0 0 0-4.5 3.7c-1.1 22.8 16.5 26.3 21.5 3a4 4 0 0 0-3.3-4.8zM54.7 53.6C50.2 46 43.7 34.3 33.1 36c-11 1.7-8.3 18.8-7.2 26.4a95.8 95.8 0 0 0 9.5 28 4 4 0 0 0 4.7 2l18.3-5.8a4 4 0 0 0 2.8-4.1c-.8-9-2.3-22-6.5-29zm-11.5 52.7c8.4 21.2 25.8 16.9 20.8-6.5a4 4 0 0 0-5-2.9L45.6 101a4 4 0 0 0-2.5 5.3z"/></svg>
<svg class="bk-icon -iconset-train" height="128" style="display:none;" width="128" viewBox="0 0 128 128" role="presentation" aria-hidden="true" focusable="false"><path d="M112 96V64c0-12-4.8-34-7-43.5a8 8 0 0 0-5.5-5.9C91.5 12.3 81.8 8 64 8s-27.4 4.3-35.5 6.6a8 8 0 0 0-5.6 6C20.8 30 16 52 16 64v32a8 8 0 0 0 8 8h11.8l-17.6 14.2a1 1 0 0 0 .6 1.8h12.8a1 1 0 0 0 .7-.3L48 104h32l15.7 15.7a1 1 0 0 0 .7.3h12.8a1 1 0 0 0 .6-1.8L92.2 104H104a8 8 0 0 0 8-8zM56 20a4 4 0 0 1 4-4h8a4 4 0 0 1 4 4 4 4 0 0 1-4 4h-8a4 4 0 0 1-4-4zM34 94a10 10 0 1 1 10-10 10 10 0 0 1-10 10zm-6-30a4 4 0 0 1-4-4.8l4.3-24a4 4 0 0 1 4-3.2h63.6a4 4 0 0 1 3.9 3l4 24a4 4 0 0 1-4 5zm66 30a10 10 0 1 1 10-10 10 10 0 0 1-10 10z"/></svg>
<svg class="bk-icon -iconset-car_front" height="128" style="display:none;" width="128" viewBox="0 0 128 128" role="presentation" aria-hidden="true" focusable="false"><path d="M109.2 48.9L100 26a16 16 0 0 0-14.8-10H42.8A16 16 0 0 0 28 26l-9.1 23A16 16 0 0 0 8 64v24a8 8 0 0 0 8 8v8a8 8 0 0 0 16 0v-8h64v8a8 8 0 0 0 16 0v-8a8 8 0 0 0 8-8V64a16 16 0 0 0-10.8-15.1zM35.4 29a8 8 0 0 1 7.4-5h42.4a8 8 0 0 1 7.4 5l7.6 19H27.8zM26 76a10 10 0 1 1 10-10 10 10 0 0 1-10 10zm76 0a10 10 0 1 1 10-10 10 10 0 0 1-10 10z"/></svg>
<svg class="bk-icon -iconset-food_and_drink" height="128" style="display:none;" width="128" viewBox="0 0 128 128" role="presentation" aria-hidden="true" focusable="false"><path d="M64 39.4c0-12.7-4-24-10.2-31.4H18.2A49.6 49.6 0 0 0 8 39.4c0 20.4 10.4 37.4 24 40.2V112H20a4 4 0 0 0 0 8h32a4 4 0 0 0 0-8H40V79.6c13.6-2.8 24-19.8 24-40.2zM22.2 16h27.6c4 6.2 6.2 14.5 6.2 23.4v.6H16v-.6c0-9 2.2-17.2 6.2-23.4zM120 44a12 12 0 0 1-12 12h-3.6l3.4 59.8a4 4 0 0 1-4 4.2h-7.6a4 4 0 0 1-4-4.2L95.6 56H92a12 12 0 0 1-12-12l3.9-35.1a1 1 0 0 1 1-.9H87a1 1 0 0 1 1 1v19a4 4 0 0 0 4 4h4.8L98 9a1 1 0 0 1 1-1h2a1 1 0 0 1 1 1l1.1 23h4.9a4 4 0 0 0 4-4V9a1 1 0 0 1 1-1h2.1a1 1 0 0 1 1 .9z"/></svg>
<svg class="bk-icon -iconset-shopping_bag" height="128" style="display:none;" width="128" viewBox="0 0 128 128" role="presentation" aria-hidden="true" focusable="false"><path d="M104 48c-.6-4-3.7-8-8-8H32c-4.3 0-7.5 3.4-8 8l-8 64a8.1 8.1 0 0 0 8 8h80a8.1 8.1 0 0 0 8-8zM48 62a6 6 0 0 1-6-6 6 6 0 1 1 6 6zm32 0a6 6 0 0 1-6-6 6 6 0 1 1 6 6zm5.6-32.5a21.6 21.6 0 0 0-43.2 0v2.6h6.8v-2.6a14.8 14.8 0 0 1 29.6 0v2.6h6.8v-2.6z"/></svg>
<svg class="bk-icon -iconset-theater" height="128" style="display:none;" width="128" viewBox="0 0 128 128" role="presentation" aria-hidden="true" focusable="false"><path d="M80 56.9V8H8v48.9C8 78.5 23.9 96 43.4 96h1.2C64 96 80 78.5 80 56.9zM44.6 88h-1.2C28.4 88 16 74 16 56.9V16h56v40.9C72 74 59.7 88 44.6 88zM120 32v48.9c0 21.6-15.9 39.1-35.4 39.1h-1.2c-12.2 0-23-6.8-29.3-17.2a40.8 40.8 0 0 0 7.8-2.7c5 7.2 12.8 11.9 21.5 11.9h1.2c15 0 27.4-14 27.4-31.1V40H88v-8zM30.8 42.8a4 4 0 0 1-5.6-5.6l8-8a4 4 0 0 1 5.6 5.6zM92 64a4 4 0 0 1-2.8-6.8l8-8a4 4 0 0 1 5.6 5.6l-8 8A4 4 0 0 1 92 64zM62.8 37.2a4 4 0 1 1-5.6 5.6l-8-8a4 4 0 1 1 5.6-5.6zm-3.6 20.4a4 4 0 0 1 .7 3.4A16.5 16.5 0 0 1 28 61a4 4 0 0 1 3.9-5h24a4 4 0 0 1 3.2 1.6zM84 79a16.4 16.4 0 0 1 15.9 12 4 4 0 0 1-3.9 5H72a4 4 0 0 1-3.9-5A16.4 16.4 0 0 1 84 79z"/></svg>
<svg class="bk-icon -iconset-tree" height="128" style="display:none;" width="128" viewBox="0 0 128 128" role="presentation" aria-hidden="true" focusable="false"><path d="M72 84.8V108a4 4 0 0 0 4 4h7.8a4.1 4.1 0 0 1 4.1 3.2A4 4 0 0 1 84 120H44a4 4 0 0 1-4-4.8 4.1 4.1 0 0 1 4.1-3.2H52a4 4 0 0 0 4-4V84.8a24 24 0 1 1-20.5-43.2 28.5 28.5 0 1 1 56.1-.4A24 24 0 1 1 72 84.8z"/></svg>
<svg class="bk-icon -iconset-institution" height="128" style="display:none;" width="128" viewBox="0 0 128 128" role="presentation" aria-hidden="true" focusable="false"><path d="M120 116a4 4 0 0 1-4 4H12a4 4 0 0 1 0-8h104a4 4 0 0 1 4 4zM16 92v8a4 4 0 0 0 8 0v-8a4 4 0 0 0-8 0zm16 0v8a4 4 0 0 0 8 0v-8a4 4 0 0 0-8 0zm16 0v8a4 4 0 0 0 8 0v-8a4 4 0 0 0-8 0zm24 0v8a4 4 0 0 0 8 0v-8a4 4 0 0 0-8 0zm16 0v8a4 4 0 0 0 8 0v-8a4 4 0 0 0-8 0zm16 0v8a4 4 0 0 0 8 0v-8a4 4 0 0 0-8 0zM12 80h104a4 4 0 0 0 2-7.6L68 56V35c10.8.9 25.4-9.6 36 0V12.2c-11.7-10.6-24.4 2.4-36 .4V12a4 4 0 0 0-8 0v44L10 72.4a4 4 0 0 0 2 7.6z"/></svg>
<svg class="bk-icon -iconset-gallery" height="128" style="display:none;" width="128" viewBox="0 0 128 128" role="presentation" aria-hidden="true" focusable="false"><path d="M64.2 8h-.4a7 7 0 1 0 .4 0zm-7.1 12.9L38 40l-2-2 19.6-19.6a9.7 9.7 0 0 0 1.5 2.5z"/><path d="M116.4 103.7c-.9-2-2-3.8-1.4-6 1.3-4.3 2.8-8.6 4-13a34.5 34.5 0 0 0 1-9.7c0-4.8-2.7-9.3-4-14-.6-2.1-1.7-4-.6-6.3s2.3-4.4 3.6-6.7c2-3.6.3-8.1-2-10-2.5-2-5.8-2-9-1-4 1.3-7 2-11 3a25.3 25.3 0 0 1-7 1c-2.5-.2-4-1.6-6-3a8.2 8.2 0 0 0-8-1c-2.8 1.1-5.5 2.3-8.3 3.3a9.8 9.8 0 0 1-7.4 0c-2.9-1-5.5-2.1-8.3-3.3a8.2 8.2 0 0 0-8 1c-2 1.4-3.5 2.8-6 3a25.3 25.3 0 0 1-7-1c-4-1-7-1.7-11-3-3.2-1-6.5-1-9 1-2.3 1.9-4 6.4-2 10l3.5 6.7c1.1 2.3 0 4.2-.5 6.3-1.3 4.6-4 9.2-4 14a34.5 34.5 0 0 0 1 9.8c1.2 4.3 2.7 8.6 4 12.9.5 2.1-.6 4-1.4 6a43.7 43.7 0 0 0-2.5 4.8C8 112 9 116 12 118a9 9 0 0 0 7.7 1.4L32 116a10.4 10.4 0 0 1 6.8-.2c2.2.7 4.3 1.8 6.5 2.6a28.6 28.6 0 0 0 4.4 1.4c2.8.6 5.2-.6 7.4-2C59 116.4 62 115 64 115s5 1.5 7 2.7c2.1 1.5 4.5 2.7 7.3 2.1a28.6 28.6 0 0 0 4.4-1.4c2.2-.8 4.3-1.9 6.5-2.6a10.4 10.4 0 0 1 6.8.2l12.3 3.5a9 9 0 0 0 7.7-1.5c3-2 4-6 2.8-9.6a43.7 43.7 0 0 0-2.4-4.7zM16.7 113a1.8 1.8 0 1 1 1.8-1.8 1.8 1.8 0 0 1-1.8 1.8zm0-66.5a1.8 1.8 0 1 1 1.8-1.8 1.8 1.8 0 0 1-1.8 1.8zM106 99a7 7 0 0 1-7 7H29a7 7 0 0 1-7-7V57a7 7 0 0 1 7-7h70a7 7 0 0 1 7 7zm5.3 14a1.8 1.8 0 1 1 1.7-1.8 1.8 1.8 0 0 1-1.7 1.8zm0-66.5a1.8 1.8 0 1 1 1.7-1.7 1.8 1.8 0 0 1-1.7 1.7z"/><path d="M70.8 20.9L90 40l2-2-19.6-19.6a9.7 9.7 0 0 1-1.6 2.5z"/><circle cx="85.2" cy="66.8" r="10.8"/><polygon points="99 102 81 84 73.8 91.2 55.8 73.2 27 102 99 102"/></svg>
<svg class="bk-icon -iconset-attractions" height="128" style="display:none;" width="128" viewBox="0 0 128 128" role="presentation" aria-hidden="true" focusable="false"><path d="M110 54a10 10 0 0 0-3 .5 43.7 43.7 0 0 0-5.9-14.2A10 10 0 1 0 87.6 27a43.7 43.7 0 0 0-14-5.8 10 10 0 1 0-19 0 43.7 43.7 0 0 0-14 5.8 10 10 0 1 0-13.7 13.4A43.7 43.7 0 0 0 21 54.5a10 10 0 1 0 0 19 43.7 43.7 0 0 0 5.8 14A10 10 0 1 0 40.3 101a43.8 43.8 0 0 0 10.3 4.9l-2 10.5a3 3 0 0 0 2.9 3.6h24.8a3 3 0 0 0 3-3.6L77.2 106a43.8 43.8 0 0 0 10.7-5 10 10 0 1 0 13.5-14 43.7 43.7 0 0 0 5.6-13.6 10 10 0 1 0 3-19.5zm-36.3 7.5a10 10 0 0 0-1.2-2.7l18.6-18.5a35.8 35.8 0 0 1 8.8 21.2zM69 55.3a10 10 0 0 0-2.5-1V28.1a35.8 35.8 0 0 1 21 8.7zm-7.5-1a10 10 0 0 0-2.6 1.1L40.3 37a35.8 35.8 0 0 1 21.2-8.9zM55.4 59a10 10 0 0 0-1 2.5H28a35.8 35.8 0 0 1 8.7-21zm-1 7.5a10 10 0 0 0 1 2.5L36.8 87.5a35.8 35.8 0 0 1-8.7-21zM91 87.3L72.6 69a10 10 0 0 0 1-2.5H100a35.8 35.8 0 0 1-8.1 20.4l-.7.4zm-50.8 3.8l18.5-18.5a10 10 0 0 0 2.7 1V90h-5.2a3 3 0 0 0-3 2.4l-1 5.6a36 36 0 0 1-12-7zm34.2 1.3a3 3 0 0 0-3-2.4h-5V73.7a10 10 0 0 0 2.7-1.1L87.6 91l-.1.3A36 36 0 0 1 75.6 98z"/></svg>
<svg class="bk-icon -iconset-monument" height="128" style="display:none;" width="128" viewBox="0 0 128 128" role="presentation" aria-hidden="true" focusable="false"><path d="M96 116a4 4 0 0 1-4 4H36a4 4 0 0 1 0-8h56a4 4 0 0 1 4 4zm-46-12h28a2 2 0 0 0 2-2.1l-3.9-77.6a2 2 0 0 0-.4-1l-10-14.5a2 2 0 0 0-3.3 0L52.3 23.2a2 2 0 0 0-.4 1.1L48 102a2 2 0 0 0 2 2.1z"/></svg>
<svg class="bk-icon -iconset-triangle_down" height="128" style="display:none;" width="128" viewBox="0 0 128 128" role="presentation" aria-hidden="true" focusable="false"><path d="m40 56 24 24 24-24z"/></svg>
<svg class="bk-icon -iconset-magnifying_glass" height="128" style="display:none;" width="128" viewBox="0 0 128 128" role="presentation" aria-hidden="true" focusable="false"><path d="M118.8 113.2l-31-31A4 4 0 0 0 85 81a44 44 0 1 0-4 4 4 4 0 0 0 1.2 2.8l31 31a4 4 0 0 0 5.6-5.7zM52 88a36 36 0 1 1 36-36 36 36 0 0 1-36 36z"/></svg>
<svg class="bk-icon -streamline-magnifying_glass" height="24" style="display:none;" width="24" viewBox="0 0 24 24" role="presentation" aria-hidden="true" focusable="false"><path d="M17.464 6.56a8.313 8.313 0 1 1-15.302 6.504A8.313 8.313 0 0 1 17.464 6.56zm1.38-.586C16.724.986 10.963-1.339 5.974.781.988 2.9-1.337 8.662.783 13.65c2.12 4.987 7.881 7.312 12.87 5.192 4.987-2.12 7.312-7.881 5.192-12.87zM15.691 16.75l7.029 7.03a.75.75 0 0 0 1.06-1.06l-7.029-7.03a.75.75 0 0 0-1.06 1.06z"/></svg>
<svg class="bk-icon -streamline-close_circle" height="24" style="display:none;" width="24" viewBox="0 0 24 24" role="presentation" aria-hidden="true" focusable="false"><path d="M22.5 11.999c0 5.799-4.701 10.5-10.5 10.5s-10.5-4.701-10.5-10.5 4.701-10.5 10.5-10.5 10.5 4.701 10.5 10.5zm1.5 0c0-6.627-5.373-12-12-12s-12 5.373-12 12 5.373 12 12 12 12-5.373 12-12zm-15.97 5.03l9-9a.75.75 0 0 0-1.06-1.06l-9 9a.75.75 0 1 0 1.06 1.06zm9-1.06l-9-9a.75.75 0 0 0-1.06 1.06l9 9a.75.75 0 1 0 1.06-1.06z"/></svg>
<svg class="bk-icon -streamline-house" height="24" style="display:none;" width="24" viewBox="0 0 24 24" role="presentation" aria-hidden="true" focusable="false"><path d="M3 18v3.75A2.25 2.25 0 0 0 5.25 24h4.5a.75.75 0 0 0 .75-.75v-6a.75.75 0 0 1 .75-.75h1.5a.75.75 0 0 1 .75.75v6c0 .414.336.75.75.75h4.5A2.25 2.25 0 0 0 21 21.75V18a.75.75 0 0 0-1.5 0v3.75a.75.75 0 0 1-.75.75h-4.5l.75.75v-6A2.25 2.25 0 0 0 12.75 15h-1.5A2.25 2.25 0 0 0 9 17.25v6l.75-.75h-4.5a.75.75 0 0 1-.75-.75V18A.75.75 0 0 0 3 18zm-1.72-.97L11.47 6.841a.75.75 0 0 1 1.06 0l10.19 10.19a.75.75 0 1 0 1.06-1.061L13.591 5.78a2.25 2.25 0 0 0-3.182 0L.219 15.97a.75.75 0 1 0 1.061 1.06zm15.97-7.28v-1.5L16.5 9h3.75l-.75-.75v5.25a.75.75 0 0 0 1.5 0V8.25a.75.75 0 0 0-.75-.75H16.5a.75.75 0 0 0-.75.75v1.5a.75.75 0 0 0 1.5 0zM16.522.3l-.407.543a1.793 1.793 0 0 0 .279 2.461c.12.102.14.28.045.406l-.411.548a.75.75 0 1 0 1.2.9l.407-.543a1.793 1.793 0 0 0-.279-2.461.295.295 0 0 1-.045-.406l.411-.548a.75.75 0 1 0-1.2-.9zm3.75 0l-.407.543a1.793 1.793 0 0 0 .279 2.461c.12.102.14.28.045.406l-.411.548a.75.75 0 1 0 1.2.9l.407-.543a1.793 1.793 0 0 0-.279-2.461.295.295 0 0 1-.045-.406l.411-.548a.75.75 0 1 0-1.2-.9z"/></svg>
<svg class="bk-icon -streamline-city" height="24" style="display:none;" width="24" viewBox="0 0 24 24" role="presentation" aria-hidden="true" focusable="false"><path d="M2.75 6h9.5a.25.25 0 0 1-.25-.25v17.5l.75-.75H2.25l.75.75V5.75a.25.25 0 0 1-.25.25zm0-1.5c-.69 0-1.25.56-1.25 1.25v17.5c0 .414.336.75.75.75h10.5a.75.75 0 0 0 .75-.75V5.75c0-.69-.56-1.25-1.25-1.25h-9.5zm3-1.5h3.5A.25.25 0 0 1 9 2.75v2.5l.75-.75h-4.5l.75.75v-2.5a.25.25 0 0 1-.25.25zm0-1.5c-.69 0-1.25.56-1.25 1.25v2.5c0 .414.336.75.75.75h4.5a.75.75 0 0 0 .75-.75v-2.5c0-.69-.56-1.25-1.25-1.25h-3.5zM5.25 9h4.5a.75.75 0 0 0 0-1.5h-4.5a.75.75 0 0 0 0 1.5zm0 3h4.5a.75.75 0 0 0 0-1.5h-4.5a.75.75 0 0 0 0 1.5zm0 3h4.5a.75.75 0 0 0 0-1.5h-4.5a.75.75 0 0 0 0 1.5zm0 3h4.5a.75.75 0 0 0 0-1.5h-4.5a.75.75 0 0 0 0 1.5zm0 3h4.5a.75.75 0 0 0 0-1.5h-4.5a.75.75 0 0 0 0 1.5zM7.5.75v1.5a.75.75 0 0 0 1.5 0V.75a.75.75 0 0 0-1.5 0zM15.75 24h6a.75.75 0 0 0 .75-.75V10.5A1.5 1.5 0 0 0 21 9h-4.5a1.5 1.5 0 0 0-1.5 1.5v12.75a.75.75 0 0 0 1.5 0V10.5H21v12.75l.75-.75h-6a.75.75 0 0 0 0 1.5zM19.5 8.25v1.5a.75.75 0 0 0 1.5 0v-1.5a.75.75 0 0 0-1.5 0zM.75 24h22.5a.75.75 0 0 0 0-1.5H.75a.75.75 0 0 0 0 1.5z"/></svg>
<svg class="bk-icon -streamline-landmark" height="24" style="display:none;" width="24" viewBox="0 0 24 24" role="presentation" aria-hidden="true" focusable="false"><path d="M4.5 8.911h3l-.75-.75v9l.75-.75h-3l.75.75v-9l-.75.75zm0-1.5a.75.75 0 0 0-.75.75v9c0 .414.336.75.75.75h3a.75.75 0 0 0 .75-.75v-9a.75.75 0 0 0-.75-.75h-3zm6 1.5h3l-.75-.75v9l.75-.75h-3l.75.75v-9l-.75.75zm0-1.5a.75.75 0 0 0-.75.75v9c0 .414.336.75.75.75h3a.75.75 0 0 0 .75-.75v-9a.75.75 0 0 0-.75-.75h-3zm6 1.5h3l-.75-.75v9l.75-.75h-3l.75.75v-9l-.75.75zm0-1.5a.75.75 0 0 0-.75.75v9c0 .414.336.75.75.75h3a.75.75 0 0 0 .75-.75v-9a.75.75 0 0 0-.75-.75h-3zm4.5 12H3l.75.75v-2.25h16.5v2.25l.75-.75zm0 1.5a.75.75 0 0 0 .75-.75v-2.25a1.5 1.5 0 0 0-1.5-1.5H3.75a1.5 1.5 0 0 0-1.5 1.5v2.25c0 .414.336.75.75.75h18zm-19.5 3h21a.75.75 0 0 0 0-1.5h-21a.75.75 0 0 0 0 1.5zm0-3h21a.75.75 0 0 0 0-1.5h-21a.75.75 0 0 0 0 1.5zm18.75-15.75v2.25H3.75v-2.25l-.415.67L12 1.5l8.665 4.332-.415-.671zm1.5 0a.75.75 0 0 0-.415-.67L12.67.157a1.503 1.503 0 0 0-1.34 0L2.666 4.49a.75.75 0 0 0-.415.671v2.25a1.5 1.5 0 0 0 1.5 1.5h16.5a1.5 1.5 0 0 0 1.5-1.5v-2.25zM3 5.911h18a.75.75 0 0 0 0-1.5H3a.75.75 0 0 0 0 1.5z"/></svg>
<svg class="bk-icon -streamline-transport_airplane_depart" height="24" style="display:none;" width="24" viewBox="0 0 24 24" role="presentation" aria-hidden="true" focusable="false"><path d="M18.33 3.57L5.7 9.955l.79.07-1.96-1.478a.75.75 0 0 0-.753-.087l-2.1.925C.73 9.856.359 10.967.817 11.88c.11.22.263.417.45.577l3.997 3.402a2.94 2.94 0 0 0 3.22.4l3.62-1.8-1.084-.671v5.587a1.833 1.833 0 0 0 2.654 1.657l1.88-.932a1.85 1.85 0 0 0 .975-1.226l1.87-7.839-.396.498 3.441-1.707a3.494 3.494 0 1 0-3.11-6.259zm.672 1.342a1.994 1.994 0 0 1 1.775 3.571l-3.44 1.707a.75.75 0 0 0-.396.498l-1.87 7.838a.35.35 0 0 1-.185.232l-1.88.932a.335.335 0 0 1-.486-.304V13.79a.75.75 0 0 0-1.084-.672l-3.62 1.8a1.44 1.44 0 0 1-1.578-.197l-3.997-3.402a.35.35 0 0 1 .073-.577l2.067-.91-.754-.087 1.96 1.478a.75.75 0 0 0 .79.07l12.63-6.383zm-3.272.319l-4.46-2.26a1.852 1.852 0 0 0-1.656-.001l-1.846.912a1.85 1.85 0 0 0-.295 3.128l2.573 1.955a.75.75 0 1 0 .908-1.194L8.38 5.816a.35.35 0 0 1 .055-.591l1.845-.912a.351.351 0 0 1 .315 0l4.456 2.256a.75.75 0 0 0 .678-1.338z"/></svg>
<svg class="bk-icon -streamline-attractions" height="24" style="display:none;" width="24" viewBox="0 0 24 24" role="presentation" aria-hidden="true" focusable="false"><path d="M13.5 3a1.5 1.5 0 1 1-3 0 1.5 1.5 0 0 1 3 0zM15 3a3 3 0 1 0-6 0 3 3 0 0 0 6 0zm6 4.5a1.5 1.5 0 1 1-3 0 1.5 1.5 0 0 1 3 0zm1.5 0a3 3 0 1 0-6 0 3 3 0 0 0 6 0zM6 7.5a1.5 1.5 0 1 1-3 0 1.5 1.5 0 0 1 3 0zm1.5 0a3 3 0 1 0-6 0 3 3 0 0 0 6 0zM21 15a1.5 1.5 0 1 1-3 0 1.5 1.5 0 0 1 3 0zm1.5 0a3 3 0 1 0-6 0 3 3 0 0 0 6 0zm-9-3.75a1.5 1.5 0 1 1-3 0 1.5 1.5 0 0 1 3 0zm1.5 0a3 3 0 1 0-6 0 3 3 0 0 0 6 0zM6 15a1.5 1.5 0 1 1-3 0 1.5 1.5 0 0 1 3 0zm1.5 0a3 3 0 1 0-6 0 3 3 0 0 0 6 0zm10.066 1.277a7.5 7.5 0 0 1-3.077 2.05.75.75 0 0 0 .498 1.415 9 9 0 0 0 3.693-2.46.75.75 0 1 0-1.114-1.005zm1.798-6.466c.177.922.183 1.869.015 2.792a.75.75 0 1 0 1.476.268c.2-1.106.194-2.24-.019-3.344a.75.75 0 1 0-1.472.284zm-5.337-5.784a7.5 7.5 0 0 1 3.54 2.196.75.75 0 0 0 1.113-1.004 9.002 9.002 0 0 0-4.247-2.636.75.75 0 1 0-.406 1.444zM6.434 6.223a7.5 7.5 0 0 1 3.539-2.196.75.75 0 1 0-.406-1.444A9.001 9.001 0 0 0 5.32 5.219a.75.75 0 0 0 1.114 1.004zM4.636 12.69a7.602 7.602 0 0 1 0-2.878.75.75 0 1 0-1.472-.284 9.102 9.102 0 0 0 0 3.446.75.75 0 0 0 1.472-.284zm4.876 5.639a7.517 7.517 0 0 1-3.035-2.005.75.75 0 0 0-1.106 1.014 9.017 9.017 0 0 0 3.641 2.405.75.75 0 1 0 .5-1.414zM7.31 21.872A1.5 1.5 0 0 0 8.672 24h6.656a1.5 1.5 0 0 0 1.362-2.128l-3.314-8.217c-.361-.785-1.252-1.114-2.005-.767a1.5 1.5 0 0 0-.733.734l-3.343 8.283zm1.377.595l3.328-8.25-.015.033 3.313 8.217.015.033H8.672z"/></svg>
<svg class="bk-icon -streamline-pin" height="24" style="display:none;" width="24" viewBox="0 0 24 24" role="presentation" aria-hidden="true" focusable="false"><path d="M15.25 7.5a3.75 3.75 0 1 1-7.5 0 3.75 3.75 0 0 1 7.5 0zm1.5 0a5.25 5.25 0 1 0-10.5 0 5.25 5.25 0 0 0 10.5 0zm-5.625-.75a.375.375 0 0 1-.375-.375.75.75 0 0 0 1.5 0c0-.621-.504-1.125-1.125-1.125a.75.75 0 0 0 0 1.5zm.375-.375a.375.375 0 0 1-.375.375.75.75 0 0 0 0-1.5c-.621 0-1.125.504-1.125 1.125a.75.75 0 0 0 1.5 0zM11.125 6c.207 0 .375.168.375.375a.75.75 0 0 0-1.5 0c0 .621.504 1.125 1.125 1.125a.75.75 0 0 0 0-1.5zm-.375.375c0-.207.168-.375.375-.375a.75.75 0 0 0 0 1.5c.621 0 1.125-.504 1.125-1.125a.75.75 0 0 0-1.5 0zm0 5.625v9a.75.75 0 0 0 1.5 0v-9a.75.75 0 0 0-1.5 0z"/></svg>
<svg class="bk-icon -streamline-plus" height="24" style="display:none;" width="24" viewBox="0 0 24 24" role="presentation" aria-hidden="true" focusable="false"><path d="M20.25 11.25h-7.5v-7.5a.75.75 0 0 0-1.5 0v7.5h-7.5a.75.75 0 0 0 0 1.5h7.5v7.5a.75.75 0 0 0 1.5 0v-7.5h7.5a.75.75 0 0 0 0-1.5z"/></svg>
<svg class="bk-icon -streamline-close" height="24" style="display:none;" width="24" viewBox="0 0 24 24" role="presentation" aria-hidden="true" focusable="false"><path d="M13.31 12l6.89-6.89a.93.93 0 1 0-1.31-1.31L12 10.69 5.11 3.8A.93.93 0 0 0 3.8 5.11L10.69 12 3.8 18.89a.93.93 0 0 0 1.31 1.31L12 13.31l6.89 6.89a.93.93 0 1 0 1.31-1.31z"/></svg>
<svg class="bk-icon -streamline-transport_metro" height="24" style="display:none;" width="24" viewBox="0 0 24 24" role="presentation" aria-hidden="true" focusable="false"><path d="M1.316 23.755l2.37-2.73a.75.75 0 0 0-1.132-.983l-2.37 2.73a.75.75 0 0 0 1.132.983zm22.5-.984l-2.37-2.729a.75.75 0 0 0-1.132.984l2.37 2.729a.75.75 0 0 0 1.132-.984zM21 9.013c0 5.765-4.036 12-9 12s-9-6.235-9-12c0-4.636 3.3-7.5 9-7.5s9 2.864 9 7.5zm1.5 0c0-5.516-4.016-9-10.5-9s-10.5 3.484-10.5 9c0 6.492 4.536 13.5 10.5 13.5s10.5-7.008 10.5-13.5zm-10.483 13.5a8.728 8.728 0 0 0 6.503-3.132.75.75 0 0 0 .162-.615c-.476-2.615-3.338-4.502-6.682-4.502-3.344 0-6.208 1.887-6.682 4.502a.75.75 0 0 0 .162.615 8.728 8.728 0 0 0 6.503 3.132zm0-1.5a7.228 7.228 0 0 1-5.385-2.594l.162.615c.33-1.822 2.527-3.27 5.206-3.27 2.679 0 4.875 1.448 5.206 3.27l.162-.615a7.228 7.228 0 0 1-5.385 2.594zm3.733-16.5h-7.5a3 3 0 0 0 0 6h7.5a3 3 0 1 0 0-6zm0 1.5a1.5 1.5 0 0 1 0 3h-7.5a1.5 1.5 0 1 1 0-3h7.5z"/></svg>
<svg class="bk-icon -streamline-distance" height="24" style="display:none;" width="24" viewBox="0 0 24 24" role="presentation" aria-hidden="true" focusable="false"><path d="M22.5 4.5c0 1.127-1.484 3.863-3.312 6.622a.375.375 0 0 1 .625 0C17.993 8.38 16.5 5.627 16.5 4.5a3 3 0 1 1 6 0zm1.5 0a4.5 4.5 0 1 0-9 0c0 1.574 1.512 4.362 3.563 7.45a1.126 1.126 0 0 0 1.875 0C22.498 8.842 24 6.074 24 4.5zm-4.5.375a.375.375 0 0 1-.375-.375.75.75 0 0 0 1.5 0c0-.621-.504-1.125-1.125-1.125a.75.75 0 0 0 0 1.5zm.375-.375a.375.375 0 0 1-.375.375.75.75 0 0 0 0-1.5c-.621 0-1.125.504-1.125 1.125a.75.75 0 0 0 1.5 0zm-.375-.375c.207 0 .375.168.375.375a.75.75 0 0 0-1.5 0c0 .621.504 1.125 1.125 1.125a.75.75 0 0 0 0-1.5zm-.375.375c0-.207.168-.375.375-.375a.75.75 0 0 0 0 1.5c.621 0 1.125-.504 1.125-1.125a.75.75 0 0 0-1.5 0zM5.25 13.125a.375.375 0 0 1-.375-.375.75.75 0 0 0 1.5 0c0-.621-.504-1.125-1.125-1.125a.75.75 0 0 0 0 1.5zm.375-.375a.375.375 0 0 1-.375.375.75.75 0 0 0 0-1.5c-.621 0-1.125.504-1.125 1.125a.75.75 0 0 0 1.5 0zm-.375-.375c.207 0 .375.168.375.375a.75.75 0 0 0-1.5 0c0 .621.504 1.125 1.125 1.125a.75.75 0 0 0 0-1.5zm-.375.375c0-.207.168-.375.375-.375a.75.75 0 0 0 0 1.5c.621 0 1.125-.504 1.125-1.125a.75.75 0 0 0-1.5 0zM5.25 9A3.75 3.75 0 0 1 9 12.75c0 1.302-1.62 3.954-3.75 6.676-2.132-2.728-3.75-5.374-3.75-6.676A3.75 3.75 0 0 1 5.25 9zm0-1.5A5.25 5.25 0 0 0 0 12.75c0 1.797 1.677 4.54 4.068 7.6a1.5 1.5 0 0 0 2.364 0c2.387-3.052 4.068-5.802 4.068-7.6 0-2.9-2.35-5.25-5.25-5.25zm1.907 16.38l12.75-8.25a.75.75 0 1 0-.814-1.26l-12.75 8.25a.75.75 0 0 0 .814 1.26z"/></svg>
<svg class="bk-icon -streamline-arrow_menu" height="24" style="display:none;" width="24" viewBox="0 0 24 24" role="presentation" aria-hidden="true" focusable="false"><path d="M12 20.09a1.24 1.24 0 0 1-.88-.36L6 14.61a.75.75 0 1 1 1.06-1.06L12 18.49l4.94-4.94A.75.75 0 0 1 18 14.61l-5.12 5.12a1.24 1.24 0 0 1-.88.36zm6-9.46a.75.75 0 0 0 0-1.06l-5.12-5.11a1.24 1.24 0 0 0-1.754-.006l-.006.006L6 9.57a.75.75 0 0 0 0 1.06.74.74 0 0 0 1.06 0L12 5.7l4.94 4.93a.73.73 0 0 0 .53.22c.2 0 .39-.078.53-.22z"/></svg>
<svg class="bk-icon -streamline-heart_outline" height="24" style="display:none;" width="24" viewBox="0 0 24 24" role="presentation" aria-hidden="true" focusable="false"><path d="M12.541 21.325l-9.588-10a4.923 4.923 0 1 1 6.95-6.976l1.567 1.566a.75.75 0 0 0 1.06 0l1.566-1.566a4.923 4.923 0 0 1 6.963 6.962l-9.6 10.014h1.082zm-1.082 1.038a.75.75 0 0 0 1.082 0l9.59-10.003a6.418 6.418 0 0 0-.012-9.07 6.423 6.423 0 0 0-9.083-.001L11.47 4.854h1.06l-1.566-1.566a6.423 6.423 0 1 0-9.082 9.086l9.577 9.99z"/></svg>
<svg class="bk-icon -streamline-heart" height="24" style="display:none;" width="24" viewBox="0 0 24 24" role="presentation" aria-hidden="true" focusable="false"><path d="M23.3 5.076a6.582 6.582 0 0 0-10.446-1.71L12 4.147l-.827-.753a6.522 6.522 0 0 0-5.688-1.806A6.472 6.472 0 0 0 .7 5.075a6.4 6.4 0 0 0 1.21 7.469l9.373 9.656a1 1 0 0 0 1.434 0l9.36-9.638A6.414 6.414 0 0 0 23.3 5.076z"/></svg>
<svg class="bk-icon -streamline-info_sign" height="24" style="display:none;" width="24" viewBox="0 0 24 24" role="presentation" aria-hidden="true" focusable="false"><path d="M14.25 15.75h-.75a.75.75 0 0 1-.75-.75v-3.75a1.5 1.5 0 0 0-1.5-1.5h-.75a.75.75 0 0 0 0 1.5h.75V15a2.25 2.25 0 0 0 2.25 2.25h.75a.75.75 0 0 0 0-1.5zM11.625 6a1.125 1.125 0 1 0 0 2.25 1.125 1.125 0 0 0 0-2.25.75.75 0 0 0 0 1.5.375.375 0 1 1 0-.75.375.375 0 0 1 0 .75.75.75 0 0 0 0-1.5zM22.5 12c0 5.799-4.701 10.5-10.5 10.5S1.5 17.799 1.5 12 6.201 1.5 12 1.5 22.5 6.201 22.5 12zm1.5 0c0-6.627-5.373-12-12-12S0 5.373 0 12s5.373 12 12 12 12-5.373 12-12z"/></svg>
<svg class="bk-icon -streamline-transport_bike" height="24" style="display:none;" width="24" viewBox="0 0 24 24" role="presentation" aria-hidden="true" focusable="false"><path d="M16.5 3.75a1.5 1.5 0 1 1-3 0 1.5 1.5 0 0 1 3 0zm1.5 0a3 3 0 1 0-6 0 3 3 0 0 0 6 0zm-10.5 15a3 3 0 1 1-6 0 3 3 0 0 1 6 0zm1.5 0a4.5 4.5 0 1 0-9 0 4.5 4.5 0 0 0 9 0zm13.5 0a3 3 0 1 1-6 0 3 3 0 0 1 6 0zm1.5 0a4.5 4.5 0 1 0-9 0 4.5 4.5 0 0 0 9 0zm-12 .75a.75.75 0 0 1-.75-.75 6.734 6.734 0 0 0-3.642-5.994.75.75 0 0 1-.167-1.207l4.043-3.842a.75.75 0 0 1 1.187.208c.062.116.143.252.263.429.197.289.429.577.697.848.8.809 1.758 1.308 2.869 1.308a.75.75 0 0 1 0 1.5 5.564 5.564 0 0 1-4.137-1.966.75.75 0 0 0-1.089-.058l-1.452 1.38a.75.75 0 0 0 .031 1.116 8.22 8.22 0 0 1 2.897 6.277.75.75 0 0 1-.75.751zm0 1.5a2.25 2.25 0 0 0 2.25-2.25 9.72 9.72 0 0 0-3.425-7.421l.03 1.114 1.453-1.38-1.089-.059a7.07 7.07 0 0 0 5.268 2.496A2.25 2.25 0 1 0 16.5 9c-.656 0-1.26-.315-1.803-.863a4.554 4.554 0 0 1-.695-.914 2.25 2.25 0 0 0-3.552-.604l-4.043 3.842a2.25 2.25 0 0 0 .51 3.626 5.236 5.236 0 0 1 2.833 4.662A2.25 2.25 0 0 0 12 21z"/></svg>
<svg class="bk-icon -streamline-spa" height="24" style="display:none;" width="24" viewBox="0 0 24 24" role="presentation" aria-hidden="true" focusable="false"><path d="M11.72 14.295A7.35 7.35 0 0 1 8.997 8.85a7.148 7.148 0 0 1 2.25-4.972c.005-.005-.004-.005-.01-.01a7.173 7.173 0 0 1 2.261 5.03 7.332 7.332 0 0 1-2.722 5.397h.944zm-.944 1.166a.75.75 0 0 0 .944 0 8.85 8.85 0 0 0 3.277-6.555 8.683 8.683 0 0 0-2.72-6.12 1.482 1.482 0 0 0-2.069.01 8.658 8.658 0 0 0-2.71 6.062 8.869 8.869 0 0 0 3.278 6.603zm3.813-7.013A7.807 7.807 0 0 1 19.023 7.1l.003-.001a7.17 7.17 0 0 1-1.959 5.142 7.332 7.332 0 0 1-5.74 1.891.75.75 0 0 0-.158 1.492 8.85 8.85 0 0 0 6.953-2.318 8.68 8.68 0 0 0 2.404-6.233A1.495 1.495 0 0 0 19.029 5.6a9.304 9.304 0 0 0-5.282 1.608.75.75 0 1 0 .842 1.24zM8.75 7.221A9.239 9.239 0 0 0 3.417 5.6c-.815-.001-1.484.664-1.49 1.488a8.652 8.652 0 0 0 2.37 6.184 8.95 8.95 0 0 0 7.031 2.35.75.75 0 1 0-.158-1.49 7.431 7.431 0 0 1-5.82-1.927 7.142 7.142 0 0 1-1.923-5.091L3.426 7.1a7.746 7.746 0 0 1 4.476 1.357.75.75 0 0 0 .848-1.236zm-4.944 3.966c-2.223.948-3.808 2.716-3.808 4.441 0 3.47 5.422 6 12 6a22.404 22.404 0 0 0 6.977-1.047.75.75 0 0 0 .523-.715v-3.488l-.75.75h4.383a.75.75 0 0 0 .715-.524c.1-.315.15-.643.152-.973 0-2.068-1.986-3.858-5.079-4.944a.75.75 0 1 0-.497 1.416c2.56.898 4.076 2.265 4.076 3.525 0 .176-.028.354-.082.524l.715.226v-.75h-4.383a.75.75 0 0 0-.75.75v3.488l.523-.715a20.922 20.922 0 0 1-6.516.977c-5.856 0-10.507-2.17-10.507-4.5 0-1.02 1.17-2.325 2.896-3.061a.75.75 0 0 0-.588-1.38z"/></svg>
<svg class="bk-icon -streamline-food" height="24" style="display:none;" width="24" viewBox="0 0 24 24" role="presentation" aria-hidden="true" focusable="false"><path d="M5.999.75v22.5a.75.75 0 0 0 1.5 0V.75a.75.75 0 0 0-1.5 0zm3 0V7.5a2.259 2.259 0 0 1-2.252 2.25 2.258 2.258 0 0 1-2.248-2.252V.75a.75.75 0 0 0-1.5 0V7.5a3.76 3.76 0 0 0 3.748 3.75 3.76 3.76 0 0 0 3.752-3.748V.75a.75.75 0 0 0-1.5 0zm6.75 15.75h3c1.183.046 2.203-.9 2.25-2.111a2.22 2.22 0 0 0 0-.168c-.25-6.672-.828-9.78-3.231-13.533a1.508 1.508 0 0 0-2.77.81V23.25a.75.75 0 0 0 1.5 0V1.503c0 .003.001 0 .003 0a.006.006 0 0 1 .008.002c2.21 3.45 2.75 6.354 2.99 12.773v.053a.696.696 0 0 1-.721.67L15.749 15a.75.75 0 0 0 0 1.5z"/></svg>
<svg class="bk-icon -streamline-minus" height="24" style="display:none;" width="24" viewBox="0 0 24 24" role="presentation" aria-hidden="true" focusable="false"><path d="M20.25 12.75H3.75a.75.75 0 0 1 0-1.5h16.5a.75.75 0 0 1 0 1.5z"/></svg>
<svg class="bk-icon -streamline-beach" height="24" style="display:none;" width="24" viewBox="0 0 24 24" role="presentation" aria-hidden="true" focusable="false"><path d="M.153 22.237l.85 1.117c.634.76 1.724.856 2.456.244.078-.066.15-.138.216-.217l.944-1.132a.228.228 0 0 1 .349.001l.944 1.13a1.728 1.728 0 0 0 2.651.001l.944-1.132a.228.228 0 0 1 .349.001l.95 1.132a1.728 1.728 0 0 0 2.65 0l.942-1.133a.228.228 0 0 1 .349.001l.942 1.13a1.728 1.728 0 0 0 2.651.001l.944-1.132a.228.228 0 0 1 .349.001l.94 1.13a1.728 1.728 0 0 0 2.652.001l.585-.7a.75.75 0 1 0-1.15-.962l-.585.7a.228.228 0 0 1-.35 0l-.94-1.13a1.728 1.728 0 0 0-2.652-.001l-.944 1.132a.228.228 0 0 1-.349-.001l-.942-1.13a1.728 1.728 0 0 0-2.651-.001l-.943 1.132a.228.228 0 0 1-.348-.001l-.95-1.132a1.726 1.726 0 0 0-2.65 0l-.944 1.133a.228.228 0 0 1-.349-.001l-.944-1.13a1.728 1.728 0 0 0-2.65 0l-.945 1.13a.228.228 0 0 1-.349-.001l-.828-1.09a.75.75 0 1 0-1.194.91zm11.335-2.68A7.161 7.161 0 0 1 15.77 18h7.481a.75.75 0 0 0 0-1.5h-7.5a8.673 8.673 0 0 0-5.196 1.884.75.75 0 1 0 .934 1.174zM22.285 7.969a1.729 1.729 0 0 0 .781-2.711C19.43.713 12.8-.022 8.256 3.614a10.536 10.536 0 0 0-3.952 8.171A1.73 1.73 0 0 0 6.6 13.427l15.684-5.459zm-.494-1.416L6.107 12.01a.229.229 0 0 1-.304-.218 9.036 9.036 0 0 1 16.09-5.599.228.228 0 0 1-.102.359zm-9.459-4.2L11.69.504a.75.75 0 1 0-1.416.492l.643 1.848a.75.75 0 1 0 1.416-.492zm1.156 7.883l2.527 7.262a.75.75 0 1 0 1.416-.494l-2.527-7.26a.75.75 0 1 0-1.416.492z"/></svg>
<svg class="bk-icon -streamline-skilift" height="24" style="display:none;" width="24" viewBox="0 0 24 24" role="presentation" aria-hidden="true" focusable="false"><path d="M12.75 22.5h-.766a5.234 5.234 0 0 1-5.234-5.234V10.5c0-2.9 2.35-5.25 5.25-5.25a.75.75 0 0 0 .75-.75V1.875a.75.75 0 0 0-1.5 0V4.5l.75-.75a6.75 6.75 0 0 0-6.75 6.75v6.766A6.734 6.734 0 0 0 11.984 24h.766a.75.75 0 0 0 0-1.5zm1.125-13.125a1.875 1.875 0 1 1-3.75 0 1.875 1.875 0 0 1 3.75 0zm1.5 0a3.375 3.375 0 1 0-6.75 0 3.375 3.375 0 0 0 6.75 0zM.825 3.746l22.5-2.25a.75.75 0 0 0-.15-1.492l-22.5 2.25a.75.75 0 0 0 .15 1.492zM17.25 22.5a.75.75 0 0 1-.75-.75v-1.5a.75.75 0 0 0-.75-.75h-3a2.25 2.25 0 0 1-2.25-2.25V15a.75.75 0 0 1 1.5 0v2.25c0 .414.336.75.75.75h3A2.25 2.25 0 0 1 18 20.25v1.5a.75.75 0 0 1-.75.75zm0 1.5a2.25 2.25 0 0 0 2.25-2.25v-1.5a3.75 3.75 0 0 0-3.75-3.75h-3l.75.75V15A2.25 2.25 0 0 0 9 15v2.25A3.75 3.75 0 0 0 12.75 21h3l-.75-.75v1.5A2.25 2.25 0 0 0 17.25 24z"/></svg>
<div class="map_full_overlay__wrapper">
<div class="map_full_overlay__mask"></div>
<div role="button" class="map_full_overlay__close" tabindex="0" aria-label="Close map"></div>
<div class="map_with_list__container">
<div class="map_left_filters__container">
<div class="map_left_filters"></div>
</div>
<div class="map_left_cards map_left_cards--v2">
<div data-capla-component-boundary="b-search-web-searchresults/PropertiesListMap"><div class="b7d7ae581d"><div class="bb284f2fda" data-testid="loader-container"><div class="a4dea99de5"><div class="f2308392f4"><div class="a9932a3e99 ba4e4ce302 bc91340c18" role="progressbar"><div class="dec0078e7c"></div></div></div><div class="ccb65902b2 e37243b5e9">Loading properties...</div></div></div><div></div></div></div>
</div>
<div class="map_left_cards__collapse__button"></div>
<div id="b_map_container" class="b_map_br_zoom b_map_custom_zoom map_view" role="dialog" aria-modal="true" aria-label="Map View">
<div class="b_map_controls_container"></div>
<div id="js_searchbox_placeholder"></div>
<div id="b_map_tiles" >
<div id="b_gmap_inner"></div>
<div id="b_overlay"></div>
<div id="map_detail_overlay"></div>
</div>
<div id="b_map_legend_html"></div>
</div>
</div>
</div>
<div style="display: none;">
<svg class="bk-icon -fonticon-aclose" height="32" width="36" viewBox="0 0 36 32" role="presentation" aria-hidden="true" focusable="false">
  <path d="M34 3.2L30.8 0 18 12.8 5.2 0 2 3.2 14.8 16 2 28.8 5.2 32 18 19.2 30.8 32l3.2-3.2L21.2 16 34 3.2z"/>
</svg>
<svg class="bk-icon -fonticon-downchevron" height="32" width="51" viewBox="0 0 51 32" role="presentation" aria-hidden="true" focusable="false">
  <path d="M45.1.2L25.7 19.7 6.3.2 0 6.5l25.7 25.7L51.4 6.5z"/>
</svg>
<svg class="bk-icon -fonticon-upchevron" height="32" width="51" viewBox="0 0 51 32" role="presentation" aria-hidden="true" focusable="false">
  <path d="M6.3 32.2l19.4-19.5 19.4 19.5 6.3-6.3L25.7.2 0 25.9z"/>
</svg>
<svg class="bk-icon -fonticon-checkempty" height="32" width="32" viewBox="0 0 32 32" role="presentation" aria-hidden="true" focusable="false">
  <path d="M16 30c7.732 0 14-6.268 14-14S23.732 2 16 2 2 8.268 2 16s6.268 14 14 14zm0 2C7.163 32 0 24.837 0 16S7.163 0 16 0s16 7.163 16 16-7.163 16-16 16z"/>
</svg>
<svg class="bk-icon -fonticon-checkno2" height="32" width="32" viewBox="0 0 32 32" role="presentation" aria-hidden="true" focusable="false">
  <path d="M16 30c7.732 0 14-6.268 14-14S23.732 2 16 2 2 8.268 2 16s6.268 14 14 14zm0 2C7.163 32 0 24.837 0 16S7.163 0 16 0s16 7.163 16 16-7.163 16-16 16z"/>
  <path d="M24.587 11.039L13.825 21.583c-.054.09-.12.182-.208.271l-.504.505c-.278.278-.607.403-.733.276l-5.125-5.366c-.126-.126-.002-.454.276-.732l.504-.505c.279-.279.607-.403.733-.277l3.842 4.022L23.073 9.525a.715.715 0 0 1 1.009 0l.505.505a.715.715 0 0 1 0 1.009z"/>
</svg>
</div>
<span id="req_info" style="display:none;">1802880|4,1792820,1800860,1802880</span>
</body>
</html>
<div class="invisible_spoken" aria-live="assertive" role="alert" aria-atomic="true" aria-relevant="all" id="aria-live-assertive"></div> 
Host info: host: 'PERU-METO', ip: '192.168.1.37'
at org.openqa.selenium.remote.ProtocolHandshake.createSession(ProtocolHandshake.java:126)
at java.base/jdk.internal.reflect.NativeMethodAccessorImpl.invoke0(Native Method)
at java.base/jdk.internal.reflect.NativeMethodAccessorImpl.invoke(NativeMethodAccessorImpl.java:62)
at java.base/jdk.internal.reflect.DelegatingMethodAccessorImpl.invoke(DelegatingMethodAccessorImpl.java:43)
at java.base/java.lang.reflect.Method.invoke(Method.java:566)
at io.appium.java_client.remote.AppiumProtocolHandshake.createSession(AppiumProtocolHandshake.java:133)
at io.appium.java_client.remote.AppiumProtocolHandshake.createSession(AppiumProtocolHandshake.java:102)
at io.appium.java_client.remote.AppiumCommandExecutor.createSession(AppiumCommandExecutor.java:194)
at io.appium.java_client.remote.AppiumCommandExecutor.execute(AppiumCommandExecutor.java:262)
at org.openqa.selenium.remote.RemoteWebDriver.execute(RemoteWebDriver.java:602)
at io.appium.java_client.AppiumDriver.startSession(AppiumDriver.java:229)
at org.openqa.selenium.remote.RemoteWebDriver.<init>(RemoteWebDriver.java:163)
at io.appium.java_client.AppiumDriver.<init>(AppiumDriver.java:80)
at io.appium.java_client.AppiumDriver.<init>(AppiumDriver.java:92)
at io.appium.java_client.android.AndroidDriver.<init>(AndroidDriver.java:117)
at org.meto.appium.base.TestBase.setup(TestBase.java:58)
at java.base/jdk.internal.reflect.NativeMethodAccessorImpl.invoke0(Native Method)
at java.base/jdk.internal.reflect.NativeMethodAccessorImpl.invoke(NativeMethodAccessorImpl.java:62)
at java.base/jdk.internal.reflect.DelegatingMethodAccessorImpl.invoke(DelegatingMethodAccessorImpl.java:43)
at java.base/java.lang.reflect.Method.invoke(Method.java:566)
at org.testng.internal.invokers.MethodInvocationHelper.invokeMethod(MethodInvocationHelper.java:139)
at org.testng.internal.invokers.MethodInvocationHelper.invokeMethodConsideringTimeout(MethodInvocationHelper.java:69)
at org.testng.internal.invokers.ConfigInvoker.invokeConfigurationMethod(ConfigInvoker.java:361)
at org.testng.internal.invokers.ConfigInvoker.invokeConfigurations(ConfigInvoker.java:296)
at org.testng.SuiteRunner.privateRun(SuiteRunner.java:376)
at org.testng.SuiteRunner.run(SuiteRunner.java:330)
at org.testng.SuiteRunnerWorker.runSuite(SuiteRunnerWorker.java:52)
at org.testng.SuiteRunnerWorker.run(SuiteRunnerWorker.java:95)
at org.testng.TestNG.runSuitesSequentially(TestNG.java:1256)
at org.testng.TestNG.runSuitesLocally(TestNG.java:1176)
at org.testng.TestNG.runSuites(TestNG.java:1099)
at org.testng.TestNG.run(TestNG.java:1067)
at org.testng.remote.AbstractRemoteTestNG.run(AbstractRemoteTestNG.java:115)
at org.testng.remote.RemoteTestNG.initAndRun(RemoteTestNG.java:251)
at org.testng.remote.RemoteTestNG.main(RemoteTestNG.java:77)
Caused by: org.openqa.selenium.json.JsonException: Unable to parse: <!DOCTYPE html>
<!--
You know you could be getting paid to poke around in our code?
We're hiring designers and developers to work in Amsterdam:
https://careers.booking.com/
-->
<!-- wdot-802 -->
<script type="text/javascript" nonce="Y346mIyU7Ic0W43">
document.addEventListener('DOMContentLoaded', function () {
/**
* provides the current user's cookie consent
* in order to use it:
* 1. inline privacy/cookieConsent.js in the page you need to use it.
* please note that this library relies on window.PCM.isCountryNeedCookieBanner to be initialised
* before using (calling getValue function) it
* 2. in your js file:
*
* var privacyCookieConsent = B.require('privacyCookieConsent');
* var consent = privacyCookieConsent.getValue();
*/
B.define('privacyCookieConsent', function () {
var consentGroupIsAllowed = {
analytical: 'C0002%3A1',
marketing: 'C0004%3A1'
};
var optanonConsentCookieName = 'OptanonConsent';
var optanonBoxClosedCookieName = 'OptanonAlertBoxClosed';
var halfOfYearMillis = 180 * 24 * 60 * 60 * 1000;
function isDefined(value) {
return value && value !== "undefined";
}
function parseConsentToObject(consent) {
var result = {};
if (typeof consent === 'string') {
var parts = consent.split('&');
parts.forEach(function (part) {
var keyAndValue = part.split('=');
result[keyAndValue[0]] = keyAndValue[1];
});
}
return result;
}
function isConsentValid(consent, alertBoxClosed) {
return isDefined(consent) &&
isDefined(alertBoxClosed) &&
new Date() - new Date(alertBoxClosed) <= halfOfYearMillis;
}
function getCookie(name) {
name += "=";
var cookies = document.cookie.split(";");
for (var i = 0; i < cookies.length; i += 1) {
var cookie = cookies[i];
while (cookie.charAt(0) === " ") {
cookie = cookie.substring(1, cookie.length);
}
if (cookie.indexOf(name) === 0) {
return cookie.substring(name.length, cookie.length);
}
}
return null;
}
function doesGeolocationRequireBanner() {
// In case window.PCM is not defined, fallback to opt-out
return window.PCM ? window.PCM.isCountryNeedCookieBanner : true;
}
function getExplicitConsent() {
var consent = getCookie(optanonConsentCookieName);
var alertBoxClosed = getCookie(optanonBoxClosedCookieName);
if (isConsentValid(consent, alertBoxClosed)) {
var consentObject = parseConsentToObject(consent);
return Object
.keys(consentGroupIsAllowed)
.map(function (purpose) {
var result = {};
result[purpose] = consentObject.groups.indexOf(consentGroupIsAllowed[purpose]) > -1;
return result;
})
.reduce(
function (result, currentValue) {
return Object.assign(result, currentValue);
}, {
functional: true
}
);
}
}
function getImplicitConsent() {
var consentValue = !doesGeolocationRequireBanner();
return {
functional: true,
analytical: consentValue,
marketing: consentValue
};
}
function getValue() {
var consent = getExplicitConsent();
if (!consent) {
consent = getImplicitConsent();
}
return consent;
}
return {
getValue: getValue
};
});
//c360 javascript tracker first iteration
//sends a track request to c360 http tracker
//in order to use it:
//1. inline the c360Tracker.js in the page you need to use it
//2. in your js file:
//
// var c360Tracker = B.require('c360Tracker');
// var event = {
// action_name:"accommodation_checkout_confirmation_viewed",
// action_version :"0.2.0",
// content : { "transaction_id" : 123434},
// user : { "BKNG_user_id": 123434}
// };
// c360Tracker.track(event);
B.define('c360Tracker', function () {
var enrichedContext = {};
var EXPERIMENT_HASH_BATCHING = 'GfCDATBbLJbWRWEdTTcO';
var isExperimentBatching = B.et && B.et.track && B.et.track(EXPERIMENT_HASH_BATCHING) || 0;
var queue = [];
var queueTimeout = null;
var flushInterval = 1000;
var flushSize = 10;
var configuration = {
validateInput: false
};
var track = function (event) {
if (event == null) {
return "event object is null or empty";
} else {
var validationResult = new ValidationResult(true);
if (configuration.validateInput) {
validationResult = validateInput(event);
}
if (!validationResult.success) {
return validationResult.message;
}
if (isExperimentBatching) {
enqueue(event);
} else {
send([event]);
}
}
};
function enqueue(event) {
if (queue.length == 0) {
queueTimeout = setTimeout(flush, flushInterval);
}
queue.push(event);
if (queue.length >= flushSize) {
if (queueTimeout !== null) {
clearTimeout(queueTimeout);
}
flush();
return;
}
}
function flush() {
send(queue, true);
queue = [];
queueTimeout = null;
}
function withContextProvider(isFlush) {
var trackerVersion = '0.1.0'
if (isFlush) {
trackerVersion = '0.1.1';
}
return function (item) {
return Object.assign({}, item, {
context: enrichedContext,
tracker: {
tracker_name: 'C360JSTracker',
tracker_type: 'Client',
tracker_version: trackerVersion
}
});
}
}
function send(events, isFlush) {
var payload = {
events: events.map(withContextProvider(isFlush))
};
return $.ajax({
url: '/c360/v1/track',
type: 'POST',
dataType: 'json',
data: JSON.stringify(payload),
});
}
enrich();
var scheme =
{
"type": "object",
"properties": {
"action_name": {
"type": "string",
"description": "action name (ex. element viewed)",
},
"action_version": {
"type": "string",
"description": "action version"
},
"content": {
"type": "object",
"description": "content defined by the registered producer scheme"
}
}
};
function ValidationResult(success, message) {
this.success = success;
this.message = message;
}
function validateInput(event) {
var result = validateObject(event, scheme);
return result;
}
function validateObject(obj, scheme) {
if (scheme.properties != null) {
var propsArray = Object.getOwnPropertyNames(scheme.properties);
for (var i = 0; i < propsArray.length; i++) {
var propertyName = propsArray[i];
if (obj[propertyName] == null) {
return new ValidationResult(false, "property " + propertyName + " is not defined");
}
if (scheme.properties[propertyName].type == "object") {
var validationResult = validateObject(obj[propertyName], scheme.properties[propertyName]);
if (validationResult.success === false) {
return validationResult;
}
}
}
}
return new ValidationResult(true);
}
function enrich() {
enrichedContext = {
page: {
page_referrer: document.referrer,
page_url: window.location.href,
page_title: document.title
},
local: {
currency: B.env.b_selected_currency
},
};
//if (B.env.b_user_genius_status != null && B.env.b_user_genius_status.b_user_id != null)
// enrichedContext.userID = B.env.b_user_genius_status.b_user_id;
}
return {
track: track
};
});
})
</script>
<script type="text/javascript" nonce="Y346mIyU7Ic0W43">
window.PCM = {
isCountryNeedCookieBanner: 0,
isGpcSignalEnabled: 0,
loadStartedAt: 1694773210,
countryCode: 'us',
isUserLoggedIn: 0
}
</script>
<script type="text/javascript" nonce="Y346mIyU7Ic0W43" src="https://cf.bstatic.com/libs/privacy-consent/releases/2.1.43/customer/cookie-banner.min.js" data-domain-script="3ea94870-d4b1-483a-b1d2-faf1d982bb31"></script>
<link href="https://cf.bstatic.com" rel="dns-prefetch" crossorigin>
<link href="https://cf.bstatic.com" rel="dns-prefetch" crossorigin>
<link href="https://shelves.booking.com/" rel="preconnect" crossorigin>
<html lang="en-us" prefix="og: http://ogp.me/ns# fb: http://ogp.me/ns/fb# booking_com: http://ogp.me/ns/fb/booking_com#" class="noJS b_Unparsed b_Unparsed supports_fontface supports_hyphens " >
<head profile="http://a9.com/-/spec/opensearch/1.1/">
<meta name="referrer" content="origin">
<meta http-equiv="content-type" content="text/html; charset=utf-8" />
<script nonce="Y346mIyU7Ic0W43">
;(function(w){
var ts = +new Date();
w.PageLoadTimer = {};
w.PageLoadTimer.start = ts;
}(window));
</script>
<script nonce="Y346mIyU7Ic0W43"> function b_cors_check(supported) { var value = supported ? 1 : 0; if (!/(^|;)\s*cors_js=/.test(document.cookie)) { var d = new Date(); d.setTime(d.getTime() + 60 * 60 * 24 * 365 * 1000); var cookieDomain = '.booking.com' || '.booking.com'; document.cookie = 'cors_js=' + value +'; domain=' + cookieDomain + '; path=/; expires=' + d.toGMTString(); } if (!value) { location.reload(); } } </script>
<script nonce="Y346mIyU7Ic0W43">(function(d) { d.addEventListener('error', function(e) { if (e.target && e.target.classList.contains('crossorigin-check-js')) { b_cors_check(false); } }, true); })(document); </script>
<script class="crossorigin-check-js" src="https://cf.bstatic.com/static/js/crossorigin_check_cloudfront_sd/2454015045ef79168d452ff4e7f30bdadff0aa81.js" async crossorigin nonce="Y346mIyU7Ic0W43"></script>
<script nonce="Y346mIyU7Ic0W43"> 
;(function() {
window.b_early_errors = window.b_early_errors || [];
window.onerror = function() {
window.b_early_errors.push(arguments);
};
}());
 </script>
<link rel="stylesheet" id="main-css-preload" href="https://cf.bstatic.com/static/css/main_cloudfront_sd.iq_ltr/ee8c663159661f849c4a8188ebd4f756c0753603.css"  data-main-css="1" />
<script nonce="Y346mIyU7Ic0W43">
document.querySelector('#main-css-preload').addEventListener('load', function() {
window.mainCssWasLoaded = 1;
})
</script>
<link rel="stylesheet" href="https://cf.bstatic.com/static/css/main_exps_cloudfront_sd.iq_ltr/a83f129db7c508d4e48fc31a986f57fb071af54e.css"  />
<link rel="stylesheet" href="https://cf.bstatic.com/static/css/gprof_icons_cloudfront_sd.iq_ltr/4ba3a053b4980db63ac9203a90c619cd1a17110c.css" /> 
<link rel="stylesheet" type="text/css" href="https://cf.bstatic.com/static/css/searchresults_cloudfront_sd.iq_ltr/2bc146eb7d22f706cddb2587a34b867494e16c54.css"  media="screen" />
<link rel="_prefetch" data-defer-prefetch href="https://cf.bstatic.com/static/css/hotel_base_cloudfront_sd.iq_ltr/e85771696ab9164437c987a9c76997182bd6c75d.css">
<link rel="_prefetch" data-defer-prefetch href="https://cf.bstatic.com/static/css/hotel_experiments_cloudfront_sd.iq_ltr/b6ffad752cefb31b13b3abf783ee3b969110f1f6.css">
<link rel="_prefetch" data-defer-prefetch href="https://cf.bstatic.com/static/css/index_cloudfront_sd.iq_ltr/080aabc4c71f5a728b03b0019565c3680d829180.css">
<link rel="_prefetch" data-defer-prefetch href="https://cf.bstatic.com/static/css/xp-index-sb_cloudfront_sd.iq_ltr/7d56b924a6c248d579afe82a520d9a6abc96b9c7.css">
<link rel="stylesheet" type="text/css" href="https://cf.bstatic.com/static/css/incentives_cloudfront_sd.iq_ltr/f1558a6e9832a4eb8cfe1d3d14db176bd3564335.css"  media="screen" />
 <link rel="stylesheet" href="https://cf.bstatic.com/static/css/mlt_cloudfront_sd.iq_ltr.css" />  
 <style nonce="Y346mIyU7Ic0W43"> #basiclayout, .basiclayout { margin: 0; } #special_actions { margin: 3px 15px 3px 0; } .ticker_space { margin-top: 3px !important; } #logo_no_globe_new_logo { top: 14px; } .b_msie_6 #top, .b_msie_6 body.header_reshuffle #top {height:61px !important;} .b_msie_6 #special_actions { margin: 3px 15px 3px 0; overflow:visible; } body.header_reshuffle #top { min-height: 50px !important; height: auto !important; } .nobg { background: #fff url("https://cf.bstatic.com/static/img/nobg_all_blue_iq/b700d9e3067c1186a3364012df4fe1c48ae6da44.png") repeat-x; background-position: 0 -50px; } </style> 
<link rel="preload" as="script" href="https://cf.bstatic.com/static/js/core-deps-inlinedet_cloudfront_sd/6d177594fcf3d8acf87d6a208d7427779018df74.js" crossorigin nonce="Y346mIyU7Ic0W43">
<link rel="preload" as="script" href="https://cf.bstatic.com/static/js/jquery_cloudfront_sd/e1e8c0e862309cb4caf3c0d5fbea48bfb8eaad42.js" crossorigin nonce="Y346mIyU7Ic0W43">
<link rel="preload" as="script" href="https://cf.bstatic.com/static/js/main_cloudfront_sd/12c5fcd0dbebbaa05d253f10cf9b6b530eb49730.js" crossorigin nonce="Y346mIyU7Ic0W43">
<link rel="preload" as="script" href="https://cf.bstatic.com/static/js/searchresults_cloudfront_sd/3503d1dd3d02c580090e9e9483b9c41246bf2c38.js" crossorigin nonce="Y346mIyU7Ic0W43">
<link rel="preload" as="script" href="https://cf.bstatic.com/static/js/error_catcher_bec_cloudfront_sd/0acd2ada6c74d5dec978a04ea837952bdf050cd2.js" crossorigin nonce="Y346mIyU7Ic0W43">
<script nonce="Y346mIyU7Ic0W43"> if( window.performance && performance.measure && 'b-stylesheets') { performance.measure('b-stylesheets'); } </script> 
<title>Booking.com:
Search results.
Book your hotel now!
</title>
<meta name="keywords" content="Hotel,  Hotels, lodging, accommodation, special offers, packages, specials, weekend breaks, city breaks, deals, budget, cheap, discount, savings" />
<meta name="robots" content="index,follow" />
<link rel="canonical" href="https://www.booking.com/searchresults.html?dest_id=261060;dest_type=landmark;si=ai%252Cco%252Cci%252Cre%252Cla%252Cdi" />
<meta name="booking-verification" content="UmFuZG9tSVb-G3gmGLnF2GmgwbxayFii_CnEahut_59FnGSQzYCUynn7_zZy8P4HnoYH7IyvCWZOqj-3cVe6LgCCZKwKvSVGFYqUIvCgoj1PqD5hXItoFy6P5OoniwgLrS-PJwjYOQRKp-KugsBOl5Hp3v4eb2zaumT4FCmgizK-3Eu2Qly_sBzH7FNkIckvH3dkiNgTKLx4CR1WJzJZJ0H3bKAL-subppQbnJ9-FVDrgMZoifXviSFMp0AxueNSWgFNWizm5IV321bWQqd1d4TO2bAFXeYyh0AqM7brm0CZ0bq4oOHCAHxcDmEsmtofvvJs6SUXXZFp-xmJgNUDe4AHCKD7uBv3r0KHh1gTRSo4i7aBYyx2WPhK9Uhh8oJt" />
<meta name="twitter:app:id:iphone" content="367003839" />
<meta name="twitter:app:name:ipad" content="Booking.com Hotel Reservations Worldwide & Hotel Deals" />
<meta name="twitter:app:id:ipad" content="367003839" />
<meta name="twitter:app:name:googleplay" content="Booking.com Hotel Reservations" />
<meta name="twitter:app:id:googleplay" content="com.booking" />
<meta property="al:ios:app_store_id" content="367003839">
<meta property="al:ios:app_name" content="Booking.com Hotel Reservations">
<meta property="al:android:app_name" content="Booking.com Hotel Reservation">
<meta property="al:android:package" content="com.booking">
<meta name="p:domain_verify" content="ff7f0b90ebb93e5bf7c7cafe77640ec1"/>
<meta http-equiv="content-language" content="en-us" />
<meta http-equiv="content-script-type" content="text/javascript" />
<meta http-equiv="content-style-type" content="text/css" />
<meta http-equiv="window-target" content="_top" />
<meta property="fb:pages" content="131840030178250, 1425349334428496, 117615518393985, 1565844503706287, 517612321758712, 1668799180037291, 265097377176252, 1643712662515912, 303492549842824, 1638321783047271, 809709019119342, 959185470826086, 217466488652137, 641365839348517, 203741606405114">
<meta property="wb:webmaster" content="48970bbca45d28c2" />
<meta name="twitter:card" content="summary_large_image">
<meta name="twitter:site" content="@bookingcom">
<meta name="twitter:creator" content="@bookingcom">
<meta property="og:type" content="website" />
<meta property="og:title" content="Help! Which property is best?" />
<meta property="og:description" content="I found these great hotels on Booking.com and love them all. Help me decide which one to book!" />
<meta property="og:locale" content="en_US" />
<meta property="og:url" content="https://www.booking.com/searchresults.html?dest_id=261060;dest_type=landmark;si=ai%252Cco%252Cci%252Cre%252Cla%252Cdi" />
<meta property="og:site_name" content="Booking.com" />
<meta property="fb:app_id" content="145362478954725" />
<link rel="alternate" type="text/html" hreflang="en-gb" href="https://www.booking.com/searchresults.en-gb.html?dest_id=261060;dest_type=landmark;si=ai%2Cco%2Cci%2Cre%2Cla%2Cdi" title="English (UK)"/>
<link rel="alternate" type="text/html" hreflang="en-us" href="https://www.booking.com/searchresults.html?dest_id=261060;dest_type=landmark;si=ai%2Cco%2Cci%2Cre%2Cla%2Cdi" title="English (US)"/>
<link rel="alternate" type="text/html" hreflang="de" href="https://www.booking.com/searchresults.de.html?dest_id=261060;dest_type=landmark;si=ai%2Cco%2Cci%2Cre%2Cla%2Cdi" title="Deutsch"/>
<link rel="alternate" type="text/html" hreflang="nl" href="https://www.booking.com/searchresults.nl.html?dest_id=261060;dest_type=landmark;si=ai%2Cco%2Cci%2Cre%2Cla%2Cdi" title="Nederlands"/>
<link rel="alternate" type="text/html" hreflang="fr" href="https://www.booking.com/searchresults.fr.html?dest_id=261060;dest_type=landmark;si=ai%2Cco%2Cci%2Cre%2Cla%2Cdi" title="Français"/>
<link rel="alternate" type="text/html" hreflang="es" href="https://www.booking.com/searchresults.es.html?dest_id=261060;dest_type=landmark;si=ai%2Cco%2Cci%2Cre%2Cla%2Cdi" title="Español"/>
<link rel="alternate" type="text/html" hreflang="es-ar" href="https://www.booking.com/searchresults.es-ar.html?dest_id=261060;dest_type=landmark;si=ai%2Cco%2Cci%2Cre%2Cla%2Cdi" title="Español (AR)"/>
<link rel="alternate" type="text/html" hreflang="es-mx" href="https://www.booking.com/searchresults.es-mx.html?dest_id=261060;dest_type=landmark;si=ai%2Cco%2Cci%2Cre%2Cla%2Cdi" title="Español (MX)"/>
<link rel="alternate" type="text/html" hreflang="ca" href="https://www.booking.com/searchresults.ca.html?dest_id=261060;dest_type=landmark;si=ai%2Cco%2Cci%2Cre%2Cla%2Cdi" title="Català"/>
<link rel="alternate" type="text/html" hreflang="it" href="https://www.booking.com/searchresults.it.html?dest_id=261060;dest_type=landmark;si=ai%2Cco%2Cci%2Cre%2Cla%2Cdi" title="Italiano"/>
<link rel="alternate" type="text/html" hreflang="pt-pt" href="https://www.booking.com/searchresults.pt-pt.html?dest_id=261060;dest_type=landmark;si=ai%2Cco%2Cci%2Cre%2Cla%2Cdi" title="Português (PT)"/>
<link rel="alternate" type="text/html" hreflang="pt-br" href="https://www.booking.com/searchresults.pt-br.html?dest_id=261060;dest_type=landmark;si=ai%2Cco%2Cci%2Cre%2Cla%2Cdi" title="Português (BR)"/>
<link rel="alternate" type="text/html" hreflang="no" href="https://www.booking.com/searchresults.no.html?dest_id=261060;dest_type=landmark;si=ai%2Cco%2Cci%2Cre%2Cla%2Cdi" title="Norsk"/>
<link rel="alternate" type="text/html" hreflang="fi" href="https://www.booking.com/searchresults.fi.html?dest_id=261060;dest_type=landmark;si=ai%2Cco%2Cci%2Cre%2Cla%2Cdi" title="Suomi"/>
<link rel="alternate" type="text/html" hreflang="sv" href="https://www.booking.com/searchresults.sv.html?dest_id=261060;dest_type=landmark;si=ai%2Cco%2Cci%2Cre%2Cla%2Cdi" title="Svenska"/>
<link rel="alternate" type="text/html" hreflang="da" href="https://www.booking.com/searchresults.da.html?dest_id=261060;dest_type=landmark;si=ai%2Cco%2Cci%2Cre%2Cla%2Cdi" title="Dansk"/>
<link rel="alternate" type="text/html" hreflang="cs" href="https://www.booking.com/searchresults.cs.html?dest_id=261060;dest_type=landmark;si=ai%2Cco%2Cci%2Cre%2Cla%2Cdi" title="?eština"/>
<link rel="alternate" type="text/html" hreflang="hu" href="https://www.booking.com/searchresults.hu.html?dest_id=261060;dest_type=landmark;si=ai%2Cco%2Cci%2Cre%2Cla%2Cdi" title="Magyar"/>
<link rel="alternate" type="text/html" hreflang="ro" href="https://www.booking.com/searchresults.ro.html?dest_id=261060;dest_type=landmark;si=ai%2Cco%2Cci%2Cre%2Cla%2Cdi" title="Român?"/>
<link rel="alternate" type="text/html" hreflang="ja" href="https://www.booking.com/searchresults.ja.html?dest_id=261060;dest_type=landmark;si=ai%2Cco%2Cci%2Cre%2Cla%2Cdi" title="???"/>
<link rel="alternate" type="text/html" hreflang="zh-cn" href="https://www.booking.com/searchresults.zh-cn.html?dest_id=261060;dest_type=landmark;si=ai%2Cco%2Cci%2Cre%2Cla%2Cdi" title="????"/>
<link rel="alternate" type="text/html" hreflang="zh-tw" href="https://www.booking.com/searchresults.zh-tw.html?dest_id=261060;dest_type=landmark;si=ai%2Cco%2Cci%2Cre%2Cla%2Cdi" title="????"/>
<link rel="alternate" type="text/html" hreflang="pl" href="https://www.booking.com/searchresults.pl.html?dest_id=261060;dest_type=landmark;si=ai%2Cco%2Cci%2Cre%2Cla%2Cdi" title="Polski"/>
<link rel="alternate" type="text/html" hreflang="el" href="https://www.booking.com/searchresults.el.html?dest_id=261060;dest_type=landmark;si=ai%2Cco%2Cci%2Cre%2Cla%2Cdi" title="????????"/>
<link rel="alternate" type="text/html" hreflang="ru" href="https://www.booking.com/searchresults.ru.html?dest_id=261060;dest_type=landmark;si=ai%2Cco%2Cci%2Cre%2Cla%2Cdi" title="???????"/>
<link rel="alternate" type="text/html" hreflang="tr" href="https://www.booking.com/searchresults.tr.html?dest_id=261060;dest_type=landmark;si=ai%2Cco%2Cci%2Cre%2Cla%2Cdi" title="Türkçe"/>
<link rel="alternate" type="text/html" hreflang="bg" href="https://www.booking.com/searchresults.bg.html?dest_id=261060;dest_type=landmark;si=ai%2Cco%2Cci%2Cre%2Cla%2Cdi" title="?????????"/>
<link rel="alternate" type="text/html" hreflang="ar" href="https://www.booking.com/searchresults.ar.html?dest_id=261060;dest_type=landmark;si=ai%2Cco%2Cci%2Cre%2Cla%2Cdi" title="???????"/>
<link rel="alternate" type="text/html" hreflang="ko" href="https://www.booking.com/searchresults.ko.html?dest_id=261060;dest_type=landmark;si=ai%2Cco%2Cci%2Cre%2Cla%2Cdi" title="???"/>
<link rel="alternate" type="text/html" hreflang="he" href="https://www.booking.com/searchresults.he.html?dest_id=261060;dest_type=landmark;si=ai%2Cco%2Cci%2Cre%2Cla%2Cdi" title="?????"/>
<link rel="alternate" type="text/html" hreflang="lv" href="https://www.booking.com/searchresults.lv.html?dest_id=261060;dest_type=landmark;si=ai%2Cco%2Cci%2Cre%2Cla%2Cdi" title="Latviski"/>
<link rel="alternate" type="text/html" hreflang="uk" href="https://www.booking.com/searchresults.uk.html?dest_id=261060;dest_type=landmark;si=ai%2Cco%2Cci%2Cre%2Cla%2Cdi" title="??????????"/>
<link rel="alternate" type="text/html" hreflang="id" href="https://www.booking.com/searchresults.id.html?dest_id=261060;dest_type=landmark;si=ai%2Cco%2Cci%2Cre%2Cla%2Cdi" title="Bahasa Indonesia"/>
<link rel="alternate" type="text/html" hreflang="ms" href="https://www.booking.com/searchresults.ms.html?dest_id=261060;dest_type=landmark;si=ai%2Cco%2Cci%2Cre%2Cla%2Cdi" title="Bahasa Malaysia"/>
<link rel="alternate" type="text/html" hreflang="th" href="https://www.booking.com/searchresults.th.html?dest_id=261060;dest_type=landmark;si=ai%2Cco%2Cci%2Cre%2Cla%2Cdi" title="???????"/>
<link rel="alternate" type="text/html" hreflang="et" href="https://www.booking.com/searchresults.et.html?dest_id=261060;dest_type=landmark;si=ai%2Cco%2Cci%2Cre%2Cla%2Cdi" title="Eesti"/>
<link rel="alternate" type="text/html" hreflang="hr" href="https://www.booking.com/searchresults.hr.html?dest_id=261060;dest_type=landmark;si=ai%2Cco%2Cci%2Cre%2Cla%2Cdi" title="Hrvatski"/>
<link rel="alternate" type="text/html" hreflang="lt" href="https://www.booking.com/searchresults.lt.html?dest_id=261060;dest_type=landmark;si=ai%2Cco%2Cci%2Cre%2Cla%2Cdi" title="Lietuvi?"/>
<link rel="alternate" type="text/html" hreflang="sk" href="https://www.booking.com/searchresults.sk.html?dest_id=261060;dest_type=landmark;si=ai%2Cco%2Cci%2Cre%2Cla%2Cdi" title="Sloven?ina"/>
<link rel="alternate" type="text/html" hreflang="sr" href="https://www.booking.com/searchresults.sr.html?dest_id=261060;dest_type=landmark;si=ai%2Cco%2Cci%2Cre%2Cla%2Cdi" title="Srpski"/>
<link rel="alternate" type="text/html" hreflang="sl" href="https://www.booking.com/searchresults.sl.html?dest_id=261060;dest_type=landmark;si=ai%2Cco%2Cci%2Cre%2Cla%2Cdi" title="Slovenš?ina"/>
<link rel="alternate" type="text/html" hreflang="vi" href="https://www.booking.com/searchresults.vi.html?dest_id=261060;dest_type=landmark;si=ai%2Cco%2Cci%2Cre%2Cla%2Cdi" title="Ti?ng Vi?t"/>
<link rel="alternate" type="text/html" hreflang="tl" href="https://www.booking.com/searchresults.tl.html?dest_id=261060;dest_type=landmark;si=ai%2Cco%2Cci%2Cre%2Cla%2Cdi" title="Filipino"/>
<link rel="alternate" type="text/html" hreflang="is" href="https://www.booking.com/searchresults.is.html?dest_id=261060;dest_type=landmark;si=ai%2Cco%2Cci%2Cre%2Cla%2Cdi" title="Íslenska"/>
<link rel="icon" href="https://cf.bstatic.com/static/img/favicon/9ca83ba2a5a3293ff07452cb24949a5843af4592.svg" type="image/svg+xml">
<link rel="icon" href="https://cf.bstatic.com/static/img/favicon/4a3b40c4059be39cbf1ebaa5f97dbb7d150926b9.png" type="image/png" sizes="192x192">
<link rel="icon" href="https://cf.bstatic.com/static/img/favicon/40749a316c45e239a7149b6711ea4c48d10f8d89.ico" sizes="32x32">
<link rel="apple-touch-icon" href="https://cf.bstatic.com/static/img/apple-touch-icon/5db9fd30d96b1796883ee94be7dddce50b73bb38.png" />
<link rel="help" href="/faq.html&amp;" />
<link rel="search" type="application/opensearchdescription+xml" href="https://cf.bstatic.com/static/opensearch/en-us/e19e3ca297c466eb18e0b783736192a638f6a66e.xml" title="Booking.com Online Hotel Reservations" />
<link href="https://plus.google.com/105443419075154950489" rel="publisher" />
<script nonce="Y346mIyU7Ic0W43">
/*
*/
(function avoidingXSSviaLocationHash() {
var location = window.location,
hash = location.hash,
xss = /[<>'"]/;
if (
xss.test( decodeURIComponent( hash ) ) ||
xss.test( hash )
) {
location.hash = '';
}
})();
document.documentElement.className = document.documentElement.className.replace('noJS', '') + ' hasJS';
var b_experiments = {}, WIDTH, B = window.booking = {
_onfly: [], // "on the fly" functions, will be executed as soon as external js files were loaded
devTools: {
trackedExperiments: []
},
user: {
},
env : {
isRetina : window.devicePixelRatio > 1,
"b_gtt": 'dLYAeZFVJfNTBBFWZBMHMJBXVJfcfHCfBSSUdRKe',
"b_action" : 'searchresults',
"b_secure_domain" : 'https://secure.booking.com',
"b_site_type" : 'www',
"b_site_type_id": '1',
"b_travel_comm_url_with_lang": 'https://community.booking.com/?profile.language=en',
"b_calendar2" : '1',
"BHDTJdReLGMeEcYPffcVDZBZMO": true,
"b_max_los_data_for_prefilled_dest" : {"default_los":45,"has_extended_los":1,"max_allowed_los":90,"extended_los":90,"experiment":"BHDTJdReQHUYYOLEaMYYXO","is_fullon":0},
/*
*/
"b_partner_channel_id": '3',
"b_bookings_owned": '1',
"b_google_maps_key_params" : 'true&indexing=true',
"b_lang" : 'en',
"b_has_valid_dates": 0,
"b_countrycode" : 'ph',
"b_guest_country" : 'us',
"b_locale" : 'en-us',
"b_lang_for_url" : 'en-us',
"b_this_urchin" : '/searchresults.html?dest_id=261060&amp;dest_type=landmark&amp;si=ai%2Cco%2Cci%2Cre%2Cla%2Cdi&&',
"b_flag_to_suggest" : 'us',
"b_companyname" : 'Booking.com',
"b_partner_vertical" : 'channel_direct',
b_date_format: {"short_month_only":"{short_month_name}","short_weekday_only":"{short_weekday}","numeric_date_range_both_years":"{month}/{day_of_month}/{full_year} - {month_until}/{day_of_month_until}/{full_year_until}","numeric_date_range":"{month}/{day_of_month} - {month_until}/{day_of_month_until}","short_date":"{short_month_name} {day_of_month}, {full_year}","ux_day_month_on":"on {month_2} {day_2}","numeric_date":"{month}/{day_of_month}/{full_year}","day_month_other":"{month_name} {day_other}","day_short_month_year_time":"{short_month_name} {day_of_month}, {full_year}, {time}","numeric_day_month_year_from":"from {month_name_0}/{day_name_0}/{full_year}","short_date_without_year_range":"{short_month_name} {day_of_month} - {short_month_name_until} {day_of_month_until}","day_month":"{month_name} {day_name}","range_from_long_date_time_until_long_date_time":"from {month_name} {day_of_month}, {full_year} at {time} until {month_name_until} {day_of_month_until}, {full_year_until} at {time_until}","day_month_year_until":"until {month_name} {day_name}, {full_year}","day_short_month_year_time_between":"{short_month_name} {day_of_month}, {full_year}, {time} – {time_until}","day_short_month_year_from":"from {short_month_name} {day_name}, {full_year}","day_month_year_on":"on {month_name} {day_name}, {full_year}","day_month_year_from":"from {month_name} {day_name}, {full_year}","short_month_with_year":"{short_month_name} {full_year}","numeric_day_month_year_between":"between {month_name_0}/{day_name_0}/{full_year} and {month_name_0_until}/{day_name_0_until}/{full_year_until}","date_with_weekday_from":"{weekday_from}, {month_name_from} {day_of_month}, {full_year}","day_short_month_year_on":"on {short_month_name} {day_name}, {full_year}","day_month_until":"until {month_name} {day_name}","day_month_year_other":"{month_name} {day_other}, {full_year}","date_with_short_weekday_with_year":"{short_weekday}, {month_name} {day_of_month}, {full_year}","date_with_weekday_time_at":"date_with_weekday_time_at","day_short_month_year_other":"{short_month_name} {day_name_other}, {full_year}","short_date_with_weekday_without_year":"{short_weekday}, {short_month_name} {day_of_month}","day_month_on":"on {month_name} {day_name}","date_with_year":"{month_name} {day_of_month}, {full_year}","date_with_weekday_with_markers":"{weekday}, {begin_marker}{month_name} {day_of_month}{end_marker}, {full_year}","in_month_with_year":"in {month_name_in} {full_year}","day_of_month_only":"{day_of_month}","day_short_month_time_between":"{short_month_name} {day_of_month}, {time} – {time_until}","date_with_weekday":"{weekday}, {month_name} {day_of_month}, {full_year}","long_date_range_both_years":"{month_name} {day_of_month}, {full_year} – {month_name_until} {day_of_month_until}, {full_year_until}","month_name_only":"{month_name_nom}","day_short_month_year_between":"{short_month_name} {day_of_month}, {full_year} – {short_month_name_until} {day_of_month_until}, {full_year_until}","day_month_between":"between {month_name} {day_name} and {month_name_until} {day_name_until}","short_date_without_year":"{short_month_name} {day_of_month}","day_month_year":"{month_name} {day_name}, {full_year}","day_month_year_between":"between {month_name} {day_name}, {full_year} and {month_name_until} {day_name_until}, {full_year_until}","date_range_with_short_weekday_short_month":"{short_weekday}, {short_month_name} {day_of_month} – {short_weekday_until}, {short_month_name_until} {day_of_month_until} ","date_with_weekday_time_until":"{weekday}, {begin_marker}{month_name} {day_of_month}{end_marker}, {full_year} until {time}","date_with_weekday_time_from_until":"{weekday}, {begin_marker}{month_name} {day_of_month}{end_marker}, {full_year} from {time} until {time_until}","date_with_weekday_to":"{weekday_to} {day_of_month} {month_name_to} {full_year}","date_without_year":"{month_name} {day_of_month}","numeric_day_month_year_time_before":"before {time} on {month_name_0}/{day_name_0}/{full_year}","day_short_month_year_until":"until {short_month_name} {day_name}, {full_year}","numeric_day_month_year_on":"on {month_name_0}/{day_name_0}/{full_year}","day_month_year_time_before":"before {time} on {month_name} {day_name}, {year}","numeric_day_month_year_until":"until {month_name_0}/{day_name_0}/{full_year}","day_short_month_year":"{short_month_name} {day_name}, {full_year}","day_short_month_between":"{short_month_name} {day_of_month} – {short_month_name_until} \n{day_of_month_until} ","day_month_from":"from {month_name} {day_name}","short_date_with_weekday":"{short_weekday}, {short_month_name} {day_of_month}, {full_year}","date_with_short_weekday_without_year":"{short_weekday}, {month_name} {day_of_month} ","from_month_with_year":"since {month_name_from} {full_year}","month_with_year":"{month_name_with_year_only} {full_year}","numeric_day_month_year":"{month_name_0}/{day_name_0}/{full_year}","ux_day_month":"{month_1} {day_1}","day_short_month_time":"{short_month_name} {day_of_month}, {time}","date_with_weekday_time_from":"{weekday}, {begin_marker}{month_name} {day_of_month}{end_marker}, {full_year} from {time}"},
b_month_for_formatted_date: {"1":{"name_only":"January","to_month_lc":"to January","month_2":"January","on_day_month":"01","name_to":"January","month_1":"January","genitive_lc":"January","name_with_year_only":"January","name":"January","short_name":"Jan","short_name_only":"Jan","in_month_lc":"in January","genitive_uc":"January","day_to":"January","name_lc":"January","name_def_article_lc":"the January","name_from":"January","name_uc":"January","name_def_article_uc":"The January","short_name_uc":"January","name_in":"January","name_other":"January"},"10":{"short_name_only":"Oct","genitive_uc":"October","to_month_lc":"to October","name_only":"October","in_month_lc":"in October","name_def_article_lc":"the October","name_lc":"October","month_2":"October","name_to":"October","on_day_month":"10","month_1":"October","name_from":"October","name_uc":"October","genitive_lc":"October","name_in":"October","name_other":"October","name_def_article_uc":"The October","short_name_uc":"October","short_name":"Oct","name":"October","name_with_year_only":"October"},"11":{"on_day_month":"11","name_to":"November","month_2":"November","name_def_article_lc":"the November","name_lc":"November","name_only":"November","in_month_lc":"in November ","genitive_uc":"November ","to_month_lc":"to November ","short_name_only":"Nov","short_name":"Nov","name":"November","name_with_year_only":"November","short_name_uc":"November","name_def_article_uc":"The November","name_other":"November","name_in":"November","genitive_lc":"November ","name_uc":"November","name_from":"November","month_1":"November"},"12":{"genitive_lc":"December ","name_uc":"December","name_from":"December","month_1":"December","short_name":"Dec","name":"December","name_with_year_only":"December","name_def_article_uc":"The December","short_name_uc":"December","name_in":"December","name_other":"December","in_month_lc":"in December","name_only":"December","genitive_uc":"December","to_month_lc":"to December","short_name_only":"Dec","on_day_month":"12","name_to":"December","month_2":"December","name_def_article_lc":"the December","name_lc":"December"},"2":{"name_uc":"February","name_from":"February","short_name_uc":"February","name_def_article_uc":"The February","name_in":"February","name_other":"February","in_month_lc":"in February ","genitive_uc":"February ","day_to":"February","short_name_only":"Feb","name_lc":"February","name_def_article_lc":"the February","genitive_lc":"February ","month_1":"February","name_with_year_only":"February","name":"February","short_name":"Feb","name_only":"February","to_month_lc":"to February ","on_day_month":"02","name_to":"February","month_2":"February"},"3":{"month_2":"March","on_day_month":"03","name_to":"March","name_only":"March","to_month_lc":"to March","name_with_year_only":"March","name":"March","short_name":"Mar","month_1":"March","genitive_lc":"March","name_lc":"March","name_def_article_lc":"the March","short_name_only":"Mar","in_month_lc":"in March","genitive_uc":"March","day_to":"March","name_def_article_uc":"The March","short_name_uc":"March","name_other":"March","name_in":"March","name_from":"March","name_uc":"March"},"4":{"name_in":"April","name_other":"April","short_name_uc":"April","name_def_article_uc":"The April","name":"April","name_with_year_only":"April","short_name":"Apr","month_1":"April","name_from":"April","name_uc":"April","genitive_lc":"April","name_lc":"April","name_def_article_lc":"the April","month_2":"April","name_to":"April","on_day_month":"04","short_name_only":"Apr","to_month_lc":"to April","genitive_uc":"April","in_month_lc":"in April","name_only":"April"},"5":{"genitive_uc":"May","to_month_lc":"to May","in_month_lc":"in May","name_only":"May","short_name_only":"May","name_to":"May","on_day_month":"05","name_def_article_lc":"the May","name_lc":"May","month_2":"May","name_uc":"May","genitive_lc":"May","name_from":"May","month_1":"May","short_name":"May","name_with_year_only":"May","name":"May","name_other":"May","name_in":"May","short_name_uc":"May","name_def_article_uc":"The May"},"6":{"short_name_only":"Jun","to_month_lc":"to June","genitive_uc":"June","in_month_lc":"in June","name_only":"June","name_lc":"June","name_def_article_lc":"the June","month_2":"June","name_to":"June","on_day_month":"06","name_from":"June","month_1":"June","name_uc":"June","genitive_lc":"June","name_in":"June","name_other":"June","short_name_uc":"June","name_def_article_uc":"The June","name":"June","name_with_year_only":"June","short_name":"Jun"},"7":{"name_to":"July","on_day_month":"07","name_lc":"July","name_def_article_lc":"the July","month_2":"July","to_month_lc":"to July","genitive_uc":"July","name_only":"July","in_month_lc":"in July","short_name_only":"Jul","name_with_year_only":"July","name":"July","short_name":"Jul","name_in":"July","name_other":"July","name_def_article_uc":"The July","short_name_uc":"July","name_uc":"July","genitive_lc":"July","month_1":"July","name_from":"July"},"8":{"name_lc":"August","name_def_article_lc":"the August","month_2":"August","name_to":"August","on_day_month":"08","short_name_only":"Aug","to_month_lc":"to August","genitive_uc":"August","name_only":"August","in_month_lc":"in August","name_other":"August","name_in":"August","name_def_article_uc":"The August","short_name_uc":"August","name_with_year_only":"August","name":"August","short_name":"Aug","name_from":"August","month_1":"August","name_uc":"August","genitive_lc":"August"},"9":{"name_lc":"September","name_def_article_lc":"the September","month_2":"September","name_to":"September","on_day_month":"09","short_name_only":"Sep","to_month_lc":"to September","genitive_uc":"September","name_only":"September","in_month_lc":"in September","name_in":"September","name_other":"September","name_def_article_uc":"The September","short_name_uc":"September","name":"September","name_with_year_only":"September","short_name":"Sep","name_from":"September","month_1":"September","name_uc":"September","genitive_lc":"September"}},
b_weekday_formatted_date: {"1":{"name_on":"Monday","name_from_preposition":"From Monday","short":"Mon","name_lc":"Monday","name_to":"Monday","name_from":"Monday","shortest":"Mo","name_uc":"Monday","name_other":"Monday","name":"Monday","short_uc":"Mon","name_other_uc":"Monday"},"2":{"name_on":"Tuesday","name_to":"Tuesday","short":"Tue","name_lc":"Tuesday","name_from_preposition":"From Tuesday","name_uc":"Tuesday","name_from":"Tuesday","shortest":"Tu","short_uc":"Tue","name_other_uc":"Tuesday","name":"Tuesday","name_other":"Tuesday"},"3":{"name_from_preposition":"From Wednesday","name_lc":"Wednesday","short":"Wed","name_to":"Wednesday","name_on":"Wednesday","name_other":"Wednesday","name":"Wednesday","name_other_uc":"Wednesday","short_uc":"Wed","shortest":"We","name_from":"Wednesday","name_uc":"Wednesday"},"4":{"name_from":"Thursday","shortest":"Th","name_uc":"Thursday","name_other":"Thursday","short_uc":"Thu","name_other_uc":"Thursday","name":"Thursday","name_on":"Thursday","name_lc":"Thursday","short":"Thu","name_from_preposition":"From Thursday","name_to":"Thursday"},"5":{"short":"Fri","name_lc":"Friday","name_from_preposition":"From Friday","name_to":"Friday","name_on":"Friday","name_other":"Friday","name_other_uc":"Friday","short_uc":"Fri","name":"Friday","shortest":"Fr","name_from":"Friday","name_uc":"Friday"},"6":{"name_to":"Saturday","name_from_preposition":"From Saturday","short":"Sat","name_lc":"Saturday","name_on":"Saturday","name":"Saturday","name_other_uc":"Saturday","short_uc":"Sat","name_other":"Saturday","name_uc":"Saturday","shortest":"Sa","name_from":"Saturday"},"7":{"shortest":"Su","name_from":"Sunday","name_uc":"Sunday","name_other":"Sunday","name":"Sunday","name_other_uc":"Sunday","short_uc":"Sun","name_on":"Sunday","name_from_preposition":"From Sunday","name_lc":"Sunday","short":"Sun","name_to":"Sunday"},"8":{"name":"Every day","name_other_uc":"name_other_uc","short_uc":"short_uc","name_other":"name_other","name_uc":"name_uc","shortest":"shortest","name_from":"name_from","name_to":"name_to","name_from_preposition":"From any day","short":"short","name_lc":"every day","name_on":"name_on"}},
b_time_format: {"AM_symbol":{"name":"AM"},"PM_symbol":{"name":"PM"},"time":{"name":"{hour_12h_no0}:{minutes} {AM_PM}"},"time_12":{"name":"{hour_12h_no0}:{minutes} {AM_PM}"},"time_24":{"name":"{hour_24h_no0}:{minutes}"}},
"b_protocol": 'https',
b01: 1,
auth_level : "0",
b_user_auth_level_is_none : 1,
b_check_ot_consent : 1,
bui: {
color: {
bui_color_grayscale_dark: "#333333",
bui_color_grayscale: "#6B6B6B",
bui_color_grayscale_light: "#BDBDBD",
bui_color_grayscale_lighter: "#E6E6E6",
bui_color_grayscale_lightest: "#F5F5F5",
bui_color_primary_dark: "#00224F",
bui_color_primary: "#003580",
bui_color_primary_light: "#BAD4F7",
bui_color_primary_lighter: "#EBF3FF",
bui_color_primary_lightest: "#FAFCFF",
bui_color_complement_dark: "#CD8900",
bui_color_complement: "#FEBB02",
bui_color_complement_light: "#FFE08A",
bui_color_complement_lighter: "#FDF4D8",
bui_color_complement_lightest: "#FEFBF0",
bui_color_callout_dark: "#BC5B01",
bui_color_callout: "#FF8000",
bui_color_callout_light: "#FFC489",
bui_color_callout_lighter: "#FFF0E0",
bui_color_callout_lightest: "#FFF8F0",
bui_color_destructive_dark: "#A30000",
bui_color_destructive: "#CC0000",
bui_color_destructive_light: "#FCB4B4",
bui_color_destructive_lighter: "#FFEBEB",
bui_color_destructive_lightest: "#FFF0F0",
bui_color_constructive_dark: "#006607",
bui_color_constructive: "#008009",
bui_color_constructive_light: "#97E59C",
bui_color_constructive_lighter: "#E7FDE9",
bui_color_constructive_lightest: "#F1FEF2",
bui_color_action: "#0071C2",
bui_color_white: "#FFFFFF",
bui_color_black: "#000000"
}
},
bb: {
ibb: "",
uibb: "",
ibbta: "",
itp: "0",
iuibb: "",
bme: "",
euibb: "",
tp: "2"
},
b_run_map_sr_ajax: !!(window.history && window.history.pushState),
b_destination_fullname: 'Session Road',
b_growls_close_fast: 1,
fe_enable_login_with_phone_number: 1,
asyncLoader: {
async_assistant_entrypoint_css: 'https://cf.bstatic.com/static/css/assistant_entrypoint_cloudfront_sd.iq_ltr/611b70b00745fa4412a0101292fb0a1e4c97741e.css',
async_assistant_entrypoint_js: 'https://cf.bstatic.com/static/js/assistant_entrypoint_cloudfront_sd/598c75fa958f9dc500d198bd1a5c7d2555652cd3.js',
async_atlas_places_js: 'https://cf.bstatic.com/static/js/atlas_places_async_cloudfront_sd/9a9bcd998016ecc6409aa42c8605f7850a767a34.js',
async_atlas_v2_cn_js: 'https://cf.bstatic.com/static/js/async_atlas_v2_cn_cloudfront_sd/a358d388c8c90d9c0407d3da288742e93c38c2a6.js',
async_atlas_v2_non_cn_js: 'https://cf.bstatic.com/static/js/async_atlas_v2_non_cn_cloudfront_sd/db2ebeae76c7b51a7bc288822baac8ba5a2fba33.js',
image_gallery_js: 'https://cf.bstatic.com/static/js/ski_lp_overview_panel_cloudfront_sd/9d8e7cfd33a37ffb15285d98f6970024f06cf36d.js',
image_gallery_css: 'https://cf.bstatic.com/static/css/ski_lp_overview_panel_cloudfront_sd.iq_ltr/2b3350935410fe4e36d74efed93daf74f2b4ff70.css',
async_lists_js: 'https://cf.bstatic.com/static/js/async_lists_cloudfront_sd/0d8b91a663af04deaea0fec41b7cee7923d62eec.js',
async_atlas_css: 'https://cf.bstatic.com/static/css/async_atlas_sr_cloudfront_sd.iq_ltr/d0e9030b745cc667bc726c2a1321f0c36b8f6224.css',
async_sr_atlas_map_js: 'https://cf.bstatic.com/static/js/async_sr_atlas_map_cloudfront_sd/53f84967ac1c5fdfa686f7b08357761fe45313c4.js',
async_ski_interactive_map: 'https://cf.bstatic.com/static/js/async_ski_interactive_map_cloudfront_sd/c48ae21b2c3a2dd2f26616dc370daaa921b60330.js',
async_nouislider_css: 'https://cf.bstatic.com/mobile/css/async_nouislider_cloudfront_sd.iq_ltr/2a32b1f38119063da104b43614194fe70d377a05.css',
async_nouislider_js: 'https://cf.bstatic.com/mobile/js/async_nouislider_cloudfront_sd/65e580457b504e99b5475ed3093317626870204b.js',
async_wpm_overlay_css: 'https://cf.bstatic.com/static/css/async_wpm_overlay_assets_cloudfront_sd.iq_ltr/abb304bf3600a5cf5f7406a27f042cf1ce2429b1.css',
async_wpm_overlay_js: 'https://cf.bstatic.com/static/js/async_wpm_overlay_assets_cloudfront_sd/c6cb9b63eea61102d4e96fe72b7c8008652fe925.js',
async_slider_view_js: 'https://cf.bstatic.com/mobile/js/async_slider_view_cloudfront_sd/b99d37dd0f12a56f66e827b1f34dbf846a345b1f.js',
async_slider_view_css: 'https://cf.bstatic.com/mobile/css/async_slider_view_cloudfront_sd.iq_ltr/6139b93e39f06ca17bf572c4b68667c465df625d.css',
async_beach_team_pilot_js: 'https://cf.bstatic.com/mobile/js/async_beach_team_pilot_cloudfront_sd/4ad475e13980eaf3a159e590a2c3885e1c6a1723.js',
async_beach_team_pilot_css: 'https://cf.bstatic.com/mobile/css/async_beach_team_pilot_cloudfront_sd.iq_ltr/cc3fa26277c76552b616497f3a379cf7643633ac.css',
empty: ''
},
fe_enable_fps_goal_with_value: 1,
b_email_validation_regex : /^([\w-\.\+]+@([\w-]+\.)+[\w-]{2,14})?$/,
b_domain_end : '.booking.com',
b_original_url : 'https:&#47;&#47;www.booking.com&#47;searchresults.html?dest_id=261060;dest_type=landmark;si=ai%2Cco%2Cci%2Cre%2Cla%2Cdi',
b_this_url : '/searchresults.html?dest_id=261060;dest_type=landmark;si=ai%2Cco%2Cci%2Cre%2Cla%2Cdi&',
b_this_url_without_lang : '/searchresults.html?dest_id=261060;dest_type=landmark;si=ai%2Cco%2Cci%2Cre%2Cla%2Cdi&',
b_referrer : '',
b_acc_type : '',
b_req_login: '',
jst : {'loading': true},
keep_day_month: true,
b_timestamp : 1694773210,
scripts_tracking : {
atlas:{loaded:false,run:false},
atlas_cst:{loaded:false,run:false},
bhc:{loaded:false,run:false},
calendar2:{loaded:false,run:false},
jquery:{loaded:false,run:false},
main:{loaded:false,run:false},
searchresults:{loaded:false,run:false}
},
enable_scripts_tracking : 1,
b_ufi : '',
"setvar_affiliate_is_bookings2" : 1,
transl_close_x : 'close',
transl_checkin_title: 'Check-in date',
transl_checkout_title: 'Check-out date',
browser_lang: '',
b_hijri_calendar_available: false,
b_aid: '304142',
b_label: 'gen000nr-10CAQoggJCD2xhbmRtYXJrXzI2MTA2MEgzWARo7AGIAQGYATO4AQXIAQXYAQPoAQH4AQGIAgGoAgG4AtrfkKgGwAIB0gIkOWIzM2E5MTMtNDMwZC00YzZmLTg5Y2ItZmU2OWJjYjc3MDc02AIB4AIB',
b_sid: '90259e8437c6096c4ee27fece820d9ea',
b_dest_id: '261060',
ip_country: 'us',
country_currency: 'USD',
b_selected_currency: 'USD',
b_selected_currency_is_hotel_currency: "",
b_selected_language: 'en-us',
b_selected_language_country_flag: 'us',
b_dest_type: 'landmark',
b_filter_currency: '',
b_has_filters: 0,
inline_sort_headers: {
'star_track': {
sortHeader: 'Sort all properties by number of stars'
},
'big_review_score_detailed': {
sortHeader: 'Sort all properties by review score'
},
'address_text': {
sortHeader: 'Sort all properties by location'
},
'district_link': {
sortHeader: 'Sort all properties by location'
},
'smart_price_style': {
sortHeader: 'Sort all properties by price'
}
},
b_search_config: {"b_children_ages_total":[],"b_is_group_search":0,"traveller_segment":"couple","b_adults_total":2,"b_rooms":[{"b_children_ages":[],"b_children":0,"b_room_order":1,"b_adults":2.0}],"b_children_total":0,"b_nr_rooms_needed":1},
pageview_id: '7c9c48ada4eb027a',
aid: '304142',
b_csrf_token: 'GmgEZQAAAAA=KHQbciOBhwJlIvbUOMBz4O2VKYA_9C2yKYavXPCmx09fmBu0ywcZkKphUNWHsoVX3PCHY98INw1fNwVmBTaS0Zjmw0EO-jOoQNp1lggzk_LXz67m9FYnoRgZKLr9eK3SdpmZ-yeUbSUbjMkWECjjZVZN4vhr2EdT0K3OLz5g4OIve0IHxRGPb4AMqtDYMgmdU9bWtEBxIJ3oqQ_w',
b_show_user_accounts_features: 1,
b_browser: 'Unparsed',
et_debug_level: '0',
icons: '/static/img',
b_static_images: 'https://cf.bstatic.com/images/',
b_currency_url: '/general.html&amp;tmpl=currency_foldout&amp;cur_currency=USD&amp;cc1=ph',
b_currency_change_base_url: '/searchresults.html?dest_id=261060&dest_type=landmark&si=ai%2Cco%2Cci%2Cre%2Cla%2Cdi',
b_languages_url: '/general.html&amp;tmpl=language_foldout',
b_weekdays: [
{"b_is_weekend": parseInt( '' ),
"b_number": parseInt('1'),
"name": 'Monday',
"short": 'Mon',
"shorter": 'Mon',
"shortest": 'Mo'},
{"b_is_weekend": parseInt( '' ),
"b_number": parseInt('2'),
"name": 'Tuesday',
"short": 'Tue',
"shorter": 'Tue',
"shortest": 'Tu'},
{"b_is_weekend": parseInt( '' ),
"b_number": parseInt('3'),
"name": 'Wednesday',
"short": 'Wed',
"shorter": 'Wed',
"shortest": 'We'},
{"b_is_weekend": parseInt( '' ),
"b_number": parseInt('4'),
"name": 'Thursday',
"short": 'Thu',
"shorter": 'Thu',
"shortest": 'Th'},
{"b_is_weekend": parseInt( '' ),
"b_number": parseInt('5'),
"name": 'Friday',
"short": 'Fri',
"shorter": 'Fri',
"shortest": 'Fr'},
{"b_is_weekend": parseInt( '1' ),
"b_number": parseInt('6'),
"name": 'Saturday',
"short": 'Sat',
"shorter": 'Sat',
"shortest": 'Sa'},
{"b_is_weekend": parseInt( '1' ),
"b_number": parseInt('7'),
"name": 'Sunday',
"short": 'Sun',
"shorter": 'Sun',
"shortest": 'Su'},
{}],
b_group: [],
b_simple_weekdays: ['Mo','Tu','We','Th','Fr','Sa','Su'],
b_simple_weekdays_for_js: ['Mon','Tue','Wed','Thu','Fri','Sat','Sun'],
b_long_weekdays: ['Monday','Tuesday','Wednesday','Thursday','Friday','Saturday','Sunday'],
b_short_months: ['January','February','March','April','May','June','July','August','September','October','November','December'],
b_short_months_abbr: ['Jan','Feb','Mar','Apr','May','Jun','Jul','Aug','Sep','Oct','Nov','Dec'],
b_year_months: {
'2023-9': {'name': 'September 2023' },
'2023-10': {'name': 'October 2023' },
'2023-11': {'name': 'November 2023' },
'2023-12': {'name': 'December 2023' },
'2024-1': {'name': 'January 2024' },
'2024-2': {'name': 'February 2024' },
'2024-3': {'name': 'March 2024' },
'2024-4': {'name': 'April 2024' },
'2024-5': {'name': 'May 2024' },
'2024-6': {'name': 'June 2024' },
'2024-7': {'name': 'July 2024' },
'2024-8': {'name': 'August 2024' },
'2024-9': {'name': 'September 2024' },
'2024-10': {'name': 'October 2024' },
'2024-11': {'name': 'November 2024' },
'2024-12': {'name': 'December 2024' }
},
b_user_is_new: 1,
b_is_landing : 1,
b_user_auth_level_is_none: 1,
b_is_fb_safe: 1,
b_is_app: 1,
first_page_of_results: true,
b_partner_id: '1',
b_is_destination_finder_supported: 0,
b_is_dsf: 0,
b_pr_param: '',
/*
*/
feature_profile_split_sb_checkbox: 1,
usp_overlay: [{
title: "Book now, pay when you stay!",
body: "With FREE cancellation on most rooms"
},{
title: "Booking is safe",
body: "When you book with us your details are protected by a secure connection."
},{
title: "Unbiased reviews",
body: "293,930,000 verified reviews"
},
],
usp_sr_load_budget_title: "Access lower prices",
usp_sr_load_budget_body: "Sign in and look out for Secret Deals",
inandaround_more: "More",
b_signup_iframe_url: 'https://secure.booking.com' + '/login.html?tmpl=profile/signup_after_subscribe' + '&lang=en-us' ,
b_exclude_lang_firstname: 0,
enter_dates_to_see_prices: 'enter your check-in and check-out dates in the search box on the left to see the exact room prices for your stay and to be able to sort by price.',
b_available_hotels: 0,
view_prices_enter_dates: 'To view prices and availability, please enter your dates.',
b_total_selected_filters: "",
b_current_page_nr: 1,
b_order : "",
autocomplete_categories: {
city: 'Cities',
region: 'Regions',
airport: 'Airports',
hotel: 'Hotels',
landmark: 'Landmarks',
country: 'Countries',
district: 'Districts',
theme: 'Themes'
},
autocomplete_skip_suggestions: 'Search for more options',
autocomplete_counter_label: 'Properties nearby',
autocomplete : {
property_nearby: '1 property nearby',
properties_nearby: ' properties nearby',
hotel: 'property',
hotels: 'properties',
hotels_nearby: 'Properties nearby'
},
lists: {
collection: [
{
id: "0",
name: "My next trip",
hotels_count: "0"
}
]
},
touch_os: false,
calendar_days_allowed_number: 351,
b_search_max_months: 16,
b_run_ge_new_newsletter_login: 1,
b_password_strength_msg: ['Not long enough','Weak','Fair','Good','Strong','Very Strong'],
b_passwd_min_length_error: 'Password needs to be at least 8 characters long',
b_password_must_be_numeric: 'Your booking\'s PIN code should contain 4 digits. Please try again.',
b_bkng_nr_must_be_numeric: 'Your booking number should contain 9 digits. Please try again.',
b_blank_numeric_pin: 'Please enter your booking\'s PIN code.',
b_blank_bkng_nr: 'Please enter your booking number.',
password_cant_be_username: 'Your password can\'t be the same as your email address',
b_show_passwd: 'View password',
b_passwd_tooltip: 'Include capital letters, special characters, and numbers to increase your password strength',
account_error_add_password: 'Please add a password',
password_needs_8: 'Password needs to be at least 8 characters long',
error_sign_up_password_email_combo_01: 'Please check your email address or password and try again.',
social_plugins_footer: 1,
b_lazy_load_print_css: 1,
print_css_href: 'https://cf.bstatic.com/static/css/print/0cc4ce4b7108d42a9f293fc9b654f749d84ba4eb.css',
'component/dropdown-onload-shower/header_signin_prompt' : {
b_action: "searchresults"
},
b_hostname_signup: "www.booking.com",
b_nonsecure_hostname: "https://www.booking.com",
b_nonsecure_hostname_signup: "https://www.booking.com",
b_fd_searchresults_url_signup: "",
translation_customer_service_which_booking_no_specific: 'No specific reservation',
stored_past_and_upcoming_bookings: [
],
global_translation_tags: {"zwsp":"\u200b","rlm":"\u200f","lrm":"\u200e","line_break":"\u003cbr\u003e","one_dot_leader":"\u2024","nbsp":"&nbsp;"},
b_rackrates_monitoring_running: true,
b_wishlist_referrer : '',
b_reg_user_last_used_wishlist: "",
b_reg_user_wishlist_remaining: 1,
is_user_center_bar: 1,
b_site_experiment_user_center_bar: 1,
b_reg_user_is_genius : "",
profile_menu: {
b_user_auth_level: 0,
b_domain_for_app: "https://www.booking.com",
b_query_params_with_lang_no_ext: "",
b_travel_comm_url_with_lang: "https://community.booking.com/?profile.language=en",
b_action: "searchresults",
b_site_info: {"is_bookings_owned":1,"is_iam_auth_allowed":1},
b_site_type: "www",
b_companyname: "Booking.com",
b_reg_user_full_name: "",
b_is_genius_branded: "0",
b_reg_user_is_genius: "",
b_genius_dashboard_expiry_destfinder_url: "https://www.booking.com/destinationfinderdeals.html;genius_deals_mode=1&genius_next_weekend=1",
b_reg_user_last_used_wishlist: "",
b_genius_product_page_url: "https://www.booking.com/genius.html",
b_reg_user_five_bookings_challenge: "",
b_reg_user_detail_name_email_hash: "",
b_user_is_grap_eligible: "",
b_grap_remove_raf_checks: 1,
b_is_bbtool_admin: "",
b_is_bbtool_user: "",
fe_bbtool_permission_is_connected_to_bbtool: "",
fe_this_url_travel_purpose_business: "https://secure.booking.com/company/search.html",
fe_this_url_travel_purpose_leisure: "https://www.booking.com/index.html",
fe_reservations_url_travel_purpose_business: "https://secure.booking.com/company/reservations.html",
fe_reservations_url_travel_purpose_leisure: "https://secure.booking.com/myreservations.html",
fe_my_settings_url: "https://account.booking.com/oauth2/authorize?aid=304142;client_id=d1cDdLj40ACItEtxJLTo;redirect_uri=https%3A%2F%2Faccount.booking.com%2Fsettings%2Foauth_callback;response_type=code;state=UoICIu1Wawh6IYmrdWEynauLV4oLZBlohNiTvUV7SxZP7rHvIePriZ39InuJGgHWjpV5qctT3dlr5qGMKpiIADhN0Hm5X0vWdgT4T-lMniJl054AECVizfW-DUwZWwSuDfNEwy1zQJ55_9IwnwtikMyoYZ8qRujzOiULbdQL3np8EtRJv56oRXVXNwxHwey3wFZ5sfTZGGoUkR4jkx2s0xS7Fq8mG-RlZZHbAinN4gOI3ON4DW4Rx9BMzxLHh5oR9-8t5KO31AvQHJTW-6tjybruMfcMdKupAT-IfO9vitAluR6UMmfhjO418bPK2pRLFxO0aTET1XIAwzk443adyqwMIVLu",
fe_my_settings_url_travel_purpose_business: "https://secure.booking.com/mysettings.html",
fe_my_settings_url_travel_purpose_leisure: "https://secure.booking.com/mysettings.html",
fe_bbtool_can_see_tool_promos: "1",
fe_bbtool_can_see_tool_promos: "1",
fe_bbtool_blackout_user_company: "",
fe_bbtool_redirect_personal_to_index: 1,
b_reg_user_company_name: "",
b_reg_user_company_name_escaped: "",
b_reg_user_companyjoin_url: "",
b_bbtool_product_page_url: "https://www.booking.com/business.html",
b_is_ie7: "",
b_this_url: "/searchresults.html?dest_id=261060;dest_type=landmark;si=ai%2Cco%2Cci%2Cre%2Cla%2Cdi&",
b_lang_for_url: "en-us",
b_secure_hostname: "https://secure.booking.com",
b_nonsecure_hostname: "https://www.booking.com",
b_query_params_with_lang: ".html",
b_query_params_with_lang_no_ext: "",
b_travel_comm_url_with_lang: "https://community.booking.com/?profile.language=en",
b_query_params_delimiter: "&",
b_reg_user_detail_dashboard_url: "",
b_is_reg_user_city_guide_in_lang_available: "0",
b_aspiring_user_fifth_booking_ufi : "",
b_reg_user_aspiring_data: "",
b_dummy_var_for_trailing_comma: false,
b_ip_country: "",
b_guest_country: "us",
b_agent_is_no_robot: "",
b_page_name : "searchresults",
b_landingpage_theme_type: "",
b_brewards_account_details: "",
b_upcoming_rewards: "",
b_rewards_reminder_is_on: 1,
fe_rewards__game_over: "1",
loyalty_program_rules: "",
loyalty_program_status: "",
loyalty_program_bonus_url: "",
b_brewards_loyalty_program_account_type: "",
b_user_has_mobile_app: "",
b_aid: 304142,
b_label: "gen000nr-10CAQoggJCD2xhbmRtYXJrXzI2MTA2MEgzWARo7AGIAQGYATO4AQXIAQXYAQPoAQH4AQGIAgGoAgG4AtrfkKgGwAIB0gIkOWIzM2E5MTMtNDMwZC00YzZmLTg5Y2ItZmU2OWJjYjc3MDc02AIB4AIB",
fe_show_travel_communities_menu_item: 1,
fe_user_can_see_company_reservations: null,
b_oauth_client_id: "vO1Kblk7xX9tUn2cpZLS",
b_sso_logout_url: "",
b_sso_logout_callback_url: "",
fe_sso_logout_state: "",
fe_blackout_mydashboard: "",
fe_user_menu_aspiring_genius_link: false
},
accounting_config: {"symbol_position":{"RON":"after","CZK":"after","default":"before","PLN":"after"},"html_symbol":{"XPF":"CFP","IDR":"Rp","INR":"Rs.","CZK":"K&#269;","EUR":"&#x20AC;","SGD":"S$","PHP":"&#8369;","PLN":"z&#x0142;","BRL":"R$","ARS":"AR$","USD":"$","CLP":"CL$","ILS":"&#x20AA;","RON":"lei","TRY":"TL","JPY":"&#165;","HKD":"HK$","GBP":"&#163;"},"decimal_separator":{"default":"."},"currency_separator":{"USD":"","default":"&nbsp;","JPY":"","GBP":""},"num_decimals":{"PYG":0,"COP":0,"ISK":0,"OMR":3,"IQD":3,"KWD":3,"RWF":0,"CLP":0,"KRW":0,"HUF":0,"JOD":3,"XOF":0,"MZM":0,"DJF":0,"BHD":3,"BYR":0,"UGX":0,"JPY":0,"VND":0,"ECS":0,"RUB":0,"TWD":0,"GNF":0,"MGA":0,"VUV":0,"KMF":0,"AFA":0,"XPF":0,"IDR":0,"TMM":0,"TND":3,"LYD":3,"XAF":0,"TJR":0,"BIF":0,"default":2,"LAK":0},"group_separator":{"default":","}},
distance_config: "imperial_us",
is_user_from_us: 1,
is_listview_page: true,
b_this_weekend_checkin: "",
b_this_weekend_checkout: "",
b_next_weekend_checkin: "",
b_next_weekend_checkout: "",
b_official_continent: "",
b_deals_continents : "",
tpi_sr_squeaks: {
price_display_us: [
[
'cCcCcCFBaILQLbcZTTEZYUbBaPPYEIUVNKe',
'cCcCcCFBaILQLbcZTTEZYUbBbMeeBXO',
'cCcCcCFBaILQLbcZTTEZYUbBaHAYfcC'
],
[
'cCcCcCFBaILQLbcZTTEZYUbfaPPYEIUVNKe',
'cCcCcCFBaILQLbcZTTEZYUbfbMeeBXO',
'cCcCcCFBaILQLbcZTTEZYUbfaHAYfcC'
]
]
},
fe_feature_running_TPI_TEST_SR_PP_GLOBAL_SWITCH: 1,
b_messenger_url: '',
b_open_messenger: false,
b_is_asian_user: '',
b_days_to_checkin: '',
b_extra_ajax_headers: {},
et_debug_level: '0',
notification_squeaks: {
},
fe_is_cname_cobrand_header_available: '',
wl_squeak: {
open_wishlist_from_sr: 'ZQafLebbMTSWYO',
create_wishlist_from_sr: 'bYDXYFdKMDNdEPUUORe',
},
genius_vip_squeaks: {
gnsSpun_bannerView_sr: 'TDXRPCTOYESVCMIWIOQHFRYTKe',
gnsSpun_bannerCtaClick_sr: 'TDXRPCTOYESVCMIWIAHIcaWGNPZSCHT',
gnsSpun_bannerDismiss_sr: 'TDXRPCTOYESVCMIJeBObVIScORe',
gnsSpun_modalView_sr: 'TDXRPCTOYESEIEYXWCcYbaBORe',
gnsSpun_modalCtaClick_sr: 'TDXRPCTOYESEIEYXWIYKdVaQBYNZWYO',
gnsInsCrd_bannerView_sr: 'TDXRPVRBKKJVbFPbVCMIWIOQHFRYTKe',
gnsInsCrd_bannerCtaClick_sr: 'TDXRPVRBKKJVbFPbVCMIWIAHIcaWGNPZSCHT',
gnsInsCrd_bannerDismiss_sr: 'TDXRPVRBKKJVbFPbVCMIJeBObVIScORe',
gnsInsCrd_modalView_sr: 'TDXRPVRBKKJVbFPbEIEYXWCcYbaBORe',
gnsInsCrd_modalCtaClick_sr: 'TDXRPVRBKKJVbFPbEIEYXWIYKdVaQBYNZWYO',
gnsBkun_bannerView_sr: 'TDXRPVReBZAPXPRLaWNBALOCHT',
gnsBkun_bannerCtaClick_sr: 'TDXRPVReBZAPXPRLaWBXFJVGSBBNHUC',
gnsBkun_bannerDismiss_sr: 'TDXRPVReBZAPXPRLSZWcPXQUWYO',
gnsBkun_modalView_sr: 'TDXRPVReBZAZXDOXVaUSIcCWYO',
gnsBkun_modalCtaClick_sr: 'TDXRPVReBZAZXDOXVaSXbfIAbSOBYTKe',
gnsInsDisc_bannerView_sr: 'TDXRPVRBKKQUYBFLLREHGVaUSIcCWYO',
gnsInsDisc_bannerCtaClick_sr: 'TDXRPVRBKKQUYBFLLREHGVaSXbfIAbSOBYTKe',
gnsInsDisc_bannerDismiss_sr: 'TDXRPVRBKKQUYBFLLREHGbNHNERGeaUC',
gnsc_banner_view_from_sr: 'TDXRcJJKDKGbADNYTKe',
gnsc_banner_cta_click_from_sr: 'TDXRcJJKDKGdBfdJTSWYO',
gnsc_banner_dismiss_from_sr: 'TDXRcJJKDKGAYRGefUUORe',
gnsi_banner_view_from_sr: 'TDXReAJKDKGbADNYTKe',
gnsi_banner_cta_click_from_sr: 'TDXReAJKDKGdBfdJTSWYO',
gnsi_banner_dismiss_from_sr: 'TDXReAJKDKGAYRGefUUORe',
gnsOnbe_modalView_sr: 'TDXRPCTDfELZXDOXVaUSIcCWYO',
gnsOnbe_modalCtaClick_sr: 'TDXRPCTDfELZXDOXVaSXbfIAbSOBYTKe',
},
map_open_sr_hp_squeaks: {
mapOpenInSearchResultsOrHotelPage: 'YdXfTQdcLDWNXFBYT',
},
trip_types_squeaks : {
ski_sr_d_map_no_lift_markers:'cJaUWbTQCMVCDODXPdRe',
beach_sr_d_map_no_beach_markers:'YWYHaUWbTQCMYWYHfREFHT',
beach_sr_d_map_no_beaches_nearby:'YWYHaUWbTQCMYWYHAbASKFWe',
beach_sr_d_panel_response_error:'YWYHaUWbIXcYQFNSebRaTMDLfOFHe',
beach_sr_d_async_scripts_failed:'YWYHaUWbCFeZIJDeJYQTfPIEaFXPGO',
ski_sr_d_panel_response_error:'cJaUWbIXcYQFNSebRaTMDLfOFHe',
dummyvar:false
},
insurance_squeaks : {
mfe_ready: 'fFaMLVBGVPLXNWSLT',
quote_reference_received: 'fFaMLAeUVKZMRKIOfFRJXZMHbAae',
insurance_received: 'fFaMLVDERdafXdDEAJLT'
},
trackExperiment : function () {},
"error" : {}
},
ensureNamespaceExists: function (namespaceString) {
if (!booking[namespaceString]) {
booking[namespaceString] = {};
}
}, hotel: {}, experiments: {}, startup: {}, experiments_load: {}, startup_load: {}, promotions: {}, timestamp: new Date()};
function Tip() {};
(function (scope) {
booking.env.b_sb_autocomplete_predictions_url = '/autocomplete_csrf';
booking.env.b_sb_autocomplete_predictions_method = 'GET';
booking.env.b_sb_googleplaces_carrier_url = 'https://carrier.booking.com/google/places/webautocompletesimple';
booking.env.b_sb_googleplaces_carrier_method = 'POST';
var params = scope.search_autocomplete_params = {};
params.v = '1';
params.lang = 'en-us';
params.sid = '90259e8437c6096c4ee27fece820d9ea';
params.aid = '304142';
params.pid = '7c9c48ada4eb027a';
params.stype = '1';
params.src = 'searchresults';
params.eb = '0';
params.e_obj_labels = '1';
params.context_dest_type = 'city';
params.context_dest_id = '';
params.e_tclm = 1;
params.add_themes = '1';
params.themes_match_start = '1';
params.include_synonyms = '1';
}(window.autocomplete_vars || booking.env));
</script>
<script nonce="Y346mIyU7Ic0W43">var _gaq = _gaq || [];</script>
<!--[if IE]> <script nonce="Y346mIyU7Ic0W43"> document.createElement('time'); </script> <![endif]-->
<script nonce="Y346mIyU7Ic0W43">
booking.jset = {"f":{"TDXDPZDcVDFXBeVYHeaABTVZMYCdKNKNKWe":1,"AdZZdRdJceOAbWTEQAOFUIEFGWe":2,"TeCOeJPLccGSOROQSaWeVPBQeLT":1,"aaOCZFIMNRXQEFGQUSMOTaWYdcAKWLQLANUYKe":2,"YQKSXPTLKGBfSOEYfDeZNMLTKe":1,"BCVPeUIeLLWbTUTZCWTYKe":1,"HWAFYNFIYJKOFKe":1,"HMbdfOYFfdXUDPBSBOFO":1,"eWHMcCcCcCDSDVLHANDedLNNQecOfVQUcCAFC":1,"aaOCZDSSYZTNReKaKHeFUHDJbZJae":3,"TeCOeJPQWMMBTTBWWSccYAHYcGfHAFGSPRLRMLFSWe":1,"BHDTJdReQHUYPUAdQMWXZSPDECBKe":1,"HWAFYYNcJC":1,"eDTANZCLVXcfSJbQFdMdbDcHDQITFSYYBae":1,"HWAFYTbVDPBSEKXO":1,"PcVJZTOeTFVHPPYQKZabbUSUTIZQXbLVWCOOFPdaDHWFZDNLOLOLMO":1,"HMbBXafdZeNTTSbWNWe":1,"OaaKQZZMcTcaWQOcZbFHZRTYC":1,"YWYHfUDeATPRXUBO":2,"eWHMHMbMFJQPYVQOCaGGTUSGbHXe":1,"OaaKLXcCHHRHaNALMHWadMbHAcLRaO":1,"NVNZYeJeVYZXDMUBdAURAfPVT":1,"NAFQVUNOdOKBBIUJLMJLBWHcPTceMbVZEHe":1,"INLGPZPfECIAEKKUHAbECHTeYT":1,"AEJPECVVDWCPBfIHSHFTAcET":1,"cCHObdRdJJXRDVMDTEHAFPRJdUDEYIbaTaTaET":1,"OaaKQZZMcTcYNaXTbEdHOUfBOVXXe":1,"HWAFYBfPDBdRWMPNSICDdDSdVLT":1,"NAFQVUNOdOKBBIUJLMJGOGHaZFTeeLFXGDNYcKYO":1,"PUTVdBaUEIQWCHeLIZQTZOUdTWPHDDWe":1,"HCLeAeMUbZFVIQHNVCOBYPQBTbedcbOWSUISRe":1,"NVFVcfTbdNNSYHXTOJDNFIaUJdDBKFRURURHe":1,"YTBTRYPOHBdEPUUTDUAAdLOSbZHaO":2,"YTBUIHOdEaJPGAAQecGKSGOAIEHT":1,"eWfbWNZFXFBcEeYTBNZfAC":1,"dLcXJeITPMOfIWe":1,"OMZCBKeJfFdHMAZTfTLKGBfC":1,"bQbYWXFZEVWKMTUBVXaCNFOOIBTBFO":2,"NAREFcCcCcCFcFFWECHTeUVIZdRRT":1,"NVNZWUHVSeAcfeJWGaRBQBXRAXZZXIVXSKTNC":1,"HWAFYecGbRbVSWbIeZYO":1,"INQHUNRAZUffECIAEKKUHAbINOffNcUUZabSXT":1,"NAREDMDRSLQKQYENJePBdEeZONZXPKbSJUAFET":1,"aXTfHAEDCDWOOWbWOOFIEaFdOUZMBOHRXUbZFLMZGHCTRdIGZHT":1,"HMbAURAfPMEPSUNCMJbcHCGWVUNZdeLEcaDfecYTET":1,"OMEIZEHbaTaTaBdJdHPHFAUADHSdVXSAC":1,"OTfdASFXOVAUVSZYdFfGEXGO":1,"cLdOKVFJFJcGaNVKMNCSJTeCOMKGWe":1,"aaMLFHSWedNTUQODPMPSXWe":1,"bLdLOLOLOINUKVacWXT":1,"eWfbUTPIFbNXGDJEHJfNYTFIYREHGWXdIZDFC":1,"HWAFYbIeIPNQBDUMAPNZfAC":1,"eEBZFJZeOQZGfeAQJTZdbfZFXAWDOCTKe":1,"eDTANZIICNAAREaQRVOZXQEBJGdYO":1,"NNZVPXPLKNdQZfFZHDUFYQFMTfcQQCNBaFO":1,"adUAVYCdFNLBdLEccZHEHFDcHOReeYaAFZKXe":1,"BCIKSTPFeZKUIRSNWXFZEVC":1,"INLYMdbPDGYUJIVO":1,"BCEQAeMZeEOHGZGbDYBZeEGGNPbaae":1,"ODRdHUNZWODDRYGPCJKDKGNET":1,"HUJSESQUPMcPXPRQAURAfPMcCcCcCC":1,"IZVBETWRGEAJbVZTUPUOeMO":1,"eEBZFJZeOQPCbaTCMDedeFfeYDdLKFTEaXCfAMO":1,"IZVGPRFfEFKYOeeOZbNFbKHDHT":1,"ZHCDCaGbXDWPPYcGCHOfTDOCROMYWe":1,"BCdGNQbHVEZYeNbNEIIYIEbC":1,"IZVGHeCXLHbVFfFeNDYTUET":1,"NNSCZWXFGdVacDdMUNPYSbSCZC":1,"YRdUWRSAGWVCMIQZZFfJKDKe":1,"TfNZeFOBcQYIMdUKfbJWUIFebdaROKe":1,"AdPcRXUWLdTWeDfBAKTRe":1,"NAREFEJKaEcZGccARTKeeHRbdFIKe":1,"cCHObVZMYCECVVDJIGdYeNCFWXFZEVC":1,"cJaUFIMNSeCXYHMNfUUcJaXJVT":1,"ZHCDCaGbXDWPPNeJfebBGSEbdETfHFBOLO":1,"YTBYNJXCcTFDERXC":1,"dLYHMRFeRQePeEBARCLFNZfKXe":1,"OJVZABYfQPNTDEDRcQFRURURHe":1,"OOIBTBBLXOLDEZRdZbVeUPXKECHTeYT":1,"HWAFYEETfYPadRWSEUNPLHJdFO":1,"AdRYZDEfVCfLPJCQfC":1,"aXTbSFHMHHVbReIYaaTLbFFceHEVJZdLHNLLWXFZEVC":1,"BKeWIEcYTBHaZFbQaSINbEYULaIORe":1,"IZVBEJTVFbXUCeeDNQUZARYfYO":1,"NVNZWUaMZXRURNeJMBYGaePTWEUVVOHT":1,"ZOOKTfGCbLFcDUMAPYTcHVPHVFCcVTcVAWaWe":1,"NAZSNMKQKDJIHRXMJGBcNBRUDKe":1,"NVNZYeJOHSFAFfffPHZeKGNVFKaOLYANAadcHe":1,"HWAFYEETfYPadLCcAWTWMRPBMO":1,"aWQOcYTBYRYNZQdOFfQdIKGPAMXT":1,"AEUaYPZPXdMOfHYKPJUcdWCZAKfKdCHT":1,"eDUdGVHMLMBafJDIKdFHaO":1,"PPXGFRURURYTfeMcHBcGcIJKae":1,"TDUCDBOSEbWcXAcDTdUEcZIeZMC":1,"cCHObIVIADIBNGSdONbCNLOLOLOBFO":1,"aWQOcYTBbJfEDVacDdQeRHfAOZEVaNdCYO":1,"aXTfHAEDISIBTVZMYCEbWccPcNPMAOebQAC":2,"ZcSIcceNSeONWHJNbPMYRedfPIO":1,"eRYPHEDNPbVUXRBcXAUAQYT":1,"bQGBVIZdRJEUXPNMPdGIHYKAaaXe":1,"cJUJSBbSfURSSZRO":1,"IZVGPRFfEDdeZOHeYHe":1,"ODRdHUNZWODDRYGPCJKDKaT":1,"YTBHMGLLZBbKeHAcCOSPJTRHe":1,"YdXfTQNdeAWNTUMKHSYeGIGWRBQZXRT":1,"IZVTWRGEAFcFPIWDDJeVGTZVNWe":1,"OMeRQDSFXZNdMeOXbbFJFUWcaHEdQbUC":1,"aDMWRfDSdWUUHfLebbMPAFFLKZLXJOfAdIUFZZcO":1,"YdXfdKNKNKHUFVTELZWDTPMKSGTFBRe":1,"aWQOcYTBfFdHMePCefAEREHGSXVVQaWe":1,"ELSXPeJIPQJQVVdNZCALPFZHJKDKGZMO":1,"OMePCefAERXWeDfBAKae":2,"BIUJLMFQTXWDTRKecNfdRTKeeZSAGbSBOAIEHT":1,"cJUJDRSLQKLccGSOFSKe":1,"cQSXZaTaTaBfFdHMcQYIMdUaMEAbSAccTXYaC":1,"HMbBbOUOOJVfJFYNSOHXdRT":1,"ODRdHUYUBBCWbVBaMEAKe":1,"YdXfdKNKNKZNTbJRXFNMKdSQbFfdOKVSBbQbC":1,"HMbECYBZSBVKbXJbebZGRGEMEaXGbRbBOFO":1,"NAFLeOeJYTBeDUfWZJEbOMFcUNbLWZHOaO":1,"HWAFNeCTZGWJSJPaXfIbOYRLCFC":1,"aWQOcTEYDMYEPHeOZTZdDC":1,"BKATYFRURURYVcTQQDAdELHaO":1,"HMbCXJLbBBcPfSGXAFUTUeedHUHe":1,"ZdLNKZadWIRcNHTIHRXMJGET":1,"cCHObIPPQFFTaNFbNXGDJEBBVYYT":1,"OMTVBENYScXQOVZDOLbFZVGAZKe":1,"NAFLSRfdQBTFNRaJNVTUNfFHe":1,"UETTJbZWMZfPAJOBGDIcEbCGHfUNLJWe":1,"cCcCcCFRZIAKLRQaDHOeWWbedQDIVXO":1,"HMbMdIXdfdTRVKaMUPTLKGBfSCZC":1,"INFddKNKNKPfECIAEZKebJARGWe":2,"bQGBAWQNAcQaPUPcDORMTfLT":1,"eDSdUaSdFaLbFSMWdTXJbFbRILT":2,"NAFLfOdASUTbJFSEOUWDKe":1,"AdZZBOSdQPIMLHFAUADWe":1,"HWAFNRTKeeWe":1,"HWAFYTacWCcAeCQeJPVNLIGBSQHe":1,"AdREFHZUfFfFcYRQKe":1,"TUSGGWMPAZSEQPDcYWEDPeaHRbdFIbUdYSSae":1,"HCZANHDdLYBNPLbbHVJNSZWbECVVDC":1,"YdXfBYbWDbQMdEWGPOAcET":1,"fXGWECYJeVYSWeUKXYPMC":1,"HWAFYDEZRdJfdHdFeNfRDHT":1,"dDfPJNCFGfGfZbCEWZeEHJddEPXeC":1,"ELSXPeJIPLJPMZWLBebbAPLZDdDC":1,"HWAFYEEJWcRXZXe":1,"HMbTYWeLJFBBaMEATfedGbUZWNWe":1,"IZVTWRGddAbDZdbEWaPPPTJAONJBHe":1,"GfHOUbeKKZaaNRfBaFKbdKCFKVAFUJC":1,"cCHObOOYKYYaDcOdJeaILYDCDWOOC":1,"OAZOXPKSXZAGaaeUbDDJRWLXT":1,"HWAFYDEZREXOeFaQae":1,"KHYbYKCUUDNYSKDZSdSUWDaWeVZWNeHO":2,"aWQOcYTBXXQDZBMLaUC":1,"ZcSIcceNDSJVGGZYfPXPRLO":1,"GCSXHHVQIZDFJNLcOdHFOUJPNSIJNGEfZXXddOERe":1,"aWQOcabcRFYTBAZNdAYfIMOHDDZVSGHNAFSUCKXe":1,"HVPZdZGIGPefQPTdLBHJPCePWdJNQBUC":1,"aWQOcYTBbJfEDEIEYIcSTKe":1,"eEBZFJZeOQPPHFBddQSMaRKXBYCXbBHYBUcRe":1,"OMIZdFSUCKVBVYYdJTAcHe":1,"UaDEQSTWeIRdTSEOUWDbXLLXNWSLT":1,"NAREFcCcCcCDSJRNfbXUCeeWXFZEVC":1,"AEUaYPZZGbBXafdcaNYCLUWCPFDUC":1,"AEUaYPZZGbdUJFFSfLXT":1,"cJUJDRSLQKQScVIQHNMbZfFSfDGYUC":1,"HWAFNeOYJXAadKfXdfdTSfCSRBRT":1,"YdXfMTXEUDdHcXJEBSRVfBJZVcRO":1,"YdXfdKNKNKHUFKYOeeTQIPPSfDcdEWe":1,"HWAFNeOYDadJJYJO":1,"fefSCOJZfIZZRAbOOLVBHVaMEAKe":1,"IZENYPERAMDBcPOeFYeMOKe":1,"HWLMYCBYabdSOBNSJScFHRe":1,"HBOAIEcADDbdEPQBTKe":1,"fefSKeEFVFKOUYLQWXXdVLYLDcDaHYYfPHe":1,"aWQOcYTBfBZVNLbMBYGUXe":1,"OMHMbMPMZbFDSFSefWcHSWedNTUQODZSXT":1,"EGTUSGbIXRRBeaLdFMO":1,"YTcEJKaEcGdNOOEPFWJVcTC":1,"AZTaHZeDUHYaXFZPeZYUbQWe":1,"cCHObVZMYCAFFQZcNKNMC":2,"YCObQGWUJXDBWZPOeVSTEYT":1,"aaAJYBARWSECRAOAcEUC":1,"OOIBTCeMJYGIHRbdFIKe":1,"HWAFNeOYJIJUcO":1,"GCNJFZdOaBZCSZYXMPXMRUMVMXT":1,"AdZZBOSdQZEdHOUbIVFGWfdTUC":1,"cCEaLMWCJCCLOHVZBYWbMC":1,"BIUJLMWSUIQHeSAdCMdIXdfdTJTRNRfTUKe":1,"aXbSbcYWYHfAJYWYHacCbcMLaC":1,"IZTYBKFeaSLAZWAcJXZMbSFBO":1,"HMbVAbHT":1,"aXbISHcAaZEYbJeDIBLGafAPeHT":1,"OOGbIFBUMEfTQJNDYBFKYOeeIKdFHaO":1,"aXTbSFYTBHMHHVbReIYGYfPNPcRXJdDBKSaTfRe":1,"HWAFYDEZREPVIRPQJbSYT":1,"NAREFBCdEcXUFcNQFBNLJHYYfPHe":1,"eEBZFJZeOQPTJAAVceVbYANZTRbAOdZWfCUUC":2,"aWQOcYRYNPNDJdQJEcTeKHMeTC":1,"ODREGZUTPOOOCaJebTZWKNUMEfTRe":1,"ZOOYDLXAdcCcdOOdDC":1,"eWfaQFNYKdadNOODCLaAFZKXe":2,"bQGBbQGWFBaaeHGZOTPceYWDFRSGQCBYKe":1,"AdPcRXUSdEDeZVZMYCVXXe":2,"YNaXTbIVFGWfdTDPdJaEHOaT":1,"PPXGFRURURNFZFSOHeHQITC":1,"aXbSGNVXNRbDdJTLaKdLOLOLMO":1,"OTfdASFYTSUaRQMeBYaebCNZeOBO":1,"ZOOCfXVQEEMMcQeaREPYFMZZCLVXHT":1,"bQGBNPBFDHOIVBAQbHGAXJNbMSXe":1,"dDfPSBAcfLHNVaIDfRJLYfZYaO":1,"IZVSFVBPScWUWDdeEaQDKWe":1,"HMbICWVZEdOeecbXAbWNWe":1,"HMbKbHGeaQFNHfBQEQJBbeNBOFO":2,"AfPcCWbCNETAEVcTQQDXKFKe":1,"HVUBYBBVYUADDbdEcLcDNOLVYZET":2,"YNaXTbXdUFDVXVRIYLT":1,"HMbdcLFCeRbLMTMZUJBaKFBVKQPGO":1,"ZOBJZGDYeUaHBXLMSPRSQcfOEbMUO":1,"cCcCcCFZdOaBdSTNJKSCYSeHT":1,"NVNZYeJBIUJLMSCZFXLBKYO":1,"HWAFYJPASVZKHSYeGXT":1,"cCcCcCDPCDEOIWWTNUSIZIBLGTVYXO":2,"TDOOMUcCaaVRRbTXO":1,"IZVBEJTVFfFeNDYTUET":1,"IZbREZVPTLKGBfROQFJDDZCbMOVT":1,"BHDTJdReQHUYYOLEaMNSUC":1,"HMbKAcQJFYDTeCFEDYcaMEAbWNWe":2,"dLcXJeITPMObdTYMIfJaAKDKe":1,"TfNZeFcCDcTBeNJaSGadHNOLUNeZOSBZTNCMC":1,"ODREZfefTLKGBfFKJBKWUOfAYULMZZCGVKe":1,"HWAFNeOYJMDIfXILMSBSRe":1,"NVNZWUBIUJLMWGaRBQBXRAXZZOAGROXSZFNYDRUWJCVXGUaXEHT":1,"BKATYFRURURYVcTQQDAdBGXIZRe":1,"adUAVYCdFNLGfFWFKYOeeIKdFHaO":1,"NAFLeOeJOMOLJKFQVWFQUEJDXO":1,"bLEZfZLFZbZQXSFPbODAKC":2,"ZdZaYPZZGbMQfIOeZFNZRO":1,"aaMLFYEcNfDbAHLSGJO":1,"HWAFNeOYFWUJNVPNSXKFKe":1,"AEUaYPZZTLbeTQHFHDQISPJXcEBC":1,"NAFLfOdASUTbWTHNODZUBGScSUHHVPZC":1,"BPHAUbOJNOBYBdYQaWe":1,"HMbVXSAWXaUJIQNBOFO":1,"BIUJLMWSUIQHeSAdCMdIXdfdTJTRHe":2,"INLGPZPFBWDECQdHZVaAbHJGOGVTCGVTKe":1,"GfCDATBbLJbWRWEdTTcO":1,"IZVTWRGVXVNVYYSPIDUPOET":1,"bdZSAccTXYaWHFXedFIaQYaC":1,"TeCOeJPLKXGKSFZbGXPabSWUHbC":1,"bdPBQGObQPZPUOOIBBO":1,"HMbVacDNVAbcYTET":1,"dLYHMRFeRLLCBLTYSDSAVLQWFKe":1,"ZdZaYPZPBQJbLbOMFcZLWZHOfAURAfPVT":1,"AEAFSXZCTPVVGcHCbXfXe":1,"HMbBONPbaNYVXbdYeNeUZWNWe":1,"NDAFUTUeVPeUIeLREHGJBYLXASKe":1,"HWAFYDHIWDfSMBBMPIOWEbYfLVT":1,"YdXfMPXYHYYfPYPNLINBddeAWNIPPQFFECAFC":1,"HVPZELWbMVZALOCXSWOGdWYRJJNAPLRRJLT":1,"YTTHbXeeAeJINUFJUAcWMHTcfaNKe":1,"NAFLfOdASUTbFIMNFedZUDcJPae":1,"OAZOXHHHXFZPeZeNSVMPYWbHRTcOOIBBO":1,"HWAFYWEbCbcEJKaEcfaNKe":1,"OAZOXHHHXFZPeZeNSVMPYWbHRTHT":1,"aXbSbcBOXBYWYHbIODIVVO":1,"IZbREZVPTLKGBfWJSJcYaQWEYcZGO":1,"bQbYWXFZEVWKMTUBVXaCNFNADZWNWe":2,"dLcXJeITPVNeJMBYNaaSRe":1,"cCHObOTdRdJceHVREHGUWXFZEVFRURURHe":1,"bdHFBddQWRHZGSNdDSCZC":1,"UETTJbZWMZfPMPSXPSePAVaRKZVVLT":1,"eWfIFVNRXMFDFaT":1,"febdSAYYBXYFPEOcNSZBeLPZaTaTaET":1,"eWHMYTBbdbDNWeIALeUINCIHRJDDXIHERdaKe":1,"HBOAIEcGcEJDXO":1,"IZbREZVPTLKGBfWPBZOC":1,"NAFQQAFJZeOQZREKdZCFXSTHO":1,"aXTfHAEDBOSBGPfBKWOVZMYIO":1,"fefSKeESfBKQKAVULcMePKXGGFcCcCcCC":1,"PUTKdFfUYQNUTEYDVZVCGIcCcCcCC":1,"PUTKdFfUYQNUTEYDVZVCGIOOIBBO":1,"eDSdUfZPUMVBFUZCHQfBSdJRe":1,"fEOMbQbeHBcNADZWeAXBQTdPIZSUbEWOTYVOBOFO":1,"eEBZFJZeOQPbbFCeaPLLedRJcaT":1,"eDSdUbKHRJRSMDIWLdTNPBNOcXRBZUPGCFJVHWENRe":1,"cCHObVZMYCECVVDJYMNHFRURURHe":1,"TeCOeJPQRWSEXcBdHSPFRJeZMdQdFJO":1,"OQHUYGNdMGDZHXJbNXGDJae":1,"NAREFBCCUFFWeARfDRaRTCKWae":1,"OMHMbEdeAFSVAaT":1,"HCZANHDdLYBYeUINCdWbYdJBTaJBeTC":1,"NVNZYeJMeHGWORTeCISUZXDMUBdBJbXLIBVNLT":1,"cQZJALOdeEEBFfZLMYWbMRAOAcEUFRURURHe":1,"HWAFNJfJCQfUJeaILYJO":1,"eWHMHMbMFJQPYdNHWKAfPIdOHcIJDeQcJUXO":1,"fTHYPMPSXHSdNBJIREVC":2,"OMeRQWNAdBRUDaXdRT":1,"eRYZBQEKBeWecNfEDYOTDEIbeRT":1,"NVFVcfTbdNNJTOFaQEZYVNFJIeaUFRURURHe":1,"bQKPWLVRbYTVMeOJaVPbJNWWeHT":1,"UETTJbZWMZfPAJbWdALLbJeJHINeCeQcJWe":1,"HWAFNFCSDWQcaNYCLJBTcZJQcSBLfPDHCOLcO":1,"aXbSbcOQPCPRWXdBGZXeNLOLOLMO":2,"ZdZbaBBUcJPQGaWeUNSBYKe":1,"HWAFNeOYDeffBKdFDPBIFMZcO":1,"cCHObVXAZQNBdIcUKVQZSHVWTHYGZaTaTaET":1,"NAFQCJWZUaeZeZFZVBXBHYQeYWe":1,"eRYPHEPEKZINUFIdJGDC":1,"PPXGFRURURYNNZWdZBSeLT":1,"TZUfIICNXKeNJbeFNHC":1,"aWQOcYTBAZWEHGIfUYQZACYO":1,"INFdBOSEOCMHMZOXeHO":1,"ODREGZUTPOOOCaJebTZWKNUMEJXO":1,"HWAFNWTCUZceNGTOFceHEVDVRGCMC":2,"HMbEbWcBBeIaZZWIOIeMEfdWVMcOcYTET":1,"OOIBTBBLXOLDEZRdZbVeUPXKXKFKe":1,"aXTbSFHMHHVbReINWXXdVLNUUJYO":1,"INQHUNPIFddfLLFKWIFdCVaSPXe":1,"OMIZEPQBaFBddQJXDbYXaRIYAC":1,"aXbSGcSZJODXQEaKdLOLOLMO":1,"cCHObdRdJSYeJeDfbXJBZbcMaMEAKe":1,"TDXDPZWORTeCISUPYJObaTaTaET":1,"bQGBZabQEPFQFcdFBOOIBBO":1,"cCHObBYQfBNSWTDIPPQFFcSaXYRGMcCcCcCC":1,"BHDTJdReLGPRbdDXBWBKIeZYUVLcbdYICC":1,"aXbSbcOQQVWXdBGZXeNLOLOLMO":2,"HWAFNeOYFLDUaeVbaO":1,"aWQOcYTBOTfdASFbLYUbQHYYfPHe":1,"TfNZeFOBbNXGDJECUWOdMWe":1,"HWAFYBfPDBdLEDHIWDbAGaaeRfYO":2,"TeCOeJTJXUFNIYVSGeZKAAXDWRe":1,"INQHUYZIEPfLEZXZEcSaERMJDWXVXeRe":1,"aXbSbcBUYWYHaRMSAdRTUOOIBBO":1,"IZBTdFPfBKSAELSXZMdLdRMNURe":1,"HWAFYbIeIPNQBDVRGCMWebQGNQREdXJO":2,"HWAFYLJVWKGdUVYDGDZHbWHccHe":1,"eEBZFJZeOQPTJAAdbGIeFfMcCIXVKZYZAZSGaDfeHT":1,"HMbVZNOSPDTLLFSHAMCMVXAAHASCZC":1,"aWQOcYTBbJfEDVacDdQeRHfINFPIWBHT":1,"YdXfTQNdeAWNTUMKPRbdJNabIKdFHaO":1,"ZdZbaBBUcJZKCBHXGFbAGebDCSLSEQFZfC":2,"cQDJGPHAZaSdVXSADcTBZLO":1,"NVSGZadWIRcYbEfcWbQTZOUdTC":1,"TeCOeJcIXEQRbCACaWNLMBUIPbVaKbNVCMIQZfAC":1,"NVNZWUHVNdQeRHfILWXNGYPFQFcEYYUNZdeLEHT":2,"NAZZAMUWVcJNZGCOeFKefZdJZZHCdEREHGUC":1,"IZEZVPKBZTJVPfOXSdXMDDBARGRT":1,"VKGcCcCcCFEeNdDYBRXZXe":1,"NAFYYANAadTXaQAeEEMVbEICC":1,"aCTPCDCcVIPfLSHeQRfWPbISXWae":1,"OOGbIFBUdWKZGddfdLYVRT":1,"HOdIICNBUPFDUWBZcZbeKRJbJfEJO":1,"febdSAYYBXYFPEOcNSZBeLPHYYfPHe":1,"ZdZbaBBUVOIPBdGdfUFbWHC":1,"bQGBTFJNGLTLBGVPLDFCWPaDMC":1,"HMGLLYANAadMKZLIOGdCXOEKe":1,"aXbSGcSZJODXQEaKEBBVYYT":1,"eDSdUfbbdTYMIaDFcIAC":1,"YTBaXEbQFPIEEBBcFPIWRQYAPHe":1,"dDfPDBEYdOeRSaQfaHMVHSGFO":1,"ODRESHIfDWQIOLTLAPYcFZfHbJGbEHe":1,"IZbREZVPTLKGBfWKcBcaMEAaYWe":1,"OMNQEDOeAFaITUZTZCCQJET":1,"AdHUNFSUCKAQBFMeRT":1,"OMTVBENNQASXVVFNVBUKcTaWYZfefYSbC":1,"dLcXJeITPMObDQKIUDVRGCMC":1,"HBAERdOPRaffXJHSWedNDeQfFRWe":1,"PPXGSCZDDJLHFDIHcFITC":1,"aWQOcdLYHMRFeRQLOLOLOdQeRHfOPRALT":1,"cCEaLMDdMHfOJZVRPRBLfPdRT":1,"fefPGLKHAUNSTALYVJOUeUNfdUVZBbLBZC":1,"BIUJLMJVfNabBUUCIJDWHWOEXKQLNJC":1,"HWAFYAOEIEYXT":1,"TeCOeJYWbMDbfGYUHCcGHDALWbSaeFIJXcJceCTAWDKe":2,"VVOcNNDdONBBLXOQFMYCeVSCJXXT":1,"ZcSIcceNJMFcOeQNUPGUfJKDKaT":1,"PWBJMeHGSMeSNafXPRQVGNfMRCaVeKe":1,"HVUBYHDWNZGSRaPSZeDUHYbVSKHRbdFIKe":1,"AdZZBOSMPMaWQMAWTWEYT":1,"eDEMfSJbQJQRXZVUbQPBHHUHaO":1,"adUAVYCdIcPWWWeTabZNHC":2,"OOIBTBBLXOLWCGEfJcfNWOCeMJYGIWe":1,"PcVDPAAOCROKbCQBdSeSdUOeHAPXMBEALOLOLOOcMXT":1,"BHDTJdReQHUYYOLEaMYYXO":1,"HVUBYHDWNPMPSXPJJASECdUWBZEWaSEO":1,"febdSAYYBXYFPEOcYRISUaPZdMcCcCcCC":1,"OMHMbEdeVZVPKGC":1,"cCHObTYWeLJFaMEAaYLfDbaTaTaET":1,"IZVGHeCXLJTVFfFeNDYTUET":1,"VVOcTWYWZSVbaBZUHZJFaNcCXKFKe":1,"cQYIMdUYWEIFPBNQKAEYTKe":1,"OMeRQFCFeaRXUbZFLMZGHCTRdIeMeOXbbFJFC":1,"OLQQRTWfBNQKSQPCcCbPdBVGWe":1,"HWAFYTbVYOXKFKe":1,"bQGBHaZFTUbERVedSPDLfOFYBBVYYT":1,"cCHObVXAZQNBdIcUKVQZSHVWTHYGHYYfPHe":1,"IZVWCGTLDEZREATZdSGWUC":1,"NAFLfOdASUTbWXGdAecLUTdWNAIKGPAMIGDZHXRT":1,"HMeCJHAIDZVBNZfAAEZWSQZTcO":1,"HWAFNeOYFNbUPANNBUDLC":1,"ZCOBeITPBRWe":1,"eDTANZVVMMeHGDWLfEZfJfQfPIdOWe":1,"OTfdASFAdJYcDHBdJUKeYEGWe":1,"HBOMHJSORBYedLTebfcUO":2,"adUTWALdFSUCKVbceVPWXdAOVAZdYINGaVC":1,"TZUfdKNKNKHbCZIVScZOECQdHZVBEGNcXaO":1,"ABVYUYQJJYCBTWPHVNDZEdHOUfJJO":1,"febdSAYUPHBAAKdLOLOLMO":1,"bQKPRCBQAUaSJQRCMPaFTPTYUAJaASPYKe":1,"NAFLSRaRRefdQBTFNRaJNVTUNfFHe":1,"IZESaZEYZDEbeNBZXTQeFXUFcNQSYSBNaKe":1,"BIUJLMJXdDXFJZbUBVfJDFQWIXADOFRbQPRe":1,"HWAFYYNQBWFKe":1,"OOIBTVXOCZBKeJaDCCDFQFaLdPeGYO":1,"aWQOcYTBcJTPEIFDaHRGFffRC":1,"NQEDMVZALOdEfcFbC":2,"PcJJSJIRADMPIGUO":1,"aXTbSFYTBHMHHVbReIYBBVYUbFDaZDYaAFZKXe":1,"NAFQCJWZUbGSRaPSZXeCFNZWOEXKQLNJC":1,"cCHObECVVDWPHDDPRbdDKVZNMPHVC":1,"BCVRAAOHBdQAUFZbSae":1,"HWAFYTbYCJRLLeNcEVC":1,"dLYHMRFeRLPYKDcdDdONOefFNeJMBHOeFZOFHe":1,"cCHObMKdFEVcYSCKVZNMPHVC":1,"dLcXJeITPMObdTYMIKe":1,"HMbICWVZEdMODSOeecbXAbWNWe":1,"YZPTVOBDREeZKRVDMbTFAecbLZBdLHe":1,"IZVaCQLOLOLOECVVDJYMTSJYMTBNFecMEO":1,"aXbSFYTBHMHHVbReINLOLOLOINLSdMWSOPdFcEBcGKe":1,"eWHMZNONdPbIPHeAcaNYCLFRURURHe":1,"HWAFYAFPIEAZSAZBdWTNC":1,"IZVGHHPAJdSeEeCeDC":1,"HWAFYTfQfQAYaFAUADZGYO":1,"ZdZbaBOQFCESXGBUacWCHT":1,"NAFQCJWZUbXeCFNZSEOJcRAdJKe":1,"aXTfHAEDdUFFBSBbWUeMJeNBLFZbFKMBKISIBBO":1,"PWBJcQEHYbQGNDUQWUVCfLHGabaC":1,"cCHObTYWeLJFaMEAbKCBZYfNOQIXWYO":1,"HWAFYBfPDBEDHIWDbKIdDZBdSNOYRLCFWAUC":1,"dJLGHFBddQFQcEDeNPYZIecO":1,"NAREFcMEbJObYZffQLQBBO":1,"dLcXJeITPMOfIPJaAKDKe":1,"IZdHUNFSUCKVBAWeIALeUINCIHRJDJO":1,"HWAFYDEZREJWcRXZXe":1,"cCEaLMJeVPDdCAaGGbMWHT":1,"TeIdJEYNZeYO":1,"eWfaYHIeJYKabWTfTLKGBfC":1,"feaSLAZWAcFCNBTLEKXJYXT":1,"BIUJLMFPAAMbTBYbBHUSTDLO":1,"BHDTJdReLGMeEcYPffcVDZBZMO":1,"HWAFYDEZRdZbVeUZDYeJIRBcVSHT":1,"YTTHbXeeVeCFZAcbRbROfLMVNZTMPIMbIZDFWPHDDWe":1,"OOIBTVXMAcZEJWcWKVSSZRe":1,"cCHObVZMYCAFFQZcbNXGDJEbOMNMTbYIPfZET":1,"eDSdUfAJAZdJAINQWBOfWVWNYO":1,"TeCOeJNHRSLTFIQNNDZVVLLXT":1,"eDSdUfIZaPXKMdbDHT":1,"NAFQCJWZUbXeCFNZFQTXWDTSCUbbC":1,"HMGLLFCeRbLMTBLLFGO":2,"HWAFYBfPDBEDHIWDfQPdDSdVLT":2,"BKATYFRURURYVcTQQDAURAfPMfXC":1,"OMNNSCZFcYWCGEbIeIPHe":1,"HWAFYWMdXIeIPLSKJNGeEO":1,"HWAFYTaYbZNcTAcHe":1,"PcVFHMPaSdIeZNNAFLWEZfeKe":2,"YdXfdKNKNKZTLVcTQQJO":1,"NAFLeOeJdLeQeOYDESKfXdfdTSBGcfKLAEdNJLTBPTLKGBfC":1,"HMbARYfTeBZEWeZMRfYSbSCZC":1,"bZWMSGENIbfdeDcNeJXVWMDYLAVMeORTHT":1,"HWAFYTbSIAWTWEUcSbWRWCHJWe":1,"BCTHeUAFffbdfKQZGMKAaFYNLeRYVT":1,"bQGBVIZdRJVVPePPSPDHCOLcO":1,"ABVYUYNaXTaXHBYeNTDVXORe":1,"HWAFYDEZREFYMZTULHfNOKNIUXe":1,"AEAFSXZCTPKbHGSaEUcYO":1,"cQZQfDafDQNeSbSPSfdeBVOSeKe":1,"INLAFPKGUSVGPLLFKWILXcEQSQQHT":1,"HWAFYdbFJBGfIKe":1,"PcVFHMPbJARGPXAPEPYKDcdJLOdPOHT":1,"NAFQCJWZUbGQDaDFXXccBPKe":1,"GbJAHHEdQbTdFVNaDNLFNZfC":1,"bQGBbNXGDJEENLAcQaHNfLTRe":1,"OAZOXHHHXFZPeZeNWSCCCHRTHT":1,"PcVFHMPaQHDDZJARGPXAPEbPXQUJKDKaT":1,"HWAFNHUeRFKZbTZWKNecfZIVFZWPaDMC":1,"YTBUIHOdVLBQRMebfTINfTKe":1,"YTcEAJDTfeTHAUNSTAUOTKe":1,"aaVBBVYUPBOIHaZFTeCYbeLT":1,"ABVYUYNaXTfMPSXZFFfeNJXIHOReeHe":1,"IZbREZVPTLKGBfFcINGLae":1,"OOIBTKMDNdEPQDCWXIVXSKTNC":1,"NAFLeOeJdLeLTabcNVDWQIVBbFC":1,"NAFQCJWZUfNBVCBZSHeWaMSZXeCFNZC":1,"TeCOeJPQcLPLQOPfAFHYcYC":1,"YdXfdKNKNKPZPQPIUFZZZBYKe":1,"ABVYUYNaXTbQGNQJSFVfEQIJceVSRe":1,"TfNZeFcCWUNJZPAEGMObFQTXWDTWEYcZGO":1,"TZUfdKNKNKZVYOIWFcMXLFeERT":1,"eWffHEKfPBDOLSEefWMPdKZNJdQJFC":1,"HDDZOWNdOZBYTZcYWHXGWe":1,"BCdGNQbHVEZYeNbNEIIYIEbDbRT":1,"cCcCcCWPJeVYSLLeLHYO":1,"NAFQCJWZUfLeHGZLDeVO":1,"BCdGNePeEBAPIFddeOIKe":1,"IZALOLOLOICWRdGOHHABNaSdFaLbFC":1,"aXbSGNVXNRbDdJTLaKEBBVYYT":1,"BPHMAZTaHZXbSYbcLFcXAFUTUUO":1,"fEOMTDOOMNVLWPGGHWLUTMfXLMESGZXNRe":1,"HWAFNeOYJeaILYDMFFUKGZIUONSFTUQODWe":1,"eDSdUfHVbdWPHDDPACQXYSQOLWCGae":1,"PPXGSCZWPHDDZaaNRfXaIRdNRQedFNGVT":1,"HBMNbcSXcQSZBeLQOSRKXe":1,"BHDTJdReLBBVYUeYeFOCccNEIEYIVTIbYO":1,"HWAFNeOYDORMTfFTWWCQSFHVPHVATZdSGWUC":1,"HWAFYTfDHCOLZEJaKFEIHT":1,"aXTbSFYTBHMHHVbReIYDEZREAYVaNEbDHFAUADHRbdFIKe":1,"ZdZbaBOQJYcSaERMJDDaVHNPVT":1,"OOIBTBUPFfFFTMAOebQAC":1,"PPXGFRURURNRNPUOUAaDNRTKeeHRbdFIKe":1,"OMNNSCZDEDVacDIHSHFBO":1,"aWQOcYTBfFdHMePCefAEREHGFIdJGDC":1,"dLYHMRFeRQcDaIPaMNfQCcbNXGDJae":1,"IZVBETWRGfOJbVZTUPUOeMO":1,"HWAFNUVSZNZZJRZaTKe":1,"OOIBTBBLXOLRIYFTUZSTFZTHReIET":1,"aWOQKVUKeFbAdcDcdAXRCBQBBHFBddQC":1,"NAFLfOdASUTbJFJYBaQcWTNUC":1,"HWAFYTfNOSTUZXDCJFfaNbfFTUZSTHT":1,"OTfdASFGcEJDKBRUDbYHRYKe":1,"bQGBBOXBbQGWFBaaeHGGINYTFIHe":1,"ABVYUYNaXTfMPSXZFFfeNJXIXCEC":1,"fEOMfdbQdRIYdXFNPIITaYYfPHe":1,"OaaKQPcRXUSUdcPQUEZKHePLSIRLT":1,"HWAFYeNMZSPDeHbLae":1,"OMNNSCZJVdfUFcNFMYCeXe":1,"YdXfdKNKNKPZPdbYNaLScXQOVWe":1,"TAeObJNGLTLRENZDMQPNdcCJJaaSRe":1,"NAREFYTBacTTNAIOFWC":1,"fefSKeEDWHCJZARebFedZUDOdKNKNKWe":1,"fXSMLfdJHBOXT":1,"fXGWBHIBPLRCEHARe":1,"BIUJLMFPAAIISINfKBKBUHAABGOHaT":2,"ABVYUNNDEDdEUEGTUSGGO":1,"AEZVPTLKGBfWPBZOC":1,"HWAFYHNTQTNWRfDFO":1,"OMIZdFSdWPDGYUC":2,"aWQOcPOKHRFIFaTJWe":1,"aWQOcGfNGcQYIMdUfFaMLXe":1,"bZWMZfHbGdHSeONWHWPaDMWXFZEVC":1,"eUFJZVacKdZJVVUWPHDDWe":1,"HWAFYbIeIPYbeTQcaNYCLC":1,"INLYANAadONebEJJHMVGZUdSUHTRLdYFMdcHe":1,"IZdFSXIHERdaaXWXAHGO":1,"PPXGWPHDDZKZdKNJMNbcSXcRe":1,"OMTVBENNRYXcCHHRHbbLXMHO":1,"febdSANQWFaYUNZdeLEcPJZQMIKe":1,"eWHMHMbCTYATbJKYIYZEVWLAAOebQAYXT":1,"eWffQLQBTAURAfPMZaeWWUBBEcSCHRAOAcEUC":1,"PPXGSCZWPHDDZKPSCMBOHIcHOReeYaAFZKXe":2,"cCHObVZMYCVKKMadMUPORIPBLAUFRURURHe":1,"NAREFEJKaEcBUGCQAECHTeUVIZdRRT":1,"HWAFYNFIYJKOFbSdeUUNWe":1,"fefSCOJZfIZZRAbBaFKbLVBHVNVBUKcbWDTcZJQZIZfDHCOLcO":1,"BCEQVScXQOVPFOJKDKaT":1,"HWAFNeOYFWUFOWGSQZdWOGVO":1,"HWAJLGbbeLNJVSYeJfTaLSGDVdMVSDFVKZcdBKe":1,"GCSXHHVQIZDFJNLcOdHeHbBGbbeLBXe":1,"bQGBTFJNGLTLBGVPLDJZbDYBGVPRe":1,"HMbVAGfFaMLOQHUHe":1,"aWQOcYTBbJfEDdGUKCMeIKdFHaO":1,"BHDTJdReQHUYYOLEaMNcHe":1,"HWAFYWMdVZMYCEKKEQfKCUKORe":1,"bdPBQRSINfAONWeDeRTLcffWe":1,"AERXWeDfBAKTRe":1,"fefSCOJZfIZZRAbTXTMNZeUNFPCaNCDWOOC":1,"IZVGHeCXLEEJPMZeFTWePWe":1,"HHYPeNfEfFOWOVVLRZYLOVae":1,"AdeKbCcBUBBAeScYbEfcWfYSbC":2,"TfNZeFOBOZFbTVQWaHNBcQYIMdUADDbdae":1,"BCEQAeMZeEOHGZGbDNZEFfWSCCCHJDTKe":1,"YdXfCDWOOFeJHUWEYcZbIKdFHfCTAWDbfKe":1,"BIUJLMFPAABHeUNfGYKaPNZFZeaPLaAFZKXe":1,"HMbVacDNVZNMPHVC":1,"TeCOeJPLSPMKPEcBBMWQUeZOPXTbBWBIbQTNC":1,"bLdLOLOLOOTINUFDINFPIWBHT":1,"ZdZaYPZZGbEVdZXKGPEQbNBEBUSMTKe":2,"cCHObVKKMadMUPXPRQVOPdUXFRURURHe":1,"GbQUJWPHDDPWVaTOAdLXe":1,"eDSdUfOSWEYBZJJfeebZHGSIUC":1,"PeYJYJbVHRVVCScKFCJBYEXe":1,"NQEDIKELcNQKAENUEcDCacUO":1,"aWHMVKbTBPAAXTbdBcANKBYfBQWXXdVLYGGIZaTaTaET":1,"fefSKeEFcIADWHCDUFYQXUZC":1,"TZYBETfTWefPZXDCJFABKIWe":1,"HMeCJHAVXSASeONDTeJNHC":1,"TZYBETfTWeaQHVbOSKGO":1,"HWAFYeNcEVC":1,"dJLYMNVePbTQRTWZBNZGEaaWPROUIHeBAVZKWe":1,"AdREFZbFAYTZTbeQfYUXCEC":2,"YTTHbXeeVbSccbHSGVZKefACLO":1,"NAFQVUNOdOKBBIUJLMFIMNJLbFCeaPRe":1,"YdXfCDWOODSSCaIfWcHOReeHe":1,"NVNZWUBIUJLMWGaRBQBAWKAOARGBGQXBKTSdZPOKNCBJZGaDHT":1,"ABVYUYNaXTfIMLHDALDZIBOUdAHLAC":1,"TPOaXGPAJcPJYXQWVeADPTHO":1,"AdREFHZUfFfFcYRQaXdRT":1,"OMIZdFSAPVFfFAYTZTEeNGTOFMeRT":1,"HWAFNUVSZYIDKDIXIJYIWe":1,"UaDELaBWPVCBTMBaaO":1,"NAFLSRbWNPdQBTDeXNOAVdNHWTRTfIZKe":1,"OOGbIWSGAQdOBPBOIVNJJSVZGGO":1,"bQGBPZdOWcaTJZSAccTXYaWHC":1,"YdXfMOfZPDHCOLZIDeRRITfTLKGBfC":1,"eWfCDBOSVIHQcaMEAaRZEGcCSRPLSEdLRSUWe":1,"aXTbSFYTBHMHHVbReINLOLOLOAZfLdPUVIZdRRT":1,"OOIBTVXINLcMNQKAENJHe":1,"abPPWaZUAAVfDfNZFZeaPQeFedFKUddVCUC":2,"dLcXJeITPMObVcKNMfXLMEO":1,"BCEXFaGMXFSdCXJQLYXQdJGGVPHWPaDMWXFZEVC":1,"aXTfHAEDISIBTEVHWEcTNFEYTWXKYSSdadFQRMeXcVQSRe":1,"BCEQAeMZeEOHGZGbDYadFAPYRCEYedMcET":1,"cCHObOOYKYYaDcOdJeaILYDdKNKNKWe":1,"fefSKeEFKMBKEOcNSZBeLPHYYfPHe":1,"HWAFYEEBVbIeIPNQBSdVLT":1,"ABVYUaXAZfLdPcRXUJeaILYDCTBVKe":1,"YdXfCDOTTQVaJNEKSTQIcKe":1,"TeCOeJIUWUHcKKSTLGPAcADDbddRBQSCEDXFZSCZC":1,"OOIBTVXMAcZESHBZEVDZIET":1,"NAFLfOdASUTbJGOGcYO":1,"OMIZbRdWSYRQYAbLMTdBC":1,"ODREGZNbJAEceEDdEdaWYO":1,"aWQOcYTBbFFQLAZZCeOSbZHe":2,"YdXfdKNKNKZNTbLSKHRbdFIKe":1,"BCdGYBERBdSIFeDaHXFCVCGIZMO":1,"bQGBVIZdRJGINYTFIYaXROZEBBVYYT":2,"fefSKeEFKMBKEOcNSZBeLPZaTaTaET":1,"AdZZBOSVacDNdQZEdHOUKe":1,"HVUBYPYKDcdJdDBKDcIBaMEAbCTHO":1,"BPHAfaRJRSMSHPCYEIDESOZZbCEWWe":1,"aWQOcYTBbPMfBZVNLLAeEFSWe":1,"AEAFPIPDGYWHJXdDRALXMHO":1,"fXGWdUFEZaZLJHPLcSaERMJDDdWe":1,"aXbSFYTBHMHHVbReIYBBVYUAZfBcdCBTJZdLHNLLC":1,"cCHObMKdFEAQdOBfScdDRfBSCDWOOC":1,"VVOcTWYWZSVbaBZUHZJFaNcCBaQDabHaDHT":1,"cQSXZaTaTaBfFdHMcQYIMdUAZNdAYfNKOVCMIRe":2,"cCGaYSdEfEITNPfaSdFaLbFJNTeNSfCFADeKe":3,"HWAFYWMdEDRYFJYbTSZQMASWe":1,"HWAFNeOYDYEaNdNDYTUBXCEWOMTXEUDae":1,"HMeCJHAVXSAWPHDDPNSRDAJLT":1,"ObUDZMULAFEJKaEcaMEAfdSRfAAXe":1,"HWAFYDHIWDbKIdDZBdPUDZSMDIaUDdWe":1,"TWPABOSEIDSeWZMfUdOeVKGcEXGJC":1,"fERFYeVQIVOMbEC":1,"HWAFNRWMPNSMYZXUCeeC":1,"OMTVBETaLEPYKDcdJFRLRGO":1,"AEHAFPRFRURURNFSBMBAWTWEUAZfXAPae":1,"PWBJBMWASUJNVJKMFJQPYXcBdHC":1,"HMbEHRKOEIaHVQdOXAaXFZPeZeNSCZC":1,"NAFQOEfSPMHBcCcCcCDRUWFLcVCBeMBXZeKe":1,"eDSdUfDXVWJVEFASOEO":1,"HVPZEYdIbNEIEBFKCTXJMbfIZTfbJARGNKCFKXe":1,"eWfbWNZOdLUObUANTVacDYO":1,"HMbdDJXcMKAaFYNLWLdNHWTRTfIZfQHO":1,"OQWBObadWIRcOfAcQaZJCNQOVTLdaRO":1,"YdXfMTXEUDdSYFOLbOMFcHRbdFIaZPEEccaT":1,"OJVZAIWDdMSBSWCGVTfUUYLXASaYYfPHe":1,"NVNZYeJBBYZUeQKBBTZVGO":2,"OOIBTVXOCZBKeJHVPRbQfXJHMPHeXe":1,"bdPeBHMaGNYYcdHZcNSNWeDeRTLcffWe":1,"BIUJLMJVfNabMdLERENZDMQPNKTZIKdFHaO":1,"HCZANHDdLYBNWTCUZZOeGDPNeFGIYIYeFMeAFJBEJKaEcfEC":1,"BCBaQDbAMUVbCefAfdRe":1,"IZEeDdEOdUNdKAZeYO":1,"PPXGSCZFcAPUfSJbQFddDC":1,"INFddKNKNKHbdJMWBDLLXcBaOHe":2,"HMeMbNfHNTdNKaSeONFPWe":1,"HWAFYHHBcKZBEC":1,"YdXfCDWOOScWJcEWNEJYBMFFO":1,"GCNJFZdOaBZCSZYXMHO":1,"ZdZaYPZZGbdEHWXfVTNRJJRKe":1,"PWBJbeBaSPTaFIfMSJQFBBBcQYAIRKe":1,"bQKPWLVRbYTVMeOSMeSNaKe":1,"ELSXPeJIPLeQSAESPMEZaPXPRQdDWYO":1,"NVNZYeJeVYPXPZSMdbDcMWQYT":1,"aXbXDDZYfEYdMUcMOOIBBO":1,"IZBTdFPfBKSAELSXZDYPQBTaRXUbZFLMZGHCTRdIeDdeFCYVO":1,"PPXGSCZFRURURNWBOabFIRZZERT":2,"HMbBbOUOOJVfJFYNSOPLXT":2,"AdHUYWCGTLSdMWSOZEdHOUKe":1,"HWAFYDEZRdJbENeDBFdMOPXYJUCeae":1,"aWMeaHfYFHNLVBHVDBEXaWJPGO":1,"PPXGSCZFCROQFSdVbCLJNGO":1,"YTBOQcLPQLMHWadBJOTXNAUEJWcC":1,"PPXGSCZWPHDDZIYBRSEAKSFPXe":2,"OMIZbRdWSYJIAdEKQRVRT":1,"cCHObMKdFEKXFZEVWEYcZbBNTaSdFaLbFFRURURHe":1,"HWAFYbcZTTdWABTXNPUcCHPLecO":1,"PcJJdIVcDPePdJXDC":1,"NAFQVUNOdOKBBIUJLMDPVSfXPRQOCfPXO":1,"HWAFYScXQOVPOZJSSZdTYMIKe":1,"HWAFYTbeYSSEdaWYO":2,"NAFLeNQQANABaORbDdRJZGbGYJO":1,"HMbCTYAaZZWIeXUJAFC":1,"fefSKeEWKMTUBbQGWFRURURHe":1,"aXbXDDZYfEYdMUcMABVYYT":1,"NAZSNdKLfOKFXbaCEUMKAaFYNQcfEIRbDXe":1,"ABVYUaXAZfLdPcRXUFMNJQOOXeHO":1,"BPHAfaRIMJRBZdUWPaeKfNZFZeaPLDTLZOXRT":1,"ZHCDCaGbXDWPPNScTcZJFYWDHT":1,"cCcCcCDPCDCcACOJOMXdKYEaEASNHRUUO":1,"cCHObVKKMadMUPXPRQAVWPJSSAZfAC":1,"HVPZdZGIGPeaXYRJFDdHWYRIGFZMO":1,"OAZOXHHZJCEUaQYaONXKFKe":1,"dLYHMRFeRQLOLOLOdQUVRJHVPHVdNHRO":1,"TfNZeFcCFLUYYeFeHC":1,"YdXfCDWOOSYeJYdXfMOaLERJDTOeaNRe":1,"NAREFBUONOHHWcZZESCGVKe":1,"BPHAUfXAPEJPECHTeUZUYaTTUC":1,"cCHObTPeARAZUOebQAFQTXWDTRJJRKe":1,"NAREFBCAURAfPMcQYABKdBSYOVT":1,"HZUacMUIAZdJAINQZQNBJfBMIZebWNWe":1,"OOIBTVXINLcMYNaXTbXMOXQXVcKYO":1,"aWQOcdLYHMRFeRLBBVYUZbeKRJTDXbae":1,"NVFAHPEAZFOQRCSPbceXPIRcADUCWCDWOOC":1,"HCZEKQaRRYddBbNXGDJEcQMdBcAEHYO":1,"HWAFYTfVEdFYRZOFHBUBMDOHQC":1,"ABVYUOUdAHLAWXFZEVC":1,"NVNZWUBIUJLMWGaRBQBXRAXZZOAGROXSZFNYDRUWC":1,"HWAFYDHIWDfSMBBMPIOWEbYfLMbQGUIO":1,"OVYHSddeOIaONEVdZXbBPBRe":1,"eRQDdOCcaIXMTBEJISDaPdMIbQbAEDJeeKe":1,"cCcCcCRDfUFFEPQBaYaOdbLXaRIYAeLT":1,"PeYGIHRIZWNPKSXPIAABJbXLXT":2,"bZWOdASUTbDbeAPCbAeTSKe":1,"TeCOeJBIUJLMSKBZXaTFKGWe":1,"NVNZYeJKTYSfOUGfNQELEUZSHeWaMSeKe":1,"febdSANFRWdNHIQFRURURHe":2,"GdNIXCPTBcRZdbXdUKLaDWVcJNZGCOeFKebAZOHYO":1,"HMbVAGAZTbWNWe":1,"HMbVacDNVZNMPHVDZTaWe":1,"eDSdUbAPRYDaKFBfTIcKe":1,"bQGBPZdOWcaTJPabSWUHbDORMTfLT":2,"aXBNTfUWRFMeJAETfACQTPRXUTVTaRbdFIKe":1,"ZOCDWOOSfdQaUSHMEHTNHT":1,"HHYZeEfEYdMVZALOKTKIObIYUXRAXZcO":1,"NAFQCJWZUbGSRaPSZWeAQPXPRQXKFbGQDaYKe":1,"eWfCDBOSMVZALOeERbISfXPRQTDCOOJMFVTXSLfPIFXKeKe":1,"HWAFYWEQCLBMC":1,"aXbXDDZNPcRXFMMCKBaaSLGYfPHe":1,"fefSKeEFcIAWJSFOAGWdKNKNKWe":1,"VOTcHKcMKWMAcQPePAZZODEcBEccGSOC":1,"eEBZFJZeOQPPHFBddQSMfDYGHbOUC":1,"MeHGWcWZTDUZXbSYTUSGbVeKWe":1,"TfNZeFcCFQTXWDTRGGYLTRQScZGVKHT":1,"cCcCcCFRZIAKQUPMcZSATQdEHWXKe":1,"BOefWZJEdcAKWQQadeOJATXT":1,"OMHMbMPMZbDUXAYHNEbHeFUSeGDPNZRO":1,"NAFLSRaRRefdQBTDeXNOAVdNHWTRTfIZKe":1,"NADPFBbSFcFXeUNZNDbDAATSZIJIRASaYSJeRT":1,"MCIAFKKZaTaTaBBUUaXKe":1,"OOIBTBJcQEcNNPadLXe":1,"ODREGZUTPOCaJefFDEVDWSRe":2,"HMbOHNJObDGVRQYIUYTET":1,"HWAFNRYXMHO":1,"HMbAURAfPMPfSWBJOTXNAHUHe":1,"BHDTJdReQLOLOLOVZMYCVCMILRVVPKLZcO":3,"HWAFNQTJPAcSfCSRBRT":1,"HWAFYTfDHCOLZIHSHFTdbLcYFPWe":2,"BHDTJdReQLOLOLOOTdZBSeFdBfUPcC":1,"eDSdUbaaNRfXaIRdNDDC":1,"OTfdASFZQfBJATNWXdBGHDDESWOGVO":1,"eEBZFJZeOQHbUMIffSQJNZQVfLeYO":1,"eRYPHEDNPbVUbdaRbdFIKe":1,"dLYHMRFeRQPcRWTfQORNScTUDdWe":1,"BIUJLMJVfNafMUfBFGFVIZdRRT":1,"HMbOOTWVdNHWTRTfIZKe":1,"GCSXHHVQIZDFJNLcOdPDXSHAFfIVNRXMFDFaT":1,"aWQOcOLQQPFYcAQFJO":1,"AdREFdJdWTCUZceNGTORXZXe":2,"PcJJZGHMDALKe":1,"YdXfMOaKZIcFDSCdRKZXRT":1,"aXTfHAEDCDWOOJdDBKSOGXCcZYEIKaJTXRHe":1,"BKATYSCZWNOHeNCFJeHfLebbOceZXHe":1,"dLYHMRFeRLPYKDcdDdONVFbKCBPQCHT":1,"ZFNTefbBTJNGLERMPJNNDPSVT":1,"HMbTWVdNHWNOOdeBVOSZWNWe":1,"PcVFHMPaNKXMWBcAeSZcbdfIPFDUDTC":1,"HCZANHDdLYBNZfAAEAQMYaNVSDcRZTEUPHdGWe":1,"HVPZdZWMYXSUPWMPTeKbTDOCaJeKe":1,"AEAFPIPBcdCCWMTdKfXJZKNFbfBAC":1,"YdXfCDWOOScUSfBCWXFZEVC":1,"TeCOeJPLKXGKSFZbGXHRDOeMO":1,"INLYMNPPWGTSJRNYSbFXRC":1,"IZVTWRGbHbFaJBBbYWfeEDFO":1,"aWQOcTEYDBOSdUWXQBOabcNVDSfAUHcVT":1,"BHDTJdReLBBVYUfFdHMaMEAfXafJCfSLT":1,"NAREFHSCLeNIJWHSGQZacIJSBSRe":1,"NVPOFJcfFXPGWATUZSdcFHbcRe":1,"HWAFNeOYJEIeKBAWTWEYT":1,"BCEQAeMZeEOHGZGbDYZICFLcbAUC":1,"IZVTWRGXVWUDDJeVGTZVNWe":1,"HWAFYTbDOLbeTSLdaRO":1,"HWAFNLEJUALJTXGXfYO":1,"YdXfMOfDHCOLZBaQDfIOafVHLeNBLLT":1,"NAFQOVLScXQOVZadBeDVeUWe":1,"HBOAIEcHKCXTJGPebBGZXALKFTRFO":1,"aWHMVKbTBPAAXTbdBcANKBYfBQWXXdVLYGGIHYYfPHe":1,"AdZZBOSBBLXOQFMYCeVSCJXXT":1,"AEAFPIPBcdCCWMTdKfXJdPFAYTZTEFJYGO":1,"bQGBbQaSINacMSZRObOC":1,"INFddKNKNKPZZGbMPcNVBUKcbSXT":1,"aXTfHAEDBOSMeEfEITNPfaSdBULQEWHQHDDHYYfPHe":1,"NAFQCJWZUbRSdFQbMDefEWHZPEEZfKe":1,"HMbBQbFFDfaVcPFXbOdUMJaCNHUHe":1,"NVNZYeJBBMeHGUFQbMDOHQSGaT":1,"TDXbdeRRYJWcFVbCDVCBOPFHe":1,"HWAFNJbaOLPYKDcdJaHIHT":1,"aCTPTPeVATbSMcEbOMFcHZLGCCBUbXDCJFOOIBBO":1,"cCHObVKKMadMUPXPRQVOPdUXWPHDDWe":1,"aaAJYBVaAJDbAPQfQOHT":1,"BHDTJdReLBEHAFPROaSXWTNUTIGdAFUKKWe":1,"cJUJDRSLQKLccGSOFSfUWRC":1,"HMbKdFTHXSWEYcZbMSVXMPBOFO":1,"fefSKeEDWHCJZARebFedZUDOCDWOOC":1,"OOIBTVXAWbYSVGPLQSLfZDQXKNCRO":1,"HMbVXSAWXaUSCZC":1,"aXTfHAEDdQZXDOXFAHNBGPfBKWbWOOC":1,"cCcCcCDPCDCcBUHBZNXMRUMVMITAFfKDXNKe":1,"OAZOXHHHXFZPeZeNFfAXSPIaO":1,"HMbIXQRfAeQNQaAMCMVXAAHASCZC":1,"BCOHNFPBJYIYKcdKRSNcDHRbdFIKe":1,"IZVBdeHHOVFfFeNDYTUET":1,"cCHObCBWaEdIPPSfDcAZdJAINQLOLOLMWHT":1,"YdXfBOSTQTHBfPWLIZSVafVAPBWHAcLRfMHSUZGcBHe":1,"OMNNSCZFcNFMYCeAWIbAaLFSeKe":1,"cCHObVKKMadMUPXPRQINFPIWBccCcCcCC":1,"eWfaQDSWSGUQHMQOFfOBfC":1,"HBbMWcNHDKdeJMET":1,"NAFLSDBJWbOEfSPMHBaVTbYHbUTKe":1,"HWAFNeJOUJGPTLKGBfC":1,"YdXfMPXYZaTaTaBEUcKBSMFeJHUWEYcZbMKJZKe":1,"febdSANFRWEYBXYFPCDWOOC":1,"IZbREZVPTLKGBfSUaecfbVCMIRe":1,"HWAFYNFIYJKOFaYDJO":1,"PWBJZSHeWaMTOCaJPIHJWe":1,"TPOaXGPTGTbUEXODPFDC":1,"bOcGcCEaLMJeVPDdCATWbWOOC":1,"bQKPWLVRbYTVMeOJLBWHHT":1,"AESVJPMYKXNUJMFcNRfDRKe":1,"EGTUSGbEJHIXT":1,"cCGaYSdMbYSfcdReLbFZVGAZbaTaTaET":1,"HWAFNeOYRQWcDAVbBHMZYO":1,"feaXWXAHbAcQaefNDHT":1,"GCQKEaAJDbJANafabSWUHbWPHDDWe":2,"TZUfCDWOORFOFVfEeSHYSJeRT":1,"eWHJbQEJNCYWEYcZbBOFO":1,"NLJZCEQMULaDAEKKSLcSEO":1,"AdZZBOSINSQFSBUNJEREcbJfEJO":1,"HWAFNeOYFWURFCUBQae":1,"bQGBXVUcESGQCdEdJMO":1,"IULDEZREFcUcSTaWYEPBCYO":2,"aXTfHAEDdUFFBSBfWfecNfEDEZRdPcRXUWPHDDWe":1,"PPXGSCZDSSYZTNReKfdSDeSHRbdFIKe":1,"fefSKeESCOONdPGKNSCMHVPHVBBVYYT":1,"fEOMeRYLfIKdFHfBOFO":1,"YdXfdKNKNKZNTfVfdLaAFZKXe":1,"BKbVZWNZJFGbREfHYYfPNFFO":1,"fefSKeEFKMBKXIeIPQeJOPRaZOHbDNQLOLOLMO":1,"NVSGZadWIRcHINeCeQcJZedWIbAaLFSeKe":1,"bdPBQRSINfabSWUHbSGeFTYceMTXEUDae":1,"aWQOcYTBNVSZCaZDdPLbbdVT":1,"YdXfTQdeAWNdfXe":1,"OOIBTBUNJEREcZbeKRJOIZCBKeJVIZdRRT":1,"NAFQQAFJZeOQZXbSYJNeDHFMMWe":1,"eDSdUfIMLHLSGDBJbNWLEWXAdZRO":1,"bQbYWXFZEVWKMTUBVXaCNFNADPFDUC":2,"HCZANHDdLYBEfQYOUZJKYIYZEVSTHe":1,"eEBZDEQdASUTbWeDZQNUaNSVRaUC":1,"eWHMOOIBTBINFKPXfQeceHdZESNEeCRe":1,"NAFLeNLSSIBcbTYUSEKBeJcJUJSVCHAPFHaO":1,"OOIBTBGPfBKSOZdBZCBKeJELWe":1,"BbFDRdJcAQDIWSBaMYDNNLTSHaT":1,"HWAFNQTbVSGNVBUKcaZdPLeNLae":1,"NAFLeOeJOMOLJKFQMbZfWQIXe":1,"cCOTKBcIXEQWFPQLQBBO":1,"OTfdASFGWcOCbABHTcTHPGMYKe":1,"BIUJLMFPAABdeTcRJUCHVREHGC":1,"BPHMAZTaHPVAecNfEYYRQfSeHO":1,"bQbYWXFZEVWKMTUBNADPFEfbMTXEUDae":2,"OLTWRGNVBUKcTaRbdFIKe":1,"OTfdASFBPIabKeKeZQObdSVQZRO":1,"OMNQEDMdbDceMHVPHXe":1,"HWAFYBfPDBdRWMPNSIHSHFTMSAFET":1,"NVNZWUaMZXRURNeJMBYGaePTWEUdPC":1,"HWAFYDEZREbUObQGNLXTFWOVVWaIfXT":1,"PWBJMeHGSMeSNafXPRQMdBcAdQdOET":1,"bQGBOEIKZdJWXFZEVC":1,"NVNZWUaMZXRURNeJMBYGaePTWEUYTET":1,"fEOMeOSTIZJCNQOVTLUBYTPaCQbZBbEWOTYVOBOFO":1,"NVNZWUHVSeAcfeJWGGZTLGePTWHT":1,"bQGBbQGWFBaaeHGZOAcFMBRNHUHe":1,"PPXGSCZFCFcCZAScYKcPHe":1,"febdSANFRWdNHIQWPHDDWe":1,"aWQOcYTBBKbVHYYfPNQBUDbVT":1,"febdSANFRWEYBXYFPdKNKNKWe":1,"YdXfdKNKNKPWZJdUQWTCUZZAUGO":1,"ABVYUaXBOFYCeVScXQOVPACLO":1,"BCEQAeMZeEOHGZGbDYeNcEVDAMeMaDMC":1,"HVUBNNeRBNePeEBVUWVYREHGC":1,"OOIBTVXINLcMYNaXTbCBPGDDRTYC":1,"HMbdMJRTaXFZPeZeNRGEMEaXGbRbBOFO":1,"BCVVWaIIabUNfYaAFZKVcbRZSAcQWe":1,"AdPcRXUDEDOeWFeTKEcLOIWe":1,"aXbSbcBUcJaRMSAdRTUOOIBBO":1,"cCHObONdPbIZFbYSfDcfFdHMbNXGDJEBBVYYT":1,"NAFQCJWZUbaaNRfAKfKSceNECYBZSBVNRXMFDFaT":1,"PeYGIZWNPKSXZdCUMOZLOLcNbUPeDbHe":1,"aWQOcYRYNPDHCOLZOFBfWaPNSLERXSBRe":1,"IZVPVIRPLeUMZNYRBaGRe":1,"HWAFNJbaOLJDUWe":1,"TWfbaTaTaBOMNVRdJbVaAFZKXe":1,"XdKYEaEALMHWadVCMILScXQOVWe":1,"bdPTLKGBfFRRCAEXaWJPbCQMWC":1,"YdAeJXVNYHJfQAMOfNZDbAefQHO":1,"ZcSIcceNWNVaLQSHDJKDKaT":1,"BUHBNHDbUTPOfFRC":1,"BCEQAeMZeEOHGZGbDYJOUWe":1,"fefSKeEDWHCJZARebJXGePCOdLHYYfPHe":1,"NADPFBbSFcFXeUNZWPPLRENZFfBULQEWWe":1,"aXbSGYWYHbeNPIARTYT":1,"PWBJZSMFdWOGVedCFeZIJC":1,"eDSdUbSIPBEOOCROEFO":1,"adUAVYCdFNLGZaPQQSRPWdOQRTKeeHRbdFIKe":1,"VObdZZaBfCCdDeQfYYT":1,"HMbVacDNIXQRfAeQNQbWNWe":1,"febdSAYYBXYFPEOcYRISUaPZdMOOIBBO":1,"cPDQDPKSPUVDRHPacMGUbAXKXe":1,"UETTJcbTYUSCSXIeIPLFbAadJRe":1,"fefSCODGPIZZRAbOORAZDTRODBNLaPEbBBHT":1,"GCQKEaAJDbPXKDfabSWUHbDORMTfLT":1,"YTBaXAZfLdPcRXUFIMNWLdTC":1,"INFdCDOTEKBeJGbXHWbXaTFKGZSXT":1,"eWfaQRAOAcEUFQLNHRbdFIKe":2,"HWAFNeOYWbSaKVFVYBXYZICFLcaIdTC":1,"UETTJbZWMZfPAJNLJPGEbfWEBOWe":1,"aWQOcYTBTEYDcYdYFMdcHe":1,"NAREFcCcCcCDSRKBNHNdBaaafECHTeUVIZdRRT":1,"eRYYUBIUJLMSKBcUVDYMO":1,"YdXfdKNKNKPZZWLKVHNEQfKCUKXe":1,"HWAFNFHQVLHT":1,"NAFLeOeJdLeLTfVCdGESFDCGVKe":1,"TeCOeJOUeUNfEANCNIQNNFHeBQUdQadeORSLTFMeHGC":1,"HWAFYTaYbZNcTVWHT":1,"eWfbadWIRcZUYaTTFPZFJbBOFO":1,"HMbCTYAaZZWIeXUJAFSCZC":1,"PWBJEcNLGZGcBNPKFTdRNYYdAURAfPVT":1,"PPXGSCZWNOTEbWcKZIXXcffWe":2,"eDEMfSJbQJQRXZVUbQHbUMIKe":1,"AEAFSXZCTPVLWLdTC":1,"OaaKLRXFeSICZeQcJJIaLKKVWLKTRFO":1,"HWAFYEdPKFTdRNYYdVKMSPBMO":1,"NVNZYeJbFMOFIfGOaYdKTHHfIXbBHTNCMC":1,"IZBTdFPfBKSAELSXHXSHFdVfWIHCAdPeHT":1,"YWYHbLSUMUHeBMNZDJefDcfCeEUbQWe":1,"INFdBOSOTBMBPfRDcTLEXe":1,"YdXfMOfZHYYfPYGTUIXfNAURAfPVT":1,"HWAFYBfPDBEDHIWDbKIdDZBTfNZeLT":1,"PcVFHMPaRReaSdIeZNNAFLWEZfefSWe":1,"HWAFYYKSCRAUETKe":1,"aXbSbcOQPCPRWXdBGZXeYBBVYYT":1,"BCdGNQbHVEZYeNbNEIIYIEbFRFeQEHT":1,"cJNSCDOTMOBfSfVSdQfLCcVNJJYDdfae":1,"IaaVGGeaYPZZXeMFJKeKe":1,"HWAFYEdJbaOLUELMbBNLHZEWYO":1,"NNSCZWXFGdEaJPGAAQeccdNZDPBSBOFO":1,"OMYNaXTacMSHePLSIRSHT":1,"dLcXJcCcCcCJAJOTHGZDDUZXdUFDcHe":1,"NAFQVUNOdOKBBIUJLMJGOGZNCTYAbbLfPJaAKDKe":1,"OMaFbFDaHYfDZaGaVFHTdJcbWae":1,"OOIBTBBLXOQRTKeeWe":1,"BCdGNQGPLaAFZKAUdRXMFDFaT":1,"dLcXJeITPMObVcKYO":1,"HWAFYDEZRdZbVeUHFAUVcIO":1,"OLSHIfDWBZEWaSdVLC":1,"VMITcZJLCZBfaNKe":1,"YTBTRYZLWZDcJPEEIbLeYRAbfRVCFDOJFC":1,"TDXDPZWORTeCISUPYJOaYYfPHe":1,"GfCDATBfPbDACAJSWdfYeNGJC":1,"NAFYYANAadTXaQAeEEFDCKWIZXRHe":1,"fefSKeEWKMTUBbQGWWPHDDWe":1,"HMbMdIXdfdTFeSICZeQPXUXZePBOFO":1,"HWAFYEdJbRYWLbQVAHAbWTKe":1,"HMbVacDNOdRSCXJNBOFO":1,"HWAFYDEZRae":2,"HCZANHDdLYDEZREUNTWaRJTAcHe":1,"INLGHUDSJNQQdKBUPfECIAEcOHT":1,"OMYNaXTfPZXEZJQaEfWe":1,"HCZANHDdLYBYXBafISWESVIAFET":1,"eWHMOOIBTAURAfPMcBUceNVQUcCAFJXDbNJYBXe":1,"bQGBOEIKZdJWXFZEVJZbDHe":1,"BCEQAeMZeEOHGZGbDNZJFRHLLAC":1,"HWAFNRYTQWYQWeDZQNUZUYaTTC":1,"HWAFNRYdNHWBOCbbC":1,"ODREGZUTPTUaDSKBZVKFPaDWADWRe":1,"eDTANZCLVXcGbXHWbXaTFKGHNVLZHT":1,"THHSOJZTOeTFKMOaVRVKaMUHYbTLZBeMGKSaT":1,"HMbCaASBaRJZMFWBOFO":1,"HCZANHDdLYBYScXQOVZUdSUHTRLBJASObEWWe":1,"OMTVBENNFZFWfBQMAZEUcHCbXfVQLAVIWe":1,"OOGbIFBUXOVAZQXaTFKGHWNZKTQIZKe":1,"HMbXKFbWNWe":1,"aXbSbcOQecDKAJDKVHbVDZaTaTaET":1,"ZcSIcceNJNbdKCFKVWXATRe":1,"OTfdASFZFZGKZGfeCdWe":1,"eEBZFJZeOQZGbcGGTFHfOJcaT":1,"NAREDMJaAQLOebQAESPBDOLWBOfKYIIBcOUTUKUDZHe":1,"INLGHUDENVLeFOfMQcCVKLLHe":1,"fefSKeEFVFKOUYLLLDcDaZeVVKfGZaTaTaET":1,"HWAFYXMHO":1,"eDdHFENHQYffSQRTWZBNZMdLEBXe":1,"AdRNRWSdUPMcHZZWIeXFGBZFKMBXO":1,"HBbfBAJPNPTDCHT":1,"eDUdGVdNKEBXJNSVVWaIIKe":1,"GfBQDAMeUCXJYSGHAEUZSTTAIaO":1,"aaMRYBENYceJJVaCPfYHNPVT":1,"OOGbIFBUYRCOMIMEfTQUETQWYQSYHWVNMJO":1,"aXTfHAEDISIBTBXafdZeYO":1,"eEBZFJZeOQHFNKJKVfIdOUIFObWEYcZbMfRe":1,"PcVFHMPbJARGPXAPEPYKDcdJKDKGbPCfUaKBGO":1,"HWAFNeOYSBHATYJXAadIJNGae":1,"PPXGFRURURYNYUNZTeZFYRCENFeaYLTRRe":1,"OMIZbRdRMQIfNZFZeaPQWSYC":1,"BHDTJdReLBBVYUeYeFOCccNEIEYXT":1,"HWAFNeOYDDFFcNRe":1,"cCHObXKeNJAbIeWHQFRURURHe":1,"OaaKLRXFeSICZeQcJJIaLKKXe":1,"NAFQZMISRSOJaTfMDcGEfdbfZDVRGCMC":1,"fTHSQFUUZAfRIZTJYSGFZWVRSebQAC":4,"NAFQCJWZUaZeKGEOIBfaNKe":1,"IZBTdFPfBKSAELSXPHTaSWVacDTRTfIZKe":1,"OMYNaXTfFfDeHZTSRFdGCWae":1,"THHSODILJbbfYFZIJePICaeFYTET":1,"IZVBEHbVFbXUCeeDNQUZARYfYO":1,"BKOAZbbMVaIBWVUZWHSUHePLSISWIPPSfDHT":1,"cQDJGZaTaTaBYNYeVacDYO":2,"OMNQEDXYeQMMaXdRT":1,"IERBfaNbIUONSFOOIBBO":1,"HWAFNRNeXQCaZXALKFTRFO":1,"OOIBTCATAJRXJOeBLBbPTPAOZEVC":1,"ABVYUaXEbQFPIEEBBcFPIWWeDfBAKae":1,"BCEQAeMZeEOHGZGbDYWCHPJDIFAfPBHT":1,"YTBYNJXCcfTJXNALYPfdTSPWPHDDWe":1,"NAFQCJWZUbDOQRTWZBNHDFXXccBPKe":1,"fefSKeEFVFKOUYLLLDcDaZeVVKfGHYYfPHe":1,"NAFQVUNOdOKBBIUJLMJGOGNGEcADDbddeMWC":1,"eDSdUfRFEOVYbFZVGAZKe":1,"bQbYWXFZEVWKMTUBVXaCNFEUXPNMZQWe":2,"OMEIZEHbaTaTaBZbSCOIHSHFTINLRIYLT":1,"YdXfCDWOODCSVZNbIUONSFbYLT":1,"HMbVAGBOXBaXfMPXcRUSCZC":1,"YTBHMbAaBcHOGZWFfRbdPNZFZeaPQQDIVXO":1,"aXTfHAEDBOSdQZXDOXWXKYSSdadFQRMeXcIFUWbWOOC":1,"fefSCOJZfIZZRAbTYRQHAYWOAVXfZbGSFcNQSZBeRe":1,"NAFQCJWZUbGSRaPSPZBSMGaFNRdScYAZTRe":1,"INLGPZHLEZObTHT":1,"OOIBTKMDNdEPDGYWHRBcSbAGaaHFEIKe":1,"HWAFNRYQLaXTANZPSVWe":1,"PPXGSCZFcYUBXVfSTdaT":1,"aXbXDDZNPcRXJdGTTKdWZEYBBVYYT":1,"OOGbAZAdFcEDJIAdEKQRVJEBYJO":1,"HVPZdZGIGPefbfDGYUC":1,"YTceTUDVRGCMJPae":1,"YdXfdKNKNKZNTfQDXIeIceIKdFHaO":1,"NAREDMDRPGOaYdEKeBOZWDJDTKe":1,"ZdZfDHCOLZOTdfdRWSEXAbAJQTQPWZcYPYO":2,"cCHObVZMYCVKKMadMUPKAMUTUWZaRbdFIKe":1,"NAFQQAFJZeOQHNDTRYWMDHe":1,"NAREFBCdEcXUFcNQFBNLJWe":1,"HWAFYDEZREEdRWSdeJOUJGPXPRLO":1,"HWAFYBfPDBEDHIWDbKIdDZBAWTWMRHcWIMZIbYO":1,"BIUJLMJVfNabFXFBcEbJVKfLWe":1,"fefSKeEFVFKOUYLQWXXdVLYLDcDaZaTaTaET":1,"NAFLSDdcfeJRSYEVJDfdFcae":1,"HWAFYPONVDPQLTRe":1,"BPHAfaSdNTDIXacGKZCCVRSebQAC":1,"ccCGCFWRfGASOdMYAMTDTEZVXVdNHWTRTfIZKe":2,"eWfbWNZDTZULVATZdSGWUC":1,"HZUbWNZAABfWcDaebJRXFYO":1,"BCVLBLKNYVeeefEXLO":1,"HINZJLeUXSaZbCDWOODVcNVBUKcTKe":1,"HWAFYDGGBbdFO":1,"BPHOMJURJbcIUeBXe":1,"YTcNPbNffSLBGVPRe":1,"cCHObKdJfFdHMXCEFRURURHe":1,"HWAFNZJNSdCYO":1,"HMbKbHAYIFTdZfLLCcYTET":1,"IZbREZVPTLKGBfFQTXWDTSVbXQSdafbOCJO":1,"YdXfCDWOOScUDbMXAUAQUVIZdRRT":1,"OOGbIFBUNHDeHeIeNRSSIBVXLT":1,"febdSAYFcaFUYKGZeVABKTVfPfXIBccQNFSddUZSNdKNKNKHYYfPHe":1,"dDfPJcbWESSIdFDSPWLBeTfecNfTXC":2,"AEUaYZKZYYKdBcGcNHC":1,"AdZZBOSMPMZCBKeJHWAJLGbbeRe":1,"IZVTWRGTeDBWSFBBbYWfeEDSBSSMJEQbBBORT":1,"AZfHAEDBOSAKYBJYeEIBPNZWdDJcXe":1,"aWQOcfEWaZJAJTONIO":1,"bQbYFcIKSCYbcINHJNbOVVTYABOFO":1,"fefSKeEFKMBKEOcYRISUaPZdMOOIBBO":1,"HWAFYBfPDBEDHIWDbKIdDZBGcANdSSLT":1,"OLBEXfQYLSHFdAUOYO":1,"eWfaQDSFcFPIWWXVXeLaBVAVKCYO":1,"OMNNFHMPdTDJQHSFGJDZTKMbAae":2,"NAQGPLeMBBdUfPWRPJVSYZPTBWe":1,"HWAFNRWMPNSMYPPHZVaUAWTWMRWe":1,"NADPFBbSFcFXeUNZSOIOFSbLJbWRC":1,"IZbREZVPTLKGBfJebYFHMPHeVBae":1,"bQGBPZdOWcaTJHRDOeOMTXEUDae":1,"OOGbIFBUACBYQLJCaGHGabaUJBEfdfTRe":1,"UYIVaVbMVYNFPdNYKFFaMEAaUC":1,"bQKPWXVHVbedPMYGfVIeCPKSPHe":1,"AdREFdJEeRKTMObIUONSQecLUTBYKe":1,"cQDJGZaTaTaBIFIZbXDOXDPBFO":1,"bQKPRCBQAUaSJQRCMPaFTPTYUAJaASPYfBHHUHaO":1,"TeCOeJBIUJLMFQcGDZHXJNVBUKcKe":1,"TAeObJNGLTLRENZDMQPNdcCJJaaSLcPDYVWZFKbPLT":1,"INLGPMPSXPBccFRSTELFKWIFdCYO":1,"YdXfMTXEUDdULEFDVTbVSCWQQWe":1,"HMbECHTeUbLBZC":1,"ODRdZWdZRVKaMUHcWXT":1,"UETTJcJTPCXJLbBBcbFDaNSdfBPKe":1,"NAFQZMISRSOJaTfMDcGEfdbfZC":1,"aXbISHcAaZQAVLBQPeHT":1,"NAFQQAFJZeOQZdUWBLdFHOReeHe":1,"dLYHMRFeRQLOLOLOMLTbYIPfZBVXVLCOJdFMC":1,"HMbdDRJNGPbBfDUIEbfWCUfWLEXPBOFO":1,"ZcSIcceNWSUIQeYBPJTDfSMTVYXO":1,"GfHOUbeKKZafVfLeCaceYO":1,"AZNdAYbeDUPIVPZVIDRbLWZHOfXIZTOeTeLT":1,"NAREFeDUfMWCLXAdHcXJEbC":1,"bQGBfFaMLVSGDOaBANKBYfBQHUHe":1,"HWAFYYYeHQAXaIRdNC":1,"NVNZYeJKTYFGFfPfIVXBPKAC":1,"dLcXJeITPMObOVKGaLT":1,"AEAFZMdLEccGSODKPWcVIZdRRT":1,"YdXfCZNTaYPeYdFHWPbTPFeZKUIRCfPXeC":1,"OTfdASFNKNMUJBYdFZC":1,"eDUdGVdNEKDBGQKWOOZIZKe":1,"fefSKeEFNGBGQXBKTSdZPMGEJYO":1,"aXbXDDZNPcRXWcDaHFBddQWPHDDWe":1,"HWAFNUPAWUNVXGRcIJXcJcUO":1,"fEOMdLHOAcFNADHcKdZJVVUSCZC":1,"NReaHbdKfAHAHUYWbQOSbYGVVC":1,"BHDTJdReQHUYYOLEaMYWHT":1,"aXTbSFYTBHMHHVbReIYBBVYUfFdHMNQJTeERXWXFZEVC":1,"cCHObEfEITNPfbeQMITaSdFaLbFDXFZMIOOIBBO":1,"aXTfHAEDISIBTBaFKbdKCFKVeSNdJeCRe":1,"HWAFNRYWLQOSRSCReeQZRO":1,"NAFQCJWZUbXeCFNZJRbYWVWHWOEXKQLNJC":1,"OaaKQZZMcTcZdIAAVVWaIIacMSebdaNCFeLT":1,"BPHAUfXAPEJPECHTeUdeUbTZWKNYT":1,"YdXfdKNKNKPAJeGHSWedNDeQfYUedJYVT":1,"BPHAUaLEbOMFcZScTSDGISGaXe":1,"MCIAFKKZaTaTaBcJPQORYPOHMQMSeRe":1,"HWAFNeOYSUaecfbVCMILScXQOVWe":1,"adUAAIFBUTWWCQSFMNIRHcONNMOBfC":2,"BHDTJdReLSEETEVJLBWHcbFMOFIaRIZFCeaPRe":1,"BOeaGSSFBKROQSfPAdGUIRfVNPaXbBWPHDDWe":1,"NAFLeOeJOMOQeOYFCRFZMbYWMPSYaET":1,"UYIBGQXBKTSdZPCQCFeONFPZAGaaeRaO":1,"aXTbSFHMHHVbReINWXXdVLNUUJNMcTHT":1,"OAZOXHHHXFZPeZeNJILO":1,"feaSLAZWAcFCaNOcMXRfBXO":1,"HMbMYOdBXRBefPGLKcZAHUHe":1,"HWAFNFCSDWQcaNYCLJBTcZJQcSBLfPJaAKDKe":1,"PWBJBIUJLMFQbMOIXCEC":1,"PPXGWPHDDHUDUdQRNLQLAVIWe":1,"GCSXHHVQIZDFJNLcOdHFOUJPNSIHHZIBHXCbfZVO":1,"ZdZaYPZPTLKGBfSKBZVKFPbXZEBLcVT":1,"eRYPCfPZNJdQSBGeGddAbDPOHET":1,"HWAFNFRWEZffTLKGBfC":1,"eWHJdAQTTWYVYIPVZfWe":1,"BCTPFeZKUIFcJYeMHRNQMWSCCCHJDTbNeHT":1,"HWAFNeOYDPPHYKHGHNKe":1,"VVOcNNDdONVacDNdQZEdHOUKe":1,"OMaFbFDaHYbAHcMSPWZJae":1,"AdSRZBMBTVdVPaESLae":1,"cQZOdAfbXXddOERe":1,"BIUJLMSYTUFXReEIQWHJNGLTLdFYeVAZdYINGaVC":1,"eWfCDBOSVacDNOFBfDEHJFdLeAWTabSIbLO":1,"GCQKEaAJDbJANafabSWUHbDORMTfLT":1,"HWAFYDHIWDfSMHOReeHe":1,"cQHYYfPYJWcRXQFVYUYWTMcBTTEVC":1,"cCGaYSdMbYSfcdReLbFZVGAZaYYfPHe":1,"NVPOFJaNLDEINHSIVRBWe":1,"ZdZbaTaTaBBUcJPQfQAYfeDIVaKEcNTBPWZJae":1,"aXBNTfZHYHQDVCXdUFDeTQQVDaVYEO":1,"HWAFYYNQBWFfYSbC":1,"NAFQdGFEYKcbJVaYHbJcdYWTJUWEVWNCGVKe":1,"dLYHMRFeRQFSUCKAeOESSZXDOXWKHC":1,"eDSdUfbfKBZTSJeOXbbFFbJFSMZDaFFcae":1,"cCGaYSddOEGcHNAdUDUCRPQFAeJQFRURURNcHe":1,"cCEaLMWHFFEaRXe":1,"cCHObIPPQFFNcUWBZEWaSddKNKNKWe":1,"NVFVcfTbdNNDYAHZNQWMUPODZVGFdUOLBBVYYT":1,"fEOMNVLWPGGMRbBYWKOLBBVYYT":1,"HWAFYWMVbXEQFBYCMYWe":1,"TeCOeJIUWUHcKKSTLGPAcTPSUGADDbddRBQSCEDXFZSCZC":1,"NAFLfOdASUTbJNNFQHWVDdZRO":1,"ZOdKNKNKHbFPQRNQASRODOCYJWcC":2,"UETTJcbTYUSCUUWKWTJOfIYSYDCPZSTfcKe":1,"AdPcRXUJdDBKSdEDFDedPUcSKe":2,"HMbVAGaGbZEeeTYSCZC":1,"bQGBVIZdRJVVPePPSHNKXMC":1,"TeCOeJGDYLJZGNBeWe":1,"HMeVKJeGMXNZQMeYJNNQeHT":1,"AEUaYPZZGbBQMdBaFRYBJeEdUdZAXDKfKdXT":1,"aXbXDDZNPcRXFMMCKBaaSLBBVYYT":1,"cCHObOTdRdJceHVREHGUWXFZEVWPHDDWe":1,"YTBeWfCDBHeJOUTBSSPNLcSdeae":1,"ePCefAEaMCVKGPQLQBTdCYO":1,"IZVBETWRGfOJbARTKeePUcedJHBVUC":1,"UETTJbZWOIXYBYATKBTEIbeRT":1,"eRQWcIXdCcaIXMTBEJcCYeFVIQJGEVaUcJWe":1,"BbFDRdJadUECQeWUcVNcbSTHT":1,"NVNZWUATYDKPHHT":1,"dLYHMRFeRQLOLOLOBBPKIWSSIAZfAC":1,"PWBJfbHXSceIfeYINVXTUSGbEXKQLNJC":1,"cQZNDbDAATPFeZKUISYZPTBZbaTUSGGPTSJOeXKe":1,"AEAFSXZXdGVDZSdSUWDbCTHO":1,"eWHMHOWDDXBYHNeEfHcIJDeQcJUXO":1,"HHYPWMPdKPOMHBHVPRbQfXRT":2,"aWQOcTMGCBMBAADTeRT":1,"HMbBXafERWbSAPPaebWNWe":1,"bQGBbQGWDUNRERQZPPLafDeDC":1,"NAREFZGccVYMbNXGDJEXMbPXJOYO":1,"dLYHMRFeRLPYKDcdSOZdTYMIbXDOXDeLZBIQNNC":1,"HMbKdFTHXSWEYcZbMSVXMPBOSVfFfZdOUcO":1,"cCcCcCDPCDCcACOJOMGcZUYaTTC":1,"NAFQCJWZUfRFGdNECYBZSBVNRXMFDFaT":1,"IZVGZeWRBfEDdeZOHeYHe":1,"NVFVcfTbdNNRSCWffPNfAVeKBMOLDEZREBBVYYT":1,"NAFLeNLSSIBcbTYUSdfTfaRKXBeMPJCBXSTSEQbBaORbDdRRT":1,"IZBTdFPfBKSAELSXPBQGMEcSOLWEBJbQae":1,"IZVTWRGVZZQLPPPTJAONJBHe":1,"HWAFYDEZREFYMZTULHfYO":1,"OaaKQZZMcBfFdHMZQbDNFMYCeVDbPaT":1,"OOIBTBaKDDKAQbMeJeMTDUAVO":1,"NVNZYeJYQGARWSdZcIYUdSYO":1,"dLYHMRFeRLPYKDcdFceHEVFIMNSePTBPeGEEC":1,"BPHMaKBbTYWeLJFaMEAbFJGO":1,"HWAFYfEeNSBZQXKFKe":1,"BKeWIEcfDeOeXefNUGcNHDORMTfLT":1,"HVNKdFZbDdUYKe":1,"aXTbSFHMHHVbReIYBRRCaSddQeRHfAFZfWZffIKdFHaO":1,"cQZJALOdeEEBFfZLMBUXCEFRURURHe":1,"NAFLeNIJSeZRBUfFAeFHOReeYbOMFcHYKe":2,"ZVLLBGVPLWCHBRfOHfKXNWXFZEVC":1,"febIUONSFHBOAIEcVIZdRRT":1,"IZVGHeCXLHbVFbXUCeeDNQUZARYfYO":1,"YWYHaRMSAEWQLTLbRWKPC":1,"NVSGZdFDLOEaXCfAOCeTeBZEWWe":1,"YQKSXPTLKGBfSOaKecNfTRe":1,"HWAFYWMdAHdJQVVTHVC":1,"bOcGYAZERMZVBdWBObdKBQGMZMO":1,"INQHUYZIEPfLaMbAMHMZMQcCVKLLYaKXOYO":1,"YdXfTHBfPSYNJcHIfXIVXSKTNC":1,"BCEQAeMZeEOHGZGbDNFKFbbYPQBTKe":1,"HWAFYEdHeSaeZIHSHDaERVceAHHe":1,"cCcCcCSYeJfaNfPESHbfNFNVBUKcTKe":1,"aWQOcYTBOOIBTOeRYCBINQYfMZCTKe":1,"cCHObMPWAEeIcFARSYWPHDDWe":1,"IZVGPVUfEFKYOeeOZbNFbKHDHT":1,"PPXGSCZFRURURNRYZWDOCYKdECHTeUVIZdRRT":2,"aWQOcYTBbJfEDdDFQTXWDTDcCHfWe":1,"IZVTWRGMPOOAUaLeFfZC":1,"BCVPeUIeLLWbAZCdVAeFEcNLGZGcBNeRO":1,"aXTfHAEDCDWOOFcYBVaXTANZGCdQEKSHMRQSRe":1,"TWULHJEfHUNQbHVEZNcaNYCLWOTLO":1,"NVNZWUVVOcZFKIbLWeZQMZC":1,"BCOOOYOKZeSdVXZMKddbQJFYJO":1,"NAFQQADZQUAIIfOdASUTbC":1,"NAFQCJWZUbGQDaYfXPRQNCFeZIJDNSNC":1,"HWAFNSGWWWHFQZcVYYNcJC":1,"THHSODPNGZfSeUHMDMKdFbQKae":1,"HWAFNZWAdOZHbZC":1,"bQGWZUYaTTDcTBeNDZSdSUWDbWNWe":1,"aWQOcYTBYROdMfNLHSdDWe":1,"fXGWMQcCVKLLNeMZeEOHGGdOAGROXSZFNYC":1,"OMIZERWfbYXMHO":1,"XdKYEGFAZeVNLDJFFKMEcEQPDHCOLZCDWOOC":1,"ODRdHUYScXQOVZXPOXHeCLJUTGCdNWQIXe":1,"aWQOcTEWcfBQDPBFO":1,"IZBTdFPfBKSUaXSTBGCdKAPcaKBbBOSYLYT":1,"HMbECHTeUVIZdRRT":1,"YQecaXYRJLBWHcdXUC":1,"NAFQVUNOdOKBBIUJLMFfOYEQCBVScae":1,"aWHMVKbTBPAAdKLREcNBdEdFaGCfSCZC":2,"AEaBVcYSYeRT":1,"TWPAOPeIJDbXHVUdMAOEITKe":1,"ZcSIcceNJVGGZYfPXPRQdQeRHfCRO":1,"BCdGUKCMeBBJFEWAQHFBAXe":1,"IZbREZVPTLKGBfROQFJDDZCbVT":1,"cQZUdSUHTRLYANAadIeZNMKdSQbZET":2,"aaAJYBVaAJDbAHIDJNMTKe":1,"MCIAFKKZaTaTaBcJPGEbfFeTKe":2,"NaMPOFZYHUSUHYYfPYafDeDC":1,"cCcCcCSYAETfZPHcGRNSVZLWZHOfTDCeIXIRUXEHbC":1,"HHYPWMPdKZXDMKBQVIaDDZIBPbWe":1,"bZWMSGENIbfdeDcNeJXVWMDYCURQTTae":1,"UETTJcbTYUSMfefVUdBAFQJTeCYbeLT":1,"BCTPeMQIbNXGDJEEFHeMaJPSffUUGXKe":1,"BCEQAeMZeEOHGZGbDNZJFRHJPNOGFO":1,"OMTVBENNFZFWaHRHeeMZJeVPDdCNVKLHYO":1,"cCHObTULHfAFFQZcVIZdRJcCcCcCC":1,"ODREGZSIebcGZcVTPMVScfZWRC":1,"ZdLNKZJAEcbFDaPTJEPFWFQHT":1,"YTBeWfCDIXLSGbDaFSRfABNIPRaO":1,"VVOcNNDdOVZMYCdcQPUZCBKeJfQYLO":1,"TVBdHUNLOLOLOOTMfefVUdBJOTXNORe":1,"bQGBPGJIMADXDcVVPePHYYfPHe":1,"IZdFSAPVFfSOVHJaMEATKe":1,"ZOMTXEUDdQbHVEZYUaNZAZOHNBJOTXNAFBOUTUKUDfAMO":1,"XdKYEaEVTNeNcJPEcObECELHNBOSOJNET":3,"NAFQdGFEYKcbJVaYHSKUAZJAUbcARJcQAGO":1,"PcJJZGafIRVVSCZC":1,"NAFQCJWZUbXeCFNZFEZaHRdMDMSAFET":1,"ZcSIcceNSEYKDYWEIFPGUfSVGPQQCXHe":1,"HWAFYTbVYOIOWAUC":1,"ZdfbDBXSCFPCWOXaZPfYeHUHOBNHC":1,"OOIBTVXMAcZEWMMOOdbEWaHePLSIRLT":1,"IZbREZVPTLKGBfWKcBcaMEAbaTaTaET":1,"HWAFYSGPcVDZBTUbERVNUESGQCdeBVOSWe":1,"bLTQHUNWARfeSAAECNdHJeaILYJO":1,"OMHMbBLKBRJVBGVPLRQKe":1,"cCEaLMJXbJZbQLOLOLMO":1,"aXTfHAEDdUJFUFcUKMBKVZMYCISIBBO":1,"HWAFNPIFddWPPKFLFLNKe":1,"OOIBTVXMAcZEAHYcTEfWe":1,"NAFLeOeJOMeXPQeNCGVfSCMeDDae":1,"AEAFPQXRaeZCLDbUTPOfFRWXFZEVC":1,"BIUJLMJVfNafMUfBFGFOAIEcVIZdRRT":1,"eDXJNSacQSSPXPRQMbHAcLRfdAMTXEUDae":1,"UaDaBAdLeVRfXPRQIbNAURAfPVT":1,"cCcCcCFZdOaBMWQUIZDHTIcPWIXC":1,"fXGWdUDGNKJXcGBeDdeFCYAOIBZMZC":1,"VVOcdLeLWCGTLSdMWSOZEdHOUKe":1,"HMeCJHAVXSADORMTfFTdYVPEQDENDdNC":1,"fTZaTaTaBYNZSBJIREVSGDMSdC":1,"PPXGSCZFRURURNHPZAWe":2,"HWAFYBfPDBEDHIWDbKIdDZBHRXMJGET":1,"aXTfHAEDISIBTVZMYCBBLXOLATZdSfbCaceeRAcMcWe":1,"PPXGWPHDDZdSdBTWeWGVUO":1,"OaaKLZfefIMLefBcdCBTFHZRTYC":1,"aXfGEbfFRURURYAFHSdIeZNYO":4,"GCSXHHVQIZDFJNLcOdHKLYZWdKYaFPeNWOEXKQLNJC":1,"bLEBBVYUBUAZNdMAZdJAINRe":1,"INLcSaERMJDJFFKFZEHe":1,"OOGbOTdKNKNKPeYTWTUHDFbWHDCSVWe":1,"ZdLNKPQFAeDHRQRFHT":1,"OMIZdJNQcBBMHO":1,"NAFQVUNOdOKBBIUJLMFefPZEfKFWWfaGO":1,"HBOAIEcOGdCMOKe":1,"eEBZSYTAeALFePNBacHOdNTWZHT":1,"HWAFYEPMWIdfYeCIObTae":1,"HWAFNRYWLQOSRSCReeRe":1,"NQEDBcRJFBESWMXCEC":2,"ZcSIcceNRXSTQLeZdSPINUdNPIHe":1,"BIUJLMFPAACJWMdIKdFHaO":1,"YTTHbXeeVeCFZAcbRbROfLMVNZTMPIMbIZDFDORMTfLT":1,"febdSANFRWdNHIQJbYROKe":1,"ABVYUNNZVPXPLSdMWGMOIaMEAbKMPAfWe":1,"HCZVFaNZXCbYPTBVYScXQOVWe":1,"IZALOLOLOCDOHJPVCMILEEBXe":1,"HWAFYWMdICXBNSYSBNaKe":1,"HINZJLeUXSaZbdKNKNKPJdBJOTXNORe":1,"HWAFYBEYFbYOdPACLO":1,"eDSdUfYPQBcYZNMdbDcbOLRe":1,"OLGZUTPOOOCaJebTZWKNYT":1,"YTBeWfCDVAUVKfBLWeDZQNUTEYMO":1,"bLERMTGDCDHDbfGYUXdOMYaNfLTRe":1,"HWAFYWMdCCTQOZaDJPae":1,"cQZJALOdeEEBFfZLMYWbMRAOAcEUWPHDDWe":1,"cCHObBYQfBNSWTDIPPQFFcSaXYRGMOOIBBO":1,"HWAFYTfeZLHaO":1,"TfNZeFcCJeaILYDXeLfZfLT":1,"OaaKLRXFKOOSZDQXKCQMWWEYcZGO":1,"AEUaYPZHSQFUUHSUebQTZOUdTC":1,"dLcXJeITPVNeJMBZbeKRRT":1,"YTcEAJDTbAMITKe":1,"NAFLeOeJHVNTPeVZAHGaCGbbNZJFJadKbCTEQCZFbNXGDJae":1,"TeCOeJcCOTKBMEWLWXAEPfeZDaGaCGbbHe":1,"PWBJfbHXSceIabPOZRTeCIFHXCbfZVO":1,"HWAFYTfbacWXT":1,"HWAFNJbaOLPYKDcdSJXOTEdaWYO":1,"HWAFYDEZREeJIRBcVScbBNLPIHfSbfZALMO":1,"ABVYUaXEbQFHePLSIRFaRDPHe":1,"HMbVZMYCOeVKGcERQTfWcYTET":1,"HMbOCaJeaJERObWNWe":1,"NAREDMJaAQLOebQAESPBDOLWBOfKYIIBcVKDSET":1,"IZVBETWRGEAJbARTKeePUcedJHBVUC":1,"ELSXHWXWEHDDDSeONOXT":1,"YdXfdKNKNKZUTPTQTUMKPREFcEBYJO":1,"NVNZWUaMZXRURNeJMBYGaePTWEUOaaKRe":1,"aXbSbcOQQVWXdBGZXeYBBVYYT":1,"ELSXPeJIPQJQVVdNZTeCFEDYcHVPHAHUHe":1,"eDSdUbZRNWBOfWVWNYO":1,"IZALOLOLOCDOHJPBJXBHAPFPMdFO":1,"eEBZDEQdASUTbWeDZQNUaNSVRaUFIMNFcKfbHJLHFJO":1,"AdZZMQMLSWdRdJceBeWe":1,"IZdHUYWESdMWWHDCSVZXdGVDZSdSUWDbIUOYSIUC":1,"bQGBVIZdRJGINYTFIYaXROZdHUNcHe":1,"IZVBEHbVFfFeNDYTUET":1,"TZUfIFOcIYUIKPSCPEQeLVZQLNJcCWcYUcO":1,"NAFQOCUcLYANAadVeKZDYBLcOcOIIeSGTIKdFHaO":1,"fefSKeESCOONdPGKNSCMHVPHALOLOLMO":1,"HMbdJOPFNLcGKXCKZWNWe":1,"AEAFPDGYWEYcZbdBRXZXe":1,"YTBUIHOdVLBLBGVPQWIbdPXILMUC":1,"fXGWdJHBHVPHAYRKZZAXZLO":1,"HCZVFaNPBePYXeeBGXGOcbNXGDJae":1,"NAFQCJWZUfKIUSBGcCCWAOZEVC":1,"bOcGcCEaLMJeVPDdCATWPHDDWe":1,"cCcCcCDPCDCcACOJOMYPNdeBVOSWe":1,"HMbVVGBadQAQIZbWNWe":1,"aWQOcYTBTLEVDERdafNZFeeSdPXMPPWfZXRT":1,"HMbVAbcKfRPWXKfBKdHUHe":1,"cCEaLMRSLTSJEHbCGVKe":1,"eDUEcBIUJLMDPdWZIXXcffHHAcZMC":1,"NAFLeOeJOMOLZWDTPPFMLaDORTNJPBDdPIdJBZfUNLT":1,"HOdCLVXcNNDdONTYVOdQeRHfEIEYIbJfEJO":1,"OMaXaePLSIRSHT":1,"aWQOcYTBbJfEDVacDdQeRHfMFEFGO":1,"bQGBVIZdRJGINYTFIYaXROZEPYKDcdC":1,"HWAFYbIeIPNQBDVRGCMRXZXe":3,"OMHMbdQPeXIUEBFXBeVYZIUONSQecLUTBYKe":1,"NQEDAURAfPMVMIHVHYQSUPVTNSHNYO":1,"HCZVFaNPKGUJeaILYJO":1,"AZNdAYbeDUPDIUNZcNRbDbeQMITfdAHLT":1,"NAFLfOdASUTbRSYEVJDTKe":1,"OMTVBENNRYXcCHHRHbENHKKAGVT":1,"NAREFacTTNAIBaFOXT":1,"AEUaYPZZGbdEKQRVJcQYIMdUTSDPCJWXe":2,"cCPeYGIZSIeDUbRJCZaePXe":1,"eWHJdAQTEfEITNPffYSYNBYTET":1,"ODREBdZWTQCGVTaWeVHJefOBMXT":1,"NADPFBbSFcFXeUNZWPPLbSIPRLXe":1,"aWHMVKbTBPAAMFMZVAKLZWNWe":2,"fdJcVSdMWZBNaINKVTKe":1,"OMYdVNNRbGADDBDOLEPBPUJcXe":1,"HWAFYNFIYJKVSSVWe":2,"dOXKfQFAeJQFbJIVO":1,"PPXGSCZFRURURNLVBHVRVKaMUHGeFZBQIO":1,"YdXfMTXEUDdeOYSCaIfWcACVVLZPecOEO":1,"HWAFYBfPDBEDHIWDbKIdDZBAeScNVBUKcKe":1,"GCSXHHVQIZDFJNLcOdZSAcJHDFXXccBPKe":1,"YdXfdKNKNKHUSBAPBRYcFITC":1,"AEAFZdTYMIaYfPHZVUfCRe":1,"dLcXJeITPMObOVKGaFEJKaEHT":1,"BCVLBQFeaSGMWZNAOOMNXC":1,"bQGBIUeBAHUZeWNZJKbIYUNfSeVSTdTUC":1,"HMbOKNIUALcGKMFdHUHe":1,"eDSdUfNDJEFVWITRfSCMeRT":1,"NVNZYeJBBYZUeQKBBTZMcET":2,"HMGLLBLcMMeHGFceEDJIaYbIUONSQecLUBO":1,"NADPFBbSFcFXeUNZWPPLRENZFfBJfBMXT":1,"HMbdGFdKAcQJFfHPSOeKe":1,"AdZZBJOTXNOQZJFJadMXbIPRaO":2,"PcVFHMPaSdIeZNNAFLWEPYKDcdDDSTSEQGO":1,"HMbVZVCGCcYTET":1,"aXTfHAEDBOSOPRSAeUDUKVZFWbWOODPBFO":1,"HWAFNcLPLWITMSYNJUeAUCFcNcNKe":1,"eDSdUfMPSXZIUONSFTUQODPWAecDKORe":1,"YWYHaGfZOIZUEXODZJODKdCYO":1,"NAFQdGFEYKcbJVaQWBCYbSVbYSLbKAQGGLT":1,"cJZSIAGCbcLSbDaLSGDBXNEYT":1,"HWAFNeOYSGDMSCaIfXfQYT":1,"cCHObMKdFEVbFZVGAZaePLSISWTPWIfcdVT":1,"BbePdKNKNKZUTPOHHWcZZBLZWVBGCccQRCMZC":1,"HZUaQRSeBcKHSYeGXT":1,"HWAFYDEZRdJfeVAXNLaUNQJTedPUcYO":1,"TZUfIICNCNKBTKXYPaGKTIbYO":1,"bLEBBVYUIZdDMcMdPFKFBOPdQVMSdaHMVHSGFO":1,"OMYTBaWQOcbFDaZDNFMYCeXe":1,"cCHObECVVDDORMTfFbRZFJGO":1,"HWAFYYNQTbVSGAWTWMRPQJO":1,"febdSANWBOfYSYNBMbfRKIMbABOfPGLKcZXe":1,"OVYPUQWIbAaLFSebUMeFLO":1,"AdPcRXUDDFXPSAGRHDC":1,"bdPBQRSINfAONWeDeRTLcffPFDUC":1,"NVNZWUATYZBaccNFZVSKBMWeJdFGNGae":1,"ABVYUIYBdOFVNZOXEHe":1,"BPHMAbFWPJfYYNJBCC":1,"eWfbadWIRcTAFfKDXNfIOXHbZNHC":1,"NAFLeOeJNAFLJPECVVDJYMBMJIeFHe":1,"NAZZIfQAZFLMTeECUJCaTTKIKdFHaO":1,"EUXPNMPXKWBFZVLBLafANUYO":1,"HMbVAbcdJXIIHTPMObWNWe":1,"IZBTdFPfBKSAELSXZWQFOLQDRCAGZGXWUJNQQdKBUPIMLZYIPfZET":1,"NAZZIfQAZFLMTeECUSDPAABGXIZLTKe":1,"BOebGRZUTVGUVHNPMEUXPNMZKWe":1,"cCHObMKdFEAQdOBfScdDRfBSdKNKNKWe":1,"BIUJLMDSWPaDMWXFZEVC":1,"fefSKeEFcIADWHCDUFYQXUZWPHDDWe":1,"YTBYNJXCceEDdEAXNJCVXVVUC":1,"eRYPHbcGRcHWVdCdfaefcVDZBNPbNKe":1,"YTTHbXeeVeCFZAcbRbROfLMVYAFWe":2,"NAFQVUNOdOKBBIUJLMFfVUUADDRHYTKe":1,"eEBZFJZeOQPPHFBddQSMaXdRT":1,"cCHObECVVDDORMTfFEIZEHaZVUbCBMNLVT":1,"eWfbWNPPPTJEPFWFQcdXUC":1,"HWAFYEEBVcPDIaSGabRbSFMLaUC":1,"NAFQCJWZUbGSRaPSZWeAQPHbQRfAZbaeKe":1,"HVUBYBBVYUfFdHMTafPXPRQEdeXe":1,"aWQOcEFeLHNVVJPALCHT":1,"HWAFNeOYSUaecfbEIEYXT":1,"ISSfYWZWREfWBQBTUfBUPHe":2,"eWfaQRAOAcEUFKYOeeIKdFHaO":1,"fXGWOIbLJHPLcSaERMJDC":1,"HWAJLGbbeLbIeIPYBAFBVFTUZSdcDZVAMO":1,"BOeaGSSFBKROQSfPAdGUIRfVNPaXbBDORMTfLT":1,"HWAFNeOYSfXOEIYZEDNMfXLMEO":1,"aWQOcYTBVMXNPXPRLO":1,"ODREGHXFZPeZYSHIfDWQIORe":1,"TZUfdbYfTQULATZdSGWUFRURURHe":1,"aXTfHAEDBOSMbYdOBZHFHMPdTUC":1,"OAZOXHHZSOBQeEePQYT":1,"IZVBETWRGMMfEDdeZOHeYHe":1,"YWYHaUWPHDDPCbJODKPIPODWe":1,"PUTCDCcBUacEfBaUEIQJBeaT":1,"HMeCJHAdKeWUEEOdXNWfNJOET":1,"HMbMYOdAURAfBfSXIOCARSTRTfIZbWNWe":1,"HMbdDJXcMKAaFYNLWLdNHWTRTfIZfQPBOFO":1,"aXbSbcBUcJaRMSAdRTUcCcCcCC":1,"eDUdGVdNMKQKDJIOAIEcVIZdRRT":1,"dLcXJeITPMObDSDYPVIRPRe":1,"eWfCDBOSVIHQcaMEAbXcTCaIbSXT":2,"ZOBJZGTUWfaYYfPYTbGNEVdZOMO":1,"HMbBPMINPPKGUSCZC":1,"NAFQVUNOdOKBBIUJLMSKBZNdUDDFHJCdCIJRFHVFYTC":1,"dJQcIaOLBXe":1,"bLdLOLOLOdQeRHfCeYQCFeBAEXcBdHDMQPYO":1,"BCEQAeMZeEOHGZGbDYdaWeae":1,"HWAFYWLJWcWOTPeXe":1,"cCHObIVIADIBNGSdONbCNLOLOLMO":1,"aWQOcPcLHFDdKNKNKZGSRaPSZECEFSWe":2,"HMbBLKBRJVBGVPLRQKe":1,"GCQKEaAJDbPXKDfabSWUHbWPHDDWe":2,"OMNNSCZDEDdWSXePEaJPGAAQeHT":1,"febdSANSGDJQaCRbNZBUfJDVSKe":1,"aXbXDDZNPcRXWcDaHFBddQWbWOOC":1,"HWAFNeOYJXAadNONMOKe":1,"bLdLOLOLOTYVOVfLeVUcTAKVTQWUZbeKRJdPC":1,"fTPIMLPbTfBfAJEAHYGGET":1,"dLYHMRFeRLBBVYUTDXbEATZFPCSOONC":1,"NVNZYeJMEZCPXPRQdDSdAae":1,"OMeRQDSFLFZNAdBAFVNaLaETeDdWe":1,"BCdGNPcGZfdeQcUYSYHKJEWAQHFBAVPfC":1,"BCMdeLAbIBHXCbfZVO":1,"OOIBTBBLXOLXEOBTUSPJXCHT":1,"NAFQdGFEYKcbJVaQRSALZPIeANIHfCcMLaC":1,"ODREGZdaAYWXDHIcNQJBCC":2,"HMbIZJBANFMPQSTEDFaTbYBXe":1,"BIUJLMJVfNabXDCJSESbcGOIVNRXMFDFaT":1,"HMbVAANFTeSUbENHUHe":1,"HWAFYBfPDBdLEaBXe":1,"TeCOeJPQQBJLUUXVSfCSRBJNNfGPCDGHfYT":2,"GCLaYCKdFYFcCbNBOPVKFESTEYT":1,"INFdCDVZMYCAZbGcINNDaeKe":1,"HWAFNeOYFWUJNVPNFO":1,"cCHObVdBEUSPWRfQbDbEfXZQbC":1,"ODREWQcbdbfMHVTWRGNVBUKcTKe":1,"OMaFEcSOLBVYYdRT":1,"HWAFNeOYSBbQAJbcXCEC":1,"HWAJLGbbeLNJVJPZXAJIWRAQZfXILMUJINFeTXe":1,"HMbTYWeLJFBBaMEATbWNWe":1,"NAFLeOeJAdUKDbecMLaDBMdeOMWe":1,"NAFQCJWZUfJaAKDffSQRTWZBNHDFXXccBPKe":1,"aDMRDfUFFEPQBaYbTQFLGHOCUC":2,"HWAFNeOYSBVJSEFKXNJdUcOHT":1,"NAFLSDdcfeJJNWWNRJGdAFZfC":1,"BPHAfaRIMJRBHLdRTKeePeCdRbPYFJC":1,"OMNNSfCSRBDcNPbfVMDXAWEHVC":2,"NAREFacBLfPIHYKe":1,"HWAFNeOYSCaIbNfHZHT":1,"fEOMTDOOMNVLWPGGHWLUTMfXLMESGZeKKWe":1,"aWQOcHKdXdDPNDJdQJEcTeKHMeTC":1,"NAFLfOdASUTbDIdJcCJYOccCVDeKaNeWbXMbdRRT":1,"YNaXTaSdNBUYLMcXT":1,"HMbVacDNOdRSCXJNBOSMFMZNdCLYNZNZAGWe":1,"bLdHUNcbdQNcRbZEQDPJRWe":2,"aWQOcYTBbJfEDVacDdQeRHfVCMILaAFZKXe":1,"HOdCLVXcNNDdONINSQFSUCKVSVJPVT":1,"HWAFYRQfUUeDUfeSXfZdfVCMFDSFSWe":1,"HWAFYHVRFeRLeNGTOJERXLMLFSWe":1,"ODREBdFCSDWLKTPBXLAHSLdaRO":1,"aWQOcYTBNLJPSePVCMIRe":1,"BCdGNePeEBAcUYNTQWe":1,"PPXGSCZWaZXbSYbQMUPNZFZeaPRe":1,"adUAAdCYcPSBVHSCGVbaORe":1,"HWAFNWTCUZZOeGDdKFBKIBFBEEEJHO":1,"AdeKbOTdfdRMebfSPHIcNLRIGLT":1,"cCHObdGUKCMedEKRbdPfIVXBPKASYeJcCcCcCC":1,"fEOMfdbQdRIYdXFNPIITfDHCOLcO":1,"NVNZYeJGdAFZfWHSVCHCTeVUbQWe":1,"ODRETYeYCNOSHeCXQcaNYCLUSUZLFcFJdRKe":1,"TeCOeJPQPIFdCACfXPRLO":1,"bQGBVIZdRJBCJLWRHZGSNCDWOOC":1,"VVOcTRYZLWZWORTeCISUZEYYEO":1,"bQGBVIZdRJBCJLWRHZGSNMTXEUDae":1,"GCLaYCKdFYFcCbNBOPVKFESTEUOOIBBO":1,"HWAFYDEZRdJaWYfTRe":1,"TAeObWXFZEVDAQOAdZJScUC":1,"HWAFNRYWMVbXEQJaVWMDHe":1,"dLcXJeITPMObDQKIUC":1,"INLGPZPFBFKcFYdJVIQYfACLO":2,"BHDTJdReLLCBLZBeMbFMOFIbeDUHYKe":1,"cCHObMKdFEVRVVPKLZZVCMISLDTLZOXJOOIBBO":1,"cCHObTPeAREDRETWcfTOQKFUPTLKGBfC":1,"IZVTWRGaDKTSAaaVYYSPIDUPOBNTBdVPGFYEQKe":1,"VVOcMKMBYNFPdNYKFFTNOUbYfIYOHSedFLKIO":1,"bQbYWXFZEVWKMTUBNADPFEfbCDWOOC":2,"NaMPOUbAKeWJafdOLYdTWObYNYUO":1,"YTBbdHbdDEDBcfdFOKTBNHC":1,"bPFYTBMWOOVZMYCIXQeMEbaO":2,"eEBPBJFJZeOQPBOBTUWTNUC":1,"YTBYNJXCcNGEcHZFGLNZZTDCeMJYGIeKe":1,"YNaXTbXALKFTCWTUTZALSIWe":1,"ABVYUNAQGPQZZJRZaKe":1,"ZCaDMSGOHBTDOOMYTBaDMC":1,"bQGBANdSSFHPLPBQGMcNBOFO":1,"cCHObXKeNJAbIeWHQWPHDDWe":1,"OOIBTVXINLcMYNaXTfMZKPHOUKe":1,"bQGBPZdOWcaTJPabSWUHbWPHDDWe":2,"HWAFYRKGCfeZBNUcO":1,"HMbMdIXdfdTRKdSDeSeZBOFO":1,"HBAdWABTXNPUZaeUFDQYT":1,"UYIVaVbMVYNFPdNYKFFaMEAKe":1,"fefdLWEYQGXYIeBZSJOEIKZBACHBRaeKVVCLT":1,"NVNZWUBIUJLMJIAMdbDcbSTUXSaZbMOKe":2,"NAFQCJWZUaYJKSECYBZSBVNRXMFDFaT":1,"aWQOcYTBOOIBTBRfefWcYRfLVT":1,"eWITPOKSKBZNVVbcOAIEcNVFCHC":1,"dDfPJcbWEYANAadTDCaNUUDeQcJUXO":1,"YdXfdKNKNKPZZWLKVHNTXaJNAFfQXT":1,"BCTHeUAFfffXMPLVJGKTJVJBBPbBfC":1,"aWQOcTEYDCMYWfDdMaRIScdeUKe":1,"YdXfdKNKNKPZPVAecNfEHLeNBLFfZWLKVHYO":1,"fefdLWEBHVCFYGORNXWUIaaOae":1,"OMNNSCZWBZcZbSTBPMaMdAPVFfC":1,"UBKeJOMfFdHMbLYBUJcbTdDIXAeMdMSBFOEIEYXT":1,"NAFQQAFJZeOQZREKdZCJVcTC":1,"INLGPfECIAaKLHPPYHDESeRQFKYOeUO":1,"OOGbCDOTAZAdFcEEHJebAHYfWZJae":1,"YTBIZERWfbYXMPBUDLC":1,"YTTHbXeeVeCFZAcbRbROfLMVNRHe":1,"HKBAEBBZRFZBBTcO":1,"cQPHbcGRccQYIMdUfEJMFbFUIVTESMCC":1,"eDSdUbUOADfSUdfZeeELSEO":1,"cCHObMKdFEVRVVPKLZZVCMISLUDZSedLOLOLMO":1,"eUFJZVacKdZJVVUDORMTfLT":1,"MRLLLZcVXGXBONSLT":1,"ABVYUYNaXTfXAPEeNSBedFeWKUVHe":1,"IZVTWRGdJMTRILYYSPIDUPOET":1,"aWQOcYTBACKbCQMQRe":1,"eEBZFJZeOQPTJAAdbGIeFfMcCTPFeZKUIWcaICNRGLT":1,"UETTJbZWMZfPGOaYdBGQIZMO":2,"cCcCcCFLFHaZFdGdfTIEBFUINHC":1,"eWffHbcGRcTeCYbeFbINfHIDJNMTKe":1,"HWAFYYYRKGCaRXLMLRSUPRe":1,"UaDELaBWPVCBGWcOCfWPcC":1,"bLTLSHIfDSfdFSSBHHGGZWNWe":1,"YTBaXEbQFPIEEBBcFPIWJbHFRT":1,"HBISNFZFEUXPNMPKUGO":1,"YWYHaGfZOIZIVSEQUEQERZYGGeTC":2,"eRYPHdZcSBdLHXSGdNJeaILYJO":1,"YTTHbXeeVJWcWPaDMWOMHTcNSDEWCAWdPZKe":1,"eDSdUbJARGZaaNRaO":1,"fTJXNCSLFJZZVCBOPQORHe":1,"aXTfHAEDISIBTBBLXOQWBObbObSVHLeNBLLT":2,"aWQOcYTBHBTLEVDERdafNZFeeSdPXMPPWfZXRT":1,"BCEQAeMZeEOHGZGbDYDaKLITRe":1,"fefSKeEDWHCJZARebJXGePCOdLZaTaTaET":1,"YLXASfBPbdFDBPVOaDUC":1,"HMbVVGeDaZXOTJBETLISOSCZC":1,"HHYPFOWPHDDZFUdJVEFASOdICFHUeUae":1,"OOIBTVXINLcMZNEdZAGBfTKe":1,"BCdGNRAZYGccEbeTLaAFZKAUdRXMFDFaT":1,"AEAFPKIJSHXdRT":1,"eWHMcCcCcCSKBZXYRVceNMGBDNJeQDYBC":1,"PPXGSCZFCFcCZVdcSQBKQKe":1,"fTZaTaTaBfFdHMAZfeGEEC":1,"PcJDDJZGOXT":1,"PPXGSCZFGGYDVZNMPHVC":2,"dLYHMRFeRLeMXFZdTYMIbYTTNZObbC":1,"fTZaTaTaBAZTbYCTWZHT":1,"INFdBOSTPeVcDHBYAZERMC":1,"aaOCZFRYNYaKEeUOHSeEHNPVT":1,"ODRESfPeSEYHbAeaWNZCTALVT":1,"HWAFNRNHWMSXe":1,"fefSKeEFKMBKEOcYRISUaPZdMcCcCcCC":1,"BCOEfSPMHTcYTBGdAFUKKPdAHFOUTBSSWe":1,"TWBBeJYTBGaWXCFafEJPAXZQIKdFHaO":1,"PPXGSCZWPHDDZWDFbC":2,"NAFLeOeJOQeOYFCRFZMbYWMPSYaET":1,"IZVGHeCXLJTVFbXUCeeDNQUZARYfYO":1,"BHDTJdRNcfeJFQbMWeDZQNUaMEAKe":1,"HMbTYWeLJFaMEAfabSWEWZWNWe":1,"OLBEJVIcVOXT":1,"cCHObMKdFEVRVVPKLZZVCMISLUDZSeEBBVYYT":1,"YdXfCDWOOWNEaUPfSCMeJECBLeENKe":2,"NVFVcfTbdNNSYHXTOJDNFIaUJdDBKWPHDDWe":1,"YdXfCDWOOSCaIfWcUXWAcbEDGXe":1,"dLcXJeITPMObDSDHe":1,"eDSdUbKHfGBeTC":1,"HCZOKTfGCaNPHcXdKYEGHNfLae":1,"cQPHbcGRcEfFbaBYWEIFYbdbVfHPdMcQYIMdUPTHT":1,"OOIBTBGPfBKSOHYYIBPNFMYCeVPfC":1,"aWQOcOOIBTdQeRHfEXNUGUSHMaLMJYJbVWe":1,"OLZfebIYBFRZIAKLBJbQGWSVOZGBaeacWXT":1,"ODREBBVYUOLYeRODWITaNFEBYJO":1,"HWAFYWQJJSVHFAUVcIO":1,"HMbXLQAFRGEMEaXGbRbBOFO":1,"OMTVBENNFZFJFRLRGO":1,"YdXfMTXEUDdHcXJEBSRVfBJZVcWCTZQWe":1,"EUXPNMHfLebbMHSWedNDeQfYUXVaKBIecO":1,"cCHObdRdJJXCcaWQOcNNOaUALOLOLMO":1,"IZBTdFPfBKSAELSXPCbXbSYbcQcDKZVFRTKe":1,"HVUBYBBVYUMMfEFQTXWDTJKDKaT":1,"VOffSLYANAadKBFPTcAATIMZMTWGO":1,"OMGfHOUbeKKPXKNdKVWMDNPIHAdLVC":1,"cCHObONdPbIZFbYSfDcfFdHMbNXGDJdLOLOLMO":1,"aaMLFXLYSfDcHaZFYWEIFNVBUKcKe":1,"HWAFYTaYbZNHT":1,"HWAFYRKGCbGNMQMLPSCTaMO":2,"NAFLeOeJOLcLcDMbZfFccRVT":1,"aXTfOFJZMYeKTcABVYUHTQZTQUERBdSMHBaWQOHT":2,"cCHObTULHfAFFQZcVIZdRJOOIBBO":1,"IZbREZVPTLKGBfDeHeIeNJVEVC":1,"aXBNTfUWRFMeJAETfACQCALZUEXODPCcVIZdRRT":1,"YdXfMOaYYfPNFfQIYWYHKe":1,"OATBaYHHHUSFKCTPROET":1,"BPHAUbWNZXGOXUSHXT":1,"OTfdASFMNbQMdCNETWeZLO":1,"YdAeYdHWNOTMeAZcGcZUbSBLXe":1,"HWAFNeOYDUMAPYXMHO":1,"aWQOcYTBbJfEDELHfNEIEYXT":1,"HWAFYSGZXbTYC":1,"cCHObEfEITNPfbeQMITaSdFaLbFDXFZMIcCcCcCC":1,"NVNZWUATYZBZNVQZVTDdPfPPFPWe":1,"NAFLeOeJOMOLZWDTPPFMLaDORTNJPBDdWe":2,"TVLLUbELBbFDNCKBUYLAIO":1,"fXGWCafXJKDKaT":1,"HMbOOTWVdNHWTRTfIZbedSHfeRbEfKFWUC":1,"NReaHfUEYYPOCXDOET":1,"TWULDEZREHDWNZTLZBeMcQYIMdUAZdJAINRe":1,"IZVBEEEJPMZeFTWePWe":1,"fefSKeEFcIADWHCDUFYQXUZFRURURHe":1,"aXTbSFYTBHMHHVbReIYBBVYUYNaXfLSKDBMdeVaAFZKXe":1,"TfNZeFOBcDZDDUZeXT":1,"XdKYEaEVTNeNcJZWNHRbAMSEJCLfZYPXPRQEDaORe":1,"NAFQCJWZUbEXROEccQYIMdUTWfbGQDaYKe":1,"HMbVZVCGCcOOIBBO":1,"TWUQQbHVEZNePeEBVHDWNZGSRaPSZbXEIZBGaWXCFafae":1,"AEHAFPRFRURURYZVZWDWEbYbOWBcaKBGO":1,"MCIAFKKHYYfPNQAJLHFDdUUC":2,"aXbISHcAaPdAHFeMbFDaPKIC":1,"MRLQeIJDORMTfFOOIBTdLXbWe":1,"HWAFYWdPKeEeWXe":1,"aWQOcYTBOTfdASFbLYUbQHQHDDWe":1,"HWAFYDEZRdZbVeUZDYbIeIdKWFHcKdZJVVWAUC":1,"NVSGHKLOWWbBYOWEaXCfAMO":1,"HOdIICNBUPFDUSUICFceHEVFKMBKAPVFfC":1,"eRYZDYDYOIKdFHfVfFfZdOUcO":1,"GfHOUbeKKPXKNdKVWMDNPIHAdLVC":1,"OMHBABKHUcKPebBGZUdcCGZMWcbTFNeKe":1,"YdXfdKNKNKHUScWaPCUHMHeIWC":1,"TeCOeJePEJBMCCdGNROZdRJOcIYUNALOdPTDBSMDRXQHUHe":2,"GCSXHHVQIZDFJNLcOdZeYSSETYcbWEfZXXddOERe":1,"NAREDMFXeSCNZWMVC":1,"INQQMJJHMVGRCfWSFULXcLfIMbIZDFDNCXO":1,"fTZdEYaSdNELZHDeFNZNFTUQODWe":2,"HWAFYdeRQdCYO":1,"fXGWdUSYZTNReKfaKAOOVT":1,"IZVTWRGTZECUDDJeVGTZVNWe":1,"BIUJLMFQTXWDTSVbXQSIZGPECHTeUNPGJNZWPaDMC":1,"TAeObJNGLTLRENZDMQPNdcCJJaaSLPQBTfUIaNZXQYcO":1,"HWAFYBfPDBEDHIWDbKIdDZBXCEC":1,"cJUJDbfGYUXAUADbSMO":1,"HWACcMLaUJMFRTaWNcDfaNKe":1,"IZVGPVUfEDdeZOHeYHe":1,"BPHMAZTaHPeZBNUZMYXDcYEVfdZRO":1,"PWBJfbHXSceIbZRAbVcXdXDNEXKQLNJC":1,"cCcCcCDPCDCcfNYbOEYRAbYPbbTZWKNYT":1,"HWAFYTfbacWCcKbOFHe":1,"fTZaTaTaBYNZSINSQcaGKRRT":1,"HWAFNRYLJVDIDFKORe":1,"HCZANHDdLYJPCSIdTKeFHKZYDDOLBZTSWe":1,"HWAFNRNFSUCDBae":1,"IZBTdFPfBKSAELSXPYUFfDfeYAcOINGUZDMQPYO":1,"IZVBBVYUBUGKSGdSYO":1,"aWQOcYTBIZEVRNQcedPXPRLO":1,"AEAFSXZCTPMPMADDbddQHT":1,"cCHObTULHfAFFQZccWRBcCcCcCC":1,"eDSdUbKHQadTGJNBdIYBZJVcTC":1,"aXbSbcBUYWYHaRMSAdRTUcCcCcCC":1,"aWQOcYTBBKbVPFCWeDfBAKae":1,"eWfaIDJNMTabUHRbdFIKe":1,"OMNQEDIKELcNQKAENUEcDCacUO":1,"TDXbdLOLOLOCcTaJBHKZYQNTREWaEO":1,"OOIBTKMDNdEPDGYWHFfdQQXEScXQOVWe":1,"HWAFYRQTaNVbIeIPNJKe":2,"OOIBTBBLXOQcQBcPbZIVFGWfdTJbHT":1,"cQZJALOdeEEBFfZLMBUXCEWPHDDWe":1,"NAREFBCCUFFWeARfDRfEOLKe":1,"OMNNSCZSOGXCcZCBKeJbWPXXO":1,"eDSdUfPPART":1,"eDUdGVHMLMJdXMRfUWXFZEVC":1,"ABVYUaXAZfLdZGIGPZAWe":1,"OMNNSCZWDBTJXIIUIVBFAPYbIeIPHe":1,"HWAFNRTKeeZaWe":1,"eWHJdAQTEfEITNPffYSYNBdLHe":1,"bQGBVIZdRJVVPePPSHRReKe":1,"cCPeYGIZeVTNVQcfFKVbONebEWcDaWe":1,"AfPcCWbKMDNdEHXdRT":1,"bLTLSHIfDSfdFSSBHHGGPFDC":1,"HWAFNLOLOLOOAJeKZBfaNKe":1,"cCHObMKdFEVYQGXUGScOTVaAFZKXe":1,"bQEAHSGVTdWPBQGMZbeKRJdPWKPNET":1,"ZdZaYPZZGbAKXVGDPfQeFTcZJLCZBNcC":1,"aXTfHAEDBOSVZMYCBaFKbECHZfYCNHQJYNBaFKbdOSabcTBHYYfPHe":1,"bQGBVXGHVPHXe":1,"PcVFHMPaQHDDZECEQcLPLBGVPLeaHIKAHXe":1,"PPXGSCZWNTPFeZKUIJZTOeTWXFZEVC":1,"aXTaYYfPYLXSOeKe":1,"OMbMWcMdFRGbQfJNGLdDJIOUIC":2,"cCHObdRdJSfdQaRNFOSeDCJWMddKNKNKWe":1,"OaaKLecTYSHJAHTWTUZdaIOHT":1,"aXBNTaUWPWbdfAUdWVADaVYEO":1,"HMbBYYDdWQZQBOFO":1,"HWAFYPNLINBdICOXHe":1,"NVNZYeJGdAFZfFGEVSdVLT":1,"fefSCOJZfIZZRAbOORAZDTRODBNLaPEbBBcOOIBBO":1,"bLEBBVYUAZYIaWQIXe":1,"aWQOcYTBbdbDNDQVO":1,"HWAFYEEBAQTJPAcSfCSRBRT":1,"aXTfHAEDISIBTINLbeTLQSQZRO":1,"INLBdRAZUffECIAEKKUHAbINOffNcUUZabSXT":2,"YTBUIHOdAHFJcGEUcIJKXe":1,"cCHObdRdJSfdQaRNFOSeDCJWMdCDWOOC":1,"AdRYGMHOHNSBYQOSRKVfPENWCZVO":1,"bQGBVIZdRJVVPePPSHYYfPHe":1,"HMbCALZBYeRKTTWZcYTET":1,"HMbKAcQJFYDTeCFEDYcaMEAKe":2,"ZcSIcceNSEYKDYWEIFPGUfJIJUcO":1,"OMIZdFSXIHERdabCTHO":1,"ODREGZUTPAaNCWLUSIKFO":1,"YTBeWfCDEaJPGAAQecVKfBLWeDZQNUTEYMO":1,"YTBHMbEKBeWecNfEVSGFGZJESeHT":1,"HCZEIBSYPGTPdUFSbeCJEXcCHHQJbHFRT":1,"ABVYUaXAZfLdPcRXUJdFCDRTYC":1,"bQEWMdCPYLaALSGQCdBC":1,"AdZZBOSBaQDbXDOXC":1,"NAFQQAFJZeOQPeYTWTUPSCMeRT":1,"BOeaYYfPYNYHNPMMNIRHcEFeLHYO":1,"HWAFYRQYcNVDHZTdLTRe":1,"BHDTJdReLYOLEaMNcfAHHbfKe":1,"YLXASfBPbdFDOeecbXAKe":1,"VObdZZaBTYFGCeCVRJcTfMSPIeKTBHRAEIATXT":1,"HCZANHDdLYBEZOXGFDVCMILfPJaAKDKe":1,"cCHObVKKMadMUPXPRQBQMdBfDeLdEBJWPHDDWe":1,"OMTVBENNQASXVVFXdKYEaEVaETeDdHWNRHe":1,"fefSCOJZfIZZRAbTXTMNZeUNFPCNBEUXPNMWe":2,"aWQOcYTBbJfEDVacDdQeRHfAOZEVNET":1,"eDXJNSacQSSPXPRQMbHAcLRfdACDWOOC":1,"HWAFNQBJFJUEeRT":1,"NAREFcCcCcCDSJRNfaQOAZbfHfXe":1,"cCHObVKKMadMUPXPRQVLBQLOLOLMO":1,"GfHOUbeKKPHcVScZbeKRJdPC":1,"HWAFNLTLAYDNHOeWWGO":1},"r":{"fEOMeOSTIZJCNQOVTQFBNLJeKe":0,"aWQOcYTBeIfSeHO":0,"NAREFOLDaWcXIFYdXfMAWe":0,"HWAFNeOYSGDMDZdZeTDVLBRe":0,"NAREFOQeLPTVBNLTLJVFHT":0,"NAFLeOeJOOIBTEKZSVbYSLbKVDEZRdePeEBVJWcC":0,"cCHObTPeAeMJJfNQbHVEZYREHGWPHDDWe":0,"HWAFYHIEUXPNMWe":0,"ZOBOSKBZMJdDBKFaKdVceVbYANcGLAZdUUKe":0,"ZOBOSKBZMREYbdbEJeNYQbVceVbYANcGLAZdUUKe":0,"cQYIMdUTNOUbWNHYLFfAJYYeFEXO":0,"PPXGWPHDDZKCBPQCcTEYMO":0,"HWAJLGbbeLRcVWNIKLcEJWcJERXLMLFSUKTRdLCHT":0,"HWAFNeOYWKYVVMdddYMdMeeXe":0,"bPFTMGCVFPPKNAPcHMaXDORMTfLT":0,"NAREFOQeLPTVBNLTLdaWYO":0,"HWAFYFGeNBLScEXO":0,"fefSKeEFIMNJPdRfDRbaTaTaET":0,"HINZJLeUXSaZbdKNKNKZLWZHOfBRUDKe":0,"OLdaWELZQCDWOOC":0,"cCHObCaZHaSdFaLbFRKPXLEBBVYYT":0,"OMBKbVZAGDJZVePdJESDWe":0,"ABVYUNQJTeERXUFQcXCEC":0,"HWAFNeOYSVbXQFRWZXJNNVCLVUC":0,"HWAFNeOYDYEaNdNJKDKaT":0,"ZdZaYPZZGbESMQMLefNOSTUPICSSSXdHFEO":0,"aWQOcYTBABVYUEKCWNBOcaGPaXe":0,"YTTHbXeeVLDKZeVAZNdAYbQIdReLJWcC":0,"OLdaWELZQdKNKNKWe":0,"HINZJLeUXSaZbdKNKNKPZHSdINFPIWBHT":0,"cCHObCccQYIMdUTaJBBBMHO":0,"NAFLeOeJcCcCcCWNTRbAOdZWfBJfBZGPTcNHC":0,"eWHMbNXGDJdcSNDeMSPQQDVCUBPSdFDBCJRRIAfUUZaTaTaET":0,"HXedfUMRZWNHQHDDPIMLPDGYUFKMBKTVXBUPaMNKe":0,"eWHMbNXGDJdPIHAdLVBHVDEOONebEJKDKGcCcCcCC":0,"aXTfOFJZMYeKTcABVYUfFdHMPVWCGTQJQJET":0,"ZNTDVCDdPFCDJQaCRbNZBUbSQAbVET":0,"cCcCcCDPCDEOBXafEDNPbZYbeTSLQMALHGaAC":0,"cCHObdRdJWNBJZGWKZETTeMXCEWPHDDWe":0,"HWAFNLTLSPIDUPOET":0,"PZeQJTBJVedZTUSXRUdBaKDDKCDWOOC":0,"OAZOXHSdNECVVDJGOGbRWe":0,"eWfCDMeICKFNcfEEHFRT":0,"BPHOaBAZTabUBWSMTKe":0,"OAZOXPIMLebQfDbLITbTNTMJVdfUFVNaRe":0,"HMbICWCaePMZABQVT":0,"HWAFYTaFAUADZGNOHHWcZZMfXLMEO":0,"eWHMbNXGDJEdeRQTeCFEDeZVXZfAcbaTaTaET":0,"YNaXTbWNZeMNEceMdRYTYcbWaGO":0,"HWAJLGbbeLRcVJdDBKSGdACQdOTdTC":0,"HWAFNLdZCGRYbRSYO":0,"NAREFeDUfNeLLaAFZKXe":0,"BPHOaBaWQOcMMeMEADXKe":0,"aWQOcYTBTEYDMSAZDC":0,"HINZJLeUXSaZbdKNKNKPQfQOHT":0,"TWULFcSOZaTaTaBcQYIMdUELWdZXZTQQBC":0,"OOIBBQMALHYYfPNeOYRAOAcEUFLFTUbERVHe":0,"OOIBBQMALHYYfPNSYYfTULHfYO":0,"OOIBBQMALHYYfPYEMVbEICWBZEWaSEO":0,"HWAFYHIEJKaEHT":0,"aaMRYBENNQAJGOGYTLRQJRfRXe":0,"cCHObIPPQFFNcUWCZLIPALOLOLOBdIcUKVSESXAae":0,"INFddKNKNKHYPYYdbFDaeKe":0,"aXTfHAEDISIBTEIEYITeNJPRJdJKQXO":0,"aWQOcYTBGcYZBdIcZfDRXe":0,"aXTfOFJZMYeKTcABVYUaWQMdWKZGdTKEIVFcNRfDRKe":0,"aWQOcYTBABVYUaKFBfCeae":0,"aWQOcYTBOOIBTdMPBQGVT":0,"cCHObMPWAdFbXeZfWBZEWaSdCDWOOC":0,"YdXfCDWOOScUSAXKdcEIZTGSEJcBIfBYSGFO":0,"OAZOXPKSXPbNSNHRUeIBHAVO":0,"OAZOXHeCXLEdcSNDeMSWe":0,"cCGaYSddOEGcHNAEQfKCePBeZTPSeUFRURURHe":0,"TWULHJEfHUYbFDAVbBHMcO":0,"AEAFZGSRLGKVCMIQWSYC":0,"HWAFNeOYFFVNfeCIYYT":0,"aWQOcbJfEDBOSMKdFEAeRRYDEZREBBVYYT":0,"eDUaYDDOefRfMVMIAbFSBALOLOLMO":0,"aWQOcYTBOOIBTMXWHUSCNVAELXT":0,"eWfaYPXfQUESRbQfXRT":0,"bPFTMGCVFPPKNAPcHMaXWPHDDWe":0,"OOIBBQMALZJARGZaaNRfBYHe":0,"HMbCDWOOJGOGeMVOXT":0,"YdXfCDWOOWNECHTeUeaT":0,"HWAJLGbbeLRcVWNCCCGVaGeFZBQCBMRVC":0,"aWQOcYTBOOIBTCcMLaURARe":0,"NAFLeOeJAEHIOQLeKfWe":0,"TZUfCDWOODXaJPeTJLBWHZHT":0,"HWAFNRYLJVDXKe":0,"aWQOcbJfEDBOSMeeAFSUCKVeENKe":0,"YTBUIHOdTPeADYeNWSFDUVNaLBBVYYT":0,"HWAFYSGPRXe":0,"HINZJLeUXSaZbdKNKNKHUFXSBYQOWcfINKe":0,"OOIBBQMALPbfVbQXLQPaeKKe":0,"TZUfdKNKNKPeTcZVfTLScXQOVWe":0,"HWAFYYNQTbVSGAWTWMRPQDOJNET":0,"IZBTdFPfcCSAELSXZEfKFWSTGGFaNcZRVSOfCDEXT":0,"TDXbETfZHfLebbMIGDC":0,"cJHYPWZJEEZEBaRISHT":0,"YdXfdKNKNKZNTbJRXFNMKdSQbRBcSbSAcQWe":0,"cCHObdRdJSYeJaKBbVCMILaAFZKXe":0,"PcVFHMPbJARGPXAPEPYKDcdWPBcELWdZXZdNUNEIEBGPYSbC":0,"HMbVacDNOdRSCXJNBOSMUO":0,"NAREFBUONOHHWcZZVddOQbDZAPbKe":0,"cCHObdRdJDXaDJPdPPedLOLOLMO":0,"ZOCDKBZMREYbdbEJeNYQbVceVbYANcGLAZdUUKe":0,"cCHObdRdJJXRDVMDTEREHGURXZVBBVYYT":0,"HMbICWTFfFFNPbNKe":0,"IZVSFVTWRGfOSfAWDIcKe":0,"HWAFYHIYTdELT":0,"HINZJLeUXSaZbCDWOOJMSYZEINBKYO":0,"HZUaYZUTPEDRYYdIbYO":0,"cCHObdRdJDXaDJPdPPeEBBVYYT":0,"aWHMVKbTBPAAXTbdBcANKBYfBQJeLBBVYYT":0,"HWAFNeOYDXKe":0,"ABVYUYNaXTbXUCeeC":0,"aWHMVKbTBPAAdKLREcaNMFMZVAKLZWNWe":0,"NAREFOQFLFQPVT":0,"aaMRYBENNQADUMAPNHefKbAXDXKe":0,"OOIBBQMALHYYfPYeQSAdeMNKQdDfTLKGBfC":0,"TWUQPUAWQNMVYTBXOVVURDFKMBKIODdWe":0,"dLYHMRFeRQPcRWbdTYMIbXDOXC":0,"aaMRYBENNLZOedZSNMOBfC":0,"HWAFYTfJaAKDaFAUADZGNCURKIVUELae":0,"TfNZeFcCSHUKYaReKbQNPccObBdeQPXBcaRO":0,"fefSKeEFIMNJPdRfDRaYYfPHe":0,"OMIZdQbHGAXJKDKGHZUKe":0,"aWQOcYTBNbbLJeEdCVAZdUUKe":0,"VCTOFRURURYTfbacWCcYZMHBeZOEfSPMHTHT":0,"bPJAZNdAYbeDUZSQZXSMSeGEVUSZMSMGGTHHSOC":0,"OOIBBQMALHYYfPNeOYJLHFDIHcFITC":0,"OMBUVXFMNbQMdIbOCKe":0,"HZUaQSYeJPOKZeKSdJeQDYBC":0,"aXTfHAEDISIBTMMbYHFBddQC":0,"aXTfHAEDBOSISIBTIXIRcJIePYbECELbcZTTae":0,"NAREFOLTcAZdJAINRe":0,"PPXGWPHDDZKZKCBZdBdPWcDaWe":0,"YTBYNJXCcaWMGZCeNUSPFVWe":0,"HWAFNeOYDVJTWWCQSFafXe":0,"febdSAYUPHBAAKEBBVYYT":0,"BPHOaBaWQOcHMafOVLBQHKKAGVT":0,"HWAFYTabFIRZZBaSPTaFIacWXT":0,"NAFLeOeJOMEKCccTRLHe":0,"PcVFHMPbJARGPXAPEAEBLRSdSZHO":0,"YPNTUTZCWMMCFRBZIVFGWfdTUWBZcaMEATKe":0,"aWQOcYTBTEYDXGDSMSAZDC":0,"HWAFYTbGfeVTJALWQIXe":0,"aWQOcbJfEDBOSMKdFEAeRRYDEZRdLOLOLMO":0,"VCTOWPHDDHUJFWQIOQPFdRNeFBHDTJdReRe":0,"cQYIMdUTNOUbWNHYLFaUSfIFTWAJYYeFEXO":0,"HMbIKELcHOGZWFaYZGNTDICRO":0,"PeYGIHRIZWNPKSXHPeDUfIAAMRaYSUFUXe":0,"HWAFYTfCaSYeGIeMOeBRe":0,"HWAFYEEBVFJYbTDCHT":0,"HMbIKELcMRbBYWKAUVWSSIVeYRAbfSPWSSIAUKNVbdEKKBOFO":0,"BHDTJdReLAUeASHLUXe":0,"dLYHMRFeRLBBVYUHSCLREHGUSUZYEWBebfFVbIFZaaLT":0,"OOIBBQMALZWdQESEJCLfPYSbC":0,"cCHObCaZHaSdFaLbFRKPXLdLOLOLMO":0,"aXTfOFJZMYeKTcABVYUaWQMGcVNRebC":0,"cCGaYSddGFdMFFERTPZMNDDDeCRIPAUFRURURHe":0,"cCcCcCJXCSbcfFdHMTcZJFOHHAVKSYJdUDEYIKe":0,"HWAFYTbVFGLRWSSEJPVWSCZC":0,"cCGaYSddOEGcHNAEQfKCePBeZTPSeUWPHDDWe":0,"eWHMbNXGDJdcSbSFSZNaSLAZWAcC":0,"cCHObdKDLBDbMAZdJAINLTaYYfPHe":0,"cCHObdKDLBDbMAZdJAINLTbaTaTaET":0,"HWAFYAFPXILMWHJKPFYRKGCTaXdRT":0,"INFddKNKNKPCbeVZdXdDPTJBbcGcNEMO":0,"YTTHbXeeVJWcWPaDMWOMHTccTBLWCAWdPZKe":0,"cQYIMdUTNOUbWNHYLFfMPSXZDDUPRXe":0,"fefSCOJZfIZZRAbOOWTCUZceNGTODORMTfLT":0,"cCcCcCWPDYGGcQYIMdUTNOUfAJEXO":0,"aWQOcYTBNVSZCaZDdPLbbdMeAKaXYBBVYYT":0,"BKbVZWNZJFGbRdeFIbQbAdPMTAcHe":0,"aXTfHAEDEVHWEcTNSVbXQFRWZXJTZUFPTWHT":0,"NAFLeOeJYTBNAFQBcJMaMEAKe":0,"BecHXVIBOcNBMDSBGRNQHUHe":0,"TeCOeJePEJBMCCdGNROZdRJOcIYUNALOMDRXLEFDXGDSBOFO":0,"cQYIMdUTNOUbWNHYLFfAJUXWAcaYbDDUPRXe":0,"HWAFYAFPXILMWHFGEVUC":0,"eWfaQJVfYceDFbZNRTKeeHRbdFIKe":0,"cCHObCccQYIMdUTaJBBBMPdKNKNKWe":0,"BPHOaBAZTbXPKVYJWcSXVVQaWe":0,"HWAFYecGbRbEQMRYeWWBBO":0,"HINZJLeUXSaZbdKNKNKHFBddQDVcMLaC":0,"cCHObdRdJWNBJZGWKZETTeMXCEFRURURHe":0,"OAZOXHHHOdCYO":0,"ZOMPGfFdHMaMEAfGTJJbMFJQPYUbUKe":0,"cJPWZJEEZEBaRISHT":0,"HWAFYTaFAUADZGNOHHWcZZMTXEUDae":0,"OOIBTKBOMDZIBNDRMET":0,"HWAFNRYHXT":0,"HZUaYPMPSXZVYMO":0,"cCHObMPWAdFbXeZfWBZEWaSddKNKNKWe":0,"TZUfdKNKNKPRVfEeSPGOaYdYO":0,"aaOCZFVNaLJMEBUWCHcCbZXSZFNYDbEbeAGO":0,"IZVSFAeHHOBJbCMALC":0,"aWQOcabcRFYTBAZNdAYfIMOeaDFfdXUC":0,"ABVYUIYBdOFVYGUPTAeEJUC":0,"PcVJZTOeTFcSBebJTGWDAAQUYdOBeQPQIaGeFZBQCdKNKNKWe":0},"m":"UmFuZG9tSVYkc2RlIyh9YSYxVzxjGa3Dzs3mWAGVKbsZUaI7Id6ICkV5DmToI-idwodtP9XchWMuOoXfQck9MlwoS7VYmFntY0ezEHh57ZznrWA-W5UC_8gkR0XdVFV3SGrwuIw7nsoNRvJ3-NHO3Tt_qFcyX0ujGmWeL-EVLN1AvadQEdvY3NXtvzbxIbIQ7QNg0e2r0uQxQhUA9e7V4iMTJyMPsuu8Y9ZcNQYej-YQX-Vqn1qCz8TNIX2eE80lMYk9oWeDo1P8tzanKW0TOg","t":{"XdKYEaEVTNeNcJZWNHRbAMSEJCLfZYPXPRQEDaORe":1,"YdXfdKNKNKZNTbLSKHRbdFIKe":1,"eDSdUaSdFaLbFSMWdTXJbFbRILT":1,"YdXfdKNKNKZNTbJRXFNMKdSQbFfdOKVSBbQbC":1,"dLcXJeITPMObVcKYO":1,"TDXbETfZHfLebbMIGDC":1,"ZOOYDLXAdcCcdOOdDC":1,"HMeVKJeGMXNZQMeYJNNQeHT":1,"BHDTJdReLLCBLZBeMbFMOFIbeDUHYKe":5,"BPHAUbWNZXGOXUSHXT":1,"dLYHMRFeRQcDaIPaMNfQCcbNXGDJae":1,"YdXfdKNKNKZNTbJRXFNMKdSQbRBcSbSAcQWe":1,"BHDTJdReLGMeEcYPffcVDZBZMO":1,"EUXPNMHfLebbMHSWedNDeQfYUXVaKBIecO":13,"NLJZCEQMULaDAEKKSLcSEO":5,"VMITcZJLCZBfaNKe":11,"YdXfdKNKNKZNTfQDXIeIceIKdFHaO":1,"INLGHUDSJNQQdKBUPfECIAEcOHT":2,"TDXbdLOLOLOCcTaJBHKZYQNTREWaEO":139,"NVNZYeJBBYZUeQKBBTZMcET":1,"ISSfYWZWREfWBQBTUfBUPHe":1,"BHDTJdReQHUYYOLEaMYYXO":1,"BHDTJdReQHUYYOLEaMNSUC":1,"ZOBJZGDYeUaHBXLMSPRSQcfOEbMUO":1,"OAZOXPKSXZAGaaeUbDDJRWLXT":1,"HWAFYDEZRae":3,"YdXfdKNKNKZNTfVfdLaAFZKXe":1}};
var jst = {"YdXfdKNKNKZNTbLSKHRbdFIKe":1,"YdXfdKNKNKZNTbJRXFNMKdSQbRBcSbSAcQWe":0,"GfCDATBbLJbWRWEdTTcO":1,"YdXfdKNKNKZNTfQDXIeIceIKdFHaO":1,"THHSOJZTOeTFKMOaVRVKaMUHYbTLZBeMGKSaT":1,"BHDTJdReLGMeEcYPffcVDZBZMO":1,"YdXfdKNKNKZNTbJRXFNMKdSQbFfdOKVSBbQbC":1,"dLYHMRFeRQcDaIPaMNfQCcbNXGDJae":1,"BHDTJdReLLCBLZBeMbFMOFIbeDUHYKe":1,"YdXfdKNKNKZNTfVfdLaAFZKXe":1,"aDMWRfDSdWUUHfLebbMPAFFLKZLXJOfAdIUFZZcO":1,"aXbSbcBUYWYHaRMSAdRTUcCcCcCC":1};
var jsdt = {"dLYHMRFeRQcDaIPaMNfQCcbNXGDJae":1,"aDMWRfDSdWUUHfLebbMPAFFLKZLXJOfAdIUFZZcO":1,"BHDTJdReLLCBLZBeMbFMOFIbeDUHYKe":1,"YdXfdKNKNKZNTfVfdLaAFZKXe":1,"aXbSbcBUYWYHaRMSAdRTUcCcCcCC":1,"YdXfdKNKNKZNTbJRXFNMKdSQbFfdOKVSBbQbC":1,"YdXfdKNKNKZNTfQDXIeIceIKdFHaO":1,"THHSOJZTOeTFKMOaVRVKaMUHYbTLZBeMGKSaT":1,"BHDTJdReLGMeEcYPffcVDZBZMO":1,"YdXfdKNKNKZNTbLSKHRbdFIKe":1,"GfCDATBbLJbWRWEdTTcO":1};
booking.jst = jst;
booking.jsdt = jsdt;
booking.env.b_fragment_url_html = "/fragment.html";
booking.env.b_fragment_url_json = "/fragment.json";
booking.ensureNamespaceExists('affiliate');
booking.affiliate.platform = {
isHybrid: 0,
isCobrand: 0
};
booking.affiliate.settings = {
showSignUpPrompt: 0
};
booking.affiliate.variables = {
userLoggedIn: 0
};
booking.affiliate.params = {
destinationFinderSignUpPrompt: 0
};
</script>
<script nonce="Y346mIyU7Ic0W43">
(function(){
document.addEventListener('DOMContentLoaded', function(e) {
window._pxAppId = 'PXikKuL2RM';
setTimeout(function() {
var pxs = document.createElement('script');
pxs.crossOrigin = 'anonymous';
pxs.nonce = 'Y346mIyU7Ic0W43';
pxs.src = 'https://cf.bstatic.com/libs/perimeterx/px.v7.6.9.min.js';
document.head.appendChild(pxs);
}, 750);
});
}());
</script>
<script nonce="Y346mIyU7Ic0W43">
(function(){
var delayMs = 0;
document.addEventListener('DOMContentLoaded', function(e) {
setTimeout(function() {
var script = document.createElement('script');
script.nonce = 'Y346mIyU7Ic0W43';
script.src = '/87sduif98q3rijax';
script.async = true;
document.head.appendChild(script);
}, delayMs);
});
}());
</script>
<script type="text/javascript" nonce="Y346mIyU7Ic0W43">
window.cspViolationsCount = 0;
if ('SecurityPolicyViolationEvent' in window) {
document.addEventListener("securitypolicyviolation", (e) => {
if (navigator.userAgent.indexOf('Safari') != -1 && navigator.userAgent.indexOf('Chrome') == -1) {
window.cspViolationsCount++;
} else if (e.disposition === 'enforce') {
window.cspViolationsCount++;
}
});
}
</script>
<link nonce="Y346mIyU7Ic0W43" data-chunk="client" rel="stylesheet" href="https://cf.bstatic.com/psb/capla/static/css/client.21208861.css"><link nonce="Y346mIyU7Ic0W43" data-chunk="src-components-SearchBoxDesktopHorizontal-SearchBoxDesktopHorizontal" rel="stylesheet" href="https://cf.bstatic.com/psb/capla/static/css/3adb9e25.77e685cc.chunk.css"><link nonce="Y346mIyU7Ic0W43" data-chunk="src-components-BreadCrumbsDesktop-BreadCrumbsDesktop" rel="stylesheet" href="https://cf.bstatic.com/psb/capla/static/css/34f2af62.307cb874.chunk.css"><link nonce="Y346mIyU7Ic0W43" data-chunk="src-components-HeaderDesktop-HeaderDesktop" rel="stylesheet" href="https://cf.bstatic.com/psb/capla/static/css/fd1a5492.fa0b8bc7.chunk.css"><link nonce="Y346mIyU7Ic0W43" data-chunk="src-components-LeftColumnDesktop-LeftColumnDesktop" rel="stylesheet" href="https://cf.bstatic.com/psb/capla/static/css/b71e2dc8.ee8555aa.chunk.css"><link nonce="Y346mIyU7Ic0W43" data-chunk="src-components-PropertiesListDesktop-PropertiesListDesktop" rel="stylesheet" href="https://cf.bstatic.com/psb/capla/static/css/5ab48c7f.8714a7a6.chunk.css"><link nonce="Y346mIyU7Ic0W43" data-chunk="src-components-TripTypeRecommendations-TripTypeRecommendations" rel="stylesheet" href="https://cf.bstatic.com/psb/capla/static/css/64feba51.0f5c3aee.chunk.css"><link nonce="Y346mIyU7Ic0W43" data-chunk="src-components-SortersDropdown-SortersDropdown" rel="stylesheet" href="https://cf.bstatic.com/psb/capla/static/css/66212866.b234b82d.chunk.css"><link nonce="Y346mIyU7Ic0W43" data-chunk="bookingcom-web-shell-header-mfe-components-AccommodationHeader-SearchResultHeader" rel="stylesheet" href="https://cf.bstatic.com/psb/capla/static/css/d01efdaf.92aa361a.chunk.css"><link nonce="Y346mIyU7Ic0W43" data-chunk="src-components-GlobalAlerts-GlobalAlerts" rel="stylesheet" href="https://cf.bstatic.com/psb/capla/static/css/51308afc.967d267e.chunk.css"><link nonce="Y346mIyU7Ic0W43" data-chunk="src-components-PropertiesListMap-PropertiesListMap" rel="stylesheet" href="https://cf.bstatic.com/psb/capla/static/css/3c0c92a2.11919aed.chunk.css"><link nonce="Y346mIyU7Ic0W43" data-chunk="bookingcom-marketing-rewards-ui-web-components-RewardsBanner" rel="stylesheet" href="https://cf.bstatic.com/psb/capla/static/css/861a93b6.a07f4bce.chunk.css"><link nonce="Y346mIyU7Ic0W43" data-chunk="bookingcom-index-lp-web-mfe-components-WanderlistCarousel" rel="stylesheet" href="https://cf.bstatic.com/psb/capla/static/css/9b319ccc.74034a16.chunk.css"><link nonce="Y346mIyU7Ic0W43" data-chunk="bookingcom-survey-tracker-mfe-banner" rel="stylesheet" href="https://cf.bstatic.com/psb/capla/static/css/976086da.e5d316e4.chunk.css"><link nonce="Y346mIyU7Ic0W43" data-chunk="common-genius-patterns-GeniusOnboardingSheet-GeniusOnboardingSheet" rel="stylesheet" href="https://cf.bstatic.com/psb/capla/static/css/7eb49103.2ba13104.chunk.css"><link nonce="Y346mIyU7Ic0W43" data-chunk="bookingcom-index-lp-web-mfe-components-GeniusSignInSheet" rel="stylesheet" href="https://cf.bstatic.com/psb/capla/static/css/7e33f430.2ba13104.chunk.css">
</head>
<body
data-bui-theme="traveller-light"
id="b2searchresultsPage"
class="bookings2 b2 searchresults en lang_is_ltr header_reshuffle no_bg_img nobg user_center app_user_center sb_gradient_border b-sprite-3 ds-traveller-header lx_cwv_font_swap bigblue_std_sm bigblue_std_lg iconfont_is_loading  system-font iq-x-bar iq-x-bar-new ">
<div style="display:none;">Gog_sr_cc_less</div>
<div class="bypass_menu" tabindex="0">
<a href="#basiclayout" class="bui-list-item" tabindex="0">
<div class="bui-inline-container bui-inline-container--align bui-inline-container--size-small">
<div class="bui-inline-container__main">Skip to main content</div>
</div>
</a>
</div>
<script type="text/javascript" nonce="Y346mIyU7Ic0W43">
window.utag_data = {
site: 'bookings2',
stypeid: '1',
action: 'searchresults',
crt: '1',
fbp: '1',
exp1: '',
exp2: '0',
bem: '0',
bip: '0',
exp_rmkt_test: 'global_on',
exp_google_tag_manager: '1',
ns: '1',
nsc: '0',
famem: '-1',
famfn: '-1',
fampn: '-1',
gcem: '-1',
gcpn: '-1',
gwcur: '-1',
gwcuc: '-1',
rb: '1',
gst: '1',
fbqs: '',
sage: '0',
alev: '0',
atid: '',
atnm: '',
atnm_en: '',
pt_en: '',
biz_s: '2',
biz_p: '',
bo: '1',
browser: 'Unparsed',
browser_ver: '0',
bstage: '',
emksho: '1',
is_subscribed_to_newsletter: '',
genis: '',
glev: '',
n_b: '',
sid: '90259e8437c6096c4ee27fece820d9ea',
ui: '',
is_aid_mcc_level_tracked: '',
partner_channel_id: '3',
ttv: '',
ttv_uc: '',
p1: '0',
preferred_neighborhoods: [],
hotel_name: '',
channel_id: '3',
partner_id: '1',
ai: '304142',
tsmp: '1694773210',
adults: '2',
book_window: '',
children: '0',
district_name: '-1',
city_name: '-1',
region_name: '-1',
country_name: 'Philippines',
currency: 'USD',
date_in: '-1',
cul: '0',
mnns: '0',
date_out: '-1',
dayofwk: '-1',
depth: '1',
dest_type: '-1',
dest_id: '-1',
dest_cc: 'ph',
dest_ufi: '-1',
dest_name: 'Session Road',
hotel_count: '0',
hotel_id: '0',
hotel_id_list: '',
hr: '-1',
i1: '',
i2: '',
i3: '',
isfd: '',
isnl: '',
label: 'gen000nr-10CAQoggJCD2xhbmRtYXJrXzI2MTA2MEgzWARo7AGIAQGYATO4AQXIAQXYAQPoAQH4AQGIAgGoAgG4AtrfkKgGwAIB0gIkOWIzM2E5MTMtNDMwZC00YzZmLTg5Y2ItZmU2OWJjYjc3MDc02AIB4AIB',
language: 'en-us',
logged_in: '0',
nights: '-1',
cv: '-1',
ordv: '-1',
rooms: '1',
seed: 'a2kn21z2EYkhtdATET1Chg',
sid_dyna: '0065042fda04d9ee713a3731da7171c4f2_1694772000',
srord: '-1',
sub: '0',
ui_a: '1',
user_location: 'us',
cip: '181.66.151.1',
cua: 'appium/8.3.0 (selenium/4.12.1 (java windows))',
pid: '',
stid: '304142',
gaclientid: '',
bkng_cookie_identifier: 'UmFuZG9tSVYkc2RlIyh9YeXKWxo4vn0nm4EZBunhNeLPGT6mlJumLq_iLKZ7OkNP',
tag_cdn: 'tags.tiqcdn.com',
cspn: 'Y346mIyU7Ic0W43',
rmk_var: '-1',
rbda: '-1',
isnv: '1',
isrtv: '0',
israv: '0',
commaud: '-1'
};
window.dataLayer = [{
site: 'bookings2',
stypeid: '1',
action: 'searchresults',
crt: '1',
fbp: '1',
exp1: '',
exp2: '0',
bem: '0',
bip: '0',
exp_rmkt_test: 'global_on',
exp_google_tag_manager: '1',
ns: '1',
nsc: '0',
famem: '-1',
famfn: '-1',
fampn: '-1',
gcem: '-1',
gcpn: '-1',
gwcur: '-1',
gwcuc: '-1',
rb: '1',
gst: '1',
fbqs: '',
sage: '0',
alev: '0',
atid: '',
atnm: '',
atnm_en: '',
pt_en: '',
biz_s: '2',
biz_p: '',
bo: '1',
browser: 'Unparsed',
browser_ver: '0',
bstage: '',
emksho: '1',
is_subscribed_to_newsletter: '',
genis: '',
glev: '',
n_b: '',
sid: '90259e8437c6096c4ee27fece820d9ea',
ui: '',
is_aid_mcc_level_tracked: '',
partner_channel_id: '3',
ttv: '',
ttv_uc: '',
p1: '0',
preferred_neighborhoods: [],
hotel_name: '',
channel_id: '3',
partner_id: '1',
ai: '304142',
tsmp: '1694773210',
adults: '2',
book_window: '',
children: '0',
district_name: '-1',
city_name: '-1',
region_name: '-1',
country_name: 'Philippines',
currency: 'USD',
date_in: '-1',
cul: '0',
mnns: '0',
date_out: '-1',
dayofwk: '-1',
depth: '1',
dest_type: '-1',
dest_id: '-1',
dest_cc: 'ph',
dest_ufi: '-1',
dest_name: 'Session Road',
hotel_count: '0',
hotel_id: '0',
hotel_id_list: '',
hr: '-1',
i1: '',
i2: '',
i3: '',
isfd: '',
isnl: '',
label: 'gen000nr-10CAQoggJCD2xhbmRtYXJrXzI2MTA2MEgzWARo7AGIAQGYATO4AQXIAQXYAQPoAQH4AQGIAgGoAgG4AtrfkKgGwAIB0gIkOWIzM2E5MTMtNDMwZC00YzZmLTg5Y2ItZmU2OWJjYjc3MDc02AIB4AIB',
language: 'en-us',
logged_in: '0',
nights: '-1',
cv: '-1',
ordv: '-1',
rooms: '1',
seed: 'a2kn21z2EYkhtdATET1Chg',
sid_dyna: '0065042fda04d9ee713a3731da7171c4f2_1694772000',
srord: '-1',
sub: '0',
ui_a: '1',
user_location: 'us',
cip: '181.66.151.1',
cua: 'appium/8.3.0 (selenium/4.12.1 (java windows))',
pid: '',
stid: '304142',
gaclientid: '',
bkng_cookie_identifier: 'UmFuZG9tSVYkc2RlIyh9YeXKWxo4vn0nm4EZBunhNeLPGT6mlJumLq_iLKZ7OkNP',
tag_cdn: 'tags.tiqcdn.com',
cspn: 'Y346mIyU7Ic0W43',
rmk_var: '-1',
rbda: '-1',
isnv: '1',
isrtv: '0',
israv: '0',
commaud: '-1'
}] || window.dataLayer;
(function(a,b,c,d){
if (window.location.search.indexOf('gitlab_runner') > -1 || document.cookie.indexOf('gitlab_runner') > -1) return;
var w = window || {};
function loadTagContainer(){
if(B && B.et && B.et.stage) {
B.et.stage('aaTBNZZJRLESPIDNJC', 1);
B.et.stage('aaTBNZZJRLdQANAFQFaLESPIDNJC', 1);
B.et.stage('aaTBNZZJRLESPIDNJDPVBC', 1);
B.et.stage('aaTBNZZJRLESPIDNJDPVBC', 3);
}
(function(w,d,s,l,i){w[l]=w[l]||[];w[l].push({'gtm.start':
new Date().getTime(),event:'gtm.js'});var f=d.getElementsByTagName(s)[0],
j=d.createElement(s),dl=l!='dataLayer'?'&l='+l:'';j.nonce='Y346mIyU7Ic0W43';j.async=true;j.src=
'https://www.googletagmanager.com/gtm.js?id=GTM-5Q664QZ';f.parentNode.insertBefore(j,f);
})(window,document,'script','dataLayer', 'GTM-5Q664QZ');
};
if(w.addEventListener){
w.addEventListener('load', loadTagContainer, false);
} else if(w.attachEvent){
w.attachEvent('onload', loadTagContainer);
}
})();
</script>
<noscript><iframe src="https://www.googletagmanager.com/ns.html?id=GTM-5Q664QZ" height="0" width="0" style="display:none;visibility:hidden"></iframe></noscript>
<div data-capla-component-boundary="b-search-web-searchresults/TravellerHeader"><div class="web-shell-header-mfe" data-testid="web-shell-header-mfe"><header class=" b4ea8459d6"><nav class="c20fd9b542"><div class="f9966e6860"><div class="a945757098"><span data-testid="header-logo"><a data-testid="header-booking-logo" aria-label="Booking.com" href="https://www.booking.com/index.html" class="a83ed08757"><svg xmlns="http://www.w3.org/2000/svg" fill="none" viewBox="0 0 180 30"><path fill="#fff" d="M70.6 2.73999C70.602 2.19808 70.7646 1.66892 71.0673 1.21943C71.3701 0.769947 71.7993 0.420321 72.3007 0.214768C72.8021 0.00921437 73.3532 -0.0430342 73.8843 0.064629C74.4155 0.172292 74.9027 0.435032 75.2845 0.819622C75.6663 1.20421 75.9255 1.69338 76.0293 2.22527C76.133 2.75716 76.0768 3.30788 75.8676 3.80779C75.6584 4.3077 75.3056 4.73434 74.8539 5.03377C74.4022 5.3332 73.8719 5.49197 73.33 5.48999C72.9702 5.48868 72.6141 5.41651 72.2822 5.2776C71.9503 5.13869 71.649 4.93576 71.3955 4.6804C71.1419 4.42504 70.9412 4.12225 70.8047 3.78931C70.6683 3.45637 70.5987 3.09982 70.6 2.73999V2.73999ZM116.5 23.77C117.044 23.772 117.577 23.6124 118.031 23.3114C118.484 23.0104 118.838 22.5816 119.048 22.0793C119.257 21.577 119.313 21.0238 119.208 20.4897C119.103 19.9555 118.842 19.4646 118.458 19.079C118.074 18.6934 117.584 18.4305 117.05 18.3236C116.516 18.2167 115.963 18.2705 115.46 18.4784C114.957 18.6862 114.527 19.0387 114.224 19.4911C113.922 19.9436 113.76 20.4757 113.76 21.02C113.76 21.7476 114.048 22.4456 114.562 22.961C115.075 23.4764 115.772 23.7673 116.5 23.77V23.77ZM25.7 6.72999C24.0129 6.74775 22.3688 7.26426 20.9746 8.21447C19.5805 9.16469 18.4986 10.5061 17.8653 12.0699C17.2319 13.6337 17.0754 15.3499 17.4154 17.0025C17.7554 18.6551 18.5767 20.1701 19.776 21.3569C20.9752 22.5436 22.4988 23.349 24.1548 23.6717C25.8108 23.9944 27.5253 23.8199 29.0824 23.1702C30.6395 22.5205 31.9695 21.4247 32.9051 20.0206C33.8406 18.6166 34.3399 16.9672 34.34 15.28C34.3768 14.1396 34.1778 13.0038 33.7555 11.9438C33.3331 10.8839 32.6965 9.92248 31.8855 9.11989C31.0744 8.3173 30.1064 7.69078 29.0421 7.27955C27.9778 6.86831 26.84 6.68122 25.7 6.72999V6.72999ZM25.7 19.83C23.35 19.83 21.7 17.96 21.7 15.28C21.7 12.6 23.34 10.73 25.7 10.73C28.06 10.73 29.7 12.6 29.7 15.28C29.7 17.96 28.11 19.83 25.7 19.83ZM65.3 15.71C65.1321 15.3716 64.9128 15.0613 64.65 14.79L64.5 14.63L64.66 14.48C64.9116 14.2078 65.1423 13.917 65.35 13.61L69.74 7.05999H64.41L61.1 12.19C60.9586 12.3442 60.782 12.4621 60.5852 12.5334C60.3885 12.6048 60.1774 12.6277 59.97 12.6H59.22V2.90999C59.22 0.979993 58.01 0.709993 56.71 0.709993H54.48V23.58H59.21V16.72H59.65C60.19 16.72 60.56 16.78 60.73 17.08L63.35 21.97C63.5773 22.5089 63.9785 22.9563 64.4895 23.2408C65.0006 23.5253 65.5922 23.6306 66.17 23.54H69.8L67.09 19.07L65.3 15.71ZM88.27 6.68999C87.3747 6.67014 86.4851 6.83782 85.6584 7.18226C84.8318 7.5267 84.0863 8.04028 83.47 8.68999L83.18 8.97999L83.08 8.57999C82.9261 8.08803 82.6021 7.66692 82.166 7.39207C81.7299 7.11723 81.2102 7.0066 80.7 7.07999H78.57V23.57H83.29V15.97C83.275 15.2919 83.373 14.6159 83.58 13.97C83.7979 13.1302 84.2923 12.3883 84.9836 11.8639C85.6748 11.3396 86.5225 11.0634 87.39 11.08C88.85 11.08 89.39 11.85 89.39 13.86V21.05C89.335 21.3921 89.3619 21.7424 89.4686 22.072C89.5753 22.4017 89.7586 22.7013 90.0036 22.9463C90.2487 23.1914 90.5483 23.3747 90.878 23.4814C91.2076 23.5881 91.5579 23.615 91.9 23.56H94.12V13.07C94.15 8.89999 92.12 6.68999 88.27 6.68999V6.68999ZM73.39 7.05999H71.17V23.58H75.87V9.57999C75.9234 9.24041 75.8964 8.89304 75.7913 8.56576C75.6862 8.23848 75.5058 7.94038 75.2647 7.69537C75.0236 7.45037 74.7284 7.26527 74.4028 7.15493C74.0773 7.04459 73.7304 7.01208 73.39 7.05999V7.05999ZM44.16 6.72999C42.4729 6.74775 40.8288 7.26426 39.4346 8.21447C38.0405 9.16469 36.9586 10.5061 36.3253 12.0699C35.6919 13.6337 35.5354 15.3499 35.8754 17.0025C36.2154 18.6551 37.0367 20.1701 38.236 21.3569C39.4352 22.5436 40.9588 23.349 42.6148 23.6717C44.2708 23.9944 45.9853 23.8199 47.5424 23.1702C49.0995 22.5205 50.4295 21.4247 51.3651 20.0206C52.3006 18.6166 52.7999 16.9672 52.8 15.28C52.8368 14.1396 52.6378 13.0038 52.2155 11.9438C51.7931 10.8839 51.1565 9.92248 50.3455 9.11989C49.5344 8.3173 48.5664 7.69078 47.5021 7.27955C46.4378 6.86831 45.3 6.68122 44.16 6.72999V6.72999ZM44.16 19.83C41.81 19.83 40.16 17.96 40.16 15.28C40.16 12.6 41.8 10.73 44.16 10.73C46.52 10.73 48.16 12.6 48.16 15.28C48.16 17.96 46.57 19.83 44.16 19.83ZM144.89 6.72999C143.203 6.74775 141.559 7.26426 140.165 8.21447C138.77 9.16469 137.689 10.5061 137.055 12.0699C136.422 13.6337 136.265 15.3499 136.605 17.0025C136.945 18.6551 137.767 20.1701 138.966 21.3569C140.165 22.5436 141.689 23.349 143.345 23.6717C145.001 23.9944 146.715 23.8199 148.272 23.1702C149.829 22.5205 151.16 21.4247 152.095 20.0206C153.031 18.6166 153.53 16.9672 153.53 15.28C153.567 14.1396 153.368 13.0038 152.945 11.9438C152.523 10.8839 151.887 9.92248 151.075 9.11989C150.264 8.3173 149.296 7.69078 148.232 7.27955C147.168 6.86831 146.03 6.68122 144.89 6.72999V6.72999ZM144.89 19.83C142.54 19.83 140.89 17.96 140.89 15.28C140.89 12.6 142.53 10.73 144.89 10.73C147.25 10.73 148.89 12.6 148.89 15.28C148.89 17.96 147.3 19.83 144.89 19.83ZM109.74 7.01999C109.356 6.98285 108.97 7.05749 108.627 7.23491C108.285 7.41233 108.001 7.68497 107.81 8.01999L107.69 8.26999L107.47 8.07999C106.253 7.08344 104.711 6.57072 103.14 6.63999C98.75 6.63999 95.78 9.94999 95.78 14.87C95.78 19.79 98.85 23.22 103.23 23.22C104.521 23.2791 105.795 22.9061 106.85 22.16L107.21 21.88V22.34C107.21 24.55 105.78 25.77 103.21 25.77C102.131 25.755 101.062 25.5555 100.05 25.18C99.8562 25.0813 99.6419 25.0295 99.4244 25.0287C99.2069 25.0279 98.9923 25.0782 98.7977 25.1754C98.6032 25.2727 98.4342 25.4143 98.3043 25.5887C98.1745 25.7632 98.0874 25.9657 98.05 26.18L97.14 28.46L97.47 28.63C99.2593 29.5195 101.232 29.9783 103.23 29.97C107.23 29.97 111.9 27.91 111.9 22.14V7.01999H109.74ZM104.06 19.11C101.5 19.11 100.58 16.86 100.58 14.76C100.58 13.83 100.81 10.76 103.81 10.76C105.3 10.76 107.3 11.18 107.3 14.86C107.3 18.38 105.54 19.11 104.06 19.11ZM13.09 11.85L12.4 11.47L13 10.97C13.6103 10.4334 14.0951 9.76919 14.42 9.02435C14.7449 8.27951 14.9019 7.47231 14.88 6.65999C14.88 3.05999 12.09 0.739993 7.79 0.739993H2.31C1.69606 0.762953 1.11431 1.02048 0.684566 1.45953C0.254821 1.89857 0.00981021 2.48571 0 3.09999L0 23.5H7.88C12.67 23.5 15.77 20.89 15.77 16.84C15.8104 15.8446 15.583 14.8566 15.1116 13.9789C14.6403 13.1012 13.9421 12.3661 13.09 11.85V11.85ZM4.37 6.07999C4.37 5.01999 4.82 4.51999 5.8 4.45999H7.8C8.16093 4.42761 8.52456 4.47504 8.8651 4.59892C9.20565 4.7228 9.51476 4.9201 9.77052 5.17681C10.0263 5.43353 10.2224 5.74338 10.345 6.08438C10.4676 6.42538 10.5137 6.78919 10.48 7.14999C10.5194 7.51629 10.4791 7.88679 10.3616 8.23598C10.2442 8.58517 10.0524 8.90477 9.79964 9.17277C9.54684 9.44077 9.23898 9.65082 8.89723 9.78844C8.55549 9.92606 8.18798 9.988 7.82 9.96999H4.37V6.07999ZM8.2 19.64H4.37V15.06C4.37 14.06 4.76 13.57 5.59 13.45H8.2C8.99043 13.4949 9.7337 13.8406 10.2774 14.4161C10.8211 14.9916 11.124 15.7533 11.124 16.545C11.124 17.3367 10.8211 18.0984 10.2774 18.6739C9.7337 19.2494 8.99043 19.595 8.2 19.64ZM174.53 6.73999C173.558 6.74366 172.6 6.96575 171.726 7.38984C170.852 7.81393 170.084 8.42915 169.48 9.18999L169.14 9.62999L168.87 9.13999C168.437 8.355 167.787 7.71128 166.998 7.2857C166.209 6.86012 165.314 6.67067 164.42 6.73999C163.604 6.75328 162.798 6.93308 162.054 7.26838C161.309 7.60368 160.641 8.08742 160.09 8.68999L159.65 9.16999L159.48 8.53999C159.323 8.07152 159.008 7.67282 158.587 7.41334C158.167 7.15386 157.669 7.05005 157.18 7.11999H155.18V23.57H159.64V16.31C159.646 15.6629 159.727 15.0187 159.88 14.39C160.31 12.63 161.49 10.74 163.47 10.93C164.69 11.05 165.29 11.99 165.29 13.82V23.57H169.81V16.31C169.791 15.6345 169.875 14.9601 170.06 14.31C170.42 12.64 171.65 10.92 173.56 10.92C174.94 10.92 175.45 11.7 175.45 13.81V21.17C175.45 22.83 176.19 23.57 177.85 23.57H180V13.07C180 8.86999 178.15 6.73999 174.53 6.73999ZM133.69 17.86C132.51 19.095 130.913 19.8471 129.21 19.97C128.593 20.0073 127.974 19.914 127.395 19.6962C126.816 19.4784 126.29 19.141 125.85 18.706C125.41 18.271 125.067 17.7482 124.843 17.1716C124.619 16.5951 124.519 15.9778 124.55 15.36C124.498 14.7504 124.575 14.1365 124.776 13.5588C124.978 12.981 125.299 12.4524 125.719 12.0076C126.14 11.5629 126.649 11.212 127.215 10.978C127.78 10.744 128.388 10.6322 129 10.65C129.84 10.65 130.8 10.95 130.95 11.46V11.55C131.048 11.8986 131.258 12.2056 131.547 12.424C131.835 12.6425 132.188 12.7605 132.55 12.76H135V10.61C135 7.76999 131.39 6.73999 129 6.73999C123.81 6.73999 120 10.37 120 15.35C120 20.33 123.73 23.97 128.86 23.97C130.178 23.9562 131.479 23.6722 132.683 23.1355C133.887 22.5989 134.969 21.821 135.86 20.85L134 17.58L133.69 17.86Z"></path></svg></a></span></div></div><div class="aca0ade214 aaf30230d9 c2931f4182 e7d9f93f4d faf8b5d9a5"><span class="f419a93f12"><button aria-expanded="false" data-testid="header-currency-picker-trigger" aria-label="Prices in U.S. Dollar" type="button" class="a83ed08757 c21c56c305 f38b6daa18 f671049264 deab83296e fd3248769f"><span class="e4adce92df">USD</span></button></span><span class="f419a93f12"><button aria-expanded="false" data-testid="header-language-picker-trigger" aria-label="Language: English (US)" type="button" class="a83ed08757 c21c56c305 f38b6daa18 f671049264 deab83296e fd3248769f"><span class="e4adce92df"><div class="c82435a4b8 b7e47c7391 f53e278e95 f89f0b5683 bf1d1f48fe" style="--bui_box_padding--s:0"><picture class="e5a3812a75 b3f31bb1be"><img class="e3fa9175ee d354f8f44f ed3971de08" src="https://t-cf.bstatic.com/design-assets/assets/v3.85.0/images-flags/Us@3x.png" alt="" role="presentation" loading="lazy"/></picture></div></span></button></span><span class="f419a93f12"><a aria-expanded="false" aria-label="Customer support" data-testid="header-help-center" href="https://secure.booking.com/content/cs.html?src=header_question_mark" class="a83ed08757 c21c56c305 f38b6daa18 d691166b09 f671049264 deab83296e fd3248769f"><span class="eedba9e88a"><span class="fcd9eec8fb c2cc050fb8" aria-hidden="true"><svg xmlns="http://www.w3.org/2000/svg" viewBox="0 0 24 24"><path d="M9.75 9a2.25 2.25 0 1 1 3 2.122 2.25 2.25 0 0 0-1.5 2.122v1.006a.75.75 0 0 0 1.5 0v-1.006c0-.318.2-.602.5-.708A3.75 3.75 0 1 0 8.25 9a.75.75 0 1 0 1.5 0zM12 16.5a1.125 1.125 0 1 0 0 2.25 1.125 1.125 0 0 0 0-2.25.75.75 0 0 0 0 1.5.375.375 0 1 1 0-.75.375.375 0 0 1 0 .75.75.75 0 0 0 0-1.5zM22.5 12c0 5.799-4.701 10.5-10.5 10.5S1.5 17.799 1.5 12 6.201 1.5 12 1.5 22.5 6.201 22.5 12zm1.5 0c0-6.627-5.373-12-12-12S0 5.373 0 12s5.373 12 12 12 12-5.373 12-12z"></path></svg></span></span></a></span><a data-testid="header-custom-action-button" href="https://join.booking.com/?utm_source=topbar" class="a83ed08757 c21c56c305 f38b6daa18 f671049264 deab83296e fd3248769f"><span class="e4adce92df">List your property</span></a><a data-testid="header-sign-up-button" aria-label="Create an account" href="https://account.booking.com/auth/oauth2?client_id=vO1Kblk7xX9tUn2cpZLS&amp;redirect_uri=https%3A%2F%2Fsecure.booking.com%2Flogin.html%3Fop%3Doauth_return&amp;response_type=code&amp;lang=en-us&amp;aid=304142&amp;bkng_action=searchresults_irene&amp;prompt=signin&amp;state=UpQCnPCIIMj4ET9lcETuIb6LxmwAG9JPUemHeLaj4ZHsN-DTKfLaBjwFmvz4lEoxtMpFb4NB2qeDJxOOYoOhGf2DqGVKGMME_lGgj6IMwAV2boHZVP9KD0t6eyzzAUP9g2mOLef2CuSsEeGk6IgO9PL77tUyP3piD5lF-zxkWol9qRuTu6xaTOESA-GsBRD0BvZi9e2WmKMToDdEmqouNISvJekuDigGMLRsnMlW7j4JzgDIPJY8eSN9kWsoJJJnXAc2VetTXtYEW6nrRNm_qsmRbpT0nctSEEcsBeb29ASJ8_v9R9_SOHkuzyQhJV8M1WQ_1cTN74bLTspi2jUqKbt_yAM6FMoiw4UPS2paQ60wg4L421tZ*eyJpZCI6InRyYXZlbGxlcl9oZWFkZXIifQ%3D%3D" class="a83ed08757 c21c56c305 bf0537ecb5 ab98298258 deab83296e af7297d90d js-header-login-link"><span class="e4adce92df">Register</span></a><div class="abcc616ec7 c180176d40"><a data-testid="header-sign-in-button" aria-label="Sign in" href="https://account.booking.com/auth/oauth2?client_id=vO1Kblk7xX9tUn2cpZLS&amp;redirect_uri=https%3A%2F%2Fsecure.booking.com%2Flogin.html%3Fop%3Doauth_return&amp;response_type=code&amp;lang=en-us&amp;aid=304142&amp;bkng_action=searchresults_irene&amp;prompt=signin&amp;state=UpQCnPCIIMj4ET9lcETuIb6LxmwAG9JPUemHeLaj4ZHsN-DTKfLaBjwFmvz4lEoxtMpFb4NB2qeDJxOOYoOhGf2DqGVKGMME_lGgj6IMwAV2boHZVP9KD0t6eyzzAUP9g2mOLef2CuSsEeGk6IgO9PL77tUyP3piD5lF-zxkWol9qRuTu6xaTOESA-GsBRD0BvZi9e2WmKMToDdEmqouNISvJekuDigGMLRsnMlW7j4JzgDIPJY8eSN9kWsoJJJnXAc2VetTXtYEW6nrRNm_qsmRbpT0nctSEEcsBeb29ASJ8_v9R9_SOHkuzyQhJV8M1WQ_1cTN74bLTspi2jUqKbt_yAM6FMoiw4UPS2paQ60wg4L421tZ*eyJpZCI6InRyYXZlbGxlcl9oZWFkZXIifQ%3D%3D" class="a83ed08757 c21c56c305 bf0537ecb5 ab98298258 deab83296e af7297d90d js-header-login-link"><span class="e4adce92df">Sign in</span></a></div></div></nav><nav data-testid="header-xpb" aria-label="What are you looking for?" aria-owns="accommodations flights packages cars attractions airport_taxis" class="d48f1af7a3 f61b048379 d1b8520945"><div class="b4db3523c5 f6dc3df772"><ul class="c6e9d1599e"><li class="d37611a2e0 d0607887c7"><a id="accommodations" aria-current="page" aria-controls="accommodations" tabindex="0" href="https://www.booking.com/index.html" class="a83ed08757 f3441ccb97 a9c42d2cff ec66406250"><span class="fcd9eec8fb bfe53e640d c2cc050fb8" aria-hidden="true"><svg xmlns="http://www.w3.org/2000/svg" viewBox="0 0 24 24"><path d="M2.75 12h18.5c.69 0 1.25.56 1.25 1.25V18l.75-.75H.75l.75.75v-4.75c0-.69.56-1.25 1.25-1.25zm0-1.5A2.75 2.75 0 0 0 0 13.25V18c0 .414.336.75.75.75h22.5A.75.75 0 0 0 24 18v-4.75a2.75 2.75 0 0 0-2.75-2.75H2.75zM0 18v3a.75.75 0 0 0 1.5 0v-3A.75.75 0 0 0 0 18zm22.5 0v3a.75.75 0 0 0 1.5 0v-3a.75.75 0 0 0-1.5 0zm-.75-6.75V4.5a2.25 2.25 0 0 0-2.25-2.25h-15A2.25 2.25 0 0 0 2.25 4.5v6.75a.75.75 0 0 0 1.5 0V4.5a.75.75 0 0 1 .75-.75h15a.75.75 0 0 1 .75.75v6.75a.75.75 0 0 0 1.5 0zm-13.25-3h7a.25.25 0 0 1 .25.25v2.75l.75-.75h-9l.75.75V8.5a.25.25 0 0 1 .25-.25zm0-1.5A1.75 1.75 0 0 0 6.75 8.5v2.75c0 .414.336.75.75.75h9a.75.75 0 0 0 .75-.75V8.5a1.75 1.75 0 0 0-1.75-1.75h-7z"></path></svg></span><div class="aca0ade214 aaf30230d9 c2931f4182 e7d9f93f4d"><span class="a53cbfa6de">Stays</span></div></a></li><li class="d37611a2e0"><a id="flights" aria-controls="flights" tabindex="0" href="https://booking.com/flights/index.html" class="a83ed08757 f3441ccb97 ec66406250"><span class="fcd9eec8fb bfe53e640d c2cc050fb8" aria-hidden="true"><svg xmlns="http://www.w3.org/2000/svg" viewBox="0 0 24 24"><path d="M20.505 7.5l-15.266.022.672.415-1.1-2.2a.75.75 0 0 0-.638-.414l-2.293-.1C.82 5.228-.003 6.06.003 7.083c.002.243.051.484.146.709l2.072 4.68a2.947 2.947 0 0 0 2.701 1.778h4.043l-.676-1.075-2.484 5.168A1.831 1.831 0 0 0 7.449 21h2.099a1.85 1.85 0 0 0 1.419-.664l5.165-6.363-.582.277h4.956c1.82.09 3.399-1.341 3.49-3.198l.004-.134a3.426 3.426 0 0 0-3.44-3.419l-.074.001zm.02 1.5h.042a1.924 1.924 0 0 1 1.933 1.914l-.002.065a1.866 1.866 0 0 1-1.955 1.772l-4.993-.001a.75.75 0 0 0-.582.277l-5.16 6.355a.346.346 0 0 1-.26.118h-2.1a.336.336 0 0 1-.3-.49l2.493-5.185a.75.75 0 0 0-.676-1.075H4.924a1.45 1.45 0 0 1-1.328-.878l-2.07-4.676a.35.35 0 0 1 .326-.474l2.255.1-.638-.415 1.1 2.2a.75.75 0 0 0 .672.415L20.507 9zM16.323 7.76l-2.992-4.02A1.851 1.851 0 0 0 11.85 3H9.783a1.85 1.85 0 0 0-1.654 2.672l1.439 2.91a.75.75 0 0 0 1.344-.664L9.472 5.007a.351.351 0 0 1 .312-.507h2.066a.35.35 0 0 1 .279.14l2.99 4.017a.75.75 0 1 0 1.203-.896z"></path></svg></span><div class="aca0ade214 aaf30230d9 c2931f4182 e7d9f93f4d"><span class="a53cbfa6de">Flights</span></div></a></li><li class="d37611a2e0"><a id="packages" aria-controls="packages" tabindex="0" href="https://www.booking.com/packages.html" class="a83ed08757 f3441ccb97 ec66406250"><span class="fcd9eec8fb bfe53e640d c2cc050fb8" aria-hidden="true"><svg xmlns="http://www.w3.org/2000/svg" viewBox="0 0 24 24" data-rtl-flip="true"><path d="M6.306 17.25a8.25 8.25 0 1 1 11.69-7.502.75.75 0 1 0 1.5 0A9.75 9.75 0 0 0 13.812.889C8.917-1.356 3.13.791.884 5.685-1.36 10.58.786 16.367 5.68 18.613a.75.75 0 0 0 .626-1.364zM3.756 3.5l5.28 2a.75.75 0 0 1 .475.851l-.313 1.57a.75.75 0 0 1-.554.58l-2.08.518a.75.75 0 0 0-.514.45l-1.154 2.884a2.242 2.242 0 0 1-.84 1.037l-1.84 1.263a.75.75 0 1 0 .85 1.236l1.83-1.257a3.731 3.731 0 0 0 1.393-1.722l1.153-2.884-.514.449 2.079-.52a2.25 2.25 0 0 0 1.661-1.74l.314-1.57a2.25 2.25 0 0 0-1.417-2.548l-5.277-2a.75.75 0 1 0-.532 1.403zm11.565-.57l-1.467 2.926a2.25 2.25 0 0 0-.122 1.718l.557 1.663a.75.75 0 1 0 1.422-.476L15.154 7.1a.75.75 0 0 1 .041-.572l1.466-2.924a.75.75 0 1 0-1.34-.672zm7.175 16.192v2.625a.75.75 0 0 1-.75.75h-10.5a.75.75 0 0 1-.75-.75v-5.25a.75.75 0 0 1 .75-.75h10.5a.75.75 0 0 1 .75.75v2.625zm1.5 0v-2.625a2.25 2.25 0 0 0-2.25-2.25h-10.5a2.25 2.25 0 0 0-2.25 2.25v5.25a2.25 2.25 0 0 0 2.25 2.25h10.5a2.25 2.25 0 0 0 2.25-2.25v-2.625zm-12-4.125v8.25a.75.75 0 0 0 1.5 0v-8.25a.75.75 0 0 0-1.5 0zm7.5 0v8.25a.75.75 0 0 0 1.5 0v-8.25a.75.75 0 0 0-1.5 0zm-4.5.002v-.75a1.5 1.5 0 0 1 3 0V15a.75.75 0 0 0 1.5 0v-.75a3 3 0 1 0-6 0V15a.75.75 0 0 0 1.5 0z"></path></svg></span><div class="aca0ade214 aaf30230d9 c2931f4182 e7d9f93f4d"><span class="a53cbfa6de">Flight + Hotel</span></div></a></li><li class="d37611a2e0"><a id="cars" aria-controls="cars" tabindex="0" href="https://www.booking.com/cars/index.html" class="a83ed08757 f3441ccb97 ec66406250"><span class="fcd9eec8fb bfe53e640d c2cc050fb8" aria-hidden="true"><svg xmlns="http://www.w3.org/2000/svg" viewBox="0 0 24 24"><path d="M21.684 9.443l-1.7-3.79c-.42-1.128-1.542-1.905-2.794-1.903H6.809a2.999 2.999 0 0 0-2.811 1.947L2.316 9.443a.75.75 0 1 0 1.368.614l1.7-3.79c.238-.63.798-1.018 1.424-1.017h10.383a1.5 1.5 0 0 1 1.407.973l1.718 3.834a.75.75 0 1 0 1.368-.614zM.75 16.468V18a2.25 2.25 0 0 0 4.5 0v-1.5a.75.75 0 0 0-1.5 0V18a.75.75 0 0 1-1.5 0v-1.532a.75.75 0 0 0-1.5 0zm21 0V18a.75.75 0 0 1-1.5 0v-1.5a.75.75 0 0 0-1.5 0V18a2.25 2.25 0 0 0 4.5 0v-1.532a.75.75 0 0 0-1.5 0zM19.875 13.5a.375.375 0 0 1-.375-.375.75.75 0 0 0 1.5 0c0-.621-.504-1.125-1.125-1.125a.75.75 0 0 0 0 1.5zm.375-.375a.375.375 0 0 1-.375.375.75.75 0 0 0 0-1.5c-.621 0-1.125.504-1.125 1.125a.75.75 0 0 0 1.5 0zm-.375-.375c.207 0 .375.168.375.375a.75.75 0 0 0-1.5 0c0 .621.504 1.125 1.125 1.125a.75.75 0 0 0 0-1.5zm-.375.375c0-.207.168-.375.375-.375a.75.75 0 0 0 0 1.5c.621 0 1.125-.504 1.125-1.125a.75.75 0 0 0-1.5 0zM4.125 12C3.504 12 3 12.504 3 13.125a.75.75 0 0 0 1.5 0 .375.375 0 0 1-.375.375.75.75 0 0 0 0-1.5zm1.125 1.125c0-.621-.504-1.125-1.125-1.125a.75.75 0 0 0 0 1.5.375.375 0 0 1-.375-.375.75.75 0 0 0 1.5 0zM4.125 14.25c.621 0 1.125-.504 1.125-1.125a.75.75 0 0 0-1.5 0c0-.207.168-.375.375-.375a.75.75 0 0 0 0 1.5zM3 13.125c0 .621.504 1.125 1.125 1.125a.75.75 0 0 0 0-1.5c.207 0 .375.168.375.375a.75.75 0 0 0-1.5 0zM2.75 10.5h18.5c.69 0 1.25.56 1.25 1.25v3.75a.25.25 0 0 1-.25.25H1.75a.25.25 0 0 1-.25-.25v-3.75c0-.69.56-1.25 1.25-1.25zm0-1.5A2.75 2.75 0 0 0 0 11.75v3.75c0 .966.784 1.75 1.75 1.75h20.5A1.75 1.75 0 0 0 24 15.5v-3.75A2.75 2.75 0 0 0 21.25 9H2.75z"></path></svg></span><div class="aca0ade214 aaf30230d9 c2931f4182 e7d9f93f4d"><span class="a53cbfa6de">Car rentals</span></div></a></li><li class="d37611a2e0"><a id="attractions" aria-controls="attractions" tabindex="0" href="https://www.booking.com/attractions/index.html" class="a83ed08757 f3441ccb97 ec66406250"><span class="fcd9eec8fb bfe53e640d c2cc050fb8" aria-hidden="true"><svg xmlns="http://www.w3.org/2000/svg" viewBox="0 0 24 24"><path d="M13.5 3a1.5 1.5 0 1 1-3 0 1.5 1.5 0 0 1 3 0zM15 3a3 3 0 1 0-6 0 3 3 0 0 0 6 0zm6 4.5a1.5 1.5 0 1 1-3 0 1.5 1.5 0 0 1 3 0zm1.5 0a3 3 0 1 0-6 0 3 3 0 0 0 6 0zM6 7.5a1.5 1.5 0 1 1-3 0 1.5 1.5 0 0 1 3 0zm1.5 0a3 3 0 1 0-6 0 3 3 0 0 0 6 0zM21 15a1.5 1.5 0 1 1-3 0 1.5 1.5 0 0 1 3 0zm1.5 0a3 3 0 1 0-6 0 3 3 0 0 0 6 0zm-9-3.75a1.5 1.5 0 1 1-3 0 1.5 1.5 0 0 1 3 0zm1.5 0a3 3 0 1 0-6 0 3 3 0 0 0 6 0zM6 15a1.5 1.5 0 1 1-3 0 1.5 1.5 0 0 1 3 0zm1.5 0a3 3 0 1 0-6 0 3 3 0 0 0 6 0zm10.066 1.277a7.5 7.5 0 0 1-3.077 2.05.75.75 0 0 0 .498 1.415 9 9 0 0 0 3.693-2.46.75.75 0 1 0-1.114-1.005zm1.798-6.466c.177.922.183 1.869.015 2.792a.75.75 0 1 0 1.476.268c.2-1.106.194-2.24-.019-3.344a.75.75 0 1 0-1.472.284zm-5.337-5.784a7.5 7.5 0 0 1 3.54 2.196.75.75 0 0 0 1.113-1.004 9.002 9.002 0 0 0-4.247-2.636.75.75 0 1 0-.406 1.444zM6.434 6.223a7.5 7.5 0 0 1 3.539-2.196.75.75 0 1 0-.406-1.444A9.001 9.001 0 0 0 5.32 5.219a.75.75 0 0 0 1.114 1.004zM4.636 12.69a7.602 7.602 0 0 1 0-2.878.75.75 0 1 0-1.472-.284 9.102 9.102 0 0 0 0 3.446.75.75 0 0 0 1.472-.284zm4.876 5.639a7.517 7.517 0 0 1-3.035-2.005.75.75 0 0 0-1.106 1.014 9.017 9.017 0 0 0 3.641 2.405.75.75 0 1 0 .5-1.414zM7.31 21.872A1.5 1.5 0 0 0 8.672 24h6.656a1.5 1.5 0 0 0 1.362-2.128l-3.314-8.217c-.361-.785-1.252-1.114-2.005-.767a1.5 1.5 0 0 0-.733.734l-3.343 8.283zm1.377.595l3.328-8.25-.015.033 3.313 8.217.015.033H8.672z"></path></svg></span><div class="aca0ade214 aaf30230d9 c2931f4182 e7d9f93f4d"><span class="a53cbfa6de">Attractions</span></div></a></li><li class="d37611a2e0"><a id="airport_taxis" aria-controls="airport_taxis" tabindex="0" href="https://www.booking.com/taxi/index.html" class="a83ed08757 f3441ccb97 ec66406250"><span class="fcd9eec8fb bfe53e640d c2cc050fb8" aria-hidden="true"><svg xmlns="http://www.w3.org/2000/svg" viewBox="0 0 24 24"><path d="M21.75 15.5V8a.75.75 0 0 0-1.5 0v7.5a.75.75 0 0 0 1.5 0zm-16.5 0V8a.75.75 0 0 0-1.5 0v7.5a.75.75 0 0 0 1.5 0zM3 8.75h3a.75.75 0 0 0 0-1.5H3a.75.75 0 0 0 0 1.5zm6.75 6.75v-6a.75.75 0 0 1 1.5 0v6a.75.75 0 0 0 1.5 0v-6a2.25 2.25 0 0 0-4.5 0v6a.75.75 0 0 0 1.5 0zM9 13.25h3a.75.75 0 0 0 0-1.5H9a.75.75 0 0 0 0 1.5zm5.304-4.971l3 7.5a.75.75 0 0 0 1.392-.557l-3-7.5a.75.75 0 0 0-1.392.557zm3-.558l-3 7.5a.75.75 0 0 0 1.392.557l3-7.5a.75.75 0 0 0-1.392-.557zM.75 5h22.5a.75.75 0 0 0 0-1.5H.75a.75.75 0 0 0 0 1.5zm0 15h22.5a.75.75 0 0 0 0-1.5H.75a.75.75 0 0 0 0 1.5z"></path></svg></span><div class="aca0ade214 aaf30230d9 c2931f4182 e7d9f93f4d"><span class="a53cbfa6de">Airport taxis</span></div></a></li><li class="d37611a2e0 b4dfbcc93e" role="presentation"><span class="f419a93f12 dae4be712d"><button aria-expanded="false" class="f3441ccb97" type="button" role="tab">More<span class="fcd9eec8fb eed881e674 bf9a32efa5" aria-hidden="true"><svg xmlns="http://www.w3.org/2000/svg" viewBox="0 0 24 24"><path d="M12 20.09a1.24 1.24 0 0 1-.88-.36L6 14.61a.75.75 0 1 1 1.06-1.06L12 18.49l4.94-4.94A.75.75 0 0 1 18 14.61l-5.12 5.12a1.24 1.24 0 0 1-.88.36zm6-9.46a.75.75 0 0 0 0-1.06l-5.12-5.11a1.24 1.24 0 0 0-1.754-.006l-.006.006L6 9.57a.75.75 0 0 0 0 1.06.74.74 0 0 0 1.06 0L12 5.7l4.94 4.93a.73.73 0 0 0 .53.22c.2 0 .39-.078.53-.22z"></path></svg></span></button></span></li></ul></div></nav></header></div></div>
<div>
<div data-capla-component-boundary="b-search-web-searchresults/SearchBoxDesktopHorizontal"><div class="a6e267116d"><div class="f29a6defed"><form class="" action="https://www.booking.com/searchresults.html" method="GET"><div class="ffb9c3d6a3 db27349d3a cc9bf48a25"><div class="f9cf783bde"><div class="a5761ae4af"><div class="ab090fee6e d6e01b74ce" data-testid="destination-container"><div class="a53cbfa6de ac9267e216 a20293ec70"><div class="b9b84f4305"><div class="e000754250"><div class="eac0b6e5ba"><span class="fcd9eec8fb d24fc26e73 c696a7d242" aria-hidden="true"><svg xmlns="http://www.w3.org/2000/svg" viewBox="0 0 24 24"><path d="M2.75 12h18.5c.69 0 1.25.56 1.25 1.25V18l.75-.75H.75l.75.75v-4.75c0-.69.56-1.25 1.25-1.25zm0-1.5A2.75 2.75 0 0 0 0 13.25V18c0 .414.336.75.75.75h22.5A.75.75 0 0 0 24 18v-4.75a2.75 2.75 0 0 0-2.75-2.75H2.75zM0 18v3a.75.75 0 0 0 1.5 0v-3A.75.75 0 0 0 0 18zm22.5 0v3a.75.75 0 0 0 1.5 0v-3a.75.75 0 0 0-1.5 0zm-.75-6.75V4.5a2.25 2.25 0 0 0-2.25-2.25h-15A2.25 2.25 0 0 0 2.25 4.5v6.75a.75.75 0 0 0 1.5 0V4.5a.75.75 0 0 1 .75-.75h15a.75.75 0 0 1 .75.75v6.75a.75.75 0 0 0 1.5 0zm-13.25-3h7a.25.25 0 0 1 .25.25v2.75l.75-.75h-9l.75.75V8.5a.25.25 0 0 1 .25-.25zm0-1.5A1.75 1.75 0 0 0 6.75 8.5v2.75c0 .414.336.75.75.75h9a.75.75 0 0 0 .75-.75V8.5a1.75 1.75 0 0 0-1.75-1.75h-7z"></path></svg></span></div><input name="ss" class="eb46370fe1" placeholder="Where are you going?" data-destination="1" autoComplete="off" id=":Rkj1:" value="Session Road"/><div class="e7e5251f68 b8c4387f70"></div><div class="eac0b6e5ba"><span data-testid="input-clear" class="fcd9eec8fb bf9a32efa5" aria-hidden="true"><svg viewBox="0 0 128 128" width="1em" height="1em"><path d="M69.7 64l33.1-33.2a4 4 0 0 0-5.6-5.6L64 58.3 30.8 25.2a4 4 0 1 0-5.6 5.6L58.3 64 25.2 97.2a4 4 0 1 0 5.6 5.6L64 69.7l33.2 33.1a4 4 0 0 0 5.6-5.6z"></path></svg></span></div></div></div></div><div class="a7631de79e"></div></div></div></div><div class="f9cf783bde"><div tabindex="-1" class="d606c76c5a"><div class="b91c144835" role="none" data-testid="searchbox-dates-container"><span class="fcd9eec8fb a804864eef c2cc050fb8 c696a7d242" aria-hidden="true"><svg xmlns="http://www.w3.org/2000/svg" viewBox="0 0 24 24"><path d="M22.5 13.5v8.25a.75.75 0 0 1-.75.75H2.25a.75.75 0 0 1-.75-.75V5.25a.75.75 0 0 1 .75-.75h19.5a.75.75 0 0 1 .75.75v8.25zm1.5 0V5.25A2.25 2.25 0 0 0 21.75 3H2.25A2.25 2.25 0 0 0 0 5.25v16.5A2.25 2.25 0 0 0 2.25 24h19.5A2.25 2.25 0 0 0 24 21.75V13.5zm-23.25-3h22.5a.75.75 0 0 0 0-1.5H.75a.75.75 0 0 0 0 1.5zM7.5 6V.75a.75.75 0 0 0-1.5 0V6a.75.75 0 0 0 1.5 0zM18 6V.75a.75.75 0 0 0-1.5 0V6A.75.75 0 0 0 18 6zM5.095 14.03a.75.75 0 1 0 1.06-1.06.75.75 0 0 0-1.06 1.06zm.53-1.28a1.125 1.125 0 1 0 0 2.25 1.125 1.125 0 0 0 0-2.25.75.75 0 0 0 0 1.5.375.375 0 1 1 0-.75.375.375 0 0 1 0 .75.75.75 0 0 0 0-1.5zm-.53 6.53a.75.75 0 1 0 1.06-1.06.75.75 0 0 0-1.06 1.06zm.53-1.28a1.125 1.125 0 1 0 0 2.25 1.125 1.125 0 0 0 0-2.25.75.75 0 0 0 0 1.5.375.375 0 1 1 0-.75.375.375 0 0 1 0 .75.75.75 0 0 0 0-1.5zm5.845-3.97a.75.75 0 1 0 1.06-1.06.75.75 0 0 0-1.06 1.06zm.53-1.28A1.125 1.125 0 1 0 12 15a1.125 1.125 0 0 0 0-2.25.75.75 0 0 0 0 1.5.375.375 0 1 1 0-.75.375.375 0 0 1 0 .75.75.75 0 0 0 0-1.5zm-.53 6.53a.75.75 0 1 0 1.06-1.06.75.75 0 0 0-1.06 1.06zM12 18a1.125 1.125 0 1 0 0 2.25A1.125 1.125 0 0 0 12 18a.75.75 0 0 0 0 1.5.375.375 0 1 1 0-.75.375.375 0 0 1 0 .75.75.75 0 0 0 0-1.5zm5.845-3.97a.75.75 0 1 0 1.06-1.06.75.75 0 0 0-1.06 1.06zm.53-1.28a1.125 1.125 0 1 0 0 2.25 1.125 1.125 0 0 0 0-2.25.75.75 0 0 0 0 1.5.375.375 0 1 1 0-.75.375.375 0 0 1 0 .75.75.75 0 0 0 0-1.5zm-.53 6.53a.75.75 0 1 0 1.06-1.06.75.75 0 0 0-1.06 1.06zm.53-1.28a1.125 1.125 0 1 0 0 2.25 1.125 1.125 0 0 0 0-2.25.75.75 0 0 0 0 1.5.375.375 0 1 1 0-.75.375.375 0 0 1 0 .75.75.75 0 0 0 0-1.5z"></path></svg></span><button type="button" data-testid="date-display-field-start" class="d47738b911 e246f833f7 fe211c0731">Check-in Date</button><span class="a77cb49759"> — </span><button type="button" data-testid="date-display-field-end" class="d47738b911 e246f833f7 fe211c0731">Check-out Date</button></div><div class="dec3155a06" data-testid="searchbox-datepicker"><div class="a97110d8d3 b603b9c864 a031c463c5 d6a5f7a388"><nav data-testid="datepicker-tabs" class="d48f1af7a3 f214e2d2f6 d3ce2af2cd"><div class="b4db3523c5 a861df9be1"><ul class="c6e9d1599e" role="tablist"><li class="d37611a2e0 d0607887c7" role="presentation" style="width:50%"><button role="tab" aria-selected="true" aria-controls="calendar-searchboxdatepicker" tabindex="0" type="button" class="a83ed08757 f3441ccb97 a9c42d2cff ec66406250"><div class="aca0ade214 aaf30230d9 c2931f4182 e7d9f93f4d"><span class="a53cbfa6de">Calendar</span></div></button></li><li class="d37611a2e0" role="presentation" style="width:50%"><button role="tab" aria-selected="false" aria-controls="flexible-searchboxdatepicker" tabindex="-1" type="button" class="a83ed08757 f3441ccb97 ec66406250"><div class="aca0ade214 aaf30230d9 c2931f4182 e7d9f93f4d"><span class="a53cbfa6de">I&#x27;m flexible</span></div></button></li><li class="d37611a2e0 b4dfbcc93e" role="presentation" style="width:50%"><span class="f419a93f12 dae4be712d"><button aria-expanded="false" class="f3441ccb97" type="button" role="tab"><span class="fcd9eec8fb eed881e674 bf9a32efa5" aria-hidden="true"><svg xmlns="http://www.w3.org/2000/svg" viewBox="0 0 24 24"><path d="M12 20.09a1.24 1.24 0 0 1-.88-.36L6 14.61a.75.75 0 1 1 1.06-1.06L12 18.49l4.94-4.94A.75.75 0 0 1 18 14.61l-5.12 5.12a1.24 1.24 0 0 1-.88.36zm6-9.46a.75.75 0 0 0 0-1.06l-5.12-5.11a1.24 1.24 0 0 0-1.754-.006l-.006.006L6 9.57a.75.75 0 0 0 0 1.06.74.74 0 0 0 1.06 0L12 5.7l4.94 4.93a.73.73 0 0 0 .53.22c.2 0 .39-.078.53-.22z"></path></svg></span></button></span></li></ul></div><div role="tabpanel" id="calendar-searchboxdatepicker" class="c187c54338 b920e43bfe"><div class="f92dfc7e1a"><div tabindex="-1" data-testid="searchbox-datepicker-calendar" class="a10b0e2d13 efea941f13"><button type="button" class="a83ed08757 c21c56c305 f38b6daa18 d691166b09 f671049264 deab83296e f4552b6561 dc72a8413c f073249358"><span class="eedba9e88a"><span class="fcd9eec8fb c2cc050fb8" aria-hidden="true"><svg xmlns="http://www.w3.org/2000/svg" viewBox="0 0 24 24" data-rtl-flip="true"><path d="M8.91289 19.2361C9.03226 19.2367 9.15054 19.2134 9.2608 19.1676C9.37105 19.1219 9.47105 19.0546 9.55493 18.9696L15.612 12.9125C15.7367 12.7891 15.8353 12.6418 15.9018 12.4795C15.9684 12.3172 16.0017 12.1431 15.9997 11.9676C16.0075 11.6171 15.877 11.2776 15.6362 11.0227L9.57916 4.96566C9.40881 4.79552 9.17788 4.69995 8.93711 4.69995C8.69634 4.69995 8.46542 4.79552 8.29506 4.96566C8.20935 5.04918 8.14122 5.14902 8.09471 5.25929C8.04819 5.36957 8.02423 5.48803 8.02423 5.60771C8.02423 5.72739 8.04819 5.84586 8.09471 5.95613C8.14122 6.0664 8.20935 6.16624 8.29506 6.24976L13.9887 11.9676L8.27084 17.6855C8.18512 17.769 8.117 17.8689 8.07048 17.9792C8.02396 18.0894 8 18.2079 8 18.3276C8 18.4473 8.02396 18.5657 8.07048 18.676C8.117 18.7863 8.18512 18.8861 8.27084 18.9696C8.3543 19.0551 8.45423 19.1228 8.56458 19.1686C8.67493 19.2144 8.79341 19.2374 8.91289 19.2361Z"></path></svg></span></span></button><div class="d4babb55ef"><div class="d358556c65"><h3 aria-live="polite" class="e1eebb6a1e ee7ec6b631">September<!-- --> <!-- -->2023</h3><table class="eb03f3f27f" role="grid"><thead aria-hidden="true"><tr><th scope="col" class="b766923492"><div class="a53cbfa6de f45d8e4c32">Su</div></th><th scope="col" class="b766923492"><div class="a53cbfa6de f45d8e4c32">Mo</div></th><th scope="col" class="b766923492"><div class="a53cbfa6de f45d8e4c32">Tu</div></th><th scope="col" class="b766923492"><div class="a53cbfa6de f45d8e4c32">We</div></th><th scope="col" class="b766923492"><div class="a53cbfa6de f45d8e4c32">Th</div></th><th scope="col" class="b766923492"><div class="a53cbfa6de f45d8e4c32">Fr</div></th><th scope="col" class="b766923492"><div class="a53cbfa6de f45d8e4c32">Sa</div></th></tr></thead><tbody><tr><td class="b80d5adb18" aria-hidden="true"></td><td class="b80d5adb18" aria-hidden="true"></td><td class="b80d5adb18" aria-hidden="true"></td><td class="b80d5adb18" aria-hidden="true"></td><td class="b80d5adb18" aria-hidden="true"></td><td role="gridcell" class="b80d5adb18"><span tabindex="-1" class="cf06f772fa fa1e2a2fae" data-date="2023-09-01" aria-checked="false" role="checkbox" aria-label="1 September 2023"><span>1</span></span></td><td role="gridcell" class="b80d5adb18"><span tabindex="-1" class="cf06f772fa fa1e2a2fae" data-date="2023-09-02" aria-checked="false" role="checkbox" aria-label="2 September 2023"><span>2</span></span></td></tr><tr><td role="gridcell" class="b80d5adb18"><span tabindex="-1" class="cf06f772fa fa1e2a2fae" data-date="2023-09-03" aria-checked="false" role="checkbox" aria-label="3 September 2023"><span>3</span></span></td><td role="gridcell" class="b80d5adb18"><span tabindex="-1" class="cf06f772fa fa1e2a2fae" data-date="2023-09-04" aria-checked="false" role="checkbox" aria-label="4 September 2023"><span>4</span></span></td><td role="gridcell" class="b80d5adb18"><span tabindex="-1" class="cf06f772fa fa1e2a2fae" data-date="2023-09-05" aria-checked="false" role="checkbox" aria-label="5 September 2023"><span>5</span></span></td><td role="gridcell" class="b80d5adb18"><span tabindex="-1" class="cf06f772fa fa1e2a2fae" data-date="2023-09-06" aria-checked="false" role="checkbox" aria-label="6 September 2023"><span>6</span></span></td><td role="gridcell" class="b80d5adb18"><span tabindex="-1" class="cf06f772fa fa1e2a2fae" data-date="2023-09-07" aria-checked="false" role="checkbox" aria-label="7 September 2023"><span>7</span></span></td><td role="gridcell" class="b80d5adb18"><span tabindex="-1" class="cf06f772fa fa1e2a2fae" data-date="2023-09-08" aria-checked="false" role="checkbox" aria-label="8 September 2023"><span>8</span></span></td><td role="gridcell" class="b80d5adb18"><span tabindex="-1" class="cf06f772fa fa1e2a2fae" data-date="2023-09-09" aria-checked="false" role="checkbox" aria-label="9 September 2023"><span>9</span></span></td></tr><tr><td role="gridcell" class="b80d5adb18"><span tabindex="-1" class="cf06f772fa fa1e2a2fae" data-date="2023-09-10" aria-checked="false" role="checkbox" aria-label="10 September 2023"><span>10</span></span></td><td role="gridcell" class="b80d5adb18"><span tabindex="-1" class="cf06f772fa fa1e2a2fae" data-date="2023-09-11" aria-checked="false" role="checkbox" aria-label="11 September 2023"><span>11</span></span></td><td role="gridcell" class="b80d5adb18"><span tabindex="-1" class="cf06f772fa fa1e2a2fae" data-date="2023-09-12" aria-checked="false" role="checkbox" aria-label="12 September 2023"><span>12</span></span></td><td role="gridcell" class="b80d5adb18"><span tabindex="-1" class="cf06f772fa fa1e2a2fae" data-date="2023-09-13" aria-checked="false" role="checkbox" aria-label="13 September 2023"><span>13</span></span></td><td role="gridcell" class="b80d5adb18"><span tabindex="-1" class="cf06f772fa" data-date="2023-09-14" aria-checked="false" role="checkbox" aria-label="14 September 2023"><span>14</span></span></td><td role="gridcell" class="b80d5adb18"><span tabindex="-1" class="cf06f772fa" data-date="2023-09-15" aria-checked="false" role="checkbox" aria-label="15 September 2023"><span>15</span></span></td><td role="gridcell" class="b80d5adb18"><span tabindex="-1" class="cf06f772fa" data-date="2023-09-16" aria-checked="false" role="checkbox" aria-label="16 September 2023"><span>16</span></span></td></tr><tr><td role="gridcell" class="b80d5adb18"><span tabindex="-1" class="cf06f772fa" data-date="2023-09-17" aria-checked="false" role="checkbox" aria-label="17 September 2023"><span>17</span></span></td><td role="gridcell" class="b80d5adb18"><span tabindex="-1" class="cf06f772fa" data-date="2023-09-18" aria-checked="false" role="checkbox" aria-label="18 September 2023"><span>18</span></span></td><td role="gridcell" class="b80d5adb18"><span tabindex="-1" class="cf06f772fa" data-date="2023-09-19" aria-checked="false" role="checkbox" aria-label="19 September 2023"><span>19</span></span></td><td role="gridcell" class="b80d5adb18"><span tabindex="-1" class="cf06f772fa" data-date="2023-09-20" aria-checked="false" role="checkbox" aria-label="20 September 2023"><span>20</span></span></td><td role="gridcell" class="b80d5adb18"><span tabindex="-1" class="cf06f772fa" data-date="2023-09-21" aria-checked="false" role="checkbox" aria-label="21 September 2023"><span>21</span></span></td><td role="gridcell" class="b80d5adb18"><span tabindex="-1" class="cf06f772fa" data-date="2023-09-22" aria-checked="false" role="checkbox" aria-label="22 September 2023"><span>22</span></span></td><td role="gridcell" class="b80d5adb18"><span tabindex="-1" class="cf06f772fa" data-date="2023-09-23" aria-checked="false" role="checkbox" aria-label="23 September 2023"><span>23</span></span></td></tr><tr><td role="gridcell" class="b80d5adb18"><span tabindex="-1" class="cf06f772fa" data-date="2023-09-24" aria-checked="false" role="checkbox" aria-label="24 September 2023"><span>24</span></span></td><td role="gridcell" class="b80d5adb18"><span tabindex="-1" class="cf06f772fa" data-date="2023-09-25" aria-checked="false" role="checkbox" aria-label="25 September 2023"><span>25</span></span></td><td role="gridcell" class="b80d5adb18"><span tabindex="-1" class="cf06f772fa" data-date="2023-09-26" aria-checked="false" role="checkbox" aria-label="26 September 2023"><span>26</span></span></td><td role="gridcell" class="b80d5adb18"><span tabindex="-1" class="cf06f772fa" data-date="2023-09-27" aria-checked="false" role="checkbox" aria-label="27 September 2023"><span>27</span></span></td><td role="gridcell" class="b80d5adb18"><span tabindex="-1" class="cf06f772fa" data-date="2023-09-28" aria-checked="false" role="checkbox" aria-label="28 September 2023"><span>28</span></span></td><td role="gridcell" class="b80d5adb18"><span tabindex="-1" class="cf06f772fa" data-date="2023-09-29" aria-checked="false" role="checkbox" aria-label="29 September 2023"><span>29</span></span></td><td role="gridcell" class="b80d5adb18"><span tabindex="-1" class="cf06f772fa" data-date="2023-09-30" aria-checked="false" role="checkbox" aria-label="30 September 2023"><span>30</span></span></td></tr></tbody></table></div><div class="d358556c65"><h3 aria-live="polite" class="e1eebb6a1e ee7ec6b631">October<!-- --> <!-- -->2023</h3><table class="eb03f3f27f" role="grid"><thead aria-hidden="true"><tr><th scope="col" class="b766923492"><div class="a53cbfa6de f45d8e4c32">Su</div></th><th scope="col" class="b766923492"><div class="a53cbfa6de f45d8e4c32">Mo</div></th><th scope="col" class="b766923492"><div class="a53cbfa6de f45d8e4c32">Tu</div></th><th scope="col" class="b766923492"><div class="a53cbfa6de f45d8e4c32">We</div></th><th scope="col" class="b766923492"><div class="a53cbfa6de f45d8e4c32">Th</div></th><th scope="col" class="b766923492"><div class="a53cbfa6de f45d8e4c32">Fr</div></th><th scope="col" class="b766923492"><div class="a53cbfa6de f45d8e4c32">Sa</div></th></tr></thead><tbody><tr><td role="gridcell" class="b80d5adb18"><span tabindex="-1" class="cf06f772fa" data-date="2023-10-01" aria-checked="false" role="checkbox" aria-label="1 October 2023"><span>1</span></span></td><td role="gridcell" class="b80d5adb18"><span tabindex="-1" class="cf06f772fa" data-date="2023-10-02" aria-checked="false" role="checkbox" aria-label="2 October 2023"><span>2</span></span></td><td role="gridcell" class="b80d5adb18"><span tabindex="-1" class="cf06f772fa" data-date="2023-10-03" aria-checked="false" role="checkbox" aria-label="3 October 2023"><span>3</span></span></td><td role="gridcell" class="b80d5adb18"><span tabindex="-1" class="cf06f772fa" data-date="2023-10-04" aria-checked="false" role="checkbox" aria-label="4 October 2023"><span>4</span></span></td><td role="gridcell" class="b80d5adb18"><span tabindex="-1" class="cf06f772fa" data-date="2023-10-05" aria-checked="false" role="checkbox" aria-label="5 October 2023"><span>5</span></span></td><td role="gridcell" class="b80d5adb18"><span tabindex="-1" class="cf06f772fa" data-date="2023-10-06" aria-checked="false" role="checkbox" aria-label="6 October 2023"><span>6</span></span></td><td role="gridcell" class="b80d5adb18"><span tabindex="-1" class="cf06f772fa" data-date="2023-10-07" aria-checked="false" role="checkbox" aria-label="7 October 2023"><span>7</span></span></td></tr><tr><td role="gridcell" class="b80d5adb18"><span tabindex="-1" class="cf06f772fa" data-date="2023-10-08" aria-checked="false" role="checkbox" aria-label="8 October 2023"><span>8</span></span></td><td role="gridcell" class="b80d5adb18"><span tabindex="-1" class="cf06f772fa" data-date="2023-10-09" aria-checked="false" role="checkbox" aria-label="9 October 2023"><span>9</span></span></td><td role="gridcell" class="b80d5adb18"><span tabindex="-1" class="cf06f772fa" data-date="2023-10-10" aria-checked="false" role="checkbox" aria-label="10 October 2023"><span>10</span></span></td><td role="gridcell" class="b80d5adb18"><span tabindex="-1" class="cf06f772fa" data-date="2023-10-11" aria-checked="false" role="checkbox" aria-label="11 October 2023"><span>11</span></span></td><td role="gridcell" class="b80d5adb18"><span tabindex="-1" class="cf06f772fa" data-date="2023-10-12" aria-checked="false" role="checkbox" aria-label="12 October 2023"><span>12</span></span></td><td role="gridcell" class="b80d5adb18"><span tabindex="-1" class="cf06f772fa" data-date="2023-10-13" aria-checked="false" role="checkbox" aria-label="13 October 2023"><span>13</span></span></td><td role="gridcell" class="b80d5adb18"><span tabindex="-1" class="cf06f772fa" data-date="2023-10-14" aria-checked="false" role="checkbox" aria-label="14 October 2023"><span>14</span></span></td></tr><tr><td role="gridcell" class="b80d5adb18"><span tabindex="-1" class="cf06f772fa" data-date="2023-10-15" aria-checked="false" role="checkbox" aria-label="15 October 2023"><span>15</span></span></td><td role="gridcell" class="b80d5adb18"><span tabindex="-1" class="cf06f772fa" data-date="2023-10-16" aria-checked="false" role="checkbox" aria-label="16 October 2023"><span>16</span></span></td><td role="gridcell" class="b80d5adb18"><span tabindex="-1" class="cf06f772fa" data-date="2023-10-17" aria-checked="false" role="checkbox" aria-label="17 October 2023"><span>17</span></span></td><td role="gridcell" class="b80d5adb18"><span tabindex="-1" class="cf06f772fa" data-date="2023-10-18" aria-checked="false" role="checkbox" aria-label="18 October 2023"><span>18</span></span></td><td role="gridcell" class="b80d5adb18"><span tabindex="-1" class="cf06f772fa" data-date="2023-10-19" aria-checked="false" role="checkbox" aria-label="19 October 2023"><span>19</span></span></td><td role="gridcell" class="b80d5adb18"><span tabindex="-1" class="cf06f772fa" data-date="2023-10-20" aria-checked="false" role="checkbox" aria-label="20 October 2023"><span>20</span></span></td><td role="gridcell" class="b80d5adb18"><span tabindex="-1" class="cf06f772fa" data-date="2023-10-21" aria-checked="false" role="checkbox" aria-label="21 October 2023"><span>21</span></span></td></tr><tr><td role="gridcell" class="b80d5adb18"><span tabindex="-1" class="cf06f772fa" data-date="2023-10-22" aria-checked="false" role="checkbox" aria-label="22 October 2023"><span>22</span></span></td><td role="gridcell" class="b80d5adb18"><span tabindex="-1" class="cf06f772fa" data-date="2023-10-23" aria-checked="false" role="checkbox" aria-label="23 October 2023"><span>23</span></span></td><td role="gridcell" class="b80d5adb18"><span tabindex="-1" class="cf06f772fa" data-date="2023-10-24" aria-checked="false" role="checkbox" aria-label="24 October 2023"><span>24</span></span></td><td role="gridcell" class="b80d5adb18"><span tabindex="-1" class="cf06f772fa" data-date="2023-10-25" aria-checked="false" role="checkbox" aria-label="25 October 2023"><span>25</span></span></td><td role="gridcell" class="b80d5adb18"><span tabindex="-1" class="cf06f772fa" data-date="2023-10-26" aria-checked="false" role="checkbox" aria-label="26 October 2023"><span>26</span></span></td><td role="gridcell" class="b80d5adb18"><span tabindex="-1" class="cf06f772fa" data-date="2023-10-27" aria-checked="false" role="checkbox" aria-label="27 October 2023"><span>27</span></span></td><td role="gridcell" class="b80d5adb18"><span tabindex="-1" class="cf06f772fa" data-date="2023-10-28" aria-checked="false" role="checkbox" aria-label="28 October 2023"><span>28</span></span></td></tr><tr><td role="gridcell" class="b80d5adb18"><span tabindex="-1" class="cf06f772fa" data-date="2023-10-29" aria-checked="false" role="checkbox" aria-label="29 October 2023"><span>29</span></span></td><td role="gridcell" class="b80d5adb18"><span tabindex="-1" class="cf06f772fa" data-date="2023-10-30" aria-checked="false" role="checkbox" aria-label="30 October 2023"><span>30</span></span></td><td role="gridcell" class="b80d5adb18"><span tabindex="-1" class="cf06f772fa" data-date="2023-10-31" aria-checked="false" role="checkbox" aria-label="31 October 2023"><span>31</span></span></td></tr></tbody></table></div></div></div><div><div class="e8831c9192" data-testid="datepicker-footer"><div data-testid="flexible-dates-container" role="region" class="e567fd4fff dbf27a7228"><ul class="fc49408fea ba4306d436" id=":R2kpl31:" tabindex="0" aria-atomic="false"><li class="b0932df2e7 e375bc2404"><label class="faefc93c6f c737ebb2b7"><input class="ac4a7896c7 bdfe71a871" name="" type="checkbox" checked="" value="exact"/><span class="dfb0833038"><span class="ccb65902b2">Exact dates</span></span></label></li><li class="b0932df2e7 e375bc2404"><label class="faefc93c6f"><input class="ac4a7896c7 bdfe71a871" name="" type="checkbox" value="1"/><span class="dfb0833038"><span class="fcd9eec8fb a07dcf7ef3 bf9a32efa5" aria-hidden="true"><span class="fcd9eec8fb bf9a32efa5" aria-hidden="true"><svg xmlns="http://www.w3.org/2000/svg" viewBox="0 0 24 24"><path d="M21.14 22.94a1 1 0 0 1-1 1H3.86a1 1 0 1 1 0-2h16.28a1 1 0 0 1 1 1ZM4 10h7v7a1 1 0 0 0 2 0v-7h7a1 1 0 0 0 0-2h-7V1a1 1 0 0 0-2 0v7H4a1 1 0 0 0 0 2Z"></path></svg></span></span><span class="ccb65902b2">1 day</span></span></label></li><li class="b0932df2e7 e375bc2404"><label class="faefc93c6f"><input class="ac4a7896c7 bdfe71a871" name="" type="checkbox" value="2"/><span class="dfb0833038"><span class="fcd9eec8fb a07dcf7ef3 bf9a32efa5" aria-hidden="true"><span class="fcd9eec8fb bf9a32efa5" aria-hidden="true"><svg xmlns="http://www.w3.org/2000/svg" viewBox="0 0 24 24"><path d="M21.14 22.94a1 1 0 0 1-1 1H3.86a1 1 0 1 1 0-2h16.28a1 1 0 0 1 1 1ZM4 10h7v7a1 1 0 0 0 2 0v-7h7a1 1 0 0 0 0-2h-7V1a1 1 0 0 0-2 0v7H4a1 1 0 0 0 0 2Z"></path></svg></span></span><span class="ccb65902b2">2 days</span></span></label></li><li class="b0932df2e7 e375bc2404"><label class="faefc93c6f"><input class="ac4a7896c7 bdfe71a871" name="" type="checkbox" value="3"/><span class="dfb0833038"><span class="fcd9eec8fb a07dcf7ef3 bf9a32efa5" aria-hidden="true"><span class="fcd9eec8fb bf9a32efa5" aria-hidden="true"><svg xmlns="http://www.w3.org/2000/svg" viewBox="0 0 24 24"><path d="M21.14 22.94a1 1 0 0 1-1 1H3.86a1 1 0 1 1 0-2h16.28a1 1 0 0 1 1 1ZM4 10h7v7a1 1 0 0 0 2 0v-7h7a1 1 0 0 0 0-2h-7V1a1 1 0 0 0-2 0v7H4a1 1 0 0 0 0 2Z"></path></svg></span></span><span class="ccb65902b2">3 days</span></span></label></li><li class="b0932df2e7 e375bc2404"><label class="faefc93c6f"><input class="ac4a7896c7 bdfe71a871" name="" type="checkbox" value="7"/><span class="dfb0833038"><span class="fcd9eec8fb a07dcf7ef3 bf9a32efa5" aria-hidden="true"><span class="fcd9eec8fb bf9a32efa5" aria-hidden="true"><svg xmlns="http://www.w3.org/2000/svg" viewBox="0 0 24 24"><path d="M21.14 22.94a1 1 0 0 1-1 1H3.86a1 1 0 1 1 0-2h16.28a1 1 0 0 1 1 1ZM4 10h7v7a1 1 0 0 0 2 0v-7h7a1 1 0 0 0 0-2h-7V1a1 1 0 0 0-2 0v7H4a1 1 0 0 0 0 2Z"></path></svg></span></span><span class="ccb65902b2">7 days</span></span></label></li></ul><div class="c7a2b2cb75"><button aria-label="" aria-controls=":R2kpl31:" type="button" class="a83ed08757 c21c56c305 bd3a1c7108 d691166b09 ab98298258 deab83296e fe94449254 f7e840d934 a27b97ef1e"><span class="eedba9e88a"><span class="fcd9eec8fb bf9a32efa5" aria-hidden="true"><svg xmlns="http://www.w3.org/2000/svg" viewBox="0 0 24 24" data-rtl-flip="true"><path d="M15.0871 19.2361C14.9677 19.2367 14.8495 19.2134 14.7392 19.1676C14.629 19.1219 14.5289 19.0546 14.4451 18.9696L8.38799 12.9125C8.26332 12.7891 8.16475 12.6418 8.09815 12.4795C8.03156 12.3172 7.99829 12.1431 8.00034 11.9676C7.99246 11.6171 8.12303 11.2776 8.36376 11.0227L14.4208 4.96566C14.5912 4.79552 14.8221 4.69995 15.0629 4.69995C15.3037 4.69995 15.5346 4.79552 15.7049 4.96566C15.7907 5.04918 15.8588 5.14902 15.9053 5.25929C15.9518 5.36957 15.9758 5.48803 15.9758 5.60771C15.9758 5.72739 15.9518 5.84586 15.9053 5.95613C15.8588 6.0664 15.7907 6.16624 15.7049 6.24976L10.0113 11.9676L15.7292 17.6855C15.8149 17.769 15.883 17.8689 15.9295 17.9792C15.976 18.0894 16 18.2079 16 18.3276C16 18.4473 15.976 18.5657 15.9295 18.676C15.883 18.7863 15.8149 18.8861 15.7292 18.9696C15.6457 19.0551 15.5458 19.1228 15.4354 19.1686C15.3251 19.2144 15.2066 19.2374 15.0871 19.2361Z"></path></svg></span></span></button><button aria-label="" aria-controls=":R2kpl31:" type="button" class="a83ed08757 c21c56c305 bd3a1c7108 d691166b09 ab98298258 deab83296e fe94449254 f7e840d934 a27b97ef1e"><span class="eedba9e88a"><span class="fcd9eec8fb bf9a32efa5" aria-hidden="true"><svg xmlns="http://www.w3.org/2000/svg" viewBox="0 0 24 24" data-rtl-flip="true"><path d="M8.91289 19.2361C9.03226 19.2367 9.15054 19.2134 9.2608 19.1676C9.37105 19.1219 9.47105 19.0546 9.55493 18.9696L15.612 12.9125C15.7367 12.7891 15.8353 12.6418 15.9018 12.4795C15.9684 12.3172 16.0017 12.1431 15.9997 11.9676C16.0075 11.6171 15.877 11.2776 15.6362 11.0227L9.57916 4.96566C9.40881 4.79552 9.17788 4.69995 8.93711 4.69995C8.69634 4.69995 8.46542 4.79552 8.29506 4.96566C8.20935 5.04918 8.14122 5.14902 8.09471 5.25929C8.04819 5.36957 8.02423 5.48803 8.02423 5.60771C8.02423 5.72739 8.04819 5.84586 8.09471 5.95613C8.14122 6.0664 8.20935 6.16624 8.29506 6.24976L13.9887 11.9676L8.27084 17.6855C8.18512 17.769 8.117 17.8689 8.07048 17.9792C8.02396 18.0894 8 18.2079 8 18.3276C8 18.4473 8.02396 18.5657 8.07048 18.676C8.117 18.7863 8.18512 18.8861 8.27084 18.9696C8.3543 19.0551 8.45423 19.1228 8.56458 19.1686C8.67493 19.2144 8.79341 19.2374 8.91289 19.2361Z"></path></svg></span></span></button></div></div></div></div></div></div></nav></div></div></div></div><div class="f9cf783bde"><div class="d67edddcf0" tabindex="-1"><button type="button" data-testid="occupancy-config" class="d47738b911 b7d08821c3"><span data-testid="occupancy-config-icon" class="fcd9eec8fb ca4f2a5850 c2cc050fb8 c696a7d242" aria-hidden="true"><svg xmlns="http://www.w3.org/2000/svg" viewBox="0 0 24 24"><path d="M16.5 6a4.5 4.5 0 1 1-9 0 4.5 4.5 0 0 1 9 0zM18 6A6 6 0 1 0 6 6a6 6 0 0 0 12 0zM3 23.25a9 9 0 1 1 18 0 .75.75 0 0 0 1.5 0c0-5.799-4.701-10.5-10.5-10.5S1.5 17.451 1.5 23.25a.75.75 0 0 0 1.5 0z"></path></svg></span>2 adults · 0 children · 1 room<span data-testid="searchbox-form-button-icon" class="fcd9eec8fb f8931b3e81 bf9a32efa5" aria-hidden="true"><svg xmlns="http://www.w3.org/2000/svg" viewBox="0 0 24 24"><path d="M19.2681 8.91288C19.2687 9.03226 19.2454 9.15054 19.1996 9.26079C19.1539 9.37105 19.0865 9.47105 19.0016 9.55493L12.9445 15.612C12.8211 15.7367 12.6738 15.8353 12.5115 15.9018C12.3491 15.9684 12.1751 16.0017 11.9996 15.9997C11.6491 16.0075 11.3096 15.877 11.0547 15.6362L4.99764 9.57916C4.8275 9.40881 4.73193 9.17788 4.73193 8.93711C4.73193 8.69634 4.8275 8.46542 4.99764 8.29506C5.08117 8.20935 5.18101 8.14122 5.29128 8.09471C5.40155 8.04819 5.52002 8.02423 5.6397 8.02423C5.75937 8.02423 5.87784 8.04819 5.98811 8.09471C6.09838 8.14122 6.19822 8.20935 6.28175 8.29506L11.9996 13.9887L17.7175 8.27084C17.801 8.18512 17.9009 8.11699 18.0111 8.07048C18.1214 8.02396 18.2399 8 18.3596 8C18.4792 8 18.5977 8.02396 18.708 8.07048C18.8182 8.11699 18.9181 8.18512 19.0016 8.27084C19.0871 8.3543 19.1548 8.45422 19.2006 8.56457C19.2464 8.67492 19.2694 8.79341 19.2681 8.91288Z"></path></svg></span></button></div></div><div class="f9cf783bde"><button type="submit" class="a83ed08757 c21c56c305 a4c1805887 f671049264 d2529514af c082d89982 aa11d0d5cd"><span class="e4adce92df">Search</span></button></div></div><div class="dfdd8e04de"></div><input type="hidden" name="ssne" value="Session Road"/><input type="hidden" name="ssne_untouched" value="Session Road"/></form></div></div></div>
</div>
<div id="bodyconstraint" class="   ">
<div id="bodyconstraint-inner">
<div>
<div data-capla-component-boundary="b-search-web-searchresults/BreadCrumbsDesktop"><div class="cde81c6f0c cef07b55fc" data-testid="breadcrumbs"><nav aria-label="Navigation history menu (breadcrumbs)" class="abf093bdfe"><ol class="aca0ade214 a5f1aae5b2 c2931f4182 a857d92783"><li class=""><span class="c3ccde2c36"><a href="https://www.booking.com/index.en-us.html" class="a83ed08757 f88a5204c2 b98133fb50"><span>Home</span></a></span></li><li class=""><span class="c3ccde2c36"><span class="fcd9eec8fb fea50ae303 bf9a32efa5" aria-hidden="true"><svg xmlns="http://www.w3.org/2000/svg" viewBox="0 0 24 24" data-rtl-flip="true"><path d="M8.91289 19.2361C9.03226 19.2367 9.15054 19.2134 9.2608 19.1676C9.37105 19.1219 9.47105 19.0546 9.55493 18.9696L15.612 12.9125C15.7367 12.7891 15.8353 12.6418 15.9018 12.4795C15.9684 12.3172 16.0017 12.1431 15.9997 11.9676C16.0075 11.6171 15.877 11.2776 15.6362 11.0227L9.57916 4.96566C9.40881 4.79552 9.17788 4.69995 8.93711 4.69995C8.69634 4.69995 8.46542 4.79552 8.29506 4.96566C8.20935 5.04918 8.14122 5.14902 8.09471 5.25929C8.04819 5.36957 8.02423 5.48803 8.02423 5.60771C8.02423 5.72739 8.04819 5.84586 8.09471 5.95613C8.14122 6.0664 8.20935 6.16624 8.29506 6.24976L13.9887 11.9676L8.27084 17.6855C8.18512 17.769 8.117 17.8689 8.07048 17.9792C8.02396 18.0894 8 18.2079 8 18.3276C8 18.4473 8.02396 18.5657 8.07048 18.676C8.117 18.7863 8.18512 18.8861 8.27084 18.9696C8.3543 19.0551 8.45423 19.1228 8.56458 19.1686C8.67493 19.2144 8.79341 19.2374 8.91289 19.2361Z"></path></svg></span><a href="https://www.booking.com/country/ph.en-us.html" class="a83ed08757 f88a5204c2 b98133fb50"><span>Philippines</span></a></span></li><li class=""><span class="c3ccde2c36"><span class="fcd9eec8fb fea50ae303 bf9a32efa5" aria-hidden="true"><svg xmlns="http://www.w3.org/2000/svg" viewBox="0 0 24 24" data-rtl-flip="true"><path d="M8.91289 19.2361C9.03226 19.2367 9.15054 19.2134 9.2608 19.1676C9.37105 19.1219 9.47105 19.0546 9.55493 18.9696L15.612 12.9125C15.7367 12.7891 15.8353 12.6418 15.9018 12.4795C15.9684 12.3172 16.0017 12.1431 15.9997 11.9676C16.0075 11.6171 15.877 11.2776 15.6362 11.0227L9.57916 4.96566C9.40881 4.79552 9.17788 4.69995 8.93711 4.69995C8.69634 4.69995 8.46542 4.79552 8.29506 4.96566C8.20935 5.04918 8.14122 5.14902 8.09471 5.25929C8.04819 5.36957 8.02423 5.48803 8.02423 5.60771C8.02423 5.72739 8.04819 5.84586 8.09471 5.95613C8.14122 6.0664 8.20935 6.16624 8.29506 6.24976L13.9887 11.9676L8.27084 17.6855C8.18512 17.769 8.117 17.8689 8.07048 17.9792C8.02396 18.0894 8 18.2079 8 18.3276C8 18.4473 8.02396 18.5657 8.07048 18.676C8.117 18.7863 8.18512 18.8861 8.27084 18.9696C8.3543 19.0551 8.45423 19.1228 8.56458 19.1686C8.67493 19.2144 8.79341 19.2374 8.91289 19.2361Z"></path></svg></span><a href="https://www.booking.com/region/ph/luzon.en-us.html" class="a83ed08757 f88a5204c2 b98133fb50"><span>Luzon</span></a></span></li><li class=""><span class="c3ccde2c36"><span class="fcd9eec8fb fea50ae303 bf9a32efa5" aria-hidden="true"><svg xmlns="http://www.w3.org/2000/svg" viewBox="0 0 24 24" data-rtl-flip="true"><path d="M8.91289 19.2361C9.03226 19.2367 9.15054 19.2134 9.2608 19.1676C9.37105 19.1219 9.47105 19.0546 9.55493 18.9696L15.612 12.9125C15.7367 12.7891 15.8353 12.6418 15.9018 12.4795C15.9684 12.3172 16.0017 12.1431 15.9997 11.9676C16.0075 11.6171 15.877 11.2776 15.6362 11.0227L9.57916 4.96566C9.40881 4.79552 9.17788 4.69995 8.93711 4.69995C8.69634 4.69995 8.46542 4.79552 8.29506 4.96566C8.20935 5.04918 8.14122 5.14902 8.09471 5.25929C8.04819 5.36957 8.02423 5.48803 8.02423 5.60771C8.02423 5.72739 8.04819 5.84586 8.09471 5.95613C8.14122 6.0664 8.20935 6.16624 8.29506 6.24976L13.9887 11.9676L8.27084 17.6855C8.18512 17.769 8.117 17.8689 8.07048 17.9792C8.02396 18.0894 8 18.2079 8 18.3276C8 18.4473 8.02396 18.5657 8.07048 18.676C8.117 18.7863 8.18512 18.8861 8.27084 18.9696C8.3543 19.0551 8.45423 19.1228 8.56458 19.1686C8.67493 19.2144 8.79341 19.2374 8.91289 19.2361Z"></path></svg></span><a href="https://www.booking.com/city/ph/baguio.en-us.html" class="a83ed08757 f88a5204c2 b98133fb50"><span>Baguio</span></a></span></li><li class=""><span class="c3ccde2c36"><span class="fcd9eec8fb fea50ae303 bf9a32efa5" aria-hidden="true"><svg xmlns="http://www.w3.org/2000/svg" viewBox="0 0 24 24" data-rtl-flip="true"><path d="M8.91289 19.2361C9.03226 19.2367 9.15054 19.2134 9.2608 19.1676C9.37105 19.1219 9.47105 19.0546 9.55493 18.9696L15.612 12.9125C15.7367 12.7891 15.8353 12.6418 15.9018 12.4795C15.9684 12.3172 16.0017 12.1431 15.9997 11.9676C16.0075 11.6171 15.877 11.2776 15.6362 11.0227L9.57916 4.96566C9.40881 4.79552 9.17788 4.69995 8.93711 4.69995C8.69634 4.69995 8.46542 4.79552 8.29506 4.96566C8.20935 5.04918 8.14122 5.14902 8.09471 5.25929C8.04819 5.36957 8.02423 5.48803 8.02423 5.60771C8.02423 5.72739 8.04819 5.84586 8.09471 5.95613C8.14122 6.0664 8.20935 6.16624 8.29506 6.24976L13.9887 11.9676L8.27084 17.6855C8.18512 17.769 8.117 17.8689 8.07048 17.9792C8.02396 18.0894 8 18.2079 8 18.3276C8 18.4473 8.02396 18.5657 8.07048 18.676C8.117 18.7863 8.18512 18.8861 8.27084 18.9696C8.3543 19.0551 8.45423 19.1228 8.56458 19.1686C8.67493 19.2144 8.79341 19.2374 8.91289 19.2361Z"></path></svg></span><a href="https://www.booking.com/landmark/ph/session-road.en-us.html" class="a83ed08757 f88a5204c2 b98133fb50"><span>Session Road</span></a></span></li><li class=""><span class="c3ccde2c36"><span class="fcd9eec8fb fea50ae303 bf9a32efa5" aria-hidden="true"><svg xmlns="http://www.w3.org/2000/svg" viewBox="0 0 24 24" data-rtl-flip="true"><path d="M8.91289 19.2361C9.03226 19.2367 9.15054 19.2134 9.2608 19.1676C9.37105 19.1219 9.47105 19.0546 9.55493 18.9696L15.612 12.9125C15.7367 12.7891 15.8353 12.6418 15.9018 12.4795C15.9684 12.3172 16.0017 12.1431 15.9997 11.9676C16.0075 11.6171 15.877 11.2776 15.6362 11.0227L9.57916 4.96566C9.40881 4.79552 9.17788 4.69995 8.93711 4.69995C8.69634 4.69995 8.46542 4.79552 8.29506 4.96566C8.20935 5.04918 8.14122 5.14902 8.09471 5.25929C8.04819 5.36957 8.02423 5.48803 8.02423 5.60771C8.02423 5.72739 8.04819 5.84586 8.09471 5.95613C8.14122 6.0664 8.20935 6.16624 8.29506 6.24976L13.9887 11.9676L8.27084 17.6855C8.18512 17.769 8.117 17.8689 8.07048 17.9792C8.02396 18.0894 8 18.2079 8 18.3276C8 18.4473 8.02396 18.5657 8.07048 18.676C8.117 18.7863 8.18512 18.8861 8.27084 18.9696C8.3543 19.0551 8.45423 19.1228 8.56458 19.1686C8.67493 19.2144 8.79341 19.2374 8.91289 19.2361Z"></path></svg></span><div class="abf093bdfe">Search results</div></span></li></ol></nav></div></div>
</div>
<div data-block-id="header_survey">
</div>
<div data-capla-component-boundary="b-search-web-searchresults/GlobalAlerts"></div>
<svg class="bk-icon -genius-new_identity-genius_badge" height="174" style="display:none;" width="434" viewBox="0 0 434 174" role="presentation" aria-hidden="true" focusable="false">
<g>
<path d="M418.964 0H14.6335C6.65829 0 0.193115 6.46518 0.193115 14.4404V158.844C0.193115 166.819 6.65829 173.285 14.6335 173.285H418.964C426.939 173.285 433.404 166.819 433.404 158.844V14.4404C433.404 6.46518 426.939 0 418.964 0Z" fill="#004CB8"/>
<path d="M375.643 112.057C375.651 112.911 375.418 113.75 374.971 114.478C374.524 115.206 373.881 115.793 373.116 116.173C371.061 117.213 368.774 117.71 366.473 117.617C363.367 117.862 360.262 117.13 357.592 115.523C355.323 114.154 353.571 112.072 352.611 109.602C352.551 109.35 352.431 109.116 352.26 108.921C352.09 108.726 351.874 108.575 351.632 108.483C351.39 108.39 351.129 108.358 350.871 108.39C350.614 108.421 350.368 108.515 350.156 108.664L341.13 112.635C340.869 112.706 340.627 112.837 340.425 113.019C340.223 113.2 340.067 113.426 339.969 113.679C339.87 113.932 339.833 114.205 339.859 114.475C339.885 114.745 339.975 115.005 340.12 115.234C342.038 119.7 345.325 123.441 349.506 125.92C354.638 128.933 360.527 130.412 366.473 130.18C372.448 130.368 378.324 128.621 383.224 125.198C385.473 123.727 387.315 121.711 388.577 119.338C389.839 116.965 390.481 114.312 390.444 111.624C390.444 101.997 383.657 96.1488 370.083 94.079C366.842 93.6288 363.696 92.6533 360.769 91.1909C358.603 90.1801 356.148 88.8082 356.148 87.2198C356.194 86.4783 356.458 85.7669 356.908 85.1757C357.358 84.5845 357.973 84.14 358.676 83.8985C360.848 83.0046 363.187 82.5861 365.535 82.6711C367.779 82.6622 370.001 83.1271 372.054 84.0353C374.107 84.9435 375.945 86.2747 377.448 87.9418C377.63 88.1318 377.849 88.283 378.09 88.3863C378.332 88.4896 378.593 88.5429 378.856 88.5429C379.119 88.5429 379.379 88.4896 379.621 88.3863C379.863 88.283 380.082 88.1318 380.264 87.9418L386.69 82.1657C386.936 82.0362 387.148 81.8492 387.307 81.6204C387.466 81.3917 387.568 81.128 387.603 80.8517C387.639 80.5754 387.607 80.2946 387.511 80.0331C387.415 79.7717 387.257 79.5373 387.051 79.3498C382.053 74.4653 375.569 71.3872 368.625 70.6026C361.681 69.8179 354.673 71.3716 348.712 75.0177C346.74 76.4007 345.146 78.2548 344.074 80.4112C343.002 82.5675 342.487 84.9577 342.574 87.3642C342.567 89.4267 343.001 91.4669 343.848 93.3475C344.695 95.2281 345.935 96.9054 347.484 98.2667C351.292 101.398 355.888 103.422 360.769 104.115C364.771 104.676 368.681 105.769 372.394 107.364C373.334 107.744 374.143 108.391 374.72 109.225C375.297 110.059 375.618 111.043 375.643 112.057Z" fill="white"/>
<path d="M282.575 107.509C282.412 110.486 282.839 113.467 283.83 116.279C284.821 119.092 286.358 121.681 288.351 123.899C290.419 125.929 292.885 127.51 295.594 128.541C298.303 129.573 301.196 130.032 304.091 129.891C306.536 129.936 308.973 129.595 311.311 128.881C313.006 128.39 314.631 127.686 316.149 126.787C317.577 125.778 318.951 124.693 320.264 123.538L321.636 126.859C321.861 127.389 322.248 127.834 322.74 128.132C323.232 128.43 323.806 128.566 324.38 128.52H333.766C334.021 128.556 334.281 128.532 334.525 128.451C334.769 128.369 334.991 128.232 335.173 128.05C335.355 127.868 335.493 127.646 335.574 127.401C335.656 127.157 335.679 126.897 335.643 126.642V73.7906C335.635 73.5591 335.579 73.3319 335.478 73.1236C335.377 72.9152 335.233 72.7303 335.056 72.5807C334.879 72.4312 334.673 72.3202 334.451 72.255C334.229 72.1898 333.996 72.1718 333.766 72.2021H321.853C321.598 72.166 321.338 72.1897 321.094 72.2712C320.849 72.3528 320.627 72.49 320.445 72.6721C320.263 72.8542 320.126 73.0761 320.044 73.3203C319.963 73.5646 319.939 73.8244 319.975 74.0794V110.18C318.697 112.152 316.942 113.768 314.871 114.879C312.801 115.99 310.484 116.559 308.134 116.534C306.791 116.632 305.442 116.423 304.191 115.922C302.94 115.422 301.82 114.644 300.914 113.646C299.138 111.504 298.235 108.771 298.387 105.993V73.7906C298.387 72.5631 297.665 71.9133 296.365 71.9133H284.596C283.297 71.9133 282.575 72.5631 282.575 73.7906V107.509Z" fill="white"/>
<path d="M253.983 54.1515C253.968 55.5821 254.25 57.0002 254.809 58.3172C255.368 59.6341 256.193 60.8214 257.232 61.8049C259.299 63.8464 262.088 64.9912 264.993 64.9912C267.899 64.9912 270.688 63.8464 272.755 61.8049C273.786 60.8145 274.606 59.6261 275.166 58.3109C275.726 56.9958 276.015 55.581 276.015 54.1515C276.015 52.722 275.726 51.3073 275.166 49.9921C274.606 48.677 273.786 47.4885 272.755 46.4981C270.688 44.4566 267.899 43.3119 264.993 43.3119C262.088 43.3119 259.299 44.4566 257.232 46.4981C256.193 47.4816 255.368 48.669 254.809 49.9859C254.25 51.3028 253.968 52.7209 253.983 54.1515Z" fill="#FEBB02"/>
<path d="M247.413 90.7576C247.576 88.0348 247.187 85.307 246.269 82.7384C245.351 80.1699 243.922 77.8137 242.07 75.8118C239.996 73.9613 237.574 72.5422 234.946 71.6373C232.318 70.7324 229.536 70.3597 226.763 70.5411C220.636 70.5809 214.743 72.897 210.229 77.0393L208.64 73.7902C208.475 73.2445 208.126 72.7731 207.652 72.4569C207.177 72.1408 206.608 71.9995 206.041 72.0573H196.366C195.066 72.0573 194.344 72.6349 194.344 73.8624V126.714C194.344 127.942 195.066 128.591 196.366 128.591H208.207C209.507 128.591 210.229 127.942 210.229 126.714V90.6132C211.612 88.8509 213.33 87.3788 215.283 86.2811C217.277 85.0359 219.574 84.3617 221.925 84.3316C228.423 84.3316 231.745 87.7973 231.745 94.8009V126.714C231.745 127.212 231.942 127.69 232.295 128.042C232.647 128.394 233.124 128.591 233.622 128.591H245.68C246.178 128.591 246.655 128.394 247.007 128.042C247.359 127.69 247.557 127.212 247.557 126.714L247.413 90.7576Z" fill="white"/>
<path d="M187.268 102.527C187.268 103.826 186.691 104.404 185.391 104.404H144.597C145.345 107.742 147.142 110.752 149.723 112.996C152.483 115.254 155.981 116.412 159.543 116.245C161.98 116.337 164.397 115.785 166.552 114.644C168.707 113.503 170.523 111.814 171.817 109.747C172.25 109.025 173.045 108.953 174.055 109.747L184.236 113.935C185.391 114.368 185.68 115.018 185.03 116.029C182.534 120.559 178.83 124.307 174.33 126.857C169.831 129.406 164.711 130.657 159.543 130.469C151.507 130.607 143.735 127.602 137.882 122.094C134.918 119.341 132.584 115.98 131.038 112.242C129.493 108.503 128.774 104.475 128.929 100.433C128.765 96.3962 129.473 92.3715 131.005 88.6333C132.538 84.8952 134.859 81.5317 137.81 78.7724C140.626 76.0576 143.952 73.9264 147.595 72.5015C151.238 71.0765 155.127 70.3858 159.037 70.4692C162.9 70.2694 166.761 70.8864 170.369 72.2798C173.977 73.6732 177.25 75.8117 179.976 78.5558C184.948 84.1113 187.541 91.3968 187.196 98.8446L187.268 102.527ZM167.702 86.6424C165.206 84.7434 162.173 83.682 159.037 83.61C155.941 83.4943 152.894 84.4084 150.373 86.2092C148.049 87.9161 146.288 90.2799 145.319 92.9962H172.539C171.782 90.3459 170.055 88.0777 167.702 86.6424Z" fill="white"/>
<path d="M122.936 116.823C122.929 117.364 122.802 117.897 122.565 118.384C122.328 118.87 121.986 119.299 121.565 119.638C112.67 126.472 101.733 130.109 90.5177 129.963C78.5996 130.454 66.9709 126.213 58.1662 118.166C49.3615 110.119 44.0949 98.9172 43.5143 87.0032C44.1137 75.0649 49.3736 63.8383 58.1632 55.7373C66.9528 47.6363 78.5702 43.3077 90.5177 43.6821C101.588 43.6164 112.362 47.2503 121.131 54.0069C121.497 54.318 121.729 54.7572 121.781 55.2344C121.822 55.481 121.804 55.7338 121.729 55.9722C121.653 56.2105 121.523 56.4278 121.348 56.6062L112.756 66.4979C112.394 66.838 111.917 67.0274 111.42 67.0274C110.924 67.0274 110.446 66.838 110.084 66.4979C104.621 61.8534 97.6885 59.2953 90.5177 59.2777C83.1063 59.1579 75.9408 61.9357 70.5467 67.0197C65.1526 72.1037 61.9558 79.0923 61.637 86.4978C61.9931 93.8334 65.223 100.734 70.6278 105.706C76.0327 110.679 83.1779 113.323 90.5177 113.068C96.4716 113.09 102.308 111.412 107.341 108.231V96.8227H93.5502C93.3104 96.833 93.071 96.7935 92.8473 96.7065C92.6236 96.6195 92.4204 96.4869 92.2506 96.3173C92.0713 96.151 91.9277 95.9501 91.8284 95.7267C91.7291 95.5033 91.6762 95.2621 91.6729 95.0176V83.4653C91.6949 82.9748 91.9012 82.5107 92.2506 82.1657C92.6133 81.8537 93.072 81.6753 93.5502 81.6603H120.698C121.184 81.6599 121.651 81.8478 122.001 82.1843C122.351 82.5209 122.557 82.9801 122.575 83.4653L122.936 116.823Z" fill="white"/>
<path d="M264.597 72.2018H258.604C258.106 72.2018 257.629 72.3995 257.276 72.7516C256.924 73.1037 256.727 73.5811 256.727 74.079V127.075C256.727 127.573 256.924 128.051 257.276 128.403C257.629 128.755 258.106 128.952 258.604 128.952H271.384C271.882 128.952 272.359 128.755 272.711 128.403C273.063 128.051 273.261 127.573 273.261 127.075V80.866C273.446 79.686 273.35 78.4789 272.98 77.3432C272.61 76.2075 271.977 75.1753 271.132 74.3307C270.287 73.4861 269.255 72.853 268.119 72.4831C266.984 72.1131 265.777 72.0167 264.597 72.2018Z" fill="white"/>
</g>
</svg>
<svg class="bk-icon -streamline-square_rating" height="128" style="display:none;" width="112" viewBox="0 0 112 128" role="presentation" aria-hidden="true" focusable="false"><path d="M96 8H16A16 16 0 0 0 0 24v96h96a16 16 0 0 0 16-16V24A16 16 0 0 0 96 8zM56 88a24 24 0 1 1 24-24 24 24 0 0 1-24 24z"/></svg>
<svg class="bk-icon -streamline-circle" height="24" style="display:none;" width="24" viewBox="0 0 24 24" role="presentation" aria-hidden="true" focusable="false"><path d="M24 12c0 6.627-5.373 12-12 12S0 18.627 0 12 5.373 0 12 0s12 5.373 12 12z"/></svg>
<svg class="bk-icon -streamline-circle_half" height="128" style="display:none;" width="128" viewBox="0 0 128 128" role="presentation" aria-hidden="true" focusable="false"><path d="M64 0C28.654 0 0 28.654 0 64c0 35.346 28.654 64 64 64 35.346 0 64-28.654 64-64 0-35.346-28.654-64-64-64zm0 120V8c30.928 0 56 25.072 56 56s-25.072 56-56 56z"/></svg>
<svg class="bk-icon -streamline-star" height="24" style="display:none;" width="24" viewBox="0 0 24 24" role="presentation" aria-hidden="true" focusable="false"><path d="M23.555 8.729a1.505 1.505 0 0 0-1.406-.98h-6.087a.5.5 0 0 1-.472-.334l-2.185-6.193a1.5 1.5 0 0 0-2.81 0l-.005.016-2.18 6.177a.5.5 0 0 1-.471.334H1.85A1.5 1.5 0 0 0 .887 10.4l5.184 4.3a.5.5 0 0 1 .155.543l-2.178 6.531a1.5 1.5 0 0 0 2.31 1.684l5.346-3.92a.5.5 0 0 1 .591 0l5.344 3.919a1.5 1.5 0 0 0 2.312-1.683l-2.178-6.535a.5.5 0 0 1 .155-.543l5.194-4.306a1.5 1.5 0 0 0 .433-1.661z"/></svg>
<svg class="bk-icon -streamline-star_half" height="128" style="display:none;" width="128" viewBox="0 0 128 128" role="presentation" aria-hidden="true" focusable="false"><path d="M126.76 45.92a11.75 11.75 0 0 0-10.93-7.6H85.77L74.93 7.58A11.67 11.67 0 0 0 64 0h-.82c-.23 0-.45 0-.68.07-.23.07-.28 0-.42.06l-.72.15L61 .4c-.36.1-.71.21-1.07.34a11.65 11.65 0 0 0-6.83 6.84L42.25 38.31H12.18a11.67 11.67 0 0 0-11.13 8.18A11.39 11.39 0 0 0 .52 50a11.65 11.65 0 0 0 4.19 9l25.71 21.24-10.81 32.41c-2.024 6.113 1.282 12.711 7.39 14.75.4.13.81.23 1.21.32l.31.06c.39.082.783.139 1.18.17h1.59c.388-.017.776-.054 1.16-.11h.06a9.704 9.704 0 0 0 1.18-.26l.31-.08c.383-.114.76-.247 1.13-.4q.55-.24 1.11-.54l.26-.15c.365-.208.719-.435 1.06-.68L64 106.35l26.43 19.38a11.563 11.563 0 0 0 6.88 2.27c.596.001 1.19-.042 1.78-.13 6.367-.967 10.744-6.911 9.778-13.278-.1-.659-.257-1.309-.468-1.942L97.59 80.22l25.8-21.39a11.7 11.7 0 0 0 3.37-12.91zm-8.52 6.79l-26.52 22a6.59 6.59 0 0 0-2 7.11l11.12 33.37a3.66 3.66 0 0 1-2.95 4.81 3.578 3.578 0 0 1-2.72-.68l-27.29-20-.14-.08a6.781 6.781 0 0 0-.76-.47c-.16-.08-.33-.14-.49-.21-.16-.07-.3-.13-.46-.18-.16-.05-.39-.1-.58-.15L64.06 8a3.61 3.61 0 0 1 3.35 2.3l11.15 31.63a6.58 6.58 0 0 0 6.19 4.38h31.07a3.7 3.7 0 0 1 3.44 2.39 3.66 3.66 0 0 1-1.02 4.01z"/></svg>
<div
data-trans-from="from"
id="searchresultsTmpl"
class="
sr_align_title_icons
"
>
<div id="basiclayout"  style="position: relative;"  class=""
>
<div id="right" class="rlt-right maps-overlay-sr-container" role="main">
<div data-component="arp-header">
<div data-capla-component-boundary="b-search-web-searchresults/HeaderDesktop"><div class="efdb2b543b e4b7a69a57"><h1 aria-live="assertive" aria-label="Search results updated. Session Road: 571 properties found." class="f6431b446c d5f78961c3">Session Road: 571 properties found</h1></div></div>
</div>
<div data-capla-component-boundary="b-search-web-searchresults/TripTypeRecommendations"></div>
<div data-block-id="sr_messages">
</div>
<div id="ajaxsrwrap">
<div data-block-id="sr_warnings" class="sr_top_warnings_bui_colors">
</div>
<div class="hotellist_wrap tracked shorten_property_block" id="search_results_table" data-block-id="hotel_list"
>
<div data-component="genius-vip/tracking" data-capla-project-name="search-web" data-service-name="searchresults" data-tracking-enabled="1"></div>
<div data-arp-properties-list="1">
<div data-capla-component-boundary="b-search-web-searchresults/PropertiesListDesktop"><div class="dcf496a7b9 bb2746aad9"><div><span class="f419a93f12"><button aria-expanded="false" data-testid="sorters-dropdown-trigger" data-selected-sorter="popularity" type="button" class="a83ed08757 faefc93c6f b94d37c0c4"><span class="fcd9eec8fb a07dcf7ef3 bf9a32efa5" aria-hidden="true"><svg xmlns="http://www.w3.org/2000/svg" viewBox="0 0 24 24"><path d="M10.28 15.22a.75.75 0 0 1 0 1.06l-4.5 4.5a.78.78 0 0 1-.24.16.73.73 0 0 1-.58 0 .78.78 0 0 1-.24-.16l-4.5-4.5a.75.75 0 1 1 1.06-1.06l3.22 3.22V3.75a.75.75 0 0 1 1.5 0v14.69l3.22-3.22a.75.75 0 0 1 1.06 0zm13.5-7.5l-4.5-4.5a.78.78 0 0 0-.28-.16.73.73 0 0 0-.58 0 .78.78 0 0 0-.24.16l-4.5 4.5a.75.75 0 1 0 1.06 1.06L18 5.56v14.69a.75.75 0 0 0 1.5 0V5.56l3.22 3.22a.75.75 0 0 0 1.06 0 .75.75 0 0 0 0-1.06z"></path></svg></span><span class="ccb65902b2">Sort by:<!-- --> <!-- -->Our Top Picks</span><span class="fcd9eec8fb d9229705b4 bf9a32efa5" aria-hidden="true"><svg xmlns="http://www.w3.org/2000/svg" viewBox="0 0 24 24"><path d="M12 20.09a1.24 1.24 0 0 1-.88-.36L6 14.61a.75.75 0 1 1 1.06-1.06L12 18.49l4.94-4.94A.75.75 0 0 1 18 14.61l-5.12 5.12a1.24 1.24 0 0 1-.88.36zm6-9.46a.75.75 0 0 0 0-1.06l-5.12-5.11a1.24 1.24 0 0 0-1.754-.006l-.006.006L6 9.57a.75.75 0 0 0 0 1.06.74.74 0 0 0 1.06 0L12 5.7l4.94 4.93a.73.73 0 0 0 .53.22c.2 0 .39-.078.53-.22z"></path></svg></span></button></span></div><div class="c733693b78"><div></div></div><div class="d4924c9e74"><h2 class="ac4a7896c7">Browse the results for Session Road</h2><div class="bea018f16c"><div></div></div><div data-testid="property-card" class="c82435a4b8 a178069f51 a6ae3c2b40 a18aeea94d d794b7a0f7 f53e278e95 da89aeb942" style="--bui_box_padding--s:4"><div class="d20f4628d0"><div class="f9d4f2568d"><div class="c90a25d457"><a href="https://www.booking.com/hotel/ph/metro-pines-inn.html?ucfs=1&amp;arphpl=1&amp;dest_id=261060&amp;dest_type=landmark&amp;group_adults=2&amp;req_adults=2&amp;no_rooms=1&amp;group_children=0&amp;req_children=0&amp;hpos=1&amp;hapos=1&amp;sr_order=popularity&amp;srpvid=7c9c48ada4eb027a&amp;srepoch=1694773211&amp;from=searchresults#hotelTmpl" target="_blank" rel="noopener noreferrer" tabindex="-1" aria-hidden="true" data-testid="property-card-desktop-single-image"><img src="https://cf.bstatic.com/xdata/images/hotel/square200/458350208.jpg?k=39260f9f2cfd28f10a99936ba49068ccd931f610e8424be53cc04a5067b1d404&amp;o=" alt="Metro Pines Inn" width="200" height="200" class="b8b0793b0e" data-testid="image"/></a><div class="d226e2f1b9"><span class="f419a93f12"><button class="f41101cd39" aria-expanded="false" data-testid="wishlist-button"><span data-testid="wishlist-icon" class="fcd9eec8fb c422d77911 d24fc26e73" aria-hidden="true"><svg viewBox="0 0 128 128" width="1em" height="1em"><path d="M64 112a3.6 3.6 0 0 1-2-.5 138.8 138.8 0 0 1-44.2-38c-10-14.4-10.6-26-9.4-33.2a29 29 0 0 1 22.9-23.7c11.9-2.4 24 2.5 32.7 13a33.7 33.7 0 0 1 32.7-13 29 29 0 0 1 22.8 23.7c1.3 7.2.6 18.8-9.3 33.3-9.1 13.1-24 25.9-44.2 37.9a3.6 3.6 0 0 1-2 .5z"></path></svg></span></button></span></div></div></div><div class="b978843432"><div class="aca0ade214 aaf30230d9 cd2e7d62b0 f996d8c258"><div class=""><div class="aca0ade214 c9835feea9 c2931f4182 d79e71457a d14b211b4f"><div class="aaee4e7cd3 e7a57abb1e"><div class="aca0ade214 a5f1aae5b2 cd2e7d62b0"><div><div class="dd023375f5"><h3 class="a4225678b2"><a href="https://www.booking.com/hotel/ph/metro-pines-inn.html?ucfs=1&amp;arphpl=1&amp;dest_id=261060&amp;dest_type=landmark&amp;group_adults=2&amp;req_adults=2&amp;no_rooms=1&amp;group_children=0&amp;req_children=0&amp;hpos=1&amp;hapos=1&amp;sr_order=popularity&amp;srpvid=7c9c48ada4eb027a&amp;srepoch=1694773211&amp;from=searchresults#hotelTmpl" class="e13098a59f" target="_blank" rel="noopener noreferrer" data-testid="title-link"><div data-testid="title" class="f6431b446c a23c043802">Metro Pines Inn</div><div class="ac4a7896c7">Opens in new window</div></a></h3><span class="f419a93f12"><span aria-expanded="false" tabindex="0" role="button" data-testid="preferred-badge"><span role="img" class="fcd9eec8fb c79b3cbed2 c2cc050fb8 e410954d4b" aria-label="This property is part of our Preferred Partner Program. It&#x27;s committed to providing excellent service and good value. It’ll pay us a higher commission if you make a booking."><svg viewBox="0 0 128 128" width="1em" height="1em"><path d="M112 8H16a8 8 0 0 0-8 8v96a8 8 0 0 0 8 8h96a8 8 0 0 0 8-8V16a8 8 0 0 0-8-8zM48 96H24V58h24zm56-25a8.7 8.7 0 0 1-2 6 8.9 8.9 0 0 1 1 4 6.9 6.9 0 0 1-5 7c-.5 4-4.8 8-9 8H56V58l10.3-23.3a5.4 5.4 0 0 1 10.1 2.7 10.3 10.3 0 0 1-.6 2.7L72 52h23c4.5 0 9 3.5 9 8a9.2 9.2 0 0 1-2 5.3 7.5 7.5 0 0 1 2 5.7z"></path></svg></span></span></span></div></div><div><div class="abf093bdfe a1fbd102d9"><a target="_blank" rel="noopener noreferrer" href="https://www.booking.com/hotel/ph/metro-pines-inn.html?ucfs=1&amp;arphpl=1&amp;dest_id=261060&amp;dest_type=landmark&amp;group_adults=2&amp;req_adults=2&amp;no_rooms=1&amp;group_children=0&amp;req_children=0&amp;hpos=1&amp;hapos=1&amp;sr_order=popularity&amp;srpvid=7c9c48ada4eb027a&amp;srepoch=1694773211&amp;from=searchresults&amp;map=1" class="a83ed08757 f88a5204c2 e0e11a8307 b98133fb50"><span><span class="f4bd0794db b4273d69aa" data-testid="address">Baguio</span><span class="f4bd0794db b4273d69aa">Show on map</span></span></a><span class="f4bd0794db"><span class="f419a93f12"><span aria-expanded="false" data-testid="distance">0.4 miles from Session Road</span></span></span></div></div><div class="abf093bdfe">Located in Baguio, within a 4-minute walk of Burnham Park and 0.8 miles of SM City Baguio, Metro Pines Inn has accommodations with a terrace and free WiFi throughout the property as well as free...</div></div></div><div class=""><div class="aca0ade214 ebac6e22e9 cd2e7d62b0 f920833fe5"><div class=""><div class="aca0ade214 a5f1aae5b2 cd2e7d62b0"><a target="_blank" rel="noopener noreferrer" data-testid="review-score-link" href="https://www.booking.com/hotel/ph/metro-pines-inn.html?ucfs=1&amp;arphpl=1&amp;dest_id=261060&amp;dest_type=landmark&amp;group_adults=2&amp;req_adults=2&amp;no_rooms=1&amp;group_children=0&amp;req_children=0&amp;hpos=1&amp;hapos=1&amp;sr_order=popularity&amp;srpvid=7c9c48ada4eb027a&amp;srepoch=1694773211&amp;from=searchresults#hotelTmpl" class="a83ed08757 f88a5204c2 aeccf0d865 b98133fb50"><span><div data-testid="review-score" class="aca0ade214 aaf30230d9 e1ffac4e41 e7d9f93f4d d79e71457a d5fd510f01 dc7f26e57f"><div aria-label="Scored 7.5 " class="a3b8729ab1 d86cee9b25">7.5</div><div class="aaee4e7cd3 e7a57abb1e a29749fd9f"><div aria-label="Good" class="a3b8729ab1 e6208ee469 cb2cbb3ccb">Good<!-- --> </div><div class="abf093bdfe f45d8e4c32 d935416c47">903 reviews</div></div></div></span></a></div></div><div><span class="f419a93f12"><button aria-expanded="false" type="button" class="a83ed08757 c21c56c305 a4c1805887 ab98298258 deab83296e c082d89982"><span class="e4adce92df">Show prices</span></button></span></div></div></div></div></div></div></div></div><div class="ea6e492f88"></div></div><div class="bea018f16c"><div></div></div><div data-testid="property-card" class="c82435a4b8 a178069f51 a6ae3c2b40 a18aeea94d d794b7a0f7 f53e278e95 da89aeb942" style="--bui_box_padding--s:4"><div class="d20f4628d0"><div class="f9d4f2568d"><div class="c90a25d457"><a href="https://www.booking.com/hotel/ph/g1lodge.html?ucfs=1&amp;arphpl=1&amp;dest_id=261060&amp;dest_type=landmark&amp;group_adults=2&amp;req_adults=2&amp;no_rooms=1&amp;group_children=0&amp;req_children=0&amp;hpos=2&amp;hapos=2&amp;sr_order=popularity&amp;srpvid=7c9c48ada4eb027a&amp;srepoch=1694773211&amp;from=searchresults#hotelTmpl" target="_blank" rel="noopener noreferrer" tabindex="-1" aria-hidden="true" data-testid="property-card-desktop-single-image"><img src="https://cf.bstatic.com/xdata/images/hotel/square200/144260728.jpg?k=0b637d88f0c5c77cf238acf0f9bb7c91d6cc7157f581097cf778869ceebf1484&amp;o=" alt="G1 Lodge" width="200" height="200" class="b8b0793b0e" data-testid="image"/></a><div class="d226e2f1b9"><span class="f419a93f12"><button class="f41101cd39" aria-expanded="false" data-testid="wishlist-button"><span data-testid="wishlist-icon" class="fcd9eec8fb c422d77911 d24fc26e73" aria-hidden="true"><svg viewBox="0 0 128 128" width="1em" height="1em"><path d="M64 112a3.6 3.6 0 0 1-2-.5 138.8 138.8 0 0 1-44.2-38c-10-14.4-10.6-26-9.4-33.2a29 29 0 0 1 22.9-23.7c11.9-2.4 24 2.5 32.7 13a33.7 33.7 0 0 1 32.7-13 29 29 0 0 1 22.8 23.7c1.3 7.2.6 18.8-9.3 33.3-9.1 13.1-24 25.9-44.2 37.9a3.6 3.6 0 0 1-2 .5z"></path></svg></span></button></span></div></div></div><div class="b978843432"><div class="aca0ade214 aaf30230d9 cd2e7d62b0 f996d8c258"><div class=""><div class="aca0ade214 c9835feea9 c2931f4182 d79e71457a d14b211b4f"><div class="aaee4e7cd3 e7a57abb1e"><div class="aca0ade214 a5f1aae5b2 cd2e7d62b0"><div><div class="dd023375f5"><h3 class="a4225678b2"><a href="https://www.booking.com/hotel/ph/g1lodge.html?ucfs=1&amp;arphpl=1&amp;dest_id=261060&amp;dest_type=landmark&amp;group_adults=2&amp;req_adults=2&amp;no_rooms=1&amp;group_children=0&amp;req_children=0&amp;hpos=2&amp;hapos=2&amp;sr_order=popularity&amp;srpvid=7c9c48ada4eb027a&amp;srepoch=1694773211&amp;from=searchresults#hotelTmpl" class="e13098a59f" target="_blank" rel="noopener noreferrer" data-testid="title-link"><div data-testid="title" class="f6431b446c a23c043802">G1 Lodge</div><div class="ac4a7896c7">Opens in new window</div></a></h3><span class="f419a93f12"><span aria-expanded="false" tabindex="0" role="button" data-testid="preferred-badge"><span role="img" class="fcd9eec8fb c79b3cbed2 c2cc050fb8 e410954d4b" aria-label="This property is part of our Preferred Partner Program. It&#x27;s committed to providing excellent service and good value. It’ll pay us a higher commission if you make a booking."><svg viewBox="0 0 128 128" width="1em" height="1em"><path d="M112 8H16a8 8 0 0 0-8 8v96a8 8 0 0 0 8 8h96a8 8 0 0 0 8-8V16a8 8 0 0 0-8-8zM48 96H24V58h24zm56-25a8.7 8.7 0 0 1-2 6 8.9 8.9 0 0 1 1 4 6.9 6.9 0 0 1-5 7c-.5 4-4.8 8-9 8H56V58l10.3-23.3a5.4 5.4 0 0 1 10.1 2.7 10.3 10.3 0 0 1-.6 2.7L72 52h23c4.5 0 9 3.5 9 8a9.2 9.2 0 0 1-2 5.3 7.5 7.5 0 0 1 2 5.7z"></path></svg></span></span></span></div></div><div><div class="abf093bdfe a1fbd102d9"><a target="_blank" rel="noopener noreferrer" href="https://www.booking.com/hotel/ph/g1lodge.html?ucfs=1&amp;arphpl=1&amp;dest_id=261060&amp;dest_type=landmark&amp;group_adults=2&amp;req_adults=2&amp;no_rooms=1&amp;group_children=0&amp;req_children=0&amp;hpos=2&amp;hapos=2&amp;sr_order=popularity&amp;srpvid=7c9c48ada4eb027a&amp;srepoch=1694773211&amp;from=searchresults&amp;map=1" class="a83ed08757 f88a5204c2 e0e11a8307 b98133fb50"><span><span class="f4bd0794db b4273d69aa" data-testid="address">Baguio</span><span class="f4bd0794db b4273d69aa">Show on map</span></span></a><span class="f4bd0794db"><span class="f419a93f12"><span aria-expanded="false" data-testid="distance">0.2 miles from Session Road</span></span></span></div></div><div class="abf093bdfe">Featuring a garden, G1 Lodge is located in Baguio in the Luzon region, a 3-minute walk from SM City Baguio and 0.7 miles from Mines View Park. </div></div></div><div class=""><div class="aca0ade214 ebac6e22e9 cd2e7d62b0 f920833fe5"><div class=""><div class="aca0ade214 a5f1aae5b2 cd2e7d62b0"><a target="_blank" rel="noopener noreferrer" data-testid="review-score-link" href="https://www.booking.com/hotel/ph/g1lodge.html?ucfs=1&amp;arphpl=1&amp;dest_id=261060&amp;dest_type=landmark&amp;group_adults=2&amp;req_adults=2&amp;no_rooms=1&amp;group_children=0&amp;req_children=0&amp;hpos=2&amp;hapos=2&amp;sr_order=popularity&amp;srpvid=7c9c48ada4eb027a&amp;srepoch=1694773211&amp;from=searchresults#hotelTmpl" class="a83ed08757 f88a5204c2 aeccf0d865 b98133fb50"><span><div data-testid="review-score" class="aca0ade214 aaf30230d9 e1ffac4e41 e7d9f93f4d d79e71457a d5fd510f01 dc7f26e57f"><div aria-label="Scored 8.3 " class="a3b8729ab1 d86cee9b25">8.3</div><div class="aaee4e7cd3 e7a57abb1e a29749fd9f"><div aria-label="Very Good" class="a3b8729ab1 e6208ee469 cb2cbb3ccb">Very Good<!-- --> </div><div class="abf093bdfe f45d8e4c32 d935416c47">529 reviews</div></div></div></span></a><div><a target="_blank" rel="noopener noreferrer" data-testid="secondary-review-score-link" aria-label="Location: Scored 9.5 " href="https://www.booking.com/hotel/ph/g1lodge.html?ucfs=1&amp;arphpl=1&amp;dest_id=261060&amp;dest_type=landmark&amp;group_adults=2&amp;req_adults=2&amp;no_rooms=1&amp;group_children=0&amp;req_children=0&amp;hpos=2&amp;hapos=2&amp;sr_order=popularity&amp;srpvid=7c9c48ada4eb027a&amp;srepoch=1694773211&amp;from=searchresults#hotelTmpl" class="a83ed08757 f88a5204c2 b98133fb50"><span><span class="a3332d346a">Location<!-- --> <!-- -->9.5</span></span></a></div></div></div><div><span class="f419a93f12"><button aria-expanded="false" type="button" class="a83ed08757 c21c56c305 a4c1805887 ab98298258 deab83296e c082d89982"><span class="e4adce92df">Show prices</span></button></span></div></div></div></div></div></div></div></div><div class="ea6e492f88"></div></div><div class="bea018f16c"><div></div></div><div data-testid="property-card" class="c82435a4b8 a178069f51 a6ae3c2b40 a18aeea94d d794b7a0f7 f53e278e95 da89aeb942" style="--bui_box_padding--s:4"><div class="d20f4628d0"><div class="f9d4f2568d"><div class="c90a25d457"><a href="https://www.booking.com/hotel/ph/a-baguio.html?ucfs=1&amp;arphpl=1&amp;dest_id=261060&amp;dest_type=landmark&amp;group_adults=2&amp;req_adults=2&amp;no_rooms=1&amp;group_children=0&amp;req_children=0&amp;hpos=3&amp;hapos=3&amp;sr_order=popularity&amp;srpvid=7c9c48ada4eb027a&amp;srepoch=1694773211&amp;from=searchresults#hotelTmpl" target="_blank" rel="noopener noreferrer" tabindex="-1" aria-hidden="true" data-testid="property-card-desktop-single-image"><img src="https://cf.bstatic.com/xdata/images/hotel/square200/66408751.jpg?k=f3b37a1f3cc7267e0db49f62be96873a6e3c1395d74b793abc525712d76f466f&amp;o=" alt="A Hotel Baguio" width="200" height="200" class="b8b0793b0e" data-testid="image"/></a><div class="d226e2f1b9"><span class="f419a93f12"><button class="f41101cd39" aria-expanded="false" data-testid="wishlist-button"><span data-testid="wishlist-icon" class="fcd9eec8fb c422d77911 d24fc26e73" aria-hidden="true"><svg viewBox="0 0 128 128" width="1em" height="1em"><path d="M64 112a3.6 3.6 0 0 1-2-.5 138.8 138.8 0 0 1-44.2-38c-10-14.4-10.6-26-9.4-33.2a29 29 0 0 1 22.9-23.7c11.9-2.4 24 2.5 32.7 13a33.7 33.7 0 0 1 32.7-13 29 29 0 0 1 22.8 23.7c1.3 7.2.6 18.8-9.3 33.3-9.1 13.1-24 25.9-44.2 37.9a3.6 3.6 0 0 1-2 .5z"></path></svg></span></button></span></div></div></div><div class="b978843432"><div class="aca0ade214 aaf30230d9 cd2e7d62b0 f996d8c258"><div class=""><div class="aca0ade214 c9835feea9 c2931f4182 d79e71457a d14b211b4f"><div class="aaee4e7cd3 e7a57abb1e"><div class="aca0ade214 a5f1aae5b2 cd2e7d62b0"><div><div class="dd023375f5"><h3 class="a4225678b2"><a href="https://www.booking.com/hotel/ph/a-baguio.html?ucfs=1&amp;arphpl=1&amp;dest_id=261060&amp;dest_type=landmark&amp;group_adults=2&amp;req_adults=2&amp;no_rooms=1&amp;group_children=0&amp;req_children=0&amp;hpos=3&amp;hapos=3&amp;sr_order=popularity&amp;srpvid=7c9c48ada4eb027a&amp;srepoch=1694773211&amp;from=searchresults#hotelTmpl" class="e13098a59f" target="_blank" rel="noopener noreferrer" data-testid="title-link"><div data-testid="title" class="f6431b446c a23c043802">A Hotel Baguio</div><div class="ac4a7896c7">Opens in new window</div></a></h3><span class="f419a93f12"><span aria-expanded="false" tabindex="0" role="button" data-testid="preferred-badge"><span role="img" class="fcd9eec8fb c79b3cbed2 c2cc050fb8 e410954d4b" aria-label="This property is part of our Preferred Partner Program. It&#x27;s committed to providing excellent service and good value. It’ll pay us a higher commission if you make a booking."><svg viewBox="0 0 128 128" width="1em" height="1em"><path d="M112 8H16a8 8 0 0 0-8 8v96a8 8 0 0 0 8 8h96a8 8 0 0 0 8-8V16a8 8 0 0 0-8-8zM48 96H24V58h24zm56-25a8.7 8.7 0 0 1-2 6 8.9 8.9 0 0 1 1 4 6.9 6.9 0 0 1-5 7c-.5 4-4.8 8-9 8H56V58l10.3-23.3a5.4 5.4 0 0 1 10.1 2.7 10.3 10.3 0 0 1-.6 2.7L72 52h23c4.5 0 9 3.5 9 8a9.2 9.2 0 0 1-2 5.3 7.5 7.5 0 0 1 2 5.7z"></path></svg></span></span></span></div></div><div><div class="abf093bdfe a1fbd102d9"><a target="_blank" rel="noopener noreferrer" href="https://www.booking.com/hotel/ph/a-baguio.html?ucfs=1&amp;arphpl=1&amp;dest_id=261060&amp;dest_type=landmark&amp;group_adults=2&amp;req_adults=2&amp;no_rooms=1&amp;group_children=0&amp;req_children=0&amp;hpos=3&amp;hapos=3&amp;sr_order=popularity&amp;srpvid=7c9c48ada4eb027a&amp;srepoch=1694773211&amp;from=searchresults&amp;map=1" class="a83ed08757 f88a5204c2 e0e11a8307 b98133fb50"><span><span class="f4bd0794db b4273d69aa" data-testid="address">Baguio</span><span class="f4bd0794db b4273d69aa">Show on map</span></span></a><span class="f4bd0794db"><span class="f419a93f12"><span aria-expanded="false" data-testid="distance">0.3 miles from Session Road</span></span></span></div></div><div class="abf093bdfe">Located in the Baguio, 8-minute walk to Burnham Park and 2625 feet from Mines View Park, featuring a restaurant on site, free parking, and a 24-hour front desk. </div></div></div><div class=""><div class="aca0ade214 ebac6e22e9 cd2e7d62b0 f920833fe5"><div class=""><div class="aca0ade214 a5f1aae5b2 cd2e7d62b0"><a target="_blank" rel="noopener noreferrer" data-testid="review-score-link" href="https://www.booking.com/hotel/ph/a-baguio.html?ucfs=1&amp;arphpl=1&amp;dest_id=261060&amp;dest_type=landmark&amp;group_adults=2&amp;req_adults=2&amp;no_rooms=1&amp;group_children=0&amp;req_children=0&amp;hpos=3&amp;hapos=3&amp;sr_order=popularity&amp;srpvid=7c9c48ada4eb027a&amp;srepoch=1694773211&amp;from=searchresults#hotelTmpl" class="a83ed08757 f88a5204c2 aeccf0d865 b98133fb50"><span><div data-testid="review-score" class="aca0ade214 aaf30230d9 e1ffac4e41 e7d9f93f4d d79e71457a d5fd510f01 dc7f26e57f"><div aria-label="Scored 7.7 " class="a3b8729ab1 d86cee9b25">7.7</div><div class="aaee4e7cd3 e7a57abb1e a29749fd9f"><div aria-label="Good" class="a3b8729ab1 e6208ee469 cb2cbb3ccb">Good<!-- --> </div><div class="abf093bdfe f45d8e4c32 d935416c47">298 reviews</div></div></div></span></a></div></div><div><span class="f419a93f12"><button aria-expanded="false" type="button" class="a83ed08757 c21c56c305 a4c1805887 ab98298258 deab83296e c082d89982"><span class="e4adce92df">Show prices</span></button></span></div></div></div></div></div></div></div></div><div class="ea6e492f88"></div></div><div></div><div class="bea018f16c"><div></div></div><div data-testid="property-card" class="c82435a4b8 a178069f51 a6ae3c2b40 a18aeea94d d794b7a0f7 f53e278e95 da89aeb942" style="--bui_box_padding--s:4"><div class="d20f4628d0"><div class="f9d4f2568d"><div class="c90a25d457"><a href="https://www.booking.com/hotel/ph/cedar-peak-condominium-by-tripsters-hub.html?ucfs=1&amp;arphpl=1&amp;dest_id=261060&amp;dest_type=landmark&amp;group_adults=2&amp;req_adults=2&amp;no_rooms=1&amp;group_children=0&amp;req_children=0&amp;hpos=4&amp;hapos=4&amp;sr_order=popularity&amp;srpvid=7c9c48ada4eb027a&amp;srepoch=1694773211&amp;from=searchresults#hotelTmpl" target="_blank" rel="noopener noreferrer" tabindex="-1" aria-hidden="true" data-testid="property-card-desktop-single-image"><img src="https://cf.bstatic.com/xdata/images/hotel/square200/149647987.jpg?k=4629ea876742996f55c6f74d78422d44ff317203b7be74fb20a080f2ef2a6df1&amp;o=" alt="Cedar Peak Condominium by Tripsters Hub" width="200" height="200" class="b8b0793b0e" data-testid="image"/></a><div class="d226e2f1b9"><span class="f419a93f12"><button class="f41101cd39" aria-expanded="false" data-testid="wishlist-button"><span data-testid="wishlist-icon" class="fcd9eec8fb c422d77911 d24fc26e73" aria-hidden="true"><svg viewBox="0 0 128 128" width="1em" height="1em"><path d="M64 112a3.6 3.6 0 0 1-2-.5 138.8 138.8 0 0 1-44.2-38c-10-14.4-10.6-26-9.4-33.2a29 29 0 0 1 22.9-23.7c11.9-2.4 24 2.5 32.7 13a33.7 33.7 0 0 1 32.7-13 29 29 0 0 1 22.8 23.7c1.3 7.2.6 18.8-9.3 33.3-9.1 13.1-24 25.9-44.2 37.9a3.6 3.6 0 0 1-2 .5z"></path></svg></span></button></span></div></div></div><div class="b978843432"><div class="aca0ade214 aaf30230d9 cd2e7d62b0 f996d8c258"><div class=""><div class="aca0ade214 c9835feea9 c2931f4182 d79e71457a d14b211b4f"><div class="aaee4e7cd3 e7a57abb1e"><div class="aca0ade214 a5f1aae5b2 cd2e7d62b0"><div><div class="dd023375f5"><h3 class="a4225678b2"><a href="https://www.booking.com/hotel/ph/cedar-peak-condominium-by-tripsters-hub.html?ucfs=1&amp;arphpl=1&amp;dest_id=261060&amp;dest_type=landmark&amp;group_adults=2&amp;req_adults=2&amp;no_rooms=1&amp;group_children=0&amp;req_children=0&amp;hpos=4&amp;hapos=4&amp;sr_order=popularity&amp;srpvid=7c9c48ada4eb027a&amp;srepoch=1694773211&amp;from=searchresults#hotelTmpl" class="e13098a59f" target="_blank" rel="noopener noreferrer" data-testid="title-link"><div data-testid="title" class="f6431b446c a23c043802">Cedar Peak Condominium by Tripsters Hub</div><div class="ac4a7896c7">Opens in new window</div></a></h3><span class="f419a93f12"><span aria-expanded="false" tabindex="0" role="button" data-testid="preferred-badge"><span role="img" class="fcd9eec8fb c79b3cbed2 c2cc050fb8 e410954d4b" aria-label="This property is part of our Preferred Partner Program. It&#x27;s committed to providing excellent service and good value. It’ll pay us a higher commission if you make a booking."><svg viewBox="0 0 128 128" width="1em" height="1em"><path d="M112 8H16a8 8 0 0 0-8 8v96a8 8 0 0 0 8 8h96a8 8 0 0 0 8-8V16a8 8 0 0 0-8-8zM48 96H24V58h24zm56-25a8.7 8.7 0 0 1-2 6 8.9 8.9 0 0 1 1 4 6.9 6.9 0 0 1-5 7c-.5 4-4.8 8-9 8H56V58l10.3-23.3a5.4 5.4 0 0 1 10.1 2.7 10.3 10.3 0 0 1-.6 2.7L72 52h23c4.5 0 9 3.5 9 8a9.2 9.2 0 0 1-2 5.3 7.5 7.5 0 0 1 2 5.7z"></path></svg></span></span></span></div></div><div><div class="abf093bdfe a1fbd102d9"><a target="_blank" rel="noopener noreferrer" href="https://www.booking.com/hotel/ph/cedar-peak-condominium-by-tripsters-hub.html?ucfs=1&amp;arphpl=1&amp;dest_id=261060&amp;dest_type=landmark&amp;group_adults=2&amp;req_adults=2&amp;no_rooms=1&amp;group_children=0&amp;req_children=0&amp;hpos=4&amp;hapos=4&amp;sr_order=popularity&amp;srpvid=7c9c48ada4eb027a&amp;srepoch=1694773211&amp;from=searchresults&amp;map=1" class="a83ed08757 f88a5204c2 e0e11a8307 b98133fb50"><span><span class="f4bd0794db b4273d69aa" data-testid="address">Baguio</span><span class="f4bd0794db b4273d69aa">Show on map</span></span></a><span class="f4bd0794db"><span class="f419a93f12"><span aria-expanded="false" data-testid="distance">0.2 miles from Session Road</span></span></span></div></div><div class="abf093bdfe">Located in Baguio, a 7-minute walk from Burnham Park and half a mile from SM City Baguio, Cedar Peak Condominium by Tripsters Hub provides a restaurant, city views and free Wifi. </div></div></div><div class=""><div class="aca0ade214 ebac6e22e9 cd2e7d62b0 f920833fe5"><div class=""><div class="aca0ade214 a5f1aae5b2 cd2e7d62b0"><a target="_blank" rel="noopener noreferrer" data-testid="review-score-link" href="https://www.booking.com/hotel/ph/cedar-peak-condominium-by-tripsters-hub.html?ucfs=1&amp;arphpl=1&amp;dest_id=261060&amp;dest_type=landmark&amp;group_adults=2&amp;req_adults=2&amp;no_rooms=1&amp;group_children=0&amp;req_children=0&amp;hpos=4&amp;hapos=4&amp;sr_order=popularity&amp;srpvid=7c9c48ada4eb027a&amp;srepoch=1694773211&amp;from=searchresults#hotelTmpl" class="a83ed08757 f88a5204c2 aeccf0d865 b98133fb50"><span><div data-testid="review-score" class="aca0ade214 aaf30230d9 e1ffac4e41 e7d9f93f4d d79e71457a d5fd510f01 dc7f26e57f"><div aria-label="Scored 7.7 " class="a3b8729ab1 d86cee9b25">7.7</div><div class="aaee4e7cd3 e7a57abb1e a29749fd9f"><div aria-label="Good" class="a3b8729ab1 e6208ee469 cb2cbb3ccb">Good<!-- --> </div><div class="abf093bdfe f45d8e4c32 d935416c47">269 reviews</div></div></div></span></a></div></div><div><span class="f419a93f12"><button aria-expanded="false" type="button" class="a83ed08757 c21c56c305 a4c1805887 ab98298258 deab83296e c082d89982"><span class="e4adce92df">Show prices</span></button></span></div></div></div></div></div></div></div></div><div class="ea6e492f88"></div></div><div class="bea018f16c"><div></div></div><div data-testid="property-card" class="c82435a4b8 a178069f51 a6ae3c2b40 a18aeea94d d794b7a0f7 f53e278e95 da89aeb942" style="--bui_box_padding--s:4"><div class="d20f4628d0"><div class="f9d4f2568d"><div class="c90a25d457"><a href="https://www.booking.com/hotel/ph/microtel-baguio.html?ucfs=1&amp;arphpl=1&amp;dest_id=261060&amp;dest_type=landmark&amp;group_adults=2&amp;req_adults=2&amp;no_rooms=1&amp;group_children=0&amp;req_children=0&amp;hpos=5&amp;hapos=5&amp;sr_order=popularity&amp;srpvid=7c9c48ada4eb027a&amp;srepoch=1694773211&amp;from_sustainable_property_sr=1&amp;from=searchresults#hotelTmpl" target="_blank" rel="noopener noreferrer" tabindex="-1" aria-hidden="true" data-testid="property-card-desktop-single-image"><img src="https://cf.bstatic.com/xdata/images/hotel/square200/435833372.jpg?k=f5427a01bac15ccd27be003de561e2535e28e0775a735e043ec6cb04a00b7963&amp;o=" alt="Microtel by Wyndham Baguio" width="200" height="200" class="b8b0793b0e" data-testid="image"/></a><div class="d226e2f1b9"><span class="f419a93f12"><button class="f41101cd39" aria-expanded="false" data-testid="wishlist-button"><span data-testid="wishlist-icon" class="fcd9eec8fb c422d77911 d24fc26e73" aria-hidden="true"><svg viewBox="0 0 128 128" width="1em" height="1em"><path d="M64 112a3.6 3.6 0 0 1-2-.5 138.8 138.8 0 0 1-44.2-38c-10-14.4-10.6-26-9.4-33.2a29 29 0 0 1 22.9-23.7c11.9-2.4 24 2.5 32.7 13a33.7 33.7 0 0 1 32.7-13 29 29 0 0 1 22.8 23.7c1.3 7.2.6 18.8-9.3 33.3-9.1 13.1-24 25.9-44.2 37.9a3.6 3.6 0 0 1-2 .5z"></path></svg></span></button></span></div></div></div><div class="b978843432"><div class="aca0ade214 aaf30230d9 cd2e7d62b0 f996d8c258"><div class=""><div class="aca0ade214 c9835feea9 c2931f4182 d79e71457a d14b211b4f"><div class="aaee4e7cd3 e7a57abb1e"><div class="aca0ade214 a5f1aae5b2 cd2e7d62b0"><div><div class="dd023375f5"><h3 class="a4225678b2"><a href="https://www.booking.com/hotel/ph/microtel-baguio.html?ucfs=1&amp;arphpl=1&amp;dest_id=261060&amp;dest_type=landmark&amp;group_adults=2&amp;req_adults=2&amp;no_rooms=1&amp;group_children=0&amp;req_children=0&amp;hpos=5&amp;hapos=5&amp;sr_order=popularity&amp;srpvid=7c9c48ada4eb027a&amp;srepoch=1694773211&amp;from_sustainable_property_sr=1&amp;from=searchresults#hotelTmpl" class="e13098a59f" target="_blank" rel="noopener noreferrer" data-testid="title-link"><div data-testid="title" class="f6431b446c a23c043802">Microtel by Wyndham Baguio</div><div class="ac4a7896c7">Opens in new window</div></a></h3><span class="f419a93f12"><span aria-expanded="false" tabindex="0" role="button" data-testid="preferred-badge"><span role="img" class="fcd9eec8fb c79b3cbed2 c2cc050fb8 e410954d4b" aria-label="This property is part of our Preferred Partner Program. It&#x27;s committed to providing excellent service and good value. It’ll pay us a higher commission if you make a booking."><svg viewBox="0 0 128 128" width="1em" height="1em"><path d="M112 8H16a8 8 0 0 0-8 8v96a8 8 0 0 0 8 8h96a8 8 0 0 0 8-8V16a8 8 0 0 0-8-8zM48 96H24V58h24zm56-25a8.7 8.7 0 0 1-2 6 8.9 8.9 0 0 1 1 4 6.9 6.9 0 0 1-5 7c-.5 4-4.8 8-9 8H56V58l10.3-23.3a5.4 5.4 0 0 1 10.1 2.7 10.3 10.3 0 0 1-.6 2.7L72 52h23c4.5 0 9 3.5 9 8a9.2 9.2 0 0 1-2 5.3 7.5 7.5 0 0 1 2 5.7z"></path></svg></span></span></span></div></div><div><div class="abf093bdfe a1fbd102d9"><a target="_blank" rel="noopener noreferrer" href="https://www.booking.com/hotel/ph/microtel-baguio.html?ucfs=1&amp;arphpl=1&amp;dest_id=261060&amp;dest_type=landmark&amp;group_adults=2&amp;req_adults=2&amp;no_rooms=1&amp;group_children=0&amp;req_children=0&amp;hpos=5&amp;hapos=5&amp;sr_order=popularity&amp;srpvid=7c9c48ada4eb027a&amp;srepoch=1694773211&amp;from_sustainable_property_sr=1&amp;from=searchresults&amp;map=1" class="a83ed08757 f88a5204c2 e0e11a8307 b98133fb50"><span><span class="f4bd0794db b4273d69aa" data-testid="address">Baguio</span><span class="f4bd0794db b4273d69aa">Show on map</span></span></a><span class="f4bd0794db"><span class="f419a93f12"><span aria-expanded="false" data-testid="distance">0.5 miles from Session Road</span></span></span></div></div><div><span data-testid="badge-sustainability" class="abf093bdfe c147fc6dd1 b81491d8c4 d18b4a6026"><span class="b30f8eb2d6"><div class="fba3ab9fd6"><span class="fcd9eec8fb f8ecfc5adb bf9a32efa5 a229b4a525" aria-hidden="true"><svg xmlns="http://www.w3.org/2000/svg" viewBox="0 0 72 24"><path d="M16.29 19.72c4.22-4.22 8.4-17.56 6.7-19.26S7.95 2.93 3.73 7.16C.67 10.22.62 15.58 3.5 18.98L15.62 6.86c.29-.29.77-.29 1.06 0s.29.77 0 1.06L4.57 20.03l-2.14 2.14c-.29.29-.29.77 0 1.06s.77.29 1.06 0l2.34-2.34c3.34 1.88 7.78 1.51 10.46-1.17ZM70.99.46c-1.15-1.16-6.85.55-8.56 1.11-2.26.73-7.83 2.73-10.7 5.6-1.5 1.5-2.36 3.69-2.35 6.01 0 2.18.76 4.21 2.12 5.81l-3.18 3.18c-.29.29-.29.77 0 1.06.15.15.34.22.53.22s.38-.07.53-.22l3.18-3.18c1.64 1.35 3.72 2.04 5.78 2.04 2.2 0 4.37-.78 5.94-2.35 2.87-2.87 4.87-8.44 5.6-10.7.55-1.72 2.27-7.41 1.1-8.57Zm-7.76 18.21c-2.21 2.21-6.54 2.77-9.6.31L64.68 7.93c.29-.29.29-.77 0-1.06s-.77-.29-1.06 0L52.56 17.93c-1.08-1.31-1.67-2.97-1.68-4.75 0-1.93.69-3.73 1.91-4.95 3.87-3.87 14.19-6.68 16.78-6.68.13 0 .24 0 .33.02.31 1.85-2.59 13.03-6.67 17.11ZM40.29 19.72c4.23-4.23 8.41-17.56 6.7-19.26s-15.04 2.48-19.26 6.7c-3.06 3.06-3.11 8.42-.23 11.82L39.62 6.86c.29-.29.77-.29 1.06 0s.29.77 0 1.06L28.57 20.03l-2.14 2.14c-.29.29-.29.77 0 1.06s.77.29 1.06 0l2.34-2.34c3.34 1.88 7.78 1.51 10.46-1.17Z"></path></svg></span><span class="abf093bdfe d068504c75 be09c104ad">Travel Sustainable Level 2</span></div></span></span></div><div class="abf093bdfe">Centrally located in Baguio City, 1.2 mi from Camp John Hay and 1.7 mi from Wright Park, Microtel by Wyndham Baguio features an on site restaurant and free WiFi throughout the property. </div></div></div><div class=""><div class="aca0ade214 ebac6e22e9 cd2e7d62b0 f920833fe5"><div class=""><div class="aca0ade214 a5f1aae5b2 cd2e7d62b0"><a target="_blank" rel="noopener noreferrer" data-testid="review-score-link" href="https://www.booking.com/hotel/ph/microtel-baguio.html?ucfs=1&amp;arphpl=1&amp;dest_id=261060&amp;dest_type=landmark&amp;group_adults=2&amp;req_adults=2&amp;no_rooms=1&amp;group_children=0&amp;req_children=0&amp;hpos=5&amp;hapos=5&amp;sr_order=popularity&amp;srpvid=7c9c48ada4eb027a&amp;srepoch=1694773211&amp;from_sustainable_property_sr=1&amp;from=searchresults#hotelTmpl" class="a83ed08757 f88a5204c2 aeccf0d865 b98133fb50"><span><div data-testid="review-score" class="aca0ade214 aaf30230d9 e1ffac4e41 e7d9f93f4d d79e71457a d5fd510f01 dc7f26e57f"><div aria-label="Scored 8.0 " class="a3b8729ab1 d86cee9b25">8.0</div><div class="aaee4e7cd3 e7a57abb1e a29749fd9f"><div aria-label="Very Good" class="a3b8729ab1 e6208ee469 cb2cbb3ccb">Very Good<!-- --> </div><div class="abf093bdfe f45d8e4c32 d935416c47">553 reviews</div></div></div></span></a></div></div><div><span class="f419a93f12"><button aria-expanded="false" type="button" class="a83ed08757 c21c56c305 a4c1805887 ab98298258 deab83296e c082d89982"><span class="e4adce92df">Show prices</span></button></span></div></div></div></div></div></div></div></div><div class="ea6e492f88"></div></div><div class="bea018f16c"><div></div></div><div data-testid="property-card" class="c82435a4b8 a178069f51 a6ae3c2b40 a18aeea94d d794b7a0f7 f53e278e95 da89aeb942" style="--bui_box_padding--s:4"><div class="d20f4628d0"><div class="f9d4f2568d"><div class="c90a25d457"><a href="https://www.booking.com/hotel/ph/456.html?ucfs=1&amp;arphpl=1&amp;dest_id=261060&amp;dest_type=landmark&amp;group_adults=2&amp;req_adults=2&amp;no_rooms=1&amp;group_children=0&amp;req_children=0&amp;hpos=6&amp;hapos=6&amp;sr_order=popularity&amp;srpvid=7c9c48ada4eb027a&amp;srepoch=1694773211&amp;from_sustainable_property_sr=1&amp;from=searchresults#hotelTmpl" target="_blank" rel="noopener noreferrer" tabindex="-1" aria-hidden="true" data-testid="property-card-desktop-single-image"><img src="https://cf.bstatic.com/xdata/images/hotel/square200/244064110.jpg?k=a5ec2d55a2dc8bff4da5dac2a10be23df0896ee0dc1e73217d0df7b4f029bf5f&amp;o=" alt="456 Hotel" width="200" height="200" class="b8b0793b0e" data-testid="image"/></a><div class="d226e2f1b9"><span class="f419a93f12"><button class="f41101cd39" aria-expanded="false" data-testid="wishlist-button"><span data-testid="wishlist-icon" class="fcd9eec8fb c422d77911 d24fc26e73" aria-hidden="true"><svg viewBox="0 0 128 128" width="1em" height="1em"><path d="M64 112a3.6 3.6 0 0 1-2-.5 138.8 138.8 0 0 1-44.2-38c-10-14.4-10.6-26-9.4-33.2a29 29 0 0 1 22.9-23.7c11.9-2.4 24 2.5 32.7 13a33.7 33.7 0 0 1 32.7-13 29 29 0 0 1 22.8 23.7c1.3 7.2.6 18.8-9.3 33.3-9.1 13.1-24 25.9-44.2 37.9a3.6 3.6 0 0 1-2 .5z"></path></svg></span></button></span></div></div></div><div class="b978843432"><div class="aca0ade214 aaf30230d9 cd2e7d62b0 f996d8c258"><div class=""><div class="aca0ade214 c9835feea9 c2931f4182 d79e71457a d14b211b4f"><div class="aaee4e7cd3 e7a57abb1e"><div class="aca0ade214 a5f1aae5b2 cd2e7d62b0"><div><div class="dd023375f5"><h3 class="a4225678b2"><a href="https://www.booking.com/hotel/ph/456.html?ucfs=1&amp;arphpl=1&amp;dest_id=261060&amp;dest_type=landmark&amp;group_adults=2&amp;req_adults=2&amp;no_rooms=1&amp;group_children=0&amp;req_children=0&amp;hpos=6&amp;hapos=6&amp;sr_order=popularity&amp;srpvid=7c9c48ada4eb027a&amp;srepoch=1694773211&amp;from_sustainable_property_sr=1&amp;from=searchresults#hotelTmpl" class="e13098a59f" target="_blank" rel="noopener noreferrer" data-testid="title-link"><div data-testid="title" class="f6431b446c a23c043802">456 Hotel</div><div class="ac4a7896c7">Opens in new window</div></a></h3><span class="f419a93f12"><span aria-expanded="false" tabindex="0" role="button" data-testid="preferred-badge"><span role="img" class="fcd9eec8fb c79b3cbed2 c2cc050fb8 e410954d4b" aria-label="This property is part of our Preferred Partner Program. It&#x27;s committed to providing excellent service and good value. It’ll pay us a higher commission if you make a booking."><svg viewBox="0 0 128 128" width="1em" height="1em"><path d="M112 8H16a8 8 0 0 0-8 8v96a8 8 0 0 0 8 8h96a8 8 0 0 0 8-8V16a8 8 0 0 0-8-8zM48 96H24V58h24zm56-25a8.7 8.7 0 0 1-2 6 8.9 8.9 0 0 1 1 4 6.9 6.9 0 0 1-5 7c-.5 4-4.8 8-9 8H56V58l10.3-23.3a5.4 5.4 0 0 1 10.1 2.7 10.3 10.3 0 0 1-.6 2.7L72 52h23c4.5 0 9 3.5 9 8a9.2 9.2 0 0 1-2 5.3 7.5 7.5 0 0 1 2 5.7z"></path></svg></span></span></span></div></div><div><div class="abf093bdfe a1fbd102d9"><a target="_blank" rel="noopener noreferrer" href="https://www.booking.com/hotel/ph/456.html?ucfs=1&amp;arphpl=1&amp;dest_id=261060&amp;dest_type=landmark&amp;group_adults=2&amp;req_adults=2&amp;no_rooms=1&amp;group_children=0&amp;req_children=0&amp;hpos=6&amp;hapos=6&amp;sr_order=popularity&amp;srpvid=7c9c48ada4eb027a&amp;srepoch=1694773211&amp;from_sustainable_property_sr=1&amp;from=searchresults&amp;map=1" class="a83ed08757 f88a5204c2 e0e11a8307 b98133fb50"><span><span class="f4bd0794db b4273d69aa" data-testid="address">Baguio</span><span class="f4bd0794db b4273d69aa">Show on map</span></span></a><span class="f4bd0794db"><span class="f419a93f12"><span aria-expanded="false" data-testid="distance">0.5 miles from Session Road</span></span></span></div></div><div><span data-testid="badge-sustainability" class="abf093bdfe c147fc6dd1 b81491d8c4 d18b4a6026"><span class="b30f8eb2d6"><div class="fba3ab9fd6"><span class="fcd9eec8fb f8ecfc5adb bf9a32efa5 a229b4a525" aria-hidden="true"><svg xmlns="http://www.w3.org/2000/svg" viewBox="0 0 72 24"><path d="M16.29 19.72c4.22-4.22 8.4-17.56 6.7-19.26S7.95 2.93 3.73 7.16C.67 10.22.62 15.58 3.5 18.98L15.62 6.86c.29-.29.77-.29 1.06 0s.29.77 0 1.06L4.57 20.03l-2.14 2.14c-.29.29-.29.77 0 1.06s.77.29 1.06 0l2.34-2.34c3.34 1.88 7.78 1.51 10.46-1.17ZM46.99.46c-1.15-1.16-6.85.55-8.56 1.11-2.26.73-7.83 2.73-10.7 5.6-1.5 1.5-2.36 3.69-2.35 6.01 0 2.18.76 4.21 2.12 5.81l-3.18 3.18c-.29.29-.29.77 0 1.06.15.15.34.22.53.22s.38-.07.53-.22l3.18-3.18c1.64 1.35 3.72 2.04 5.78 2.04 2.2 0 4.37-.78 5.94-2.35 2.87-2.87 4.87-8.44 5.6-10.7.55-1.72 2.27-7.41 1.1-8.57Zm-7.76 18.21c-2.21 2.21-6.54 2.77-9.6.31L40.68 7.93c.29-.29.29-.77 0-1.06s-.77-.29-1.06 0L28.56 17.93c-1.08-1.31-1.67-2.97-1.68-4.75 0-1.93.69-3.73 1.91-4.95 3.87-3.87 14.19-6.68 16.78-6.68.13 0 .24 0 .33.02.31 1.85-2.59 13.03-6.67 17.11ZM70.99.46c-1.15-1.16-6.85.55-8.56 1.11-2.26.73-7.83 2.73-10.7 5.6-1.5 1.5-2.36 3.69-2.35 6.01 0 2.18.76 4.21 2.12 5.81l-3.18 3.18c-.29.29-.29.77 0 1.06.15.15.34.22.53.22s.38-.07.53-.22l3.18-3.18c1.64 1.35 3.72 2.04 5.78 2.04 2.2 0 4.37-.78 5.94-2.35 2.87-2.87 4.87-8.44 5.6-10.7.55-1.72 2.27-7.41 1.1-8.57Zm-7.76 18.21c-2.21 2.21-6.54 2.77-9.6.31L64.68 7.93c.29-.29.29-.77 0-1.06s-.77-.29-1.06 0L52.56 17.93c-1.08-1.31-1.67-2.97-1.68-4.75 0-1.93.69-3.73 1.91-4.95 3.87-3.87 14.19-6.68 16.78-6.68.13 0 .24 0 .33.02.31 1.85-2.59 13.03-6.67 17.11Z"></path></svg></span><span class="abf093bdfe d068504c75 be09c104ad">Travel Sustainable Level 1</span></div></span></span></div><div class="abf093bdfe">Located in Baguio, a 9-minute walk from Burnham Park, 456 Hotel has accommodations with a garden, free private parking, a terrace and a bar. </div></div></div><div class=""><div class="aca0ade214 ebac6e22e9 cd2e7d62b0 f920833fe5"><div class=""><div class="aca0ade214 a5f1aae5b2 cd2e7d62b0"><a target="_blank" rel="noopener noreferrer" data-testid="review-score-link" href="https://www.booking.com/hotel/ph/456.html?ucfs=1&amp;arphpl=1&amp;dest_id=261060&amp;dest_type=landmark&amp;group_adults=2&amp;req_adults=2&amp;no_rooms=1&amp;group_children=0&amp;req_children=0&amp;hpos=6&amp;hapos=6&amp;sr_order=popularity&amp;srpvid=7c9c48ada4eb027a&amp;srepoch=1694773211&amp;from_sustainable_property_sr=1&amp;from=searchresults#hotelTmpl" class="a83ed08757 f88a5204c2 aeccf0d865 b98133fb50"><span><div data-testid="review-score" class="aca0ade214 aaf30230d9 e1ffac4e41 e7d9f93f4d d79e71457a d5fd510f01 dc7f26e57f"><div aria-label="Scored 7.2 " class="a3b8729ab1 d86cee9b25">7.2</div><div class="aaee4e7cd3 e7a57abb1e a29749fd9f"><div aria-label="Good" class="a3b8729ab1 e6208ee469 cb2cbb3ccb">Good<!-- --> </div><div class="abf093bdfe f45d8e4c32 d935416c47">710 reviews</div></div></div></span></a></div></div><div><span class="f419a93f12"><button aria-expanded="false" type="button" class="a83ed08757 c21c56c305 a4c1805887 ab98298258 deab83296e c082d89982"><span class="e4adce92df">Show prices</span></button></span></div></div></div></div></div></div></div></div><div class="ea6e492f88"></div></div><div class="bea018f16c"><div></div></div><div data-testid="property-card" class="c82435a4b8 a178069f51 a6ae3c2b40 a18aeea94d d794b7a0f7 f53e278e95 da89aeb942" style="--bui_box_padding--s:4"><div class="d20f4628d0"><div class="f9d4f2568d"><div class="c90a25d457"><a href="https://www.booking.com/hotel/ph/venus-parkview.html?ucfs=1&amp;arphpl=1&amp;dest_id=261060&amp;dest_type=landmark&amp;group_adults=2&amp;req_adults=2&amp;no_rooms=1&amp;group_children=0&amp;req_children=0&amp;hpos=7&amp;hapos=7&amp;sr_order=popularity&amp;srpvid=7c9c48ada4eb027a&amp;srepoch=1694773211&amp;from_sustainable_property_sr=1&amp;from=searchresults#hotelTmpl" target="_blank" rel="noopener noreferrer" tabindex="-1" aria-hidden="true" data-testid="property-card-desktop-single-image"><img src="https://cf.bstatic.com/xdata/images/hotel/square200/218909813.jpg?k=a973fd3c2313458d3377dc4f9f9567340aca2d26e3b4cf5190ab13dd93393aad&amp;o=" alt="Venus Parkview Hotel" width="200" height="200" class="b8b0793b0e" data-testid="image"/></a><div class="d226e2f1b9"><span class="f419a93f12"><button class="f41101cd39" aria-expanded="false" data-testid="wishlist-button"><span data-testid="wishlist-icon" class="fcd9eec8fb c422d77911 d24fc26e73" aria-hidden="true"><svg viewBox="0 0 128 128" width="1em" height="1em"><path d="M64 112a3.6 3.6 0 0 1-2-.5 138.8 138.8 0 0 1-44.2-38c-10-14.4-10.6-26-9.4-33.2a29 29 0 0 1 22.9-23.7c11.9-2.4 24 2.5 32.7 13a33.7 33.7 0 0 1 32.7-13 29 29 0 0 1 22.8 23.7c1.3 7.2.6 18.8-9.3 33.3-9.1 13.1-24 25.9-44.2 37.9a3.6 3.6 0 0 1-2 .5z"></path></svg></span></button></span></div></div></div><div class="b978843432"><div class="aca0ade214 aaf30230d9 cd2e7d62b0 f996d8c258"><div class=""><div class="aca0ade214 c9835feea9 c2931f4182 d79e71457a d14b211b4f"><div class="aaee4e7cd3 e7a57abb1e"><div class="aca0ade214 a5f1aae5b2 cd2e7d62b0"><div><div class="dd023375f5"><h3 class="a4225678b2"><a href="https://www.booking.com/hotel/ph/venus-parkview.html?ucfs=1&amp;arphpl=1&amp;dest_id=261060&amp;dest_type=landmark&amp;group_adults=2&amp;req_adults=2&amp;no_rooms=1&amp;group_children=0&amp;req_children=0&amp;hpos=7&amp;hapos=7&amp;sr_order=popularity&amp;srpvid=7c9c48ada4eb027a&amp;srepoch=1694773211&amp;from_sustainable_property_sr=1&amp;from=searchresults#hotelTmpl" class="e13098a59f" target="_blank" rel="noopener noreferrer" data-testid="title-link"><div data-testid="title" class="f6431b446c a23c043802">Venus Parkview Hotel</div><div class="ac4a7896c7">Opens in new window</div></a></h3><span class="f419a93f12"><span aria-expanded="false" tabindex="0" role="button" data-testid="preferred-badge"><span role="img" class="fcd9eec8fb c79b3cbed2 c2cc050fb8 e410954d4b" aria-label="This property is part of our Preferred Partner Program. It&#x27;s committed to providing excellent service and good value. It’ll pay us a higher commission if you make a booking."><svg viewBox="0 0 128 128" width="1em" height="1em"><path d="M112 8H16a8 8 0 0 0-8 8v96a8 8 0 0 0 8 8h96a8 8 0 0 0 8-8V16a8 8 0 0 0-8-8zM48 96H24V58h24zm56-25a8.7 8.7 0 0 1-2 6 8.9 8.9 0 0 1 1 4 6.9 6.9 0 0 1-5 7c-.5 4-4.8 8-9 8H56V58l10.3-23.3a5.4 5.4 0 0 1 10.1 2.7 10.3 10.3 0 0 1-.6 2.7L72 52h23c4.5 0 9 3.5 9 8a9.2 9.2 0 0 1-2 5.3 7.5 7.5 0 0 1 2 5.7z"></path></svg></span></span></span></div></div><div><div class="abf093bdfe a1fbd102d9"><a target="_blank" rel="noopener noreferrer" href="https://www.booking.com/hotel/ph/venus-parkview.html?ucfs=1&amp;arphpl=1&amp;dest_id=261060&amp;dest_type=landmark&amp;group_adults=2&amp;req_adults=2&amp;no_rooms=1&amp;group_children=0&amp;req_children=0&amp;hpos=7&amp;hapos=7&amp;sr_order=popularity&amp;srpvid=7c9c48ada4eb027a&amp;srepoch=1694773211&amp;from_sustainable_property_sr=1&amp;from=searchresults&amp;map=1" class="a83ed08757 f88a5204c2 e0e11a8307 b98133fb50"><span><span class="f4bd0794db b4273d69aa" data-testid="address">Baguio</span><span class="f4bd0794db b4273d69aa">Show on map</span></span></a><span class="f4bd0794db"><span class="f419a93f12"><span aria-expanded="false" data-testid="distance">0.4 miles from Session Road</span></span></span></div></div><div><span data-testid="badge-sustainability" class="abf093bdfe c147fc6dd1 b81491d8c4 d18b4a6026"><span class="b30f8eb2d6"><div class="fba3ab9fd6"><span class="fcd9eec8fb f8ecfc5adb bf9a32efa5 a229b4a525" aria-hidden="true"><svg xmlns="http://www.w3.org/2000/svg" viewBox="0 0 72 24"><path d="M16.29 19.72c4.22-4.22 8.4-17.56 6.7-19.26S7.95 2.93 3.73 7.16C.67 10.22.62 15.58 3.5 18.98L15.62 6.86c.29-.29.77-.29 1.06 0s.29.77 0 1.06L4.57 20.03l-2.14 2.14c-.29.29-.29.77 0 1.06s.77.29 1.06 0l2.34-2.34c3.34 1.88 7.78 1.51 10.46-1.17ZM46.99.46c-1.15-1.16-6.85.55-8.56 1.11-2.26.73-7.83 2.73-10.7 5.6-1.5 1.5-2.36 3.69-2.35 6.01 0 2.18.76 4.21 2.12 5.81l-3.18 3.18c-.29.29-.29.77 0 1.06.15.15.34.22.53.22s.38-.07.53-.22l3.18-3.18c1.64 1.35 3.72 2.04 5.78 2.04 2.2 0 4.37-.78 5.94-2.35 2.87-2.87 4.87-8.44 5.6-10.7.55-1.72 2.27-7.41 1.1-8.57Zm-7.76 18.21c-2.21 2.21-6.54 2.77-9.6.31L40.68 7.93c.29-.29.29-.77 0-1.06s-.77-.29-1.06 0L28.56 17.93c-1.08-1.31-1.67-2.97-1.68-4.75 0-1.93.69-3.73 1.91-4.95 3.87-3.87 14.19-6.68 16.78-6.68.13 0 .24 0 .33.02.31 1.85-2.59 13.03-6.67 17.11ZM70.99.46c-1.15-1.16-6.85.55-8.56 1.11-2.26.73-7.83 2.73-10.7 5.6-1.5 1.5-2.36 3.69-2.35 6.01 0 2.18.76 4.21 2.12 5.81l-3.18 3.18c-.29.29-.29.77 0 1.06.15.15.34.22.53.22s.38-.07.53-.22l3.18-3.18c1.64 1.35 3.72 2.04 5.78 2.04 2.2 0 4.37-.78 5.94-2.35 2.87-2.87 4.87-8.44 5.6-10.7.55-1.72 2.27-7.41 1.1-8.57Zm-7.76 18.21c-2.21 2.21-6.54 2.77-9.6.31L64.68 7.93c.29-.29.29-.77 0-1.06s-.77-.29-1.06 0L52.56 17.93c-1.08-1.31-1.67-2.97-1.68-4.75 0-1.93.69-3.73 1.91-4.95 3.87-3.87 14.19-6.68 16.78-6.68.13 0 .24 0 .33.02.31 1.85-2.59 13.03-6.67 17.11Z"></path></svg></span><span class="abf093bdfe d068504c75 be09c104ad">Travel Sustainable Level 1</span></div></span></span></div><div class="abf093bdfe">Featuring free WiFi throughout the property, Venus Parkview Hotel is located in Baguio, 656 feet from Burnham Park. An in-house restaurant is available, while free parking is provided on site. </div></div></div><div class=""><div class="aca0ade214 ebac6e22e9 cd2e7d62b0 f920833fe5"><div class=""><div class="aca0ade214 a5f1aae5b2 cd2e7d62b0"><a target="_blank" rel="noopener noreferrer" data-testid="review-score-link" href="https://www.booking.com/hotel/ph/venus-parkview.html?ucfs=1&amp;arphpl=1&amp;dest_id=261060&amp;dest_type=landmark&amp;group_adults=2&amp;req_adults=2&amp;no_rooms=1&amp;group_children=0&amp;req_children=0&amp;hpos=7&amp;hapos=7&amp;sr_order=popularity&amp;srpvid=7c9c48ada4eb027a&amp;srepoch=1694773211&amp;from_sustainable_property_sr=1&amp;from=searchresults#hotelTmpl" class="a83ed08757 f88a5204c2 aeccf0d865 b98133fb50"><span><div data-testid="review-score" class="aca0ade214 aaf30230d9 e1ffac4e41 e7d9f93f4d d79e71457a d5fd510f01 dc7f26e57f"><div aria-label="Scored 8.2 " class="a3b8729ab1 d86cee9b25">8.2</div><div class="aaee4e7cd3 e7a57abb1e a29749fd9f"><div aria-label="Very Good" class="a3b8729ab1 e6208ee469 cb2cbb3ccb">Very Good<!-- --> </div><div class="abf093bdfe f45d8e4c32 d935416c47">170 reviews</div></div></div></span></a></div></div><div><span class="f419a93f12"><button aria-expanded="false" type="button" class="a83ed08757 c21c56c305 a4c1805887 ab98298258 deab83296e c082d89982"><span class="e4adce92df">Show prices</span></button></span></div></div></div></div></div></div></div></div><div class="ea6e492f88"></div></div><div class="bea018f16c"><div></div></div><div data-testid="property-card" class="c82435a4b8 a178069f51 a6ae3c2b40 a18aeea94d d794b7a0f7 f53e278e95 da89aeb942" style="--bui_box_padding--s:4"><div class="d20f4628d0"><div class="f9d4f2568d"><div class="c90a25d457"><a href="https://www.booking.com/hotel/ph/the-golden-pine.html?ucfs=1&amp;arphpl=1&amp;dest_id=261060&amp;dest_type=landmark&amp;group_adults=2&amp;req_adults=2&amp;no_rooms=1&amp;group_children=0&amp;req_children=0&amp;hpos=8&amp;hapos=8&amp;sr_order=popularity&amp;srpvid=7c9c48ada4eb027a&amp;srepoch=1694773211&amp;from=searchresults#hotelTmpl" target="_blank" rel="noopener noreferrer" tabindex="-1" aria-hidden="true" data-testid="property-card-desktop-single-image"><img src="https://cf.bstatic.com/xdata/images/hotel/square200/5075687.jpg?k=c6038582a41e4f7b37ca1c2cc21893d2cd66b7b0c72ae8f4764fb9aab31857c5&amp;o=" alt="The Golden Pine Hotel" width="200" height="200" class="b8b0793b0e" data-testid="image"/></a><div class="d226e2f1b9"><span class="f419a93f12"><button class="f41101cd39" aria-expanded="false" data-testid="wishlist-button"><span data-testid="wishlist-icon" class="fcd9eec8fb c422d77911 d24fc26e73" aria-hidden="true"><svg viewBox="0 0 128 128" width="1em" height="1em"><path d="M64 112a3.6 3.6 0 0 1-2-.5 138.8 138.8 0 0 1-44.2-38c-10-14.4-10.6-26-9.4-33.2a29 29 0 0 1 22.9-23.7c11.9-2.4 24 2.5 32.7 13a33.7 33.7 0 0 1 32.7-13 29 29 0 0 1 22.8 23.7c1.3 7.2.6 18.8-9.3 33.3-9.1 13.1-24 25.9-44.2 37.9a3.6 3.6 0 0 1-2 .5z"></path></svg></span></button></span></div></div></div><div class="b978843432"><div class="aca0ade214 aaf30230d9 cd2e7d62b0 f996d8c258"><div class=""><div class="aca0ade214 c9835feea9 c2931f4182 d79e71457a d14b211b4f"><div class="aaee4e7cd3 e7a57abb1e"><div class="aca0ade214 a5f1aae5b2 cd2e7d62b0"><div><div class="dd023375f5"><h3 class="a4225678b2"><a href="https://www.booking.com/hotel/ph/the-golden-pine.html?ucfs=1&amp;arphpl=1&amp;dest_id=261060&amp;dest_type=landmark&amp;group_adults=2&amp;req_adults=2&amp;no_rooms=1&amp;group_children=0&amp;req_children=0&amp;hpos=8&amp;hapos=8&amp;sr_order=popularity&amp;srpvid=7c9c48ada4eb027a&amp;srepoch=1694773211&amp;from=searchresults#hotelTmpl" class="e13098a59f" target="_blank" rel="noopener noreferrer" data-testid="title-link"><div data-testid="title" class="f6431b446c a23c043802">The Golden Pine Hotel</div><div class="ac4a7896c7">Opens in new window</div></a></h3><span class="f419a93f12"><span aria-expanded="false" tabindex="0" role="button" data-testid="preferred-badge"><span role="img" class="fcd9eec8fb c79b3cbed2 c2cc050fb8 e410954d4b" aria-label="This property is part of our Preferred Partner Program. It&#x27;s committed to providing excellent service and good value. It’ll pay us a higher commission if you make a booking."><svg viewBox="0 0 128 128" width="1em" height="1em"><path d="M112 8H16a8 8 0 0 0-8 8v96a8 8 0 0 0 8 8h96a8 8 0 0 0 8-8V16a8 8 0 0 0-8-8zM48 96H24V58h24zm56-25a8.7 8.7 0 0 1-2 6 8.9 8.9 0 0 1 1 4 6.9 6.9 0 0 1-5 7c-.5 4-4.8 8-9 8H56V58l10.3-23.3a5.4 5.4 0 0 1 10.1 2.7 10.3 10.3 0 0 1-.6 2.7L72 52h23c4.5 0 9 3.5 9 8a9.2 9.2 0 0 1-2 5.3 7.5 7.5 0 0 1 2 5.7z"></path></svg></span></span></span></div></div><div><div class="abf093bdfe a1fbd102d9"><a target="_blank" rel="noopener noreferrer" href="https://www.booking.com/hotel/ph/the-golden-pine.html?ucfs=1&amp;arphpl=1&amp;dest_id=261060&amp;dest_type=landmark&amp;group_adults=2&amp;req_adults=2&amp;no_rooms=1&amp;group_children=0&amp;req_children=0&amp;hpos=8&amp;hapos=8&amp;sr_order=popularity&amp;srpvid=7c9c48ada4eb027a&amp;srepoch=1694773211&amp;from=searchresults&amp;map=1" class="a83ed08757 f88a5204c2 e0e11a8307 b98133fb50"><span><span class="f4bd0794db b4273d69aa" data-testid="address">Baguio</span><span class="f4bd0794db b4273d69aa">Show on map</span></span></a><span class="f4bd0794db"><span class="f419a93f12"><span aria-expanded="false" data-testid="distance">0.5 miles from Session Road</span></span></span></div></div><div class="abf093bdfe">Offering rooms in the cool mountain city of Baguio, The Golden Pine Hotel is just a 5 minute walk from popular Burnham Park. It offers free Wi-Fi and free parking. </div></div></div><div class=""><div class="aca0ade214 ebac6e22e9 cd2e7d62b0 f920833fe5"><div class=""><div class="aca0ade214 a5f1aae5b2 cd2e7d62b0"><a target="_blank" rel="noopener noreferrer" data-testid="review-score-link" href="https://www.booking.com/hotel/ph/the-golden-pine.html?ucfs=1&amp;arphpl=1&amp;dest_id=261060&amp;dest_type=landmark&amp;group_adults=2&amp;req_adults=2&amp;no_rooms=1&amp;group_children=0&amp;req_children=0&amp;hpos=8&amp;hapos=8&amp;sr_order=popularity&amp;srpvid=7c9c48ada4eb027a&amp;srepoch=1694773211&amp;from=searchresults#hotelTmpl" class="a83ed08757 f88a5204c2 aeccf0d865 b98133fb50"><span><div data-testid="review-score" class="aca0ade214 aaf30230d9 e1ffac4e41 e7d9f93f4d d79e71457a d5fd510f01 dc7f26e57f"><div aria-label="Scored 7.7 " class="a3b8729ab1 d86cee9b25">7.7</div><div class="aaee4e7cd3 e7a57abb1e a29749fd9f"><div aria-label="Good" class="a3b8729ab1 e6208ee469 cb2cbb3ccb">Good<!-- --> </div><div class="abf093bdfe f45d8e4c32 d935416c47">76 reviews</div></div></div></span></a></div></div><div><span class="f419a93f12"><button aria-expanded="false" type="button" class="a83ed08757 c21c56c305 a4c1805887 ab98298258 deab83296e c082d89982"><span class="e4adce92df">Show prices</span></button></span></div></div></div></div></div></div></div></div><div class="ea6e492f88"></div></div><div class="bea018f16c"><div></div></div><div data-testid="property-card" class="c82435a4b8 a178069f51 a6ae3c2b40 a18aeea94d d794b7a0f7 f53e278e95 da89aeb942" style="--bui_box_padding--s:4"><div class="d20f4628d0"><div class="f9d4f2568d"><div class="c90a25d457"><a href="https://www.booking.com/hotel/ph/rl-veranda-suite.html?ucfs=1&amp;arphpl=1&amp;dest_id=261060&amp;dest_type=landmark&amp;group_adults=2&amp;req_adults=2&amp;no_rooms=1&amp;group_children=0&amp;req_children=0&amp;hpos=9&amp;hapos=9&amp;sr_order=popularity&amp;srpvid=7c9c48ada4eb027a&amp;srepoch=1694773211&amp;from=searchresults#hotelTmpl" target="_blank" rel="noopener noreferrer" tabindex="-1" aria-hidden="true" data-testid="property-card-desktop-single-image"><img src="https://cf.bstatic.com/xdata/images/hotel/square200/338016275.jpg?k=d86cff8b726026afeb3e9860912f2b49e156ab3060ad5767462ae553bdf0336a&amp;o=" alt="RL Veranda Suite" width="200" height="200" class="b8b0793b0e" data-testid="image"/></a><div class="d226e2f1b9"><span class="f419a93f12"><button class="f41101cd39" aria-expanded="false" data-testid="wishlist-button"><span data-testid="wishlist-icon" class="fcd9eec8fb c422d77911 d24fc26e73" aria-hidden="true"><svg viewBox="0 0 128 128" width="1em" height="1em"><path d="M64 112a3.6 3.6 0 0 1-2-.5 138.8 138.8 0 0 1-44.2-38c-10-14.4-10.6-26-9.4-33.2a29 29 0 0 1 22.9-23.7c11.9-2.4 24 2.5 32.7 13a33.7 33.7 0 0 1 32.7-13 29 29 0 0 1 22.8 23.7c1.3 7.2.6 18.8-9.3 33.3-9.1 13.1-24 25.9-44.2 37.9a3.6 3.6 0 0 1-2 .5z"></path></svg></span></button></span></div></div></div><div class="b978843432"><div class="aca0ade214 aaf30230d9 cd2e7d62b0 f996d8c258"><div class=""><div class="aca0ade214 c9835feea9 c2931f4182 d79e71457a d14b211b4f"><div class="aaee4e7cd3 e7a57abb1e"><div class="aca0ade214 a5f1aae5b2 cd2e7d62b0"><div><div class="dd023375f5"><h3 class="a4225678b2"><a href="https://www.booking.com/hotel/ph/rl-veranda-suite.html?ucfs=1&amp;arphpl=1&amp;dest_id=261060&amp;dest_type=landmark&amp;group_adults=2&amp;req_adults=2&amp;no_rooms=1&amp;group_children=0&amp;req_children=0&amp;hpos=9&amp;hapos=9&amp;sr_order=popularity&amp;srpvid=7c9c48ada4eb027a&amp;srepoch=1694773211&amp;from=searchresults#hotelTmpl" class="e13098a59f" target="_blank" rel="noopener noreferrer" data-testid="title-link"><div data-testid="title" class="f6431b446c a23c043802">RL Veranda Suite</div><div class="ac4a7896c7">Opens in new window</div></a></h3><span class="f419a93f12"><span aria-expanded="false" tabindex="0" role="button" data-testid="preferred-badge"><span role="img" class="fcd9eec8fb c79b3cbed2 c2cc050fb8 e410954d4b" aria-label="This property is part of our Preferred Partner Program. It&#x27;s committed to providing excellent service and good value. It’ll pay us a higher commission if you make a booking."><svg viewBox="0 0 128 128" width="1em" height="1em"><path d="M112 8H16a8 8 0 0 0-8 8v96a8 8 0 0 0 8 8h96a8 8 0 0 0 8-8V16a8 8 0 0 0-8-8zM48 96H24V58h24zm56-25a8.7 8.7 0 0 1-2 6 8.9 8.9 0 0 1 1 4 6.9 6.9 0 0 1-5 7c-.5 4-4.8 8-9 8H56V58l10.3-23.3a5.4 5.4 0 0 1 10.1 2.7 10.3 10.3 0 0 1-.6 2.7L72 52h23c4.5 0 9 3.5 9 8a9.2 9.2 0 0 1-2 5.3 7.5 7.5 0 0 1 2 5.7z"></path></svg></span></span></span></div></div><div><div class="abf093bdfe a1fbd102d9"><a target="_blank" rel="noopener noreferrer" href="https://www.booking.com/hotel/ph/rl-veranda-suite.html?ucfs=1&amp;arphpl=1&amp;dest_id=261060&amp;dest_type=landmark&amp;group_adults=2&amp;req_adults=2&amp;no_rooms=1&amp;group_children=0&amp;req_children=0&amp;hpos=9&amp;hapos=9&amp;sr_order=popularity&amp;srpvid=7c9c48ada4eb027a&amp;srepoch=1694773211&amp;from=searchresults&amp;map=1" class="a83ed08757 f88a5204c2 e0e11a8307 b98133fb50"><span><span class="f4bd0794db b4273d69aa" data-testid="address">Baguio</span><span class="f4bd0794db b4273d69aa">Show on map</span></span></a><span class="f4bd0794db"><span class="f419a93f12"><span aria-expanded="false" data-testid="distance">0.6 miles from Session Road</span></span></span></div></div><div class="abf093bdfe">Located in Baguio, a 9-minute walk from Burnham Park, RL Veranda Suite has accommodations with a garden, free private parking, a shared lounge and a terrace. </div></div></div><div class=""><div class="aca0ade214 ebac6e22e9 cd2e7d62b0 f920833fe5"><div class=""><div class="aca0ade214 a5f1aae5b2 cd2e7d62b0"><a target="_blank" rel="noopener noreferrer" data-testid="review-score-link" href="https://www.booking.com/hotel/ph/rl-veranda-suite.html?ucfs=1&amp;arphpl=1&amp;dest_id=261060&amp;dest_type=landmark&amp;group_adults=2&amp;req_adults=2&amp;no_rooms=1&amp;group_children=0&amp;req_children=0&amp;hpos=9&amp;hapos=9&amp;sr_order=popularity&amp;srpvid=7c9c48ada4eb027a&amp;srepoch=1694773211&amp;from=searchresults#hotelTmpl" class="a83ed08757 f88a5204c2 aeccf0d865 b98133fb50"><span><div data-testid="review-score" class="aca0ade214 aaf30230d9 e1ffac4e41 e7d9f93f4d d79e71457a d5fd510f01 dc7f26e57f"><div aria-label="Scored 8.7 " class="a3b8729ab1 d86cee9b25">8.7</div><div class="aaee4e7cd3 e7a57abb1e a29749fd9f"><div aria-label="Excellent" class="a3b8729ab1 e6208ee469 cb2cbb3ccb">Excellent<!-- --> </div><div class="abf093bdfe f45d8e4c32 d935416c47">277 reviews</div></div></div></span></a></div></div><div><span class="f419a93f12"><button aria-expanded="false" type="button" class="a83ed08757 c21c56c305 a4c1805887 ab98298258 deab83296e c082d89982"><span class="e4adce92df">Show prices</span></button></span></div></div></div></div></div></div></div></div><div class="ea6e492f88"></div></div><div class="bea018f16c"><div></div></div><div data-testid="property-card" class="c82435a4b8 a178069f51 a6ae3c2b40 a18aeea94d d794b7a0f7 f53e278e95 da89aeb942" style="--bui_box_padding--s:4"><div class="d20f4628d0"><div class="f9d4f2568d"><div class="c90a25d457"><a href="https://www.booking.com/hotel/ph/45.html?ucfs=1&amp;arphpl=1&amp;dest_id=261060&amp;dest_type=landmark&amp;group_adults=2&amp;req_adults=2&amp;no_rooms=1&amp;group_children=0&amp;req_children=0&amp;hpos=10&amp;hapos=10&amp;sr_order=popularity&amp;srpvid=7c9c48ada4eb027a&amp;srepoch=1694773211&amp;from=searchresults#hotelTmpl" target="_blank" rel="noopener noreferrer" tabindex="-1" aria-hidden="true" data-testid="property-card-desktop-single-image"><img src="https://cf.bstatic.com/xdata/images/hotel/square200/145244312.jpg?k=3e7ebfc1b5f85e1e3bb009105aec40fcf40a69a323e73b206d1f626c9664e317&amp;o=" alt="Hotel 45" width="200" height="200" class="b8b0793b0e" data-testid="image"/></a><div class="d226e2f1b9"><span class="f419a93f12"><button class="f41101cd39" aria-expanded="false" data-testid="wishlist-button"><span data-testid="wishlist-icon" class="fcd9eec8fb c422d77911 d24fc26e73" aria-hidden="true"><svg viewBox="0 0 128 128" width="1em" height="1em"><path d="M64 112a3.6 3.6 0 0 1-2-.5 138.8 138.8 0 0 1-44.2-38c-10-14.4-10.6-26-9.4-33.2a29 29 0 0 1 22.9-23.7c11.9-2.4 24 2.5 32.7 13a33.7 33.7 0 0 1 32.7-13 29 29 0 0 1 22.8 23.7c1.3 7.2.6 18.8-9.3 33.3-9.1 13.1-24 25.9-44.2 37.9a3.6 3.6 0 0 1-2 .5z"></path></svg></span></button></span></div></div></div><div class="b978843432"><div class="aca0ade214 aaf30230d9 cd2e7d62b0 f996d8c258"><div class=""><div class="aca0ade214 c9835feea9 c2931f4182 d79e71457a d14b211b4f"><div class="aaee4e7cd3 e7a57abb1e"><div class="aca0ade214 a5f1aae5b2 cd2e7d62b0"><div><div class="dd023375f5"><h3 class="a4225678b2"><a href="https://www.booking.com/hotel/ph/45.html?ucfs=1&amp;arphpl=1&amp;dest_id=261060&amp;dest_type=landmark&amp;group_adults=2&amp;req_adults=2&amp;no_rooms=1&amp;group_children=0&amp;req_children=0&amp;hpos=10&amp;hapos=10&amp;sr_order=popularity&amp;srpvid=7c9c48ada4eb027a&amp;srepoch=1694773211&amp;from=searchresults#hotelTmpl" class="e13098a59f" target="_blank" rel="noopener noreferrer" data-testid="title-link"><div data-testid="title" class="f6431b446c a23c043802">Hotel 45</div><div class="ac4a7896c7">Opens in new window</div></a></h3></div></div><div><div class="abf093bdfe a1fbd102d9"><a target="_blank" rel="noopener noreferrer" href="https://www.booking.com/hotel/ph/45.html?ucfs=1&amp;arphpl=1&amp;dest_id=261060&amp;dest_type=landmark&amp;group_adults=2&amp;req_adults=2&amp;no_rooms=1&amp;group_children=0&amp;req_children=0&amp;hpos=10&amp;hapos=10&amp;sr_order=popularity&amp;srpvid=7c9c48ada4eb027a&amp;srepoch=1694773211&amp;from=searchresults&amp;map=1" class="a83ed08757 f88a5204c2 e0e11a8307 b98133fb50"><span><span class="f4bd0794db b4273d69aa" data-testid="address">Baguio</span><span class="f4bd0794db b4273d69aa">Show on map</span></span></a><span class="f4bd0794db"><span class="f419a93f12"><span aria-expanded="false" data-testid="distance">0.2 miles from Session Road</span></span></span></div></div><div class="abf093bdfe">Featuring a bar, Hotel 45 is located in Baguio in the Luzon region, a 5-minute walk from SM City Baguio and 0.6 miles from Mines View Park. </div></div></div><div class=""><div class="aca0ade214 ebac6e22e9 cd2e7d62b0 f920833fe5"><div class=""><div class="aca0ade214 a5f1aae5b2 cd2e7d62b0"><a target="_blank" rel="noopener noreferrer" data-testid="review-score-link" href="https://www.booking.com/hotel/ph/45.html?ucfs=1&amp;arphpl=1&amp;dest_id=261060&amp;dest_type=landmark&amp;group_adults=2&amp;req_adults=2&amp;no_rooms=1&amp;group_children=0&amp;req_children=0&amp;hpos=10&amp;hapos=10&amp;sr_order=popularity&amp;srpvid=7c9c48ada4eb027a&amp;srepoch=1694773211&amp;from=searchresults#hotelTmpl" class="a83ed08757 f88a5204c2 aeccf0d865 b98133fb50"><span><div data-testid="review-score" class="aca0ade214 aaf30230d9 e1ffac4e41 e7d9f93f4d d79e71457a d5fd510f01 dc7f26e57f"><div aria-label="Scored 7.1 " class="a3b8729ab1 d86cee9b25">7.1</div><div class="aaee4e7cd3 e7a57abb1e a29749fd9f"><div aria-label="Good" class="a3b8729ab1 e6208ee469 cb2cbb3ccb">Good<!-- --> </div><div class="abf093bdfe f45d8e4c32 d935416c47">537 reviews</div></div></div></span></a></div></div><div><span class="f419a93f12"><button aria-expanded="false" type="button" class="a83ed08757 c21c56c305 a4c1805887 ab98298258 deab83296e c082d89982"><span class="e4adce92df">Show prices</span></button></span></div></div></div></div></div></div></div></div><div class="ea6e492f88"></div></div><div class="bea018f16c"><div></div></div><div data-testid="property-card" class="c82435a4b8 a178069f51 a6ae3c2b40 a18aeea94d d794b7a0f7 f53e278e95 da89aeb942" style="--bui_box_padding--s:4"><div class="d20f4628d0"><div class="f9d4f2568d"><div class="c90a25d457"><a href="https://www.booking.com/hotel/ph/3bu-hostel.html?ucfs=1&amp;arphpl=1&amp;dest_id=261060&amp;dest_type=landmark&amp;group_adults=2&amp;req_adults=2&amp;no_rooms=1&amp;group_children=0&amp;req_children=0&amp;hpos=11&amp;hapos=11&amp;sr_order=popularity&amp;srpvid=7c9c48ada4eb027a&amp;srepoch=1694773211&amp;from=searchresults#hotelTmpl" target="_blank" rel="noopener noreferrer" tabindex="-1" aria-hidden="true" data-testid="property-card-desktop-single-image"><img src="https://cf.bstatic.com/xdata/images/hotel/square200/438565909.jpg?k=1955683b617c736814bcd342f454b5611256e01fa3cd5fe31ae7e0ea3bf5327c&amp;o=" alt="3BU Hostel Baguio - Bonifacio" width="200" height="200" class="b8b0793b0e" data-testid="image"/></a><div class="d226e2f1b9"><span class="f419a93f12"><button class="f41101cd39" aria-expanded="false" data-testid="wishlist-button"><span data-testid="wishlist-icon" class="fcd9eec8fb c422d77911 d24fc26e73" aria-hidden="true"><svg viewBox="0 0 128 128" width="1em" height="1em"><path d="M64 112a3.6 3.6 0 0 1-2-.5 138.8 138.8 0 0 1-44.2-38c-10-14.4-10.6-26-9.4-33.2a29 29 0 0 1 22.9-23.7c11.9-2.4 24 2.5 32.7 13a33.7 33.7 0 0 1 32.7-13 29 29 0 0 1 22.8 23.7c1.3 7.2.6 18.8-9.3 33.3-9.1 13.1-24 25.9-44.2 37.9a3.6 3.6 0 0 1-2 .5z"></path></svg></span></button></span></div></div></div><div class="b978843432"><div class="aca0ade214 aaf30230d9 cd2e7d62b0 f996d8c258"><div class=""><div class="aca0ade214 c9835feea9 c2931f4182 d79e71457a d14b211b4f"><div class="aaee4e7cd3 e7a57abb1e"><div class="aca0ade214 a5f1aae5b2 cd2e7d62b0"><div><div class="dd023375f5"><h3 class="a4225678b2"><a href="https://www.booking.com/hotel/ph/3bu-hostel.html?ucfs=1&amp;arphpl=1&amp;dest_id=261060&amp;dest_type=landmark&amp;group_adults=2&amp;req_adults=2&amp;no_rooms=1&amp;group_children=0&amp;req_children=0&amp;hpos=11&amp;hapos=11&amp;sr_order=popularity&amp;srpvid=7c9c48ada4eb027a&amp;srepoch=1694773211&amp;from=searchresults#hotelTmpl" class="e13098a59f" target="_blank" rel="noopener noreferrer" data-testid="title-link"><div data-testid="title" class="f6431b446c a23c043802">3BU Hostel Baguio - Bonifacio</div><div class="ac4a7896c7">Opens in new window</div></a></h3></div></div><div><div class="abf093bdfe a1fbd102d9"><a target="_blank" rel="noopener noreferrer" href="https://www.booking.com/hotel/ph/3bu-hostel.html?ucfs=1&amp;arphpl=1&amp;dest_id=261060&amp;dest_type=landmark&amp;group_adults=2&amp;req_adults=2&amp;no_rooms=1&amp;group_children=0&amp;req_children=0&amp;hpos=11&amp;hapos=11&amp;sr_order=popularity&amp;srpvid=7c9c48ada4eb027a&amp;srepoch=1694773211&amp;from=searchresults&amp;map=1" class="a83ed08757 f88a5204c2 e0e11a8307 b98133fb50"><span><span class="f4bd0794db b4273d69aa" data-testid="address">Baguio</span><span class="f4bd0794db b4273d69aa">Show on map</span></span></a><span class="f4bd0794db"><span class="f419a93f12"><span aria-expanded="false" data-testid="distance">0.2 miles from Session Road</span></span></span></div></div><div class="abf093bdfe">Located in Baguio, a 5-minute walk from Mines View Park, 3BU Hostel Baguio - Bonifacio has air-conditioned accommodations and a shared lounge. </div></div></div><div class=""><div class="aca0ade214 ebac6e22e9 cd2e7d62b0 f920833fe5"><div class=""><div class="aca0ade214 a5f1aae5b2 cd2e7d62b0"><a target="_blank" rel="noopener noreferrer" data-testid="review-score-link" href="https://www.booking.com/hotel/ph/3bu-hostel.html?ucfs=1&amp;arphpl=1&amp;dest_id=261060&amp;dest_type=landmark&amp;group_adults=2&amp;req_adults=2&amp;no_rooms=1&amp;group_children=0&amp;req_children=0&amp;hpos=11&amp;hapos=11&amp;sr_order=popularity&amp;srpvid=7c9c48ada4eb027a&amp;srepoch=1694773211&amp;from=searchresults#hotelTmpl" class="a83ed08757 f88a5204c2 aeccf0d865 b98133fb50"><span><div data-testid="review-score" class="aca0ade214 aaf30230d9 e1ffac4e41 e7d9f93f4d d79e71457a d5fd510f01 dc7f26e57f"><div aria-label="Scored 8.2 " class="a3b8729ab1 d86cee9b25">8.2</div><div class="aaee4e7cd3 e7a57abb1e a29749fd9f"><div aria-label="Very Good" class="a3b8729ab1 e6208ee469 cb2cbb3ccb">Very Good<!-- --> </div><div class="abf093bdfe f45d8e4c32 d935416c47">235 reviews</div></div></div></span></a></div></div><div><span class="f419a93f12"><button aria-expanded="false" type="button" class="a83ed08757 c21c56c305 a4c1805887 ab98298258 deab83296e c082d89982"><span class="e4adce92df">Show prices</span></button></span></div></div></div></div></div></div></div></div><div class="ea6e492f88"></div></div><div class="bea018f16c"><div></div></div><div data-testid="property-card" class="c82435a4b8 a178069f51 a6ae3c2b40 a18aeea94d d794b7a0f7 f53e278e95 da89aeb942" style="--bui_box_padding--s:4"><div class="d20f4628d0"><div class="f9d4f2568d"><div class="c90a25d457"><a href="https://www.booking.com/hotel/ph/45-extension.html?ucfs=1&amp;arphpl=1&amp;dest_id=261060&amp;dest_type=landmark&amp;group_adults=2&amp;req_adults=2&amp;no_rooms=1&amp;group_children=0&amp;req_children=0&amp;hpos=12&amp;hapos=12&amp;sr_order=popularity&amp;srpvid=7c9c48ada4eb027a&amp;srepoch=1694773211&amp;from=searchresults#hotelTmpl" target="_blank" rel="noopener noreferrer" tabindex="-1" aria-hidden="true" data-testid="property-card-desktop-single-image"><img src="https://cf.bstatic.com/xdata/images/hotel/square200/143862179.jpg?k=03ab41a073fe4425fea030fe846ebc2c72e9d4883827ca56a5d89593f7db2737&amp;o=" alt="Hotel 45 Extension" width="200" height="200" class="b8b0793b0e" data-testid="image"/></a><div class="d226e2f1b9"><span class="f419a93f12"><button class="f41101cd39" aria-expanded="false" data-testid="wishlist-button"><span data-testid="wishlist-icon" class="fcd9eec8fb c422d77911 d24fc26e73" aria-hidden="true"><svg viewBox="0 0 128 128" width="1em" height="1em"><path d="M64 112a3.6 3.6 0 0 1-2-.5 138.8 138.8 0 0 1-44.2-38c-10-14.4-10.6-26-9.4-33.2a29 29 0 0 1 22.9-23.7c11.9-2.4 24 2.5 32.7 13a33.7 33.7 0 0 1 32.7-13 29 29 0 0 1 22.8 23.7c1.3 7.2.6 18.8-9.3 33.3-9.1 13.1-24 25.9-44.2 37.9a3.6 3.6 0 0 1-2 .5z"></path></svg></span></button></span></div></div></div><div class="b978843432"><div class="aca0ade214 aaf30230d9 cd2e7d62b0 f996d8c258"><div class=""><div class="aca0ade214 c9835feea9 c2931f4182 d79e71457a d14b211b4f"><div class="aaee4e7cd3 e7a57abb1e"><div class="aca0ade214 a5f1aae5b2 cd2e7d62b0"><div><div class="dd023375f5"><h3 class="a4225678b2"><a href="https://www.booking.com/hotel/ph/45-extension.html?ucfs=1&amp;arphpl=1&amp;dest_id=261060&amp;dest_type=landmark&amp;group_adults=2&amp;req_adults=2&amp;no_rooms=1&amp;group_children=0&amp;req_children=0&amp;hpos=12&amp;hapos=12&amp;sr_order=popularity&amp;srpvid=7c9c48ada4eb027a&amp;srepoch=1694773211&amp;from=searchresults#hotelTmpl" class="e13098a59f" target="_blank" rel="noopener noreferrer" data-testid="title-link"><div data-testid="title" class="f6431b446c a23c043802">Hotel 45 Extension</div><div class="ac4a7896c7">Opens in new window</div></a></h3></div></div><div><div class="abf093bdfe a1fbd102d9"><a target="_blank" rel="noopener noreferrer" href="https://www.booking.com/hotel/ph/45-extension.html?ucfs=1&amp;arphpl=1&amp;dest_id=261060&amp;dest_type=landmark&amp;group_adults=2&amp;req_adults=2&amp;no_rooms=1&amp;group_children=0&amp;req_children=0&amp;hpos=12&amp;hapos=12&amp;sr_order=popularity&amp;srpvid=7c9c48ada4eb027a&amp;srepoch=1694773211&amp;from=searchresults&amp;map=1" class="a83ed08757 f88a5204c2 e0e11a8307 b98133fb50"><span><span class="f4bd0794db b4273d69aa" data-testid="address">Baguio</span><span class="f4bd0794db b4273d69aa">Show on map</span></span></a><span class="f4bd0794db"><span class="f419a93f12"><span aria-expanded="false" data-testid="distance">0.2 miles from Session Road</span></span></span></div></div><div class="abf093bdfe">Located within 1.7 miles of Camp John Hay and 2.1 miles of Lourdes Grotto, Hotel 45 Extension has rooms in Baguio. </div></div></div><div class=""><div class="aca0ade214 ebac6e22e9 cd2e7d62b0 f920833fe5"><div class=""><div class="aca0ade214 a5f1aae5b2 cd2e7d62b0"><a target="_blank" rel="noopener noreferrer" data-testid="review-score-link" href="https://www.booking.com/hotel/ph/45-extension.html?ucfs=1&amp;arphpl=1&amp;dest_id=261060&amp;dest_type=landmark&amp;group_adults=2&amp;req_adults=2&amp;no_rooms=1&amp;group_children=0&amp;req_children=0&amp;hpos=12&amp;hapos=12&amp;sr_order=popularity&amp;srpvid=7c9c48ada4eb027a&amp;srepoch=1694773211&amp;from=searchresults#hotelTmpl" class="a83ed08757 f88a5204c2 aeccf0d865 b98133fb50"><span><div data-testid="review-score" class="aca0ade214 aaf30230d9 e1ffac4e41 e7d9f93f4d d79e71457a d5fd510f01 dc7f26e57f"><div aria-label="Scored 8.1 " class="a3b8729ab1 d86cee9b25">8.1</div><div class="aaee4e7cd3 e7a57abb1e a29749fd9f"><div aria-label="Very Good" class="a3b8729ab1 e6208ee469 cb2cbb3ccb">Very Good<!-- --> </div><div class="abf093bdfe f45d8e4c32 d935416c47">72 reviews</div></div></div></span></a><div><a target="_blank" rel="noopener noreferrer" data-testid="secondary-review-score-link" aria-label="Location: Scored 9.7 " href="https://www.booking.com/hotel/ph/45-extension.html?ucfs=1&amp;arphpl=1&amp;dest_id=261060&amp;dest_type=landmark&amp;group_adults=2&amp;req_adults=2&amp;no_rooms=1&amp;group_children=0&amp;req_children=0&amp;hpos=12&amp;hapos=12&amp;sr_order=popularity&amp;srpvid=7c9c48ada4eb027a&amp;srepoch=1694773211&amp;from=searchresults#hotelTmpl" class="a83ed08757 f88a5204c2 b98133fb50"><span><span class="a3332d346a">Location<!-- --> <!-- -->9.7</span></span></a></div></div></div><div><span class="f419a93f12"><button aria-expanded="false" type="button" class="a83ed08757 c21c56c305 a4c1805887 ab98298258 deab83296e c082d89982"><span class="e4adce92df">Show prices</span></button></span></div></div></div></div></div></div></div></div><div class="ea6e492f88"></div></div><div class="bea018f16c"><div></div></div><div data-testid="property-card" class="c82435a4b8 a178069f51 a6ae3c2b40 a18aeea94d d794b7a0f7 f53e278e95 da89aeb942" style="--bui_box_padding--s:4"><div class="d20f4628d0"><div class="f9d4f2568d"><div class="c90a25d457"><a href="https://www.booking.com/hotel/ph/paladin.html?ucfs=1&amp;arphpl=1&amp;dest_id=261060&amp;dest_type=landmark&amp;group_adults=2&amp;req_adults=2&amp;no_rooms=1&amp;group_children=0&amp;req_children=0&amp;hpos=13&amp;hapos=13&amp;sr_order=popularity&amp;srpvid=7c9c48ada4eb027a&amp;srepoch=1694773211&amp;from=searchresults#hotelTmpl" target="_blank" rel="noopener noreferrer" tabindex="-1" aria-hidden="true" data-testid="property-card-desktop-single-image"><img src="https://cf.bstatic.com/xdata/images/hotel/square200/389380911.jpg?k=591be031ec583c06d406d8d17505b7b4ed7ed4fbea3aec9d136a6c2bcc211c26&amp;o=" alt="Paladin Hotel" width="200" height="200" class="b8b0793b0e" data-testid="image"/></a><div class="d226e2f1b9"><span class="f419a93f12"><button class="f41101cd39" aria-expanded="false" data-testid="wishlist-button"><span data-testid="wishlist-icon" class="fcd9eec8fb c422d77911 d24fc26e73" aria-hidden="true"><svg viewBox="0 0 128 128" width="1em" height="1em"><path d="M64 112a3.6 3.6 0 0 1-2-.5 138.8 138.8 0 0 1-44.2-38c-10-14.4-10.6-26-9.4-33.2a29 29 0 0 1 22.9-23.7c11.9-2.4 24 2.5 32.7 13a33.7 33.7 0 0 1 32.7-13 29 29 0 0 1 22.8 23.7c1.3 7.2.6 18.8-9.3 33.3-9.1 13.1-24 25.9-44.2 37.9a3.6 3.6 0 0 1-2 .5z"></path></svg></span></button></span></div></div></div><div class="b978843432"><div class="aca0ade214 aaf30230d9 cd2e7d62b0 f996d8c258"><div class=""><div class="aca0ade214 c9835feea9 c2931f4182 d79e71457a d14b211b4f"><div class="aaee4e7cd3 e7a57abb1e"><div class="aca0ade214 a5f1aae5b2 cd2e7d62b0"><div><div class="dd023375f5"><h3 class="a4225678b2"><a href="https://www.booking.com/hotel/ph/paladin.html?ucfs=1&amp;arphpl=1&amp;dest_id=261060&amp;dest_type=landmark&amp;group_adults=2&amp;req_adults=2&amp;no_rooms=1&amp;group_children=0&amp;req_children=0&amp;hpos=13&amp;hapos=13&amp;sr_order=popularity&amp;srpvid=7c9c48ada4eb027a&amp;srepoch=1694773211&amp;from=searchresults#hotelTmpl" class="e13098a59f" target="_blank" rel="noopener noreferrer" data-testid="title-link"><div data-testid="title" class="f6431b446c a23c043802">Paladin Hotel</div><div class="ac4a7896c7">Opens in new window</div></a></h3><span class="f419a93f12"><span aria-expanded="false" tabindex="0" role="button" data-testid="preferred-badge"><span role="img" class="fcd9eec8fb c79b3cbed2 c2cc050fb8 e410954d4b" aria-label="This property is part of our Preferred Partner Program. It&#x27;s committed to providing excellent service and good value. It’ll pay us a higher commission if you make a booking."><svg viewBox="0 0 128 128" width="1em" height="1em"><path d="M112 8H16a8 8 0 0 0-8 8v96a8 8 0 0 0 8 8h96a8 8 0 0 0 8-8V16a8 8 0 0 0-8-8zM48 96H24V58h24zm56-25a8.7 8.7 0 0 1-2 6 8.9 8.9 0 0 1 1 4 6.9 6.9 0 0 1-5 7c-.5 4-4.8 8-9 8H56V58l10.3-23.3a5.4 5.4 0 0 1 10.1 2.7 10.3 10.3 0 0 1-.6 2.7L72 52h23c4.5 0 9 3.5 9 8a9.2 9.2 0 0 1-2 5.3 7.5 7.5 0 0 1 2 5.7z"></path></svg></span></span></span></div></div><div><div class="abf093bdfe a1fbd102d9"><a target="_blank" rel="noopener noreferrer" href="https://www.booking.com/hotel/ph/paladin.html?ucfs=1&amp;arphpl=1&amp;dest_id=261060&amp;dest_type=landmark&amp;group_adults=2&amp;req_adults=2&amp;no_rooms=1&amp;group_children=0&amp;req_children=0&amp;hpos=13&amp;hapos=13&amp;sr_order=popularity&amp;srpvid=7c9c48ada4eb027a&amp;srepoch=1694773211&amp;from=searchresults&amp;map=1" class="a83ed08757 f88a5204c2 e0e11a8307 b98133fb50"><span><span class="f4bd0794db b4273d69aa" data-testid="address">Baguio</span><span class="f4bd0794db b4273d69aa">Show on map</span></span></a><span class="f4bd0794db"><span class="f419a93f12"><span aria-expanded="false" data-testid="distance">0.4 miles from Session Road</span></span></span></div></div><div class="abf093bdfe">Paladin Hotel is located in Baguio, just 5 minutes&#x27; walk from Burnham Park and 20 minutes&#x27; walk from SM Baguio Mall. Offering free Wi-Fi and parking, it has massage services and a 24-hour front desk. </div></div></div><div class=""><div class="aca0ade214 ebac6e22e9 cd2e7d62b0 f920833fe5"><div class=""><div class="aca0ade214 a5f1aae5b2 cd2e7d62b0"><a target="_blank" rel="noopener noreferrer" data-testid="review-score-link" href="https://www.booking.com/hotel/ph/paladin.html?ucfs=1&amp;arphpl=1&amp;dest_id=261060&amp;dest_type=landmark&amp;group_adults=2&amp;req_adults=2&amp;no_rooms=1&amp;group_children=0&amp;req_children=0&amp;hpos=13&amp;hapos=13&amp;sr_order=popularity&amp;srpvid=7c9c48ada4eb027a&amp;srepoch=1694773211&amp;from=searchresults#hotelTmpl" class="a83ed08757 f88a5204c2 aeccf0d865 b98133fb50"><span><div data-testid="review-score" class="aca0ade214 aaf30230d9 e1ffac4e41 e7d9f93f4d d79e71457a d5fd510f01 dc7f26e57f"><div aria-label="Scored 7.4 " class="a3b8729ab1 d86cee9b25">7.4</div><div class="aaee4e7cd3 e7a57abb1e a29749fd9f"><div aria-label="Good" class="a3b8729ab1 e6208ee469 cb2cbb3ccb">Good<!-- --> </div><div class="abf093bdfe f45d8e4c32 d935416c47">136 reviews</div></div></div></span></a></div></div><div><span class="f419a93f12"><button aria-expanded="false" type="button" class="a83ed08757 c21c56c305 a4c1805887 ab98298258 deab83296e c082d89982"><span class="e4adce92df">Show prices</span></button></span></div></div></div></div></div></div></div></div><div class="ea6e492f88"></div></div><div class="bea018f16c"><div></div></div><div data-testid="property-card" class="c82435a4b8 a178069f51 a6ae3c2b40 a18aeea94d d794b7a0f7 f53e278e95 da89aeb942" style="--bui_box_padding--s:4"><div class="d20f4628d0"><div class="f9d4f2568d"><div class="c90a25d457"><a href="https://www.booking.com/hotel/ph/angelo-39-s-transient-house.html?ucfs=1&amp;arphpl=1&amp;dest_id=261060&amp;dest_type=landmark&amp;group_adults=2&amp;req_adults=2&amp;no_rooms=1&amp;group_children=0&amp;req_children=0&amp;hpos=14&amp;hapos=14&amp;sr_order=popularity&amp;srpvid=7c9c48ada4eb027a&amp;srepoch=1694773211&amp;from=searchresults#hotelTmpl" target="_blank" rel="noopener noreferrer" tabindex="-1" aria-hidden="true" data-testid="property-card-desktop-single-image"><img src="https://cf.bstatic.com/xdata/images/hotel/square200/491551366.jpg?k=97a8da9a33c4303f849d7d092628d8d4b3052eb5497f5744644ea1c6ec76b37a&amp;o=" alt="JCGA Apartments (Angelo&#x27;s Burnham)" width="200" height="200" class="b8b0793b0e" data-testid="image"/></a><div class="d226e2f1b9"><span class="f419a93f12"><button class="f41101cd39" aria-expanded="false" data-testid="wishlist-button"><span data-testid="wishlist-icon" class="fcd9eec8fb c422d77911 d24fc26e73" aria-hidden="true"><svg viewBox="0 0 128 128" width="1em" height="1em"><path d="M64 112a3.6 3.6 0 0 1-2-.5 138.8 138.8 0 0 1-44.2-38c-10-14.4-10.6-26-9.4-33.2a29 29 0 0 1 22.9-23.7c11.9-2.4 24 2.5 32.7 13a33.7 33.7 0 0 1 32.7-13 29 29 0 0 1 22.8 23.7c1.3 7.2.6 18.8-9.3 33.3-9.1 13.1-24 25.9-44.2 37.9a3.6 3.6 0 0 1-2 .5z"></path></svg></span></button></span></div></div></div><div class="b978843432"><div class="aca0ade214 aaf30230d9 cd2e7d62b0 f996d8c258"><div class=""><div class="aca0ade214 c9835feea9 c2931f4182 d79e71457a d14b211b4f"><div class="aaee4e7cd3 e7a57abb1e"><div class="aca0ade214 a5f1aae5b2 cd2e7d62b0"><div><div class="dd023375f5"><h3 class="a4225678b2"><a href="https://www.booking.com/hotel/ph/angelo-39-s-transient-house.html?ucfs=1&amp;arphpl=1&amp;dest_id=261060&amp;dest_type=landmark&amp;group_adults=2&amp;req_adults=2&amp;no_rooms=1&amp;group_children=0&amp;req_children=0&amp;hpos=14&amp;hapos=14&amp;sr_order=popularity&amp;srpvid=7c9c48ada4eb027a&amp;srepoch=1694773211&amp;from=searchresults#hotelTmpl" class="e13098a59f" target="_blank" rel="noopener noreferrer" data-testid="title-link"><div data-testid="title" class="f6431b446c a23c043802">JCGA Apartments (Angelo&#x27;s Burnham)</div><div class="ac4a7896c7">Opens in new window</div></a></h3></div></div><div><div class="abf093bdfe a1fbd102d9"><a target="_blank" rel="noopener noreferrer" href="https://www.booking.com/hotel/ph/angelo-39-s-transient-house.html?ucfs=1&amp;arphpl=1&amp;dest_id=261060&amp;dest_type=landmark&amp;group_adults=2&amp;req_adults=2&amp;no_rooms=1&amp;group_children=0&amp;req_children=0&amp;hpos=14&amp;hapos=14&amp;sr_order=popularity&amp;srpvid=7c9c48ada4eb027a&amp;srepoch=1694773211&amp;from=searchresults&amp;map=1" class="a83ed08757 f88a5204c2 e0e11a8307 b98133fb50"><span><span class="f4bd0794db b4273d69aa" data-testid="address">Baguio</span><span class="f4bd0794db b4273d69aa">Show on map</span></span></a><span class="f4bd0794db"><span class="f419a93f12"><span aria-expanded="false" data-testid="distance">0.4 miles from Session Road</span></span></span></div></div><div class="abf093bdfe">Offering a garden, Angelo&#x27;s Transient House is located in Baguio, 656 feet from Burnham Park. Session Road is 1969 feet from the property. Free private parking is available on site. </div></div></div><div class=""><div class="aca0ade214 ebac6e22e9 cd2e7d62b0 f920833fe5"><div class=""><div class="aca0ade214 a5f1aae5b2 cd2e7d62b0"><a target="_blank" rel="noopener noreferrer" data-testid="review-score-link" href="https://www.booking.com/hotel/ph/angelo-39-s-transient-house.html?ucfs=1&amp;arphpl=1&amp;dest_id=261060&amp;dest_type=landmark&amp;group_adults=2&amp;req_adults=2&amp;no_rooms=1&amp;group_children=0&amp;req_children=0&amp;hpos=14&amp;hapos=14&amp;sr_order=popularity&amp;srpvid=7c9c48ada4eb027a&amp;srepoch=1694773211&amp;from=searchresults#hotelTmpl" class="a83ed08757 f88a5204c2 aeccf0d865 b98133fb50"><span><div data-testid="review-score" class="aca0ade214 aaf30230d9 e1ffac4e41 e7d9f93f4d d79e71457a d5fd510f01 dc7f26e57f"><div aria-label="Scored 9.2 " class="a3b8729ab1 d86cee9b25">9.2</div><div class="aaee4e7cd3 e7a57abb1e a29749fd9f"><div aria-label="Wonderful" class="a3b8729ab1 e6208ee469 cb2cbb3ccb">Wonderful<!-- --> </div><div class="abf093bdfe f45d8e4c32 d935416c47">482 reviews</div></div></div></span></a><div><a target="_blank" rel="noopener noreferrer" data-testid="secondary-review-score-link" aria-label="Location: Scored 9.6 " href="https://www.booking.com/hotel/ph/angelo-39-s-transient-house.html?ucfs=1&amp;arphpl=1&amp;dest_id=261060&amp;dest_type=landmark&amp;group_adults=2&amp;req_adults=2&amp;no_rooms=1&amp;group_children=0&amp;req_children=0&amp;hpos=14&amp;hapos=14&amp;sr_order=popularity&amp;srpvid=7c9c48ada4eb027a&amp;srepoch=1694773211&amp;from=searchresults#hotelTmpl" class="a83ed08757 f88a5204c2 b98133fb50"><span><span class="a3332d346a">Location<!-- --> <!-- -->9.6</span></span></a></div></div></div><div><span class="f419a93f12"><button aria-expanded="false" type="button" class="a83ed08757 c21c56c305 a4c1805887 ab98298258 deab83296e c082d89982"><span class="e4adce92df">Show prices</span></button></span></div></div></div></div></div></div></div></div><div class="ea6e492f88"></div></div><div class="bea018f16c"><div></div></div><div data-testid="property-card" class="c82435a4b8 a178069f51 a6ae3c2b40 a18aeea94d d794b7a0f7 f53e278e95 da89aeb942" style="--bui_box_padding--s:4"><div class="d20f4628d0"><div class="f9d4f2568d"><div class="c90a25d457"><a href="https://www.booking.com/hotel/ph/zenmist-properties-at-the-zonevill-bldg-g.html?ucfs=1&amp;arphpl=1&amp;dest_id=261060&amp;dest_type=landmark&amp;group_adults=2&amp;req_adults=2&amp;no_rooms=1&amp;group_children=0&amp;req_children=0&amp;hpos=15&amp;hapos=15&amp;sr_order=popularity&amp;srpvid=7c9c48ada4eb027a&amp;srepoch=1694773211&amp;from=searchresults#hotelTmpl" target="_blank" rel="noopener noreferrer" tabindex="-1" aria-hidden="true" data-testid="property-card-desktop-single-image"><img src="https://cf.bstatic.com/xdata/images/hotel/square200/452780380.jpg?k=948f3a3f011fcddf5642eb066792103b2e9e761cac2f73e2e2d5a284f6ba30bf&amp;o=" alt="Zenmist Properties- 2 Bedroom Deluxe" width="200" height="200" class="b8b0793b0e" data-testid="image"/></a><div class="d226e2f1b9"><span class="f419a93f12"><button class="f41101cd39" aria-expanded="false" data-testid="wishlist-button"><span data-testid="wishlist-icon" class="fcd9eec8fb c422d77911 d24fc26e73" aria-hidden="true"><svg viewBox="0 0 128 128" width="1em" height="1em"><path d="M64 112a3.6 3.6 0 0 1-2-.5 138.8 138.8 0 0 1-44.2-38c-10-14.4-10.6-26-9.4-33.2a29 29 0 0 1 22.9-23.7c11.9-2.4 24 2.5 32.7 13a33.7 33.7 0 0 1 32.7-13 29 29 0 0 1 22.8 23.7c1.3 7.2.6 18.8-9.3 33.3-9.1 13.1-24 25.9-44.2 37.9a3.6 3.6 0 0 1-2 .5z"></path></svg></span></button></span></div></div></div><div class="b978843432"><div class="aca0ade214 aaf30230d9 cd2e7d62b0 f996d8c258"><div class=""><div class="aca0ade214 c9835feea9 c2931f4182 d79e71457a d14b211b4f"><div class="aaee4e7cd3 e7a57abb1e"><div class="aca0ade214 a5f1aae5b2 cd2e7d62b0"><div><div class="dd023375f5"><h3 class="a4225678b2"><a href="https://www.booking.com/hotel/ph/zenmist-properties-at-the-zonevill-bldg-g.html?ucfs=1&amp;arphpl=1&amp;dest_id=261060&amp;dest_type=landmark&amp;group_adults=2&amp;req_adults=2&amp;no_rooms=1&amp;group_children=0&amp;req_children=0&amp;hpos=15&amp;hapos=15&amp;sr_order=popularity&amp;srpvid=7c9c48ada4eb027a&amp;srepoch=1694773211&amp;from=searchresults#hotelTmpl" class="e13098a59f" target="_blank" rel="noopener noreferrer" data-testid="title-link"><div data-testid="title" class="f6431b446c a23c043802">Zenmist Properties- 2 Bedroom Deluxe</div><div class="ac4a7896c7">Opens in new window</div></a></h3></div></div><div><div class="abf093bdfe a1fbd102d9"><a target="_blank" rel="noopener noreferrer" href="https://www.booking.com/hotel/ph/zenmist-properties-at-the-zonevill-bldg-g.html?ucfs=1&amp;arphpl=1&amp;dest_id=261060&amp;dest_type=landmark&amp;group_adults=2&amp;req_adults=2&amp;no_rooms=1&amp;group_children=0&amp;req_children=0&amp;hpos=15&amp;hapos=15&amp;sr_order=popularity&amp;srpvid=7c9c48ada4eb027a&amp;srepoch=1694773211&amp;from=searchresults&amp;map=1" class="a83ed08757 f88a5204c2 e0e11a8307 b98133fb50"><span><span class="f4bd0794db b4273d69aa" data-testid="address">Baguio</span><span class="f4bd0794db b4273d69aa">Show on map</span></span></a><span class="f4bd0794db"><span class="f419a93f12"><span aria-expanded="false" data-testid="distance">0.6 miles from Session Road</span></span></span></div></div><div class="abf093bdfe">Located in Baguio in the Luzon region, with Burnham Park and SM City Baguio nearby, Zenmist Properties- 2 Bedroom Deluxe provides accommodations with free Wifi and free private parking. </div></div></div><div class=""><div class="aca0ade214 ebac6e22e9 cd2e7d62b0 f920833fe5"><div class=""><div class="aca0ade214 a5f1aae5b2 cd2e7d62b0"><a target="_blank" rel="noopener noreferrer" data-testid="review-score-link" href="https://www.booking.com/hotel/ph/zenmist-properties-at-the-zonevill-bldg-g.html?ucfs=1&amp;arphpl=1&amp;dest_id=261060&amp;dest_type=landmark&amp;group_adults=2&amp;req_adults=2&amp;no_rooms=1&amp;group_children=0&amp;req_children=0&amp;hpos=15&amp;hapos=15&amp;sr_order=popularity&amp;srpvid=7c9c48ada4eb027a&amp;srepoch=1694773211&amp;from=searchresults#hotelTmpl" class="a83ed08757 f88a5204c2 aeccf0d865 b98133fb50"><span><div data-testid="review-score" class="aca0ade214 aaf30230d9 e1ffac4e41 e7d9f93f4d d79e71457a d5fd510f01 dc7f26e57f"><div aria-label="Scored 8.0 " class="a3b8729ab1 d86cee9b25">8.0</div><div class="aaee4e7cd3 e7a57abb1e a29749fd9f"><div aria-label="Very Good" class="a3b8729ab1 e6208ee469 cb2cbb3ccb">Very Good<!-- --> </div><div class="abf093bdfe f45d8e4c32 d935416c47">149 reviews</div></div></div></span></a></div></div><div><span class="f419a93f12"><button aria-expanded="false" type="button" class="a83ed08757 c21c56c305 a4c1805887 ab98298258 deab83296e c082d89982"><span class="e4adce92df">Show prices</span></button></span></div></div></div></div></div></div></div></div><div class="ea6e492f88"></div></div><div class="bea018f16c"><div></div></div><div data-testid="property-card" class="c82435a4b8 a178069f51 a6ae3c2b40 a18aeea94d d794b7a0f7 f53e278e95 da89aeb942" style="--bui_box_padding--s:4"><div class="d20f4628d0"><div class="f9d4f2568d"><div class="c90a25d457"><a href="https://www.booking.com/hotel/ph/french-nest-at-baguio.html?ucfs=1&amp;arphpl=1&amp;dest_id=261060&amp;dest_type=landmark&amp;group_adults=2&amp;req_adults=2&amp;no_rooms=1&amp;group_children=0&amp;req_children=0&amp;hpos=16&amp;hapos=16&amp;sr_order=popularity&amp;srpvid=7c9c48ada4eb027a&amp;srepoch=1694773211&amp;from_sustainable_property_sr=1&amp;from=searchresults#hotelTmpl" target="_blank" rel="noopener noreferrer" tabindex="-1" aria-hidden="true" data-testid="property-card-desktop-single-image"><img src="https://cf.bstatic.com/xdata/images/hotel/square200/346888156.jpg?k=ec08542e5ff979c795045bf99de0fb82a692f8aae55b8be52c714caa7540b6a1&amp;o=" alt="French Nest at Baguio- Megatower Residences" width="200" height="200" class="b8b0793b0e" data-testid="image"/></a><div class="d226e2f1b9"><span class="f419a93f12"><button class="f41101cd39" aria-expanded="false" data-testid="wishlist-button"><span data-testid="wishlist-icon" class="fcd9eec8fb c422d77911 d24fc26e73" aria-hidden="true"><svg viewBox="0 0 128 128" width="1em" height="1em"><path d="M64 112a3.6 3.6 0 0 1-2-.5 138.8 138.8 0 0 1-44.2-38c-10-14.4-10.6-26-9.4-33.2a29 29 0 0 1 22.9-23.7c11.9-2.4 24 2.5 32.7 13a33.7 33.7 0 0 1 32.7-13 29 29 0 0 1 22.8 23.7c1.3 7.2.6 18.8-9.3 33.3-9.1 13.1-24 25.9-44.2 37.9a3.6 3.6 0 0 1-2 .5z"></path></svg></span></button></span></div></div></div><div class="b978843432"><div class="aca0ade214 aaf30230d9 cd2e7d62b0 f996d8c258"><div class=""><div class="aca0ade214 c9835feea9 c2931f4182 d79e71457a d14b211b4f"><div class="aaee4e7cd3 e7a57abb1e"><div class="aca0ade214 a5f1aae5b2 cd2e7d62b0"><div><div class="dd023375f5"><h3 class="a4225678b2"><a href="https://www.booking.com/hotel/ph/french-nest-at-baguio.html?ucfs=1&amp;arphpl=1&amp;dest_id=261060&amp;dest_type=landmark&amp;group_adults=2&amp;req_adults=2&amp;no_rooms=1&amp;group_children=0&amp;req_children=0&amp;hpos=16&amp;hapos=16&amp;sr_order=popularity&amp;srpvid=7c9c48ada4eb027a&amp;srepoch=1694773211&amp;from_sustainable_property_sr=1&amp;from=searchresults#hotelTmpl" class="e13098a59f" target="_blank" rel="noopener noreferrer" data-testid="title-link"><div data-testid="title" class="f6431b446c a23c043802">French Nest at Baguio- Megatower Residences</div><div class="ac4a7896c7">Opens in new window</div></a></h3><span class="f419a93f12"><span aria-expanded="false" tabindex="0" role="button" data-testid="preferred-badge"><span role="img" class="fcd9eec8fb c79b3cbed2 c2cc050fb8 e410954d4b" aria-label="This property is part of our Preferred Partner Program. It&#x27;s committed to providing excellent service and good value. It’ll pay us a higher commission if you make a booking."><svg viewBox="0 0 128 128" width="1em" height="1em"><path d="M112 8H16a8 8 0 0 0-8 8v96a8 8 0 0 0 8 8h96a8 8 0 0 0 8-8V16a8 8 0 0 0-8-8zM48 96H24V58h24zm56-25a8.7 8.7 0 0 1-2 6 8.9 8.9 0 0 1 1 4 6.9 6.9 0 0 1-5 7c-.5 4-4.8 8-9 8H56V58l10.3-23.3a5.4 5.4 0 0 1 10.1 2.7 10.3 10.3 0 0 1-.6 2.7L72 52h23c4.5 0 9 3.5 9 8a9.2 9.2 0 0 1-2 5.3 7.5 7.5 0 0 1 2 5.7z"></path></svg></span></span></span></div></div><div><div class="abf093bdfe a1fbd102d9"><a target="_blank" rel="noopener noreferrer" href="https://www.booking.com/hotel/ph/french-nest-at-baguio.html?ucfs=1&amp;arphpl=1&amp;dest_id=261060&amp;dest_type=landmark&amp;group_adults=2&amp;req_adults=2&amp;no_rooms=1&amp;group_children=0&amp;req_children=0&amp;hpos=16&amp;hapos=16&amp;sr_order=popularity&amp;srpvid=7c9c48ada4eb027a&amp;srepoch=1694773211&amp;from_sustainable_property_sr=1&amp;from=searchresults&amp;map=1" class="a83ed08757 f88a5204c2 e0e11a8307 b98133fb50"><span><span class="f4bd0794db b4273d69aa" data-testid="address">Baguio</span><span class="f4bd0794db b4273d69aa">Show on map</span></span></a><span class="f4bd0794db"><span class="f419a93f12"><span aria-expanded="false" data-testid="distance">0.1 miles from Session Road</span></span></span></div></div><div><span data-testid="badge-sustainability" class="abf093bdfe c147fc6dd1 b81491d8c4 d18b4a6026"><span class="b30f8eb2d6"><div class="fba3ab9fd6"><span class="fcd9eec8fb f8ecfc5adb bf9a32efa5 a229b4a525" aria-hidden="true"><svg xmlns="http://www.w3.org/2000/svg" viewBox="0 0 72 24"><path d="M16.29 19.72c4.22-4.22 8.4-17.56 6.7-19.26S7.95 2.93 3.73 7.16C.67 10.22.62 15.58 3.5 18.98L15.62 6.86c.29-.29.77-.29 1.06 0s.29.77 0 1.06L4.57 20.03l-2.14 2.14c-.29.29-.29.77 0 1.06s.77.29 1.06 0l2.34-2.34c3.34 1.88 7.78 1.51 10.46-1.17ZM46.99.46c-1.15-1.16-6.85.55-8.56 1.11-2.26.73-7.83 2.73-10.7 5.6-1.5 1.5-2.36 3.69-2.35 6.01 0 2.18.76 4.21 2.12 5.81l-3.18 3.18c-.29.29-.29.77 0 1.06.15.15.34.22.53.22s.38-.07.53-.22l3.18-3.18c1.64 1.35 3.72 2.04 5.78 2.04 2.2 0 4.37-.78 5.94-2.35 2.87-2.87 4.87-8.44 5.6-10.7.55-1.72 2.27-7.41 1.1-8.57Zm-7.76 18.21c-2.21 2.21-6.54 2.77-9.6.31L40.68 7.93c.29-.29.29-.77 0-1.06s-.77-.29-1.06 0L28.56 17.93c-1.08-1.31-1.67-2.97-1.68-4.75 0-1.93.69-3.73 1.91-4.95 3.87-3.87 14.19-6.68 16.78-6.68.13 0 .24 0 .33.02.31 1.85-2.59 13.03-6.67 17.11ZM70.99.46c-1.15-1.16-6.85.55-8.56 1.11-2.26.73-7.83 2.73-10.7 5.6-1.5 1.5-2.36 3.69-2.35 6.01 0 2.18.76 4.21 2.12 5.81l-3.18 3.18c-.29.29-.29.77 0 1.06.15.15.34.22.53.22s.38-.07.53-.22l3.18-3.18c1.64 1.35 3.72 2.04 5.78 2.04 2.2 0 4.37-.78 5.94-2.35 2.87-2.87 4.87-8.44 5.6-10.7.55-1.72 2.27-7.41 1.1-8.57Zm-7.76 18.21c-2.21 2.21-6.54 2.77-9.6.31L64.68 7.93c.29-.29.29-.77 0-1.06s-.77-.29-1.06 0L52.56 17.93c-1.08-1.31-1.67-2.97-1.68-4.75 0-1.93.69-3.73 1.91-4.95 3.87-3.87 14.19-6.68 16.78-6.68.13 0 .24 0 .33.02.31 1.85-2.59 13.03-6.67 17.11Z"></path></svg></span><span class="abf093bdfe d068504c75 be09c104ad">Travel Sustainable Level 1</span></div></span></span></div><div class="abf093bdfe">French Nest at Baguio offers accommodations in Baguio, 656 feet from Session Road and 2.7 mi from Mines View Park. The unit is 1969 feet from Burnham Park. </div></div></div><div class=""><div class="aca0ade214 ebac6e22e9 cd2e7d62b0 f920833fe5"><div class=""><div class="aca0ade214 a5f1aae5b2 cd2e7d62b0"><a target="_blank" rel="noopener noreferrer" data-testid="review-score-link" href="https://www.booking.com/hotel/ph/french-nest-at-baguio.html?ucfs=1&amp;arphpl=1&amp;dest_id=261060&amp;dest_type=landmark&amp;group_adults=2&amp;req_adults=2&amp;no_rooms=1&amp;group_children=0&amp;req_children=0&amp;hpos=16&amp;hapos=16&amp;sr_order=popularity&amp;srpvid=7c9c48ada4eb027a&amp;srepoch=1694773211&amp;from_sustainable_property_sr=1&amp;from=searchresults#hotelTmpl" class="a83ed08757 f88a5204c2 aeccf0d865 b98133fb50"><span><div data-testid="review-score" class="aca0ade214 aaf30230d9 e1ffac4e41 e7d9f93f4d d79e71457a d5fd510f01 dc7f26e57f"><div aria-label="Scored 8.6 " class="a3b8729ab1 d86cee9b25">8.6</div><div class="aaee4e7cd3 e7a57abb1e a29749fd9f"><div aria-label="Excellent" class="a3b8729ab1 e6208ee469 cb2cbb3ccb">Excellent<!-- --> </div><div class="abf093bdfe f45d8e4c32 d935416c47">104 reviews</div></div></div></span></a><div><a target="_blank" rel="noopener noreferrer" data-testid="secondary-review-score-link" aria-label="Location: Scored 9.5 " href="https://www.booking.com/hotel/ph/french-nest-at-baguio.html?ucfs=1&amp;arphpl=1&amp;dest_id=261060&amp;dest_type=landmark&amp;group_adults=2&amp;req_adults=2&amp;no_rooms=1&amp;group_children=0&amp;req_children=0&amp;hpos=16&amp;hapos=16&amp;sr_order=popularity&amp;srpvid=7c9c48ada4eb027a&amp;srepoch=1694773211&amp;from_sustainable_property_sr=1&amp;from=searchresults#hotelTmpl" class="a83ed08757 f88a5204c2 b98133fb50"><span><span class="a3332d346a">Location<!-- --> <!-- -->9.5</span></span></a></div></div></div><div><span class="f419a93f12"><button aria-expanded="false" type="button" class="a83ed08757 c21c56c305 a4c1805887 ab98298258 deab83296e c082d89982"><span class="e4adce92df">Show prices</span></button></span></div></div></div></div></div></div></div></div><div class="ea6e492f88"></div></div><div class="bea018f16c"><div></div></div><div data-testid="property-card" class="c82435a4b8 a178069f51 a6ae3c2b40 a18aeea94d d794b7a0f7 f53e278e95 da89aeb942" style="--bui_box_padding--s:4"><div class="d20f4628d0"><div class="f9d4f2568d"><div class="c90a25d457"><a href="https://www.booking.com/hotel/ph/finteo-skylands-premium.html?ucfs=1&amp;arphpl=1&amp;dest_id=261060&amp;dest_type=landmark&amp;group_adults=2&amp;req_adults=2&amp;no_rooms=1&amp;group_children=0&amp;req_children=0&amp;hpos=17&amp;hapos=17&amp;sr_order=popularity&amp;srpvid=7c9c48ada4eb027a&amp;srepoch=1694773211&amp;from=searchresults#hotelTmpl" target="_blank" rel="noopener noreferrer" tabindex="-1" aria-hidden="true" data-testid="property-card-desktop-single-image"><img src="https://cf.bstatic.com/xdata/images/hotel/square200/334021328.jpg?k=5e7a71e60daf8bf2bb2c3a19c8dc0280960c06e46138f05cd439e69dced03760&amp;o=" alt="Finteo Skylands Premium" width="200" height="200" class="b8b0793b0e" data-testid="image"/></a><div class="d226e2f1b9"><span class="f419a93f12"><button class="f41101cd39" aria-expanded="false" data-testid="wishlist-button"><span data-testid="wishlist-icon" class="fcd9eec8fb c422d77911 d24fc26e73" aria-hidden="true"><svg viewBox="0 0 128 128" width="1em" height="1em"><path d="M64 112a3.6 3.6 0 0 1-2-.5 138.8 138.8 0 0 1-44.2-38c-10-14.4-10.6-26-9.4-33.2a29 29 0 0 1 22.9-23.7c11.9-2.4 24 2.5 32.7 13a33.7 33.7 0 0 1 32.7-13 29 29 0 0 1 22.8 23.7c1.3 7.2.6 18.8-9.3 33.3-9.1 13.1-24 25.9-44.2 37.9a3.6 3.6 0 0 1-2 .5z"></path></svg></span></button></span></div></div></div><div class="b978843432"><div class="aca0ade214 aaf30230d9 cd2e7d62b0 f996d8c258"><div class=""><div class="aca0ade214 c9835feea9 c2931f4182 d79e71457a d14b211b4f"><div class="aaee4e7cd3 e7a57abb1e"><div class="aca0ade214 a5f1aae5b2 cd2e7d62b0"><div><div class="dd023375f5"><h3 class="a4225678b2"><a href="https://www.booking.com/hotel/ph/finteo-skylands-premium.html?ucfs=1&amp;arphpl=1&amp;dest_id=261060&amp;dest_type=landmark&amp;group_adults=2&amp;req_adults=2&amp;no_rooms=1&amp;group_children=0&amp;req_children=0&amp;hpos=17&amp;hapos=17&amp;sr_order=popularity&amp;srpvid=7c9c48ada4eb027a&amp;srepoch=1694773211&amp;from=searchresults#hotelTmpl" class="e13098a59f" target="_blank" rel="noopener noreferrer" data-testid="title-link"><div data-testid="title" class="f6431b446c a23c043802">Finteo Skylands Premium</div><div class="ac4a7896c7">Opens in new window</div></a></h3></div></div><div><div class="abf093bdfe a1fbd102d9"><a target="_blank" rel="noopener noreferrer" href="https://www.booking.com/hotel/ph/finteo-skylands-premium.html?ucfs=1&amp;arphpl=1&amp;dest_id=261060&amp;dest_type=landmark&amp;group_adults=2&amp;req_adults=2&amp;no_rooms=1&amp;group_children=0&amp;req_children=0&amp;hpos=17&amp;hapos=17&amp;sr_order=popularity&amp;srpvid=7c9c48ada4eb027a&amp;srepoch=1694773211&amp;from=searchresults&amp;map=1" class="a83ed08757 f88a5204c2 e0e11a8307 b98133fb50"><span><span class="f4bd0794db b4273d69aa" data-testid="address">Baguio</span><span class="f4bd0794db b4273d69aa">Show on map</span></span></a><span class="f4bd0794db"><span class="f419a93f12"><span aria-expanded="false" data-testid="distance">0.6 miles from Session Road</span></span></span></div></div><div class="abf093bdfe">Located in Baguio, Finteo Skylands Premium has accommodations 1.5 miles from Mines View Park and 2.4 miles from Camp John Hay. Private parking is available on site. </div></div></div><div class=""><div class="aca0ade214 ebac6e22e9 cd2e7d62b0 f920833fe5"><div class=""><div class="aca0ade214 a5f1aae5b2 cd2e7d62b0"><a target="_blank" rel="noopener noreferrer" data-testid="review-score-link" href="https://www.booking.com/hotel/ph/finteo-skylands-premium.html?ucfs=1&amp;arphpl=1&amp;dest_id=261060&amp;dest_type=landmark&amp;group_adults=2&amp;req_adults=2&amp;no_rooms=1&amp;group_children=0&amp;req_children=0&amp;hpos=17&amp;hapos=17&amp;sr_order=popularity&amp;srpvid=7c9c48ada4eb027a&amp;srepoch=1694773211&amp;from=searchresults#hotelTmpl" class="a83ed08757 f88a5204c2 aeccf0d865 b98133fb50"><span><div data-testid="review-score" class="aca0ade214 aaf30230d9 e1ffac4e41 e7d9f93f4d d79e71457a d5fd510f01 dc7f26e57f"><div aria-label="Scored 8.0 " class="a3b8729ab1 d86cee9b25">8.0</div><div class="aaee4e7cd3 e7a57abb1e a29749fd9f"><div aria-label="Very Good" class="a3b8729ab1 e6208ee469 cb2cbb3ccb">Very Good<!-- --> </div><div class="abf093bdfe f45d8e4c32 d935416c47">273 reviews</div></div></div></span></a></div></div><div><span class="f419a93f12"><button aria-expanded="false" type="button" class="a83ed08757 c21c56c305 a4c1805887 ab98298258 deab83296e c082d89982"><span class="e4adce92df">Show prices</span></button></span></div></div></div></div></div></div></div></div><div class="ea6e492f88"></div></div><div class="bea018f16c"><div></div></div><div data-testid="property-card" class="c82435a4b8 a178069f51 a6ae3c2b40 a18aeea94d d794b7a0f7 f53e278e95 da89aeb942" style="--bui_box_padding--s:4"><div class="d20f4628d0"><div class="f9d4f2568d"><div class="c90a25d457"><a href="https://www.booking.com/hotel/ph/dangwa-terminal-transient-house.html?ucfs=1&amp;arphpl=1&amp;dest_id=261060&amp;dest_type=landmark&amp;group_adults=2&amp;req_adults=2&amp;no_rooms=1&amp;group_children=0&amp;req_children=0&amp;hpos=18&amp;hapos=18&amp;sr_order=popularity&amp;srpvid=7c9c48ada4eb027a&amp;srepoch=1694773211&amp;from_sustainable_property_sr=1&amp;from=searchresults#hotelTmpl" target="_blank" rel="noopener noreferrer" tabindex="-1" aria-hidden="true" data-testid="property-card-desktop-single-image"><img src="https://cf.bstatic.com/xdata/images/hotel/square200/378326364.jpg?k=bfc4ab8a764509fec5d6a85d24925362dd8fb7fda2be5ea2abb214ce87dd9f83&amp;o=" alt="Dangwa Terminal Transient House" width="200" height="200" class="b8b0793b0e" data-testid="image"/></a><div class="d226e2f1b9"><span class="f419a93f12"><button class="f41101cd39" aria-expanded="false" data-testid="wishlist-button"><span data-testid="wishlist-icon" class="fcd9eec8fb c422d77911 d24fc26e73" aria-hidden="true"><svg viewBox="0 0 128 128" width="1em" height="1em"><path d="M64 112a3.6 3.6 0 0 1-2-.5 138.8 138.8 0 0 1-44.2-38c-10-14.4-10.6-26-9.4-33.2a29 29 0 0 1 22.9-23.7c11.9-2.4 24 2.5 32.7 13a33.7 33.7 0 0 1 32.7-13 29 29 0 0 1 22.8 23.7c1.3 7.2.6 18.8-9.3 33.3-9.1 13.1-24 25.9-44.2 37.9a3.6 3.6 0 0 1-2 .5z"></path></svg></span></button></span></div></div></div><div class="b978843432"><div class="aca0ade214 aaf30230d9 cd2e7d62b0 f996d8c258"><div class=""><div class="aca0ade214 c9835feea9 c2931f4182 d79e71457a d14b211b4f"><div class="aaee4e7cd3 e7a57abb1e"><div class="aca0ade214 a5f1aae5b2 cd2e7d62b0"><div><div class="dd023375f5"><h3 class="a4225678b2"><a href="https://www.booking.com/hotel/ph/dangwa-terminal-transient-house.html?ucfs=1&amp;arphpl=1&amp;dest_id=261060&amp;dest_type=landmark&amp;group_adults=2&amp;req_adults=2&amp;no_rooms=1&amp;group_children=0&amp;req_children=0&amp;hpos=18&amp;hapos=18&amp;sr_order=popularity&amp;srpvid=7c9c48ada4eb027a&amp;srepoch=1694773211&amp;from_sustainable_property_sr=1&amp;from=searchresults#hotelTmpl" class="e13098a59f" target="_blank" rel="noopener noreferrer" data-testid="title-link"><div data-testid="title" class="f6431b446c a23c043802">Dangwa Terminal Transient House</div><div class="ac4a7896c7">Opens in new window</div></a></h3><span class="f419a93f12"><span aria-expanded="false" tabindex="0" role="button" data-testid="preferred-badge"><span role="img" class="fcd9eec8fb c79b3cbed2 fe53650a13 c2cc050fb8 e410954d4b" aria-label="This property is part of our Preferred Plus Program. It&#x27;s committed to providing outstanding service and excellent value. It&#x27;ll pay us a higher commission if you make a booking."><svg xmlns="http://www.w3.org/2000/svg" viewBox="0 0 32 18"><path fill="#FEBB02" fill-rule="evenodd" d="M6.73157e-08 2.25225C6.73157e-08 1.00912 1.00688 0 2.25225 0H15.7478C15.8167 0 15.885 0.00310154 15.9524 0.00917326C16.0199 0.00310178 16.0882 0 16.1572 0H29.6528C30.8959 0 31.905 1.00688 31.905 2.25225V15.7478C31.905 16.9909 30.8981 18 29.6528 18H16.1572C16.0888 18 16.0207 17.9969 15.9531 17.9908C15.8855 17.9969 15.817 18 15.7478 18H2.25225C1.65487 18.0002 1.08192 17.7629 0.659507 17.3405C0.237096 16.9181 -0.000145899 16.3451 6.73157e-08 15.7478V2.25225ZM7.335 13.545H12.1364C13.5486 13.545 13.5486 12.416 13.5486 12.416C14.6783 11.8516 14.1134 10.7226 14.1134 10.7226C14.9607 9.8759 14.1134 9.02919 14.1134 9.02919C14.6783 8.18247 14.1134 7.33576 13.2661 7.33576H9.59447L10.1593 5.36009C10.7242 3.66666 9.02961 3.10218 8.46474 5.07785L7.335 8.46471V13.545ZM3.915 8.46V13.545H6.705V8.46H3.915ZM21.99 6C21.99 5.56698 21.99 5.35048 22.0538 5.17732C22.1585 4.89281 22.3828 4.66855 22.6673 4.56377C22.8405 4.5 23.057 4.5 23.49 4.5C23.923 4.5 24.1395 4.5 24.3127 4.56377C24.5972 4.66855 24.8215 4.89281 24.9262 5.17732C24.99 5.35048 24.99 5.56698 24.99 6V7.5H26.49C26.923 7.5 27.1395 7.5 27.3127 7.56377C27.5972 7.66855 27.8215 7.89281 27.9262 8.17732C27.99 8.35048 27.99 8.56698 27.99 9C27.99 9.43302 27.99 9.64952 27.9262 9.82268C27.8215 10.1072 27.5972 10.3315 27.3127 10.4362C27.1395 10.5 26.923 10.5 26.49 10.5H24.99V12C24.99 12.433 24.99 12.6495 24.9262 12.8227C24.8215 13.1072 24.5972 13.3315 24.3127 13.4362C24.1395 13.5 23.923 13.5 23.49 13.5C23.057 13.5 22.8405 13.5 22.6673 13.4362C22.3828 13.3315 22.1585 13.1072 22.0538 12.8227C21.99 12.6495 21.99 12.433 21.99 12V10.5H20.49C20.057 10.5 19.8405 10.5 19.6673 10.4362C19.3828 10.3315 19.1585 10.1072 19.0538 9.82268C18.99 9.64952 18.99 9.43302 18.99 9C18.99 8.56698 18.99 8.35048 19.0538 8.17732C19.1585 7.89281 19.3828 7.66855 19.6673 7.56377C19.8405 7.5 20.057 7.5 20.49 7.5H21.99V6Z" clip-rule="evenodd"></path></svg></span></span></span></div></div><div><div class="abf093bdfe a1fbd102d9"><a target="_blank" rel="noopener noreferrer" href="https://www.booking.com/hotel/ph/dangwa-terminal-transient-house.html?ucfs=1&amp;arphpl=1&amp;dest_id=261060&amp;dest_type=landmark&amp;group_adults=2&amp;req_adults=2&amp;no_rooms=1&amp;group_children=0&amp;req_children=0&amp;hpos=18&amp;hapos=18&amp;sr_order=popularity&amp;srpvid=7c9c48ada4eb027a&amp;srepoch=1694773211&amp;from_sustainable_property_sr=1&amp;from=searchresults&amp;map=1" class="a83ed08757 f88a5204c2 e0e11a8307 b98133fb50"><span><span class="f4bd0794db b4273d69aa" data-testid="address">Baguio</span><span class="f4bd0794db b4273d69aa">Show on map</span></span></a><span class="f4bd0794db"><span class="f419a93f12"><span aria-expanded="false" data-testid="distance">0.2 miles from Session Road</span></span></span></div></div><div><span data-testid="badge-sustainability" class="abf093bdfe c147fc6dd1 b81491d8c4 d18b4a6026"><span class="b30f8eb2d6"><div class="fba3ab9fd6"><span class="fcd9eec8fb f8ecfc5adb bf9a32efa5 a229b4a525" aria-hidden="true"><svg xmlns="http://www.w3.org/2000/svg" viewBox="0 0 72 24"><path d="M16.29 19.72c4.22-4.22 8.4-17.56 6.7-19.26S7.95 2.93 3.73 7.16C.67 10.22.62 15.58 3.5 18.98L15.62 6.86c.29-.29.77-.29 1.06 0s.29.77 0 1.06L4.57 20.03l-2.14 2.14c-.29.29-.29.77 0 1.06s.77.29 1.06 0l2.34-2.34c3.34 1.88 7.78 1.51 10.46-1.17ZM46.99.46c-1.15-1.16-6.85.55-8.56 1.11-2.26.73-7.83 2.73-10.7 5.6-1.5 1.5-2.36 3.69-2.35 6.01 0 2.18.76 4.21 2.12 5.81l-3.18 3.18c-.29.29-.29.77 0 1.06.15.15.34.22.53.22s.38-.07.53-.22l3.18-3.18c1.64 1.35 3.72 2.04 5.78 2.04 2.2 0 4.37-.78 5.94-2.35 2.87-2.87 4.87-8.44 5.6-10.7.55-1.72 2.27-7.41 1.1-8.57Zm-7.76 18.21c-2.21 2.21-6.54 2.77-9.6.31L40.68 7.93c.29-.29.29-.77 0-1.06s-.77-.29-1.06 0L28.56 17.93c-1.08-1.31-1.67-2.97-1.68-4.75 0-1.93.69-3.73 1.91-4.95 3.87-3.87 14.19-6.68 16.78-6.68.13 0 .24 0 .33.02.31 1.85-2.59 13.03-6.67 17.11ZM70.99.46c-1.15-1.16-6.85.55-8.56 1.11-2.26.73-7.83 2.73-10.7 5.6-1.5 1.5-2.36 3.69-2.35 6.01 0 2.18.76 4.21 2.12 5.81l-3.18 3.18c-.29.29-.29.77 0 1.06.15.15.34.22.53.22s.38-.07.53-.22l3.18-3.18c1.64 1.35 3.72 2.04 5.78 2.04 2.2 0 4.37-.78 5.94-2.35 2.87-2.87 4.87-8.44 5.6-10.7.55-1.72 2.27-7.41 1.1-8.57Zm-7.76 18.21c-2.21 2.21-6.54 2.77-9.6.31L64.68 7.93c.29-.29.29-.77 0-1.06s-.77-.29-1.06 0L52.56 17.93c-1.08-1.31-1.67-2.97-1.68-4.75 0-1.93.69-3.73 1.91-4.95 3.87-3.87 14.19-6.68 16.78-6.68.13 0 .24 0 .33.02.31 1.85-2.59 13.03-6.67 17.11Z"></path></svg></span><span class="abf093bdfe d068504c75 be09c104ad">Travel Sustainable Level 1</span></div></span></span></div><div class="abf093bdfe">Dangwa Terminal Transient House features city views, free Wifi and free private parking, located in Baguio, a 11-minute walk from Burnham Park. </div></div></div><div class=""><div class="aca0ade214 ebac6e22e9 cd2e7d62b0 f920833fe5"><div class=""><div class="aca0ade214 a5f1aae5b2 cd2e7d62b0"><a target="_blank" rel="noopener noreferrer" data-testid="review-score-link" href="https://www.booking.com/hotel/ph/dangwa-terminal-transient-house.html?ucfs=1&amp;arphpl=1&amp;dest_id=261060&amp;dest_type=landmark&amp;group_adults=2&amp;req_adults=2&amp;no_rooms=1&amp;group_children=0&amp;req_children=0&amp;hpos=18&amp;hapos=18&amp;sr_order=popularity&amp;srpvid=7c9c48ada4eb027a&amp;srepoch=1694773211&amp;from_sustainable_property_sr=1&amp;from=searchresults#hotelTmpl" class="a83ed08757 f88a5204c2 aeccf0d865 b98133fb50"><span><div data-testid="review-score" class="aca0ade214 aaf30230d9 e1ffac4e41 e7d9f93f4d d79e71457a d5fd510f01 dc7f26e57f"><div aria-label="Scored 6.9 " class="a3b8729ab1 d86cee9b25">6.9</div><div class="aaee4e7cd3 e7a57abb1e a29749fd9f"><div aria-label="Review score" class="a3b8729ab1 e6208ee469 cb2cbb3ccb">Review score<!-- --> </div><div class="abf093bdfe f45d8e4c32 d935416c47">19 reviews</div></div></div></span></a></div></div><div><span class="f419a93f12"><button aria-expanded="false" type="button" class="a83ed08757 c21c56c305 a4c1805887 ab98298258 deab83296e c082d89982"><span class="e4adce92df">Show prices</span></button></span></div></div></div></div></div></div></div></div><div class="ea6e492f88"></div></div><div class="bea018f16c"><div></div></div><div data-testid="property-card" class="c82435a4b8 a178069f51 a6ae3c2b40 a18aeea94d d794b7a0f7 f53e278e95 da89aeb942" style="--bui_box_padding--s:4"><div class="d20f4628d0"><div class="f9d4f2568d"><div class="c90a25d457"><a href="https://www.booking.com/hotel/ph/cedar-peak-condominium.html?ucfs=1&amp;arphpl=1&amp;dest_id=261060&amp;dest_type=landmark&amp;group_adults=2&amp;req_adults=2&amp;no_rooms=1&amp;group_children=0&amp;req_children=0&amp;hpos=19&amp;hapos=19&amp;sr_order=popularity&amp;srpvid=7c9c48ada4eb027a&amp;srepoch=1694773211&amp;from=searchresults#hotelTmpl" target="_blank" rel="noopener noreferrer" tabindex="-1" aria-hidden="true" data-testid="property-card-desktop-single-image"><img src="https://cf.bstatic.com/xdata/images/hotel/square200/114741993.jpg?k=b6067185eed0c47187ff0516dc579a31cc8295f6bf7f86d942cf75e6c0a3bef0&amp;o=" alt="Cedar Peak Condo - Close to Session Road City Center" width="200" height="200" class="b8b0793b0e" data-testid="image"/></a><div class="d226e2f1b9"><span class="f419a93f12"><button class="f41101cd39" aria-expanded="false" data-testid="wishlist-button"><span data-testid="wishlist-icon" class="fcd9eec8fb c422d77911 d24fc26e73" aria-hidden="true"><svg viewBox="0 0 128 128" width="1em" height="1em"><path d="M64 112a3.6 3.6 0 0 1-2-.5 138.8 138.8 0 0 1-44.2-38c-10-14.4-10.6-26-9.4-33.2a29 29 0 0 1 22.9-23.7c11.9-2.4 24 2.5 32.7 13a33.7 33.7 0 0 1 32.7-13 29 29 0 0 1 22.8 23.7c1.3 7.2.6 18.8-9.3 33.3-9.1 13.1-24 25.9-44.2 37.9a3.6 3.6 0 0 1-2 .5z"></path></svg></span></button></span></div></div></div><div class="b978843432"><div class="aca0ade214 aaf30230d9 cd2e7d62b0 f996d8c258"><div class=""><div class="aca0ade214 c9835feea9 c2931f4182 d79e71457a d14b211b4f"><div class="aaee4e7cd3 e7a57abb1e"><div class="aca0ade214 a5f1aae5b2 cd2e7d62b0"><div><div class="dd023375f5"><h3 class="a4225678b2"><a href="https://www.booking.com/hotel/ph/cedar-peak-condominium.html?ucfs=1&amp;arphpl=1&amp;dest_id=261060&amp;dest_type=landmark&amp;group_adults=2&amp;req_adults=2&amp;no_rooms=1&amp;group_children=0&amp;req_children=0&amp;hpos=19&amp;hapos=19&amp;sr_order=popularity&amp;srpvid=7c9c48ada4eb027a&amp;srepoch=1694773211&amp;from=searchresults#hotelTmpl" class="e13098a59f" target="_blank" rel="noopener noreferrer" data-testid="title-link"><div data-testid="title" class="f6431b446c a23c043802">Cedar Peak Condo - Close to Session Road City Center</div><div class="ac4a7896c7">Opens in new window</div></a></h3><span class="f419a93f12"><span aria-expanded="false" tabindex="0" role="button" data-testid="preferred-badge"><span role="img" class="fcd9eec8fb c79b3cbed2 c2cc050fb8 e410954d4b" aria-label="This property is part of our Preferred Partner Program. It&#x27;s committed to providing excellent service and good value. It’ll pay us a higher commission if you make a booking."><svg viewBox="0 0 128 128" width="1em" height="1em"><path d="M112 8H16a8 8 0 0 0-8 8v96a8 8 0 0 0 8 8h96a8 8 0 0 0 8-8V16a8 8 0 0 0-8-8zM48 96H24V58h24zm56-25a8.7 8.7 0 0 1-2 6 8.9 8.9 0 0 1 1 4 6.9 6.9 0 0 1-5 7c-.5 4-4.8 8-9 8H56V58l10.3-23.3a5.4 5.4 0 0 1 10.1 2.7 10.3 10.3 0 0 1-.6 2.7L72 52h23c4.5 0 9 3.5 9 8a9.2 9.2 0 0 1-2 5.3 7.5 7.5 0 0 1 2 5.7z"></path></svg></span></span></span></div></div><div><div class="abf093bdfe a1fbd102d9"><a target="_blank" rel="noopener noreferrer" href="https://www.booking.com/hotel/ph/cedar-peak-condominium.html?ucfs=1&amp;arphpl=1&amp;dest_id=261060&amp;dest_type=landmark&amp;group_adults=2&amp;req_adults=2&amp;no_rooms=1&amp;group_children=0&amp;req_children=0&amp;hpos=19&amp;hapos=19&amp;sr_order=popularity&amp;srpvid=7c9c48ada4eb027a&amp;srepoch=1694773211&amp;from=searchresults&amp;map=1" class="a83ed08757 f88a5204c2 e0e11a8307 b98133fb50"><span><span class="f4bd0794db b4273d69aa" data-testid="address">Baguio</span><span class="f4bd0794db b4273d69aa">Show on map</span></span></a><span class="f4bd0794db"><span class="f419a93f12"><span aria-expanded="false" data-testid="distance">0.2 miles from Session Road</span></span></span></div></div><div class="abf093bdfe">Cedar Peak Condo - Close to Session Road City Center is located in Baguio, 164 feet from Session Road. Mines View Park is 2.5 mi from the property. Free WiFi is offered . </div></div></div><div class=""><div class="aca0ade214 ebac6e22e9 cd2e7d62b0 f920833fe5"><div class=""><div class="aca0ade214 a5f1aae5b2 cd2e7d62b0"><a target="_blank" rel="noopener noreferrer" data-testid="review-score-link" href="https://www.booking.com/hotel/ph/cedar-peak-condominium.html?ucfs=1&amp;arphpl=1&amp;dest_id=261060&amp;dest_type=landmark&amp;group_adults=2&amp;req_adults=2&amp;no_rooms=1&amp;group_children=0&amp;req_children=0&amp;hpos=19&amp;hapos=19&amp;sr_order=popularity&amp;srpvid=7c9c48ada4eb027a&amp;srepoch=1694773211&amp;from=searchresults#hotelTmpl" class="a83ed08757 f88a5204c2 aeccf0d865 b98133fb50"><span><div data-testid="review-score" class="aca0ade214 aaf30230d9 e1ffac4e41 e7d9f93f4d d79e71457a d5fd510f01 dc7f26e57f"><div aria-label="Scored 7.6 " class="a3b8729ab1 d86cee9b25">7.6</div><div class="aaee4e7cd3 e7a57abb1e a29749fd9f"><div aria-label="Good" class="a3b8729ab1 e6208ee469 cb2cbb3ccb">Good<!-- --> </div><div class="abf093bdfe f45d8e4c32 d935416c47">128 reviews</div></div></div></span></a></div></div><div><span class="f419a93f12"><button aria-expanded="false" type="button" class="a83ed08757 c21c56c305 a4c1805887 ab98298258 deab83296e c082d89982"><span class="e4adce92df">Show prices</span></button></span></div></div></div></div></div></div></div></div><div class="ea6e492f88"></div></div><div class="bea018f16c"><div></div></div><div data-testid="property-card" class="c82435a4b8 a178069f51 a6ae3c2b40 a18aeea94d d794b7a0f7 f53e278e95 da89aeb942" style="--bui_box_padding--s:4"><div class="d20f4628d0"><div class="f9d4f2568d"><div class="c90a25d457"><a href="https://www.booking.com/hotel/ph/finteo-skylands.html?ucfs=1&amp;arphpl=1&amp;dest_id=261060&amp;dest_type=landmark&amp;group_adults=2&amp;req_adults=2&amp;no_rooms=1&amp;group_children=0&amp;req_children=0&amp;hpos=20&amp;hapos=20&amp;sr_order=popularity&amp;srpvid=7c9c48ada4eb027a&amp;srepoch=1694773211&amp;from=searchresults#hotelTmpl" target="_blank" rel="noopener noreferrer" tabindex="-1" aria-hidden="true" data-testid="property-card-desktop-single-image"><img src="https://cf.bstatic.com/xdata/images/hotel/square200/80361704.jpg?k=fc800a25c5a83c6da1d18816072971404a9fa6cff942f9702ef65c730780dc86&amp;o=" alt="Finteo Skylands" width="200" height="200" class="b8b0793b0e" data-testid="image"/></a><div class="d226e2f1b9"><span class="f419a93f12"><button class="f41101cd39" aria-expanded="false" data-testid="wishlist-button"><span data-testid="wishlist-icon" class="fcd9eec8fb c422d77911 d24fc26e73" aria-hidden="true"><svg viewBox="0 0 128 128" width="1em" height="1em"><path d="M64 112a3.6 3.6 0 0 1-2-.5 138.8 138.8 0 0 1-44.2-38c-10-14.4-10.6-26-9.4-33.2a29 29 0 0 1 22.9-23.7c11.9-2.4 24 2.5 32.7 13a33.7 33.7 0 0 1 32.7-13 29 29 0 0 1 22.8 23.7c1.3 7.2.6 18.8-9.3 33.3-9.1 13.1-24 25.9-44.2 37.9a3.6 3.6 0 0 1-2 .5z"></path></svg></span></button></span></div></div></div><div class="b978843432"><div class="aca0ade214 aaf30230d9 cd2e7d62b0 f996d8c258"><div class=""><div class="aca0ade214 c9835feea9 c2931f4182 d79e71457a d14b211b4f"><div class="aaee4e7cd3 e7a57abb1e"><div class="aca0ade214 a5f1aae5b2 cd2e7d62b0"><div><div class="dd023375f5"><h3 class="a4225678b2"><a href="https://www.booking.com/hotel/ph/finteo-skylands.html?ucfs=1&amp;arphpl=1&amp;dest_id=261060&amp;dest_type=landmark&amp;group_adults=2&amp;req_adults=2&amp;no_rooms=1&amp;group_children=0&amp;req_children=0&amp;hpos=20&amp;hapos=20&amp;sr_order=popularity&amp;srpvid=7c9c48ada4eb027a&amp;srepoch=1694773211&amp;from=searchresults#hotelTmpl" class="e13098a59f" target="_blank" rel="noopener noreferrer" data-testid="title-link"><div data-testid="title" class="f6431b446c a23c043802">Finteo Skylands</div><div class="ac4a7896c7">Opens in new window</div></a></h3></div></div><div><div class="abf093bdfe a1fbd102d9"><a target="_blank" rel="noopener noreferrer" href="https://www.booking.com/hotel/ph/finteo-skylands.html?ucfs=1&amp;arphpl=1&amp;dest_id=261060&amp;dest_type=landmark&amp;group_adults=2&amp;req_adults=2&amp;no_rooms=1&amp;group_children=0&amp;req_children=0&amp;hpos=20&amp;hapos=20&amp;sr_order=popularity&amp;srpvid=7c9c48ada4eb027a&amp;srepoch=1694773211&amp;from=searchresults&amp;map=1" class="a83ed08757 f88a5204c2 e0e11a8307 b98133fb50"><span><span class="f4bd0794db b4273d69aa" data-testid="address">Baguio</span><span class="f4bd0794db b4273d69aa">Show on map</span></span></a><span class="f4bd0794db"><span class="f419a93f12"><span aria-expanded="false" data-testid="distance">0.6 miles from Session Road</span></span></span></div></div><div class="abf093bdfe">Located in Baguio, 1640 feet from Burnham Park and 2953 feet from Session Road, Finteo Skylands offers city views. Complimentary private parking is available on site. </div></div></div><div class=""><div class="aca0ade214 ebac6e22e9 cd2e7d62b0 f920833fe5"><div class=""><div class="aca0ade214 a5f1aae5b2 cd2e7d62b0"><a target="_blank" rel="noopener noreferrer" data-testid="review-score-link" href="https://www.booking.com/hotel/ph/finteo-skylands.html?ucfs=1&amp;arphpl=1&amp;dest_id=261060&amp;dest_type=landmark&amp;group_adults=2&amp;req_adults=2&amp;no_rooms=1&amp;group_children=0&amp;req_children=0&amp;hpos=20&amp;hapos=20&amp;sr_order=popularity&amp;srpvid=7c9c48ada4eb027a&amp;srepoch=1694773211&amp;from=searchresults#hotelTmpl" class="a83ed08757 f88a5204c2 aeccf0d865 b98133fb50"><span><div data-testid="review-score" class="aca0ade214 aaf30230d9 e1ffac4e41 e7d9f93f4d d79e71457a d5fd510f01 dc7f26e57f"><div aria-label="Scored 8.2 " class="a3b8729ab1 d86cee9b25">8.2</div><div class="aaee4e7cd3 e7a57abb1e a29749fd9f"><div aria-label="Very Good" class="a3b8729ab1 e6208ee469 cb2cbb3ccb">Very Good<!-- --> </div><div class="abf093bdfe f45d8e4c32 d935416c47">644 reviews</div></div></div></span></a></div></div><div><span class="f419a93f12"><button aria-expanded="false" type="button" class="a83ed08757 c21c56c305 a4c1805887 ab98298258 deab83296e c082d89982"><span class="e4adce92df">Show prices</span></button></span></div></div></div></div></div></div></div></div><div class="ea6e492f88"></div></div><div class="bea018f16c"><div></div></div><div data-testid="property-card" class="c82435a4b8 a178069f51 a6ae3c2b40 a18aeea94d d794b7a0f7 f53e278e95 da89aeb942" style="--bui_box_padding--s:4"><div class="d20f4628d0"><div class="f9d4f2568d"><div class="c90a25d457"><a href="https://www.booking.com/hotel/ph/olive-town-center-and.html?ucfs=1&amp;arphpl=1&amp;dest_id=261060&amp;dest_type=landmark&amp;group_adults=2&amp;req_adults=2&amp;no_rooms=1&amp;group_children=0&amp;req_children=0&amp;hpos=21&amp;hapos=21&amp;sr_order=popularity&amp;srpvid=7c9c48ada4eb027a&amp;srepoch=1694773211&amp;from=searchresults#hotelTmpl" target="_blank" rel="noopener noreferrer" tabindex="-1" aria-hidden="true" data-testid="property-card-desktop-single-image"><img src="https://cf.bstatic.com/xdata/images/hotel/square200/335584592.jpg?k=35bd5b776e64d88f0a6dff3d2c3a9675af1f4d30f01f7c4dbe0f0b0b483f72db&amp;o=" alt="Olive Town Center and Hotel" width="200" height="200" class="b8b0793b0e" data-testid="image"/></a><div class="d226e2f1b9"><span class="f419a93f12"><button class="f41101cd39" aria-expanded="false" data-testid="wishlist-button"><span data-testid="wishlist-icon" class="fcd9eec8fb c422d77911 d24fc26e73" aria-hidden="true"><svg viewBox="0 0 128 128" width="1em" height="1em"><path d="M64 112a3.6 3.6 0 0 1-2-.5 138.8 138.8 0 0 1-44.2-38c-10-14.4-10.6-26-9.4-33.2a29 29 0 0 1 22.9-23.7c11.9-2.4 24 2.5 32.7 13a33.7 33.7 0 0 1 32.7-13 29 29 0 0 1 22.8 23.7c1.3 7.2.6 18.8-9.3 33.3-9.1 13.1-24 25.9-44.2 37.9a3.6 3.6 0 0 1-2 .5z"></path></svg></span></button></span></div></div></div><div class="b978843432"><div class="aca0ade214 aaf30230d9 cd2e7d62b0 f996d8c258"><div class=""><div class="aca0ade214 c9835feea9 c2931f4182 d79e71457a d14b211b4f"><div class="aaee4e7cd3 e7a57abb1e"><div class="aca0ade214 a5f1aae5b2 cd2e7d62b0"><div><div class="dd023375f5"><h3 class="a4225678b2"><a href="https://www.booking.com/hotel/ph/olive-town-center-and.html?ucfs=1&amp;arphpl=1&amp;dest_id=261060&amp;dest_type=landmark&amp;group_adults=2&amp;req_adults=2&amp;no_rooms=1&amp;group_children=0&amp;req_children=0&amp;hpos=21&amp;hapos=21&amp;sr_order=popularity&amp;srpvid=7c9c48ada4eb027a&amp;srepoch=1694773211&amp;from=searchresults#hotelTmpl" class="e13098a59f" target="_blank" rel="noopener noreferrer" data-testid="title-link"><div data-testid="title" class="f6431b446c a23c043802">Olive Town Center and Hotel</div><div class="ac4a7896c7">Opens in new window</div></a></h3></div></div><div><div class="abf093bdfe a1fbd102d9"><a target="_blank" rel="noopener noreferrer" href="https://www.booking.com/hotel/ph/olive-town-center-and.html?ucfs=1&amp;arphpl=1&amp;dest_id=261060&amp;dest_type=landmark&amp;group_adults=2&amp;req_adults=2&amp;no_rooms=1&amp;group_children=0&amp;req_children=0&amp;hpos=21&amp;hapos=21&amp;sr_order=popularity&amp;srpvid=7c9c48ada4eb027a&amp;srepoch=1694773211&amp;from=searchresults&amp;map=1" class="a83ed08757 f88a5204c2 e0e11a8307 b98133fb50"><span><span class="f4bd0794db b4273d69aa" data-testid="address">Baguio</span><span class="f4bd0794db b4273d69aa">Show on map</span></span></a><span class="f4bd0794db"><span class="f419a93f12"><span aria-expanded="false" data-testid="distance">0.2 miles from Session Road</span></span></span></div></div><div class="abf093bdfe">Located in Baguio, within a 9-minute walk of SM City Baguio and half a mile of Burnham Park, Olive Town Center and Hotel has accommodations with a terrace and free WiFi as well as free private parking...</div></div></div><div class=""><div class="aca0ade214 ebac6e22e9 cd2e7d62b0 f920833fe5"><div class=""><div class="aca0ade214 a5f1aae5b2 cd2e7d62b0"><a target="_blank" rel="noopener noreferrer" data-testid="review-score-link" href="https://www.booking.com/hotel/ph/olive-town-center-and.html?ucfs=1&amp;arphpl=1&amp;dest_id=261060&amp;dest_type=landmark&amp;group_adults=2&amp;req_adults=2&amp;no_rooms=1&amp;group_children=0&amp;req_children=0&amp;hpos=21&amp;hapos=21&amp;sr_order=popularity&amp;srpvid=7c9c48ada4eb027a&amp;srepoch=1694773211&amp;from=searchresults#hotelTmpl" class="a83ed08757 f88a5204c2 aeccf0d865 b98133fb50"><span><div data-testid="review-score" class="aca0ade214 aaf30230d9 e1ffac4e41 e7d9f93f4d d79e71457a d5fd510f01 dc7f26e57f"><div aria-label="Scored 8.5 " class="a3b8729ab1 d86cee9b25">8.5</div><div class="aaee4e7cd3 e7a57abb1e a29749fd9f"><div aria-label="Very Good" class="a3b8729ab1 e6208ee469 cb2cbb3ccb">Very Good<!-- --> </div><div class="abf093bdfe f45d8e4c32 d935416c47">221 reviews</div></div></div></span></a></div></div><div><span class="f419a93f12"><button aria-expanded="false" type="button" class="a83ed08757 c21c56c305 a4c1805887 ab98298258 deab83296e c082d89982"><span class="e4adce92df">Show prices</span></button></span></div></div></div></div></div></div></div></div><div class="ea6e492f88"></div></div><div class="bea018f16c"><div></div></div><div data-testid="property-card" class="c82435a4b8 a178069f51 a6ae3c2b40 a18aeea94d d794b7a0f7 f53e278e95 da89aeb942" style="--bui_box_padding--s:4"><div class="d20f4628d0"><div class="f9d4f2568d"><div class="c90a25d457"><a href="https://www.booking.com/hotel/ph/jcga-apartments-megatower-residences-iv.html?ucfs=1&amp;arphpl=1&amp;dest_id=261060&amp;dest_type=landmark&amp;group_adults=2&amp;req_adults=2&amp;no_rooms=1&amp;group_children=0&amp;req_children=0&amp;hpos=22&amp;hapos=22&amp;sr_order=popularity&amp;srpvid=7c9c48ada4eb027a&amp;srepoch=1694773211&amp;from=searchresults#hotelTmpl" target="_blank" rel="noopener noreferrer" tabindex="-1" aria-hidden="true" data-testid="property-card-desktop-single-image"><img src="https://cf.bstatic.com/xdata/images/hotel/square200/482691434.jpg?k=a79b448b0786a4534f735890d8d6768f5fefa4be89cc75cfd56c816111e7adee&amp;o=" alt="JCGA Apartments at Megatower Residences IV - Near SM &amp; Session Rd" width="200" height="200" class="b8b0793b0e" data-testid="image"/></a><div class="d226e2f1b9"><span class="f419a93f12"><button class="f41101cd39" aria-expanded="false" data-testid="wishlist-button"><span data-testid="wishlist-icon" class="fcd9eec8fb c422d77911 d24fc26e73" aria-hidden="true"><svg viewBox="0 0 128 128" width="1em" height="1em"><path d="M64 112a3.6 3.6 0 0 1-2-.5 138.8 138.8 0 0 1-44.2-38c-10-14.4-10.6-26-9.4-33.2a29 29 0 0 1 22.9-23.7c11.9-2.4 24 2.5 32.7 13a33.7 33.7 0 0 1 32.7-13 29 29 0 0 1 22.8 23.7c1.3 7.2.6 18.8-9.3 33.3-9.1 13.1-24 25.9-44.2 37.9a3.6 3.6 0 0 1-2 .5z"></path></svg></span></button></span></div></div></div><div class="b978843432"><div class="aca0ade214 aaf30230d9 cd2e7d62b0 f996d8c258"><div class=""><div class="aca0ade214 c9835feea9 c2931f4182 d79e71457a d14b211b4f"><div class="aaee4e7cd3 e7a57abb1e"><div class="aca0ade214 a5f1aae5b2 cd2e7d62b0"><div><div class="dd023375f5"><h3 class="a4225678b2"><a href="https://www.booking.com/hotel/ph/jcga-apartments-megatower-residences-iv.html?ucfs=1&amp;arphpl=1&amp;dest_id=261060&amp;dest_type=landmark&amp;group_adults=2&amp;req_adults=2&amp;no_rooms=1&amp;group_children=0&amp;req_children=0&amp;hpos=22&amp;hapos=22&amp;sr_order=popularity&amp;srpvid=7c9c48ada4eb027a&amp;srepoch=1694773211&amp;from=searchresults#hotelTmpl" class="e13098a59f" target="_blank" rel="noopener noreferrer" data-testid="title-link"><div data-testid="title" class="f6431b446c a23c043802">JCGA Apartments at Megatower Residences IV - Near SM &amp; Session Rd</div><div class="ac4a7896c7">Opens in new window</div></a></h3></div></div><div><div class="abf093bdfe a1fbd102d9"><a target="_blank" rel="noopener noreferrer" href="https://www.booking.com/hotel/ph/jcga-apartments-megatower-residences-iv.html?ucfs=1&amp;arphpl=1&amp;dest_id=261060&amp;dest_type=landmark&amp;group_adults=2&amp;req_adults=2&amp;no_rooms=1&amp;group_children=0&amp;req_children=0&amp;hpos=22&amp;hapos=22&amp;sr_order=popularity&amp;srpvid=7c9c48ada4eb027a&amp;srepoch=1694773211&amp;from=searchresults&amp;map=1" class="a83ed08757 f88a5204c2 e0e11a8307 b98133fb50"><span><span class="f4bd0794db b4273d69aa" data-testid="address">Baguio</span><span class="f4bd0794db b4273d69aa">Show on map</span></span></a><span class="f4bd0794db"><span class="f419a93f12"><span aria-expanded="false" data-testid="distance">0.2 miles from Session Road</span></span></span></div></div><div class="abf093bdfe">Located in Baguio, JCGA Apartments at Megatower Residences IV - Near SM &amp; Session Rd provides accommodations 1.8 miles from Camp John Hay and 2.1 miles from Lourdes Grotto. </div></div></div><div class=""><div class="aca0ade214 ebac6e22e9 cd2e7d62b0 f920833fe5"><div class=""><div class="aca0ade214 a5f1aae5b2 cd2e7d62b0"><a target="_blank" rel="noopener noreferrer" data-testid="review-score-link" href="https://www.booking.com/hotel/ph/jcga-apartments-megatower-residences-iv.html?ucfs=1&amp;arphpl=1&amp;dest_id=261060&amp;dest_type=landmark&amp;group_adults=2&amp;req_adults=2&amp;no_rooms=1&amp;group_children=0&amp;req_children=0&amp;hpos=22&amp;hapos=22&amp;sr_order=popularity&amp;srpvid=7c9c48ada4eb027a&amp;srepoch=1694773211&amp;from=searchresults#hotelTmpl" class="a83ed08757 f88a5204c2 aeccf0d865 b98133fb50"><span><div data-testid="review-score" class="aca0ade214 aaf30230d9 e1ffac4e41 e7d9f93f4d d79e71457a d5fd510f01 dc7f26e57f"><div aria-label="Scored 8.7 " class="a3b8729ab1 d86cee9b25">8.7</div><div class="aaee4e7cd3 e7a57abb1e a29749fd9f"><div aria-label="Excellent" class="a3b8729ab1 e6208ee469 cb2cbb3ccb">Excellent<!-- --> </div><div class="abf093bdfe f45d8e4c32 d935416c47">6 reviews</div></div></div></span></a><div><a target="_blank" rel="noopener noreferrer" data-testid="secondary-review-score-link" aria-label="Location: Scored 10 " href="https://www.booking.com/hotel/ph/jcga-apartments-megatower-residences-iv.html?ucfs=1&amp;arphpl=1&amp;dest_id=261060&amp;dest_type=landmark&amp;group_adults=2&amp;req_adults=2&amp;no_rooms=1&amp;group_children=0&amp;req_children=0&amp;hpos=22&amp;hapos=22&amp;sr_order=popularity&amp;srpvid=7c9c48ada4eb027a&amp;srepoch=1694773211&amp;from=searchresults#hotelTmpl" class="a83ed08757 f88a5204c2 b98133fb50"><span><span class="a3332d346a">Location<!-- --> <!-- -->10</span></span></a></div><span class="abf093bdfe c147fc6dd1 d8d1f2a629"><span class="b30f8eb2d6">New to Booking.com</span></span></div></div><div><span class="f419a93f12"><button aria-expanded="false" type="button" class="a83ed08757 c21c56c305 a4c1805887 ab98298258 deab83296e c082d89982"><span class="e4adce92df">Show prices</span></button></span></div></div></div></div></div></div></div></div><div class="ea6e492f88"></div></div><div class="bea018f16c"><div></div></div><div data-testid="property-card" class="c82435a4b8 a178069f51 a6ae3c2b40 a18aeea94d d794b7a0f7 f53e278e95 da89aeb942" style="--bui_box_padding--s:4"><div class="d20f4628d0"><div class="f9d4f2568d"><div class="c90a25d457"><a href="https://www.booking.com/hotel/ph/megatower-residences-baguio.html?ucfs=1&amp;arphpl=1&amp;dest_id=261060&amp;dest_type=landmark&amp;group_adults=2&amp;req_adults=2&amp;no_rooms=1&amp;group_children=0&amp;req_children=0&amp;hpos=23&amp;hapos=23&amp;sr_order=popularity&amp;srpvid=7c9c48ada4eb027a&amp;srepoch=1694773211&amp;from=searchresults#hotelTmpl" target="_blank" rel="noopener noreferrer" tabindex="-1" aria-hidden="true" data-testid="property-card-desktop-single-image"><img src="https://cf.bstatic.com/xdata/images/hotel/square200/160823934.jpg?k=4a7b560340ce7c3afddf3f110f8a2ea27584a1717e0188c9951e9b6f00cafa13&amp;o=" alt="Daichi Place Megatower Residences" width="200" height="200" class="b8b0793b0e" data-testid="image"/></a><div class="d226e2f1b9"><span class="f419a93f12"><button class="f41101cd39" aria-expanded="false" data-testid="wishlist-button"><span data-testid="wishlist-icon" class="fcd9eec8fb c422d77911 d24fc26e73" aria-hidden="true"><svg viewBox="0 0 128 128" width="1em" height="1em"><path d="M64 112a3.6 3.6 0 0 1-2-.5 138.8 138.8 0 0 1-44.2-38c-10-14.4-10.6-26-9.4-33.2a29 29 0 0 1 22.9-23.7c11.9-2.4 24 2.5 32.7 13a33.7 33.7 0 0 1 32.7-13 29 29 0 0 1 22.8 23.7c1.3 7.2.6 18.8-9.3 33.3-9.1 13.1-24 25.9-44.2 37.9a3.6 3.6 0 0 1-2 .5z"></path></svg></span></button></span></div></div></div><div class="b978843432"><div class="aca0ade214 aaf30230d9 cd2e7d62b0 f996d8c258"><div class=""><div class="aca0ade214 c9835feea9 c2931f4182 d79e71457a d14b211b4f"><div class="aaee4e7cd3 e7a57abb1e"><div class="aca0ade214 a5f1aae5b2 cd2e7d62b0"><div><div class="dd023375f5"><h3 class="a4225678b2"><a href="https://www.booking.com/hotel/ph/megatower-residences-baguio.html?ucfs=1&amp;arphpl=1&amp;dest_id=261060&amp;dest_type=landmark&amp;group_adults=2&amp;req_adults=2&amp;no_rooms=1&amp;group_children=0&amp;req_children=0&amp;hpos=23&amp;hapos=23&amp;sr_order=popularity&amp;srpvid=7c9c48ada4eb027a&amp;srepoch=1694773211&amp;from=searchresults#hotelTmpl" class="e13098a59f" target="_blank" rel="noopener noreferrer" data-testid="title-link"><div data-testid="title" class="f6431b446c a23c043802">Daichi Place Megatower Residences</div><div class="ac4a7896c7">Opens in new window</div></a></h3><span class="f419a93f12"><span aria-expanded="false" tabindex="0" role="button" data-testid="preferred-badge"><span role="img" class="fcd9eec8fb c79b3cbed2 c2cc050fb8 e410954d4b" aria-label="This property is part of our Preferred Partner Program. It&#x27;s committed to providing excellent service and good value. It’ll pay us a higher commission if you make a booking."><svg viewBox="0 0 128 128" width="1em" height="1em"><path d="M112 8H16a8 8 0 0 0-8 8v96a8 8 0 0 0 8 8h96a8 8 0 0 0 8-8V16a8 8 0 0 0-8-8zM48 96H24V58h24zm56-25a8.7 8.7 0 0 1-2 6 8.9 8.9 0 0 1 1 4 6.9 6.9 0 0 1-5 7c-.5 4-4.8 8-9 8H56V58l10.3-23.3a5.4 5.4 0 0 1 10.1 2.7 10.3 10.3 0 0 1-.6 2.7L72 52h23c4.5 0 9 3.5 9 8a9.2 9.2 0 0 1-2 5.3 7.5 7.5 0 0 1 2 5.7z"></path></svg></span></span></span></div></div><div><div class="abf093bdfe a1fbd102d9"><a target="_blank" rel="noopener noreferrer" href="https://www.booking.com/hotel/ph/megatower-residences-baguio.html?ucfs=1&amp;arphpl=1&amp;dest_id=261060&amp;dest_type=landmark&amp;group_adults=2&amp;req_adults=2&amp;no_rooms=1&amp;group_children=0&amp;req_children=0&amp;hpos=23&amp;hapos=23&amp;sr_order=popularity&amp;srpvid=7c9c48ada4eb027a&amp;srepoch=1694773211&amp;from=searchresults&amp;map=1" class="a83ed08757 f88a5204c2 e0e11a8307 b98133fb50"><span><span class="f4bd0794db b4273d69aa" data-testid="address">Baguio</span><span class="f4bd0794db b4273d69aa">Show on map</span></span></a><span class="f4bd0794db"><span class="f419a93f12"><span aria-expanded="false" data-testid="distance">0.2 miles from Session Road</span></span></span></div></div><div class="abf093bdfe">Offering a terrace and city view, Daichi Place Megatower Residences is located in Baguio, a 11-minute walk from Mines View Park and 0.6 miles from Burnham Park. </div></div></div><div class=""><div class="aca0ade214 ebac6e22e9 cd2e7d62b0 f920833fe5"><div class=""><div class="aca0ade214 a5f1aae5b2 cd2e7d62b0"><a target="_blank" rel="noopener noreferrer" data-testid="review-score-link" href="https://www.booking.com/hotel/ph/megatower-residences-baguio.html?ucfs=1&amp;arphpl=1&amp;dest_id=261060&amp;dest_type=landmark&amp;group_adults=2&amp;req_adults=2&amp;no_rooms=1&amp;group_children=0&amp;req_children=0&amp;hpos=23&amp;hapos=23&amp;sr_order=popularity&amp;srpvid=7c9c48ada4eb027a&amp;srepoch=1694773211&amp;from=searchresults#hotelTmpl" class="a83ed08757 f88a5204c2 aeccf0d865 b98133fb50"><span><div data-testid="review-score" class="aca0ade214 aaf30230d9 e1ffac4e41 e7d9f93f4d d79e71457a d5fd510f01 dc7f26e57f"><div aria-label="Scored 8.8 " class="a3b8729ab1 d86cee9b25">8.8</div><div class="aaee4e7cd3 e7a57abb1e a29749fd9f"><div aria-label="Excellent" class="a3b8729ab1 e6208ee469 cb2cbb3ccb">Excellent<!-- --> </div><div class="abf093bdfe f45d8e4c32 d935416c47">55 reviews</div></div></div></span></a><div><a target="_blank" rel="noopener noreferrer" data-testid="secondary-review-score-link" aria-label="Location: Scored 9.4 " href="https://www.booking.com/hotel/ph/megatower-residences-baguio.html?ucfs=1&amp;arphpl=1&amp;dest_id=261060&amp;dest_type=landmark&amp;group_adults=2&amp;req_adults=2&amp;no_rooms=1&amp;group_children=0&amp;req_children=0&amp;hpos=23&amp;hapos=23&amp;sr_order=popularity&amp;srpvid=7c9c48ada4eb027a&amp;srepoch=1694773211&amp;from=searchresults#hotelTmpl" class="a83ed08757 f88a5204c2 b98133fb50"><span><span class="a3332d346a">Location<!-- --> <!-- -->9.4</span></span></a></div></div></div><div><span class="f419a93f12"><button aria-expanded="false" type="button" class="a83ed08757 c21c56c305 a4c1805887 ab98298258 deab83296e c082d89982"><span class="e4adce92df">Show prices</span></button></span></div></div></div></div></div></div></div></div><div class="ea6e492f88"></div></div><div class="bea018f16c"><div></div></div><div data-testid="property-card" class="c82435a4b8 a178069f51 a6ae3c2b40 a18aeea94d d794b7a0f7 f53e278e95 da89aeb942" style="--bui_box_padding--s:4"><div class="d20f4628d0"><div class="f9d4f2568d"><div class="c90a25d457"><a href="https://www.booking.com/hotel/ph/paragon-and-suites.html?ucfs=1&amp;arphpl=1&amp;dest_id=261060&amp;dest_type=landmark&amp;group_adults=2&amp;req_adults=2&amp;no_rooms=1&amp;group_children=0&amp;req_children=0&amp;hpos=24&amp;hapos=24&amp;sr_order=popularity&amp;srpvid=7c9c48ada4eb027a&amp;srepoch=1694773211&amp;from=searchresults#hotelTmpl" target="_blank" rel="noopener noreferrer" tabindex="-1" aria-hidden="true" data-testid="property-card-desktop-single-image"><img src="https://cf.bstatic.com/xdata/images/hotel/square200/466646787.jpg?k=1a58311ebb129ce187243a6c49584a47c5b156ac66d37ee8f17ed5d3cbc74dbf&amp;o=" alt="Paragon Hotel and Suites" width="200" height="200" class="b8b0793b0e" data-testid="image"/></a><div class="d226e2f1b9"><span class="f419a93f12"><button class="f41101cd39" aria-expanded="false" data-testid="wishlist-button"><span data-testid="wishlist-icon" class="fcd9eec8fb c422d77911 d24fc26e73" aria-hidden="true"><svg viewBox="0 0 128 128" width="1em" height="1em"><path d="M64 112a3.6 3.6 0 0 1-2-.5 138.8 138.8 0 0 1-44.2-38c-10-14.4-10.6-26-9.4-33.2a29 29 0 0 1 22.9-23.7c11.9-2.4 24 2.5 32.7 13a33.7 33.7 0 0 1 32.7-13 29 29 0 0 1 22.8 23.7c1.3 7.2.6 18.8-9.3 33.3-9.1 13.1-24 25.9-44.2 37.9a3.6 3.6 0 0 1-2 .5z"></path></svg></span></button></span></div></div></div><div class="b978843432"><div class="aca0ade214 aaf30230d9 cd2e7d62b0 f996d8c258"><div class=""><div class="aca0ade214 c9835feea9 c2931f4182 d79e71457a d14b211b4f"><div class="aaee4e7cd3 e7a57abb1e"><div class="aca0ade214 a5f1aae5b2 cd2e7d62b0"><div><div class="dd023375f5"><h3 class="a4225678b2"><a href="https://www.booking.com/hotel/ph/paragon-and-suites.html?ucfs=1&amp;arphpl=1&amp;dest_id=261060&amp;dest_type=landmark&amp;group_adults=2&amp;req_adults=2&amp;no_rooms=1&amp;group_children=0&amp;req_children=0&amp;hpos=24&amp;hapos=24&amp;sr_order=popularity&amp;srpvid=7c9c48ada4eb027a&amp;srepoch=1694773211&amp;from=searchresults#hotelTmpl" class="e13098a59f" target="_blank" rel="noopener noreferrer" data-testid="title-link"><div data-testid="title" class="f6431b446c a23c043802">Paragon Hotel and Suites</div><div class="ac4a7896c7">Opens in new window</div></a></h3></div></div><div><div class="abf093bdfe a1fbd102d9"><a target="_blank" rel="noopener noreferrer" href="https://www.booking.com/hotel/ph/paragon-and-suites.html?ucfs=1&amp;arphpl=1&amp;dest_id=261060&amp;dest_type=landmark&amp;group_adults=2&amp;req_adults=2&amp;no_rooms=1&amp;group_children=0&amp;req_children=0&amp;hpos=24&amp;hapos=24&amp;sr_order=popularity&amp;srpvid=7c9c48ada4eb027a&amp;srepoch=1694773211&amp;from=searchresults&amp;map=1" class="a83ed08757 f88a5204c2 e0e11a8307 b98133fb50"><span><span class="f4bd0794db b4273d69aa" data-testid="address">Baguio</span><span class="f4bd0794db b4273d69aa">Show on map</span></span></a><span class="f4bd0794db"><span class="f419a93f12"><span aria-expanded="false" data-testid="distance">0.4 miles from Session Road</span></span></span></div></div><div class="abf093bdfe">Featuring 3-star accommodations, Paragon Hotel and Suites is located in Baguio, a 5-minute walk from Burnham Park and 0.8 miles from SM City Baguio. </div></div></div><div class=""><div class="aca0ade214 ebac6e22e9 cd2e7d62b0 f920833fe5"><div class=""><div class="aca0ade214 a5f1aae5b2 cd2e7d62b0"><a target="_blank" rel="noopener noreferrer" data-testid="review-score-link" href="https://www.booking.com/hotel/ph/paragon-and-suites.html?ucfs=1&amp;arphpl=1&amp;dest_id=261060&amp;dest_type=landmark&amp;group_adults=2&amp;req_adults=2&amp;no_rooms=1&amp;group_children=0&amp;req_children=0&amp;hpos=24&amp;hapos=24&amp;sr_order=popularity&amp;srpvid=7c9c48ada4eb027a&amp;srepoch=1694773211&amp;from=searchresults#hotelTmpl" class="a83ed08757 f88a5204c2 aeccf0d865 b98133fb50"><span><div data-testid="review-score" class="aca0ade214 aaf30230d9 e1ffac4e41 e7d9f93f4d d79e71457a d5fd510f01 dc7f26e57f"><div aria-label="Scored 8.0 " class="a3b8729ab1 d86cee9b25">8.0</div><div class="aaee4e7cd3 e7a57abb1e a29749fd9f"><div aria-label="Very Good" class="a3b8729ab1 e6208ee469 cb2cbb3ccb">Very Good<!-- --> </div><div class="abf093bdfe f45d8e4c32 d935416c47">99 reviews</div></div></div></span></a></div></div><div><span class="f419a93f12"><button aria-expanded="false" type="button" class="a83ed08757 c21c56c305 a4c1805887 ab98298258 deab83296e c082d89982"><span class="e4adce92df">Show prices</span></button></span></div></div></div></div></div></div></div></div><div class="ea6e492f88"></div></div><div class="bea018f16c"><div></div></div><div data-testid="property-card" class="c82435a4b8 a178069f51 a6ae3c2b40 a18aeea94d d794b7a0f7 f53e278e95 da89aeb942" style="--bui_box_padding--s:4"><div class="d20f4628d0"><div class="f9d4f2568d"><div class="c90a25d457"><a href="https://www.booking.com/hotel/ph/krystalclaine-homestay.html?ucfs=1&amp;arphpl=1&amp;dest_id=261060&amp;dest_type=landmark&amp;group_adults=2&amp;req_adults=2&amp;no_rooms=1&amp;group_children=0&amp;req_children=0&amp;hpos=25&amp;hapos=25&amp;sr_order=popularity&amp;srpvid=7c9c48ada4eb027a&amp;srepoch=1694773211&amp;from_sustainable_property_sr=1&amp;from=searchresults#hotelTmpl" target="_blank" rel="noopener noreferrer" tabindex="-1" aria-hidden="true" data-testid="property-card-desktop-single-image"><img src="https://cf.bstatic.com/xdata/images/hotel/square200/351548981.jpg?k=2d8deb96fb19aa7c63f547ad153f89808593c2dfdec6a9efa3f8d13c7d6f043f&amp;o=" alt="Krystal Claine Homestay-BURNHAM HILL" width="200" height="200" class="b8b0793b0e" data-testid="image"/></a><div class="d226e2f1b9"><span class="f419a93f12"><button class="f41101cd39" aria-expanded="false" data-testid="wishlist-button"><span data-testid="wishlist-icon" class="fcd9eec8fb c422d77911 d24fc26e73" aria-hidden="true"><svg viewBox="0 0 128 128" width="1em" height="1em"><path d="M64 112a3.6 3.6 0 0 1-2-.5 138.8 138.8 0 0 1-44.2-38c-10-14.4-10.6-26-9.4-33.2a29 29 0 0 1 22.9-23.7c11.9-2.4 24 2.5 32.7 13a33.7 33.7 0 0 1 32.7-13 29 29 0 0 1 22.8 23.7c1.3 7.2.6 18.8-9.3 33.3-9.1 13.1-24 25.9-44.2 37.9a3.6 3.6 0 0 1-2 .5z"></path></svg></span></button></span></div></div></div><div class="b978843432"><div class="aca0ade214 aaf30230d9 cd2e7d62b0 f996d8c258"><div class=""><div class="aca0ade214 c9835feea9 c2931f4182 d79e71457a d14b211b4f"><div class="aaee4e7cd3 e7a57abb1e"><div class="aca0ade214 a5f1aae5b2 cd2e7d62b0"><div><div class="dd023375f5"><h3 class="a4225678b2"><a href="https://www.booking.com/hotel/ph/krystalclaine-homestay.html?ucfs=1&amp;arphpl=1&amp;dest_id=261060&amp;dest_type=landmark&amp;group_adults=2&amp;req_adults=2&amp;no_rooms=1&amp;group_children=0&amp;req_children=0&amp;hpos=25&amp;hapos=25&amp;sr_order=popularity&amp;srpvid=7c9c48ada4eb027a&amp;srepoch=1694773211&amp;from_sustainable_property_sr=1&amp;from=searchresults#hotelTmpl" class="e13098a59f" target="_blank" rel="noopener noreferrer" data-testid="title-link"><div data-testid="title" class="f6431b446c a23c043802">Krystal Claine Homestay-BURNHAM HILL</div><div class="ac4a7896c7">Opens in new window</div></a></h3><span class="f419a93f12"><span aria-expanded="false" tabindex="0" role="button" data-testid="preferred-badge"><span role="img" class="fcd9eec8fb c79b3cbed2 c2cc050fb8 e410954d4b" aria-label="This property is part of our Preferred Partner Program. It&#x27;s committed to providing excellent service and good value. It’ll pay us a higher commission if you make a booking."><svg viewBox="0 0 128 128" width="1em" height="1em"><path d="M112 8H16a8 8 0 0 0-8 8v96a8 8 0 0 0 8 8h96a8 8 0 0 0 8-8V16a8 8 0 0 0-8-8zM48 96H24V58h24zm56-25a8.7 8.7 0 0 1-2 6 8.9 8.9 0 0 1 1 4 6.9 6.9 0 0 1-5 7c-.5 4-4.8 8-9 8H56V58l10.3-23.3a5.4 5.4 0 0 1 10.1 2.7 10.3 10.3 0 0 1-.6 2.7L72 52h23c4.5 0 9 3.5 9 8a9.2 9.2 0 0 1-2 5.3 7.5 7.5 0 0 1 2 5.7z"></path></svg></span></span></span></div></div><div><div class="abf093bdfe a1fbd102d9"><a target="_blank" rel="noopener noreferrer" href="https://www.booking.com/hotel/ph/krystalclaine-homestay.html?ucfs=1&amp;arphpl=1&amp;dest_id=261060&amp;dest_type=landmark&amp;group_adults=2&amp;req_adults=2&amp;no_rooms=1&amp;group_children=0&amp;req_children=0&amp;hpos=25&amp;hapos=25&amp;sr_order=popularity&amp;srpvid=7c9c48ada4eb027a&amp;srepoch=1694773211&amp;from_sustainable_property_sr=1&amp;from=searchresults&amp;map=1" class="a83ed08757 f88a5204c2 e0e11a8307 b98133fb50"><span><span class="f4bd0794db b4273d69aa" data-testid="address">Baguio</span><span class="f4bd0794db b4273d69aa">Show on map</span></span></a><span class="f4bd0794db"><span class="f419a93f12"><span aria-expanded="false" data-testid="distance">0.3 miles from Session Road</span></span></span></div></div><div><span data-testid="badge-sustainability" class="abf093bdfe c147fc6dd1 b81491d8c4 d18b4a6026"><span class="b30f8eb2d6"><div class="fba3ab9fd6"><span class="fcd9eec8fb f8ecfc5adb bf9a32efa5 a229b4a525" aria-hidden="true"><svg xmlns="http://www.w3.org/2000/svg" viewBox="0 0 72 24"><path d="M16.29 19.72c4.22-4.22 8.4-17.56 6.7-19.26S7.95 2.93 3.73 7.16C.67 10.22.62 15.58 3.5 18.98L15.62 6.86c.29-.29.77-.29 1.06 0s.29.77 0 1.06L4.57 20.03l-2.14 2.14c-.29.29-.29.77 0 1.06s.77.29 1.06 0l2.34-2.34c3.34 1.88 7.78 1.51 10.46-1.17ZM70.99.46c-1.15-1.16-6.85.55-8.56 1.11-2.26.73-7.83 2.73-10.7 5.6-1.5 1.5-2.36 3.69-2.35 6.01 0 2.18.76 4.21 2.12 5.81l-3.18 3.18c-.29.29-.29.77 0 1.06.15.15.34.22.53.22s.38-.07.53-.22l3.18-3.18c1.64 1.35 3.72 2.04 5.78 2.04 2.2 0 4.37-.78 5.94-2.35 2.87-2.87 4.87-8.44 5.6-10.7.55-1.72 2.27-7.41 1.1-8.57Zm-7.76 18.21c-2.21 2.21-6.54 2.77-9.6.31L64.68 7.93c.29-.29.29-.77 0-1.06s-.77-.29-1.06 0L52.56 17.93c-1.08-1.31-1.67-2.97-1.68-4.75 0-1.93.69-3.73 1.91-4.95 3.87-3.87 14.19-6.68 16.78-6.68.13 0 .24 0 .33.02.31 1.85-2.59 13.03-6.67 17.11ZM40.29 19.72c4.23-4.23 8.41-17.56 6.7-19.26s-15.04 2.48-19.26 6.7c-3.06 3.06-3.11 8.42-.23 11.82L39.62 6.86c.29-.29.77-.29 1.06 0s.29.77 0 1.06L28.57 20.03l-2.14 2.14c-.29.29-.29.77 0 1.06s.77.29 1.06 0l2.34-2.34c3.34 1.88 7.78 1.51 10.46-1.17Z"></path></svg></span><span class="abf093bdfe d068504c75 be09c104ad">Travel Sustainable Level 2</span></div></span></span></div><div class="abf093bdfe">Krystal Claine Homestay-BURNHAM HILL is located in Baguio, a 3-minute walk from Burnham Park, 0.7 miles from SM City Baguio, as well as one mile from Mines View Park. </div></div></div><div class=""><div class="aca0ade214 ebac6e22e9 cd2e7d62b0 f920833fe5"><div class=""><div class="aca0ade214 a5f1aae5b2 cd2e7d62b0"><a target="_blank" rel="noopener noreferrer" data-testid="review-score-link" href="https://www.booking.com/hotel/ph/krystalclaine-homestay.html?ucfs=1&amp;arphpl=1&amp;dest_id=261060&amp;dest_type=landmark&amp;group_adults=2&amp;req_adults=2&amp;no_rooms=1&amp;group_children=0&amp;req_children=0&amp;hpos=25&amp;hapos=25&amp;sr_order=popularity&amp;srpvid=7c9c48ada4eb027a&amp;srepoch=1694773211&amp;from_sustainable_property_sr=1&amp;from=searchresults#hotelTmpl" class="a83ed08757 f88a5204c2 aeccf0d865 b98133fb50"><span><div data-testid="review-score" class="aca0ade214 aaf30230d9 e1ffac4e41 e7d9f93f4d d79e71457a d5fd510f01 dc7f26e57f"><div aria-label="Scored 8.5 " class="a3b8729ab1 d86cee9b25">8.5</div><div class="aaee4e7cd3 e7a57abb1e a29749fd9f"><div aria-label="Very Good" class="a3b8729ab1 e6208ee469 cb2cbb3ccb">Very Good<!-- --> </div><div class="abf093bdfe f45d8e4c32 d935416c47">34 reviews</div></div></div></span></a></div></div><div><span class="f419a93f12"><button aria-expanded="false" type="button" class="a83ed08757 c21c56c305 a4c1805887 ab98298258 deab83296e c082d89982"><span class="e4adce92df">Show prices</span></button></span></div></div></div></div></div></div></div></div><div class="ea6e492f88"></div></div></div><div class="d7a0553560"><div class="d8f77e681c">Session Road: 571 properties found</div><div data-testid="pagination" class="c82435a4b8 a178069f51 a6ae3c2b40 a18aeea94d d794b7a0f7 f53e278e95 e49b423746" style="--bui_box_padding--s:0"><nav class="faf15ac93e"><div class="ef2dbaeb17" role="group"><div class="b16a89683f b01f80d01e a959f03bba"><button aria-label="Previous page" type="button" disabled="" class="a83ed08757 c21c56c305 f38b6daa18 d691166b09 ab98298258 deab83296e a16ddf9c57"><span class="eedba9e88a"><span class="fcd9eec8fb bf9a32efa5" aria-hidden="true"><svg xmlns="http://www.w3.org/2000/svg" viewBox="0 0 24 24" data-rtl-flip="true"><path d="M15.0871 19.2361C14.9677 19.2367 14.8495 19.2134 14.7392 19.1676C14.629 19.1219 14.5289 19.0546 14.4451 18.9696L8.38799 12.9125C8.26332 12.7891 8.16475 12.6418 8.09815 12.4795C8.03156 12.3172 7.99829 12.1431 8.00034 11.9676C7.99246 11.6171 8.12303 11.2776 8.36376 11.0227L14.4208 4.96566C14.5912 4.79552 14.8221 4.69995 15.0629 4.69995C15.3037 4.69995 15.5346 4.79552 15.7049 4.96566C15.7907 5.04918 15.8588 5.14902 15.9053 5.25929C15.9518 5.36957 15.9758 5.48803 15.9758 5.60771C15.9758 5.72739 15.9518 5.84586 15.9053 5.95613C15.8588 6.0664 15.7907 6.16624 15.7049 6.24976L10.0113 11.9676L15.7292 17.6855C15.8149 17.769 15.883 17.8689 15.9295 17.9792C15.976 18.0894 16 18.2079 16 18.3276C16 18.4473 15.976 18.5657 15.9295 18.676C15.883 18.7863 15.8149 18.8861 15.7292 18.9696C15.6457 19.0551 15.5458 19.1228 15.4354 19.1686C15.3251 19.2144 15.2066 19.2374 15.0871 19.2361Z"></path></svg></span></span></button></div><div class="ab95b25344"><ol class="ef2dbaeb17"><li class="b16a89683f ce06be16cb"><button aria-label=" 1" aria-current="page" type="button" class="a83ed08757 a2028338ea">1</button></li><li class="b16a89683f"><button aria-label=" 2" type="button" class="a83ed08757 a2028338ea">2</button></li><li class="b16a89683f" aria-hidden="true"><span class="a2f4a5e019">…</span></li><li class="b16a89683f"><button aria-label=" 23" type="button" class="a83ed08757 a2028338ea">23</button></li></ol></div><div class="b16a89683f cab1524053"><button aria-label="Next page" type="button" class="a83ed08757 c21c56c305 f38b6daa18 d691166b09 ab98298258 deab83296e bb803d8689 a16ddf9c57"><span class="eedba9e88a"><span class="fcd9eec8fb bf9a32efa5" aria-hidden="true"><svg xmlns="http://www.w3.org/2000/svg" viewBox="0 0 24 24" data-rtl-flip="true"><path d="M8.91289 19.2361C9.03226 19.2367 9.15054 19.2134 9.2608 19.1676C9.37105 19.1219 9.47105 19.0546 9.55493 18.9696L15.612 12.9125C15.7367 12.7891 15.8353 12.6418 15.9018 12.4795C15.9684 12.3172 16.0017 12.1431 15.9997 11.9676C16.0075 11.6171 15.877 11.2776 15.6362 11.0227L9.57916 4.96566C9.40881 4.79552 9.17788 4.69995 8.93711 4.69995C8.69634 4.69995 8.46542 4.79552 8.29506 4.96566C8.20935 5.04918 8.14122 5.14902 8.09471 5.25929C8.04819 5.36957 8.02423 5.48803 8.02423 5.60771C8.02423 5.72739 8.04819 5.84586 8.09471 5.95613C8.14122 6.0664 8.20935 6.16624 8.29506 6.24976L13.9887 11.9676L8.27084 17.6855C8.18512 17.769 8.117 17.8689 8.07048 17.9792C8.02396 18.0894 8 18.2079 8 18.3276C8 18.4473 8.02396 18.5657 8.07048 18.676C8.117 18.7863 8.18512 18.8861 8.27084 18.9696C8.3543 19.0551 8.45423 19.1228 8.56458 19.1686C8.67493 19.2144 8.79341 19.2374 8.91289 19.2361Z"></path></svg></span></span></button></div></div></nav><div class="f3942475b4 a312d3fe67 bd4784f2d6 d6b5cc954e"><div class="be933f8f9e"><span class="a7c436bd0b">Showing 1 – 25</span></div></div></div></div></div></div>
</div>
</div>
</div> <!-- /ajaxsrwrap -->
<div class='viewed_hotels_sr_wrapper'></div>
<div style="display: none;">
<div id="help_preferred_property">
<script type='track_copy' data-hash='ZOOYDLXAdcCcdOOdDC'></script>This property is part of our Preferred Partner Program. It's committed to providing excellent service and good value. It’ll pay us a higher commission if you make a booking.
</div>
</div>
</div>
<div id="left" class="rlt-left leftsmall" role="complementary">
<div id="left_col_wrapper" style="z-index: 101;">
<div data-component="arp-left-column">
<div data-capla-component-boundary="b-search-web-searchresults/LeftColumnDesktop"><div class="b546c9ed2b"><div class="c1aac87ff7 edff2772e1 c60e80d6a6 e5c543a0db" role="none" data-testid="map-trigger"><div class="c75185f3e8"><span class="d0438f59a5" data-testid="map-entry-pin-icon"><span class="e75db87696"><span class="b56c581c9f"></span><svg viewBox="-1 -1 26 32" class="b2873bf9cb"><path d="M24 12.4286C24 19.2927 12 29 12 29C12 29 0 19.2927 0 12.4286C0 5.56446 5.37258 0 12 0C18.6274 0 24 5.56446 24 12.4286Z"></path></svg></span><svg class="ae0a00836a" viewBox="0 0 12 4"><ellipse cx="6" cy="2" rx="6" ry="2"></ellipse></svg></span></div><button type="button" class="a83ed08757 c21c56c305 a4c1805887 ab98298258 deab83296e c082d89982 d2c52b10ce"><span class="e4adce92df">Show on map</span></button></div></div><div><div></div></div><div data-testid="filters-sidebar" class="ffb9c3d6a3 c9c3c66a7d f7d4209a37"><div class="f2cf178bcd eb7954a872"><h2 class="e1eebb6a1e e6208ee469 d0caee4251">Filter by:</h2></div><div data-filters-group="SustainablePropertyFilter" data-testid="filters-group" id="filter_group_SustainablePropertyFilter_:Rpl4:" class="ffb9c3d6a3 ad9a06523f"><div><div></div></div><div class="f2cf178bcd f6b5094aa4"><h3 class="a3332d346a e6208ee469 d0caee4251">Sustainability</h3></div><div class="c733693b78"><div></div></div><div data-filters-item="SustainablePropertyFilter:SustainablePropertyFilter=1" class="a53cbfa6de ac9267e216 d8eb520c4e a244b31530 a2d2507aff b0d8afeab2"><input aria-label="Travel Sustainable properties: 138 properties" id=":R5f8pl4:" class="f0b6754c38" type="checkbox" name="SustainablePropertyFilter=1" value="SustainablePropertyFilter=1"/><label for=":R5f8pl4:" class="aca0ade214 aaf30230d9 c2931f4182 d79e71457a bd597ff2d8"><span class="ff5328eb35"></span><span class="ef785aa7f4"><span class="fcd9eec8fb b27b51da7f bf9a32efa5" aria-hidden="true"><svg xmlns="http://www.w3.org/2000/svg" viewBox="0 0 128 128"><path d="M56.33 102a6 6 0 0 1-4.24-1.75L19.27 67.54A6.014 6.014 0 1 1 27.74 59l27.94 27.88 44-58.49a6 6 0 1 1 9.58 7.22l-48.17 64a5.998 5.998 0 0 1-4.34 2.39z"></path></svg></span></span><span class="aaee4e7cd3 e7a57abb1e"><div class="a53cbfa6de e6208ee469"><div data-testid="filters-group-label-container" class="dcd1ccc0b6" aria-hidden="true"><div data-testid="filters-group-label-content" class="a53cbfa6de cb475f8063">Travel Sustainable properties</div> <span class="abf093bdfe a414c2b280">138</span></div><div class="d771c18238">Properties taking steps to make your stay more sustainable</div></div></span></label></div></div><hr aria-hidden="true" data-testid="filters-group-divider" class="b9bfeba2b4 b288f61df6 abe36eb989"/><div data-filters-group="class" data-testid="filters-group" id="filter_group_class_:R19l4:" class="ffb9c3d6a3 ad9a06523f"><div class="f2cf178bcd f6b5094aa4"><h3 class="a3332d346a e6208ee469 d0caee4251">Property rating</h3><div class="abf093bdfe f45d8e4c32 df64fda51b">Includes stars and other ratings</div></div><div class="c733693b78"><div></div></div><div data-filters-item="class:class=1" class="a53cbfa6de ac9267e216 d8eb520c4e a244b31530 a2d2507aff b0d8afeab2"><input aria-label="1 star: 19 properties" id=":Rhf99l4:" class="f0b6754c38" type="checkbox" name="class=1" value="class=1"/><label for=":Rhf99l4:" class="aca0ade214 aaf30230d9 c2931f4182 d79e71457a bd597ff2d8"><span class="ff5328eb35"></span><span class="ef785aa7f4"><span class="fcd9eec8fb b27b51da7f bf9a32efa5" aria-hidden="true"><svg xmlns="http://www.w3.org/2000/svg" viewBox="0 0 128 128"><path d="M56.33 102a6 6 0 0 1-4.24-1.75L19.27 67.54A6.014 6.014 0 1 1 27.74 59l27.94 27.88 44-58.49a6 6 0 1 1 9.58 7.22l-48.17 64a5.998 5.998 0 0 1-4.34 2.39z"></path></svg></span></span><span class="aaee4e7cd3 e7a57abb1e"><div class="a53cbfa6de e6208ee469"><div data-testid="filters-group-label-container" class="dcd1ccc0b6" aria-hidden="true"><div data-testid="filters-group-label-content" class="a53cbfa6de cb475f8063"><div class="aca0ade214 aaf30230d9 c2931f4182 e7d9f93f4d d1764ea78b"><div class="">1 star</div></div></div> <span class="abf093bdfe a414c2b280">19</span></div></div></span></label></div><div class="c733693b78"><div></div></div><div data-filters-item="class:class=2" class="a53cbfa6de ac9267e216 d8eb520c4e a244b31530 a2d2507aff b0d8afeab2"><input aria-label="2 stars: 20 properties" id=":Rif99l4:" class="f0b6754c38" type="checkbox" name="class=2" value="class=2"/><label for=":Rif99l4:" class="aca0ade214 aaf30230d9 c2931f4182 d79e71457a bd597ff2d8"><span class="ff5328eb35"></span><span class="ef785aa7f4"><span class="fcd9eec8fb b27b51da7f bf9a32efa5" aria-hidden="true"><svg xmlns="http://www.w3.org/2000/svg" viewBox="0 0 128 128"><path d="M56.33 102a6 6 0 0 1-4.24-1.75L19.27 67.54A6.014 6.014 0 1 1 27.74 59l27.94 27.88 44-58.49a6 6 0 1 1 9.58 7.22l-48.17 64a5.998 5.998 0 0 1-4.34 2.39z"></path></svg></span></span><span class="aaee4e7cd3 e7a57abb1e"><div class="a53cbfa6de e6208ee469"><div data-testid="filters-group-label-container" class="dcd1ccc0b6" aria-hidden="true"><div data-testid="filters-group-label-content" class="a53cbfa6de cb475f8063"><div class="aca0ade214 aaf30230d9 c2931f4182 e7d9f93f4d d1764ea78b"><div class="">2 stars</div></div></div> <span class="abf093bdfe a414c2b280">20</span></div></div></span></label></div><div class="c733693b78"><div></div></div><div data-filters-item="class:class=3" class="a53cbfa6de ac9267e216 d8eb520c4e a244b31530 a2d2507aff b0d8afeab2"><input aria-label="3 stars: 278 properties" id=":Rjf99l4:" class="f0b6754c38" type="checkbox" name="class=3" value="class=3"/><label for=":Rjf99l4:" class="aca0ade214 aaf30230d9 c2931f4182 d79e71457a bd597ff2d8"><span class="ff5328eb35"></span><span class="ef785aa7f4"><span class="fcd9eec8fb b27b51da7f bf9a32efa5" aria-hidden="true"><svg xmlns="http://www.w3.org/2000/svg" viewBox="0 0 128 128"><path d="M56.33 102a6 6 0 0 1-4.24-1.75L19.27 67.54A6.014 6.014 0 1 1 27.74 59l27.94 27.88 44-58.49a6 6 0 1 1 9.58 7.22l-48.17 64a5.998 5.998 0 0 1-4.34 2.39z"></path></svg></span></span><span class="aaee4e7cd3 e7a57abb1e"><div class="a53cbfa6de e6208ee469"><div data-testid="filters-group-label-container" class="dcd1ccc0b6" aria-hidden="true"><div data-testid="filters-group-label-content" class="a53cbfa6de cb475f8063"><div class="aca0ade214 aaf30230d9 c2931f4182 e7d9f93f4d d1764ea78b"><div class="">3 stars</div></div></div> <span class="abf093bdfe a414c2b280">278</span></div></div></span></label></div><div class="c733693b78"><div></div></div><div data-filters-item="class:class=4" class="a53cbfa6de ac9267e216 d8eb520c4e a244b31530 a2d2507aff b0d8afeab2"><input aria-label="4 stars: 18 properties" id=":Rkf99l4:" class="f0b6754c38" type="checkbox" name="class=4" value="class=4"/><label for=":Rkf99l4:" class="aca0ade214 aaf30230d9 c2931f4182 d79e71457a bd597ff2d8"><span class="ff5328eb35"></span><span class="ef785aa7f4"><span class="fcd9eec8fb b27b51da7f bf9a32efa5" aria-hidden="true"><svg xmlns="http://www.w3.org/2000/svg" viewBox="0 0 128 128"><path d="M56.33 102a6 6 0 0 1-4.24-1.75L19.27 67.54A6.014 6.014 0 1 1 27.74 59l27.94 27.88 44-58.49a6 6 0 1 1 9.58 7.22l-48.17 64a5.998 5.998 0 0 1-4.34 2.39z"></path></svg></span></span><span class="aaee4e7cd3 e7a57abb1e"><div class="a53cbfa6de e6208ee469"><div data-testid="filters-group-label-container" class="dcd1ccc0b6" aria-hidden="true"><div data-testid="filters-group-label-content" class="a53cbfa6de cb475f8063"><div class="aca0ade214 aaf30230d9 c2931f4182 e7d9f93f4d d1764ea78b"><div class="">4 stars</div></div></div> <span class="abf093bdfe a414c2b280">18</span></div></div></span></label></div><div class="c733693b78"><div></div></div><div data-filters-item="class:class=5" class="a53cbfa6de ac9267e216 d8eb520c4e a244b31530 a2d2507aff b0d8afeab2"><input aria-label="5 stars: 4 properties" id=":Rlf99l4:" class="f0b6754c38" type="checkbox" name="class=5" value="class=5"/><label for=":Rlf99l4:" class="aca0ade214 aaf30230d9 c2931f4182 d79e71457a bd597ff2d8"><span class="ff5328eb35"></span><span class="ef785aa7f4"><span class="fcd9eec8fb b27b51da7f bf9a32efa5" aria-hidden="true"><svg xmlns="http://www.w3.org/2000/svg" viewBox="0 0 128 128"><path d="M56.33 102a6 6 0 0 1-4.24-1.75L19.27 67.54A6.014 6.014 0 1 1 27.74 59l27.94 27.88 44-58.49a6 6 0 1 1 9.58 7.22l-48.17 64a5.998 5.998 0 0 1-4.34 2.39z"></path></svg></span></span><span class="aaee4e7cd3 e7a57abb1e"><div class="a53cbfa6de e6208ee469"><div data-testid="filters-group-label-container" class="dcd1ccc0b6" aria-hidden="true"><div data-testid="filters-group-label-content" class="a53cbfa6de cb475f8063"><div class="aca0ade214 aaf30230d9 c2931f4182 e7d9f93f4d d1764ea78b"><div class="">5 stars</div></div></div> <span class="abf093bdfe a414c2b280">4</span></div></div></span></label></div><div class="c733693b78"><div></div></div><div data-filters-item="class:class=0" class="a53cbfa6de ac9267e216 d8eb520c4e a244b31530 a2d2507aff b0d8afeab2"><input aria-label="Unrated: 232 properties" id=":Rmf99l4:" class="f0b6754c38" type="checkbox" name="class=0" value="class=0"/><label for=":Rmf99l4:" class="aca0ade214 aaf30230d9 c2931f4182 d79e71457a bd597ff2d8"><span class="ff5328eb35"></span><span class="ef785aa7f4"><span class="fcd9eec8fb b27b51da7f bf9a32efa5" aria-hidden="true"><svg xmlns="http://www.w3.org/2000/svg" viewBox="0 0 128 128"><path d="M56.33 102a6 6 0 0 1-4.24-1.75L19.27 67.54A6.014 6.014 0 1 1 27.74 59l27.94 27.88 44-58.49a6 6 0 1 1 9.58 7.22l-48.17 64a5.998 5.998 0 0 1-4.34 2.39z"></path></svg></span></span><span class="aaee4e7cd3 e7a57abb1e"><div class="a53cbfa6de e6208ee469"><div data-testid="filters-group-label-container" class="dcd1ccc0b6" aria-hidden="true"><div data-testid="filters-group-label-content" class="a53cbfa6de cb475f8063"><div class="aca0ade214 aaf30230d9 c2931f4182 e7d9f93f4d d1764ea78b"><div class="">Unrated</div></div></div> <span class="abf093bdfe a414c2b280">232</span></div></div></span></label></div></div><hr aria-hidden="true" data-testid="filters-group-divider" class="b9bfeba2b4 b288f61df6 abe36eb989"/><div data-filters-group="distance" data-testid="filters-group" id="filter_group_distance_:R1pl4:" class="ffb9c3d6a3 ad9a06523f"><div class="f2cf178bcd f6b5094aa4"><h3 class="a3332d346a e6208ee469 d0caee4251">Distance from Session Road</h3></div><div class="c733693b78"><div></div></div><div data-filters-item="distance:distance=805" class="a53cbfa6de ac9267e216 d8eb520c4e a244b31530 a2d2507aff b0d8afeab2"><input aria-label="Less than 1/2 mile: 146 properties" id=":R9f9pl4:" class="f0b6754c38" type="checkbox" name="distance=805" value="distance=805"/><label for=":R9f9pl4:" class="aca0ade214 aaf30230d9 c2931f4182 d79e71457a bd597ff2d8"><span class="ff5328eb35"></span><span class="ef785aa7f4"><span class="fcd9eec8fb b27b51da7f bf9a32efa5" aria-hidden="true"><svg xmlns="http://www.w3.org/2000/svg" viewBox="0 0 128 128"><path d="M56.33 102a6 6 0 0 1-4.24-1.75L19.27 67.54A6.014 6.014 0 1 1 27.74 59l27.94 27.88 44-58.49a6 6 0 1 1 9.58 7.22l-48.17 64a5.998 5.998 0 0 1-4.34 2.39z"></path></svg></span></span><span class="aaee4e7cd3 e7a57abb1e"><div class="a53cbfa6de e6208ee469"><div data-testid="filters-group-label-container" class="dcd1ccc0b6" aria-hidden="true"><div data-testid="filters-group-label-content" class="a53cbfa6de cb475f8063">Less than 1/2 mile</div> <span class="abf093bdfe a414c2b280">146</span></div></div></span></label></div><div class="c733693b78"><div></div></div><div data-filters-item="distance:distance=1610" class="a53cbfa6de ac9267e216 d8eb520c4e a244b31530 a2d2507aff b0d8afeab2"><input aria-label="Less than 1 mile: 250 properties" id=":Raf9pl4:" class="f0b6754c38" type="checkbox" name="distance=1610" value="distance=1610"/><label for=":Raf9pl4:" class="aca0ade214 aaf30230d9 c2931f4182 d79e71457a bd597ff2d8"><span class="ff5328eb35"></span><span class="ef785aa7f4"><span class="fcd9eec8fb b27b51da7f bf9a32efa5" aria-hidden="true"><svg xmlns="http://www.w3.org/2000/svg" viewBox="0 0 128 128"><path d="M56.33 102a6 6 0 0 1-4.24-1.75L19.27 67.54A6.014 6.014 0 1 1 27.74 59l27.94 27.88 44-58.49a6 6 0 1 1 9.58 7.22l-48.17 64a5.998 5.998 0 0 1-4.34 2.39z"></path></svg></span></span><span class="aaee4e7cd3 e7a57abb1e"><div class="a53cbfa6de e6208ee469"><div data-testid="filters-group-label-container" class="dcd1ccc0b6" aria-hidden="true"><div data-testid="filters-group-label-content" class="a53cbfa6de cb475f8063">Less than 1 mile</div> <span class="abf093bdfe a414c2b280">250</span></div></div></span></label></div><div class="c733693b78"><div></div></div><div data-filters-item="distance:distance=3220" class="a53cbfa6de ac9267e216 d8eb520c4e a244b31530 a2d2507aff b0d8afeab2"><input aria-label="Less than 2 miles: 493 properties" id=":Rbf9pl4:" class="f0b6754c38" type="checkbox" name="distance=3220" value="distance=3220"/><label for=":Rbf9pl4:" class="aca0ade214 aaf30230d9 c2931f4182 d79e71457a bd597ff2d8"><span class="ff5328eb35"></span><span class="ef785aa7f4"><span class="fcd9eec8fb b27b51da7f bf9a32efa5" aria-hidden="true"><svg xmlns="http://www.w3.org/2000/svg" viewBox="0 0 128 128"><path d="M56.33 102a6 6 0 0 1-4.24-1.75L19.27 67.54A6.014 6.014 0 1 1 27.74 59l27.94 27.88 44-58.49a6 6 0 1 1 9.58 7.22l-48.17 64a5.998 5.998 0 0 1-4.34 2.39z"></path></svg></span></span><span class="aaee4e7cd3 e7a57abb1e"><div class="a53cbfa6de e6208ee469"><div data-testid="filters-group-label-container" class="dcd1ccc0b6" aria-hidden="true"><div data-testid="filters-group-label-content" class="a53cbfa6de cb475f8063">Less than 2 miles</div> <span class="abf093bdfe a414c2b280">493</span></div></div></span></label></div></div><hr aria-hidden="true" data-testid="filters-group-divider" class="b9bfeba2b4 b288f61df6 abe36eb989"/><div data-filters-group="popular_activities" data-testid="filters-group" id="filter_group_popular_activities_:R29l4:" class="ffb9c3d6a3 ad9a06523f"><div></div><div class="f2cf178bcd f6b5094aa4"><h3 class="a3332d346a e6208ee469 d0caee4251">Fun Things To Do</h3></div><div class="c733693b78"><div></div></div><div data-filters-item="popular_activities:popular_activities=12" class="a53cbfa6de ac9267e216 d8eb520c4e a244b31530 a2d2507aff b0d8afeab2"><input aria-label="Golf course (within 2 miles): 45 properties" id=":Rhfa9l4:" class="f0b6754c38" type="checkbox" name="popular_activities=12" value="popular_activities=12"/><label for=":Rhfa9l4:" class="aca0ade214 aaf30230d9 c2931f4182 d79e71457a bd597ff2d8"><span class="ff5328eb35"></span><span class="ef785aa7f4"><span class="fcd9eec8fb b27b51da7f bf9a32efa5" aria-hidden="true"><svg xmlns="http://www.w3.org/2000/svg" viewBox="0 0 128 128"><path d="M56.33 102a6 6 0 0 1-4.24-1.75L19.27 67.54A6.014 6.014 0 1 1 27.74 59l27.94 27.88 44-58.49a6 6 0 1 1 9.58 7.22l-48.17 64a5.998 5.998 0 0 1-4.34 2.39z"></path></svg></span></span><span class="aaee4e7cd3 e7a57abb1e"><div class="a53cbfa6de e6208ee469"><div data-testid="filters-group-label-container" class="dcd1ccc0b6" aria-hidden="true"><div data-testid="filters-group-label-content" class="a53cbfa6de cb475f8063">Golf course (within 2 miles)</div> <span class="abf093bdfe a414c2b280">45</span></div></div></span></label></div><div class="c733693b78"><div></div></div><div data-filters-item="popular_activities:popular_activities=70" class="a53cbfa6de ac9267e216 d8eb520c4e a244b31530 a2d2507aff b0d8afeab2"><input aria-label="Hiking: 45 properties" id=":Rifa9l4:" class="f0b6754c38" type="checkbox" name="popular_activities=70" value="popular_activities=70"/><label for=":Rifa9l4:" class="aca0ade214 aaf30230d9 c2931f4182 d79e71457a bd597ff2d8"><span class="ff5328eb35"></span><span class="ef785aa7f4"><span class="fcd9eec8fb b27b51da7f bf9a32efa5" aria-hidden="true"><svg xmlns="http://www.w3.org/2000/svg" viewBox="0 0 128 128"><path d="M56.33 102a6 6 0 0 1-4.24-1.75L19.27 67.54A6.014 6.014 0 1 1 27.74 59l27.94 27.88 44-58.49a6 6 0 1 1 9.58 7.22l-48.17 64a5.998 5.998 0 0 1-4.34 2.39z"></path></svg></span></span><span class="aaee4e7cd3 e7a57abb1e"><div class="a53cbfa6de e6208ee469"><div data-testid="filters-group-label-container" class="dcd1ccc0b6" aria-hidden="true"><div data-testid="filters-group-label-content" class="a53cbfa6de cb475f8063">Hiking</div> <span class="abf093bdfe a414c2b280">45</span></div></div></span></label></div><div class="c733693b78"><div></div></div><div data-filters-item="popular_activities:popular_activities=86" class="a53cbfa6de ac9267e216 d8eb520c4e a244b31530 a2d2507aff b0d8afeab2"><input aria-label="Horseback riding: 40 properties" id=":Rjfa9l4:" class="f0b6754c38" type="checkbox" name="popular_activities=86" value="popular_activities=86"/><label for=":Rjfa9l4:" class="aca0ade214 aaf30230d9 c2931f4182 d79e71457a bd597ff2d8"><span class="ff5328eb35"></span><span class="ef785aa7f4"><span class="fcd9eec8fb b27b51da7f bf9a32efa5" aria-hidden="true"><svg xmlns="http://www.w3.org/2000/svg" viewBox="0 0 128 128"><path d="M56.33 102a6 6 0 0 1-4.24-1.75L19.27 67.54A6.014 6.014 0 1 1 27.74 59l27.94 27.88 44-58.49a6 6 0 1 1 9.58 7.22l-48.17 64a5.998 5.998 0 0 1-4.34 2.39z"></path></svg></span></span><span class="aaee4e7cd3 e7a57abb1e"><div class="a53cbfa6de e6208ee469"><div data-testid="filters-group-label-container" class="dcd1ccc0b6" aria-hidden="true"><div data-testid="filters-group-label-content" class="a53cbfa6de cb475f8063">Horseback riding</div> <span class="abf093bdfe a414c2b280">40</span></div></div></span></label></div><div class="c733693b78"><div></div></div><div data-filters-item="popular_activities:popular_activities=55" class="a53cbfa6de ac9267e216 d8eb520c4e a244b31530 a2d2507aff b0d8afeab2"><input aria-label="Massage: 25 properties" id=":Rkfa9l4:" class="f0b6754c38" type="checkbox" name="popular_activities=55" value="popular_activities=55"/><label for=":Rkfa9l4:" class="aca0ade214 aaf30230d9 c2931f4182 d79e71457a bd597ff2d8"><span class="ff5328eb35"></span><span class="ef785aa7f4"><span class="fcd9eec8fb b27b51da7f bf9a32efa5" aria-hidden="true"><svg xmlns="http://www.w3.org/2000/svg" viewBox="0 0 128 128"><path d="M56.33 102a6 6 0 0 1-4.24-1.75L19.27 67.54A6.014 6.014 0 1 1 27.74 59l27.94 27.88 44-58.49a6 6 0 1 1 9.58 7.22l-48.17 64a5.998 5.998 0 0 1-4.34 2.39z"></path></svg></span></span><span class="aaee4e7cd3 e7a57abb1e"><div class="a53cbfa6de e6208ee469"><div data-testid="filters-group-label-container" class="dcd1ccc0b6" aria-hidden="true"><div data-testid="filters-group-label-content" class="a53cbfa6de cb475f8063">Massage</div> <span class="abf093bdfe a414c2b280">25</span></div></div></span></label></div><div class="c733693b78"><div></div></div><div data-filters-item="popular_activities:popular_activities=56" class="a53cbfa6de ac9267e216 d8eb520c4e a244b31530 a2d2507aff b0d8afeab2"><input aria-label="Playground: 24 properties" id=":Rlfa9l4:" class="f0b6754c38" type="checkbox" name="popular_activities=56" value="popular_activities=56"/><label for=":Rlfa9l4:" class="aca0ade214 aaf30230d9 c2931f4182 d79e71457a bd597ff2d8"><span class="ff5328eb35"></span><span class="ef785aa7f4"><span class="fcd9eec8fb b27b51da7f bf9a32efa5" aria-hidden="true"><svg xmlns="http://www.w3.org/2000/svg" viewBox="0 0 128 128"><path d="M56.33 102a6 6 0 0 1-4.24-1.75L19.27 67.54A6.014 6.014 0 1 1 27.74 59l27.94 27.88 44-58.49a6 6 0 1 1 9.58 7.22l-48.17 64a5.998 5.998 0 0 1-4.34 2.39z"></path></svg></span></span><span class="aaee4e7cd3 e7a57abb1e"><div class="a53cbfa6de e6208ee469"><div data-testid="filters-group-label-container" class="dcd1ccc0b6" aria-hidden="true"><div data-testid="filters-group-label-content" class="a53cbfa6de cb475f8063">Playground</div> <span class="abf093bdfe a414c2b280">24</span></div></div></span></label></div></div><hr aria-hidden="true" data-testid="filters-group-divider" class="b9bfeba2b4 b288f61df6 abe36eb989"/><div data-filters-group="privacy_type_no_date" data-testid="filters-group" id="filter_group_privacy_type_no_date_:R2pl4:" class="ffb9c3d6a3 ad9a06523f"><div class="f2cf178bcd f6b5094aa4"><h3 class="a3332d346a e6208ee469 d0caee4251">Entire places</h3></div><div class="c733693b78"><div></div></div><div data-filters-item="privacy_type_no_date:privacy_type_no_date=4" class="a53cbfa6de ac9267e216 d8eb520c4e a244b31530 a2d2507aff b0d8afeab2"><input aria-label="Entire homes &amp; apartments: 657 properties" id=":R5fapl4:" class="f0b6754c38" type="checkbox" name="privacy_type_no_date=4" value="privacy_type_no_date=4"/><label for=":R5fapl4:" class="aca0ade214 aaf30230d9 c2931f4182 d79e71457a bd597ff2d8"><span class="ff5328eb35"></span><span class="ef785aa7f4"><span class="fcd9eec8fb b27b51da7f bf9a32efa5" aria-hidden="true"><svg xmlns="http://www.w3.org/2000/svg" viewBox="0 0 128 128"><path d="M56.33 102a6 6 0 0 1-4.24-1.75L19.27 67.54A6.014 6.014 0 1 1 27.74 59l27.94 27.88 44-58.49a6 6 0 1 1 9.58 7.22l-48.17 64a5.998 5.998 0 0 1-4.34 2.39z"></path></svg></span></span><span class="aaee4e7cd3 e7a57abb1e"><div class="a53cbfa6de e6208ee469"><div data-testid="filters-group-label-container" class="dcd1ccc0b6" aria-hidden="true"><div data-testid="filters-group-label-content" class="a53cbfa6de cb475f8063">Entire homes &amp; apartments</div> <span class="abf093bdfe a414c2b280">657</span></div></div></span></label></div></div><hr aria-hidden="true" data-testid="filters-group-divider" class="b9bfeba2b4 b288f61df6 abe36eb989"/><div data-filters-group="ht_id" data-testid="filters-group" id="filter_group_ht_id_:R39l4:" class="ffb9c3d6a3 ad9a06523f"><div class="c733693b78"><div></div></div><div class="f2cf178bcd f6b5094aa4"><h3 class="a3332d346a e6208ee469 d0caee4251">Property Type</h3></div><div class="c733693b78"><div></div></div><div data-filters-item="ht_id:ht_id=201" class="a53cbfa6de ac9267e216 d8eb520c4e a244b31530 a2d2507aff b0d8afeab2"><input aria-label="Apartments: 380 properties" id=":Rhfb9l4:" class="f0b6754c38" type="checkbox" name="ht_id=201" value="ht_id=201"/><label for=":Rhfb9l4:" class="aca0ade214 aaf30230d9 c2931f4182 d79e71457a bd597ff2d8"><span class="ff5328eb35"></span><span class="ef785aa7f4"><span class="fcd9eec8fb b27b51da7f bf9a32efa5" aria-hidden="true"><svg xmlns="http://www.w3.org/2000/svg" viewBox="0 0 128 128"><path d="M56.33 102a6 6 0 0 1-4.24-1.75L19.27 67.54A6.014 6.014 0 1 1 27.74 59l27.94 27.88 44-58.49a6 6 0 1 1 9.58 7.22l-48.17 64a5.998 5.998 0 0 1-4.34 2.39z"></path></svg></span></span><span class="aaee4e7cd3 e7a57abb1e"><div class="a53cbfa6de e6208ee469"><div data-testid="filters-group-label-container" class="dcd1ccc0b6" aria-hidden="true"><div data-testid="filters-group-label-content" class="a53cbfa6de cb475f8063">Apartments</div> <span class="abf093bdfe a414c2b280">380</span></div></div></span></label></div><div class="c733693b78"><div></div></div><div data-filters-item="ht_id:ht_id=204" class="a53cbfa6de ac9267e216 d8eb520c4e a244b31530 a2d2507aff b0d8afeab2"><input aria-label="Hotels: 157 properties" id=":Rifb9l4:" class="f0b6754c38" type="checkbox" name="ht_id=204" value="ht_id=204"/><label for=":Rifb9l4:" class="aca0ade214 aaf30230d9 c2931f4182 d79e71457a bd597ff2d8"><span class="ff5328eb35"></span><span class="ef785aa7f4"><span class="fcd9eec8fb b27b51da7f bf9a32efa5" aria-hidden="true"><svg xmlns="http://www.w3.org/2000/svg" viewBox="0 0 128 128"><path d="M56.33 102a6 6 0 0 1-4.24-1.75L19.27 67.54A6.014 6.014 0 1 1 27.74 59l27.94 27.88 44-58.49a6 6 0 1 1 9.58 7.22l-48.17 64a5.998 5.998 0 0 1-4.34 2.39z"></path></svg></span></span><span class="aaee4e7cd3 e7a57abb1e"><div class="a53cbfa6de e6208ee469"><div data-testid="filters-group-label-container" class="dcd1ccc0b6" aria-hidden="true"><div data-testid="filters-group-label-content" class="a53cbfa6de cb475f8063">Hotels</div> <span class="abf093bdfe a414c2b280">157</span></div></div></span></label></div><div class="c733693b78"><div></div></div><div data-filters-item="ht_id:ht_id=220" class="a53cbfa6de ac9267e216 d8eb520c4e a244b31530 a2d2507aff b0d8afeab2"><input aria-label="Vacation Homes: 53 properties" id=":Rjfb9l4:" class="f0b6754c38" type="checkbox" name="ht_id=220" value="ht_id=220"/><label for=":Rjfb9l4:" class="aca0ade214 aaf30230d9 c2931f4182 d79e71457a bd597ff2d8"><span class="ff5328eb35"></span><span class="ef785aa7f4"><span class="fcd9eec8fb b27b51da7f bf9a32efa5" aria-hidden="true"><svg xmlns="http://www.w3.org/2000/svg" viewBox="0 0 128 128"><path d="M56.33 102a6 6 0 0 1-4.24-1.75L19.27 67.54A6.014 6.014 0 1 1 27.74 59l27.94 27.88 44-58.49a6 6 0 1 1 9.58 7.22l-48.17 64a5.998 5.998 0 0 1-4.34 2.39z"></path></svg></span></span><span class="aaee4e7cd3 e7a57abb1e"><div class="a53cbfa6de e6208ee469"><div data-testid="filters-group-label-container" class="dcd1ccc0b6" aria-hidden="true"><div data-testid="filters-group-label-content" class="a53cbfa6de cb475f8063">Vacation Homes</div> <span class="abf093bdfe a414c2b280">53</span></div></div></span></label></div><div class="c733693b78"><div></div></div><div data-filters-item="ht_id:ht_id=222" class="a53cbfa6de ac9267e216 d8eb520c4e a244b31530 a2d2507aff b0d8afeab2"><input aria-label="Homestays: 21 properties" id=":Rkfb9l4:" class="f0b6754c38" type="checkbox" name="ht_id=222" value="ht_id=222"/><label for=":Rkfb9l4:" class="aca0ade214 aaf30230d9 c2931f4182 d79e71457a bd597ff2d8"><span class="ff5328eb35"></span><span class="ef785aa7f4"><span class="fcd9eec8fb b27b51da7f bf9a32efa5" aria-hidden="true"><svg xmlns="http://www.w3.org/2000/svg" viewBox="0 0 128 128"><path d="M56.33 102a6 6 0 0 1-4.24-1.75L19.27 67.54A6.014 6.014 0 1 1 27.74 59l27.94 27.88 44-58.49a6 6 0 1 1 9.58 7.22l-48.17 64a5.998 5.998 0 0 1-4.34 2.39z"></path></svg></span></span><span class="aaee4e7cd3 e7a57abb1e"><div class="a53cbfa6de e6208ee469"><div data-testid="filters-group-label-container" class="dcd1ccc0b6" aria-hidden="true"><div data-testid="filters-group-label-content" class="a53cbfa6de cb475f8063">Homestays</div> <span class="abf093bdfe a414c2b280">21</span></div></div></span></label></div><div class="c733693b78"><div></div></div><div data-filters-item="ht_id:ht_id=216" class="a53cbfa6de ac9267e216 d8eb520c4e a244b31530 a2d2507aff b0d8afeab2"><input aria-label="Guesthouses: 20 properties" id=":Rlfb9l4:" class="f0b6754c38" type="checkbox" name="ht_id=216" value="ht_id=216"/><label for=":Rlfb9l4:" class="aca0ade214 aaf30230d9 c2931f4182 d79e71457a bd597ff2d8"><span class="ff5328eb35"></span><span class="ef785aa7f4"><span class="fcd9eec8fb b27b51da7f bf9a32efa5" aria-hidden="true"><svg xmlns="http://www.w3.org/2000/svg" viewBox="0 0 128 128"><path d="M56.33 102a6 6 0 0 1-4.24-1.75L19.27 67.54A6.014 6.014 0 1 1 27.74 59l27.94 27.88 44-58.49a6 6 0 1 1 9.58 7.22l-48.17 64a5.998 5.998 0 0 1-4.34 2.39z"></path></svg></span></span><span class="aaee4e7cd3 e7a57abb1e"><div class="a53cbfa6de e6208ee469"><div data-testid="filters-group-label-container" class="dcd1ccc0b6" aria-hidden="true"><div data-testid="filters-group-label-content" class="a53cbfa6de cb475f8063">Guesthouses</div> <span class="abf093bdfe a414c2b280">20</span></div></div></span></label></div><button aria-controls="filter_group_ht_id_:R39l4:" aria-expanded="false" data-testid="filters-group-expand-collapse" type="button" class="a83ed08757 f88a5204c2 d65b7d20ae b98133fb50"><span>Show all 13<span data-testid="filters-group-expand" class="fcd9eec8fb d24fc26e73 b3ef400590" aria-hidden="true"><svg xmlns="http://www.w3.org/2000/svg" viewBox="0 0 24 24"><path d="M19.2681 8.91288C19.2687 9.03226 19.2454 9.15054 19.1996 9.26079C19.1539 9.37105 19.0865 9.47105 19.0016 9.55493L12.9445 15.612C12.8211 15.7367 12.6738 15.8353 12.5115 15.9018C12.3491 15.9684 12.1751 16.0017 11.9996 15.9997C11.6491 16.0075 11.3096 15.877 11.0547 15.6362L4.99764 9.57916C4.8275 9.40881 4.73193 9.17788 4.73193 8.93711C4.73193 8.69634 4.8275 8.46542 4.99764 8.29506C5.08117 8.20935 5.18101 8.14122 5.29128 8.09471C5.40155 8.04819 5.52002 8.02423 5.6397 8.02423C5.75937 8.02423 5.87784 8.04819 5.98811 8.09471C6.09838 8.14122 6.19822 8.20935 6.28175 8.29506L11.9996 13.9887L17.7175 8.27084C17.801 8.18512 17.9009 8.11699 18.0111 8.07048C18.1214 8.02396 18.2399 8 18.3596 8C18.4792 8 18.5977 8.02396 18.708 8.07048C18.8182 8.11699 18.9181 8.18512 19.0016 8.27084C19.0871 8.3543 19.1548 8.45422 19.2006 8.56457C19.2464 8.67492 19.2694 8.79341 19.2681 8.91288Z"></path></svg></span></span></button></div><hr aria-hidden="true" data-testid="filters-group-divider" class="b9bfeba2b4 b288f61df6 abe36eb989"/><div data-filters-group="popular_nearby_landmarks" data-testid="filters-group" id="filter_group_popular_nearby_landmarks_:R3pl4:" class="ffb9c3d6a3 ad9a06523f"><div class="f2cf178bcd f6b5094aa4"><h3 class="a3332d346a e6208ee469 d0caee4251">Landmarks</h3></div><div class="c733693b78"><div></div></div><div data-filters-item="popular_nearby_landmarks:popular_nearby_landmarks=261059" class="a53cbfa6de ac9267e216 d8eb520c4e a244b31530 a2d2507aff b0d8afeab2"><input aria-label="Burnham Park: 192 properties" id=":Rhfbpl4:" class="f0b6754c38" type="checkbox" name="popular_nearby_landmarks=261059" value="popular_nearby_landmarks=261059"/><label for=":Rhfbpl4:" class="aca0ade214 aaf30230d9 c2931f4182 d79e71457a bd597ff2d8"><span class="ff5328eb35"></span><span class="ef785aa7f4"><span class="fcd9eec8fb b27b51da7f bf9a32efa5" aria-hidden="true"><svg xmlns="http://www.w3.org/2000/svg" viewBox="0 0 128 128"><path d="M56.33 102a6 6 0 0 1-4.24-1.75L19.27 67.54A6.014 6.014 0 1 1 27.74 59l27.94 27.88 44-58.49a6 6 0 1 1 9.58 7.22l-48.17 64a5.998 5.998 0 0 1-4.34 2.39z"></path></svg></span></span><span class="aaee4e7cd3 e7a57abb1e"><div class="a53cbfa6de e6208ee469"><div data-testid="filters-group-label-container" class="dcd1ccc0b6" aria-hidden="true"><div data-testid="filters-group-label-content" class="a53cbfa6de cb475f8063">Burnham Park</div> <span class="abf093bdfe a414c2b280">192</span></div></div></span></label></div><div class="c733693b78"><div></div></div><div data-filters-item="popular_nearby_landmarks:popular_nearby_landmarks=261060" class="a53cbfa6de ac9267e216 d8eb520c4e a244b31530 a2d2507aff b0d8afeab2"><input aria-label="Session Road: 178 properties" id=":Rifbpl4:" class="f0b6754c38" type="checkbox" name="popular_nearby_landmarks=261060" value="popular_nearby_landmarks=261060"/><label for=":Rifbpl4:" class="aca0ade214 aaf30230d9 c2931f4182 d79e71457a bd597ff2d8"><span class="ff5328eb35"></span><span class="ef785aa7f4"><span class="fcd9eec8fb b27b51da7f bf9a32efa5" aria-hidden="true"><svg xmlns="http://www.w3.org/2000/svg" viewBox="0 0 128 128"><path d="M56.33 102a6 6 0 0 1-4.24-1.75L19.27 67.54A6.014 6.014 0 1 1 27.74 59l27.94 27.88 44-58.49a6 6 0 1 1 9.58 7.22l-48.17 64a5.998 5.998 0 0 1-4.34 2.39z"></path></svg></span></span><span class="aaee4e7cd3 e7a57abb1e"><div class="a53cbfa6de e6208ee469"><div data-testid="filters-group-label-container" class="dcd1ccc0b6" aria-hidden="true"><div data-testid="filters-group-label-content" class="a53cbfa6de cb475f8063">Session Road</div> <span class="abf093bdfe a414c2b280">178</span></div></div></span></label></div><div class="c733693b78"><div></div></div><div data-filters-item="popular_nearby_landmarks:popular_nearby_landmarks=209151" class="a53cbfa6de ac9267e216 d8eb520c4e a244b31530 a2d2507aff b0d8afeab2"><input aria-label="Mines View Park: 159 properties" id=":Rjfbpl4:" class="f0b6754c38" type="checkbox" name="popular_nearby_landmarks=209151" value="popular_nearby_landmarks=209151"/><label for=":Rjfbpl4:" class="aca0ade214 aaf30230d9 c2931f4182 d79e71457a bd597ff2d8"><span class="ff5328eb35"></span><span class="ef785aa7f4"><span class="fcd9eec8fb b27b51da7f bf9a32efa5" aria-hidden="true"><svg xmlns="http://www.w3.org/2000/svg" viewBox="0 0 128 128"><path d="M56.33 102a6 6 0 0 1-4.24-1.75L19.27 67.54A6.014 6.014 0 1 1 27.74 59l27.94 27.88 44-58.49a6 6 0 1 1 9.58 7.22l-48.17 64a5.998 5.998 0 0 1-4.34 2.39z"></path></svg></span></span><span class="aaee4e7cd3 e7a57abb1e"><div class="a53cbfa6de e6208ee469"><div data-testid="filters-group-label-container" class="dcd1ccc0b6" aria-hidden="true"><div data-testid="filters-group-label-content" class="a53cbfa6de cb475f8063">Mines View Park</div> <span class="abf093bdfe a414c2b280">159</span></div></div></span></label></div><div class="c733693b78"><div></div></div><div data-filters-item="popular_nearby_landmarks:popular_nearby_landmarks=261062" class="a53cbfa6de ac9267e216 d8eb520c4e a244b31530 a2d2507aff b0d8afeab2"><input aria-label="Wright Park: 41 properties" id=":Rkfbpl4:" class="f0b6754c38" type="checkbox" name="popular_nearby_landmarks=261062" value="popular_nearby_landmarks=261062"/><label for=":Rkfbpl4:" class="aca0ade214 aaf30230d9 c2931f4182 d79e71457a bd597ff2d8"><span class="ff5328eb35"></span><span class="ef785aa7f4"><span class="fcd9eec8fb b27b51da7f bf9a32efa5" aria-hidden="true"><svg xmlns="http://www.w3.org/2000/svg" viewBox="0 0 128 128"><path d="M56.33 102a6 6 0 0 1-4.24-1.75L19.27 67.54A6.014 6.014 0 1 1 27.74 59l27.94 27.88 44-58.49a6 6 0 1 1 9.58 7.22l-48.17 64a5.998 5.998 0 0 1-4.34 2.39z"></path></svg></span></span><span class="aaee4e7cd3 e7a57abb1e"><div class="a53cbfa6de e6208ee469"><div data-testid="filters-group-label-container" class="dcd1ccc0b6" aria-hidden="true"><div data-testid="filters-group-label-content" class="a53cbfa6de cb475f8063">Wright Park</div> <span class="abf093bdfe a414c2b280">41</span></div></div></span></label></div><div class="c733693b78"><div></div></div><div data-filters-item="popular_nearby_landmarks:popular_nearby_landmarks=261061" class="a53cbfa6de ac9267e216 d8eb520c4e a244b31530 a2d2507aff b0d8afeab2"><input aria-label="Camp John Hay: 19 properties" id=":Rlfbpl4:" class="f0b6754c38" type="checkbox" name="popular_nearby_landmarks=261061" value="popular_nearby_landmarks=261061"/><label for=":Rlfbpl4:" class="aca0ade214 aaf30230d9 c2931f4182 d79e71457a bd597ff2d8"><span class="ff5328eb35"></span><span class="ef785aa7f4"><span class="fcd9eec8fb b27b51da7f bf9a32efa5" aria-hidden="true"><svg xmlns="http://www.w3.org/2000/svg" viewBox="0 0 128 128"><path d="M56.33 102a6 6 0 0 1-4.24-1.75L19.27 67.54A6.014 6.014 0 1 1 27.74 59l27.94 27.88 44-58.49a6 6 0 1 1 9.58 7.22l-48.17 64a5.998 5.998 0 0 1-4.34 2.39z"></path></svg></span></span><span class="aaee4e7cd3 e7a57abb1e"><div class="a53cbfa6de e6208ee469"><div data-testid="filters-group-label-container" class="dcd1ccc0b6" aria-hidden="true"><div data-testid="filters-group-label-content" class="a53cbfa6de cb475f8063">Camp John Hay</div> <span class="abf093bdfe a414c2b280">19</span></div></div></span></label></div></div><hr aria-hidden="true" data-testid="filters-group-divider" class="b9bfeba2b4 b288f61df6 abe36eb989"/><div data-filters-group="review_score" data-testid="filters-group" id="filter_group_review_score_:R49l4:" class="ffb9c3d6a3 ad9a06523f"><div class="f2cf178bcd f6b5094aa4"><h3 class="a3332d346a e6208ee469 d0caee4251">Review Score</h3></div><div class="c733693b78"><div></div></div><div data-filters-item="review_score:review_score=90" class="a53cbfa6de ac9267e216 d8eb520c4e a244b31530 a2d2507aff b0d8afeab2"><input aria-label="Wonderful: 9+: 136 properties" id=":Rhfc9l4:" class="f0b6754c38" type="checkbox" name="review_score=90" value="review_score=90"/><label for=":Rhfc9l4:" class="aca0ade214 aaf30230d9 c2931f4182 d79e71457a bd597ff2d8"><span class="ff5328eb35"></span><span class="ef785aa7f4"><span class="fcd9eec8fb b27b51da7f bf9a32efa5" aria-hidden="true"><svg xmlns="http://www.w3.org/2000/svg" viewBox="0 0 128 128"><path d="M56.33 102a6 6 0 0 1-4.24-1.75L19.27 67.54A6.014 6.014 0 1 1 27.74 59l27.94 27.88 44-58.49a6 6 0 1 1 9.58 7.22l-48.17 64a5.998 5.998 0 0 1-4.34 2.39z"></path></svg></span></span><span class="aaee4e7cd3 e7a57abb1e"><div class="a53cbfa6de e6208ee469"><div data-testid="filters-group-label-container" class="dcd1ccc0b6" aria-hidden="true"><div data-testid="filters-group-label-content" class="a53cbfa6de cb475f8063">Wonderful: 9+</div> <span class="abf093bdfe a414c2b280">136</span></div></div></span></label></div><div class="c733693b78"><div></div></div><div data-filters-item="review_score:review_score=80" class="a53cbfa6de ac9267e216 d8eb520c4e a244b31530 a2d2507aff b0d8afeab2"><input aria-label="Very Good: 8+: 281 properties" id=":Rifc9l4:" class="f0b6754c38" type="checkbox" name="review_score=80" value="review_score=80"/><label for=":Rifc9l4:" class="aca0ade214 aaf30230d9 c2931f4182 d79e71457a bd597ff2d8"><span class="ff5328eb35"></span><span class="ef785aa7f4"><span class="fcd9eec8fb b27b51da7f bf9a32efa5" aria-hidden="true"><svg xmlns="http://www.w3.org/2000/svg" viewBox="0 0 128 128"><path d="M56.33 102a6 6 0 0 1-4.24-1.75L19.27 67.54A6.014 6.014 0 1 1 27.74 59l27.94 27.88 44-58.49a6 6 0 1 1 9.58 7.22l-48.17 64a5.998 5.998 0 0 1-4.34 2.39z"></path></svg></span></span><span class="aaee4e7cd3 e7a57abb1e"><div class="a53cbfa6de e6208ee469"><div data-testid="filters-group-label-container" class="dcd1ccc0b6" aria-hidden="true"><div data-testid="filters-group-label-content" class="a53cbfa6de cb475f8063">Very Good: 8+</div> <span class="abf093bdfe a414c2b280">281</span></div></div></span></label></div><div class="c733693b78"><div></div></div><div data-filters-item="review_score:review_score=70" class="a53cbfa6de ac9267e216 d8eb520c4e a244b31530 a2d2507aff b0d8afeab2"><input aria-label="Good: 7+: 357 properties" id=":Rjfc9l4:" class="f0b6754c38" type="checkbox" name="review_score=70" value="review_score=70"/><label for=":Rjfc9l4:" class="aca0ade214 aaf30230d9 c2931f4182 d79e71457a bd597ff2d8"><span class="ff5328eb35"></span><span class="ef785aa7f4"><span class="fcd9eec8fb b27b51da7f bf9a32efa5" aria-hidden="true"><svg xmlns="http://www.w3.org/2000/svg" viewBox="0 0 128 128"><path d="M56.33 102a6 6 0 0 1-4.24-1.75L19.27 67.54A6.014 6.014 0 1 1 27.74 59l27.94 27.88 44-58.49a6 6 0 1 1 9.58 7.22l-48.17 64a5.998 5.998 0 0 1-4.34 2.39z"></path></svg></span></span><span class="aaee4e7cd3 e7a57abb1e"><div class="a53cbfa6de e6208ee469"><div data-testid="filters-group-label-container" class="dcd1ccc0b6" aria-hidden="true"><div data-testid="filters-group-label-content" class="a53cbfa6de cb475f8063">Good: 7+</div> <span class="abf093bdfe a414c2b280">357</span></div></div></span></label></div><div class="c733693b78"><div></div></div><div data-filters-item="review_score:review_score=60" class="a53cbfa6de ac9267e216 d8eb520c4e a244b31530 a2d2507aff b0d8afeab2"><input aria-label="Pleasant: 6+: 391 properties" id=":Rkfc9l4:" class="f0b6754c38" type="checkbox" name="review_score=60" value="review_score=60"/><label for=":Rkfc9l4:" class="aca0ade214 aaf30230d9 c2931f4182 d79e71457a bd597ff2d8"><span class="ff5328eb35"></span><span class="ef785aa7f4"><span class="fcd9eec8fb b27b51da7f bf9a32efa5" aria-hidden="true"><svg xmlns="http://www.w3.org/2000/svg" viewBox="0 0 128 128"><path d="M56.33 102a6 6 0 0 1-4.24-1.75L19.27 67.54A6.014 6.014 0 1 1 27.74 59l27.94 27.88 44-58.49a6 6 0 1 1 9.58 7.22l-48.17 64a5.998 5.998 0 0 1-4.34 2.39z"></path></svg></span></span><span class="aaee4e7cd3 e7a57abb1e"><div class="a53cbfa6de e6208ee469"><div data-testid="filters-group-label-container" class="dcd1ccc0b6" aria-hidden="true"><div data-testid="filters-group-label-content" class="a53cbfa6de cb475f8063">Pleasant: 6+</div> <span class="abf093bdfe a414c2b280">391</span></div></div></span></label></div></div><hr aria-hidden="true" data-testid="filters-group-divider" class="b9bfeba2b4 b288f61df6 abe36eb989"/><div data-filters-group="hotelfacility" data-testid="filters-group" id="filter_group_hotelfacility_:R4pl4:" class="ffb9c3d6a3 ad9a06523f"><div class="c733693b78"><div></div></div><div class="f2cf178bcd f6b5094aa4"><h3 class="a3332d346a e6208ee469 d0caee4251">Amenities</h3></div><div class="c733693b78"><div></div></div><div data-filters-item="hotelfacility:hotelfacility=2" class="a53cbfa6de ac9267e216 d8eb520c4e a244b31530 a2d2507aff b0d8afeab2"><input aria-label="Parking: 482 properties" id=":Rhfcpl4:" class="f0b6754c38" type="checkbox" name="hotelfacility=2" value="hotelfacility=2"/><label for=":Rhfcpl4:" class="aca0ade214 aaf30230d9 c2931f4182 d79e71457a bd597ff2d8"><span class="ff5328eb35"></span><span class="ef785aa7f4"><span class="fcd9eec8fb b27b51da7f bf9a32efa5" aria-hidden="true"><svg xmlns="http://www.w3.org/2000/svg" viewBox="0 0 128 128"><path d="M56.33 102a6 6 0 0 1-4.24-1.75L19.27 67.54A6.014 6.014 0 1 1 27.74 59l27.94 27.88 44-58.49a6 6 0 1 1 9.58 7.22l-48.17 64a5.998 5.998 0 0 1-4.34 2.39z"></path></svg></span></span><span class="aaee4e7cd3 e7a57abb1e"><div class="a53cbfa6de e6208ee469"><div data-testid="filters-group-label-container" class="dcd1ccc0b6" aria-hidden="true"><div data-testid="filters-group-label-content" class="a53cbfa6de cb475f8063">Parking</div> <span class="abf093bdfe a414c2b280">482</span></div></div></span></label></div><div class="c733693b78"><div></div></div><div data-filters-item="hotelfacility:hotelfacility=107" class="a53cbfa6de ac9267e216 d8eb520c4e a244b31530 a2d2507aff b0d8afeab2"><input aria-label="Free WiFi: 494 properties" id=":Rifcpl4:" class="f0b6754c38" type="checkbox" name="hotelfacility=107" value="hotelfacility=107"/><label for=":Rifcpl4:" class="aca0ade214 aaf30230d9 c2931f4182 d79e71457a bd597ff2d8"><span class="ff5328eb35"></span><span class="ef785aa7f4"><span class="fcd9eec8fb b27b51da7f bf9a32efa5" aria-hidden="true"><svg xmlns="http://www.w3.org/2000/svg" viewBox="0 0 128 128"><path d="M56.33 102a6 6 0 0 1-4.24-1.75L19.27 67.54A6.014 6.014 0 1 1 27.74 59l27.94 27.88 44-58.49a6 6 0 1 1 9.58 7.22l-48.17 64a5.998 5.998 0 0 1-4.34 2.39z"></path></svg></span></span><span class="aaee4e7cd3 e7a57abb1e"><div class="a53cbfa6de e6208ee469"><div data-testid="filters-group-label-container" class="dcd1ccc0b6" aria-hidden="true"><div data-testid="filters-group-label-content" class="a53cbfa6de cb475f8063">Free WiFi</div> <span class="abf093bdfe a414c2b280">494</span></div></div></span></label></div><div class="c733693b78"><div></div></div><div data-filters-item="hotelfacility:hotelfacility=3" class="a53cbfa6de ac9267e216 d8eb520c4e a244b31530 a2d2507aff b0d8afeab2"><input aria-label="Restaurant: 74 properties" id=":Rjfcpl4:" class="f0b6754c38" type="checkbox" name="hotelfacility=3" value="hotelfacility=3"/><label for=":Rjfcpl4:" class="aca0ade214 aaf30230d9 c2931f4182 d79e71457a bd597ff2d8"><span class="ff5328eb35"></span><span class="ef785aa7f4"><span class="fcd9eec8fb b27b51da7f bf9a32efa5" aria-hidden="true"><svg xmlns="http://www.w3.org/2000/svg" viewBox="0 0 128 128"><path d="M56.33 102a6 6 0 0 1-4.24-1.75L19.27 67.54A6.014 6.014 0 1 1 27.74 59l27.94 27.88 44-58.49a6 6 0 1 1 9.58 7.22l-48.17 64a5.998 5.998 0 0 1-4.34 2.39z"></path></svg></span></span><span class="aaee4e7cd3 e7a57abb1e"><div class="a53cbfa6de e6208ee469"><div data-testid="filters-group-label-container" class="dcd1ccc0b6" aria-hidden="true"><div data-testid="filters-group-label-content" class="a53cbfa6de cb475f8063">Restaurant</div> <span class="abf093bdfe a414c2b280">74</span></div></div></span></label></div><div class="c733693b78"><div></div></div><div data-filters-item="hotelfacility:hotelfacility=4" class="a53cbfa6de ac9267e216 d8eb520c4e a244b31530 a2d2507aff b0d8afeab2"><input aria-label="Pet friendly: 179 properties" id=":Rkfcpl4:" class="f0b6754c38" type="checkbox" name="hotelfacility=4" value="hotelfacility=4"/><label for=":Rkfcpl4:" class="aca0ade214 aaf30230d9 c2931f4182 d79e71457a bd597ff2d8"><span class="ff5328eb35"></span><span class="ef785aa7f4"><span class="fcd9eec8fb b27b51da7f bf9a32efa5" aria-hidden="true"><svg xmlns="http://www.w3.org/2000/svg" viewBox="0 0 128 128"><path d="M56.33 102a6 6 0 0 1-4.24-1.75L19.27 67.54A6.014 6.014 0 1 1 27.74 59l27.94 27.88 44-58.49a6 6 0 1 1 9.58 7.22l-48.17 64a5.998 5.998 0 0 1-4.34 2.39z"></path></svg></span></span><span class="aaee4e7cd3 e7a57abb1e"><div class="a53cbfa6de e6208ee469"><div data-testid="filters-group-label-container" class="dcd1ccc0b6" aria-hidden="true"><div data-testid="filters-group-label-content" class="a53cbfa6de cb475f8063">Pet friendly</div> <span class="abf093bdfe a414c2b280">179</span></div></div></span></label></div><div class="c733693b78"><div></div></div><div data-filters-item="hotelfacility:hotelfacility=5" class="a53cbfa6de ac9267e216 d8eb520c4e a244b31530 a2d2507aff b0d8afeab2"><input aria-label="Room service: 57 properties" id=":Rlfcpl4:" class="f0b6754c38" type="checkbox" name="hotelfacility=5" value="hotelfacility=5"/><label for=":Rlfcpl4:" class="aca0ade214 aaf30230d9 c2931f4182 d79e71457a bd597ff2d8"><span class="ff5328eb35"></span><span class="ef785aa7f4"><span class="fcd9eec8fb b27b51da7f bf9a32efa5" aria-hidden="true"><svg xmlns="http://www.w3.org/2000/svg" viewBox="0 0 128 128"><path d="M56.33 102a6 6 0 0 1-4.24-1.75L19.27 67.54A6.014 6.014 0 1 1 27.74 59l27.94 27.88 44-58.49a6 6 0 1 1 9.58 7.22l-48.17 64a5.998 5.998 0 0 1-4.34 2.39z"></path></svg></span></span><span class="aaee4e7cd3 e7a57abb1e"><div class="a53cbfa6de e6208ee469"><div data-testid="filters-group-label-container" class="dcd1ccc0b6" aria-hidden="true"><div data-testid="filters-group-label-content" class="a53cbfa6de cb475f8063">Room service</div> <span class="abf093bdfe a414c2b280">57</span></div></div></span></label></div><button aria-controls="filter_group_hotelfacility_:R4pl4:" aria-expanded="false" data-testid="filters-group-expand-collapse" type="button" class="a83ed08757 f88a5204c2 d65b7d20ae b98133fb50"><span>Show all 14<span data-testid="filters-group-expand" class="fcd9eec8fb d24fc26e73 b3ef400590" aria-hidden="true"><svg xmlns="http://www.w3.org/2000/svg" viewBox="0 0 24 24"><path d="M19.2681 8.91288C19.2687 9.03226 19.2454 9.15054 19.1996 9.26079C19.1539 9.37105 19.0865 9.47105 19.0016 9.55493L12.9445 15.612C12.8211 15.7367 12.6738 15.8353 12.5115 15.9018C12.3491 15.9684 12.1751 16.0017 11.9996 15.9997C11.6491 16.0075 11.3096 15.877 11.0547 15.6362L4.99764 9.57916C4.8275 9.40881 4.73193 9.17788 4.73193 8.93711C4.73193 8.69634 4.8275 8.46542 4.99764 8.29506C5.08117 8.20935 5.18101 8.14122 5.29128 8.09471C5.40155 8.04819 5.52002 8.02423 5.6397 8.02423C5.75937 8.02423 5.87784 8.04819 5.98811 8.09471C6.09838 8.14122 6.19822 8.20935 6.28175 8.29506L11.9996 13.9887L17.7175 8.27084C17.801 8.18512 17.9009 8.11699 18.0111 8.07048C18.1214 8.02396 18.2399 8 18.3596 8C18.4792 8 18.5977 8.02396 18.708 8.07048C18.8182 8.11699 18.9181 8.18512 19.0016 8.27084C19.0871 8.3543 19.1548 8.45422 19.2006 8.56457C19.2464 8.67492 19.2694 8.79341 19.2681 8.91288Z"></path></svg></span></span></button></div><hr aria-hidden="true" data-testid="filters-group-divider" class="b9bfeba2b4 b288f61df6 abe36eb989"/><div data-filters-group="roomfacility" data-testid="filters-group" id="filter_group_roomfacility_:R59l4:" class="ffb9c3d6a3 ad9a06523f"><div class="f2cf178bcd f6b5094aa4"><h3 class="a3332d346a e6208ee469 d0caee4251">Room amenities</h3></div><div class="c733693b78"><div></div></div><div data-filters-item="roomfacility:roomfacility=999" class="a53cbfa6de ac9267e216 d8eb520c4e a244b31530 a2d2507aff b0d8afeab2"><input aria-label="Kitchen/Kitchenette: 459 properties" id=":Rhfd9l4:" class="f0b6754c38" type="checkbox" name="roomfacility=999" value="roomfacility=999"/><label for=":Rhfd9l4:" class="aca0ade214 aaf30230d9 c2931f4182 d79e71457a bd597ff2d8"><span class="ff5328eb35"></span><span class="ef785aa7f4"><span class="fcd9eec8fb b27b51da7f bf9a32efa5" aria-hidden="true"><svg xmlns="http://www.w3.org/2000/svg" viewBox="0 0 128 128"><path d="M56.33 102a6 6 0 0 1-4.24-1.75L19.27 67.54A6.014 6.014 0 1 1 27.74 59l27.94 27.88 44-58.49a6 6 0 1 1 9.58 7.22l-48.17 64a5.998 5.998 0 0 1-4.34 2.39z"></path></svg></span></span><span class="aaee4e7cd3 e7a57abb1e"><div class="a53cbfa6de e6208ee469"><div data-testid="filters-group-label-container" class="dcd1ccc0b6" aria-hidden="true"><div data-testid="filters-group-label-content" class="a53cbfa6de cb475f8063">Kitchen/Kitchenette</div> <span class="abf093bdfe a414c2b280">459</span></div></div></span></label></div><div class="c733693b78"><div></div></div><div data-filters-item="roomfacility:roomfacility=38" class="a53cbfa6de ac9267e216 d8eb520c4e a244b31530 a2d2507aff b0d8afeab2"><input aria-label="Private bathroom: 373 properties" id=":Rifd9l4:" class="f0b6754c38" type="checkbox" name="roomfacility=38" value="roomfacility=38"/><label for=":Rifd9l4:" class="aca0ade214 aaf30230d9 c2931f4182 d79e71457a bd597ff2d8"><span class="ff5328eb35"></span><span class="ef785aa7f4"><span class="fcd9eec8fb b27b51da7f bf9a32efa5" aria-hidden="true"><svg xmlns="http://www.w3.org/2000/svg" viewBox="0 0 128 128"><path d="M56.33 102a6 6 0 0 1-4.24-1.75L19.27 67.54A6.014 6.014 0 1 1 27.74 59l27.94 27.88 44-58.49a6 6 0 1 1 9.58 7.22l-48.17 64a5.998 5.998 0 0 1-4.34 2.39z"></path></svg></span></span><span class="aaee4e7cd3 e7a57abb1e"><div class="a53cbfa6de e6208ee469"><div data-testid="filters-group-label-container" class="dcd1ccc0b6" aria-hidden="true"><div data-testid="filters-group-label-content" class="a53cbfa6de cb475f8063">Private bathroom</div> <span class="abf093bdfe a414c2b280">373</span></div></div></span></label></div><div class="c733693b78"><div></div></div><div data-filters-item="roomfacility:roomfacility=23" class="a53cbfa6de ac9267e216 d8eb520c4e a244b31530 a2d2507aff b0d8afeab2"><input aria-label="Desk: 201 properties" id=":Rjfd9l4:" class="f0b6754c38" type="checkbox" name="roomfacility=23" value="roomfacility=23"/><label for=":Rjfd9l4:" class="aca0ade214 aaf30230d9 c2931f4182 d79e71457a bd597ff2d8"><span class="ff5328eb35"></span><span class="ef785aa7f4"><span class="fcd9eec8fb b27b51da7f bf9a32efa5" aria-hidden="true"><svg xmlns="http://www.w3.org/2000/svg" viewBox="0 0 128 128"><path d="M56.33 102a6 6 0 0 1-4.24-1.75L19.27 67.54A6.014 6.014 0 1 1 27.74 59l27.94 27.88 44-58.49a6 6 0 1 1 9.58 7.22l-48.17 64a5.998 5.998 0 0 1-4.34 2.39z"></path></svg></span></span><span class="aaee4e7cd3 e7a57abb1e"><div class="a53cbfa6de e6208ee469"><div data-testid="filters-group-label-container" class="dcd1ccc0b6" aria-hidden="true"><div data-testid="filters-group-label-content" class="a53cbfa6de cb475f8063">Desk</div> <span class="abf093bdfe a414c2b280">201</span></div></div></span></label></div><div class="c733693b78"><div></div></div><div data-filters-item="roomfacility:roomfacility=5" class="a53cbfa6de ac9267e216 d8eb520c4e a244b31530 a2d2507aff b0d8afeab2"><input aria-label="Bathtub: 88 properties" id=":Rkfd9l4:" class="f0b6754c38" type="checkbox" name="roomfacility=5" value="roomfacility=5"/><label for=":Rkfd9l4:" class="aca0ade214 aaf30230d9 c2931f4182 d79e71457a bd597ff2d8"><span class="ff5328eb35"></span><span class="ef785aa7f4"><span class="fcd9eec8fb b27b51da7f bf9a32efa5" aria-hidden="true"><svg xmlns="http://www.w3.org/2000/svg" viewBox="0 0 128 128"><path d="M56.33 102a6 6 0 0 1-4.24-1.75L19.27 67.54A6.014 6.014 0 1 1 27.74 59l27.94 27.88 44-58.49a6 6 0 1 1 9.58 7.22l-48.17 64a5.998 5.998 0 0 1-4.34 2.39z"></path></svg></span></span><span class="aaee4e7cd3 e7a57abb1e"><div class="a53cbfa6de e6208ee469"><div data-testid="filters-group-label-container" class="dcd1ccc0b6" aria-hidden="true"><div data-testid="filters-group-label-content" class="a53cbfa6de cb475f8063">Bathtub</div> <span class="abf093bdfe a414c2b280">88</span></div></div></span></label></div><div class="c733693b78"><div></div></div><div data-filters-item="roomfacility:roomfacility=123" class="a53cbfa6de ac9267e216 d8eb520c4e a244b31530 a2d2507aff b0d8afeab2"><input aria-label="Terrace: 232 properties" id=":Rlfd9l4:" class="f0b6754c38" type="checkbox" name="roomfacility=123" value="roomfacility=123"/><label for=":Rlfd9l4:" class="aca0ade214 aaf30230d9 c2931f4182 d79e71457a bd597ff2d8"><span class="ff5328eb35"></span><span class="ef785aa7f4"><span class="fcd9eec8fb b27b51da7f bf9a32efa5" aria-hidden="true"><svg xmlns="http://www.w3.org/2000/svg" viewBox="0 0 128 128"><path d="M56.33 102a6 6 0 0 1-4.24-1.75L19.27 67.54A6.014 6.014 0 1 1 27.74 59l27.94 27.88 44-58.49a6 6 0 1 1 9.58 7.22l-48.17 64a5.998 5.998 0 0 1-4.34 2.39z"></path></svg></span></span><span class="aaee4e7cd3 e7a57abb1e"><div class="a53cbfa6de e6208ee469"><div data-testid="filters-group-label-container" class="dcd1ccc0b6" aria-hidden="true"><div data-testid="filters-group-label-content" class="a53cbfa6de cb475f8063">Terrace</div> <span class="abf093bdfe a414c2b280">232</span></div></div></span></label></div><button aria-controls="filter_group_roomfacility_:R59l4:" aria-expanded="false" data-testid="filters-group-expand-collapse" type="button" class="a83ed08757 f88a5204c2 d65b7d20ae b98133fb50"><span>Show all 10<span data-testid="filters-group-expand" class="fcd9eec8fb d24fc26e73 b3ef400590" aria-hidden="true"><svg xmlns="http://www.w3.org/2000/svg" viewBox="0 0 24 24"><path d="M19.2681 8.91288C19.2687 9.03226 19.2454 9.15054 19.1996 9.26079C19.1539 9.37105 19.0865 9.47105 19.0016 9.55493L12.9445 15.612C12.8211 15.7367 12.6738 15.8353 12.5115 15.9018C12.3491 15.9684 12.1751 16.0017 11.9996 15.9997C11.6491 16.0075 11.3096 15.877 11.0547 15.6362L4.99764 9.57916C4.8275 9.40881 4.73193 9.17788 4.73193 8.93711C4.73193 8.69634 4.8275 8.46542 4.99764 8.29506C5.08117 8.20935 5.18101 8.14122 5.29128 8.09471C5.40155 8.04819 5.52002 8.02423 5.6397 8.02423C5.75937 8.02423 5.87784 8.04819 5.98811 8.09471C6.09838 8.14122 6.19822 8.20935 6.28175 8.29506L11.9996 13.9887L17.7175 8.27084C17.801 8.18512 17.9009 8.11699 18.0111 8.07048C18.1214 8.02396 18.2399 8 18.3596 8C18.4792 8 18.5977 8.02396 18.708 8.07048C18.8182 8.11699 18.9181 8.18512 19.0016 8.27084C19.0871 8.3543 19.1548 8.45422 19.2006 8.56457C19.2464 8.67492 19.2694 8.79341 19.2681 8.91288Z"></path></svg></span></span></button></div><hr aria-hidden="true" data-testid="filters-group-divider" class="b9bfeba2b4 b288f61df6 abe36eb989"/><div data-filters-group="chaincode" data-testid="filters-group" id="filter_group_chaincode_:R5pl4:" class="ffb9c3d6a3 ad9a06523f"><div class="f2cf178bcd f6b5094aa4"><h3 class="a3332d346a e6208ee469 d0caee4251">Brands</h3></div><div class="c733693b78"><div></div></div><div data-filters-item="chaincode:chaincode=2111" class="a53cbfa6de ac9267e216 d8eb520c4e a244b31530 a2d2507aff b0d8afeab2"><input aria-label="Microtel Inns &amp; Suites: 1 property" id=":R5fdpl4:" class="f0b6754c38" type="checkbox" name="chaincode=2111" value="chaincode=2111"/><label for=":R5fdpl4:" class="aca0ade214 aaf30230d9 c2931f4182 d79e71457a bd597ff2d8"><span class="ff5328eb35"></span><span class="ef785aa7f4"><span class="fcd9eec8fb b27b51da7f bf9a32efa5" aria-hidden="true"><svg xmlns="http://www.w3.org/2000/svg" viewBox="0 0 128 128"><path d="M56.33 102a6 6 0 0 1-4.24-1.75L19.27 67.54A6.014 6.014 0 1 1 27.74 59l27.94 27.88 44-58.49a6 6 0 1 1 9.58 7.22l-48.17 64a5.998 5.998 0 0 1-4.34 2.39z"></path></svg></span></span><span class="aaee4e7cd3 e7a57abb1e"><div class="a53cbfa6de e6208ee469"><div data-testid="filters-group-label-container" class="dcd1ccc0b6" aria-hidden="true"><div data-testid="filters-group-label-content" class="a53cbfa6de cb475f8063">Microtel Inns &amp; Suites</div> <span class="abf093bdfe a414c2b280">1</span></div></div></span></label></div></div><hr aria-hidden="true" data-testid="filters-group-divider" class="b9bfeba2b4 b288f61df6 abe36eb989"/><div data-filters-group="accessible_facilities" data-testid="filters-group" id="filter_group_accessible_facilities_:R69l4:" class="ffb9c3d6a3 ad9a06523f"><div class="f2cf178bcd f6b5094aa4"><h3 class="a3332d346a e6208ee469 d0caee4251">Property Accessibility</h3></div><div class="c733693b78"><div></div></div><div data-filters-item="accessible_facilities:accessible_facilities=185" class="a53cbfa6de ac9267e216 d8eb520c4e a244b31530 a2d2507aff b0d8afeab2"><input aria-label="Wheelchair accessible: 47 properties" id=":Rhfe9l4:" class="f0b6754c38" type="checkbox" name="accessible_facilities=185" value="accessible_facilities=185"/><label for=":Rhfe9l4:" class="aca0ade214 aaf30230d9 c2931f4182 d79e71457a bd597ff2d8"><span class="ff5328eb35"></span><span class="ef785aa7f4"><span class="fcd9eec8fb b27b51da7f bf9a32efa5" aria-hidden="true"><svg xmlns="http://www.w3.org/2000/svg" viewBox="0 0 128 128"><path d="M56.33 102a6 6 0 0 1-4.24-1.75L19.27 67.54A6.014 6.014 0 1 1 27.74 59l27.94 27.88 44-58.49a6 6 0 1 1 9.58 7.22l-48.17 64a5.998 5.998 0 0 1-4.34 2.39z"></path></svg></span></span><span class="aaee4e7cd3 e7a57abb1e"><div class="a53cbfa6de e6208ee469"><div data-testid="filters-group-label-container" class="dcd1ccc0b6" aria-hidden="true"><div data-testid="filters-group-label-content" class="a53cbfa6de cb475f8063">Wheelchair accessible</div> <span class="abf093bdfe a414c2b280">47</span></div></div></span></label></div><div class="c733693b78"><div></div></div><div data-filters-item="accessible_facilities:accessible_facilities=186" class="a53cbfa6de ac9267e216 d8eb520c4e a244b31530 a2d2507aff b0d8afeab2"><input aria-label="Toilet with grab rails: 11 properties" id=":Rife9l4:" class="f0b6754c38" type="checkbox" name="accessible_facilities=186" value="accessible_facilities=186"/><label for=":Rife9l4:" class="aca0ade214 aaf30230d9 c2931f4182 d79e71457a bd597ff2d8"><span class="ff5328eb35"></span><span class="ef785aa7f4"><span class="fcd9eec8fb b27b51da7f bf9a32efa5" aria-hidden="true"><svg xmlns="http://www.w3.org/2000/svg" viewBox="0 0 128 128"><path d="M56.33 102a6 6 0 0 1-4.24-1.75L19.27 67.54A6.014 6.014 0 1 1 27.74 59l27.94 27.88 44-58.49a6 6 0 1 1 9.58 7.22l-48.17 64a5.998 5.998 0 0 1-4.34 2.39z"></path></svg></span></span><span class="aaee4e7cd3 e7a57abb1e"><div class="a53cbfa6de e6208ee469"><div data-testid="filters-group-label-container" class="dcd1ccc0b6" aria-hidden="true"><div data-testid="filters-group-label-content" class="a53cbfa6de cb475f8063">Toilet with grab rails</div> <span class="abf093bdfe a414c2b280">11</span></div></div></span></label></div><div class="c733693b78"><div></div></div><div data-filters-item="accessible_facilities:accessible_facilities=187" class="a53cbfa6de ac9267e216 d8eb520c4e a244b31530 a2d2507aff b0d8afeab2"><input aria-label="Raised toilet: 9 properties" id=":Rjfe9l4:" class="f0b6754c38" type="checkbox" name="accessible_facilities=187" value="accessible_facilities=187"/><label for=":Rjfe9l4:" class="aca0ade214 aaf30230d9 c2931f4182 d79e71457a bd597ff2d8"><span class="ff5328eb35"></span><span class="ef785aa7f4"><span class="fcd9eec8fb b27b51da7f bf9a32efa5" aria-hidden="true"><svg xmlns="http://www.w3.org/2000/svg" viewBox="0 0 128 128"><path d="M56.33 102a6 6 0 0 1-4.24-1.75L19.27 67.54A6.014 6.014 0 1 1 27.74 59l27.94 27.88 44-58.49a6 6 0 1 1 9.58 7.22l-48.17 64a5.998 5.998 0 0 1-4.34 2.39z"></path></svg></span></span><span class="aaee4e7cd3 e7a57abb1e"><div class="a53cbfa6de e6208ee469"><div data-testid="filters-group-label-container" class="dcd1ccc0b6" aria-hidden="true"><div data-testid="filters-group-label-content" class="a53cbfa6de cb475f8063">Raised toilet</div> <span class="abf093bdfe a414c2b280">9</span></div></div></span></label></div><div class="c733693b78"><div></div></div><div data-filters-item="accessible_facilities:accessible_facilities=188" class="a53cbfa6de ac9267e216 d8eb520c4e a244b31530 a2d2507aff b0d8afeab2"><input aria-label="Lowered sink: 7 properties" id=":Rkfe9l4:" class="f0b6754c38" type="checkbox" name="accessible_facilities=188" value="accessible_facilities=188"/><label for=":Rkfe9l4:" class="aca0ade214 aaf30230d9 c2931f4182 d79e71457a bd597ff2d8"><span class="ff5328eb35"></span><span class="ef785aa7f4"><span class="fcd9eec8fb b27b51da7f bf9a32efa5" aria-hidden="true"><svg xmlns="http://www.w3.org/2000/svg" viewBox="0 0 128 128"><path d="M56.33 102a6 6 0 0 1-4.24-1.75L19.27 67.54A6.014 6.014 0 1 1 27.74 59l27.94 27.88 44-58.49a6 6 0 1 1 9.58 7.22l-48.17 64a5.998 5.998 0 0 1-4.34 2.39z"></path></svg></span></span><span class="aaee4e7cd3 e7a57abb1e"><div class="a53cbfa6de e6208ee469"><div data-testid="filters-group-label-container" class="dcd1ccc0b6" aria-hidden="true"><div data-testid="filters-group-label-content" class="a53cbfa6de cb475f8063">Lowered sink</div> <span class="abf093bdfe a414c2b280">7</span></div></div></span></label></div><div class="c733693b78"><div></div></div><div data-filters-item="accessible_facilities:accessible_facilities=189" class="a53cbfa6de ac9267e216 d8eb520c4e a244b31530 a2d2507aff b0d8afeab2"><input aria-label="Bathroom emergency cord: 1 property" id=":Rlfe9l4:" class="f0b6754c38" type="checkbox" name="accessible_facilities=189" value="accessible_facilities=189"/><label for=":Rlfe9l4:" class="aca0ade214 aaf30230d9 c2931f4182 d79e71457a bd597ff2d8"><span class="ff5328eb35"></span><span class="ef785aa7f4"><span class="fcd9eec8fb b27b51da7f bf9a32efa5" aria-hidden="true"><svg xmlns="http://www.w3.org/2000/svg" viewBox="0 0 128 128"><path d="M56.33 102a6 6 0 0 1-4.24-1.75L19.27 67.54A6.014 6.014 0 1 1 27.74 59l27.94 27.88 44-58.49a6 6 0 1 1 9.58 7.22l-48.17 64a5.998 5.998 0 0 1-4.34 2.39z"></path></svg></span></span><span class="aaee4e7cd3 e7a57abb1e"><div class="a53cbfa6de e6208ee469"><div data-testid="filters-group-label-container" class="dcd1ccc0b6" aria-hidden="true"><div data-testid="filters-group-label-content" class="a53cbfa6de cb475f8063">Bathroom emergency cord</div> <span class="abf093bdfe a414c2b280">1</span></div></div></span></label></div><div class="c733693b78"><div></div></div><div data-filters-item="accessible_facilities:accessible_facilities=213" class="a53cbfa6de ac9267e216 d8eb520c4e a244b31530 a2d2507aff b0d8afeab2"><input aria-label="Auditory guidance: 1 property" id=":Rmfe9l4:" class="f0b6754c38" type="checkbox" name="accessible_facilities=213" value="accessible_facilities=213"/><label for=":Rmfe9l4:" class="aca0ade214 aaf30230d9 c2931f4182 d79e71457a bd597ff2d8"><span class="ff5328eb35"></span><span class="ef785aa7f4"><span class="fcd9eec8fb b27b51da7f bf9a32efa5" aria-hidden="true"><svg xmlns="http://www.w3.org/2000/svg" viewBox="0 0 128 128"><path d="M56.33 102a6 6 0 0 1-4.24-1.75L19.27 67.54A6.014 6.014 0 1 1 27.74 59l27.94 27.88 44-58.49a6 6 0 1 1 9.58 7.22l-48.17 64a5.998 5.998 0 0 1-4.34 2.39z"></path></svg></span></span><span class="aaee4e7cd3 e7a57abb1e"><div class="a53cbfa6de e6208ee469"><div data-testid="filters-group-label-container" class="dcd1ccc0b6" aria-hidden="true"><div data-testid="filters-group-label-content" class="a53cbfa6de cb475f8063">Auditory guidance</div> <span class="abf093bdfe a414c2b280">1</span></div></div></span></label></div></div><hr aria-hidden="true" data-testid="filters-group-divider" class="b9bfeba2b4 b288f61df6 abe36eb989"/><div data-filters-group="accessible_room_facilities" data-testid="filters-group" id="filter_group_accessible_room_facilities_:R6pl4:" class="ffb9c3d6a3 ad9a06523f"><div class="f2cf178bcd f6b5094aa4"><h3 class="a3332d346a e6208ee469 d0caee4251">Room Accessibility</h3></div><div class="c733693b78"><div></div></div><div data-filters-item="accessible_room_facilities:accessible_room_facilities=131" class="a53cbfa6de ac9267e216 d8eb520c4e a244b31530 a2d2507aff b0d8afeab2"><input aria-label="Entire unit located on ground floor: 53 properties" id=":R11fepl4:" class="f0b6754c38" type="checkbox" name="accessible_room_facilities=131" value="accessible_room_facilities=131"/><label for=":R11fepl4:" class="aca0ade214 aaf30230d9 c2931f4182 d79e71457a bd597ff2d8"><span class="ff5328eb35"></span><span class="ef785aa7f4"><span class="fcd9eec8fb b27b51da7f bf9a32efa5" aria-hidden="true"><svg xmlns="http://www.w3.org/2000/svg" viewBox="0 0 128 128"><path d="M56.33 102a6 6 0 0 1-4.24-1.75L19.27 67.54A6.014 6.014 0 1 1 27.74 59l27.94 27.88 44-58.49a6 6 0 1 1 9.58 7.22l-48.17 64a5.998 5.998 0 0 1-4.34 2.39z"></path></svg></span></span><span class="aaee4e7cd3 e7a57abb1e"><div class="a53cbfa6de e6208ee469"><div data-testid="filters-group-label-container" class="dcd1ccc0b6" aria-hidden="true"><div data-testid="filters-group-label-content" class="a53cbfa6de cb475f8063">Entire unit located on ground floor</div> <span class="abf093bdfe a414c2b280">53</span></div></div></span></label></div><div class="c733693b78"><div></div></div><div data-filters-item="accessible_room_facilities:accessible_room_facilities=132" class="a53cbfa6de ac9267e216 d8eb520c4e a244b31530 a2d2507aff b0d8afeab2"><input aria-label="Upper floors accessible by elevator: 144 properties" id=":R12fepl4:" class="f0b6754c38" type="checkbox" name="accessible_room_facilities=132" value="accessible_room_facilities=132"/><label for=":R12fepl4:" class="aca0ade214 aaf30230d9 c2931f4182 d79e71457a bd597ff2d8"><span class="ff5328eb35"></span><span class="ef785aa7f4"><span class="fcd9eec8fb b27b51da7f bf9a32efa5" aria-hidden="true"><svg xmlns="http://www.w3.org/2000/svg" viewBox="0 0 128 128"><path d="M56.33 102a6 6 0 0 1-4.24-1.75L19.27 67.54A6.014 6.014 0 1 1 27.74 59l27.94 27.88 44-58.49a6 6 0 1 1 9.58 7.22l-48.17 64a5.998 5.998 0 0 1-4.34 2.39z"></path></svg></span></span><span class="aaee4e7cd3 e7a57abb1e"><div class="a53cbfa6de e6208ee469"><div data-testid="filters-group-label-container" class="dcd1ccc0b6" aria-hidden="true"><div data-testid="filters-group-label-content" class="a53cbfa6de cb475f8063">Upper floors accessible by elevator</div> <span class="abf093bdfe a414c2b280">144</span></div></div></span></label></div><div class="c733693b78"><div></div></div><div data-filters-item="accessible_room_facilities:accessible_room_facilities=134" class="a53cbfa6de ac9267e216 d8eb520c4e a244b31530 a2d2507aff b0d8afeab2"><input aria-label="Entire unit wheelchair accessible: 126 properties" id=":R13fepl4:" class="f0b6754c38" type="checkbox" name="accessible_room_facilities=134" value="accessible_room_facilities=134"/><label for=":R13fepl4:" class="aca0ade214 aaf30230d9 c2931f4182 d79e71457a bd597ff2d8"><span class="ff5328eb35"></span><span class="ef785aa7f4"><span class="fcd9eec8fb b27b51da7f bf9a32efa5" aria-hidden="true"><svg xmlns="http://www.w3.org/2000/svg" viewBox="0 0 128 128"><path d="M56.33 102a6 6 0 0 1-4.24-1.75L19.27 67.54A6.014 6.014 0 1 1 27.74 59l27.94 27.88 44-58.49a6 6 0 1 1 9.58 7.22l-48.17 64a5.998 5.998 0 0 1-4.34 2.39z"></path></svg></span></span><span class="aaee4e7cd3 e7a57abb1e"><div class="a53cbfa6de e6208ee469"><div data-testid="filters-group-label-container" class="dcd1ccc0b6" aria-hidden="true"><div data-testid="filters-group-label-content" class="a53cbfa6de cb475f8063">Entire unit wheelchair accessible</div> <span class="abf093bdfe a414c2b280">126</span></div></div></span></label></div><div class="c733693b78"><div></div></div><div data-filters-item="accessible_room_facilities:accessible_room_facilities=147" class="a53cbfa6de ac9267e216 d8eb520c4e a244b31530 a2d2507aff b0d8afeab2"><input aria-label="Toilet with grab rails: 18 properties" id=":R14fepl4:" class="f0b6754c38" type="checkbox" name="accessible_room_facilities=147" value="accessible_room_facilities=147"/><label for=":R14fepl4:" class="aca0ade214 aaf30230d9 c2931f4182 d79e71457a bd597ff2d8"><span class="ff5328eb35"></span><span class="ef785aa7f4"><span class="fcd9eec8fb b27b51da7f bf9a32efa5" aria-hidden="true"><svg xmlns="http://www.w3.org/2000/svg" viewBox="0 0 128 128"><path d="M56.33 102a6 6 0 0 1-4.24-1.75L19.27 67.54A6.014 6.014 0 1 1 27.74 59l27.94 27.88 44-58.49a6 6 0 1 1 9.58 7.22l-48.17 64a5.998 5.998 0 0 1-4.34 2.39z"></path></svg></span></span><span class="aaee4e7cd3 e7a57abb1e"><div class="a53cbfa6de e6208ee469"><div data-testid="filters-group-label-container" class="dcd1ccc0b6" aria-hidden="true"><div data-testid="filters-group-label-content" class="a53cbfa6de cb475f8063">Toilet with grab rails</div> <span class="abf093bdfe a414c2b280">18</span></div></div></span></label></div><div class="c733693b78"><div></div></div><div data-filters-item="accessible_room_facilities:accessible_room_facilities=148" class="a53cbfa6de ac9267e216 d8eb520c4e a244b31530 a2d2507aff b0d8afeab2"><input aria-label="Adapted bath: 6 properties" id=":R15fepl4:" class="f0b6754c38" type="checkbox" name="accessible_room_facilities=148" value="accessible_room_facilities=148"/><label for=":R15fepl4:" class="aca0ade214 aaf30230d9 c2931f4182 d79e71457a bd597ff2d8"><span class="ff5328eb35"></span><span class="ef785aa7f4"><span class="fcd9eec8fb b27b51da7f bf9a32efa5" aria-hidden="true"><svg xmlns="http://www.w3.org/2000/svg" viewBox="0 0 128 128"><path d="M56.33 102a6 6 0 0 1-4.24-1.75L19.27 67.54A6.014 6.014 0 1 1 27.74 59l27.94 27.88 44-58.49a6 6 0 1 1 9.58 7.22l-48.17 64a5.998 5.998 0 0 1-4.34 2.39z"></path></svg></span></span><span class="aaee4e7cd3 e7a57abb1e"><div class="a53cbfa6de e6208ee469"><div data-testid="filters-group-label-container" class="dcd1ccc0b6" aria-hidden="true"><div data-testid="filters-group-label-content" class="a53cbfa6de cb475f8063">Adapted bath</div> <span class="abf093bdfe a414c2b280">6</span></div></div></span></label></div><div class="c733693b78"><div></div></div><div data-filters-item="accessible_room_facilities:accessible_room_facilities=149" class="a53cbfa6de ac9267e216 d8eb520c4e a244b31530 a2d2507aff b0d8afeab2"><input aria-label="Roll-in shower: 7 properties" id=":R16fepl4:" class="f0b6754c38" type="checkbox" name="accessible_room_facilities=149" value="accessible_room_facilities=149"/><label for=":R16fepl4:" class="aca0ade214 aaf30230d9 c2931f4182 d79e71457a bd597ff2d8"><span class="ff5328eb35"></span><span class="ef785aa7f4"><span class="fcd9eec8fb b27b51da7f bf9a32efa5" aria-hidden="true"><svg xmlns="http://www.w3.org/2000/svg" viewBox="0 0 128 128"><path d="M56.33 102a6 6 0 0 1-4.24-1.75L19.27 67.54A6.014 6.014 0 1 1 27.74 59l27.94 27.88 44-58.49a6 6 0 1 1 9.58 7.22l-48.17 64a5.998 5.998 0 0 1-4.34 2.39z"></path></svg></span></span><span class="aaee4e7cd3 e7a57abb1e"><div class="a53cbfa6de e6208ee469"><div data-testid="filters-group-label-container" class="dcd1ccc0b6" aria-hidden="true"><div data-testid="filters-group-label-content" class="a53cbfa6de cb475f8063">Roll-in shower</div> <span class="abf093bdfe a414c2b280">7</span></div></div></span></label></div><div class="c733693b78"><div></div></div><div data-filters-item="accessible_room_facilities:accessible_room_facilities=150" class="a53cbfa6de ac9267e216 d8eb520c4e a244b31530 a2d2507aff b0d8afeab2"><input aria-label="Walk-in shower: 65 properties" id=":R17fepl4:" class="f0b6754c38" type="checkbox" name="accessible_room_facilities=150" value="accessible_room_facilities=150"/><label for=":R17fepl4:" class="aca0ade214 aaf30230d9 c2931f4182 d79e71457a bd597ff2d8"><span class="ff5328eb35"></span><span class="ef785aa7f4"><span class="fcd9eec8fb b27b51da7f bf9a32efa5" aria-hidden="true"><svg xmlns="http://www.w3.org/2000/svg" viewBox="0 0 128 128"><path d="M56.33 102a6 6 0 0 1-4.24-1.75L19.27 67.54A6.014 6.014 0 1 1 27.74 59l27.94 27.88 44-58.49a6 6 0 1 1 9.58 7.22l-48.17 64a5.998 5.998 0 0 1-4.34 2.39z"></path></svg></span></span><span class="aaee4e7cd3 e7a57abb1e"><div class="a53cbfa6de e6208ee469"><div data-testid="filters-group-label-container" class="dcd1ccc0b6" aria-hidden="true"><div data-testid="filters-group-label-content" class="a53cbfa6de cb475f8063">Walk-in shower</div> <span class="abf093bdfe a414c2b280">65</span></div></div></span></label></div><div class="c733693b78"><div></div></div><div data-filters-item="accessible_room_facilities:accessible_room_facilities=151" class="a53cbfa6de ac9267e216 d8eb520c4e a244b31530 a2d2507aff b0d8afeab2"><input aria-label="Raised toilet: 31 properties" id=":R18fepl4:" class="f0b6754c38" type="checkbox" name="accessible_room_facilities=151" value="accessible_room_facilities=151"/><label for=":R18fepl4:" class="aca0ade214 aaf30230d9 c2931f4182 d79e71457a bd597ff2d8"><span class="ff5328eb35"></span><span class="ef785aa7f4"><span class="fcd9eec8fb b27b51da7f bf9a32efa5" aria-hidden="true"><svg xmlns="http://www.w3.org/2000/svg" viewBox="0 0 128 128"><path d="M56.33 102a6 6 0 0 1-4.24-1.75L19.27 67.54A6.014 6.014 0 1 1 27.74 59l27.94 27.88 44-58.49a6 6 0 1 1 9.58 7.22l-48.17 64a5.998 5.998 0 0 1-4.34 2.39z"></path></svg></span></span><span class="aaee4e7cd3 e7a57abb1e"><div class="a53cbfa6de e6208ee469"><div data-testid="filters-group-label-container" class="dcd1ccc0b6" aria-hidden="true"><div data-testid="filters-group-label-content" class="a53cbfa6de cb475f8063">Raised toilet</div> <span class="abf093bdfe a414c2b280">31</span></div></div></span></label></div><div class="c733693b78"><div></div></div><div data-filters-item="accessible_room_facilities:accessible_room_facilities=152" class="a53cbfa6de ac9267e216 d8eb520c4e a244b31530 a2d2507aff b0d8afeab2"><input aria-label="Lower sink: 26 properties" id=":R19fepl4:" class="f0b6754c38" type="checkbox" name="accessible_room_facilities=152" value="accessible_room_facilities=152"/><label for=":R19fepl4:" class="aca0ade214 aaf30230d9 c2931f4182 d79e71457a bd597ff2d8"><span class="ff5328eb35"></span><span class="ef785aa7f4"><span class="fcd9eec8fb b27b51da7f bf9a32efa5" aria-hidden="true"><svg xmlns="http://www.w3.org/2000/svg" viewBox="0 0 128 128"><path d="M56.33 102a6 6 0 0 1-4.24-1.75L19.27 67.54A6.014 6.014 0 1 1 27.74 59l27.94 27.88 44-58.49a6 6 0 1 1 9.58 7.22l-48.17 64a5.998 5.998 0 0 1-4.34 2.39z"></path></svg></span></span><span class="aaee4e7cd3 e7a57abb1e"><div class="a53cbfa6de e6208ee469"><div data-testid="filters-group-label-container" class="dcd1ccc0b6" aria-hidden="true"><div data-testid="filters-group-label-content" class="a53cbfa6de cb475f8063">Lower sink</div> <span class="abf093bdfe a414c2b280">26</span></div></div></span></label></div><div class="c733693b78"><div></div></div><div data-filters-item="accessible_room_facilities:accessible_room_facilities=153" class="a53cbfa6de ac9267e216 d8eb520c4e a244b31530 a2d2507aff b0d8afeab2"><input aria-label="Emergency cord in bathroom: 11 properties" id=":R1afepl4:" class="f0b6754c38" type="checkbox" name="accessible_room_facilities=153" value="accessible_room_facilities=153"/><label for=":R1afepl4:" class="aca0ade214 aaf30230d9 c2931f4182 d79e71457a bd597ff2d8"><span class="ff5328eb35"></span><span class="ef785aa7f4"><span class="fcd9eec8fb b27b51da7f bf9a32efa5" aria-hidden="true"><svg xmlns="http://www.w3.org/2000/svg" viewBox="0 0 128 128"><path d="M56.33 102a6 6 0 0 1-4.24-1.75L19.27 67.54A6.014 6.014 0 1 1 27.74 59l27.94 27.88 44-58.49a6 6 0 1 1 9.58 7.22l-48.17 64a5.998 5.998 0 0 1-4.34 2.39z"></path></svg></span></span><span class="aaee4e7cd3 e7a57abb1e"><div class="a53cbfa6de e6208ee469"><div data-testid="filters-group-label-container" class="dcd1ccc0b6" aria-hidden="true"><div data-testid="filters-group-label-content" class="a53cbfa6de cb475f8063">Emergency cord in bathroom</div> <span class="abf093bdfe a414c2b280">11</span></div></div></span></label></div><div class="c733693b78"><div></div></div><div data-filters-item="accessible_room_facilities:accessible_room_facilities=154" class="a53cbfa6de ac9267e216 d8eb520c4e a244b31530 a2d2507aff b0d8afeab2"><input aria-label="Shower chair: 4 properties" id=":R1bfepl4:" class="f0b6754c38" type="checkbox" name="accessible_room_facilities=154" value="accessible_room_facilities=154"/><label for=":R1bfepl4:" class="aca0ade214 aaf30230d9 c2931f4182 d79e71457a bd597ff2d8"><span class="ff5328eb35"></span><span class="ef785aa7f4"><span class="fcd9eec8fb b27b51da7f bf9a32efa5" aria-hidden="true"><svg xmlns="http://www.w3.org/2000/svg" viewBox="0 0 128 128"><path d="M56.33 102a6 6 0 0 1-4.24-1.75L19.27 67.54A6.014 6.014 0 1 1 27.74 59l27.94 27.88 44-58.49a6 6 0 1 1 9.58 7.22l-48.17 64a5.998 5.998 0 0 1-4.34 2.39z"></path></svg></span></span><span class="aaee4e7cd3 e7a57abb1e"><div class="a53cbfa6de e6208ee469"><div data-testid="filters-group-label-container" class="dcd1ccc0b6" aria-hidden="true"><div data-testid="filters-group-label-content" class="a53cbfa6de cb475f8063">Shower chair</div> <span class="abf093bdfe a414c2b280">4</span></div></div></span></label></div></div></div><div id="popular-filters-go-here"></div></div>
</div>
</div>
<div class="visuallyhidden"
aria-live="assertive"
role="status" id="filter_a11y_live"></div>
<div data-block-id="filter_popup">
</div>
</div>
<div class="clear"></div>
</div> <!-- /basiclayout -->
<div class="bottom_of_basiclayout" style="margin-top: -20px;"></div>
<div style="position: absolute;" id="calendar" class="calendar"></div>
<div
id="x_sr_compset_arp"
class=" similar_destination sr_compset_grid track_similar_destination "
style="display: none;"
></div>
</div>
<svg class="bk-icon -streamline-arrow_nav_left" height="24" style="display:none;" width="24" viewBox="0 0 24 24" role="presentation" aria-hidden="true" focusable="false"><path d="M14.55 18a.74.74 0 0 1-.53-.22l-5-5A1.08 1.08 0 0 1 8.7 12a1.1 1.1 0 0 1 .3-.78l5-5a.75.75 0 0 1 1.06 0 .74.74 0 0 1 0 1.06L10.36 12l4.72 4.72a.74.74 0 0 1 0 1.06.73.73 0 0 1-.53.22zm-4.47-5.72zm0-.57z"/></svg>
<svg class="bk-icon -streamline-arrow_nav_right" height="24" style="display:none;" width="24" viewBox="0 0 24 24" role="presentation" aria-hidden="true" focusable="false"><path d="M9.45 6c.2 0 .39.078.53.22l5 5c.208.206.323.487.32.78a1.1 1.1 0 0 1-.32.78l-5 5a.75.75 0 0 1-1.06 0 .74.74 0 0 1 0-1.06L13.64 12 8.92 7.28a.74.74 0 0 1 0-1.06.73.73 0 0 1 .53-.22zm4.47 5.72zm0 .57z"/></svg>
</div>
</div>
<div class="slinks">
</div>
<div
id="footer_menu_track"
class="footerconstraint cnd-onview-anchor footer_no_lang_track a11y_fix_footer_contrast_footerconstraint "
role="contentinfo"
>
<div id="newsletter_form_footer_container"
class="newsletter_subscribe_with_sprites "
role="region"
aria-label="Subscribe to our newsletter for the best deals - footer"
data-emk-subscription-success-remove
>
<form action="https:&#47;&#47;www.booking.com&#47;newslettersubscribe.html"
method="post"
name="newsletterform"
id="emk-footer"
class="footerForm emk-subscription-entry-point "
data-component="emk/subscription-entry-point emk/subscription-entry-point-feedback-msg"
data-emk-entry-point-label="footer"
data-ga4-track="newsletter_sign_up"
>
<input type="hidden" name="label" value="gen000nr-10CAQoggJCD2xhbmRtYXJrXzI2MTA2MEgzWARo7AGIAQGYATO4AQXIAQXYAQPoAQH4AQGIAgGoAgG4AtrfkKgGwAIB0gIkOWIzM2E5MTMtNDMwZC00YzZmLTg5Y2ItZmU2OWJjYjc3MDc02AIB4AIB" />
<input type="hidden" name="lang" value="en-us" />
<input type="hidden" name="sid" value="90259e8437c6096c4ee27fece820d9ea" />
<input type="hidden" name="url" value="" />
<input type="hidden" name="hostname" value="www.booking.com" />
<input type="hidden" name="companyname" value="Booking.com" />
<input type="hidden" name="aid" value="304142" data-ajax-submit />
<input type="hidden" name="label" value="gen000nr-10CAQoggJCD2xhbmRtYXJrXzI2MTA2MEgzWARo7AGIAQGYATO4AQXIAQXYAQPoAQH4AQGIAgGoAgG4AtrfkKgGwAIB0gIkOWIzM2E5MTMtNDMwZC00YzZmLTg5Y2ItZmU2OWJjYjc3MDc02AIB4AIB" data-ajax-submit/>
<input type="hidden" name="endpoint_url" value="https://www.booking.com&#47;searchresults.html?dest_id=261060;dest_type=landmark;si=ai%2Cco%2Cci%2Cre%2Cla%2Cdi&amp;#emk-footer" />
<input type="hidden" name="error_url" value="https://www.booking.com&#47;searchresults.html?dest_id=261060;dest_type=landmark;si=ai%2Cco%2Cci%2Cre%2Cla%2Cdi&amp;#emk-footer" />
<input type="hidden" name="dest_id" value="261060" data-ajax-submit />
<input type="hidden" name="subscribe_source" value="footer_searchresults" data-ajax-submit />
<input type="hidden" name="opt_in" value="1" data-ajax-submit />
<div class="emk_footer_update emk_footer_centered emk_footer_update_space ">
<div class="footerconstraint-inner">
<div class="emk_footer_banner_block">
<h2>Save time, save money!</h2>
</div>
<div class="emk_footer_subbanner_block">
Sign up and we&#39;ll send the best deals to you
</div>
<div class="clearfix"></div>
<div class="emk_footer_form_layout">
<label for="newsletter_to" class="invisible_spoken">
Enter your email address and we&#39;ll send you our best deals
</label>
<div class="subscription_form_wrap">
<input type="email" name="to" autocapitalize="off" required="true"
id="newsletter_to"
class="input_newsletter_subscription_to"
placeholder="Your email address"
title=""
value=""
data-ajax-submit />
<button id="newsletter_button_footer" data-et-click="">
Subscribe
</button>
</div>
<div data-et-view="dLYHMRFeRQcDaIPaMNfQCcbNXGDJae:1"></div>
</div>
<p class="emk-feedback-msg use_sprites_no_back -invalid" role="alert" aria-live="assertive">
<span class="bicon-close" aria-hidden="true"></span>
<span class="invisible_spoken">Error:</span>
Please enter a valid email address.
</p>
<p class="emk-feedback-msg use_sprites_no_back -error" role="alert" aria-live="assertive">
<span class="bicon-close" aria-hidden="true"></span>
<span class="invisible_spoken">Error:</span>
Oops! An error has occurred.
</p>
<p class="emk-feedback-msg use_sprites_no_back -success" role="status" aria-live="assertive">
<span class="bicon-checkyes" aria-hidden="true"></span>
Thanks! We've sent you an email so you can confirm your subscription
</p>
</div>
<input name="recaptcha_enabled" value="1" type="hidden" data-ajax-submit>
<script nonce="Y346mIyU7Ic0W43">
window.onLoadRecaptchaV3Callback = function() {
grecaptcha.ready(function() {
grecaptcha.execute('6LfzopcUAAAAAPh4ue2iRjzP6XdxDVpwJigtlmeD', {action: 'searchresults'}).then(function(token) {
var target = $('[data-component*="emk/subscription-entry-point"]');
target.append("<input type=hidden name=recaptcha_token value=" + token +" data-ajax-submit>");
target.closest('form').submit(function() {
$('.grecaptcha-badge').show().css('visibility', 'visible');
});
});
});
};
</script>
<style nonce="Y346mIyU7Ic0W43">.grecaptcha-badge { display: none; bottom: 90px !important; }</style>
<div data-component="core/recaptcha/v3" data-key="6LfzopcUAAAAAPh4ue2iRjzP6XdxDVpwJigtlmeD" data-onload="onLoadRecaptchaV3Callback"
data-delay-load="load"
></div>
</div>
</form>
</div>
<div style="clear: both;"></div>
<div id="booking-footer" class="footer-wrapper">
<div id="footer_top_menu" class="footer-top-menu">
<div class="footer-top-partners clearfix js-footer-top-menu">
<div class="footerconstraint-inner clearfix">
<div id="footertopnav-partners" role="navigation">
<p class="footer-top-partner-text footer-top-partner-buttons">
<a
ref="nofollow"
href="https://join.booking.com/?lang=en-us&amp;aid=304142&amp;utm_source=footer_menu&amp;utm_medium=frontend&amp;label=gen000nr-10CAQoggJCD2xhbmRtYXJrXzI2MTA2MEgzWARo7AGIAQGYATO4AQXIAQXYAQPoAQH4AQGIAgGoAgG4AtrfkKgGwAIB0gIkOWIzM2E5MTMtNDMwZC00YzZmLTg5Y2ItZmU2OWJjYjc3MDc02AIB4AIB"
target="_blank"
data-ga-track="click|pageview:/internallink/partner/footer/hotellink/searchresults/en-us"
data-et-click="
customGoal:YTTHbXeeVLCBLfZUTPdKNKNKWe:1
"
class="footer-top-button"
data-qa="joinapp_ep"
>
List your property
</a>
</p>
</div>
</div>
</div>
<div class="footerconstraint-inner clearfix">
<div id="footertopnav" role="navigation">
<ul class="footer-top-links-list">
<li class="footer-top-link">
<a rel="nofollow" href="https://www.booking.com/searchresults.html?dest_id=261060&amp;dest_type=landmark&amp;si=ai%2Cco%2Cci%2Cre%2Cla%2Cdi">Mobile version</a>
</li>
<li class="footer-top-link">
<a href="https://account.booking.com/auth/oauth2?response_type=code&amp;bkng_action=searchresults&amp;client_id=vO1Kblk7xX9tUn2cpZLS&amp;dt=1694773210&amp;lang=en-us&amp;aid=304142&amp;redirect_uri=https%3A%2F%2Fsecure.booking.com%2Flogin.html%3Fop%3Doauth_return&amp;state=UpwCnPCIIMj4ET_ggafFXyvtUUbnHFrsXtQX4yVDD38aknkUHdK_IFEPQvEDQffbC7vRMnQ7zjEzLLJ9tEwzs4RFuQ2s2BOds3mH14XGZZHdmGFl1-5uzIVqR62-Ocdz-0-XnzMhaSJS9WjbQBUo8Nm6c83ZgItBgS1YAaY4Pm-sHc09NN8KvKyOn7uHtAq9Qr_lBY-Xvy0WFZFLCPLYEcO0TzDKaySUicHp0nzyS2CNe70-JE1uVOjp58SF--u_imXbP81_yTMukj2B9UTchHxYrLPO7wSWL2T8lgzO66Gv-Cpp1avHH8Gsj19ziUAaifnDpScv_OFI_DKkOYuqyzfSvGMxRh8HhAHz1tzGLMbj2BVMEnltOkTgutvH7k4">
Your account
</a>
</li>
<li class="footer-top-link">
<a class="manage" href="https://secure.booking.com/content/cs.html" class="tracked">
Make changes online to your booking
</a>
</li>
<li
class="footer-top-link"
data-ga-track="click|CSIR|CS|footer_top_customer_service_help"
>
<a
class="cuca"
href="https://secure.booking.com/help.html#/?source=blue_footer"
data-ga-track="click|Click|Action: searchresults|hc_entrypoint_blue_footer"
data-bui-component="Tooltip"
title="Your reference ID is &ldquo;90259E8&rdquo;"
data-et-click="customGoal:YTTHbXeeVLCBLfZUTPdKNKNKWe:3"
>
Customer Service Help
</a>
</li>
<script nonce="Y346mIyU7Ic0W43">
document.querySelector('.cuca').addEventListener('blur', function() {
window.BUI.getInstance(this, 'Tooltip').hide();
})
</script>
<li class="footer-top-link">
<a
href="
https://www.booking.com/affiliate-program/v2/index.html
"
data-bui-component="Tooltip"
title="Become an affiliate"
class="footer_become_affiliate"
data-ga-track="click|pageview:/internallink/partner/footer/affiliatelink/searchresults/en-us"
data-et-click="customGoal:YTTHbXeeVLCBLfZUTPdKNKNKWe:4"
>
Become an affiliate
</a>
<script nonce="Y346mIyU7Ic0W43">
document.querySelector('.footer_become_affiliate').addEventListener('blur', function() {
window.BUI.getInstance(this, 'Tooltip').hide();
})
</script>
</li>
<li class="footer-top-link">
<a
href="https://business.booking.com/"
class="tracked"
data-google-track="Click/Action: searchresults/BBTool Footer BBZ"
data-et-click="customGoal:YTTHbXeeVLCBLfZUTPdKNKNKWe:5"
>
Booking.com for Business
</a>
</li>
</ul>
</div>
</div>
</div>
<div class="footerconstraint-inner">
<div id="footer" class="footer-navigation-links-wrapper clearfix" role="navigation">
<div id="footer_links" class="footer-navigation-links">
<div class="footer-navigation-links-column footer-seo-links-to-html-sitemaps">
<ul class="footer-navigation-links-list">
<li class="footer-navigation-link">
<a href="https://www.booking.com/country.html" data-ga="seoindexlinks" rel="nofollow">
Countries
</a>
</li>
<li class="footer-navigation-link">
<a href="https://www.booking.com/region.html" data-ga="seoindexlinks" rel="nofollow">
Regions
</a>
</li>
<li class="footer-navigation-link">
<a href="https://www.booking.com/city.html" data-ga="seoindexlinks" rel="nofollow">
Cities
</a>
</li>
<li class="footer-navigation-link">
<a href="https://www.booking.com/district.html" data-ga="seoindexlinks" rel="nofollow">
Districts
</a>
</li>
<li class="footer-navigation-link">
<a href="https://www.booking.com/airport.html" data-ga="seoindexlinks" rel="nofollow">
Airports
</a>
</li>
<li class="footer-navigation-link">
<a href="https://www.booking.com/hotel/index.html" data-ga="seoindexlinks" rel="nofollow">
Hotels
</a>
</li>
<li class="footer-navigation-link">
<a href="https://www.booking.com/landmark.html" data-ga="seoindexlinks" rel="nofollow">
Places of interest
</a>
</li>
</ul>
</div>
<div class="footer-navigation-links-column">
<ul class="footer-navigation-links-list footer-seo-links-to-index">
<li class="footer-navigation-link">
<a href="https://www.booking.com/booking-home/index.html" data-ga="booking-home">
Homes
</a>
</li>
<li class="footer-navigation-link">
<a href="https://www.booking.com/apartments/index.html" data-ga="apartments">
Apartments
</a>
</li>
<li class="footer-navigation-link">
<a href="https://www.booking.com/resorts/index.html" data-ga="resorts">
Resorts
</a>
</li>
<li class="footer-navigation-link">
<a href="https://www.booking.com/villas/index.html" data-ga="villas">
Villas
</a>
</li>
<li class="footer-navigation-link">
<a href="https://www.booking.com/hostels/index.html" data-ga="hostels">
Hostels
</a>
</li>
<li class="footer-navigation-link">
<a href="https://www.booking.com/bed-and-breakfast/index.html" data-ga="bed_and_breakfast">
B&amp;Bs
</a>
</li>
<li class="footer-navigation-link">
<a href="https://www.booking.com/guest-house/index.html" data-ga="guest_house">
Guest houses
</a>
</li>
</ul>
</div>
<div class="footer-navigation-links-column">
<ul class="footer-navigation-links-list">
<li class="footer-navigation-link">
<a href="https://www.booking.com/accommodations.html" data-ga="accommodations">
Unique places to stay
</a>
</li>
<li class="footer-navigation-link">
<a href="https://www.booking.com/reviews
.html
" data-ga="seoindexlinks" class="js-reviews-footer-link">
Reviews
</a>
</li>
<div data-et-view="  BHDTJdReLLCBLZBeMbFMOFIbeDUHYKe:1 BHDTJdReLLCBLZBeMbFMOFIbeDUHYKe:3 "></div>
<li class="footer-navigation-link">
<a href="https://www.booking.com/extended-stays/index.html" data-ga="extended-stays">
Discover monthly stays
</a>
</li>
<li class="footer-navigation-link">
<a href="https://booking.com/articles.html" type="nav" location="main-site-footer" category="articles-link">
Unpacked: Travel articles
</a>
</li>
<li class="footer-navigation-link">
<a href="https://www.booking.com/deals/index.html"
title="Seasonal and holiday deals">
Seasonal and holiday deals
</a>
</li>
<li class="footer-navigation-link">
<a href="https://www.booking.com/traveller-awards/index.html">
Traveller Review Awards
</a>
</li>
</ul>
</div>
<div class="footer-navigation-links-column">
<ul class="footer-navigation-links-list">
<li class="footer-navigation-link">
<a rel="nofollow" href="http://cars.booking.com/Home.do?affiliateCode=booking-com&adplat=footer&preflang=en" target="_blank" data-google-track="Click/Rental cars footer link click (loy_footer_rentalcars_copy: 0)/searchresults" data-ga-track="click|pageview:/outgoinglink/traveljigsaw/en">
Car rental
</a>
</li>
<li class="footer-navigation-link">
<a rel="nofollow" href="https://booking.com/pxgo?url=https%3A%2F%2Fbooking.kayak.com%2Fin&lang=en&aid=304142&token=UmFuZG9tSVYkc2RlIyh9YY_oTPIGnIwxsTOANoogQKFnLgOF5Le9MfbI2ztS601FR63WZET0qTv_LdtVh28GtIqqQhOArA-dPGAokKS99V5rINeV3iBz4jMgKvGCdmSMRuHQlCAzXAZIyZj71giiKjxzmJs5GS7sxxr_EpCLNj1P6JIWcgQKhcmDNDEanJ_HZAQG-UhB0BTBJVeTBdCDdqMqINgbzuh9d8r237Yy24ver_TJmdS0bieXM2d5DIDLSo_xhzqzxPJj9OnrOIInwnilhiEtTp2EDfix7EX9p5gsQP-VeNU-6rEhA_lEFnbem7YRqZhc5aA5x4RvDlwJiCaLFlgpkOWp" target="_blank"
data-google-track="Click/Kayak footer link/searchresults"
data-ga-track="click|pageview:/outgoinglink/kayaklink"
>
Flight finder
</a>
</li>
<li class="footer-navigation-link">
<a rel="nofollow" href="http://www.opentable.com?ref=16087" target="_blank" data-google-track="Click/Opentable footer link/searchresults" data-ga-track="click|pageview:/outgoinglink/opentablelink">
Restaurant reservations
</a>
</li>
<li class="footer-navigation-link">
<a href="
https://www.booking.com/affiliate-program/v2/index.html
" title="Booking.com for Travel Advisers" data-ga-track="click|pageview:/internallink/partner/footer/adviserslink/searchresults/en-us">
Booking.com for Travel Agents
</a>
</li>
</ul>
</div>
<div class="footer-navigation-links-column">
<ul class="footer-navigation-links-list">
<li class="footer-navigation-link">
<a href="https://www.booking.com/covid-19-booking-faqs.html">
Coronavirus (COVID-19) FAQs
</a>
</li>
<li class="footer-navigation-link">
<a href="https://www.booking.com/content/about.html">About Booking.com</a>
</li>
<li class="footer-navigation-link">
<a
href="https:&#47;&#47;secure.booking.com&#47;help.html#/?source=footer_navigation"
data-et-click="customGoal:YTTHbXeeVLCBLfZUTPdKNKNKWe:3"
data-ga-track="click|Click|Action: searchresults|hc_entrypoint_footer_navigation"
>
Customer Service Help
</a>
</li>
<li class="footer-navigation-link">
<a href="https://partner.booking.com/en-gb?utm_campaign=footer_list&amp;utm_medium=frontend_footer&amp;utm_source=booking.com">
Partner help
</a>
</li>
<li class="footer-navigation-link">
<a href="https://careers.booking.com/?utm_source=corporate&utm_medium=footer" data-ga-track="click|pageview:/outgoinglink/footer/careerlink/en-us">
Careers
</a>
</li>
<li class="footer-navigation-link">
<a href="https://sustainability.booking.com/" data-ga-track="click|pageview:/outgoinglink/footer/sustainabilitylink/en-us">
Sustainability
</a>
</li>
<li class="footer-navigation-link">
<a class="tracked" data-google-track="Click/Action: about_us/press" href="https://news.booking.com/en-us/">
Press Center
</a>
</li>
<li class="footer-navigation-link">
<a
href="https://www.booking.com/trust-and-safety.html"
class="tracked"
>
Safety Resource Center
</a>
</li>
<li class="footer-navigation-link">
<a class="tracked" data-google-track="Click/Action: about_us/investor_relations" href="https://www.bookingholdings.com/">
Investor relations
</a>
</li>
<li class="footer-navigation-link">
<a href="https://www.booking.com/content/terms.html">
Terms &amp; Conditions
</a>
</li>
<li class="footer-navigation-link">
<a href="https://secure.booking.com/content/complaints.html">
Partner dispute
</a>
</li>
<li class="footer-navigation-link">
<a href="https://www.booking.com/content/how_we_work.html">
How We Work
</a>
</li>
<li class="footer-navigation-link">
<a href="https://www.booking.com/content/privacy.html">
Privacy & cookie statement
</a>
</li>
<li class="footer-navigation-link">
<a href="https://www.bookingholdings.com/about/compliance-and-ethics/">
MSA statement
</a>
</li>
<li
class="footer-navigation-link"
data-ga-track="click|CSIR|CS|footer_link_contact_us"
>
<a href="https://www.booking.com/content/contact-us.html">
Corporate contact
</a>
</li>
<li class="footer-navigation-link">
<a href="https://www.booking.com/content-moderation-policy/overview-page.html" data-et-click="customGoal:THHSOJZTOeTFKMOaVRVKaMUHYbTLZBeMGKSaT:1">
Content guidelines
</a>
</li>
</ul>
</div>
</div>
</div></div>
<div role="region" aria-label="Get the FREE Booking.com app now" class="local_info_bot footerconstraint-inner"><div class="local_info_bot_inner">
<div class="extranet_link_container">
<a
class="extranet_link"
href="https://admin.booking.com/?lang=xu&utm_source=extranet_login_footer&utm_medium=frontend&utm_campaign=login_footer_v0"
data-ga-track="click|Footer|Click - Extranet login|searchresults"
data-et-click="customGoal:YTTHbXeeVLCBLfZUTPdKNKNKWe:2"
>
Extranet Log-in
</a>
</div>
<div class="footercopyright ">
<div class="whitebar">
<div class="copyright_text">
Copyright &copy; 1996&ndash;2023
Booking.com&trade;. All rights reserved.
</div>
</div>
</div>
</div>
<div style="clear:both;">&#160;</div>
</div>
<div class="footer-logos footerconstraint-inner">
<div class="footer__priceline">
<p class="footer__priceline__title">Booking.com is part of Booking Holdings Inc., the world leader in online travel and related services.
</p>
<div class="footer__priceline__list">
<ul>
<li>
<img
src="https://cf.bstatic.com/static/img/tfl/group_logos/logo_booking/27c8d1832de6a3123b6ee45b59ae2f81b0d9d0d0.png" 
title="Booking.com"
alt="Booking.com"
height="26"
width="91"
>
</img>
</li>
<li>
<img
src="https://cf.bstatic.com/static/img/tfl/group_logos/logo_priceline/f80e129541f2a952d470df2447373390f3dd4e44.png" 
title="Priceline"
alt="Priceline"
height="26"
width="91"
>
</li>
<li>
<img
src="https://cf.bstatic.com/static/img/tfl/group_logos/logo_kayak/83ef7122074473a6566094e957ff834badb58ce6.png" 
title="Kayak"
alt="Kayak"
height="26"
width="79"
>
</li>
<li>
<img
src="https://cf.bstatic.com/static/img/tfl/group_logos/logo_agoda/1c9191b6a3651bf030e41e99a153b64f449845ed.png" 
title="Agoda"
alt="Agoda"
height="26"
width="70"
>
</li>
<li>
<img
src="https://cf.bstatic.com/static/img/tfl/group_logos/logo_rentalcars/6bc5ec89d870111592a378bbe7a2086f0b01abc4.png" 
title="Rentalcars"
alt="Rentalcars"
height="26"
width="109"
>
</li>
<li>
<img
src="https://cf.bstatic.com/static/img/tfl/group_logos/logo_opentable/a4b50503eda6c15773d6e61c238230eb42fb050d.png" 
title="OpenTable"
alt="OpenTable"
height="26"
width="95"
>
</li>
</ul>
</div>
</div>
</div>
</div>
</div>
</div>
<div
id="revc_write_a_review_login_intro"
style="display:none;"
tabindex="-1"
>
<span class="invisible_spoken">Start of dialog content</span>
<div class="intro_header">
<h2 class="bui-modal__title">Verified reviews from real guests.</h2>
<p class="bui-modal__paragraph">We have more than 70 million property reviews, all from <strong>real, verified guests</strong>.</p>
</div>
<div class="rlp-intro">
<div class="rlp-intro__container clearfix">
<h2 class="rlp-intro__title rlp-intro__a11y-exp-title">How does it work?</h2>
<ul class="rlp-intro-how a11y_contrast_blue_gray">
<li class="rlp-intro-how__item fl">
<div class="rlp-intro-how__container rlp-intro-how__container--tickfull">
<div class="rlp-intro-how__sub-container">
<p class="rlp-intro-how__num rlp-intro-how__num--tickfull">1</p>
<p class="rlp-intro-how__icon bicon-tickfull" aria-hidden="true"></p>
</div>
</div>
<h3 class="rlp-intro-how__title rlp-intro-how__a11y-exp-title">It starts with a booking</h3>
<span class="rlp-intro-how__title rlp-intro-how__caption">It starts with a booking</span>
<p class="rlp-intro-how__desc">The only way to leave a review is to first make a booking. That's how we know our reviews come from real guests who have stayed at the property.</p>
</li>
<li class="rlp-intro-how__arrow fl" aria-hidden="true">
<p class="rlp-intro-how__arrow-icon bicon-rightchevron"></p>
</li>
<li class="rlp-intro-how__item fl">
<div class="rlp-intro-how__container rlp-intro-how__container--citytrip">
<div class="rlp-intro-how__sub-container">
<p class="rlp-intro-how__num rlp-intro-how__num--citytrip">2</p>
<p class="rlp-intro-how__icon bicon-citytrip" aria-hidden="true"></p>
</div>
</div>
<h3 class="rlp-intro-how__title rlp-intro-how__a11y-exp-title">Followed by a trip</h3>
<span class="rlp-intro-how__title rlp-intro-how__caption">Followed by a trip</span>
<p class="rlp-intro-how__desc">When guests stay at the property, they check out how quiet the room is, how friendly the staff is, and more.</p>
</li>
<li class="rlp-intro-how__arrow fl" aria-hidden="true">
<p class="rlp-intro-how__arrow-icon bicon-rightchevron"></p>
</li>
<li class="rlp-intro-how__item fl">
<div class="rlp-intro-how__container rlp-intro-how__container--feedback">
<div class="rlp-intro-how__sub-container">
<p class="rlp-intro-how__num rlp-intro-how__num--feedback">3</p>
<p class="rlp-intro-how__icon bicon-feedback" aria-hidden="true"></p>
</div>
</div>
<h3 class="rlp-intro-how__title rlp-intro-how__a11y-exp-title">And finally, a review</h3>
<span class="rlp-intro-how__title rlp-intro-how__caption">And finally, a review</span>
<p class="rlp-intro-how__desc">After their trip, guests tell us about their stay. We check for naughty words and verify the authenticity of all guest reviews before adding them to our site.</p>
</li>
</ul>
</div>
</div>
<p>If you booked through us and want to leave a review, please sign in first.</p>
<div class="intro_footer">
<a href="https://secure.booking.com/reviewtimeline.html" class="revc_write_a_review_login_button">Sign in and leave a review</a>
</div>
<span class="invisible_spoken">End of dialog content</span>
</div>
<div id="calendar_popup" class="newcalendar singleCalendar" style="display:none; ">
<div class="calendar_popup_title"><p id="calendar_check_in_title">Check-in date</p>
<p id="calendar_check_out_title">Check-out date</p>
</div>
<div class="browseCalendar" >
<a href="#" class="prevmonth disabled"><span>&laquo;</span></a>
<select title="Check-in date/Check-out date">
<option class="b_months" value="2023-9">
</option>
<option class="b_months" value="2023-10">
</option>
<option class="b_months" value="2023-11">
</option>
<option class="b_months" value="2023-12">
</option>
<option class="b_months" value="2024-1">
</option>
<option class="b_months" value="2024-2">
</option>
<option class="b_months" value="2024-3">
</option>
<option class="b_months" value="2024-4">
</option>
<option class="b_months" value="2024-5">
</option>
<option class="b_months" value="2024-6">
</option>
<option class="b_months" value="2024-7">
</option>
<option class="b_months" value="2024-8">
</option>
<option class="b_months" value="2024-9">
</option>
<option class="b_months" value="2024-10">
</option>
<option class="b_months" value="2024-11">
</option>
<option class="b_months" value="2024-12">
</option>
</select>
<a href="#" class="nextmonth"><span>&raquo;</span></a>
</div>
<table>
<tbody>
<tr>
<th>Su</th>
<th>Mo</th>
<th>Tu</th>
<th>We</th>
<th>Th</th>
<th>Fr</th>
<th>Sa</th>
</tr>
<tr><td class="wk">&nbsp;</td><td>&nbsp;</td><td>&nbsp;</td><td>&nbsp;</td><td>&nbsp;</td><td class="wk_ar">&nbsp;</td><td class="wk wk_ar">&nbsp;</td></tr>
<tr><td class="wk">&nbsp;</td><td>&nbsp;</td><td>&nbsp;</td><td>&nbsp;</td><td>&nbsp;</td><td class="wk_ar">&nbsp;</td><td class="wk wk_ar">&nbsp;</td></tr>
<tr><td class="wk">&nbsp;</td><td>&nbsp;</td><td>&nbsp;</td><td>&nbsp;</td><td>&nbsp;</td><td class="wk_ar">&nbsp;</td><td class="wk wk_ar">&nbsp;</td></tr>
<tr><td class="wk">&nbsp;</td><td>&nbsp;</td><td>&nbsp;</td><td>&nbsp;</td><td>&nbsp;</td><td class="wk_ar">&nbsp;</td><td class="wk wk_ar">&nbsp;</td></tr>
<tr><td class="wk">&nbsp;</td><td>&nbsp;</td><td>&nbsp;</td><td>&nbsp;</td><td>&nbsp;</td><td class="wk_ar">&nbsp;</td><td class="wk wk_ar">&nbsp;</td></tr>
<tr><td class="wk">&nbsp;</td><td>&nbsp;</td><td>&nbsp;</td><td>&nbsp;</td><td>&nbsp;</td><td class="wk_ar">&nbsp;</td><td class="wk wk_ar">&nbsp;</td></tr>
</tbody>
</table>
<span class="calendar_close">Close calendar</span>
</div>
<script nonce="Y346mIyU7Ic0W43"> if( window.performance && performance.measure && 'b-pre-scripts') { performance.measure('b-pre-scripts'); } </script> 
<script nonce="Y346mIyU7Ic0W43">
var B = booking = window.booking || {};
var booking_extra = {
pageview_id: '7c9c48ada4eb027a',
b_aid: '304142',
b_stid: '304142',
b_lang_for_url: 'en-us',
b01: 1,
b_gtt: "dLYAeZFVJfNTBBFWZBMHMJBXVJfcfHCfBSSUdRKe",
b_ch: 'd',
b_site_type_id: '1',
b_action: 'searchresults'
};
</script>
<script nonce="Y346mIyU7Ic0W43">
if ('serviceWorker' in navigator && navigator.serviceWorker.getRegistrations) {
navigator.serviceWorker.getRegistrations().then(function(registrations) {
registrations.forEach(function(registration) {
registration.unregister();
});
});
}
</script>
<script nonce="Y346mIyU7Ic0W43">
(function(){
(function(){
var et=function(){"use strict";var s,c={level:0},f={experiment:"e",stage:"s",goal:"g",customGoal:"cg",goalWithValue:"gwv"},r=[],o=function(){var n,r={},o="";function t(){var e,t=o;o=Object.keys(r).join(","),(n||(n=document.getElementById("req_info")))&&(n.innerHTML!==t&&(e=n.innerHTML,r=e.split(",").reduce(function(e,t){return e[t]=!0,e},r),o=Object.keys(r).join(",")),n.innerHTML=o)}function i(e){r[e]=!0}return{populate:function(e){i(e),"string"==typeof e?(i(e),t()):e instanceof Array&&(e.forEach(i),t())}}}(),i=function(){var r,o=!1,i=[],n=[],e=0;function a(){c.level&&c.report(c.events.BEACON_SENT,i),o=!1,e=0,r=null,i.length&&l()}function u(){o=!1,r=null,10<=++e?n=[]:(i=i.concat(n),n=[],r=window.setTimeout(l,100*e))}function l(){c.level&&c.report(c.events.SEND_BEACON,i.slice(0)),o=!0;var e=s+"&"+function(e){for(var t,n=[],r=[],o=[],i=[],a=[],u=0,l=e.length;u<l;++u)switch((t=e[u]).what){case f.experiment:n.push(t.hash);break;case f.stage:a.push(t.hash+"|"+t.id);break;case f.goal:r.push(t.hash);break;case f.customGoal:o.push(t.hash+"|"+t.id);break;case f.goalWithValue:var s=b(t.hash);s&&i.push(s);break;default:c.level&&c.report(c.events.UNABLE_TO_STRINGIFY,t)}return"ete="+n.join(",")+"&etg="+r.join(",")+"&etcg="+o.join(",")+"&ets="+a.join(",")+"&etgwv="+i.join(",")}(n=i);N.m&&(e+="&m="+encodeURIComponent(N.m)),i=[];try{!function(e){var t,n=e.url,r=e.complete||function(){},o=e.headers||{},i=XMLHttpRequest.DONE||4,a=new XMLHttpRequest;if(!n)return;if(a.open("GET",n,!0),o)for(t in o)o.hasOwnProperty(t)&&a.setRequestHeader(t,"function"==typeof o[t]?o[t].call():o[t]);a.onreadystatechange=function(){a.readyState===i&&r(a,a.status)},a.send()}({url:e,complete:function(e,t){200===t?a():u()},headers:w})}catch(e){var t=new Image;t.onload=a,t.onerror=u,t.src=s}}return function(e,t,n){c.level&&c.report(c.events.INIT_BEACON,e,t,n),i.push({what:e,hash:t,id:n}),o||r?c.level&&c.report(c.events.DEFER_BEACON,i):r=window.setTimeout(l,0)}}(),a={},h=300,u=!1,p={},v=[],g=!1,l=!1,d=!1,m=!1,w={},T=!1,E=!1,n=!1,N={r:{},t:{},f:{}};N.r||(N.r={}),N.f||(N.f={}),N.t||(N.t={});var _={},y=50;function b(e){if(_[e]&&_[e][0].length){var t=_[e][0],n=_[e][1],r=[e,t.join(":")];return n.length&&r.push(n.join(":")),[].push.apply(n,t.splice(0,t.length)),r.join("|")}}function A(e,t,n){return(e===f.experiment||e===f.goal?[e,t]:[e,t,n]).join("-")}function I(e){if(!d)return e;if(a[e])return a[e];for(var t=2166136261,n=0,r=e.length;n<r;++n)t+=(t<<1)+(t<<4)+(t<<7)+(t<<8)+(t<<24),t^=e.charCodeAt(n);return a[e]=(t>>>0).toString(16)}function O(e,t,n){if(c.level&&c.report(c.events.TRACKING_ATTEMPT,{what:e,hash:t,id:n,variant:(e===f.experiment||e===f.stage)&&W(t)}),R(e,t,n))switch(e){case f.experiment:C(f.experiment,t),o.populate(t),N.m&&r.push(t),i(f.experiment,t);break;case f.stage:C(f.stage,t,n),o.populate(t+"|"+n),N.m&&r.push(t+"|"+n),i(f.stage,t,n);break;case f.goal:C(f.goal,t),i(f.goal,t);break;case f.customGoal:C(f.customGoal,t,n),i(f.customGoal,t,n);break;case f.goalWithValue:(function(e,t){_[e]||(_[e]=[[],[]]);var n=_[e][0];if(_[e][1].length<=y+10)return n.push(t),!0})(t,n)&&i(f.goalWithValue,t,n);break;default:c.level&&c.report(c.events.TRACK_UNKNOWN_ITEM,e,t,n)}return e!==f.experiment||W(t)}function C(e,t,n){p[A(e,t,n)]=!0}function R(e,t,n){if(m)return!1;c.level&&c.report(c.events.SHOULD_TRACK,e,t,n);var r,o,i={what:e,hash:t,id:n,variant:(e===f.experiment||e===f.stage)&&W(t)};if(p[A(e,t,n)])return c.level&&c.report(c.events.NOT_TRACKING_WAS_TRACKED,i),!1;if(e===f.experiment||e===f.stage){if(o=1<<(n||0),r=I(t),N.f[r])return c.level&&c.report(c.events.NOT_TRACKING_FULLON,i),!1;if(void 0===N.r[r])return c.level&&c.report(c.events.NOT_TRACKING_NOT_RUNNING,i),!1;if(N.t[r]&o)return C(e,t,n),c.level&&c.report(c.events.NOT_TRACKING_WAS_TRACKED,i),!1}else if(e===f.customGoal){if(r=I(t),N.f[r])return c.level&&c.report(c.events.NOT_TRACKING_FULLON,i),!1;if(void 0===N.r[r])return c.level&&c.report(c.events.NOT_TRACKING_NOT_RUNNING,i),!1}return!0}function G(n,e,r,o,i){c.level&&c.report(c.events.ADD_EVENT_LISTENER,n,e,r,o,i);var a=function(e){{if("string"==typeof e)return M(document.querySelectorAll(e));if(e instanceof HTMLCollection)return M(e);if(e instanceof NodeList)return M(e);if(e instanceof Element)return[e];if("[object Array]"===Object.prototype.toString.call(e))return e;if(window.jQuery&&e instanceof jQuery)return e.toArray()}return[]}(e);if(0<a.length)if("view"===n)!function(e,t,n,r){c.level&&c.report(c.events.ADD_DEBOUNCED_VIEW_HANDLER,e,t,n,r);var o=A(t,n,r);if(p[o])return;v.push([e,t,n,r]),g||(c.level&&c.report(c.events.ATTACH_VIEW_LISTENER,v),L(window,"scroll",k),L(window,"resize",k),L(window,"wheel",k),L(window,"load",j),window.setTimeout(k,h),T&&T(k),g=!0)}(a[0],r,o,i);else for(var t=0,u=a.length;t<u;t++)L(a[t],n,l);else c.level&&c.report(c.events.NOT_EXISTING_ELEMENT_WONT_ADD_LISTENER,r,o,i);function l(){O(r,o,i);for(var e=0,t=a.length;e<t;e++)V(a[e],n,l)}}function j(){window.setTimeout(k,h)}function k(){if(l){if(u)return;u=setTimeout(function(){u=!1,k()},h)}l=!0;var e,t=[];c.level&&c.report(c.events.CHECK_IF_VISIBLE,v);for(var n=0,r=v.length;n<r;++n)(e=v[n])&&S(e[0])?(c.level&&c.report(c.events.ONVIEW_TRACKING_TRIGGERED,e[1],e[2],e[3]),O(e[1],e[2],e[3])):t.push(e);v=t,c.level&&c.report(c.events.VISIBLE_CHECK_FINISHED,v),0===v.length&&(g=!1,V(window,"scroll",k),V(window,"resize",k),V(window,"load",j),E&&E(k),c.level&&c.report(c.events.DETACH_VIEW_LISTENER)),window.setTimeout(function(){l=!1},h)}function S(e){var t,n,r;return!!e&&(!!e.parentElement&&(!e.getBoundingClientRect||(t=e.getBoundingClientRect(),n=window.innerHeight||document.documentElement.clientHeight,r=window.innerWidth||document.documentElement.clientWidth,!(t.right<0||t.left>r||0===t.top&&0===t.left&&0===t.right&&0===t.bottom)&&t.top<n)))}function L(e,t,n){e.attachEvent?(e["e"+t+n]=n,e[t+n]=function(){e["e"+t+n](window.event)},e.attachEvent("on"+t,e[t+n])):e.addEventListener(t,n,!1)}function V(e,t,n){e.detachEvent?e[t+n]&&(e.detachEvent("on"+t,e[t+n]),e[t+n]=null):e.removeEventListener(t,n,!1)}function B(n,r,o){return function(e,t){R(o,e,t)?G(n,r,o,e,t):c.level&&c.report(c.events.WONT_ATTACH_EVENT_TRACKING,n,r,o,e,t)}}function D(e,t){return{track:B(e,t,f.experiment),stage:B(e,t,f.stage),goal:B(e,t,f.goal),customGoal:B(e,t,f.customGoal)}}function t(e,t){for(var n in t)t.hasOwnProperty(n)&&(e[n]=t[n])}function H(e){N.f=e.f||{},t(N.r,e.r||{}),t(N.t,e.t||{}),e.m&&!N.m&&(N.m=e.m,r=[])}function W(e){var t=I(e);return N.r[t]||N.f[t]||0}function K(e){if(1<arguments.length)throw"Track only accept one parameter";if(e)return O(f.experiment,e);if(n)throw"B.et.track: hash value should be a non-empty string";return 0}function x(e){var t,n=/^(?:(goal|customGoal):)?([a-zA-Z]\w+)?(?::([\d]))?$/,r=[];for(e=e.split(/\s+/),t=0;t<e.length;t++){var o=e[t].match(n),i=o&&o[2],a=o&&o[3],u=o&&o[1]||(a?"stage":"track");u&&r.push({hash:i,value:a,action:u})}return r}function M(e){var t,n=[],r=e.length;for(t=0;t<r;t++)n.push(e[t]);return n}function e(){}return e.prototype.track=K,e.prototype.stage=function(e,t){if(!e){if(n)throw"B.et.trackStage: hash value should be a non-empty string";return!1}if(void 0===t){if(n)throw"B.et.trackStage: stage number should be a number between 1 and 9";return!1}if(0===t)return K(e);if(/^[1-9]$/.test(t))return O(f.stage,e,t);if(n)throw"B.et.trackStage: stage number should be a number between 1 and 9";return!1},e.prototype.goal=function(e){if(e)return O(f.goal,e);if(n)throw"B.et.goal: name should be a non-empty string";return!1},e.prototype.customGoal=function(e,t){if(e&&t&&/^[1-5]$/.test(t))return O(f.customGoal,e,t);if(n){if(!e)throw"B.et.customGoal: hash value should be a non-empty string";if(!t||!/^[1-5]$/.test(t))throw"B.et.customGoal: custom goal number should be a number between 1 and 5"}return!1},e.prototype.goalWithValue=function(e,t){if(/^js_/.test(e)&&/^-?[0-9]+$/.test(t))return O(f.goalWithValue,e,t);if(n){if(!/^js_/.test(e))throw"B.et.goalWithValue: name should be a non-empty string with prefix js_";if(!/^-?[0-9]+$/.test(t))throw"B.et.goalWithValue: value should be an integer"}return!1},e.prototype.on=D,e.prototype.set=H,e.prototype.Trackables=f,e.prototype.configure=function(e){e.url&&(s=e.url),e.jset&&H(e.jset),void 0!==e.useFNV&&(d=e.useFNV),void 0!==e.ajaxHeaders&&(w=e.ajaxHeaders),void 0!==e.snt&&(m=e.snt),"function"==typeof e.bindOnView&&(T=e.bindOnView),"function"==typeof e.unbindOnView&&(E=e.unbindOnView),e.isDevServer&&(n=!0)},e.prototype.initAttributesTracking=function(i){var a,u,l,s=["change","click","mouseenter","focus","view"];!function(){if(i&&0!==i.length?i.length&&(i=i[0]):i=document,i&&i.querySelectorAll)for(a=0;a<s.length;a++){l="data-et-"+(u=s[a]);for(var e=i.querySelectorAll("["+l+"]"),t=0;t<e.length;t++){var n=e[t],r=x(n.getAttribute(l)),o=D(u,n);r.forEach(function(e){o&&o[e.action]&&o[e.action](e.hash,e.value)})}}}()},e.prototype.tracked=function(){return r.join(",")},e.prototype.registerDebug=function(e){if(0==c.level){var t=!isNaN(e.level),n="object"==typeof e.events,r="function"==typeof e.report;t&&n&&r&&(c.level=e.level,c.events=e.events,c.report=e.report)}},new e}();
B.et = et;
}());
var ViewTrackingEvents = (function() {
var desktopEvents = [
'GENERAL:dom_changed',
'GENERAL:layout_changed',
'GENERAL:throttled_scroll',
'GENERAL:throttled_resize',
'tab-opened',
'user_access_menu_register_tab',
'user_access_menu_login_tab',
'uc_popover_showed',
'rt-lightbox-open',
'rt-lightbox-closed',
'tooltip:show',
'reviews-sliding:scroll',
'et-scroll-observer:scroll'
];
var mdotEvents = [
'HP.MAP.OPEN.COMPLETE',
'HP.block.expand',
'tabbed_nav:opened',
'RT.room.page.scrolls',
'RT.room.expand',
// START xroom_m_searchbox_rooms_before_guests
'hp_dates_popup_show',
// END xroom_m_searchbox_rooms_before_guests
'RT.room.select.done',
'k2.sub.page.opened',
'k2.sub.page.scrolls',
'k2.drawerWithNavigation.scrolls'
];
return [].concat(desktopEvents, mdotEvents);
}());
var ajaxHeaders = {
'X-Booking-AID': '304142',
'X-Booking-CSRF': 'GmgEZQAAAAA=KHQbciOBhwJlIvbUOMBz4O2VKYA_9C2yKYavXPCmx09fmBu0ywcZkKphUNWHsoVX3PCHY98INw1fNwVmBTaS0Zjmw0EO-jOoQNp1lggzk_LXz67m9FYnoRgZKLr9eK3SdpmZ-yeUbSUbjMkWECjjZVZN4vhr2EdT0K3OLz5g4OIve0IHxRGPb4AMqtDYMgmdU9bWtEBxIJ3oqQ_w',
'X-Booking-Info': function(){ return (document && document.getElementById('req_info')) ? document.getElementById('req_info').innerHTML : '' },
'X-Booking-Client-Info': function() { return B.et.tracked() },
'X-Booking-Label': encodeURIComponent('gen000nr-10CAQoggJCD2xhbmRtYXJrXzI2MTA2MEgzWARo7AGIAQGYATO4AQXIAQXYAQPoAQH4AQGIAgGoAgG4AtrfkKgGwAIB0gIkOWIzM2E5MTMtNDMwZC00YzZmLTg5Y2ItZmU2OWJjYjc3MDc02AIB4AIB'),
'X-Booking-Language-Code': 'en-us',
'X-Booking-Pageview-Id': '7c9c48ada4eb027a',
'X-Booking-Session-Id': '90259e8437c6096c4ee27fece820d9ea',
'X-Booking-SiteType-Id': '1',
'X-Partner-Channel-Id': '3',
'X-Requested-With': 'XMLHttpRequest'
};
var extraAjaxHeaders = {};
for (var extraAjaxHeader in extraAjaxHeaders) {
if (Object.prototype.hasOwnProperty.call(extraAjaxHeaders, extraAjaxHeader)) {
ajaxHeaders[extraAjaxHeader] = extraAjaxHeaders[extraAjaxHeader];
}
}
var eventsBindedAlready = false;
function bindViewTrackingEvents(onViewHandler) {
if (B.eventEmitter && !eventsBindedAlready) {
for (var i = 0; i < ViewTrackingEvents.length; i++) {
B.eventEmitter.bind(ViewTrackingEvents[i], onViewHandler);
}
window.addEventListener('wheel', onViewHandler)
eventsBindedAlready = true;
}
}
B.et.configure({
url: "/js_tracking",
noJqueryAjax: true,
noJqueryOn: true,
ajaxHeaders: ajaxHeaders,
snt: true,
bindOnView: function(onViewHandler) {
bindViewTrackingEvents(onViewHandler);
if(document.addEventListener) {
document.addEventListener('DOMContentLoaded', function() {
bindViewTrackingEvents(onViewHandler);
});
}
},
unbindOnView: function(onViewHandler) {
if (B.eventEmitter) {
for (var i = 0; i < ViewTrackingEvents.length; i++) {
B.eventEmitter.unbind(ViewTrackingEvents[i], onViewHandler);
}
window.removeEventListener('wheel', onViewHandler)
}
},
jset: B.jset || { r: {}, t: {}, f: {}}
});
window.setTimeout(function() {
B.et.initAttributesTracking();
}, 4);
}());
</script>
<script nonce="Y346mIyU7Ic0W43">(function() { function fireJqueryLoadError() { if(!document.getElementById('req_info')){ setTimeout(fireJqueryLoadError, 100); return; } window.onerror('3rd_JQUERY: load error - ' + 'https://cf.bstatic.com/static/js/jquery_cloudfront_sd/e1e8c0e862309cb4caf3c0d5fbea48bfb8eaad42.js', 1, 1); }; document.addEventListener('error', function(e) { if (e.target && e.target.classList.contains('jquery-script-tag')) { fireJqueryLoadError(); } }, true); })(); </script>
<script src="https://cf.bstatic.com/static/js/jquery_cloudfront_sd/e1e8c0e862309cb4caf3c0d5fbea48bfb8eaad42.js" class="jquery-script-tag" crossorigin nonce="Y346mIyU7Ic0W43"></script>
<script nonce="Y346mIyU7Ic0W43"> if ( this.$ && $.fn && $.fn.bind ) { $( this.document.body ).bind( 'submit', function( evt ) { var win = Function( 'return this' )(), token = 'GmgEZQAAAAA=KHQbciOBhwJlIvbUOMBz4O2VKYA_9C2yKYavXPCmx09fmBu0ywcZkKphUNWHsoVX3PCHY98INw1fNwVmBTaS0Zjmw0EO-jOoQNp1lggzk_LXz67m9FYnoRgZKLr9eK3SdpmZ-yeUbSUbjMkWECjjZVZN4vhr2EdT0K3OLz5g4OIve0IHxRGPb4AMqtDYMgmdU9bWtEBxIJ3oqQ_w', input = win.document.createElement( 'input' ), check = win.document.createElement( 'input' ), form = $( evt.target ); if ( ! form.find( '[name="bhc_csrf_token"]' ).length && ( form.attr( 'method' ) || '' ).toLowerCase() === 'post' ) { input.type = 'hidden'; input.value = token; input.name = 'bhc_csrf_token'; check.type = 'hidden'; check.value = 1; check.name = 'bhc_csrf_token_check'; form.append( input ).append( check ); } }); } (function(){ if (window.self !== window.top) { $.ajax({ type: 'POST', url: 'https://www.booking.com/_frdtcr?aid=304142', data: { 'pid': '7c9c48ada4eb027a', 'ref': document.referrer, 'url': document.location.href } }); } }()); </script> 
<script src="https://cf.bstatic.com/static/js/core-deps-inlinedet_cloudfront_sd/6d177594fcf3d8acf87d6a208d7427779018df74.js" crossorigin nonce="Y346mIyU7Ic0W43"></script>
 <script nonce="Y346mIyU7Ic0W43">
;(function(){
var envData = B.require('tmpl_data');
if (!envData) return;
envData({"b_sid":"90259e8437c6096c4ee27fece820d9ea","b_site_type_id":1,"b_lang_for_url":"en-us","pageview_id":"7c9c48ada4eb027a","b_aid":304142,"b_action":"searchresults"});
}());
</script>
<script nonce="Y346mIyU7Ic0W43">
if (B.env) {
B.env.search_box_keep_children_ages_order = true;
}
B.require('tmpl_data')({"b_search_config":{"b_children_ages_total":[],"b_is_group_search":0,"traveller_segment":"couple","b_adults_total":2,"b_rooms":[{"b_children_ages":[],"b_children":0,"b_room_order":1,"b_adults":2.0}],"b_children_total":0,"b_nr_rooms_needed":1}});
</script>
<script nonce="Y346mIyU7Ic0W43">
/**/ (function () { 'use strict'; if (!B.define) { return; } B.define('searchresults/env', ['require'], function (require) { var events = require('searchresults/events'); var env; env = { /* jshint ignore:start */
'b_dest_id': 261060,
'b_dest_type': "landmark",
'b_search_config': JSON.parse('{"b_children_ages_total":[],"b_is_group_search":0,"traveller_segment":"couple","b_adults_total":2,"b_rooms":[{"b_children_ages":[],"b_children":0,"b_room_order":1,"b_adults":2.0}],"b_children_total":0,"b_nr_rooms_needed":1}' || '{}'),
'b_destination_fullname': "Session Road",
'b_current_page_nr': 1,
'b_selected_nflt_url_param_decoded': "",
'b_bh_nflt_filters': "",
'b_total_selected_filters': "",
'b_nr_hotels_available': 0,
'b_sr_filter_by_price_enabled': "",
'b_user_is_business_booker': "",
'b_sr_is_address_search': 0,
'b_did_bigger_search': 0,
'b_did_auto_extend_radius': "",
'b_primary_search_nr_hotels_available': ""
/* jshint ignore:end */ }; function get(item) { return item ? env[item] : undefined; } function keys() { return Object.keys(env); } events.on(events.DATA_ENVIRONMENT_CHANGED, function (data) { events.trigger(events.DATA_ENVIRONMENT_BEFORE_UPDATE, data); if (data) { var keys = Object.keys(data); for (var i = keys.length; --i >= 0;) { env[keys[i]] = data[keys[i]]; } events.trigger(events.DATA_ENVIRONMENT_UPDATED, data); } }); return { get: get, keys: keys }; }); }()); /**/
</script>
<script nonce="Y346mIyU7Ic0W43">
;(function(){
var exportedVars = JSON.parse('{\"fe_arp_d_sr_properties_list_cond\":1,\"fe_feature_running_WEBSHELL_UX_ENABLE_HEADER_BP_WEB_VITALS\":0,\"fe_pp_web_shell_exp_tracking_allowed\":\"\",\"track_skip_links\":1,\"fe_arp_searchbox_replatformed\":1,\"fe_atlas_map_with_list_enabled\":1,\"fe_location_www_sr_capla_map_cond\":\"1\",\"show_rocketmiles_av_frontend\":0,\"fe_pers_purpose\":2,\"b_site_info\":{\"is_bookings_owned\":1,\"is_iam_auth_allowed\":1},\"fe_sr_card_open_in_new_tab\":1,\"fe_run_google_one_tap\":\"1\",\"fe_universal_perf_tracking_pp_full\":1,\"fe_sso_logout_state\":\"\",\"fe_seasonality_hybrid\":\"-1\",\"sp_use_loyalty_api\":0,\"b_sso_logout_url\":\"\",\"fe_b_is_beach_trip\":\"\",\"fe_gtm_src\":\"https://www.googletagmanager.com/gtm.js?id=GTM-5Q664QZ\",\"fe_enable_GA4_TRACKING_ON_LEGACY\":\"1\",\"fe_is_non_pilot_beach_ufi\":\"\",\"fe_sp_enable_basic_inventory\":\"0\",\"fe_extend_stay_banner_fetch_data\":\"\",\"fe_is_tt_d_sr_hp_show_all_beaches_in_map\":\"\",\"hcs_4_hotels\":1,\"fe_previous_searches\":[],\"genius_one_tap_addon\":\"1\",\"fe_tt_blackout_map_entry_cn\":\"\",\"b_dqs_server\":0,\"b_oauth_client_id\":\"vO1Kblk7xX9tUn2cpZLS\",\"fe_pers_layout_id\":0,\"fe_ba_link_capla\":\"\",\"js_tracking_url\":\"/js_tracking\",\"fe_pers_upcoming\":\"\",\"fe_is_beach_ufi\":\"\",\"b_time_spent_track\":1,\"fe_b_beach_ufi\":\"261060\",\"fe_is_incentives_ga_tracking_enabled\":1,\"fe_universal_perf_tracking_enabled\":1,\"fe_is_ski_ufi\":\"\",\"fe_is_platinum_gold_amer_partner_id\":\"\",\"fe_is_wishlist_login_exp\":1,\"fe_universal_perf_tracking_pp_coin_toss\":1,\"fe_universal_perf_tracking_enabled_expanded\":1,\"fe_is_cname_cobrand_header_available\":0,\"fe_pers_days_until_checkin\":\"\",\"b_analytics_tracking_string\":\"/searchresults.html?dest_id=261060&dest_type=landmark&si=ai%2Cco%2Cci%2Cre%2Cla%2Cdi\",\"fe_use_header_mfe\":1,\"b_sso_logout_callback_url\":\"\",\"fe_arp_d_sr_properties_list\":\"1\",\"fe_bhc_show_er_on_map\":\"0\",\"fe_is_pilot_beach_ufi\":\"\"}' || '{}');
Object.assign(B.env, exportedVars);
var elm = document.currentScript;
if (elm) {
elm.parentElement.removeChild(elm);
}
})();
</script>
<script src="https://cf.bstatic.com/static/js/main_cloudfront_sd/12c5fcd0dbebbaa05d253f10cf9b6b530eb49730.js" crossorigin nonce="Y346mIyU7Ic0W43"></script>
<script nonce="Y346mIyU7Ic0W43">
B.env.b_personalized_layout_sr_json = '[]';
</script>
<script nonce="Y346mIyU7Ic0W43">
window.onload = function () {
var elements = document.querySelectorAll('[data-defer-prefetch]');
Array.prototype.forEach.call(elements, function(el){
el.setAttribute('rel', 'prefetch');
});
};
</script>
<link rel="_prefetch" data-defer-prefetch href="https://cf.bstatic.com/static/js/hotel_cloudfront_sd/f5d835ab503aea87e8d5a713ad6184c5177fe443.js" nonce="Y346mIyU7Ic0W43">
<link rel="_prefetch" data-defer-prefetch href="https://cf.bstatic.com/static/js/index_cloudfront_sd/75816e8206c1d0e047d71dfe85be7ee0dec70675.js" nonce="Y346mIyU7Ic0W43">
<link rel="_prefetch" data-defer-prefetch href="https://cf.bstatic.com/static/js/landingpage_cloudfront_sd/de3ae1596f1a6490844471e1193f13f54b4da34d.js" nonce="Y346mIyU7Ic0W43">
<script src="https://cf.bstatic.com/static/js/searchresults_cloudfront_sd/3503d1dd3d02c580090e9e9483b9c41246bf2c38.js" crossorigin nonce="Y346mIyU7Ic0W43"></script>
<script crossorigin type="text/javascript" src="https://cf.bstatic.com/static/js/sp-on-maps_cloudfront_sd/d30eef4dc5202875d4c3301b8a0e8ff09f9a0e28.js" nonce="Y346mIyU7Ic0W43"></script>
<script nonce="Y346mIyU7Ic0W43">
booking.env.b_query_params_with_lang = '.html';
booking.env.b_ufi = '';
booking.env.b_has_valid_dates_not_in_past = '0';
booking.env.b_dest_type = 'landmark';
</script>
<script nonce="Y346mIyU7Ic0W43">
B.env.is_rooms_table_splitter = true;
</script>
<script nonce="Y346mIyU7Ic0W43">
booking.ensureNamespaceExists('env');
booking.env.b_map_google_static_thumbnail_zoom_level = 14;
booking.env.b_map_google_bounding_box = '120.583287589487,16.417559078801,120.605001,16.39289';
booking.env.b_query_params_no_ext = '';
booking.env.b_server_role='app';
</script>
<script nonce="Y346mIyU7Ic0W43">
;(function (){
var maps = booking.maps || booking.atlas;
if (!maps) {
return;
}
/**/ ;(function () { 'use strict'; if (!B.atlas || !B.atlas.define) { return; } B.atlas.define('util-env', function () { var env = { /* jshint ignore:start *//*
*/ markersOnMapURL: '/markers_on_map?;aid=304142;dest_id=261060;dest_type=landmark;sr_id=;ref=searchresults;limit=100;stype=1;lang=en-us;ssm=1;ngp=1;room1=A,A;maps_opened=1;esf=1;sr_countrycode=ph;sr_lat=;sr_long=;dba=1;dbc=1;srh=;alr=1;lm_id=261060;somp=1;mdimb=1 ;tp=1 ;img_size=270x200 ;avl=1 ;nor=1 ;spc=1 ;rmd=1 ;slpnd=1 ;sbr=1;dfd=1;at=1 ;sat=1 ;ssu=1;srocc=1', markerDetailsURL: '/hotels_onmap_detail?;lang=en-us;act=d-searchresults;detail=0;currency=USD;av=1;c=1;stype=1;cc1=us;aid=304142;dest_id=261060;dest_type=landmark;img_size=90;localize_format=1;gfa=1 ;rr=1 ;rp=1;fav_hot_mins=1;g=0;room1=A,A;v=1;no_cc=1;tr=1;rpr=1;blsd=1;ig=1;deals=1;pt=1;nbmh=1;srocc=1', googleMapsUrl: 'https://maps.googleapis.com/maps/api/js?callback=GLOBAL_ATLAS_GOOGLE_MAPS_CALLBACK&channel=booking_accommodations_desktop&language=en-us&region=en-us&v=3.47&libraries=places&key=AIzaSyDXrqUc7k84GZ0W6P5sMFrKFMVIdN-Nd0w', yandexMapsUrl: '', destinationType: 'landmark', destinationId: '261060', destinationTypeSr: 'landmark', destinationIdSr: '261060', destinationAtlasId: 'landmark_261060', destinationName: 'Home', isPlaceIdUsed: '' === '1', checkinCheckoutInterval: '', checkinCheckoutIntervalInWeeks: '', killSwitch: !!'', mapTrackKillSwitch: !!'', googleBoundingBox: '120.583287589487,16.417559078801,120.605001,16.39289', isWithUpcomingBooking: '', isVacationRental: '', copyFdSoldOut: '', copyMapOccupancyDisclaimer1: '', leafletURL: 'https://cf.bstatic.com/static/js/atlas-leaflet_1_2_0_cloudfront_sd/f0106108a6f86fffdab2ee29f3ef1e613646d6ac.js', mapboxGlURL: 'https://cf.bstatic.com/static/js/atlas-mapbox_cloudfront_sd/f9a1942f34949ba26453b97c11c67d8987216b2d.js', mapboxURL: 'https://api.mapbox.com/mapbox.js/v3.1.1/mapbox.js', mapboxAccessToken: 'pk.eyJ1IjoibWFwYm94LWJvb2tpbmciLCJhIjoiY2o2eDR6cTJjMXBhbTJxbHBjbHFoYjM1cSJ9.5ILI4me1N2YZOdzDbl4gRw', tilesProjection: '', tilesLabelroadmap: '', tilesURLroadmap: '', tilesCopyrightroadmap: '', tilesMaxZoomroadmap: 18, tilesMinZoomroadmap: 2, tilesLabelsatellite: '', tilesURLsatellite: '', tilesURLOverlaysatellite: '', tilesCopyrightsatellite: '', tilesMaxZoomsatellite: 18, tilesMinZoomsatellite: 2, ufi: '', b_dest_id: '261060', aid: '304142', defaultBoundingBox: '', defaultCoordinates: ['', ''], isRTL: '', isLP: !!'', action: 'searchresults', tdot: '0' === '1', ddot: '0' !== '1', hasValidDates: '0' === '1', isPartner413084: !!'', isVillaSite: !!'', bookingWindow: '', isCustomZoom: '', returningStatus: '1', isLandOrAddrMarkerEnabled: '1', districtId: '', enableDistrictPolyFromSRLink: '', isGeniusUser: '', isDomesticBooker: '0' === '1', pricePerXNightsTxt: '', providerName: 'google', isNotIE9AndBelow: '1', isNotIE11AndBelow: '1', isProviderMapBox: '', isMapSrAjax: '1', map_copy_fd_sold_out: 'Sold out', map_occupancy_disclaimer_1: 'Sorry, this property cannot accommodate your group size ', totalHotels: '0', availableHotels: '0', paramNflt: '', urlParamNflt: '', srPageviewId: '7c9c48ada4eb027a', nights: '', lang: 'en', currency: 'USD', bbtoolPromoPageURL: 'https://www.booking.com/business.html', adultsTotal: '2', childrenTotal: '0', nrRooms: '1', nrProperties: '0', isGroupSearch: '0', checkinDay : '', checkinMonthShort : '', checkoutDay : '', checkoutMonthShort : '', bookWindow: '', checkinDate: '', checkoutDate: '', hasMapFavicon: '', inCityName: '', cityName: '', airportLatitude: '', airportLongitude: '', landmarkLatitude: '', landmarkLongitude: '', addressLatitude: '', addressLongitude: '', b_review_score_detailed: '', fe_sp_load_maps_component: '1',destinationFullName: 'Session Road',fe_atlas_map_with_list_enabled: true,bbtoolMap: '', travelPurpose: '2', bbtool_fv : '', isBusinessBooker : '', fe_bbtool_can_see_tool_promos: '1', b_guest_country: 'us', b_selected_language: 'en-us',b_countrycode: 'ph', fe_china_estimated_rating: '', triggerAutoOpen: '' || /[;?&]+map=1/gi.test(location.search), disablePlaces: '',searchboxEnabled: true,isSkiArea: '', b_is_in_beach_ufi: '', fe_is_resort_heavy_ufi: '', b_hotel_name_en_with_translation: '',hotelBbox: '0,0,0,0',b_companyname: "Booking.com",b_site_info:{"is_bookings_owned":1,"is_iam_auth_allowed":1},b_updated_bbox:false,b_hotel_id_to_wishlists_count:{},LOCATION_DISPUTED_TERRITORIES:true, b_district_ids_to_polygon:{}, b_filter_bboxes:{}, b_site_type: 'www', b_search_config:{"b_children_ages_total":[],"b_is_group_search":0,"traveller_segment":"couple","b_adults_total":2,"b_rooms":[{"b_children_ages":[],"b_children":0,"b_room_order":1,"b_adults":2.0}],"b_children_total":0,"b_nr_rooms_needed":1}, b_feature_running_LOCATION_MAP_GOALS_WITH_VALUES: !!+'1',withSorter: true, b_order:"", b_sort_bar_options:"", enabledSorters: ['popularity', 'price', 'review_score_and_price', 'class', 'bayesian_review_score'],b_dest_type: 'landmark', b_param_map: '', fe_bhc_show_er_on_map:false, fe_bhc_show_er_on_map_hash: 'NAREFacBLfZNKe', fe_bhc_show_ntb_on_map:false, fe_bhc_show_ntb_on_map_hash: 'NAREFacTTNAIBeaT', is_bookings_owned: '1' === '1', debug:0/**/
/* jshint ignore:end */ }; B.atlas.__env__ = env; function get(item) { return item ? env[item] : undefined; } /**/ setTimeout(function() { var events = B.require('searchresults/events'); events.on(events.DATA_MAP_ENVIRONMENT_CHANGED, function (data) { if (data) { var keys = Object.keys(data); for (var i = keys.length; --i >= 0;) { env[keys[i]] = data[keys[i]]; } events.trigger(events.DATA_MAP_ENVIRONMENT_UPDATED, data); } }); }, 500); /**/ return { get: get }; }); }()); /**/
maps.assert = {
'tdot': false,
'tdot_using_desktop': false,
'sr': true,
'hp': false,
'wl': false,
'lp': false,
'ieGt7': false,
'disambiguation': false,
'corsCapable': true
};
(function() {
var maps = booking.maps || booking.atlas;
var env = maps.require('util-env');
if (!maps) {
return;
}
booking.env.b_lang = 'en';
booking.env.b_map_dest_type = 'landmark';
booking.env.b_map_dest_id = '261060';
booking.env.current_hotel = '';
booking.env.map_more_params = '';
booking.env.autocomplete_more_params = '';
booking.env.touch_map_infowindow_close = '';
booking.env.b_icons_url = 'https://cf.bstatic.com/static/img';
booking.env.b_map_nights = '';
booking.env.b_domestic_booker = '0';
booking.env.b_guest_country = 'us';
booking.env.b_city_has_metro_access = '';
booking.env.b_city_has_rail_access = '';
booking.env.b_has_valid_dates = '0';
booking.env.b_has_valid_dates_not_in_past = '0';
booking.env.b_is_high_value_customer_ski_exp = '';
booking.env.b_is_potential_high_value_customer_ski_exp = '';
booking.env.b_is_low_present_value_customer_ski_exp = '';
booking.env.b_is_new_value_customer_ski_exp = '';
booking.env.b_is_no_fusion_match_value_customer_ski_exp = '';
maps.EXPERIMENTS = [
{
name: 'YdXfdKNKNKZNTbJRXFNMKdSQbRBcSbSAcQWe',
cond: '1',
stages: [
{
stage: 1,
event: 'ready',
},
{
stage: 3,
event: 'ready',
cond: ''
}
]
},
{
name: 'YdXfdKNKNKZNTbJRXFNMKdSQbFfdOKVSBbQbC',
cond: '1',
stages: [
{
stage: 1,
event: 'ready',
},
{
stage: 3,
event: 'ready',
cond: ''
}
]
},
{
name: 'YdXfdKNKNKZNTbLSKHRbdFIKe',
cond: '1',
stages: [
{
stage: 1,
event: 'ready',
},
{
stage: 3,
event: 'ready',
cond: ''
}
]
},
{
name: 'YdXfdKNKNKZNTfQDXIeIceIKdFHaO',
cond: '1',
stages: [
{
stage: 1,
event: 'ready',
},
{
stage: 3,
event: 'ready',
cond: ''
}
]
},
{
name: 'YdXfdKNKNKZNTfVfdLaAFZKXe',
cond: '1',
stages: [
{
stage: 1,
event: 'ready',
cond: '1'
},
{
stage: 2,
event: 'map-sorter-used'
},
{
stage: 3,
event: 'map-sorter-used',
cond: function(e) {
return e.sorter === 'popularity';
}
},
{
stage: 4,
event: 'map-sorter-used',
cond: function(e) {
return e.sorter === 'price';
}
},
{
stage: 5,
event: 'map-sorter-used',
cond: function(e) {
return e.sorter === 'review_score_and_price';
}
},
{
stage: 6,
event: 'map-sorter-used',
cond: function(e) {
return e.sorter === 'class';
}
},
{
stage: 7,
event: 'map-sorter-used',
cond: function(e) {
return e.sorter === 'bayesian_review_score';
}
},
{
stage: 8,
event: 'ready',
cond: ''
},
]
},
{
name: 'YdXfdKNKNKPZZKCBZGLGWe',
cond: '',
stages: [
{
stage: 1,
event: 'ready'
}
]
},
{
name: 'BHDTJdReQLOLOLOOTVVHQRSZYFbBCdDdZNTKe',
cond: env.get('can_track_BHDTJdReQLOLOLOOTVVHQRSZYFbBCdDdZNTKe'),
stages: [
{
stage: 2,
event: 'fixed-iw-open',
cond: function (e) {
return e.property.b_number_of_restaurants_markets;
}
},
{
stage: 3,
event: 'fixed-iw-open',
cond: function (e) {
return e.property.b_number_of_restaurants_markets && env.get('has_wifi_BHDTJdReQLOLOLOOTVVHQRSZYFbBCdDdZNTKe');
}
},
],
goals: [
{
goal: 2,
event: 'fixed-iw-open',
}
],
},
{
name: 'PUTIFOLNYWLHJYWYHAbVNURe',
cond: '',
stages: [
{
stage: 1,
event: 'markers-ready'
},
{
stage: 2,
event: 'markers-ready',
cond: ''
},
{
stage: 3,
event: 'markers-ready',
cond: ''
},
{
stage: 4,
event: 'markers-ready',
cond: '1'
},
{
stage: 5,
event: 'markers-ready',
cond: ''
},
{
stage: 6,
event: 'markers-ready',
cond: ''
},
{
stage: 7,
event: 'markers-ready',
cond: ''
},
{
stage: 8,
event: 'markers-ready',
cond: ''
},
{
stage: 9,
event: 'markers-ready',
cond: ''
}
],
goals: [
{
goal: 1,
event: 'marker-click',
cond: function(e){
return e.type === 'beach';
}
},
{
goal: 2,
event: 'marker-click',
cond: function(e){
return e.type === 'hotel';
}
},
{
goal: 3,
event: 'marker-hover',
cond: function(e){
return e.type === 'beach';
}
},
{
goal: 4,
event: 'marker-hover',
cond: function(e){
return e.type === 'hotel';
}
}
]
},
// start: wishlist AAs
{
name: 'BKATYDORMTfFIdOccPDXKe',
cond: `
1
`,
stages: [
{
stage: 3,
event: 'ready',
cond: '1'
},
{
stage: 4,
event: 'ready',
cond: ''
},
{
stage: 7,
event: 'ready',
cond: ''
},
]
},
{
name: 'BKATYDORMTfFIdOccPDXafBQEQJET',
cond: `
`,
stages: [
{
stage: 5,
event: 'ready',
cond: ''
}
]
},
{
name: 'BKATYDORMTfFIdOccPDXafBQEQSVWe',
cond: `
1
`,
stages: [
{
stage: 5,
event: 'ready',
cond: ''
}
]
},
// end: wishlist AAs
// start: location_www_sr_map_visual_changes
{
name: 'YdXfdKNKNKHUScRDFeNZfHZHT',
cond: `
1
`,
stages: [
{
stage: 1,
event: 'ready',
},
{
stage: 2,
event: 'ready',
cond: '1'
},
{
stage: 3,
event: 'ready',
cond: ''
},
{
stage: 5,
event: 'ready',
cond: ''
},
{
stage: 6,
event: 'ready',
cond: ''
},
{
stage: 7,
event: 'ready',
cond: '1'
}
]
},
// end: location_www_sr_map_visual_changes
].map(function(exp) {
exp.mapId = exp.mapId || 'default';
return exp;
});
}());
maps.TEMPLATES = {};
}());
booking.env.b_url_start = 'https://www.booking.com';
// Counting login page visitors
B.env.static_hostnames = ['https://cf.bstatic.com'];
B.env.b_newcomer_by_cookie = 1;
booking.env.b_is_domestic = 0;
booking.env.b_param_raw_dest_type = 'landmark';
B.env.growls = {
defer_treshold : (B.env.b_newcomer_by_cookie ? 1 : 0)
};
var calendar = new Object();
var tr = new Object();
tr.nextMonth = "Next month";
tr.prevMonth = "Previous month";
tr.closeCalendar = "Close calendar";
tr.pressCtlD = "Press control-D or choose bookmarks/add or favorites/add in your browser";
tr.pressCtlP = "Press control-P or choose file/print in your browser";
tr.url = "https://www.booking.com/searchresults.html?dest_id=261060;dest_type=landmark;si=ai%2Cco%2Cci%2Cre%2Cla%2Cdi&";
tr.title = "Booking.com Welcome";
tr.icons = "https://cf.bstatic.com/static/img";
var months = ['January','February','March','April','May','June','July','August','September','October','November','December'];
var $t_hotels = 'Hotels'.toLowerCase();
var $t_hotels_around = 'Properties Nearby'.toLowerCase().replace(/ /g, '&#160;');
var b_today = "Today";
if ( document.getElementById ) {
var shown = new Array();
}
function blocktoggle(sToggle) {
var sToggleId = '#blocktoggle' + sToggle;
$(sToggleId).toggle();
}
function blockdisplay(i) {
var body = $( document.body );
if (document.getElementById("blockdisplay" + i)) {
for (var j = 1; j <= 4; j++) {
if (document.getElementById('blockdisplay' + j)) {
document.getElementById('blockdisplay' + j).style.display = (j === i) ? 'block' : 'none';
}
}
body.trigger((i == 4) ? 'ReviewsTab_onOpen' : 'ReviewsTab_onClose')
.trigger( 'RT:reset' );
( booking.eventEmitter || $( window ) )
.trigger( 'BLOCKDISPLAY' + i + '.OPEN' );
if (i === 1 && typeof bMovableBookNowButton != "undefined") {
bMovableBookNowButton.init();
}
if (i == 4) {
$(".toggle_overview").show();
$(".toggle_review").hide();
} else {
$(".toggle_review").show();
$(".toggle_overview").hide();
}
}
}
function popup( url, w, h ) {
newWindow = window.open( url, 'popupWindow', 'width=' + w + ',height=' + h + ',menubar=no,toolbar=no,location=no,bookmarks=no,status=no,scrollbars=yes,resizable=yes' );
if ( window.focus ) {
newWindow.focus();
}
}
booking.ensureNamespaceExists( 'env' );
booking.env.b_checkin_date = '';
booking.env.b_session_checkin_date = '';
booking.env.b_checkout_date = '';
booking.env.b_session_checkout_date = '';
booking.env.b_no_dates_mode = '';
booking.env.b_months = [{"b_number": +"9","name":'September'},{"b_number": +"10","name":'October'},{"b_number": +"11","name":'November'},{"b_number": +"12","name":'December'},{"b_number": +"1","name":'January'},{"b_number": +"2","name":'February'},{"b_number": +"3","name":'March'},{"b_number": +"4","name":'April'},{"b_number": +"5","name":'May'},{"b_number": +"6","name":'June'},{"b_number": +"7","name":'July'},{"b_number": +"8","name":'August'},{"b_number": +"9","name":'September'},{"b_number": +"10","name":'October'},{"b_number": +"11","name":'November'},{"b_number": +"12","name":'December'}];
(function() {
var months = booking.env.b_months;
if ( months.length >= 12 ) {
booking.env.b_months = months.slice( 0, 12 );
}
})();
booking.env.b_this_year4 = 2023;
booking.env.b_this_month = 9;
booking.env.b_this_day = 15;
booking.env.date_format_acronym = "YYYY-MM-DD";
booking.env.day = "day";
booking.env.sbox_day = "Day";
booking.env.sbox_month = "Month";
booking.env.error.checkin_date_in_the_past = {
"name" : "Your selected check-in date is in the past. Please check your dates and try again. "
};
booking.env.error.checkin_date_invalid = {
"name" : "Your check-in date is invalid."
};
booking.env.error.checkin_date_to_far_in_the_future = {
"name" : "Your selected check-in date is too far in the future. Please try again."
};
booking.env.error.checkout_date_invalid = {
"name" : "Your departure date is invalid."
};
booking.env.error.checkout_date_more_than_30_days_after_checkin = {
"name" : "Your check-out date is more than 30 nights after your check-in date. Bookings can only be made for a maximum of 30 nights. Please enter different dates and try again."
};
booking.env.error.checkout_date_not_after_checkin_date = {
"name" : "Your check-out date is before your check-in date. Have another look at your dates and try again."
};
booking.env.error.not_specific_enough = {
"name" : "Oops! We need at least part of the name to start searching."
};
booking.env.error.checkin_in_past_error_suggest_tonight = {
"name" : "This check-in date is in the past. You can search for tonight or enter new dates below."
};
booking.env.month = "Month";
booking.env.please_enter_your_check_in_date = "Please enter your check-in date.";
booking.env.please_enter_your_check_out_date = "Please enter your check-out date.";
booking.env.s_value_checkin_year_month = '';
booking.env.s_value_checkout_year_month = '';
booking.env.sb_flexi_srch_month_validation = "Select a month";
booking.env.to_check_availability_please_enter_your_dates_of_stay = "Please enter dates to check availability.";
booking.env.checkout_date_not_after_checkin_date = "Please check your dates, the check-out date appears to be before the check-in date.";
booking.env.b_room_groups = [];
booking.env.b_room_extrabeds = [];
booking.env.b_show_all_inclusive_switch = 1;
booking.env.error.hp_dates_in_the_past = {
"name" : "Please select current or future dates for check-in and check-out."
};
booking.env.error.hp_same_day_checkin_checkout = {
"name" : "Make sure your check-out date is at least 1 day after check-in."
};
booking.env.domain_for_book = 'https://secure.booking.com';
booking.env.b_query_params_with_lang = '.html';
booking.env.b_canonical_url = 'https:&#47;&#47;www.booking.com&#47;searchresults.html?dest_id=261060;dest_type=landmark;si=ai%252Cco%252Cci%252Cre%252Cla%252Cdi';
booking.env.b_canonical_url_delimiter = ';';
booking.env.b_query_params_delimiter = '&amp;';
booking.env.group_room = 'Room';
booking.env.group_remove = 'Remove';
booking.env.s_value_ss = "";
booking.env.s_value_ss_raw = "";
booking.env.close_button = "CLOSE";
booking.env.next_button = "Next";
booking.env.prev_button = "Previous";
booking.env.book_button = "Book now";
booking.env.date_format_acronym = "YYYY-MM-DD";
booking.env.sunday_first = 1;
booking.env.experiment_popups_close = 'Close';
booking.env.a11y_dialog_content_start_text = 'Start of dialog content';
booking.env.a11y_dialog_content_end_text = 'End of dialog content';
booking.env.city_name_en = '';
booking.env.b_urlcity = '';
booking.env.child_age_text = "Enter all children\'s ages using numbers from 0 to 17.";
booking.env.b_stid = 304142;
booking.env.b_new_ga_track = 1;
booking.env.prd_bpg_overlay_cs_link = '<a class="bui-link" href="https://secure.booking.com/help.html#/?source=price_match" target="_blank" data-ga-track="click|Click|Action: searchresults|hc_entrypoint_price_match">';
</script>
<script nonce="Y346mIyU7Ic0W43">
if (window.performance && performance.setResourceTimingBufferSize) {
performance.setResourceTimingBufferSize(500);
}
;(function nav_timing(w){ 'use strict'; function validMetric(value) { return !isNaN(value) && value >= 0 && value < 150000 || false; } function callback() { var performance = w.performance || w.mozPerformance || w.msPerformance || w.webkitPerformance || {}, navigation = performance.navigation, timing = performance.timing, hasGetEntries = !!performance.getEntriesByType, userTiming = []; if ( typeof timing !== 'object' || typeof navigation !== 'object') { return; } if ( timing.loadEventEnd == 0 ) { setTimeout(callback, 1000); return; } var domain = validMetric(timing.domainLookupEnd - timing.domainLookupStart), connect = validMetric( timing.connectEnd - timing.connectStart), response = validMetric( timing.responseEnd - timing.responseStart), dom = validMetric( timing.domComplete - timing.domLoading), load = validMetric( timing.loadEventEnd - timing.loadEventStart); if ( !domain || !connect || !response || !dom || !load || w._phantom || w.callPhantom || w.__phantomas || window.Buffer || window.emit || window.spawn ) { return false; } if (typeof RUMSpeedIndex === 'function') { var speedIndex; try { speedIndex = Math.round(RUMSpeedIndex()); } catch (e) { B.reportError && B.reportError(e, 'speedindex'); } if (speedIndex) { if (window.ga) { setTimeout(function(){ ga('send', 'timing', 'Performance', 'SpeedIndex', speedIndex, B.env['b_action']); }, 100); } userTiming.push('speedindex:' + speedIndex); } } if (hasGetEntries) { var utMetrics = performance.getEntriesByType('measure') || []; for ( var _tmp, _i = 0, _l = utMetrics.length; _i < _l; _i++ ) { _tmp = utMetrics[_i]; userTiming.push(_tmp['name'] + ':' + Math.round(_tmp['duration'])); } } var navTimesHost = '/navigation_times', navTimesQuery = 'sid=90259e8437c6096c4ee27fece820d9ea&pid=7c9c48ada4eb027a&nts=' + navigation.type + ',' + navigation.redirectCount + ',' + timing.navigationStart + ',' + timing.unloadEventStart + ',' + timing.unloadEventEnd + ',' + timing.redirectStart + ',' + timing.redirectEnd + ',' + timing.fetchStart + ',' + timing.domainLookupStart + ',' + timing.domainLookupEnd + ',' + timing.connectStart + ',' + timing.connectEnd + ',' + timing.secureConnectionStart + ',' + timing.requestStart + ',' + timing.responseStart + ',' + timing.responseEnd + ',' + timing.domLoading + ',' + timing.domInteractive + ',' + timing.domContentLoadedEventStart + ',' + timing.domContentLoadedEventEnd + ',' + timing.domComplete + ',' + timing.loadEventStart + ',' + timing.loadEventEnd + ',0' + '&first=' + '&cdn=cf' + '&dc=32' + '&bo=3' + '&lang=en-us' + '&ref_action=searchresults' + '&aid=304142' + '&stype=1' + '&route=' + '&ua=82' + '&ch=d' + '&lt=' + '&css_load=' + (window.mainCssWasLoaded || 0) + '&wn=0' ; var navTimesBody = 'utiming=' + userTiming.join(','); var _req = new XMLHttpRequest(); _req.open('POST', navTimesHost + '?' + navTimesQuery); _req.setRequestHeader('Content-Type','application/x-www-form-urlencoded'); _req.setRequestHeader('X-Booking-CSRF', 'GmgEZQAAAAA=KHQbciOBhwJlIvbUOMBz4O2VKYA_9C2yKYavXPCmx09fmBu0ywcZkKphUNWHsoVX3PCHY98INw1fNwVmBTaS0Zjmw0EO-jOoQNp1lggzk_LXz67m9FYnoRgZKLr9eK3SdpmZ-yeUbSUbjMkWECjjZVZN4vhr2EdT0K3OLz5g4OIve0IHxRGPb4AMqtDYMgmdU9bWtEBxIJ3oqQ_w'); if (1 && !B.env.fe_force_perf_tracking) { return; } _req.send(navTimesBody); if (window.B && window.B.env) { B.env.fe_force_perf_tracking = false; } }; B.env.fe_new_perf_tracking = { version: '2', web_vitals: '1', first_visit: '', params: { cdn: 'cf', dc: '32', bo: '3', route: '' } }; w.sendNavigationTiming = callback; if ( typeof w.attachEvent != "undefined" ) { w.attachEvent("onload", callback); } else if ( w.addEventListener ) { w.addEventListener("load", callback, false); } })(window); </script> 
<svg class="bk-icon -iconset-heart" height="128" style="display:none;" width="128" viewBox="0 0 128 128" role="presentation" aria-hidden="true" focusable="false"><path d="M64 112a3.6 3.6 0 0 1-2-.5 138.8 138.8 0 0 1-44.2-38c-10-14.4-10.6-26-9.4-33.2a29 29 0 0 1 22.9-23.7c11.9-2.4 24 2.5 32.7 13a33.7 33.7 0 0 1 32.7-13 29 29 0 0 1 22.8 23.7c1.3 7.2.6 18.8-9.3 33.3-9.1 13.1-24 25.9-44.2 37.9a3.6 3.6 0 0 1-2 .5z"/></svg>
<svg class="bk-icon -iconset-heart_outline" height="128" style="display:none;" width="128" viewBox="0 0 128 128" role="presentation" aria-hidden="true" focusable="false"><path d="M119.5 40.3a29 29 0 0 0-22.8-23.7 33.8 33.8 0 0 0-32.7 13 33.7 33.7 0 0 0-32.7-13A29 29 0 0 0 8.5 40.3c-1.3 7.2-.6 18.8 9.4 33.3A140 140 0 0 0 62 111.5a3.7 3.7 0 0 0 4 0c20.2-12 35-24.8 44.1-38 10-14.4 10.7-26 9.5-33.2zm-55.5 63c-33-20.1-50.8-43-47.7-61.6A20.7 20.7 0 0 1 33 24.3a22.3 22.3 0 0 1 4.5-.4c8.8 0 17.3 5.2 23.2 14.6a4 4 0 0 0 3.4 1.8 4 4 0 0 0 3.4-1.8c6-9.4 14.4-14.6 23.2-14.6a22.3 22.3 0 0 1 4.5.5 20.7 20.7 0 0 1 16.6 17.2c3 18.6-14.8 41.6-47.8 61.7z"/></svg>
<svg class="bk-icon -streamline-loading" height="24" style="display:none;" width="24" viewBox="0 0 24 24" role="presentation" aria-hidden="true" focusable="false"><path d="M11.25.747v3.75a.75.75 0 0 0 1.5 0V.747a.75.75 0 0 0-1.5 0zm1.5 22.5v-3.75a.75.75 0 0 0-1.5 0v3.75a.75.75 0 0 0 1.5 0zM3.515 4.572l2.652 2.652a.75.75 0 0 0 1.06-1.06L4.575 3.512a.75.75 0 0 0-1.06 1.06zm16.97 14.85l-2.652-2.651a.75.75 0 1 0-1.06 1.06l2.652 2.651a.75.75 0 1 0 1.06-1.06zM.75 12.747H4.5a.75.75 0 0 0 0-1.5H.75a.75.75 0 0 0 0 1.5zm22.5-1.5H19.5a.75.75 0 0 0 0 1.5h3.75a.75.75 0 0 0 0-1.5zM4.575 20.482l2.652-2.65a.75.75 0 1 0-1.06-1.061l-2.652 2.65a.75.75 0 1 0 1.06 1.061zm14.85-16.97l-2.652 2.652a.75.75 0 0 0 1.06 1.06l2.652-2.652a.75.75 0 0 0-1.06-1.06z"/></svg>
<svg class="bk-icon -iconset-navarrow_down_bold" height="128" style="display:none;" width="128" viewBox="0 0 128 128" role="presentation" aria-hidden="true" focusable="false"><path d="M101.7 42.3a8 8 0 0 0-11.4 0L64 68.7 37.7 42.3a8 8 0 0 0-11.4 11.4L64 91.3l37.7-37.6a8 8 0 0 0 0-11.4z"/></svg>
<svg class="bk-icon -iconset-loading" height="128" style="display:none;" width="128" viewBox="0 0 128 128" role="presentation" aria-hidden="true" focusable="false"><path d="m64 8a4.67 4.67 0 0 1 4.67 4.67v18.66a4.67 4.67 0 0 1 -4.67 4.67 4.67 4.67 0 0 1 -4.67-4.67v-18.66a4.67 4.67 0 0 1 4.67-4.67z" opacity=".75"/><path d="m92 15.48a4.67 4.67 0 0 1 1.71 6.37l-9.34 16.15a4.67 4.67 0 0 1 -6.37 1.72 4.67 4.67 0 0 1 -1.71-6.37l9.33-16.17a4.67 4.67 0 0 1 6.38-1.7z" opacity=".2"/><path d="m112.52 36a4.67 4.67 0 0 1 -1.71 6.37l-16.16 9.34a4.67 4.67 0 0 1 -6.37-1.71 4.67 4.67 0 0 1 1.72-6.37l16.17-9.33a4.67 4.67 0 0 1 6.35 1.7z" opacity=".25"/><path d="m120 64a4.67 4.67 0 0 1 -4.67 4.67h-18.66a4.67 4.67 0 0 1 -4.67-4.67 4.67 4.67 0 0 1 4.67-4.67h18.67a4.67 4.67 0 0 1 4.66 4.67z" opacity=".3"/><path d="m112.52 92a4.67 4.67 0 0 1 -6.37 1.71l-16.15-9.34a4.67 4.67 0 0 1 -1.72-6.37 4.67 4.67 0 0 1 6.37-1.71l16.17 9.33a4.67 4.67 0 0 1 1.7 6.38z" opacity=".35"/><path d="m92 112.52a4.67 4.67 0 0 1 -6.37-1.71l-9.34-16.16a4.67 4.67 0 0 1 1.71-6.37 4.67 4.67 0 0 1 6.37 1.72l9.33 16.17a4.67 4.67 0 0 1 -1.7 6.35z" opacity=".4"/><path d="m64 120a4.67 4.67 0 0 1 -4.67-4.67v-18.66a4.67 4.67 0 0 1 4.67-4.67 4.67 4.67 0 0 1 4.67 4.67v18.67a4.67 4.67 0 0 1 -4.67 4.66z" opacity=".45"/><path d="m36 112.52a4.67 4.67 0 0 1 -1.71-6.37l9.34-16.15a4.67 4.67 0 0 1 6.37-1.72 4.67 4.67 0 0 1 1.71 6.37l-9.33 16.17a4.67 4.67 0 0 1 -6.38 1.7z" opacity=".5"/><path d="m15.48 92a4.67 4.67 0 0 1 1.71-6.37l16.17-9.33a4.67 4.67 0 0 1 6.36 1.7 4.67 4.67 0 0 1 -1.72 6.37l-16.15 9.34a4.67 4.67 0 0 1 -6.37-1.71z" opacity=".55"/><path d="m8 64a4.67 4.67 0 0 1 4.67-4.67h18.66a4.67 4.67 0 0 1 4.67 4.67 4.67 4.67 0 0 1 -4.67 4.67h-18.66a4.67 4.67 0 0 1 -4.67-4.67z" opacity=".6"/><path d="m15.48 36a4.67 4.67 0 0 1 6.37-1.71l16.15 9.34a4.67 4.67 0 0 1 1.72 6.37 4.67 4.67 0 0 1 -6.37 1.71l-16.17-9.34a4.67 4.67 0 0 1 -1.7-6.37z" opacity=".65"/><path d="m36 15.48a4.67 4.67 0 0 1 6.37 1.71l9.33 16.17a4.67 4.67 0 0 1 -1.7 6.36 4.67 4.67 0 0 1 -6.37-1.72l-9.34-16.15a4.67 4.67 0 0 1 1.71-6.37z" opacity=".7"/></svg>
<script type='text/javascript' nonce="Y346mIyU7Ic0W43">
booking.jstmpl('lists_hotel_dropdown', (function () { var T = ["\n","\n\u003cdiv class=\"preloader-state-icon\"\u003e\n","iconset/loading","\n\u003c/div\u003e\n","\n\u003cdiv class=\"wl-dropdown-saved-to-message\" aria-hidden=\"true\"\u003e\n","/private/cdm_web_sr_compare_checkbox_saved/name","\n\u003ca href=\"","\" class=\"js-open-list\" target=\"_blank\"\u003e\n","\n\u003c/a\u003e\n","\n\u003cdiv class=\"dmw_sr_wl_dd_expand_trigger\"\u003e\n\u003ca href=\"#0\" class=\"bui-link bui-link--secondary js-sr-wl-expand-trigger\"\u003eChange\u003c/a\u003e\n","iconset/navarrow_down_bold","smaller","\n\u003c/div\u003e\n\u003cdiv class=\"dmw_sr_wl_dd_collapsed\"\u003e\n","\n\u003cdiv class=\"bui-group\" role=\"group\"\u003e\n","\n\u003clabel\nclass=\"\nwl-dropdown-item\njs-wl-dropdown-item\n","\nwl-dropdown-item_shared\n","\nbui-checkbox\n","\nwl-dropdown-item--added\n","\n\"\naria-label=\"","/private/a11y_hp_bookmarks_shared/name","\"\n\u003e\n\u003cinput\ntype=\"checkbox\"\ndata-list-id=\"","\"\nid=\"wl_item_","\"\nclass=\"js-wl-dropdown-item-checkbox wl-dropdown-item__checkbox bui-checkbox__input\"\n","checked=\"checked\"","\n/\u003e\n\u003cspan id=\"wl_checkbox_label_","\" class=\"bui-checkbox__label\n","wl-dropdown-item__name--last-used","\"\u003e\n","\n\u003c/span\u003e\n\u003cspan\nclass=\"\nwl-dropdown-link-wrapper\n","g-hidden","g-hidden-2","\n\"\n\u003e\n"," - ","\n\u003ca\nclass=\"","wl-dropdown-link js-open-list ","\"\ntarget=\"_blank\"\nhref=\"","\"\naria-describedby=\"wl_checkbox_label_","\"\n\u003e\n","\n\u003cspan aria-label=\"","\"\u003e\u003c/span\u003e\n\u003c/a\u003e\n\u003c/span\u003e\n\u003c/label\u003e\n","\n\u003clabel class=\"wl-dropdown-item wl-dropdown-item_new js-wl-dropdown-item-new bui-checkbox\"\u003e\n\u003cinput\ntype=\"checkbox\"\ndata-list-id=\"\"\ndisabled=\"disabled\"\nclass=\"js-wl-dropdown-item-checkbox wl-dropdown-item__checkbox bui-checkbox__input\"\naria-hidden=\"true\"\n/\u003e\n\u003cspan class=\"bui-checkbox__label\"\u003e\n\u003cinput\ntype=\"text\"\nplaceholder=\"","\"\nclass=\"js-wl-dropdown-item-text force-focusable wl-dropdown-item__text bui-form__control\"\naria-label=\"","/private/a11y_hp_bookmarks_name_new/name","\"\n\u003e\n\u003c/span\u003e\n\u003c/label\u003e\n"], V = ["loading_list","lists","fe_show_saved_message","fe_wl_sr_saw_dropdow","b_user_auth_level_is_low_or_high","is_collaborated","selected","name","id","lastUsed","b_action","b_is_tdot_traffic","url","go_to_list","wishlist_create_new","b_reg_user_wishlist_remaining"], WV, LV, VA; return function (VS) { var s = '', r = this.fn; s += T[0]; if (r.MJ(r.MB(V[0]))) { s += [ T[1],             ( VS.unshift({'name': T[2]}), (VA = r.HELPER("icon", VS[0])), VS.shift(), VA ) , T[3] ].join( '' ); } s += T[0]; if (! (r.MD(V[0]))) { s += T[0]; if (r.MD(V[2])) { s += [ T[4], r.ME(T[5], r.MB, r.MN, null), T[0] ].join( '' ); { var LA= ( r.MC(V[1]) || [] ); VS.unshift({'list': null}); for(var LC=1, LM= LA.length, LV_list; LC <= LM; LC++) { VS[0]['list']= LV_list= LA[LC - 1]; s += T[0]; if (r.MJ(r.MG((LV_list || {})["selected"] ))) { s += [ T[6], r.F['html']((LV_list || {})["url"]), T[7], r.F['js'](r.F['html']((LV_list || {})["name"])), T[8] ].join( '' ); } s += T[0]; } VS.shift(); } s += T[3]; } s += T[0]; if (( ( r.MJ(r.MB(V[2])) && r.MJ(r.MB(V[3])) ) && r.MJ(r.MC(V[4])) )) { s += [ T[9],                 ( VS.unshift({'color': "#000000", 'name': T[10], 'size': T[11]}), (VA = r.HELPER("icon", VS[0])), VS.shift(), VA ) , T[12] ].join( '' ); } s += T[13]; { var LA= ( r.MC(V[1]) || [] ); VS.unshift(null); for(var LC=1, LM= LA.length; LC <= LM; LC++) { VS[0]= LA[LC - 1]; s += T[14]; if (r.MD(V[5])) { s += T[15]; } s += T[16]; if (r.MD(V[6])) { s += T[17]; } s += T[18]; s += [ r.F['js'](r.F['html'](r.MB(V[7]))), T[0] ].join( '' ); if (r.MD(V[5])) { s += [ r.ME(T[19], r.MB, r.MN, null), T[0] ].join( '' ); } s += [ T[20], r.F['js'](r.F['html'](r.MB(V[8]))), T[21], r.F['js'](r.F['html'](r.MB(V[8]))), T[22] ].join( '' ); if (r.MD(V[6])) { s += T[23]; } s += [ T[24], r.F['js'](r.F['html'](r.MB(V[8]))), T[25] ].join( '' ); if (r.MD(V[9])) { s += T[26]; } s += [ T[27], r.F['js'](r.F['html'](r.MB(V[7]))), T[28] ].join( '' ); if (! (r.MD(V[6]))) { s += T[29]; } s += T[0]; if ((r.MJ( r.MC(V[10])  + "" === "" +  "searchresults" ))) { s += T[30]; } s += T[31]; if (r.MK(r.MC(V[11]))) { s += T[32]; } s += T[33]; s += T[34]; s += [ T[35], r.F['html'](r.MB(V[12])), T[36], r.F['js'](r.F['html'](r.MB(V[8]))), T[37], r.F['js'](r.F['html'](r.MB(V[13]))), T[38], r.F['js'](r.F['html'](r.MB(V[7]))), T[39] ].join( '' ); } VS.shift(); } s += T[0]; if (( r.MJ(r.MC(V[4])) && (r.MJ( r.MC(V[15])  >  0 )) )) { s += [ T[40], r.F['js'](r.F['html'](r.MB(V[14]))), T[41], r.ME(T[42], r.MB, r.MN, null), T[43] ].join( '' ); } s += T[3]; if (( ( r.MJ(r.MB(V[2])) && r.MJ(r.MB(V[3])) ) && r.MJ(r.MC(V[4])) )) { s += T[3]; } s += T[0]; } s += T[0]; return s; }; } )());
</script>
<script type='text/javascript' nonce="Y346mIyU7Ic0W43">
booking.jstmpl('lists_hotel_dropdown_removed', (function () { var T = ["\n","\n\u003cdiv class=\"preloader-state-icon\"\u003e\n","iconset/loading","\n\u003c/div\u003e\n","\n\u003cdiv class=\"wl-dropdown-removed-title bui_font_body\"\u003e\n","/private/wl_removed_from/name","\n\u003ca\nclass=\"bui-link bui-link--primary bui_font_body wl-dropdown-removed-list__link js-open-list\"\ntarget=\"_blank\"\nhref=\"","\"\n\u003e\n","\n\u003cspan aria-label=\"","\"\u003e\u003c/span\u003e\n\u003c/a\u003e\n","\n\u003cspan class=\"wl-dropdown-removed-title bui_font_body\"\u003e\n","\n\u003c/span\u003e\n\u003cul class=\"bui-list bui-list--unordered wl-dropdown-removed-list\"\u003e\n","\n\u003cli class=\"bui-list__item wl-dropdown-removed-list-item\"\u003e\n","\n\u003c/li\u003e\n","\n\u003c/ul\u003e\n"], V = ["loading_list","lists","url","list_name","name"], WV, LV, VA; return function (VS) { var s = '', r = this.fn; function link_block1(s) { s += [ T[6], r.F['html'](r.MB(V[2])), T[7], r.F['js'](r.F['html'](r.MC(V[3]))), T[8], r.F['js'](r.F['html'](r.MB(V[3]))), T[9] ].join( '' ); return s; } s += T[0]; s += T[0]; if (r.MJ(r.MB(V[0]))) { s += [ T[1],             ( VS.unshift({'name': T[2]}), (VA = r.HELPER("icon", VS[0])), VS.shift(), VA ) , T[3] ].join( '' ); } s += T[0]; if (! (r.MD(V[0]))) { s += T[0]; if ((r.MJ( r.array_length(r.MB(V[1]))  ==  1 ))) { s += [ T[4], r.ME(T[5], r.MB, r.MN, null), T[0] ].join( '' ); { var LA= ( r.MC(V[1]) || [] ); VS.unshift(null); for(var LC=1, LM= LA.length; LC <= LM; LC++) { VS[0]= LA[LC - 1]; s += T[0]; { VS.unshift({'list_name': r.MB(V[4]), 'url': r.MB(V[2])}); s = link_block1(s); VS.shift(); } s += T[0]; } VS.shift(); } s += T[3]; } else  { s += [ T[10], r.ME(T[5], r.MB, r.MN, null), T[11] ].join( '' ); { var LA= ( r.MC(V[1]) || [] ); VS.unshift(null); for(var LC=1, LM= LA.length; LC <= LM; LC++) { VS[0]= LA[LC - 1]; s += T[12]; { VS.unshift({'list_name': r.MB(V[4]), 'url': r.MB(V[2])}); s = link_block1(s); VS.shift(); } s += T[13]; } VS.shift(); } s += T[14]; } s += T[0]; } s += T[0]; return s; }; } )());
</script>
<script nonce="Y346mIyU7Ic0W43">booking.jstmpl('searchbox_number_of_nights', (function () { var T = ["","\n","/private/sbox_dates_num_nights_1/name"], V = ["b_interval","b_lang"], WV, LV, VA; return function (VS) { var s = '', r = this.fn; function searchbox_partial_length_of_stay_string_inc1(s) { s += [ T[1], '', T[1],         ( VS.unshift({'num_nights': r.MC(V[0])}), (VA = r.ME(T[2], r.MB, r.MN, r.MO(r.MC(V[0]), null, T[2]))), VS.shift(), VA ) , T[1], '' ].join( '' ); return s; } s += T[0]; { VS.unshift({'b_interval': r.MC(V[0]), 'b_lang': r.MC(V[1])}); s = searchbox_partial_length_of_stay_string_inc1(s); VS.shift(); } return s; }; } )());
</script>
<script nonce="Y346mIyU7Ic0W43">booking.jstmpl('searchbox_children_ages_tooltip', (function () { var T = ["","\u003ch3\u003e","/private/sbox_age_of_child_popup_header/name","\u003c/h3\u003e\n\u003cp class=\"searchbox_children_ages_tooltip__text\"\u003e","/private/sbox_age_of_child_popup_best_price/name","\u003c/p\u003e"], V = [], WV, LV, VA; return function (VS) { var s = '', r = this.fn; function bookings2components_search_group_children_ages_tooltip_inc1(s) { s += [ T[1], r.ME(T[2], r.MB, r.MN, null), T[3], r.ME(T[4], r.MB, r.MN, null), T[5] ].join( '' ); return s; } s += T[0]; s = bookings2components_search_group_children_ages_tooltip_inc1(s); return s; }; } )());
</script>
<script nonce="Y346mIyU7Ic0W43">booking.jstmpl('searchbox_children_ages_default_12_tooltip', (function () { var T = ["","/private/groups_sr_undefined_ages_msg/name","\u003cspan class=\"fly-dropdown-close fly-dropdown-close-icon\"\u003e\u003c/span\u003e\n\u003cp class=\"searchbox_children_age_default_12_dropdown__text\"\u003e","\u003c/p\u003e\n"], V = ["fe_children_age_warning_text"], WV, LV, VA; return function (VS) { var s = '', r = this.fn; function searchbox_sb_gs_empty_children_age_default_12_inc1(s) { s += T[0]; r.MN(V[0],r.ME(T[1], r.MB, r.MN, null)); s += [ T[2], r.F['entities'](r.MC(V[0])), T[3] ].join( '' ); return s; } s += T[0]; s = searchbox_sb_gs_empty_children_age_default_12_inc1(s); return s; }; } )());
</script>
<script nonce="Y346mIyU7Ic0W43">booking.jstmpl('length_of_stay_detailed', (function () { var T = ["","\n\u003cspan class=\"c2-calendar-footer__inner-wrap\"\u003e\n","sbox_calendar_num_nights_2","\u003c/strong\u003e","\u003cstrong\u003e","\n\u003c/span\u003e\n"], V = ["b_interval","b_checkin_date_formatted","b_checkout_date_formatted"], WV, LV, VA; return function (VS) { var s = '', r = this.fn; function searchbox_partial_length_of_stay_detailed_string_inc1(s) { s += [ T[1],         ( VS.unshift({'checkin_date': r.MC(V[1]), 'checkout_date': r.MC(V[2]), 'end_bold': T[3], 'num_nights': r.MC(V[0]), 'start_bold': T[4]}), (VA = r.VP(T[2], r.MO(r.MC(V[0]), null, T[2]))), VS.shift(), VA ) , T[5] ].join( '' ); return s; } s += T[0]; s = searchbox_partial_length_of_stay_detailed_string_inc1(s); return s; }; } )());
</script>
<script nonce="Y346mIyU7Ic0W43">booking.jstmpl('calendar_footer_error_above_30_days', (function () { var T = ["\n","/private/sbox_error_30_night_res/name","data-","=\"","\""," data-","\u003cdiv data-component=\"onview-animate\" data-anim-type=\"fadeInBottom\"\u003e ","\u003cdiv class=\"fe_banner fe_banner__accessible ","fe_banner__scale_small ","fe_banner__w-icon ","fe_banner__w-dismiss ","fe_banner__"," ","fe_banner__w-icon-","fe_banner__bp fe_banner__inherit_font_size "," \" ","id=\"","\" ","role=\"alert\"","\u003e ","\u003ci class=\"fe_banner__icon ","\" aria-hidden=\"true\"\u003e\u003c/i\u003e ","\u003cimg class=\"fe_banner__icon\" src=\"","\"\u003e ","\u003cspan class=\"","fe_banner__icon"," \u003c/span\u003e ","\u003cdiv class=\"fe_banner__btn_container\"\u003e \u003cdiv class=\"fe_banner__btn_container_content\"\u003e ","\u003ch3 class=\"fe_banner__title\"\u003e "," \u003c/h3\u003e ","\u003cdiv class=\"fe_banner__message\"\u003e "," \u003c/div\u003e ","\u003c/div\u003e \u003cdiv class=\"fe_banner__button\"\u003e ","\u003c/div\u003e ","\u003cspan class=\"fe_banner__dismiss js-close\" role=\"button\" tabindex=\"1\" aria-label=\"","/private/a11y_cta_close_banner_new/name","\"\u003e\u003ci class=\"bicon-btnclose\"\u003e\u003c/i\u003e\u003c/span\u003e ","0","red"], V = ["fe_error_message","fe_banner__data","fe_banner__data_id","fe_banner__data_value","fe_banner__data_id_2","fe_banner__data_value_2","fe_banner__data_id_3","fe_banner__data_value_3","fe_banner__data_id_4","fe_banner__data_value_4","fe_banner__data_id_5","fe_banner__data_value_5","fe_banner__animate","fe_banner__scale","fe_banner__icon_class","fe_banner__icon_img_url","fe_banner__icon_svg","fe_banner__close_button","fe_banner__color_scheme","fe_banner__color_scheme_classes","fe_banner__icon_size","b_action","fe_banner__extra_classes","fe_banner__id","fe_banner__aria_alert","fe_banner__icon_svg_class","fe_banner__btn_include","fe_banner__title_text","fe_banner__message_text","fe_banner__banners_count"], WV, LV, VA; return function (VS) { var s = '', r = this.fn; function bookings2tmpl_inc_modules_banner_inc1(s) { s += [ '', T[0] ].join( '' ); if (r.MD(V[28])) { s += T[0]; if (r.MD(V[2])) { s += T[0]; r.MN(V[1],[ T[2], r.MB(V[2]), T[3], r.MB(V[3]), T[4] ].join( '' )); s += T[0]; } s += T[0]; if (r.MD(V[4])) { s += T[0]; r.MN(V[1],[ r.MB(V[1]), T[5], r.MB(V[4]), T[3], r.MB(V[5]), T[4] ].join( '' )); s += T[0]; } s += T[0]; if (r.MD(V[6])) { s += T[0]; r.MN(V[1],[ r.MB(V[1]), T[5], r.MB(V[6]), T[3], r.MB(V[7]), T[4] ].join( '' )); s += T[0]; } s += T[0]; if (r.MD(V[8])) { s += T[0]; r.MN(V[1],[ r.MB(V[1]), T[5], r.MB(V[8]), T[3], r.MB(V[9]), T[4] ].join( '' )); s += T[0]; } s += T[0]; if (r.MD(V[10])) { s += T[0]; r.MN(V[1],[ r.MB(V[1]), T[5], r.MB(V[10]), T[3], r.MB(V[11]), T[4] ].join( '' )); s += T[0]; } s += T[0]; if (r.MD(V[12])) { s += T[6]; } s += T[7]; { var CV = r.MB(V[13]); if ((r.MJ( CV  + "" === "" +  "small" ))) { s += T[8]; } else { } } if (( ( r.MJ(r.MB(V[14])) || r.MJ(r.MB(V[15])) ) || r.MJ(r.MB(V[16])) )) { s += T[9]; } if (r.MD(V[17])) { s += T[10]; } if (r.MJ(r.MB(V[18]))) { s += [ T[11], r.F['entities'](r.MC(V[18])), r.F['entities'](r.MC(V[19])), T[12] ].join( '' ); } if (( r.MJ(r.MB(V[14])) && r.MJ(r.MB(V[20])) )) { s += [ T[13], r.F['entities'](r.MC(V[20])), T[12] ].join( '' ); } if (( (r.MJ( r.MC(V[21])  + "" === "" +  "book" )) || (r.MJ( r.MC(V[21])  + "" === "" +  "tpi_book" )) )) { s += T[14]; } s += [ r.F['entities'](r.MC(V[22])), T[15] ].join( '' ); if (r.MD(V[23])) { s += [ T[16], r.F['entities'](r.MC(V[23])), T[17] ].join( '' ); } if (r.MD(V[1])) { s += [ r.MC(V[1]), T[12] ].join( '' ); } if (r.MD(V[24])) { s += T[18]; } s += T[19]; if (r.MD(V[14])) { s += [ T[20], r.F['entities'](r.MC(V[14])), T[21] ].join( '' ); } else if (r.MD(V[15])) { s += [ T[22], r.F['entities'](r.MC(V[15])), T[23] ].join( '' ); } else if (r.MD(V[16])) { s += T[24]; if (r.MD(V[25])) { s += r.F['entities'](r.MC(V[25])); } else  { s += T[25]; } s += [ T[23], r.MC(V[16]), T[26] ].join( '' ); } if (r.MD(V[26])) { s += T[27]; } if (r.MD(V[27])) { s += [ T[28], r.MC(V[27]), T[29] ].join( '' ); } if (r.MD(V[28])) { s += [ T[30], r.MC(V[28]), T[31] ].join( '' ); } if (r.MD(V[26])) { s += [ T[32], r.MC(V[26]), T[31] ].join( '' ); } if (r.MD(V[26])) { s += T[33]; } if (r.MD(V[17])) { s += [ T[34], r.ME(T[35], r.MB, r.MN, null), T[36] ].join( '' ); } s += T[33]; if (r.MD(V[12])) { s += T[33]; } s += T[0]; } s += T[0]; r.MN(V[18], undefined); s += T[0]; r.MN(V[14], undefined); s += T[0]; r.MN(V[15], undefined); s += T[0]; r.MN(V[16], undefined); s += T[0]; r.MN(V[20], undefined); s += T[0]; r.MN(V[27], undefined); s += T[0]; r.MN(V[28], undefined); s += T[0]; r.MN(V[26], undefined); s += T[0]; r.MN(V[17], undefined); s += T[0]; r.MN(V[23], undefined); s += T[0]; r.MN(V[22], undefined); s += T[0]; r.MN(V[13], undefined); s += T[0]; r.MN(V[2], undefined); s += T[0]; r.MN(V[3], undefined); s += T[0]; r.MN(V[4], undefined); s += T[0]; r.MN(V[5], undefined); s += T[0]; r.MN(V[6], undefined); s += T[0]; r.MN(V[7], undefined); s += T[0]; r.MN(V[8], undefined); s += T[0]; r.MN(V[9], undefined); s += T[0]; r.MN(V[10], undefined); s += T[0]; r.MN(V[11], undefined); s += T[0]; r.MN(V[19], undefined); s += T[0]; r.MN(V[1], undefined); s += T[0]; r.MN("fe_banner__banners_count", (r.MI( r.MB(V[29]) ) + r.MI( 1 ))); s += T[0]; if (( (r.MJ( r.MC(V[21])  + "" === "" +  "book" )) && r.MJ(r.track_experiment_stage("HBaMEAbXDMUBdOYZbKZTSfXPRQYO", 2)) )) { s += T[0]; } else if (r.MJ(r.track_experiment_stage("HBaMEAbXDMUBdOYZbKZTSfXPRQYO", 1))) { s += T[0]; } s += [ T[0], '', T[0] ].join( '' ); return s; } s += T[0]; r.MN(V[0],[ T[0], r.ME(T[1], r.MB, r.MN, null), T[0] ].join( '' )); s += T[0]; { VS.unshift({'fe_banner__close_button': T[37], 'fe_banner__color_scheme': T[38], 'fe_banner__message_text': r.MB(V[0])}); s = bookings2tmpl_inc_modules_banner_inc1(s); VS.shift(); } s += T[0]; return s; }; } )());
</script>
<script type='text/javascript' nonce="Y346mIyU7Ic0W43">
booking.jstmpl('viewed_hotels_sr', (function () { var T = ["\n","\n\u003cdiv class=\"sr_ivhw\"\u003e\n\u003ch2 class=\"lp_sr_viewed_hotels_header\"\u003e\n","/private/lp_your_viewed_properties_header/name","\n\u003c/h2\u003e\n","\u003cdiv class=\"sr-viewed-alert\"\u003e\n\u003cspan class=\"sr-viewed-alert__icon\"\u003e\n\u003cspan class=\"bicon-alertsquare\"\u003e\u003c/span\u003e\n\u003c/span\u003e\n\u003cspan class=\"sr-viewed-alert__content\"\u003e\n","/private/x_now_sold_out_compliant_sold_out/name","\n\u003c/span\u003e\n\u003c/div\u003e","\n\u003cul class=\"sr_ivhl\"\u003e\n",";frindrecv=1","\n\u003cli class=\"sr_ivhl_i ","sr_ivhl_i_even","\"\ndata-component=\"clickable-block\"\u003e\n\u003cdiv class=\"sr_ivhl_i_iw\"\u003e\n\u003ca href=\"","\" target=\"_blank\"\u003e\n\u003cimg src=\"","\" alt=\"","\" /\u003e\n\u003c/a\u003e\n\u003c/div\u003e\n\u003cdiv class=\"sr_ivhl_i_fw\"\u003e\n\u003ca href=\"","\" target=\"_blank\" class=\"sr_ivhl_i_name\"\u003e","\u003c/a\u003e\n\u003cdiv class=\"sr_ivhl_i_rw\"\u003e\n","\n\u003cdiv style=\"color:#fff;background:#ff0000;padding:0.5em;border-radius:0.5em;max-width:30em;\"\u003eUh oh! looks like you are giving me a formatted score value, please give me a non formatted one\u003c/div\u003e\n","","none","auto","num_reviews_sr_page"," ","/private/review_adj_superb/name","review-score-widget__","review-score-widget__score-only ","review-score-widget__12 ","review-score-widget__14 ","review-score-widget__20 ","review-score-widget__24 "," review-score-widget "," review-score-widget__no-subtext"," review-score-widget__flipped","id=\"","\"","\n\u003c","a href=\""," target=\"","span"," class=\"review-score-widget__text\" aria-label=\"","/private/a11y_adjective_rating/name","\"\u003e\n","\n\u003c/","a","\u003e\n","span\n"," class=\"review-score-widget__subtext\" aria-label=\"","/private/acc_sr_review_score_rated_with_score_end/name","\"\n\u003e\n","\n\u003cspan\n","\nclass=\""," review-score-widget__debug","\"\n","\ndata-et-view=\"","\n\u003e\n"," class=\"review-score-badge\" aria-label=\"","/private/a11y_rating_score_for_screenreader/name","\n\u003cspan class=\"review-score-widget__body\"\u003e\n","\n\u003c/span\u003e\n","small","\n\u003cp class=\"sr_ivhl_i_pw\"\u003e","\u003c/p\u003e\n","\n\u003cdiv\u003e\n\u003c/div\u003e\n\u003c/li\u003e\n","\n\u003c/ul\u003e\n\u003c/div\u003e\n"], V = ["b_soldout_seen_hotels_count","b_hotel_history","_url","b_url","b_image_url_square128","b_title","b_dev_server","score","dont_format_score","fe_text","text","fe_subtext","subtext","fe_widget_subtext","sample_size","fe_formatted_sample_size","align","wrapper_tag_name","fe_review_score_word_class_list","fe_review_score","custom_class","review_adj_very_poor","review_adj_poor","review_adj_disappointing","review_adj_average_passable","review_adj_average_okay","review_adj_pleasant","low_score_adjectives","fd_lp_header_rs","review_adj_good","review_adj_very_good","review_adj_fabulous","fe_review_score_word_copy","review_adj_exceptional","fe_widget_text","prepend_text","append_text","fe_score","prefix","fe_score_word_name","suffix","fe_classname","fe_widget_style","style","score_only","fe_widget_layout","layout","fe_widget_align","fe_widget_size","size","fe_badge_style","fe_widget_class","flip","extra_classes","fe_widget_id","widget_id","fe_rating","fe_widget_text_element","text_link_url","text_link_target","fe_rating_adj","fe_widget_subtext_element","subtext_link_url","subtext_link_target","review_score_widget","b_site_type","extra_attributes","track_view","prepend_html","badge_link_url","badge_link_target","fe_formatted_score","fe_is_alt_version","append_html","render","b_review_nr","b_review_score_detailed","lp_your_viewed_properties_price","b_has_valid_dates_not_in_past","b_price","loc_sr_viewed_properties_prices_from","b_cheapest_price_double_selected_currency","b_lang"], WV, LV, VA; return function (VS) { var s = '', r = this.fn; function bookings2components_reviews_review_score_widget_a11y_adjective_variables_inc1(s) { r.MN("fe_rating", (r.MI( r.MB(V[7]) ) + r.MI( 0 ))); s += T[0]; r.MN("fe_rating_adj", ""); s += T[0]; if (( (r.MJ( r.MB(V[56])  >=  0 )) && (r.MJ( r.MB(V[56])  <  3 )) )) { s += T[0]; r.MN("fe_rating_adj", "1"); s += T[0]; } s += T[0]; if (( (r.MJ( r.MB(V[56])  >=  3 )) && (r.MJ( r.MB(V[56])  <  4 )) )) { s += T[0]; r.MN("fe_rating_adj", "2"); s += T[0]; } s += T[0]; if (( (r.MJ( r.MB(V[56])  >=  4 )) && (r.MJ( r.MB(V[56])  <  5 )) )) { s += T[0]; r.MN("fe_rating_adj", "3"); s += T[0]; } s += T[0]; if (( (r.MJ( r.MB(V[56])  >=  5 )) && (r.MJ( r.MB(V[56])  <  5.6 )) )) { s += T[0]; r.MN("fe_rating_adj", "4"); s += T[0]; } s += T[0]; if (( (r.MJ( r.MB(V[56])  >=  5.6 )) && (r.MJ( r.MB(V[56])  <  6 )) )) { s += T[0]; r.MN("fe_rating_adj", "5"); s += T[0]; } s += T[0]; if (( (r.MJ( r.MB(V[56])  >=  6 )) && (r.MJ( r.MB(V[56])  <  7 )) )) { s += T[0]; r.MN("fe_rating_adj", "6"); s += T[0]; } s += T[0]; if (( (r.MJ( r.MB(V[56])  >=  7 )) && (r.MJ( r.MB(V[56])  <  8 )) )) { s += T[0]; r.MN("fe_rating_adj", "7"); s += T[0]; } s += T[0]; if (( (r.MJ( r.MB(V[56])  >=  8 )) && (r.MJ( r.MB(V[56])  <  8.6 )) )) { s += T[0]; r.MN("fe_rating_adj", "8"); s += T[0]; } s += T[0]; if (( (r.MJ( r.MB(V[56])  >=  8.6 )) && (r.MJ( r.MB(V[56])  <  9 )) )) { s += T[0]; r.MN("fe_rating_adj", "9"); s += T[0]; } s += T[0]; if (( (r.MJ( r.MB(V[56])  >=  9 )) && (r.MJ( r.MB(V[56])  <  9.5 )) )) { s += T[0]; r.MN("fe_rating_adj", "10"); s += T[0]; } s += T[0]; if ((r.MJ( r.MB(V[56])  >=  9.5 ))) { s += T[0]; r.MN("fe_rating_adj", "11"); s += T[0]; } return s; } function bookings2components_reviews_review_score_widget_review_score_widget_inc1(s) { s += T[0]; if (( r.MJ(r.MC(V[6])) && (r.MJ( /,/ .test( r.MB(V[7]) ))) )) { s += T[17]; } s += T[0]; if (( r.MJ(r.MB(V[8])) || (r.MJ( /,/ .test( r.MB(V[7]) ))) )) { s += T[0]; r.MN("fe_formatted_score", r.MB(V[7])); s += T[0]; } else  { s += T[0]; r.MN("fe_formatted_score", r.format_review_score_plain((r.MI( 0 ) + r.MI( r.MB(V[7]) )))); s += T[0]; } s += T[0]; { var v= ''; v += T[18]; if (r.MJ(r.MB(V[10]))) { v += r.MB(V[10]); } else  { v += T[19]; } v += T[18]; r.MN(V[9],v); } s += T[0]; { var v= ''; v += T[18]; if (r.MJ(r.MB(V[12]))) { v += T[18]; if (( (r.MJ( r.MB(V[12])  + "" !== "" +  "none" )) && (r.MJ( r.MB(V[9])  + "" === "" +  "none" )) )) { v += T[20]; } else  { v += [ T[18], r.MB(V[12]), T[18] ].join( '' ); } v += T[18]; } else  { v += T[19]; } v += T[18]; r.MN(V[11],v); } s += T[0]; { var v= ''; v += T[18]; if (( ( ( r.MJ(r.MB(V[12])) && (r.MJ( r.MB(V[12])  + "" === "" +  "auto" )) ) || r.MK(r.MB(V[12])) ) && r.MJ(r.MB(V[14])) )) { v += T[18]; r.MN("fe_formatted_sample_size", r.format_number(r.MB(V[14]))); v += [ T[18],                             ( VS.unshift({'num_reviews': r.MB(V[15])}), (VA = r.VP(T[21], r.MO((r.MI( r.MC(V[14]) ) + r.MI( 0 )), null, T[21]))), VS.shift(), VA ) , T[18] ].join( '' ); } else if (( (r.MJ( r.MB(V[12])  + "" !== "" +  "none" )) && (r.MJ( r.MB(V[12])  + "" !== "" +  "auto" )) )) { v += [ T[18], r.MB(V[12]), T[18] ].join( '' ); } v += T[18]; r.MN(V[13],v); } s += T[0]; r.MN("fe_is_alt_version", (r.MJ( r.MB(V[16])  + "" === "" +  "right" ))); s += T[0]; { VS.unshift({'low_score_adjectives': r.MB(V[27]), 'score': (r.MI( 0 ) + r.MI( r.MB(V[7]) ))}); s = bookings2components_reviews_shared_review_score_word_review_score_word_inc1(s); VS.shift(); } s += T[0]; { var v= ''; v += T[18]; if (( ( r.MJ(r.MB(V[10])) && (r.MJ( r.MB(V[10])  + "" === "" +  "auto" )) ) || ( ( r.MK(r.MB(V[10])) || (r.MJ( r.MB(V[10])  + "" === "" +  "none" )) ) && (r.MJ( r.MB(V[13])  + "" !== "" +  "" )) ) )) { v += [ T[18], r.MB(V[32]), T[18] ].join( '' ); } else if (( r.MJ(r.MB(V[10])) && (r.MJ( r.MB(V[10])  + "" !== "" +  "none" )) )) { v += [ T[18], r.MB(V[10]), T[18] ].join( '' ); } v += T[18]; r.MN(V[34],v); } s += T[0]; if (r.MD(V[34])) { s += T[0]; r.MN("fe_widget_text", ( ( r.MB(V[35])  + "" +  r.MB(V[34]) )  + "" +  r.MB(V[36]) )); s += T[0]; } s += T[0]; r.MN("score_only", ( (r.MJ( r.MB(V[34])  + "" === "" +  "" ))  &&  (r.MJ( r.MB(V[13])  + "" === "" +  "" )) )); s += T[0]; { VS.unshift({'prefix': T[24], 'score': (r.MI( 0 ) + r.MI( r.MB(V[7]) ))}); s = bookings2components_reviews_shared_review_score_classname_review_score_classname_inc1(s); VS.shift(); } s += T[0]; r.MN("fe_widget_class", r.MB(V[41])); s += T[0]; if ((r.MJ( r.MB(V[7])  <  1 ))) { s += T[0]; r.MN("fe_widget_class", "review-score-widget__empty"); s += T[0]; } s += T[0]; { var v= ''; if (r.MD(V[43])) { v += [ T[24], r.F['entities'](r.MB(V[43])), T[22] ].join( '' ); } if (r.MD(V[44])) { v += T[25]; } r.MN(V[42],v); } s += T[0]; { var v= ''; if (( r.MJ(r.MB(V[46])) && r.MK(r.MB(V[44])) )) { v += [ T[24], r.F['entities'](r.MB(V[46])), T[22] ].join( '' ); } r.MN(V[45],v); } s += T[0]; { var v= ''; if (( (r.MJ( r.MB(V[16])  + "" === "" +  "right" )) && r.MK(r.MB(V[44])) )) { v += [ T[24], r.F['entities'](r.MB(V[16])), T[22] ].join( '' ); } r.MN(V[47],v); } s += T[0]; { var v= ''; if ((r.MJ( r.MB(V[49])  + "" === "" +  "smaller" ))) { v += T[26]; } else if ((r.MJ( r.MB(V[49])  + "" === "" +  "small" ))) { v += T[27]; } else if ((r.MJ( r.MB(V[49])  + "" === "" +  "large" ))) { v += T[28]; } else if ((r.MJ( r.MB(V[49])  + "" === "" +  "larger" ))) { v += T[29]; } else  { } r.MN(V[48],v); } s += T[0]; { var v= ''; if (( (r.MJ( r.MB(V[43])  + "" === "" +  "outlined" )) || (r.MJ( r.MB(V[43])  + "" === "" +  "text-only" )) )) { v += [ r.F['entities'](r.MB(V[43])), T[22] ].join( '' ); } r.MN(V[50],v); } s += T[0]; { var v= ''; v += [ T[30], r.F['entities'](r.MB(V[51])), T[22], r.F['entities'](r.MB(V[42])), T[22], r.F['entities'](r.MB(V[45])), T[22], r.F['entities'](r.MB(V[47])), T[22], r.F['entities'](r.MB(V[48])), T[22] ].join( '' ); if (r.MK(r.MB(V[13]))) { v += T[31]; } v += T[22]; if (r.MD(V[52])) { v += T[32]; } v += T[22]; if (r.MD(V[53])) { v += [ T[22], r.F['entities'](r.MB(V[53])) ].join( '' ); } v += T[22]; r.MN(V[51],v); } s += T[0]; { var v= ''; if (r.MD(V[55])) { v += [ T[33], r.MB(V[55]), T[34] ].join( '' ); } r.MN(V[54],v); } s += T[0]; s = bookings2components_reviews_review_score_widget_a11y_adjective_variables_inc1(s); s += T[0]; s += T[0]; { var v= ''; v += T[0]; if (r.MD(V[34])) { v += T[35]; if (r.MD(V[58])) { v += [ T[36], r.MB(V[58]), T[34] ].join( '' ); if (r.MD(V[59])) { v += [ T[37], r.MB(V[59]), T[34] ].join( '' ); } } else  { v += T[38]; } v += [ T[39],                             ( VS.unshift({'rating_adjective': r.MB(V[60])}), (VA = r.ME(T[40], r.MB, r.MN, null)), VS.shift(), VA ) , T[41], r.MB(V[34]), T[42] ].join( '' ); if (r.MD(V[58])) { v += T[43]; } else  { v += T[38]; } v += T[44]; } v += T[0]; r.MN(V[57],v); } s += T[0]; { var v= ''; v += T[0]; if (r.MD(V[13])) { v += T[35]; if (r.MD(V[62])) { v += [ T[36], r.MB(V[62]), T[34] ].join( '' ); if (r.MD(V[63])) { v += [ T[37], r.MB(V[63]), T[34] ].join( '' ); } } else  { v += T[45]; } v += [ T[46],                             ( VS.unshift({'num_reviews': r.MB(V[15])}), (VA = r.ME(T[47], r.MB, r.MN, null)), VS.shift(), VA ) , T[48], r.F['entities'](r.MB(V[13])), T[42] ].join( '' ); if (r.MD(V[62])) { v += T[43]; } else  { v += T[38]; } v += T[44]; } v += T[0]; r.MN(V[61],v); } s += T[0]; { var v= ''; v += [ T[49], r.MB(V[54]), T[50] ].join( '' ); v += r.F['entities'](r.MB(V[51])); if (( r.MJ(r.MC(V[6])) && ( (r.MJ( r.MC(V[65])  + "" === "" +  "www" )) && (r.MJ( 1  ==  2 )) ) )) { v += T[51]; } v += T[52]; if (r.MD(V[66])) { v += [ T[0], r.MB(V[66]), T[0] ].join( '' ); } v += T[0]; if (r.MD(V[67])) { v += [ T[53], r.MC(V[67]), T[52] ].join( '' ); } v += T[54]; if ((r.MJ( r.MB(V[7])  <  1 ))) { v += T[0]; } else  { v += T[0]; if (r.MD(V[68])) { v += [ T[0], r.MB(V[68]), T[0] ].join( '' ); } v += T[0]; if (r.MD(V[72])) { v += T[0]; if ((r.MJ( r.MB(V[46])  + "" === "" +  "inline" ))) { v += [ T[0], r.MB(V[61]), T[0], r.MB(V[57]), T[0] ].join( '' ); v = fe_review_score_badge_element1(v); v += T[0]; } else  { v += T[0]; if ((r.MJ( r.MB(V[43])  + "" === "" +  "text-only" ))) { v += [ T[0], r.MB(V[57]), T[0] ].join( '' ); v = fe_review_score_badge_element2(v); v += [ T[0], r.MB(V[61]), T[0] ].join( '' ); } else  { v += T[0]; if (( r.MJ(r.MB(V[34])) || r.MJ(r.MB(V[13])) )) { v += [ T[57], r.MB(V[57]), T[0], r.MB(V[61]), T[58] ].join( '' ); } v += T[0]; v = fe_review_score_badge_element2(v); v += T[0]; } v += T[0]; } v += T[0]; } else  { v += T[0]; if (( (r.MJ( r.MB(V[43])  + "" === "" +  "text-only" )) || (r.MJ( r.MB(V[46])  + "" === "" +  "inline" )) )) { v += T[0]; v = fe_review_score_badge_element1(v); v += [ T[0], r.MB(V[57]), T[0], r.MB(V[61]), T[0] ].join( '' ); } else  { v += T[0]; v = fe_review_score_badge_element1(v); v += T[0]; if (( r.MJ(r.MB(V[34])) || r.MJ(r.MB(V[13])) )) { v += [ T[57], r.MB(V[57]), T[0], r.MB(V[61]), T[58] ].join( '' ); } v += T[0]; } v += T[0]; } v += T[0]; if (r.MD(V[73])) { v += [ T[0], r.MB(V[73]), T[0] ].join( '' ); } v += T[0]; } v += T[58]; r.MN(V[64],v); } s += T[0]; r.MN(V[10], undefined); s += T[0]; r.MN(V[12], undefined); s += T[0]; r.MN(V[7], undefined); s += T[0]; r.MN(V[14], undefined); s += T[0]; r.MN(V[74], undefined); s += T[0]; r.MN(V[53], undefined); s += T[0]; r.MN(V[66], undefined); s += T[0]; r.MN(V[49], undefined); s += T[0]; r.MN(V[43], undefined); s += T[0]; r.MN(V[46], undefined); s += T[0]; r.MN(V[16], undefined); s += T[0]; r.MN(V[27], undefined); s += T[0]; r.MN(V[55], undefined); s += T[0]; if ((r.MJ( r.MB(V[74])  + "" === "" +  "no" ))) { s += T[0]; } else  { s += [ T[0], r.MB(V[64]), T[0] ].join( '' ); } s += T[0]; return s; } function bookings2components_reviews_shared_review_score_word_review_score_word_inc1(s) { s += T[0]; r.MN("fe_review_score", (r.MI( r.MB(V[7]) ) + r.MI( 0 ))); s += T[0]; r.MN("fe_review_score_word_tag", ( r.MB(V[17]) || "p" )); s += T[0]; r.MN("fe_review_score_word_class_list", "review-score-word"); s += T[0]; if ((r.MJ( r.MB(V[19])  >=  7 ))) { s += T[0]; r.MN("fe_review_score_word_class_list", ( r.MB(V[18])  + "" +  " review-score-word--highlighted" )); s += T[0]; } s += T[0]; if (r.MD(V[20])) { s += T[0]; r.MN("fe_review_score_word_class_list", ( ( r.MB(V[18])  + "" +  " " )  + "" +  r.MB(V[20]) )); s += T[0]; } s += T[0]; if (r.MD(V[27])) { s += T[0]; if (( (r.MJ( r.MB(V[19])  >=  0 )) && (r.MJ( r.MB(V[19])  <  3 )) )) { s += T[22]; r.MN("fe_review_score_word_copy", r.MB(V[21])); s += T[22]; } s += T[0]; if (( (r.MJ( r.MB(V[19])  >=  3 )) && (r.MJ( r.MB(V[19])  <  4 )) )) { s += T[22]; r.MN("fe_review_score_word_copy", r.MB(V[22])); s += T[22]; } s += T[0]; if (( (r.MJ( r.MB(V[19])  >=  4 )) && (r.MJ( r.MB(V[19])  <  5 )) )) { s += T[22]; r.MN("fe_review_score_word_copy", r.MB(V[23])); s += T[22]; } s += T[0]; if (( (r.MJ( r.MB(V[19])  >=  5 )) && (r.MJ( r.MB(V[19])  <  5.6 )) )) { s += T[22]; r.MN("fe_review_score_word_copy", r.MB(V[24])); s += T[22]; } s += T[0]; if (( (r.MJ( r.MB(V[19])  >=  5.6 )) && (r.MJ( r.MB(V[19])  <  6 )) )) { s += T[22]; r.MN("fe_review_score_word_copy", r.MB(V[25])); s += T[22]; } s += T[0]; if (( (r.MJ( r.MB(V[19])  >=  6 )) && (r.MJ( r.MB(V[19])  <  7 )) )) { s += T[22]; r.MN("fe_review_score_word_copy", r.MB(V[26])); s += T[22]; } s += T[0]; } else  { s += T[0]; if (( (r.MJ( r.MB(V[19])  >=  0 )) && (r.MJ( r.MB(V[19])  <  7 )) )) { s += T[22]; r.MN("fe_review_score_word_copy", r.MB(V[28])); s += T[22]; } s += T[0]; } s += T[0]; if (( (r.MJ( r.MB(V[19])  >=  7 )) && (r.MJ( r.MB(V[19])  <  8 )) )) { s += T[22]; r.MN("fe_review_score_word_copy", r.MB(V[29])); s += T[22]; } s += T[0]; if (( (r.MJ( r.MB(V[19])  >=  8 )) && (r.MJ( r.MB(V[19])  <  8.6 )) )) { s += T[22]; r.MN("fe_review_score_word_copy", r.MB(V[30])); s += T[22]; } s += T[0]; if (( (r.MJ( r.MB(V[19])  >=  8.6 )) && (r.MJ( r.MB(V[19])  <  9 )) )) { s += T[22]; r.MN("fe_review_score_word_copy", r.MB(V[31])); s += T[22]; } s += T[0]; if (( (r.MJ( r.MB(V[19])  >=  9 )) && (r.MJ( r.MB(V[19])  <  9.5 )) )) { s += T[22]; r.MN(V[32],r.ME(T[23], r.MB, r.MN, null)); s += T[22]; } s += T[0]; if ((r.MJ( r.MB(V[19])  >=  9.5 ))) { s += T[22]; r.MN("fe_review_score_word_copy", r.MB(V[33])); s += T[22]; } s += T[0]; s += T[0]; return s; } function bookings2components_reviews_shared_review_score_classname_review_score_classname_inc1(s) { s += T[0]; r.MN("fe_score", (r.MI( r.MB(V[7]) ) + r.MI( 0 ))); s += T[0]; r.MN("fe_score_word_name", ""); s += T[0]; if (( (r.MJ( r.MB(V[37])  >=  0 )) && (r.MJ( r.MB(V[37])  <  3 )) )) { s += T[0]; r.MN("fe_score_word_name", "very_poor"); s += T[0]; } s += T[0]; if (( (r.MJ( r.MB(V[37])  >=  3 )) && (r.MJ( r.MB(V[37])  <  4 )) )) { s += T[0]; r.MN("fe_score_word_name", "poor"); s += T[0]; } s += T[0]; if (( (r.MJ( r.MB(V[37])  >=  4 )) && (r.MJ( r.MB(V[37])  <  5 )) )) { s += T[0]; r.MN("fe_score_word_name", "disappointing"); s += T[0]; } s += T[0]; if (( (r.MJ( r.MB(V[37])  >=  5 )) && (r.MJ( r.MB(V[37])  <  5.6 )) )) { s += T[0]; r.MN("fe_score_word_name", "average_passable"); s += T[0]; } s += T[0]; if (( (r.MJ( r.MB(V[37])  >=  5.6 )) && (r.MJ( r.MB(V[37])  <  6 )) )) { s += T[0]; r.MN("fe_score_word_name", "average_okay"); s += T[0]; } s += T[0]; if (( (r.MJ( r.MB(V[37])  >=  6 )) && (r.MJ( r.MB(V[37])  <  7 )) )) { s += T[0]; r.MN("fe_score_word_name", "pleasant"); s += T[0]; } s += T[0]; if (( (r.MJ( r.MB(V[37])  >=  7 )) && (r.MJ( r.MB(V[37])  <  8 )) )) { s += T[0]; r.MN("fe_score_word_name", "good"); s += T[0]; } s += T[0]; if (( (r.MJ( r.MB(V[37])  >=  8 )) && (r.MJ( r.MB(V[37])  <  8.6 )) )) { s += T[0]; r.MN("fe_score_word_name", "very_good"); s += T[0]; } s += T[0]; if (( (r.MJ( r.MB(V[37])  >=  8.6 )) && (r.MJ( r.MB(V[37])  <  9 )) )) { s += T[0]; r.MN("fe_score_word_name", "fabulous"); s += T[0]; } s += T[0]; if (( (r.MJ( r.MB(V[37])  >=  9 )) && (r.MJ( r.MB(V[37])  <  9.5 )) )) { s += T[0]; r.MN("fe_score_word_name", "superb"); s += T[0]; } s += T[0]; if ((r.MJ( r.MB(V[37])  >=  9.5 ))) { s += T[0]; r.MN("fe_score_word_name", "exceptional"); s += T[0]; } s += T[0]; r.MN("fe_classname", ""); s += T[0]; if (( (r.MJ( r.MB(V[37])  >=  0 )) && (r.MJ( r.MB(V[37])  <=  10 )) )) { s += T[0]; r.MN("fe_classname", ( ( r.MB(V[38])  + "" +  r.MB(V[39]) )  + "" +  r.MB(V[40]) )); s += T[0]; if ((r.MJ( r.MB(V[37])  <  7 ))) { s += T[0]; r.MN("fe_classname", ( ( ( ( r.MB(V[41])  + "" +  " " )  + "" +  r.MB(V[38]) )  + "" +  "low" )  + "" +  r.MB(V[40]) )); s += T[0]; } s += T[0]; } s += T[0]; return s; } function fe_review_score_badge_element2(s) { s += T[35]; if (r.MD(V[69])) { s += [ T[36], r.MB(V[69]), T[34] ].join( '' ); if (r.MD(V[70])) { s += [ T[37], r.MB(V[70]), T[34] ].join( '' ); } } else  { s += T[38]; } s += [ T[55],                                         ( VS.unshift({'review_score_number': r.MB(V[71])}), (VA = r.ME(T[56], r.MB, r.MN, null)), VS.shift(), VA ) , T[41], r.F['entities'](r.MB(V[71])), T[42] ].join( '' ); if (r.MD(V[69])) { s += T[43]; } else  { s += T[38]; } s += T[44]; return s; } function fe_review_score_badge_element1(s) { s += T[35]; if (r.MD(V[69])) { s += [ T[36], r.MB(V[69]), T[34] ].join( '' ); if (r.MD(V[70])) { s += [ T[37], r.MB(V[70]), T[34] ].join( '' ); } } else  { s += T[38]; } s += [ T[55],                                     ( VS.unshift({'review_score_number': r.MB(V[71])}), (VA = r.ME(T[56], r.MB, r.MN, null)), VS.shift(), VA ) , T[41], r.F['entities'](r.MB(V[71])), T[42] ].join( '' ); if (r.MD(V[69])) { s += T[43]; } else  { s += T[38]; } s += T[44]; return s; } function bookings2tmpl_inc_searchresults_lp_sr_inject_viewed_hotels_inc1(s) { s += [ T[1], r.ME(T[2], r.MB, r.MN, null), T[3] ].join( '' ); if (r.MJ(r.MC(V[0]))) { s += T[0]; s = exp_puf_d_sr_seen_hotels_soldout_inc1(s); s += T[0]; } s += T[7]; { var LA= ( r.MC(V[1]) || [] ); VS.unshift(null); for(var LC=1, LM= LA.length; LC <= LM; LC++) { VS[0]= LA[LC - 1]; s += T[0]; r.MN(V[2],[ r.MC(V[3]), T[8] ].join( '' )); s += T[9]; if ((r.MJ( (r.MI( LC ) % r.MI( 2 ))  ==  0 ))) { s += T[10]; } s += [ T[11], r.MB(V[2]), T[12], r.STATIC_HOSTNAME(r.MC(V[4]), 0,0,0,0), T[13], r.F['html'](r.MC(V[5])), T[14], r.MB(V[2]), T[15], r.F['html'](r.MC(V[5])), T[16] ].join( '' ); if (r.MD(V[76])) { s += T[0]; { VS.unshift({'sample_size': r.MC(V[75]), 'score': r.MC(V[76]), 'size': T[59]}); s = bookings2components_reviews_review_score_widget_review_score_widget_inc1(s); VS.shift(); } s += T[0]; } s += T[0]; if (( r.MJ(r.MC(V[78])) && r.MJ(r.MC(V[79])) )) { s += [ T[60], r.MB(V[77]), T[61] ].join( '' ); } else if (( r.MJ(r.MC(V[78])) && r.MJ(r.MC(V[81])) )) { s += T[0]; if ((r.MJ( r.MC(V[82])  + "" !== "" +  "ja" ))) { s += [ T[60],                         ( VS.unshift({'b_price': r.MC(V[81])}), (VA = r.MB(V[80])), VS.shift(), VA ) , T[61] ].join( '' ); } else  { s += [ T[60],                         ( VS.unshift({'b_price': r.MC(V[81])}), (VA = r.MB(V[77])), VS.shift(), VA ) , T[61] ].join( '' ); } s += T[0]; } s += T[62]; } VS.shift(); } s += T[63]; return s; } function exp_puf_d_sr_seen_hotels_soldout_inc1(s) { s += [ T[4],             ( VS.unshift({'num_sold_out': r.MC(V[0])}), (VA = r.ME(T[5], r.MB, r.MN, null)), VS.shift(), VA ) , T[6] ].join( '' ); return s; } s += T[0]; s = bookings2tmpl_inc_searchresults_lp_sr_inject_viewed_hotels_inc1(s); s += T[0]; return s; }; } )());
</script>
<script type='text/javascript' nonce="Y346mIyU7Ic0W43">
booking.jstmpl('lists_recently_viewed', (function () { var T = ["\n","'","\n\u003cdiv class=\"save-recently-viewed-container\"\u003e\n\u003cdiv class=\"save-recently-viewed-button-container\"\u003e\n\u003cp\u003e","\u003c/p\u003e\n\u003cbutton class=\"b-button b-button_primary save-recently-viewed js-save-recently-viewed ","disabled","\"\ntype=\"submit\"\ntitle=\"","\"\u003e\n\u003cspan class=\"b-button__text\"\u003e","\u003c/span\u003e\n\u003c/button\u003e\n\u003cimg class=\"js-add-recently-viewed-to-list-loader loader g-hidden\" src=\"","\" /\u003e\n\u003c/div\u003e\n\u003cdiv class=\"save-recently-viewed-container-clear\"\u003e\u003c/div\u003e\n\u003cdiv class=\"wl-oz wl-anim wl-wrap\" id=\"wl-saved-recently-viewed-message\" ","style=\"height:auto;\""," \u003e\n\u003cp class=\"wl-msg wl-msg-ok\"\u003e\n\u003cspan class=\"js-added-recently-viewed-message\"\u003e","\u003c/span\u003e.\n\u003ca href=\"","\" class=\"js-open-list\"\u003e","\u003c/a\u003e.\n\u003c/p\u003e\n\u003c/div\u003e\n\u003c/div\u003e\n"], V = ["name_of_list","recently_viewed_list_name","recently_viewed_list_button_text","recently_viewed_list_v3","recently_viewed_list_saved_text","recently_viewed_list_variableopt_2","properties_length","recently_viewed_list_v4","recently_viewed_list_variableopt_1","recently_viewed_list_v2","success","wl_recently_viewed_loader","recently_viewed_list_url","recently_viewed_list_v7"], WV, LV, VA; return function (VS) { var s = '', r = this.fn; function bookings2components_lists_lists_recently_viewed_lists_recently_viewed_inc1(s) { r.MN(V[0],[ T[1], r.MB(V[1]), T[1] ].join( '' )); s += T[0]; if ((r.MJ( r.MB(V[6])  >  1 ))) { s += T[0]; r.MN(V[2],r.MB(V[3])); s += T[0]; r.MN(V[4],r.MB(V[5])); s += T[0]; } else  { s += T[0]; r.MN(V[2],r.MB(V[7])); s += T[0]; r.MN(V[4],r.MB(V[8])); s += T[0]; } s += [ T[2], r.MB(V[9]), T[3] ].join( '' ); if (r.MD(V[10])) { s += T[4]; } s += [ T[5], r.MB(V[2]), T[6], r.MB(V[2]), T[7], r.MB(V[11]), T[8] ].join( '' ); if (r.MD(V[10])) { s += T[9]; } s += [ T[10], r.MB(V[4]), T[11], r.MB(V[12]), T[12], r.MB(V[13]), T[13] ].join( '' ); return s; } s += T[0]; s = bookings2components_lists_lists_recently_viewed_lists_recently_viewed_inc1(s); s += T[0]; return s; }; } )());
</script>
<script type='text/javascript' nonce="Y346mIyU7Ic0W43">
booking.jstmpl('virtual_3d_tour_container', (function () { var T = ["\n\u003cdiv class=\"txp-vt-wrap\"\u003e\n","\n\u003cdiv class=\"txp-vt-help-wrap\"\u003e\n\u003cspan class=\"txp-vt-help\"\u003e\n\u003ci class=\"txp-vt-help-icn\"\u003e\n","\n","streamline/arrow_right","streamline/arrow_left","\n\u003c/i\u003e\n\u003cp class=\"txp-vt-help-copy\"\u003e\n","/private/bhpmc_gallery_virtual_tour_instructions/name","\n\u003c/p\u003e\n\u003ci class=\"txp-vt-help-icn\"\u003e\n","\n\u003c/i\u003e\n\u003c/span\u003e\n\u003c/div\u003e\n","\n\u003ciframe frameborder=\"0\" width=\"","\" height=\"","\" allowfullscreen src=\"","\" \u003e\u003c/iframe\u003e\n\u003c/div\u003e\n"], V = ["lang","show_help_message","width","height","url"], WV, LV, VA; return function (VS) { var s = '', r = this.fn; s += T[0]; if (r.MD(V[1])) { s += T[1]; if (r.MJ(r.MB(V[0]))) { s += [ T[2],                 ( VS.unshift({'name': T[3]}), (VA = r.HELPER("icon", VS[0])), VS.shift(), VA ) , T[2] ].join( '' ); } else  { s += [ T[2],                 ( VS.unshift({'name': T[4]}), (VA = r.HELPER("icon", VS[0])), VS.shift(), VA ) , T[2] ].join( '' ); } s += [ T[5], r.ME(T[6], r.MB, r.MN, null), T[7] ].join( '' ); if (r.MJ(r.MB(V[0]))) { s += [ T[2],                 ( VS.unshift({'name': T[4]}), (VA = r.HELPER("icon", VS[0])), VS.shift(), VA ) , T[2] ].join( '' ); } else  { s += [ T[2],                 ( VS.unshift({'name': T[3]}), (VA = r.HELPER("icon", VS[0])), VS.shift(), VA ) , T[2] ].join( '' ); } s += T[8]; } s += [ T[9], r.F['entities'](r.MB(V[2])), T[10], r.F['entities'](r.MB(V[3])), T[11], r.F['entities'](r.MB(V[4])), T[12] ].join( '' ); return s; }; } )());
</script>
<script type='text/javascript' nonce="Y346mIyU7Ic0W43">
booking.jstmpl('virtual_tour_help_banner', (function () { var T = ["\n\u003cdiv class=\"txp-vt-help-wrap\"\u003e\n\u003cspan id="," class=\"txp-vt-help\"\u003e\n\u003ci class=\"txp-vt-help-icn\"\u003e\n","\n","streamline/arrow_right","streamline/arrow_left","\n\u003c/i\u003e\n\u003cp class=\"txp-vt-help-copy\"\u003e\n","/private/bhpmc_gallery_virtual_tour_instructions/name","\n\u003c/p\u003e\n\u003ci class=\"txp-vt-help-icn\"\u003e\n","\n\u003c/i\u003e\n\u003c/span\u003e\n\u003c/div\u003e\n"], V = ["message_id","lang"], WV, LV, VA; return function (VS) { var s = '', r = this.fn; s += [ T[0], r.F['entities'](r.MB(V[0])), T[1] ].join( '' ); if (r.MJ(r.MB(V[1]))) { s += [ T[2],             ( VS.unshift({'name': T[3]}), (VA = r.HELPER("icon", VS[0])), VS.shift(), VA ) , T[2] ].join( '' ); } else  { s += [ T[2],             ( VS.unshift({'name': T[4]}), (VA = r.HELPER("icon", VS[0])), VS.shift(), VA ) , T[2] ].join( '' ); } s += [ T[5], r.ME(T[6], r.MB, r.MN, null), T[7] ].join( '' ); if (r.MJ(r.MB(V[1]))) { s += [ T[2],             ( VS.unshift({'name': T[4]}), (VA = r.HELPER("icon", VS[0])), VS.shift(), VA ) , T[2] ].join( '' ); } else  { s += [ T[2],             ( VS.unshift({'name': T[3]}), (VA = r.HELPER("icon", VS[0])), VS.shift(), VA ) , T[2] ].join( '' ); } s += T[8]; return s; }; } )());
</script>
<script nonce="Y346mIyU7Ic0W43">
(function(B){
var tmp = B._onfly || [], fn;
for (var i = 0, l = tmp.length; i < l; i++) {
if (typeof tmp[i] === 'function') tmp[i].call(B);
}
B._onfly = null;
}(booking));
</script>
<script nonce="Y346mIyU7Ic0W43">
(function(B){
var jstmpl = B && B.jstmpl,
translations = jstmpl && jstmpl.translations;
translations && translations.set && translations.set({"rocketmiles_components":{"language_exception_cobrand_default_1_header_rt":{"header_rt":"{fe_program_name} deals on {n_rooms} room"},"cobrand_default":{"header_rt":"Special Offers from {start_bold}{fe_program_name}{end_bold}","header_sr":"{num} properties feature {start_bold}Special Offers{end_bold}","badge_discount":"Enjoy {reward_amount}% off","header_tooltip_badge":"Booking.com gives you a greater choice by featuring Special Offers from our trusted partner {fe_program_name}.","badge_cashback":"Earn {reward_amount} back","badge_discount_special_offer":"Special Offer","badge_miles":"Earn {reward_amount} miles"},"language_exception_cobrand_default_1_badge_cashback":{"badge_cashback":"Earn {reward_amount} back"},"language_exception_cobrand_default_1_badge_discount":{"badge_discount":"Enjoy {reward_amount}% off"},"language_exception_cobrand_default_1_badge_miles":{"badge_miles":"Earn {reward_amount} mile"},"language_exception_cobrand_default_1_header_sr":{"header_sr":"{num} property features {start_bold}Special Offers{end_bold}"}},"private":{"review_score":"Top Reviewed","ski_dc_airport__distance_new_tag_web":"{airport_name} ({airport_code}) – {airport_distance}","raf_friend_lightbox_step_3":"Step 3","bb_srcard_distance_from_current":"{distance_from_current} from {city_name}","ski_weather_typical_weather_in_month_header":"Usual weather {/month_for_formatted_date/[month]/in_month_lc}","paycom_validate_tpv_billing_address_state_or_province":"Enter a valid state/province","a11y_cta_close_banner_new":"Close banner","auth_next_step_error_wrong_verification_code":"Enter a valid verification code","maps_free_capitals_cancellation":"Free cancellation","language_exception_ski_multi_resort_dc_back_to_properties_1":"Back to property","d_dmw_wl_sign_in_save_properties_multi_device_subhead":"{start_link_1}Sign in{end_link_1} or {start_link_2}register{end_link_2} to sync your saved properties to any device","iq_sbox_error_cars_departure_date_too_far_future":"Your pick-up date was too far in the future – try again.","beach_review_adj_disappointing":"Disappointing beach","raf_desktop_friend_modal_step_one_header":"Book Your Accommodations","language_exception_bh_m_sxp_calendar_date_select_num_weeks_1":"({num_weeks} week)","raf_friend_landing_modal_after_saving_button":"Remove this reward","gsb_hp_book_now_cta_holiday":"{num} vacation homes for {group_recommendation_price}","language_exception_bh_gwe_sr_privacy_private_room_1":"Private room","language_exception_ski_sr_date_reco_num_properties_1":"{num_properties} property available","language_exception_bh_gwe_sr_privacy_shared_bathroom_room_1":"Room with shared bathroom","search_sbox_abandoned_search_open_tab_message_refresh_cta":"Refresh now","msg_cancelled_booking_label":"Canceled","sr_sbox_flex_dates_choose_days_footer":"Select preferred days","lists_save_this_list":"Do you want to save this list?","loc_sr_filter_budget_applied_filter_from_to":"From {from_value} - to {to_value}","bbt_sr_legend_address":"Saved Address","sr_ss_sbox_no_text_error":"Type what you need to perform your search.","bbg_sr_business_filter_save":"Save these business filters?","raf_desktop_friend_modal_step_three":"Get Your Cash","deals_price_watch1":"Price Watch","bbg_sr_business_filter_select_desc":"Find perfect properties faster with custom business filters.","language_exception_iq_sbox_flights_travellers_1":"{num_travellers} traveler","list_my_lists_onbaording_box_save":"Save","lp_sxp_sb_calendar_drop_off":"Drop-off","language_exception_bh_gwe_sr_privacy_private_apartment_1":"Private apartment","maps_none_available_search_different":"Search for a different location","language_exception_destination_finder_theme_endorsements_1":"{start_style}1{end_style} guest has endorsed this place for {start_style}\"{theme_name}\"{end_style}","ski_sr_overlay_ski_resorts_trail_distance":"{trail_distance} of trails","d_dmw_wl_select_dates_view_prices_cta":"Select dates to see prices","maps_city_centre_indicator":"Downtown/center of {city_name}","checkout_form_cardholder_name":"Cardholder's Name","language_exception_bh_prd_sr_card_weeks_above_price_1":"{num_weeks} week","d_dmw_wl_simple_steps_head":"Here are 3 simple steps to get you started:","beach_property_banner_beachesnearby":"Beaches nearby","auth_next_step_send_code_cta":"Resend verification code","bhee_sr_extend_stay_banner_body":"{num}% of properties in {city_name} are unavailable for 1 night stays on your dates. Click the suggested dates to extend your stay and discover these properties.","ski_weather_type_overcast":"Overcast","checkout_pay_bs3_error_no_reason":"Sorry, we were not able to take your payment.","language_exception_sbox_num_children_0":"{num_children} children","language_exception_gsb_hp_book_now_cta_chalet_1":"{num} chalet for {group_recommendation_price}","sbox_age_of_child_popup_header":"Find the Best Deals","language_exception_m_ski_overlay_machine_cover_1":"{number_snow_cannons} snow machine covering {percentage_of_covering}% of the slopes ","language_exception_tdot_sr_from_centre_location_1":"1 mi from the center","auth_2fa_recovery_flow_confirm_phone_number_header":"Confirm Phone Number","lists_add_to_list":"Save the property","language_exception_pex_flights_sb_num_travellers_1":"{num_travel} traveler","beach_sr_recovery_banner_header":"Surfing, swimming, sunsets, and more – discover your perfect beach destination","language_exception_bh_gwe_sr_card_entire_unit_suite_1":"Entire suites","comp_fd_lp_header_rs":"Review score","language_exception_sbox_calendar_num_nights_2_1":"from {start_bold}{checkin_date}{end_bold} to {start_bold}{checkout_date}{end_bold} ({num_nights}-night stay).","language_exception_sxp_lp_sbox_num_adults_1":"{num_adults} Adult","lp_your_viewed_properties_price":"Total price from {b_price}","group_change":"Change","ar_islamic_calendar_two_months":"{first_hijri_month}/{second_hijri_month} {year}","search_xp_sb_manual_tooltip_year":"Year of stay","checkout_success_card_saved":"Your card has been saved","raf_desktop_friend_modal_step_two_header":"Enjoy Your Stay","lists_room_type_lightbox_hotel":"{number_of_rooms} room types available","bh_sr_quality_explanationv3":"Awarded to {start_bold}home and apartment-like properties{end_bold} by {b_companyname}. These represent quality ratings based on factors like facilities, size, location, and service.","iq_sbox_accomm_check_out":"Check-out","language_exception_bh_gwe_sr_privacy_entire_bungalow_1":"Entire bungalow","language_exception_hotel_header_new_num_reviews_1":"1 review","msg_lc_notification_in_browser":"{agentname} from Customer Service","ar_islamic_calendar_muharram":"Muharram","hp_book_button_reserve":"Book now","ski_maps_ddot_lift_name":"Ski lift","raf_instant_discount_flex_modal_cta_signin_register":"Sign in or register","lists_sign_in_to_see_2":"Sign in to keep properties bookmarked on all devices.","raf_desktop_friend_landing_banner_minimum_spend":"*Minimum spend of {minimum_spend}","bh_gwe_sr_card_entire_unit_villa":"{num} entire villas","sr_star_rating_tooltip_legal":"Accommodation's star rating displayed on Booking.com is not determined by Booking.com – learn more by viewing our Terms & Conditions.","msg_privacy_policy_en_only":"Privacy Policy and Terms of Use","vm_pb_details_earn_voucher_title":"{start_bold}You'll earn a{end_bold} {start_style}{amount_with_currency_post} voucher{end_style}","wl_view_list":"View list","lp_your_viewed_properties_header":"Your Viewed Properties","search_sbox_abandoned_search_open_tab_message":"Whoops – something went wrong. Let's refresh this page to get things up and running again.","maps_none_available_try_following":"Try the following to get results:","iq_sbox_cars_year_of_arrival":"Year of drop-off","lists_room_type_lightbox_room":"{number_of_rooms} more room types","pb_google_place_art_gallery":"Art gallery","iq_sbox_cars_month_of_arrival":"Month of drop-off","pd_rt_credit_message_in_total_column":"Earn {amount_with_currency} Credits","paycom_form_new_card":"Use new card","vm_pb_rewards_header_voucher":"{amount_with_currency_post} voucher","paycom_validate_tpv_billing_address_street":"Enter a valid street address","ar_islamic_calendar_ramadan":"Ramadan","bh_gwe_sr_privacy_shared_dorm_room":"{num} shared dorm rooms","raf_desktop_friend_modal_subhead_no_name":"Your friend is giving you {value_friend} if you book and stay with us. Check it out!","bh_gwe_sr_privacy_no_descriptor_mobile_home_one":"{num} mobile home","map_loading_properties":"Loading ...","beach_sr_loading_sort_beach_distance_subhead":"Properties closest to the beach will appear first","extl_reviews_no_bcom_reviews":"{total_num_reviews} external reviews","language_exception_beach_sr_header_see_beaches_1":"See beach","m_sr_distance_from_centre_city":"{distanceInKmFromCentre} from downtown/center of {city_name} ","share_list_with_friend_3_zhtw":"Copy this link and send it to your friends so they can see my list","language_exception_price_for_x_nights_0":"Price for {num_nights} nights","yes":"Yes","msg_lc_toast_open":"Open ","a11y_pd_rt_price_generic":"Price","vm_pb_rewards_header_credits":"{amount_with_currency_post} in Credits","bh_gwe_sr_privacy_entire_apartment_one":"{num} entire apartment","list_my_lists_onbaording_box_book_msg":"Book your perfect stay!","raf_friend_lightbox_step_1":"Step 1","bbg_sr_business_filter_saved":"{company_name} filters saved!","review_adj_above_average":"Above average","ss_search_box_search_property_type":"{property_type} in {destination}","a11y_index_autocomplete_suggested_destinations":"You can choose from suggested destinations below","auth_2fa_recovery_flow_confirm_phone_number_explanation":"If you don't have your phone on hand, you can finish the verification process by first confirming the phone number associated with this account.","bh_gwe_sr_privacy_entire_villa":"{num} entire villas","raf_flex_shutdown_influencers":"This campaign is over. You can make a booking, but you won't be eligible for a reward.","raf_deals_easter19_subheader_cc":"Get an extra 20% off (or more!) when you book an Easter Deal","rewards_firstuse_taxi_emailflow_error_generic_header":"We couldn’t activate your voucher","m_ski_overlay_level_percentage":"{level_percentage}%","ski_sr_date_reco_price_per_night":"From {price} per night","a11y_hp_bookmarks_shared":"This is a shared list","lists_cta_button_v1":"More info","review_adj_disappointing":"Disappointing","lists_wishlist_write_note":"Write your note here","rates_rocket_discount_badge":"{percent}% discount","m_ski_overlay_ski_lifts":"Ski lifts","wl_lists_funnel_edit":"Change","raf_desktop_friend_modal_subhead_percent":"{user_first_name} is giving you {value_percent_friend}% back if you book and stay with us. Check it out!","lists_email_success_message":"Nice! Your message was sent. ","language_exception_sbox_num_adults_1":"1 adult,","ski_weather_precipitation_amount":"Precipitation: {amount}","pb_google_place_stadium":"Stadium","hours":"hours","language_exception_gsb_hp_book_now_cta_holiday_1":"{num} vacation home for {group_recommendation_price}","search_xp_sb_manual_tooltip_day":"Date of stay","share_list_with_friend_1":"Share with friends","bbg_sr_business_filter_saving":"Saving...","sbox_rooms":"Rooms","gsb_hp_book_now_cta_apartments":"{num} apartments for {group_recommendation_price}","ar_islamic_calendar_hijri_off":"Hide Hijri","welcome_to_your_lists_compare":"Compare properties and find your perfect stay!","maps_sorter_our_top_picks":"Our Top Picks","star_rating_2":"2-star hotel","search":"Search","checkout_form_less_options":"Less options","bh_gwe_sr_privacy_private_suite_one":"{num} private suite","rewards_firstuse_taxi_emailflow_error_expired_header":"Sorry, this voucher expired","t_ge_percent_benefits":"Geniuses get a {num_percent}% discount on select rooms.","wl_removed_from":"Removed from:","msg_wlm_screen_start_button_fb":"Continue with Messenger","bh_gwe_sr_privacy_no_descriptor_tent":"{num} tents","bh_gsb_search_box_checkout_age":"Child's age on {date}","iq_sbox_flights_to":"To where?","iq_sbox_flights_year_of_return":"Year of return","a11y_gallery_image_screenreader_total_in_gallery":"{number} images in this gallery","hp_map_sbox_dropdown_city_centre":"City center","distance_from_destination":"{distanceInKm} from {userDestination}","ski_multi_resort_dc_closest_airport":"Closest airport: ","raf_desktop_invalid_link_no_reward":"This Refer a Friend link is invalid! You can still book a property but you won’t get the reward.","xtl_reviews_no_bcom_sr_reviews_tooltip_transparent_legal_update":"The {review_score} review score is based on reviews for this property left by guests on several other travel websites, converted to the {b_companyname} 10-point scale.","raf_instant_discount_flex_modal_step3_paynow_percent":"Pay now and get a {value_percent_friend}% discount.","bh_gwe_sr_privacy_entire_chalet_one":{"experiment_hash":"ZOBJZGDYeUaHBXLMSPRSQcfOEbMUO","value":"{num} entire cabin"},"beach_review_adj_good":"Good beach","pd_sr_credit_badge_tooltip_body_scenario_two_p2":"Use your Credits on all attractions, taxis paid in advance, and select stays on {b_companyname}.","pb_google_place_park":"Park","sr_unofficial_star_or_dot_rating_tooltip":"This rating is a reflection of how the property compares to the industry standard when it comes to price, facilities and services available. It's based on a self-evaluation by the property. Use this rating to help choose your stay!","pp_index_popup_bpg_how_to_2":"Look for {start_format}Found this room cheaper somewhere else?{end_format} on your confirmation page or in {start_format}View all bookings{end_format}.","paycom_billing_address_street":"Street address","deals_price_watch6":"Watch it","incentives_emk_employee_banner_text":"Unfortunately, for tax and legal reasons, we can't pay out rewards to Booking.com employees. Got feedback? Share it in the Rewards and Engagement Workplace group.","lists_compare_got_it":"Got it, thanks!","bbg_sr_business_filter_select_cta":"Add business filters","acc_index_choose_checkin_date_arrowkeys":"Select your check-in date using the arrow keys","bh_gwe_sr_privacy_entire_villa_one":"{num} entire villa","lists_map_from":"From {start_style}{localised_price}{end_style}","language_exception_vm_bp_rewards_bottom_sheet_desc_3_1":"You have {num_months} month to use your {amount_with_currency} voucher on all attractions and select stays on {b_companyname}.","language_exception_bh_gwe_sr_privacy_no_descriptor_bed_in_dorm_1":"Bed in dorm","bh_gwe_sr_unit_privacy_colon_holder":"{unit_privacy}:","iq_sbox_accomm_check_in":"Check-in","language_exception_comp_num_reviews_sr_page_1":"{num_reviews} review","language_exception_sbox_error_num_night_res_1":"Sorry, reservations for more than {num} night aren't possible.","rewards_firstuse_taxi_emailflow_error_user_cta":"Got it","convert_incentives_index_card_copy_cta_copied":"Copied!","vm_earn_voucher_badge_name_pd":"Earn {amount_with_currency} voucher","recently_viewed_list_name_header_cta":"Show recently viewed properties ","iq_sbox_flights_roundtrip":"Round-trip","sal_verify_phone_popup_code_incorrect_code":"Double-check the code and try again.","language_exception_ski_sr_overlay_ski_resorts_near_city_1":"We found {number_resorts} ski resort near {city_name}","m_sxp_calendar_date_select_num_nights":"({num_nights} nights)","beach_explore_beach_panel_overview_header":"{beach_name} overview","m_genius_saving_percent":"You're saving an extra {num_percent}% on this hotel because you're a Booking Genius","language_exception_gsb_hp_book_now_cta_chalet_3":"{num} domki za {group_recommendation_price}","d_dmw_wl_simple_steps_cta":"Start searching","bh_gwe_sr_card_entire_unit_bungalow":"{num} entire bungalows","sp_rewards_instant_reward_badge":"Get {reward_value} off","ar_islamic_calendar_safar":"Safar","geo_beach_waves_strong":"Strong Waves","ppd_survey_oct18_price_clarity_cp_outro":"Thanks for your feedback! ","pdi_index_popup_wpm_bullet_bbasic":"If your current Booking.com booking is a Partner offer (i.e. an offer that's labeled as \"Partner Offer\" on our platform and made available by Booking.com partner companies) or if you're comparing the other offer with one of these Partner Offers on our platform.","deals_flexi_calendar_error":"We're sorry, something went wrong. Please reload the page or try again later.","pob_sr_maps_your_search_results_divider":"Your search results:","pd_bp_block_credit_message_title":"Earn {start_bold}{amount_with_currency} Credits{end_bold}","pp_index_popup_bpg_how_to_1":"Found your booking cheaper somewhere else?","ski_sr_date_reco_num_nights":"{number_nights} nights","language_exception_clear_urgency_only_x_rooms_left_1":"Only {amountRooms} room left on our site!","deals_landing_blackfriday2022_hero_countdown_days":"Offer ends in {num_days} days","bh_ss_sxp_index_sbox_calendar_num_week_stay":"({num_weeks}-week stay)","pb_google_place_bar":"Bar","lists_wishlist_remove_note":"Remove","list_dropdown_email_first_name":"First name","language_exception_ls_error_max_los_exceeded_p2_1":"Bookings can only be made for a maximum of {max_num_nights} night – enter alternative dates and try again.","language_exception_m_genius_saving_percent_1":"You're saving an extra {num_percent}% on this hotel because you're a Booking Genius","raf_self_landing_alert_index_button_refer":"Learn more about our referral program","app_marketing_sr_mdot_banner_header_incentive_subheader_promo":"To claim your reward, use the code {promo_code} when providing your payment details.","pdi_index_popup_wpm_bullet_2":"The other offer needs to have the same check-in and check-out dates.","sr_sbox_flex_dates_choose_months_footer":"Select preferred months","raf_friend_landing_modal_save_for_later_cta":"Save for later","bhpmc_gallery_virtual_tour_instructions":"Click and drag to tour property","pb_google_place_sightseeing":"Sightseeing","checkout_form_4_digit_cvc":"Enter the 4-digit security code located on the front of your card","language_exception_deals_countdown_singlesday19_days_1":"DAY","raf_self_landing_alert_index_subtext_1":"Remember – you're not eligible for a reward if you book using your own referral link.","language_exception_x_now_sold_out_compliant_sold_out_1":"The property you recently viewed is now sold out on our site","bh_gwe_sr_privacy_no_descriptor_tent_one":"{num} tent","vm_single_savings_badge_name_pd":"{num_percent}% off","raf_unfification_header_refer_friends_earn":"Refer Friends & Earn","auth_2fa_recovery_flow_confirm_phone_number_cta":"Confirm phone","paycom_validate_tpv_billing_address_postal_code":"Enter a valid zip code","m_sxp_calendar_date_select_date_range":"{checkin_date} - {checkout_date}","checkout_form_invalid_cc":"Invalid card number","iq_sbox_error_cars_departure_date_invalid":"Your pick-up date is invalid.","language_exception_bbg_sr_business_filter_saved_desc_1":"has been saved as a preferred business filter","language_exception_prd_sr_card_children_above_price_1":"{n_of_children} child","list_dropdown_email_first_name_example":"John","acc_cal_closed_closed":"You've closed the calendar widget","language_exception_bdot_x_rooms_left_urgency_1":"We only have {num_left} left on our site!","vm_earn_credits_desc_1_months_badge_tooltip_pd":"You'll earn {start_bold}{amount_with_currency_post} Credits{end_bold}. They'll be added to your Wallet 14 days after your stay and expire in {num_months} months.","ar_islamic_calendar_rabiul_awwal":"Rabi'ul Awwal","pb_google_place_department_store":"Department store","desktop_x_looking_at_this_moment":"{number_of_users} people are looking right now","iq_sbox_error_flights_group_size":"We can search flights for groups of up to 6 people at a time. Please adjust your group size.","paycom_validate_tpv_billing_address_country":"Enter a valid country/region","lists_cta_button_v2":"Find out more","incentives_index_landing_error_link_used_subtext":"No worries – you can still find other great deals on our site","vm_pb_details_earn_rewards_title":"{start_bold}You'll earn{end_bold} {start_style}{amount_with_currency_post} in rewards{end_style}","raf_flex_post_signin_modal_subtext_percent_wallet":"Find a place to stay and get back {value_percent_friend}% of your booking in travel credit.","language_exception_lists_unit_distance_metric_1":"1 kilometre from the centre of {ufi}","b_conf_number_of_rooms":"{numRooms} rooms,","genius_member_status_sign_up_tooltip":"Book this and enjoy these Genius member perks during your stay:","rewards_firstuse_taxi_emailflow_error_expired_body":"Keep an eye on your inbox for future rewards and deals","convert_incentives_index_card_more_information_ok_cta":"Okay, got it","m_ski_overlay_from_price_incl":"Starting at {price}","pob_sr_maps_message_intro":"You already have {num_overlapping_bookings} bookings from {short_date_start} to {short_date_end}:","pb_google_place_car_rental":"Car rental","incentives_index_landing_error_link_expired_cta":"Got it","language_exception_deals_landing_blackfriday2022_hero_countdown_timer_0":"Offer ends in {countdown}","prd_sr_card_nights_adults_children_parent":"{prd_sr_card_nights_above_price}, {prd_sr_card_adults_above_price}, {prd_sr_card_children_above_price}","sxp_sbox_num_properties_left_of_cta_v2":"{num_properties} properties found for your search","d_dmw_wl_sign_in_save_properties_multi_device_head":"View your saved properties on the go","beach_side_header_closest":"Closest beaches","language_exception_desktop_x_looking_at_this_moment_1":"{number_of_users} person is looking right now","language_exception_gsb_hp_book_now_cta_apartments_1":"{num} apartment for {group_recommendation_price}","ar_islamic_calendar_rabiul_akhir":"Rabi'ul Akhir","iq_sbox_flights_month_of_return":"Month of return","iq_sbox_error_flights_return_after_departure":"Select a return date that comes after your departure date.","m_gex_google_popup_email":"Sign in to unlock deals and discounts!","extl_reviews_no_bcom_sr_reviews_modal_second_body_legal_update":"Some properties—such as those new to our site—don’t have any reviews from {b_companyname} guests. Until these properties get their first {b_companyname} guest review, we calculate their review score using guest reviews from some of the other travel sites they’re listed on. Whenever these external reviews are scored out of 5, we adjust them to a 10-point scale. {b_companyname} can’t verify these reviews to confirm that the reviewer meets {b_companyname} review criteria.","ski_sr_more_options_banner_sat2sat":"Get more options for these dates:","bh_gwe_sr_privacy_no_descriptor_mobile_home":"{num} mobile homes","lists_lightbox_dates_reveal_price_error_message":"No rooms are available. Try different dates. ","d_maps_loading_properties":"Loading properties...","m_ski_overlay_altitude":"Altitude","language_exception_bh_gwe_sr_card_entire_unit_bungalow_1":"Entire bungalow","language_exception_lists_room_type_lightbox_hotel_1":"1 room type available ","ski_dc_lift_ticket_child":"Child from {pass_price}","ski_dis_see_less__web":"See less","language_exception_sp_rewards_instant_reward_badge_1":"Get {reward_value} off","iq_sbox_flights_month_of_departure":"Month of departure","acc_cal_selected_you":"You've selected","clear_urgency_list_not_available":"We don't have availability on our site for: ","ski_weather_type_snow_fall":"Snowfall","ar_islamic_calendar_jumadal_ula":"Jumadal Ula","msg_wlm_page_privacy_policy_agree":"By using the Booking Assistant, you agree to the Booking.com Privacy Policy","clear_urgency_only_x_rooms_left":"Only {amountRooms} rooms left on our site!","language_exception_prd_sr_card_adults_above_price_1":"{n_of_adults} adult","raf_friendlanding_index_lightbox_headline_fixed_cc":"Earn {value_friend} Cash Reward","language_exception_bh_gwe_sr_privacy_no_descriptor_mobile_home_1":"Mobile home","language_exception_bh_gwe_sr_privacy_entire_apartment_1":"Entire apartment","language_exception_d_dmw_wl_calendar_occupancy_adults_1":"{num_adults} adult","ski_weather_todays_weather_header":"Today's weather","welcome_to_your_lists_all_devices":"Want to access them on all your devices? Just sign in.","language_exception_ppd_survey_oct18_price_clarity_num_of_total_1":"{num} of {total_num}","language_exception_bh_gwe_sr_card_entire_unit_apartment_1":"Entire apartment","sbox_error_45_night_res":"Reservations longer than 45 nights aren't possible.","rewards_firstuse_taxi_emailflow_error_expired_cta":"Got it","language_exception_vm_bp_block_voucher_desc_1_1":"It'll be added to your Wallet up to 14 days after your stay and will expire in {num_months} month.","sr_sbox_flex_dates_choose_days_months_footer":"Select days and months","a11y_aria_label_carousel_next_previous":"Next","language_exception_ski_sr_date_reco_num_nights_1":"{number_nights} night","recently_viewed_list_back_to_other_list":"Back to {list_name}","deals_page_outstanding":"An outstanding value on these dates","language_exception_deals_countdown_singlesday19_minutes_1":"MINUTE","a11y_hp_bookmarks_added":"Property added to {list_name}","language_exception_price_watch_sorry_1_1":"Sorry, you can only watch 1 price.","loading":"Loading","sbox_dates_num_nights_1":"{num_nights}-night stay","deals_countdown_singlesday19_hours":"HOURS","geo_beach_water_quality_excellent":"Excellent Water Quality","paycom_validate_tpv_billing_address_city":"Enter a valid city name","d_dmw_wl_simple_steps_2":"Tap the heart icon when you find a property you like","sxp_lp_sbox_num_adults":"{num_adults} Adults","checkout_form_incorrect_expiration":"Enter an expiration date to make sure your card is still valid after your reservation","lp_percent_reserved_2a":"reserved","trip_types_property_next_to":"Property is next to a beach","loc_social_connect_google_sign_up":"Sign up with Google","iq_sbox_rentalcars_drop_off":"Drop-off","maps_none_available_change_dates":"Change your dates","msg_lc_tab_new":"(1) New chat message – Booking.com","bbg_sr_business_filter_select":"What's important to you when you travel?","bbt_sr_legend_favourite":"Company Favorite","loc_hp_map_sbox_placeholder":"See distance from","pb_google_place_bicycle_store":"Bike shop","language_exception_iq_sbox_accommodation_num_rooms_1":"{num_rooms} room","pb_google_place_casino":"Casino","rewards_firstuse_taxi_emailflow_error_generic_body":"Something went wrong – try clicking \"Activate your taxi voucher\" again in a few minutes.","iq_sbox_rentalcars_pick_up":"Pickup","raf_validation_error_modal_employee_button":"Got it","language_exception_sxp_lp_sbox_num_children_0":"{num_children} children","list_dropdown_email_add_message_example":"Hey there! I just created a list of properties on {b_companyname} that you might like. ","pd_sr_credit_badge_exploration":"Earn {amount_with_currency} Credits","recently_viewed_list_variableopt_2":"Properties have been saved in the \"{name_of_list}\" list","vpm_hp_no_dates_add_dates_button":"Add dates to see prices","loc_sbox_children_age_plural":"Ages of children at check-out","ski_hp_entry_panel_back_2_hp_cta":"Back to property","raf_instant_discount_flex_modal_headline_percent":"Save {value_percent_friend}% on your booking","msg_wlm_screen_start_button":"Continue","auth_2fa_recovery_flow_confirm_phone_number_input_label":"Enter the phone number associated with this account:","conf_email_num_nights":"{num_nights} nights","msg_www_ask_a_question":"Booking Assistant","www_maps_areas_feature_city_centre_header":"City Center","vm_bp_rewards_bottom_sheet_desc_3":"You have {num_months} months to use your {amount_with_currency} voucher on all attractions and select stays on {b_companyname}.","iq_sbox_cars_date_of_arrival":"Date of drop-off","seconds":"seconds","bbg_sr_business_filter_budget_apply":"Apply","sr_sbox_flex_dates_custom_selection_no_num_nights":"nights","language_exception_msg_lc_alt_messaging_platform_0":"Open messaging","language_exception_bh_gwe_sr_privacy_entire_studio_1":"Entire studio","vm_single_savings_badge_multiple_deals_description_tooltip_pd":"You’re getting {num_percent}% off the original price due to multiple deals and benefits.","list_icon_tooltip_list_view":"List view","sal_verify_phone_popup_enter_error":"Enter a valid {provider} number","raf_desktop_friend_modal_step_two_subhead":"Kick back, relax, and enjoy your getaway","m_sxp_calendar_date_select_choose_checkin":"Select a check-in date","language_exception_ng_map_price_for_x_nights_1":"Price for 1 night","rates_rocket_sr_num_results_accom_partners":"Showing all properties plus {num} exclusive deals from <b>{rocket_brand_name} </b>","language_exception_sr_calendar_min_night_stay_tooltip_info_1":"Min. {num_nights}-night stay","ng_map_price_for_x_nights":"Price for {num_nights} nights","wishlist_create_new":"Create a list","list_my_lists_onbaording_box_line1":"Use My Lists to save and compare properties, so you only book the best!","auth_next_step_sms_enter_code_cta":"Enter your verification code:","ski_autocomplete_ski_resort":"Ski Resort","m_ski_overlay_easy":"Easy","checkout_form_select_payment_method":"Select a secure payment method to continue","book_from_list_select_dates":"Select the dates you'd like to stay","bbt_notifications_new_join_configure":"{start_bold}{user_name}{end_bold} just joined the company account. If you want to customize what admins and travel organizers can do on the account, head to the Settings page.","account_sign_in_one_tap_verifying_header":"Verifying...","bb_sr_theme_urban":"Urban","pb_google_place_amusement_park":"Amusement park","vm_earn_voucher_desc_2_badge_tooltip_pd":"Use your voucher on all attractions and select stays on {b_companyname}.","pb_google_place_electronics_store":"Electronics store","m_bh_sr_num_bedrooms":"{num_bedrooms} bedrooms","maps_hp_sr_sorry_unavailable_legal":"Unavailable for your dates on our site","d_dmw_wl_no_review_score_info":"We need at least {min_num_reviews} reviews before we can calculate a review score. If you book and review your stay, you can help {property_name} meet this goal.","price_display_credit_source_genius_vip_part":"Of the {total_credit_amount} in Credits, {vip_credit_amount} is a Genius VIP reward.","wl_lists_create_failed":"Couldn't create new list – try again later.","paycom_billing_address_needed_modal_body_web":"A billing address is required to use this card. Add this info or select a different payment method.","lists_email_invalid_first_name_error":"Please enter a first name","sr_sbox_flex_dates_three_months_footer":"{month_name_1}, {month_name_2}, {month_name_3}","dda_reset_password_cancel_button":"Cancel","checkout_form_no_postal_code":"Enter a zip/postal code","pd_bp_credit_block_after_stay_p1":"It'll be added to your Wallet 14 days after your stay and expires in one year.","a11y_sr_filters_loading_screen":"Applying filter","trip_types_property_next_to_period":"Property is next to a beach.","bhqc_sr_qc_desc_tooltip_affiliate":"This property is rated {num_rating} out of 5 compared to other homes and apartments on our site. This rating is based on overall quality including factors like review score, facilities, size, location, and service.","msg_entry_cancelled_booking":"You don't have any messages right now. Book your next trip and use the Booking Assistant to answer any questions you have!","beach_explore_panel_map_header":"Beaches {in_city_name}","bbt_sr_legend":"Legend","sxp_index_sbox_horizontal_adults":"{num_adults} adults","vm_bp_block_rewards_message_title_bold":"Earn {start_bold}{amount_with_currency} in rewards{end_bold}","prd_sr_card_nights_adults_parent":"{prd_sr_card_nights_above_price}, {prd_sr_card_adults_above_price}","beach_review_adj_very_good":"Very good beach","language_exception_hp_saved_to_num_lists_1":"Saved to one list","m_ski_overlay_artificial_snow":"Artificial snow-making available","d_dmw_wl_view_property":"View property","auth_2fa_recovery_flow_code_sent_header":"Verification Code Sent","current_location":"Current Location","list_my_lists_onbaording_box_comp_msg":"Select dates and then compare prices and availability for properties you've listed.","minutes":"minutes","language_exception_sbox_num_children_1":"1 child","gsb_hp_book_now_cta_alt":"{num} units for {group_recommendation_price}","wl_new_list":"New list","ski_multi_resort_dc_sorter":"Resort size (largest first)","df_sold_out_hotels_explain":"We've reserved our last available room at this property for your selected dates","pd_bp_credit_bottom_sheet_rung_two_all_taxi":"You have one year to use your Credits on all attractions, taxis paid in advance, and select stays on {b_companyname}","raf_desktop_friend_modal_cta_button":"Start searching","raf_flex_post_signin_modal_subtext_fixed_cc":"Find a place to stay and get {value_friend} back.","pb_google_place_cafe":"Café","language_exception_generalised_num_properties_1":"{num_hotels} property","checkout_form_invalid_postal_code":"Use a valid zip/postal code","sbox_num_children":"{num_children} children","ar_islamic_calendar_jumadal_ukhra":"Jumadal Ukhra","acc_settings_section_2fa_enrollment_phone_number_field_placeholder":"Enter your phone number","language_exception_tt_beach_review_language_1":"{num} review in your language","comp_reviews_no_comments":"There are no comments available for this review","prd_sr_card_total_at_checkout":"Total price","geo_beach_lifeguard":"On-Site Lifeguard","paycom_form_cvc":"CVC","sbox_calendar_num_nights_2":"from {start_bold}{checkin_date}{end_bold} to {start_bold}{checkout_date}{end_bold} ({num_nights}-night stay)","ss_sxp_index_sbox_calendar_num_night_stay":"({num_nights}-night stay)","pb_google_place_jewelry_store":"Jewelry store","m_bh_sr_num_beds":"{num_beds} beds","m_ski_overlay_intermediate":"Intermediate","language_exception_sxp_sbox_num_properties_on_cta_v1_1":"{num_properties} property","language_exception_bh_gwe_sr_privacy_no_descriptor_tent_1":"Tent","searchbox_error_msg_need_date":"Please enter dates to check availability.","ace_wishlist_name_your_list":"Name your list","bh_gwe_sr_privacy_entire_holiday_home_one":"{num} entire vacation home","ski_sr_overlay_show_more":"Show more","language_exception_bbl_bonus_how_module_steps_1":"Step {num_step} of 3","auth_next_step_error_wrong_email":"Enter a valid email address","language_exception_sr_sbox_flex_dates_days_months_footer_1":"{days} in {month_names}","raf_instant_discount_flex_modal_step3_paylater_percent":"Pay at the property and get {value_percent_friend}% back after your trip.","msg_lc_alt_messaging_platform":"Check {number} new messages","raf_flex_post_signin_modal_headline_name":"You're booking with {advocate_name}'s reward","bb_business_or_leasure_cta_bt":"Mark as business trip","m_ski_overlay_reviews_from_our_guests":"Reviews from our guests","ski_dc_terrain_header":"Ski terrain","price_for_x_nights":"Price for {num_nights} nights","recently_viewed_list_v7":"Go to the list","groups_sr_undefined_ages_msg":"Your children's ages are preset to 12 years old – but if you enter their actual ages, you might find a better price!","acc_cal_open_notification":"You've opened the calendar to select dates for your stay","m_loc_sr_hc_travel_time_hours":"{num_hours} h","beach_property_page_banner_beachnearby":"Beach nearby","pp_index_popup_bpg_how_to_4":"You can also contact our {start_link}Customer Care{end_link} team.","pd_sr_deals_badges_grouped":"+ {num}","gsb_hp_book_now_cta_chalet":"{num} chalets for {group_recommendation_price}","language_exception_sbox_num_adults_no_comma_1":"1 adult","language_exception_bh_gwe_sr_privacy_entire_chalet_1":"Entire chalet","bbg_sr_business_filter_save_cta":"Save","review_adj_average_okay":"Okay","please_enter_your_check_out_date":"Please enter your check-out date.","deals_price_watch5":"See sample","iq_sbox_error_cars_arrival_date_invalid":"Your drop-off date is invalid.","list_dropdown_email_add_message":"Add a message","hp_saved_to_num_lists":"Saved to {num_wishlists_16} lists","deals_countdown_singlesday19_minutes":"MINUTES","m_ski_overlay_cross_country":"Cross-country","language_exception_d_dmw_wl_num_properties_saved_1":"{num_properties_saved} property saved","list_dropdown_why":"When you see a place you like, save it to a list so you can find it later.","sbox_error_num_night_res":"Sorry, reservations for more than {num} nights aren't possible.","checkout_form_new_card":"Use new card","recently_viewed_list_name_dropdown_explanation_box_subheader":"You can now see a list of {start_link}your recently viewed properties.{end_link} ","language_exception_beach_explore_panel_map_header_1":"Beach {in_city_name}","no_review_score_tab_header":"No review score yet...","beach_review_adj_superb":"Wonderful beach","geo_beach_water_quality_good":"Good Water Quality","geo_hp_nearby_beaches_popular_header":"Popular Beaches Nearby","deals_countdown_singlesday19_seconds":"SECONDS","latest_booking_elapsedtime_ago":"Latest Booking: {elapsedTime} ago","iq_sbox_flights_from":"From where?","checkout_pay_fe_bp_hybrid_payment_step_3":"If your payment is successful, you'll receive your booking confirmation","m_ski_overlay_night_skiing":"Night skiing","ski_multi_resort_dc_back_to_properties":"Back to properties","lists_added_to_x_lists":"Saved to {num_wishlists_16} lists","ski_weather_type_very_cloudy":"Very cloudy","list_dropdown_email_header":"Send \"{list_name}\" to a friend so they can check out your list","cashback_badge_tooltip_copy":"The final amount of your cashback can vary based on currency conversion rates. Taxes and other fees/charges may not be included when calculating your cashback.","wl_saved_to":"Saved to: {start_link}{list_name}{end_link}","bhee_sr_extend_stay_banner_head":"Discover up to {num} extra properties in {city_name} by adding 1 night to your stay","a11y_gallery_image_screenreader_placeholder":"Gallery image of this property","star_rating_dots_tooltip_zhcn":"??","checkout_success_payment_completed_generic":"Your payment has been taken","acc_index_checkin_calendar_opened":"You opened the check-in calendar ","ls_error_max_los_exceeded_p1":"Your check-out date is more than {max_num_nights} nights after your check-in date.","language_exception_acc_sr_review_score_rated_with_score_end_1":" from {num_reviews} review","acc_sr_review_score_rated_with_score_end":" from {num_reviews} reviews","incentives_engage_reward_modal_got_it_cta":"Got it","paycom_form_cardholder_name":"Cardholder's Name","language_exception_sxp_sbox_num_properties_left_of_cta_v2_1":"{num_properties} property found for your search","language_exception_a11y_gallery_image_screenreader_total_in_gallery_1":"{number} image in this gallery","paycom_billing_address_city":"City","language_exception_lists_added_to_x_lists_1":"Saved to one list","booking":"booking","vm_bp_block_voucher_desc_1":"It'll be added to your Wallet up to 14 days after your stay and will expire in {num_months} months.","language_exception_deals_countdown_singlesday19_hours_1":"HOUR","m_sxp_calendar_date_select_choose_checkout":"Select a check-out date","pob_sr_map_days_until_your_stay":"{num_days} days until your stay","gsb_hp_book_now_cta_villa":"{num} villas for {group_recommendation_price}","bh_gwe_sr_privacy_entire_bungalow_one":"{num} entire bungalow","list_dropdown_add_email":"Add email address","iq_sbox_error_flights_from_to_same":"Your \"From where?\" and \"To where?\" airports have to be different.","sbox_error_checkout_after":"Select a check-out date that comes after your check-in date.","top_3_reasons_to_visit":"Top reasons to visit: {theme_01}, {theme_02}, and {theme_03}","language_exception_sr_sbox_flex_dates_custom_selection_no_num_nights_1":"night","incentives_index_landing_error_link_expired_subtext":"No worries – you can still find other great deals on our site","msg_web_entry_new_messages":"New messages","geo_beach_accessibility":"Accessible ","review_adj_fabulous":"Excellent","help_preferred_property":{"experiment_hash":"ZOOYDLXAdcCcdOOdDC","value":"This property is part of our Preferred Partner Program. It's committed to providing excellent service and good value. It’ll pay us a higher commission if you make a booking."},"incentives_index_landing_error_link_expired_header":"This link expired","beach_review_adj_fabulous":"Excellent beach","wish_lists_be_almost_first":"Be one of the first to add","raf_desktop_friend_modal_step_three_subhead_percent":"After we confirm your stay with the property, you’ll get {value_percent_friend}% back!","m_ski_overlay_things_to_do":"Things to do","language_exception_m_sxp_calendar_date_select_num_nights_1":"({num_nights} night)","pb_google_place_night_club":"Nightclub","message":"Message","search_box_result_your_search":"Showing results for \"{user_searched_term}\"","a11y_auth_2fa_recovery_flow_confirm_phone_number_country_select_label":"Select your country","bbt_notifications_new_join_configure_link":"Start customizing","beach_review_adj_pleasant":"Pleasant beach","ski_weather_type_rain":"Rain","raf_friend_lightbox_button_text":"Let's do this","maps_none_available_zoom_out":"Zoom out on the map","recently_viewed_list_v4":"Save this property to a list","lists_undo_option_basic":"Undo","language_exception_conf_email_num_nights_1":"{num_nights} night","checkout_form_postal_code":"Zip/Postal Code","destination_finder_theme_endorsements":"{start_style}{num_endorsement_guests}{end_style} guests have endorsed this place for {start_style}\"{theme_name}\"{end_style}","deals_countdown_singlesday19_days":"DAYS","m_ski_overlay_winter_hiking":"Winter hiking","ski_hp_part_of_ski_resort_web":"Part of {ski_resort_name}","loc_social_connect_facebook_sign_up":"Sign up with Facebook","checkout_form_expiry_date":"Expiration Date","pb_google_place_spa":"Spa","bh_gwe_sr_privacy_private_room_one":"{num} private room","raf_flex_modal_optin_tickbox":"Notify me about referral rewards","language_exception_gsb_hp_book_now_cta_alt_1":"{num} unit for {group_recommendation_price}","bh_gwe_sr_privacy_hotel_room_one":"{num} hotel room","acc_settings_section_2fa_enrollment_success":"You are now protected by Two Factor Authentication","paycom_billing_address_explanation":"Your billing address is the one your card is registered to.","list_dropdown_send_button":"Send","language_exception_num_hotels_1":"1 hotel","rates_rocket_sr_num_results_accom_partners_tooltip":"Properties with highlighted borders are from our accommodation partner {rocket_brand_name}, which provides exclusive deals on select properties.","vm_bp_details_earn_voucher_desc":"It'll be added to your Wallet up to 14 days after your stay and will expire in {num_months} months. Use your voucher on all attractions and select stays on {b_companyname}.","bh_gwe_sr_privacy_hotel_room":"{num} hotel rooms","hp_roomtable_rackrate_tooltip_06_dehotel":"The crossed-out prices you see are based on prices currently being quoted by the property for a 30-day window around your check-in date. To ensure we're making a fair comparison, we always use the same booking conditions (meals, cancellation policy and room type).","msg_entry_meet_assistant_header":"Meet the Booking Assistant","wl_new_list_hint":"Name of new list","do_you_want_to_save":"Do you want to save this property for later?","sbox_error_30_night_res":"Reservations longer than 30 nights are not possible.","sr_map_searchbox_placeholder":"Search on map","extl_reviews_no_bcom_sr_reviews_tooltip_transparent":"The {review_score} review score is based on reviews from other trusted travel websites","sr_lists_saved_notification":"Saved!","language_exception_maps_google_distances_hours_1":"{num_hours} hour","msg_multithread_messages_header":"Messages","paycom_billing_address":"Billing Address","pb_google_place_meal_takeaway":"Takeout bar","ar_islamic_calendar_hijri_on":"Show Hijri","ski_dc_snow_difficult":"Difficult","beach_review_adj_average_okay":"Okay beach","ski_dc_airport_distance_tooltip":"This is the straight-line distance on the map. Actual travel distance may vary.","list_percent_off_value":"-{percent_off_value}%","language_exception_bh_gwe_sr_card_entire_unit_villa_1":"Entire villa","bh_gwe_sr_privacy_private_studio":"{num} private studios","ext_modal_loading":"Loading...","share_list_with_friend_3":"Copy this link to share this list","bh_gwe_sr_privacy_no_descriptor_empty_spot_one":"{num} empty spot","lists_lightbox_dates_reveal_price_cta":"Select dates","list_check_availability_of_all":"Check availability of all properties","map_breadcrumb_top_districts":"Top Districts","m_ge_deepen_conf_page_benefits":"Free breakfast","language_exception_m_loc_sr_hc_travel_time_hours_1":"{num_hours} h","preferred_programme_new_tooltip_preferred":"This is a Preferred property. Preferred properties meet {b_companyname}'s quality standards and pay {b_companyname} to be in this program.","ge_hp_room_table_discount_cma_generic":"Genius room-rate discount included","loc_sr_viewed_properties_prices_from":"Prices from {b_price}","language_exception_acc_cal_week_number_1":"Week {week_number}","sr_sbox_flex_dates_choose_days_a_week":"A week","a11y_announce_sorting_in_progress":"Sorting","maps_better_value_comparison":"Better value than current property","bh_gwe_sr_privacy_private_suite":"{num} private suites","night":"Night","d_dmw_wl_simple_steps_3":"You'll find everything you've saved here","iq_sbox_flights_current_location":"Closest airport to me","pp_index_popup_bpg_how_to_3":"No account? Log in with your booking number and PIN.","language_exception_deals_countdown_singlesday19_seconds_1":"SECOND","sbox_age_of_child_popup_best_price":"To see the best prices for your group, don't forget to complete this step!","beach_sr_distance_from_beach_m":"{distance} m from beach","ski_sr_date_reco_num_properties":"{num_properties} properties available","rewards_a11y_promo_code_more_details_open":"Open pop-up for more details","checkout_pay_fe_bp_hybrid_payment_step_1":"You'll be redirected to {pay_method}","language_exception_ski_sr_dc_number_resorts_nearby_1":"{num_resorts} ski resort nearby","districts":"Districts","sal_verify_phone_popup_code_issues":"Something went wrong – try again later.","lists_save_this_list_no":"No, thanks","maps_sr_iw_real_heart_tooltip":"This is one of our most popular locations, according to independent guest reviews.","star_rating_2_half":"2.5 star hotel","cdm_web_sr_compare_checkbox_saved":"Saved to:","sr_search_card_plus_taxes_and_charges":"+ taxes and charges","fe_cc_distance_tooltip_sr":"This is the straight-line distance on the map. Actual travel distance may vary.","android_sr_ski_cta":"Show properties","language_exception_bh_gwe_sr_privacy_no_descriptor_empty_spot_1":"Empty spot","lists_map_see_more":"See more","language_exception_deals_landing_blackfriday2022_hero_countdown_days_0":"Offer ends in {num_days} days","beach_review_adj_poor":"Bad beach","header_my_lists":"Saved","sxp_sbox_num_properties_on_cta_v1":"{num_properties} properties","ski_sr_overlay_largest_resort":"Largest ski resort near {city_name}","bb_sr_theme_beach":"Beach","raf_friend_lightbox_step_1_description":"Find and book the perfect accommodations anywhere in the world","checkout_form_no_name_entered":"Enter a cardholder name","lists_distance_metric_1":"{distance} mi from the center of {ufi}","sr_sbox_flex_dates_choose_days_a_weekend":"A weekend","language_exception_vm_bp_details_earn_voucher_desc_1":"It'll be added to your Wallet up to 14 days after your stay and will expire in {num_months} month. Use your voucher on all attractions and select stays on {b_companyname}.","bhgwe_sr_show_bh_bathroom_num":"{num_bathrooms} bathrooms","language_exception_extl_reviews_no_bcom_reviews_1":"{total_num_reviews} external review","iq_sbox_flights_return":"Return date","ski_dc_lift_ticket_youth":"Youth from {pass_price}","ski_dc_closest_airport":"Closest airport","checkout_date":"Check-out date","language_exception_bh_gwe_sr_privacy_shared_dorm_room_1":"Shared dorm room","map_marker_current_property":"Current Property","go_to_list":"Go to list","ar_islamic_calendar_shaban":"Sha'ban","language_exception_vm_earn_credits_desc_1_months_badge_tooltip_pd_1":"You'll earn {start_bold}{amount_with_currency_post} Credits{end_bold}. They'll be added to your Wallet 14 days after your stay and expire in {num_months} month.","vm_bp_rewards_bottom_sheet_intro":"Complete this booking to get your Credits and voucher added to your Wallet up to 14 days after check-out.","ski_sr_overlay_show_less":"Show less","iq_sbox_rental_cars_drop_off_date":"Drop-off date","ski_extranet_ski_lifts_seats_tag":"{number_of_seats} seats","star_rating_1_half":"1.5 star hotel","iq_sbox_flights_year_of_departure":"Year of departure","language_exception_maps_google_distances_minutes_1":"{num_minutes} minute","app_marketing_www_landing_anti_fraud_cta_error_generic":"Try again.","raf_desktop_friend_modal_subhead":"{user_first_name} is giving you {value_friend} if you book and stay with us. Check it out!","pd_sr_credit_badge_tooltip_title":"Earn Credits","language_exception_bhgwe_sr_show_bh_bathroom_num_1":"{num_bathrooms} bathroom","checkout_form_select_bank_dropdown":"Select bank","geo_beach_waves_calm":"Calm Water","pb_google_place_taxi_stand":"Taxi stand","iq_sbox_accommodation_num_rooms":"{num_rooms} rooms","language_exception_bh_gwe_sr_card_entire_unit_holidayhome_1":"Entire vacation home","auth_next_step_error_wrong_phone":"Enter a valid phone number","ar_islamic_calendar_shawwal":"Shawwal","raf_flex_modal_button_signin_register":"Sign in or register","incentives_index_landing_error_link_used_cta":"Got it","paycom_billing_address_edit":"Edit","lists_map_empty":"This list is empty","reward_mini_tcs_complete_tcs_link":"Full terms and conditions apply","pdi_index_popup_wpm_bullet_3":"The other offer must have the same cancellation policy and conditions.","raf_friendlanding_index_lightbox_headline_fixed_wallet":"Earn {value_friend} in Wallet Credit","raf_self_landing_alert_index_headline":"You clicked your own link","bbg_sr_business_filter_save_desc":"Always see properties that match your needs.","ppd_survey_oct18_price_clarity_hp_outro":"Thanks! ","raf_friend_lightbox_step_2_description":"Enjoy your stay!","gex_sr_sign_in_register_google_title":"Sign in or register to unlock deals and discounts!","bh_bp_dates_num_weeks":"Total length of stay: {num_weeks} weeks","bh_gwe_sr_privacy_private_studio_one":"{num} private studio","d_dmw_wl_distance_from_centre":"{distanceInKm} from center","lists_save_this_list_yes":"Yes","bh_gwe_sr_card_entire_unit_chalet":{"value":"{num} entire cabins","experiment_hash":"ZOBJZGDYeUaHBXLMSPRSQcfOEbMUO"},"star_rating_3_half":"3.5 star hotel","iq_sbox_error_flights_return_date_invalid":"Your return date is invalid.","lists_wishlist_add_note":"Make a note","title":"{b_companyname} Welcome","list_icon_tooltip_map_view":"Map view","list_show_prices_of_all":"Show prices for all properties","bbg_sr_business_filter_saved_desc":"have been saved as preferred business filters.","map_sr_filter_loading_head":"Applying Filters...","sp_sr_hotel_card_cashback":"{currency_amount} cashback","language_exception_m_loc_sr_hc_travel_time_minutes_1":"{num_minutes} min","paycom_form_toggle_save_card_for_future":"Save card for future purchases","genius_get_a_discount_select_rooms":"{num_percent}% discount","msg_entry_notification_unread_message":"You have unread messages","bdot_x_rooms_left_urgency":"We only have {num_left} left on our site!","bhpse_key_collect_error_refresh_page":"Something went wrong – {link_start}please refresh the page{link_end}.","days":"days","msg_lc_notification_name":"{agentname} from Customer Service","rewards_firstuse_taxi_emailflow_error_user_header":"Sorry, this voucher is for another user","list_my_lists_onbaording_box_book":"Book","pb_google_place_bowling_alley":"Bowling alley","sbox_index_gsb_child_age":"age at check-out","bb_sr_theme_waterfront":"Waterfront","beach_review_adj_exceptional":"Exceptional beach","vm_bp_block_voucher_desc_2":"Use your voucher on all attractions and select stays on {b_companyname}.","welcome_to_your_lists":"Make your life easier with Lists!","ski_weather_type_thunderstorms":"Thunderstorms","review_adj_bad":"Bad","filter_hide":"hide","language_exception_d_dmw_wl_calendar_occupancy_children_1":"{num_children} child","d_dmw_wl_calendar_occupancy_apply_cta":"Apply","ar_islamic_calendar_no_month_change":"{hijri_month} {year}","trip_types_beachfront":"Beachfront","sbox_error_checkin_future":"Select a check-in date that's in the future.","tdot_sr_from_centre_location":"{total_distance_from_property} from the center","list_my_lists_onbaording_box_sign_in":"To permanently save a list, and access your lists from a mobile or tablet, {start_link1}sign in{end_link1} or {start_link2}create an account{end_link2}.","ls_flex_search_28_radio":"A month","a11y_pd_rt_price_current":"Current price","language_exception_ski_dc_ski_lift_num_lifts_1":"{total_num_lifts} ski lift","m_ski_overlay_machine_cover":"{number_snow_cannons} snow machines covering {percentage_of_covering}% of the slopes ","ski_weather_type_cloudy":"Cloudy","acc_cal_open_open":"You've opened the calendar widget","pdi_index_popup_wpm_bullet_5":"If the other offer is part of a loyalty or rewards program.","m_ski_overlay_from_price":"From","pb_room_disclaimer":"This is a sample picture of this room type. Individual rooms may vary.","beach_sr_loading_sort_beach_distance_header":"Just a sec – we’re updating your results \n","www_surveygizmo_intro_yes":"Take survey","ski_weather_forecast_date_header":"Weather for {forecast_date}","bhc_sr_new_to_bcom_badge":"New to {b_companyname}","sxp_lp_sbox_num_children":"{num_children} children","lp_sxp_sb_calendar_pick_up":"Pickup","language_exception_num_reviews_sr_page_1":"{num_reviews} review","rewards_firstuse_taxi_emailflow_error_generic_cta":"Got it","check_availability":"Check availability","language_exception_beach_sr_left_side_module_show_all_beaches_1":"Show beach","d_dmw_wl_calendar_occupancy_children":"{num_children} children","language_exception_sr_calendar_min_night_stay_footer_1":"There's a minimum length of stay of {num_nights} night from your check-in date","m_loc_sr_hc_travel_time_minutes":"{num_minutes} min","review_adj_average":"Average","iq_sbox_rental_cars_location":"Pick-up location","ski_weather_type_fair":"Fair","ar_islamic_calendar_dhul_hijjah":"Dhul Hijjah","sr_sbox_flex_dates_select_preferences_footer":"Select preferences","bh_gwe_sr_privacy_no_descriptor_empty_spot":"{num} empty spots","iq_sbox_cars_year_of_departure":"Year of pick-up","pob_sr_map_your_total_price":"Your total price:","ski_related_error_message_web":"Whoops! Something went wrong – please try again later.","extl_reviews_yes_bcom_sr_reviews_modal_second_body_transparent":"Some properties—like those new to our website—don’t have any reviews from {b_companyname} guests. In this case, we calculate a review score using reviews from guests who booked the same property on other trusted travel websites.","language_exception_m_bh_sr_num_beds_1":"{num_beds} bed","recently_viewed_list_v3":"Save these properties to a list","review_adj_very_good":"Very Good","ski_dc_airport_drive_time":"{drive_time} drive","language_exception_m_bh_sr_num_bedrooms_1":"{num_bedrooms} bedroom","a11y_adjective_rating":"Rated {/adjectives/[rating_adjective]/name}","language_exception_b_conf_number_of_rooms_1":"1 room,","prd_sr_card_nights_above_price":"{n_of_nights} nights","pb_google_place_museum":"Museum","acc_index_checkout_calendar_opened":"You opened the check-out calendar","ski_dc_lift_ticket_adult":"Adult from {pass_price}","pb_google_place_convenience_store":"Convenience store","cdm_hp_quick_share_save":"Save","list_not_available":"Not available on:","bb_business_or_leasure_cta_lt":"Mark as leisure trip","m_wl_saved_view":"View","paycom_billing_address_country":"Country/Region","review_adj_superb":"Wonderful","checkout_pay_fe_bp_hybrid_payment_step_2":"Make sure you complete all the steps with {pay_method} to confirm your booking","language_exception_bh_gwe_sr_bed_config_up_to_1":"{num_beds} bed","please_enter_your_check_in_date":"Please enter your check-in date.","reward_mini_tcs_title":"Terms & Conditions","convert_incentives_landing_modal_cta":"Book with your reward","per_night":"per night","sr_calendar_checkout_only_tooltip_info":"Check-out only","language_exception_sxp_lp_sbox_num_children_1":"{num_children} child","raf_flex_post_signin_modal_headline_noname":"You're booking with your friend's reward","iq_sbox_cars_current_location":"My current location","m_ski_overlay_from_apt":"From {airport_name} airport ({airport_iata})","bh_gwe_sr_bed_config_up_to":"Up to {num_beds} beds","genius_free_room_upgrade_frube_tooltip":"Free room upgrade","review_adj_average_passable":"Fair","incentives_engage_reward_banner_loading":"Loading...","incentives_index_landing_error_link_used_header":"This link has already been used","preferred_programme_new_tooltip_pref_plus":"This is a Preferred Plus property. Preferred Plus properties provide excellent value, meet {b_companyname}'s quality standards, and pay {b_companyname} to be in this program.","class":"Class","raf_desktop_friend_modal_subhead_percent_no_name":"Your friend is giving you {value_percent_friend}% back if you book and stay with us. Check it out!","iq_sbox_rental_cars_pick_up_date":"Pick-up date","bh_gwe_sr_privacy_private_apartment_one":"{num} private apartment","pb_google_place_clothing_store":"Clothing store","checkout_experiences_attractions_code_activation_cvc":"CVC","beach_sr_left_side_module_beach_details":"More details","m_ski_overlay_adults":"Adults","bbl_bonus_how_module_steps":"Step {num_step} of 3","gsb_hp_book_now_cta_room":"{num} rooms for {group_recommendation_price}","deepen_sr_benefits_header_not_rate_related":"Genius benefits on select options:","iq_sbox_accommodation_where":"Where are you going?","bh_gwe_sr_card_entire_unit_holidayhome":"{num} entire vacation homes","sr_star_property":"{rating_score} stars","beach_sr_left_side_module_show_all_beaches":"Show all {num_beaches} beaches","language_exception_beach_side_header_closest_1":"Closest beach","maps_sr_iw_real_heart":"The Real Heart of {destination_name}","a11y_announce_sorting_complete_simple":"Sorting complete.","lists_save_this_list_signin":"Do you want to save this list? You'll need to sign in or create an account first.","pdi_index_popup_wpm_contact":"Just remember to contact us after booking and at least 24 hours before your check-in date.","language_exception_vm_bp_block_credits_desc_1_months_1":"They'll be added to your Wallet 14 days after your stay and expire in {num_months} month.","geo_beach_waves_moderate":"Moderate Waves","dsf_rename_list_dialogue":"Enter a new name for this list","destination_finder_num_endorsements":"{num_endorsement_count} recommendations","sr_hp_taxes_and_charges_exception":"Additional charges may apply","ski_dc_ski_lift_num_lifts":"{total_num_lifts} ski lifts","ski_multi_resort_dc_airport_info":"{airport_name} ({airport_distance})","m_ski_overlay_how_to_get_there":"How to get there","checkout_form_no_cc":"Enter a card number","iq_sbox_error_cars_1_hour_future":"Your pick-up time has to be at least 1 hour from now.","triptypes_ski":"Ski","maps_hp_sr_youre_too_late":"You're too late!","language_exception_bh_gwe_sr_privacy_entire_holiday_home_1":"Entire vacation home","maps_none_available_refresh":"Refresh results","bh_m_sxp_calendar_date_select_num_weeks":"({num_weeks} weeks)","bh_gwe_sr_card_entire_unit_apartment":"{num} entire apartments","maps_none_available_sorry":"Sorry, no results","ppd_survey_oct18_price_clarity_num_of_total":"{num} of {total_num}","lists_map_list_name":"List name","language_exception_vm_single_savings_badge_multiple_deals_description_tooltip_pd_1":"You’re getting {num_percent}% off the original price due to multiple deals and benefits.","raf_instant_discount_flex_modal_step1":"Sign in to {b_companyname} or create an account","lists_unit_distance_metric":"{distance} km from the center of {ufi}","iq_sbox_cars_date_of_departure":"Date of pick-up","lists_email_invalid_email_error":"Whoops, this isn't a valid email address – please enter another.","real_login_signin":"Sign in","sbox_num_adults":"{num_adults} adults,","language_exception_msg_lc_tab_new_1":"({number}) new chat message – Booking.com","sxp_sbox_property_count_flexible":"(± {num})","iq_sbox_flights_return_date":"Return","sbox_children":"Children","sr_calendar_min_night_stay_tooltip_info":"Min. {num_nights}-night stay","deals_price_watch2":"Don’t miss out on the lowest price. Start a price watch and we’ll alert you if the rate changes.","m_ski_overlay_youth":"Youth","language_exception_bh_gwe_sr_card_entire_unit_studio_1":"Entire studio","bb_sr_remove_filter":"Remove","sr_calendar_min_night_stay_footer":"There's a minimum length of stay of {num_nights} nights from your check-in date","sr_official_star_rating_tooltip":"This is the official star rating given to the property by an independent third party, the Hotelstars Union. The property is compared to the industry standard and scored based on price, facilities and services available. Use the star rating to help choose your stay!","a11y_sr_close_calendar_icon":"Close calendar","bb_srcard_same_city":"Property in your city","language_exception_bhee_sr_extend_stay_banner_body_1":"{num}% of properties in {city_name} are unavailable for 1 night stays on your dates. Click the dates to extend your stay and discover these properties.","pod_sr_split_free_cancellation":"FREE cancellation","pd_sr_credit_badge_tooltip_body_scenario_two_p1":"You'll earn {start_bold}{amount_with_currency_post} Credits{end_bold}. They'll be added to your Wallet 14 days after your stay and expire in one year.","convert_incentives_index_card_more_info_cta":"More info","language_exception_bh_bp_dates_num_weeks_1":"Total length of stay: {num_weeks} week","a11y_aria_label_carousel_previous":"Previous","extl_reviews_no_bcom_sr_reviews_modal_first_body":"We give properties on our site a review score out of 10. To make it more accurate, we always calculate the score using at least three reviews.","pod_sr_split_no_prepayment_needed":"No prepayment needed","vm_bp_block_credits_desc_1_months":"They'll be added to your Wallet 14 days after your stay and expire in {num_months} months.","language_exception_prd_sr_card_nights_above_price_1":"{n_of_nights} night","list_dropdown_header":"You can save properties to lists","sbox_num_adults_no_comma":"{num_adults} adults","raf_instant_discount_flex_modal_step3_paynow_fixed":"Pay now and get a {value_friend} discount.","star_rating_5":"5-star hotel","language_exception_price_for_x_nights_1":"Price for {num_nights} night","beach_hp_sidecard_more_nearby_button":"More area info","m_bh_sr_num_living_rooms":"{num_living_rooms} living rooms","ski_dc_lift_ticket_header":"Lift passes (1-day tickets)","bh_gwe_sr_privacy_no_descriptor_bed_in_dorm_one":"{num} bed in dorm","star_rating_4":"4-star hotel","paycom_billing_address_postal_code":"Billing zip code","review_adj_very_poor":"Very Poor","copy_maps_hp_back_to_property":"Back to property","deals_landing_blackfriday2022_hero_countdown_timer":"Offer ends in {countdown}","beach_review_adj_average_passable":"Fair beach","name":"Name","checkout_form_invalid_expiration":"Your card has to have a valid expiration date","months":"months","language_exception_vm_single_savings_badge_name_pd_1":"{num_percent}% off","pb_google_place_bus_station":"Bus station","raf_desktop_friend_modal_step_one_subhead":"From cozy apartment stays and chic villas to luxury hotels, find and book your perfect accommodations anywhere in the world","raf_friendlanding_index_lightbox_headline_percent_wallet":"Get {value_percent_friend}% Back in Wallet Credit","lists_lightbox_dates_reveal_price":"Select dates to reveal price and availability.","ski_weather_type_sunny":"Sunny","sr_just_added_label":"Just added!","language_exception_pob_sr_maps_message_intro_1":"You already have {num_overlapping_bookings} booking from {short_date_start} to {short_date_end}:","ski_sr_overlay_ski_resorts_near_city":"We found {number_resorts} ski resorts near {city_name}","ios_ace_wishlist_unavailable_for_dates":"Unavailable for your dates on our site","language_exception_rates_rocket_sr_num_results_accom_partners_1":"Showing all properties plus {num} deal from <b>{rocket_brand_name} </b>","pb_google_place_airport":"Airport","iq_sbox_accommodation_holiday_rental":"Vacation rental","raf_desktop_friend_modal_faq":"{start_link}Frequently asked questions{end_link}","lists_wishlist_note-saved":"Saved!","raf_deals_easter19_cta":"View deals","search_guest_type_adults":"Adults","ski_sr_dc_number_resorts_nearby":"{num_resorts} ski resorts nearby","review_adj_pleasant":"Pleasant","app_marketing_www_landing_anti_fraud_voice_ac2":"Security check complete – release and wait. ","raf_flex_post_signin_modal_button":"Browse places to stay","beach_sr_distance_from_beach_ft":"{distance} ft from beach","lists_endorsement_highly_rated":"{ufi_name} is highly rated for {interest_point}.","wish_lists_be_first":"Be the first to add this","checkout_form_card_number":"Card Number","extl_reviews_no_bcom_sr_reviews_modal_second_body_transparent":"Some properties—like those new to our website—don’t have any reviews from {b_companyname} guests. In this case, we calculate a review score using reviews from guests who booked the same property on other trusted travel websites.","checkout_form_cvc_tooltip_3_digit":"Your 3-digit security code is printed on the signature strip","ski_lift_distance_pop_up_map":"{distance_localized} from property","d_dmw_wl_simple_steps_1":"Search for a place to stay","reward_mini_tcs_fulltcs_cta_link":"Terms and conditions","m_ski_overlay_difficult":"Difficult","settings_page_error_message":"Sorry, something went wrong. Please try again.","bh_gwe_sr_privacy_private_apartment":"{num} private apartments","raf_desktop_cannot_book_property":"You can’t book this property with the Refer a Friend Program. Try searching for another property.","checkout_form_more_options":"More options","pdi_index_wpm_popup_cant_claim":"When can you not make a claim?","sbox_error_enter_dest":"Enter a destination to start searching.","bbg_account_activity_no_activity":"You have no notifications","pdi_index_popup_wpm_bullet_1":"The other offer has to be for the same property and accommodation type.","m_ski_overlay_snow_reliable":"Snow details","geo_beach_food_and_drink":"On-Site Food & Drink","paycom_billing_address_state_or_province":"State/Province","language_exception_x_now_sold_out_compliant_1":"The property you recently viewed is now unavailable on our site","notifications_percent_reserved_cta":"Continue your search","rates_rocket_gating_popup_error":"Enter a valid code.","bh_gwe_sr_card_entire_unit_studio":"{num} entire studios","ski_dc_elevation_range":"{lowest_elevation}–{highest_elevation} elevation","content":"Content","m_ski_overlay_ski_trails":"Ski trails","vm_earn_voucher_desc_1_bold_badge_tooltip_pd":"You'll earn a {start_bold}{amount_with_currency_post} voucher{end_bold}. It'll be added to your Wallet 14 days after your stay and will expire in {num_months} months.","loc_sr_filter_budget_applied_filter_to":"To {to_value}","language_exception_iq_sbox_accommodation_num_guests_1":"{num_guests} guest","ski_dis_see_more__web":"See more","language_exception_genius_get_a_discount_select_rooms_1":"Up to {num_percent}% discount","a11y_travheader_view_notifications_count":"You have {num_notifications} unread notifications","convert_incentives_index_card_copy_cta":"Copy","sr_sbox_flex_dates_two_months_footer":"{month_name_1}, {month_name_2}","checkout_form_enter_cvc_code":"Enter your 3 or 4-digit security code","iq_sbox_flights_depart_date":"Depart","app_marketing_www_landing_anti_fraud_voice_ac1":"Press and hold to send link to your phone.","gex_w_sr_meta_landing_sign_in_card_toast":"Discounts applied to all Genius properties","language_exception_d_dmw_wl_calendar_occupancy_rooms_1":"{num_rooms} room","m_ski_overlay_lift_tickets_body_copy":"Lift tickets","hp_go_to_book_button_ja":"Go to book","language_exception_ss_sxp_index_sbox_calendar_num_night_stay_1":"({num_nights}-night stay)","sr_calendar_approx_prices_info_multi_day_stay":"Approximate price per night in {currency} for a stay starting on {date}","raf_friend_lightbox_subtitle_noname":"(And don't forget to thank your friend!)","num_reviews_sr_page":"{num_reviews} reviews","ar_islamic_calendar_rajab":"Rajab","price_watch_sorry_1":"You can only watch up to {max_number_properties} prices.","beach_explore_panel_ave_cost":"Average cost per night","search_xp_sb_manual_tooltip_month":"Month of stay","language_exception_lists_distance_metric_1_1":"1 mile from the centre of {ufi}","maps_none_available_remove_all_filters":"Remove all filters","beach_sr_header_see_beaches":"See all beaches","language_exception_beach_sr_distance_from_beach_ft_1":"{distance} ft from beach","maps_none_available_change_filters":"Change your filters","extl_reviews_no_bcom_sr_reviews_tooltip_cta":"Learn more about external reviews","iq_sbox_error_cars_arrival_after_departure":"Select a drop-off date that comes after your pick-up date.","price_display_credit_source_genius_vip_all":"You're getting Credits because you're a Genius VIP.","paycom_billing_address_house_number_or_name":"Apartment/Unit number","raf_friendlanding_index_lightbox_step3_description_cc":"Get your reward on your credit card.","ski_weather_type_snow_sleet":"Sleet","language_exception_vm_earn_voucher_desc_1_bold_badge_tooltip_pd_1":"You'll earn a {start_bold}{amount_with_currency_post} voucher{end_bold}. It'll be added to your Wallet 14 days after your stay and will expire in {num_months} month.","app_marketing_www_landing_anti_fraud_cta":"Press & hold to send link","bh_gwe_sr_privacy_no_descriptor_bed_in_dorm":"{num} beds in dorms","d_dmw_wl_calendar_occupancy_rooms":"{num_rooms} rooms","lists_email_invalid_last_name_error":"Please enter a last name","ski_dc_trail_intermediate":"Intermediate","comp_num_reviews_sr_page":"{num_reviews} reviews","pb_google_place_florist":"Florist","pb_google_place_zoo":"Zoo","maps_none_available_no_props_avail_here":"Sorry, there aren't any properties available here","wl_lists_max_tooltip":"You reached the max number of lists","maps_google_distances_hours":"{num_hours} hours","language_exception_a11y_travheader_view_notifications_count_1":"You have {num_notifications} unread notification","rewards_firstuse_taxi_emailflow_error_used_header":"Sorry, this voucher has already been used","language_exception_bh_gwe_sr_card_entire_unit_chalet_1":"Entire chalet","bb_sr_theme_activities":"Activities ","bh_gwe_sr_privacy_entire_studio":"{num} entire studios","all_deals_1":"Great value","raf_flex_post_signin_modal_subtext_fixed_wallet":"Find a place to stay and get {value_friend} back in travel credit.","raf_friend_lightbox_step_3_description":"Claim your cash reward.","beach_hp_explore_nearby_panel_header":"Around {property_name}","bh_prd_sr_card_weeks_above_price":"{num_weeks} weeks","www_surveygizmo_intro_no":"Not now","genius_frube_tooltip_benefits":"Your Genius Perks:","lists_wishlist_save_note":"Save","pb_google_place_grocery_or_supermarket":"Supermarket/grocery store","beach_sr_distance_beachfront":"Beachfront","language_exception_bhgwe_sr_show_bh_bathroom_num_0":"{num_bathrooms} bathrooms","list_dropdown_email_last_name_example":"Smith","rates_rocket_gating_popup_technical_error":"Something went wrong – try again later.","iq_sbox_flights_date_of_return":"Date of return","msg_cta_lets_get_started":"Let's get started","hotel":"Hotel","pd_cp_credit_after_stay_block_header":"You’ll earn {start_bold}{amount_with_currency_post} Credits{end_bold}","my_list_date_button_v2":"Apply dates to see availability","language_exception_a11y_hp_bookmarks_button_saved_1":"This property is saved to {num_lists} of your lists","vm_earn_voucher_badge_tooltip_pd":"Earn a voucher","raf_deals_easter19_subheader_wallet":"With Easter Deals savings of at least 20%, now is the time book!","acc_cal_week_number":"Week {week_number}","list_wishlist_send_to_friends":"Share the list","rates_rocket_hp_tooltip":"Our accommodation partner {rocket_brand_name} provides exclusive deals on select properties.","deals_price_watch9":"Stop watching","pdi_index_wpm_popup_desc":"{startBold}You can claim a refund for the difference if you find your reservation cheaper on another website.{endBold} ","m_ski_overlay_lift_tickets_header":"Lift tickets","language_exception_msg_lc_alt_messaging_platform_1":"Check your new message","iq_sbox_flights_one_way":"One-way","iq_sbox_error_flights_departure_date_too_far_future":"Your departure date was too far in the future – try again.","a11y_hp_bookmarks_add_to":"Add property to your lists","ge_deepen_free_breakfast_benefits_tooltip":"Free breakfast","language_exception_sr_sbox_flex_dates_days_months_footer_0":"{days} in {month_names}","desktop_maps_zoom_to_city_tip":"Zoom to view {cityName}","bb_business_or_leasure_tooltip_lt":"Mark this booking as a leisure trip","bh_gwe_sr_privacy_shared_bathroom_room":"{num} rooms with shared bathrooms","sr_sbox_flex_dates_checkin_checkout_preferred_dates":"Preferred dates","language_exception_ski_multi_resort_dc_see_properties_1":"See property nearby","pdi_index_popup_wpm_bullet_4":"If the other offer is on a website that doesn’t reveal the property or accommodation type you’ll be staying in until after booking.","acc_index_choose_checkout_date_arrowkeys":"Select your check-out date using the arrow keys","raf_instant_discount_flex_modal_step3_paylater_fixed":"Pay at the property and get {value_friend} back after your trip.","language_exception_sbox_dates_num_nights_1_1":"1-night stay","ski_sr_more_options_sat2sat_subheader":"Many ski properties become available during the weekend","rewards_firstuse_taxi_emailflow_error_used_body":"Keep an eye on your inbox for future rewards and deals","sbox_adults":"Adults","iq_sbox_accommodation_num_guests":"{num_guests} guests","sr_sbox_flex_dates_days_months_footer":"{days} in {month_names}","checkout_form_pay_method":"{/payment_method/[method]/name} Payment","star_rating_4_half":"4.5 star hotel","beach_sr_left_side_module_header":"Find your perfect beach","trip_types_distance_property":"{distance_localized} from property","deals_price_watch_2":"You're subscribed to price watch emails for this property, so you get the best deal out there.","bh_gwe_sr_privacy_entire_apartment":"{num} entire apartments","pdi_index_popup_wpm_checklist_contact_2":"You'll have to give us the link to the other offer and it needs to be online and available when we check. ","m_wl_removed_from":"Removed from {list_name}","sr_sbox_flex_dates_custom_selection_nights":"{num_nights} nights","language_exception_deals_landing_blackfriday2022_hero_countdown_days_1":"Offer ends in {num_days} day","sr_search_card_includes_taxes_charges":"Includes taxes and fees","d_dmw_wl_num_properties_saved":"{num_properties_saved} properties saved","raf_instant_discount_flex_modal_subtext_name":"(and don't forget to thank {advocate_name}!)","prd_sr_card_children_above_price":"{n_of_children} children","convert_incentives_landing_modal_tcs_cta":"Terms and conditions","auth_2fa_recovery_flow_code_sent_explanation":"When you added Two Factor Authentication to your account, we asked you to provide us with a recovery email address in case you didn't have your phone on hand.","ski_weather_type_snow_showers":"Snow showers","raf_friend_lightbox_subtitle":"(And don't forget to thank {friend_name}!)","checkout_form_incorrect_name_type":"Enter your name as it appears on your card","language_exception_sr_star_property_1":"1 star","checkout_form_cvc_tooltip_4_digit":"Your 4-digit security code is printed above the card number","geo_beach_swimming":"Swimming Allowed ","raf_instant_discount_flex_modal_step2":"Find a place to stay","language_exception_lists_room_type_lightbox_room_1":"1 more room type","pb_google_place_bakery":"Bakery","language_exception_gsb_hp_book_now_cta_villa_1":"{num} villa for {group_recommendation_price}","checkout_form_payment_method":"Payment Methods","loc_character_comma":", {zwsp}","iq_sbox_flights_date_of_departure":"Date of departure","pb_google_place_aquarium":"Aquarium","review_adj_exceptional":"Exceptional","ski_weather_type_rain_shower":"Rain shower","language_exception_bhee_sr_extend_stay_banner_head_1":"Discover up to {num} extra property in {city_name} by adding 1 night to your stay","checkout_form_3_digit_cvc":"Enter the 3-digit security code located on the back of your card","pb_google_place_subway_station":"Subway/metro station","recently_viewed_list_v2":"Don't lose track of your favorite property.","ls_error_max_los_exceeded_p2":"Bookings can only be made for a maximum of {max_num_nights} nights – enter alternative dates and try again.","wishlist_delete_prompt":"Are you sure? This can't be undone.","review_adj_good":"Good","language_exception_list_percent_off_value_1":"-1%","m_ski_overlay_distance_airport":"{distance_km_formatted} away","raf_friendlanding_index_lightbox_headline_percent_cc":"Get {value_percent_friend}% Back in Cash Rewards","bh_gwe_sr_privacy_entire_holiday_home":"{num} entire vacation homes","sr_search_card_plus_taxes_and_charges_amount_v2":"+{sum_taxes_charges} taxes and charges","bh_gwe_sr_privacy_private_room":"{num} private rooms","beach_sr_distance_to_beach":"{distance_to_beach} from beach","tpi_sr_banner_filter_tooltip":"Cheaper, but with limited availability and more restrictions because they're provided by wholesale partners.","maps_hp_sr_reviews_after":"Based on {start_bold}{num_reviews}{end_bold} real guest reviews","iq_sbox_cars_month_of_departure":"Month of pick-up","search_box_cal_checkin_date":"Check-in Date","ar_islamic_calendar_two_years":"{first_hijri_month} {first_year}/{second_hijri_month} {second_year}","iq_sbox_error_flights_departure_date_invalid":"Your departure date is invalid.","list_dropdown_email_example":"name@example.com; name@example.com","sal_verify_phone_popup_enter_ineligible":"Enter a {provider} number to participate in the promotion.","sal_verify_phone_popup_code_expired_code":"This code is expired. Click \"Resend code\" to try again.","fe_cc_transport_info_general":"Transportation Information","x_now_sold_out_compliant_sold_out":"{num_sold_out} properties you recently viewed are now sold out on our site","loc_m_social_connect_naver_sign_up":"Sign up with Naver","m_ski_overlay_half_pipe":"Half pipe","hotel_header_new_num_reviews":"{num_reviews} reviews","a11y_cta_close":"Close","language_exception_bh_gwe_sr_privacy_private_studio_1":"Private studio","bh_gwe_sr_privacy_entire_bungalow":"{num} entire bungalows","vm_earn_rewards_badge_name_pd":"Earn {amount_with_currency} in rewards","a11y_hp_bookmarks_button_hover":"Your lists","maps_sold_out_copy_with_dates_correct":"{start_syle}{Sold_out}{end_style} ({short_month_name} {start_day_of_month}-{end_day_of_month})","close":"Close","sr_dates_cta_choose_room":"Select your room","maps_explore_sidebar_top_things_to_do_header":"Top Things to Do","geo_beach_water_quality_great":"Great Water Quality","loc_m_social_connect_naver_sign_in":"Sign in with Naver","a11y_announce_sorting_complete":"Results sorted by {sort_option_name}.","language_exception_destination_finder_num_endorsements_1":"{num_endorsement_count} recommendation","generalised_num_properties":"{num_hotels} properties","raf_desktop_friend_modal_how_it_works_header":"How It Works","language_exception_sxp_index_sbox_horizontal_adults_1":"{num_adults} adult","nights":"nights","language_exception_deals_landing_blackfriday2022_hero_countdown_timer_1":"Offer ends in {countdown}","do_you_want_to_save_cta":"Save this property to this list","iq_sbox_flights_departure":"Departure date","map_distance_from_property":"{distance_localised} from property","m_wl_saved_to":"Saved to {list_name}","bb_sr_theme_countryside":"Countryside","language_exception_bh_gwe_sr_privacy_private_suite_1":"Private suite","language_exception_bh_gwe_sr_privacy_entire_villa_1":"Entire villa","book_button_now":"Book now","account_sign_in_one_tap_verifying_body":"Signing in to {b_companyname}","ppd_survey_oct18_price_clarity_progress":"Progress","gex_google_popup_email":"Sign in to unlock deals and discounts!","a11y_pd_rt_price_original":"Original price","language_exception_beach_sr_distance_from_beach_m_1":"{distance} m from beach","loc_social_connect_google_sign_in":"Sign in with Google","pb_google_place_restaurant":"Restaurant","language_exception_a11y_gallery_image_screenreader_total_in_gallery_0":"No images in this gallery","dsf_rename_list_dialogue_zhtw":"Enter a new name for this list","ar_islamic_calendar_warning_message":"Please note : Only the Gregorian date will be submitted in the reservation.","paycom_billing_address_save_card_and_address":"Save card and billing address for faster future payments","pb_google_place_shoe_store":"Shoe store","language_exception_pob_sr_map_days_until_your_stay_1":"{num_days} day until your stay","checkout_form_booking_process_yy":"YY","raf_desktop_friend_modal_header":"Hi there! Welcome to {b_companyname}","tt_beach_review_language":"{num} reviews in your language","raf_friend_lightbox_step_2":"Step 2","iq_sbox_error_dates":"Please enter a date in the future.","bh_gwe_sr_card_entire_unit_suite":"{num} entire suites","auth_next_step_error_empty_verification_code":"Enter a verification code","language_exception_bh_ss_sxp_index_sbox_calendar_num_week_stay_1":"({num_weeks}-week stay)","m_ski_overlay_children":"Children","prd_sr_card_adults_above_price":"{n_of_adults} adults","checkin_date":"Check-in date","pb_google_place_shopping_mall":"Shopping mall","my_list_date_button_v1":"Check availability and prices","search_box_cal_checout_date":"Check-out Date","star_rating_1":"1-star hotel","pb_google_place_library":"Library","pdi_index_popup_wpm_bullet_6":"If the other offer is a special promotion or deal.","ski_dc_trail_easy":"Easy","language_exception_ski_extranet_ski_lifts_seats_tag_1":"1 seat","raf_desktop_friend_modal_step_three_subhead":"After we’ve confirmed your stay with the property, you’ll get {value_friend}!","ski_weather_type_snow_drizzle":"Drizzle","loc_sr_filter_budget_applied_filter_from":"From {from_value}","www_msg_welcome_value_prop":"Need a parking space, late check-out or something else? Our virtual assistant can help.","raf_instant_discount_flex_modal_subtext_noname":"(and don't forget to thank your friend!)","bb_sr_theme_nature":"Nature","pex_flights_sb_num_travellers":"{num_travel} travelers","language_exception_sr_sbox_flex_dates_custom_selection_nights_1":"{num_nights} night","share_tooltip":"Share","raf_flex_post_signin_modal_subtext_percent_cc":"Find a place to stay and get back {value_percent_friend}% of your booking.","lms_srp_percentage":"With extra last-minute discounts of up to {num_saving}% off!","lists_map_list_name_zhtw":"List name","map_view_check_availability":"Check availability","bb_business_or_leasure_success_notification":"Your travel details have been successfully saved ","ppd_survey_oct18_price_clarity_complete_cta":"Complete survey","language_exception_gsb_hp_book_now_cta_room_1":"{num} room for {group_recommendation_price}","ios_ace_wishlist_show_on_map":"Show on map","lists_endorsement_perfect_stay":"Find your perfect stay!","www_maps_areas_feature_explore_title":"Explore","star_rating_3":"3-star hotel","lists_sign_in_to_see_click_here":"Sign in","wl_select_a_list":"Select a list","ski_dc_resort_card_more_details":"More details","bh_gwe_sr_privacy_shared_bathroom_room_one":"{num} room with shared bathroom","map_sr_filter_loading_sub":"You'll see your results on the map","loc_instalments_card_check":"The card you've selected doesn't allow instalments.","pb_google_place_movie_theater":"Movie theater","iq_sbox_rentalcars_current_location":"Current Location","pb_google_place_train_station":"Train station","please_take_a_few_seconds":"Please take a few seconds to give us your opinion in a {quick_surveyLink}quick survey{endLink}.","vm_bp_block_voucher_message_title_bold":"Earn {start_bold}{amount_with_currency} voucher{end_bold}","num_hotels":"{num} hotels","maps_explore_sidebar_top_things_to_do_subheader":"Discover the best {city_name} has to offer.","a11y_index_autocomplete_suggested_destinations_list":"List of suggested destinations ","help_preferred_plus_property":{"value":"This property is part of our Preferred Plus Program. It's committed to providing outstanding service and excellent value. It'll pay us a higher commission if you make a booking.","experiment_hash":"ZOOYDLXAdcCcdOOdDC"},"loc_social_connect_facebook_sign_in":"Sign in with Facebook","beach_review_adj_very_poor":"Very bad beach","sr_last_room_reserved":"We've reserved our last available room at this property","search_guest_type_children":"Children","pdi_index_wpm_popup_checklist":"We Price Match Checklist","free_capitals_cancellation":"Free cancellation","lists_endorsement_perfect_stay_people_from":"{ufi_name} is highly rated for {interest_point} by people {from_country_name}.","sp_gating_sms_third_party_cookies_error_message":"Allow third-party cookies in your browser settings to continue.","maps_sold_out_copy_with_dates_crossover_correct":"{start_style}{Sold_out}{end_style} ({start_short_month_name} {start_day_of_month} - {end_short_month_name} {end_day_of_month})","pb_google_place_food":"Food","language_exception_ls_error_max_los_exceeded_p1_1":"Your check-out date is more than {max_num_nights} night after your check-in date.","auth_2fa_recovery_flow_code_sent_status":"We've sent a temporary verification code that will let you access your account","last_chance":"Last chance!","checkout_form_cvc_code_title":"Security Code","ski_dc_total_trail_length":"{trail_distance} of trails","ski_multi_resort_dc_see_properties":"See properties nearby","d_dmw_wl_calendar_occupancy_adults":"{num_adults} adults","list_dropdown_email_last_name":"Last name","language_exception_m_bh_sr_num_living_rooms_1":"{num_living_rooms} living room","ski_dc_ski_lift_header":"Ski lift info","language_exception_bh_gwe_sr_privacy_hotel_room_1":"Hotel room","bh_gsb_search_box_checkout_age_plural":"Children's ages on {date}","maps_sr_iw_best_price_yet":"Best price you've seen so far!","a11y_link_content_change_dialog_box":"Dialog box content has changed","checkout_form_booking_process_mm":"MM","iq_sbox_flights_travellers":"{num_travellers} travelers","m_ski_overlay_toboggan":"Toboggan","beach_sr_left_side_module_beach_properties":"Show closest properties","ar_islamic_calendar_dhul_qaadah":"Dhul Qa'adah","m_ski_overlay_snow_park":"Snow park","rates_rocket_hp_rooms_table_boost_message":"Pay more to earn more","extl_reviews_no_bcom_sr_reviews_modal_header":"External review score","raf_instant_discount_flex_modal_headline_fixed":"Save {value_friend} on your booking","d_dmw_wl_just_added_label":"Just added!","a11y_rating_score_for_screenreader":"Scored {review_score_number} ","list_my_lists_onbaording_box_comp":"Compare","bh_gwe_sr_privacy_entire_chalet":{"value":"{num} entire cabins","experiment_hash":"ZOBJZGDYeUaHBXLMSPRSQcfOEbMUO"},"maps_google_distances_minutes":"{num_minutes} minutes","rewards_firstuse_taxi_emailflow_error_user_body":"Sign up for our newsletters to get rewards delivered straight to your inbox","x_now_sold_out_compliant":"{num_sold_out} properties you recently viewed are now unavailable on our site","pb_google_place_liquor_store":"Liquor store","genius_icon_tooltip":"You're saving an extra 10% on this property because you're a Booking Genius!","list_my_lists_onbaording_box_save_msg":"Save your favorite properties in a list so you can refer back to them or book – anytime.","bh_gwe_sr_privacy_shared_dorm_room_one":"{num} shared dormitory room","ski_weather_type_snow_fog":"Fog","a11y_hp_bookmarks_name_new":"Type the name of your list and press enter to add","raf_friend_landing_save_for_later_cta":"Save for later","bb_business_or_leasure_tooltip_bt":"Mark this booking as a business trip","wl_cta_button_table_reserve":"Reserve","raf_friend_lightbox_title":"Earn a {value} Cash Reward","www_maps_areas_feature_city_centre_generic":"The heart of {city_name}, home to many of the city's best attractions, restaurants, and shopping. ","recently_viewed_list_name_dropdown_explanation_box_header":"No more losing track!","checkout_storing_credit_card_details_11":"Add this card to your account for faster booking","loc_sbox_children_age_singular":"Age of child at check-out","all_deals_3":"Last-minute Deal","fd_lp_header_rs":"Review score","bh_gwe_sr_privacy_entire_studio_one":"{num} entire studio","wl_no_availability_change_dates_cta":"Change dates","rewards_firstuse_taxi_emailflow_error_used_generic":"Got it","raf_friendlanding_index_lightbox_step3_description_wallet":"Get your reward in Wallet credit.","review_adj_poor":"Poor","pd_bp_credit_block_after_stay_p2":"Use your Credits on all attractions, taxis paid in advance, and select stays on {b_companyname}.","recently_viewed_list_variableopt_1":"A property has been saved in the \"{name_of_list}\" list","d_dmw_wl_calendar_dates_apply_cta":"Apply","raf_friend_landing_shut_down_modal_body":"Our referral program is closed. You can go ahead and make a booking, but you won’t be eligible for a referral reward.","d_dmw_wl_taxes_and_charges_may_vary":"taxes and charges may vary","paycom_validate_tpv_billing_address_house_number_or_name":"Enter a valid apartment/unit number","a11y_hp_bookmarks_button_saved":"This property is saved to {num_lists} of your lists","anonymous":"Anonymous","m_ski_overlay_ski_terrain":"Ski terrain","language_exception_maps_hp_sr_reviews_after_1":"Based on {start_bold}{num_reviews}{end_bold} real guest review","m_ge_deepen_hp_benefits":"Free breakfast","no":"No","welcome_to_your_lists_save_them":"Save your favorite properties on this computer."},"flight_class":{"5":{"name_with_class":"Any class"},"4":{"name":"First class"},"3":{"name":"Business"},"2":{"name":"Premium economy"},"1":{"name":"Economy"}},"country":{"xa":{"name":"Abkhazia"},"ge":{"name":"Georgia"}},"Ski_lifts_types":{"9":{"name":"Funicular lift"},"3":{"name":"Hybrid lift"},"6":{"name":"J-bar lift"},"5":{"name":"T-bar lift"},"11":{"name":"Funicular lift"},"10":{"name":"Cablecar lift"},"2":{"name":"Chairlift"},"4":{"name":"Drag lift"},"8":{"name":"Magic carpet lift"},"7":{"name":"Rope tow"},"1":{"name":"Gondola lift"}},"error":{"checkin_date_invalid":{"name":"Your check-in date is invalid."},"checkout_date_more_than_30_days_after_checkin":{"name":"Your check-out date is more than 30 nights after your check-in date. Bookings can only be made for a maximum of 30 nights. Please enter different dates and try again."},"checkout_date_more_than_45_days_after_checkin":{"name":"Your check-out date is more than 45 nights after your check-in date. Bookings can only be made for a maximum of 45 nights. Please enter different dates and try again."}}});
}(window.booking));
</script>
<script nonce="Y346mIyU7Ic0W43">
booking.env.priceWatch = {
b_price_alert_canceled: "",
b_price_alert_all_canceled: ""
};
</script>
<script nonce="Y346mIyU7Ic0W43"> if( window.performance && performance.measure && 'b-post-scripts') { performance.measure('b-post-scripts'); } </script> 
<script nonce="Y346mIyU7Ic0W43" src="https://cf.bstatic.com/static/js/raf_cloudfront_sd/45d8698d75530fb1caf4234ae781820e86c68a9a.js" crossorigin></script>
<div id="__CAPLA_APP_ROOT__"><div data-capla-component="b-search-web-searchresults/SearchBoxDesktopHorizontal/BreadCrumbsDesktop/HeaderDesktop/LeftColumnDesktop/PropertiesListDesktop/SearchBoxDesktop/TripTypeRecommendations/SortersBar/TravellerHeader/GlobalAlerts/PropertiesListMap/MapDesktop" data-capla-namespace="b-search-web-searchresultsBXEQLBaN"></div></div>
<script data-capla-application-context="data-capla-application-context" nonce="Y346mIyU7Ic0W43" type="application/json">{"publicPath":"https://cf.bstatic.com/psb/capla/","cdnOrigin":"https://cf.bstatic.com","bplatformEnvironment":"prod","cspNonce":"Y346mIyU7Ic0W43","acceptHeader":"*/*","language":"en-us","basePageUrl":"https://www.booking.com/searchresults.html?dest_id=261060\u0026dest_type=landmark\u0026si=ai%2Cco%2Cci%2Cre%2Cla%2Cdi","currency":"USD","visitorIP":"181.66.151.1","visitorCountry":"us","visitorCountryRegion":"lma","visitorUfi":-352647,"affiliate":{"id":304142,"isBookingOwned":true,"isCobrand":false,"isBookingBranded":false,"isHybrid":false,"label":"gen000nr-10CAQoggJCD2xhbmRtYXJrXzI2MTA2MEgzWARo7AGIAQGYATO4AQXIAQXYAQPoAQH4AQGIAgGoAgG4AtrfkKgGwAIB0gIkOWIzM2E5MTMtNDMwZC00YzZmLTg5Y2ItZmU2OWJjYjc3MDc02AIB4AIB","isGeniusAffiliate":true,"partnerId":1},"isInternal":false,"isInternalIp":false,"isInternalUser":false,"pageviewId":"7c9c48ada4eb027a","actionName":"searchresults_irene","userAgent":{"deviceType":"unparsed_ua","browserName":"Unparsed","uaGroupId":82,"userAgent":"appium/8.3.0 (selenium/4.12.1 (java windows))"},"sessions":[{"type":"frontend","id":"4d6ba12c187d02b81beec9d404a74d7f"}],"etSerializedState":"EVykwGKBrCVkvURqu81-v-LsplT1IvEryku7j90i3DfIjGmAYEYR9j35nWDJkXk7xQyLC6C1wKH6cDUr3H6g2FQ","encryptedCommonOauthState":"UpQCnPCIIMj4ET9lcETuIb6LxmwAG9JPUemHeLaj4ZHsN-DTKfLaBjwFmvz4lEoxtMpFb4NB2qeDJxOOYoOhGf2DqGVKGMME_lGgj6IMwAV2boHZVP9KD0t6eyzzAUP9g2mOLef2CuSsEeGk6IgO9PL77tUyP3piD5lF-zxkWol9qRuTu6xaTOESA-GsBRD0BvZi9e2WmKMToDdEmqouNISvJekuDigGMLRsnMlW7j4JzgDIPJY8eSN9kWsoJJJnXAc2VetTXtYEW6nrRNm_qsmRbpT0nctSEEcsBeb29ASJ8_v9R9_SOHkuzyQhJV8M1WQ_1cTN74bLTspi2jUqKbt_yAM6FMoiw4UPS2paQ60wg4L421tZ","isNormalRequest":false,"isRobotRequest":true,"isLanding":true,"siteType":"WWW","siteId":1,"csrfToken":"eyJhbGciOiJIUzUxMiJ9.eyJpc3MiOiJjb250ZXh0LWVucmljaG1lbnQtYXBpIiwic3ViIjoiY3NyZi10b2tlbiIsImlhdCI6MTY5NDc3MzIxMCwiZXhwIjoxNjk0ODU5NjEwfQ.xn6nESSQ3_QDYhBbQwJJg8mtremjmkbnsM-Na3u80G0ntQOAsRXQMvFZhYTXy_FV4R1reGEjCqhMSSYpdLcjjQ"}</script><script id="__CAPLA_CHUNK_METADATA__b-search-web-searchresultsBXEQLBaN__CAPLA_APP_ROOT__" type="application/json">{"chunks":["3adb9e25","34f2af62","fd1a5492","b71e2dc8","5ab48c7f","64feba51","66212866","d01efdaf","51308afc","3c0c92a2","861a93b6","9b319ccc","976086da","7eb49103","7e33f430","7fe37de8","5f950c3a","a922c109"],"experimentTags":{"ODREYFbYALUZCGVTfeBHMacHSCZC":1,"NAFLeOeJcCcCcCFdRaaKdGJQDZOKZEHe":0,"ODREBdJBCDcFGHT":0,"TZUfdKNKNKPRVfEeSPGOaYdYO":0,"TZUfdKNKNKPeTcZVfTLScXQOVWe":0,"TZUfCDWOODXaJPeTJLBWHZHT":0,"TZUfCDWOODUeQFaJefTLKGBfC":0,"INFddKNKNKHYPYYdbFDaeKe":0,"VCTOWPHDDPeTFfAZCCZKXe":0,"VCTOFRURURYeSZVJNWWNRRT":0,"ODREBEDaWMLUTUbERVHe":1,"INFddKNKNKPBDJJHMVGPLTLReASdVLT":0,"bPFTMGCVFPPKNAPcHMaXDORMTfLT":0,"bPFTMGCVFPPKNAPcHMaXWPHDDWe":0,"TZUfIFOcIYUIKPSCPEQeLVZQLNJcCWcYUcO":1,"aXTfOFJZMYeKTcABVYUfFdHMPVWCGTQJQJET":0,"aXTfOFJZMYeKTcABVYUfEFfVacDNEQEDC":0,"BHDTJdReLBBVYUIeTJZYGTXT":0,"BHDTJdReLAUeASHLUXe":0,"eWfaYPZPIEKeAEGUPdOSBXAFUTUeeae":0,"eWHMYTBADDbdEcLcDNTVXVeUOHSeEeRYOTUNQQHT":0,"eWHMYTBADDbddPKFTdRNYYdXGBbLPNOUJBNZDNTfLLXT":0,"eWHMcCcCcCWEYcZbMQMLebPXKXXGPNSOUJBYASOWNIHHZCJNRe":0,"ODRdLOLOLOCcMEfTLEPYNSGJLBWHHT":0,"TZUfdKNKNKHbCZIVScZOAaNCWLcYC":0,"TZUfdKNKNKHbCZIVScZOECQdHZVBEGNcXaO":1,"YdXfdKNKNKPWZJdUQWTCUZZAUGO":1,"YdXfCDWOODCSVZNbIUONSFbYLT":1,"fBTeecNAWIHQaBAWeLFTdWe":0,"NAREFBCdCNTNMbPCFO":1,"ODREBEdaWNAcfDZBfFHcYBCeUC":0,"ODREGPKBbLEdaWEIEYIEHe":0,"VCTOFRURURYTfbacWCcYZMHBeZOEfSPMHTHT":0,"VCTOWPHDDHUJFWQIOQPFdRNeFBHDTJdReRe":0,"GfCDATBaXKTBBOGNVJYEVbCbZUWe":0,"ODRdLOLOLOASKFZJODXQEHNPVT":0,"ZOMPGfFdHMaMEAfGTJJbMFJQPYUbUKe":0,"TWRGYTBOQQbHVEZYPfIZFKFeacWXT":0,"HINZJLeUXSaZbCDWOOWQIAZcaOaaO":0,"ODRdHUYDZHFBXVWUWCHOYO":0,"ODREGHcWIADDbdEKfPBDORe":0,"OLdaWELZQdKNKNKWe":0,"OLdaWELZQCDWOOC":0,"ODREGZEOTOCaIeJYKabWTacWXT":0,"HINZJLeUXLCddLOLOLOCcAZdJAINRe":0,"ODREGHXYRFKUAAZFLMUWCPbfBJEUZC":1,"ODRdLOLOLOCGVTbScaCJSUWe":1,"NAFLeOeJOMeXPQeNCGVfSCMeDDae":1,"ODREBEPVIRPLbeTLdaRO":0,"ODRdHUYRDIFIeTJHcWXT":0,"NAFLeOeJAETbSbcYGfPKNCGVKe":0,"NAFLeOeJOMOQZQNBAVYRUWQIXe":0,"ODRdLOLOLOCcADDbdEeQSAETWRbHT":0,"HBbfBAJPNPTDCHT":1,"cQYIMdUTNOUbWNHYLFfAJUXWAcaYbDDUPRXe":0,"cQYIMdUTNOUbWNHYLFfAJYYeFEXO":0,"cQYIMdUTNOUbWNHYLFfMPSXZDDUPRXe":0,"cQYIMdUTNOUbWNHYLFaUSfIFTWAJYYeFEXO":0,"OLHIYTLRQJRbWdWOGVO":0,"NAREFOLDaWcXIFYdXfMAWe":0,"NAREFOQFLFQPVT":0,"NAFLeOeJYTBOLPTdMZbGXZUBPTVfITUSEDELO":0,"NAREFOLXZaTBSSLSEAHRdMDCUC":0,"ODRELDbIaMEAbeEPdfPbBYQUSLUbQZaTaTaET":0,"ODREBdRASSTMDUKVZFSIJaOMZFaO":0,"HINZJLeUXSaZbdKNKNKHUJKDKGMLaC":0,"cCHObCccQYIMdUTaJBBBMHO":0,"NVFAHPEAPFBPFUZFVdJcCcCcCWPHDDWe":0,"NAFLeOeJYTBNAFQBcJMaMEAKe":0,"cCHObdRdJWNBJZGWKZETTeMXCEFRURURHe":0,"cCHObCaZHaSdFaLbFRKPXLdLOLOLMO":0,"UaDaBcCcCcCFGbJEbOMNMTbAMIKe":0,"cCHObCBWaEdIPPSfDcORe":0,"cCHObCccQYIMdUTaJBBBMPdKNKNKWe":0,"GfHMYYBQJaYbBZeQHVODKe":0,"XdKYEaEVTNeNcJZWNHRbAMSEJCLfZYPXPRQEDaORe":1,"TZUfdKNKNKHeabDHaOMVFeCSLREHGC":1,"ODRdLOLOLOVWBLEINYO":1,"TDXbETfZHfLebbMIGDC":0,"INFddKNKNKHUDENECQdHZVaAbHJGOaT":0,"HINZJLeUXSaZbXKBebfDUFYQFXSBYQOWHT":0,"ODRdHUYTaSKUAZJAUbcARJEBYJO":0,"ODRdLOLOLOCcTeCYbWcfIMIfWZJae":0,"MCIAFKKZaTaTaBOQRTDbfXYcLcJO":0,"HINZJLeUXSaZbCcBUeCVZOEZTdcaNYCLC":0,"INFddKNKNKPfECIAEZKebJARGWe":2,"ELSXZQXbLVWXMRUMVMINPbfVMDXAWEZUZLWZHOfYO":0,"NAFLeOeJcCcCcCDJZMVOZYAVaKbMXC":0,"YTBOQcLPQLMHWadBJOTXNAUEJWcC":1,"cCcCcCDPCDCcbNXGDJEaXTANZGCdQEKSHMRQRe":0,"cCcCcCDPCDCcANdSSFeHbPPeQYccPONUSMDeWe":0,"NAFLeOeJOQeUYCSJdWTNSHUdCbYHXT":0,"TZUfdbYfTLBbPTPdKNKNKPKUbKbHe":0,"NAREFOQeLPTVBNLTLdaWYO":0,"NAREFOQeLPTVBNLTLJVFHT":0,"NAREFOLTcAZdJAINRe":0,"NAFLeOeJcCcCcCWNKTbLJBMLaWPBHT":0,"VDGbSdadOeFKefPPDGYUC":0,"HINZJLeUXSaZbCcEXO":0,"HINZJLeUXSaZbCcBUEXO":0,"HINZJLeUXSaZbONdPGNbSGOLHXT":0,"cCHObEJcQYIMdUcHCXFZRJNGPbBfC":0,"HINZJLeUXSaZbdKNKNKHUFXSBYQOWcfINKe":0,"NAFLeOeJcQEcVOdWNeYZdfdbJae":0,"NAFLeOeJcLdYZGQDaRNFOSeDdKNKNKWe":0,"aXbSbcOLHbVDPYSbFRURURHe":0,"aXbSbcOLHbVDPYSbWPHDDWe":0,"aXbSbcOLPIbbWEYGbENZZJRLdLOLOLMO":0,"ODRdLOLOLOBYfXKBNTaSdFaLbFFKEeHO":0,"YTTHbXeeVLDKZeVAZNdAYbQIdReLJWcC":0,"aWHMVKbTBPAAXTbdBcANKBYfBQWXXdVLYGGIHYYfPHe":1,"aWHMVKbTBPAAXTbdBcANKBYfBQWXXdVLYGGIZaTaTaET":1,"YTTHbXeeVJWcWPaDMWOMHTccTBLWCAWdPZKe":0,"YTTHbXeeVJWcWPaDMWOMHTcYeIHcUJPUFO":0,"aWHMVKbTBPAAXTbdBcANKBYfBQJeLBBVYYT":0,"YTTHbXeeVeCFZAcbRbROfLMVYAFWe":2,"NAREFacBLfZNKe":0,"NAREFacTTNAIBeaT":0,"TWULHJEfHUNQbHVEZNPIcCSZCIBeaT":0,"cCHObdKDLBDbMAZdJAINLTaYYfPHe":0,"cCHObdKDLBDbMAZdJAINLTbaTaTaET":0,"GfHMYYBLDEZREBASdecYICPRe":0,"GfHMYYBLbOMFcHYbBZeQHVODKe":0,"HZUaQWNCeAYNSRKALRe":0,"YdXfdKNKNKHUFKYOeeTLO":0,"HOReeYGMMWRTCJZeEGDJNQQdOBfHbCRVSdPYSbC":0,"HOReeYGMMWRTCJZeEECAUNZJCDSQdOBfHbCRVSdPYSbC":0},"featureNames":{"cZbRAPPeEfWe":true,"PcVJKDKGYYeFORe":false,"cQYIMdUTNOUaYLFbWNHUWORTeCISUZIYBAae":true,"cQYIMdUTNOUaYLFbWNHUJKDKGHSCWGO":true,"cQYIMdUTNOUaYLFbIJfRfQCBOFO":true,"ODREXTUSGbBMIVIQHNAAREaQXMDMWUC":false,"cQYIMdUTNOUbWNZHbXNLBGbVJWcFAVDXDGMYTET":true,"IeZXXDNFVFKOUYLLFJYbCceMNPVbPSUabSccETKe":false,"EBDIbIbXDeBGGTcZJFfHbeMPET":true,"IePFbJMFVFKOUYLLHNOVRe":true,"HZUfDHCOLZVfDaFBdcEUWQIOQWBOILT":true,"HZUaYYfPYWMdIPPSfDcMLaUFAHYGWe":true},"copyTags":{"lp_hp_no_dates_selected_error":"Enter your dates to check availability.","sbox_error_num_night_res":{"type":"plural","plural":{"one":"Sorry, reservations for more than {num} night aren't possible.","other":"Sorry, reservations for more than {num} nights aren't possible."}},"sr_calendar_min_night_stay_footer":{"type":"plural","plural":{"one":"There's a minimum length of stay of {num_nights} night from your check-in date","other":"There's a minimum length of stay of {num_nights} nights from your check-in date"}},"m_search_close":"Close","m_sxp_sbox_overlay_generic_cta":"Done","sr_sbox_select_dates_cta":"Select dates","bh_sbox_general_dates_num_weeks":{"type":"plural","plural":{"one":"{num_weeks}-week stay","other":"{num_weeks}-week stay"}},"sbox_general_dates_num_nights_1":{"type":"plural","plural":{"one":"{num_nights}-night stay","other":"{num_nights}-night stay"}},"search_box_cal_checkin_date":"Check-in Date","search_box_cal_checout_date":"Check-out Date","num_days":{"type":"plural","plural":{"one":"{num} day","other":"{num} days"}},"sr_flex_dates_exact_dates":"Exact dates","sr_sbox_flex_dates_tab_calendar":"Calendar","sr_sbox_flex_dates_tab_im_flexible":"I'm flexible","sr_sbox_flex_dates_select_dates_cta":"Select dates","sr_sbox_flex_dates_choose_days_head":"How long do you want to stay?","sr_sbox_flex_dates_custom_selection_no_num_nights":{"type":"plural","plural":{"one":"night","other":"nights"}},"sr_sbox_flex_dates_choose_months_head":"When do you want to go?","sr_sbox_flex_dates_select_months_error_2":"Select up to 3 months","sr_sbox_flex_dates_choose_days_footer":"Select preferred days","sr_sbox_flex_dates_choose_days_months_footer":"Select days and months","sr_sbox_flex_dates_choose_months_footer":"Select preferred months","sr_sbox_flex_dates_custom_selection_nights":{"type":"plural","plural":{"one":"{num_nights} night","other":"{num_nights} nights"}},"sr_sbox_flex_dates_days_months_footer":{"type":"plural","plural":{"one":"{days} in {month_names}","other":"{days} in {month_names}"}},"sr_sbox_flex_dates_three_months_footer":"{month_name_1}, {month_name_2}, {month_name_3}","sr_sbox_flex_dates_two_months_footer":"{month_name_1}, {month_name_2}","search_box_guest_num_popup_done":"Done","fame_search_age_explain":{"type":"plural","plural":{"one":"To find you a place to stay that fits your entire group along with correct prices, we need to know how old your child will be at check-out","other":"To find a place to stay that fits your entire group along with correct prices, we need to know how old your children will be at check-out"}},"fame_w_mandatory_ages_explain":"Correct ages help us show the best options and prices for your family","fame_w_mandatory_ages_head":"Age of children at check-out","fame_w_mandatory_ages_head_required":"(required)","fame_w_mandatory_ages_no_head_explain":"Add correct ages so we can show the best options and prices for your family","fame_search_age_needed":"Age needed","sxp_index_sbox_num_years_old":{"type":"plural","plural":{"one":"{num_years} year old","other":"{num_years} years old"}},"iq_sbox_accommodation_num_rooms":{"type":"plural","plural":{"one":"{num_rooms} room","other":"{num_rooms} rooms"}},"sxp_index_sbox_horizontal_adults":{"type":"plural","plural":{"one":"{num_adults} adult","other":"{num_adults} adults"}},"sxp_lp_sbox_num_children":{"type":"plural","plural":{"one":"{num_children} child","other":"{num_children} children"}},"a11y_sr_check_in_day_selector":"Check-in day","a11y_sr_check_in_month_selector":"Check-in month","a11y_sr_check_out_day_selector":"Check-out day","a11y_sr_check_out_month_selector":"Check-out month","bb_sbox_work_text_4":"If you select this option, we'll show you popular business travel features like breakfast, WiFi and free parking.","bh_gwe_privacy_entire_home_tickbox_header_filter":"I'm looking for an entire home or apartment","bh_gwe_privacy_entire_home_tickbox_header_tooltip_filter":"We'll show you stays where you can have the entire place to yourself","checkin_date":"Check-in date","checkout_date":"Check-out date","iq_sbox_accommodation_where":"Where are you going?","sbox_adults":"Adults","sbox_children":"Children","sbox_error_enter_dest":"Enter a destination to start searching.","sbox_rooms":"Rooms","searchbox_button_sr":"Search","searchbox_microcopy_where_question_dehotelize":"Destination/property name:","sr_sbox_checkin_checkout_head":"Check-in/out","sr_sbox_header":"Search","sr_sbox_update_search_cta":"Update search","sxp_index_sbox_results_in_map":"Your results will be shown on the map.","sxp_sr_sbox_travelling_for_work":"I'm traveling for work","www_bh_gwe_privacy_entire_home_tickbox_short_header_filter":"Entire homes \u0026 apartments","xsell_init_show_flights_in_new_tab_accom_page":"I’m looking for flights","date_format/short_date_with_weekday_without_year":{"type":"list","items":{"1":"{short_weekday}, {short_month_name} {day_of_month}","date_with_weekday_time_at":"short_date_with_weekday_without_year","other":""}},"date_format/short_date":{"type":"list","items":{"1":"{short_month_name} {day_of_month}, {full_year}","date_with_weekday_time_at":"short_date","other":""}},"month_for_formatted_date/name_with_year_only":{"type":"list","items":{"1":"January","2":"February","3":"March","4":"April","5":"May","6":"June","7":"July","8":"August","9":"September","10":"October","11":"November","12":"December","other":""}},"time_format/name":{"type":"list","items":{"AM_symbol":"AM","PM_symbol":"PM","other":"","time":"{hour_12h_no0}:{minutes} {AM_PM}","time_12":"{hour_12h_no0}:{minutes} {AM_PM}","time_24":"{hour_24h_no0}:{minutes}"}},"month_for_formatted_date/name":{"type":"list","items":{"1":"January","2":"February","3":"March","4":"April","5":"May","6":"June","7":"July","8":"August","9":"September","10":"October","11":"November","12":"December","other":""}},"month_for_formatted_date/genitive_lc":{"type":"list","items":{"1":"January","2":"February ","3":"March","4":"April","5":"May","6":"June","7":"July","8":"August","9":"September","10":"October","11":"November ","12":"December ","other":""}},"month_for_formatted_date/genitive_uc":{"type":"list","items":{"1":"January","2":"February ","3":"March","4":"April","5":"May","6":"June","7":"July","8":"August","9":"September","10":"October","11":"November ","12":"December","other":""}},"month_for_formatted_date/name_only":{"type":"list","items":{"1":"January","2":"February","3":"March","4":"April","5":"May","6":"June","7":"July","8":"August","9":"September","10":"October","11":"November","12":"December","other":""}},"month_for_formatted_date/name_in":{"type":"list","items":{"1":"January","2":"February","3":"March","4":"April","5":"May","6":"June","7":"July","8":"August","9":"September","10":"October","11":"November","12":"December","other":""}},"month_for_formatted_date/name_from":{"type":"list","items":{"1":"January","2":"February","3":"March","4":"April","5":"May","6":"June","7":"July","8":"August","9":"September","10":"October","11":"November","12":"December","other":""}},"month_for_formatted_date/name_to":{"type":"list","items":{"1":"January","2":"February","3":"March","4":"April","5":"May","6":"June","7":"July","8":"August","9":"September","10":"October","11":"November","12":"December","other":""}},"month_for_formatted_date/name_def_article_lc":{"type":"list","items":{"1":"the January","2":"the February","3":"the March","4":"the April","5":"the May","6":"the June","7":"the July","8":"the August","9":"the September","10":"the October","11":"the November","12":"the December","other":""}},"month_for_formatted_date/in_month_lc":{"type":"list","items":{"1":"in January","2":"in February ","3":"in March","4":"in April","5":"in May","6":"in June","7":"in July","8":"in August","9":"in September","10":"in October","11":"in November ","12":"in December","other":""}},"month_for_formatted_date/name_lc":{"type":"list","items":{"1":"January","2":"February","3":"March","4":"April","5":"May","6":"June","7":"July","8":"August","9":"September","10":"October","11":"November","12":"December","other":""}},"month_for_formatted_date/to_month_lc":{"type":"list","items":{"1":"to January","2":"to February ","3":"to March","4":"to April","5":"to May","6":"to June","7":"to July","8":"to August","9":"to September","10":"to October","11":"to November ","12":"to December","other":""}},"month_for_formatted_date/short_name":{"type":"list","items":{"1":"Jan","2":"Feb","3":"Mar","4":"Apr","5":"May","6":"Jun","7":"Jul","8":"Aug","9":"Sep","10":"Oct","11":"Nov","12":"Dec","other":""}},"month_for_formatted_date/short_name_uc":{"type":"list","items":{"1":"January","2":"February","3":"March","4":"April","5":"May","6":"June","7":"July","8":"August","9":"September","10":"October","11":"November","12":"December","other":""}},"weekday_formatted_date/name":{"type":"list","items":{"1":"Monday","2":"Tuesday","3":"Wednesday","4":"Thursday","5":"Friday","6":"Saturday","7":"Sunday","8":"Every day","other":""}},"weekday_formatted_date/name_on":{"type":"list","items":{"1":"Monday","2":"Tuesday","3":"Wednesday","4":"Thursday","5":"Friday","6":"Saturday","7":"Sunday","8":"name_on","other":""}},"weekday_formatted_date/name_from":{"type":"list","items":{"1":"Monday","2":"Tuesday","3":"Wednesday","4":"Thursday","5":"Friday","6":"Saturday","7":"Sunday","8":"name_from","other":""}},"weekday_formatted_date/name_to":{"type":"list","items":{"1":"Monday","2":"Tuesday","3":"Wednesday","4":"Thursday","5":"Friday","6":"Saturday","7":"Sunday","8":"name_to","other":""}},"weekday_formatted_date/short":{"type":"list","items":{"1":"Mon","2":"Tue","3":"Wed","4":"Thu","5":"Fri","6":"Sat","7":"Sun","8":"short","other":""}},"day_for_formatted_date/day_from":{"type":"list","items":{"1":"1","2":"2","3":"3","4":"4","5":"5","6":"6","7":"7","8":"8","9":"9","10":"10","11":"11","12":"12","13":"13","14":"14","15":"15","16":"16","17":"17","18":"18","19":"19","20":"20","21":"21","22":"22","23":"23","24":"24","25":"25","26":"26","27":"27","28":"28","29":"29","30":"30","31":"31","other":""}},"day_for_formatted_date/day_on":{"type":"list","items":{"1":"1st","2":"2nd","3":"3rd","4":"4th","5":"5th","6":"6th","7":"7th","8":"8th","9":"9th","10":"10th","11":"11th","12":"12th","13":"13th","14":"14th","15":"15th","16":"16th","17":"17th","18":"18th","19":"19th","20":"20th","21":"21st","22":"22nd","23":"23rd","24":"24th","25":"25th","26":"26th","27":"27th","28":"28th","29":"29th","30":"30th","31":"31st","other":""}},"day_for_formatted_date/day_other":{"type":"list","items":{"1":"1\u003csup\u003est\u003c/sup\u003e","2":"2\u003csup\u003end\u003c/sup\u003e","3":"3\u003csup\u003erd\u003c/sup\u003e","4":"4\u003csup\u003eth\u003c/sup\u003e","5":"5\u003csup\u003eth\u003c/sup\u003e","6":"6\u003csup\u003eth\u003c/sup\u003e","7":"7\u003csup\u003eth\u003c/sup\u003e","8":"8\u003csup\u003eth\u003c/sup\u003e","9":"9\u003csup\u003eth\u003c/sup\u003e","10":"10\u003csup\u003eth\u003c/sup\u003e","11":"11\u003csup\u003eth\u003c/sup\u003e","12":"12\u003csup\u003eth\u003c/sup\u003e","13":"13\u003csup\u003eth\u003c/sup\u003e","14":"14\u003csup\u003eth\u003c/sup\u003e","15":"15\u003csup\u003eth\u003c/sup\u003e","16":"16\u003csup\u003eth\u003c/sup\u003e","17":"17\u003csup\u003eth\u003c/sup\u003e","18":"18\u003csup\u003eth\u003c/sup\u003e","19":"19\u003csup\u003eth\u003c/sup\u003e","20":"20\u003csup\u003eth\u003c/sup\u003e","21":"21\u003csup\u003est\u003c/sup\u003e","22":"22\u003csup\u003end\u003c/sup\u003e","23":"23\u003csup\u003erd\u003c/sup\u003e","24":"24\u003csup\u003eth\u003c/sup\u003e","25":"25\u003csup\u003eth\u003c/sup\u003e","26":"26\u003csup\u003eth\u003c/sup\u003e","27":"27\u003csup\u003eth\u003c/sup\u003e","28":"28\u003csup\u003eth\u003c/sup\u003e","29":"29\u003csup\u003eth\u003c/sup\u003e","30":"30\u003csup\u003eth\u003c/sup\u003e","31":"31\u003csup\u003est\u003c/sup\u003e","other":""}},"day_for_formatted_date/day_until":{"type":"list","items":{"1":"1","2":"2","3":"3","4":"4","5":"5","6":"6","7":"7","8":"8","9":"9","10":"10","11":"11","12":"12","13":"13","14":"14","15":"15","16":"16","17":"17","18":"18","19":"19","20":"20","21":"21","22":"22","23":"23","24":"24","25":"25","26":"26","27":"27","28":"28","29":"29","30":"30","31":"31","other":""}},"day_for_formatted_date/name":{"type":"list","items":{"1":"1","2":"2","3":"3","4":"4","5":"5","6":"6","7":"7","8":"8","9":"9","10":"10","11":"11","12":"12","13":"13","14":"14","15":"15","16":"16","17":"17","18":"18","19":"19","20":"20","21":"21","22":"22","23":"23","24":"24","25":"25","26":"26","27":"27","28":"28","29":"29","30":"30","31":"31","other":""}},"day_for_formatted_date/day_1":{"type":"list","items":{"1":"1","2":"2","3":"3","4":"4","5":"5","6":"6","7":"7","8":"8","9":"9","10":"10","11":"11","12":"12","13":"13","14":"14","15":"15","16":"16","17":"17","18":"18","19":"19","20":"20","21":"21","22":"22","23":"23","24":"24","25":"25","26":"26","27":"27","28":"28","29":"29","30":"30","31":"31","other":""}},"day_for_formatted_date/day_2":{"type":"list","items":{"1":"1","2":"2","3":"3","4":"4","5":"5","6":"6","7":"7","8":"8","9":"9","10":"10","11":"11","12":"12","13":"13","14":"14","15":"15","16":"16","17":"17","18":"18","19":"19","20":"20","21":"21","22":"22","23":"23","24":"24","25":"25","26":"26","27":"27","28":"28","29":"29","30":"30","31":"31","other":""}},"web_index_bh_gwe_epu_checkbox_show_hr":"Show me vacation rentals","web_sr_pp_bh_gwe_epu_checkbox_show_hr":"Show me vacation rentals","sr_sbox_dates_popover_no_dates":"Add dates to your search to see prices.","weekday_formatted_date/shortest":{"type":"list","items":{"1":"Mo","2":"Tu","3":"We","4":"Th","5":"Fr","6":"Sa","7":"Su","8":"shortest","other":""}},"ls_flex_search_28_radio":"A month","sr_sbox_flex_dates_choose_days_a_week":"A week","sr_sbox_flex_dates_choose_days_a_weekend":"A weekend","sr_sbox_flex_dates_choose_days_other_2":"Other","month/short":{"type":"list","items":{"1":"Jan","2":"Feb","3":"Mar","4":"Apr","5":"May","6":"Jun","7":"Jul","8":"Aug","9":"Sep","10":"Oct","11":"Nov","12":"Dec","other":""}},"weekday_formatted_date/name_from_preposition":{"type":"list","items":{"1":"From Monday","2":"From Tuesday","3":"From Wednesday","4":"From Thursday","5":"From Friday","6":"From Saturday","7":"From Sunday","8":"From any day","other":""}},"m_ss_ac_around_current_location":"Around current location","ss_ac_popular_nearby_destinations":"Popular destinations nearby","a11y_aria_label_breadcrumb":"Navigation history menu (breadcrumbs)","home":"Home","search_results":"Search results","sr_show_on_map_top":"Show on map","comp_num_reviews_sr_page":{"type":"plural","plural":{"one":"{num_reviews} review","other":"{num_reviews} reviews"}},"extl_reviews_no_bcom_reviews":{"type":"plural","plural":{"one":"{total_num_reviews} external review","other":"{total_num_reviews} external reviews"}},"sr_prop_card_location_rating_header_superb":"Wonderful location","date_format/short_date_without_year":{"type":"list","items":{"1":"{short_month_name} {day_of_month}","date_with_weekday_time_at":"short_date_without_year","other":""}},"ls_sr_filter_budget_price_per_night_slider_toggle":"Show price per night","sr_filter_budget_customise_a11y_max_price":"Maximum price","sr_filter_budget_customise_a11y_min_price":"Minimum price","sr_filter_budget_customise_max_price":"Max price","sr_filter_budget_customise_min_price":"Min price","m_sr_filters_collapse":"Show less","m_sr_filters_expand":{"type":"plural","plural":{"one":"Show one","other":"Show all {num_of_filters}"}},"m_sr_price_slider_scenario_3":"{min_price_selected} – {max_price_selected}","sr_filter_budget_customise_1":"Set your own budget","sr_num_properties":{"type":"plural","plural":{"one":"{num_properties} property","other":"{num_properties} properties"}},"geo_sr_nearby_beaches_header":{"type":"plural","plural":{"one":"Nearby Beach:","other":"Nearby Beaches:"}},"a11y_new_hotel_listings_screen_loading_success":"Search results updated","bks_pm_analytics_ranking_compset_position":"{ranking} out of {total_num}","sr_applied_filters":"Applied filters:","sr_header_no_destination_name":"{num_properties} properties are available in and around this destination","sr_header_num_properties_frontloaded_destination":{"type":"plural","plural":{"one":"{destination}: {num_properties} property found","other":"{destination}: {num_properties} properties found"}},"sr_results_no_properties_main_head":"{destination}: no properties found","sr_filter_box":"Filter by:","bhro_ob_email_price_max":"Max.","bhro_ob_email_price_min":"Min.","bh_awareness_also_millions_homes_interstitial":"We also have millions of homes","b_lite_sr_sort_loader_loading":"Loading properties...","hotel_omit_hmpg_why_use_usp_num_hotels_rev_v1":"Unbiased reviews","hotel_page_secure_connection":"When you book with us your details are protected by a secure connection.","hp_usp_booking_is_safe":"Booking is safe","index_book_now_pay_later_usp_1a":"Book now, pay when you stay!","index_book_now_pay_later_usp_2":"With FREE cancellation on most rooms","index_reviews_usp_header":{"type":"plural","plural":{"one":"{num_verified_reviews} verified review","other":"{num_verified_reviews} verified reviews"}},"m_last_minute_deals_loading_screen_v2":"Looking for the best last-minute deals for you...","map_loading_message_generic":"Finding the best properties for your stay...","sr_loc_instant_confirmation_popup_header":"Instant confirmation right after booking","sr_loc_instant_confirmation_popup_subheader":"No need to wait. Accommodations will immediately give you the confirmation right after your booking.","gc_banner_accessibility_close":"Close","genius_vip_mlp_onboarding_full_screen_body":{"type":"plural","plural":{"one":"Say hello to extra benefits. Enjoy them on top of your Genius rewards until {end_date}. Available only for our top customers like you.","other":"Say hello to extra benefits. Enjoy them on top of your Genius rewards until {end_date}. Available only for our top customers like you."}},"genius_vip_mlp_onboarding_full_screen_cta_primary":"Discover your VIP benefits","genius_vip_mlp_onboarding_full_screen_cta_secondary":"Browse {b_companyname}","genius_vip_mlp_onboarding_full_screen_level":"Genius Level {genius_level}","genius_vip_mlp_onboarding_full_screen_title":"New! Genius VIP status unlocked","a11y_hp_bookmarks_button_saved":{"type":"plural","plural":{"one":"This property is saved to {num_lists} of your lists","other":"This property is saved to {num_lists} of your lists"}},"cdm_hp_quick_share_save":"Save","wl_lists_funnel_edit":"Change","wl_saved_to":"Saved to: {start_link}{list_name}{end_link}","wl_removed_from":"Removed from:","wishlist_create_new":"Create a list","sr_filter_all_trips_button":"All trips","loc_em_sr_crimea_clarification":"We’re sorry, it's not possible to make leisure reservations in Crimea at this time on our website.","a11y_cta_close":"Close","rocketmiles_components/header_sr":{"type":"list","items":{"avianca_rocketmiles":"{num} properties feature {start_bold}Special Offers for Avianca Members, highlighted with a yellow border{end_bold}","banco_ripley":"header_sr","bank_china":"header_sr","claro_clube":"{num} properties feature Special Offers for Claro Clube customers highlighted with a yellow border","cobrand_default":{"plural":{"one":"{num} property features {start_bold}Special Offers{end_bold}","other":"{num} properties feature {start_bold}Special Offers{end_bold}"},"type":"plural"},"cobrand_default_emea":{"plural":{"one":"{num} property features {start_bold}Special Offers{end_bold}","other":"{num} properties feature {start_bold}Special Offers{end_bold}"},"type":"plural"},"cobrand_default_points":"header_sr","flighthub_rocket":{"plural":{"one":"{num} property features {start_bold}FlightHub Offers{end_bold}","other":"{num} properties feature {start_bold}FlightHub Offers{end_bold}"},"type":"plural"},"hybrid_american_airlines":{"plural":{"one":"{num} property with {fe_program_name}® Base Mile","other":"{num} properties with {fe_program_name}® Base Miles"},"type":"plural"},"hybrid_southwest":{"plural":{"one":"Showing {num} {fe_program_name} Points Plus property","other":"Showing {num} {fe_program_name} Points Plus properties"},"type":"plural"},"hybrid_tmobile":"header_sr","justfly_rocket":{"plural":{"one":"{num} property features {start_bold}Justfly Offers{end_bold}","other":"{num} properties feature {start_bold}Justfly Offers{end_bold}"},"type":"plural"},"o2_priority":"{num} properties feature {start_bold}O2 Priority rates{end_bold}","other":"","paypal_rm":"{num} properties feature {start_bold}PayPal Offers{end_bold}","paypal_rocketmiles":{"plural":{"one":"{num} property features {start_bold}PayPal Offers{end_bold}","other":"{num} properties feature {start_bold}PayPal Offers{end_bold}"},"type":"plural"},"rm_paypal_emea":{"plural":{"one":"{num} property features {start_bold}PayPal Offers{end_bold}","other":"{num} properties feature {start_bold}PayPal Offers{end_bold}"},"type":"plural"},"rocketmiles_amex":{"plural":{"one":"Showing all properties plus {num} exclusive deal for eligible American Express Card Members, highlighted with a yellow border.","other":"Showing all properties plus {num} exclusive deals for eligible American Express Card Members, highlighted with a yellow border."},"type":"plural"},"telus_business":{"plural":{"one":"{num} property features {start_bold}TELUS Owner Perks{end_bold}","other":"{num} properties feature {start_bold}TELUS Owner Perks{end_bold}"},"type":"plural"},"telus_consumer":"TELUS offer","telus_rewards":"TELUS Rewards","travelclub_rocket":"header_sr","virginred":"header_sr"}},"rocketmiles_components/header_tooltip":{"type":"list","items":{"banco_ripley":"header_tooltip","bank_china":"header_tooltip","claro_clube":"header_tooltip","cobrand_default":"Booking.com gives you a greater choice by featuring Special Offers from our trusted partner {fe_program_name}.","cobrand_default_emea":"Booking.com gives you a greater choice by featuring Special Offers from our trusted partner {fe_program_name}.","cobrand_default_points":"header_tooltip","flighthub_rocket":"Booking.com gives you a greater choice by featuring FlightHub Offers from our trusted partner {fe_program_name}.","hybrid_american_airlines":"Your {fe_program_name}® Base Miles will be awarded 1-2 weeks after your stay has been completed.","hybrid_southwest":"Every time you book a {fe_program_name} Points Plus property, at least 500 {fe_program_name} Points will be added to your account within 8 weeks after your stay. All {fe_program_name} Rules and Regulations apply.","hybrid_tmobile":{"plural":{"one":"You'll receive your points {pay_after} day after check-out.","other":"You'll receive your points {pay_after} days after check-out."},"type":"plural"},"justfly_rocket":"Booking.com gives you a greater choice by featuring Justfly Offers from our trusted partner {fe_program_name}.","o2_priority":"Booking.com gives you a greater choice by featuring O2 Priority rates from our trusted partner Rocket Travel.","other":"","paypal_rm":"Booking.com gives you more choices by featuring PayPal Offers from our trusted partner Rocket Travel.","paypal_rocketmiles":"Booking.com gives you a greater choice by featuring PayPal Offers from our trusted partner Rocket Travel.","rm_paypal_emea":"Booking.com gives you more choices by featuring PayPal Offers from our trusted partner Rocket Travel.","rocketmiles_amex":"To enjoy American Express Card special offers, look for properties highlighted in yellow.","telus_business":"Booking.com gives you a greater choice by featuring TELUS Owner Perks from our trusted partner {fe_program_name}.","telus_consumer":"Booking.com gives you a greater choice by featuring TELUS offers from our trusted partner {fe_program_name}.","telus_rewards":"Booking.com gives you a greater choice by featuring TELUS Rewards from our trusted partner {fe_program_name}.","travelclub_rocket":"header_tooltip","virginred":"Booking gives you a greater choice by featuring Special Offers from our trusted partner Rocket Travel"}},"rocketmiles_components/loader_sr":{"type":"list","items":{"banco_ripley":"loader_sr","bank_china":"loader_sr","claro_clube":"loader_sr","cobrand_default":"Special Offers coming up...","cobrand_default_emea":"Special Offers coming up...","cobrand_default_points":"loader_sr","flighthub_rocket":"FlightHub Offers coming up...","hybrid_american_airlines":"Loading properties with {fe_program_name}® Base Miles","hybrid_southwest":"Loading {fe_program_name} Points Plus properties...","hybrid_tmobile":"loader_sr","justfly_rocket":"Justfly Offers coming up...","o2_priority":"O2 Priority rates coming up...","other":"","paypal_rm":"PayPal Offers coming up...","paypal_rocketmiles":"PayPal Offers coming up...","rm_paypal_emea":"PayPal Offers coming up...","rocketmiles_amex":"Loading exclusive deals for American Express Card Members","telus_business":"TELUS Owner Perks coming up...","telus_consumer":"TELUS offers coming up...","telus_rewards":"TELUS Rewards coming up...","travelclub_rocket":"loader_sr","virginred":"loader_sr"}},"rocketmiles_components/name":{"type":"list","items":{"banco_ripley":"name","bank_china":"name","claro_clube":"name","cobrand_default_emea":"name","cobrand_default_points":"name","flighthub_rocket":"name","hybrid_american_airlines":"name","hybrid_southwest":"name","hybrid_tmobile":"name","justfly_rocket":"name","o2_priority":"name","other":"","paypal_rm":"name","rm_paypal_emea":"name","rocketmiles_amex":"name","telus_business":"name","telus_consumer":"name","telus_rewards":"name","travelclub_rocket":"name","virginred":"name"}},"breakfast_included":"Breakfast included","sr_search_card_includes_taxes_charges":"Includes taxes and fees","rocketmiles_components/badge_discount":{"type":"list","items":{"banco_ripley":"badge_discount","bank_china":"badge_discount","claro_clube":"badge_discount","cobrand_default":{"plural":{"one":"Enjoy {reward_amount}% off","other":"Enjoy {reward_amount}% off"},"type":"plural"},"cobrand_default_emea":"{start_bold}Special Offer{end_bold}","cobrand_default_points":"badge_discount","flighthub_rocket":"badge_discount","hybrid_american_airlines":"badge_discount","hybrid_southwest":"Enjoy {reward_amount}% off","hybrid_tmobile":"Enjoy {reward_amount}% off","justfly_rocket":"badge_discount","o2_priority":"{start_bold}O2 Priority rate{end_bold}","other":"","paypal_rm":"badge_discount","paypal_rocketmiles":"Enjoy {reward_amount}% off","rm_paypal_emea":"badge_discount","rocketmiles_amex":"{reward_amount}% off with AMEX","telus_business":"badge_discount","telus_consumer":"badge_discount","telus_rewards":"badge_discount","travelclub_rocket":"badge_discount","virginred":"badge_discount"}},"rocketmiles_components/badge_miles":{"type":"list","items":{"banco_ripley":"badge_miles","bank_china":"badge_miles","claro_clube":"badge_miles","cobrand_default":{"plural":{"one":"Earn {reward_amount} mile","other":"Earn {reward_amount} miles"},"type":"plural"},"cobrand_default_emea":{"plural":{"one":"Earn {reward_amount} mile","other":"Earn {reward_amount} miles"},"type":"plural"},"cobrand_default_points":{"plural":{"one":"Earn {reward_amount} point","other":"Earn {reward_amount} points"},"type":"plural"},"flighthub_rocket":"badge_miles","hybrid_american_airlines":{"plural":{"one":"Earn {reward_amount} Base Mile","other":"Earn {reward_amount} Base Miles"},"type":"plural"},"hybrid_southwest":{"plural":{"one":"Earn {reward_amount} point","other":"Earn {reward_amount} points"},"type":"plural"},"hybrid_tmobile":"badge_miles","justfly_rocket":"badge_miles","myperks":"Earn {reward_amount} myPerks perks","o2_priority":"badge_miles","other":"","paypal_rm":"badge_miles","paypal_rocketmiles":"Earn {reward_amount} miles","rm_paypal_emea":"badge_miles","rocketmiles_amex":"badge_miles","telus_business":"badge_miles","telus_consumer":"badge_miles","telus_rewards":"badge_miles","travelclub_rocket":{"plural":{"one":"Earn {reward_amount} Travel Club Point","other":"Earn {reward_amount} Travel Club Points"},"type":"plural"},"virginred":"Earn {reward_amount} Virgin Points"}},"bp_selection_not_available_cta":"See other options","bp_selection_not_available_header":"Sorry, your selection is no longer available","bp_selection_not_available_subhead_1":"{property_name} no longer has availability on our site for your selected dates.","bp_selection_some_options_subhead_2":"We redirected you so you can check other options that still fit your needs.","bh_web_top_all_selected_title_v2":"Place type: Any","pss_fix_sr_only_x_beds_left_like_this":{"type":"plural","plural":{"one":"Only {num_rooms} bed like this left on our site","other":"Only {num_rooms} beds like this left on our site"}},"pss_fix_sr_only_x_left_like_this":{"type":"plural","plural":{"one":"Only {num_rooms} like this left on our site","other":"Only {num_rooms} like this left on our site"}},"pss_fix_sr_only_x_rooms_left_like_this":{"type":"plural","plural":{"one":"Only {num_rooms} room like this left on our site","other":"Only {num_rooms} rooms like this left on our site"}},"pss_fix_sr_xleft_price_beds":{"type":"plural","plural":{"one":"Only {num_rooms} bed left at this price on our site","other":"Only {num_rooms} beds left at this price on our site"}},"pss_fix_sr_xleft_price_gen":{"type":"plural","plural":{"one":"Only {num_rooms} left at this price on our site","other":"Only {num_rooms} left at this price on our site"}},"pss_fix_sr_xleft_price_rooms":{"type":"plural","plural":{"one":"Only {num_rooms} room left at this price on our site","other":"Only {num_rooms} rooms left at this price on our site"}},"bed_type/name_lowercase":{"type":"list","items":{"1":"twin beds","2":{"plural":{"one":"double bed","other":"double beds"},"type":"plural"},"3":{"plural":{"one":"extra-large double bed","other":"extra-large double beds"},"type":"plural"},"4":{"plural":{"one":"bunk bed","other":"bunk beds"},"type":"plural"},"5":{"plural":{"one":"sofa bed","other":"sofa beds"},"type":"plural"},"6":{"plural":{"one":"large double bed","other":"large double beds"},"type":"plural"},"7":{"plural":{"one":"futon bed","other":"futon beds"},"type":"plural"},"8":{"plural":{"one":"double bunk bed","other":"double bunk beds"},"type":"plural"},"9":"name_lowercase","other":""}},"bed_type/name_lowercase_nobed":{"type":"list","items":{"1":"twins","2":{"plural":{"one":"double","other":"doubles"},"type":"plural"},"3":{"plural":{"one":"extra-large double","other":"extra-large doubles"},"type":"plural"},"4":{"plural":{"one":"bunk bed","other":"bunk beds"},"type":"plural"},"5":{"plural":{"one":"sofa bed","other":"sofa beds"},"type":"plural"},"6":{"plural":{"one":"large double","other":"large doubles"},"type":"plural"},"7":{"plural":{"one":"futon","other":"futons"},"type":"plural"},"8":{"plural":{"one":"double bunk bed","other":"double bunk beds"},"type":"plural"},"9":"name_lowercase_nobed","other":""}},"bed_type/name_withnumber":{"type":"list","items":{"1":{"plural":{"one":"{bed_count} twin bed","other":"{bed_count} twin beds"},"type":"plural"},"2":{"plural":{"one":"{bed_count} full bed","other":"{bed_count} full beds"},"type":"plural"},"3":{"plural":{"one":"{bed_count} king bed","other":"{bed_count} king beds"},"type":"plural"},"4":{"plural":{"one":"{bed_count} bunk bed","other":"{bed_count} bunk beds"},"type":"plural"},"5":{"plural":{"one":"{bed_count} sofa bed","other":"{bed_count} sofa beds"},"type":"plural"},"6":{"plural":{"one":"{bed_count} queen bed","other":"{bed_count} queen beds"},"type":"plural"},"7":{"plural":{"one":"{bed_count} futon bed","other":"{bed_count} futon beds"},"type":"plural"},"8":{"plural":{"one":"{bed_count} double bunk bed","other":"{bed_count} double bunk beds"},"type":"plural"},"9":"bed","other":""}},"st_certified_badge_three_plus":"Travel Sustainable Level 3+","st_certified_badge_three_plus_new":"Travel Sustainable Level 3+","sustainability_sr_ts_badge_levels":"Travel Sustainable Level {num}","sustainability_sr_ts_badge_levels_new":"Travel Sustainable Level {num}","pd_sr_credit_badge_exploration":"Earn {amount_with_currency} Credits","pd_sr_credit_badge_tooltip_body_scenario_one_p1":"You'll earn {start_bold}{amount_with_currency_instant} Credits{end_bold}. They'll be added to your Wallet instantly and expire in one year.","pd_sr_credit_badge_tooltip_body_scenario_one_p2":"Use your Credits on all attractions, taxis paid in advance, and select stays on {b_companyname}.","pd_sr_credit_badge_tooltip_body_scenario_three_p1":"You'll earn {start_bold}{amount_with_currency_instant} Credits{end_bold} instantly, plus {start_bold}{amount_with_currency_post} Credits{end_bold} 14 days after your stay. They'll be added to your Wallet and expire in one year.","pd_sr_credit_badge_tooltip_body_scenario_three_p2":"Use your Credits on all attractions, taxis paid in advance, and select stays on {b_companyname}.","pd_sr_credit_badge_tooltip_body_scenario_two_p1":"You'll earn {start_bold}{amount_with_currency_post} Credits{end_bold}. They'll be added to your Wallet 14 days after your stay and expire in one year.","pd_sr_credit_badge_tooltip_body_scenario_two_p2":"Use your Credits on all attractions, taxis paid in advance, and select stays on {b_companyname}.","pd_sr_credit_badge_tooltip_title":"Earn Credits","price_display_credit_source_genius_vip_all":"You're getting Credits because you're a Genius VIP.","price_display_credit_source_genius_vip_part":"Of the {total_credit_amount} in Credits, {vip_credit_amount} is a Genius VIP reward.","vm_bp_rewards_bottom_sheet_intro":"Complete this booking to get your Credits and voucher added to your Wallet up to 14 days after check-out.","vm_earn_credits_desc_1_months_badge_tooltip_pd":{"type":"plural","plural":{"one":"You'll earn {start_bold}{amount_with_currency_post} Credits{end_bold}. They'll be added to your Wallet 14 days after your stay and expire in {num_months} month.","other":"You'll earn {start_bold}{amount_with_currency_post} Credits{end_bold}. They'll be added to your Wallet 14 days after your stay and expire in {num_months} months."}},"vm_earn_rewards_badge_name_pd":"Earn {amount_with_currency} in rewards","vm_earn_voucher_badge_name_pd":"Earn {amount_with_currency} voucher","vm_earn_voucher_badge_tooltip_pd":"Earn a voucher","vm_earn_voucher_desc_1_bold_badge_tooltip_pd":{"type":"plural","plural":{"one":"You'll earn a {start_bold}{amount_with_currency_post} voucher{end_bold}. It'll be added to your Wallet 14 days after your stay and will expire in {num_months} month.","other":"You'll earn a {start_bold}{amount_with_currency_post} voucher{end_bold}. It'll be added to your Wallet 14 days after your stay and will expire in {num_months} months."}},"vm_earn_voucher_desc_2_badge_tooltip_pd":"Use your voucher on all attractions and select stays on {b_companyname}.","vm_pb_rewards_header_credits":"{amount_with_currency_post} in Credits","vm_pb_rewards_header_voucher":"{amount_with_currency_post} voucher","bh_gwe_sr_bed_choice_single_bunk_double_colon_hardcode":"Beds: 1 double, 2 twins, or 1 bunk bed","bh_gwe_sr_bed_choice_single_double_colon_hardcode":"Beds: 1 double or 2 twins","bh_sr_num_bed_type_without_bed_bunk":{"type":"plural","plural":{"one":"{num} bunk bed","other":"{num} bunk beds"}},"bh_sr_num_bed_type_without_bed_double":{"type":"plural","plural":{"one":"{num} full","other":"{num} fulls"}},"bh_sr_num_bed_type_without_bed_double_bunk":{"type":"plural","plural":{"one":"{num} double bunk bed","other":"{num} double bunk beds"}},"bh_sr_num_bed_type_without_bed_futon":{"type":"plural","plural":{"one":"{num} futon","other":"{num} futons"}},"bh_sr_num_bed_type_without_bed_large":{"type":"plural","plural":{"one":"{num} queen","other":"{num} queens"}},"bh_sr_num_bed_type_without_bed_single":{"type":"plural","plural":{"one":"{num} twin","other":"{num} twins"}},"bh_sr_num_bed_type_without_bed_sofa":{"type":"plural","plural":{"one":"{num} sofa bed","other":"{num} sofa beds"}},"bh_sr_num_bed_type_without_bed_xl_double":{"type":"plural","plural":{"one":"{num} king","other":"{num} kings"}},"bhwge_sr_bed_multi_unit_2_choice":"Choice of beds: {/bed_type/[type_1]/name_lowercase_nobed} or {/bed_type/[type_2]/name_lowercase_nobed}","bhwge_sr_bed_multi_unit_3_choice":"Choice of beds: {/bed_type/[type_1]/name_lowercase_nobed}, {/bed_type/[type_2]/name_lowercase_nobed}, or {/bed_type/[type_3]/name_lowercase_nobed}","bhwge_sr_num_bed_choice":"Multiple bed types","m_bh_sr_num_beds":{"type":"plural","plural":{"one":"{num_beds} bed","other":"{num_beds} beds"}},"rc_desc_bedroom":{"type":"plural","plural":{"one":"Bedroom:","other":"Bedroom {bed_num}:"}},"rc_desc_bedroom_one_only":"Bedroom:","rc_desc_living":"Living room:","rc_desc_living_multy":"Living room {lr_num}:","acc_sr_subhead_scrread_browse_ufi":"Browse the results for {ufi_name}","web_ge_generic_signature_with_link":"{b_companyname}'s loyalty program. {start_link}Learn more{end_link}","web_ge_generic_signature_without_link":"{b_companyname}'s loyalty program","www_ge_screenreader_generic_logo":"blue Genius logo","genius_vip_mlp_lp_benefits_glance_ps_des":"Skip the wait. Your calls and messages will move to the front of the line for a faster response.","genius_vip_mlp_lp_benefits_glance_ps_title":"Highest priority Customer Service","genius_vip_mlp_lp_discount_benefits_des_2_upper_limit":"You hit the limit and can no longer enjoy this reward.","genius_vip_mlp_lp_discount_reward_learn_more_sheet_des_2_2":"This is on top of any other discounts.","genius_vip_mlp_sr_btm_sheet_discount_des":"Just look for the \"VIP reward\" label when booking your stays before {end_date}.","genius_vip_mlp_sr_btm_sheet_discount_title":"Save {num_percent}% or more on stays","genius_vip_mlp_sr_btm_sheet_subheader":"Your VIP status gives you access to extra benefits to enjoy on top of your Genius level","www_genius_vip_mlp_sr_modal_header":"Your Genius VIP reward","genius_vip_mlp_sr_btm_cta":"Got it","bp_distance_miles":{"type":"plural","plural":{"one":"1 mile","other":"{distance} miles"}},"hotelfacility/name":{"type":"list","items":{"1":"Swimming pool","2":"Parking","3":"Restaurant","4":"Pet friendly","5":"Room service","6":"Meeting/Banquet facilities","7":"Bar","8":"24-hour front desk","9":"Tennis court","10":"Sauna","11":"Fitness center","12":"Golf course (within 2 miles)","13":"Newspapers","14":"Garden","15":"Terrace","16":"Non-smoking rooms","17":"Airport shuttle","19":"Fishing","20":"Business center","21":"Babysitting/Child services","22":"Laundry","23":"Dry cleaning","24":"Continental breakfast","25":"Facilities for disabled guests","26":"Skiing","27":"Hair/Beauty salon","28":"Family rooms","29":"Game room","30":"Casino","41":"VIP room facilities","43":"Breakfast in the room","44":"Ironing service","45":"Honeymoon suite","46":"Free parking","47":"Internet","48":"Elevator","49":"Express check-in/out","50":"Solarium","51":"Safe","52":"Valet parking","53":"Currency exchange","54":"Spa","55":"Massage","56":"Playground","57":"Pool table","58":"Ping-pong","59":"Karaoke","60":"Gift shop","61":"Windsurfing","62":"Darts","63":"Hot tub/Jacuzzi","64":"Soundproof rooms","65":"Bicycle rental (additional charge)","66":"Library","67":"Shoeshine","69":"Canoeing","70":"Hiking","71":"Chapel/Shrine","72":"BBQ facilities","73":"Packed lunches","75":"Car rental","76":"Cycling","77":"Bowling","78":"Tour desk","79":"Turkish/Steam Bath","80":"Heating","81":"Fax/Photocopying","82":"Diving","86":"Horseback riding","87":"Racquetball","88":"Designer Hotel","89":"Ticket service","90":"Snorkeling","91":"Baggage storage","92":"Shops on site","96":"WiFi","97":"Mini golf","98":"Gay Friendly","99":"Ski storage","100":"Ski school","101":"Hypoallergenic room available","102":"Breakfast Buffet","103":"Indoor pool","104":"Outdoor pool","107":"Free WiFi","108":"Smoke-free property","109":"Air conditioning","110":"Designated smoking area","111":"ATM on site","114":"Private beach area","115":"Restaurant","116":"Buffet","117":"Snack bar","118":"Sun deck","119":"Outdoor pool (year-round)","120":"Outdoor pool (seasonal)","121":"Indoor pool (year-round)","122":"Indoor pool (seasonal)","123":"Bikes available (free)","124":"Concierge","125":"Entertainment staff","126":"Nightclub/DJ","127":"Private check-in/out","128":"Shuttle service (free)","129":"Shuttle service (additional charge)","130":"Ski rental on site","131":"Ski pass vendor","132":"Ski-in, ski-out access","133":"Special diet meals (on request)","134":"Suit press","135":"Vending machine (drinks)","136":"Vending machine (snacks)","137":"Water sports facilities on site","138":"Hot spring bath","139":"Airport shuttle (free)","140":"Airport shuttle (additional charge)","141":"Shared kitchen","142":"Lockers","143":"Shared lounge/TV area","144":"Kids' club","145":"Convenience store on site","146":"Beachfront","147":"Evening entertainment","148":"Water park","149":"Adults only","150":"Detached - Entire property","151":"Semi-detached","152":"Privately-owned apartment","153":"Ground floor (private access)","154":"Ground floor (shared access)","155":"Upper floor - elevator","156":"Upper floor - stairs","157":"Wheelchair accessible","158":"Daily housekeeping","159":"Grocery deliveries","160":"Parking on site","161":"Private Parking","162":"Misc parking","163":"WiFi in all areas","164":"Paid WiFi","165":"Michelin-star Dining","166":"Open-air bath","167":"Public Bath","168":"Waterslide","169":"Swimming pool toys","170":"Board games/Puzzles","171":"Books, DVDs \u0026 music for kids","172":"Indoor play area","173":"Outdoor play equipment for kids","174":"Baby safety gates","175":"Kids' TV channels","176":"Kids' meals","177":"Kid-friendly buffet","178":"Sofa Bed","179":"Secure parking","180":"Street parking","181":"Parking garage","182":"Electric vehicle charging station","183":"Public transit tickets","184":"Accessible parking","185":"Wheelchair accessible","186":"Toilet with grab rails","187":"Raised toilet","188":"Lowered sink","189":"Bathroom emergency cord","192":"Rooftop pool","193":"Infinity pool","194":"Pool with view","195":"Heated pool","196":"Saltwater pool","197":"Plunge pool","198":"Pool/Beach towels","199":"Pool bar","200":"Shallow end","201":"Pool cover","203":"Wine/Champagne","204":"Bottle of water","205":"Fruit","206":"Chocolate/Cookies","207":"Tickets to shows/attractions","209":"Airport pickup","210":"Airport drop-off","211":"Visual aids (Braille)","212":"Visual aids (tactile signs)","213":"Auditory guidance","214":"Strollers","215":"Tennis equipment","216":"Badminton equipment","217":"Pet basket","218":"Pet bowls","219":"Coffee house on site","220":"Beach chairs/Loungers","221":"Beach umbrellas","222":"Outdoor furniture","223":"Fenced pool","224":"Picnic area","225":"Outdoor fireplace","226":"Beauty services","227":"Facial treatments","228":"Waxing services","229":"Makeup services","230":"Hair treatments","231":"Manicure","232":"Pedicure","233":"Haircut","234":"Hair coloring","235":"Hairstyling","236":"Body treatments","237":"Body scrub","238":"Body wrap","239":"Light therapy","240":"Spa facilities","241":"Steam room","242":"Spa lounge/Relaxation area","243":"Foot bath","244":"Spa/Wellness packages","245":"Back massage","246":"Neck massage","247":"Foot massage","248":"Couples' massage","249":"Head massage","250":"Hand massage","251":"Full-body massage","252":"Massage chair","253":"Fitness","254":"Yoga classes","255":"Fitness classes","256":"Personal trainer","257":"Locker rooms","258":"Kids' pool","301":"Swimming pool","302":"Beach","303":"Special baths","304":"Shuttle service","305":"Breakfast options","306":"Game drives","307":"The Big Five","308":"Walking Safari","309":"Bush Dinner","310":"Game Drives","311":"The Big Five","312":"Walking Safari","313":"Bush Dinner","400":"Temporary art galleries","401":"Bar crawls","402":"Stand-up comedy","403":"Movie nights","404":"Walking tours","405":"Bike tours","406":"Themed dinners","407":"Happy hour","408":"Tour or class about local culture","409":"Cooking class","410":"Live music/Performance","411":"Live sports events (broadcast)","412":"Archery","413":"Aerobics","414":"Bingo","415":"Downhill Skiing","418":"24-hour security","419":"Key access","420":"Key card access","421":"Security alarm","422":"Smoke alarms","423":"CCTV in common areas","424":"CCTV outside property","425":"Fire extinguishers","426":"Bicycle parking","427":"Telephone","428":"Postal service","429":"Laundry room","430":"Ski shuttle","431":"Bath/Hot spring","432":"Private bath","433":"Swimming pool","434":"No single-use plastics","435":"Have you removed (or never offered) all single-use plastic miniature shampoo, conditioner, and body wash bottles?","436":"Guests have the option to reuse towels","437":"Carbon monoxide detector","438":"Carbon monoxide sources","439":"Have you removed (or never offered) all plastic straws?","440":"Have you removed (or never offered) all plastic cups?","441":"Have you removed (or never offered) all plastic water bottles?","442":"Have you removed (or never offered) all plastic bottles for other drinks?","443":"Have you removed (or never offered) all plastic cutlery and tableware?","444":"Key card or motion-controlled electricity for guests","445":"Guests can opt out of daily cleaning service","446":"Water cooler/dispenser","447":"Bicycle rental","448":"Have you removed (or never offered) all plastic stirrers?","449":"Use of cleaning chemicals that are effective against coronavirus","450":"Linens, towels, and laundry washed in accordance with local authority guidelines","451":"Guest accommodation disinfected between stays","452":"Guest accommodation sealed after cleaning","453":"Physical distancing in dining areas","454":"Food can be delivered to guest accommodation","455":"Staff follow all safety protocols as directed by local authorities","456":"Shared stationery (e.g. printed menus, magazines, pens, paper) removed","457":"Hand sanitizer in guest accommodation and common areas","458":"Process in place to check health of guests","459":"First aid kits available","460":"Contactless check-in/out","461":"Cashless payment available","462":"Physical distancing rules followed","463":"Mobile app for room service","464":"Screens or physical barriers between staff and guests in appropriate areas","465":"Invoice provided","466":"Property cleaned by professional cleaning companies","467":"All plates, cutlery, glasses, and other tableware sanitized","468":"Guests have the option to cancel any cleaning services for their accommodation during their stay","470":"Passport/ID info collected online before you arrive","471":"Check-in kiosk in the lobby","472":"Lockbox key collection at the property","473":"Lockbox key collection near the property","474":"Digital key access","484":"Breakfast to-go containers","485":"Delivered food covered securely","486":"Access to healthcare professionals","487":"Thermometers for guests provided by property","488":"Face masks for guests available","489":"Wild (non-domesticated) animals aren't displayed or interacted with while kept at the property, nor are they harvested, consumed, or sold.","490":"Recycling bins are available to guests and waste is recycled","491":"At least 80% of food is sourced from your region","492":"At least 80% of lighting uses energy-efficient LED bulbs","493":"Only using water-efficient toilets (e.g. low-flow toilets, dual flush toilets)","494":"Only using water-efficient showers (e.g smart showers, low-flow shower heads)","495":"All windows are double-glazed","496":"Food waste policy in place that includes education, food waste prevention, reduction, recycling, and disposal","497":"A percentage of revenue is invested back into community or sustainability projects","498":"Compensate for at least 10% of total annual carbon emissions by purchasing certified carbon offsets","499":"Tours and activities organized by local guides and businesses","500":"Vegetarian menu options available","501":"Vegan menu options available","502":"Green spaces like (rooftop) gardens at the property","503":"At least 80% of provided food is organic","504":"100% renewable electricity used throughout the property","505":"Local artists are offered a platform to display their talents","506":"Provide guests with info about local ecosystems, history, culture, and visitor etiquette","507":"100% renewable energy is used throughout the property","508":"Local artists are offered a platform to display their talents","509":"Provide guests with information regarding local ecosystems, heritage and culture, as well as visitor etiquette","510":"Provide guests with information regarding local ecosystems, heritage and culture, as well as visitor etiquette","511":"Indoor fireplace","512":"Breakfast to go","513":"Breakfast to go","514":"Breakfast to go","other":""}},"review_question/name":{"type":"list","items":{"hotel_bath":"Bathroom","hotel_clean":"Cleanliness","hotel_comfort":"Comfort","hotel_location":"Location","hotel_services":"Facilities","hotel_staff":"Staff","hotel_value":"Value for money","hotel_wifi":"WiFi","other":"","review_rating_beach":"Beach","review_rating_bed_comfort":"Bed Comfort","review_rating_breakfast":"Breakfast","review_rating_coffee":"Coffee","review_rating_facilities":"Facilities","review_rating_gym":"Fitness Center","review_rating_parking":"Parking","review_rating_pool":"Swimming Pool","review_rating_restaurant":"On-site Restaurant","review_rating_room":"Room","review_rating_room_size":"Room Size","review_rating_score":"Guest Rating","review_rating_shuttle":"Shuttle Service","review_rating_spa":"Spa","review_rating_view":"View","review_rating_wifi_paid":"Paid WiFi","room_service":"Room Service","sleep_quality":"Quality of sleep","total":"Total"}},"date_format/date_with_year":{"type":"list","items":{"1":"{month_name} {day_of_month}, {full_year}","date_with_weekday_time_at":"date_with_year","other":""}},"bh_gwe_sr_hr_banner_cta":"Show vacation rentals","bh_gwe_sr_hr_banner_header":"Want an entire place to yourself?","bh_gwe_sr_hr_banner_subtext":"Vacation rentals can make you feel right at home with extra privacy","bh_gwe_sr_privacy_banner_cta":"Show entire homes \u0026 apartments","bh_gwe_sr_privacy_banner_header":"Looking for a space of your own?","bh_gwe_sr_privacy_banner_subtext":"Find privacy and peace of mind with an entire home or apartment to yourself","a11y_cta_close_banner_new":"Close banner","review_index_copy":"How was {start_bold}{property_name}{end_bold}?","accs_sr_sign_in_num_members_deals":{"type":"plural","plural":{"one":"Sign in to reveal {num_members_deals} members-only deal","other":"Sign in to reveal {num_members_deals} members-only deals"}},"accs_sr_sign_in_num_members_deals_cta":"Sign in","sr_search_adjustment_filter_block_change_dates_cta":"Change dates","sr_search_adjustment_filter_block_change_dest_cta":"Change destination","sr_search_adjustment_filter_block_clear_cta":"Clear filters","sr_search_adjustment_filter_block_head":"Take control of your search","sr_search_adjustment_filter_block_subhead":"Maximize availability using one of these options:","a11y_gmega_genius_logo_participating_properties":"Genius discounts available at this property.","a11y_help_preferred_plus_property":"This property is part of our Preferred Plus Program. It's committed to providing outstanding service and excellent value. It'll pay us a higher commission if you make a booking.","a11y_help_preferred_property":"This property is part of our Preferred Partner Program. It's committed to providing excellent service and good value. It’ll pay us a higher commission if you make a booking.","a11y_preferred_programme_new_tooltip_pref_plus":"This is a Preferred Plus property. Preferred Plus properties provide excellent value, meet {b_companyname}'s quality standards, and pay {b_companyname} to be in this program.","a11y_preferred_programme_new_tooltip_preferred":"This is a Preferred property. Preferred properties meet {b_companyname}'s quality standards and pay {b_companyname} to be in this program.","a11y_sr_open_new_window":"Opens in new window","a11y_sr_property_soldout_aria_label":"This property is unavailable on our site for your dates","bas_about_this_ad_contents_legal_entity_desktop":"This slot is a paid ad by {legal_entity}. You're seeing this ad because of several factors, including advertiser bid and relevance to your search criteria, such as travel destination and dates.","bh_nontrader_property":"Managed by a private host","china_cn_sr_hotel_card_ad":"Ad","help_preferred_plus_property":"This property is part of our Preferred Plus Program. It's committed to providing outstanding service and excellent value. It'll pay us a higher commission if you make a booking.","help_preferred_property":"This property is part of our Preferred Partner Program. It's committed to providing excellent service and good value. It’ll pay us a higher commission if you make a booking.","preferred_programme_new_tooltip_pref_plus":"This is a Preferred Plus property. Preferred Plus properties provide excellent value, meet {b_companyname}'s quality standards, and pay {b_companyname} to be in this program.","preferred_programme_new_tooltip_preferred":"This is a Preferred property. Preferred properties meet {b_companyname}'s quality standards and pay {b_companyname} to be in this program.","preferred_programme_new_tooltip_vb":"This property pays additional commission to increase their visibility on our platform","ranking_vb_promoted":"Featured","ranking_vb_promoted_tooltip":"This property matches your criteria and may be ranked higher in your search results. It will pay us a higher commission if you make a booking.","usm_promoted_hotel_badge_copy":"Ad","usm_promoted_hotel_badge_tooltip":"This property spends a little extra to appear in this spot, and it matches your search criteria.","wallet_label":"Pay with Wallet","beach_sr_distance_beachfront":"Beachfront","fe_cc_distance_tooltip_sr":"This is the straight-line distance on the map. Actual travel distance may vary.","ge_boost_sr_city_centre":"In the city center","loc_sr_subway_access":"Subway Access","map_show_on":"Show on map","maps_sr_beach_nearby":"Beach Nearby","maps_sr_beach_nearby_list_separator":", ","maps_sr_beach_nearby_tooltip":"Not far from: {list_of_beaches}","distance_from_destination":"{distanceInKm} from {userDestination}","distance_map_centre":"{distance} from map center","m_sr_distance_from_centre":"{distanceInKmFromCentre} from center","loc_sr_want_installments_min_required":{"type":"plural","plural":{"one":"{start_style}Want to pay in {num_installments}x installment?{end_style} This option is available at this property for bookings over {instalment_min_pay}.","other":"{start_style}Want to pay in {num_installments}x installments?{end_style} This option is available at this property for bookings over {instalment_min_pay}."}},"loc_sr_want_installments_no_min":{"type":"plural","plural":{"one":"{start_style}Want to pay in {num_installments} installment?{end_style} This option is available at this property.","other":"{start_style}Want to pay in {num_installments} installments?{end_style} This option is available at this property."}},"a11y_rating_score_for_screenreader":"Scored {review_score_number} ","bhc_sr_new_to_bcom_badge":"New to {b_companyname}","comp_fd_lp_header_rs":"Review score","enter_dates_to_see_prices":"enter your check-in and check-out dates in the search box on the left to see the exact room prices for your stay and to be able to sort by price.","sr_nodates_show_prices":"Show prices","sr_property_card_tooltip_no_dates":"To see room prices, enter your check-in and check-out dates in the search box.","extl_reviews_no_bcom_sr_reviews_modal_first_body_legal_update":"We give properties on our site a review score out of 10.","extl_reviews_no_bcom_sr_reviews_modal_header":"External review score","extl_reviews_no_bcom_sr_reviews_modal_second_body_legal_update":"Some properties—such as those new to our site—don’t have any reviews from {b_companyname} guests. Until these properties get their first {b_companyname} guest review, we calculate their review score using guest reviews from some of the other travel sites they’re listed on. Whenever these external reviews are scored out of 5, we adjust them to a 10-point scale. {b_companyname} can’t verify these reviews to confirm that the reviewer meets {b_companyname} review criteria.","extl_reviews_no_bcom_sr_reviews_tooltip_cta":"Learn more about external reviews","extl_reviews_yes_bcom_sr_reviews_modal_second_body_transparent":"Some properties—like those new to our website—don’t have any reviews from {b_companyname} guests. In this case, we calculate a review score using reviews from guests who booked the same property on other trusted travel websites.","xtl_reviews_no_bcom_sr_reviews_tooltip_transparent_legal_update":"The {review_score} review score is based on reviews for this property left by guests on several other travel websites, converted to the {b_companyname} 10-point scale.","bh_prd_sr_card_weeks_above_price":{"type":"plural","plural":{"one":"{num_weeks} week","other":"{num_weeks} weeks"}},"m_prd_sr_card_adults_above_price":{"type":"plural","plural":{"one":"{n_of_adults} adult","other":"{n_of_adults} adults"}},"m_prd_sr_card_nights_adults_children_nights_parent":"Price for {m_prd_sr_card_adults_above_price}, {m_prd_sr_card_children_above_price}, {m_prd_sr_card_nights_above_price}","m_prd_sr_card_nights_adults_parent":"Price for {m_prd_sr_card_adults_above_price}, {m_prd_sr_card_nights_above_price}","m_sr_hp_price_for_x_nights_bold":{"type":"plural","plural":{"one":"Price for {start_bold}{num_nights} night{end_bold}:","other":"Price for {start_bold}{num_nights} nights{end_bold}:"}},"prd_sr_card_adults_above_price":{"type":"plural","plural":{"one":"{n_of_adults} adult","other":"{n_of_adults} adults"}},"prd_sr_card_children_above_price":{"type":"plural","plural":{"one":"{n_of_children} child","other":"{n_of_children} children"}},"prd_sr_card_nights_above_price":{"type":"plural","plural":{"one":"{n_of_nights} night","other":"{n_of_nights} nights"}},"prd_sr_card_nights_adults_children_parent":"{prd_sr_card_nights_above_price}, {prd_sr_card_adults_above_price}, {prd_sr_card_children_above_price}","prd_sr_card_nights_adults_parent":"{prd_sr_card_nights_above_price}, {prd_sr_card_adults_above_price}","a11y_vm_sr_rt_generic_price_currency":"Price {generic_price_with_currency}","a11y_vm_sr_rt_original_current_price_currency":{"type":"plural","plural":{"one":"Original price {original_price_with_currency}. Current price {current_price_with_currency}.","other":"Original price {original_price_with_currency}. Current price {current_price_with_currency}."}},"vm_single_savings_badge_name_pd":"{num_percent}% off","sr_pd_breakdown_price_summary":"Price Summary","pd_sr_deals_badges_grouped":"+ {num}","fame_sr_group_rec_header":"Recommended for your group","fame_sr_group_rec_header_apartment":"Whole apartment for your family","fame_sr_group_rec_header_cheapest":"Lowest price at this property","fame_sr_group_rec_header_cheapest_fc":"Lowest price with free cancellation at this property","fame_sr_group_rec_header_family":"Recommended for your family","fame_sr_group_rec_header_less_rooms":{"type":"plural","plural":{"one":"{num_rooms} room for your family","other":"{num_rooms} rooms for your family"}},"fame_sr_group_rec_header_more_rooms":{"type":"plural","plural":{"one":"Extra space – {num_rooms} room for your family","other":"Extra space – {num_rooms} rooms for your family"}},"bhage_hp_bed_comma_separator":",","fame_free_child_rt":"Free stay for your child","fame_sr_free_cot_requested_for_you":"Free crib requested for you","free_cancellation_before":"before {cancellation_date}","ge_deepen_free_breakfast_sr_card_4":"Breakfast is free for Genius members like you! You'll get the same breakfast as other guests, but you won't have to pay for it.","wtpex_npp_decap_1":"{start_bold}{start_green}No prepayment needed{end_green}{end_bold} – pay at the property","transactional_policies/name":{"type":"list","items":{"cxl_fc_name":"{start_bold}Free cancellation{end_bold}","other":""}},"bhgwe_sr_show_bh_bathroom_num":{"type":"plural","plural":{"one":"{num_bathrooms} bathroom","other":"{num_bathrooms} bathrooms"}},"m_bh_sr_num_bedrooms":{"type":"plural","plural":{"one":"{num_bedrooms} bedroom","other":"{num_bedrooms} bedrooms"}},"m_bh_sr_num_living_rooms":{"type":"plural","plural":{"one":"{num_living_rooms} living room","other":"{num_living_rooms} living rooms"}},"www_bh_age_sr_unit_config_kitchen":{"type":"plural","plural":{"one":"{num} kitchen","other":"{num} kitchens"}},"bh_gwe_sr_bed_config_up_to":{"type":"plural","plural":{"one":"{num_beds} bed","other":"Up to {num_beds} beds"}},"m_bh_sr_num_private_pool":{"type":"plural","plural":{"one":"Private pool","other":"{num} private pools"}},"loc_hp_rt_up_to_x_installments":{"type":"plural","plural":{"one":"up to {num_installments}x","other":"up to {num_installments}x"}},"sr_dates_cta_choose_room":"Select your room","sr_hc_cta_see_availability":"See availability","background_image":"Background Image","rates_rocket_gating_popup_button":"Send","rates_rocket_gating_popup_message_limited_offer":"This is a limited offer.","rates_rocket_gating_success_popup_cta":"Got it","rates_rocket_gating_success_popup_desc":"You unlocked special deals that you can find in your search results.","rates_rocket_gating_success_popup_header":"Congrats!","sp_ext_cashback_expand_index_details":"See promotion details","sp_miles_may_vary":"The number shown above is for reference only. The final amount awarded may vary slightly due to exchange rates.","sp_reward_coupon_bs_box_earn":"Here's what you'll get for this booking","sp_reward_coupon_bs_box_header":"Your reward","sp_loyalty_see_terms_and_conditions":"See terms and conditions","loyalty_banner_sentences/name":{"type":"list","items":{"header_general_terms":"General terms","header_multiple_rewards":"Up for a rewarding trip?","other":""}},"csi_srt_button_copy_details":"Copy details","chains_sr_bundle_rates_extras_badge":"Rates with extras available","sr_mdot_facility_type_closed_from_until":"{facility_type} closed from {start_date} until {end_date}","gex_w_sr_meta_landing_sign_in_card":"Get a member-only discount on this price – {start_link}sign in{end_link}","bh_gps_bb_program_action_module_stage_2_amenities_desk":"Desk or table to work at","bhbb_sr_pp_workfriendly_badge":"Work-friendly","bhbb_work_friendly_tooltip_essentials":"Essentials: Towels, pillows, linens, and toiletries","bhbb_work_friendly_tooltip_invoice":"Invoice available upon request","bhbb_work_friendly_tooltip_wifi":"Free WiFi","gc_parkfly_sr_badge":"Park \u0026 Fly","sr_unavailable_property_temp_closed_no_res":"Sorry, this property isn't taking reservations on our site right now.","bex_bl_sr_badge_payment_method_accepted":"Accepts {payment_method}","iq_bui_next_page":"Next page","iq_bui_previous_page":"Previous page","sr_footer_num_properties_frontloaded_destination":{"type":"plural","plural":{"one":"{destination}: {num_properties} property found","other":"{destination}: {num_properties} properties found"}},"sr_showing_results_footer":{"type":"plural","plural":{"one":"Showing {first_num_results} – {last_num_results}","other":"Showing {first_num_results} – {last_num_results}"}},"sr_sort_by_action_label":"Sort by:","triptypes_hp_guests_generic_recommend_header":"Our guests love these destinations","triptypes_hp_personalised_recommend_header":"Recommended by travelers like you","triptypes_hp_recommend_header":"Get inspiration for your next trip","sxp_carousel_accessibility_next":"Next","sxp_carousel_accessibility_previous":"Previous","a11y_travheader_view_notifications":"View your notifications","android_preferences_notifications_forweb":"Notifications","a11y_travheader_msg":"Open messaging","msg_lc_alt_messaging_platform":{"type":"plural","plural":{"one":"Check your new message","other":"Check {number} new messages"}},"a11y_traveller_header_account_genius_lev1":"Genius Level 1","a11y_traveller_header_account_genius_lev2":"Genius Level 2","a11y_traveller_header_account_genius_lev3":"Genius Level 3","a11y_traveller_header_close_menu":"Close the menu","a11y_webshell_close_account_menu":"Close account menu","a11y_webshell_close_currency_selector":"Close currency selector","a11y_webshell_close_language_selector":"Close language selector","a11y_webshell_close_menu":"Close menu","a11y_webshell_header_tools_account_menu_genius":"Your account menu {user_name} {genius_level}","a11y_webshell_header_tools_account_menu_no_genius":"Your account menu {user_name}","a11y_webshell_header_tools_currency":"Prices in {selected_currency}","a11y_webshell_header_tools_language":"Language: {selected_lang}","a11y_webshell_header_tools_register":"Create an account","a11y_webshell_header_tools_sign_in":"Sign in","a11y_webshell_header_tools_support":"Customer support","a11y_webshell_logged_in_menu":"Menu","a11y_webshell_logged_in_my_account":"My account","a11y_webshell_logged_out_account":"Log in or create an account","a11y_webshell_tab_bar_intro":"What are you looking for?","header_menu_cs_help":"Customer Service help","traveller_header_account_currency_all":"All currencies","traveller_header_account_currency_most_often":"Suggested for you","traveller_header_account_header_help":"Help and support","traveller_header_account_lang_all":"All languages","traveller_header_account_lang_most_often":"Suggested for you","traveller_header_account_more":"More","traveller_header_account_select_language":"Select your language","traveller_header_account_select_your_currency":"Select your currency","traveller_header_xbar_more":"More","traveller_header_account_more_header_discover":"Inspiration","traveller_header_account_more_header_settings":"Settings and legal","a11y_traveller_header_close_profile_menu":"Close the profile menu","traveller_header_account_sign_out":"Sign out","fx_piyoc_funnel_currency_selector":"Where applicable, prices will be converted to—and shown in—the currency you select. The currency you pay in may differ based on your reservation, and a service fee may also apply.","fx_piyoc_funnel_room_table":"Prices converted to {user_currency}","fx_piyoc_funnel_room_table_tooltip":"Prices have been converted from {property_currency} to show the approximate cost based on our latest exchange rate. Includes a service fee.","in_cooperation_with":"In cooperation with","sp_funnel_trusted_affiliate":"Trusted Affiliate","sp_partnership_with_another_company":"In partnership with","mobile_header_icon_go_back":"Go back","a11y_ace_global_alert_disruptive_label":"Important travel alert","a11y_ace_global_alert_normal_label":"Travel alert","a11y_ace_global_alert_num":{"type":"plural","plural":{"one":"{num_alerts} travel alert","other":"{num_alerts} travel alerts"}},"webcore_shell_global_alert_turkey_body":"Unfortunately, it isn't possible for our customers in Turkey to book domestically, but you can still book international properties with us. We apologize for any inconvenience and are constantly working to extend our range of services within Turkey.","webcore_shell_global_alert_turkey_title":"Unable to book within Turkey","webcore_shell_global_alert_ukraine_body_1":"To make an informed decision, review official travel guidelines for the area you intend to visit. We recommend booking a free cancellation option in case your travel plans change.","webcore_shell_global_alert_ukraine_body_2":"To support the humanitarian response to the war in Ukraine, make your donation to reputable aid organizations for maximum impact.","webcore_shell_global_alert_ukraine_title":"Safety concerns in Ukraine","bh_gwe_sr_privacy_entire_apartment":{"type":"plural","plural":{"one":"Entire apartment","other":"{num} entire apartments"}},"bh_gwe_sr_privacy_entire_apartment_one":"{num} entire apartment","bh_gwe_sr_privacy_entire_bungalow":{"type":"plural","plural":{"one":"Entire bungalow","other":"{num} entire bungalows"}},"bh_gwe_sr_privacy_entire_bungalow_one":"{num} entire bungalow","bh_gwe_sr_privacy_entire_chalet":{"type":"plural","plural":{"one":"Entire chalet","other":"{num} entire chalets"}},"bh_gwe_sr_privacy_entire_chalet_one":"{num} entire chalet","bh_gwe_sr_privacy_entire_holiday_home":{"type":"plural","plural":{"one":"Entire vacation home","other":"{num} entire vacation homes"}},"bh_gwe_sr_privacy_entire_holiday_home_one":"{num} entire vacation home","bh_gwe_sr_privacy_entire_studio":{"type":"plural","plural":{"one":"Entire studio","other":"{num} entire studios"}},"bh_gwe_sr_privacy_entire_studio_one":"{num} entire studio","bh_gwe_sr_privacy_entire_villa":{"type":"plural","plural":{"one":"Entire villa","other":"{num} entire villas"}},"bh_gwe_sr_privacy_entire_villa_one":"{num} entire villa","bh_gwe_sr_privacy_hotel_room":{"type":"plural","plural":{"one":"Hotel room","other":"{num} hotel rooms"}},"bh_gwe_sr_privacy_hotel_room_one":"{num} hotel room","bh_gwe_sr_privacy_no_descriptor_bed_in_dorm":{"type":"plural","plural":{"one":"Bed in dorm","other":"{num} beds in dorms"}},"bh_gwe_sr_privacy_no_descriptor_bed_in_dorm_one":"{num} bed in dorm","bh_gwe_sr_privacy_no_descriptor_empty_spot":{"type":"plural","plural":{"one":"Empty spot","other":"{num} empty spots"}},"bh_gwe_sr_privacy_no_descriptor_empty_spot_one":"{num} empty spot","bh_gwe_sr_privacy_no_descriptor_mobile_home":{"type":"plural","plural":{"one":"Mobile home","other":"{num} mobile homes"}},"bh_gwe_sr_privacy_no_descriptor_mobile_home_one":"{num} mobile home","bh_gwe_sr_privacy_no_descriptor_tent":{"type":"plural","plural":{"one":"Tent","other":"{num} tents"}},"bh_gwe_sr_privacy_no_descriptor_tent_one":"{num} tent","bh_gwe_sr_privacy_private_apartment":{"type":"plural","plural":{"one":"Private apartment","other":"{num} private apartments"}},"bh_gwe_sr_privacy_private_apartment_one":"{num} private apartment","bh_gwe_sr_privacy_private_room":{"type":"plural","plural":{"one":"Private room","other":"{num} private rooms"}},"bh_gwe_sr_privacy_private_room_one":"{num} private room","bh_gwe_sr_privacy_private_studio":{"type":"plural","plural":{"one":"Private studio","other":"{num} private studios"}},"bh_gwe_sr_privacy_private_studio_one":"{num} private studio","bh_gwe_sr_privacy_private_suite":{"type":"plural","plural":{"one":"Private suite","other":"{num} private suites"}},"bh_gwe_sr_privacy_private_suite_one":"{num} private suite","bh_gwe_sr_privacy_shared_bathroom_room":{"type":"plural","plural":{"one":"Room with shared bathroom","other":"{num} rooms with shared bathrooms"}},"bh_gwe_sr_privacy_shared_bathroom_room_one":"{num} room with shared bathroom","bh_gwe_sr_privacy_shared_dorm_room":{"type":"plural","plural":{"one":"Shared dorm room","other":"{num} shared dorm rooms"}},"bh_gwe_sr_privacy_shared_dorm_room_one":"{num} shared dormitory room","beach_sr_distance_from_beach_ft":{"type":"plural","plural":{"one":"{distance} ft from beach","other":"{distance} ft from beach"}},"beach_sr_distance_from_beach_m":{"type":"plural","plural":{"one":"{distance} m from beach","other":"{distance} m from beach"}},"beach_sr_distance_to_beach":"{distance_to_beach} from beach","gte_web_sr_maps_hotel_card_genius_free_breakfast":"Free breakfast","gte_web_sr_maps_hotel_card_genius_free_room_upgrade":"Free room upgrade","maps_hp_sr_sorry_unavailable_legal":"Unavailable for your dates on our site","vpm_hp_no_dates_add_dates_button":"Add dates to see prices","a11y_adjective_rating":"Rated {/adjectives/[rating_adjective]/name}","review_adj_above_average":"Above average","review_adj_average":"Average","review_adj_disappointing":"Disappointing","review_adj_exceptional":"Exceptional","review_adj_fabulous":"Excellent","review_adj_good":"Good","review_adj_pleasant":"Pleasant","review_adj_poor":"Poor","review_adj_superb":"Wonderful","review_adj_very_good":"Very Good","review_adj_very_poor":"Very Poor","adjectives/adj_fem_plu":{"type":"list","items":{"1":"very poor","2":"poor","3":"disappointing","4":"fair","5":"okay","6":"pleasant","7":"good","8":"very good","9":"excellent","10":"wonderful","11":"exceptional","adj_masc_sing":"x","other":""}},"adjectives/adj_fem_sing":{"type":"list","items":{"1":"very poor","2":"poor","3":"disappointing","4":"fair","5":"okay","6":"pleasant","7":"good","8":"very good","9":"excellent","10":"wonderful","11":"exceptional","adj_masc_sing":"x","other":""}},"adjectives/adj_masc_plu_acc":{"type":"list","items":{"1":"very poor","2":"poor","3":"disappointing","4":"fair","5":"okay","6":"pleasant","7":"good","8":"very good","9":"excellent","10":"wonderful","11":"exceptional","adj_masc_sing":"x","other":""}},"adjectives/adj_masc_sing_acc":{"type":"list","items":{"1":"very poor","2":"poor","3":"disappointing","4":"fair","5":"okay","6":"pleasant","7":"good","8":"very good","9":"excellent","10":"wonderful","11":"exceptional","adj_masc_sing":"x","other":""}},"adjectives/adj_neut_sing":{"type":"list","items":{"1":"very poor","2":"poor","3":"disappointing","4":"fair","5":"okay","6":"pleasant","7":"good","8":"very good","9":"excellent","10":"wonderful","11":"exceptional","adj_masc_sing":"x","other":""}},"adjectives/adj_neut_sing_acc":{"type":"list","items":{"1":"very poor","2":"poor","3":"disappointing","4":"fair","5":"okay","6":"pleasant","7":"good","8":"very good","9":"excellent","10":"wonderful","11":"exceptional","adj_masc_sing":"x","other":""}},"adjectives/name":{"type":"list","items":{"1":"very poor","2":"poor","3":"disappointing","4":"fair","5":"okay","6":"pleasant","7":"good","8":"very good","9":"excellent","10":"wonderful","11":"exceptional","adj_masc_sing":"x","other":""}},"m_pp_num_reviews_entry":{"type":"plural","plural":{"one":"{num_reviews} review","other":"{num_reviews} reviews"}},"maps_none_available_change_dates":"Change your dates","maps_none_available_change_filters":"Change your filters","maps_none_available_no_props_avail_here":"Sorry, there aren't any properties available here","maps_none_available_refresh":"Refresh results","maps_none_available_remove_all_filters":"Remove all filters","maps_none_available_search_different":"Search for a different location","maps_none_available_sorry":"Sorry, no results","maps_none_available_try_following":"Try the following to get results:","maps_none_available_zoom_out":"Zoom out on the map","d_maps_loading_properties":"Loading properties...","num_reviews_sr_page":{"type":"plural","plural":{"one":"{num_reviews} review","other":"{num_reviews} reviews"}},"sr_hp_taxes_and_charges_exception":"Additional charges may apply","sr_search_card_plus_taxes_and_charges":"+ taxes and charges","sr_search_card_plus_taxes_and_charges_amount_v2":"+{sum_taxes_charges} taxes and charges","convert_incentives_index_card_more_information_tcs":"Terms and conditions","incentives_engage_reward_modal_got_it_cta":"Got it","reward_mini_tcs_complete_tcs_link":"Full terms and conditions apply","reward_mini_tcs_title":"Terms \u0026 Conditions","m_sr_autoextend_carousel_starting_from":"Starting from","webcore_trans_wanderlist_show_props_cta":"Show properties","webcore_xm_survey_index_modal_aria_label_close":"Close","webcore_xm_survey_index_modal_notification":"Thanks for helping us create better experiences for everyone","webcore_xm_survey_index_modal_cta_submit":"Submit","webcore_xm_survey_index_modal_likert_1":"Very unsatisfied","webcore_xm_survey_index_modal_likert_2":"Unsatisfied","webcore_xm_survey_index_modal_likert_3":"Neutral","webcore_xm_survey_index_modal_likert_4":"Satisfied","webcore_xm_survey_index_modal_likert_5":"Very satisfied","webcore_xm_survey_index_modal_likert_agree_1":"Strongly agree","webcore_xm_survey_index_modal_likert_agree_2":"Agree","webcore_xm_survey_index_modal_likert_agree_3":"Neutral","webcore_xm_survey_index_modal_likert_agree_4":"Disagree","webcore_xm_survey_index_modal_likert_agree_5":"Strongly disagree","webcore_xm_survey_index_modal_q1":"How satisfied are you with your experience today?\n","webcore_xm_survey_index_modal_v2_q1":"It's easy to find what I’m looking for"}}</script><script data-capla-namespace="b-search-web-searchresultsBXEQLBaN" data-capla-store-data="apollo" type="application/json">{"ROOT_QUERY":{"__typename":"Query","checkin":"2023-09-15","checkout":"2023-09-16","popularDestinations({\"input\":{\"maxResults\":5,\"requestType\":\"BY_REGION\"}})":{"__typename":"PopularDestinationsOutput","results":[{"__typename":"PopularDestinationResult","destType":"CITY","destId":-354044,"destinationName":"Máncora","countryName":"Peru","maxLengthOfStay":90,"resultType":"BY_REGION"},{"__typename":"PopularDestinationResult","destType":"CITY","destId":-367472,"destinationName":"Vichayito","countryName":"Peru","maxLengthOfStay":90,"resultType":"BY_REGION"},{"__typename":"PopularDestinationResult","destType":"CITY","destId":-339582,"destinationName":"Canoas de Punta Sal","countryName":"Peru","maxLengthOfStay":90,"resultType":"BY_REGION"},{"__typename":"PopularDestinationResult","destType":"CITY","destId":-353444,"destinationName":"Los Órganos","countryName":"Peru","maxLengthOfStay":90,"resultType":"BY_REGION"},{"__typename":"PopularDestinationResult","destType":"CITY","destId":-368708,"destinationName":"Zorritos","countryName":"Peru","maxLengthOfStay":90,"resultType":"BY_REGION"}]},"searchQueries":{"__typename":"SearchQueries","search({\"input\":{\"acidCarouselContext\":null,\"doAvailabilityCheck\":false,\"enableCampaigns\":true,\"encodedAutocompleteMeta\":null,\"filters\":{},\"forcedBlocks\":null,\"location\":{\"destId\":261060,\"destType\":\"LANDMARK\"},\"metaContext\":null,\"needsRoomsMatch\":false,\"optionalFeatures\":{\"forceArpExperiments\":true,\"testProperties\":false},\"pagination\":{\"offset\":0,\"rowsPerPage\":25},\"rawQueryForSession\":\"/searchresults.html?\",\"referrerBlock\":null,\"sbCalendarOpen\":false,\"seoThemeIds\":[],\"showAparthotelAsHotel\":true,\"sorters\":{\"referenceGeoId\":null,\"selectedSorter\":null,\"tripTypeIntentId\":null},\"travelPurpose\":2,\"useSearchParamsFromSession\":true}})":{"__typename":"SearchQueryOutput","banners":[{"__typename":"Banner","name":"incentives","type":"banner","isDismissible":null,"showAfterDismissedDuration":null,"position":2,"requestAlternativeDates":null,"title":null,"imageUrl":null,"paragraphs":null,"metadata":null,"pendingReviewInfo":null,"nbDeals":null,"primaryAction":null,"secondaryAction":null,"iconName":null,"flexibleFilterOptions":[],"trackOnView":[],"dateFlexQueryOptions":[]},{"__typename":"Banner","name":"cx_tracker","type":"custom","isDismissible":true,"showAfterDismissedDuration":null,"position":25,"requestAlternativeDates":null,"title":null,"imageUrl":null,"paragraphs":null,"metadata":null,"pendingReviewInfo":null,"nbDeals":null,"primaryAction":null,"secondaryAction":null,"iconName":null,"flexibleFilterOptions":[],"trackOnView":[],"dateFlexQueryOptions":[]}],"breadcrumbs":[{"__typename":"LandingPageBreadcrumb","destType":"COUNTRY","name":"Philippines","urlParts":["ph"]},{"__typename":"LandingPageBreadcrumb","destType":"REGION","name":"Luzon","urlParts":["ph","luzon"]},{"__typename":"LandingPageBreadcrumb","destType":"CITY","name":"Baguio","urlParts":["ph","baguio"]},{"__typename":"LandingPageBreadcrumb","destType":"LANDMARK","name":"Session Road","urlParts":["ph","session-road"]}],"carousels":[],"destinationLocation":{"__typename":"DestinationLocation","name":{"__typename":"TextWithTranslationTag","text":"Session Road"},"inName":{"__typename":"TextWithTranslationTag","text":""},"countryCode":"ph"},"entireHomesSearchEnabled":false,"dateFlexibilityOptions":{"__typename":"DateFlexibilityOptions","enabled":true},"filters":[{"__typename":"Filter","trackOnView":[],"trackOnClick":[],"name":"SustainablePropertyFilter","field":"SustainablePropertyFilter","category":"SustainablePropertyFilter","filterStyle":"CHECKBOX","title":{"__typename":"TextWithTranslationTag","text":"","translationTag":{"__typename":"TranslationTag","translation":"Sustainability"}},"subtitle":"","options":[{"__typename":"Option","trackOnView":[],"trackOnClick":[],"trackOnSelect":[],"trackOnDeSelect":[],"trackOnViewPopular":[],"trackOnClickPopular":[],"trackOnSelectPopular":[],"trackOnDeSelectPopular":[],"id":1,"count":138,"selected":false,"urlId":"SustainablePropertyFilter=1","additionalLabel":{"__typename":"TextWithTranslationTag","text":"Properties taking steps to make your stay more sustainable","translationTag":{"__typename":"TranslationTag","translation":null}},"value":{"__typename":"TextWithTranslationTag","text":"","translationTag":{"__typename":"TranslationTag","translation":"Travel Sustainable properties"}},"starRating":{"__typename":"StarRating","value":0,"symbol":"STARS","caption":{"__typename":"TranslationTag","translation":null},"showAdditionalInfoIcon":false}}],"filterLayout":{"__typename":"FilterLayout","isCollapsable":false,"collapsedCount":5},"stepperOptions":[],"sliderOptions":{"__typename":"SliderOptions","min":"0","max":"0","minSelected":"0","maxSelected":"0","minPriceStep":"0","minSelectedFormatted":null,"currency":"","histogram":[],"selectedRange":null,"title":""},"sliderOptionsPerStay":{"__typename":"SliderOptions","min":"0","max":"0","minSelected":"0","maxSelected":"0","minPriceStep":"0","minSelectedFormatted":null,"currency":"","histogram":[],"selectedRange":null,"title":""}},{"__typename":"Filter","trackOnView":[],"trackOnClick":[],"name":"quality_rating_and_class","field":"class","category":"class","filterStyle":"CHECKBOX","title":{"__typename":"TextWithTranslationTag","text":"Property rating","translationTag":{"__typename":"TranslationTag","translation":null}},"subtitle":"Includes stars and other ratings","options":[{"__typename":"Option","trackOnView":[],"trackOnClick":[],"trackOnSelect":[],"trackOnDeSelect":[],"trackOnViewPopular":[],"trackOnClickPopular":[],"trackOnSelectPopular":[],"trackOnDeSelectPopular":[],"id":1,"count":19,"selected":false,"urlId":"class=1","additionalLabel":{"__typename":"TextWithTranslationTag","text":"","translationTag":{"__typename":"TranslationTag","translation":null}},"value":{"__typename":"TextWithTranslationTag","text":"1 star","translationTag":{"__typename":"TranslationTag","translation":null}},"starRating":{"__typename":"StarRating","value":0,"symbol":"STARS","caption":{"__typename":"TranslationTag","translation":"1 star"},"showAdditionalInfoIcon":false}},{"__typename":"Option","trackOnView":[],"trackOnClick":[],"trackOnSelect":[],"trackOnDeSelect":[],"trackOnViewPopular":[],"trackOnClickPopular":[],"trackOnSelectPopular":[],"trackOnDeSelectPopular":[],"id":2,"count":20,"selected":false,"urlId":"class=2","additionalLabel":{"__typename":"TextWithTranslationTag","text":"","translationTag":{"__typename":"TranslationTag","translation":null}},"value":{"__typename":"TextWithTranslationTag","text":"2 stars","translationTag":{"__typename":"TranslationTag","translation":null}},"starRating":{"__typename":"StarRating","value":0,"symbol":"STARS","caption":{"__typename":"TranslationTag","translation":"2 stars"},"showAdditionalInfoIcon":false}},{"__typename":"Option","trackOnView":[],"trackOnClick":[],"trackOnSelect":[],"trackOnDeSelect":[],"trackOnViewPopular":[],"trackOnClickPopular":[],"trackOnSelectPopular":[],"trackOnDeSelectPopular":[],"id":3,"count":278,"selected":false,"urlId":"class=3","additionalLabel":{"__typename":"TextWithTranslationTag","text":"","translationTag":{"__typename":"TranslationTag","translation":null}},"value":{"__typename":"TextWithTranslationTag","text":"3 stars","translationTag":{"__typename":"TranslationTag","translation":null}},"starRating":{"__typename":"StarRating","value":0,"symbol":"STARS","caption":{"__typename":"TranslationTag","translation":"3 stars"},"showAdditionalInfoIcon":false}},{"__typename":"Option","trackOnView":[],"trackOnClick":[],"trackOnSelect":[],"trackOnDeSelect":[],"trackOnViewPopular":[],"trackOnClickPopular":[],"trackOnSelectPopular":[],"trackOnDeSelectPopular":[],"id":4,"count":18,"selected":false,"urlId":"class=4","additionalLabel":{"__typename":"TextWithTranslationTag","text":"","translationTag":{"__typename":"TranslationTag","translation":null}},"value":{"__typename":"TextWithTranslationTag","text":"4 stars","translationTag":{"__typename":"TranslationTag","translation":null}},"starRating":{"__typename":"StarRating","value":0,"symbol":"STARS","caption":{"__typename":"TranslationTag","translation":"4 stars"},"showAdditionalInfoIcon":false}},{"__typename":"Option","trackOnView":[],"trackOnClick":[],"trackOnSelect":[],"trackOnDeSelect":[],"trackOnViewPopular":[],"trackOnClickPopular":[],"trackOnSelectPopular":[],"trackOnDeSelectPopular":[],"id":5,"count":4,"selected":false,"urlId":"class=5","additionalLabel":{"__typename":"TextWithTranslationTag","text":"","translationTag":{"__typename":"TranslationTag","translation":null}},"value":{"__typename":"TextWithTranslationTag","text":"5 stars","translationTag":{"__typename":"TranslationTag","translation":null}},"starRating":{"__typename":"StarRating","value":0,"symbol":"STARS","caption":{"__typename":"TranslationTag","translation":"5 stars"},"showAdditionalInfoIcon":false}},{"__typename":"Option","trackOnView":[],"trackOnClick":[],"trackOnSelect":[],"trackOnDeSelect":[],"trackOnViewPopular":[],"trackOnClickPopular":[],"trackOnSelectPopular":[],"trackOnDeSelectPopular":[],"id":0,"count":232,"selected":false,"urlId":"class=0","additionalLabel":{"__typename":"TextWithTranslationTag","text":"","translationTag":{"__typename":"TranslationTag","translation":null}},"value":{"__typename":"TextWithTranslationTag","text":"Unrated","translationTag":{"__typename":"TranslationTag","translation":null}},"starRating":{"__typename":"StarRating","value":0,"symbol":"STARS","caption":{"__typename":"TranslationTag","translation":"Unrated"},"showAdditionalInfoIcon":false}}],"filterLayout":{"__typename":"FilterLayout","isCollapsable":false,"collapsedCount":5},"stepperOptions":[],"sliderOptions":{"__typename":"SliderOptions","min":"0","max":"0","minSelected":"0","maxSelected":"0","minPriceStep":"0","minSelectedFormatted":null,"currency":"","histogram":[],"selectedRange":null,"title":""},"sliderOptionsPerStay":{"__typename":"SliderOptions","min":"0","max":"0","minSelected":"0","maxSelected":"0","minPriceStep":"0","minSelectedFormatted":null,"currency":"","histogram":[],"selectedRange":null,"title":""}},{"__typename":"Filter","trackOnView":[],"trackOnClick":[],"name":"distance","field":"distance","category":"distance","filterStyle":"CHECKBOX","title":{"__typename":"TextWithTranslationTag","text":"","translationTag":{"__typename":"TranslationTag","translation":"Distance from Session Road"}},"subtitle":"","options":[{"__typename":"Option","trackOnView":[],"trackOnClick":[],"trackOnSelect":[],"trackOnDeSelect":[],"trackOnViewPopular":[],"trackOnClickPopular":[],"trackOnSelectPopular":[],"trackOnDeSelectPopular":[],"id":805,"count":146,"selected":false,"urlId":"distance=805","additionalLabel":{"__typename":"TextWithTranslationTag","text":"","translationTag":{"__typename":"TranslationTag","translation":null}},"value":{"__typename":"TextWithTranslationTag","text":"","translationTag":{"__typename":"TranslationTag","translation":"Less than 1/2 mile"}},"starRating":{"__typename":"StarRating","value":0,"symbol":"STARS","caption":{"__typename":"TranslationTag","translation":null},"showAdditionalInfoIcon":false}},{"__typename":"Option","trackOnView":[],"trackOnClick":[],"trackOnSelect":[],"trackOnDeSelect":[],"trackOnViewPopular":[],"trackOnClickPopular":[],"trackOnSelectPopular":[],"trackOnDeSelectPopular":[],"id":1610,"count":250,"selected":false,"urlId":"distance=1610","additionalLabel":{"__typename":"TextWithTranslationTag","text":"","translationTag":{"__typename":"TranslationTag","translation":null}},"value":{"__typename":"TextWithTranslationTag","text":"","translationTag":{"__typename":"TranslationTag","translation":"Less than 1 mile"}},"starRating":{"__typename":"StarRating","value":0,"symbol":"STARS","caption":{"__typename":"TranslationTag","translation":null},"showAdditionalInfoIcon":false}},{"__typename":"Option","trackOnView":[],"trackOnClick":[],"trackOnSelect":[],"trackOnDeSelect":[],"trackOnViewPopular":[],"trackOnClickPopular":[],"trackOnSelectPopular":[],"trackOnDeSelectPopular":[],"id":3220,"count":493,"selected":false,"urlId":"distance=3220","additionalLabel":{"__typename":"TextWithTranslationTag","text":"","translationTag":{"__typename":"TranslationTag","translation":null}},"value":{"__typename":"TextWithTranslationTag","text":"","translationTag":{"__typename":"TranslationTag","translation":"Less than 2 miles"}},"starRating":{"__typename":"StarRating","value":0,"symbol":"STARS","caption":{"__typename":"TranslationTag","translation":null},"showAdditionalInfoIcon":false}}],"filterLayout":{"__typename":"FilterLayout","isCollapsable":false,"collapsedCount":5},"stepperOptions":[],"sliderOptions":{"__typename":"SliderOptions","min":"0","max":"0","minSelected":"0","maxSelected":"0","minPriceStep":"0","minSelectedFormatted":null,"currency":"","histogram":[],"selectedRange":null,"title":""},"sliderOptionsPerStay":{"__typename":"SliderOptions","min":"0","max":"0","minSelected":"0","maxSelected":"0","minPriceStep":"0","minSelectedFormatted":null,"currency":"","histogram":[],"selectedRange":null,"title":""}},{"__typename":"Filter","trackOnView":[],"trackOnClick":[],"name":"similar_facility_id","field":"popular_activities","category":"popular_activities","filterStyle":"CHECKBOX","title":{"__typename":"TextWithTranslationTag","text":"","translationTag":{"__typename":"TranslationTag","translation":"Fun Things To Do"}},"subtitle":"","options":[{"__typename":"Option","trackOnView":[],"trackOnClick":[],"trackOnSelect":[],"trackOnDeSelect":[],"trackOnViewPopular":[],"trackOnClickPopular":[],"trackOnSelectPopular":[],"trackOnDeSelectPopular":[],"id":12,"count":45,"selected":false,"urlId":"popular_activities=12","additionalLabel":{"__typename":"TextWithTranslationTag","text":"","translationTag":{"__typename":"TranslationTag","translation":null}},"value":{"__typename":"TextWithTranslationTag","text":"Golf course (within 2 miles)","translationTag":{"__typename":"TranslationTag","translation":null}},"starRating":{"__typename":"StarRating","value":0,"symbol":"STARS","caption":{"__typename":"TranslationTag","translation":null},"showAdditionalInfoIcon":false}},{"__typename":"Option","trackOnView":[],"trackOnClick":[],"trackOnSelect":[],"trackOnDeSelect":[],"trackOnViewPopular":[],"trackOnClickPopular":[],"trackOnSelectPopular":[],"trackOnDeSelectPopular":[],"id":70,"count":45,"selected":false,"urlId":"popular_activities=70","additionalLabel":{"__typename":"TextWithTranslationTag","text":"","translationTag":{"__typename":"TranslationTag","translation":null}},"value":{"__typename":"TextWithTranslationTag","text":"Hiking","translationTag":{"__typename":"TranslationTag","translation":null}},"starRating":{"__typename":"StarRating","value":0,"symbol":"STARS","caption":{"__typename":"TranslationTag","translation":null},"showAdditionalInfoIcon":false}},{"__typename":"Option","trackOnView":[],"trackOnClick":[],"trackOnSelect":[],"trackOnDeSelect":[],"trackOnViewPopular":[],"trackOnClickPopular":[],"trackOnSelectPopular":[],"trackOnDeSelectPopular":[],"id":86,"count":40,"selected":false,"urlId":"popular_activities=86","additionalLabel":{"__typename":"TextWithTranslationTag","text":"","translationTag":{"__typename":"TranslationTag","translation":null}},"value":{"__typename":"TextWithTranslationTag","text":"Horseback riding","translationTag":{"__typename":"TranslationTag","translation":null}},"starRating":{"__typename":"StarRating","value":0,"symbol":"STARS","caption":{"__typename":"TranslationTag","translation":null},"showAdditionalInfoIcon":false}},{"__typename":"Option","trackOnView":[],"trackOnClick":[],"trackOnSelect":[],"trackOnDeSelect":[],"trackOnViewPopular":[],"trackOnClickPopular":[],"trackOnSelectPopular":[],"trackOnDeSelectPopular":[],"id":55,"count":25,"selected":false,"urlId":"popular_activities=55","additionalLabel":{"__typename":"TextWithTranslationTag","text":"","translationTag":{"__typename":"TranslationTag","translation":null}},"value":{"__typename":"TextWithTranslationTag","text":"Massage","translationTag":{"__typename":"TranslationTag","translation":null}},"starRating":{"__typename":"StarRating","value":0,"symbol":"STARS","caption":{"__typename":"TranslationTag","translation":null},"showAdditionalInfoIcon":false}},{"__typename":"Option","trackOnView":[],"trackOnClick":[],"trackOnSelect":[],"trackOnDeSelect":[],"trackOnViewPopular":[],"trackOnClickPopular":[],"trackOnSelectPopular":[],"trackOnDeSelectPopular":[],"id":56,"count":24,"selected":false,"urlId":"popular_activities=56","additionalLabel":{"__typename":"TextWithTranslationTag","text":"","translationTag":{"__typename":"TranslationTag","translation":null}},"value":{"__typename":"TextWithTranslationTag","text":"Playground","translationTag":{"__typename":"TranslationTag","translation":null}},"starRating":{"__typename":"StarRating","value":0,"symbol":"STARS","caption":{"__typename":"TranslationTag","translation":null},"showAdditionalInfoIcon":false}}],"filterLayout":{"__typename":"FilterLayout","isCollapsable":false,"collapsedCount":5},"stepperOptions":[],"sliderOptions":{"__typename":"SliderOptions","min":"0","max":"0","minSelected":"0","maxSelected":"0","minPriceStep":"0","minSelectedFormatted":null,"currency":"","histogram":[],"selectedRange":null,"title":""},"sliderOptionsPerStay":{"__typename":"SliderOptions","min":"0","max":"0","minSelected":"0","maxSelected":"0","minPriceStep":"0","minSelectedFormatted":null,"currency":"","histogram":[],"selectedRange":null,"title":""}},{"__typename":"Filter","trackOnView":[],"trackOnClick":[],"name":"privacy_type_no_date","field":"privacy_type_no_date","category":"privacy_type_no_date","filterStyle":"CHECKBOX","title":{"__typename":"TextWithTranslationTag","text":"","translationTag":{"__typename":"TranslationTag","translation":"Entire places"}},"subtitle":"","options":[{"__typename":"Option","trackOnView":[{"__typename":"ExperimentTracking","type":0,"experimentHash":"NAFLeOeJcCcCcCFdRaaKdGJQDZOKZEHe","value":4}],"trackOnClick":[],"trackOnSelect":[{"__typename":"ExperimentTracking","type":1,"experimentHash":"NAFLeOeJcCcCcCFdRaaKdGJQDZOKZEHe","value":2}],"trackOnDeSelect":[],"trackOnViewPopular":[],"trackOnClickPopular":[],"trackOnSelectPopular":[],"trackOnDeSelectPopular":[],"id":4,"count":657,"selected":false,"urlId":"privacy_type_no_date=4","additionalLabel":{"__typename":"TextWithTranslationTag","text":"","translationTag":{"__typename":"TranslationTag","translation":null}},"value":{"__typename":"TextWithTranslationTag","text":"","translationTag":{"__typename":"TranslationTag","translation":"Entire homes \u0026 apartments"}},"starRating":{"__typename":"StarRating","value":0,"symbol":"STARS","caption":{"__typename":"TranslationTag","translation":null},"showAdditionalInfoIcon":false}}],"filterLayout":{"__typename":"FilterLayout","isCollapsable":false,"collapsedCount":5},"stepperOptions":[],"sliderOptions":{"__typename":"SliderOptions","min":"0","max":"0","minSelected":"0","maxSelected":"0","minPriceStep":"0","minSelectedFormatted":null,"currency":"","histogram":[],"selectedRange":null,"title":""},"sliderOptionsPerStay":{"__typename":"SliderOptions","min":"0","max":"0","minSelected":"0","maxSelected":"0","minPriceStep":"0","minSelectedFormatted":null,"currency":"","histogram":[],"selectedRange":null,"title":""}},{"__typename":"Filter","trackOnView":[{"__typename":"ExperimentTracking","type":0,"experimentHash":"ODRdHUYDZHFBXVWUWCHOYO","value":1},{"__typename":"ExperimentTracking","type":0,"experimentHash":"NAFLeOeJdLeLTfJeVfWRYKadCLRSQcfOCGVTKe","value":7}],"trackOnClick":[],"name":"similar_accommodationtype_id","field":"ht_id","category":"hoteltype","filterStyle":"CHECKBOX","title":{"__typename":"TextWithTranslationTag","text":"","translationTag":{"__typename":"TranslationTag","translation":"Property Type"}},"subtitle":"","options":[{"__typename":"Option","trackOnView":[],"trackOnClick":[],"trackOnSelect":[],"trackOnDeSelect":[],"trackOnViewPopular":[],"trackOnClickPopular":[],"trackOnSelectPopular":[],"trackOnDeSelectPopular":[],"id":201,"count":380,"selected":false,"urlId":"ht_id=201","additionalLabel":{"__typename":"TextWithTranslationTag","text":"","translationTag":{"__typename":"TranslationTag","translation":null}},"value":{"__typename":"TextWithTranslationTag","text":"Apartments","translationTag":{"__typename":"TranslationTag","translation":null}},"starRating":{"__typename":"StarRating","value":0,"symbol":"STARS","caption":{"__typename":"TranslationTag","translation":null},"showAdditionalInfoIcon":false}},{"__typename":"Option","trackOnView":[{"__typename":"ExperimentTracking","type":1,"experimentHash":"ODRdHUYDZHFBXVWUWCHOYO","value":3}],"trackOnClick":[],"trackOnSelect":[{"__typename":"ExperimentTracking","type":1,"experimentHash":"ODRdHUYDZHFBXVWUWCHOYO","value":1}],"trackOnDeSelect":[{"__typename":"ExperimentTracking","type":1,"experimentHash":"ODRdHUYDZHFBXVWUWCHOYO","value":2}],"trackOnViewPopular":[],"trackOnClickPopular":[],"trackOnSelectPopular":[],"trackOnDeSelectPopular":[],"id":204,"count":157,"selected":false,"urlId":"ht_id=204","additionalLabel":{"__typename":"TextWithTranslationTag","text":"","translationTag":{"__typename":"TranslationTag","translation":null}},"value":{"__typename":"TextWithTranslationTag","text":"Hotels","translationTag":{"__typename":"TranslationTag","translation":null}},"starRating":{"__typename":"StarRating","value":0,"symbol":"STARS","caption":{"__typename":"TranslationTag","translation":null},"showAdditionalInfoIcon":false}},{"__typename":"Option","trackOnView":[],"trackOnClick":[],"trackOnSelect":[],"trackOnDeSelect":[],"trackOnViewPopular":[],"trackOnClickPopular":[],"trackOnSelectPopular":[],"trackOnDeSelectPopular":[],"id":220,"count":53,"selected":false,"urlId":"ht_id=220","additionalLabel":{"__typename":"TextWithTranslationTag","text":"","translationTag":{"__typename":"TranslationTag","translation":null}},"value":{"__typename":"TextWithTranslationTag","text":"Vacation Homes","translationTag":{"__typename":"TranslationTag","translation":null}},"starRating":{"__typename":"StarRating","value":0,"symbol":"STARS","caption":{"__typename":"TranslationTag","translation":null},"showAdditionalInfoIcon":false}},{"__typename":"Option","trackOnView":[],"trackOnClick":[],"trackOnSelect":[],"trackOnDeSelect":[],"trackOnViewPopular":[],"trackOnClickPopular":[],"trackOnSelectPopular":[],"trackOnDeSelectPopular":[],"id":222,"count":21,"selected":false,"urlId":"ht_id=222","additionalLabel":{"__typename":"TextWithTranslationTag","text":"","translationTag":{"__typename":"TranslationTag","translation":null}},"value":{"__typename":"TextWithTranslationTag","text":"Homestays","translationTag":{"__typename":"TranslationTag","translation":null}},"starRating":{"__typename":"StarRating","value":0,"symbol":"STARS","caption":{"__typename":"TranslationTag","translation":null},"showAdditionalInfoIcon":false}},{"__typename":"Option","trackOnView":[],"trackOnClick":[],"trackOnSelect":[],"trackOnDeSelect":[],"trackOnViewPopular":[],"trackOnClickPopular":[],"trackOnSelectPopular":[],"trackOnDeSelectPopular":[],"id":216,"count":20,"selected":false,"urlId":"ht_id=216","additionalLabel":{"__typename":"TextWithTranslationTag","text":"","translationTag":{"__typename":"TranslationTag","translation":null}},"value":{"__typename":"TextWithTranslationTag","text":"Guesthouses","translationTag":{"__typename":"TranslationTag","translation":null}},"starRating":{"__typename":"StarRating","value":0,"symbol":"STARS","caption":{"__typename":"TranslationTag","translation":null},"showAdditionalInfoIcon":false}},{"__typename":"Option","trackOnView":[],"trackOnClick":[],"trackOnSelect":[],"trackOnDeSelect":[],"trackOnViewPopular":[],"trackOnClickPopular":[],"trackOnSelectPopular":[],"trackOnDeSelectPopular":[],"id":208,"count":10,"selected":false,"urlId":"ht_id=208","additionalLabel":{"__typename":"TextWithTranslationTag","text":"","translationTag":{"__typename":"TranslationTag","translation":null}},"value":{"__typename":"TextWithTranslationTag","text":"Bed and Breakfasts","translationTag":{"__typename":"TranslationTag","translation":null}},"starRating":{"__typename":"StarRating","value":0,"symbol":"STARS","caption":{"__typename":"TranslationTag","translation":null},"showAdditionalInfoIcon":false}},{"__typename":"Option","trackOnView":[],"trackOnClick":[],"trackOnSelect":[],"trackOnDeSelect":[],"trackOnViewPopular":[],"trackOnClickPopular":[],"trackOnSelectPopular":[],"trackOnDeSelectPopular":[],"id":203,"count":7,"selected":false,"urlId":"ht_id=203","additionalLabel":{"__typename":"TextWithTranslationTag","text":"","translationTag":{"__typename":"TranslationTag","translation":null}},"value":{"__typename":"TextWithTranslationTag","text":"Hostels","translationTag":{"__typename":"TranslationTag","translation":null}},"starRating":{"__typename":"StarRating","value":0,"symbol":"STARS","caption":{"__typename":"TranslationTag","translation":null},"showAdditionalInfoIcon":false}},{"__typename":"Option","trackOnView":[],"trackOnClick":[],"trackOnSelect":[],"trackOnDeSelect":[],"trackOnViewPopular":[],"trackOnClickPopular":[],"trackOnSelectPopular":[],"trackOnDeSelectPopular":[],"id":213,"count":4,"selected":false,"urlId":"ht_id=213","additionalLabel":{"__typename":"TextWithTranslationTag","text":"","translationTag":{"__typename":"TranslationTag","translation":null}},"value":{"__typename":"TextWithTranslationTag","text":"Villas","translationTag":{"__typename":"TranslationTag","translation":null}},"starRating":{"__typename":"StarRating","value":0,"symbol":"STARS","caption":{"__typename":"TranslationTag","translation":null},"showAdditionalInfoIcon":false}},{"__typename":"Option","trackOnView":[],"trackOnClick":[],"trackOnSelect":[],"trackOnDeSelect":[],"trackOnViewPopular":[],"trackOnClickPopular":[],"trackOnSelectPopular":[],"trackOnDeSelectPopular":[],"id":221,"count":2,"selected":false,"urlId":"ht_id=221","additionalLabel":{"__typename":"TextWithTranslationTag","text":"","translationTag":{"__typename":"TranslationTag","translation":null}},"value":{"__typename":"TextWithTranslationTag","text":"Lodges","translationTag":{"__typename":"TranslationTag","translation":null}},"starRating":{"__typename":"StarRating","value":0,"symbol":"STARS","caption":{"__typename":"TranslationTag","translation":null},"showAdditionalInfoIcon":false}},{"__typename":"Option","trackOnView":[],"trackOnClick":[],"trackOnSelect":[],"trackOnDeSelect":[],"trackOnViewPopular":[],"trackOnClickPopular":[],"trackOnSelectPopular":[],"trackOnDeSelectPopular":[],"id":205,"count":1,"selected":false,"urlId":"ht_id=205","additionalLabel":{"__typename":"TextWithTranslationTag","text":"","translationTag":{"__typename":"TranslationTag","translation":null}},"value":{"__typename":"TextWithTranslationTag","text":"Motels","translationTag":{"__typename":"TranslationTag","translation":null}},"starRating":{"__typename":"StarRating","value":0,"symbol":"STARS","caption":{"__typename":"TranslationTag","translation":null},"showAdditionalInfoIcon":false}},{"__typename":"Option","trackOnView":[],"trackOnClick":[],"trackOnSelect":[],"trackOnDeSelect":[],"trackOnViewPopular":[],"trackOnClickPopular":[],"trackOnSelectPopular":[],"trackOnDeSelectPopular":[],"id":210,"count":1,"selected":false,"urlId":"ht_id=210","additionalLabel":{"__typename":"TextWithTranslationTag","text":"","translationTag":{"__typename":"TranslationTag","translation":null}},"value":{"__typename":"TextWithTranslationTag","text":"Farm Stays","translationTag":{"__typename":"TranslationTag","translation":null}},"starRating":{"__typename":"StarRating","value":0,"symbol":"STARS","caption":{"__typename":"TranslationTag","translation":null},"showAdditionalInfoIcon":false}},{"__typename":"Option","trackOnView":[],"trackOnClick":[],"trackOnSelect":[],"trackOnDeSelect":[],"trackOnViewPopular":[],"trackOnClickPopular":[],"trackOnSelectPopular":[],"trackOnDeSelectPopular":[],"id":214,"count":1,"selected":false,"urlId":"ht_id=214","additionalLabel":{"__typename":"TextWithTranslationTag","text":"","translationTag":{"__typename":"TranslationTag","translation":null}},"value":{"__typename":"TextWithTranslationTag","text":"Campgrounds","translationTag":{"__typename":"TranslationTag","translation":null}},"starRating":{"__typename":"StarRating","value":0,"symbol":"STARS","caption":{"__typename":"TranslationTag","translation":null},"showAdditionalInfoIcon":false}},{"__typename":"Option","trackOnView":[],"trackOnClick":[],"trackOnSelect":[],"trackOnDeSelect":[],"trackOnViewPopular":[],"trackOnClickPopular":[],"trackOnSelectPopular":[],"trackOnDeSelectPopular":[],"id":223,"count":1,"selected":false,"urlId":"ht_id=223","additionalLabel":{"__typename":"TextWithTranslationTag","text":"","translationTag":{"__typename":"TranslationTag","translation":null}},"value":{"__typename":"TextWithTranslationTag","text":"Country Houses","translationTag":{"__typename":"TranslationTag","translation":null}},"starRating":{"__typename":"StarRating","value":0,"symbol":"STARS","caption":{"__typename":"TranslationTag","translation":null},"showAdditionalInfoIcon":false}}],"filterLayout":{"__typename":"FilterLayout","isCollapsable":true,"collapsedCount":5},"stepperOptions":[],"sliderOptions":{"__typename":"SliderOptions","min":"0","max":"0","minSelected":"0","maxSelected":"0","minPriceStep":"0","minSelectedFormatted":null,"currency":"","histogram":[],"selectedRange":null,"title":""},"sliderOptionsPerStay":{"__typename":"SliderOptions","min":"0","max":"0","minSelected":"0","maxSelected":"0","minPriceStep":"0","minSelectedFormatted":null,"currency":"","histogram":[],"selectedRange":null,"title":""}},{"__typename":"Filter","trackOnView":[],"trackOnClick":[],"name":"popular_nearby_landmarks","field":"popular_nearby_landmarks","category":"popular_nearby_landmarks","filterStyle":"CHECKBOX","title":{"__typename":"TextWithTranslationTag","text":"","translationTag":{"__typename":"TranslationTag","translation":"Landmarks"}},"subtitle":"","options":[{"__typename":"Option","trackOnView":[],"trackOnClick":[],"trackOnSelect":[],"trackOnDeSelect":[],"trackOnViewPopular":[],"trackOnClickPopular":[],"trackOnSelectPopular":[],"trackOnDeSelectPopular":[],"id":261059,"count":192,"selected":false,"urlId":"popular_nearby_landmarks=261059","additionalLabel":{"__typename":"TextWithTranslationTag","text":"","translationTag":{"__typename":"TranslationTag","translation":null}},"value":{"__typename":"TextWithTranslationTag","text":"Burnham Park","translationTag":{"__typename":"TranslationTag","translation":null}},"starRating":{"__typename":"StarRating","value":0,"symbol":"STARS","caption":{"__typename":"TranslationTag","translation":null},"showAdditionalInfoIcon":false}},{"__typename":"Option","trackOnView":[],"trackOnClick":[],"trackOnSelect":[],"trackOnDeSelect":[],"trackOnViewPopular":[],"trackOnClickPopular":[],"trackOnSelectPopular":[],"trackOnDeSelectPopular":[],"id":261060,"count":178,"selected":false,"urlId":"popular_nearby_landmarks=261060","additionalLabel":{"__typename":"TextWithTranslationTag","text":"","translationTag":{"__typename":"TranslationTag","translation":null}},"value":{"__typename":"TextWithTranslationTag","text":"Session Road","translationTag":{"__typename":"TranslationTag","translation":null}},"starRating":{"__typename":"StarRating","value":0,"symbol":"STARS","caption":{"__typename":"TranslationTag","translation":null},"showAdditionalInfoIcon":false}},{"__typename":"Option","trackOnView":[],"trackOnClick":[],"trackOnSelect":[],"trackOnDeSelect":[],"trackOnViewPopular":[],"trackOnClickPopular":[],"trackOnSelectPopular":[],"trackOnDeSelectPopular":[],"id":209151,"count":159,"selected":false,"urlId":"popular_nearby_landmarks=209151","additionalLabel":{"__typename":"TextWithTranslationTag","text":"","translationTag":{"__typename":"TranslationTag","translation":null}},"value":{"__typename":"TextWithTranslationTag","text":"Mines View Park","translationTag":{"__typename":"TranslationTag","translation":null}},"starRating":{"__typename":"StarRating","value":0,"symbol":"STARS","caption":{"__typename":"TranslationTag","translation":null},"showAdditionalInfoIcon":false}},{"__typename":"Option","trackOnView":[],"trackOnClick":[],"trackOnSelect":[],"trackOnDeSelect":[],"trackOnViewPopular":[],"trackOnClickPopular":[],"trackOnSelectPopular":[],"trackOnDeSelectPopular":[],"id":261062,"count":41,"selected":false,"urlId":"popular_nearby_landmarks=261062","additionalLabel":{"__typename":"TextWithTranslationTag","text":"","translationTag":{"__typename":"TranslationTag","translation":null}},"value":{"__typename":"TextWithTranslationTag","text":"Wright Park","translationTag":{"__typename":"TranslationTag","translation":null}},"starRating":{"__typename":"StarRating","value":0,"symbol":"STARS","caption":{"__typename":"TranslationTag","translation":null},"showAdditionalInfoIcon":false}},{"__typename":"Option","trackOnView":[],"trackOnClick":[],"trackOnSelect":[],"trackOnDeSelect":[],"trackOnViewPopular":[],"trackOnClickPopular":[],"trackOnSelectPopular":[],"trackOnDeSelectPopular":[],"id":261061,"count":19,"selected":false,"urlId":"popular_nearby_landmarks=261061","additionalLabel":{"__typename":"TextWithTranslationTag","text":"","translationTag":{"__typename":"TranslationTag","translation":null}},"value":{"__typename":"TextWithTranslationTag","text":"Camp John Hay","translationTag":{"__typename":"TranslationTag","translation":null}},"starRating":{"__typename":"StarRating","value":0,"symbol":"STARS","caption":{"__typename":"TranslationTag","translation":null},"showAdditionalInfoIcon":false}}],"filterLayout":{"__typename":"FilterLayout","isCollapsable":true,"collapsedCount":5},"stepperOptions":[],"sliderOptions":{"__typename":"SliderOptions","min":"0","max":"0","minSelected":"0","maxSelected":"0","minPriceStep":"0","minSelectedFormatted":null,"currency":"","histogram":[],"selectedRange":null,"title":""},"sliderOptionsPerStay":{"__typename":"SliderOptions","min":"0","max":"0","minSelected":"0","maxSelected":"0","minPriceStep":"0","minSelectedFormatted":null,"currency":"","histogram":[],"selectedRange":null,"title":""}},{"__typename":"Filter","trackOnView":[],"trackOnClick":[],"name":"bucket_review_score_total_1_review_inc_external","field":"review_score","category":"review","filterStyle":"CHECKBOX","title":{"__typename":"TextWithTranslationTag","text":"","translationTag":{"__typename":"TranslationTag","translation":"Review Score"}},"subtitle":"","options":[{"__typename":"Option","trackOnView":[],"trackOnClick":[],"trackOnSelect":[],"trackOnDeSelect":[],"trackOnViewPopular":[],"trackOnClickPopular":[],"trackOnSelectPopular":[],"trackOnDeSelectPopular":[],"id":90,"count":136,"selected":false,"urlId":"review_score=90","additionalLabel":{"__typename":"TextWithTranslationTag","text":"","translationTag":{"__typename":"TranslationTag","translation":null}},"value":{"__typename":"TextWithTranslationTag","text":"","translationTag":{"__typename":"TranslationTag","translation":"Wonderful: 9+"}},"starRating":{"__typename":"StarRating","value":0,"symbol":"STARS","caption":{"__typename":"TranslationTag","translation":null},"showAdditionalInfoIcon":false}},{"__typename":"Option","trackOnView":[],"trackOnClick":[],"trackOnSelect":[],"trackOnDeSelect":[],"trackOnViewPopular":[],"trackOnClickPopular":[],"trackOnSelectPopular":[],"trackOnDeSelectPopular":[],"id":80,"count":281,"selected":false,"urlId":"review_score=80","additionalLabel":{"__typename":"TextWithTranslationTag","text":"","translationTag":{"__typename":"TranslationTag","translation":null}},"value":{"__typename":"TextWithTranslationTag","text":"","translationTag":{"__typename":"TranslationTag","translation":"Very Good: 8+"}},"starRating":{"__typename":"StarRating","value":0,"symbol":"STARS","caption":{"__typename":"TranslationTag","translation":null},"showAdditionalInfoIcon":false}},{"__typename":"Option","trackOnView":[],"trackOnClick":[],"trackOnSelect":[],"trackOnDeSelect":[],"trackOnViewPopular":[],"trackOnClickPopular":[],"trackOnSelectPopular":[],"trackOnDeSelectPopular":[],"id":70,"count":357,"selected":false,"urlId":"review_score=70","additionalLabel":{"__typename":"TextWithTranslationTag","text":"","translationTag":{"__typename":"TranslationTag","translation":null}},"value":{"__typename":"TextWithTranslationTag","text":"","translationTag":{"__typename":"TranslationTag","translation":"Good: 7+"}},"starRating":{"__typename":"StarRating","value":0,"symbol":"STARS","caption":{"__typename":"TranslationTag","translation":null},"showAdditionalInfoIcon":false}},{"__typename":"Option","trackOnView":[],"trackOnClick":[],"trackOnSelect":[],"trackOnDeSelect":[],"trackOnViewPopular":[],"trackOnClickPopular":[],"trackOnSelectPopular":[],"trackOnDeSelectPopular":[],"id":60,"count":391,"selected":false,"urlId":"review_score=60","additionalLabel":{"__typename":"TextWithTranslationTag","text":"","translationTag":{"__typename":"TranslationTag","translation":null}},"value":{"__typename":"TextWithTranslationTag","text":"","translationTag":{"__typename":"TranslationTag","translation":"Pleasant: 6+"}},"starRating":{"__typename":"StarRating","value":0,"symbol":"STARS","caption":{"__typename":"TranslationTag","translation":null},"showAdditionalInfoIcon":false}}],"filterLayout":{"__typename":"FilterLayout","isCollapsable":false,"collapsedCount":5},"stepperOptions":[],"sliderOptions":{"__typename":"SliderOptions","min":"0","max":"0","minSelected":"0","maxSelected":"0","minPriceStep":"0","minSelectedFormatted":null,"currency":"","histogram":[],"selectedRange":null,"title":""},"sliderOptionsPerStay":{"__typename":"SliderOptions","min":"0","max":"0","minSelected":"0","maxSelected":"0","minPriceStep":"0","minSelectedFormatted":null,"currency":"","histogram":[],"selectedRange":null,"title":""}},{"__typename":"Filter","trackOnView":[{"__typename":"ExperimentTracking","type":0,"experimentHash":"ODREGHcWIADDbdEKfPBDORe","value":1},{"__typename":"ExperimentTracking","type":0,"experimentHash":"ODREGHcWIADDbdEKfPBDORe","value":2}],"trackOnClick":[],"name":"similar_facility_id","field":"hotelfacility","category":"facilities","filterStyle":"CHECKBOX","title":{"__typename":"TextWithTranslationTag","text":"Amenities","translationTag":{"__typename":"TranslationTag","translation":null}},"subtitle":"","options":[{"__typename":"Option","trackOnView":[],"trackOnClick":[],"trackOnSelect":[],"trackOnDeSelect":[],"trackOnViewPopular":[],"trackOnClickPopular":[],"trackOnSelectPopular":[],"trackOnDeSelectPopular":[],"id":2,"count":482,"selected":false,"urlId":"hotelfacility=2","additionalLabel":{"__typename":"TextWithTranslationTag","text":"","translationTag":{"__typename":"TranslationTag","translation":null}},"value":{"__typename":"TextWithTranslationTag","text":"Parking","translationTag":{"__typename":"TranslationTag","translation":null}},"starRating":{"__typename":"StarRating","value":0,"symbol":"STARS","caption":{"__typename":"TranslationTag","translation":null},"showAdditionalInfoIcon":false}},{"__typename":"Option","trackOnView":[],"trackOnClick":[],"trackOnSelect":[],"trackOnDeSelect":[],"trackOnViewPopular":[],"trackOnClickPopular":[],"trackOnSelectPopular":[],"trackOnDeSelectPopular":[],"id":107,"count":494,"selected":false,"urlId":"hotelfacility=107","additionalLabel":{"__typename":"TextWithTranslationTag","text":"","translationTag":{"__typename":"TranslationTag","translation":null}},"value":{"__typename":"TextWithTranslationTag","text":"Free WiFi","translationTag":{"__typename":"TranslationTag","translation":null}},"starRating":{"__typename":"StarRating","value":0,"symbol":"STARS","caption":{"__typename":"TranslationTag","translation":null},"showAdditionalInfoIcon":false}},{"__typename":"Option","trackOnView":[],"trackOnClick":[],"trackOnSelect":[],"trackOnDeSelect":[],"trackOnViewPopular":[],"trackOnClickPopular":[],"trackOnSelectPopular":[],"trackOnDeSelectPopular":[],"id":3,"count":74,"selected":false,"urlId":"hotelfacility=3","additionalLabel":{"__typename":"TextWithTranslationTag","text":"","translationTag":{"__typename":"TranslationTag","translation":null}},"value":{"__typename":"TextWithTranslationTag","text":"Restaurant","translationTag":{"__typename":"TranslationTag","translation":null}},"starRating":{"__typename":"StarRating","value":0,"symbol":"STARS","caption":{"__typename":"TranslationTag","translation":null},"showAdditionalInfoIcon":false}},{"__typename":"Option","trackOnView":[],"trackOnClick":[],"trackOnSelect":[],"trackOnDeSelect":[],"trackOnViewPopular":[],"trackOnClickPopular":[],"trackOnSelectPopular":[],"trackOnDeSelectPopular":[],"id":4,"count":179,"selected":false,"urlId":"hotelfacility=4","additionalLabel":{"__typename":"TextWithTranslationTag","text":"","translationTag":{"__typename":"TranslationTag","translation":null}},"value":{"__typename":"TextWithTranslationTag","text":"Pet friendly","translationTag":{"__typename":"TranslationTag","translation":null}},"starRating":{"__typename":"StarRating","value":0,"symbol":"STARS","caption":{"__typename":"TranslationTag","translation":null},"showAdditionalInfoIcon":false}},{"__typename":"Option","trackOnView":[],"trackOnClick":[],"trackOnSelect":[],"trackOnDeSelect":[],"trackOnViewPopular":[],"trackOnClickPopular":[],"trackOnSelectPopular":[],"trackOnDeSelectPopular":[],"id":5,"count":57,"selected":false,"urlId":"hotelfacility=5","additionalLabel":{"__typename":"TextWithTranslationTag","text":"","translationTag":{"__typename":"TranslationTag","translation":null}},"value":{"__typename":"TextWithTranslationTag","text":"Room service","translationTag":{"__typename":"TranslationTag","translation":null}},"starRating":{"__typename":"StarRating","value":0,"symbol":"STARS","caption":{"__typename":"TranslationTag","translation":null},"showAdditionalInfoIcon":false}},{"__typename":"Option","trackOnView":[],"trackOnClick":[],"trackOnSelect":[],"trackOnDeSelect":[],"trackOnViewPopular":[],"trackOnClickPopular":[],"trackOnSelectPopular":[],"trackOnDeSelectPopular":[],"id":8,"count":146,"selected":false,"urlId":"hotelfacility=8","additionalLabel":{"__typename":"TextWithTranslationTag","text":"","translationTag":{"__typename":"TranslationTag","translation":null}},"value":{"__typename":"TextWithTranslationTag","text":"24-hour front desk","translationTag":{"__typename":"TranslationTag","translation":null}},"starRating":{"__typename":"StarRating","value":0,"symbol":"STARS","caption":{"__typename":"TranslationTag","translation":null},"showAdditionalInfoIcon":false}},{"__typename":"Option","trackOnView":[],"trackOnClick":[],"trackOnSelect":[],"trackOnDeSelect":[],"trackOnViewPopular":[],"trackOnClickPopular":[],"trackOnSelectPopular":[],"trackOnDeSelectPopular":[],"id":11,"count":19,"selected":false,"urlId":"hotelfacility=11","additionalLabel":{"__typename":"TextWithTranslationTag","text":"","translationTag":{"__typename":"TranslationTag","translation":null}},"value":{"__typename":"TextWithTranslationTag","text":"Fitness center","translationTag":{"__typename":"TranslationTag","translation":null}},"starRating":{"__typename":"StarRating","value":0,"symbol":"STARS","caption":{"__typename":"TranslationTag","translation":null},"showAdditionalInfoIcon":false}},{"__typename":"Option","trackOnView":[],"trackOnClick":[],"trackOnSelect":[],"trackOnDeSelect":[],"trackOnViewPopular":[],"trackOnClickPopular":[],"trackOnSelectPopular":[],"trackOnDeSelectPopular":[],"id":16,"count":342,"selected":false,"urlId":"hotelfacility=16","additionalLabel":{"__typename":"TextWithTranslationTag","text":"","translationTag":{"__typename":"TranslationTag","translation":null}},"value":{"__typename":"TextWithTranslationTag","text":"Non-smoking rooms","translationTag":{"__typename":"TranslationTag","translation":null}},"starRating":{"__typename":"StarRating","value":0,"symbol":"STARS","caption":{"__typename":"TranslationTag","translation":null},"showAdditionalInfoIcon":false}},{"__typename":"Option","trackOnView":[],"trackOnClick":[],"trackOnSelect":[],"trackOnDeSelect":[],"trackOnViewPopular":[],"trackOnClickPopular":[],"trackOnSelectPopular":[],"trackOnDeSelectPopular":[],"id":17,"count":17,"selected":false,"urlId":"hotelfacility=17","additionalLabel":{"__typename":"TextWithTranslationTag","text":"","translationTag":{"__typename":"TranslationTag","translation":null}},"value":{"__typename":"TextWithTranslationTag","text":"Airport shuttle","translationTag":{"__typename":"TranslationTag","translation":null}},"starRating":{"__typename":"StarRating","value":0,"symbol":"STARS","caption":{"__typename":"TranslationTag","translation":null},"showAdditionalInfoIcon":false}},{"__typename":"Option","trackOnView":[],"trackOnClick":[],"trackOnSelect":[],"trackOnDeSelect":[],"trackOnViewPopular":[],"trackOnClickPopular":[],"trackOnSelectPopular":[],"trackOnDeSelectPopular":[],"id":25,"count":53,"selected":false,"urlId":"hotelfacility=25","additionalLabel":{"__typename":"TextWithTranslationTag","text":"","translationTag":{"__typename":"TranslationTag","translation":null}},"value":{"__typename":"TextWithTranslationTag","text":"Facilities for disabled guests","translationTag":{"__typename":"TranslationTag","translation":null}},"starRating":{"__typename":"StarRating","value":0,"symbol":"STARS","caption":{"__typename":"TranslationTag","translation":null},"showAdditionalInfoIcon":false}},{"__typename":"Option","trackOnView":[],"trackOnClick":[],"trackOnSelect":[],"trackOnDeSelect":[],"trackOnViewPopular":[],"trackOnClickPopular":[],"trackOnSelectPopular":[],"trackOnDeSelectPopular":[],"id":28,"count":293,"selected":false,"urlId":"hotelfacility=28","additionalLabel":{"__typename":"TextWithTranslationTag","text":"","translationTag":{"__typename":"TranslationTag","translation":null}},"value":{"__typename":"TextWithTranslationTag","text":"Family rooms","translationTag":{"__typename":"TranslationTag","translation":null}},"starRating":{"__typename":"StarRating","value":0,"symbol":"STARS","caption":{"__typename":"TranslationTag","translation":null},"showAdditionalInfoIcon":false}},{"__typename":"Option","trackOnView":[],"trackOnClick":[],"trackOnSelect":[],"trackOnDeSelect":[],"trackOnViewPopular":[],"trackOnClickPopular":[],"trackOnSelectPopular":[],"trackOnDeSelectPopular":[],"id":54,"count":12,"selected":false,"urlId":"hotelfacility=54","additionalLabel":{"__typename":"TextWithTranslationTag","text":"","translationTag":{"__typename":"TranslationTag","translation":null}},"value":{"__typename":"TextWithTranslationTag","text":"Spa","translationTag":{"__typename":"TranslationTag","translation":null}},"starRating":{"__typename":"StarRating","value":0,"symbol":"STARS","caption":{"__typename":"TranslationTag","translation":null},"showAdditionalInfoIcon":false}},{"__typename":"Option","trackOnView":[],"trackOnClick":[],"trackOnSelect":[],"trackOnDeSelect":[],"trackOnViewPopular":[],"trackOnClickPopular":[],"trackOnSelectPopular":[],"trackOnDeSelectPopular":[],"id":182,"count":7,"selected":false,"urlId":"hotelfacility=182","additionalLabel":{"__typename":"TextWithTranslationTag","text":"","translationTag":{"__typename":"TranslationTag","translation":null}},"value":{"__typename":"TextWithTranslationTag","text":"Electric vehicle charging station","translationTag":{"__typename":"TranslationTag","translation":null}},"starRating":{"__typename":"StarRating","value":0,"symbol":"STARS","caption":{"__typename":"TranslationTag","translation":null},"showAdditionalInfoIcon":false}},{"__typename":"Option","trackOnView":[],"trackOnClick":[],"trackOnSelect":[],"trackOnDeSelect":[],"trackOnViewPopular":[],"trackOnClickPopular":[],"trackOnSelectPopular":[],"trackOnDeSelectPopular":[],"id":433,"count":4,"selected":false,"urlId":"hotelfacility=433","additionalLabel":{"__typename":"TextWithTranslationTag","text":"","translationTag":{"__typename":"TranslationTag","translation":null}},"value":{"__typename":"TextWithTranslationTag","text":"Swimming pool","translationTag":{"__typename":"TranslationTag","translation":null}},"starRating":{"__typename":"StarRating","value":0,"symbol":"STARS","caption":{"__typename":"TranslationTag","translation":null},"showAdditionalInfoIcon":false}}],"filterLayout":{"__typename":"FilterLayout","isCollapsable":true,"collapsedCount":5},"stepperOptions":[],"sliderOptions":{"__typename":"SliderOptions","min":"0","max":"0","minSelected":"0","maxSelected":"0","minPriceStep":"0","minSelectedFormatted":null,"currency":"","histogram":[],"selectedRange":null,"title":""},"sliderOptionsPerStay":{"__typename":"SliderOptions","min":"0","max":"0","minSelected":"0","maxSelected":"0","minPriceStep":"0","minSelectedFormatted":null,"currency":"","histogram":[],"selectedRange":null,"title":""}},{"__typename":"Filter","trackOnView":[],"trackOnClick":[],"name":"roomfacility","field":"roomfacility","category":"roomfacilities","filterStyle":"CHECKBOX","title":{"__typename":"TextWithTranslationTag","text":"Room amenities","translationTag":{"__typename":"TranslationTag","translation":null}},"subtitle":"","options":[{"__typename":"Option","trackOnView":[],"trackOnClick":[],"trackOnSelect":[],"trackOnDeSelect":[],"trackOnViewPopular":[],"trackOnClickPopular":[],"trackOnSelectPopular":[],"trackOnDeSelectPopular":[],"id":999,"count":459,"selected":false,"urlId":"roomfacility=999","additionalLabel":{"__typename":"TextWithTranslationTag","text":"","translationTag":{"__typename":"TranslationTag","translation":null}},"value":{"__typename":"TextWithTranslationTag","text":"","translationTag":{"__typename":"TranslationTag","translation":"Kitchen/Kitchenette"}},"starRating":{"__typename":"StarRating","value":0,"symbol":"STARS","caption":{"__typename":"TranslationTag","translation":null},"showAdditionalInfoIcon":false}},{"__typename":"Option","trackOnView":[],"trackOnClick":[],"trackOnSelect":[],"trackOnDeSelect":[],"trackOnViewPopular":[],"trackOnClickPopular":[],"trackOnSelectPopular":[],"trackOnDeSelectPopular":[],"id":38,"count":373,"selected":false,"urlId":"roomfacility=38","additionalLabel":{"__typename":"TextWithTranslationTag","text":"","translationTag":{"__typename":"TranslationTag","translation":null}},"value":{"__typename":"TextWithTranslationTag","text":"","translationTag":{"__typename":"TranslationTag","translation":"Private bathroom"}},"starRating":{"__typename":"StarRating","value":0,"symbol":"STARS","caption":{"__typename":"TranslationTag","translation":null},"showAdditionalInfoIcon":false}},{"__typename":"Option","trackOnView":[],"trackOnClick":[],"trackOnSelect":[],"trackOnDeSelect":[],"trackOnViewPopular":[],"trackOnClickPopular":[],"trackOnSelectPopular":[],"trackOnDeSelectPopular":[],"id":23,"count":201,"selected":false,"urlId":"roomfacility=23","additionalLabel":{"__typename":"TextWithTranslationTag","text":"","translationTag":{"__typename":"TranslationTag","translation":null}},"value":{"__typename":"TextWithTranslationTag","text":"Desk","translationTag":{"__typename":"TranslationTag","translation":null}},"starRating":{"__typename":"StarRating","value":0,"symbol":"STARS","caption":{"__typename":"TranslationTag","translation":null},"showAdditionalInfoIcon":false}},{"__typename":"Option","trackOnView":[],"trackOnClick":[],"trackOnSelect":[],"trackOnDeSelect":[],"trackOnViewPopular":[],"trackOnClickPopular":[],"trackOnSelectPopular":[],"trackOnDeSelectPopular":[],"id":5,"count":88,"selected":false,"urlId":"roomfacility=5","additionalLabel":{"__typename":"TextWithTranslationTag","text":"","translationTag":{"__typename":"TranslationTag","translation":null}},"value":{"__typename":"TextWithTranslationTag","text":"Bathtub","translationTag":{"__typename":"TranslationTag","translation":null}},"starRating":{"__typename":"StarRating","value":0,"symbol":"STARS","caption":{"__typename":"TranslationTag","translation":null},"showAdditionalInfoIcon":false}},{"__typename":"Option","trackOnView":[],"trackOnClick":[],"trackOnSelect":[],"trackOnDeSelect":[],"trackOnViewPopular":[],"trackOnClickPopular":[],"trackOnSelectPopular":[],"trackOnDeSelectPopular":[],"id":123,"count":232,"selected":false,"urlId":"roomfacility=123","additionalLabel":{"__typename":"TextWithTranslationTag","text":"","translationTag":{"__typename":"TranslationTag","translation":null}},"value":{"__typename":"TextWithTranslationTag","text":"Terrace","translationTag":{"__typename":"TranslationTag","translation":null}},"starRating":{"__typename":"StarRating","value":0,"symbol":"STARS","caption":{"__typename":"TranslationTag","translation":null},"showAdditionalInfoIcon":false}},{"__typename":"Option","trackOnView":[],"trackOnClick":[],"trackOnSelect":[],"trackOnDeSelect":[],"trackOnViewPopular":[],"trackOnClickPopular":[],"trackOnSelectPopular":[],"trackOnDeSelectPopular":[],"id":17,"count":337,"selected":false,"urlId":"roomfacility=17","additionalLabel":{"__typename":"TextWithTranslationTag","text":"","translationTag":{"__typename":"TranslationTag","translation":null}},"value":{"__typename":"TextWithTranslationTag","text":"Balcony","translationTag":{"__typename":"TranslationTag","translation":null}},"starRating":{"__typename":"StarRating","value":0,"symbol":"STARS","caption":{"__typename":"TranslationTag","translation":null},"showAdditionalInfoIcon":false}},{"__typename":"Option","trackOnView":[],"trackOnClick":[],"trackOnSelect":[],"trackOnDeSelect":[],"trackOnViewPopular":[],"trackOnClickPopular":[],"trackOnSelectPopular":[],"trackOnDeSelectPopular":[],"id":75,"count":472,"selected":false,"urlId":"roomfacility=75","additionalLabel":{"__typename":"TextWithTranslationTag","text":"","translationTag":{"__typename":"TranslationTag","translation":null}},"value":{"__typename":"TextWithTranslationTag","text":"Flat-screen TV","translationTag":{"__typename":"TranslationTag","translation":null}},"starRating":{"__typename":"StarRating","value":0,"symbol":"STARS","caption":{"__typename":"TranslationTag","translation":null},"showAdditionalInfoIcon":false}},{"__typename":"Option","trackOnView":[],"trackOnClick":[],"trackOnSelect":[],"trackOnDeSelect":[],"trackOnViewPopular":[],"trackOnClickPopular":[],"trackOnSelectPopular":[],"trackOnDeSelectPopular":[],"id":81,"count":330,"selected":false,"urlId":"roomfacility=81","additionalLabel":{"__typename":"TextWithTranslationTag","text":"","translationTag":{"__typename":"TranslationTag","translation":null}},"value":{"__typename":"TextWithTranslationTag","text":"View","translationTag":{"__typename":"TranslationTag","translation":null}},"starRating":{"__typename":"StarRating","value":0,"symbol":"STARS","caption":{"__typename":"TranslationTag","translation":null},"showAdditionalInfoIcon":false}},{"__typename":"Option","trackOnView":[],"trackOnClick":[],"trackOnSelect":[],"trackOnDeSelect":[],"trackOnViewPopular":[],"trackOnClickPopular":[],"trackOnSelectPopular":[],"trackOnDeSelectPopular":[],"id":86,"count":341,"selected":false,"urlId":"roomfacility=86","additionalLabel":{"__typename":"TextWithTranslationTag","text":"","translationTag":{"__typename":"TranslationTag","translation":null}},"value":{"__typename":"TextWithTranslationTag","text":"Electric kettle","translationTag":{"__typename":"TranslationTag","translation":null}},"starRating":{"__typename":"StarRating","value":0,"symbol":"STARS","caption":{"__typename":"TranslationTag","translation":null},"showAdditionalInfoIcon":false}},{"__typename":"Option","trackOnView":[],"trackOnClick":[],"trackOnSelect":[],"trackOnDeSelect":[],"trackOnViewPopular":[],"trackOnClickPopular":[],"trackOnSelectPopular":[],"trackOnDeSelectPopular":[],"id":998,"count":362,"selected":false,"urlId":"roomfacility=998","additionalLabel":{"__typename":"TextWithTranslationTag","text":"","translationTag":{"__typename":"TranslationTag","translation":null}},"value":{"__typename":"TextWithTranslationTag","text":"","translationTag":{"__typename":"TranslationTag","translation":"Coffee/Tea maker"}},"starRating":{"__typename":"StarRating","value":0,"symbol":"STARS","caption":{"__typename":"TranslationTag","translation":null},"showAdditionalInfoIcon":false}}],"filterLayout":{"__typename":"FilterLayout","isCollapsable":true,"collapsedCount":5},"stepperOptions":[],"sliderOptions":{"__typename":"SliderOptions","min":"0","max":"0","minSelected":"0","maxSelected":"0","minPriceStep":"0","minSelectedFormatted":null,"currency":"","histogram":[],"selectedRange":null,"title":""},"sliderOptionsPerStay":{"__typename":"SliderOptions","min":"0","max":"0","minSelected":"0","maxSelected":"0","minPriceStep":"0","minSelectedFormatted":null,"currency":"","histogram":[],"selectedRange":null,"title":""}},{"__typename":"Filter","trackOnView":[],"trackOnClick":[],"name":"brand_id","field":"chaincode","category":"chains","filterStyle":"CHECKBOX","title":{"__typename":"TextWithTranslationTag","text":"Brands","translationTag":{"__typename":"TranslationTag","translation":null}},"subtitle":"","options":[{"__typename":"Option","trackOnView":[],"trackOnClick":[],"trackOnSelect":[],"trackOnDeSelect":[],"trackOnViewPopular":[],"trackOnClickPopular":[],"trackOnSelectPopular":[],"trackOnDeSelectPopular":[],"id":2111,"count":1,"selected":false,"urlId":"chaincode=2111","additionalLabel":{"__typename":"TextWithTranslationTag","text":"","translationTag":{"__typename":"TranslationTag","translation":null}},"value":{"__typename":"TextWithTranslationTag","text":"Microtel Inns \u0026 Suites","translationTag":{"__typename":"TranslationTag","translation":null}},"starRating":{"__typename":"StarRating","value":0,"symbol":"STARS","caption":{"__typename":"TranslationTag","translation":null},"showAdditionalInfoIcon":false}}],"filterLayout":{"__typename":"FilterLayout","isCollapsable":true,"collapsedCount":10},"stepperOptions":[],"sliderOptions":{"__typename":"SliderOptions","min":"0","max":"0","minSelected":"0","maxSelected":"0","minPriceStep":"0","minSelectedFormatted":null,"currency":"","histogram":[],"selectedRange":null,"title":""},"sliderOptionsPerStay":{"__typename":"SliderOptions","min":"0","max":"0","minSelected":"0","maxSelected":"0","minPriceStep":"0","minSelectedFormatted":null,"currency":"","histogram":[],"selectedRange":null,"title":""}},{"__typename":"Filter","trackOnView":[],"trackOnClick":[],"name":"similar_facility_id","field":"accessible_facilities","category":"accessible_facilities","filterStyle":"CHECKBOX","title":{"__typename":"TextWithTranslationTag","text":"","translationTag":{"__typename":"TranslationTag","translation":"Property Accessibility"}},"subtitle":"","options":[{"__typename":"Option","trackOnView":[],"trackOnClick":[],"trackOnSelect":[],"trackOnDeSelect":[],"trackOnViewPopular":[],"trackOnClickPopular":[],"trackOnSelectPopular":[],"trackOnDeSelectPopular":[],"id":185,"count":47,"selected":false,"urlId":"accessible_facilities=185","additionalLabel":{"__typename":"TextWithTranslationTag","text":"","translationTag":{"__typename":"TranslationTag","translation":null}},"value":{"__typename":"TextWithTranslationTag","text":"Wheelchair accessible","translationTag":{"__typename":"TranslationTag","translation":null}},"starRating":{"__typename":"StarRating","value":0,"symbol":"STARS","caption":{"__typename":"TranslationTag","translation":null},"showAdditionalInfoIcon":false}},{"__typename":"Option","trackOnView":[],"trackOnClick":[],"trackOnSelect":[],"trackOnDeSelect":[],"trackOnViewPopular":[],"trackOnClickPopular":[],"trackOnSelectPopular":[],"trackOnDeSelectPopular":[],"id":186,"count":11,"selected":false,"urlId":"accessible_facilities=186","additionalLabel":{"__typename":"TextWithTranslationTag","text":"","translationTag":{"__typename":"TranslationTag","translation":null}},"value":{"__typename":"TextWithTranslationTag","text":"Toilet with grab rails","translationTag":{"__typename":"TranslationTag","translation":null}},"starRating":{"__typename":"StarRating","value":0,"symbol":"STARS","caption":{"__typename":"TranslationTag","translation":null},"showAdditionalInfoIcon":false}},{"__typename":"Option","trackOnView":[],"trackOnClick":[],"trackOnSelect":[],"trackOnDeSelect":[],"trackOnViewPopular":[],"trackOnClickPopular":[],"trackOnSelectPopular":[],"trackOnDeSelectPopular":[],"id":187,"count":9,"selected":false,"urlId":"accessible_facilities=187","additionalLabel":{"__typename":"TextWithTranslationTag","text":"","translationTag":{"__typename":"TranslationTag","translation":null}},"value":{"__typename":"TextWithTranslationTag","text":"Raised toilet","translationTag":{"__typename":"TranslationTag","translation":null}},"starRating":{"__typename":"StarRating","value":0,"symbol":"STARS","caption":{"__typename":"TranslationTag","translation":null},"showAdditionalInfoIcon":false}},{"__typename":"Option","trackOnView":[],"trackOnClick":[],"trackOnSelect":[],"trackOnDeSelect":[],"trackOnViewPopular":[],"trackOnClickPopular":[],"trackOnSelectPopular":[],"trackOnDeSelectPopular":[],"id":188,"count":7,"selected":false,"urlId":"accessible_facilities=188","additionalLabel":{"__typename":"TextWithTranslationTag","text":"","translationTag":{"__typename":"TranslationTag","translation":null}},"value":{"__typename":"TextWithTranslationTag","text":"Lowered sink","translationTag":{"__typename":"TranslationTag","translation":null}},"starRating":{"__typename":"StarRating","value":0,"symbol":"STARS","caption":{"__typename":"TranslationTag","translation":null},"showAdditionalInfoIcon":false}},{"__typename":"Option","trackOnView":[],"trackOnClick":[],"trackOnSelect":[],"trackOnDeSelect":[],"trackOnViewPopular":[],"trackOnClickPopular":[],"trackOnSelectPopular":[],"trackOnDeSelectPopular":[],"id":189,"count":1,"selected":false,"urlId":"accessible_facilities=189","additionalLabel":{"__typename":"TextWithTranslationTag","text":"","translationTag":{"__typename":"TranslationTag","translation":null}},"value":{"__typename":"TextWithTranslationTag","text":"Bathroom emergency cord","translationTag":{"__typename":"TranslationTag","translation":null}},"starRating":{"__typename":"StarRating","value":0,"symbol":"STARS","caption":{"__typename":"TranslationTag","translation":null},"showAdditionalInfoIcon":false}},{"__typename":"Option","trackOnView":[],"trackOnClick":[],"trackOnSelect":[],"trackOnDeSelect":[],"trackOnViewPopular":[],"trackOnClickPopular":[],"trackOnSelectPopular":[],"trackOnDeSelectPopular":[],"id":213,"count":1,"selected":false,"urlId":"accessible_facilities=213","additionalLabel":{"__typename":"TextWithTranslationTag","text":"","translationTag":{"__typename":"TranslationTag","translation":null}},"value":{"__typename":"TextWithTranslationTag","text":"Auditory guidance","translationTag":{"__typename":"TranslationTag","translation":null}},"starRating":{"__typename":"StarRating","value":0,"symbol":"STARS","caption":{"__typename":"TranslationTag","translation":null},"showAdditionalInfoIcon":false}}],"filterLayout":{"__typename":"FilterLayout","isCollapsable":false,"collapsedCount":5},"stepperOptions":[],"sliderOptions":{"__typename":"SliderOptions","min":"0","max":"0","minSelected":"0","maxSelected":"0","minPriceStep":"0","minSelectedFormatted":null,"currency":"","histogram":[],"selectedRange":null,"title":""},"sliderOptionsPerStay":{"__typename":"SliderOptions","min":"0","max":"0","minSelected":"0","maxSelected":"0","minPriceStep":"0","minSelectedFormatted":null,"currency":"","histogram":[],"selectedRange":null,"title":""}},{"__typename":"Filter","trackOnView":[],"trackOnClick":[],"name":"accessible_room_facilities","field":"accessible_room_facilities","category":"accessible_room_facilities","filterStyle":"CHECKBOX","title":{"__typename":"TextWithTranslationTag","text":"","translationTag":{"__typename":"TranslationTag","translation":"Room Accessibility"}},"subtitle":"","options":[{"__typename":"Option","trackOnView":[],"trackOnClick":[],"trackOnSelect":[],"trackOnDeSelect":[],"trackOnViewPopular":[],"trackOnClickPopular":[],"trackOnSelectPopular":[],"trackOnDeSelectPopular":[],"id":131,"count":53,"selected":false,"urlId":"accessible_room_facilities=131","additionalLabel":{"__typename":"TextWithTranslationTag","text":"","translationTag":{"__typename":"TranslationTag","translation":null}},"value":{"__typename":"TextWithTranslationTag","text":"Entire unit located on ground floor","translationTag":{"__typename":"TranslationTag","translation":null}},"starRating":{"__typename":"StarRating","value":0,"symbol":"STARS","caption":{"__typename":"TranslationTag","translation":null},"showAdditionalInfoIcon":false}},{"__typename":"Option","trackOnView":[],"trackOnClick":[],"trackOnSelect":[],"trackOnDeSelect":[],"trackOnViewPopular":[],"trackOnClickPopular":[],"trackOnSelectPopular":[],"trackOnDeSelectPopular":[],"id":132,"count":144,"selected":false,"urlId":"accessible_room_facilities=132","additionalLabel":{"__typename":"TextWithTranslationTag","text":"","translationTag":{"__typename":"TranslationTag","translation":null}},"value":{"__typename":"TextWithTranslationTag","text":"Upper floors accessible by elevator","translationTag":{"__typename":"TranslationTag","translation":null}},"starRating":{"__typename":"StarRating","value":0,"symbol":"STARS","caption":{"__typename":"TranslationTag","translation":null},"showAdditionalInfoIcon":false}},{"__typename":"Option","trackOnView":[],"trackOnClick":[],"trackOnSelect":[],"trackOnDeSelect":[],"trackOnViewPopular":[],"trackOnClickPopular":[],"trackOnSelectPopular":[],"trackOnDeSelectPopular":[],"id":134,"count":126,"selected":false,"urlId":"accessible_room_facilities=134","additionalLabel":{"__typename":"TextWithTranslationTag","text":"","translationTag":{"__typename":"TranslationTag","translation":null}},"value":{"__typename":"TextWithTranslationTag","text":"Entire unit wheelchair accessible","translationTag":{"__typename":"TranslationTag","translation":null}},"starRating":{"__typename":"StarRating","value":0,"symbol":"STARS","caption":{"__typename":"TranslationTag","translation":null},"showAdditionalInfoIcon":false}},{"__typename":"Option","trackOnView":[],"trackOnClick":[],"trackOnSelect":[],"trackOnDeSelect":[],"trackOnViewPopular":[],"trackOnClickPopular":[],"trackOnSelectPopular":[],"trackOnDeSelectPopular":[],"id":147,"count":18,"selected":false,"urlId":"accessible_room_facilities=147","additionalLabel":{"__typename":"TextWithTranslationTag","text":"","translationTag":{"__typename":"TranslationTag","translation":null}},"value":{"__typename":"TextWithTranslationTag","text":"Toilet with grab rails","translationTag":{"__typename":"TranslationTag","translation":null}},"starRating":{"__typename":"StarRating","value":0,"symbol":"STARS","caption":{"__typename":"TranslationTag","translation":null},"showAdditionalInfoIcon":false}},{"__typename":"Option","trackOnView":[],"trackOnClick":[],"trackOnSelect":[],"trackOnDeSelect":[],"trackOnViewPopular":[],"trackOnClickPopular":[],"trackOnSelectPopular":[],"trackOnDeSelectPopular":[],"id":148,"count":6,"selected":false,"urlId":"accessible_room_facilities=148","additionalLabel":{"__typename":"TextWithTranslationTag","text":"","translationTag":{"__typename":"TranslationTag","translation":null}},"value":{"__typename":"TextWithTranslationTag","text":"Adapted bath","translationTag":{"__typename":"TranslationTag","translation":null}},"starRating":{"__typename":"StarRating","value":0,"symbol":"STARS","caption":{"__typename":"TranslationTag","translation":null},"showAdditionalInfoIcon":false}},{"__typename":"Option","trackOnView":[],"trackOnClick":[],"trackOnSelect":[],"trackOnDeSelect":[],"trackOnViewPopular":[],"trackOnClickPopular":[],"trackOnSelectPopular":[],"trackOnDeSelectPopular":[],"id":149,"count":7,"selected":false,"urlId":"accessible_room_facilities=149","additionalLabel":{"__typename":"TextWithTranslationTag","text":"","translationTag":{"__typename":"TranslationTag","translation":null}},"value":{"__typename":"TextWithTranslationTag","text":"Roll-in shower","translationTag":{"__typename":"TranslationTag","translation":null}},"starRating":{"__typename":"StarRating","value":0,"symbol":"STARS","caption":{"__typename":"TranslationTag","translation":null},"showAdditionalInfoIcon":false}},{"__typename":"Option","trackOnView":[],"trackOnClick":[],"trackOnSelect":[],"trackOnDeSelect":[],"trackOnViewPopular":[],"trackOnClickPopular":[],"trackOnSelectPopular":[],"trackOnDeSelectPopular":[],"id":150,"count":65,"selected":false,"urlId":"accessible_room_facilities=150","additionalLabel":{"__typename":"TextWithTranslationTag","text":"","translationTag":{"__typename":"TranslationTag","translation":null}},"value":{"__typename":"TextWithTranslationTag","text":"Walk-in shower","translationTag":{"__typename":"TranslationTag","translation":null}},"starRating":{"__typename":"StarRating","value":0,"symbol":"STARS","caption":{"__typename":"TranslationTag","translation":null},"showAdditionalInfoIcon":false}},{"__typename":"Option","trackOnView":[],"trackOnClick":[],"trackOnSelect":[],"trackOnDeSelect":[],"trackOnViewPopular":[],"trackOnClickPopular":[],"trackOnSelectPopular":[],"trackOnDeSelectPopular":[],"id":151,"count":31,"selected":false,"urlId":"accessible_room_facilities=151","additionalLabel":{"__typename":"TextWithTranslationTag","text":"","translationTag":{"__typename":"TranslationTag","translation":null}},"value":{"__typename":"TextWithTranslationTag","text":"Raised toilet","translationTag":{"__typename":"TranslationTag","translation":null}},"starRating":{"__typename":"StarRating","value":0,"symbol":"STARS","caption":{"__typename":"TranslationTag","translation":null},"showAdditionalInfoIcon":false}},{"__typename":"Option","trackOnView":[],"trackOnClick":[],"trackOnSelect":[],"trackOnDeSelect":[],"trackOnViewPopular":[],"trackOnClickPopular":[],"trackOnSelectPopular":[],"trackOnDeSelectPopular":[],"id":152,"count":26,"selected":false,"urlId":"accessible_room_facilities=152","additionalLabel":{"__typename":"TextWithTranslationTag","text":"","translationTag":{"__typename":"TranslationTag","translation":null}},"value":{"__typename":"TextWithTranslationTag","text":"Lower sink","translationTag":{"__typename":"TranslationTag","translation":null}},"starRating":{"__typename":"StarRating","value":0,"symbol":"STARS","caption":{"__typename":"TranslationTag","translation":null},"showAdditionalInfoIcon":false}},{"__typename":"Option","trackOnView":[],"trackOnClick":[],"trackOnSelect":[],"trackOnDeSelect":[],"trackOnViewPopular":[],"trackOnClickPopular":[],"trackOnSelectPopular":[],"trackOnDeSelectPopular":[],"id":153,"count":11,"selected":false,"urlId":"accessible_room_facilities=153","additionalLabel":{"__typename":"TextWithTranslationTag","text":"","translationTag":{"__typename":"TranslationTag","translation":null}},"value":{"__typename":"TextWithTranslationTag","text":"Emergency cord in bathroom","translationTag":{"__typename":"TranslationTag","translation":null}},"starRating":{"__typename":"StarRating","value":0,"symbol":"STARS","caption":{"__typename":"TranslationTag","translation":null},"showAdditionalInfoIcon":false}},{"__typename":"Option","trackOnView":[],"trackOnClick":[],"trackOnSelect":[],"trackOnDeSelect":[],"trackOnViewPopular":[],"trackOnClickPopular":[],"trackOnSelectPopular":[],"trackOnDeSelectPopular":[],"id":154,"count":4,"selected":false,"urlId":"accessible_room_facilities=154","additionalLabel":{"__typename":"TextWithTranslationTag","text":"","translationTag":{"__typename":"TranslationTag","translation":null}},"value":{"__typename":"TextWithTranslationTag","text":"Shower chair","translationTag":{"__typename":"TranslationTag","translation":null}},"starRating":{"__typename":"StarRating","value":0,"symbol":"STARS","caption":{"__typename":"TranslationTag","translation":null},"showAdditionalInfoIcon":false}}],"filterLayout":{"__typename":"FilterLayout","isCollapsable":false,"collapsedCount":5},"stepperOptions":[],"sliderOptions":{"__typename":"SliderOptions","min":"0","max":"0","minSelected":"0","maxSelected":"0","minPriceStep":"0","minSelectedFormatted":null,"currency":"","histogram":[],"selectedRange":null,"title":""},"sliderOptionsPerStay":{"__typename":"SliderOptions","min":"0","max":"0","minSelected":"0","maxSelected":"0","minPriceStep":"0","minSelectedFormatted":null,"currency":"","histogram":[],"selectedRange":null,"title":""}}],"appliedFilterOptions":[],"recommendedFilterOptions":[],"pagination":{"__typename":"SearchResultsPagination","nbResultsPerPage":25,"nbResultsTotal":571},"tripTypes":null,"results":[{"__typename":"SearchResultProperty","priceDisplayInfoIrene":null,"licenseDetails":null,"inferredLocationScore":0,"trackOnView":[],"topPhotos":[],"acceptsWalletCredit":false,"basicPropertyData":{"__typename":"BasicPropertyData","accommodationTypeId":218,"id":3912359,"isTestProperty":false,"location":{"__typename":"Location","address":"20 Otek Street, Benguet","city":"Baguio","countryCode":"ph"},"pageName":"metro-pines-inn","ufi":-2410361,"photos":{"__typename":"PropertyPhotos","main":{"__typename":"Photo","highResUrl":{"__typename":"PhotoResource","relativeUrl":"/xdata/images/hotel/square600/458350208.webp?k=27602d2c3d8d7ba84d99f1529c2bb3885ab3e4714ccbf9a0cf3ef3d839ae0fe1\u0026o="},"lowResUrl":{"__typename":"PhotoResource","relativeUrl":"/xdata/images/hotel/square200/458350208.webp?k=27602d2c3d8d7ba84d99f1529c2bb3885ab3e4714ccbf9a0cf3ef3d839ae0fe1\u0026o="},"highResJpegUrl":{"__typename":"PhotoResource","relativeUrl":"/xdata/images/hotel/square600/458350208.jpg?k=39260f9f2cfd28f10a99936ba49068ccd931f610e8424be53cc04a5067b1d404\u0026o="},"lowResJpegUrl":{"__typename":"PhotoResource","relativeUrl":"/xdata/images/hotel/square200/458350208.jpg?k=39260f9f2cfd28f10a99936ba49068ccd931f610e8424be53cc04a5067b1d404\u0026o="}}},"reviews":{"__typename":"Reviews","totalScore":7.5,"reviewsCount":903,"totalScoreTextTag":{"__typename":"TranslationTag","translation":"Good"},"showScore":true,"secondaryScore":0,"secondaryTextTag":{"__typename":"TranslationTag","translation":null},"showSecondaryScore":false},"externalReviews":null,"alternativeExternalReviews":null,"starRating":{"__typename":"StarRating","value":3,"symbol":"NONE","caption":{"__typename":"TranslationTag","translation":null},"tocLink":{"__typename":"TranslationTag","translation":null},"showAdditionalInfoIcon":false},"isClosed":false,"paymentConfig":{"__typename":"PaymentConfig","installments":null}},"badges":[],"customBadges":{"__typename":"CustomBadges","showIsWorkFriendly":false,"showParkAndFly":false,"showSkiToDoor":false,"showBhTravelCreditBadge":false,"showOnlineCheckinBadge":null},"description":{"__typename":"TextWithTranslationTag","text":"Located in Baguio, within a 4-minute walk of Burnham Park and 0.8 miles of SM City Baguio, Metro Pines Inn has accommodations with a terrace and free WiFi throughout the property as well as free..."},"displayName":{"__typename":"TextWithTranslationTag","text":"Metro Pines Inn","translationTag":{"__typename":"TranslationTag","translation":null}},"geniusInfo":null,"isInCompanyBudget":null,"location":{"__typename":"SearchResultsPropertyLocation","displayLocation":"Baguio","mainDistance":"0.4 miles from Session Road","publicTransportDistanceDescription":null,"skiLiftDistance":null,"beachDistance":null,"nearbyBeachNames":[],"beachWalkingTime":null,"geoDistanceMeters":null},"mealPlanIncluded":null,"persuasion":{"__typename":"SearchResultPersuasion","autoextended":false,"geniusRateAvailable":false,"highlighted":false,"preferred":true,"preferredPlus":false,"showNativeAdLabel":false,"nativeAdId":null,"nativeAdsCpc":null,"nativeAdsTracking":null,"bookedXTimesMessage":null,"sponsoredAdsData":null},"policies":{"__typename":"Policies","showFreeCancellation":false,"showNoPrepayment":false,"enableJapaneseUsersSpecialCase":null},"ribbon":null,"recommendedDate":{"__typename":"RecommendedDate","checkin":"","checkout":"","lengthOfStay":0},"showGeniusLoginMessage":false,"showPrivateHostMessage":false,"soldOutInfo":{"__typename":"SoldOutInfo","isSoldOut":false,"messages":[],"alternativeDatesMessages":[]},"nbWishlists":0,"visibilityBoosterEnabled":null,"showAdLabel":false,"isNewlyOpened":false,"propertySustainability":{"__typename":"SrPropertySustainability","isSustainable":false,"tier":{"__typename":"SrPropertySustainabilityTier","type":"NONE"},"facilities":[{"__ref":"SrPropertySustainabilityFacility:436"},{"__ref":"SrPropertySustainabilityFacility:445"},{"__ref":"SrPropertySustainabilityFacility:446"}],"certifications":null,"chainProgrammes":null,"levelId":"L0"},"seoThemes":[],"relocationMode":null,"bundleRatesAvailable":null,"recommendedDatesLabel":null,"matchingUnitConfigurations":null,"blocks":[],"bookerExperienceContentUIComponentProps":[]},{"__typename":"SearchResultProperty","priceDisplayInfoIrene":null,"licenseDetails":null,"inferredLocationScore":0,"trackOnView":[],"topPhotos":[],"acceptsWalletCredit":false,"basicPropertyData":{"__typename":"BasicPropertyData","accommodationTypeId":204,"id":3198047,"isTestProperty":false,"location":{"__typename":"Location","address":"2 Leonard Wood Road, Benguet","city":"Baguio","countryCode":"ph"},"pageName":"g1lodge","ufi":-2410361,"photos":{"__typename":"PropertyPhotos","main":{"__typename":"Photo","highResUrl":{"__typename":"PhotoResource","relativeUrl":"/xdata/images/hotel/square600/144260728.webp?k=7e84b07bef72ed6f950044d40ac9e8924fe3ddd95b60188e7b11f7952805d61d\u0026o="},"lowResUrl":{"__typename":"PhotoResource","relativeUrl":"/xdata/images/hotel/square200/144260728.webp?k=7e84b07bef72ed6f950044d40ac9e8924fe3ddd95b60188e7b11f7952805d61d\u0026o="},"highResJpegUrl":{"__typename":"PhotoResource","relativeUrl":"/xdata/images/hotel/square600/144260728.jpg?k=0b637d88f0c5c77cf238acf0f9bb7c91d6cc7157f581097cf778869ceebf1484\u0026o="},"lowResJpegUrl":{"__typename":"PhotoResource","relativeUrl":"/xdata/images/hotel/square200/144260728.jpg?k=0b637d88f0c5c77cf238acf0f9bb7c91d6cc7157f581097cf778869ceebf1484\u0026o="}}},"reviews":{"__typename":"Reviews","totalScore":8.3,"reviewsCount":529,"totalScoreTextTag":{"__typename":"TranslationTag","translation":"Very Good"},"showScore":true,"secondaryScore":9.5,"secondaryTextTag":{"__typename":"TranslationTag","translation":"Location"},"showSecondaryScore":true},"externalReviews":null,"alternativeExternalReviews":null,"starRating":{"__typename":"StarRating","value":3,"symbol":"NONE","caption":{"__typename":"TranslationTag","translation":null},"tocLink":{"__typename":"TranslationTag","translation":null},"showAdditionalInfoIcon":false},"isClosed":false,"paymentConfig":null},"badges":[],"customBadges":{"__typename":"CustomBadges","showIsWorkFriendly":false,"showParkAndFly":false,"showSkiToDoor":false,"showBhTravelCreditBadge":false,"showOnlineCheckinBadge":null},"description":{"__typename":"TextWithTranslationTag","text":"Featuring a garden, G1 Lodge is located in Baguio in the Luzon region, a 3-minute walk from SM City Baguio and 0.7 miles from Mines View Park. "},"displayName":{"__typename":"TextWithTranslationTag","text":"G1 Lodge","translationTag":{"__typename":"TranslationTag","translation":null}},"geniusInfo":null,"isInCompanyBudget":null,"location":{"__typename":"SearchResultsPropertyLocation","displayLocation":"Baguio","mainDistance":"0.2 miles from Session Road","publicTransportDistanceDescription":null,"skiLiftDistance":null,"beachDistance":null,"nearbyBeachNames":[],"beachWalkingTime":null,"geoDistanceMeters":null},"mealPlanIncluded":null,"persuasion":{"__typename":"SearchResultPersuasion","autoextended":false,"geniusRateAvailable":false,"highlighted":false,"preferred":true,"preferredPlus":false,"showNativeAdLabel":false,"nativeAdId":null,"nativeAdsCpc":null,"nativeAdsTracking":null,"bookedXTimesMessage":null,"sponsoredAdsData":null},"policies":{"__typename":"Policies","showFreeCancellation":false,"showNoPrepayment":false,"enableJapaneseUsersSpecialCase":null},"ribbon":null,"recommendedDate":{"__typename":"RecommendedDate","checkin":"","checkout":"","lengthOfStay":0},"showGeniusLoginMessage":false,"showPrivateHostMessage":false,"soldOutInfo":{"__typename":"SoldOutInfo","isSoldOut":false,"messages":[],"alternativeDatesMessages":[]},"nbWishlists":0,"visibilityBoosterEnabled":null,"showAdLabel":false,"isNewlyOpened":false,"propertySustainability":{"__typename":"SrPropertySustainability","isSustainable":false,"tier":{"__typename":"SrPropertySustainabilityTier","type":"NONE"},"facilities":null,"certifications":null,"chainProgrammes":null,"levelId":"L0"},"seoThemes":[],"relocationMode":null,"bundleRatesAvailable":null,"recommendedDatesLabel":null,"matchingUnitConfigurations":null,"blocks":[],"bookerExperienceContentUIComponentProps":[]},{"__typename":"SearchResultProperty","priceDisplayInfoIrene":null,"licenseDetails":null,"inferredLocationScore":0,"trackOnView":[],"topPhotos":[],"acceptsWalletCredit":false,"basicPropertyData":{"__typename":"BasicPropertyData","accommodationTypeId":204,"id":1705854,"isTestProperty":false,"location":{"__typename":"Location","address":"Abanao Street corner Shagem Street, Benguet","city":"Baguio","countryCode":"ph"},"pageName":"a-baguio","ufi":-2410361,"photos":{"__typename":"PropertyPhotos","main":{"__typename":"Photo","highResUrl":{"__typename":"PhotoResource","relativeUrl":"/xdata/images/hotel/square600/66408751.webp?k=e35ecd36da0ad81d27ca90239da006669d358d1374fbb7af8369a3362771aa6b\u0026o="},"lowResUrl":{"__typename":"PhotoResource","relativeUrl":"/xdata/images/hotel/square200/66408751.webp?k=e35ecd36da0ad81d27ca90239da006669d358d1374fbb7af8369a3362771aa6b\u0026o="},"highResJpegUrl":{"__typename":"PhotoResource","relativeUrl":"/xdata/images/hotel/square600/66408751.jpg?k=f3b37a1f3cc7267e0db49f62be96873a6e3c1395d74b793abc525712d76f466f\u0026o="},"lowResJpegUrl":{"__typename":"PhotoResource","relativeUrl":"/xdata/images/hotel/square200/66408751.jpg?k=f3b37a1f3cc7267e0db49f62be96873a6e3c1395d74b793abc525712d76f466f\u0026o="}}},"reviews":{"__typename":"Reviews","totalScore":7.7,"reviewsCount":298,"totalScoreTextTag":{"__typename":"TranslationTag","translation":"Good"},"showScore":true,"secondaryScore":0,"secondaryTextTag":{"__typename":"TranslationTag","translation":null},"showSecondaryScore":false},"externalReviews":null,"alternativeExternalReviews":null,"starRating":{"__typename":"StarRating","value":3,"symbol":"NONE","caption":{"__typename":"TranslationTag","translation":null},"tocLink":{"__typename":"TranslationTag","translation":null},"showAdditionalInfoIcon":false},"isClosed":false,"paymentConfig":null},"badges":[],"customBadges":{"__typename":"CustomBadges","showIsWorkFriendly":false,"showParkAndFly":false,"showSkiToDoor":false,"showBhTravelCreditBadge":false,"showOnlineCheckinBadge":null},"description":{"__typename":"TextWithTranslationTag","text":"Located in the Baguio, 8-minute walk to Burnham Park and 2625 feet from Mines View Park, featuring a restaurant on site, free parking, and a 24-hour front desk. "},"displayName":{"__typename":"TextWithTranslationTag","text":"A Hotel Baguio","translationTag":{"__typename":"TranslationTag","translation":null}},"geniusInfo":null,"isInCompanyBudget":null,"location":{"__typename":"SearchResultsPropertyLocation","displayLocation":"Baguio","mainDistance":"0.3 miles from Session Road","publicTransportDistanceDescription":null,"skiLiftDistance":null,"beachDistance":null,"nearbyBeachNames":[],"beachWalkingTime":null,"geoDistanceMeters":null},"mealPlanIncluded":null,"persuasion":{"__typename":"SearchResultPersuasion","autoextended":false,"geniusRateAvailable":false,"highlighted":false,"preferred":true,"preferredPlus":false,"showNativeAdLabel":false,"nativeAdId":null,"nativeAdsCpc":null,"nativeAdsTracking":null,"bookedXTimesMessage":null,"sponsoredAdsData":null},"policies":{"__typename":"Policies","showFreeCancellation":false,"showNoPrepayment":false,"enableJapaneseUsersSpecialCase":null},"ribbon":null,"recommendedDate":{"__typename":"RecommendedDate","checkin":"","checkout":"","lengthOfStay":0},"showGeniusLoginMessage":false,"showPrivateHostMessage":false,"soldOutInfo":{"__typename":"SoldOutInfo","isSoldOut":false,"messages":[],"alternativeDatesMessages":[]},"nbWishlists":0,"visibilityBoosterEnabled":null,"showAdLabel":false,"isNewlyOpened":false,"propertySustainability":{"__typename":"SrPropertySustainability","isSustainable":false,"tier":{"__typename":"SrPropertySustainabilityTier","type":"NONE"},"facilities":[{"__ref":"SrPropertySustainabilityFacility:436"},{"__ref":"SrPropertySustainabilityFacility:445"},{"__ref":"SrPropertySustainabilityFacility:502"}],"certifications":null,"chainProgrammes":null,"levelId":"L0"},"seoThemes":[],"relocationMode":null,"bundleRatesAvailable":null,"recommendedDatesLabel":null,"matchingUnitConfigurations":null,"blocks":[],"bookerExperienceContentUIComponentProps":[]},{"__typename":"SearchResultProperty","priceDisplayInfoIrene":null,"licenseDetails":null,"inferredLocationScore":0,"trackOnView":[],"topPhotos":[],"acceptsWalletCredit":false,"basicPropertyData":{"__typename":"BasicPropertyData","accommodationTypeId":201,"id":3702127,"isTestProperty":false,"location":{"__typename":"Location","address":"Mabini St. Corner General Luna Road, Benguet","city":"Baguio","countryCode":"ph"},"pageName":"cedar-peak-condominium-by-tripsters-hub","ufi":-2410361,"photos":{"__typename":"PropertyPhotos","main":{"__typename":"Photo","highResUrl":{"__typename":"PhotoResource","relativeUrl":"/xdata/images/hotel/square600/149647987.webp?k=d9b6a8a68e25087abdc97872df7c5560a79840fac50be3f9d45615244dc01a22\u0026o="},"lowResUrl":{"__typename":"PhotoResource","relativeUrl":"/xdata/images/hotel/square200/149647987.webp?k=d9b6a8a68e25087abdc97872df7c5560a79840fac50be3f9d45615244dc01a22\u0026o="},"highResJpegUrl":{"__typename":"PhotoResource","relativeUrl":"/xdata/images/hotel/square600/149647987.jpg?k=4629ea876742996f55c6f74d78422d44ff317203b7be74fb20a080f2ef2a6df1\u0026o="},"lowResJpegUrl":{"__typename":"PhotoResource","relativeUrl":"/xdata/images/hotel/square200/149647987.jpg?k=4629ea876742996f55c6f74d78422d44ff317203b7be74fb20a080f2ef2a6df1\u0026o="}}},"reviews":{"__typename":"Reviews","totalScore":7.7,"reviewsCount":269,"totalScoreTextTag":{"__typename":"TranslationTag","translation":"Good"},"showScore":true,"secondaryScore":0,"secondaryTextTag":{"__typename":"TranslationTag","translation":null},"showSecondaryScore":false},"externalReviews":{"__typename":"ExternalReviews","totalScore":10,"reviewsCount":186,"showScore":true,"totalScoreTextTag":{"__typename":"TranslationTag","translation":"Exceptional"}},"alternativeExternalReviews":null,"starRating":{"__typename":"StarRating","value":3,"symbol":"NONE","caption":{"__typename":"TranslationTag","translation":null},"tocLink":{"__typename":"TranslationTag","translation":null},"showAdditionalInfoIcon":false},"isClosed":false,"paymentConfig":{"__typename":"PaymentConfig","installments":null}},"badges":[],"customBadges":{"__typename":"CustomBadges","showIsWorkFriendly":false,"showParkAndFly":false,"showSkiToDoor":false,"showBhTravelCreditBadge":false,"showOnlineCheckinBadge":null},"description":{"__typename":"TextWithTranslationTag","text":"Located in Baguio, a 7-minute walk from Burnham Park and half a mile from SM City Baguio, Cedar Peak Condominium by Tripsters Hub provides a restaurant, city views and free Wifi. "},"displayName":{"__typename":"TextWithTranslationTag","text":"Cedar Peak Condominium by Tripsters Hub","translationTag":{"__typename":"TranslationTag","translation":null}},"geniusInfo":null,"isInCompanyBudget":null,"location":{"__typename":"SearchResultsPropertyLocation","displayLocation":"Baguio","mainDistance":"0.2 miles from Session Road","publicTransportDistanceDescription":null,"skiLiftDistance":null,"beachDistance":null,"nearbyBeachNames":[],"beachWalkingTime":null,"geoDistanceMeters":null},"mealPlanIncluded":null,"persuasion":{"__typename":"SearchResultPersuasion","autoextended":false,"geniusRateAvailable":false,"highlighted":false,"preferred":true,"preferredPlus":false,"showNativeAdLabel":false,"nativeAdId":null,"nativeAdsCpc":null,"nativeAdsTracking":null,"bookedXTimesMessage":null,"sponsoredAdsData":null},"policies":{"__typename":"Policies","showFreeCancellation":false,"showNoPrepayment":false,"enableJapaneseUsersSpecialCase":null},"ribbon":null,"recommendedDate":{"__typename":"RecommendedDate","checkin":"","checkout":"","lengthOfStay":0},"showGeniusLoginMessage":false,"showPrivateHostMessage":false,"soldOutInfo":{"__typename":"SoldOutInfo","isSoldOut":false,"messages":[],"alternativeDatesMessages":[]},"nbWishlists":0,"visibilityBoosterEnabled":null,"showAdLabel":false,"isNewlyOpened":false,"propertySustainability":{"__typename":"SrPropertySustainability","isSustainable":false,"tier":{"__typename":"SrPropertySustainabilityTier","type":"NONE"},"facilities":null,"certifications":null,"chainProgrammes":null,"levelId":"L0"},"seoThemes":[],"relocationMode":null,"bundleRatesAvailable":null,"recommendedDatesLabel":null,"matchingUnitConfigurations":null,"blocks":[],"bookerExperienceContentUIComponentProps":[]},{"__typename":"SearchResultProperty","priceDisplayInfoIrene":null,"licenseDetails":null,"inferredLocationScore":0,"trackOnView":[],"topPhotos":[],"acceptsWalletCredit":false,"basicPropertyData":{"__typename":"BasicPropertyData","accommodationTypeId":204,"id":253144,"isTestProperty":false,"location":{"__typename":"Location","address":"Upper Session Road, Benguet","city":"Baguio","countryCode":"ph"},"pageName":"microtel-baguio","ufi":-2410361,"photos":{"__typename":"PropertyPhotos","main":{"__typename":"Photo","highResUrl":{"__typename":"PhotoResource","relativeUrl":"/xdata/images/hotel/square600/435833372.webp?k=7fe8d3680aa88936ee82e78f80f1dd82fab17d11cc54f487e16f372e96300e14\u0026o="},"lowResUrl":{"__typename":"PhotoResource","relativeUrl":"/xdata/images/hotel/square200/435833372.webp?k=7fe8d3680aa88936ee82e78f80f1dd82fab17d11cc54f487e16f372e96300e14\u0026o="},"highResJpegUrl":{"__typename":"PhotoResource","relativeUrl":"/xdata/images/hotel/square600/435833372.jpg?k=f5427a01bac15ccd27be003de561e2535e28e0775a735e043ec6cb04a00b7963\u0026o="},"lowResJpegUrl":{"__typename":"PhotoResource","relativeUrl":"/xdata/images/hotel/square200/435833372.jpg?k=f5427a01bac15ccd27be003de561e2535e28e0775a735e043ec6cb04a00b7963\u0026o="}}},"reviews":{"__typename":"Reviews","totalScore":8,"reviewsCount":553,"totalScoreTextTag":{"__typename":"TranslationTag","translation":"Very Good"},"showScore":true,"secondaryScore":0,"secondaryTextTag":{"__typename":"TranslationTag","translation":null},"showSecondaryScore":false},"externalReviews":null,"alternativeExternalReviews":null,"starRating":{"__typename":"StarRating","value":3,"symbol":"NONE","caption":{"__typename":"TranslationTag","translation":null},"tocLink":{"__typename":"TranslationTag","translation":null},"showAdditionalInfoIcon":false},"isClosed":false,"paymentConfig":{"__typename":"PaymentConfig","installments":null}},"badges":[],"customBadges":{"__typename":"CustomBadges","showIsWorkFriendly":false,"showParkAndFly":false,"showSkiToDoor":false,"showBhTravelCreditBadge":false,"showOnlineCheckinBadge":null},"description":{"__typename":"TextWithTranslationTag","text":"Centrally located in Baguio City, 1.2 mi from Camp John Hay and 1.7 mi from Wright Park, Microtel by Wyndham Baguio features an on site restaurant and free WiFi throughout the property. "},"displayName":{"__typename":"TextWithTranslationTag","text":"Microtel by Wyndham Baguio","translationTag":{"__typename":"TranslationTag","translation":null}},"geniusInfo":null,"isInCompanyBudget":null,"location":{"__typename":"SearchResultsPropertyLocation","displayLocation":"Baguio","mainDistance":"0.5 miles from Session Road","publicTransportDistanceDescription":null,"skiLiftDistance":null,"beachDistance":null,"nearbyBeachNames":[],"beachWalkingTime":null,"geoDistanceMeters":null},"mealPlanIncluded":null,"persuasion":{"__typename":"SearchResultPersuasion","autoextended":false,"geniusRateAvailable":false,"highlighted":false,"preferred":true,"preferredPlus":false,"showNativeAdLabel":false,"nativeAdId":null,"nativeAdsCpc":null,"nativeAdsTracking":null,"bookedXTimesMessage":null,"sponsoredAdsData":null},"policies":{"__typename":"Policies","showFreeCancellation":false,"showNoPrepayment":false,"enableJapaneseUsersSpecialCase":null},"ribbon":null,"recommendedDate":{"__typename":"RecommendedDate","checkin":"","checkout":"","lengthOfStay":0},"showGeniusLoginMessage":false,"showPrivateHostMessage":false,"soldOutInfo":{"__typename":"SoldOutInfo","isSoldOut":false,"messages":[],"alternativeDatesMessages":[]},"nbWishlists":0,"visibilityBoosterEnabled":null,"showAdLabel":false,"isNewlyOpened":false,"propertySustainability":{"__typename":"SrPropertySustainability","isSustainable":true,"tier":{"__typename":"SrPropertySustainabilityTier","type":"SILVER"},"facilities":[{"__ref":"SrPropertySustainabilityFacility:436"},{"__ref":"SrPropertySustainabilityFacility:439"},{"__ref":"SrPropertySustainabilityFacility:440"},{"__ref":"SrPropertySustainabilityFacility:442"},{"__ref":"SrPropertySustainabilityFacility:443"},{"__ref":"SrPropertySustainabilityFacility:444"},{"__ref":"SrPropertySustainabilityFacility:445"},{"__ref":"SrPropertySustainabilityFacility:446"},{"__ref":"SrPropertySustainabilityFacility:448"},{"__ref":"SrPropertySustainabilityFacility:490"},{"__ref":"SrPropertySustainabilityFacility:491"},{"__ref":"SrPropertySustainabilityFacility:492"},{"__ref":"SrPropertySustainabilityFacility:493"},{"__ref":"SrPropertySustainabilityFacility:494"},{"__ref":"SrPropertySustainabilityFacility:496"},{"__ref":"SrPropertySustainabilityFacility:499"},{"__ref":"SrPropertySustainabilityFacility:502"},{"__ref":"SrPropertySustainabilityFacility:503"},{"__ref":"SrPropertySustainabilityFacility:506"}],"certifications":null,"chainProgrammes":null,"levelId":"L2"},"seoThemes":[],"relocationMode":null,"bundleRatesAvailable":null,"recommendedDatesLabel":null,"matchingUnitConfigurations":null,"blocks":[],"bookerExperienceContentUIComponentProps":[]},{"__typename":"SearchResultProperty","priceDisplayInfoIrene":null,"licenseDetails":null,"inferredLocationScore":0,"trackOnView":[],"topPhotos":[],"acceptsWalletCredit":false,"basicPropertyData":{"__typename":"BasicPropertyData","accommodationTypeId":204,"id":5309555,"isTestProperty":false,"location":{"__typename":"Location","address":"Legarda Road","city":"Baguio","countryCode":"ph"},"pageName":"456","ufi":-2410361,"photos":{"__typename":"PropertyPhotos","main":{"__typename":"Photo","highResUrl":{"__typename":"PhotoResource","relativeUrl":"/xdata/images/hotel/square600/244064110.webp?k=2a4f224f93a4d55265536f348fab606afacea9bfa3c048c526c8fc98d0a9a1a1\u0026o="},"lowResUrl":{"__typename":"PhotoResource","relativeUrl":"/xdata/images/hotel/square200/244064110.webp?k=2a4f224f93a4d55265536f348fab606afacea9bfa3c048c526c8fc98d0a9a1a1\u0026o="},"highResJpegUrl":{"__typename":"PhotoResource","relativeUrl":"/xdata/images/hotel/square600/244064110.jpg?k=a5ec2d55a2dc8bff4da5dac2a10be23df0896ee0dc1e73217d0df7b4f029bf5f\u0026o="},"lowResJpegUrl":{"__typename":"PhotoResource","relativeUrl":"/xdata/images/hotel/square200/244064110.jpg?k=a5ec2d55a2dc8bff4da5dac2a10be23df0896ee0dc1e73217d0df7b4f029bf5f\u0026o="}}},"reviews":{"__typename":"Reviews","totalScore":7.2,"reviewsCount":710,"totalScoreTextTag":{"__typename":"TranslationTag","translation":"Good"},"showScore":true,"secondaryScore":0,"secondaryTextTag":{"__typename":"TranslationTag","translation":null},"showSecondaryScore":false},"externalReviews":null,"alternativeExternalReviews":null,"starRating":{"__typename":"StarRating","value":3,"symbol":"NONE","caption":{"__typename":"TranslationTag","translation":null},"tocLink":{"__typename":"TranslationTag","translation":null},"showAdditionalInfoIcon":false},"isClosed":false,"paymentConfig":{"__typename":"PaymentConfig","installments":null}},"badges":[],"customBadges":{"__typename":"CustomBadges","showIsWorkFriendly":false,"showParkAndFly":false,"showSkiToDoor":false,"showBhTravelCreditBadge":false,"showOnlineCheckinBadge":null},"description":{"__typename":"TextWithTranslationTag","text":"Located in Baguio, a 9-minute walk from Burnham Park, 456 Hotel has accommodations with a garden, free private parking, a terrace and a bar. "},"displayName":{"__typename":"TextWithTranslationTag","text":"456 Hotel","translationTag":{"__typename":"TranslationTag","translation":null}},"geniusInfo":null,"isInCompanyBudget":null,"location":{"__typename":"SearchResultsPropertyLocation","displayLocation":"Baguio","mainDistance":"0.5 miles from Session Road","publicTransportDistanceDescription":null,"skiLiftDistance":null,"beachDistance":null,"nearbyBeachNames":[],"beachWalkingTime":null,"geoDistanceMeters":null},"mealPlanIncluded":null,"persuasion":{"__typename":"SearchResultPersuasion","autoextended":false,"geniusRateAvailable":false,"highlighted":false,"preferred":true,"preferredPlus":false,"showNativeAdLabel":false,"nativeAdId":null,"nativeAdsCpc":null,"nativeAdsTracking":null,"bookedXTimesMessage":null,"sponsoredAdsData":null},"policies":{"__typename":"Policies","showFreeCancellation":false,"showNoPrepayment":false,"enableJapaneseUsersSpecialCase":null},"ribbon":null,"recommendedDate":{"__typename":"RecommendedDate","checkin":"","checkout":"","lengthOfStay":0},"showGeniusLoginMessage":false,"showPrivateHostMessage":false,"soldOutInfo":{"__typename":"SoldOutInfo","isSoldOut":false,"messages":[],"alternativeDatesMessages":[]},"nbWishlists":0,"visibilityBoosterEnabled":null,"showAdLabel":false,"isNewlyOpened":false,"propertySustainability":{"__typename":"SrPropertySustainability","isSustainable":true,"tier":{"__typename":"SrPropertySustainabilityTier","type":"BRONZE"},"facilities":[{"__ref":"SrPropertySustainabilityFacility:182"},{"__ref":"SrPropertySustainabilityFacility:444"},{"__ref":"SrPropertySustainabilityFacility:445"},{"__ref":"SrPropertySustainabilityFacility:446"},{"__ref":"SrPropertySustainabilityFacility:492"},{"__ref":"SrPropertySustainabilityFacility:493"},{"__ref":"SrPropertySustainabilityFacility:494"},{"__ref":"SrPropertySustainabilityFacility:496"},{"__ref":"SrPropertySustainabilityFacility:500"},{"__ref":"SrPropertySustainabilityFacility:502"}],"certifications":null,"chainProgrammes":null,"levelId":"L1"},"seoThemes":[],"relocationMode":null,"bundleRatesAvailable":null,"recommendedDatesLabel":null,"matchingUnitConfigurations":null,"blocks":[],"bookerExperienceContentUIComponentProps":[]},{"__typename":"SearchResultProperty","priceDisplayInfoIrene":null,"licenseDetails":null,"inferredLocationScore":0,"trackOnView":[],"topPhotos":[],"acceptsWalletCredit":false,"basicPropertyData":{"__typename":"BasicPropertyData","accommodationTypeId":204,"id":1820336,"isTestProperty":false,"location":{"__typename":"Location","address":"19 Kisad Road, Benguet","city":"Baguio","countryCode":"ph"},"pageName":"venus-parkview","ufi":-2410361,"photos":{"__typename":"PropertyPhotos","main":{"__typename":"Photo","highResUrl":{"__typename":"PhotoResource","relativeUrl":"/xdata/images/hotel/square600/218909813.webp?k=1f56d858e4db2a8c7289712c64af9d421cd10c9f2bed06b2c11b4c1cd0773910\u0026o="},"lowResUrl":{"__typename":"PhotoResource","relativeUrl":"/xdata/images/hotel/square200/218909813.webp?k=1f56d858e4db2a8c7289712c64af9d421cd10c9f2bed06b2c11b4c1cd0773910\u0026o="},"highResJpegUrl":{"__typename":"PhotoResource","relativeUrl":"/xdata/images/hotel/square600/218909813.jpg?k=a973fd3c2313458d3377dc4f9f9567340aca2d26e3b4cf5190ab13dd93393aad\u0026o="},"lowResJpegUrl":{"__typename":"PhotoResource","relativeUrl":"/xdata/images/hotel/square200/218909813.jpg?k=a973fd3c2313458d3377dc4f9f9567340aca2d26e3b4cf5190ab13dd93393aad\u0026o="}}},"reviews":{"__typename":"Reviews","totalScore":8.2,"reviewsCount":170,"totalScoreTextTag":{"__typename":"TranslationTag","translation":"Very Good"},"showScore":true,"secondaryScore":0,"secondaryTextTag":{"__typename":"TranslationTag","translation":null},"showSecondaryScore":false},"externalReviews":null,"alternativeExternalReviews":null,"starRating":{"__typename":"StarRating","value":4,"symbol":"NONE","caption":{"__typename":"TranslationTag","translation":null},"tocLink":{"__typename":"TranslationTag","translation":null},"showAdditionalInfoIcon":false},"isClosed":false,"paymentConfig":{"__typename":"PaymentConfig","installments":null}},"badges":[],"customBadges":{"__typename":"CustomBadges","showIsWorkFriendly":false,"showParkAndFly":false,"showSkiToDoor":false,"showBhTravelCreditBadge":false,"showOnlineCheckinBadge":null},"description":{"__typename":"TextWithTranslationTag","text":"Featuring free WiFi throughout the property, Venus Parkview Hotel is located in Baguio, 656 feet from Burnham Park. An in-house restaurant is available, while free parking is provided on site. "},"displayName":{"__typename":"TextWithTranslationTag","text":"Venus Parkview Hotel","translationTag":{"__typename":"TranslationTag","translation":null}},"geniusInfo":null,"isInCompanyBudget":null,"location":{"__typename":"SearchResultsPropertyLocation","displayLocation":"Baguio","mainDistance":"0.4 miles from Session Road","publicTransportDistanceDescription":null,"skiLiftDistance":null,"beachDistance":null,"nearbyBeachNames":[],"beachWalkingTime":null,"geoDistanceMeters":null},"mealPlanIncluded":null,"persuasion":{"__typename":"SearchResultPersuasion","autoextended":false,"geniusRateAvailable":false,"highlighted":false,"preferred":true,"preferredPlus":false,"showNativeAdLabel":false,"nativeAdId":null,"nativeAdsCpc":null,"nativeAdsTracking":null,"bookedXTimesMessage":null,"sponsoredAdsData":null},"policies":{"__typename":"Policies","showFreeCancellation":false,"showNoPrepayment":false,"enableJapaneseUsersSpecialCase":null},"ribbon":null,"recommendedDate":{"__typename":"RecommendedDate","checkin":"","checkout":"","lengthOfStay":0},"showGeniusLoginMessage":false,"showPrivateHostMessage":false,"soldOutInfo":{"__typename":"SoldOutInfo","isSoldOut":false,"messages":[],"alternativeDatesMessages":[]},"nbWishlists":0,"visibilityBoosterEnabled":null,"showAdLabel":false,"isNewlyOpened":false,"propertySustainability":{"__typename":"SrPropertySustainability","isSustainable":true,"tier":{"__typename":"SrPropertySustainabilityTier","type":"BRONZE"},"facilities":[{"__ref":"SrPropertySustainabilityFacility:436"},{"__ref":"SrPropertySustainabilityFacility:439"},{"__ref":"SrPropertySustainabilityFacility:440"},{"__ref":"SrPropertySustainabilityFacility:444"},{"__ref":"SrPropertySustainabilityFacility:445"},{"__ref":"SrPropertySustainabilityFacility:446"},{"__ref":"SrPropertySustainabilityFacility:489"},{"__ref":"SrPropertySustainabilityFacility:490"},{"__ref":"SrPropertySustainabilityFacility:491"},{"__ref":"SrPropertySustainabilityFacility:496"},{"__ref":"SrPropertySustainabilityFacility:497"},{"__ref":"SrPropertySustainabilityFacility:499"},{"__ref":"SrPropertySustainabilityFacility:503"},{"__ref":"SrPropertySustainabilityFacility:505"},{"__ref":"SrPropertySustainabilityFacility:506"}],"certifications":null,"chainProgrammes":null,"levelId":"L1"},"seoThemes":[],"relocationMode":null,"bundleRatesAvailable":null,"recommendedDatesLabel":null,"matchingUnitConfigurations":null,"blocks":[],"bookerExperienceContentUIComponentProps":[]},{"__typename":"SearchResultProperty","priceDisplayInfoIrene":null,"licenseDetails":null,"inferredLocationScore":0,"trackOnView":[],"topPhotos":[],"acceptsWalletCredit":false,"basicPropertyData":{"__typename":"BasicPropertyData","accommodationTypeId":204,"id":324352,"isTestProperty":false,"location":{"__typename":"Location","address":"Corner Carino and Yandoc Street, Benguet","city":"Baguio","countryCode":"ph"},"pageName":"the-golden-pine","ufi":-2410361,"photos":{"__typename":"PropertyPhotos","main":{"__typename":"Photo","highResUrl":{"__typename":"PhotoResource","relativeUrl":"/xdata/images/hotel/square600/5075687.webp?k=a411a97bc9e1970b435ab7639c7f9a9b84075bc064a8b66d05ee96ec5f7ffaf1\u0026o="},"lowResUrl":{"__typename":"PhotoResource","relativeUrl":"/xdata/images/hotel/square200/5075687.webp?k=a411a97bc9e1970b435ab7639c7f9a9b84075bc064a8b66d05ee96ec5f7ffaf1\u0026o="},"highResJpegUrl":{"__typename":"PhotoResource","relativeUrl":"/xdata/images/hotel/square600/5075687.jpg?k=c6038582a41e4f7b37ca1c2cc21893d2cd66b7b0c72ae8f4764fb9aab31857c5\u0026o="},"lowResJpegUrl":{"__typename":"PhotoResource","relativeUrl":"/xdata/images/hotel/square200/5075687.jpg?k=c6038582a41e4f7b37ca1c2cc21893d2cd66b7b0c72ae8f4764fb9aab31857c5\u0026o="}}},"reviews":{"__typename":"Reviews","totalScore":7.7,"reviewsCount":76,"totalScoreTextTag":{"__typename":"TranslationTag","translation":"Good"},"showScore":true,"secondaryScore":0,"secondaryTextTag":{"__typename":"TranslationTag","translation":null},"showSecondaryScore":false},"externalReviews":null,"alternativeExternalReviews":null,"starRating":{"__typename":"StarRating","value":3,"symbol":"NONE","caption":{"__typename":"TranslationTag","translation":null},"tocLink":{"__typename":"TranslationTag","translation":null},"showAdditionalInfoIcon":false},"isClosed":false,"paymentConfig":{"__typename":"PaymentConfig","installments":null}},"badges":[],"customBadges":{"__typename":"CustomBadges","showIsWorkFriendly":false,"showParkAndFly":false,"showSkiToDoor":false,"showBhTravelCreditBadge":false,"showOnlineCheckinBadge":null},"description":{"__typename":"TextWithTranslationTag","text":"Offering rooms in the cool mountain city of Baguio, The Golden Pine Hotel is just a 5 minute walk from popular Burnham Park. It offers free Wi-Fi and free parking. "},"displayName":{"__typename":"TextWithTranslationTag","text":"The Golden Pine Hotel","translationTag":{"__typename":"TranslationTag","translation":null}},"geniusInfo":null,"isInCompanyBudget":null,"location":{"__typename":"SearchResultsPropertyLocation","displayLocation":"Baguio","mainDistance":"0.5 miles from Session Road","publicTransportDistanceDescription":null,"skiLiftDistance":null,"beachDistance":null,"nearbyBeachNames":[],"beachWalkingTime":null,"geoDistanceMeters":null},"mealPlanIncluded":null,"persuasion":{"__typename":"SearchResultPersuasion","autoextended":false,"geniusRateAvailable":false,"highlighted":false,"preferred":true,"preferredPlus":false,"showNativeAdLabel":false,"nativeAdId":null,"nativeAdsCpc":null,"nativeAdsTracking":null,"bookedXTimesMessage":null,"sponsoredAdsData":null},"policies":{"__typename":"Policies","showFreeCancellation":false,"showNoPrepayment":false,"enableJapaneseUsersSpecialCase":null},"ribbon":null,"recommendedDate":{"__typename":"RecommendedDate","checkin":"","checkout":"","lengthOfStay":0},"showGeniusLoginMessage":false,"showPrivateHostMessage":false,"soldOutInfo":{"__typename":"SoldOutInfo","isSoldOut":false,"messages":[],"alternativeDatesMessages":[]},"nbWishlists":0,"visibilityBoosterEnabled":null,"showAdLabel":false,"isNewlyOpened":false,"propertySustainability":{"__typename":"SrPropertySustainability","isSustainable":false,"tier":{"__typename":"SrPropertySustainabilityTier","type":"NONE"},"facilities":null,"certifications":null,"chainProgrammes":null,"levelId":"L0"},"seoThemes":[],"relocationMode":null,"bundleRatesAvailable":null,"recommendedDatesLabel":null,"matchingUnitConfigurations":null,"blocks":[],"bookerExperienceContentUIComponentProps":[]},{"__typename":"SearchResultProperty","priceDisplayInfoIrene":null,"licenseDetails":null,"inferredLocationScore":0,"trackOnView":[],"topPhotos":[],"acceptsWalletCredit":false,"basicPropertyData":{"__typename":"BasicPropertyData","accommodationTypeId":218,"id":2789430,"isTestProperty":false,"location":{"__typename":"Location","address":"84 Palma Street, Benguet","city":"Baguio","countryCode":"ph"},"pageName":"rl-veranda-suite","ufi":-2410361,"photos":{"__typename":"PropertyPhotos","main":{"__typename":"Photo","highResUrl":{"__typename":"PhotoResource","relativeUrl":"/xdata/images/hotel/square600/338016275.webp?k=6202fc03f38a9c8ba54c669fa32510376dff3af8a60958416cd91ee76abe87e6\u0026o="},"lowResUrl":{"__typename":"PhotoResource","relativeUrl":"/xdata/images/hotel/square200/338016275.webp?k=6202fc03f38a9c8ba54c669fa32510376dff3af8a60958416cd91ee76abe87e6\u0026o="},"highResJpegUrl":{"__typename":"PhotoResource","relativeUrl":"/xdata/images/hotel/square600/338016275.jpg?k=d86cff8b726026afeb3e9860912f2b49e156ab3060ad5767462ae553bdf0336a\u0026o="},"lowResJpegUrl":{"__typename":"PhotoResource","relativeUrl":"/xdata/images/hotel/square200/338016275.jpg?k=d86cff8b726026afeb3e9860912f2b49e156ab3060ad5767462ae553bdf0336a\u0026o="}}},"reviews":{"__typename":"Reviews","totalScore":8.7,"reviewsCount":277,"totalScoreTextTag":{"__typename":"TranslationTag","translation":"Excellent"},"showScore":true,"secondaryScore":0,"secondaryTextTag":{"__typename":"TranslationTag","translation":null},"showSecondaryScore":false},"externalReviews":null,"alternativeExternalReviews":null,"starRating":{"__typename":"StarRating","value":2,"symbol":"NONE","caption":{"__typename":"TranslationTag","translation":null},"tocLink":{"__typename":"TranslationTag","translation":null},"showAdditionalInfoIcon":false},"isClosed":false,"paymentConfig":{"__typename":"PaymentConfig","installments":null}},"badges":[],"customBadges":{"__typename":"CustomBadges","showIsWorkFriendly":false,"showParkAndFly":false,"showSkiToDoor":false,"showBhTravelCreditBadge":false,"showOnlineCheckinBadge":null},"description":{"__typename":"TextWithTranslationTag","text":"Located in Baguio, a 9-minute walk from Burnham Park, RL Veranda Suite has accommodations with a garden, free private parking, a shared lounge and a terrace. "},"displayName":{"__typename":"TextWithTranslationTag","text":"RL Veranda Suite","translationTag":{"__typename":"TranslationTag","translation":null}},"geniusInfo":null,"isInCompanyBudget":null,"location":{"__typename":"SearchResultsPropertyLocation","displayLocation":"Baguio","mainDistance":"0.6 miles from Session Road","publicTransportDistanceDescription":null,"skiLiftDistance":null,"beachDistance":null,"nearbyBeachNames":[],"beachWalkingTime":null,"geoDistanceMeters":null},"mealPlanIncluded":null,"persuasion":{"__typename":"SearchResultPersuasion","autoextended":false,"geniusRateAvailable":false,"highlighted":false,"preferred":true,"preferredPlus":false,"showNativeAdLabel":false,"nativeAdId":null,"nativeAdsCpc":null,"nativeAdsTracking":null,"bookedXTimesMessage":null,"sponsoredAdsData":null},"policies":{"__typename":"Policies","showFreeCancellation":false,"showNoPrepayment":false,"enableJapaneseUsersSpecialCase":null},"ribbon":null,"recommendedDate":{"__typename":"RecommendedDate","checkin":"","checkout":"","lengthOfStay":0},"showGeniusLoginMessage":false,"showPrivateHostMessage":false,"soldOutInfo":{"__typename":"SoldOutInfo","isSoldOut":false,"messages":[],"alternativeDatesMessages":[]},"nbWishlists":0,"visibilityBoosterEnabled":null,"showAdLabel":false,"isNewlyOpened":false,"propertySustainability":{"__typename":"SrPropertySustainability","isSustainable":false,"tier":{"__typename":"SrPropertySustainabilityTier","type":"NONE"},"facilities":[{"__ref":"SrPropertySustainabilityFacility:436"},{"__ref":"SrPropertySustainabilityFacility:445"},{"__ref":"SrPropertySustainabilityFacility:446"}],"certifications":null,"chainProgrammes":null,"levelId":"L0"},"seoThemes":[],"relocationMode":null,"bundleRatesAvailable":null,"recommendedDatesLabel":null,"matchingUnitConfigurations":null,"blocks":[],"bookerExperienceContentUIComponentProps":[]},{"__typename":"SearchResultProperty","priceDisplayInfoIrene":null,"licenseDetails":null,"inferredLocationScore":0,"trackOnView":[],"topPhotos":[],"acceptsWalletCredit":false,"basicPropertyData":{"__typename":"BasicPropertyData","accommodationTypeId":204,"id":2768476,"isTestProperty":false,"location":{"__typename":"Location","address":"Bagumbayan Road 18","city":"Baguio","countryCode":"ph"},"pageName":"45","ufi":-2410361,"photos":{"__typename":"PropertyPhotos","main":{"__typename":"Photo","highResUrl":{"__typename":"PhotoResource","relativeUrl":"/xdata/images/hotel/square600/145244312.webp?k=c317e5cf8c106eb1b9fe71db8e44bb310a46eeac7bb608d9da2bfeaf08b7e38e\u0026o="},"lowResUrl":{"__typename":"PhotoResource","relativeUrl":"/xdata/images/hotel/square200/145244312.webp?k=c317e5cf8c106eb1b9fe71db8e44bb310a46eeac7bb608d9da2bfeaf08b7e38e\u0026o="},"highResJpegUrl":{"__typename":"PhotoResource","relativeUrl":"/xdata/images/hotel/square600/145244312.jpg?k=3e7ebfc1b5f85e1e3bb009105aec40fcf40a69a323e73b206d1f626c9664e317\u0026o="},"lowResJpegUrl":{"__typename":"PhotoResource","relativeUrl":"/xdata/images/hotel/square200/145244312.jpg?k=3e7ebfc1b5f85e1e3bb009105aec40fcf40a69a323e73b206d1f626c9664e317\u0026o="}}},"reviews":{"__typename":"Reviews","totalScore":7.1,"reviewsCount":537,"totalScoreTextTag":{"__typename":"TranslationTag","translation":"Good"},"showScore":true,"secondaryScore":0,"secondaryTextTag":{"__typename":"TranslationTag","translation":null},"showSecondaryScore":false},"externalReviews":null,"alternativeExternalReviews":null,"starRating":{"__typename":"StarRating","value":2,"symbol":"NONE","caption":{"__typename":"TranslationTag","translation":null},"tocLink":{"__typename":"TranslationTag","translation":null},"showAdditionalInfoIcon":false},"isClosed":false,"paymentConfig":null},"badges":[],"customBadges":{"__typename":"CustomBadges","showIsWorkFriendly":false,"showParkAndFly":false,"showSkiToDoor":false,"showBhTravelCreditBadge":false,"showOnlineCheckinBadge":null},"description":{"__typename":"TextWithTranslationTag","text":"Featuring a bar, Hotel 45 is located in Baguio in the Luzon region, a 5-minute walk from SM City Baguio and 0.6 miles from Mines View Park. "},"displayName":{"__typename":"TextWithTranslationTag","text":"Hotel 45","translationTag":{"__typename":"TranslationTag","translation":null}},"geniusInfo":null,"isInCompanyBudget":null,"location":{"__typename":"SearchResultsPropertyLocation","displayLocation":"Baguio","mainDistance":"0.2 miles from Session Road","publicTransportDistanceDescription":null,"skiLiftDistance":null,"beachDistance":null,"nearbyBeachNames":[],"beachWalkingTime":null,"geoDistanceMeters":null},"mealPlanIncluded":null,"persuasion":{"__typename":"SearchResultPersuasion","autoextended":false,"geniusRateAvailable":false,"highlighted":false,"preferred":false,"preferredPlus":false,"showNativeAdLabel":false,"nativeAdId":null,"nativeAdsCpc":null,"nativeAdsTracking":null,"bookedXTimesMessage":null,"sponsoredAdsData":null},"policies":{"__typename":"Policies","showFreeCancellation":false,"showNoPrepayment":false,"enableJapaneseUsersSpecialCase":null},"ribbon":null,"recommendedDate":{"__typename":"RecommendedDate","checkin":"","checkout":"","lengthOfStay":0},"showGeniusLoginMessage":false,"showPrivateHostMessage":false,"soldOutInfo":{"__typename":"SoldOutInfo","isSoldOut":false,"messages":[],"alternativeDatesMessages":[]},"nbWishlists":0,"visibilityBoosterEnabled":null,"showAdLabel":false,"isNewlyOpened":false,"propertySustainability":{"__typename":"SrPropertySustainability","isSustainable":false,"tier":{"__typename":"SrPropertySustainabilityTier","type":"NONE"},"facilities":null,"certifications":null,"chainProgrammes":null,"levelId":"L0"},"seoThemes":[],"relocationMode":null,"bundleRatesAvailable":null,"recommendedDatesLabel":null,"matchingUnitConfigurations":null,"blocks":[],"bookerExperienceContentUIComponentProps":[]},{"__typename":"SearchResultProperty","priceDisplayInfoIrene":null,"licenseDetails":null,"inferredLocationScore":0,"trackOnView":[],"topPhotos":[],"acceptsWalletCredit":false,"basicPropertyData":{"__typename":"BasicPropertyData","accommodationTypeId":203,"id":4151941,"isTestProperty":false,"location":{"__typename":"Location","address":"121 Upper Bonifacio Street","city":"Baguio","countryCode":"ph"},"pageName":"3bu-hostel","ufi":-2410361,"photos":{"__typename":"PropertyPhotos","main":{"__typename":"Photo","highResUrl":{"__typename":"PhotoResource","relativeUrl":"/xdata/images/hotel/square600/438565909.webp?k=7146d51405ef02f9c97b5c0e7de5573c3562d2cc1393df56f998c003af07b9e0\u0026o="},"lowResUrl":{"__typename":"PhotoResource","relativeUrl":"/xdata/images/hotel/square200/438565909.webp?k=7146d51405ef02f9c97b5c0e7de5573c3562d2cc1393df56f998c003af07b9e0\u0026o="},"highResJpegUrl":{"__typename":"PhotoResource","relativeUrl":"/xdata/images/hotel/square600/438565909.jpg?k=1955683b617c736814bcd342f454b5611256e01fa3cd5fe31ae7e0ea3bf5327c\u0026o="},"lowResJpegUrl":{"__typename":"PhotoResource","relativeUrl":"/xdata/images/hotel/square200/438565909.jpg?k=1955683b617c736814bcd342f454b5611256e01fa3cd5fe31ae7e0ea3bf5327c\u0026o="}}},"reviews":{"__typename":"Reviews","totalScore":8.2,"reviewsCount":235,"totalScoreTextTag":{"__typename":"TranslationTag","translation":"Very Good"},"showScore":true,"secondaryScore":0,"secondaryTextTag":{"__typename":"TranslationTag","translation":null},"showSecondaryScore":false},"externalReviews":{"__typename":"ExternalReviews","totalScore":9,"reviewsCount":15,"showScore":true,"totalScoreTextTag":{"__typename":"TranslationTag","translation":"Wonderful"}},"alternativeExternalReviews":null,"starRating":{"__typename":"StarRating","value":1,"symbol":"NONE","caption":{"__typename":"TranslationTag","translation":null},"tocLink":{"__typename":"TranslationTag","translation":null},"showAdditionalInfoIcon":false},"isClosed":false,"paymentConfig":{"__typename":"PaymentConfig","installments":null}},"badges":[],"customBadges":{"__typename":"CustomBadges","showIsWorkFriendly":false,"showParkAndFly":false,"showSkiToDoor":false,"showBhTravelCreditBadge":false,"showOnlineCheckinBadge":null},"description":{"__typename":"TextWithTranslationTag","text":"Located in Baguio, a 5-minute walk from Mines View Park, 3BU Hostel Baguio - Bonifacio has air-conditioned accommodations and a shared lounge. "},"displayName":{"__typename":"TextWithTranslationTag","text":"3BU Hostel Baguio - Bonifacio","translationTag":{"__typename":"TranslationTag","translation":null}},"geniusInfo":null,"isInCompanyBudget":null,"location":{"__typename":"SearchResultsPropertyLocation","displayLocation":"Baguio","mainDistance":"0.2 miles from Session Road","publicTransportDistanceDescription":null,"skiLiftDistance":null,"beachDistance":null,"nearbyBeachNames":[],"beachWalkingTime":null,"geoDistanceMeters":null},"mealPlanIncluded":null,"persuasion":{"__typename":"SearchResultPersuasion","autoextended":false,"geniusRateAvailable":false,"highlighted":false,"preferred":false,"preferredPlus":false,"showNativeAdLabel":false,"nativeAdId":null,"nativeAdsCpc":null,"nativeAdsTracking":null,"bookedXTimesMessage":null,"sponsoredAdsData":null},"policies":{"__typename":"Policies","showFreeCancellation":false,"showNoPrepayment":false,"enableJapaneseUsersSpecialCase":null},"ribbon":null,"recommendedDate":{"__typename":"RecommendedDate","checkin":"","checkout":"","lengthOfStay":0},"showGeniusLoginMessage":false,"showPrivateHostMessage":false,"soldOutInfo":{"__typename":"SoldOutInfo","isSoldOut":false,"messages":[],"alternativeDatesMessages":[]},"nbWishlists":0,"visibilityBoosterEnabled":null,"showAdLabel":false,"isNewlyOpened":false,"propertySustainability":{"__typename":"SrPropertySustainability","isSustainable":false,"tier":{"__typename":"SrPropertySustainabilityTier","type":"NONE"},"facilities":[{"__ref":"SrPropertySustainabilityFacility:436"}],"certifications":null,"chainProgrammes":null,"levelId":"L0"},"seoThemes":[],"relocationMode":null,"bundleRatesAvailable":null,"recommendedDatesLabel":null,"matchingUnitConfigurations":null,"blocks":[],"bookerExperienceContentUIComponentProps":[]},{"__typename":"SearchResultProperty","priceDisplayInfoIrene":null,"licenseDetails":null,"inferredLocationScore":0,"trackOnView":[],"topPhotos":[],"acceptsWalletCredit":false,"basicPropertyData":{"__typename":"BasicPropertyData","accommodationTypeId":204,"id":2768496,"isTestProperty":false,"location":{"__typename":"Location","address":"Bagumbayan Road 18, Benguet","city":"Baguio","countryCode":"ph"},"pageName":"45-extension","ufi":-2410361,"photos":{"__typename":"PropertyPhotos","main":{"__typename":"Photo","highResUrl":{"__typename":"PhotoResource","relativeUrl":"/xdata/images/hotel/square600/143862179.webp?k=b325848f022ba0e8d81ddeb45d7ed28d38d0f13f2b3f6175bfa3290694fdcb2e\u0026o="},"lowResUrl":{"__typename":"PhotoResource","relativeUrl":"/xdata/images/hotel/square200/143862179.webp?k=b325848f022ba0e8d81ddeb45d7ed28d38d0f13f2b3f6175bfa3290694fdcb2e\u0026o="},"highResJpegUrl":{"__typename":"PhotoResource","relativeUrl":"/xdata/images/hotel/square600/143862179.jpg?k=03ab41a073fe4425fea030fe846ebc2c72e9d4883827ca56a5d89593f7db2737\u0026o="},"lowResJpegUrl":{"__typename":"PhotoResource","relativeUrl":"/xdata/images/hotel/square200/143862179.jpg?k=03ab41a073fe4425fea030fe846ebc2c72e9d4883827ca56a5d89593f7db2737\u0026o="}}},"reviews":{"__typename":"Reviews","totalScore":8.1,"reviewsCount":72,"totalScoreTextTag":{"__typename":"TranslationTag","translation":"Very Good"},"showScore":true,"secondaryScore":9.7,"secondaryTextTag":{"__typename":"TranslationTag","translation":"Location"},"showSecondaryScore":true},"externalReviews":null,"alternativeExternalReviews":null,"starRating":null,"isClosed":false,"paymentConfig":null},"badges":[],"customBadges":{"__typename":"CustomBadges","showIsWorkFriendly":false,"showParkAndFly":false,"showSkiToDoor":false,"showBhTravelCreditBadge":false,"showOnlineCheckinBadge":null},"description":{"__typename":"TextWithTranslationTag","text":"Located within 1.7 miles of Camp John Hay and 2.1 miles of Lourdes Grotto, Hotel 45 Extension has rooms in Baguio. "},"displayName":{"__typename":"TextWithTranslationTag","text":"Hotel 45 Extension","translationTag":{"__typename":"TranslationTag","translation":null}},"geniusInfo":null,"isInCompanyBudget":null,"location":{"__typename":"SearchResultsPropertyLocation","displayLocation":"Baguio","mainDistance":"0.2 miles from Session Road","publicTransportDistanceDescription":null,"skiLiftDistance":null,"beachDistance":null,"nearbyBeachNames":[],"beachWalkingTime":null,"geoDistanceMeters":null},"mealPlanIncluded":null,"persuasion":{"__typename":"SearchResultPersuasion","autoextended":false,"geniusRateAvailable":false,"highlighted":false,"preferred":false,"preferredPlus":false,"showNativeAdLabel":false,"nativeAdId":null,"nativeAdsCpc":null,"nativeAdsTracking":null,"bookedXTimesMessage":null,"sponsoredAdsData":null},"policies":{"__typename":"Policies","showFreeCancellation":false,"showNoPrepayment":false,"enableJapaneseUsersSpecialCase":null},"ribbon":null,"recommendedDate":{"__typename":"RecommendedDate","checkin":"","checkout":"","lengthOfStay":0},"showGeniusLoginMessage":false,"showPrivateHostMessage":false,"soldOutInfo":{"__typename":"SoldOutInfo","isSoldOut":false,"messages":[],"alternativeDatesMessages":[]},"nbWishlists":0,"visibilityBoosterEnabled":null,"showAdLabel":false,"isNewlyOpened":false,"propertySustainability":{"__typename":"SrPropertySustainability","isSustainable":false,"tier":{"__typename":"SrPropertySustainabilityTier","type":"NONE"},"facilities":null,"certifications":null,"chainProgrammes":null,"levelId":"L0"},"seoThemes":[],"relocationMode":null,"bundleRatesAvailable":null,"recommendedDatesLabel":null,"matchingUnitConfigurations":null,"blocks":[],"bookerExperienceContentUIComponentProps":[]},{"__typename":"SearchResultProperty","priceDisplayInfoIrene":null,"licenseDetails":null,"inferredLocationScore":0,"trackOnView":[],"topPhotos":[],"acceptsWalletCredit":false,"basicPropertyData":{"__typename":"BasicPropertyData","accommodationTypeId":204,"id":320368,"isTestProperty":false,"location":{"__typename":"Location","address":"136 Abanao Extension cor. Carino Street, Benguet","city":"Baguio","countryCode":"ph"},"pageName":"paladin","ufi":-2410361,"photos":{"__typename":"PropertyPhotos","main":{"__typename":"Photo","highResUrl":{"__typename":"PhotoResource","relativeUrl":"/xdata/images/hotel/square600/389380911.webp?k=41359bff1eebc19d25997bbee8da745873e7dc92f6faef6ccba4bdcd9c65feab\u0026o="},"lowResUrl":{"__typename":"PhotoResource","relativeUrl":"/xdata/images/hotel/square200/389380911.webp?k=41359bff1eebc19d25997bbee8da745873e7dc92f6faef6ccba4bdcd9c65feab\u0026o="},"highResJpegUrl":{"__typename":"PhotoResource","relativeUrl":"/xdata/images/hotel/square600/389380911.jpg?k=591be031ec583c06d406d8d17505b7b4ed7ed4fbea3aec9d136a6c2bcc211c26\u0026o="},"lowResJpegUrl":{"__typename":"PhotoResource","relativeUrl":"/xdata/images/hotel/square200/389380911.jpg?k=591be031ec583c06d406d8d17505b7b4ed7ed4fbea3aec9d136a6c2bcc211c26\u0026o="}}},"reviews":{"__typename":"Reviews","totalScore":7.4,"reviewsCount":136,"totalScoreTextTag":{"__typename":"TranslationTag","translation":"Good"},"showScore":true,"secondaryScore":0,"secondaryTextTag":{"__typename":"TranslationTag","translation":null},"showSecondaryScore":false},"externalReviews":null,"alternativeExternalReviews":null,"starRating":{"__typename":"StarRating","value":3,"symbol":"NONE","caption":{"__typename":"TranslationTag","translation":null},"tocLink":{"__typename":"TranslationTag","translation":null},"showAdditionalInfoIcon":false},"isClosed":false,"paymentConfig":{"__typename":"PaymentConfig","installments":null}},"badges":[],"customBadges":{"__typename":"CustomBadges","showIsWorkFriendly":false,"showParkAndFly":false,"showSkiToDoor":false,"showBhTravelCreditBadge":false,"showOnlineCheckinBadge":null},"description":{"__typename":"TextWithTranslationTag","text":"Paladin Hotel is located in Baguio, just 5 minutes' walk from Burnham Park and 20 minutes' walk from SM Baguio Mall. Offering free Wi-Fi and parking, it has massage services and a 24-hour front desk. "},"displayName":{"__typename":"TextWithTranslationTag","text":"Paladin Hotel","translationTag":{"__typename":"TranslationTag","translation":null}},"geniusInfo":null,"isInCompanyBudget":null,"location":{"__typename":"SearchResultsPropertyLocation","displayLocation":"Baguio","mainDistance":"0.4 miles from Session Road","publicTransportDistanceDescription":null,"skiLiftDistance":null,"beachDistance":null,"nearbyBeachNames":[],"beachWalkingTime":null,"geoDistanceMeters":null},"mealPlanIncluded":null,"persuasion":{"__typename":"SearchResultPersuasion","autoextended":false,"geniusRateAvailable":false,"highlighted":false,"preferred":true,"preferredPlus":false,"showNativeAdLabel":false,"nativeAdId":null,"nativeAdsCpc":null,"nativeAdsTracking":null,"bookedXTimesMessage":null,"sponsoredAdsData":null},"policies":{"__typename":"Policies","showFreeCancellation":false,"showNoPrepayment":false,"enableJapaneseUsersSpecialCase":null},"ribbon":null,"recommendedDate":{"__typename":"RecommendedDate","checkin":"","checkout":"","lengthOfStay":0},"showGeniusLoginMessage":false,"showPrivateHostMessage":false,"soldOutInfo":{"__typename":"SoldOutInfo","isSoldOut":false,"messages":[],"alternativeDatesMessages":[]},"nbWishlists":0,"visibilityBoosterEnabled":null,"showAdLabel":false,"isNewlyOpened":false,"propertySustainability":{"__typename":"SrPropertySustainability","isSustainable":false,"tier":{"__typename":"SrPropertySustainabilityTier","type":"NONE"},"facilities":null,"certifications":null,"chainProgrammes":null,"levelId":"L0"},"seoThemes":[],"relocationMode":null,"bundleRatesAvailable":null,"recommendedDatesLabel":null,"matchingUnitConfigurations":null,"blocks":[],"bookerExperienceContentUIComponentProps":[]},{"__typename":"SearchResultProperty","priceDisplayInfoIrene":null,"licenseDetails":null,"inferredLocationScore":0,"trackOnView":[],"topPhotos":[],"acceptsWalletCredit":false,"basicPropertyData":{"__typename":"BasicPropertyData","accommodationTypeId":201,"id":2195010,"isTestProperty":false,"location":{"__typename":"Location","address":"70 Kisad Road, Benguet","city":"Baguio","countryCode":"ph"},"pageName":"angelo-39-s-transient-house","ufi":-2410361,"photos":{"__typename":"PropertyPhotos","main":{"__typename":"Photo","highResUrl":{"__typename":"PhotoResource","relativeUrl":"/xdata/images/hotel/square600/491551366.webp?k=e6414cf59cafcacb45955380333c410514981101e088d1a18d652d7a736cbe23\u0026o="},"lowResUrl":{"__typename":"PhotoResource","relativeUrl":"/xdata/images/hotel/square200/491551366.webp?k=e6414cf59cafcacb45955380333c410514981101e088d1a18d652d7a736cbe23\u0026o="},"highResJpegUrl":{"__typename":"PhotoResource","relativeUrl":"/xdata/images/hotel/square600/491551366.jpg?k=97a8da9a33c4303f849d7d092628d8d4b3052eb5497f5744644ea1c6ec76b37a\u0026o="},"lowResJpegUrl":{"__typename":"PhotoResource","relativeUrl":"/xdata/images/hotel/square200/491551366.jpg?k=97a8da9a33c4303f849d7d092628d8d4b3052eb5497f5744644ea1c6ec76b37a\u0026o="}}},"reviews":{"__typename":"Reviews","totalScore":9.2,"reviewsCount":482,"totalScoreTextTag":{"__typename":"TranslationTag","translation":"Wonderful"},"showScore":true,"secondaryScore":9.6,"secondaryTextTag":{"__typename":"TranslationTag","translation":"Location"},"showSecondaryScore":true},"externalReviews":null,"alternativeExternalReviews":null,"starRating":{"__typename":"StarRating","value":2,"symbol":"NONE","caption":{"__typename":"TranslationTag","translation":null},"tocLink":{"__typename":"TranslationTag","translation":null},"showAdditionalInfoIcon":false},"isClosed":false,"paymentConfig":{"__typename":"PaymentConfig","installments":null}},"badges":[],"customBadges":{"__typename":"CustomBadges","showIsWorkFriendly":false,"showParkAndFly":false,"showSkiToDoor":false,"showBhTravelCreditBadge":false,"showOnlineCheckinBadge":null},"description":{"__typename":"TextWithTranslationTag","text":"Offering a garden, Angelo's Transient House is located in Baguio, 656 feet from Burnham Park. Session Road is 1969 feet from the property. Free private parking is available on site. "},"displayName":{"__typename":"TextWithTranslationTag","text":"JCGA Apartments (Angelo's Burnham)","translationTag":{"__typename":"TranslationTag","translation":null}},"geniusInfo":null,"isInCompanyBudget":null,"location":{"__typename":"SearchResultsPropertyLocation","displayLocation":"Baguio","mainDistance":"0.4 miles from Session Road","publicTransportDistanceDescription":null,"skiLiftDistance":null,"beachDistance":null,"nearbyBeachNames":[],"beachWalkingTime":null,"geoDistanceMeters":null},"mealPlanIncluded":null,"persuasion":{"__typename":"SearchResultPersuasion","autoextended":false,"geniusRateAvailable":false,"highlighted":false,"preferred":false,"preferredPlus":false,"showNativeAdLabel":false,"nativeAdId":null,"nativeAdsCpc":null,"nativeAdsTracking":null,"bookedXTimesMessage":null,"sponsoredAdsData":null},"policies":{"__typename":"Policies","showFreeCancellation":false,"showNoPrepayment":false,"enableJapaneseUsersSpecialCase":null},"ribbon":null,"recommendedDate":{"__typename":"RecommendedDate","checkin":"","checkout":"","lengthOfStay":0},"showGeniusLoginMessage":false,"showPrivateHostMessage":false,"soldOutInfo":{"__typename":"SoldOutInfo","isSoldOut":false,"messages":[],"alternativeDatesMessages":[]},"nbWishlists":0,"visibilityBoosterEnabled":null,"showAdLabel":false,"isNewlyOpened":false,"propertySustainability":{"__typename":"SrPropertySustainability","isSustainable":false,"tier":{"__typename":"SrPropertySustainabilityTier","type":"NONE"},"facilities":null,"certifications":null,"chainProgrammes":null,"levelId":"L0"},"seoThemes":[],"relocationMode":null,"bundleRatesAvailable":null,"recommendedDatesLabel":null,"matchingUnitConfigurations":null,"blocks":[],"bookerExperienceContentUIComponentProps":[]},{"__typename":"SearchResultProperty","priceDisplayInfoIrene":null,"licenseDetails":null,"inferredLocationScore":0,"trackOnView":[{"__typename":"ExperimentTracking","experimentTag":"bhc_sr_representative_main_photo"}],"topPhotos":[],"acceptsWalletCredit":false,"basicPropertyData":{"__typename":"BasicPropertyData","accommodationTypeId":219,"id":7136269,"isTestProperty":false,"location":{"__typename":"Location","address":"#48 kisad rd, montinola subd,","city":"Baguio City","countryCode":"ph"},"pageName":"zenmist-properties-at-the-zonevill-bldg-g","ufi":-2410361,"photos":{"__typename":"PropertyPhotos","main":{"__typename":"Photo","highResUrl":{"__typename":"PhotoResource","relativeUrl":"/xdata/images/hotel/square600/452780380.webp?k=b076167985d41efb6cc9f45e12e1ce12f87b224a167e6fe4fc610caafb27fa98\u0026o="},"lowResUrl":{"__typename":"PhotoResource","relativeUrl":"/xdata/images/hotel/square200/452780380.webp?k=b076167985d41efb6cc9f45e12e1ce12f87b224a167e6fe4fc610caafb27fa98\u0026o="},"highResJpegUrl":{"__typename":"PhotoResource","relativeUrl":"/xdata/images/hotel/square600/452780380.jpg?k=948f3a3f011fcddf5642eb066792103b2e9e761cac2f73e2e2d5a284f6ba30bf\u0026o="},"lowResJpegUrl":{"__typename":"PhotoResource","relativeUrl":"/xdata/images/hotel/square200/452780380.jpg?k=948f3a3f011fcddf5642eb066792103b2e9e761cac2f73e2e2d5a284f6ba30bf\u0026o="}}},"reviews":{"__typename":"Reviews","totalScore":8,"reviewsCount":149,"totalScoreTextTag":{"__typename":"TranslationTag","translation":"Very Good"},"showScore":true,"secondaryScore":0,"secondaryTextTag":{"__typename":"TranslationTag","translation":null},"showSecondaryScore":false},"externalReviews":{"__typename":"ExternalReviews","totalScore":7,"reviewsCount":5,"showScore":true,"totalScoreTextTag":{"__typename":"TranslationTag","translation":"Good"}},"alternativeExternalReviews":null,"starRating":{"__typename":"StarRating","value":3,"symbol":"NONE","caption":{"__typename":"TranslationTag","translation":null},"tocLink":{"__typename":"TranslationTag","translation":null},"showAdditionalInfoIcon":false},"isClosed":false,"paymentConfig":null},"badges":[],"customBadges":{"__typename":"CustomBadges","showIsWorkFriendly":false,"showParkAndFly":false,"showSkiToDoor":false,"showBhTravelCreditBadge":false,"showOnlineCheckinBadge":null},"description":{"__typename":"TextWithTranslationTag","text":"Located in Baguio in the Luzon region, with Burnham Park and SM City Baguio nearby, Zenmist Properties- 2 Bedroom Deluxe provides accommodations with free Wifi and free private parking. "},"displayName":{"__typename":"TextWithTranslationTag","text":"Zenmist Properties- 2 Bedroom Deluxe","translationTag":{"__typename":"TranslationTag","translation":null}},"geniusInfo":null,"isInCompanyBudget":null,"location":{"__typename":"SearchResultsPropertyLocation","displayLocation":"Baguio","mainDistance":"0.6 miles from Session Road","publicTransportDistanceDescription":null,"skiLiftDistance":null,"beachDistance":null,"nearbyBeachNames":[],"beachWalkingTime":null,"geoDistanceMeters":null},"mealPlanIncluded":null,"persuasion":{"__typename":"SearchResultPersuasion","autoextended":false,"geniusRateAvailable":false,"highlighted":false,"preferred":false,"preferredPlus":false,"showNativeAdLabel":false,"nativeAdId":null,"nativeAdsCpc":null,"nativeAdsTracking":null,"bookedXTimesMessage":null,"sponsoredAdsData":null},"policies":{"__typename":"Policies","showFreeCancellation":false,"showNoPrepayment":false,"enableJapaneseUsersSpecialCase":null},"ribbon":null,"recommendedDate":{"__typename":"RecommendedDate","checkin":"","checkout":"","lengthOfStay":0},"showGeniusLoginMessage":false,"showPrivateHostMessage":false,"soldOutInfo":{"__typename":"SoldOutInfo","isSoldOut":false,"messages":[],"alternativeDatesMessages":[]},"nbWishlists":0,"visibilityBoosterEnabled":null,"showAdLabel":false,"isNewlyOpened":false,"propertySustainability":{"__typename":"SrPropertySustainability","isSustainable":false,"tier":{"__typename":"SrPropertySustainabilityTier","type":"NONE"},"facilities":null,"certifications":null,"chainProgrammes":null,"levelId":"L0"},"seoThemes":[],"relocationMode":null,"bundleRatesAvailable":null,"recommendedDatesLabel":null,"matchingUnitConfigurations":null,"blocks":[],"bookerExperienceContentUIComponentProps":[]},{"__typename":"SearchResultProperty","priceDisplayInfoIrene":null,"licenseDetails":null,"inferredLocationScore":0,"trackOnView":[],"topPhotos":[],"acceptsWalletCredit":false,"basicPropertyData":{"__typename":"BasicPropertyData","accommodationTypeId":201,"id":2300224,"isTestProperty":false,"location":{"__typename":"Location","address":"Unit 2B-32 Mega Tower Residences, Sandico Street","city":"Baguio","countryCode":"ph"},"pageName":"french-nest-at-baguio","ufi":-2410361,"photos":{"__typename":"PropertyPhotos","main":{"__typename":"Photo","highResUrl":{"__typename":"PhotoResource","relativeUrl":"/xdata/images/hotel/square600/346888156.webp?k=fcb7f7f91ae13dd14e04ab6f68fa24101b6f286c30b2d49a73cebdf50ae9addb\u0026o="},"lowResUrl":{"__typename":"PhotoResource","relativeUrl":"/xdata/images/hotel/square200/346888156.webp?k=fcb7f7f91ae13dd14e04ab6f68fa24101b6f286c30b2d49a73cebdf50ae9addb\u0026o="},"highResJpegUrl":{"__typename":"PhotoResource","relativeUrl":"/xdata/images/hotel/square600/346888156.jpg?k=ec08542e5ff979c795045bf99de0fb82a692f8aae55b8be52c714caa7540b6a1\u0026o="},"lowResJpegUrl":{"__typename":"PhotoResource","relativeUrl":"/xdata/images/hotel/square200/346888156.jpg?k=ec08542e5ff979c795045bf99de0fb82a692f8aae55b8be52c714caa7540b6a1\u0026o="}}},"reviews":{"__typename":"Reviews","totalScore":8.6,"reviewsCount":104,"totalScoreTextTag":{"__typename":"TranslationTag","translation":"Excellent"},"showScore":true,"secondaryScore":9.5,"secondaryTextTag":{"__typename":"TranslationTag","translation":"Location"},"showSecondaryScore":true},"externalReviews":{"__typename":"ExternalReviews","totalScore":9,"reviewsCount":90,"showScore":true,"totalScoreTextTag":{"__typename":"TranslationTag","translation":"Wonderful"}},"alternativeExternalReviews":null,"starRating":{"__typename":"StarRating","value":3,"symbol":"NONE","caption":{"__typename":"TranslationTag","translation":null},"tocLink":{"__typename":"TranslationTag","translation":null},"showAdditionalInfoIcon":false},"isClosed":false,"paymentConfig":null},"badges":[],"customBadges":{"__typename":"CustomBadges","showIsWorkFriendly":false,"showParkAndFly":false,"showSkiToDoor":false,"showBhTravelCreditBadge":false,"showOnlineCheckinBadge":null},"description":{"__typename":"TextWithTranslationTag","text":"French Nest at Baguio offers accommodations in Baguio, 656 feet from Session Road and 2.7 mi from Mines View Park. The unit is 1969 feet from Burnham Park. "},"displayName":{"__typename":"TextWithTranslationTag","text":"French Nest at Baguio- Megatower Residences","translationTag":{"__typename":"TranslationTag","translation":null}},"geniusInfo":null,"isInCompanyBudget":null,"location":{"__typename":"SearchResultsPropertyLocation","displayLocation":"Baguio","mainDistance":"0.1 miles from Session Road","publicTransportDistanceDescription":null,"skiLiftDistance":null,"beachDistance":null,"nearbyBeachNames":[],"beachWalkingTime":null,"geoDistanceMeters":null},"mealPlanIncluded":null,"persuasion":{"__typename":"SearchResultPersuasion","autoextended":false,"geniusRateAvailable":false,"highlighted":false,"preferred":true,"preferredPlus":false,"showNativeAdLabel":false,"nativeAdId":null,"nativeAdsCpc":null,"nativeAdsTracking":null,"bookedXTimesMessage":null,"sponsoredAdsData":null},"policies":{"__typename":"Policies","showFreeCancellation":false,"showNoPrepayment":false,"enableJapaneseUsersSpecialCase":null},"ribbon":null,"recommendedDate":{"__typename":"RecommendedDate","checkin":"","checkout":"","lengthOfStay":0},"showGeniusLoginMessage":false,"showPrivateHostMessage":false,"soldOutInfo":{"__typename":"SoldOutInfo","isSoldOut":false,"messages":[],"alternativeDatesMessages":[]},"nbWishlists":0,"visibilityBoosterEnabled":null,"showAdLabel":false,"isNewlyOpened":false,"propertySustainability":{"__typename":"SrPropertySustainability","isSustainable":true,"tier":{"__typename":"SrPropertySustainabilityTier","type":"BRONZE"},"facilities":[{"__ref":"SrPropertySustainabilityFacility:435"},{"__ref":"SrPropertySustainabilityFacility:436"},{"__ref":"SrPropertySustainabilityFacility:439"},{"__ref":"SrPropertySustainabilityFacility:440"},{"__ref":"SrPropertySustainabilityFacility:441"},{"__ref":"SrPropertySustainabilityFacility:442"},{"__ref":"SrPropertySustainabilityFacility:443"},{"__ref":"SrPropertySustainabilityFacility:445"},{"__ref":"SrPropertySustainabilityFacility:448"},{"__ref":"SrPropertySustainabilityFacility:489"},{"__ref":"SrPropertySustainabilityFacility:502"}],"certifications":null,"chainProgrammes":null,"levelId":"L1"},"seoThemes":[],"relocationMode":null,"bundleRatesAvailable":null,"recommendedDatesLabel":null,"matchingUnitConfigurations":null,"blocks":[],"bookerExperienceContentUIComponentProps":[]},{"__typename":"SearchResultProperty","priceDisplayInfoIrene":null,"licenseDetails":null,"inferredLocationScore":0,"trackOnView":[],"topPhotos":[],"acceptsWalletCredit":false,"basicPropertyData":{"__typename":"BasicPropertyData","accommodationTypeId":201,"id":8091273,"isTestProperty":false,"location":{"__typename":"Location","address":"96 Doctor Carino Street","city":"Baguio City","countryCode":"ph"},"pageName":"finteo-skylands-premium","ufi":-2410361,"photos":{"__typename":"PropertyPhotos","main":{"__typename":"Photo","highResUrl":{"__typename":"PhotoResource","relativeUrl":"/xdata/images/hotel/square600/334021328.webp?k=47da1f7dd4c1b9cd065f3ad1b33ee17712c0d9f22f8e82dcc74ff47eb64619fb\u0026o="},"lowResUrl":{"__typename":"PhotoResource","relativeUrl":"/xdata/images/hotel/square200/334021328.webp?k=47da1f7dd4c1b9cd065f3ad1b33ee17712c0d9f22f8e82dcc74ff47eb64619fb\u0026o="},"highResJpegUrl":{"__typename":"PhotoResource","relativeUrl":"/xdata/images/hotel/square600/334021328.jpg?k=5e7a71e60daf8bf2bb2c3a19c8dc0280960c06e46138f05cd439e69dced03760\u0026o="},"lowResJpegUrl":{"__typename":"PhotoResource","relativeUrl":"/xdata/images/hotel/square200/334021328.jpg?k=5e7a71e60daf8bf2bb2c3a19c8dc0280960c06e46138f05cd439e69dced03760\u0026o="}}},"reviews":{"__typename":"Reviews","totalScore":8,"reviewsCount":273,"totalScoreTextTag":{"__typename":"TranslationTag","translation":"Very Good"},"showScore":true,"secondaryScore":0,"secondaryTextTag":{"__typename":"TranslationTag","translation":null},"showSecondaryScore":false},"externalReviews":null,"alternativeExternalReviews":null,"starRating":{"__typename":"StarRating","value":3,"symbol":"NONE","caption":{"__typename":"TranslationTag","translation":null},"tocLink":{"__typename":"TranslationTag","translation":null},"showAdditionalInfoIcon":false},"isClosed":false,"paymentConfig":{"__typename":"PaymentConfig","installments":null}},"badges":[],"customBadges":{"__typename":"CustomBadges","showIsWorkFriendly":false,"showParkAndFly":false,"showSkiToDoor":false,"showBhTravelCreditBadge":false,"showOnlineCheckinBadge":null},"description":{"__typename":"TextWithTranslationTag","text":"Located in Baguio, Finteo Skylands Premium has accommodations 1.5 miles from Mines View Park and 2.4 miles from Camp John Hay. Private parking is available on site. "},"displayName":{"__typename":"TextWithTranslationTag","text":"Finteo Skylands Premium","translationTag":{"__typename":"TranslationTag","translation":null}},"geniusInfo":null,"isInCompanyBudget":null,"location":{"__typename":"SearchResultsPropertyLocation","displayLocation":"Baguio","mainDistance":"0.6 miles from Session Road","publicTransportDistanceDescription":null,"skiLiftDistance":null,"beachDistance":null,"nearbyBeachNames":[],"beachWalkingTime":null,"geoDistanceMeters":null},"mealPlanIncluded":null,"persuasion":{"__typename":"SearchResultPersuasion","autoextended":false,"geniusRateAvailable":false,"highlighted":false,"preferred":false,"preferredPlus":false,"showNativeAdLabel":false,"nativeAdId":null,"nativeAdsCpc":null,"nativeAdsTracking":null,"bookedXTimesMessage":null,"sponsoredAdsData":null},"policies":{"__typename":"Policies","showFreeCancellation":false,"showNoPrepayment":false,"enableJapaneseUsersSpecialCase":null},"ribbon":null,"recommendedDate":{"__typename":"RecommendedDate","checkin":"","checkout":"","lengthOfStay":0},"showGeniusLoginMessage":false,"showPrivateHostMessage":false,"soldOutInfo":{"__typename":"SoldOutInfo","isSoldOut":false,"messages":[],"alternativeDatesMessages":[]},"nbWishlists":0,"visibilityBoosterEnabled":null,"showAdLabel":false,"isNewlyOpened":false,"propertySustainability":{"__typename":"SrPropertySustainability","isSustainable":false,"tier":{"__typename":"SrPropertySustainabilityTier","type":"NONE"},"facilities":null,"certifications":null,"chainProgrammes":null,"levelId":"L0"},"seoThemes":[],"relocationMode":null,"bundleRatesAvailable":null,"recommendedDatesLabel":null,"matchingUnitConfigurations":null,"blocks":[],"bookerExperienceContentUIComponentProps":[]},{"__typename":"SearchResultProperty","priceDisplayInfoIrene":null,"licenseDetails":null,"inferredLocationScore":0,"trackOnView":[],"topPhotos":[],"acceptsWalletCredit":false,"basicPropertyData":{"__typename":"BasicPropertyData","accommodationTypeId":201,"id":8868767,"isTestProperty":false,"location":{"__typename":"Location","address":"3rd floor, Dangwa Terminal bldg.,Rajah Matanda Street,brgy. Kagitingan,Baguio City","city":"Baguio","countryCode":"ph"},"pageName":"dangwa-terminal-transient-house","ufi":-2410361,"photos":{"__typename":"PropertyPhotos","main":{"__typename":"Photo","highResUrl":{"__typename":"PhotoResource","relativeUrl":"/xdata/images/hotel/square600/378326364.webp?k=13358b612f5534aab13414184c922f14f66e14d66da474d0eda082c91c17d414\u0026o="},"lowResUrl":{"__typename":"PhotoResource","relativeUrl":"/xdata/images/hotel/square200/378326364.webp?k=13358b612f5534aab13414184c922f14f66e14d66da474d0eda082c91c17d414\u0026o="},"highResJpegUrl":{"__typename":"PhotoResource","relativeUrl":"/xdata/images/hotel/square600/378326364.jpg?k=bfc4ab8a764509fec5d6a85d24925362dd8fb7fda2be5ea2abb214ce87dd9f83\u0026o="},"lowResJpegUrl":{"__typename":"PhotoResource","relativeUrl":"/xdata/images/hotel/square200/378326364.jpg?k=bfc4ab8a764509fec5d6a85d24925362dd8fb7fda2be5ea2abb214ce87dd9f83\u0026o="}}},"reviews":{"__typename":"Reviews","totalScore":6.9,"reviewsCount":19,"totalScoreTextTag":{"__typename":"TranslationTag","translation":"Review score"},"showScore":true,"secondaryScore":0,"secondaryTextTag":{"__typename":"TranslationTag","translation":null},"showSecondaryScore":false},"externalReviews":{"__typename":"ExternalReviews","totalScore":9,"reviewsCount":8,"showScore":true,"totalScoreTextTag":{"__typename":"TranslationTag","translation":"Wonderful"}},"alternativeExternalReviews":null,"starRating":{"__typename":"StarRating","value":3,"symbol":"NONE","caption":{"__typename":"TranslationTag","translation":null},"tocLink":{"__typename":"TranslationTag","translation":null},"showAdditionalInfoIcon":false},"isClosed":false,"paymentConfig":{"__typename":"PaymentConfig","installments":null}},"badges":[],"customBadges":{"__typename":"CustomBadges","showIsWorkFriendly":false,"showParkAndFly":false,"showSkiToDoor":false,"showBhTravelCreditBadge":false,"showOnlineCheckinBadge":null},"description":{"__typename":"TextWithTranslationTag","text":"Dangwa Terminal Transient House features city views, free Wifi and free private parking, located in Baguio, a 11-minute walk from Burnham Park. "},"displayName":{"__typename":"TextWithTranslationTag","text":"Dangwa Terminal Transient House","translationTag":{"__typename":"TranslationTag","translation":null}},"geniusInfo":null,"isInCompanyBudget":null,"location":{"__typename":"SearchResultsPropertyLocation","displayLocation":"Baguio","mainDistance":"0.2 miles from Session Road","publicTransportDistanceDescription":null,"skiLiftDistance":null,"beachDistance":null,"nearbyBeachNames":[],"beachWalkingTime":null,"geoDistanceMeters":null},"mealPlanIncluded":null,"persuasion":{"__typename":"SearchResultPersuasion","autoextended":false,"geniusRateAvailable":false,"highlighted":false,"preferred":true,"preferredPlus":true,"showNativeAdLabel":false,"nativeAdId":null,"nativeAdsCpc":null,"nativeAdsTracking":null,"bookedXTimesMessage":null,"sponsoredAdsData":null},"policies":{"__typename":"Policies","showFreeCancellation":false,"showNoPrepayment":false,"enableJapaneseUsersSpecialCase":null},"ribbon":null,"recommendedDate":{"__typename":"RecommendedDate","checkin":"","checkout":"","lengthOfStay":0},"showGeniusLoginMessage":false,"showPrivateHostMessage":false,"soldOutInfo":{"__typename":"SoldOutInfo","isSoldOut":false,"messages":[],"alternativeDatesMessages":[]},"nbWishlists":0,"visibilityBoosterEnabled":null,"showAdLabel":false,"isNewlyOpened":false,"propertySustainability":{"__typename":"SrPropertySustainability","isSustainable":true,"tier":{"__typename":"SrPropertySustainabilityTier","type":"BRONZE"},"facilities":[{"__ref":"SrPropertySustainabilityFacility:436"},{"__ref":"SrPropertySustainabilityFacility:439"},{"__ref":"SrPropertySustainabilityFacility:440"},{"__ref":"SrPropertySustainabilityFacility:446"},{"__ref":"SrPropertySustainabilityFacility:489"},{"__ref":"SrPropertySustainabilityFacility:490"},{"__ref":"SrPropertySustainabilityFacility:491"},{"__ref":"SrPropertySustainabilityFacility:492"},{"__ref":"SrPropertySustainabilityFacility:494"},{"__ref":"SrPropertySustainabilityFacility:495"},{"__ref":"SrPropertySustainabilityFacility:496"},{"__ref":"SrPropertySustainabilityFacility:505"}],"certifications":null,"chainProgrammes":null,"levelId":"L1"},"seoThemes":[],"relocationMode":null,"bundleRatesAvailable":null,"recommendedDatesLabel":null,"matchingUnitConfigurations":null,"blocks":[],"bookerExperienceContentUIComponentProps":[]},{"__typename":"SearchResultProperty","priceDisplayInfoIrene":null,"licenseDetails":null,"inferredLocationScore":0,"trackOnView":[{"__typename":"ExperimentTracking","experimentTag":"bhc_sr_representative_main_photo"}],"topPhotos":[],"acceptsWalletCredit":false,"basicPropertyData":{"__typename":"BasicPropertyData","accommodationTypeId":201,"id":2728526,"isTestProperty":false,"location":{"__typename":"Location","address":"Mabini St","city":"Baguio","countryCode":"ph"},"pageName":"cedar-peak-condominium","ufi":-2410361,"photos":{"__typename":"PropertyPhotos","main":{"__typename":"Photo","highResUrl":{"__typename":"PhotoResource","relativeUrl":"/xdata/images/hotel/square600/114741993.webp?k=3391bb3f833b178632491d33981e225c3890ef1a115c8bfae4f4ae9a03c56be0\u0026o="},"lowResUrl":{"__typename":"PhotoResource","relativeUrl":"/xdata/images/hotel/square200/114741993.webp?k=3391bb3f833b178632491d33981e225c3890ef1a115c8bfae4f4ae9a03c56be0\u0026o="},"highResJpegUrl":{"__typename":"PhotoResource","relativeUrl":"/xdata/images/hotel/square600/114741993.jpg?k=b6067185eed0c47187ff0516dc579a31cc8295f6bf7f86d942cf75e6c0a3bef0\u0026o="},"lowResJpegUrl":{"__typename":"PhotoResource","relativeUrl":"/xdata/images/hotel/square200/114741993.jpg?k=b6067185eed0c47187ff0516dc579a31cc8295f6bf7f86d942cf75e6c0a3bef0\u0026o="}}},"reviews":{"__typename":"Reviews","totalScore":7.6,"reviewsCount":128,"totalScoreTextTag":{"__typename":"TranslationTag","translation":"Good"},"showScore":true,"secondaryScore":0,"secondaryTextTag":{"__typename":"TranslationTag","translation":null},"showSecondaryScore":false},"externalReviews":{"__typename":"ExternalReviews","totalScore":9,"reviewsCount":76,"showScore":true,"totalScoreTextTag":{"__typename":"TranslationTag","translation":"Wonderful"}},"alternativeExternalReviews":null,"starRating":{"__typename":"StarRating","value":2,"symbol":"NONE","caption":{"__typename":"TranslationTag","translation":null},"tocLink":{"__typename":"TranslationTag","translation":null},"showAdditionalInfoIcon":false},"isClosed":false,"paymentConfig":{"__typename":"PaymentConfig","installments":null}},"badges":[],"customBadges":{"__typename":"CustomBadges","showIsWorkFriendly":false,"showParkAndFly":false,"showSkiToDoor":false,"showBhTravelCreditBadge":false,"showOnlineCheckinBadge":null},"description":{"__typename":"TextWithTranslationTag","text":"Cedar Peak Condo - Close to Session Road City Center is located in Baguio, 164 feet from Session Road. Mines View Park is 2.5 mi from the property. Free WiFi is offered . "},"displayName":{"__typename":"TextWithTranslationTag","text":"Cedar Peak Condo - Close to Session Road City Center","translationTag":{"__typename":"TranslationTag","translation":null}},"geniusInfo":null,"isInCompanyBudget":null,"location":{"__typename":"SearchResultsPropertyLocation","displayLocation":"Baguio","mainDistance":"0.2 miles from Session Road","publicTransportDistanceDescription":null,"skiLiftDistance":null,"beachDistance":null,"nearbyBeachNames":[],"beachWalkingTime":null,"geoDistanceMeters":null},"mealPlanIncluded":null,"persuasion":{"__typename":"SearchResultPersuasion","autoextended":false,"geniusRateAvailable":false,"highlighted":false,"preferred":true,"preferredPlus":false,"showNativeAdLabel":false,"nativeAdId":null,"nativeAdsCpc":null,"nativeAdsTracking":null,"bookedXTimesMessage":null,"sponsoredAdsData":null},"policies":{"__typename":"Policies","showFreeCancellation":false,"showNoPrepayment":false,"enableJapaneseUsersSpecialCase":null},"ribbon":null,"recommendedDate":{"__typename":"RecommendedDate","checkin":"","checkout":"","lengthOfStay":0},"showGeniusLoginMessage":false,"showPrivateHostMessage":false,"soldOutInfo":{"__typename":"SoldOutInfo","isSoldOut":false,"messages":[],"alternativeDatesMessages":[]},"nbWishlists":0,"visibilityBoosterEnabled":null,"showAdLabel":false,"isNewlyOpened":false,"propertySustainability":{"__typename":"SrPropertySustainability","isSustainable":false,"tier":{"__typename":"SrPropertySustainabilityTier","type":"NONE"},"facilities":[{"__ref":"SrPropertySustainabilityFacility:436"}],"certifications":null,"chainProgrammes":null,"levelId":"L0"},"seoThemes":[],"relocationMode":null,"bundleRatesAvailable":null,"recommendedDatesLabel":null,"matchingUnitConfigurations":null,"blocks":[],"bookerExperienceContentUIComponentProps":[]},{"__typename":"SearchResultProperty","priceDisplayInfoIrene":null,"licenseDetails":null,"inferredLocationScore":0,"trackOnView":[],"topPhotos":[],"acceptsWalletCredit":false,"basicPropertyData":{"__typename":"BasicPropertyData","accommodationTypeId":201,"id":1991961,"isTestProperty":false,"location":{"__typename":"Location","address":"99 Finteo Skylands, Dr. Cariño, Benguet","city":"Baguio","countryCode":"ph"},"pageName":"finteo-skylands","ufi":-2410361,"photos":{"__typename":"PropertyPhotos","main":{"__typename":"Photo","highResUrl":{"__typename":"PhotoResource","relativeUrl":"/xdata/images/hotel/square600/80361704.webp?k=c0c4376c5e3c7636d3d66521363767051d8b51c08dd71f4d58cb91b5055524d6\u0026o="},"lowResUrl":{"__typename":"PhotoResource","relativeUrl":"/xdata/images/hotel/square200/80361704.webp?k=c0c4376c5e3c7636d3d66521363767051d8b51c08dd71f4d58cb91b5055524d6\u0026o="},"highResJpegUrl":{"__typename":"PhotoResource","relativeUrl":"/xdata/images/hotel/square600/80361704.jpg?k=fc800a25c5a83c6da1d18816072971404a9fa6cff942f9702ef65c730780dc86\u0026o="},"lowResJpegUrl":{"__typename":"PhotoResource","relativeUrl":"/xdata/images/hotel/square200/80361704.jpg?k=fc800a25c5a83c6da1d18816072971404a9fa6cff942f9702ef65c730780dc86\u0026o="}}},"reviews":{"__typename":"Reviews","totalScore":8.2,"reviewsCount":644,"totalScoreTextTag":{"__typename":"TranslationTag","translation":"Very Good"},"showScore":true,"secondaryScore":0,"secondaryTextTag":{"__typename":"TranslationTag","translation":null},"showSecondaryScore":false},"externalReviews":null,"alternativeExternalReviews":null,"starRating":{"__typename":"StarRating","value":1,"symbol":"NONE","caption":{"__typename":"TranslationTag","translation":null},"tocLink":{"__typename":"TranslationTag","translation":null},"showAdditionalInfoIcon":false},"isClosed":false,"paymentConfig":{"__typename":"PaymentConfig","installments":null}},"badges":[],"customBadges":{"__typename":"CustomBadges","showIsWorkFriendly":false,"showParkAndFly":false,"showSkiToDoor":false,"showBhTravelCreditBadge":false,"showOnlineCheckinBadge":null},"description":{"__typename":"TextWithTranslationTag","text":"Located in Baguio, 1640 feet from Burnham Park and 2953 feet from Session Road, Finteo Skylands offers city views. Complimentary private parking is available on site. "},"displayName":{"__typename":"TextWithTranslationTag","text":"Finteo Skylands","translationTag":{"__typename":"TranslationTag","translation":null}},"geniusInfo":null,"isInCompanyBudget":null,"location":{"__typename":"SearchResultsPropertyLocation","displayLocation":"Baguio","mainDistance":"0.6 miles from Session Road","publicTransportDistanceDescription":null,"skiLiftDistance":null,"beachDistance":null,"nearbyBeachNames":[],"beachWalkingTime":null,"geoDistanceMeters":null},"mealPlanIncluded":null,"persuasion":{"__typename":"SearchResultPersuasion","autoextended":false,"geniusRateAvailable":false,"highlighted":false,"preferred":false,"preferredPlus":false,"showNativeAdLabel":false,"nativeAdId":null,"nativeAdsCpc":null,"nativeAdsTracking":null,"bookedXTimesMessage":null,"sponsoredAdsData":null},"policies":{"__typename":"Policies","showFreeCancellation":false,"showNoPrepayment":false,"enableJapaneseUsersSpecialCase":null},"ribbon":null,"recommendedDate":{"__typename":"RecommendedDate","checkin":"","checkout":"","lengthOfStay":0},"showGeniusLoginMessage":false,"showPrivateHostMessage":false,"soldOutInfo":{"__typename":"SoldOutInfo","isSoldOut":false,"messages":[],"alternativeDatesMessages":[]},"nbWishlists":0,"visibilityBoosterEnabled":null,"showAdLabel":false,"isNewlyOpened":false,"propertySustainability":{"__typename":"SrPropertySustainability","isSustainable":false,"tier":{"__typename":"SrPropertySustainabilityTier","type":"NONE"},"facilities":null,"certifications":null,"chainProgrammes":null,"levelId":"L0"},"seoThemes":[],"relocationMode":null,"bundleRatesAvailable":null,"recommendedDatesLabel":null,"matchingUnitConfigurations":null,"blocks":[],"bookerExperienceContentUIComponentProps":[]},{"__typename":"SearchResultProperty","priceDisplayInfoIrene":null,"licenseDetails":null,"inferredLocationScore":0,"trackOnView":[],"topPhotos":[],"acceptsWalletCredit":false,"basicPropertyData":{"__typename":"BasicPropertyData","accommodationTypeId":204,"id":8126172,"isTestProperty":false,"location":{"__typename":"Location","address":"Lower General Luna","city":"Baguio City","countryCode":"ph"},"pageName":"olive-town-center-and","ufi":-2410361,"photos":{"__typename":"PropertyPhotos","main":{"__typename":"Photo","highResUrl":{"__typename":"PhotoResource","relativeUrl":"/xdata/images/hotel/square600/335584592.webp?k=b8fb8533c594f82ba05a3766fd32a41396dbc16bec945b32e0f01b2f580af4f0\u0026o="},"lowResUrl":{"__typename":"PhotoResource","relativeUrl":"/xdata/images/hotel/square200/335584592.webp?k=b8fb8533c594f82ba05a3766fd32a41396dbc16bec945b32e0f01b2f580af4f0\u0026o="},"highResJpegUrl":{"__typename":"PhotoResource","relativeUrl":"/xdata/images/hotel/square600/335584592.jpg?k=35bd5b776e64d88f0a6dff3d2c3a9675af1f4d30f01f7c4dbe0f0b0b483f72db\u0026o="},"lowResJpegUrl":{"__typename":"PhotoResource","relativeUrl":"/xdata/images/hotel/square200/335584592.jpg?k=35bd5b776e64d88f0a6dff3d2c3a9675af1f4d30f01f7c4dbe0f0b0b483f72db\u0026o="}}},"reviews":{"__typename":"Reviews","totalScore":8.5,"reviewsCount":221,"totalScoreTextTag":{"__typename":"TranslationTag","translation":"Very Good"},"showScore":true,"secondaryScore":0,"secondaryTextTag":{"__typename":"TranslationTag","translation":null},"showSecondaryScore":false},"externalReviews":null,"alternativeExternalReviews":null,"starRating":null,"isClosed":false,"paymentConfig":null},"badges":[],"customBadges":{"__typename":"CustomBadges","showIsWorkFriendly":false,"showParkAndFly":false,"showSkiToDoor":false,"showBhTravelCreditBadge":false,"showOnlineCheckinBadge":null},"description":{"__typename":"TextWithTranslationTag","text":"Located in Baguio, within a 9-minute walk of SM City Baguio and half a mile of Burnham Park, Olive Town Center and Hotel has accommodations with a terrace and free WiFi as well as free private parking..."},"displayName":{"__typename":"TextWithTranslationTag","text":"Olive Town Center and Hotel","translationTag":{"__typename":"TranslationTag","translation":null}},"geniusInfo":null,"isInCompanyBudget":null,"location":{"__typename":"SearchResultsPropertyLocation","displayLocation":"Baguio","mainDistance":"0.2 miles from Session Road","publicTransportDistanceDescription":null,"skiLiftDistance":null,"beachDistance":null,"nearbyBeachNames":[],"beachWalkingTime":null,"geoDistanceMeters":null},"mealPlanIncluded":null,"persuasion":{"__typename":"SearchResultPersuasion","autoextended":false,"geniusRateAvailable":false,"highlighted":false,"preferred":false,"preferredPlus":false,"showNativeAdLabel":false,"nativeAdId":null,"nativeAdsCpc":null,"nativeAdsTracking":null,"bookedXTimesMessage":null,"sponsoredAdsData":null},"policies":{"__typename":"Policies","showFreeCancellation":false,"showNoPrepayment":false,"enableJapaneseUsersSpecialCase":null},"ribbon":null,"recommendedDate":{"__typename":"RecommendedDate","checkin":"","checkout":"","lengthOfStay":0},"showGeniusLoginMessage":false,"showPrivateHostMessage":false,"soldOutInfo":{"__typename":"SoldOutInfo","isSoldOut":false,"messages":[],"alternativeDatesMessages":[]},"nbWishlists":0,"visibilityBoosterEnabled":null,"showAdLabel":false,"isNewlyOpened":false,"propertySustainability":{"__typename":"SrPropertySustainability","isSustainable":false,"tier":{"__typename":"SrPropertySustainabilityTier","type":"NONE"},"facilities":[{"__ref":"SrPropertySustainabilityFacility:436"},{"__ref":"SrPropertySustainabilityFacility:439"},{"__ref":"SrPropertySustainabilityFacility:440"},{"__ref":"SrPropertySustainabilityFacility:441"},{"__ref":"SrPropertySustainabilityFacility:442"},{"__ref":"SrPropertySustainabilityFacility:443"},{"__ref":"SrPropertySustainabilityFacility:445"},{"__ref":"SrPropertySustainabilityFacility:446"},{"__ref":"SrPropertySustainabilityFacility:448"},{"__ref":"SrPropertySustainabilityFacility:491"}],"certifications":null,"chainProgrammes":null,"levelId":"L0"},"seoThemes":[],"relocationMode":null,"bundleRatesAvailable":null,"recommendedDatesLabel":null,"matchingUnitConfigurations":null,"blocks":[],"bookerExperienceContentUIComponentProps":[]},{"__typename":"SearchResultProperty","priceDisplayInfoIrene":null,"licenseDetails":null,"inferredLocationScore":0,"trackOnView":[],"topPhotos":[],"acceptsWalletCredit":false,"basicPropertyData":{"__typename":"BasicPropertyData","accommodationTypeId":219,"id":10425691,"isTestProperty":false,"location":{"__typename":"Location","address":"Sandico Street","city":"Baguio","countryCode":"ph"},"pageName":"jcga-apartments-megatower-residences-iv","ufi":-2410361,"photos":{"__typename":"PropertyPhotos","main":{"__typename":"Photo","highResUrl":{"__typename":"PhotoResource","relativeUrl":"/xdata/images/hotel/square600/482691434.webp?k=17c56b5f4a4a207c1e164c6a0f58411be30114e29f9c3dedd8e3c9cc7ed1941d\u0026o="},"lowResUrl":{"__typename":"PhotoResource","relativeUrl":"/xdata/images/hotel/square200/482691434.webp?k=17c56b5f4a4a207c1e164c6a0f58411be30114e29f9c3dedd8e3c9cc7ed1941d\u0026o="},"highResJpegUrl":{"__typename":"PhotoResource","relativeUrl":"/xdata/images/hotel/square600/482691434.jpg?k=a79b448b0786a4534f735890d8d6768f5fefa4be89cc75cfd56c816111e7adee\u0026o="},"lowResJpegUrl":{"__typename":"PhotoResource","relativeUrl":"/xdata/images/hotel/square200/482691434.jpg?k=a79b448b0786a4534f735890d8d6768f5fefa4be89cc75cfd56c816111e7adee\u0026o="}}},"reviews":{"__typename":"Reviews","totalScore":8.7,"reviewsCount":6,"totalScoreTextTag":{"__typename":"TranslationTag","translation":"Excellent"},"showScore":true,"secondaryScore":10,"secondaryTextTag":{"__typename":"TranslationTag","translation":"Location"},"showSecondaryScore":true},"externalReviews":null,"alternativeExternalReviews":null,"starRating":{"__typename":"StarRating","value":3,"symbol":"NONE","caption":{"__typename":"TranslationTag","translation":null},"tocLink":{"__typename":"TranslationTag","translation":null},"showAdditionalInfoIcon":false},"isClosed":false,"paymentConfig":null},"badges":[],"customBadges":{"__typename":"CustomBadges","showIsWorkFriendly":false,"showParkAndFly":false,"showSkiToDoor":false,"showBhTravelCreditBadge":false,"showOnlineCheckinBadge":null},"description":{"__typename":"TextWithTranslationTag","text":"Located in Baguio, JCGA Apartments at Megatower Residences IV - Near SM \u0026 Session Rd provides accommodations 1.8 miles from Camp John Hay and 2.1 miles from Lourdes Grotto. "},"displayName":{"__typename":"TextWithTranslationTag","text":"JCGA Apartments at Megatower Residences IV - Near SM \u0026 Session Rd","translationTag":{"__typename":"TranslationTag","translation":null}},"geniusInfo":null,"isInCompanyBudget":null,"location":{"__typename":"SearchResultsPropertyLocation","displayLocation":"Baguio","mainDistance":"0.2 miles from Session Road","publicTransportDistanceDescription":null,"skiLiftDistance":null,"beachDistance":null,"nearbyBeachNames":[],"beachWalkingTime":null,"geoDistanceMeters":null},"mealPlanIncluded":null,"persuasion":{"__typename":"SearchResultPersuasion","autoextended":false,"geniusRateAvailable":false,"highlighted":false,"preferred":false,"preferredPlus":false,"showNativeAdLabel":false,"nativeAdId":null,"nativeAdsCpc":null,"nativeAdsTracking":null,"bookedXTimesMessage":null,"sponsoredAdsData":null},"policies":{"__typename":"Policies","showFreeCancellation":false,"showNoPrepayment":false,"enableJapaneseUsersSpecialCase":null},"ribbon":null,"recommendedDate":{"__typename":"RecommendedDate","checkin":"","checkout":"","lengthOfStay":0},"showGeniusLoginMessage":false,"showPrivateHostMessage":false,"soldOutInfo":{"__typename":"SoldOutInfo","isSoldOut":false,"messages":[],"alternativeDatesMessages":[]},"nbWishlists":0,"visibilityBoosterEnabled":null,"showAdLabel":false,"isNewlyOpened":true,"propertySustainability":{"__typename":"SrPropertySustainability","isSustainable":false,"tier":{"__typename":"SrPropertySustainabilityTier","type":"NONE"},"facilities":[{"__ref":"SrPropertySustainabilityFacility:489"},{"__ref":"SrPropertySustainabilityFacility:502"}],"certifications":null,"chainProgrammes":null,"levelId":"L0"},"seoThemes":[],"relocationMode":null,"bundleRatesAvailable":null,"recommendedDatesLabel":null,"matchingUnitConfigurations":null,"blocks":[],"bookerExperienceContentUIComponentProps":[]},{"__typename":"SearchResultProperty","priceDisplayInfoIrene":null,"licenseDetails":null,"inferredLocationScore":0,"trackOnView":[],"topPhotos":[],"acceptsWalletCredit":false,"basicPropertyData":{"__typename":"BasicPropertyData","accommodationTypeId":201,"id":2747142,"isTestProperty":false,"location":{"__typename":"Location","address":"3F-39 megatower residences sandico street salud brgy salud mitra","city":"baguio","countryCode":"ph"},"pageName":"megatower-residences-baguio","ufi":-2410361,"photos":{"__typename":"PropertyPhotos","main":{"__typename":"Photo","highResUrl":{"__typename":"PhotoResource","relativeUrl":"/xdata/images/hotel/square600/160823934.webp?k=4e03266b6b4a7034cd3b43f18542aee29cda6f79faca1235f7ec4e941f3ac6db\u0026o="},"lowResUrl":{"__typename":"PhotoResource","relativeUrl":"/xdata/images/hotel/square200/160823934.webp?k=4e03266b6b4a7034cd3b43f18542aee29cda6f79faca1235f7ec4e941f3ac6db\u0026o="},"highResJpegUrl":{"__typename":"PhotoResource","relativeUrl":"/xdata/images/hotel/square600/160823934.jpg?k=4a7b560340ce7c3afddf3f110f8a2ea27584a1717e0188c9951e9b6f00cafa13\u0026o="},"lowResJpegUrl":{"__typename":"PhotoResource","relativeUrl":"/xdata/images/hotel/square200/160823934.jpg?k=4a7b560340ce7c3afddf3f110f8a2ea27584a1717e0188c9951e9b6f00cafa13\u0026o="}}},"reviews":{"__typename":"Reviews","totalScore":8.8,"reviewsCount":55,"totalScoreTextTag":{"__typename":"TranslationTag","translation":"Excellent"},"showScore":true,"secondaryScore":9.4,"secondaryTextTag":{"__typename":"TranslationTag","translation":"Location"},"showSecondaryScore":true},"externalReviews":{"__typename":"ExternalReviews","totalScore":9,"reviewsCount":122,"showScore":true,"totalScoreTextTag":{"__typename":"TranslationTag","translation":"Wonderful"}},"alternativeExternalReviews":null,"starRating":{"__typename":"StarRating","value":3,"symbol":"NONE","caption":{"__typename":"TranslationTag","translation":null},"tocLink":{"__typename":"TranslationTag","translation":null},"showAdditionalInfoIcon":false},"isClosed":false,"paymentConfig":{"__typename":"PaymentConfig","installments":null}},"badges":[],"customBadges":{"__typename":"CustomBadges","showIsWorkFriendly":false,"showParkAndFly":false,"showSkiToDoor":false,"showBhTravelCreditBadge":false,"showOnlineCheckinBadge":null},"description":{"__typename":"TextWithTranslationTag","text":"Offering a terrace and city view, Daichi Place Megatower Residences is located in Baguio, a 11-minute walk from Mines View Park and 0.6 miles from Burnham Park. "},"displayName":{"__typename":"TextWithTranslationTag","text":"Daichi Place Megatower Residences","translationTag":{"__typename":"TranslationTag","translation":null}},"geniusInfo":null,"isInCompanyBudget":null,"location":{"__typename":"SearchResultsPropertyLocation","displayLocation":"Baguio","mainDistance":"0.2 miles from Session Road","publicTransportDistanceDescription":null,"skiLiftDistance":null,"beachDistance":null,"nearbyBeachNames":[],"beachWalkingTime":null,"geoDistanceMeters":null},"mealPlanIncluded":null,"persuasion":{"__typename":"SearchResultPersuasion","autoextended":false,"geniusRateAvailable":false,"highlighted":false,"preferred":true,"preferredPlus":false,"showNativeAdLabel":false,"nativeAdId":null,"nativeAdsCpc":null,"nativeAdsTracking":null,"bookedXTimesMessage":null,"sponsoredAdsData":null},"policies":{"__typename":"Policies","showFreeCancellation":false,"showNoPrepayment":false,"enableJapaneseUsersSpecialCase":null},"ribbon":null,"recommendedDate":{"__typename":"RecommendedDate","checkin":"","checkout":"","lengthOfStay":0},"showGeniusLoginMessage":false,"showPrivateHostMessage":false,"soldOutInfo":{"__typename":"SoldOutInfo","isSoldOut":false,"messages":[],"alternativeDatesMessages":[]},"nbWishlists":0,"visibilityBoosterEnabled":null,"showAdLabel":false,"isNewlyOpened":false,"propertySustainability":{"__typename":"SrPropertySustainability","isSustainable":false,"tier":{"__typename":"SrPropertySustainabilityTier","type":"NONE"},"facilities":null,"certifications":null,"chainProgrammes":null,"levelId":"L0"},"seoThemes":[],"relocationMode":null,"bundleRatesAvailable":null,"recommendedDatesLabel":null,"matchingUnitConfigurations":null,"blocks":[],"bookerExperienceContentUIComponentProps":[]},{"__typename":"SearchResultProperty","priceDisplayInfoIrene":null,"licenseDetails":null,"inferredLocationScore":0,"trackOnView":[],"topPhotos":[],"acceptsWalletCredit":false,"basicPropertyData":{"__typename":"BasicPropertyData","accommodationTypeId":204,"id":1820263,"isTestProperty":false,"location":{"__typename":"Location","address":"14-16 Otek Street, Rizal Monument, Benguet","city":"Baguio","countryCode":"ph"},"pageName":"paragon-and-suites","ufi":-2410361,"photos":{"__typename":"PropertyPhotos","main":{"__typename":"Photo","highResUrl":{"__typename":"PhotoResource","relativeUrl":"/xdata/images/hotel/square600/466646787.webp?k=8419a2dab38c8a2dd47a6181dc76a295a9afb56f04c03c8415d6deaf525c75cc\u0026o="},"lowResUrl":{"__typename":"PhotoResource","relativeUrl":"/xdata/images/hotel/square200/466646787.webp?k=8419a2dab38c8a2dd47a6181dc76a295a9afb56f04c03c8415d6deaf525c75cc\u0026o="},"highResJpegUrl":{"__typename":"PhotoResource","relativeUrl":"/xdata/images/hotel/square600/466646787.jpg?k=1a58311ebb129ce187243a6c49584a47c5b156ac66d37ee8f17ed5d3cbc74dbf\u0026o="},"lowResJpegUrl":{"__typename":"PhotoResource","relativeUrl":"/xdata/images/hotel/square200/466646787.jpg?k=1a58311ebb129ce187243a6c49584a47c5b156ac66d37ee8f17ed5d3cbc74dbf\u0026o="}}},"reviews":{"__typename":"Reviews","totalScore":8,"reviewsCount":99,"totalScoreTextTag":{"__typename":"TranslationTag","translation":"Very Good"},"showScore":true,"secondaryScore":0,"secondaryTextTag":{"__typename":"TranslationTag","translation":null},"showSecondaryScore":false},"externalReviews":null,"alternativeExternalReviews":null,"starRating":{"__typename":"StarRating","value":3,"symbol":"NONE","caption":{"__typename":"TranslationTag","translation":null},"tocLink":{"__typename":"TranslationTag","translation":null},"showAdditionalInfoIcon":false},"isClosed":false,"paymentConfig":{"__typename":"PaymentConfig","installments":null}},"badges":[],"customBadges":{"__typename":"CustomBadges","showIsWorkFriendly":false,"showParkAndFly":false,"showSkiToDoor":false,"showBhTravelCreditBadge":false,"showOnlineCheckinBadge":null},"description":{"__typename":"TextWithTranslationTag","text":"Featuring 3-star accommodations, Paragon Hotel and Suites is located in Baguio, a 5-minute walk from Burnham Park and 0.8 miles from SM City Baguio. "},"displayName":{"__typename":"TextWithTranslationTag","text":"Paragon Hotel and Suites","translationTag":{"__typename":"TranslationTag","translation":null}},"geniusInfo":null,"isInCompanyBudget":null,"location":{"__typename":"SearchResultsPropertyLocation","displayLocation":"Baguio","mainDistance":"0.4 miles from Session Road","publicTransportDistanceDescription":null,"skiLiftDistance":null,"beachDistance":null,"nearbyBeachNames":[],"beachWalkingTime":null,"geoDistanceMeters":null},"mealPlanIncluded":null,"persuasion":{"__typename":"SearchResultPersuasion","autoextended":false,"geniusRateAvailable":false,"highlighted":false,"preferred":false,"preferredPlus":false,"showNativeAdLabel":false,"nativeAdId":null,"nativeAdsCpc":null,"nativeAdsTracking":null,"bookedXTimesMessage":null,"sponsoredAdsData":null},"policies":{"__typename":"Policies","showFreeCancellation":false,"showNoPrepayment":false,"enableJapaneseUsersSpecialCase":null},"ribbon":null,"recommendedDate":{"__typename":"RecommendedDate","checkin":"","checkout":"","lengthOfStay":0},"showGeniusLoginMessage":false,"showPrivateHostMessage":false,"soldOutInfo":{"__typename":"SoldOutInfo","isSoldOut":false,"messages":[],"alternativeDatesMessages":[]},"nbWishlists":0,"visibilityBoosterEnabled":null,"showAdLabel":false,"isNewlyOpened":false,"propertySustainability":{"__typename":"SrPropertySustainability","isSustainable":false,"tier":{"__typename":"SrPropertySustainabilityTier","type":"NONE"},"facilities":null,"certifications":null,"chainProgrammes":null,"levelId":"L0"},"seoThemes":[],"relocationMode":null,"bundleRatesAvailable":null,"recommendedDatesLabel":null,"matchingUnitConfigurations":null,"blocks":[],"bookerExperienceContentUIComponentProps":[]},{"__typename":"SearchResultProperty","priceDisplayInfoIrene":null,"licenseDetails":null,"inferredLocationScore":0,"trackOnView":[],"topPhotos":[],"acceptsWalletCredit":false,"basicPropertyData":{"__typename":"BasicPropertyData","accommodationTypeId":222,"id":8170080,"isTestProperty":false,"location":{"__typename":"Location","address":"35a Montinola Subd. Burnham Hill condo Legarda Rd.","city":"Baguio","countryCode":"ph"},"pageName":"krystalclaine-homestay","ufi":-2410361,"photos":{"__typename":"PropertyPhotos","main":{"__typename":"Photo","highResUrl":{"__typename":"PhotoResource","relativeUrl":"/xdata/images/hotel/square600/351548981.webp?k=608923504cfb6ce791a60f972ebd54718f513cbfbcafeef5c2716ff87d879da6\u0026o="},"lowResUrl":{"__typename":"PhotoResource","relativeUrl":"/xdata/images/hotel/square200/351548981.webp?k=608923504cfb6ce791a60f972ebd54718f513cbfbcafeef5c2716ff87d879da6\u0026o="},"highResJpegUrl":{"__typename":"PhotoResource","relativeUrl":"/xdata/images/hotel/square600/351548981.jpg?k=2d8deb96fb19aa7c63f547ad153f89808593c2dfdec6a9efa3f8d13c7d6f043f\u0026o="},"lowResJpegUrl":{"__typename":"PhotoResource","relativeUrl":"/xdata/images/hotel/square200/351548981.jpg?k=2d8deb96fb19aa7c63f547ad153f89808593c2dfdec6a9efa3f8d13c7d6f043f\u0026o="}}},"reviews":{"__typename":"Reviews","totalScore":8.5,"reviewsCount":34,"totalScoreTextTag":{"__typename":"TranslationTag","translation":"Very Good"},"showScore":true,"secondaryScore":0,"secondaryTextTag":{"__typename":"TranslationTag","translation":null},"showSecondaryScore":false},"externalReviews":null,"alternativeExternalReviews":null,"starRating":null,"isClosed":false,"paymentConfig":{"__typename":"PaymentConfig","installments":null}},"badges":[],"customBadges":{"__typename":"CustomBadges","showIsWorkFriendly":false,"showParkAndFly":false,"showSkiToDoor":false,"showBhTravelCreditBadge":false,"showOnlineCheckinBadge":null},"description":{"__typename":"TextWithTranslationTag","text":"Krystal Claine Homestay-BURNHAM HILL is located in Baguio, a 3-minute walk from Burnham Park, 0.7 miles from SM City Baguio, as well as one mile from Mines View Park. "},"displayName":{"__typename":"TextWithTranslationTag","text":"Krystal Claine Homestay-BURNHAM HILL","translationTag":{"__typename":"TranslationTag","translation":null}},"geniusInfo":null,"isInCompanyBudget":null,"location":{"__typename":"SearchResultsPropertyLocation","displayLocation":"Baguio","mainDistance":"0.3 miles from Session Road","publicTransportDistanceDescription":null,"skiLiftDistance":null,"beachDistance":null,"nearbyBeachNames":[],"beachWalkingTime":null,"geoDistanceMeters":null},"mealPlanIncluded":null,"persuasion":{"__typename":"SearchResultPersuasion","autoextended":false,"geniusRateAvailable":false,"highlighted":false,"preferred":true,"preferredPlus":false,"showNativeAdLabel":false,"nativeAdId":null,"nativeAdsCpc":null,"nativeAdsTracking":null,"bookedXTimesMessage":null,"sponsoredAdsData":null},"policies":{"__typename":"Policies","showFreeCancellation":false,"showNoPrepayment":false,"enableJapaneseUsersSpecialCase":null},"ribbon":null,"recommendedDate":{"__typename":"RecommendedDate","checkin":"","checkout":"","lengthOfStay":0},"showGeniusLoginMessage":false,"showPrivateHostMessage":false,"soldOutInfo":{"__typename":"SoldOutInfo","isSoldOut":false,"messages":[],"alternativeDatesMessages":[]},"nbWishlists":0,"visibilityBoosterEnabled":null,"showAdLabel":false,"isNewlyOpened":false,"propertySustainability":{"__typename":"SrPropertySustainability","isSustainable":true,"tier":{"__typename":"SrPropertySustainabilityTier","type":"SILVER"},"facilities":[{"__ref":"SrPropertySustainabilityFacility:435"},{"__ref":"SrPropertySustainabilityFacility:436"},{"__ref":"SrPropertySustainabilityFacility:439"},{"__ref":"SrPropertySustainabilityFacility:440"},{"__ref":"SrPropertySustainabilityFacility:441"},{"__ref":"SrPropertySustainabilityFacility:442"},{"__ref":"SrPropertySustainabilityFacility:443"},{"__ref":"SrPropertySustainabilityFacility:445"},{"__ref":"SrPropertySustainabilityFacility:446"},{"__ref":"SrPropertySustainabilityFacility:491"},{"__ref":"SrPropertySustainabilityFacility:492"},{"__ref":"SrPropertySustainabilityFacility:493"},{"__ref":"SrPropertySustainabilityFacility:504"}],"certifications":null,"chainProgrammes":null,"levelId":"L2"},"seoThemes":[],"relocationMode":null,"bundleRatesAvailable":null,"recommendedDatesLabel":null,"matchingUnitConfigurations":null,"blocks":[],"bookerExperienceContentUIComponentProps":[]}],"searchMeta":{"__typename":"SearchMeta","availabilityInfo":{"__typename":"AvailabilityInfo","hasLowAvailability":false,"unavailabilityPercent":0,"totalAvailableNotAutoextended":571},"boundingBoxes":[{"__typename":"BoundingBox","swLat":16.345181,"swLon":120.47289180000001,"neLat":16.5006725,"neLon":120.689005,"type":"SMART_AV"},{"__typename":"BoundingBox","swLat":16.4042383035276,"swLon":120.58870822191193,"neLat":16.415815898812,"neLon":120.60249209403992,"type":"MARKERS_ON_MAP"}],"childrenAges":[],"dates":null,"destId":261060,"destType":"LANDMARK","maxLengthOfStayInDays":90,"nbRooms":1,"nbAdults":2,"nbChildren":0,"userHasSelectedFilters":false,"customerValueStatus":"","affiliatePartnerChannelId":3,"affiliateVerticalType":"CHANNEL_DIRECT","affiliateName":"Bookings internal"},"sorters":[{"__typename":"Sorter","option":{"__typename":"SorterOption","name":"popularity","captionTranslationTag":{"__typename":"TranslationTag","translation":"Our Top Picks"},"tooltipTranslationTag":{"__typename":"TranslationTag","translation":null},"selected":true}},{"__typename":"Sorter","option":{"__typename":"SorterOption","name":"upsort_bh","captionTranslationTag":{"__typename":"TranslationTag","translation":"Homes \u0026 apartments first"},"tooltipTranslationTag":{"__typename":"TranslationTag","translation":"Looking for privacy? See entire places first"},"selected":false}},{"__typename":"Sorter","option":{"__typename":"SorterOption","name":"class","captionTranslationTag":{"__typename":"TranslationTag","translation":"Property rating (high to low)"},"tooltipTranslationTag":{"__typename":"TranslationTag","translation":null},"selected":false}},{"__typename":"Sorter","option":{"__typename":"SorterOption","name":"class_asc","captionTranslationTag":{"__typename":"TranslationTag","translation":"Property rating (low to high)"},"tooltipTranslationTag":{"__typename":"TranslationTag","translation":null},"selected":false}},{"__typename":"Sorter","option":{"__typename":"SorterOption","name":"distance_from_search","captionTranslationTag":{"__typename":"TranslationTag","translation":"Distance from landmark"},"tooltipTranslationTag":{"__typename":"TranslationTag","translation":null},"selected":false}},{"__typename":"Sorter","option":{"__typename":"SorterOption","name":"score","captionTranslationTag":{"__typename":"TranslationTag","translation":"Top Reviewed"},"tooltipTranslationTag":{"__typename":"TranslationTag","translation":null},"selected":false}}],"oneOfThreeDeal":null,"zeroResultsSection":{"__typename":"ZeroResultsSection","title":null,"primaryAction":null,"paragraphs":[],"type":null},"rocketmilesSearchUuid":null,"previousSearches":null,"frontierThemes":null}},"geniusVipEnrolledProgram({\"input\":{\"enableEnroll\":true,\"page\":\"SEARCH_RESULTS\"}})":{"__typename":"GeniusVipNoEnrolledProgram"},"productShell({\"input\":{\"product\":\"ACCOMMODATIONS\"}})":{"__typename":"ProductShellOutput","products":[{"__ref":"Link:accommodations"},{"__ref":"Link:flights"},{"__ref":"Link:packages"},{"__ref":"Link:cars"},{"__ref":"Link:attractions"},{"__ref":"Link:airport_taxis"}],"links":[{"__ref":"Link:logo"},{"__ref":"Link:sign_in"},{"__ref":"Link:register"},{"__ref":"Link:sign_out"},{"__ref":"Link:dashboard"},{"__ref":"Link:settings"},{"__ref":"Link:bookings"},{"__ref":"Link:manage_your_trips"},{"__ref":"Link:rewards_wallet"},{"__ref":"Link:terms_and_conditions"},{"__ref":"Link:privacy"},{"__ref":"Link:help_center"},{"__ref":"Link:travel_articles"},{"__ref":"Link:travel_communities"},{"__ref":"Link:about"},{"__ref":"Link:careers"},{"__ref":"Link:press_center"},{"__ref":"Link:legal"},{"__ref":"Link:covid19_info"},{"__ref":"Link:trust_and_safety"},{"__ref":"Link:genius_loyalty"},{"__ref":"Link:deals_index"},{"__ref":"Link:booking_business"},{"__ref":"Link:extranet_login_footer"},{"__ref":"Link:partner_help_footer"},{"__ref":"Link:become_affiliate"},{"__ref":"Link:how_we_work"},{"__ref":"Link:sustainability"},{"__ref":"Link:investor_relations"},{"__ref":"Link:corp_contact"},{"__ref":"Link:compliance_and_ethics"},{"__ref":"Link:dispute_resolution"},{"__ref":"Link:list_your_property_footer"},{"__ref":"Link:country"},{"__ref":"Link:region"},{"__ref":"Link:city"},{"__ref":"Link:district"},{"__ref":"Link:airport"},{"__ref":"Link:hotel"},{"__ref":"Link:landmark"},{"__ref":"Link:booking_home"},{"__ref":"Link:apartments"},{"__ref":"Link:resorts"},{"__ref":"Link:villas"},{"__ref":"Link:hostels"},{"__ref":"Link:bed_and_breakfast"},{"__ref":"Link:guest_house"},{"__ref":"Link:unique_places"},{"__ref":"Link:monthly_stays"},{"__ref":"Link:reviews"},{"__ref":"Link:my_wishlist"},{"__ref":"Link:my_reviews"},{"__ref":"Link:traveller_awards"},{"__ref":"Link:car_hire"},{"__ref":"Link:flight_finder"},{"__ref":"Link:restaurant_reservations"},{"__ref":"Link:travel_agents"}],"languages":{"__typename":"Languages","all":[{"__ref":"Language:{\"code\":\"en-gb\"}"},{"__ref":"Language:{\"code\":\"en-us\"}"},{"__ref":"Language:{\"code\":\"de\"}"},{"__ref":"Language:{\"code\":\"nl\"}"},{"__ref":"Language:{\"code\":\"fr\"}"},{"__ref":"Language:{\"code\":\"es\"}"},{"__ref":"Language:{\"code\":\"es-ar\"}"},{"__ref":"Language:{\"code\":\"es-mx\"}"},{"__ref":"Language:{\"code\":\"ca\"}"},{"__ref":"Language:{\"code\":\"it\"}"},{"__ref":"Language:{\"code\":\"pt-pt\"}"},{"__ref":"Language:{\"code\":\"pt-br\"}"},{"__ref":"Language:{\"code\":\"no\"}"},{"__ref":"Language:{\"code\":\"fi\"}"},{"__ref":"Language:{\"code\":\"sv\"}"},{"__ref":"Language:{\"code\":\"da\"}"},{"__ref":"Language:{\"code\":\"cs\"}"},{"__ref":"Language:{\"code\":\"hu\"}"},{"__ref":"Language:{\"code\":\"ro\"}"},{"__ref":"Language:{\"code\":\"ja\"}"},{"__ref":"Language:{\"code\":\"zh-cn\"}"},{"__ref":"Language:{\"code\":\"zh-tw\"}"},{"__ref":"Language:{\"code\":\"pl\"}"},{"__ref":"Language:{\"code\":\"el\"}"},{"__ref":"Language:{\"code\":\"ru\"}"},{"__ref":"Language:{\"code\":\"tr\"}"},{"__ref":"Language:{\"code\":\"bg\"}"},{"__ref":"Language:{\"code\":\"ar\"}"},{"__ref":"Language:{\"code\":\"ko\"}"},{"__ref":"Language:{\"code\":\"he\"}"},{"__ref":"Language:{\"code\":\"lv\"}"},{"__ref":"Language:{\"code\":\"uk\"}"},{"__ref":"Language:{\"code\":\"hi\"}"},{"__ref":"Language:{\"code\":\"id\"}"},{"__ref":"Language:{\"code\":\"ms\"}"},{"__ref":"Language:{\"code\":\"th\"}"},{"__ref":"Language:{\"code\":\"et\"}"},{"__ref":"Language:{\"code\":\"hr\"}"},{"__ref":"Language:{\"code\":\"lt\"}"},{"__ref":"Language:{\"code\":\"sk\"}"},{"__ref":"Language:{\"code\":\"sr\"}"},{"__ref":"Language:{\"code\":\"sl\"}"},{"__ref":"Language:{\"code\":\"vi\"}"},{"__ref":"Language:{\"code\":\"tl\"}"},{"__ref":"Language:{\"code\":\"is\"}"}],"popular":[{"__ref":"Language:{\"code\":\"en-us\"}"},{"__ref":"Language:{\"code\":\"en-gb\"}"},{"__ref":"Language:{\"code\":\"es\"}"},{"__ref":"Language:{\"code\":\"zh-cn\"}"},{"__ref":"Language:{\"code\":\"ru\"}"},{"__ref":"Language:{\"code\":\"ja\"}"}],"selectedLanguage":"en-us"},"currencies":{"__typename":"Currencies","all":[{"__ref":"Currency:{\"code\":\"hotel_currency\"}"},{"__ref":"Currency:{\"code\":\"ARS\"}"},{"__ref":"Currency:{\"code\":\"AUD\"}"},{"__ref":"Currency:{\"code\":\"AZN\"}"},{"__ref":"Currency:{\"code\":\"BHD\"}"},{"__ref":"Currency:{\"code\":\"BRL\"}"},{"__ref":"Currency:{\"code\":\"BGN\"}"},{"__ref":"Currency:{\"code\":\"CAD\"}"},{"__ref":"Currency:{\"code\":\"CLP\"}"},{"__ref":"Currency:{\"code\":\"CNY\"}"},{"__ref":"Currency:{\"code\":\"COP\"}"},{"__ref":"Currency:{\"code\":\"CZK\"}"},{"__ref":"Currency:{\"code\":\"DKK\"}"},{"__ref":"Currency:{\"code\":\"EGP\"}"},{"__ref":"Currency:{\"code\":\"EUR\"}"},{"__ref":"Currency:{\"code\":\"FJD\"}"},{"__ref":"Currency:{\"code\":\"GEL\"}"},{"__ref":"Currency:{\"code\":\"HKD\"}"},{"__ref":"Currency:{\"code\":\"HUF\"}"},{"__ref":"Currency:{\"code\":\"INR\"}"},{"__ref":"Currency:{\"code\":\"IDR\"}"},{"__ref":"Currency:{\"code\":\"ILS\"}"},{"__ref":"Currency:{\"code\":\"JPY\"}"},{"__ref":"Currency:{\"code\":\"JOD\"}"},{"__ref":"Currency:{\"code\":\"KZT\"}"},{"__ref":"Currency:{\"code\":\"KWD\"}"},{"__ref":"Currency:{\"code\":\"MYR\"}"},{"__ref":"Currency:{\"code\":\"MXN\"}"},{"__ref":"Currency:{\"code\":\"MDL\"}"},{"__ref":"Currency:{\"code\":\"NAD\"}"},{"__ref":"Currency:{\"code\":\"TWD\"}"},{"__ref":"Currency:{\"code\":\"NZD\"}"},{"__ref":"Currency:{\"code\":\"NOK\"}"},{"__ref":"Currency:{\"code\":\"OMR\"}"},{"__ref":"Currency:{\"code\":\"PLN\"}"},{"__ref":"Currency:{\"code\":\"GBP\"}"},{"__ref":"Currency:{\"code\":\"QAR\"}"},{"__ref":"Currency:{\"code\":\"RON\"}"},{"__ref":"Currency:{\"code\":\"RUB\"}"},{"__ref":"Currency:{\"code\":\"SAR\"}"},{"__ref":"Currency:{\"code\":\"SGD\"}"},{"__ref":"Currency:{\"code\":\"ZAR\"}"},{"__ref":"Currency:{\"code\":\"KRW\"}"},{"__ref":"Currency:{\"code\":\"SEK\"}"},{"__ref":"Currency:{\"code\":\"CHF\"}"},{"__ref":"Currency:{\"code\":\"THB\"}"},{"__ref":"Currency:{\"code\":\"TRY\"}"},{"__ref":"Currency:{\"code\":\"USD\"}"},{"__ref":"Currency:{\"code\":\"UAH\"}"},{"__ref":"Currency:{\"code\":\"AED\"}"},{"__ref":"Currency:{\"code\":\"XOF\"}"}],"top":[{"__ref":"Currency:{\"code\":\"USD\"}"},{"__ref":"Currency:{\"code\":\"INR\"}"},{"__ref":"Currency:{\"code\":\"EUR\"}"},{"__ref":"Currency:{\"code\":\"GBP\"}"},{"__ref":"Currency:{\"code\":\"AUD\"}"},{"__ref":"Currency:{\"code\":\"CAD\"}"},{"__ref":"Currency:{\"code\":\"THB\"}"}]},"guestAccount":null,"affiliateSettings":null},"incentiveQueries":{"__typename":"IncentiveQueries","IncentiveDetailsV1":{"__typename":"IncentiveDetails","isEmpty":true,"autoApply":null,"campaign_tag":null,"coupon_code":null,"source":null,"componentsConfig":null}},"merchComponents({\"input\":{\"pageInput\":{\"searchResultsPageInput\":{\"destId\":261060,\"destType\":\"LANDMARK\"}},\"regionsIds\":[\"sr_global_alerts\"]}})":{"__typename":"MerchComponentsResult","regions":[]}},"SrPropertySustainabilityFacility:436":{"id":436,"__typename":"SrPropertySustainabilityFacility"},"SrPropertySustainabilityFacility:445":{"id":445,"__typename":"SrPropertySustainabilityFacility"},"SrPropertySustainabilityFacility:446":{"id":446,"__typename":"SrPropertySustainabilityFacility"},"SrPropertySustainabilityFacility:502":{"id":502,"__typename":"SrPropertySustainabilityFacility"},"SrPropertySustainabilityFacility:439":{"id":439,"__typename":"SrPropertySustainabilityFacility"},"SrPropertySustainabilityFacility:440":{"id":440,"__typename":"SrPropertySustainabilityFacility"},"SrPropertySustainabilityFacility:442":{"id":442,"__typename":"SrPropertySustainabilityFacility"},"SrPropertySustainabilityFacility:443":{"id":443,"__typename":"SrPropertySustainabilityFacility"},"SrPropertySustainabilityFacility:444":{"id":444,"__typename":"SrPropertySustainabilityFacility"},"SrPropertySustainabilityFacility:448":{"id":448,"__typename":"SrPropertySustainabilityFacility"},"SrPropertySustainabilityFacility:490":{"id":490,"__typename":"SrPropertySustainabilityFacility"},"SrPropertySustainabilityFacility:491":{"id":491,"__typename":"SrPropertySustainabilityFacility"},"SrPropertySustainabilityFacility:492":{"id":492,"__typename":"SrPropertySustainabilityFacility"},"SrPropertySustainabilityFacility:493":{"id":493,"__typename":"SrPropertySustainabilityFacility"},"SrPropertySustainabilityFacility:494":{"id":494,"__typename":"SrPropertySustainabilityFacility"},"SrPropertySustainabilityFacility:496":{"id":496,"__typename":"SrPropertySustainabilityFacility"},"SrPropertySustainabilityFacility:499":{"id":499,"__typename":"SrPropertySustainabilityFacility"},"SrPropertySustainabilityFacility:503":{"id":503,"__typename":"SrPropertySustainabilityFacility"},"SrPropertySustainabilityFacility:506":{"id":506,"__typename":"SrPropertySustainabilityFacility"},"SrPropertySustainabilityFacility:182":{"id":182,"__typename":"SrPropertySustainabilityFacility"},"SrPropertySustainabilityFacility:500":{"id":500,"__typename":"SrPropertySustainabilityFacility"},"SrPropertySustainabilityFacility:489":{"id":489,"__typename":"SrPropertySustainabilityFacility"},"SrPropertySustainabilityFacility:497":{"id":497,"__typename":"SrPropertySustainabilityFacility"},"SrPropertySustainabilityFacility:505":{"id":505,"__typename":"SrPropertySustainabilityFacility"},"SrPropertySustainabilityFacility:435":{"id":435,"__typename":"SrPropertySustainabilityFacility"},"SrPropertySustainabilityFacility:441":{"id":441,"__typename":"SrPropertySustainabilityFacility"},"SrPropertySustainabilityFacility:495":{"id":495,"__typename":"SrPropertySustainabilityFacility"},"SrPropertySustainabilityFacility:504":{"id":504,"__typename":"SrPropertySustainabilityFacility"},"Link:accommodations":{"id":"accommodations","__typename":"Link","label":"Stays","url":"https://www.booking.com/index.html","icon":"building_house"},"Link:flights":{"id":"flights","__typename":"Link","label":"Flights","url":"https://booking.com/flights/index.html?sid=4d6ba12c187d02b81beec9d404a74d7f","icon":"airplane"},"Link:packages":{"id":"packages","__typename":"Link","label":"Flight + Hotel","url":"https://www.booking.com/packages.html?sid=4d6ba12c187d02b81beec9d404a74d7f\u0026aid=304142\u0026label=gen000nr-10CAQoggJCD2xhbmRtYXJrXzI2MTA2MEgzWARo7AGIAQGYATO4AQXIAQXYAQPoAQH4AQGIAgGoAgG4AtrfkKgGwAIB0gIkOWIzM2E5MTMtNDMwZC00YzZmLTg5Y2ItZmU2OWJjYjc3MDc02AIB4AIB\u0026_use_ampersand_separator=1\u0026_I_mean_really_use_ampersand_separator=1","icon":"suitcase"},"Link:cars":{"id":"cars","__typename":"Link","label":"Car rentals","url":"https://www.booking.com/cars/index.html","icon":"car_front"},"Link:attractions":{"id":"attractions","__typename":"Link","label":"Attractions","url":"https://www.booking.com/attractions/index.html","icon":"attractions"},"Link:airport_taxis":{"id":"airport_taxis","__typename":"Link","label":"Airport taxis","url":"https://www.booking.com/taxi/index.html","icon":"taxi"},"Link:logo":{"id":"logo","__typename":"Link","label":"Booking.com","subLabel":null,"url":"https://www.booking.com/index.html","icon":"logo","attributes":null},"Link:sign_in":{"id":"sign_in","__typename":"Link","label":"Sign in","subLabel":null,"url":"https://account.booking.com/auth/oauth2","icon":"user","attributes":{"__typename":"ShellAuthLinkAttributes","callback":null,"clientId":"vO1Kblk7xX9tUn2cpZLS","csrfToken":"GmgEZQAAAAA=DCwzLSL8-Qc7wDCR_kNwN6W5y1aVcGmWBsi1qc0b_3pxcp6bWAShXRO2jX_Kx_s1OF8YszcSmVrVsYsrtlcl3xJMWNQ2bALLvVzP7mH2rjHMTLB6EGobBphx2qIDfko6JyL0iJGl5b5a-cJ-1l1CKTX8KzsLScpi_v7INm6_dTrxaRRozeAm9YZWWkwRFMgHltDkFrb7mGjl01Dz-gOgvDwsLp_nwkAfwjWfzg","redirectUri":"https://www.booking.com/searchresults.html?dest_id=261060\u0026dest_type=landmark\u0026si=ai%2Cco%2Cci%2Cre%2Cla%2Cdi","state":null}},"Link:register":{"id":"register","__typename":"Link","label":"Register","subLabel":null,"url":"https://account.booking.com/auth/oauth2","icon":null,"attributes":{"__typename":"ShellAuthLinkAttributes","callback":null,"clientId":"vO1Kblk7xX9tUn2cpZLS","csrfToken":"GmgEZQAAAAA=DCwzLSL8-Qc7wDCR_kNwN6W5y1aVcGmWBsi1qc0b_3pxcp6bWAShXRO2jX_Kx_s1OF8YszcSmVrVsYsrtlcl3xJMWNQ2bALLvVzP7mH2rjHMTLB6EGobBphx2qIDfko6JyL0iJGl5b5a-cJ-1l1CKTX8KzsLScpi_v7INm6_dTrxaRRozeAm9YZWWkwRFMgHltDkFrb7mGjl01Dz-gOgvDwsLp_nwkAfwjWfzg","redirectUri":"https://www.booking.com/searchresults.html?dest_id=261060\u0026dest_type=landmark\u0026si=ai%2Cco%2Cci%2Cre%2Cla%2Cdi","state":null}},"Link:sign_out":{"id":"sign_out","__typename":"Link","label":"Sign out","subLabel":null,"url":"https://account.booking.com/sso/logout/v2","icon":"sign-out","attributes":{"__typename":"ShellAuthLinkAttributes","callback":"https://secure.booking.com/login.html?op=oauth_return","clientId":"vO1Kblk7xX9tUn2cpZLS","csrfToken":"GmgEZQAAAAA=DCwzLSL8-Qc7wDCR_kNwN6W5y1aVcGmWBsi1qc0b_3pxcp6bWAShXRO2jX_Kx_s1OF8YszcSmVrVsYsrtlcl3xJMWNQ2bALLvVzP7mH2rjHMTLB6EGobBphx2qIDfko6JyL0iJGl5b5a-cJ-1l1CKTX8KzsLScpi_v7INm6_dTrxaRRozeAm9YZWWkwRFMgHltDkFrb7mGjl01Dz-gOgvDwsLp_nwkAfwjWfzg","redirectUri":"https://www.booking.com/searchresults.html?dest_id=261060\u0026dest_type=landmark\u0026si=ai%2Cco%2Cci%2Cre%2Cla%2Cdi","state":"UpgCnPCIIMj4ET_lfR8DARsauT1dTtJOFhFD0Pj7OhkfFVgDcOuDbAxvpFagS6YW6WebdSDImY62HpFrdk-m2KOaMG85tdDBIkaJDyxdT7wQLRoH_Rtpe57LHhz-PuU9CwGyO0ucZ1h1CLPNwYt_ZgQyZ1LQjD6D-k8542A5_NEEw6OsBEi6b0EexZMG7b4uZsYcXcDNMlef4dIogbjDUfQLvKKLdUS3fxeKZ8Xmqv6KgskCbKZ9KSKhB5FewmoxVZz6rQXGaGKwL4WQmkMOU_TWp--MkU8DmOYLsp7gofAF53NiiPNtehN0ZkscC_lhrqU7zqAMPCDQd4yBfSRj9JlNAljPBvBSGZuEt1PFlnTKxMhJrGn90BVqvw"}},"Link:dashboard":{"id":"dashboard","__typename":"Link","label":"My Dashboard","subLabel":null,"url":"https://secure.booking.com/mydashboard.html","icon":null,"attributes":null},"Link:settings":{"id":"settings","__typename":"Link","label":"Manage account","subLabel":null,"url":"https://secure.booking.com/mysettings.html","icon":null,"attributes":null},"Link:bookings":{"id":"bookings","__typename":"Link","label":"Bookings \u0026 Trips","subLabel":null,"url":"https://secure.booking.com/myreservations.html","icon":"suitcase","attributes":null},"Link:manage_your_trips":{"id":"manage_your_trips","__typename":"Link","label":"Manage your trips","subLabel":null,"url":"https://secure.booking.com/content/cs.html","icon":null,"attributes":null},"Link:rewards_wallet":{"id":"rewards_wallet","__typename":"Link","label":"Rewards \u0026 Wallet","subLabel":null,"url":"https://secure.booking.com/rewards_and_wallet.html","icon":"wallet","attributes":null},"Link:terms_and_conditions":{"id":"terms_and_conditions","__typename":"Link","label":"Terms \u0026 conditions","subLabel":null,"url":"https://www.booking.com/content/terms.html","icon":null,"attributes":null},"Link:privacy":{"id":"privacy","__typename":"Link","label":"Privacy \u0026 cookies","subLabel":null,"url":"https://www.booking.com/content/privacy.html","icon":null,"attributes":null},"Link:help_center":{"id":"help_center","__typename":"Link","label":"Customer Service help","subLabel":null,"url":"https://secure.booking.com/content/cs.html","icon":"help_center","attributes":null},"Link:travel_articles":{"id":"travel_articles","__typename":"Link","label":"Travel articles","subLabel":null,"url":"https://www.booking.com/articles.html","icon":"book","attributes":null},"Link:travel_communities":{"id":"travel_communities","__typename":"Link","label":"Travel communities","subLabel":null,"url":"https://community.booking.com/","icon":"group","attributes":null},"Link:about":{"id":"about","__typename":"Link","label":"About Booking.com","subLabel":null,"url":"https://www.booking.com/general.html","icon":"info_sign","attributes":null},"Link:careers":{"id":"careers","__typename":"Link","label":"Careers","subLabel":null,"url":"https://careers.booking.com","icon":"job_search_profile","attributes":null},"Link:press_center":{"id":"press_center","__typename":"Link","label":"Press center","subLabel":null,"url":"https://news.booking.com/en-us","icon":"newspapers","attributes":null},"Link:legal":{"id":"legal","__typename":"Link","label":"Legal","subLabel":null,"url":"https://www.booking.com/content/legal.html","icon":"comparison","attributes":null},"Link:covid19_info":{"id":"covid19_info","__typename":"Link","label":"Coronavirus (COVID-19) FAQs","subLabel":null,"url":"https://www.booking.com/covid_19.html","icon":null,"attributes":null},"Link:trust_and_safety":{"id":"trust_and_safety","__typename":"Link","label":"Safety Resource Center","subLabel":null,"url":"https://www.booking.com/trust_and_safety.html","icon":null,"attributes":null},"Link:genius_loyalty":{"id":"genius_loyalty","__typename":"Link","label":"Genius loyalty program","subLabel":null,"url":"https://www.booking.com/genius.html","icon":null,"attributes":null},"Link:deals_index":{"id":"deals_index","__typename":"Link","label":"Seasonal and holiday deals","subLabel":null,"url":"https://www.booking.com/deals_index.html","icon":null,"attributes":null},"Link:booking_business":{"id":"booking_business","__typename":"Link","label":"Booking.com for Business","subLabel":null,"url":"https://business.booking.com","icon":null,"attributes":null},"Link:extranet_login_footer":{"id":"extranet_login_footer","__typename":"Link","label":"Extranet login","subLabel":null,"url":"https://admin.booking.com","icon":null,"attributes":null},"Link:partner_help_footer":{"id":"partner_help_footer","__typename":"Link","label":"Partner help","subLabel":null,"url":"https://partner.booking.com/en-us","icon":null,"attributes":null},"Link:become_affiliate":{"id":"become_affiliate","__typename":"Link","label":"Become an affiliate","subLabel":null,"url":"https://www.booking.com/affiliate-program/v2/index.html","icon":null,"attributes":null},"Link:how_we_work":{"id":"how_we_work","__typename":"Link","label":"How We Work","subLabel":null,"url":"https://www.booking.com/content/how_we_work.html","icon":null,"attributes":null},"Link:sustainability":{"id":"sustainability","__typename":"Link","label":"Sustainability","subLabel":null,"url":"https://www.sustainability.booking.com/","icon":null,"attributes":null},"Link:investor_relations":{"id":"investor_relations","__typename":"Link","label":"Investor relations","subLabel":null,"url":"https://www.bookingholdings.com/","icon":null,"attributes":null},"Link:corp_contact":{"id":"corp_contact","__typename":"Link","label":"Corporate contact","subLabel":null,"url":"https://www.booking.com/content/contact-us.html","icon":null,"attributes":null},"Link:compliance_and_ethics":{"id":"compliance_and_ethics","__typename":"Link","label":"MSA statement","subLabel":null,"url":"https://www.bookingholdings.com/about/compliance-and-ethics/","icon":null,"attributes":null},"Link:dispute_resolution":{"id":"dispute_resolution","__typename":"Link","label":"Dispute resolution","subLabel":null,"url":"https://secure.booking.com/content/complaints.html","icon":null,"attributes":null},"Link:list_your_property_footer":{"id":"list_your_property_footer","__typename":"Link","label":"List your property","subLabel":null,"url":"https://join.booking.com","icon":null,"attributes":null},"Link:country":{"id":"country","__typename":"Link","label":"Countries","subLabel":null,"url":"https://www.booking.com/country.html","icon":null,"attributes":null},"Link:region":{"id":"region","__typename":"Link","label":"Regions","subLabel":null,"url":"https://www.booking.com/region.html","icon":null,"attributes":null},"Link:city":{"id":"city","__typename":"Link","label":"Cities","subLabel":null,"url":"https://www.booking.com/city.html","icon":null,"attributes":null},"Link:district":{"id":"district","__typename":"Link","label":"Districts","subLabel":null,"url":"https://www.booking.com/district.html","icon":null,"attributes":null},"Link:airport":{"id":"airport","__typename":"Link","label":"Airports","subLabel":null,"url":"https://www.booking.com/airport.html","icon":null,"attributes":null},"Link:hotel":{"id":"hotel","__typename":"Link","label":"Hotels","subLabel":null,"url":"https://www.booking.com/hotel/index.html","icon":null,"attributes":null},"Link:landmark":{"id":"landmark","__typename":"Link","label":"Places of interest","subLabel":null,"url":"https://www.booking.com/landmark.html","icon":null,"attributes":null},"Link:booking_home":{"id":"booking_home","__typename":"Link","label":"Vacation Homes","subLabel":null,"url":"https://www.booking.com/booking-home/index.html","icon":null,"attributes":null},"Link:apartments":{"id":"apartments","__typename":"Link","label":"Apartments","subLabel":null,"url":"https://www.booking.com/apartments/index.html","icon":null,"attributes":null},"Link:resorts":{"id":"resorts","__typename":"Link","label":"Resorts","subLabel":null,"url":"https://www.booking.com/resorts/index.html","icon":null,"attributes":null},"Link:villas":{"id":"villas","__typename":"Link","label":"Villas","subLabel":null,"url":"https://www.booking.com/villas/index.html","icon":null,"attributes":null},"Link:hostels":{"id":"hostels","__typename":"Link","label":"Hostels","subLabel":null,"url":"https://www.booking.com/hostels/index.html","icon":null,"attributes":null},"Link:bed_and_breakfast":{"id":"bed_and_breakfast","__typename":"Link","label":"B\u0026Bs","subLabel":null,"url":"https://www.booking.com/bed-and-breakfast/index.html","icon":null,"attributes":null},"Link:guest_house":{"id":"guest_house","__typename":"Link","label":"Guest houses","subLabel":null,"url":"https://www.booking.com/guest-house/index.html","icon":null,"attributes":null},"Link:unique_places":{"id":"unique_places","__typename":"Link","label":"Unique places to stay","subLabel":null,"url":"https://www.booking.com/accommodations.html","icon":null,"attributes":null},"Link:monthly_stays":{"id":"monthly_stays","__typename":"Link","label":"Discover monthly stays","subLabel":null,"url":"https://www.booking.com/extended-stays/index.html","icon":null,"attributes":null},"Link:reviews":{"id":"reviews","__typename":"Link","label":"Reviews","subLabel":null,"url":"https://www.booking.com/reviews.html","icon":null,"attributes":null},"Link:my_wishlist":{"id":"my_wishlist","__typename":"Link","label":"Saved","subLabel":null,"url":"https://www.booking.com/mywishlist.html","icon":null,"attributes":null},"Link:my_reviews":{"id":"my_reviews","__typename":"Link","label":"Reviews","subLabel":null,"url":"https://secure.booking.com/reviewtimeline.html","icon":null,"attributes":null},"Link:traveller_awards":{"id":"traveller_awards","__typename":"Link","label":"Traveller Review Awards","subLabel":null,"url":"https://www.booking.com/traveller-awards/index.html","icon":null,"attributes":null},"Link:car_hire":{"id":"car_hire","__typename":"Link","label":"Car rental","subLabel":null,"url":"https://cars.booking.com/Home.do?affiliateCode=booking-com\u0026adplat=footer","icon":null,"attributes":null},"Link:flight_finder":{"id":"flight_finder","__typename":"Link","label":"Flight finder","subLabel":null,"url":"https://booking.com/flights/index.html?sid=4d6ba12c187d02b81beec9d404a74d7f","icon":null,"attributes":null},"Link:restaurant_reservations":{"id":"restaurant_reservations","__typename":"Link","label":"Restaurant reservations","subLabel":null,"url":"http://www.opentable.com?ref=16087","icon":null,"attributes":null},"Link:travel_agents":{"id":"travel_agents","__typename":"Link","label":"Booking.com for Travel Agents","subLabel":null,"url":"https://www.booking.com/affiliate-program/v2/index.html","icon":null,"attributes":null},"Language:{\"code\":\"en-gb\"}":{"code":"en-gb","__typename":"Language","name":"English (UK)","countryFlag":"gb"},"Language:{\"code\":\"en-us\"}":{"code":"en-us","__typename":"Language","name":"English (US)","countryFlag":"us"},"Language:{\"code\":\"de\"}":{"code":"de","__typename":"Language","name":"Deutsch","countryFlag":"de"},"Language:{\"code\":\"nl\"}":{"code":"nl","__typename":"Language","name":"Nederlands","countryFlag":"nl"},"Language:{\"code\":\"fr\"}":{"code":"fr","__typename":"Language","name":"Français","countryFlag":"fr"},"Language:{\"code\":\"es\"}":{"code":"es","__typename":"Language","name":"Español","countryFlag":"es"},"Language:{\"code\":\"es-ar\"}":{"code":"es-ar","__typename":"Language","name":"Español (AR)","countryFlag":"ar"},"Language:{\"code\":\"es-mx\"}":{"code":"es-mx","__typename":"Language","name":"Español (MX)","countryFlag":"mx"},"Language:{\"code\":\"ca\"}":{"code":"ca","__typename":"Language","name":"Català","countryFlag":"catalonia"},"Language:{\"code\":\"it\"}":{"code":"it","__typename":"Language","name":"Italiano","countryFlag":"it"},"Language:{\"code\":\"pt-pt\"}":{"code":"pt-pt","__typename":"Language","name":"Português (PT)","countryFlag":"pt"},"Language:{\"code\":\"pt-br\"}":{"code":"pt-br","__typename":"Language","name":"Português (BR)","countryFlag":"br"},"Language:{\"code\":\"no\"}":{"code":"no","__typename":"Language","name":"Norsk","countryFlag":"no"},"Language:{\"code\":\"fi\"}":{"code":"fi","__typename":"Language","name":"Suomi","countryFlag":"fi"},"Language:{\"code\":\"sv\"}":{"code":"sv","__typename":"Language","name":"Svenska","countryFlag":"se"},"Language:{\"code\":\"da\"}":{"code":"da","__typename":"Language","name":"Dansk","countryFlag":"dk"},"Language:{\"code\":\"cs\"}":{"code":"cs","__typename":"Language","name":"?eština","countryFlag":"cz"},"Language:{\"code\":\"hu\"}":{"code":"hu","__typename":"Language","name":"Magyar","countryFlag":"hu"},"Language:{\"code\":\"ro\"}":{"code":"ro","__typename":"Language","name":"Român?","countryFlag":"ro"},"Language:{\"code\":\"ja\"}":{"code":"ja","__typename":"Language","name":"???","countryFlag":"jp"},"Language:{\"code\":\"zh-cn\"}":{"code":"zh-cn","__typename":"Language","name":"????","countryFlag":"cn"},"Language:{\"code\":\"zh-tw\"}":{"code":"zh-tw","__typename":"Language","name":"????","countryFlag":"z4"},"Language:{\"code\":\"pl\"}":{"code":"pl","__typename":"Language","name":"Polski","countryFlag":"pl"},"Language:{\"code\":\"el\"}":{"code":"el","__typename":"Language","name":"????????","countryFlag":"gr"},"Language:{\"code\":\"ru\"}":{"code":"ru","__typename":"Language","name":"???????","countryFlag":"ru"},"Language:{\"code\":\"tr\"}":{"code":"tr","__typename":"Language","name":"Türkçe","countryFlag":"tr"},"Language:{\"code\":\"bg\"}":{"code":"bg","__typename":"Language","name":"?????????","countryFlag":"bg"},"Language:{\"code\":\"ar\"}":{"code":"ar","__typename":"Language","name":"???????","countryFlag":"sa"},"Language:{\"code\":\"ko\"}":{"code":"ko","__typename":"Language","name":"???","countryFlag":"kr"},"Language:{\"code\":\"he\"}":{"code":"he","__typename":"Language","name":"?????","countryFlag":"il"},"Language:{\"code\":\"lv\"}":{"code":"lv","__typename":"Language","name":"Latviski","countryFlag":"lv"},"Language:{\"code\":\"uk\"}":{"code":"uk","__typename":"Language","name":"??????????","countryFlag":"ua"},"Language:{\"code\":\"hi\"}":{"code":"hi","__typename":"Language","name":"??????","countryFlag":"in"},"Language:{\"code\":\"id\"}":{"code":"id","__typename":"Language","name":"Bahasa Indonesia","countryFlag":"id"},"Language:{\"code\":\"ms\"}":{"code":"ms","__typename":"Language","name":"Bahasa Malaysia","countryFlag":"my"},"Language:{\"code\":\"th\"}":{"code":"th","__typename":"Language","name":"???????","countryFlag":"th"},"Language:{\"code\":\"et\"}":{"code":"et","__typename":"Language","name":"Eesti","countryFlag":"ee"},"Language:{\"code\":\"hr\"}":{"code":"hr","__typename":"Language","name":"Hrvatski","countryFlag":"hr"},"Language:{\"code\":\"lt\"}":{"code":"lt","__typename":"Language","name":"Lietuvi?","countryFlag":"lt"},"Language:{\"code\":\"sk\"}":{"code":"sk","__typename":"Language","name":"Sloven?ina","countryFlag":"sk"},"Language:{\"code\":\"sr\"}":{"code":"sr","__typename":"Language","name":"Srpski","countryFlag":"rs"},"Language:{\"code\":\"sl\"}":{"code":"sl","__typename":"Language","name":"Slovenš?ina","countryFlag":"si"},"Language:{\"code\":\"vi\"}":{"code":"vi","__typename":"Language","name":"Ti?ng Vi?t","countryFlag":"vn"},"Language:{\"code\":\"tl\"}":{"code":"tl","__typename":"Language","name":"Filipino","countryFlag":"ph"},"Language:{\"code\":\"is\"}":{"code":"is","__typename":"Language","name":"Íslenska","countryFlag":"is"},"Currency:{\"code\":\"hotel_currency\"}":{"code":"hotel_currency","__typename":"Currency","name":"Property's Currency","encodedSymbol":"\u0026#x20AC;\u0026#163;US$","symbol":"€$£"},"Currency:{\"code\":\"ARS\"}":{"code":"ARS","__typename":"Currency","name":"Argentine Peso","encodedSymbol":"AR$","symbol":"AR$"},"Currency:{\"code\":\"AUD\"}":{"code":"AUD","__typename":"Currency","name":"Australian Dollar","encodedSymbol":"AUD","symbol":"AUD"},"Currency:{\"code\":\"AZN\"}":{"code":"AZN","__typename":"Currency","name":"Azerbaijani Manat","encodedSymbol":"AZN","symbol":"???"},"Currency:{\"code\":\"BHD\"}":{"code":"BHD","__typename":"Currency","name":"Bahraini Dinar","encodedSymbol":"BHD","symbol":"BD"},"Currency:{\"code\":\"BRL\"}":{"code":"BRL","__typename":"Currency","name":"Brazilian Real","encodedSymbol":"R$","symbol":"R$"},"Currency:{\"code\":\"BGN\"}":{"code":"BGN","__typename":"Currency","name":"Bulgarian Lev","encodedSymbol":"BGN","symbol":"??"},"Currency:{\"code\":\"CAD\"}":{"code":"CAD","__typename":"Currency","name":"Canadian Dollar","encodedSymbol":"CAD","symbol":"CAN"},"Currency:{\"code\":\"CLP\"}":{"code":"CLP","__typename":"Currency","name":"Chilean Peso","encodedSymbol":"CL$","symbol":"CH$"},"Currency:{\"code\":\"CNY\"}":{"code":"CNY","__typename":"Currency","name":"Chinese Yuan","encodedSymbol":"CNY","symbol":"CY"},"Currency:{\"code\":\"COP\"}":{"code":"COP","__typename":"Currency","name":"Colombian Peso","encodedSymbol":"COP","symbol":"COL$"},"Currency:{\"code\":\"CZK\"}":{"code":"CZK","__typename":"Currency","name":"Czech Koruna","encodedSymbol":"K\u0026#269;","symbol":"CZK"},"Currency:{\"code\":\"DKK\"}":{"code":"DKK","__typename":"Currency","name":"Danish Krone","encodedSymbol":"DKK","symbol":"DKR"},"Currency:{\"code\":\"EGP\"}":{"code":"EGP","__typename":"Currency","name":"Egyptian Pound","encodedSymbol":"EGP","symbol":"£"},"Currency:{\"code\":\"EUR\"}":{"code":"EUR","__typename":"Currency","name":"Euro","encodedSymbol":"\u0026#x20AC;","symbol":"EUR"},"Currency:{\"code\":\"FJD\"}":{"code":"FJD","__typename":"Currency","name":"Fijian Dollar","encodedSymbol":"FJD","symbol":"FJ$"},"Currency:{\"code\":\"GEL\"}":{"code":"GEL","__typename":"Currency","name":"Georgian Lari","encodedSymbol":"GEL","symbol":"GEL"},"Currency:{\"code\":\"HKD\"}":{"code":"HKD","__typename":"Currency","name":"Hong Kong Dollar","encodedSymbol":"HK$","symbol":"HKD"},"Currency:{\"code\":\"HUF\"}":{"code":"HUF","__typename":"Currency","name":"Hungarian Forint","encodedSymbol":"HUF","symbol":"FT"},"Currency:{\"code\":\"INR\"}":{"code":"INR","__typename":"Currency","name":"Indian Rupee","encodedSymbol":"Rs.","symbol":"RS"},"Currency:{\"code\":\"IDR\"}":{"code":"IDR","__typename":"Currency","name":"Indonesian Rupiah","encodedSymbol":"Rp","symbol":"RP"},"Currency:{\"code\":\"ILS\"}":{"code":"ILS","__typename":"Currency","name":"Israeli New Shekel","encodedSymbol":"\u0026#x20AA;","symbol":"NIS"},"Currency:{\"code\":\"JPY\"}":{"code":"JPY","__typename":"Currency","name":"Japanese Yen","encodedSymbol":"\u0026#165;","symbol":"Y"},"Currency:{\"code\":\"JOD\"}":{"code":"JOD","__typename":"Currency","name":"Jordanian Dinar","encodedSymbol":"JOD","symbol":"JD"},"Currency:{\"code\":\"KZT\"}":{"code":"KZT","__typename":"Currency","name":"Kazakhstani Tenge","encodedSymbol":"KZT","symbol":"KZT"},"Currency:{\"code\":\"KWD\"}":{"code":"KWD","__typename":"Currency","name":"Kuwaiti Dinar","encodedSymbol":"KWD","symbol":"KD"},"Currency:{\"code\":\"MYR\"}":{"code":"MYR","__typename":"Currency","name":"Malaysian Ringgit","encodedSymbol":"MYR","symbol":"RIN"},"Currency:{\"code\":\"MXN\"}":{"code":"MXN","__typename":"Currency","name":"Mexican Peso","encodedSymbol":"MXN","symbol":"MEX"},"Currency:{\"code\":\"MDL\"}":{"code":"MDL","__typename":"Currency","name":"Moldovan Leu","encodedSymbol":"MDL","symbol":"MDL"},"Currency:{\"code\":\"NAD\"}":{"code":"NAD","__typename":"Currency","name":"Namibian Dollar","encodedSymbol":"NAD","symbol":"N$"},"Currency:{\"code\":\"TWD\"}":{"code":"TWD","__typename":"Currency","name":"New Taiwan Dollar","encodedSymbol":"TWD","symbol":"NT$"},"Currency:{\"code\":\"NZD\"}":{"code":"NZD","__typename":"Currency","name":"New Zealand Dollar","encodedSymbol":"NZD","symbol":"$NZ"},"Currency:{\"code\":\"NOK\"}":{"code":"NOK","__typename":"Currency","name":"Norwegian Krone","encodedSymbol":"NOK","symbol":"NKR"},"Currency:{\"code\":\"OMR\"}":{"code":"OMR","__typename":"Currency","name":"Omani Rial","encodedSymbol":"OMR","symbol":"RO"},"Currency:{\"code\":\"PLN\"}":{"code":"PLN","__typename":"Currency","name":"Polish Z?oty","encodedSymbol":"z\u0026#x0142;","symbol":"ZL"},"Currency:{\"code\":\"GBP\"}":{"code":"GBP","__typename":"Currency","name":"Pound Sterling","encodedSymbol":"\u0026#163;","symbol":"GBP"},"Currency:{\"code\":\"QAR\"}":{"code":"QAR","__typename":"Currency","name":"Qatari Riyal","encodedSymbol":"QAR","symbol":"QR"},"Currency:{\"code\":\"RON\"}":{"code":"RON","__typename":"Currency","name":"Romanian Leu","encodedSymbol":"lei","symbol":""},"Currency:{\"code\":\"RUB\"}":{"code":"RUB","__typename":"Currency","name":"Russian Ruble","encodedSymbol":"RUB","symbol":"RUB"},"Currency:{\"code\":\"SAR\"}":{"code":"SAR","__typename":"Currency","name":"Saudi Arabian Riyal","encodedSymbol":"SAR","symbol":"SR"},"Currency:{\"code\":\"SGD\"}":{"code":"SGD","__typename":"Currency","name":"Singaporean Dollar","encodedSymbol":"S$","symbol":"S$"},"Currency:{\"code\":\"ZAR\"}":{"code":"ZAR","__typename":"Currency","name":"South African Rand","encodedSymbol":"ZAR","symbol":"R"},"Currency:{\"code\":\"KRW\"}":{"code":"KRW","__typename":"Currency","name":"South Korean Won","encodedSymbol":"KRW","symbol":"W"},"Currency:{\"code\":\"SEK\"}":{"code":"SEK","__typename":"Currency","name":"Swedish Krona","encodedSymbol":"SEK","symbol":"SKR"},"Currency:{\"code\":\"CHF\"}":{"code":"CHF","__typename":"Currency","name":"Swiss Franc","encodedSymbol":"CHF","symbol":"CHF"},"Currency:{\"code\":\"THB\"}":{"code":"THB","__typename":"Currency","name":"Thai Baht","encodedSymbol":"THB","symbol":"TB"},"Currency:{\"code\":\"TRY\"}":{"code":"TRY","__typename":"Currency","name":"Turkish Lira","encodedSymbol":"TL","symbol":"YTL"},"Currency:{\"code\":\"USD\"}":{"code":"USD","__typename":"Currency","name":"U.S. Dollar","encodedSymbol":"$","symbol":"US$"},"Currency:{\"code\":\"UAH\"}":{"code":"UAH","__typename":"Currency","name":"Ukrainian Hryvnia","encodedSymbol":"UAH","symbol":"UAH"},"Currency:{\"code\":\"AED\"}":{"code":"AED","__typename":"Currency","name":"United Arab Emirates Dirham","encodedSymbol":"AED","symbol":"UAE"},"Currency:{\"code\":\"XOF\"}":{"code":"XOF","__typename":"Currency","name":"West African CFA Franc","encodedSymbol":"XOF","symbol":"XOF"}}</script><script nonce="Y346mIyU7Ic0W43">window.Promise||document.write('<script crossorigin="anonymous" src="https://cf.bstatic.com/libs/promise/7.0.4/promise-7.0.4.min.js" nonce="Y346mIyU7Ic0W43"><\/script>')</script><script nonce="Y346mIyU7Ic0W43">"currentScript"in document||document.write('<script src="https://cf.bstatic.com/libs/current-script-polyfill/1.0.0/current-script-polyfill.min.js" nonce="Y346mIyU7Ic0W43"><\/script>')</script><script id="__LOADABLE_REQUIRED_CHUNKS__" nonce="Y346mIyU7Ic0W43" type="application/json">["3adb9e25","34f2af62","fd1a5492","b71e2dc8","5ab48c7f","64feba51","66212866","d01efdaf","51308afc","3c0c92a2","861a93b6","9b319ccc","976086da","7eb49103","7e33f430"]</script><script id="__LOADABLE_REQUIRED_CHUNKS___ext" nonce="Y346mIyU7Ic0W43" type="application/json">{"namedChunks":["src-components-SearchBoxDesktopHorizontal-SearchBoxDesktopHorizontal","src-components-BreadCrumbsDesktop-BreadCrumbsDesktop","src-components-HeaderDesktop-HeaderDesktop","src-components-LeftColumnDesktop-LeftColumnDesktop","src-components-PropertiesListDesktop-PropertiesListDesktop","src-components-TripTypeRecommendations-TripTypeRecommendations","src-components-SortersDropdown-SortersDropdown","bookingcom-web-shell-header-mfe-components-AccommodationHeader-SearchResultHeader","src-components-GlobalAlerts-GlobalAlerts","src-components-PropertiesListMap-PropertiesListMap","bookingcom-marketing-rewards-ui-web-components-RewardsBanner","bookingcom-index-lp-web-mfe-components-WanderlistCarousel","bookingcom-survey-tracker-mfe-banner","common-genius-patterns-GeniusOnboardingSheet-GeniusOnboardingSheet","bookingcom-index-lp-web-mfe-components-GeniusSignInSheet"]}</script><script async="async" crossorigin="anonymous" data-chunk="client" nonce="Y346mIyU7Ic0W43" src="https://cf.bstatic.com/psb/capla/static/js/client.8d612168.js"></script><script async="async" crossorigin="anonymous" data-chunk="bootstrap" nonce="Y346mIyU7Ic0W43" src="https://cf.bstatic.com/psb/capla/static/js/5f950c3a.c4c3a61f.chunk.js"></script><script async="async" crossorigin="anonymous" data-chunk="App" nonce="Y346mIyU7Ic0W43" src="https://cf.bstatic.com/psb/capla/static/js/a922c109.db514c50.chunk.js"></script><script async="async" crossorigin="anonymous" data-chunk="src-components-SearchBoxDesktopHorizontal-SearchBoxDesktopHorizontal" nonce="Y346mIyU7Ic0W43" src="https://cf.bstatic.com/psb/capla/static/js/3adb9e25.16b3a84f.chunk.js"></script><script async="async" crossorigin="anonymous" data-chunk="src-components-BreadCrumbsDesktop-BreadCrumbsDesktop" nonce="Y346mIyU7Ic0W43" src="https://cf.bstatic.com/psb/capla/static/js/34f2af62.bcbd0076.chunk.js"></script><script async="async" crossorigin="anonymous" data-chunk="src-components-HeaderDesktop-HeaderDesktop" nonce="Y346mIyU7Ic0W43" src="https://cf.bstatic.com/psb/capla/static/js/fd1a5492.83588af8.chunk.js"></script><script async="async" crossorigin="anonymous" data-chunk="src-components-LeftColumnDesktop-LeftColumnDesktop" nonce="Y346mIyU7Ic0W43" src="https://cf.bstatic.com/psb/capla/static/js/b71e2dc8.73e2cb58.chunk.js"></script><script async="async" crossorigin="anonymous" data-chunk="src-components-PropertiesListDesktop-PropertiesListDesktop" nonce="Y346mIyU7Ic0W43" src="https://cf.bstatic.com/psb/capla/static/js/5ab48c7f.0139b346.chunk.js"></script><script async="async" crossorigin="anonymous" data-chunk="src-components-TripTypeRecommendations-TripTypeRecommendations" nonce="Y346mIyU7Ic0W43" src="https://cf.bstatic.com/psb/capla/static/js/64feba51.82f6ba42.chunk.js"></script><script async="async" crossorigin="anonymous" data-chunk="src-components-SortersDropdown-SortersDropdown" nonce="Y346mIyU7Ic0W43" src="https://cf.bstatic.com/psb/capla/static/js/66212866.fac51659.chunk.js"></script><script async="async" crossorigin="anonymous" data-chunk="bookingcom-web-shell-header-mfe-components-AccommodationHeader-SearchResultHeader" nonce="Y346mIyU7Ic0W43" src="https://cf.bstatic.com/psb/capla/static/js/d01efdaf.96358d36.chunk.js"></script><script async="async" crossorigin="anonymous" data-chunk="src-components-GlobalAlerts-GlobalAlerts" nonce="Y346mIyU7Ic0W43" src="https://cf.bstatic.com/psb/capla/static/js/51308afc.e7dadbce.chunk.js"></script><script async="async" crossorigin="anonymous" data-chunk="src-components-PropertiesListMap-PropertiesListMap" nonce="Y346mIyU7Ic0W43" src="https://cf.bstatic.com/psb/capla/static/js/3c0c92a2.6dae7f8d.chunk.js"></script><script async="async" crossorigin="anonymous" data-chunk="bookingcom-marketing-rewards-ui-web-components-RewardsBanner" nonce="Y346mIyU7Ic0W43" src="https://cf.bstatic.com/psb/capla/static/js/861a93b6.1bfee23d.chunk.js"></script><script async="async" crossorigin="anonymous" data-chunk="bookingcom-index-lp-web-mfe-components-WanderlistCarousel" nonce="Y346mIyU7Ic0W43" src="https://cf.bstatic.com/psb/capla/static/js/9b319ccc.503c6806.chunk.js"></script><script async="async" crossorigin="anonymous" data-chunk="bookingcom-survey-tracker-mfe-banner" nonce="Y346mIyU7Ic0W43" src="https://cf.bstatic.com/psb/capla/static/js/976086da.00c7dc02.chunk.js"></script><script async="async" crossorigin="anonymous" data-chunk="common-genius-patterns-GeniusOnboardingSheet-GeniusOnboardingSheet" nonce="Y346mIyU7Ic0W43" src="https://cf.bstatic.com/psb/capla/static/js/7eb49103.2cfa0acf.chunk.js"></script><script async="async" crossorigin="anonymous" data-chunk="bookingcom-index-lp-web-mfe-components-GeniusSignInSheet" nonce="Y346mIyU7Ic0W43" src="https://cf.bstatic.com/psb/capla/static/js/7e33f430.d78abf2d.chunk.js"></script><script id="__CAPLA_CHUNK_METADATA__b-search-web-searchresultsBXEQLBaN/SearchBoxDesktopHorizontal" type="application/json">{"chunks":[],"experimentTags":{},"featureNames":{},"copyTags":{}}</script><script id="__CAPLA_CHUNK_METADATA__b-search-web-searchresultsBXEQLBaN/BreadCrumbsDesktop" type="application/json">{"chunks":[],"experimentTags":{},"featureNames":{},"copyTags":{}}</script><script id="__CAPLA_CHUNK_METADATA__b-search-web-searchresultsBXEQLBaN/HeaderDesktop" type="application/json">{"chunks":[],"experimentTags":{},"featureNames":{},"copyTags":{}}</script><script id="__CAPLA_CHUNK_METADATA__b-search-web-searchresultsBXEQLBaN/LeftColumnDesktop" type="application/json">{"chunks":[],"experimentTags":{},"featureNames":{},"copyTags":{}}</script><script id="__CAPLA_CHUNK_METADATA__b-search-web-searchresultsBXEQLBaN/PropertiesListDesktop" type="application/json">{"chunks":[],"experimentTags":{},"featureNames":{},"copyTags":{}}</script><script id="__CAPLA_CHUNK_METADATA__b-search-web-searchresultsBXEQLBaN/SearchBoxDesktop" type="application/json">{"chunks":[],"experimentTags":{},"featureNames":{},"copyTags":{}}</script><script id="__CAPLA_CHUNK_METADATA__b-search-web-searchresultsBXEQLBaN/TripTypeRecommendations" type="application/json">{"chunks":[],"experimentTags":{},"featureNames":{},"copyTags":{}}</script><script id="__CAPLA_CHUNK_METADATA__b-search-web-searchresultsBXEQLBaN/SortersBar" type="application/json">{"chunks":[],"experimentTags":{},"featureNames":{},"copyTags":{}}</script><script id="__CAPLA_CHUNK_METADATA__b-search-web-searchresultsBXEQLBaN/TravellerHeader" type="application/json">{"chunks":[],"experimentTags":{},"featureNames":{},"copyTags":{}}</script><script id="__CAPLA_CHUNK_METADATA__b-search-web-searchresultsBXEQLBaN/GlobalAlerts" type="application/json">{"chunks":[],"experimentTags":{},"featureNames":{},"copyTags":{}}</script><script id="__CAPLA_CHUNK_METADATA__b-search-web-searchresultsBXEQLBaN/PropertiesListMap" type="application/json">{"chunks":[],"experimentTags":{},"featureNames":{},"copyTags":{}}</script><script id="__CAPLA_CHUNK_METADATA__b-search-web-searchresultsBXEQLBaN/MapDesktop" type="application/json">{"chunks":[],"experimentTags":{},"featureNames":{},"copyTags":{}}</script>
<div id="notification_lightbox" class="white" style="display: none;"
>
<div class="sf_container">
<div class="subsc_form">
<form action="https://www.booking.com/newslettersubscribe.html"
method="post"
data-component="emk/subscription-entry-point emk/subscription-entry-point-feedback-msg"
data-emk-entry-point-label="bounce-intent-modal"
data-emk-entry-point-view-event="emk-bounce-intent-modal:open"
class="emk-subscription-entry-point "
>
<div class="newsletter_form_fields">
<h4 class="subsc_title">
Save big 
</h4>
<p>
Get exclusive Booker deals by email
</p>
<input type="hidden" name="label" value="gen000nr-10CAQoggJCD2xhbmRtYXJrXzI2MTA2MEgzWARo7AGIAQGYATO4AQXIAQXYAQPoAQH4AQGIAgGoAgG4AtrfkKgGwAIB0gIkOWIzM2E5MTMtNDMwZC00YzZmLTg5Y2ItZmU2OWJjYjc3MDc02AIB4AIB" />
<input type="hidden" name="lang" value="en-us" />
<input type="hidden" name="sid" value="90259e8437c6096c4ee27fece820d9ea" />
<input type="hidden" name="url" value="" />
<input type="hidden" name="hostname" value="www.booking.com" />
<input type="hidden" name="companyname" value="Booking.com" />
<input type="hidden" name="aid" value="304142" data-ajax-submit />
<input type="hidden" name="label" value="gen000nr-10CAQoggJCD2xhbmRtYXJrXzI2MTA2MEgzWARo7AGIAQGYATO4AQXIAQXYAQPoAQH4AQGIAgGoAgG4AtrfkKgGwAIB0gIkOWIzM2E5MTMtNDMwZC00YzZmLTg5Y2ItZmU2OWJjYjc3MDc02AIB4AIB" data-ajax-submit/>
<input type="hidden" name="endpoint_url" value="https://www.booking.com&#47;searchresults.html?dest_id=261060;dest_type=landmark;si=ai%2Cco%2Cci%2Cre%2Cla%2Cdi&amp;#emk-footer" />
<input type="hidden" name="error_url" value="https://www.booking.com&#47;searchresults.html?dest_id=261060;dest_type=landmark;si=ai%2Cco%2Cci%2Cre%2Cla%2Cdi&amp;#emk-footer" />
<input type="hidden" name="dest_id" value="261060" data-ajax-submit />
<input type="hidden" name="subscribe_source" value="landing_page_ajax_notif_searchresults" data-ajax-submit />
<input type="hidden" name="opt_in" value="1" data-ajax-submit />
<input type="hidden" name="subscribe_notification" value="1" />
<ul class="form_list">
<li class="email_field">
<input type="email" name="to" autocapitalize="off" required="true"
id="email"
class="linedinput"
placeholder="Your email address"
title=""
value=""
data-ajax-submit />
</li>
<li>
<input type="submit"
data-et-click="
"
value="Get deals"
class="subscribebutton" />
</li>
</ul>
<p>
For a limited time only
</p>
</div>
<p class="emk-feedback-msg use_sprites_no_back -invalid" role="alert" aria-live="assertive">
<span class="bicon-close" aria-hidden="true"></span>
<span class="invisible_spoken">Error:</span>
Please enter a valid email address.
</p>
<p class="emk-feedback-msg use_sprites_no_back -error" role="alert" aria-live="assertive">
<span class="bicon-close" aria-hidden="true"></span>
<span class="invisible_spoken">Error:</span>
Oops! An error has occurred.
</p>
<div class="replace-feedback-msg -success">
<h4>
Awesome! You're now subscribed
</h4>
<br />
Soon you'll receive news about top-rated hotels, irresistible deals and exciting destinations!
</div>
</form>
</div>
</div>
</div>
<script nonce="Y346mIyU7Ic0W43">
var B = window.B || { env: {} };
B.env.emk_bounce_intent_modal = true;
</script>
<div class="g-hidden">
<div class="js-user-access-menu-lightbox user-access-menu-lightbox--signin user-access-menu-lightbox--no-password-strength">
<svg class="bk-icon -logos-booking-logo" height="42" style="display:none;" width="252" viewBox="0 0 252 42" role="presentation" aria-hidden="true" focusable="false">
<path d="M15.592 22.92C15.591 20.283 13.924 18.652 11.348 18.652H7.738C6.58 18.815 6.055 19.518 6.055 20.877V26.783L11.348 26.79C13.966 26.79 15.591 25.629 15.592 22.92ZM6.055 13.391H10.819C13.496 13.391 14.449 11.689 14.449 9.911C14.449 7.576 13.057 6.181 10.735 6.181H8.025C6.671 6.268 6.055 6.966 6.055 8.428V13.391ZM21.815 23.351C21.815 28.956 17.536 32.87 10.912 32.87H0V4.87C0.02 3.085 1.872 1.285 3.64 1.218H10.777C16.737 1.218 20.587 4.222 20.587 9.202C20.587 12.462 18.959 14.346 17.988 15.183L17.152 15.9L18.109 16.441C20.432 17.751 21.815 20.333 21.815 23.351V23.351ZM148.135 20.675C148.135 15.58 145.385 14.986 143.325 14.986C139.165 14.986 138.845 19.175 138.845 20.459C138.845 23.376 140.105 26.49 143.665 26.49C145.705 26.49 148.135 25.48 148.135 20.675V20.675ZM154.045 9.738L154.025 30.732C154.025 38.739 148.045 41.584 142.505 41.584C139.815 41.584 136.845 40.858 134.555 39.639L134.105 39.4L134.835 37.53L135.345 36.243C135.905 34.855 136.715 34.509 138.095 34.928C139.155 35.312 140.735 35.739 142.475 35.739C146.045 35.739 148.015 34.05 148.015 30.994V30.356L147.505 30.732C146.215 31.72 144.575 32.205 142.505 32.205C136.445 32.205 132.215 27.445 132.215 20.63C132.215 13.811 136.305 9.228 142.385 9.228C145.445 9.228 147.325 10.309 148.375 11.221L148.675 11.482L148.855 11.132C149.325 10.23 150.275 9.738 151.515 9.738H154.045V9.738ZM67.707 21.184C67.707 17.473 65.411 14.877 62.137 14.877C58.877 14.877 56.608 17.473 56.608 21.184C56.608 24.898 58.878 27.496 62.138 27.496C65.464 27.496 67.708 24.958 67.708 21.184H67.707ZM74.088 21.184C74.088 28.054 69.052 33.04 62.138 33.04C55.234 33.04 50.228 28.054 50.228 21.184C50.228 14.318 55.234 9.331 62.138 9.331C69.052 9.331 74.088 14.318 74.088 21.184ZM105.445 32.677V13.281C105.445 10.941 104.335 9.806 102.025 9.806L99.465 9.796L99.485 27.5H99.465L99.485 32.87H105.445V32.677ZM122.505 9.278C119.175 9.278 117.055 10.765 115.865 12.018L115.465 12.423L115.325 11.873C114.975 10.529 113.795 9.788 112.025 9.788H109.165L109.185 32.683H115.225V22.131C115.225 21.099 115.365 20.205 115.635 19.387C116.355 16.914 117.995 15.378 120.525 15.378C122.555 15.378 123.725 16.453 123.725 19.232V29.203C123.725 31.573 125.195 32.683 127.555 32.683H129.785V18.261C129.785 12.475 127.825 9.278 122.505 9.278V9.278ZM91.436 21.777C91.1964 21.3119 90.8928 20.8827 90.534 20.502L90.326 20.281L90.546 20.069C90.862 19.734 91.186 19.338 91.497 18.878L97.584 9.795H90.195L85.622 16.899C85.363 17.28 84.84 17.472 84.058 17.472H82.48V4.045C82.48 1.36 80.642 0 78.84 0H76.414L76.42 32.691H82.48V23.183H83.63C84.375 23.183 84.883 23.269 85.118 23.675L88.729 30.518C89.736 32.375 90.743 32.691 92.635 32.691H97.651L93.915 26.488L91.436 21.777ZM41.648 21.184C41.648 17.473 39.358 14.877 36.079 14.877C32.819 14.877 30.553 17.473 30.553 21.184C30.553 24.898 32.819 27.496 36.079 27.496C39.405 27.496 41.649 24.958 41.649 21.184H41.648ZM48.028 21.184C48.028 28.054 43.002 33.04 36.079 33.04C29.182 33.04 24.177 28.054 24.177 21.184C24.177 14.318 29.182 9.331 36.079 9.331C43.002 9.331 48.027 14.318 48.027 21.184H48.028ZM98.764 3.81C98.764 1.704 100.464 0 102.544 0C104.634 0 106.334 1.704 106.334 3.81C106.334 5.911 104.634 7.617 102.544 7.617C100.464 7.617 98.764 5.911 98.764 3.81Z" fill="#003580"/>
<path d="M187.08 25.067C187.06 25.088 184.38 27.915 180.87 27.915C177.66 27.915 174.42 25.941 174.42 21.538C174.42 17.73 176.93 15.071 180.53 15.071C181.7 15.071 183.02 15.492 183.23 16.198L183.26 16.318C183.74 17.919 185.19 18.001 185.47 18.001L188.88 18.005V15.021C188.88 11.085 183.89 9.65698 180.53 9.65698C173.35 9.65698 168.14 14.674 168.14 21.584C168.14 28.489 173.29 33.502 180.4 33.502C186.56 33.502 189.91 29.434 189.94 29.391L190.12 29.172L187.43 24.685L187.08 25.067ZM244.43 9.65698C241.73 9.65698 239.25 10.927 237.58 13.05L237.11 13.651L236.74 12.979C235.53 10.776 233.46 9.65698 230.57 9.65698C227.55 9.65698 225.53 11.35 224.58 12.358L223.97 13.024L223.73 12.144C223.39 10.877 222.26 10.178 220.56 10.178H218.06L218.04 32.984H224.01V22.917C224.01 22.036 224.12 21.163 224.34 20.248C224.93 17.816 226.56 15.202 229.3 15.462C230.99 15.626 231.81 16.936 231.81 19.466V32.984H237.44V22.917C237.44 21.813 237.55 20.99 237.79 20.162C238.3 17.842 240.37 15.459 243.02 15.459C244.93 15.459 245.93 16.545 245.93 19.466V29.649C245.93 31.954 247.28 32.984 249.57 32.984H251.99L252 18.424C252 12.607 249.45 9.65698 244.43 9.65698V9.65698ZM203.66 10.043C196.76 10.043 191.35 15.031 191.35 21.898C191.35 28.765 196.76 33.754 203.66 33.754C210.58 33.754 215.61 28.765 215.61 21.898C215.61 15.031 210.58 10.043 203.66 10.043V10.043ZM158.31 29.446C158.31 27.34 160 25.636 162.09 25.636C164.18 25.636 165.88 27.34 165.88 29.446C165.88 31.548 164.18 33.254 162.09 33.254C160 33.254 158.31 31.548 158.31 29.446ZM203.66 28.209C200.4 28.209 198.13 25.611 198.13 21.898C198.13 18.186 200.4 15.59 203.66 15.59C206.93 15.59 209.23 18.186 209.23 21.898C209.23 25.671 206.99 28.209 203.66 28.209Z" fill="#0896FF"/>
</svg>
<svg class="bk-icon -iconset-close" height="128" style="display:none;" width="128" viewBox="0 0 128 128" role="presentation" aria-hidden="true" focusable="false"><path d="M69.7 64l33.1-33.2a4 4 0 0 0-5.6-5.6L64 58.3 30.8 25.2a4 4 0 1 0-5.6 5.6L58.3 64 25.2 97.2a4 4 0 1 0 5.6 5.6L64 69.7l33.2 33.1a4 4 0 0 0 5.6-5.6z"/></svg>
<div class="iam_account_access">
<div class="iam_card iam_login_form">
<div class="iam_login_text iam_login_text--header">
Sign in to continue 
</div>
<a
href="https:&#47;&#47;account.booking.com&#47;auth&#47;oauth2?redirect_uri=https%3A%2F%2Fsecure.booking.com%2Flogin.html%3Fop%3Doauth_return&amp;state=UocCnPCIIMj4ET9phSHK8f0t2I_cGOPtxT7pkUYL-Nb7EHwc3GYUDTDJnShCtj9Q7rb9z4-_Kr5rkKJx0lnLYEPABffePIC9Xk8Z0SGgcEQxxd4jcinw28KVwCRrRHEPKewhZVM1osE1HjhqbCxgbRyLC_2rSrhRUN6M6QX6P37xnPPz2QtlKY_tDF_DOWgZ2T9P5KtwEPP34LGEGgb0uFkm8cKjreu3_n7ZTywNCwjXnku9GbM5u-t3AmIb9vcy-AaXsz7K8khrwgYOqMXDG1YXrqf9Hpyro5Ve9Zo2lpJIEbBhGOHMPnQsJDuoeD7-rnDQyEOs9E_OA9Yj9yYt387PMPtVpZ2UeBQ&amp;dt=1694773210&amp;client_id=vO1Kblk7xX9tUn2cpZLS&amp;response_type=code&amp;bkng_action=searchresults&amp;aid=304142&amp;lang=en-us"
class="iam_login_btn--email bui-button bui-button--large bui-button--wide bui-spacer"
role="button"
data-bui-component="Button"
>
<span class="bui-button__text">
Sign in to your account
</span>
</a>
<div class="iam_login_or">
<div class="iam_login_or_divider"></div>
<span class="iam_login_or_text">or use one of these options</span>
</div>
<div class="access-panel__social-buttons">
<a
href="https:&#47;&#47;account.booking.com&#47;auth&#47;oauth2?redirect_uri=https%3A%2F%2Fsecure.booking.com%2Flogin.html%3Fop%3Doauth_return&amp;state=UocCnPCIIMj4ET9phSHK8f0t2I_cGOPtxT7pkUYL-Nb7EHwc3GYUDTDJnShCtj9Q7rb9z4-_Kr5rkKJx0lnLYEPABffePIC9Xk8Z0SGgcEQxxd4jcinw28KVwCRrRHEPKewhZVM1osE1HjhqbCxgbRyLC_2rSrhRUN6M6QX6P37xnPPz2QtlKY_tDF_DOWgZ2T9P5KtwEPP34LGEGgb0uFkm8cKjreu3_n7ZTywNCwjXnku9GbM5u-t3AmIb9vcy-AaXsz7K8khrwgYOqMXDG1YXrqf9Hpyro5Ve9Zo2lpJIEbBhGOHMPnQsJDuoeD7-rnDQyEOs9E_OA9Yj9yYt387PMPtVpZ2UeBQ&amp;dt=1694773210&amp;client_id=vO1Kblk7xX9tUn2cpZLS&amp;response_type=code&amp;bkng_action=searchresults&amp;aid=304142&amp;lang=en-us&amp;prompt=facebook"
data-popup-href="https:&#47;&#47;account.booking.com&#47;auth&#47;oauth2?dt=1694773210&amp;client_id=vO1Kblk7xX9tUn2cpZLS&amp;response_type=code&amp;bkng_action=searchresults&amp;aid=304142&amp;lang=en-us&amp;redirect_uri=https%3A%2F%2Fsecure.booking.com%2Flogin.html%3Fop%3Doauth_return&amp;state=Ut8BnPCIIMj4ET8gZiXXYw9WVD7RHz5DOCVmWo-HZ7x5Zgotrrzt2X8JtG-iaZ5m01eB-5mzsk4EBt1ynrXI9FZytbgtDEqj22QNu25eAH-Y_4SmdV10DI97_ufMOJFZx_155WGJ0-q0JmaPZ0zMukFOySeiMnJcurpBfHqwuxgAZNgzY6oKF5YOwMN7cBGvvSiGzWjGVnVdLc3EnMl7jHv5uGqHS6vp4UnvbNLaNvSffvkBosdDN5m1zeC0xv9wEQe8ZXAZMYoWfQ0XqtozLifeCyDxJKrgNYAV2t5vvud3VA&amp;popup=1&amp;prompt=facebook"
class="iam_login_form__social-button iam_login_form__social-button-facebook bui-button bui-button--secondary "
title="Sign in with Facebook"
aria-label="Sign in with Facebook"
data-component="iam/social-button"
data-mask="true"
>
<div class="iam_login_form__social-button-content">
<div class="iam_login_form__social-button-image">
<svg class="bk-icon -social-providers-facebook" height="24" width="24" viewBox="0 0 24 24" role="presentation" aria-hidden="true" focusable="false"><path d="m22.675 0h-21.35c-.732 0-1.325.593-1.325 1.325v21.351c0 .731.593 1.324 1.325 1.324h11.495v-9.294h-3.128v-3.622h3.128v-2.671c0-3.1 1.893-4.788 4.659-4.788 1.325 0 2.463.099 2.795.143v3.24l-1.918.001c-1.504 0-1.795.715-1.795 1.763v2.313h3.587l-.467 3.622h-3.12v9.293h6.116c.73 0 1.323-.593 1.323-1.325v-21.35c0-.732-.593-1.325-1.325-1.325z" fill="#4469b0"/></svg>
</div>
</div>
</a>
<a
href="https:&#47;&#47;account.booking.com&#47;auth&#47;oauth2?redirect_uri=https%3A%2F%2Fsecure.booking.com%2Flogin.html%3Fop%3Doauth_return&amp;state=UocCnPCIIMj4ET9phSHK8f0t2I_cGOPtxT7pkUYL-Nb7EHwc3GYUDTDJnShCtj9Q7rb9z4-_Kr5rkKJx0lnLYEPABffePIC9Xk8Z0SGgcEQxxd4jcinw28KVwCRrRHEPKewhZVM1osE1HjhqbCxgbRyLC_2rSrhRUN6M6QX6P37xnPPz2QtlKY_tDF_DOWgZ2T9P5KtwEPP34LGEGgb0uFkm8cKjreu3_n7ZTywNCwjXnku9GbM5u-t3AmIb9vcy-AaXsz7K8khrwgYOqMXDG1YXrqf9Hpyro5Ve9Zo2lpJIEbBhGOHMPnQsJDuoeD7-rnDQyEOs9E_OA9Yj9yYt387PMPtVpZ2UeBQ&amp;dt=1694773210&amp;client_id=vO1Kblk7xX9tUn2cpZLS&amp;response_type=code&amp;bkng_action=searchresults&amp;aid=304142&amp;lang=en-us&amp;prompt=google"
data-popup-href="https:&#47;&#47;account.booking.com&#47;auth&#47;oauth2?dt=1694773210&amp;client_id=vO1Kblk7xX9tUn2cpZLS&amp;response_type=code&amp;bkng_action=searchresults&amp;aid=304142&amp;lang=en-us&amp;redirect_uri=https%3A%2F%2Fsecure.booking.com%2Flogin.html%3Fop%3Doauth_return&amp;state=Ut8BnPCIIMj4ET8gZiXXYw9WVD7RHz5DOCVmWo-HZ7x5Zgotrrzt2X8JtG-iaZ5m01eB-5mzsk4EBt1ynrXI9FZytbgtDEqj22QNu25eAH-Y_4SmdV10DI97_ufMOJFZx_155WGJ0-q0JmaPZ0zMukFOySeiMnJcurpBfHqwuxgAZNgzY6oKF5YOwMN7cBGvvSiGzWjGVnVdLc3EnMl7jHv5uGqHS6vp4UnvbNLaNvSffvkBosdDN5m1zeC0xv9wEQe8ZXAZMYoWfQ0XqtozLifeCyDxJKrgNYAV2t5vvud3VA&amp;popup=1&amp;prompt=google"
class="iam_login_form__social-button iam_login_form__social-button-google bui-button bui-button--secondary "
title="Sign in with Google"
aria-label="Sign in with Google"
data-component="iam/social-button"
data-mask="true"
>
<div class="iam_login_form__social-button-content">
<div class="iam_login_form__social-button-image">
<svg class="bk-icon -social-providers-google" height="24" width="24" viewBox="0 0 262 262" role="presentation" aria-hidden="true" focusable="false"><path d="M255.878 133.451c0-10.734-.871-18.567-2.756-26.69H130.55v48.448h71.947c-1.45 12.04-9.283 30.172-26.69 42.356l-.244 1.622 38.755 30.023 2.685.268c24.659-22.774 38.875-56.282 38.875-96.027" fill="#4285F4"/><path d="M130.55 261.1c35.248 0 64.839-11.605 86.453-31.622l-41.196-31.913c-11.024 7.688-25.82 13.055-45.257 13.055-34.523 0-63.824-22.773-74.269-54.25l-1.531.13-40.298 31.187-.527 1.465C35.393 231.798 79.49 261.1 130.55 261.1" fill="#34A853"/><path d="M56.281 156.37c-2.756-8.123-4.351-16.827-4.351-25.82 0-8.994 1.595-17.697 4.206-25.82l-.073-1.73L15.26 71.312l-1.335.635C5.077 89.644 0 109.517 0 130.55s5.077 40.905 13.925 58.602l42.356-32.782" fill="#FBBC05"/><path d="M130.55 50.479c24.514 0 41.05 10.589 50.479 19.438l36.844-35.974C195.245 12.91 165.798 0 130.55 0 79.49 0 35.393 29.301 13.925 71.947l42.211 32.783c10.59-31.477 39.891-54.251 74.414-54.251" fill="#EB4335"/></svg>
</div>
</div>
</a>
<a
href="https:&#47;&#47;account.booking.com&#47;auth&#47;oauth2?redirect_uri=https%3A%2F%2Fsecure.booking.com%2Flogin.html%3Fop%3Doauth_return&amp;state=UocCnPCIIMj4ET9phSHK8f0t2I_cGOPtxT7pkUYL-Nb7EHwc3GYUDTDJnShCtj9Q7rb9z4-_Kr5rkKJx0lnLYEPABffePIC9Xk8Z0SGgcEQxxd4jcinw28KVwCRrRHEPKewhZVM1osE1HjhqbCxgbRyLC_2rSrhRUN6M6QX6P37xnPPz2QtlKY_tDF_DOWgZ2T9P5KtwEPP34LGEGgb0uFkm8cKjreu3_n7ZTywNCwjXnku9GbM5u-t3AmIb9vcy-AaXsz7K8khrwgYOqMXDG1YXrqf9Hpyro5Ve9Zo2lpJIEbBhGOHMPnQsJDuoeD7-rnDQyEOs9E_OA9Yj9yYt387PMPtVpZ2UeBQ&amp;dt=1694773210&amp;client_id=vO1Kblk7xX9tUn2cpZLS&amp;response_type=code&amp;bkng_action=searchresults&amp;aid=304142&amp;lang=en-us&amp;prompt=apple"
data-popup-href="https:&#47;&#47;account.booking.com&#47;auth&#47;oauth2?dt=1694773210&amp;client_id=vO1Kblk7xX9tUn2cpZLS&amp;response_type=code&amp;bkng_action=searchresults&amp;aid=304142&amp;lang=en-us&amp;redirect_uri=https%3A%2F%2Fsecure.booking.com%2Flogin.html%3Fop%3Doauth_return&amp;state=Ut8BnPCIIMj4ET8gZiXXYw9WVD7RHz5DOCVmWo-HZ7x5Zgotrrzt2X8JtG-iaZ5m01eB-5mzsk4EBt1ynrXI9FZytbgtDEqj22QNu25eAH-Y_4SmdV10DI97_ufMOJFZx_155WGJ0-q0JmaPZ0zMukFOySeiMnJcurpBfHqwuxgAZNgzY6oKF5YOwMN7cBGvvSiGzWjGVnVdLc3EnMl7jHv5uGqHS6vp4UnvbNLaNvSffvkBosdDN5m1zeC0xv9wEQe8ZXAZMYoWfQ0XqtozLifeCyDxJKrgNYAV2t5vvud3VA&amp;popup=1&amp;prompt=apple"
class="iam_login_form__social-button iam_login_form__social-button-apple bui-button bui-button--secondary "
title="Sign in with Apple"
aria-label="Sign in with Apple"
data-component="iam/social-button"
data-mask="true"
>
<div class="iam_login_form__social-button-content">
<div class="iam_login_form__social-button-image">
<svg class="bk-icon -social-providers-apple" height="24" width="24" viewBox="0 0 170 170" role="presentation" aria-hidden="true" focusable="false"><path d="M150.37 130.25c-2.45 5.66-5.35 10.87-8.71 15.66-4.58 6.53-8.33 11.05-11.22 13.56-4.48 4.12-9.28 6.23-14.42 6.35-3.69 0-8.14-1.05-13.32-3.18-5.197-2.12-9.973-3.17-14.34-3.17-4.58 0-9.492 1.05-14.746 3.17-5.262 2.13-9.501 3.24-12.742 3.35-4.929.21-9.842-1.96-14.746-6.52-3.13-2.73-7.045-7.41-11.735-14.04-5.032-7.08-9.169-15.29-12.41-24.65-3.471-10.11-5.211-19.9-5.211-29.378 0-10.857 2.346-20.221 7.045-28.068 3.693-6.303 8.606-11.275 14.755-14.925s12.793-5.51 19.948-5.629c3.915 0 9.049 1.211 15.429 3.591 6.362 2.388 10.447 3.599 12.238 3.599 1.339 0 5.877-1.416 13.57-4.239 7.275-2.618 13.415-3.702 18.445-3.275 13.63 1.1 23.87 6.473 30.68 16.153-12.19 7.386-18.22 17.731-18.1 31.002.11 10.337 3.86 18.939 11.23 25.769 3.34 3.17 7.07 5.62 11.22 7.36-.9 2.61-1.85 5.11-2.86 7.51zM119.11 7.24c0 8.102-2.96 15.667-8.86 22.669-7.12 8.324-15.732 13.134-25.071 12.375a25.222 25.222 0 0 1-.188-3.07c0-7.778 3.386-16.102 9.399-22.908 3.002-3.446 6.82-6.311 11.45-8.597 4.62-2.252 8.99-3.497 13.1-3.71.12 1.083.17 2.166.17 3.24z"/></svg>
</div>
</div>
</a>
</div>
<div class="iam_login_text iam_login_text--footer">
Don't have an account yet? <a href="https:&#47;&#47;account.booking.com&#47;auth&#47;oauth2?redirect_uri=https%3A%2F%2Fsecure.booking.com%2Flogin.html%3Fop%3Doauth_return&amp;state=UocCnPCIIMj4ET9phSHK8f0t2I_cGOPtxT7pkUYL-Nb7EHwc3GYUDTDJnShCtj9Q7rb9z4-_Kr5rkKJx0lnLYEPABffePIC9Xk8Z0SGgcEQxxd4jcinw28KVwCRrRHEPKewhZVM1osE1HjhqbCxgbRyLC_2rSrhRUN6M6QX6P37xnPPz2QtlKY_tDF_DOWgZ2T9P5KtwEPP34LGEGgb0uFkm8cKjreu3_n7ZTywNCwjXnku9GbM5u-t3AmIb9vcy-AaXsz7K8khrwgYOqMXDG1YXrqf9Hpyro5Ve9Zo2lpJIEbBhGOHMPnQsJDuoeD7-rnDQyEOs9E_OA9Yj9yYt387PMPtVpZ2UeBQ&amp;dt=1694773210&amp;client_id=vO1Kblk7xX9tUn2cpZLS&amp;response_type=code&amp;bkng_action=searchresults&amp;aid=304142&amp;lang=en-us&prompt=register"
class="iam_login_link"
>Create your account</a>
</div>
</div>
</div>
</div>
</div>
<div style="display: none;" id="logo-not-document-write"></div>
<script type="text/javascript" nonce="Y346mIyU7Ic0W43">
setTimeout(function(){
var img = new Image(1,1);
img.src = '/logo?ver=1&sid=90259e8437c6096c4ee27fece820d9ea&t='+1694773210+1;
},0);
</script>
<noscript>
<img style="display:none" src="/logo?ver=0&sid=90259e8437c6096c4ee27fece820d9ea&t=1694773210">
</noscript>
<svg class="bk-icon -iconset-close_circle" height="128" style="display:none;" width="128" viewBox="0 0 128 128" role="presentation" aria-hidden="true" focusable="false"><path d="M64 8a56 56 0 1 0 56 56A56 56 0 0 0 64 8zm22.2 69.8a6 6 0 1 1-8.4 8.4L64 72.5 50.2 86.2a6 6 0 0 1-8.4-8.4L55.5 64 41.8 50.2a6 6 0 0 1 8.4-8.4L64 55.5l13.8-13.7a6 6 0 0 1 8.4 8.4L72.5 64z"/></svg>
<svg class="bk-icon -iconset-close_bold" height="128" style="display:none;" width="128" viewBox="0 0 128 128" role="presentation" aria-hidden="true" focusable="false"><path d="M75.3 64l26.4-26.3a8 8 0 0 0-11.4-11.4L64 52.7 37.7 26.3a8 8 0 0 0-11.4 11.4L52.7 64 26.3 90.3a8 8 0 0 0 11.3 11.4L64 75.3l26.3 26.4a8 8 0 0 0 11.4-11.4z"/></svg>
<svg class="bk-icon -iconset-navarrow_right_bold" height="128" style="display:none;" width="128" viewBox="0 0 128 128" role="presentation" aria-hidden="true" focusable="false"><path d="M48 104a8 8 0 0 1-5.7-13.7L68.7 64 42.3 37.7a8 8 0 0 1 11.4-11.4L91.3 64l-37.6 37.7A8 8 0 0 1 48 104z"/></svg>
<svg class="bk-icon -iconset-navarrow_left_bold" height="128" style="display:none;" width="128" viewBox="0 0 128 128" role="presentation" aria-hidden="true" focusable="false"><path d="M80 104a8 8 0 0 1-5.7-2.3L36.7 64l37.6-37.7a8 8 0 0 1 11.4 11.4L59.3 64l26.4 26.3A8 8 0 0 1 80 104z"/></svg>
<svg class="bk-icon -iconset-clock" height="128" style="display:none;" width="128" viewBox="0 0 128 128" role="presentation" aria-hidden="true" focusable="false"><path d="M64 8a56 56 0 1 0 56 56A56 56 0 0 0 64 8zm0 104a48 48 0 1 1 48-48 48 48 0 0 1-48 48zm24-44a4 4 0 0 1-4 4H56V36a4 4 0 0 1 8 0v28h20a4 4 0 0 1 4 4z"/></svg>
<svg class="bk-icon -iconset-centermap" height="128" style="display:none;" width="128" viewBox="0 0 128 128" role="presentation" aria-hidden="true" focusable="false"><path d="M64 78a14 14 0 1 1 14-14 14 14 0 0 1-14 14zM27.4 48.6A2 2 0 0 0 24 50v10H8v8h16v10.3a2 2 0 0 0 3.4 1.4l14.1-14.2a2 2 0 0 0 0-2.8zM120 60h-16V50a2 2 0 0 0-3.4-1.4L86.5 62.7a2 2 0 0 0 0 2.8l14.1 14.2a2 2 0 0 0 3.4-1.4V68h16zM65.4 86.6a2 2 0 0 0-2.8 0l-14.2 14.2a2 2 0 0 0 1.4 3.4H60V120h8v-15.8h10.2a2 2 0 0 0 1.4-3.4zm12.8-62.4H68V8h-8v16.1H49.9a2 2 0 0 0-1.5 3.4l14.2 14.2a2 2 0 0 0 2.8 0l14.2-14.2a2 2 0 0 0-1.4-3.4z"/></svg>
<svg class="bk-icon -iconset-airplane" height="128" style="display:none;" width="128" viewBox="0 0 128 128" role="presentation" aria-hidden="true" focusable="false"><path d="M8.3 83.1l2.8-2.8a1 1 0 0 1 .7-.3h27.3l16-17.5-41.7-32a4 4 0 0 1-1.1-5.3l1.3-2.8a4 4 0 0 1 5.1-1.6l55.5 21.1L98 16a28.6 28.6 0 0 1 18-8 4 4 0 0 1 4 4 28.6 28.6 0 0 1-8 18L86.6 53.4l21 55.3a4 4 0 0 1-1.6 5.1l-2.7 1.4A4 4 0 0 1 98 114L66 72.3 48 89v27.3a1 1 0 0 1-.3.7l-2.8 2.8a1 1 0 0 1-1.6-.2L30.7 97.3 8.5 84.7a1 1 0 0 1-.2-1.6z"/></svg>
<svg class="bk-icon -iconset-landmark" height="128" style="display:none;" width="128" viewBox="0 0 128 128" role="presentation" aria-hidden="true" focusable="false"><rect x="8" y="106" width="112" height="10" rx="2" ry="2"/><path d="M24 60a2 2 0 0 0-2 1.8v34.4a2 2 0 0 0 2 1.8h8a2 2 0 0 0 2-1.8V61.8a2 2 0 0 0-2-1.8zm24 0a2 2 0 0 0-2 1.8v34.4a2 2 0 0 0 2 1.8h8a2 2 0 0 0 2-1.8V61.8a2 2 0 0 0-2-1.8zm24 0a2 2 0 0 0-2 1.8v34.4a2 2 0 0 0 2 1.8h8a2 2 0 0 0 2-1.8V61.8a2 2 0 0 0-2-1.8zm24 0a2 2 0 0 0-2 1.8v34.4a2 2 0 0 0 2 1.8h8a2 2 0 0 0 2-1.8V61.8a2 2 0 0 0-2-1.8zm-85.8-8h107.6a2 2 0 0 0 1.3-3.7L65 12.3a2 2 0 0 0-2.2 0l-53.9 36a2 2 0 0 0 1.3 3.7z"/></svg>
<svg class="bk-icon -iconset-navarrow_left" height="128" style="display:none;" width="128" viewBox="0 0 128 128" role="presentation" aria-hidden="true" focusable="false"><path d="M73.7 96a4 4 0 0 1-2.9-1.2L40 64l30.8-30.8a4 4 0 0 1 5.7 5.6L51.3 64l25.2 25.2a4 4 0 0 1-2.8 6.8z"/></svg>
<svg class="bk-icon -iconset-navarrow_right" height="128" style="display:none;" width="128" viewBox="0 0 128 128" role="presentation" aria-hidden="true" focusable="false"><path d="M54.3 96a4 4 0 0 1-2.8-6.8L76.7 64 51.5 38.8a4 4 0 0 1 5.7-5.6L88 64 57.2 94.8a4 4 0 0 1-2.9 1.2z"/></svg>
<svg class="bk-icon -iconset-sort_filters" height="128" style="display:none;" width="128" viewBox="0 0 128 128" role="presentation" aria-hidden="true" focusable="false"><path d="M40 88h8v32h-8v-8H16a8 8 0 0 1 0-16h24zm72 8H56v16h56a8 8 0 0 0 0-16zM16 72h72v8h8V48h-8v8H16a8 8 0 0 0 0 16zm96-16h-8v16h8a8 8 0 0 0 0-16zM16 32h40v8h8V8h-8v8H16a8 8 0 0 0 0 16zm104-8a8 8 0 0 0-8-8H72v16h40a8 8 0 0 0 8-8z"/></svg>
<svg class="bk-icon -iconset-walk" height="128" style="display:none;" width="128" viewBox="0 0 128 128" role="presentation" aria-hidden="true" focusable="false"><path d="M103.1 33.6c-1-8.7-2-22.2-12.3-25.2C80 5.2 75.5 21.9 73.3 29.3a96.3 96.3 0 0 0-3 29.5 4 4 0 0 0 3.4 3.8l19 2.6a4 4 0 0 0 4.3-2.6c3-8.6 7-20.9 6.1-29zM89 74.8l-13.7-1.9a4 4 0 0 0-4.5 3.7c-1.1 22.8 16.5 26.3 21.5 3a4 4 0 0 0-3.3-4.8zM54.7 53.6C50.2 46 43.7 34.3 33.1 36c-11 1.7-8.3 18.8-7.2 26.4a95.8 95.8 0 0 0 9.5 28 4 4 0 0 0 4.7 2l18.3-5.8a4 4 0 0 0 2.8-4.1c-.8-9-2.3-22-6.5-29zm-11.5 52.7c8.4 21.2 25.8 16.9 20.8-6.5a4 4 0 0 0-5-2.9L45.6 101a4 4 0 0 0-2.5 5.3z"/></svg>
<svg class="bk-icon -iconset-train" height="128" style="display:none;" width="128" viewBox="0 0 128 128" role="presentation" aria-hidden="true" focusable="false"><path d="M112 96V64c0-12-4.8-34-7-43.5a8 8 0 0 0-5.5-5.9C91.5 12.3 81.8 8 64 8s-27.4 4.3-35.5 6.6a8 8 0 0 0-5.6 6C20.8 30 16 52 16 64v32a8 8 0 0 0 8 8h11.8l-17.6 14.2a1 1 0 0 0 .6 1.8h12.8a1 1 0 0 0 .7-.3L48 104h32l15.7 15.7a1 1 0 0 0 .7.3h12.8a1 1 0 0 0 .6-1.8L92.2 104H104a8 8 0 0 0 8-8zM56 20a4 4 0 0 1 4-4h8a4 4 0 0 1 4 4 4 4 0 0 1-4 4h-8a4 4 0 0 1-4-4zM34 94a10 10 0 1 1 10-10 10 10 0 0 1-10 10zm-6-30a4 4 0 0 1-4-4.8l4.3-24a4 4 0 0 1 4-3.2h63.6a4 4 0 0 1 3.9 3l4 24a4 4 0 0 1-4 5zm66 30a10 10 0 1 1 10-10 10 10 0 0 1-10 10z"/></svg>
<svg class="bk-icon -iconset-car_front" height="128" style="display:none;" width="128" viewBox="0 0 128 128" role="presentation" aria-hidden="true" focusable="false"><path d="M109.2 48.9L100 26a16 16 0 0 0-14.8-10H42.8A16 16 0 0 0 28 26l-9.1 23A16 16 0 0 0 8 64v24a8 8 0 0 0 8 8v8a8 8 0 0 0 16 0v-8h64v8a8 8 0 0 0 16 0v-8a8 8 0 0 0 8-8V64a16 16 0 0 0-10.8-15.1zM35.4 29a8 8 0 0 1 7.4-5h42.4a8 8 0 0 1 7.4 5l7.6 19H27.8zM26 76a10 10 0 1 1 10-10 10 10 0 0 1-10 10zm76 0a10 10 0 1 1 10-10 10 10 0 0 1-10 10z"/></svg>
<svg class="bk-icon -iconset-food_and_drink" height="128" style="display:none;" width="128" viewBox="0 0 128 128" role="presentation" aria-hidden="true" focusable="false"><path d="M64 39.4c0-12.7-4-24-10.2-31.4H18.2A49.6 49.6 0 0 0 8 39.4c0 20.4 10.4 37.4 24 40.2V112H20a4 4 0 0 0 0 8h32a4 4 0 0 0 0-8H40V79.6c13.6-2.8 24-19.8 24-40.2zM22.2 16h27.6c4 6.2 6.2 14.5 6.2 23.4v.6H16v-.6c0-9 2.2-17.2 6.2-23.4zM120 44a12 12 0 0 1-12 12h-3.6l3.4 59.8a4 4 0 0 1-4 4.2h-7.6a4 4 0 0 1-4-4.2L95.6 56H92a12 12 0 0 1-12-12l3.9-35.1a1 1 0 0 1 1-.9H87a1 1 0 0 1 1 1v19a4 4 0 0 0 4 4h4.8L98 9a1 1 0 0 1 1-1h2a1 1 0 0 1 1 1l1.1 23h4.9a4 4 0 0 0 4-4V9a1 1 0 0 1 1-1h2.1a1 1 0 0 1 1 .9z"/></svg>
<svg class="bk-icon -iconset-shopping_bag" height="128" style="display:none;" width="128" viewBox="0 0 128 128" role="presentation" aria-hidden="true" focusable="false"><path d="M104 48c-.6-4-3.7-8-8-8H32c-4.3 0-7.5 3.4-8 8l-8 64a8.1 8.1 0 0 0 8 8h80a8.1 8.1 0 0 0 8-8zM48 62a6 6 0 0 1-6-6 6 6 0 1 1 6 6zm32 0a6 6 0 0 1-6-6 6 6 0 1 1 6 6zm5.6-32.5a21.6 21.6 0 0 0-43.2 0v2.6h6.8v-2.6a14.8 14.8 0 0 1 29.6 0v2.6h6.8v-2.6z"/></svg>
<svg class="bk-icon -iconset-theater" height="128" style="display:none;" width="128" viewBox="0 0 128 128" role="presentation" aria-hidden="true" focusable="false"><path d="M80 56.9V8H8v48.9C8 78.5 23.9 96 43.4 96h1.2C64 96 80 78.5 80 56.9zM44.6 88h-1.2C28.4 88 16 74 16 56.9V16h56v40.9C72 74 59.7 88 44.6 88zM120 32v48.9c0 21.6-15.9 39.1-35.4 39.1h-1.2c-12.2 0-23-6.8-29.3-17.2a40.8 40.8 0 0 0 7.8-2.7c5 7.2 12.8 11.9 21.5 11.9h1.2c15 0 27.4-14 27.4-31.1V40H88v-8zM30.8 42.8a4 4 0 0 1-5.6-5.6l8-8a4 4 0 0 1 5.6 5.6zM92 64a4 4 0 0 1-2.8-6.8l8-8a4 4 0 0 1 5.6 5.6l-8 8A4 4 0 0 1 92 64zM62.8 37.2a4 4 0 1 1-5.6 5.6l-8-8a4 4 0 1 1 5.6-5.6zm-3.6 20.4a4 4 0 0 1 .7 3.4A16.5 16.5 0 0 1 28 61a4 4 0 0 1 3.9-5h24a4 4 0 0 1 3.2 1.6zM84 79a16.4 16.4 0 0 1 15.9 12 4 4 0 0 1-3.9 5H72a4 4 0 0 1-3.9-5A16.4 16.4 0 0 1 84 79z"/></svg>
<svg class="bk-icon -iconset-tree" height="128" style="display:none;" width="128" viewBox="0 0 128 128" role="presentation" aria-hidden="true" focusable="false"><path d="M72 84.8V108a4 4 0 0 0 4 4h7.8a4.1 4.1 0 0 1 4.1 3.2A4 4 0 0 1 84 120H44a4 4 0 0 1-4-4.8 4.1 4.1 0 0 1 4.1-3.2H52a4 4 0 0 0 4-4V84.8a24 24 0 1 1-20.5-43.2 28.5 28.5 0 1 1 56.1-.4A24 24 0 1 1 72 84.8z"/></svg>
<svg class="bk-icon -iconset-institution" height="128" style="display:none;" width="128" viewBox="0 0 128 128" role="presentation" aria-hidden="true" focusable="false"><path d="M120 116a4 4 0 0 1-4 4H12a4 4 0 0 1 0-8h104a4 4 0 0 1 4 4zM16 92v8a4 4 0 0 0 8 0v-8a4 4 0 0 0-8 0zm16 0v8a4 4 0 0 0 8 0v-8a4 4 0 0 0-8 0zm16 0v8a4 4 0 0 0 8 0v-8a4 4 0 0 0-8 0zm24 0v8a4 4 0 0 0 8 0v-8a4 4 0 0 0-8 0zm16 0v8a4 4 0 0 0 8 0v-8a4 4 0 0 0-8 0zm16 0v8a4 4 0 0 0 8 0v-8a4 4 0 0 0-8 0zM12 80h104a4 4 0 0 0 2-7.6L68 56V35c10.8.9 25.4-9.6 36 0V12.2c-11.7-10.6-24.4 2.4-36 .4V12a4 4 0 0 0-8 0v44L10 72.4a4 4 0 0 0 2 7.6z"/></svg>
<svg class="bk-icon -iconset-gallery" height="128" style="display:none;" width="128" viewBox="0 0 128 128" role="presentation" aria-hidden="true" focusable="false"><path d="M64.2 8h-.4a7 7 0 1 0 .4 0zm-7.1 12.9L38 40l-2-2 19.6-19.6a9.7 9.7 0 0 0 1.5 2.5z"/><path d="M116.4 103.7c-.9-2-2-3.8-1.4-6 1.3-4.3 2.8-8.6 4-13a34.5 34.5 0 0 0 1-9.7c0-4.8-2.7-9.3-4-14-.6-2.1-1.7-4-.6-6.3s2.3-4.4 3.6-6.7c2-3.6.3-8.1-2-10-2.5-2-5.8-2-9-1-4 1.3-7 2-11 3a25.3 25.3 0 0 1-7 1c-2.5-.2-4-1.6-6-3a8.2 8.2 0 0 0-8-1c-2.8 1.1-5.5 2.3-8.3 3.3a9.8 9.8 0 0 1-7.4 0c-2.9-1-5.5-2.1-8.3-3.3a8.2 8.2 0 0 0-8 1c-2 1.4-3.5 2.8-6 3a25.3 25.3 0 0 1-7-1c-4-1-7-1.7-11-3-3.2-1-6.5-1-9 1-2.3 1.9-4 6.4-2 10l3.5 6.7c1.1 2.3 0 4.2-.5 6.3-1.3 4.6-4 9.2-4 14a34.5 34.5 0 0 0 1 9.8c1.2 4.3 2.7 8.6 4 12.9.5 2.1-.6 4-1.4 6a43.7 43.7 0 0 0-2.5 4.8C8 112 9 116 12 118a9 9 0 0 0 7.7 1.4L32 116a10.4 10.4 0 0 1 6.8-.2c2.2.7 4.3 1.8 6.5 2.6a28.6 28.6 0 0 0 4.4 1.4c2.8.6 5.2-.6 7.4-2C59 116.4 62 115 64 115s5 1.5 7 2.7c2.1 1.5 4.5 2.7 7.3 2.1a28.6 28.6 0 0 0 4.4-1.4c2.2-.8 4.3-1.9 6.5-2.6a10.4 10.4 0 0 1 6.8.2l12.3 3.5a9 9 0 0 0 7.7-1.5c3-2 4-6 2.8-9.6a43.7 43.7 0 0 0-2.4-4.7zM16.7 113a1.8 1.8 0 1 1 1.8-1.8 1.8 1.8 0 0 1-1.8 1.8zm0-66.5a1.8 1.8 0 1 1 1.8-1.8 1.8 1.8 0 0 1-1.8 1.8zM106 99a7 7 0 0 1-7 7H29a7 7 0 0 1-7-7V57a7 7 0 0 1 7-7h70a7 7 0 0 1 7 7zm5.3 14a1.8 1.8 0 1 1 1.7-1.8 1.8 1.8 0 0 1-1.7 1.8zm0-66.5a1.8 1.8 0 1 1 1.7-1.7 1.8 1.8 0 0 1-1.7 1.7z"/><path d="M70.8 20.9L90 40l2-2-19.6-19.6a9.7 9.7 0 0 1-1.6 2.5z"/><circle cx="85.2" cy="66.8" r="10.8"/><polygon points="99 102 81 84 73.8 91.2 55.8 73.2 27 102 99 102"/></svg>
<svg class="bk-icon -iconset-attractions" height="128" style="display:none;" width="128" viewBox="0 0 128 128" role="presentation" aria-hidden="true" focusable="false"><path d="M110 54a10 10 0 0 0-3 .5 43.7 43.7 0 0 0-5.9-14.2A10 10 0 1 0 87.6 27a43.7 43.7 0 0 0-14-5.8 10 10 0 1 0-19 0 43.7 43.7 0 0 0-14 5.8 10 10 0 1 0-13.7 13.4A43.7 43.7 0 0 0 21 54.5a10 10 0 1 0 0 19 43.7 43.7 0 0 0 5.8 14A10 10 0 1 0 40.3 101a43.8 43.8 0 0 0 10.3 4.9l-2 10.5a3 3 0 0 0 2.9 3.6h24.8a3 3 0 0 0 3-3.6L77.2 106a43.8 43.8 0 0 0 10.7-5 10 10 0 1 0 13.5-14 43.7 43.7 0 0 0 5.6-13.6 10 10 0 1 0 3-19.5zm-36.3 7.5a10 10 0 0 0-1.2-2.7l18.6-18.5a35.8 35.8 0 0 1 8.8 21.2zM69 55.3a10 10 0 0 0-2.5-1V28.1a35.8 35.8 0 0 1 21 8.7zm-7.5-1a10 10 0 0 0-2.6 1.1L40.3 37a35.8 35.8 0 0 1 21.2-8.9zM55.4 59a10 10 0 0 0-1 2.5H28a35.8 35.8 0 0 1 8.7-21zm-1 7.5a10 10 0 0 0 1 2.5L36.8 87.5a35.8 35.8 0 0 1-8.7-21zM91 87.3L72.6 69a10 10 0 0 0 1-2.5H100a35.8 35.8 0 0 1-8.1 20.4l-.7.4zm-50.8 3.8l18.5-18.5a10 10 0 0 0 2.7 1V90h-5.2a3 3 0 0 0-3 2.4l-1 5.6a36 36 0 0 1-12-7zm34.2 1.3a3 3 0 0 0-3-2.4h-5V73.7a10 10 0 0 0 2.7-1.1L87.6 91l-.1.3A36 36 0 0 1 75.6 98z"/></svg>
<svg class="bk-icon -iconset-monument" height="128" style="display:none;" width="128" viewBox="0 0 128 128" role="presentation" aria-hidden="true" focusable="false"><path d="M96 116a4 4 0 0 1-4 4H36a4 4 0 0 1 0-8h56a4 4 0 0 1 4 4zm-46-12h28a2 2 0 0 0 2-2.1l-3.9-77.6a2 2 0 0 0-.4-1l-10-14.5a2 2 0 0 0-3.3 0L52.3 23.2a2 2 0 0 0-.4 1.1L48 102a2 2 0 0 0 2 2.1z"/></svg>
<svg class="bk-icon -iconset-triangle_down" height="128" style="display:none;" width="128" viewBox="0 0 128 128" role="presentation" aria-hidden="true" focusable="false"><path d="m40 56 24 24 24-24z"/></svg>
<svg class="bk-icon -iconset-magnifying_glass" height="128" style="display:none;" width="128" viewBox="0 0 128 128" role="presentation" aria-hidden="true" focusable="false"><path d="M118.8 113.2l-31-31A4 4 0 0 0 85 81a44 44 0 1 0-4 4 4 4 0 0 0 1.2 2.8l31 31a4 4 0 0 0 5.6-5.7zM52 88a36 36 0 1 1 36-36 36 36 0 0 1-36 36z"/></svg>
<svg class="bk-icon -streamline-magnifying_glass" height="24" style="display:none;" width="24" viewBox="0 0 24 24" role="presentation" aria-hidden="true" focusable="false"><path d="M17.464 6.56a8.313 8.313 0 1 1-15.302 6.504A8.313 8.313 0 0 1 17.464 6.56zm1.38-.586C16.724.986 10.963-1.339 5.974.781.988 2.9-1.337 8.662.783 13.65c2.12 4.987 7.881 7.312 12.87 5.192 4.987-2.12 7.312-7.881 5.192-12.87zM15.691 16.75l7.029 7.03a.75.75 0 0 0 1.06-1.06l-7.029-7.03a.75.75 0 0 0-1.06 1.06z"/></svg>
<svg class="bk-icon -streamline-close_circle" height="24" style="display:none;" width="24" viewBox="0 0 24 24" role="presentation" aria-hidden="true" focusable="false"><path d="M22.5 11.999c0 5.799-4.701 10.5-10.5 10.5s-10.5-4.701-10.5-10.5 4.701-10.5 10.5-10.5 10.5 4.701 10.5 10.5zm1.5 0c0-6.627-5.373-12-12-12s-12 5.373-12 12 5.373 12 12 12 12-5.373 12-12zm-15.97 5.03l9-9a.75.75 0 0 0-1.06-1.06l-9 9a.75.75 0 1 0 1.06 1.06zm9-1.06l-9-9a.75.75 0 0 0-1.06 1.06l9 9a.75.75 0 1 0 1.06-1.06z"/></svg>
<svg class="bk-icon -streamline-house" height="24" style="display:none;" width="24" viewBox="0 0 24 24" role="presentation" aria-hidden="true" focusable="false"><path d="M3 18v3.75A2.25 2.25 0 0 0 5.25 24h4.5a.75.75 0 0 0 .75-.75v-6a.75.75 0 0 1 .75-.75h1.5a.75.75 0 0 1 .75.75v6c0 .414.336.75.75.75h4.5A2.25 2.25 0 0 0 21 21.75V18a.75.75 0 0 0-1.5 0v3.75a.75.75 0 0 1-.75.75h-4.5l.75.75v-6A2.25 2.25 0 0 0 12.75 15h-1.5A2.25 2.25 0 0 0 9 17.25v6l.75-.75h-4.5a.75.75 0 0 1-.75-.75V18A.75.75 0 0 0 3 18zm-1.72-.97L11.47 6.841a.75.75 0 0 1 1.06 0l10.19 10.19a.75.75 0 1 0 1.06-1.061L13.591 5.78a2.25 2.25 0 0 0-3.182 0L.219 15.97a.75.75 0 1 0 1.061 1.06zm15.97-7.28v-1.5L16.5 9h3.75l-.75-.75v5.25a.75.75 0 0 0 1.5 0V8.25a.75.75 0 0 0-.75-.75H16.5a.75.75 0 0 0-.75.75v1.5a.75.75 0 0 0 1.5 0zM16.522.3l-.407.543a1.793 1.793 0 0 0 .279 2.461c.12.102.14.28.045.406l-.411.548a.75.75 0 1 0 1.2.9l.407-.543a1.793 1.793 0 0 0-.279-2.461.295.295 0 0 1-.045-.406l.411-.548a.75.75 0 1 0-1.2-.9zm3.75 0l-.407.543a1.793 1.793 0 0 0 .279 2.461c.12.102.14.28.045.406l-.411.548a.75.75 0 1 0 1.2.9l.407-.543a1.793 1.793 0 0 0-.279-2.461.295.295 0 0 1-.045-.406l.411-.548a.75.75 0 1 0-1.2-.9z"/></svg>
<svg class="bk-icon -streamline-city" height="24" style="display:none;" width="24" viewBox="0 0 24 24" role="presentation" aria-hidden="true" focusable="false"><path d="M2.75 6h9.5a.25.25 0 0 1-.25-.25v17.5l.75-.75H2.25l.75.75V5.75a.25.25 0 0 1-.25.25zm0-1.5c-.69 0-1.25.56-1.25 1.25v17.5c0 .414.336.75.75.75h10.5a.75.75 0 0 0 .75-.75V5.75c0-.69-.56-1.25-1.25-1.25h-9.5zm3-1.5h3.5A.25.25 0 0 1 9 2.75v2.5l.75-.75h-4.5l.75.75v-2.5a.25.25 0 0 1-.25.25zm0-1.5c-.69 0-1.25.56-1.25 1.25v2.5c0 .414.336.75.75.75h4.5a.75.75 0 0 0 .75-.75v-2.5c0-.69-.56-1.25-1.25-1.25h-3.5zM5.25 9h4.5a.75.75 0 0 0 0-1.5h-4.5a.75.75 0 0 0 0 1.5zm0 3h4.5a.75.75 0 0 0 0-1.5h-4.5a.75.75 0 0 0 0 1.5zm0 3h4.5a.75.75 0 0 0 0-1.5h-4.5a.75.75 0 0 0 0 1.5zm0 3h4.5a.75.75 0 0 0 0-1.5h-4.5a.75.75 0 0 0 0 1.5zm0 3h4.5a.75.75 0 0 0 0-1.5h-4.5a.75.75 0 0 0 0 1.5zM7.5.75v1.5a.75.75 0 0 0 1.5 0V.75a.75.75 0 0 0-1.5 0zM15.75 24h6a.75.75 0 0 0 .75-.75V10.5A1.5 1.5 0 0 0 21 9h-4.5a1.5 1.5 0 0 0-1.5 1.5v12.75a.75.75 0 0 0 1.5 0V10.5H21v12.75l.75-.75h-6a.75.75 0 0 0 0 1.5zM19.5 8.25v1.5a.75.75 0 0 0 1.5 0v-1.5a.75.75 0 0 0-1.5 0zM.75 24h22.5a.75.75 0 0 0 0-1.5H.75a.75.75 0 0 0 0 1.5z"/></svg>
<svg class="bk-icon -streamline-landmark" height="24" style="display:none;" width="24" viewBox="0 0 24 24" role="presentation" aria-hidden="true" focusable="false"><path d="M4.5 8.911h3l-.75-.75v9l.75-.75h-3l.75.75v-9l-.75.75zm0-1.5a.75.75 0 0 0-.75.75v9c0 .414.336.75.75.75h3a.75.75 0 0 0 .75-.75v-9a.75.75 0 0 0-.75-.75h-3zm6 1.5h3l-.75-.75v9l.75-.75h-3l.75.75v-9l-.75.75zm0-1.5a.75.75 0 0 0-.75.75v9c0 .414.336.75.75.75h3a.75.75 0 0 0 .75-.75v-9a.75.75 0 0 0-.75-.75h-3zm6 1.5h3l-.75-.75v9l.75-.75h-3l.75.75v-9l-.75.75zm0-1.5a.75.75 0 0 0-.75.75v9c0 .414.336.75.75.75h3a.75.75 0 0 0 .75-.75v-9a.75.75 0 0 0-.75-.75h-3zm4.5 12H3l.75.75v-2.25h16.5v2.25l.75-.75zm0 1.5a.75.75 0 0 0 .75-.75v-2.25a1.5 1.5 0 0 0-1.5-1.5H3.75a1.5 1.5 0 0 0-1.5 1.5v2.25c0 .414.336.75.75.75h18zm-19.5 3h21a.75.75 0 0 0 0-1.5h-21a.75.75 0 0 0 0 1.5zm0-3h21a.75.75 0 0 0 0-1.5h-21a.75.75 0 0 0 0 1.5zm18.75-15.75v2.25H3.75v-2.25l-.415.67L12 1.5l8.665 4.332-.415-.671zm1.5 0a.75.75 0 0 0-.415-.67L12.67.157a1.503 1.503 0 0 0-1.34 0L2.666 4.49a.75.75 0 0 0-.415.671v2.25a1.5 1.5 0 0 0 1.5 1.5h16.5a1.5 1.5 0 0 0 1.5-1.5v-2.25zM3 5.911h18a.75.75 0 0 0 0-1.5H3a.75.75 0 0 0 0 1.5z"/></svg>
<svg class="bk-icon -streamline-transport_airplane_depart" height="24" style="display:none;" width="24" viewBox="0 0 24 24" role="presentation" aria-hidden="true" focusable="false"><path d="M18.33 3.57L5.7 9.955l.79.07-1.96-1.478a.75.75 0 0 0-.753-.087l-2.1.925C.73 9.856.359 10.967.817 11.88c.11.22.263.417.45.577l3.997 3.402a2.94 2.94 0 0 0 3.22.4l3.62-1.8-1.084-.671v5.587a1.833 1.833 0 0 0 2.654 1.657l1.88-.932a1.85 1.85 0 0 0 .975-1.226l1.87-7.839-.396.498 3.441-1.707a3.494 3.494 0 1 0-3.11-6.259zm.672 1.342a1.994 1.994 0 0 1 1.775 3.571l-3.44 1.707a.75.75 0 0 0-.396.498l-1.87 7.838a.35.35 0 0 1-.185.232l-1.88.932a.335.335 0 0 1-.486-.304V13.79a.75.75 0 0 0-1.084-.672l-3.62 1.8a1.44 1.44 0 0 1-1.578-.197l-3.997-3.402a.35.35 0 0 1 .073-.577l2.067-.91-.754-.087 1.96 1.478a.75.75 0 0 0 .79.07l12.63-6.383zm-3.272.319l-4.46-2.26a1.852 1.852 0 0 0-1.656-.001l-1.846.912a1.85 1.85 0 0 0-.295 3.128l2.573 1.955a.75.75 0 1 0 .908-1.194L8.38 5.816a.35.35 0 0 1 .055-.591l1.845-.912a.351.351 0 0 1 .315 0l4.456 2.256a.75.75 0 0 0 .678-1.338z"/></svg>
<svg class="bk-icon -streamline-attractions" height="24" style="display:none;" width="24" viewBox="0 0 24 24" role="presentation" aria-hidden="true" focusable="false"><path d="M13.5 3a1.5 1.5 0 1 1-3 0 1.5 1.5 0 0 1 3 0zM15 3a3 3 0 1 0-6 0 3 3 0 0 0 6 0zm6 4.5a1.5 1.5 0 1 1-3 0 1.5 1.5 0 0 1 3 0zm1.5 0a3 3 0 1 0-6 0 3 3 0 0 0 6 0zM6 7.5a1.5 1.5 0 1 1-3 0 1.5 1.5 0 0 1 3 0zm1.5 0a3 3 0 1 0-6 0 3 3 0 0 0 6 0zM21 15a1.5 1.5 0 1 1-3 0 1.5 1.5 0 0 1 3 0zm1.5 0a3 3 0 1 0-6 0 3 3 0 0 0 6 0zm-9-3.75a1.5 1.5 0 1 1-3 0 1.5 1.5 0 0 1 3 0zm1.5 0a3 3 0 1 0-6 0 3 3 0 0 0 6 0zM6 15a1.5 1.5 0 1 1-3 0 1.5 1.5 0 0 1 3 0zm1.5 0a3 3 0 1 0-6 0 3 3 0 0 0 6 0zm10.066 1.277a7.5 7.5 0 0 1-3.077 2.05.75.75 0 0 0 .498 1.415 9 9 0 0 0 3.693-2.46.75.75 0 1 0-1.114-1.005zm1.798-6.466c.177.922.183 1.869.015 2.792a.75.75 0 1 0 1.476.268c.2-1.106.194-2.24-.019-3.344a.75.75 0 1 0-1.472.284zm-5.337-5.784a7.5 7.5 0 0 1 3.54 2.196.75.75 0 0 0 1.113-1.004 9.002 9.002 0 0 0-4.247-2.636.75.75 0 1 0-.406 1.444zM6.434 6.223a7.5 7.5 0 0 1 3.539-2.196.75.75 0 1 0-.406-1.444A9.001 9.001 0 0 0 5.32 5.219a.75.75 0 0 0 1.114 1.004zM4.636 12.69a7.602 7.602 0 0 1 0-2.878.75.75 0 1 0-1.472-.284 9.102 9.102 0 0 0 0 3.446.75.75 0 0 0 1.472-.284zm4.876 5.639a7.517 7.517 0 0 1-3.035-2.005.75.75 0 0 0-1.106 1.014 9.017 9.017 0 0 0 3.641 2.405.75.75 0 1 0 .5-1.414zM7.31 21.872A1.5 1.5 0 0 0 8.672 24h6.656a1.5 1.5 0 0 0 1.362-2.128l-3.314-8.217c-.361-.785-1.252-1.114-2.005-.767a1.5 1.5 0 0 0-.733.734l-3.343 8.283zm1.377.595l3.328-8.25-.015.033 3.313 8.217.015.033H8.672z"/></svg>
<svg class="bk-icon -streamline-pin" height="24" style="display:none;" width="24" viewBox="0 0 24 24" role="presentation" aria-hidden="true" focusable="false"><path d="M15.25 7.5a3.75 3.75 0 1 1-7.5 0 3.75 3.75 0 0 1 7.5 0zm1.5 0a5.25 5.25 0 1 0-10.5 0 5.25 5.25 0 0 0 10.5 0zm-5.625-.75a.375.375 0 0 1-.375-.375.75.75 0 0 0 1.5 0c0-.621-.504-1.125-1.125-1.125a.75.75 0 0 0 0 1.5zm.375-.375a.375.375 0 0 1-.375.375.75.75 0 0 0 0-1.5c-.621 0-1.125.504-1.125 1.125a.75.75 0 0 0 1.5 0zM11.125 6c.207 0 .375.168.375.375a.75.75 0 0 0-1.5 0c0 .621.504 1.125 1.125 1.125a.75.75 0 0 0 0-1.5zm-.375.375c0-.207.168-.375.375-.375a.75.75 0 0 0 0 1.5c.621 0 1.125-.504 1.125-1.125a.75.75 0 0 0-1.5 0zm0 5.625v9a.75.75 0 0 0 1.5 0v-9a.75.75 0 0 0-1.5 0z"/></svg>
<svg class="bk-icon -streamline-plus" height="24" style="display:none;" width="24" viewBox="0 0 24 24" role="presentation" aria-hidden="true" focusable="false"><path d="M20.25 11.25h-7.5v-7.5a.75.75 0 0 0-1.5 0v7.5h-7.5a.75.75 0 0 0 0 1.5h7.5v7.5a.75.75 0 0 0 1.5 0v-7.5h7.5a.75.75 0 0 0 0-1.5z"/></svg>
<svg class="bk-icon -streamline-close" height="24" style="display:none;" width="24" viewBox="0 0 24 24" role="presentation" aria-hidden="true" focusable="false"><path d="M13.31 12l6.89-6.89a.93.93 0 1 0-1.31-1.31L12 10.69 5.11 3.8A.93.93 0 0 0 3.8 5.11L10.69 12 3.8 18.89a.93.93 0 0 0 1.31 1.31L12 13.31l6.89 6.89a.93.93 0 1 0 1.31-1.31z"/></svg>
<svg class="bk-icon -streamline-transport_metro" height="24" style="display:none;" width="24" viewBox="0 0 24 24" role="presentation" aria-hidden="true" focusable="false"><path d="M1.316 23.755l2.37-2.73a.75.75 0 0 0-1.132-.983l-2.37 2.73a.75.75 0 0 0 1.132.983zm22.5-.984l-2.37-2.729a.75.75 0 0 0-1.132.984l2.37 2.729a.75.75 0 0 0 1.132-.984zM21 9.013c0 5.765-4.036 12-9 12s-9-6.235-9-12c0-4.636 3.3-7.5 9-7.5s9 2.864 9 7.5zm1.5 0c0-5.516-4.016-9-10.5-9s-10.5 3.484-10.5 9c0 6.492 4.536 13.5 10.5 13.5s10.5-7.008 10.5-13.5zm-10.483 13.5a8.728 8.728 0 0 0 6.503-3.132.75.75 0 0 0 .162-.615c-.476-2.615-3.338-4.502-6.682-4.502-3.344 0-6.208 1.887-6.682 4.502a.75.75 0 0 0 .162.615 8.728 8.728 0 0 0 6.503 3.132zm0-1.5a7.228 7.228 0 0 1-5.385-2.594l.162.615c.33-1.822 2.527-3.27 5.206-3.27 2.679 0 4.875 1.448 5.206 3.27l.162-.615a7.228 7.228 0 0 1-5.385 2.594zm3.733-16.5h-7.5a3 3 0 0 0 0 6h7.5a3 3 0 1 0 0-6zm0 1.5a1.5 1.5 0 0 1 0 3h-7.5a1.5 1.5 0 1 1 0-3h7.5z"/></svg>
<svg class="bk-icon -streamline-distance" height="24" style="display:none;" width="24" viewBox="0 0 24 24" role="presentation" aria-hidden="true" focusable="false"><path d="M22.5 4.5c0 1.127-1.484 3.863-3.312 6.622a.375.375 0 0 1 .625 0C17.993 8.38 16.5 5.627 16.5 4.5a3 3 0 1 1 6 0zm1.5 0a4.5 4.5 0 1 0-9 0c0 1.574 1.512 4.362 3.563 7.45a1.126 1.126 0 0 0 1.875 0C22.498 8.842 24 6.074 24 4.5zm-4.5.375a.375.375 0 0 1-.375-.375.75.75 0 0 0 1.5 0c0-.621-.504-1.125-1.125-1.125a.75.75 0 0 0 0 1.5zm.375-.375a.375.375 0 0 1-.375.375.75.75 0 0 0 0-1.5c-.621 0-1.125.504-1.125 1.125a.75.75 0 0 0 1.5 0zm-.375-.375c.207 0 .375.168.375.375a.75.75 0 0 0-1.5 0c0 .621.504 1.125 1.125 1.125a.75.75 0 0 0 0-1.5zm-.375.375c0-.207.168-.375.375-.375a.75.75 0 0 0 0 1.5c.621 0 1.125-.504 1.125-1.125a.75.75 0 0 0-1.5 0zM5.25 13.125a.375.375 0 0 1-.375-.375.75.75 0 0 0 1.5 0c0-.621-.504-1.125-1.125-1.125a.75.75 0 0 0 0 1.5zm.375-.375a.375.375 0 0 1-.375.375.75.75 0 0 0 0-1.5c-.621 0-1.125.504-1.125 1.125a.75.75 0 0 0 1.5 0zm-.375-.375c.207 0 .375.168.375.375a.75.75 0 0 0-1.5 0c0 .621.504 1.125 1.125 1.125a.75.75 0 0 0 0-1.5zm-.375.375c0-.207.168-.375.375-.375a.75.75 0 0 0 0 1.5c.621 0 1.125-.504 1.125-1.125a.75.75 0 0 0-1.5 0zM5.25 9A3.75 3.75 0 0 1 9 12.75c0 1.302-1.62 3.954-3.75 6.676-2.132-2.728-3.75-5.374-3.75-6.676A3.75 3.75 0 0 1 5.25 9zm0-1.5A5.25 5.25 0 0 0 0 12.75c0 1.797 1.677 4.54 4.068 7.6a1.5 1.5 0 0 0 2.364 0c2.387-3.052 4.068-5.802 4.068-7.6 0-2.9-2.35-5.25-5.25-5.25zm1.907 16.38l12.75-8.25a.75.75 0 1 0-.814-1.26l-12.75 8.25a.75.75 0 0 0 .814 1.26z"/></svg>
<svg class="bk-icon -streamline-arrow_menu" height="24" style="display:none;" width="24" viewBox="0 0 24 24" role="presentation" aria-hidden="true" focusable="false"><path d="M12 20.09a1.24 1.24 0 0 1-.88-.36L6 14.61a.75.75 0 1 1 1.06-1.06L12 18.49l4.94-4.94A.75.75 0 0 1 18 14.61l-5.12 5.12a1.24 1.24 0 0 1-.88.36zm6-9.46a.75.75 0 0 0 0-1.06l-5.12-5.11a1.24 1.24 0 0 0-1.754-.006l-.006.006L6 9.57a.75.75 0 0 0 0 1.06.74.74 0 0 0 1.06 0L12 5.7l4.94 4.93a.73.73 0 0 0 .53.22c.2 0 .39-.078.53-.22z"/></svg>
<svg class="bk-icon -streamline-heart_outline" height="24" style="display:none;" width="24" viewBox="0 0 24 24" role="presentation" aria-hidden="true" focusable="false"><path d="M12.541 21.325l-9.588-10a4.923 4.923 0 1 1 6.95-6.976l1.567 1.566a.75.75 0 0 0 1.06 0l1.566-1.566a4.923 4.923 0 0 1 6.963 6.962l-9.6 10.014h1.082zm-1.082 1.038a.75.75 0 0 0 1.082 0l9.59-10.003a6.418 6.418 0 0 0-.012-9.07 6.423 6.423 0 0 0-9.083-.001L11.47 4.854h1.06l-1.566-1.566a6.423 6.423 0 1 0-9.082 9.086l9.577 9.99z"/></svg>
<svg class="bk-icon -streamline-heart" height="24" style="display:none;" width="24" viewBox="0 0 24 24" role="presentation" aria-hidden="true" focusable="false"><path d="M23.3 5.076a6.582 6.582 0 0 0-10.446-1.71L12 4.147l-.827-.753a6.522 6.522 0 0 0-5.688-1.806A6.472 6.472 0 0 0 .7 5.075a6.4 6.4 0 0 0 1.21 7.469l9.373 9.656a1 1 0 0 0 1.434 0l9.36-9.638A6.414 6.414 0 0 0 23.3 5.076z"/></svg>
<svg class="bk-icon -streamline-info_sign" height="24" style="display:none;" width="24" viewBox="0 0 24 24" role="presentation" aria-hidden="true" focusable="false"><path d="M14.25 15.75h-.75a.75.75 0 0 1-.75-.75v-3.75a1.5 1.5 0 0 0-1.5-1.5h-.75a.75.75 0 0 0 0 1.5h.75V15a2.25 2.25 0 0 0 2.25 2.25h.75a.75.75 0 0 0 0-1.5zM11.625 6a1.125 1.125 0 1 0 0 2.25 1.125 1.125 0 0 0 0-2.25.75.75 0 0 0 0 1.5.375.375 0 1 1 0-.75.375.375 0 0 1 0 .75.75.75 0 0 0 0-1.5zM22.5 12c0 5.799-4.701 10.5-10.5 10.5S1.5 17.799 1.5 12 6.201 1.5 12 1.5 22.5 6.201 22.5 12zm1.5 0c0-6.627-5.373-12-12-12S0 5.373 0 12s5.373 12 12 12 12-5.373 12-12z"/></svg>
<svg class="bk-icon -streamline-transport_bike" height="24" style="display:none;" width="24" viewBox="0 0 24 24" role="presentation" aria-hidden="true" focusable="false"><path d="M16.5 3.75a1.5 1.5 0 1 1-3 0 1.5 1.5 0 0 1 3 0zm1.5 0a3 3 0 1 0-6 0 3 3 0 0 0 6 0zm-10.5 15a3 3 0 1 1-6 0 3 3 0 0 1 6 0zm1.5 0a4.5 4.5 0 1 0-9 0 4.5 4.5 0 0 0 9 0zm13.5 0a3 3 0 1 1-6 0 3 3 0 0 1 6 0zm1.5 0a4.5 4.5 0 1 0-9 0 4.5 4.5 0 0 0 9 0zm-12 .75a.75.75 0 0 1-.75-.75 6.734 6.734 0 0 0-3.642-5.994.75.75 0 0 1-.167-1.207l4.043-3.842a.75.75 0 0 1 1.187.208c.062.116.143.252.263.429.197.289.429.577.697.848.8.809 1.758 1.308 2.869 1.308a.75.75 0 0 1 0 1.5 5.564 5.564 0 0 1-4.137-1.966.75.75 0 0 0-1.089-.058l-1.452 1.38a.75.75 0 0 0 .031 1.116 8.22 8.22 0 0 1 2.897 6.277.75.75 0 0 1-.75.751zm0 1.5a2.25 2.25 0 0 0 2.25-2.25 9.72 9.72 0 0 0-3.425-7.421l.03 1.114 1.453-1.38-1.089-.059a7.07 7.07 0 0 0 5.268 2.496A2.25 2.25 0 1 0 16.5 9c-.656 0-1.26-.315-1.803-.863a4.554 4.554 0 0 1-.695-.914 2.25 2.25 0 0 0-3.552-.604l-4.043 3.842a2.25 2.25 0 0 0 .51 3.626 5.236 5.236 0 0 1 2.833 4.662A2.25 2.25 0 0 0 12 21z"/></svg>
<svg class="bk-icon -streamline-spa" height="24" style="display:none;" width="24" viewBox="0 0 24 24" role="presentation" aria-hidden="true" focusable="false"><path d="M11.72 14.295A7.35 7.35 0 0 1 8.997 8.85a7.148 7.148 0 0 1 2.25-4.972c.005-.005-.004-.005-.01-.01a7.173 7.173 0 0 1 2.261 5.03 7.332 7.332 0 0 1-2.722 5.397h.944zm-.944 1.166a.75.75 0 0 0 .944 0 8.85 8.85 0 0 0 3.277-6.555 8.683 8.683 0 0 0-2.72-6.12 1.482 1.482 0 0 0-2.069.01 8.658 8.658 0 0 0-2.71 6.062 8.869 8.869 0 0 0 3.278 6.603zm3.813-7.013A7.807 7.807 0 0 1 19.023 7.1l.003-.001a7.17 7.17 0 0 1-1.959 5.142 7.332 7.332 0 0 1-5.74 1.891.75.75 0 0 0-.158 1.492 8.85 8.85 0 0 0 6.953-2.318 8.68 8.68 0 0 0 2.404-6.233A1.495 1.495 0 0 0 19.029 5.6a9.304 9.304 0 0 0-5.282 1.608.75.75 0 1 0 .842 1.24zM8.75 7.221A9.239 9.239 0 0 0 3.417 5.6c-.815-.001-1.484.664-1.49 1.488a8.652 8.652 0 0 0 2.37 6.184 8.95 8.95 0 0 0 7.031 2.35.75.75 0 1 0-.158-1.49 7.431 7.431 0 0 1-5.82-1.927 7.142 7.142 0 0 1-1.923-5.091L3.426 7.1a7.746 7.746 0 0 1 4.476 1.357.75.75 0 0 0 .848-1.236zm-4.944 3.966c-2.223.948-3.808 2.716-3.808 4.441 0 3.47 5.422 6 12 6a22.404 22.404 0 0 0 6.977-1.047.75.75 0 0 0 .523-.715v-3.488l-.75.75h4.383a.75.75 0 0 0 .715-.524c.1-.315.15-.643.152-.973 0-2.068-1.986-3.858-5.079-4.944a.75.75 0 1 0-.497 1.416c2.56.898 4.076 2.265 4.076 3.525 0 .176-.028.354-.082.524l.715.226v-.75h-4.383a.75.75 0 0 0-.75.75v3.488l.523-.715a20.922 20.922 0 0 1-6.516.977c-5.856 0-10.507-2.17-10.507-4.5 0-1.02 1.17-2.325 2.896-3.061a.75.75 0 0 0-.588-1.38z"/></svg>
<svg class="bk-icon -streamline-food" height="24" style="display:none;" width="24" viewBox="0 0 24 24" role="presentation" aria-hidden="true" focusable="false"><path d="M5.999.75v22.5a.75.75 0 0 0 1.5 0V.75a.75.75 0 0 0-1.5 0zm3 0V7.5a2.259 2.259 0 0 1-2.252 2.25 2.258 2.258 0 0 1-2.248-2.252V.75a.75.75 0 0 0-1.5 0V7.5a3.76 3.76 0 0 0 3.748 3.75 3.76 3.76 0 0 0 3.752-3.748V.75a.75.75 0 0 0-1.5 0zm6.75 15.75h3c1.183.046 2.203-.9 2.25-2.111a2.22 2.22 0 0 0 0-.168c-.25-6.672-.828-9.78-3.231-13.533a1.508 1.508 0 0 0-2.77.81V23.25a.75.75 0 0 0 1.5 0V1.503c0 .003.001 0 .003 0a.006.006 0 0 1 .008.002c2.21 3.45 2.75 6.354 2.99 12.773v.053a.696.696 0 0 1-.721.67L15.749 15a.75.75 0 0 0 0 1.5z"/></svg>
<svg class="bk-icon -streamline-minus" height="24" style="display:none;" width="24" viewBox="0 0 24 24" role="presentation" aria-hidden="true" focusable="false"><path d="M20.25 12.75H3.75a.75.75 0 0 1 0-1.5h16.5a.75.75 0 0 1 0 1.5z"/></svg>
<svg class="bk-icon -streamline-beach" height="24" style="display:none;" width="24" viewBox="0 0 24 24" role="presentation" aria-hidden="true" focusable="false"><path d="M.153 22.237l.85 1.117c.634.76 1.724.856 2.456.244.078-.066.15-.138.216-.217l.944-1.132a.228.228 0 0 1 .349.001l.944 1.13a1.728 1.728 0 0 0 2.651.001l.944-1.132a.228.228 0 0 1 .349.001l.95 1.132a1.728 1.728 0 0 0 2.65 0l.942-1.133a.228.228 0 0 1 .349.001l.942 1.13a1.728 1.728 0 0 0 2.651.001l.944-1.132a.228.228 0 0 1 .349.001l.94 1.13a1.728 1.728 0 0 0 2.652.001l.585-.7a.75.75 0 1 0-1.15-.962l-.585.7a.228.228 0 0 1-.35 0l-.94-1.13a1.728 1.728 0 0 0-2.652-.001l-.944 1.132a.228.228 0 0 1-.349-.001l-.942-1.13a1.728 1.728 0 0 0-2.651-.001l-.943 1.132a.228.228 0 0 1-.348-.001l-.95-1.132a1.726 1.726 0 0 0-2.65 0l-.944 1.133a.228.228 0 0 1-.349-.001l-.944-1.13a1.728 1.728 0 0 0-2.65 0l-.945 1.13a.228.228 0 0 1-.349-.001l-.828-1.09a.75.75 0 1 0-1.194.91zm11.335-2.68A7.161 7.161 0 0 1 15.77 18h7.481a.75.75 0 0 0 0-1.5h-7.5a8.673 8.673 0 0 0-5.196 1.884.75.75 0 1 0 .934 1.174zM22.285 7.969a1.729 1.729 0 0 0 .781-2.711C19.43.713 12.8-.022 8.256 3.614a10.536 10.536 0 0 0-3.952 8.171A1.73 1.73 0 0 0 6.6 13.427l15.684-5.459zm-.494-1.416L6.107 12.01a.229.229 0 0 1-.304-.218 9.036 9.036 0 0 1 16.09-5.599.228.228 0 0 1-.102.359zm-9.459-4.2L11.69.504a.75.75 0 1 0-1.416.492l.643 1.848a.75.75 0 1 0 1.416-.492zm1.156 7.883l2.527 7.262a.75.75 0 1 0 1.416-.494l-2.527-7.26a.75.75 0 1 0-1.416.492z"/></svg>
<svg class="bk-icon -streamline-skilift" height="24" style="display:none;" width="24" viewBox="0 0 24 24" role="presentation" aria-hidden="true" focusable="false"><path d="M12.75 22.5h-.766a5.234 5.234 0 0 1-5.234-5.234V10.5c0-2.9 2.35-5.25 5.25-5.25a.75.75 0 0 0 .75-.75V1.875a.75.75 0 0 0-1.5 0V4.5l.75-.75a6.75 6.75 0 0 0-6.75 6.75v6.766A6.734 6.734 0 0 0 11.984 24h.766a.75.75 0 0 0 0-1.5zm1.125-13.125a1.875 1.875 0 1 1-3.75 0 1.875 1.875 0 0 1 3.75 0zm1.5 0a3.375 3.375 0 1 0-6.75 0 3.375 3.375 0 0 0 6.75 0zM.825 3.746l22.5-2.25a.75.75 0 0 0-.15-1.492l-22.5 2.25a.75.75 0 0 0 .15 1.492zM17.25 22.5a.75.75 0 0 1-.75-.75v-1.5a.75.75 0 0 0-.75-.75h-3a2.25 2.25 0 0 1-2.25-2.25V15a.75.75 0 0 1 1.5 0v2.25c0 .414.336.75.75.75h3A2.25 2.25 0 0 1 18 20.25v1.5a.75.75 0 0 1-.75.75zm0 1.5a2.25 2.25 0 0 0 2.25-2.25v-1.5a3.75 3.75 0 0 0-3.75-3.75h-3l.75.75V15A2.25 2.25 0 0 0 9 15v2.25A3.75 3.75 0 0 0 12.75 21h3l-.75-.75v1.5A2.25 2.25 0 0 0 17.25 24z"/></svg>
<div class="map_full_overlay__wrapper">
<div class="map_full_overlay__mask"></div>
<div role="button" class="map_full_overlay__close" tabindex="0" aria-label="Close map"></div>
<div class="map_with_list__container">
<div class="map_left_filters__container">
<div class="map_left_filters"></div>
</div>
<div class="map_left_cards map_left_cards--v2">
<div data-capla-component-boundary="b-search-web-searchresults/PropertiesListMap"><div class="b7d7ae581d"><div class="bb284f2fda" data-testid="loader-container"><div class="a4dea99de5"><div class="f2308392f4"><div class="a9932a3e99 ba4e4ce302 bc91340c18" role="progressbar"><div class="dec0078e7c"></div></div></div><div class="ccb65902b2 e37243b5e9">Loading properties...</div></div></div><div></div></div></div>
</div>
<div class="map_left_cards__collapse__button"></div>
<div id="b_map_container" class="b_map_br_zoom b_map_custom_zoom map_view" role="dialog" aria-modal="true" aria-label="Map View">
<div class="b_map_controls_container"></div>
<div id="js_searchbox_placeholder"></div>
<div id="b_map_tiles" >
<div id="b_gmap_inner"></div>
<div id="b_overlay"></div>
<div id="map_detail_overlay"></div>
</div>
<div id="b_map_legend_html"></div>
</div>
</div>
</div>
<div style="display: none;">
<svg class="bk-icon -fonticon-aclose" height="32" width="36" viewBox="0 0 36 32" role="presentation" aria-hidden="true" focusable="false">
  <path d="M34 3.2L30.8 0 18 12.8 5.2 0 2 3.2 14.8 16 2 28.8 5.2 32 18 19.2 30.8 32l3.2-3.2L21.2 16 34 3.2z"/>
</svg>
<svg class="bk-icon -fonticon-downchevron" height="32" width="51" viewBox="0 0 51 32" role="presentation" aria-hidden="true" focusable="false">
  <path d="M45.1.2L25.7 19.7 6.3.2 0 6.5l25.7 25.7L51.4 6.5z"/>
</svg>
<svg class="bk-icon -fonticon-upchevron" height="32" width="51" viewBox="0 0 51 32" role="presentation" aria-hidden="true" focusable="false">
  <path d="M6.3 32.2l19.4-19.5 19.4 19.5 6.3-6.3L25.7.2 0 25.9z"/>
</svg>
<svg class="bk-icon -fonticon-checkempty" height="32" width="32" viewBox="0 0 32 32" role="presentation" aria-hidden="true" focusable="false">
  <path d="M16 30c7.732 0 14-6.268 14-14S23.732 2 16 2 2 8.268 2 16s6.268 14 14 14zm0 2C7.163 32 0 24.837 0 16S7.163 0 16 0s16 7.163 16 16-7.163 16-16 16z"/>
</svg>
<svg class="bk-icon -fonticon-checkno2" height="32" width="32" viewBox="0 0 32 32" role="presentation" aria-hidden="true" focusable="false">
  <path d="M16 30c7.732 0 14-6.268 14-14S23.732 2 16 2 2 8.268 2 16s6.268 14 14 14zm0 2C7.163 32 0 24.837 0 16S7.163 0 16 0s16 7.163 16 16-7.163 16-16 16z"/>
  <path d="M24.587 11.039L13.825 21.583c-.054.09-.12.182-.208.271l-.504.505c-.278.278-.607.403-.733.276l-5.125-5.366c-.126-.126-.002-.454.276-.732l.504-.505c.279-.279.607-.403.733-.277l3.842 4.022L23.073 9.525a.715.715 0 0 1 1.009 0l.505.505a.715.715 0 0 1 0 1.009z"/>
</svg>
</div>
<span id="req_info" style="display:none;">1802880|4,1792820,1800860,1802880</span>
</body>
</html>
<div class="invisible_spoken" aria-live="assertive" role="alert" aria-atomic="true" aria-relevant="all" id="aria-live-assertive"></div>
at org.openqa.selenium.json.Json.toType(Json.java:57)
at org.openqa.selenium.json.Json.toType(Json.java:50)
at org.openqa.selenium.remote.ProtocolHandshake.createSession(ProtocolHandshake.java:122)
... 34 more
Caused by: org.openqa.selenium.json.JsonException: Unable to determine type from: <. Last 1 characters read: <
Build info: version: '4.12.1', revision: '8e34639b11'
System info: os.name: 'Windows 11', os.arch: 'amd64', os.version: '10.0', java.version: '11.0.17'
Driver info: driver.version: AndroidDriver
at org.openqa.selenium.json.JsonInput.peek(JsonInput.java:126)
at org.openqa.selenium.json.JsonTypeCoercer.lambda$buildCoercer$6(JsonTypeCoercer.java:141)
at org.openqa.selenium.json.JsonTypeCoercer.coerce(JsonTypeCoercer.java:127)
at org.openqa.selenium.json.Json.toType(Json.java:71)
at org.openqa.selenium.json.Json.toType(Json.java:55)
... 36 more
]]>
    </error>
  </testcase> <!-- setup -->
  <system-out/>
  <testcase classname="org.meto.appium.tests.TFCustomerGuarantor" name="FillCustomerGuarantor" time="0.000">
    <skipped/>
  </testcase> <!-- FillCustomerGuarantor -->
  <system-out/>
</testsuite> <!-- org.meto.appium.tests.TFCustomerGuarantor -->
